This file contains any messages produced by compilers while
running configure, to aid debugging if configure makes a mistake.

It was created by libXrandr configure 1.2.3, which was
generated by GNU Autoconf 2.61.  Invocation command line was

  $ ./configure 

## --------- ##
## Platform. ##
## --------- ##

hostname = Chriss-iPad
uname -m = iPad1,1
uname -r = 10.4.0
uname -s = Darwin
uname -v = Darwin Kernel Version 10.4.0: Wed Oct 20 20:14:45 PDT 2010; root:xnu-1504.58.28~3/RELEASE_ARM_S5L8930X

/usr/bin/uname -p = unknown
/bin/uname -X     = unknown

/bin/arch              = unknown
/usr/bin/arch -k       = unknown
/usr/convex/getsysinfo = unknown
/usr/bin/hostinfo      = Mach kernel version:
	 Darwin Kernel Version 10.4.0: Wed Oct 20 20:14:45 PDT 2010; root:xnu-1504.58.28~3/RELEASE_ARM_S5L8930X
Kernel configured for a single processor only.
1 processor is physically available.
1 processor is logically available.
Processor type: armv7 (arm v7)
Processor active: 0
Primary memory available: 247.00 megabytes
Default processor set: 36 tasks, 232 threads, 1 processors
Load average: 3.12, Mach factor: 0.24
/bin/machine           = unknown
/usr/bin/oslevel       = unknown
/bin/universe          = unknown

PATH: /usr/local/sbin
PATH: /usr/local/bin
PATH: /usr/sbin
PATH: /usr/bin
PATH: /sbin
PATH: /bin
PATH: /usr/bin/X11
PATH: /usr/games
PATH: /var/mobile/ocaml-3.12.0/bin


## ----------- ##
## Core tests. ##
## ----------- ##

configure:2019: checking for a BSD-compatible install
configure:2075: result: /usr/bin/install -c
configure:2086: checking whether build environment is sane
configure:2129: result: yes
configure:2157: checking for a thread-safe mkdir -p
configure:2196: result: /bin/mkdir -p
configure:2209: checking for gawk
configure:2225: found /usr/bin/gawk
configure:2236: result: gawk
configure:2247: checking whether make sets $(MAKE)
configure:2268: result: yes
configure:2456: checking whether to enable maintainer-specific portions of Makefiles
configure:2465: result: no
configure:2531: checking for gcc
configure:2558: result: /usr/bin/gcc
configure:2796: checking for C compiler version
configure:2803: /usr/bin/gcc --version >&5
gcc (GCC) 4.2.1 (Based on Apple Inc. build 5555)
Copyright (C) 2007 Free Software Foundation, Inc.
This is free software; see the source for copying conditions.  There is NO
warranty; not even for MERCHANTABILITY or FITNESS FOR A PARTICULAR PURPOSE.

configure:2806: $? = 0
configure:2813: /usr/bin/gcc -v >&5
Using built-in specs.
Target: arm-apple-darwin9
Configured with: ../llvm-gcc-4.2/configure --build=x86_64-unknown-linux-gnu --host=arm-apple-darwin9 --enable-static=no --enable-shared=yes --prefix=/usr --localstatedir=/var/cache/iphone-gcc --enable-languages=c,c++,objc,obj-c++ --enable-wchar_t=no --with-gxx-include-dir=/usr/include/c++/4.0.0
Thread model: posix
gcc version 4.2.1 (Based on Apple Inc. build 5555)
configure:2816: $? = 0
configure:2823: /usr/bin/gcc -V >&5
gcc: '-V' option must have argument
configure:2826: $? = 1
configure:2849: checking for C compiler default output file name
configure:2876: /usr/bin/gcc    conftest.c  >&5
configure:2879: $? = 0
configure:2917: result: a.out
configure:2934: checking whether the C compiler works
configure:2944: ./a.out
configure:2947: $? = 0
configure:2964: result: yes
configure:2971: checking whether we are cross compiling
configure:2973: result: no
configure:2976: checking for suffix of executables
configure:2983: /usr/bin/gcc -o conftest    conftest.c  >&5
configure:2986: $? = 0
configure:3010: result: 
configure:3016: checking for suffix of object files
configure:3042: /usr/bin/gcc -c   conftest.c >&5
configure:3045: $? = 0
configure:3068: result: o
configure:3072: checking whether we are using the GNU C compiler
configure:3101: /usr/bin/gcc -c   conftest.c >&5
configure:3107: $? = 0
configure:3124: result: yes
configure:3129: checking whether /usr/bin/gcc accepts -g
configure:3159: /usr/bin/gcc -c -g  conftest.c >&5
configure:3165: $? = 0
configure:3264: result: yes
configure:3281: checking for /usr/bin/gcc option to accept ISO C89
configure:3355: /usr/bin/gcc  -c -g -O2  conftest.c >&5
configure:3361: $? = 0
configure:3384: result: none needed
configure:3413: checking for style of include used by make
configure:3441: result: GNU
configure:3466: checking dependency style of /usr/bin/gcc
configure:3557: result: gcc3
configure:3650: checking build system type
configure:3668: result: arm-apple-darwin10.4.0
configure:3690: checking host system type
configure:3705: result: arm-apple-darwin10.4.0
configure:3727: checking for a sed that does not truncate output
configure:3783: result: /bin/sed
configure:3786: checking for grep that handles long lines and -e
configure:3860: result: /bin/grep
configure:3865: checking for egrep
configure:3943: result: /bin/grep -E
configure:3959: checking for ld used by /usr/bin/gcc
configure:4026: result: /usr/bin/ld
configure:4035: checking if the linker (/usr/bin/ld) is GNU ld
configure:4050: result: no
configure:4055: checking for /usr/bin/ld option to reload object files
configure:4062: result: -r
configure:4080: checking for BSD-compatible nm
configure:4129: result: /usr/bin/nm -p
configure:4133: checking whether ln -s works
configure:4137: result: yes
configure:4144: checking how to recognize dependent libraries
configure:4330: result: pass_all
configure:4572: checking how to run the C preprocessor
configure:4612: /usr/bin/gcc -E  conftest.c
configure:4618: $? = 0
configure:4649: /usr/bin/gcc -E  conftest.c
conftest.c:10:28: error: ac_nonexistent.h: No such file or directory
configure:4655: $? = 1
configure: failed program was:
| /* confdefs.h.  */
| #define PACKAGE_NAME "libXrandr"
| #define PACKAGE_TARNAME "libXrandr"
| #define PACKAGE_VERSION "1.2.3"
| #define PACKAGE_STRING "libXrandr 1.2.3"
| #define PACKAGE_BUGREPORT "https://bugs.freedesktop.org/enter_bug.cgi?product=xorg"
| #define PACKAGE "libXrandr"
| #define VERSION "1.2.3"
| /* end confdefs.h.  */
| #include <ac_nonexistent.h>
configure:4688: result: /usr/bin/gcc -E
configure:4717: /usr/bin/gcc -E  conftest.c
configure:4723: $? = 0
configure:4754: /usr/bin/gcc -E  conftest.c
conftest.c:10:28: error: ac_nonexistent.h: No such file or directory
configure:4760: $? = 1
configure: failed program was:
| /* confdefs.h.  */
| #define PACKAGE_NAME "libXrandr"
| #define PACKAGE_TARNAME "libXrandr"
| #define PACKAGE_VERSION "1.2.3"
| #define PACKAGE_STRING "libXrandr 1.2.3"
| #define PACKAGE_BUGREPORT "https://bugs.freedesktop.org/enter_bug.cgi?product=xorg"
| #define PACKAGE "libXrandr"
| #define VERSION "1.2.3"
| /* end confdefs.h.  */
| #include <ac_nonexistent.h>
configure:4798: checking for ANSI C header files
configure:4828: /usr/bin/gcc -c -g -O2  conftest.c >&5
configure:4834: $? = 0
configure:4933: /usr/bin/gcc -o conftest -g -O2   conftest.c  >&5
configure:4936: $? = 0
configure:4942: ./conftest
configure:4945: $? = 0
configure:4962: result: yes
configure:4986: checking for sys/types.h
configure:5007: /usr/bin/gcc -c -g -O2  conftest.c >&5
configure:5013: $? = 0
configure:5029: result: yes
configure:4986: checking for sys/stat.h
configure:5007: /usr/bin/gcc -c -g -O2  conftest.c >&5
configure:5013: $? = 0
configure:5029: result: yes
configure:4986: checking for stdlib.h
configure:5007: /usr/bin/gcc -c -g -O2  conftest.c >&5
configure:5013: $? = 0
configure:5029: result: yes
configure:4986: checking for string.h
configure:5007: /usr/bin/gcc -c -g -O2  conftest.c >&5
configure:5013: $? = 0
configure:5029: result: yes
configure:4986: checking for memory.h
configure:5007: /usr/bin/gcc -c -g -O2  conftest.c >&5
configure:5013: $? = 0
configure:5029: result: yes
configure:4986: checking for strings.h
configure:5007: /usr/bin/gcc -c -g -O2  conftest.c >&5
configure:5013: $? = 0
configure:5029: result: yes
configure:4986: checking for inttypes.h
configure:5007: /usr/bin/gcc -c -g -O2  conftest.c >&5
configure:5013: $? = 0
configure:5029: result: yes
configure:4986: checking for stdint.h
configure:5007: /usr/bin/gcc -c -g -O2  conftest.c >&5
configure:5013: $? = 0
configure:5029: result: yes
configure:4986: checking for unistd.h
configure:5007: /usr/bin/gcc -c -g -O2  conftest.c >&5
configure:5013: $? = 0
configure:5029: result: yes
configure:5056: checking dlfcn.h usability
configure:5073: /usr/bin/gcc -c -g -O2  conftest.c >&5
configure:5079: $? = 0
configure:5093: result: yes
configure:5097: checking dlfcn.h presence
configure:5112: /usr/bin/gcc -E  conftest.c
configure:5118: $? = 0
configure:5132: result: yes
configure:5165: checking for dlfcn.h
configure:5173: result: yes
configure:5244: checking for g++
configure:5260: found /usr/bin/g++
configure:5271: result: g++
configure:5302: checking for C++ compiler version
configure:5309: g++ --version >&5
g++ (GCC) 4.2.1 (Based on Apple Inc. build 5555)
Copyright (C) 2007 Free Software Foundation, Inc.
This is free software; see the source for copying conditions.  There is NO
warranty; not even for MERCHANTABILITY or FITNESS FOR A PARTICULAR PURPOSE.

configure:5312: $? = 0
configure:5319: g++ -v >&5
Using built-in specs.
Target: arm-apple-darwin9
Configured with: ../llvm-gcc-4.2/configure --build=x86_64-unknown-linux-gnu --host=arm-apple-darwin9 --enable-static=no --enable-shared=yes --prefix=/usr --localstatedir=/var/cache/iphone-gcc --enable-languages=c,c++,objc,obj-c++ --enable-wchar_t=no --with-gxx-include-dir=/usr/include/c++/4.0.0
Thread model: posix
gcc version 4.2.1 (Based on Apple Inc. build 5555)
configure:5322: $? = 0
configure:5329: g++ -V >&5
g++: '-V' option must have argument
configure:5332: $? = 1
configure:5335: checking whether we are using the GNU C++ compiler
configure:5364: g++ -c   conftest.cpp >&5
configure:5370: $? = 0
configure:5387: result: yes
configure:5392: checking whether g++ accepts -g
configure:5422: g++ -c -g  conftest.cpp >&5
configure:5428: $? = 0
configure:5527: result: yes
configure:5552: checking dependency style of g++
configure:5643: result: gcc3
configure:5668: checking how to run the C++ preprocessor
configure:5704: g++ -E  conftest.cpp
configure:5710: $? = 0
configure:5741: g++ -E  conftest.cpp
conftest.cpp:21:28: error: ac_nonexistent.h: No such file or directory
configure:5747: $? = 1
configure: failed program was:
| /* confdefs.h.  */
| #define PACKAGE_NAME "libXrandr"
| #define PACKAGE_TARNAME "libXrandr"
| #define PACKAGE_VERSION "1.2.3"
| #define PACKAGE_STRING "libXrandr 1.2.3"
| #define PACKAGE_BUGREPORT "https://bugs.freedesktop.org/enter_bug.cgi?product=xorg"
| #define PACKAGE "libXrandr"
| #define VERSION "1.2.3"
| #define STDC_HEADERS 1
| #define HAVE_SYS_TYPES_H 1
| #define HAVE_SYS_STAT_H 1
| #define HAVE_STDLIB_H 1
| #define HAVE_STRING_H 1
| #define HAVE_MEMORY_H 1
| #define HAVE_STRINGS_H 1
| #define HAVE_INTTYPES_H 1
| #define HAVE_STDINT_H 1
| #define HAVE_UNISTD_H 1
| #define HAVE_DLFCN_H 1
| /* end confdefs.h.  */
| #include <ac_nonexistent.h>
configure:5780: result: g++ -E
configure:5809: g++ -E  conftest.cpp
configure:5815: $? = 0
configure:5846: g++ -E  conftest.cpp
conftest.cpp:21:28: error: ac_nonexistent.h: No such file or directory
configure:5852: $? = 1
configure: failed program was:
| /* confdefs.h.  */
| #define PACKAGE_NAME "libXrandr"
| #define PACKAGE_TARNAME "libXrandr"
| #define PACKAGE_VERSION "1.2.3"
| #define PACKAGE_STRING "libXrandr 1.2.3"
| #define PACKAGE_BUGREPORT "https://bugs.freedesktop.org/enter_bug.cgi?product=xorg"
| #define PACKAGE "libXrandr"
| #define VERSION "1.2.3"
| #define STDC_HEADERS 1
| #define HAVE_SYS_TYPES_H 1
| #define HAVE_SYS_STAT_H 1
| #define HAVE_STDLIB_H 1
| #define HAVE_STRING_H 1
| #define HAVE_MEMORY_H 1
| #define HAVE_STRINGS_H 1
| #define HAVE_INTTYPES_H 1
| #define HAVE_STDINT_H 1
| #define HAVE_UNISTD_H 1
| #define HAVE_DLFCN_H 1
| /* end confdefs.h.  */
| #include <ac_nonexistent.h>
configure:5945: checking for g77
configure:5975: result: no
configure:5945: checking for xlf
configure:5975: result: no
configure:5945: checking for f77
configure:5975: result: no
configure:5945: checking for frt
configure:5975: result: no
configure:5945: checking for pgf77
configure:5975: result: no
configure:5945: checking for cf77
configure:5975: result: no
configure:5945: checking for fort77
configure:5975: result: no
configure:5945: checking for fl32
configure:5975: result: no
configure:5945: checking for af77
configure:5975: result: no
configure:5945: checking for xlf90
configure:5975: result: no
configure:5945: checking for f90
configure:5975: result: no
configure:5945: checking for pgf90
configure:5975: result: no
configure:5945: checking for pghpf
configure:5975: result: no
configure:5945: checking for epcf90
configure:5975: result: no
configure:5945: checking for gfortran
configure:5975: result: no
configure:5945: checking for g95
configure:5975: result: no
configure:5945: checking for xlf95
configure:5975: result: no
configure:5945: checking for f95
configure:5975: result: no
configure:5945: checking for fort
configure:5975: result: no
configure:5945: checking for ifort
configure:5975: result: no
configure:5945: checking for ifc
configure:5975: result: no
configure:5945: checking for efc
configure:5975: result: no
configure:5945: checking for pgf95
configure:5975: result: no
configure:5945: checking for lf95
configure:5975: result: no
configure:5945: checking for ftn
configure:5975: result: no
configure:6002: checking for Fortran 77 compiler version
configure:6009:  --version >&5
./configure: line 6010: --version: command not found
configure:6012: $? = 127
configure:6019:  -v >&5
./configure: line 6020: -v: command not found
configure:6022: $? = 127
configure:6029:  -V >&5
./configure: line 6030: -V: command not found
configure:6032: $? = 127
configure:6040: checking whether we are using the GNU Fortran 77 compiler
configure:6059:  -c  conftest.F >&5
./configure: line 6060: -c: command not found
configure:6065: $? = 127
configure: failed program was:
|       program main
| #ifndef __GNUC__
|        choke me
| #endif
| 
|       end
configure:6082: result: no
configure:6088: checking whether  accepts -g
configure:6105:  -c -g conftest.f >&5
./configure: line 6106: -c: command not found
configure:6111: $? = 127
configure: failed program was:
|       program main
| 
|       end
configure:6127: result: no
configure:6157: checking the maximum length of command line arguments
configure:6269: result: 196608
configure:6281: checking command to parse /usr/bin/nm -p output from /usr/bin/gcc object
configure:6386: /usr/bin/gcc -c -g -O2  conftest.c >&5
configure:6389: $? = 0
configure:6393: /usr/bin/nm -p conftest.o \| sed -n -e 's/^.*[ 	]\([BCDEGRST][BCDEGRST]*\)[ 	][ 	]*\([_A-Za-z][_A-Za-z0-9]*\)$/\1 \2 \2/p' \> conftest.nm
configure:6396: $? = 0
cannot find nm_test_var in conftest.nm
configure:6386: /usr/bin/gcc -c -g -O2  conftest.c >&5
configure:6389: $? = 0
configure:6393: /usr/bin/nm -p conftest.o \| sed -n -e 's/^.*[ 	]\([BCDEGRST][BCDEGRST]*\)[ 	][ 	]*_\([_A-Za-z][_A-Za-z0-9]*\)$/\1 _\2 \2/p' \> conftest.nm
configure:6396: $? = 0
configure:6448: /usr/bin/gcc -o conftest -g -O2   conftest.c conftstm.o >&5
configure:6451: $? = 0
configure:6489: result: ok
configure:6493: checking for objdir
configure:6508: result: .libs
configure:6600: checking for ar
configure:6616: found /usr/bin/ar
configure:6627: result: ar
configure:6696: checking for ranlib
configure:6712: found /usr/bin/ranlib
configure:6723: result: ranlib
configure:6792: checking for strip
configure:6808: found /usr/bin/strip
configure:6819: result: strip
configure:7105: checking if /usr/bin/gcc supports -fno-rtti -fno-exceptions
configure:7123: /usr/bin/gcc -c -g -O2  -fno-rtti -fno-exceptions conftest.c >&5
cc1: warning: command line option "-fno-rtti" is valid for C++/ObjC++ but not for C
configure:7127: $? = 0
configure:7140: result: no
configure:7155: checking for /usr/bin/gcc option to produce PIC
configure:7387: result: -fno-common
configure:7395: checking if /usr/bin/gcc PIC flag -fno-common works
configure:7413: /usr/bin/gcc -c -g -O2  -fno-common -DPIC conftest.c >&5
configure:7417: $? = 0
configure:7430: result: yes
configure:7458: checking if /usr/bin/gcc static flag -static works
configure:7486: result: no
configure:7496: checking if /usr/bin/gcc supports -c -o file.o
configure:7517: /usr/bin/gcc -c -g -O2  -o out/conftest2.o conftest.c >&5
configure:7521: $? = 0
configure:7543: result: yes
configure:7569: checking whether the /usr/bin/gcc linker (/usr/bin/ld) supports shared libraries
configure:8549: result: yes
configure:8616: checking dynamic linker characteristics
configure:9220: result: darwin10.4.0 dyld
configure:9229: checking how to hardcode library paths into programs
configure:9254: result: immediate
configure:9268: checking whether stripping libraries is possible
configure:9282: result: yes
configure:10075: checking if libtool supports shared libraries
configure:10077: result: yes
configure:10080: checking whether to build shared libraries
configure:10101: result: yes
configure:10104: checking whether to build static libraries
configure:10108: result: yes
configure:10201: creating libtool
configure:10789: checking for ld used by g++
configure:10856: result: /usr/bin/ld
configure:10865: checking if the linker (/usr/bin/ld) is GNU ld
configure:10880: result: no
configure:10931: checking whether the g++ linker (/usr/bin/ld) supports shared libraries
configure:11905: result: yes
configure:11923: g++ -c -g -O2  conftest.cpp >&5
configure:11926: $? = 0
configure:12078: checking for g++ option to produce PIC
configure:12362: result: -fno-common
configure:12370: checking if g++ PIC flag -fno-common works
configure:12388: g++ -c -g -O2  -fno-common -DPIC conftest.cpp >&5
configure:12392: $? = 0
configure:12405: result: yes
configure:12433: checking if g++ static flag -static works
configure:12461: result: no
configure:12471: checking if g++ supports -c -o file.o
configure:12492: g++ -c -g -O2  -o out/conftest2.o conftest.cpp >&5
configure:12496: $? = 0
configure:12518: result: yes
configure:12544: checking whether the g++ linker (/usr/bin/ld) supports shared libraries
configure:12569: result: yes
configure:12636: checking dynamic linker characteristics
configure:13188: result: darwin10.4.0 dyld
configure:13197: checking how to hardcode library paths into programs
configure:13222: result: immediate
configure:19448: checking for pkg-config
configure:19466: found /usr/bin/pkg-config
configure:19478: result: /usr/bin/pkg-config
configure:19507: checking pkg-config is at least version 0.9.0
configure:19510: result: yes
configure:19521: checking for X
configure:19528: $PKG_CONFIG --exists --print-errors "x11"
configure:19531: $? = 0
configure:19544: $PKG_CONFIG --exists --print-errors "x11"
configure:19547: $? = 0
configure:19622: result: yes
configure:19636: checking for RANDR
configure:19643: $PKG_CONFIG --exists --print-errors "randrproto >= $RANDR_VERSION xext xextproto xrender renderproto"
configure:19646: $? = 0
configure:19659: $PKG_CONFIG --exists --print-errors "randrproto >= $RANDR_VERSION xext xextproto xrender renderproto"
configure:19662: $? = 0
configure:19737: result: yes
configure:19753: checking whether malloc(0) returns NULL
configure:19783: /usr/bin/gcc -o conftest -g -O2   conftest.c  >&5
conftest.c:2: warning: conflicting types for built-in function 'malloc'
conftest.c:4: warning: conflicting types for built-in function 'calloc'
conftest.c: In function 'main':
conftest.c:11: warning: incompatible implicit declaration of built-in function 'exit'
configure:19786: $? = 0
configure:19792: ./conftest
configure:19795: $? = 1
configure: program exited with status 1
configure: failed program was:
| 
| char *malloc();
| char *realloc();
| char *calloc();
| main() {
|     char *m0, *r0, *c0, *p;
|     m0 = malloc(0);
|     p = malloc(10);
|     r0 = realloc(p,0);
|     c0 = calloc(0);
|     exit(m0 == 0 || r0 == 0 || c0 == 0 ? 0 : 1);
| }
configure:19811: result: no
configure:20069: creating ./config.status

## ---------------------- ##
## Running config.status. ##
## ---------------------- ##

This file was extended by libXrandr config.status 1.2.3, which was
generated by GNU Autoconf 2.61.  Invocation command line was

  CONFIG_FILES    = 
  CONFIG_HEADERS  = 
  CONFIG_LINKS    = 
  CONFIG_COMMANDS = 
  $ ./config.status 

on Chriss-iPad

config.status:689: creating Makefile
config.status:689: creating src/Makefile
config.status:689: creating man/Makefile
config.status:689: creating xrandr.pc
config.status:689: creating config.h
config.status:919: config.h is unchanged
config.status:966: executing depfiles commands

## ---------------- ##
## Cache variables. ##
## ---------------- ##

ac_cv_build=arm-apple-darwin10.4.0
ac_cv_c_compiler_gnu=yes
ac_cv_cxx_compiler_gnu=yes
ac_cv_env_CCC_set=
ac_cv_env_CCC_value=
ac_cv_env_CC_set=set
ac_cv_env_CC_value=/usr/bin/gcc
ac_cv_env_CFLAGS_set=
ac_cv_env_CFLAGS_value=
ac_cv_env_CPPFLAGS_set=
ac_cv_env_CPPFLAGS_value=
ac_cv_env_CPP_set=
ac_cv_env_CPP_value=
ac_cv_env_CXXCPP_set=
ac_cv_env_CXXCPP_value=
ac_cv_env_CXXFLAGS_set=
ac_cv_env_CXXFLAGS_value=
ac_cv_env_CXX_set=
ac_cv_env_CXX_value=
ac_cv_env_F77_set=
ac_cv_env_F77_value=
ac_cv_env_FFLAGS_set=
ac_cv_env_FFLAGS_value=
ac_cv_env_LDFLAGS_set=
ac_cv_env_LDFLAGS_value=
ac_cv_env_LIBS_set=
ac_cv_env_LIBS_value=
ac_cv_env_PKG_CONFIG_set=
ac_cv_env_PKG_CONFIG_value=
ac_cv_env_RANDR_CFLAGS_set=
ac_cv_env_RANDR_CFLAGS_value=
ac_cv_env_RANDR_LIBS_set=
ac_cv_env_RANDR_LIBS_value=
ac_cv_env_X_CFLAGS_set=
ac_cv_env_X_CFLAGS_value=
ac_cv_env_X_LIBS_set=
ac_cv_env_X_LIBS_value=
ac_cv_env_build_alias_set=
ac_cv_env_build_alias_value=
ac_cv_env_host_alias_set=
ac_cv_env_host_alias_value=
ac_cv_env_target_alias_set=
ac_cv_env_target_alias_value=
ac_cv_f77_compiler_gnu=no
ac_cv_header_dlfcn_h=yes
ac_cv_header_inttypes_h=yes
ac_cv_header_memory_h=yes
ac_cv_header_stdc=yes
ac_cv_header_stdint_h=yes
ac_cv_header_stdlib_h=yes
ac_cv_header_string_h=yes
ac_cv_header_strings_h=yes
ac_cv_header_sys_stat_h=yes
ac_cv_header_sys_types_h=yes
ac_cv_header_unistd_h=yes
ac_cv_host=arm-apple-darwin10.4.0
ac_cv_objext=o
ac_cv_path_EGREP='/bin/grep -E'
ac_cv_path_GREP=/bin/grep
ac_cv_path_ac_pt_PKG_CONFIG=/usr/bin/pkg-config
ac_cv_path_install='/usr/bin/install -c'
ac_cv_path_mkdir=/bin/mkdir
ac_cv_prog_AWK=gawk
ac_cv_prog_CPP='/usr/bin/gcc -E'
ac_cv_prog_CXXCPP='g++ -E'
ac_cv_prog_ac_ct_AR=ar
ac_cv_prog_ac_ct_CC=/usr/bin/gcc
ac_cv_prog_ac_ct_CXX=g++
ac_cv_prog_ac_ct_RANLIB=ranlib
ac_cv_prog_ac_ct_STRIP=strip
ac_cv_prog_cc_c89=
ac_cv_prog_cc_g=yes
ac_cv_prog_cxx_g=yes
ac_cv_prog_f77_g=no
ac_cv_prog_make_make_set=yes
am_cv_CC_dependencies_compiler_type=gcc3
am_cv_CXX_dependencies_compiler_type=gcc3
lt_cv_deplibs_check_method=pass_all
lt_cv_file_magic_cmd='$MAGIC_CMD'
lt_cv_file_magic_test_file=
lt_cv_ld_reload_flag=-r
lt_cv_objdir=.libs
lt_cv_path_LD=/usr/bin/ld
lt_cv_path_LDCXX=/usr/bin/ld
lt_cv_path_NM='/usr/bin/nm -p'
lt_cv_path_SED=/bin/sed
lt_cv_prog_compiler_c_o=yes
lt_cv_prog_compiler_c_o_CXX=yes
lt_cv_prog_compiler_rtti_exceptions=no
lt_cv_prog_gnu_ld=no
lt_cv_prog_gnu_ldcxx=no
lt_cv_sys_global_symbol_pipe='sed -n -e '\''s/^.*[ 	]\([BCDEGRST][BCDEGRST]*\)[ 	][ 	]*_\([_A-Za-z][_A-Za-z0-9]*\)$/\1 _\2 \2/p'\'''
lt_cv_sys_global_symbol_to_c_name_address='sed -n -e '\''s/^: \([^ ]*\) $/  {\"\1\", (lt_ptr) 0},/p'\'' -e '\''s/^[BCDEGRST] \([^ ]*\) \([^ ]*\)$/  {"\2", (lt_ptr) \&\2},/p'\'''
lt_cv_sys_global_symbol_to_cdecl='sed -n -e '\''s/^. .* \(.*\)$/extern int \1;/p'\'''
lt_cv_sys_max_cmd_len=196608
lt_lt_cv_prog_compiler_c_o='"yes"'
lt_lt_cv_prog_compiler_c_o_CXX='"yes"'
lt_lt_cv_sys_global_symbol_pipe='"sed -n -e '\''s/^.*[ 	]\\([BCDEGRST][BCDEGRST]*\\)[ 	][ 	]*_\\([_A-Za-z][_A-Za-z0-9]*\\)\$/\\1 _\\2 \\2/p'\''"'
lt_lt_cv_sys_global_symbol_to_c_name_address='"sed -n -e '\''s/^: \\([^ ]*\\) \$/  {\\\"\\1\\\", (lt_ptr) 0},/p'\'' -e '\''s/^[BCDEGRST] \\([^ ]*\\) \\([^ ]*\\)\$/  {\"\\2\", (lt_ptr) \\&\\2},/p'\''"'
lt_lt_cv_sys_global_symbol_to_cdecl='"sed -n -e '\''s/^. .* \\(.*\\)\$/extern int \\1;/p'\''"'
pkg_cv_RANDR_CFLAGS=' '
pkg_cv_RANDR_LIBS='-L/usr/local/lib -lXext -lXrender -lX11  '
pkg_cv_X_CFLAGS=' '
pkg_cv_X_LIBS='-L/usr/local/lib -lX11  '

## ----------------- ##
## Output variables. ##
## ----------------- ##

ACLOCAL='${SHELL} /home/chris/xorg/installed/libXrandr-1.2.3/missing --run aclocal-1.10'
ADMIN_MAN_DIR='$(mandir)/man$(ADMIN_MAN_SUFFIX)'
ADMIN_MAN_SUFFIX='8'
AMDEPBACKSLASH='\'
AMDEP_FALSE='#'
AMDEP_TRUE=''
AMTAR='${SHELL} /home/chris/xorg/installed/libXrandr-1.2.3/missing --run tar'
APP_MAN_DIR='$(mandir)/man$(APP_MAN_SUFFIX)'
APP_MAN_SUFFIX='1'
AR='ar'
AUTOCONF='${SHELL} /home/chris/xorg/installed/libXrandr-1.2.3/missing --run autoconf'
AUTOHEADER='${SHELL} /home/chris/xorg/installed/libXrandr-1.2.3/missing --run autoheader'
AUTOMAKE='${SHELL} /home/chris/xorg/installed/libXrandr-1.2.3/missing --run automake-1.10'
AWK='gawk'
CC='/usr/bin/gcc'
CCDEPMODE='depmode=gcc3'
CFLAGS='-g -O2'
CPP='/usr/bin/gcc -E'
CPPFLAGS=''
CXX='g++'
CXXCPP='g++ -E'
CXXDEPMODE='depmode=gcc3'
CXXFLAGS='-g -O2'
CYGPATH_W='echo'
DEFS='-DHAVE_CONFIG_H'
DEPDIR='.deps'
DRIVER_MAN_DIR='$(mandir)/man$(DRIVER_MAN_SUFFIX)'
DRIVER_MAN_SUFFIX='4'
ECHO='echo'
ECHO_C=''
ECHO_N='-n'
ECHO_T=''
EGREP='/bin/grep -E'
EXEEXT=''
F77=''
FFLAGS=''
FILE_MAN_DIR='$(mandir)/man$(FILE_MAN_SUFFIX)'
FILE_MAN_SUFFIX='5'
GREP='/bin/grep'
INSTALL_DATA='${INSTALL} -m 644'
INSTALL_PROGRAM='${INSTALL}'
INSTALL_SCRIPT='${INSTALL}'
INSTALL_STRIP_PROGRAM='$(install_sh) -c -s'
LDFLAGS=''
LIBOBJS=''
LIBS=''
LIBTOOL='$(SHELL) $(top_builddir)/libtool'
LIB_MAN_DIR='$(mandir)/man$(LIB_MAN_SUFFIX)'
LIB_MAN_SUFFIX='3'
LN_S='ln -s'
LTLIBOBJS=''
MAINT='#'
MAINTAINER_MODE_FALSE=''
MAINTAINER_MODE_TRUE='#'
MAKEINFO='${SHELL} /home/chris/xorg/installed/libXrandr-1.2.3/missing --run makeinfo'
MALLOC_ZERO_CFLAGS=''
MISC_MAN_DIR='$(mandir)/man$(MISC_MAN_SUFFIX)'
MISC_MAN_SUFFIX='7'
OBJEXT='o'
PACKAGE='libXrandr'
PACKAGE_BUGREPORT='https://bugs.freedesktop.org/enter_bug.cgi?product=xorg'
PACKAGE_NAME='libXrandr'
PACKAGE_STRING='libXrandr 1.2.3'
PACKAGE_TARNAME='libXrandr'
PACKAGE_VERSION='1.2.3'
PATH_SEPARATOR=':'
PKG_CONFIG='/usr/bin/pkg-config'
RANDR_CFLAGS=' '
RANDR_LIBS='-L/usr/local/lib -lXext -lXrender -lX11  '
RANDR_VERSION='1.2'
RANLIB='ranlib'
SED='/bin/sed'
SET_MAKE=''
SHELL='/bin/sh'
STRIP='strip'
VERSION='1.2.3'
XMALLOC_ZERO_CFLAGS=''
XTMALLOC_ZERO_CFLAGS=''
X_CFLAGS=' '
X_LIBS='-L/usr/local/lib -lX11  '
ac_ct_CC='/usr/bin/gcc'
ac_ct_CXX='g++'
ac_ct_F77=''
am__fastdepCC_FALSE='#'
am__fastdepCC_TRUE=''
am__fastdepCXX_FALSE='#'
am__fastdepCXX_TRUE=''
am__include='include'
am__isrc=''
am__leading_dot='.'
am__quote=''
am__tar='${AMTAR} chof - "$$tardir"'
am__untar='${AMTAR} xf -'
bindir='${exec_prefix}/bin'
build='arm-apple-darwin10.4.0'
build_alias=''
build_cpu='arm'
build_os='darwin10.4.0'
build_vendor='apple'
datadir='${datarootdir}'
datarootdir='${prefix}/share'
docdir='${datarootdir}/doc/${PACKAGE_TARNAME}'
dvidir='${docdir}'
exec_prefix='${prefix}'
host='arm-apple-darwin10.4.0'
host_alias=''
host_cpu='arm'
host_os='darwin10.4.0'
host_vendor='apple'
htmldir='${docdir}'
includedir='${prefix}/include'
infodir='${datarootdir}/info'
install_sh='$(SHELL) /home/chris/xorg/installed/libXrandr-1.2.3/install-sh'
libdir='${exec_prefix}/lib'
libexecdir='${exec_prefix}/libexec'
localedir='${datarootdir}/locale'
localstatedir='${prefix}/var'
mandir='${datarootdir}/man'
mkdir_p='/bin/mkdir -p'
oldincludedir='/usr/include'
pdfdir='${docdir}'
prefix='/usr/local'
program_transform_name='s,x,x,'
psdir='${docdir}'
sbindir='${exec_prefix}/sbin'
sharedstatedir='${prefix}/com'
sysconfdir='${prefix}/etc'
target_alias=''

## ----------- ##
## confdefs.h. ##
## ----------- ##

#define PACKAGE_NAME "libXrandr"
#define PACKAGE_TARNAME "libXrandr"
#define PACKAGE_VERSION "1.2.3"
#define PACKAGE_STRING "libXrandr 1.2.3"
#define PACKAGE_BUGREPORT "https://bugs.freedesktop.org/enter_bug.cgi?product=xorg"
#define PACKAGE "libXrandr"
#define VERSION "1.2.3"
#define STDC_HEADERS 1
#define HAVE_SYS_TYPES_H 1
#define HAVE_SYS_STAT_H 1
#define HAVE_STDLIB_H 1
#define HAVE_STRING_H 1
#define HAVE_MEMORY_H 1
#define HAVE_STRINGS_H 1
#define HAVE_INTTYPES_H 1
#define HAVE_STDINT_H 1
#define HAVE_UNISTD_H 1
#define HAVE_DLFCN_H 1
#define PACKAGE_VERSION_MAJOR 1
#define PACKAGE_VERSION_MINOR 2
#define PACKAGE_VERSION_PATCHLEVEL 3

configure: exit 0
