This file contains any messages produced by compilers while
running configure, to aid debugging if configure makes a mistake.

It was created by pixman configure 0.22.2, which was
generated by GNU Autoconf 2.63.  Invocation command line was

  $ ./configure 

## --------- ##
## Platform. ##
## --------- ##

hostname = Chriss-iPad
uname -m = iPad1,1
uname -r = 10.4.0
uname -s = Darwin
uname -v = Darwin Kernel Version 10.4.0: Wed Oct 20 20:14:45 PDT 2010; root:xnu-1504.58.28~3/RELEASE_ARM_S5L8930X

/usr/bin/uname -p = unknown
/bin/uname -X     = unknown

/bin/arch              = unknown
/usr/bin/arch -k       = unknown
/usr/convex/getsysinfo = unknown
/usr/bin/hostinfo      = Mach kernel version:
	 Darwin Kernel Version 10.4.0: Wed Oct 20 20:14:45 PDT 2010; root:xnu-1504.58.28~3/RELEASE_ARM_S5L8930X
Kernel configured for a single processor only.
1 processor is physically available.
1 processor is logically available.
Processor type: armv7 (arm v7)
Processor active: 0
Primary memory available: 247.00 megabytes
Default processor set: 33 tasks, 231 threads, 1 processors
Load average: 2.03, Mach factor: 0.22
/bin/machine           = unknown
/usr/bin/oslevel       = unknown
/bin/universe          = unknown

PATH: /usr/local/sbin
PATH: /usr/local/bin
PATH: /usr/sbin
PATH: /usr/bin
PATH: /sbin
PATH: /bin
PATH: /usr/bin/X11
PATH: /usr/games
PATH: /var/mobile/ocaml-3.12.0/bin


## ----------- ##
## Core tests. ##
## ----------- ##

configure:2164: checking for a BSD-compatible install
configure:2232: result: /usr/bin/install -c
configure:2243: checking whether build environment is sane
configure:2303: result: yes
configure:2444: checking for a thread-safe mkdir -p
configure:2483: result: /bin/mkdir -p
configure:2496: checking for gawk
configure:2512: found /usr/bin/gawk
configure:2523: result: gawk
configure:2534: checking whether make sets $(MAKE)
configure:2556: result: yes
configure:2662: checking build system type
configure:2680: result: arm-apple-darwin10.4.0
configure:2702: checking host system type
configure:2717: result: arm-apple-darwin10.4.0
configure:2790: checking for gcc
configure:2817: result: /usr/bin/gcc
configure:3049: checking for C compiler version
configure:3057: /usr/bin/gcc --version >&5
gcc (GCC) 4.2.1 (Based on Apple Inc. build 5555)
Copyright (C) 2007 Free Software Foundation, Inc.
This is free software; see the source for copying conditions.  There is NO
warranty; not even for MERCHANTABILITY or FITNESS FOR A PARTICULAR PURPOSE.

configure:3061: $? = 0
configure:3068: /usr/bin/gcc -v >&5
Using built-in specs.
Target: arm-apple-darwin9
Configured with: ../llvm-gcc-4.2/configure --build=x86_64-unknown-linux-gnu --host=arm-apple-darwin9 --enable-static=no --enable-shared=yes --prefix=/usr --localstatedir=/var/cache/iphone-gcc --enable-languages=c,c++,objc,obj-c++ --enable-wchar_t=no --with-gxx-include-dir=/usr/include/c++/4.0.0
Thread model: posix
gcc version 4.2.1 (Based on Apple Inc. build 5555)
configure:3072: $? = 0
configure:3079: /usr/bin/gcc -V >&5
gcc: '-V' option must have argument
configure:3083: $? = 1
configure:3106: checking for C compiler default output file name
configure:3128: /usr/bin/gcc    conftest.c  >&5
configure:3132: $? = 0
configure:3170: result: a.out
configure:3189: checking whether the C compiler works
configure:3199: ./a.out
configure:3203: $? = 0
configure:3222: result: yes
configure:3229: checking whether we are cross compiling
configure:3231: result: no
configure:3234: checking for suffix of executables
configure:3241: /usr/bin/gcc -o conftest    conftest.c  >&5
configure:3245: $? = 0
configure:3271: result: 
configure:3277: checking for suffix of object files
configure:3303: /usr/bin/gcc -c   conftest.c >&5
configure:3307: $? = 0
configure:3332: result: o
configure:3336: checking whether we are using the GNU C compiler
configure:3365: /usr/bin/gcc -c   conftest.c >&5
configure:3372: $? = 0
configure:3389: result: yes
configure:3398: checking whether /usr/bin/gcc accepts -g
configure:3428: /usr/bin/gcc -c -g  conftest.c >&5
configure:3435: $? = 0
configure:3536: result: yes
configure:3553: checking for /usr/bin/gcc option to accept ISO C89
configure:3627: /usr/bin/gcc  -c -g -O2  conftest.c >&5
configure:3634: $? = 0
configure:3657: result: none needed
configure:3686: checking for style of include used by make
configure:3714: result: GNU
configure:3739: checking dependency style of /usr/bin/gcc
configure:3849: result: gcc3
configure:3873: checking dependency style of /usr/bin/gcc
configure:3981: result: gcc3
configure:4068: checking for a sed that does not truncate output
configure:4124: result: /bin/sed
configure:4127: checking for grep that handles long lines and -e
configure:4187: result: /bin/grep
configure:4192: checking for egrep
configure:4256: result: /bin/grep -E
configure:4272: checking for ld used by /usr/bin/gcc
configure:4339: result: /usr/bin/ld
configure:4348: checking if the linker (/usr/bin/ld) is GNU ld
configure:4363: result: no
configure:4368: checking for /usr/bin/ld option to reload object files
configure:4375: result: -r
configure:4393: checking for BSD-compatible nm
configure:4442: result: /usr/bin/nm -p
configure:4446: checking whether ln -s works
configure:4450: result: yes
configure:4457: checking how to recognize dependent libraries
configure:4643: result: pass_all
configure:4893: checking how to run the C preprocessor
configure:4933: /usr/bin/gcc -E  conftest.c
configure:4940: $? = 0
configure:4971: /usr/bin/gcc -E  conftest.c
conftest.c:10:28: error: ac_nonexistent.h: No such file or directory
configure:4978: $? = 1
configure: failed program was:
| /* confdefs.h.  */
| #define PACKAGE_NAME "pixman"
| #define PACKAGE_TARNAME "pixman"
| #define PACKAGE_VERSION "0.22.2"
| #define PACKAGE_STRING "pixman 0.22.2"
| #define PACKAGE_BUGREPORT "pixman@lists.freedesktop.org"
| #define PACKAGE "pixman"
| #define VERSION "0.22.2"
| /* end confdefs.h.  */
| #include <ac_nonexistent.h>
configure:5011: result: /usr/bin/gcc -E
configure:5040: /usr/bin/gcc -E  conftest.c
configure:5047: $? = 0
configure:5078: /usr/bin/gcc -E  conftest.c
conftest.c:10:28: error: ac_nonexistent.h: No such file or directory
configure:5085: $? = 1
configure: failed program was:
| /* confdefs.h.  */
| #define PACKAGE_NAME "pixman"
| #define PACKAGE_TARNAME "pixman"
| #define PACKAGE_VERSION "0.22.2"
| #define PACKAGE_STRING "pixman 0.22.2"
| #define PACKAGE_BUGREPORT "pixman@lists.freedesktop.org"
| #define PACKAGE "pixman"
| #define VERSION "0.22.2"
| /* end confdefs.h.  */
| #include <ac_nonexistent.h>
configure:5125: checking for ANSI C header files
configure:5155: /usr/bin/gcc -c -g -O2  conftest.c >&5
configure:5162: $? = 0
configure:5261: /usr/bin/gcc -o conftest -g -O2   conftest.c  >&5
configure:5265: $? = 0
configure:5271: ./conftest
configure:5275: $? = 0
configure:5293: result: yes
configure:5317: checking for sys/types.h
configure:5338: /usr/bin/gcc -c -g -O2  conftest.c >&5
configure:5345: $? = 0
configure:5362: result: yes
configure:5317: checking for sys/stat.h
configure:5338: /usr/bin/gcc -c -g -O2  conftest.c >&5
configure:5345: $? = 0
configure:5362: result: yes
configure:5317: checking for stdlib.h
configure:5338: /usr/bin/gcc -c -g -O2  conftest.c >&5
configure:5345: $? = 0
configure:5362: result: yes
configure:5317: checking for string.h
configure:5338: /usr/bin/gcc -c -g -O2  conftest.c >&5
configure:5345: $? = 0
configure:5362: result: yes
configure:5317: checking for memory.h
configure:5338: /usr/bin/gcc -c -g -O2  conftest.c >&5
configure:5345: $? = 0
configure:5362: result: yes
configure:5317: checking for strings.h
configure:5338: /usr/bin/gcc -c -g -O2  conftest.c >&5
configure:5345: $? = 0
configure:5362: result: yes
configure:5317: checking for inttypes.h
configure:5338: /usr/bin/gcc -c -g -O2  conftest.c >&5
configure:5345: $? = 0
configure:5362: result: yes
configure:5317: checking for stdint.h
configure:5338: /usr/bin/gcc -c -g -O2  conftest.c >&5
configure:5345: $? = 0
configure:5362: result: yes
configure:5317: checking for unistd.h
configure:5338: /usr/bin/gcc -c -g -O2  conftest.c >&5
configure:5345: $? = 0
configure:5362: result: yes
configure:5392: checking dlfcn.h usability
configure:5409: /usr/bin/gcc -c -g -O2  conftest.c >&5
configure:5416: $? = 0
configure:5430: result: yes
configure:5434: checking dlfcn.h presence
configure:5449: /usr/bin/gcc -E  conftest.c
configure:5456: $? = 0
configure:5470: result: yes
configure:5503: checking for dlfcn.h
configure:5512: result: yes
configure:5585: checking for g++
configure:5601: found /usr/bin/g++
configure:5612: result: g++
configure:5639: checking for C++ compiler version
configure:5647: g++ --version >&5
g++ (GCC) 4.2.1 (Based on Apple Inc. build 5555)
Copyright (C) 2007 Free Software Foundation, Inc.
This is free software; see the source for copying conditions.  There is NO
warranty; not even for MERCHANTABILITY or FITNESS FOR A PARTICULAR PURPOSE.

configure:5651: $? = 0
configure:5658: g++ -v >&5
Using built-in specs.
Target: arm-apple-darwin9
Configured with: ../llvm-gcc-4.2/configure --build=x86_64-unknown-linux-gnu --host=arm-apple-darwin9 --enable-static=no --enable-shared=yes --prefix=/usr --localstatedir=/var/cache/iphone-gcc --enable-languages=c,c++,objc,obj-c++ --enable-wchar_t=no --with-gxx-include-dir=/usr/include/c++/4.0.0
Thread model: posix
gcc version 4.2.1 (Based on Apple Inc. build 5555)
configure:5662: $? = 0
configure:5669: g++ -V >&5
g++: '-V' option must have argument
configure:5673: $? = 1
configure:5676: checking whether we are using the GNU C++ compiler
configure:5705: g++ -c   conftest.cpp >&5
configure:5712: $? = 0
configure:5729: result: yes
configure:5738: checking whether g++ accepts -g
configure:5768: g++ -c -g  conftest.cpp >&5
configure:5775: $? = 0
configure:5876: result: yes
configure:5901: checking dependency style of g++
configure:6011: result: gcc3
configure:6036: checking how to run the C++ preprocessor
configure:6072: g++ -E  conftest.cpp
configure:6079: $? = 0
configure:6110: g++ -E  conftest.cpp
conftest.cpp:21:28: error: ac_nonexistent.h: No such file or directory
configure:6117: $? = 1
configure: failed program was:
| /* confdefs.h.  */
| #define PACKAGE_NAME "pixman"
| #define PACKAGE_TARNAME "pixman"
| #define PACKAGE_VERSION "0.22.2"
| #define PACKAGE_STRING "pixman 0.22.2"
| #define PACKAGE_BUGREPORT "pixman@lists.freedesktop.org"
| #define PACKAGE "pixman"
| #define VERSION "0.22.2"
| #define STDC_HEADERS 1
| #define HAVE_SYS_TYPES_H 1
| #define HAVE_SYS_STAT_H 1
| #define HAVE_STDLIB_H 1
| #define HAVE_STRING_H 1
| #define HAVE_MEMORY_H 1
| #define HAVE_STRINGS_H 1
| #define HAVE_INTTYPES_H 1
| #define HAVE_STDINT_H 1
| #define HAVE_UNISTD_H 1
| #define HAVE_DLFCN_H 1
| /* end confdefs.h.  */
| #include <ac_nonexistent.h>
configure:6150: result: g++ -E
configure:6179: g++ -E  conftest.cpp
configure:6186: $? = 0
configure:6217: g++ -E  conftest.cpp
conftest.cpp:21:28: error: ac_nonexistent.h: No such file or directory
configure:6224: $? = 1
configure: failed program was:
| /* confdefs.h.  */
| #define PACKAGE_NAME "pixman"
| #define PACKAGE_TARNAME "pixman"
| #define PACKAGE_VERSION "0.22.2"
| #define PACKAGE_STRING "pixman 0.22.2"
| #define PACKAGE_BUGREPORT "pixman@lists.freedesktop.org"
| #define PACKAGE "pixman"
| #define VERSION "0.22.2"
| #define STDC_HEADERS 1
| #define HAVE_SYS_TYPES_H 1
| #define HAVE_SYS_STAT_H 1
| #define HAVE_STDLIB_H 1
| #define HAVE_STRING_H 1
| #define HAVE_MEMORY_H 1
| #define HAVE_STRINGS_H 1
| #define HAVE_INTTYPES_H 1
| #define HAVE_STDINT_H 1
| #define HAVE_UNISTD_H 1
| #define HAVE_DLFCN_H 1
| /* end confdefs.h.  */
| #include <ac_nonexistent.h>
configure:6319: checking for g77
configure:6349: result: no
configure:6319: checking for xlf
configure:6349: result: no
configure:6319: checking for f77
configure:6349: result: no
configure:6319: checking for frt
configure:6349: result: no
configure:6319: checking for pgf77
configure:6349: result: no
configure:6319: checking for cf77
configure:6349: result: no
configure:6319: checking for fort77
configure:6349: result: no
configure:6319: checking for fl32
configure:6349: result: no
configure:6319: checking for af77
configure:6349: result: no
configure:6319: checking for xlf90
configure:6349: result: no
configure:6319: checking for f90
configure:6349: result: no
configure:6319: checking for pgf90
configure:6349: result: no
configure:6319: checking for pghpf
configure:6349: result: no
configure:6319: checking for epcf90
configure:6349: result: no
configure:6319: checking for gfortran
configure:6349: result: no
configure:6319: checking for g95
configure:6349: result: no
configure:6319: checking for xlf95
configure:6349: result: no
configure:6319: checking for f95
configure:6349: result: no
configure:6319: checking for fort
configure:6349: result: no
configure:6319: checking for ifort
configure:6349: result: no
configure:6319: checking for ifc
configure:6349: result: no
configure:6319: checking for efc
configure:6349: result: no
configure:6319: checking for pgf95
configure:6349: result: no
configure:6319: checking for lf95
configure:6349: result: no
configure:6319: checking for ftn
configure:6349: result: no
configure:6372: checking for Fortran 77 compiler version
configure:6380:  --version >&5
./configure: line 6382: --version: command not found
configure:6384: $? = 127
configure:6391:  -v >&5
./configure: line 6393: -v: command not found
configure:6395: $? = 127
configure:6402:  -V >&5
./configure: line 6404: -V: command not found
configure:6406: $? = 127
configure:6414: checking whether we are using the GNU Fortran 77 compiler
configure:6433:  -c  conftest.F >&5
./configure: line 6435: -c: command not found
configure:6440: $? = 127
configure: failed program was:
|       program main
| #ifndef __GNUC__
|        choke me
| #endif
| 
|       end
configure:6457: result: no
configure:6463: checking whether  accepts -g
configure:6480:  -c -g conftest.f >&5
./configure: line 6482: -c: command not found
configure:6487: $? = 127
configure: failed program was:
|       program main
| 
|       end
configure:6503: result: no
configure:6536: checking the maximum length of command line arguments
configure:6648: result: 196608
configure:6660: checking command to parse /usr/bin/nm -p output from /usr/bin/gcc object
configure:6765: /usr/bin/gcc -c -g -O2  conftest.c >&5
configure:6768: $? = 0
configure:6772: /usr/bin/nm -p conftest.o \| sed -n -e 's/^.*[ 	]\([BCDEGRST][BCDEGRST]*\)[ 	][ 	]*\([_A-Za-z][_A-Za-z0-9]*\)$/\1 \2 \2/p' \> conftest.nm
configure:6775: $? = 0
cannot find nm_test_var in conftest.nm
configure:6765: /usr/bin/gcc -c -g -O2  conftest.c >&5
configure:6768: $? = 0
configure:6772: /usr/bin/nm -p conftest.o \| sed -n -e 's/^.*[ 	]\([BCDEGRST][BCDEGRST]*\)[ 	][ 	]*_\([_A-Za-z][_A-Za-z0-9]*\)$/\1 _\2 \2/p' \> conftest.nm
configure:6775: $? = 0
configure:6827: /usr/bin/gcc -o conftest -g -O2   conftest.c conftstm.o >&5
configure:6830: $? = 0
configure:6868: result: ok
configure:6872: checking for objdir
configure:6887: result: .libs
configure:6979: checking for ar
configure:6995: found /usr/bin/ar
configure:7006: result: ar
configure:7071: checking for ranlib
configure:7087: found /usr/bin/ranlib
configure:7098: result: ranlib
configure:7163: checking for strip
configure:7179: found /usr/bin/strip
configure:7190: result: strip
configure:7443: checking for dsymutil
configure:7473: result: no
configure:7535: checking for nmedit
configure:7551: found /usr/bin/nmedit
configure:7562: result: nmedit
configure:7585: checking for -single_module linker flag
configure:7606: result: yes
configure:7608: checking for -exported_symbols_list linker flag
configure:7638: /usr/bin/gcc -o conftest -g -O2   -Wl,-exported_symbols_list,conftest.sym conftest.c  >&5
configure:7645: $? = 0
configure:7667: result: yes
configure:7780: checking if /usr/bin/gcc supports -fno-rtti -fno-exceptions
configure:7798: /usr/bin/gcc -c -g -O2  -fno-rtti -fno-exceptions conftest.c >&5
cc1: warning: command line option "-fno-rtti" is valid for C++/ObjC++ but not for C
configure:7802: $? = 0
configure:7815: result: no
configure:7830: checking for /usr/bin/gcc option to produce PIC
configure:8062: result: -fno-common
configure:8070: checking if /usr/bin/gcc PIC flag -fno-common works
configure:8088: /usr/bin/gcc -c -g -O2  -fno-common -DPIC conftest.c >&5
configure:8092: $? = 0
configure:8105: result: yes
configure:8133: checking if /usr/bin/gcc static flag -static works
configure:8161: result: no
configure:8171: checking if /usr/bin/gcc supports -c -o file.o
configure:8192: /usr/bin/gcc -c -g -O2  -o out/conftest2.o conftest.c >&5
configure:8196: $? = 0
configure:8218: result: yes
configure:8244: checking whether the /usr/bin/gcc linker (/usr/bin/ld) supports shared libraries
configure:9232: result: yes
configure:9299: checking dynamic linker characteristics
configure:9903: result: darwin10.4.0 dyld
configure:9927: checking how to hardcode library paths into programs
configure:9952: result: immediate
configure:9966: checking whether stripping libraries is possible
configure:9980: result: yes
configure:10801: checking if libtool supports shared libraries
configure:10803: result: yes
configure:10806: checking whether to build shared libraries
configure:10827: result: yes
configure:10830: checking whether to build static libraries
configure:10834: result: yes
configure:10928: creating libtool
configure:11521: checking for ld used by g++
configure:11588: result: /usr/bin/ld
configure:11597: checking if the linker (/usr/bin/ld) is GNU ld
configure:11612: result: no
configure:11663: checking whether the g++ linker (/usr/bin/ld) supports shared libraries
configure:12617: result: yes
configure:12634: g++ -c -g -O2  conftest.cpp >&5
configure:12637: $? = 0
configure:12793: checking for g++ option to produce PIC
configure:13077: result: -fno-common
configure:13085: checking if g++ PIC flag -fno-common works
configure:13103: g++ -c -g -O2  -fno-common -DPIC conftest.cpp >&5
configure:13107: $? = 0
configure:13120: result: yes
configure:13148: checking if g++ static flag -static works
configure:13176: result: no
configure:13186: checking if g++ supports -c -o file.o
configure:13207: g++ -c -g -O2  -o out/conftest2.o conftest.cpp >&5
configure:13211: $? = 0
configure:13233: result: yes
configure:13259: checking whether the g++ linker (/usr/bin/ld) supports shared libraries
configure:13285: result: yes
configure:13352: checking dynamic linker characteristics
configure:13904: result: darwin10.4.0 dyld
configure:13928: checking how to hardcode library paths into programs
configure:13953: result: immediate
configure:20198: checking for getisax
configure:20254: /usr/bin/gcc -o conftest -g -O2   conftest.c  >&5
Undefined symbols:
  "_getisax", referenced from:
      _main in ccKDcr5i.o
ld: symbol(s) not found
collect2: ld returned 1 exit status
configure:20261: $? = 1
configure: failed program was:
| /* confdefs.h.  */
| #define PACKAGE_NAME "pixman"
| #define PACKAGE_TARNAME "pixman"
| #define PACKAGE_VERSION "0.22.2"
| #define PACKAGE_STRING "pixman 0.22.2"
| #define PACKAGE_BUGREPORT "pixman@lists.freedesktop.org"
| #define PACKAGE "pixman"
| #define VERSION "0.22.2"
| #define STDC_HEADERS 1
| #define HAVE_SYS_TYPES_H 1
| #define HAVE_SYS_STAT_H 1
| #define HAVE_STDLIB_H 1
| #define HAVE_STRING_H 1
| #define HAVE_MEMORY_H 1
| #define HAVE_STRINGS_H 1
| #define HAVE_INTTYPES_H 1
| #define HAVE_STDINT_H 1
| #define HAVE_UNISTD_H 1
| #define HAVE_DLFCN_H 1
| /* end confdefs.h.  */
| /* Define getisax to an innocuous variant, in case <limits.h> declares getisax.
|    For example, HP-UX 11i <limits.h> declares gettimeofday.  */
| #define getisax innocuous_getisax
| 
| /* System header to define __stub macros and hopefully few prototypes,
|     which can conflict with char getisax (); below.
|     Prefer <limits.h> to <assert.h> if __STDC__ is defined, since
|     <limits.h> exists even on freestanding compilers.  */
| 
| #ifdef __STDC__
| # include <limits.h>
| #else
| # include <assert.h>
| #endif
| 
| #undef getisax
| 
| /* Override any GCC internal prototype to avoid an error.
|    Use char because int might match the return type of a GCC
|    builtin and then its argument prototype would still apply.  */
| #ifdef __cplusplus
| extern "C"
| #endif
| char getisax ();
| /* The GNU C library defines this for functions which it implements
|     to always fail with ENOSYS.  Some functions are actually named
|     something starting with __ and the normal name is an alias.  */
| #if defined __stub_getisax || defined __stub___getisax
| choke me
| #endif
| 
| int
| main ()
| {
| return getisax ();
|   ;
|   return 0;
| }
configure:20283: result: no
configure:20296: checking whether byte ordering is bigendian
configure:20321: /usr/bin/gcc -c -g -O2  conftest.c >&5
configure:20328: $? = 0
configure:20378: /usr/bin/gcc -c -g -O2  conftest.c >&5
configure:20385: $? = 0
configure:20417: /usr/bin/gcc -c -g -O2  conftest.c >&5
conftest.c: In function 'main':
conftest.c:28: error: 'not' undeclared (first use in this function)
conftest.c:28: error: (Each undeclared identifier is reported only once
conftest.c:28: error: for each function it appears in.)
conftest.c:28: error: expected ';' before 'big'
configure:20424: $? = 1
configure: failed program was:
| /* confdefs.h.  */
| #define PACKAGE_NAME "pixman"
| #define PACKAGE_TARNAME "pixman"
| #define PACKAGE_VERSION "0.22.2"
| #define PACKAGE_STRING "pixman 0.22.2"
| #define PACKAGE_BUGREPORT "pixman@lists.freedesktop.org"
| #define PACKAGE "pixman"
| #define VERSION "0.22.2"
| #define STDC_HEADERS 1
| #define HAVE_SYS_TYPES_H 1
| #define HAVE_SYS_STAT_H 1
| #define HAVE_STDLIB_H 1
| #define HAVE_STRING_H 1
| #define HAVE_MEMORY_H 1
| #define HAVE_STRINGS_H 1
| #define HAVE_INTTYPES_H 1
| #define HAVE_STDINT_H 1
| #define HAVE_UNISTD_H 1
| #define HAVE_DLFCN_H 1
| /* end confdefs.h.  */
| #include <sys/types.h>
| 		#include <sys/param.h>
| 
| int
| main ()
| {
| #if BYTE_ORDER != BIG_ENDIAN
| 		 not big endian
| 		#endif
| 
|   ;
|   return 0;
| }
configure:20676: result: no
configure:20701: checking for inline
configure:20727: /usr/bin/gcc -c -g -O2  conftest.c >&5
configure:20734: $? = 0
configure:20752: result: inline
configure:20777: checking whether the compiler supports -Werror
configure:20795: /usr/bin/gcc -o conftest -Werror   conftest.c  >&5
configure:20802: $? = 0
configure:20837: result: yes
configure:20848: checking size of long
configure:21153: /usr/bin/gcc -o conftest -g -O2   conftest.c  >&5
configure:21157: $? = 0
configure:21163: ./conftest
configure:21167: $? = 0
configure:21193: result: 4
configure:21205: checking whether __SUNPRO_C is declared
configure:21234: /usr/bin/gcc -c -g -O2  conftest.c >&5
conftest.c: In function 'main':
conftest.c:59: error: '__SUNPRO_C' undeclared (first use in this function)
conftest.c:59: error: (Each undeclared identifier is reported only once
conftest.c:59: error: for each function it appears in.)
configure:21241: $? = 1
configure: failed program was:
| /* confdefs.h.  */
| #define PACKAGE_NAME "pixman"
| #define PACKAGE_TARNAME "pixman"
| #define PACKAGE_VERSION "0.22.2"
| #define PACKAGE_STRING "pixman 0.22.2"
| #define PACKAGE_BUGREPORT "pixman@lists.freedesktop.org"
| #define PACKAGE "pixman"
| #define VERSION "0.22.2"
| #define STDC_HEADERS 1
| #define HAVE_SYS_TYPES_H 1
| #define HAVE_SYS_STAT_H 1
| #define HAVE_STDLIB_H 1
| #define HAVE_STRING_H 1
| #define HAVE_MEMORY_H 1
| #define HAVE_STRINGS_H 1
| #define HAVE_INTTYPES_H 1
| #define HAVE_STDINT_H 1
| #define HAVE_UNISTD_H 1
| #define HAVE_DLFCN_H 1
| #define SIZEOF_LONG 4
| /* end confdefs.h.  */
| #include <stdio.h>
| #ifdef HAVE_SYS_TYPES_H
| # include <sys/types.h>
| #endif
| #ifdef HAVE_SYS_STAT_H
| # include <sys/stat.h>
| #endif
| #ifdef STDC_HEADERS
| # include <stdlib.h>
| # include <stddef.h>
| #else
| # ifdef HAVE_STDLIB_H
| #  include <stdlib.h>
| # endif
| #endif
| #ifdef HAVE_STRING_H
| # if !defined STDC_HEADERS && defined HAVE_MEMORY_H
| #  include <memory.h>
| # endif
| # include <string.h>
| #endif
| #ifdef HAVE_STRINGS_H
| # include <strings.h>
| #endif
| #ifdef HAVE_INTTYPES_H
| # include <inttypes.h>
| #endif
| #ifdef HAVE_STDINT_H
| # include <stdint.h>
| #endif
| #ifdef HAVE_UNISTD_H
| # include <unistd.h>
| #endif
| int
| main ()
| {
| #ifndef __SUNPRO_C
|   (void) __SUNPRO_C;
| #endif
| 
|   ;
|   return 0;
| }
configure:21256: result: no
configure:21264: checking whether __amd64 is declared
configure:21293: /usr/bin/gcc -c -g -O2  conftest.c >&5
conftest.c: In function 'main':
conftest.c:59: error: '__amd64' undeclared (first use in this function)
conftest.c:59: error: (Each undeclared identifier is reported only once
conftest.c:59: error: for each function it appears in.)
configure:21300: $? = 1
configure: failed program was:
| /* confdefs.h.  */
| #define PACKAGE_NAME "pixman"
| #define PACKAGE_TARNAME "pixman"
| #define PACKAGE_VERSION "0.22.2"
| #define PACKAGE_STRING "pixman 0.22.2"
| #define PACKAGE_BUGREPORT "pixman@lists.freedesktop.org"
| #define PACKAGE "pixman"
| #define VERSION "0.22.2"
| #define STDC_HEADERS 1
| #define HAVE_SYS_TYPES_H 1
| #define HAVE_SYS_STAT_H 1
| #define HAVE_STDLIB_H 1
| #define HAVE_STRING_H 1
| #define HAVE_MEMORY_H 1
| #define HAVE_STRINGS_H 1
| #define HAVE_INTTYPES_H 1
| #define HAVE_STDINT_H 1
| #define HAVE_UNISTD_H 1
| #define HAVE_DLFCN_H 1
| #define SIZEOF_LONG 4
| /* end confdefs.h.  */
| #include <stdio.h>
| #ifdef HAVE_SYS_TYPES_H
| # include <sys/types.h>
| #endif
| #ifdef HAVE_SYS_STAT_H
| # include <sys/stat.h>
| #endif
| #ifdef STDC_HEADERS
| # include <stdlib.h>
| # include <stddef.h>
| #else
| # ifdef HAVE_STDLIB_H
| #  include <stdlib.h>
| # endif
| #endif
| #ifdef HAVE_STRING_H
| # if !defined STDC_HEADERS && defined HAVE_MEMORY_H
| #  include <memory.h>
| # endif
| # include <string.h>
| #endif
| #ifdef HAVE_STRINGS_H
| # include <strings.h>
| #endif
| #ifdef HAVE_INTTYPES_H
| # include <inttypes.h>
| #endif
| #ifdef HAVE_STDINT_H
| # include <stdint.h>
| #endif
| #ifdef HAVE_UNISTD_H
| # include <unistd.h>
| #endif
| int
| main ()
| {
| #ifndef __amd64
|   (void) __amd64;
| #endif
| 
|   ;
|   return 0;
| }
configure:21315: result: no
configure:21357: checking whether the compiler supports -Wall
configure:21377: /usr/bin/gcc -o conftest -Werror -Wall   conftest.c  >&5
configure:21384: $? = 0
configure:21422: result: yes
configure:21425: checking whether the compiler supports -fno-strict-aliasing
configure:21445: /usr/bin/gcc -o conftest -Werror -fno-strict-aliasing   conftest.c  >&5
configure:21452: $? = 0
configure:21490: result: yes
configure:21496: checking for perl
configure:21514: found /usr/bin/perl
configure:21527: result: /usr/bin/perl
configure:21553: checking for /usr/bin/gcc option to support OpenMP
configure:21573: /usr/bin/gcc -o conftest -g -O2 -Wall -fno-strict-aliasing   conftest.c  >&5
conftest.c:3: error: expected '=', ',', ';', 'asm' or '__attribute__' before 'me'
conftest.c:5:17: error: omp.h: No such file or directory
configure:21580: $? = 1
configure: failed program was:
| 
| #ifndef _OPENMP
|  choke me
| #endif
| #include <omp.h>
| int main () { return omp_get_num_threads (); }
| 
configure:21612: /usr/bin/gcc -o conftest -g -O2 -Wall -fno-strict-aliasing -fopenmp   conftest.c  >&5
conftest.c:5:17: error: omp.h: No such file or directory
conftest.c: In function 'main':
conftest.c:6: warning: implicit declaration of function 'omp_get_num_threads'
configure:21619: $? = 1
configure: failed program was:
| 
| #ifndef _OPENMP
|  choke me
| #endif
| #include <omp.h>
| int main () { return omp_get_num_threads (); }
| 
configure:21612: /usr/bin/gcc -o conftest -g -O2 -Wall -fno-strict-aliasing -xopenmp   conftest.c  >&5
gcc: language openmp not recognized
gcc: language openmp not recognized
ld warning: in conftest.c, file is not of required architecture
Undefined symbols:
  "_main", referenced from:
      __start in crt1.10.5.o
ld: symbol(s) not found
collect2: ld returned 1 exit status
configure:21619: $? = 1
configure: failed program was:
| 
| #ifndef _OPENMP
|  choke me
| #endif
| #include <omp.h>
| int main () { return omp_get_num_threads (); }
| 
configure:21612: /usr/bin/gcc -o conftest -g -O2 -Wall -fno-strict-aliasing -openmp   conftest.c  >&5
conftest.c:3: error: expected '=', ',', ';', 'asm' or '__attribute__' before 'me'
conftest.c:5:17: error: omp.h: No such file or directory
configure:21619: $? = 1
configure: failed program was:
| 
| #ifndef _OPENMP
|  choke me
| #endif
| #include <omp.h>
| int main () { return omp_get_num_threads (); }
| 
configure:21612: /usr/bin/gcc -o conftest -g -O2 -Wall -fno-strict-aliasing -mp   conftest.c  >&5
cc1: error: unrecognized command line option "-mp"
configure:21619: $? = 1
configure: failed program was:
| 
| #ifndef _OPENMP
|  choke me
| #endif
| #include <omp.h>
| int main () { return omp_get_num_threads (); }
| 
configure:21612: /usr/bin/gcc -o conftest -g -O2 -Wall -fno-strict-aliasing -omp   conftest.c  >&5
conftest.c:3: error: expected '=', ',', ';', 'asm' or '__attribute__' before 'me'
conftest.c:5:17: error: omp.h: No such file or directory
configure:21619: $? = 1
configure: failed program was:
| 
| #ifndef _OPENMP
|  choke me
| #endif
| #include <omp.h>
| int main () { return omp_get_num_threads (); }
| 
configure:21612: /usr/bin/gcc -o conftest -g -O2 -Wall -fno-strict-aliasing -qsmp=omp   conftest.c  >&5
conftest.c:3: error: expected '=', ',', ';', 'asm' or '__attribute__' before 'me'
conftest.c:5:17: error: omp.h: No such file or directory
configure:21619: $? = 1
configure: failed program was:
| 
| #ifndef _OPENMP
|  choke me
| #endif
| #include <omp.h>
| int main () { return omp_get_num_threads (); }
| 
configure:21649: result: unsupported
configure:21770: checking whether the compiler supports -fvisibility=hidden
configure:21797: /usr/bin/gcc -o conftest -Werror -fvisibility=hidden   conftest.c  >&5
configure:21804: $? = 0
configure:21842: result: yes
configure:21846: checking whether the compiler supports -xldscope=hidden
configure:21870: /usr/bin/gcc -o conftest -Werror -xldscope=hidden   conftest.c  >&5
gcc: language ldscope=hidden not recognized
gcc: language ldscope=hidden not recognized
ld warning: in conftest.c, file is not of required architecture
Undefined symbols:
  "_main", referenced from:
      __start in crt1.10.5.o
ld: symbol(s) not found
collect2: ld returned 1 exit status
configure:21877: $? = 1
configure: failed program was:
| #if defined(__SUNPRO_C) && (__SUNPRO_C >= 0x550)
| #else
| error Need Sun Studio 8 for visibility
| #endif
| 
| 		 int main(int c, char **v) { (void)c; (void)v; return 0; }
| 
configure:21915: result: no
configure:21934: checking whether to use MMX intrinsics
configure:21955: /usr/bin/gcc -c -mmmx -Winline -g -O2 -Wall -fno-strict-aliasing -fvisibility=hidden  conftest.c >&5
cc1: error: unrecognized command line option "-mmmx"
configure:21962: $? = 1
configure: failed program was:
| 
| #if defined(__GNUC__) && (__GNUC__ < 3 || (__GNUC__ == 3 && __GNUC_MINOR__ < 4))
| error "Need GCC >= 3.4 for MMX intrinsics"
| #endif
| #include <mmintrin.h>
| int main () {
|     __m64 v = _mm_cvtsi32_si64 (1);
|     return _mm_cvtsi64_si32 (v);
| }
configure:22000: result: no
configure:22030: checking whether to use SSE2 intrinsics
configure:22057: /usr/bin/gcc -c -msse2 -Winline -g -O2 -Wall -fno-strict-aliasing -fvisibility=hidden  conftest.c >&5
cc1: error: unrecognized command line option "-msse2"
configure:22064: $? = 1
configure: failed program was:
| 
| #if defined(__GNUC__) && (__GNUC__ < 4 || (__GNUC__ == 4 && __GNUC_MINOR__ < 2))
| #   if !defined(__amd64__) && !defined(__x86_64__)
| #      error "Need GCC >= 4.2 for SSE2 intrinsics on x86"
| #   endif
| #endif
| #include <mmintrin.h>
| #include <xmmintrin.h>
| #include <emmintrin.h>
| int main () {
|     __m128i a = _mm_set1_epi32 (0), b = _mm_set1_epi32 (0), c;
| 	c = _mm_xor_si128 (a, b);
|     return 0;
| }
configure:22100: result: no
configure:22190: checking whether to use VMX/Altivec intrinsics
configure:22212: /usr/bin/gcc -c -faltivec -g -O2 -Wall -fno-strict-aliasing -fvisibility=hidden  conftest.c >&5
conftest.c:5:21: error: altivec.h: No such file or directory
conftest.c: In function 'main':
conftest.c:7: error: 'vector' undeclared (first use in this function)
conftest.c:7: error: (Each undeclared identifier is reported only once
conftest.c:7: error: for each function it appears in.)
conftest.c:7: error: expected ';' before 'unsigned'
conftest.c:8: error: 'v' undeclared (first use in this function)
conftest.c:8: warning: implicit declaration of function 'vec_sub'
configure:22219: $? = 1
configure: failed program was:
| 
| #if defined(__GNUC__) && (__GNUC__ < 3 || (__GNUC__ == 3 && __GNUC_MINOR__ < 4))
| error "Need GCC >= 3.4 for sane altivec support"
| #endif
| #include <altivec.h>
| int main () {
|     vector unsigned int v = vec_splat_u32 (1);
|     v = vec_sub (v, v);
|     return 0;
| }
configure:22257: result: no
configure:22277: checking whether to use ARM SIMD assembler
configure:22300: /usr/bin/gcc -c -x assembler-with-cpp -g -O2 -Wall -fno-strict-aliasing -fvisibility=hidden  conftest.c >&5
conftest.c:8:2: error: #error EABI is required (to be sure that calling conventions are compatible)
configure:22307: $? = 1
configure: failed program was:
| 
| .text
| .arch armv6
| .object_arch armv4
| .arm
| .altmacro
| #ifndef __ARM_EABI__
| #error EABI is required (to be sure that calling conventions are compatible)
| #endif
| pld [r0]
| uqadd8 r0, r0, r0
configure:22352: result: no
configure:22361: checking whether to use ARM NEON assembler
configure:22386: /usr/bin/gcc -c -x assembler-with-cpp -g -O2 -Wall -fno-strict-aliasing -fvisibility=hidden  conftest.c >&5
conftest.c:10:2: error: #error EABI is required (to be sure that calling conventions are compatible)
configure:22393: $? = 1
configure: failed program was:
| 
| .text
| .fpu neon
| .arch armv7a
| .object_arch armv4
| .eabi_attribute 10, 0
| .arm
| .altmacro
| #ifndef __ARM_EABI__
| #error EABI is required (to be sure that calling conventions are compatible)
| #endif
| pld [r0]
| vmovn.u16 d0, q0
configure:22438: result: no
configure:22448: checking whether to use GNU-style inline assembler
configure:22464: /usr/bin/gcc -c -g -O2 -Wall -fno-strict-aliasing -fvisibility=hidden  conftest.c >&5
configure:22471: $? = 0
configure:22506: result: yes
configure:22614: checking for pkg-config
configure:22632: found /usr/bin/pkg-config
configure:22644: result: /usr/bin/pkg-config
configure:22669: checking pkg-config is at least version 0.9.0
configure:22672: result: yes
configure:22870: checking for pixman_version_string in -lpixman-1
configure:22905: /usr/bin/gcc -o conftest -g -O2 -Wall -fno-strict-aliasing -fvisibility=hidden   conftest.c -lpixman-1   >&5
ld: library not found for -lpixman-1
collect2: ld returned 1 exit status
configure:22912: $? = 1
configure: failed program was:
| /* confdefs.h.  */
| #define PACKAGE_NAME "pixman"
| #define PACKAGE_TARNAME "pixman"
| #define PACKAGE_VERSION "0.22.2"
| #define PACKAGE_STRING "pixman 0.22.2"
| #define PACKAGE_BUGREPORT "pixman@lists.freedesktop.org"
| #define PACKAGE "pixman"
| #define VERSION "0.22.2"
| #define STDC_HEADERS 1
| #define HAVE_SYS_TYPES_H 1
| #define HAVE_SYS_STAT_H 1
| #define HAVE_STDLIB_H 1
| #define HAVE_STRING_H 1
| #define HAVE_MEMORY_H 1
| #define HAVE_STRINGS_H 1
| #define HAVE_INTTYPES_H 1
| #define HAVE_STDINT_H 1
| #define HAVE_UNISTD_H 1
| #define HAVE_DLFCN_H 1
| #define SIZEOF_LONG 4
| #define USE_GCC_INLINE_ASM 1
| /* end confdefs.h.  */
| 
| /* Override any GCC internal prototype to avoid an error.
|    Use char because int might match the return type of a GCC
|    builtin and then its argument prototype would still apply.  */
| #ifdef __cplusplus
| extern "C"
| #endif
| char pixman_version_string ();
| int
| main ()
| {
| return pixman_version_string ();
|   ;
|   return 0;
| }
configure:22933: result: no
configure:23028: checking for posix_memalign
configure:23084: /usr/bin/gcc -o conftest -g -O2 -Wall -fno-strict-aliasing -fvisibility=hidden   conftest.c  >&5
configure:23091: $? = 0
configure:23111: result: yes
configure:23127: checking for sigaction
configure:23183: /usr/bin/gcc -o conftest -g -O2 -Wall -fno-strict-aliasing -fvisibility=hidden   conftest.c  >&5
configure:23190: $? = 0
configure:23210: result: yes
configure:23226: checking for alarm
configure:23282: /usr/bin/gcc -o conftest -g -O2 -Wall -fno-strict-aliasing -fvisibility=hidden   conftest.c  >&5
configure:23289: $? = 0
configure:23309: result: yes
configure:23335: checking sys/mman.h usability
configure:23352: /usr/bin/gcc -c -g -O2 -Wall -fno-strict-aliasing -fvisibility=hidden  conftest.c >&5
configure:23359: $? = 0
configure:23373: result: yes
configure:23377: checking sys/mman.h presence
configure:23392: /usr/bin/gcc -E  conftest.c
configure:23399: $? = 0
configure:23413: result: yes
configure:23446: checking for sys/mman.h
configure:23453: result: yes
configure:23467: checking for mmap
configure:23523: /usr/bin/gcc -o conftest -g -O2 -Wall -fno-strict-aliasing -fvisibility=hidden   conftest.c  >&5
configure:23530: $? = 0
configure:23550: result: yes
configure:23566: checking for mprotect
configure:23622: /usr/bin/gcc -o conftest -g -O2 -Wall -fno-strict-aliasing -fvisibility=hidden   conftest.c  >&5
configure:23629: $? = 0
configure:23649: result: yes
configure:23665: checking for getpagesize
configure:23721: /usr/bin/gcc -o conftest -g -O2 -Wall -fno-strict-aliasing -fvisibility=hidden   conftest.c  >&5
configure:23728: $? = 0
configure:23748: result: yes
configure:23774: checking fenv.h usability
configure:23791: /usr/bin/gcc -c -g -O2 -Wall -fno-strict-aliasing -fvisibility=hidden  conftest.c >&5
configure:23798: $? = 0
configure:23812: result: yes
configure:23816: checking fenv.h presence
configure:23831: /usr/bin/gcc -E  conftest.c
configure:23838: $? = 0
configure:23852: result: yes
configure:23885: checking for fenv.h
configure:23892: result: yes
configure:23906: checking for feenableexcept in -lm
configure:23941: /usr/bin/gcc -o conftest -g -O2 -Wall -fno-strict-aliasing -fvisibility=hidden   conftest.c -lm   >&5
Undefined symbols:
  "_feenableexcept", referenced from:
      _main in ccb2yX0f.o
ld: symbol(s) not found
collect2: ld returned 1 exit status
configure:23948: $? = 1
configure: failed program was:
| /* confdefs.h.  */
| #define PACKAGE_NAME "pixman"
| #define PACKAGE_TARNAME "pixman"
| #define PACKAGE_VERSION "0.22.2"
| #define PACKAGE_STRING "pixman 0.22.2"
| #define PACKAGE_BUGREPORT "pixman@lists.freedesktop.org"
| #define PACKAGE "pixman"
| #define VERSION "0.22.2"
| #define STDC_HEADERS 1
| #define HAVE_SYS_TYPES_H 1
| #define HAVE_SYS_STAT_H 1
| #define HAVE_STDLIB_H 1
| #define HAVE_STRING_H 1
| #define HAVE_MEMORY_H 1
| #define HAVE_STRINGS_H 1
| #define HAVE_INTTYPES_H 1
| #define HAVE_STDINT_H 1
| #define HAVE_UNISTD_H 1
| #define HAVE_DLFCN_H 1
| #define SIZEOF_LONG 4
| #define USE_GCC_INLINE_ASM 1
| #define HAVE_POSIX_MEMALIGN 1
| #define HAVE_SIGACTION 1
| #define HAVE_ALARM 1
| #define HAVE_SYS_MMAN_H 1
| #define HAVE_MMAP 1
| #define HAVE_MPROTECT 1
| #define HAVE_GETPAGESIZE 1
| #define HAVE_FENV_H 1
| /* end confdefs.h.  */
| 
| /* Override any GCC internal prototype to avoid an error.
|    Use char because int might match the return type of a GCC
|    builtin and then its argument prototype would still apply.  */
| #ifdef __cplusplus
| extern "C"
| #endif
| char feenableexcept ();
| int
| main ()
| {
| return feenableexcept ();
|   ;
|   return 0;
| }
configure:23969: result: no
configure:23985: checking for gettimeofday
configure:24041: /usr/bin/gcc -o conftest -g -O2 -Wall -fno-strict-aliasing -fvisibility=hidden   conftest.c  >&5
configure:24048: $? = 0
configure:24068: result: yes
configure:24086: checking sys/time.h usability
configure:24103: /usr/bin/gcc -c -g -O2 -Wall -fno-strict-aliasing -fvisibility=hidden  conftest.c >&5
configure:24110: $? = 0
configure:24124: result: yes
configure:24128: checking sys/time.h presence
configure:24143: /usr/bin/gcc -E  conftest.c
configure:24150: $? = 0
configure:24164: result: yes
configure:24197: checking for sys/time.h
configure:24204: result: yes
configure:24226: checking for __thread
configure:24246: /usr/bin/gcc -o conftest -g -O2 -Wall -fno-strict-aliasing -fvisibility=hidden   conftest.c  >&5
conftest.c:8: error: thread-local storage not supported for this target
configure:24253: $? = 1
configure: failed program was:
| 
| #if defined(__MINGW32__) && !(__GNUC__ > 4 || (__GNUC__ == 4 && __GNUC_MINOR__ >= 5))
| #error This MinGW version has broken __thread support
| #endif
| #ifdef __OpenBSD__
| #error OpenBSD has broken __thread support
| #endif
| static __thread int x ;
| int main () { x = 123; return x; }
| 
configure:24281: result: no
configure:24292: checking for pthread_setspecific
configure:24344: /usr/bin/gcc -o conftest -D_REENTRANT   conftest.c -lpthread >&5
configure:24351: $? = 0
configure:24593: result: yes
configure:24605: checking for __attribute__((constructor))
configure:24627: /usr/bin/gcc -o conftest -g -O2 -Wall -fno-strict-aliasing -fvisibility=hidden -D_REENTRANT   conftest.c  >&5
configure:24634: $? = 0
configure:24662: result: yes
configure:24856: creating ./config.status

## ---------------------- ##
## Running config.status. ##
## ---------------------- ##

This file was extended by pixman config.status 0.22.2, which was
generated by GNU Autoconf 2.63.  Invocation command line was

  CONFIG_FILES    = 
  CONFIG_HEADERS  = 
  CONFIG_LINKS    = 
  CONFIG_COMMANDS = 
  $ ./config.status 

on Chriss-iPad

config.status:861: creating pixman-1.pc
config.status:861: creating pixman-1-uninstalled.pc
config.status:861: creating Makefile
config.status:861: creating pixman/Makefile
config.status:861: creating pixman/pixman-version.h
config.status:861: creating demos/Makefile
config.status:861: creating test/Makefile
config.status:861: creating config.h
config.status:1135: executing depfiles commands

## ---------------- ##
## Cache variables. ##
## ---------------- ##

ac_cv_build=arm-apple-darwin10.4.0
ac_cv_c_bigendian=no
ac_cv_c_compiler_gnu=yes
ac_cv_c_inline=inline
ac_cv_cxx_compiler_gnu=yes
ac_cv_env_CCASFLAGS_set=
ac_cv_env_CCASFLAGS_value=
ac_cv_env_CCAS_set=
ac_cv_env_CCAS_value=
ac_cv_env_CCC_set=
ac_cv_env_CCC_value=
ac_cv_env_CC_set=set
ac_cv_env_CC_value=/usr/bin/gcc
ac_cv_env_CFLAGS_set=
ac_cv_env_CFLAGS_value=
ac_cv_env_CPPFLAGS_set=
ac_cv_env_CPPFLAGS_value=
ac_cv_env_CPP_set=
ac_cv_env_CPP_value=
ac_cv_env_CXXCPP_set=
ac_cv_env_CXXCPP_value=
ac_cv_env_CXXFLAGS_set=
ac_cv_env_CXXFLAGS_value=
ac_cv_env_CXX_set=
ac_cv_env_CXX_value=
ac_cv_env_F77_set=
ac_cv_env_F77_value=
ac_cv_env_FFLAGS_set=
ac_cv_env_FFLAGS_value=
ac_cv_env_GTK_CFLAGS_set=
ac_cv_env_GTK_CFLAGS_value=
ac_cv_env_GTK_LIBS_set=
ac_cv_env_GTK_LIBS_value=
ac_cv_env_LDFLAGS_set=
ac_cv_env_LDFLAGS_value=
ac_cv_env_LIBS_set=
ac_cv_env_LIBS_value=
ac_cv_env_PKG_CONFIG_set=
ac_cv_env_PKG_CONFIG_value=
ac_cv_env_build_alias_set=
ac_cv_env_build_alias_value=
ac_cv_env_host_alias_set=
ac_cv_env_host_alias_value=
ac_cv_env_target_alias_set=
ac_cv_env_target_alias_value=
ac_cv_f77_compiler_gnu=no
ac_cv_func_alarm=yes
ac_cv_func_getisax=no
ac_cv_func_getpagesize=yes
ac_cv_func_gettimeofday=yes
ac_cv_func_mmap=yes
ac_cv_func_mprotect=yes
ac_cv_func_posix_memalign=yes
ac_cv_func_sigaction=yes
ac_cv_have_decl___SUNPRO_C=no
ac_cv_have_decl___amd64=no
ac_cv_header_dlfcn_h=yes
ac_cv_header_fenv_h=yes
ac_cv_header_inttypes_h=yes
ac_cv_header_memory_h=yes
ac_cv_header_stdc=yes
ac_cv_header_stdint_h=yes
ac_cv_header_stdlib_h=yes
ac_cv_header_string_h=yes
ac_cv_header_strings_h=yes
ac_cv_header_sys_mman_h=yes
ac_cv_header_sys_stat_h=yes
ac_cv_header_sys_time_h=yes
ac_cv_header_sys_types_h=yes
ac_cv_header_unistd_h=yes
ac_cv_host=arm-apple-darwin10.4.0
ac_cv_lib_m_feenableexcept=no
ac_cv_lib_pixman_1_pixman_version_string=no
ac_cv_objext=o
ac_cv_path_EGREP='/bin/grep -E'
ac_cv_path_GREP=/bin/grep
ac_cv_path_PERL=/usr/bin/perl
ac_cv_path_ac_pt_PKG_CONFIG=/usr/bin/pkg-config
ac_cv_path_install='/usr/bin/install -c'
ac_cv_path_mkdir=/bin/mkdir
ac_cv_prog_AWK=gawk
ac_cv_prog_CPP='/usr/bin/gcc -E'
ac_cv_prog_CXXCPP='g++ -E'
ac_cv_prog_ac_ct_AR=ar
ac_cv_prog_ac_ct_CC=/usr/bin/gcc
ac_cv_prog_ac_ct_CXX=g++
ac_cv_prog_ac_ct_NMEDIT=nmedit
ac_cv_prog_ac_ct_RANLIB=ranlib
ac_cv_prog_ac_ct_STRIP=strip
ac_cv_prog_c_openmp=unsupported
ac_cv_prog_cc_c89=
ac_cv_prog_cc_g=yes
ac_cv_prog_cxx_g=yes
ac_cv_prog_f77_g=no
ac_cv_prog_make_make_set=yes
ac_cv_sizeof_long=4
am_cv_CCAS_dependencies_compiler_type=gcc3
am_cv_CC_dependencies_compiler_type=gcc3
am_cv_CXX_dependencies_compiler_type=gcc3
lt_cv_apple_cc_single_mod=yes
lt_cv_deplibs_check_method=pass_all
lt_cv_file_magic_cmd='$MAGIC_CMD'
lt_cv_file_magic_test_file=
lt_cv_ld_exported_symbols_list=yes
lt_cv_ld_reload_flag=-r
lt_cv_objdir=.libs
lt_cv_path_LD=/usr/bin/ld
lt_cv_path_LDCXX=/usr/bin/ld
lt_cv_path_NM='/usr/bin/nm -p'
lt_cv_path_SED=/bin/sed
lt_cv_prog_compiler_c_o=yes
lt_cv_prog_compiler_c_o_CXX=yes
lt_cv_prog_compiler_pic_works=yes
lt_cv_prog_compiler_pic_works_CXX=yes
lt_cv_prog_compiler_rtti_exceptions=no
lt_cv_prog_compiler_static_works=no
lt_cv_prog_compiler_static_works_CXX=no
lt_cv_prog_gnu_ld=no
lt_cv_prog_gnu_ldcxx=no
lt_cv_sys_global_symbol_pipe='sed -n -e '\''s/^.*[ 	]\([BCDEGRST][BCDEGRST]*\)[ 	][ 	]*_\([_A-Za-z][_A-Za-z0-9]*\)$/\1 _\2 \2/p'\'''
lt_cv_sys_global_symbol_to_c_name_address='sed -n -e '\''s/^: \([^ ]*\) $/  {\"\1\", (lt_ptr) 0},/p'\'' -e '\''s/^[BCDEGRST] \([^ ]*\) \([^ ]*\)$/  {"\2", (lt_ptr) \&\2},/p'\'''
lt_cv_sys_global_symbol_to_cdecl='sed -n -e '\''s/^. .* \(.*\)$/extern int \1;/p'\'''
lt_cv_sys_lib_dlsearch_path_spec='/usr/local/lib /lib /usr/lib'
lt_cv_sys_lib_search_path_spec='/lib /usr/lib /usr/lib/gcc/arm-apple-darwin9/4.2.1 /usr/local/lib'
lt_cv_sys_max_cmd_len=196608
lt_lt_cv_prog_compiler_c_o='"yes"'
lt_lt_cv_prog_compiler_c_o_CXX='"yes"'
lt_lt_cv_sys_global_symbol_pipe='"sed -n -e '\''s/^.*[ 	]\\([BCDEGRST][BCDEGRST]*\\)[ 	][ 	]*_\\([_A-Za-z][_A-Za-z0-9]*\\)\$/\\1 _\\2 \\2/p'\''"'
lt_lt_cv_sys_global_symbol_to_c_name_address='"sed -n -e '\''s/^: \\([^ ]*\\) \$/  {\\\"\\1\\\", (lt_ptr) 0},/p'\'' -e '\''s/^[BCDEGRST] \\([^ ]*\\) \\([^ ]*\\)\$/  {\"\\2\", (lt_ptr) \\&\\2},/p'\''"'
lt_lt_cv_sys_global_symbol_to_cdecl='"sed -n -e '\''s/^. .* \\(.*\\)\$/extern int \\1;/p'\''"'

## ----------------- ##
## Output variables. ##
## ----------------- ##

ACLOCAL='${SHELL} /home/chris/pixman-0.22.2/missing --run aclocal-1.11'
AMDEPBACKSLASH='\'
AMDEP_FALSE='#'
AMDEP_TRUE=''
AMTAR='${SHELL} /home/chris/pixman-0.22.2/missing --run tar'
AM_BACKSLASH='\'
AM_DEFAULT_VERBOSITY='0'
AR='ar'
AUTOCONF='${SHELL} /home/chris/pixman-0.22.2/missing --run autoconf'
AUTOHEADER='${SHELL} /home/chris/pixman-0.22.2/missing --run autoheader'
AUTOMAKE='${SHELL} /home/chris/pixman-0.22.2/missing --run automake-1.11'
AWK='gawk'
CC='/usr/bin/gcc'
CCAS='/usr/bin/gcc'
CCASDEPMODE='depmode=gcc3'
CCASFLAGS='-g -O2'
CCDEPMODE='depmode=gcc3'
CFLAGS='-g -O2 -Wall -fno-strict-aliasing -fvisibility=hidden -D_REENTRANT'
CPP='/usr/bin/gcc -E'
CPPFLAGS=''
CXX='g++'
CXXCPP='g++ -E'
CXXDEPMODE='depmode=gcc3'
CXXFLAGS='-g -O2'
CYGPATH_W='echo'
DEFS='-DHAVE_CONFIG_H'
DEPDIR='.deps'
DEP_CFLAGS=''
DEP_LIBS=''
DSYMUTIL=':'
ECHO='echo'
ECHO_C=''
ECHO_N='-n'
ECHO_T=''
EGREP='/bin/grep -E'
EXEEXT=''
F77=''
FFLAGS=''
GREP='/bin/grep'
GTK_CFLAGS=''
GTK_LIBS=''
HAVE_GTK_FALSE=''
HAVE_GTK_TRUE='#'
HAVE_PTHREAD_SETSPECIFIC=''
INSTALL_DATA='${INSTALL} -m 644'
INSTALL_PROGRAM='${INSTALL}'
INSTALL_SCRIPT='${INSTALL}'
INSTALL_STRIP_PROGRAM='$(install_sh) -c -s'
LDFLAGS=''
LIBOBJS=''
LIBS=''
LIBTOOL='$(SHELL) $(top_builddir)/libtool'
LN_S='ln -s'
LTLIBOBJS=''
LT_VERSION_INFO='22:2:22'
MAKEINFO='${SHELL} /home/chris/pixman-0.22.2/missing --run makeinfo'
MKDIR_P='/bin/mkdir -p'
MMX_CFLAGS=''
MMX_LDFLAGS=''
NMEDIT='nmedit'
OBJEXT='o'
OPENMP_CFLAGS=''
PACKAGE='pixman'
PACKAGE_BUGREPORT='pixman@lists.freedesktop.org'
PACKAGE_NAME='pixman'
PACKAGE_STRING='pixman 0.22.2'
PACKAGE_TARNAME='pixman'
PACKAGE_VERSION='0.22.2'
PATH_SEPARATOR=':'
PERL='/usr/bin/perl'
PIXMAN_TIMERS=''
PIXMAN_VERSION_MAJOR='0'
PIXMAN_VERSION_MICRO='2'
PIXMAN_VERSION_MINOR='22'
PKG_CONFIG='/usr/bin/pkg-config'
PTHREAD_LDFLAGS=''
PTHREAD_LIBS='-lpthread'
RANLIB='ranlib'
SED='/bin/sed'
SET_MAKE=''
SHELL='/bin/sh'
SSE2_CFLAGS='-msse2 -Winline'
SSE2_LDFLAGS=''
STRIP='strip'
TESTPROGS_EXTRA_LDFLAGS=''
TOOLCHAIN_SUPPORTS_ATTRIBUTE_CONSTRUCTOR=''
TOOLCHAIN_SUPPORTS__THREAD=''
USE_ARM_NEON_FALSE=''
USE_ARM_NEON_TRUE='#'
USE_ARM_SIMD_FALSE=''
USE_ARM_SIMD_TRUE='#'
USE_GCC_INLINE_ASM_FALSE='#'
USE_GCC_INLINE_ASM_TRUE=''
USE_MMX_FALSE=''
USE_MMX_TRUE='#'
USE_SSE2_FALSE=''
USE_SSE2_TRUE='#'
USE_VMX_FALSE=''
USE_VMX_TRUE='#'
VERSION='0.22.2'
VMX_CFLAGS=''
ac_ct_CC='/usr/bin/gcc'
ac_ct_CXX='g++'
ac_ct_F77=''
am__EXEEXT_FALSE=''
am__EXEEXT_TRUE='#'
am__fastdepCCAS_FALSE='#'
am__fastdepCCAS_TRUE=''
am__fastdepCC_FALSE='#'
am__fastdepCC_TRUE=''
am__fastdepCXX_FALSE='#'
am__fastdepCXX_TRUE=''
am__include='include'
am__isrc=''
am__leading_dot='.'
am__quote=''
am__tar='${AMTAR} chof - "$$tardir"'
am__untar='${AMTAR} xf -'
bindir='${exec_prefix}/bin'
build='arm-apple-darwin10.4.0'
build_alias=''
build_cpu='arm'
build_os='darwin10.4.0'
build_vendor='apple'
datadir='${datarootdir}'
datarootdir='${prefix}/share'
docdir='${datarootdir}/doc/${PACKAGE_TARNAME}'
dvidir='${docdir}'
exec_prefix='${prefix}'
host='arm-apple-darwin10.4.0'
host_alias=''
host_cpu='arm'
host_os='darwin10.4.0'
host_vendor='apple'
htmldir='${docdir}'
includedir='${prefix}/include'
infodir='${datarootdir}/info'
install_sh='${SHELL} /home/chris/pixman-0.22.2/install-sh'
libdir='${exec_prefix}/lib'
libexecdir='${exec_prefix}/libexec'
localedir='${datarootdir}/locale'
localstatedir='${prefix}/var'
mandir='${datarootdir}/man'
mkdir_p='/bin/mkdir -p'
oldincludedir='/usr/include'
pdfdir='${docdir}'
prefix='/usr/local'
program_transform_name='s,x,x,'
psdir='${docdir}'
sbindir='${exec_prefix}/sbin'
sharedstatedir='${prefix}/com'
sysconfdir='${prefix}/etc'
target_alias=''

## ----------- ##
## confdefs.h. ##
## ----------- ##

#define PACKAGE_NAME "pixman"
#define PACKAGE_TARNAME "pixman"
#define PACKAGE_VERSION "0.22.2"
#define PACKAGE_STRING "pixman 0.22.2"
#define PACKAGE_BUGREPORT "pixman@lists.freedesktop.org"
#define PACKAGE "pixman"
#define VERSION "0.22.2"
#define STDC_HEADERS 1
#define HAVE_SYS_TYPES_H 1
#define HAVE_SYS_STAT_H 1
#define HAVE_STDLIB_H 1
#define HAVE_STRING_H 1
#define HAVE_MEMORY_H 1
#define HAVE_STRINGS_H 1
#define HAVE_INTTYPES_H 1
#define HAVE_STDINT_H 1
#define HAVE_UNISTD_H 1
#define HAVE_DLFCN_H 1
#define SIZEOF_LONG 4
#define USE_GCC_INLINE_ASM 1
#define HAVE_POSIX_MEMALIGN 1
#define HAVE_SIGACTION 1
#define HAVE_ALARM 1
#define HAVE_SYS_MMAN_H 1
#define HAVE_MMAP 1
#define HAVE_MPROTECT 1
#define HAVE_GETPAGESIZE 1
#define HAVE_FENV_H 1
#define HAVE_GETTIMEOFDAY 1
#define HAVE_PTHREAD_SETSPECIFIC /**/
#define TOOLCHAIN_SUPPORTS_ATTRIBUTE_CONSTRUCTOR /**/

configure: exit 0
