This file contains any messages produced by compilers while
running configure, to aid debugging if configure makes a mistake.

It was created by libX11 configure 1.1.5, which was
generated by GNU Autoconf 2.61.  Invocation command line was

  $ ./configure 

## --------- ##
## Platform. ##
## --------- ##

hostname = Chriss-iPad
uname -m = iPad1,1
uname -r = 11.0.0
uname -s = Darwin
uname -v = Darwin Kernel Version 11.0.0: Sun Apr  8 21:51:26 PDT 2012; root:xnu-1878.11.10~1/RELEASE_ARM_S5L8930X

/usr/bin/uname -p = unknown
/bin/uname -X     = unknown

/bin/arch              = unknown
/usr/bin/arch -k       = unknown
/usr/convex/getsysinfo = unknown
/usr/bin/hostinfo      = Mach kernel version:
	 Darwin Kernel Version 11.0.0: Sun Apr  8 21:51:26 PDT 2012; root:xnu-1878.11.10~1/RELEASE_ARM_S5L8930X
Kernel configured for a single processor only.
1 processor is physically available.
1 processor is logically available.
Processor type: armv7 (arm v7)
Processor active: 0
Primary memory available: 246.98 megabytes
Default processor set: 34 tasks, 227 threads, 1 processors
Load average: 2.74, Mach factor: 0.24
/bin/machine           = unknown
/usr/bin/oslevel       = unknown
/bin/universe          = unknown

PATH: /usr/local/sbin
PATH: /usr/local/bin
PATH: /usr/sbin
PATH: /usr/bin
PATH: /sbin
PATH: /bin
PATH: /usr/bin/X11
PATH: /usr/games
PATH: /usr/local/Gambit-C/bin
PATH: /home/chris/apache-ant-1.7.1/bin


## ----------- ##
## Core tests. ##
## ----------- ##

configure:2111: checking for a BSD-compatible install
configure:2167: result: /usr/bin/install -c
configure:2178: checking whether build environment is sane
configure:2221: result: yes
configure:2249: checking for a thread-safe mkdir -p
configure:2288: result: /bin/mkdir -p
configure:2301: checking for gawk
configure:2317: found /usr/bin/gawk
configure:2328: result: gawk
configure:2339: checking whether make sets $(MAKE)
configure:2360: result: yes
configure:2549: checking whether to enable maintainer-specific portions of Makefiles
configure:2558: result: no
configure:2583: checking if xorg-macros used to generate configure is at least 1.1
configure:2598: result: yes, 1.1.5
configure:2681: checking build system type
configure:2699: result: arm-apple-darwin11.0.0
configure:2721: checking host system type
configure:2736: result: arm-apple-darwin11.0.0
configure:2770: checking for style of include used by make
configure:2798: result: GNU
configure:2868: checking for gcc
configure:2895: result: /usr/bin/gcc
configure:3133: checking for C compiler version
configure:3140: /usr/bin/gcc --version >&5
gcc (GCC) 4.2.1 (Based on Apple Inc. build 5555)
Copyright (C) 2007 Free Software Foundation, Inc.
This is free software; see the source for copying conditions.  There is NO
warranty; not even for MERCHANTABILITY or FITNESS FOR A PARTICULAR PURPOSE.

configure:3143: $? = 0
configure:3150: /usr/bin/gcc -v >&5
Using built-in specs.
Target: arm-apple-darwin9
Configured with: ../llvm-gcc-4.2/configure --build=x86_64-unknown-linux-gnu --host=arm-apple-darwin9 --enable-static=no --enable-shared=yes --prefix=/usr --localstatedir=/var/cache/iphone-gcc --enable-languages=c,c++,objc,obj-c++ --enable-wchar_t=no --with-gxx-include-dir=/usr/include/c++/4.0.0
Thread model: posix
gcc version 4.2.1 (Based on Apple Inc. build 5555)
configure:3153: $? = 0
configure:3160: /usr/bin/gcc -V >&5
gcc: '-V' option must have argument
configure:3163: $? = 1
configure:3186: checking for C compiler default output file name
configure:3213: /usr/bin/gcc    conftest.c  >&5
configure:3216: $? = 0
configure:3254: result: a.out
configure:3271: checking whether the C compiler works
configure:3281: ./a.out
./configure: line 3282: 12192 Killed: 9               ./$ac_file
configure:3284: $? = 137
configure:3296: result: yes
configure:3303: checking whether we are cross compiling
configure:3305: result: no
configure:3308: checking for suffix of executables
configure:3315: /usr/bin/gcc -o conftest    conftest.c  >&5
configure:3318: $? = 0
configure:3342: result: 
configure:3348: checking for suffix of object files
configure:3374: /usr/bin/gcc -c   conftest.c >&5
configure:3377: $? = 0
configure:3400: result: o
configure:3404: checking whether we are using the GNU C compiler
configure:3433: /usr/bin/gcc -c   conftest.c >&5
configure:3439: $? = 0
configure:3456: result: yes
configure:3461: checking whether /usr/bin/gcc accepts -g
configure:3491: /usr/bin/gcc -c -g  conftest.c >&5
configure:3497: $? = 0
configure:3596: result: yes
configure:3613: checking for /usr/bin/gcc option to accept ISO C89
configure:3687: /usr/bin/gcc  -c -g -O2  conftest.c >&5
configure:3693: $? = 0
configure:3716: result: none needed
configure:3736: checking dependency style of /usr/bin/gcc
configure:3827: result: gcc3
configure:3842: checking for a sed that does not truncate output
configure:3898: result: /bin/sed
configure:3901: checking for grep that handles long lines and -e
configure:3975: result: /bin/grep
configure:3980: checking for egrep
configure:4058: result: /bin/grep -E
configure:4074: checking for ld used by /usr/bin/gcc
configure:4141: result: /usr/bin/ld
configure:4150: checking if the linker (/usr/bin/ld) is GNU ld
configure:4165: result: no
configure:4170: checking for /usr/bin/ld option to reload object files
configure:4177: result: -r
configure:4195: checking for BSD-compatible nm
configure:4244: result: /usr/bin/nm -p
configure:4248: checking whether ln -s works
configure:4252: result: yes
configure:4259: checking how to recognize dependent libraries
configure:4445: result: pass_all
configure:4690: checking how to run the C preprocessor
configure:4730: /usr/bin/gcc -E  conftest.c
configure:4736: $? = 0
configure:4767: /usr/bin/gcc -E  conftest.c
conftest.c:10:28: error: ac_nonexistent.h: No such file or directory
configure:4773: $? = 1
configure: failed program was:
| /* confdefs.h.  */
| #define PACKAGE_NAME "libX11"
| #define PACKAGE_TARNAME "libX11"
| #define PACKAGE_VERSION "1.1.5"
| #define PACKAGE_STRING "libX11 1.1.5"
| #define PACKAGE_BUGREPORT "https://bugs.freedesktop.org/enter_bug.cgi?product=xorg"
| #define PACKAGE "libX11"
| #define VERSION "1.1.5"
| /* end confdefs.h.  */
| #include <ac_nonexistent.h>
configure:4806: result: /usr/bin/gcc -E
configure:4835: /usr/bin/gcc -E  conftest.c
configure:4841: $? = 0
configure:4872: /usr/bin/gcc -E  conftest.c
conftest.c:10:28: error: ac_nonexistent.h: No such file or directory
configure:4878: $? = 1
configure: failed program was:
| /* confdefs.h.  */
| #define PACKAGE_NAME "libX11"
| #define PACKAGE_TARNAME "libX11"
| #define PACKAGE_VERSION "1.1.5"
| #define PACKAGE_STRING "libX11 1.1.5"
| #define PACKAGE_BUGREPORT "https://bugs.freedesktop.org/enter_bug.cgi?product=xorg"
| #define PACKAGE "libX11"
| #define VERSION "1.1.5"
| /* end confdefs.h.  */
| #include <ac_nonexistent.h>
configure:4916: checking for ANSI C header files
configure:4946: /usr/bin/gcc -c -g -O2  conftest.c >&5
configure:4952: $? = 0
configure:5051: /usr/bin/gcc -o conftest -g -O2   conftest.c  >&5
configure:5054: $? = 0
configure:5060: ./conftest
./configure: line 5061: 12478 Killed: 9               ./conftest$ac_exeext
configure:5063: $? = 137
configure: program exited with status 137
configure: failed program was:
| /* confdefs.h.  */
| #define PACKAGE_NAME "libX11"
| #define PACKAGE_TARNAME "libX11"
| #define PACKAGE_VERSION "1.1.5"
| #define PACKAGE_STRING "libX11 1.1.5"
| #define PACKAGE_BUGREPORT "https://bugs.freedesktop.org/enter_bug.cgi?product=xorg"
| #define PACKAGE "libX11"
| #define VERSION "1.1.5"
| /* end confdefs.h.  */
| #include <ctype.h>
| #include <stdlib.h>
| #if ((' ' & 0x0FF) == 0x020)
| # define ISLOWER(c) ('a' <= (c) && (c) <= 'z')
| # define TOUPPER(c) (ISLOWER(c) ? 'A' + ((c) - 'a') : (c))
| #else
| # define ISLOWER(c) 		   (('a' <= (c) && (c) <= 'i') 		     || ('j' <= (c) && (c) <= 'r') 		     || ('s' <= (c) && (c) <= 'z'))
| # define TOUPPER(c) (ISLOWER(c) ? ((c) | 0x40) : (c))
| #endif
| 
| #define XOR(e, f) (((e) && !(f)) || (!(e) && (f)))
| int
| main ()
| {
|   int i;
|   for (i = 0; i < 256; i++)
|     if (XOR (islower (i), ISLOWER (i))
| 	|| toupper (i) != TOUPPER (i))
|       return 2;
|   return 0;
| }
configure:5080: result: no
configure:5104: checking for sys/types.h
configure:5125: /usr/bin/gcc -c -g -O2  conftest.c >&5
configure:5131: $? = 0
configure:5147: result: yes
configure:5104: checking for sys/stat.h
configure:5125: /usr/bin/gcc -c -g -O2  conftest.c >&5
configure:5131: $? = 0
configure:5147: result: yes
configure:5104: checking for stdlib.h
configure:5125: /usr/bin/gcc -c -g -O2  conftest.c >&5
configure:5131: $? = 0
configure:5147: result: yes
configure:5104: checking for string.h
configure:5125: /usr/bin/gcc -c -g -O2  conftest.c >&5
configure:5131: $? = 0
configure:5147: result: yes
configure:5104: checking for memory.h
configure:5125: /usr/bin/gcc -c -g -O2  conftest.c >&5
configure:5131: $? = 0
configure:5147: result: yes
configure:5104: checking for strings.h
configure:5125: /usr/bin/gcc -c -g -O2  conftest.c >&5
configure:5131: $? = 0
configure:5147: result: yes
configure:5104: checking for inttypes.h
configure:5125: /usr/bin/gcc -c -g -O2  conftest.c >&5
configure:5131: $? = 0
configure:5147: result: yes
configure:5104: checking for stdint.h
configure:5125: /usr/bin/gcc -c -g -O2  conftest.c >&5
configure:5131: $? = 0
configure:5147: result: yes
configure:5104: checking for unistd.h
configure:5125: /usr/bin/gcc -c -g -O2  conftest.c >&5
configure:5131: $? = 0
configure:5147: result: yes
configure:5174: checking dlfcn.h usability
configure:5191: /usr/bin/gcc -c -g -O2  conftest.c >&5
configure:5197: $? = 0
configure:5211: result: yes
configure:5215: checking dlfcn.h presence
configure:5230: /usr/bin/gcc -E  conftest.c
configure:5236: $? = 0
configure:5250: result: yes
configure:5283: checking for dlfcn.h
configure:5291: result: yes
configure:5362: checking for g++
configure:5378: found /usr/bin/g++
configure:5389: result: g++
configure:5420: checking for C++ compiler version
configure:5427: g++ --version >&5
g++ (GCC) 4.2.1 (Based on Apple Inc. build 5555)
Copyright (C) 2007 Free Software Foundation, Inc.
This is free software; see the source for copying conditions.  There is NO
warranty; not even for MERCHANTABILITY or FITNESS FOR A PARTICULAR PURPOSE.

configure:5430: $? = 0
configure:5437: g++ -v >&5
Using built-in specs.
Target: arm-apple-darwin9
Configured with: ../llvm-gcc-4.2/configure --build=x86_64-unknown-linux-gnu --host=arm-apple-darwin9 --enable-static=no --enable-shared=yes --prefix=/usr --localstatedir=/var/cache/iphone-gcc --enable-languages=c,c++,objc,obj-c++ --enable-wchar_t=no --with-gxx-include-dir=/usr/include/c++/4.0.0
Thread model: posix
gcc version 4.2.1 (Based on Apple Inc. build 5555)
configure:5440: $? = 0
configure:5447: g++ -V >&5
g++: '-V' option must have argument
configure:5450: $? = 1
configure:5453: checking whether we are using the GNU C++ compiler
configure:5482: g++ -c   conftest.cpp >&5
configure:5488: $? = 0
configure:5505: result: yes
configure:5510: checking whether g++ accepts -g
configure:5540: g++ -c -g  conftest.cpp >&5
configure:5546: $? = 0
configure:5645: result: yes
configure:5670: checking dependency style of g++
configure:5761: result: gcc3
configure:5786: checking how to run the C++ preprocessor
configure:5822: g++ -E  conftest.cpp
configure:5828: $? = 0
configure:5859: g++ -E  conftest.cpp
conftest.cpp:20:28: error: ac_nonexistent.h: No such file or directory
configure:5865: $? = 1
configure: failed program was:
| /* confdefs.h.  */
| #define PACKAGE_NAME "libX11"
| #define PACKAGE_TARNAME "libX11"
| #define PACKAGE_VERSION "1.1.5"
| #define PACKAGE_STRING "libX11 1.1.5"
| #define PACKAGE_BUGREPORT "https://bugs.freedesktop.org/enter_bug.cgi?product=xorg"
| #define PACKAGE "libX11"
| #define VERSION "1.1.5"
| #define HAVE_SYS_TYPES_H 1
| #define HAVE_SYS_STAT_H 1
| #define HAVE_STDLIB_H 1
| #define HAVE_STRING_H 1
| #define HAVE_MEMORY_H 1
| #define HAVE_STRINGS_H 1
| #define HAVE_INTTYPES_H 1
| #define HAVE_STDINT_H 1
| #define HAVE_UNISTD_H 1
| #define HAVE_DLFCN_H 1
| /* end confdefs.h.  */
| #include <ac_nonexistent.h>
configure:5898: result: g++ -E
configure:5927: g++ -E  conftest.cpp
configure:5933: $? = 0
configure:5964: g++ -E  conftest.cpp
conftest.cpp:20:28: error: ac_nonexistent.h: No such file or directory
configure:5970: $? = 1
configure: failed program was:
| /* confdefs.h.  */
| #define PACKAGE_NAME "libX11"
| #define PACKAGE_TARNAME "libX11"
| #define PACKAGE_VERSION "1.1.5"
| #define PACKAGE_STRING "libX11 1.1.5"
| #define PACKAGE_BUGREPORT "https://bugs.freedesktop.org/enter_bug.cgi?product=xorg"
| #define PACKAGE "libX11"
| #define VERSION "1.1.5"
| #define HAVE_SYS_TYPES_H 1
| #define HAVE_SYS_STAT_H 1
| #define HAVE_STDLIB_H 1
| #define HAVE_STRING_H 1
| #define HAVE_MEMORY_H 1
| #define HAVE_STRINGS_H 1
| #define HAVE_INTTYPES_H 1
| #define HAVE_STDINT_H 1
| #define HAVE_UNISTD_H 1
| #define HAVE_DLFCN_H 1
| /* end confdefs.h.  */
| #include <ac_nonexistent.h>
configure:6063: checking for g77
configure:6093: result: no
configure:6063: checking for xlf
configure:6093: result: no
configure:6063: checking for f77
configure:6093: result: no
configure:6063: checking for frt
configure:6093: result: no
configure:6063: checking for pgf77
configure:6093: result: no
configure:6063: checking for cf77
configure:6093: result: no
configure:6063: checking for fort77
configure:6093: result: no
configure:6063: checking for fl32
configure:6093: result: no
configure:6063: checking for af77
configure:6093: result: no
configure:6063: checking for xlf90
configure:6093: result: no
configure:6063: checking for f90
configure:6093: result: no
configure:6063: checking for pgf90
configure:6093: result: no
configure:6063: checking for pghpf
configure:6093: result: no
configure:6063: checking for epcf90
configure:6093: result: no
configure:6063: checking for gfortran
configure:6079: found /usr/bin/gfortran
configure:6090: result: gfortran
configure:6120: checking for Fortran 77 compiler version
configure:6127: gfortran --version >&5
GNU Fortran (GCC) 4.2.1 (Based on Apple Inc. build 5555)
Copyright (C) 2007 Free Software Foundation, Inc.

GNU Fortran comes with NO WARRANTY, to the extent permitted by law.
You may redistribute copies of GNU Fortran
under the terms of the GNU General Public License.
For more information about these matters, see the file named COPYING

configure:6130: $? = 0
configure:6137: gfortran -v >&5
Using built-in specs.
Target: arm-apple-darwin9
Configured with: ../../src/gcc/configure --prefix=/usr --host=arm-apple-darwin9 --enable-languages=c,c++,objc,obj-c++,fortran,java --target=arm-apple-darwin9 --build=i486-pc-linux-gnu --enable-wchat_t=no --with-gxx-include-dir=/usr/include/c++/4.2.1
Thread model: posix
gcc version 4.2.1 (Based on Apple Inc. build 5555)
configure:6140: $? = 0
configure:6147: gfortran -V >&5
gfortran: '-V' option must have argument
configure:6150: $? = 1
configure:6158: checking whether we are using the GNU Fortran 77 compiler
configure:6177: gfortran -c  conftest.F >&5
gfortran: error trying to exec 'f951': execvp: No such file or directory
configure:6183: $? = 1
configure: failed program was:
|       program main
| #ifndef __GNUC__
|        choke me
| #endif
| 
|       end
configure:6200: result: no
configure:6206: checking whether gfortran accepts -g
configure:6223: gfortran -c -g conftest.f >&5
gfortran: error trying to exec 'f951': execvp: No such file or directory
configure:6229: $? = 1
configure: failed program was:
|       program main
| 
|       end
configure:6245: result: no
configure:6274: checking the maximum length of command line arguments
configure:6386: result: 196608
configure:6398: checking command to parse /usr/bin/nm -p output from /usr/bin/gcc object
configure:6503: /usr/bin/gcc -c -g -O2  conftest.c >&5
configure:6506: $? = 0
configure:6510: /usr/bin/nm -p conftest.o \| sed -n -e 's/^.*[ 	]\([BCDEGRST][BCDEGRST]*\)[ 	][ 	]*\([_A-Za-z][_A-Za-z0-9]*\)$/\1 \2 \2/p' \> conftest.nm
configure:6513: $? = 0
cannot find nm_test_var in conftest.nm
configure:6503: /usr/bin/gcc -c -g -O2  conftest.c >&5
configure:6506: $? = 0
configure:6510: /usr/bin/nm -p conftest.o \| sed -n -e 's/^.*[ 	]\([BCDEGRST][BCDEGRST]*\)[ 	][ 	]*_\([_A-Za-z][_A-Za-z0-9]*\)$/\1 _\2 \2/p' \> conftest.nm
configure:6513: $? = 0
configure:6565: /usr/bin/gcc -o conftest -g -O2   conftest.c conftstm.o >&5
configure:6568: $? = 0
configure:6606: result: ok
configure:6610: checking for objdir
configure:6625: result: .libs
configure:6717: checking for ar
configure:6733: found /usr/bin/ar
configure:6744: result: ar
configure:6813: checking for ranlib
configure:6829: found /usr/bin/ranlib
configure:6840: result: ranlib
configure:6909: checking for strip
configure:6925: found /usr/bin/strip
configure:6936: result: strip
configure:7193: checking for dsymutil
configure:7223: result: no
configure:7289: checking for nmedit
configure:7305: found /usr/bin/nmedit
configure:7316: result: nmedit
configure:7343: checking for -single_module linker flag
configure:7364: result: yes
configure:7366: checking for -exported_symbols_list linker flag
configure:7396: /usr/bin/gcc -o conftest -g -O2   -Wl,-exported_symbols_list,conftest.sym conftest.c  >&5
configure:7402: $? = 0
configure:7421: result: yes
configure:7534: checking if /usr/bin/gcc supports -fno-rtti -fno-exceptions
configure:7557: /usr/bin/gcc -c -g -O2  -fno-rtti -fno-exceptions conftest.c >&5
cc1: warning: command line option "-fno-rtti" is valid for C++/ObjC++ but not for C
configure:7561: $? = 0
configure:7569: result: no
configure:7584: checking for /usr/bin/gcc option to produce PIC
configure:7816: result: -fno-common
configure:7824: checking if /usr/bin/gcc PIC flag -fno-common works
configure:7847: /usr/bin/gcc -c -g -O2  -fno-common -DPIC conftest.c >&5
configure:7851: $? = 0
configure:7859: result: yes
configure:7887: checking if /usr/bin/gcc static flag -static works
configure:7915: result: no
configure:7925: checking if /usr/bin/gcc supports -c -o file.o
configure:7951: /usr/bin/gcc -c -g -O2  -o out/conftest2.o conftest.c >&5
configure:7955: $? = 0
configure:7972: result: yes
configure:7998: checking whether the /usr/bin/gcc linker (/usr/bin/ld) supports shared libraries
configure:8979: result: yes
configure:9046: checking dynamic linker characteristics
configure:9660: result: darwin11.0.0 dyld
configure:9684: checking how to hardcode library paths into programs
configure:9709: result: immediate
configure:9723: checking whether stripping libraries is possible
configure:9737: result: yes
configure:10530: checking if libtool supports shared libraries
configure:10532: result: yes
configure:10535: checking whether to build shared libraries
configure:10556: result: yes
configure:10559: checking whether to build static libraries
configure:10563: result: yes
configure:10657: creating libtool
configure:11250: checking for ld used by g++
configure:11317: result: /usr/bin/ld
configure:11326: checking if the linker (/usr/bin/ld) is GNU ld
configure:11341: result: no
configure:11392: checking whether the g++ linker (/usr/bin/ld) supports shared libraries
configure:12338: result: yes
configure:12355: g++ -c -g -O2  conftest.cpp >&5
configure:12358: $? = 0
configure:12514: checking for g++ option to produce PIC
configure:12798: result: -fno-common
configure:12806: checking if g++ PIC flag -fno-common works
configure:12829: g++ -c -g -O2  -fno-common -DPIC conftest.cpp >&5
configure:12833: $? = 0
configure:12841: result: yes
configure:12869: checking if g++ static flag -static works
configure:12897: result: no
configure:12907: checking if g++ supports -c -o file.o
configure:12933: g++ -c -g -O2  -o out/conftest2.o conftest.cpp >&5
configure:12937: $? = 0
configure:12954: result: yes
configure:12980: checking whether the g++ linker (/usr/bin/ld) supports shared libraries
configure:13009: result: yes
configure:13076: checking dynamic linker characteristics
configure:13638: result: darwin11.0.0 dyld
configure:13662: checking how to hardcode library paths into programs
configure:13687: result: immediate
configure:14226: checking if libtool supports shared libraries
configure:14228: result: yes
configure:14231: checking whether to build shared libraries
configure:14251: result: yes
configure:14254: checking whether to build static libraries
configure:14258: result: yes
configure:14268: checking for gfortran option to produce PIC
configure:14500: result: -fno-common
configure:14508: checking if gfortran PIC flag -fno-common works
configure:14531: gfortran -c  -fno-common conftest.f >&5
gfortran: error trying to exec 'f951': execvp: No such file or directory
configure:14535: $? = 1
configure:14543: result: no
configure:14571: checking if gfortran static flag -static works
configure:14599: result: no
configure:14609: checking if gfortran supports -c -o file.o
configure:14635: gfortran -c  -o out/conftest2.o conftest.f >&5
gfortran: error trying to exec 'f951': execvp: No such file or directory
configure:14639: $? = 1
configure:14656: result: no
configure:14682: checking whether the gfortran linker (/usr/bin/ld) supports shared libraries
configure:15643: result: yes
configure:15710: checking dynamic linker characteristics
configure:16272: result: darwin11.0.0 dyld
configure:16296: checking how to hardcode library paths into programs
configure:16321: result: immediate
configure:19982: checking for gcc
configure:20009: result: /usr/bin/gcc
configure:20247: checking for C compiler version
configure:20254: /usr/bin/gcc --version >&5
gcc (GCC) 4.2.1 (Based on Apple Inc. build 5555)
Copyright (C) 2007 Free Software Foundation, Inc.
This is free software; see the source for copying conditions.  There is NO
warranty; not even for MERCHANTABILITY or FITNESS FOR A PARTICULAR PURPOSE.

configure:20257: $? = 0
configure:20264: /usr/bin/gcc -v >&5
Using built-in specs.
Target: arm-apple-darwin9
Configured with: ../llvm-gcc-4.2/configure --build=x86_64-unknown-linux-gnu --host=arm-apple-darwin9 --enable-static=no --enable-shared=yes --prefix=/usr --localstatedir=/var/cache/iphone-gcc --enable-languages=c,c++,objc,obj-c++ --enable-wchar_t=no --with-gxx-include-dir=/usr/include/c++/4.0.0
Thread model: posix
gcc version 4.2.1 (Based on Apple Inc. build 5555)
configure:20267: $? = 0
configure:20274: /usr/bin/gcc -V >&5
gcc: '-V' option must have argument
configure:20277: $? = 1
configure:20280: checking whether we are using the GNU C compiler
configure:20332: result: yes
configure:20337: checking whether /usr/bin/gcc accepts -g
configure:20472: result: yes
configure:20489: checking for /usr/bin/gcc option to accept ISO C89
configure:20592: result: none needed
configure:20612: checking dependency style of /usr/bin/gcc
configure:20703: result: gcc3
configure:20725: checking for cpp
configure:20744: found /usr/bin/cpp
configure:20756: result: /usr/bin/cpp
configure:20772: checking if /usr/bin/cpp requires -undef
configure:20778: result: no
configure:20793: checking if /usr/bin/cpp requires -traditional
configure:20804: result: yes
configure:20825: checking whether to use XCB
configure:20832: result: yes
configure:20893: checking for pkg-config
configure:20911: found /usr/local/bin/pkg-config
configure:20923: result: /usr/local/bin/pkg-config
configure:20952: checking pkg-config is at least version 0.9.0
configure:20955: result: yes
configure:20966: checking for XPROTO
configure:20974: $PKG_CONFIG --exists --print-errors "xproto >= 7.0.6"
configure:20977: $? = 0
configure:20992: $PKG_CONFIG --exists --print-errors "xproto >= 7.0.6"
configure:20995: $? = 0
configure:21071: result: yes
configure:21278: checking for X11
configure:21286: $PKG_CONFIG --exists --print-errors "xextproto xtrans $X11_REQUIRES"
configure:21289: $? = 0
configure:21304: $PKG_CONFIG --exists --print-errors "xextproto xtrans $X11_REQUIRES"
configure:21307: $? = 0
configure:21383: result: yes
configure:21405: checking if Xtrans should support UNIX socket connections
configure:21414: result: yes
configure:21423: checking if Xtrans should support TCP socket connections
configure:21425: result: yes
configure:21435: checking for library containing socket
configure:21476: /usr/bin/gcc -o conftest -g -O2   conftest.c  >&5
configure:21482: $? = 0
configure:21510: result: none required
configure:21518: checking for library containing gethostbyname
configure:21559: /usr/bin/gcc -o conftest -g -O2   conftest.c  >&5
configure:21565: $? = 0
configure:21593: result: none required
configure:21607: checking for getaddrinfo
configure:21663: /usr/bin/gcc -o conftest -g -O2   conftest.c  >&5
configure:21669: $? = 0
configure:21686: result: yes
configure:21696: checking if IPv6 support should be built
configure:21705: result: yes
configure:21709: checking for struct sockaddr_in.sin_len
configure:21742: /usr/bin/gcc -c -g -O2  conftest.c >&5
configure:21748: $? = 0
configure:21810: result: yes
configure:21822: checking for socklen_t
configure:21855: /usr/bin/gcc -c -g -O2  conftest.c >&5
configure:21861: $? = 0
configure:21876: result: yes
configure:21901: checking if Xtrans should support os-specific local connections
configure:21903: result: no
configure:21932: checking for authdes_seccreate
configure:21988: /usr/bin/gcc -o conftest -g -O2   conftest.c  >&5
Undefined symbols:
  "_authdes_seccreate", referenced from:
      _main in ccyHNEec.o
ld: symbol(s) not found
collect2: ld returned 1 exit status
configure:21994: $? = 1
configure: failed program was:
| /* confdefs.h.  */
| #define PACKAGE_NAME "libX11"
| #define PACKAGE_TARNAME "libX11"
| #define PACKAGE_VERSION "1.1.5"
| #define PACKAGE_STRING "libX11 1.1.5"
| #define PACKAGE_BUGREPORT "https://bugs.freedesktop.org/enter_bug.cgi?product=xorg"
| #define PACKAGE "libX11"
| #define VERSION "1.1.5"
| #define HAVE_SYS_TYPES_H 1
| #define HAVE_SYS_STAT_H 1
| #define HAVE_STDLIB_H 1
| #define HAVE_STRING_H 1
| #define HAVE_MEMORY_H 1
| #define HAVE_STRINGS_H 1
| #define HAVE_INTTYPES_H 1
| #define HAVE_STDINT_H 1
| #define HAVE_UNISTD_H 1
| #define HAVE_DLFCN_H 1
| #define USE_XCB 1
| #define UNIXCONN 1
| #define TCPCONN 1
| #define IPv6 1
| #define BSD44SOCKETS 1
| #define HAVE_SOCKLEN_T 1
| /* end confdefs.h.  */
| /* Define authdes_seccreate to an innocuous variant, in case <limits.h> declares authdes_seccreate.
|    For example, HP-UX 11i <limits.h> declares gettimeofday.  */
| #define authdes_seccreate innocuous_authdes_seccreate
| 
| /* System header to define __stub macros and hopefully few prototypes,
|     which can conflict with char authdes_seccreate (); below.
|     Prefer <limits.h> to <assert.h> if __STDC__ is defined, since
|     <limits.h> exists even on freestanding compilers.  */
| 
| #ifdef __STDC__
| # include <limits.h>
| #else
| # include <assert.h>
| #endif
| 
| #undef authdes_seccreate
| 
| /* Override any GCC internal prototype to avoid an error.
|    Use char because int might match the return type of a GCC
|    builtin and then its argument prototype would still apply.  */
| #ifdef __cplusplus
| extern "C"
| #endif
| char authdes_seccreate ();
| /* The GNU C library defines this for functions which it implements
|     to always fail with ENOSYS.  Some functions are actually named
|     something starting with __ and the normal name is an alias.  */
| #if defined __stub_authdes_seccreate || defined __stub___authdes_seccreate
| choke me
| #endif
| 
| int
| main ()
| {
| return authdes_seccreate ();
|   ;
|   return 0;
| }
configure:22012: result: no
configure:21932: checking for authdes_create
configure:21988: /usr/bin/gcc -o conftest -g -O2   conftest.c  >&5
Undefined symbols:
  "_authdes_create", referenced from:
      _main in ccuQfQ2o.o
ld: symbol(s) not found
collect2: ld returned 1 exit status
configure:21994: $? = 1
configure: failed program was:
| /* confdefs.h.  */
| #define PACKAGE_NAME "libX11"
| #define PACKAGE_TARNAME "libX11"
| #define PACKAGE_VERSION "1.1.5"
| #define PACKAGE_STRING "libX11 1.1.5"
| #define PACKAGE_BUGREPORT "https://bugs.freedesktop.org/enter_bug.cgi?product=xorg"
| #define PACKAGE "libX11"
| #define VERSION "1.1.5"
| #define HAVE_SYS_TYPES_H 1
| #define HAVE_SYS_STAT_H 1
| #define HAVE_STDLIB_H 1
| #define HAVE_STRING_H 1
| #define HAVE_MEMORY_H 1
| #define HAVE_STRINGS_H 1
| #define HAVE_INTTYPES_H 1
| #define HAVE_STDINT_H 1
| #define HAVE_UNISTD_H 1
| #define HAVE_DLFCN_H 1
| #define USE_XCB 1
| #define UNIXCONN 1
| #define TCPCONN 1
| #define IPv6 1
| #define BSD44SOCKETS 1
| #define HAVE_SOCKLEN_T 1
| /* end confdefs.h.  */
| /* Define authdes_create to an innocuous variant, in case <limits.h> declares authdes_create.
|    For example, HP-UX 11i <limits.h> declares gettimeofday.  */
| #define authdes_create innocuous_authdes_create
| 
| /* System header to define __stub macros and hopefully few prototypes,
|     which can conflict with char authdes_create (); below.
|     Prefer <limits.h> to <assert.h> if __STDC__ is defined, since
|     <limits.h> exists even on freestanding compilers.  */
| 
| #ifdef __STDC__
| # include <limits.h>
| #else
| # include <assert.h>
| #endif
| 
| #undef authdes_create
| 
| /* Override any GCC internal prototype to avoid an error.
|    Use char because int might match the return type of a GCC
|    builtin and then its argument prototype would still apply.  */
| #ifdef __cplusplus
| extern "C"
| #endif
| char authdes_create ();
| /* The GNU C library defines this for functions which it implements
|     to always fail with ENOSYS.  Some functions are actually named
|     something starting with __ and the normal name is an alias.  */
| #if defined __stub_authdes_create || defined __stub___authdes_create
| choke me
| #endif
| 
| int
| main ()
| {
| return authdes_create ();
|   ;
|   return 0;
| }
configure:22012: result: no
configure:22116: checking if Secure RPC authentication ("SUN-DES-1") should be supported
configure:22125: result: no
configure:22130: checking if run-time linking is supported
configure:22132: checking for library containing dlopen
configure:22173: /usr/bin/gcc -o conftest -g -O2   conftest.c  >&5
configure:22179: $? = 0
configure:22207: result: none required
configure:22462: checking for dlfcn.h
configure:22468: result: yes
configure:22608: result: yes
configure:22611: checking if loadable i18n module support should be enabled
configure:22634: result: no
configure:22646: checking if loadable Xcursor library support should be enabled
configure:22662: result: yes
configure:22666: checking for ANSI C header files
configure:22830: result: no
configure:22848: checking for strtol
configure:22904: /usr/bin/gcc -o conftest -g -O2   conftest.c  >&5
configure:22910: $? = 0
configure:22928: result: yes
configure:22940: checking for issetugid
configure:22996: /usr/bin/gcc -o conftest -g -O2   conftest.c  >&5
configure:23002: $? = 0
configure:23019: result: yes
configure:23030: checking for getresuid
configure:23086: /usr/bin/gcc -o conftest -g -O2   conftest.c  >&5
Undefined symbols:
  "_getresuid", referenced from:
      _main in ccscudJu.o
ld: symbol(s) not found
collect2: ld returned 1 exit status
configure:23092: $? = 1
configure: failed program was:
| /* confdefs.h.  */
| #define PACKAGE_NAME "libX11"
| #define PACKAGE_TARNAME "libX11"
| #define PACKAGE_VERSION "1.1.5"
| #define PACKAGE_STRING "libX11 1.1.5"
| #define PACKAGE_BUGREPORT "https://bugs.freedesktop.org/enter_bug.cgi?product=xorg"
| #define PACKAGE "libX11"
| #define VERSION "1.1.5"
| #define HAVE_SYS_TYPES_H 1
| #define HAVE_SYS_STAT_H 1
| #define HAVE_STDLIB_H 1
| #define HAVE_STRING_H 1
| #define HAVE_MEMORY_H 1
| #define HAVE_STRINGS_H 1
| #define HAVE_INTTYPES_H 1
| #define HAVE_STDINT_H 1
| #define HAVE_UNISTD_H 1
| #define HAVE_DLFCN_H 1
| #define USE_XCB 1
| #define UNIXCONN 1
| #define TCPCONN 1
| #define IPv6 1
| #define BSD44SOCKETS 1
| #define HAVE_SOCKLEN_T 1
| #define HAVE_DLOPEN 1
| #define HAVE_DLFCN_H 1
| #define USE_DYNAMIC_XCURSOR 1
| #define HAVE_STRTOL 1
| #define HASSETUGID 1
| /* end confdefs.h.  */
| /* Define getresuid to an innocuous variant, in case <limits.h> declares getresuid.
|    For example, HP-UX 11i <limits.h> declares gettimeofday.  */
| #define getresuid innocuous_getresuid
| 
| /* System header to define __stub macros and hopefully few prototypes,
|     which can conflict with char getresuid (); below.
|     Prefer <limits.h> to <assert.h> if __STDC__ is defined, since
|     <limits.h> exists even on freestanding compilers.  */
| 
| #ifdef __STDC__
| # include <limits.h>
| #else
| # include <assert.h>
| #endif
| 
| #undef getresuid
| 
| /* Override any GCC internal prototype to avoid an error.
|    Use char because int might match the return type of a GCC
|    builtin and then its argument prototype would still apply.  */
| #ifdef __cplusplus
| extern "C"
| #endif
| char getresuid ();
| /* The GNU C library defines this for functions which it implements
|     to always fail with ENOSYS.  Some functions are actually named
|     something starting with __ and the normal name is an alias.  */
| #if defined __stub_getresuid || defined __stub___getresuid
| choke me
| #endif
| 
| int
| main ()
| {
| return getresuid ();
|   ;
|   return 0;
| }
configure:23109: result: no
configure:23121: checking for shmat
configure:23177: /usr/bin/gcc -o conftest -g -O2   conftest.c  >&5
configure:23183: $? = 0
configure:23200: result: yes
configure:23242: checking for launchd
configure:23258: found /sbin/launchd
configure:23270: result: yes
configure:23301: checking for getpwuid_r in -lc
configure:23336: /usr/bin/gcc -o conftest -g -O2   conftest.c -lc   >&5
configure:23342: $? = 0
configure:23360: result: yes
configure:23391: checking for pthread_self in -lc
configure:23426: /usr/bin/gcc -o conftest -g -O2   conftest.c -lc   >&5
configure:23432: $? = 0
configure:23450: result: yes
configure:23498: checking for poll
configure:23554: /usr/bin/gcc -o conftest -g -O2   conftest.c  >&5
configure:23560: $? = 0
configure:23577: result: yes
configure:23591: checking keysymdef.h
configure:23596: result: /usr/local/include/X11/keysymdef.h
configure:23664: checking if XLOCALEDIR support should be enabled
configure:23680: result: yes
configure:23693: checking for BIGFONT
configure:23701: $PKG_CONFIG --exists --print-errors "xf86bigfontproto"
configure:23704: $? = 0
configure:23719: $PKG_CONFIG --exists --print-errors "xf86bigfontproto"
configure:23722: $? = 0
configure:23758: result: yes
configure:23883: checking for XKBPROTO
configure:23891: $PKG_CONFIG --exists --print-errors "kbproto inputproto"
configure:23894: $? = 0
configure:23909: $PKG_CONFIG --exists --print-errors "kbproto inputproto"
configure:23912: $? = 0
configure:23988: result: yes
configure:24010: checking for stdlib.h
configure:24016: result: yes
configure:24010: checking for unistd.h
configure:24016: result: yes
configure:24154: checking for getpagesize
configure:24210: /usr/bin/gcc -o conftest -g -O2   conftest.c  >&5
configure:24216: $? = 0
configure:24234: result: yes
configure:24244: checking for working mmap
configure:24391: /usr/bin/gcc -o conftest -g -O2   conftest.c  >&5
configure:24394: $? = 0
configure:24400: ./conftest
./configure: line 24401: 14376 Killed: 9               ./conftest$ac_exeext
configure:24403: $? = 137
configure: program exited with status 137
configure: failed program was:
| /* confdefs.h.  */
| #define PACKAGE_NAME "libX11"
| #define PACKAGE_TARNAME "libX11"
| #define PACKAGE_VERSION "1.1.5"
| #define PACKAGE_STRING "libX11 1.1.5"
| #define PACKAGE_BUGREPORT "https://bugs.freedesktop.org/enter_bug.cgi?product=xorg"
| #define PACKAGE "libX11"
| #define VERSION "1.1.5"
| #define HAVE_SYS_TYPES_H 1
| #define HAVE_SYS_STAT_H 1
| #define HAVE_STDLIB_H 1
| #define HAVE_STRING_H 1
| #define HAVE_MEMORY_H 1
| #define HAVE_STRINGS_H 1
| #define HAVE_INTTYPES_H 1
| #define HAVE_STDINT_H 1
| #define HAVE_UNISTD_H 1
| #define HAVE_DLFCN_H 1
| #define USE_XCB 1
| #define UNIXCONN 1
| #define TCPCONN 1
| #define IPv6 1
| #define BSD44SOCKETS 1
| #define HAVE_SOCKLEN_T 1
| #define HAVE_DLOPEN 1
| #define HAVE_DLFCN_H 1
| #define USE_DYNAMIC_XCURSOR 1
| #define HAVE_STRTOL 1
| #define HASSETUGID 1
| #define HAS_SHM 1
| #define HAVE_LAUNCHD 1
| #define TRANS_REOPEN 1
| #define XTHREADS
| #define XUSE_MTSAFE_API
| #define USE_POLL 1
| #define XCMS 1
| #define XLOCALE 1
| #define XF86BIGFONT 1
| #define XKB 1
| #define HAVE_STDLIB_H 1
| #define HAVE_UNISTD_H 1
| #define HAVE_GETPAGESIZE 1
| /* end confdefs.h.  */
| #include <stdio.h>
| #ifdef HAVE_SYS_TYPES_H
| # include <sys/types.h>
| #endif
| #ifdef HAVE_SYS_STAT_H
| # include <sys/stat.h>
| #endif
| #ifdef STDC_HEADERS
| # include <stdlib.h>
| # include <stddef.h>
| #else
| # ifdef HAVE_STDLIB_H
| #  include <stdlib.h>
| # endif
| #endif
| #ifdef HAVE_STRING_H
| # if !defined STDC_HEADERS && defined HAVE_MEMORY_H
| #  include <memory.h>
| # endif
| # include <string.h>
| #endif
| #ifdef HAVE_STRINGS_H
| # include <strings.h>
| #endif
| #ifdef HAVE_INTTYPES_H
| # include <inttypes.h>
| #endif
| #ifdef HAVE_STDINT_H
| # include <stdint.h>
| #endif
| #ifdef HAVE_UNISTD_H
| # include <unistd.h>
| #endif
| /* malloc might have been renamed as rpl_malloc. */
| #undef malloc
| 
| /* Thanks to Mike Haertel and Jim Avera for this test.
|    Here is a matrix of mmap possibilities:
| 	mmap private not fixed
| 	mmap private fixed at somewhere currently unmapped
| 	mmap private fixed at somewhere already mapped
| 	mmap shared not fixed
| 	mmap shared fixed at somewhere currently unmapped
| 	mmap shared fixed at somewhere already mapped
|    For private mappings, we should verify that changes cannot be read()
|    back from the file, nor mmap's back from the file at a different
|    address.  (There have been systems where private was not correctly
|    implemented like the infamous i386 svr4.0, and systems where the
|    VM page cache was not coherent with the file system buffer cache
|    like early versions of FreeBSD and possibly contemporary NetBSD.)
|    For shared mappings, we should conversely verify that changes get
|    propagated back to all the places they're supposed to be.
| 
|    Grep wants private fixed already mapped.
|    The main things grep needs to know about mmap are:
|    * does it exist and is it safe to write into the mmap'd area
|    * how to use it (BSD variants)  */
| 
| #include <fcntl.h>
| #include <sys/mman.h>
| 
| #if !defined STDC_HEADERS && !defined HAVE_STDLIB_H
| char *malloc ();
| #endif
| 
| /* This mess was copied from the GNU getpagesize.h.  */
| #ifndef HAVE_GETPAGESIZE
| /* Assume that all systems that can run configure have sys/param.h.  */
| # ifndef HAVE_SYS_PARAM_H
| #  define HAVE_SYS_PARAM_H 1
| # endif
| 
| # ifdef _SC_PAGESIZE
| #  define getpagesize() sysconf(_SC_PAGESIZE)
| # else /* no _SC_PAGESIZE */
| #  ifdef HAVE_SYS_PARAM_H
| #   include <sys/param.h>
| #   ifdef EXEC_PAGESIZE
| #    define getpagesize() EXEC_PAGESIZE
| #   else /* no EXEC_PAGESIZE */
| #    ifdef NBPG
| #     define getpagesize() NBPG * CLSIZE
| #     ifndef CLSIZE
| #      define CLSIZE 1
| #     endif /* no CLSIZE */
| #    else /* no NBPG */
| #     ifdef NBPC
| #      define getpagesize() NBPC
| #     else /* no NBPC */
| #      ifdef PAGESIZE
| #       define getpagesize() PAGESIZE
| #      endif /* PAGESIZE */
| #     endif /* no NBPC */
| #    endif /* no NBPG */
| #   endif /* no EXEC_PAGESIZE */
| #  else /* no HAVE_SYS_PARAM_H */
| #   define getpagesize() 8192	/* punt totally */
| #  endif /* no HAVE_SYS_PARAM_H */
| # endif /* no _SC_PAGESIZE */
| 
| #endif /* no HAVE_GETPAGESIZE */
| 
| int
| main ()
| {
|   char *data, *data2, *data3;
|   int i, pagesize;
|   int fd;
| 
|   pagesize = getpagesize ();
| 
|   /* First, make a file with some known garbage in it. */
|   data = (char *) malloc (pagesize);
|   if (!data)
|     return 1;
|   for (i = 0; i < pagesize; ++i)
|     *(data + i) = rand ();
|   umask (0);
|   fd = creat ("conftest.mmap", 0600);
|   if (fd < 0)
|     return 1;
|   if (write (fd, data, pagesize) != pagesize)
|     return 1;
|   close (fd);
| 
|   /* Next, try to mmap the file at a fixed address which already has
|      something else allocated at it.  If we can, also make sure that
|      we see the same garbage.  */
|   fd = open ("conftest.mmap", O_RDWR);
|   if (fd < 0)
|     return 1;
|   data2 = (char *) malloc (2 * pagesize);
|   if (!data2)
|     return 1;
|   data2 += (pagesize - ((long int) data2 & (pagesize - 1))) & (pagesize - 1);
|   if (data2 != mmap (data2, pagesize, PROT_READ | PROT_WRITE,
| 		     MAP_PRIVATE | MAP_FIXED, fd, 0L))
|     return 1;
|   for (i = 0; i < pagesize; ++i)
|     if (*(data + i) != *(data2 + i))
|       return 1;
| 
|   /* Finally, make sure that changes to the mapped area do not
|      percolate back to the file as seen by read().  (This is a bug on
|      some variants of i386 svr4.0.)  */
|   for (i = 0; i < pagesize; ++i)
|     *(data2 + i) = *(data2 + i) + 1;
|   data3 = (char *) malloc (pagesize);
|   if (!data3)
|     return 1;
|   if (read (fd, data3, pagesize) != pagesize)
|     return 1;
|   for (i = 0; i < pagesize; ++i)
|     if (*(data + i) != *(data3 + i))
|       return 1;
|   close (fd);
|   return 0;
| }
configure:24419: result: no
configure:24431: checking for nl_langinfo
configure:24487: /usr/bin/gcc -o conftest -g -O2   conftest.c  >&5
configure:24493: $? = 0
configure:24510: result: yes
configure:24641: /usr/bin/gcc -c -g -O2  conftest.c >&5
conftest.c:45:22: error: features.h: No such file or directory
conftest.c:47:2: error: #error not glibc
configure:24647: $? = 1
configure: failed program was:
| /* confdefs.h.  */
| #define PACKAGE_NAME "libX11"
| #define PACKAGE_TARNAME "libX11"
| #define PACKAGE_VERSION "1.1.5"
| #define PACKAGE_STRING "libX11 1.1.5"
| #define PACKAGE_BUGREPORT "https://bugs.freedesktop.org/enter_bug.cgi?product=xorg"
| #define PACKAGE "libX11"
| #define VERSION "1.1.5"
| #define HAVE_SYS_TYPES_H 1
| #define HAVE_SYS_STAT_H 1
| #define HAVE_STDLIB_H 1
| #define HAVE_STRING_H 1
| #define HAVE_MEMORY_H 1
| #define HAVE_STRINGS_H 1
| #define HAVE_INTTYPES_H 1
| #define HAVE_STDINT_H 1
| #define HAVE_UNISTD_H 1
| #define HAVE_DLFCN_H 1
| #define USE_XCB 1
| #define UNIXCONN 1
| #define TCPCONN 1
| #define IPv6 1
| #define BSD44SOCKETS 1
| #define HAVE_SOCKLEN_T 1
| #define HAVE_DLOPEN 1
| #define HAVE_DLFCN_H 1
| #define USE_DYNAMIC_XCURSOR 1
| #define HAVE_STRTOL 1
| #define HASSETUGID 1
| #define HAS_SHM 1
| #define HAVE_LAUNCHD 1
| #define TRANS_REOPEN 1
| #define XTHREADS
| #define XUSE_MTSAFE_API
| #define USE_POLL 1
| #define XCMS 1
| #define XLOCALE 1
| #define XF86BIGFONT 1
| #define XKB 1
| #define HAVE_STDLIB_H 1
| #define HAVE_UNISTD_H 1
| #define HAVE_GETPAGESIZE 1
| /* end confdefs.h.  */
| 
| #include <features.h>
| #ifndef __GLIBC__
| #error not glibc
| #endif
| 
| int
| main ()
| {
| 
|   ;
|   return 0;
| }
configure:24827: checking whether malloc(0) returns NULL
configure:24857: /usr/bin/gcc -o conftest -g -O2   conftest.c  >&5
conftest.c:2: warning: conflicting types for built-in function 'malloc'
conftest.c:4: warning: conflicting types for built-in function 'calloc'
conftest.c: In function 'main':
conftest.c:11: warning: incompatible implicit declaration of built-in function 'exit'
configure:24860: $? = 0
configure:24866: ./conftest
./configure: line 24867: 14433 Killed: 9               ./conftest$ac_exeext
configure:24869: $? = 137
configure: program exited with status 137
configure: failed program was:
| 
| char *malloc();
| char *realloc();
| char *calloc();
| main() {
|     char *m0, *r0, *c0, *p;
|     m0 = malloc(0);
|     p = malloc(10);
|     r0 = realloc(p,0);
|     c0 = calloc(0);
|     exit(m0 == 0 || r0 == 0 || c0 == 0 ? 0 : 1);
| }
configure:24885: result: no
configure:25156: creating ./config.status

## ---------------------- ##
## Running config.status. ##
## ---------------------- ##

This file was extended by libX11 config.status 1.1.5, which was
generated by GNU Autoconf 2.61.  Invocation command line was

  CONFIG_FILES    = 
  CONFIG_HEADERS  = 
  CONFIG_LINKS    = 
  CONFIG_COMMANDS = 
  $ ./config.status 

on Chriss-iPad

config.status:820: creating Makefile
config.status:820: creating include/Makefile
config.status:820: creating man/Makefile
config.status:820: creating man/xkb/Makefile
config.status:820: creating src/Makefile
config.status:820: creating src/util/Makefile
config.status:820: creating src/xcms/Makefile
config.status:820: creating src/xlibi18n/Makefile
config.status:820: creating modules/Makefile
config.status:820: creating modules/im/Makefile
config.status:820: creating modules/im/ximcp/Makefile
config.status:820: creating modules/lc/Makefile
config.status:820: creating modules/lc/def/Makefile
config.status:820: creating modules/lc/gen/Makefile
config.status:820: creating modules/lc/Utf8/Makefile
config.status:820: creating modules/lc/xlocale/Makefile
config.status:820: creating modules/om/Makefile
config.status:820: creating modules/om/generic/Makefile
config.status:820: creating src/xkb/Makefile
config.status:820: creating nls/Makefile
config.status:820: creating nls/am_ET.UTF-8/Makefile
config.status:820: creating nls/armscii-8/Makefile
config.status:820: creating nls/C/Makefile
config.status:820: creating nls/el_GR.UTF-8/Makefile
config.status:820: creating nls/en_US.UTF-8/Makefile
config.status:820: creating nls/georgian-academy/Makefile
config.status:820: creating nls/georgian-ps/Makefile
config.status:820: creating nls/ibm-cp1133/Makefile
config.status:820: creating nls/iscii-dev/Makefile
config.status:820: creating nls/isiri-3342/Makefile
config.status:820: creating nls/iso8859-1/Makefile
config.status:820: creating nls/iso8859-10/Makefile
config.status:820: creating nls/iso8859-11/Makefile
config.status:820: creating nls/iso8859-13/Makefile
config.status:820: creating nls/iso8859-14/Makefile
config.status:820: creating nls/iso8859-15/Makefile
config.status:820: creating nls/iso8859-2/Makefile
config.status:820: creating nls/iso8859-3/Makefile
config.status:820: creating nls/iso8859-4/Makefile
config.status:820: creating nls/iso8859-5/Makefile
config.status:820: creating nls/iso8859-6/Makefile
config.status:820: creating nls/iso8859-7/Makefile
config.status:820: creating nls/iso8859-8/Makefile
config.status:820: creating nls/iso8859-9/Makefile
config.status:820: creating nls/iso8859-9e/Makefile
config.status:820: creating nls/ja/Makefile
config.status:820: creating nls/ja.JIS/Makefile
config.status:820: creating nls/ja_JP.UTF-8/Makefile
config.status:820: creating nls/ja.S90/Makefile
config.status:820: creating nls/ja.SJIS/Makefile
config.status:820: creating nls/ja.U90/Makefile
config.status:820: creating nls/ko/Makefile
config.status:820: creating nls/koi8-c/Makefile
config.status:820: creating nls/koi8-r/Makefile
config.status:820: creating nls/koi8-u/Makefile
config.status:820: creating nls/ko_KR.UTF-8/Makefile
config.status:820: creating nls/microsoft-cp1251/Makefile
config.status:820: creating nls/microsoft-cp1255/Makefile
config.status:820: creating nls/microsoft-cp1256/Makefile
config.status:820: creating nls/mulelao-1/Makefile
config.status:820: creating nls/nokhchi-1/Makefile
config.status:820: creating nls/pt_BR.UTF-8/Makefile
config.status:820: creating nls/tatar-cyr/Makefile
config.status:820: creating nls/th_TH/Makefile
config.status:820: creating nls/th_TH.UTF-8/Makefile
config.status:820: creating nls/tscii-0/Makefile
config.status:820: creating nls/vi_VN.tcvn/Makefile
config.status:820: creating nls/vi_VN.viscii/Makefile
config.status:820: creating nls/zh_CN/Makefile
config.status:820: creating nls/zh_CN.gb18030/Makefile
config.status:820: creating nls/zh_CN.gbk/Makefile
config.status:820: creating nls/zh_CN.UTF-8/Makefile
config.status:820: creating nls/zh_HK.big5/Makefile
config.status:820: creating nls/zh_HK.big5hkscs/Makefile
config.status:820: creating nls/zh_HK.UTF-8/Makefile
config.status:820: creating nls/zh_TW/Makefile
config.status:820: creating nls/zh_TW.big5/Makefile
config.status:820: creating nls/zh_TW.UTF-8/Makefile
config.status:820: creating x11.pc
config.status:820: creating x11-xcb.pc
config.status:820: creating src/config.h
config.status:820: creating include/X11/XlibConf.h
config.status:1088: include/X11/XlibConf.h is unchanged
config.status:1135: executing depfiles commands

## ---------------- ##
## Cache variables. ##
## ---------------- ##

ac_cv_build=arm-apple-darwin11.0.0
ac_cv_c_compiler_gnu=yes
ac_cv_cxx_compiler_gnu=yes
ac_cv_env_BIGFONT_CFLAGS_set=
ac_cv_env_BIGFONT_CFLAGS_value=
ac_cv_env_BIGFONT_LIBS_set=
ac_cv_env_BIGFONT_LIBS_value=
ac_cv_env_CCC_set=
ac_cv_env_CCC_value=
ac_cv_env_CC_set=set
ac_cv_env_CC_value=/usr/bin/gcc
ac_cv_env_CFLAGS_set=
ac_cv_env_CFLAGS_value=
ac_cv_env_CPPFLAGS_set=
ac_cv_env_CPPFLAGS_value=
ac_cv_env_CPP_set=
ac_cv_env_CPP_value=
ac_cv_env_CXXCPP_set=
ac_cv_env_CXXCPP_value=
ac_cv_env_CXXFLAGS_set=
ac_cv_env_CXXFLAGS_value=
ac_cv_env_CXX_set=
ac_cv_env_CXX_value=
ac_cv_env_F77_set=
ac_cv_env_F77_value=
ac_cv_env_FFLAGS_set=
ac_cv_env_FFLAGS_value=
ac_cv_env_LDFLAGS_set=
ac_cv_env_LDFLAGS_value=
ac_cv_env_LIBS_set=
ac_cv_env_LIBS_value=
ac_cv_env_PKG_CONFIG_set=
ac_cv_env_PKG_CONFIG_value=
ac_cv_env_X11_CFLAGS_set=
ac_cv_env_X11_CFLAGS_value=
ac_cv_env_X11_LIBS_set=
ac_cv_env_X11_LIBS_value=
ac_cv_env_XDMCP_CFLAGS_set=
ac_cv_env_XDMCP_CFLAGS_value=
ac_cv_env_XDMCP_LIBS_set=
ac_cv_env_XDMCP_LIBS_value=
ac_cv_env_XKBPROTO_CFLAGS_set=
ac_cv_env_XKBPROTO_CFLAGS_value=
ac_cv_env_XKBPROTO_LIBS_set=
ac_cv_env_XKBPROTO_LIBS_value=
ac_cv_env_XPROTO_CFLAGS_set=
ac_cv_env_XPROTO_CFLAGS_value=
ac_cv_env_XPROTO_LIBS_set=
ac_cv_env_XPROTO_LIBS_value=
ac_cv_env_build_alias_set=
ac_cv_env_build_alias_value=
ac_cv_env_host_alias_set=
ac_cv_env_host_alias_value=
ac_cv_env_target_alias_set=
ac_cv_env_target_alias_value=
ac_cv_f77_compiler_gnu=no
ac_cv_func_authdes_create=no
ac_cv_func_authdes_seccreate=no
ac_cv_func_getaddrinfo=yes
ac_cv_func_getpagesize=yes
ac_cv_func_getresuid=no
ac_cv_func_issetugid=yes
ac_cv_func_mmap_fixed_mapped=no
ac_cv_func_nl_langinfo=yes
ac_cv_func_poll=yes
ac_cv_func_shmat=yes
ac_cv_func_strtol=yes
ac_cv_header_dlfcn_h=yes
ac_cv_header_inttypes_h=yes
ac_cv_header_memory_h=yes
ac_cv_header_stdc=no
ac_cv_header_stdint_h=yes
ac_cv_header_stdlib_h=yes
ac_cv_header_string_h=yes
ac_cv_header_strings_h=yes
ac_cv_header_sys_stat_h=yes
ac_cv_header_sys_types_h=yes
ac_cv_header_unistd_h=yes
ac_cv_host=arm-apple-darwin11.0.0
ac_cv_lib_c_getpwuid_r=yes
ac_cv_lib_c_pthread_self=yes
ac_cv_member_struct_sockaddr_in_sin_len=yes
ac_cv_objext=o
ac_cv_path_EGREP='/bin/grep -E'
ac_cv_path_GREP=/bin/grep
ac_cv_path_RAWCPP=/usr/bin/cpp
ac_cv_path_ac_pt_PKG_CONFIG=/usr/local/bin/pkg-config
ac_cv_path_install='/usr/bin/install -c'
ac_cv_path_mkdir=/bin/mkdir
ac_cv_prog_AWK=gawk
ac_cv_prog_CPP='/usr/bin/gcc -E'
ac_cv_prog_CXXCPP='g++ -E'
ac_cv_prog_LAUNCHD=yes
ac_cv_prog_ac_ct_AR=ar
ac_cv_prog_ac_ct_CC=/usr/bin/gcc
ac_cv_prog_ac_ct_CXX=g++
ac_cv_prog_ac_ct_F77=gfortran
ac_cv_prog_ac_ct_NMEDIT=nmedit
ac_cv_prog_ac_ct_RANLIB=ranlib
ac_cv_prog_ac_ct_STRIP=strip
ac_cv_prog_cc_c89=
ac_cv_prog_cc_g=yes
ac_cv_prog_cxx_g=yes
ac_cv_prog_f77_g=no
ac_cv_prog_make_make_set=yes
ac_cv_search_dlopen='none required'
ac_cv_search_gethostbyname='none required'
ac_cv_search_socket='none required'
ac_cv_type_socklen_t=yes
ac_cv_use_xcb=yes
am_cv_CC_dependencies_compiler_type=gcc3
am_cv_CXX_dependencies_compiler_type=gcc3
lt_cv_apple_cc_single_mod=yes
lt_cv_deplibs_check_method=pass_all
lt_cv_file_magic_cmd='$MAGIC_CMD'
lt_cv_file_magic_test_file=
lt_cv_ld_exported_symbols_list=yes
lt_cv_ld_reload_flag=-r
lt_cv_objdir=.libs
lt_cv_path_LD=/usr/bin/ld
lt_cv_path_LDCXX=/usr/bin/ld
lt_cv_path_NM='/usr/bin/nm -p'
lt_cv_path_SED=/bin/sed
lt_cv_prog_compiler_c_o=yes
lt_cv_prog_compiler_c_o_CXX=yes
lt_cv_prog_compiler_c_o_F77=no
lt_cv_prog_compiler_pic_works=yes
lt_cv_prog_compiler_pic_works_CXX=yes
lt_cv_prog_compiler_pic_works_F77=no
lt_cv_prog_compiler_rtti_exceptions=no
lt_cv_prog_compiler_static_works=no
lt_cv_prog_compiler_static_works_CXX=no
lt_cv_prog_compiler_static_works_F77=no
lt_cv_prog_gnu_ld=no
lt_cv_prog_gnu_ldcxx=no
lt_cv_sys_global_symbol_pipe='sed -n -e '\''s/^.*[ 	]\([BCDEGRST][BCDEGRST]*\)[ 	][ 	]*_\([_A-Za-z][_A-Za-z0-9]*\)$/\1 _\2 \2/p'\'''
lt_cv_sys_global_symbol_to_c_name_address='sed -n -e '\''s/^: \([^ ]*\) $/  {\"\1\", (lt_ptr) 0},/p'\'' -e '\''s/^[BCDEGRST] \([^ ]*\) \([^ ]*\)$/  {"\2", (lt_ptr) \&\2},/p'\'''
lt_cv_sys_global_symbol_to_cdecl='sed -n -e '\''s/^. .* \(.*\)$/extern int \1;/p'\'''
lt_cv_sys_lib_dlsearch_path_spec='/usr/local/lib /lib /usr/lib'
lt_cv_sys_lib_search_path_spec='/lib /usr/lib /usr/lib/gcc/arm-apple-darwin9/4.2.1 /usr/local/lib'
lt_cv_sys_max_cmd_len=196608
lt_lt_cv_prog_compiler_c_o='"yes"'
lt_lt_cv_prog_compiler_c_o_CXX='"yes"'
lt_lt_cv_prog_compiler_c_o_F77='"no"'
lt_lt_cv_sys_global_symbol_pipe='"sed -n -e '\''s/^.*[ 	]\\([BCDEGRST][BCDEGRST]*\\)[ 	][ 	]*_\\([_A-Za-z][_A-Za-z0-9]*\\)\$/\\1 _\\2 \\2/p'\''"'
lt_lt_cv_sys_global_symbol_to_c_name_address='"sed -n -e '\''s/^: \\([^ ]*\\) \$/  {\\\"\\1\\\", (lt_ptr) 0},/p'\'' -e '\''s/^[BCDEGRST] \\([^ ]*\\) \\([^ ]*\\)\$/  {\"\\2\", (lt_ptr) \\&\\2},/p'\''"'
lt_lt_cv_sys_global_symbol_to_cdecl='"sed -n -e '\''s/^. .* \\(.*\\)\$/extern int \\1;/p'\''"'
pkg_cv_BIGFONT_CFLAGS=' '
pkg_cv_BIGFONT_LIBS=' '
pkg_cv_X11_CFLAGS='-D_BSD_SOURCE -DHAS_FCHOWN -DHAS_STICKY_DIR_BIT  '
pkg_cv_X11_LIBS='-L/usr/local/lib -lxcb-xlib -lxcb  '
pkg_cv_XKBPROTO_CFLAGS=' '
pkg_cv_XKBPROTO_LIBS=' '
pkg_cv_XPROTO_CFLAGS=' '
pkg_cv_XPROTO_LIBS=' '

## ----------------- ##
## Output variables. ##
## ----------------- ##

ACLOCAL='${SHELL} /home/chris/xorg1/libX11-1.1.5/missing --run aclocal-1.10'
ADMIN_MAN_DIR='$(mandir)/man$(ADMIN_MAN_SUFFIX)'
ADMIN_MAN_SUFFIX='8'
AMDEPBACKSLASH='\'
AMDEP_FALSE='#'
AMDEP_TRUE=''
AMTAR='${SHELL} /home/chris/xorg1/libX11-1.1.5/missing --run tar'
APP_MAN_DIR='$(mandir)/man$(APP_MAN_SUFFIX)'
APP_MAN_SUFFIX='1'
AR='ar'
AUTOCONF='${SHELL} /home/chris/xorg1/libX11-1.1.5/missing --run autoconf'
AUTOHEADER='${SHELL} /home/chris/xorg1/libX11-1.1.5/missing --run autoheader'
AUTOMAKE='${SHELL} /home/chris/xorg1/libX11-1.1.5/missing --run automake-1.10'
AWK='gawk'
BIGFONT_CFLAGS=' '
BIGFONT_LIBS=' '
CC='/usr/bin/gcc'
CCDEPMODE='depmode=gcc3'
CFLAGS='-g -O2'
CPP='/usr/bin/gcc -E'
CPPFLAGS=''
CXX='g++'
CXXCPP='g++ -E'
CXXDEPMODE='depmode=gcc3'
CXXFLAGS='-g -O2'
CYGPATH_W='echo'
DEFS='-DHAVE_CONFIG_H'
DEPDIR='.deps'
DRIVER_MAN_DIR='$(mandir)/man$(DRIVER_MAN_SUFFIX)'
DRIVER_MAN_SUFFIX='4'
DSYMUTIL=':'
ECHO='echo'
ECHO_C=''
ECHO_N='-n'
ECHO_T=''
EGREP='/bin/grep -E'
EXEEXT=''
F77='gfortran'
FFLAGS=''
FILE_MAN_DIR='$(mandir)/man$(FILE_MAN_SUFFIX)'
FILE_MAN_SUFFIX='5'
GREP='/bin/grep'
I18N_MODULE_LIBS=''
INSTALL_DATA='${INSTALL} -m 644'
INSTALL_PROGRAM='${INSTALL}'
INSTALL_SCRIPT='${INSTALL}'
INSTALL_STRIP_PROGRAM='$(install_sh) -c -s'
KEYSYMDEF='/usr/local/include/X11/keysymdef.h'
LAUNCHD='yes'
LDFLAGS=''
LIBOBJS=''
LIBS=''
LIBTOOL='$(SHELL) $(top_builddir)/libtool'
LIB_MAN_DIR='$(mandir)/man$(LIB_MAN_SUFFIX)'
LIB_MAN_SUFFIX='3'
LINT='no'
LINTLIB=''
LINT_FALSE=''
LINT_FLAGS=' -D_BSD_SOURCE -DHAS_FCHOWN -DHAS_STICKY_DIR_BIT       '
LINT_TRUE='#'
LN_S='ln -s'
LTLIBOBJS=''
MAINT='#'
MAINTAINER_MODE_FALSE=''
MAINTAINER_MODE_TRUE='#'
MAKEINFO='${SHELL} /home/chris/xorg1/libX11-1.1.5/missing --run makeinfo'
MAKE_LINT_LIB_FALSE=''
MAKE_LINT_LIB_TRUE='#'
MALLOC_ZERO_CFLAGS=''
MANPAGES_FALSE='#'
MANPAGES_TRUE=''
MISC_MAN_DIR='$(mandir)/man$(MISC_MAN_SUFFIX)'
MISC_MAN_SUFFIX='7'
NMEDIT='nmedit'
OBJEXT='o'
OS2_FALSE=''
OS2_TRUE='#'
PACKAGE='libX11'
PACKAGE_BUGREPORT='https://bugs.freedesktop.org/enter_bug.cgi?product=xorg'
PACKAGE_NAME='libX11'
PACKAGE_STRING='libX11 1.1.5'
PACKAGE_TARNAME='libX11'
PACKAGE_VERSION='1.1.5'
PATH_SEPARATOR=':'
PKG_CONFIG='/usr/local/bin/pkg-config'
RANLIB='ranlib'
RAWCPP='/usr/bin/cpp'
RAWCPPFLAGS=' -traditional'
SED='/bin/sed'
SET_MAKE=''
SHELL='/bin/sh'
STRIP='strip'
THRSTUBS_FALSE=''
THRSTUBS_TRUE='#'
UDC_FALSE=''
UDC_TRUE='#'
VERSION='1.1.5'
WCHAR32='1'
X11_CFLAGS='-Wall -Wpointer-arith -Wstrict-prototypes 	-Wmissing-prototypes -Wmissing-declarations 	-Wnested-externs -fno-strict-aliasing -D_BSD_SOURCE -DHAS_FCHOWN -DHAS_STICKY_DIR_BIT       '
X11_DATADIR='/usr/local/share/X11'
X11_EXTRA_DEPS='xcb-xlib'
X11_LIBDIR='/usr/local/lib/X11'
X11_LIBS='-L/usr/local/lib -lxcb-xlib -lxcb    '
X11_LOCALEDATADIR='/usr/local/share/X11/locale'
X11_LOCALEDIR='/usr/local/share/X11/locale'
X11_LOCALELIBDIR='/usr/local/lib/X11/locale'
XCB_FALSE='#'
XCB_TRUE=''
XCMS_FALSE='#'
XCMS_TRUE=''
XDMCP_CFLAGS=''
XDMCP_LIBS=''
XERRORDB='/usr/local/share/X11/XErrorDB'
XKBPROTO_CFLAGS=' '
XKBPROTO_LIBS=' '
XKBPROTO_REQUIRES='kbproto'
XKB_FALSE='#'
XKB_TRUE=''
XKEYSYMDB='/usr/local/share/X11/XKeysymDB'
XLIB_LOADABLE_I18N_FALSE=''
XLIB_LOADABLE_I18N_TRUE='#'
XLOCALEDATADIR='/usr/local/share/X11/locale'
XLOCALEDIR='/usr/local/share/X11/locale'
XLOCALELIBDIR='/usr/local/lib/X11/locale'
XLOCALE_FALSE='#'
XLOCALE_TRUE=''
XMALLOC_ZERO_CFLAGS=''
XPROTO_CFLAGS=' '
XPROTO_LIBS=' '
XTHREADLIB=''
XTHREADS=''
XTHREAD_CFLAGS=''
XTMALLOC_ZERO_CFLAGS=''
XUSE_MTSAFE_API=''
ac_ct_CC='/usr/bin/gcc'
ac_ct_CXX='g++'
ac_ct_F77='gfortran'
am__fastdepCC_FALSE='#'
am__fastdepCC_TRUE=''
am__fastdepCXX_FALSE='#'
am__fastdepCXX_TRUE=''
am__include='include'
am__isrc=''
am__leading_dot='.'
am__quote=''
am__tar='${AMTAR} chof - "$$tardir"'
am__untar='${AMTAR} xf -'
bindir='${exec_prefix}/bin'
build='arm-apple-darwin11.0.0'
build_alias=''
build_cpu='arm'
build_os='darwin11.0.0'
build_vendor='apple'
datadir='${datarootdir}'
datarootdir='${prefix}/share'
docdir='${datarootdir}/doc/${PACKAGE_TARNAME}'
dvidir='${docdir}'
exec_prefix='${prefix}'
host='arm-apple-darwin11.0.0'
host_alias=''
host_cpu='arm'
host_os='darwin11.0.0'
host_vendor='apple'
htmldir='${docdir}'
includedir='${prefix}/include'
infodir='${datarootdir}/info'
install_sh='$(SHELL) /home/chris/xorg1/libX11-1.1.5/install-sh'
libdir='${exec_prefix}/lib'
libexecdir='${exec_prefix}/libexec'
localedir='${datarootdir}/locale'
localstatedir='${prefix}/var'
mandir='${datarootdir}/man'
mkdir_p='/bin/mkdir -p'
oldincludedir='/usr/include'
pdfdir='${docdir}'
prefix='/usr/local'
program_transform_name='s,x,x,'
psdir='${docdir}'
sbindir='${exec_prefix}/sbin'
sharedstatedir='${prefix}/com'
sysconfdir='${prefix}/etc'
target_alias=''

## ----------- ##
## confdefs.h. ##
## ----------- ##

#define PACKAGE_NAME "libX11"
#define PACKAGE_TARNAME "libX11"
#define PACKAGE_VERSION "1.1.5"
#define PACKAGE_STRING "libX11 1.1.5"
#define PACKAGE_BUGREPORT "https://bugs.freedesktop.org/enter_bug.cgi?product=xorg"
#define PACKAGE "libX11"
#define VERSION "1.1.5"
#define HAVE_SYS_TYPES_H 1
#define HAVE_SYS_STAT_H 1
#define HAVE_STDLIB_H 1
#define HAVE_STRING_H 1
#define HAVE_MEMORY_H 1
#define HAVE_STRINGS_H 1
#define HAVE_INTTYPES_H 1
#define HAVE_STDINT_H 1
#define HAVE_UNISTD_H 1
#define HAVE_DLFCN_H 1
#define USE_XCB 1
#define UNIXCONN 1
#define TCPCONN 1
#define IPv6 1
#define BSD44SOCKETS 1
#define HAVE_SOCKLEN_T 1
#define HAVE_DLOPEN 1
#define HAVE_DLFCN_H 1
#define USE_DYNAMIC_XCURSOR 1
#define HAVE_STRTOL 1
#define HASSETUGID 1
#define HAS_SHM 1
#define HAVE_LAUNCHD 1
#define TRANS_REOPEN 1
#define XTHREADS
#define XUSE_MTSAFE_API
#define USE_POLL 1
#define XCMS 1
#define XLOCALE 1
#define XF86BIGFONT 1
#define XKB 1
#define HAVE_STDLIB_H 1
#define HAVE_UNISTD_H 1
#define HAVE_GETPAGESIZE 1
#define X11_DATADIR "/usr/local/share/X11"
#define X11_LIBDIR "/usr/local/lib/X11"
#define XLOCALEDATADIR "/usr/local/share/X11/locale"
#define XLOCALELIBDIR "/usr/local/lib/X11/locale"
#define XLOCALEDIR "/usr/local/share/X11/locale"
#define XKEYSYMDB "/usr/local/share/X11/XKeysymDB"
#define XERRORDB "/usr/local/share/X11/XErrorDB"
#define PACKAGE_VERSION_MAJOR 1
#define PACKAGE_VERSION_MINOR 1
#define PACKAGE_VERSION_PATCHLEVEL 5

configure: exit 0
