This file contains any messages produced by compilers while
running configure, to aid debugging if configure makes a mistake.

It was created by xtrans configure 1.2.1, which was
generated by GNU Autoconf 2.61.  Invocation command line was

  $ ./configure 

## --------- ##
## Platform. ##
## --------- ##

hostname = Chriss-iPad
uname -m = iPad1,1
uname -r = 10.4.0
uname -s = Darwin
uname -v = Darwin Kernel Version 10.4.0: Wed Oct 20 20:14:45 PDT 2010; root:xnu-1504.58.28~3/RELEASE_ARM_S5L8930X

/usr/bin/uname -p = unknown
/bin/uname -X     = unknown

/bin/arch              = unknown
/usr/bin/arch -k       = unknown
/usr/convex/getsysinfo = unknown
/usr/bin/hostinfo      = Mach kernel version:
	 Darwin Kernel Version 10.4.0: Wed Oct 20 20:14:45 PDT 2010; root:xnu-1504.58.28~3/RELEASE_ARM_S5L8930X
Kernel configured for a single processor only.
1 processor is physically available.
1 processor is logically available.
Processor type: armv7 (arm v7)
Processor active: 0
Primary memory available: 247.00 megabytes
Default processor set: 38 tasks, 239 threads, 1 processors
Load average: 1.71, Mach factor: 0.43
/bin/machine           = unknown
/usr/bin/oslevel       = unknown
/bin/universe          = unknown

PATH: /usr/local/sbin
PATH: /usr/local/bin
PATH: /usr/sbin
PATH: /usr/bin
PATH: /sbin
PATH: /bin
PATH: /usr/bin/X11
PATH: /usr/games
PATH: /var/mobile/ocaml-3.12.0/bin


## ----------- ##
## Core tests. ##
## ----------- ##

configure:1744: checking for a BSD-compatible install
configure:1800: result: /usr/bin/install -c
configure:1811: checking whether build environment is sane
configure:1854: result: yes
configure:1882: checking for a thread-safe mkdir -p
configure:1921: result: /bin/mkdir -p
configure:1934: checking for gawk
configure:1950: found /usr/bin/gawk
configure:1961: result: gawk
configure:1972: checking whether make sets $(MAKE)
configure:1993: result: yes
configure:2181: checking whether to enable maintainer-specific portions of Makefiles
configure:2190: result: no
configure:2221: checking for style of include used by make
configure:2249: result: GNU
configure:2319: checking for gcc
configure:2346: result: /usr/bin/gcc
configure:2584: checking for C compiler version
configure:2591: /usr/bin/gcc --version >&5
gcc (GCC) 4.2.1 (Based on Apple Inc. build 5555)
Copyright (C) 2007 Free Software Foundation, Inc.
This is free software; see the source for copying conditions.  There is NO
warranty; not even for MERCHANTABILITY or FITNESS FOR A PARTICULAR PURPOSE.

configure:2594: $? = 0
configure:2601: /usr/bin/gcc -v >&5
Using built-in specs.
Target: arm-apple-darwin9
Configured with: ../llvm-gcc-4.2/configure --build=x86_64-unknown-linux-gnu --host=arm-apple-darwin9 --enable-static=no --enable-shared=yes --prefix=/usr --localstatedir=/var/cache/iphone-gcc --enable-languages=c,c++,objc,obj-c++ --enable-wchar_t=no --with-gxx-include-dir=/usr/include/c++/4.0.0
Thread model: posix
gcc version 4.2.1 (Based on Apple Inc. build 5555)
configure:2604: $? = 0
configure:2611: /usr/bin/gcc -V >&5
gcc: '-V' option must have argument
configure:2614: $? = 1
configure:2637: checking for C compiler default output file name
configure:2664: /usr/bin/gcc    conftest.c  >&5
configure:2667: $? = 0
configure:2705: result: a.out
configure:2722: checking whether the C compiler works
configure:2732: ./a.out
configure:2735: $? = 0
configure:2752: result: yes
configure:2759: checking whether we are cross compiling
configure:2761: result: no
configure:2764: checking for suffix of executables
configure:2771: /usr/bin/gcc -o conftest    conftest.c  >&5
configure:2774: $? = 0
configure:2798: result: 
configure:2804: checking for suffix of object files
configure:2830: /usr/bin/gcc -c   conftest.c >&5
configure:2833: $? = 0
configure:2856: result: o
configure:2860: checking whether we are using the GNU C compiler
configure:2889: /usr/bin/gcc -c   conftest.c >&5
configure:2895: $? = 0
configure:2912: result: yes
configure:2917: checking whether /usr/bin/gcc accepts -g
configure:2947: /usr/bin/gcc -c -g  conftest.c >&5
configure:2953: $? = 0
configure:3052: result: yes
configure:3069: checking for /usr/bin/gcc option to accept ISO C89
configure:3143: /usr/bin/gcc  -c -g -O2  conftest.c >&5
configure:3149: $? = 0
configure:3172: result: none needed
configure:3192: checking dependency style of /usr/bin/gcc
configure:3283: result: none
configure:3299: checking for fchown
configure:3355: /usr/bin/gcc -o conftest -g -O2   conftest.c  >&5
configure:3361: $? = 0
configure:3378: result: yes
configure:3591: creating ./config.status

## ---------------------- ##
## Running config.status. ##
## ---------------------- ##

This file was extended by xtrans config.status 1.2.1, which was
generated by GNU Autoconf 2.61.  Invocation command line was

  CONFIG_FILES    = 
  CONFIG_HEADERS  = 
  CONFIG_LINKS    = 
  CONFIG_COMMANDS = 
  $ ./config.status 

on Chriss-iPad

config.status:621: creating Makefile
config.status:621: creating xtrans.pc
config.status:812: executing depfiles commands

## ---------------- ##
## Cache variables. ##
## ---------------- ##

ac_cv_c_compiler_gnu=yes
ac_cv_env_CC_set=set
ac_cv_env_CC_value=/usr/bin/gcc
ac_cv_env_CFLAGS_set=
ac_cv_env_CFLAGS_value=
ac_cv_env_CPPFLAGS_set=
ac_cv_env_CPPFLAGS_value=
ac_cv_env_LDFLAGS_set=
ac_cv_env_LDFLAGS_value=
ac_cv_env_LIBS_set=
ac_cv_env_LIBS_value=
ac_cv_env_build_alias_set=
ac_cv_env_build_alias_value=
ac_cv_env_host_alias_set=
ac_cv_env_host_alias_value=
ac_cv_env_target_alias_set=
ac_cv_env_target_alias_value=
ac_cv_func_fchown=yes
ac_cv_objext=o
ac_cv_path_install='/usr/bin/install -c'
ac_cv_path_mkdir=/bin/mkdir
ac_cv_prog_AWK=gawk
ac_cv_prog_ac_ct_CC=/usr/bin/gcc
ac_cv_prog_cc_c89=
ac_cv_prog_cc_g=yes
ac_cv_prog_make_make_set=yes
am_cv_CC_dependencies_compiler_type=none

## ----------------- ##
## Output variables. ##
## ----------------- ##

ACLOCAL='${SHELL} /home/chris/xorg/xtrans-1.2.1/missing --run aclocal-1.10'
AMDEPBACKSLASH='\'
AMDEP_FALSE='#'
AMDEP_TRUE=''
AMTAR='${SHELL} /home/chris/xorg/xtrans-1.2.1/missing --run tar'
AUTOCONF='${SHELL} /home/chris/xorg/xtrans-1.2.1/missing --run autoconf'
AUTOHEADER='${SHELL} /home/chris/xorg/xtrans-1.2.1/missing --run autoheader'
AUTOMAKE='${SHELL} /home/chris/xorg/xtrans-1.2.1/missing --run automake-1.10'
AWK='gawk'
CC='/usr/bin/gcc'
CCDEPMODE='depmode=none'
CFLAGS='-g -O2'
CPPFLAGS=''
CYGPATH_W='echo'
DEFS='-DPACKAGE_NAME=\"xtrans\" -DPACKAGE_TARNAME=\"xtrans\" -DPACKAGE_VERSION=\"1.2.1\" -DPACKAGE_STRING=\"xtrans\ 1.2.1\" -DPACKAGE_BUGREPORT=\"https://bugs.freedesktop.org/enter_bug.cgi\?product=xorg\" -DPACKAGE=\"xtrans\" -DVERSION=\"1.2.1\" -DPACKAGE_VERSION_MAJOR=1 -DPACKAGE_VERSION_MINOR=2 -DPACKAGE_VERSION_PATCHLEVEL=1'
DEPDIR='.deps'
ECHO_C=''
ECHO_N='-n'
ECHO_T=''
EXEEXT=''
INSTALL_DATA='${INSTALL} -m 644'
INSTALL_PROGRAM='${INSTALL}'
INSTALL_SCRIPT='${INSTALL}'
INSTALL_STRIP_PROGRAM='$(install_sh) -c -s'
LDFLAGS=''
LIBOBJS=''
LIBS=''
LTLIBOBJS=''
MAINT='#'
MAINTAINER_MODE_FALSE=''
MAINTAINER_MODE_TRUE='#'
MAKEINFO='${SHELL} /home/chris/xorg/xtrans-1.2.1/missing --run makeinfo'
OBJEXT='o'
PACKAGE='xtrans'
PACKAGE_BUGREPORT='https://bugs.freedesktop.org/enter_bug.cgi?product=xorg'
PACKAGE_NAME='xtrans'
PACKAGE_STRING='xtrans 1.2.1'
PACKAGE_TARNAME='xtrans'
PACKAGE_VERSION='1.2.1'
PATH_SEPARATOR=':'
SET_MAKE=''
SHELL='/bin/sh'
STRIP=''
VERSION='1.2.1'
ac_ct_CC='/usr/bin/gcc'
am__fastdepCC_FALSE=''
am__fastdepCC_TRUE='#'
am__include='include'
am__isrc=''
am__leading_dot='.'
am__quote=''
am__tar='${AMTAR} chof - "$$tardir"'
am__untar='${AMTAR} xf -'
bindir='${exec_prefix}/bin'
build_alias=''
datadir='${datarootdir}'
datarootdir='${prefix}/share'
docdir='${datarootdir}/doc/${PACKAGE_TARNAME}'
dvidir='${docdir}'
exec_prefix='${prefix}'
fchown_define='-DHAS_FCHOWN'
host_alias=''
htmldir='${docdir}'
includedir='${prefix}/include'
infodir='${datarootdir}/info'
install_sh='$(SHELL) /home/chris/xorg/xtrans-1.2.1/install-sh'
libdir='${exec_prefix}/lib'
libexecdir='${exec_prefix}/libexec'
localedir='${datarootdir}/locale'
localstatedir='${prefix}/var'
mandir='${datarootdir}/man'
mkdir_p='/bin/mkdir -p'
oldincludedir='/usr/include'
pdfdir='${docdir}'
prefix='/usr/local'
program_transform_name='s,x,x,'
psdir='${docdir}'
sbindir='${exec_prefix}/sbin'
sharedstatedir='${prefix}/com'
sticky_bit_define='-DHAS_STICKY_DIR_BIT'
sysconfdir='${prefix}/etc'
target_alias=''

## ----------- ##
## confdefs.h. ##
## ----------- ##

#define PACKAGE_NAME "xtrans"
#define PACKAGE_TARNAME "xtrans"
#define PACKAGE_VERSION "1.2.1"
#define PACKAGE_STRING "xtrans 1.2.1"
#define PACKAGE_BUGREPORT "https://bugs.freedesktop.org/enter_bug.cgi?product=xorg"
#define PACKAGE "xtrans"
#define VERSION "1.2.1"
#define PACKAGE_VERSION_MAJOR 1
#define PACKAGE_VERSION_MINOR 2
#define PACKAGE_VERSION_PATCHLEVEL 1

configure: exit 0
