./gnu/classpath/tools/FileSystemClassLoader.java
./gnu/classpath/tools/IOToolkit.java
./gnu/classpath/tools/MalformedInputEvent.java
./gnu/classpath/tools/MalformedInputListener.java
./gnu/classpath/tools/NotifyingInputStreamReader.java
./gnu/classpath/tools/StringToolkit.java
./gnu/classpath/tools/appletviewer/AppletClassLoader.java
./gnu/classpath/tools/appletviewer/AppletSecurityManager.java
./gnu/classpath/tools/appletviewer/AppletTag.java
./gnu/classpath/tools/appletviewer/CommonAppletContext.java
./gnu/classpath/tools/appletviewer/CommonAppletStub.java
./gnu/classpath/tools/appletviewer/ErrorApplet.java
./gnu/classpath/tools/appletviewer/Main.java
./gnu/classpath/tools/appletviewer/Messages.java
./gnu/classpath/tools/appletviewer/PluginAppletContext.java
./gnu/classpath/tools/appletviewer/PluginAppletViewer.java
./gnu/classpath/tools/appletviewer/PluginAppletWindow.java
./gnu/classpath/tools/appletviewer/StandaloneAppletContext.java
./gnu/classpath/tools/appletviewer/StandaloneAppletViewer.java
./gnu/classpath/tools/appletviewer/StandaloneAppletWindow.java
./gnu/classpath/tools/appletviewer/TagParser.java
./gnu/classpath/tools/common/CallbackUtil.java
./gnu/classpath/tools/common/ClasspathToolParser.java
./gnu/classpath/tools/common/Messages.java
./gnu/classpath/tools/common/Persistent.java
./gnu/classpath/tools/common/ProviderUtil.java
./gnu/classpath/tools/common/SecurityProviderInfo.java
./gnu/classpath/tools/doclets/AbstractDoclet.java
./gnu/classpath/tools/doclets/DocletConfigurationException.java
./gnu/classpath/tools/doclets/DocletOption.java
./gnu/classpath/tools/doclets/DocletOptionColonSeparated.java
./gnu/classpath/tools/doclets/DocletOptionFile.java
./gnu/classpath/tools/doclets/DocletOptionFlag.java
./gnu/classpath/tools/doclets/DocletOptionPackageWildcard.java
./gnu/classpath/tools/doclets/DocletOptionString.java
./gnu/classpath/tools/doclets/InlineTagRenderer.java
./gnu/classpath/tools/doclets/InvalidPackageWildcardException.java
./gnu/classpath/tools/doclets/PackageGroup.java
./gnu/classpath/tools/doclets/PackageMatcher.java
./gnu/classpath/tools/doclets/StandardTaglet.java
./gnu/classpath/tools/doclets/TagletPrinter.java
./gnu/classpath/tools/doclets/debugdoclet/DebugDoclet.java
./gnu/classpath/tools/doclets/htmldoclet/CssClass.java
./gnu/classpath/tools/doclets/htmldoclet/ExternalDocSet.java
./gnu/classpath/tools/doclets/htmldoclet/HtmlDoclet.java
./gnu/classpath/tools/doclets/htmldoclet/HtmlPage.java
./gnu/classpath/tools/doclets/htmldoclet/HtmlTagletContext.java
./gnu/classpath/tools/doclets/xmldoclet/Driver.java
./gnu/classpath/tools/doclets/xmldoclet/Driver1_4.java
./gnu/classpath/tools/doclets/xmldoclet/HtmlRepairer.java
./gnu/classpath/tools/doclets/xmldoclet/TargetContext.java
./gnu/classpath/tools/doclets/xmldoclet/doctranslet/DocTranslet.java
./gnu/classpath/tools/doclets/xmldoclet/doctranslet/DocTransletConfigurationException.java
./gnu/classpath/tools/doclets/xmldoclet/doctranslet/DocTransletException.java
./gnu/classpath/tools/doclets/xmldoclet/doctranslet/DocTransletOptions.java
./gnu/classpath/tools/doclets/xmldoclet/doctranslet/JarClassLoader.java
./gnu/classpath/tools/doclets/xmldoclet/doctranslet/OutputFileInfo.java
./gnu/classpath/tools/getopt/FileArgumentCallback.java
./gnu/classpath/tools/getopt/Messages.java
./gnu/classpath/tools/getopt/Option.java
./gnu/classpath/tools/getopt/OptionException.java
./gnu/classpath/tools/getopt/OptionGroup.java
./gnu/classpath/tools/getopt/Parser.java
./gnu/classpath/tools/gjdoc/AbstractTagImpl.java
./gnu/classpath/tools/gjdoc/ArrayCharacterIterator.java
./gnu/classpath/tools/gjdoc/ClassDocImpl.java
./gnu/classpath/tools/gjdoc/ClassDocProxy.java
./gnu/classpath/tools/gjdoc/ClassDocReflectedImpl.java
./gnu/classpath/tools/gjdoc/ConstructorDocImpl.java
./gnu/classpath/tools/gjdoc/Debug.java
./gnu/classpath/tools/gjdoc/DirectoryTree.java
./gnu/classpath/tools/gjdoc/DocImpl.java
./gnu/classpath/tools/gjdoc/ErrorReporter.java
./gnu/classpath/tools/gjdoc/ExecutableMemberDocImpl.java
./gnu/classpath/tools/gjdoc/FieldDocImpl.java
./gnu/classpath/tools/gjdoc/GjdocPackageDoc.java
./gnu/classpath/tools/gjdoc/GjdocRootDoc.java
./gnu/classpath/tools/gjdoc/InheritDocTagImpl.java
./gnu/classpath/tools/gjdoc/JavadocWrapper.java
./gnu/classpath/tools/gjdoc/LinkTagImpl.java
./gnu/classpath/tools/gjdoc/Main.java
./gnu/classpath/tools/gjdoc/MemberDocImpl.java
./gnu/classpath/tools/gjdoc/MethodDocImpl.java
./gnu/classpath/tools/gjdoc/PackageDocImpl.java
./gnu/classpath/tools/gjdoc/ParamTagImpl.java
./gnu/classpath/tools/gjdoc/ParameterImpl.java
./gnu/classpath/tools/gjdoc/ParseException.java
./gnu/classpath/tools/gjdoc/Parser.java
./gnu/classpath/tools/gjdoc/ProgramElementDocImpl.java
./gnu/classpath/tools/gjdoc/RootDocImpl.java
./gnu/classpath/tools/gjdoc/SeeTagImpl.java
./gnu/classpath/tools/gjdoc/SerialFieldTagImpl.java
./gnu/classpath/tools/gjdoc/SourcePositionImpl.java
./gnu/classpath/tools/gjdoc/TagContainer.java
./gnu/classpath/tools/gjdoc/TagImpl.java
./gnu/classpath/tools/gjdoc/TemporaryStore.java
./gnu/classpath/tools/gjdoc/TextTagImpl.java
./gnu/classpath/tools/gjdoc/ThrowsTagImpl.java
./gnu/classpath/tools/gjdoc/Timer.java
./gnu/classpath/tools/gjdoc/TimerDoclet.java
./gnu/classpath/tools/gjdoc/TypeImpl.java
./gnu/classpath/tools/gjdoc/TypeVariableImpl.java
./gnu/classpath/tools/gjdoc/ValueTagImpl.java
./gnu/classpath/tools/gjdoc/WritableType.java
./gnu/classpath/tools/gjdoc/expr/AdditionExpression.java
./gnu/classpath/tools/gjdoc/expr/AndExpression.java
./gnu/classpath/tools/gjdoc/expr/BinaryBitwiseExpression.java
./gnu/classpath/tools/gjdoc/expr/BinaryComputationExpression.java
./gnu/classpath/tools/gjdoc/expr/BinaryEqualityExpression.java
./gnu/classpath/tools/gjdoc/expr/BinaryExpression.java
./gnu/classpath/tools/gjdoc/expr/BinaryLogicalExpression.java
./gnu/classpath/tools/gjdoc/expr/BinaryRelationExpression.java
./gnu/classpath/tools/gjdoc/expr/BinaryShiftExpression.java
./gnu/classpath/tools/gjdoc/expr/BitShiftRightExpression.java
./gnu/classpath/tools/gjdoc/expr/CircularExpressionException.java
./gnu/classpath/tools/gjdoc/expr/ConditionalExpression.java
./gnu/classpath/tools/gjdoc/expr/ConstantBoolean.java
./gnu/classpath/tools/gjdoc/expr/ConstantByte.java
./gnu/classpath/tools/gjdoc/expr/ConstantChar.java
./gnu/classpath/tools/gjdoc/expr/ConstantDouble.java
./gnu/classpath/tools/gjdoc/expr/ConstantExpression.java
./gnu/classpath/tools/gjdoc/expr/ConstantFloat.java
./gnu/classpath/tools/gjdoc/expr/ConstantInteger.java
./gnu/classpath/tools/gjdoc/expr/ConstantLong.java
./gnu/classpath/tools/gjdoc/expr/ConstantNull.java
./gnu/classpath/tools/gjdoc/expr/ConstantShort.java
./gnu/classpath/tools/gjdoc/expr/ConstantString.java
./gnu/classpath/tools/gjdoc/expr/Context.java
./gnu/classpath/tools/gjdoc/expr/DivisionExpression.java
./gnu/classpath/tools/gjdoc/expr/EqualExpression.java
./gnu/classpath/tools/gjdoc/expr/Evaluator.java
./gnu/classpath/tools/gjdoc/expr/EvaluatorEnvironment.java
./gnu/classpath/tools/gjdoc/expr/ExclusiveOrExpression.java
./gnu/classpath/tools/gjdoc/expr/Expression.java
./gnu/classpath/tools/gjdoc/expr/GreaterThanExpression.java
./gnu/classpath/tools/gjdoc/expr/GreaterThanOrEqualExpression.java
./gnu/classpath/tools/gjdoc/expr/IdentifierExpression.java
./gnu/classpath/tools/gjdoc/expr/IllegalExpressionException.java
./gnu/classpath/tools/gjdoc/expr/InclusiveOrExpression.java
./gnu/classpath/tools/gjdoc/expr/LessThanExpression.java
./gnu/classpath/tools/gjdoc/expr/LessThanOrEqualExpression.java
./gnu/classpath/tools/gjdoc/expr/LogicalAndExpression.java
./gnu/classpath/tools/gjdoc/expr/LogicalNotExpression.java
./gnu/classpath/tools/gjdoc/expr/LogicalOrExpression.java
./gnu/classpath/tools/gjdoc/expr/ModuloExpression.java
./gnu/classpath/tools/gjdoc/expr/MultiplicationExpression.java
./gnu/classpath/tools/gjdoc/expr/NegateExpression.java
./gnu/classpath/tools/gjdoc/expr/NotEqualExpression.java
./gnu/classpath/tools/gjdoc/expr/NotExpression.java
./gnu/classpath/tools/gjdoc/expr/ShiftLeftExpression.java
./gnu/classpath/tools/gjdoc/expr/ShiftRightExpression.java
./gnu/classpath/tools/gjdoc/expr/SubtractionExpression.java
./gnu/classpath/tools/gjdoc/expr/Type.java
./gnu/classpath/tools/gjdoc/expr/TypeCastExpression.java
./gnu/classpath/tools/gjdoc/expr/UnaryExpression.java
./gnu/classpath/tools/gjdoc/expr/UnknownIdentifierException.java
./gnu/classpath/tools/jar/Action.java
./gnu/classpath/tools/jar/Creator.java
./gnu/classpath/tools/jar/Entry.java
./gnu/classpath/tools/jar/Extractor.java
./gnu/classpath/tools/jar/Indexer.java
./gnu/classpath/tools/jar/Lister.java
./gnu/classpath/tools/jar/Main.java
./gnu/classpath/tools/jar/Messages.java
./gnu/classpath/tools/jar/Updater.java
./gnu/classpath/tools/jar/WorkSet.java
./gnu/classpath/tools/jarsigner/HashUtils.java
./gnu/classpath/tools/jarsigner/JarSigner.java
./gnu/classpath/tools/jarsigner/JarVerifier.java
./gnu/classpath/tools/jarsigner/Main.java
./gnu/classpath/tools/jarsigner/Messages.java
./gnu/classpath/tools/jarsigner/SFHelper.java
./gnu/classpath/tools/java2xhtml/Java2xhtml.java
./gnu/classpath/tools/javah/ClassWrapper.java
./gnu/classpath/tools/javah/CniIncludePrinter.java
./gnu/classpath/tools/javah/CniPrintStream.java
./gnu/classpath/tools/javah/CniStubPrinter.java
./gnu/classpath/tools/javah/FieldHelper.java
./gnu/classpath/tools/javah/GcjhMain.java
./gnu/classpath/tools/javah/JniHelper.java
./gnu/classpath/tools/javah/JniIncludePrinter.java
./gnu/classpath/tools/javah/JniPrintStream.java
./gnu/classpath/tools/javah/JniStubPrinter.java
./gnu/classpath/tools/javah/Keywords.java
./gnu/classpath/tools/javah/Main.java
./gnu/classpath/tools/javah/MethodHelper.java
./gnu/classpath/tools/javah/PackageWrapper.java
./gnu/classpath/tools/javah/PathOptionGroup.java
./gnu/classpath/tools/javah/Printer.java
./gnu/classpath/tools/javah/Text.java
./gnu/classpath/tools/keytool/CACertCmd.java
./gnu/classpath/tools/keytool/CertReqCmd.java
./gnu/classpath/tools/keytool/Command.java
./gnu/classpath/tools/keytool/DeleteCmd.java
./gnu/classpath/tools/keytool/ExportCmd.java
./gnu/classpath/tools/keytool/GenKeyCmd.java
./gnu/classpath/tools/keytool/IdentityDBCmd.java
./gnu/classpath/tools/keytool/ImportCmd.java
./gnu/classpath/tools/keytool/KeyCloneCmd.java
./gnu/classpath/tools/keytool/KeyPasswdCmd.java
./gnu/classpath/tools/keytool/ListCmd.java
./gnu/classpath/tools/keytool/Main.java
./gnu/classpath/tools/keytool/Messages.java
./gnu/classpath/tools/keytool/PrintCertCmd.java
./gnu/classpath/tools/keytool/SelfCertCmd.java
./gnu/classpath/tools/keytool/StorePasswdCmd.java
./gnu/classpath/tools/native2ascii/Messages.java
./gnu/classpath/tools/native2ascii/Native2ASCII.java
./gnu/classpath/tools/orbd/Main.java
./gnu/classpath/tools/orbd/Messages.java
./gnu/classpath/tools/orbd/PersistentContext.java
./gnu/classpath/tools/orbd/PersistentContextMap.java
./gnu/classpath/tools/orbd/PersistentMap.java
./gnu/classpath/tools/rmic/AbstractMethodGenerator.java
./gnu/classpath/tools/rmic/ClassRmicCompiler.java
./gnu/classpath/tools/rmic/CompilationError.java
./gnu/classpath/tools/rmic/Generator.java
./gnu/classpath/tools/rmic/GiopIo.java
./gnu/classpath/tools/rmic/HashFinder.java
./gnu/classpath/tools/rmic/Main.java
./gnu/classpath/tools/rmic/Messages.java
./gnu/classpath/tools/rmic/MethodGenerator.java
./gnu/classpath/tools/rmic/RMICException.java
./gnu/classpath/tools/rmic/RmiMethodGenerator.java
./gnu/classpath/tools/rmic/RmicBackend.java
./gnu/classpath/tools/rmic/SourceGiopRmicCompiler.java
./gnu/classpath/tools/rmic/SourceRmicCompiler.java
./gnu/classpath/tools/rmic/Variables.java
./gnu/classpath/tools/rmic/WrapUnWrapper.java
./gnu/classpath/tools/rmid/ActivationSystemImpl.java
./gnu/classpath/tools/rmid/ActivationSystemImpl_Stub.java
./gnu/classpath/tools/rmid/Main.java
./gnu/classpath/tools/rmid/Messages.java
./gnu/classpath/tools/rmid/PersistentBidiHashTable.java
./gnu/classpath/tools/rmiregistry/Main.java
./gnu/classpath/tools/rmiregistry/Messages.java
./gnu/classpath/tools/rmiregistry/PersistentHashTable.java
./gnu/classpath/tools/rmiregistry/RegistryImpl.java
./gnu/classpath/tools/rmiregistry/RegistryImpl_Skel.java
./gnu/classpath/tools/rmiregistry/RegistryImpl_Stub.java
./gnu/classpath/tools/serialver/Messages.java
./gnu/classpath/tools/serialver/SerialVer.java
./gnu/classpath/tools/taglets/AuthorTaglet.java
./gnu/classpath/tools/taglets/CodeTaglet.java
./gnu/classpath/tools/taglets/CopyrightTaglet.java
./gnu/classpath/tools/taglets/DeprecatedTaglet.java
./gnu/classpath/tools/taglets/GenericTaglet.java
./gnu/classpath/tools/taglets/GnuExtendedTaglet.java
./gnu/classpath/tools/taglets/SinceTaglet.java
./gnu/classpath/tools/taglets/TagletContext.java
./gnu/classpath/tools/taglets/ValueTaglet.java
./gnu/classpath/tools/taglets/VersionTaglet.java
./gnu/classpath/tools/tnameserv/Main.java
./gnu/classpath/tools/tnameserv/Messages.java
./com/sun/javadoc/ClassDoc.java
./com/sun/javadoc/ConstructorDoc.java
./com/sun/javadoc/Doc.java
./com/sun/javadoc/DocErrorReporter.java
./com/sun/javadoc/Doclet.java
./com/sun/javadoc/ExecutableMemberDoc.java
./com/sun/javadoc/FieldDoc.java
./com/sun/javadoc/MemberDoc.java
./com/sun/javadoc/MethodDoc.java
./com/sun/javadoc/PackageDoc.java
./com/sun/javadoc/ParamTag.java
./com/sun/javadoc/Parameter.java
./com/sun/javadoc/ProgramElementDoc.java
./com/sun/javadoc/RootDoc.java
./com/sun/javadoc/SeeTag.java
./com/sun/javadoc/SerialFieldTag.java
./com/sun/javadoc/SourcePosition.java
./com/sun/javadoc/Tag.java
./com/sun/javadoc/ThrowsTag.java
./com/sun/javadoc/Type.java
./com/sun/javadoc/TypeVariable.java
./com/sun/tools/doclets/Taglet.java
./com/sun/tools/javadoc/Main.java
./com/sun/tools/javac/Main.java
./com/sun/tools/javac/Messages.java
./com/sun/tools/javah/Main.java
./sun/rmi/rmic/Main.java
./sun/rmi/rmic/Messages.java
