This file contains any messages produced by compilers while
running configure, to aid debugging if configure makes a mistake.

It was created by libX11 configure 1.3, which was
generated by GNU Autoconf 2.63.  Invocation command line was

  $ ./configure 

## --------- ##
## Platform. ##
## --------- ##

hostname = Chriss-iPad
uname -m = iPad1,1
uname -r = 10.4.0
uname -s = Darwin
uname -v = Darwin Kernel Version 10.4.0: Wed Oct 20 20:14:45 PDT 2010; root:xnu-1504.58.28~3/RELEASE_ARM_S5L8930X

/usr/bin/uname -p = unknown
/bin/uname -X     = unknown

/bin/arch              = unknown
/usr/bin/arch -k       = unknown
/usr/convex/getsysinfo = unknown
/usr/bin/hostinfo      = Mach kernel version:
	 Darwin Kernel Version 10.4.0: Wed Oct 20 20:14:45 PDT 2010; root:xnu-1504.58.28~3/RELEASE_ARM_S5L8930X
Kernel configured for a single processor only.
1 processor is physically available.
1 processor is logically available.
Processor type: armv7 (arm v7)
Processor active: 0
Primary memory available: 247.00 megabytes
Default processor set: 32 tasks, 242 threads, 1 processors
Load average: 1.40, Mach factor: 0.35
/bin/machine           = unknown
/usr/bin/oslevel       = unknown
/bin/universe          = unknown

PATH: /usr/local/sbin
PATH: /usr/local/bin
PATH: /usr/sbin
PATH: /usr/bin
PATH: /sbin
PATH: /bin
PATH: /usr/bin/X11
PATH: /usr/games
PATH: /var/mobile/ocaml-3.12.0/bin


## ----------- ##
## Core tests. ##
## ----------- ##

configure:2248: checking for a BSD-compatible install
configure:2316: result: /usr/bin/install -c
configure:2327: checking whether build environment is sane
configure:2387: result: yes
configure:2528: checking for a thread-safe mkdir -p
configure:2567: result: /bin/mkdir -p
configure:2580: checking for gawk
configure:2596: found /usr/bin/gawk
configure:2607: result: gawk
configure:2618: checking whether make sets $(MAKE)
configure:2640: result: yes
configure:2724: checking whether to enable maintainer-specific portions of Makefiles
configure:2733: result: no
configure:2780: checking for style of include used by make
configure:2808: result: GNU
configure:2878: checking for gcc
configure:2905: result: /usr/bin/gcc
configure:3137: checking for C compiler version
configure:3145: /usr/bin/gcc --version >&5
gcc (GCC) 4.2.1 (Based on Apple Inc. build 5555)
Copyright (C) 2007 Free Software Foundation, Inc.
This is free software; see the source for copying conditions.  There is NO
warranty; not even for MERCHANTABILITY or FITNESS FOR A PARTICULAR PURPOSE.

configure:3149: $? = 0
configure:3156: /usr/bin/gcc -v >&5
Using built-in specs.
Target: arm-apple-darwin9
Configured with: ../llvm-gcc-4.2/configure --build=x86_64-unknown-linux-gnu --host=arm-apple-darwin9 --enable-static=no --enable-shared=yes --prefix=/usr --localstatedir=/var/cache/iphone-gcc --enable-languages=c,c++,objc,obj-c++ --enable-wchar_t=no --with-gxx-include-dir=/usr/include/c++/4.0.0
Thread model: posix
gcc version 4.2.1 (Based on Apple Inc. build 5555)
configure:3160: $? = 0
configure:3167: /usr/bin/gcc -V >&5
gcc: '-V' option must have argument
configure:3171: $? = 1
configure:3194: checking for C compiler default output file name
configure:3216: /usr/bin/gcc    conftest.c  >&5
configure:3220: $? = 0
configure:3258: result: a.out
configure:3277: checking whether the C compiler works
configure:3287: ./a.out
configure:3291: $? = 0
configure:3310: result: yes
configure:3317: checking whether we are cross compiling
configure:3319: result: no
configure:3322: checking for suffix of executables
configure:3329: /usr/bin/gcc -o conftest    conftest.c  >&5
configure:3333: $? = 0
configure:3359: result: 
configure:3365: checking for suffix of object files
configure:3391: /usr/bin/gcc -c   conftest.c >&5
configure:3395: $? = 0
configure:3420: result: o
configure:3424: checking whether we are using the GNU C compiler
configure:3453: /usr/bin/gcc -c   conftest.c >&5
configure:3460: $? = 0
configure:3477: result: yes
configure:3486: checking whether /usr/bin/gcc accepts -g
configure:3516: /usr/bin/gcc -c -g  conftest.c >&5
configure:3523: $? = 0
configure:3624: result: yes
configure:3641: checking for /usr/bin/gcc option to accept ISO C89
configure:3715: /usr/bin/gcc  -c -g -O2  conftest.c >&5
configure:3722: $? = 0
configure:3745: result: none needed
configure:3765: checking dependency style of /usr/bin/gcc
configure:3875: result: gcc3
configure:3896: checking how to run the C preprocessor
configure:3936: /usr/bin/gcc -E  conftest.c
configure:3943: $? = 0
configure:3974: /usr/bin/gcc -E  conftest.c
conftest.c:10:28: error: ac_nonexistent.h: No such file or directory
configure:3981: $? = 1
configure: failed program was:
| /* confdefs.h.  */
| #define PACKAGE_NAME "libX11"
| #define PACKAGE_TARNAME "libX11"
| #define PACKAGE_VERSION "1.3"
| #define PACKAGE_STRING "libX11 1.3"
| #define PACKAGE_BUGREPORT "https://bugs.freedesktop.org/enter_bug.cgi?product=xorg"
| #define PACKAGE "libX11"
| #define VERSION "1.3"
| /* end confdefs.h.  */
| #include <ac_nonexistent.h>
configure:4014: result: /usr/bin/gcc -E
configure:4043: /usr/bin/gcc -E  conftest.c
configure:4050: $? = 0
configure:4081: /usr/bin/gcc -E  conftest.c
conftest.c:10:28: error: ac_nonexistent.h: No such file or directory
configure:4088: $? = 1
configure: failed program was:
| /* confdefs.h.  */
| #define PACKAGE_NAME "libX11"
| #define PACKAGE_TARNAME "libX11"
| #define PACKAGE_VERSION "1.3"
| #define PACKAGE_STRING "libX11 1.3"
| #define PACKAGE_BUGREPORT "https://bugs.freedesktop.org/enter_bug.cgi?product=xorg"
| #define PACKAGE "libX11"
| #define VERSION "1.3"
| /* end confdefs.h.  */
| #include <ac_nonexistent.h>
configure:4128: checking for grep that handles long lines and -e
configure:4188: result: /bin/grep
configure:4193: checking for egrep
configure:4257: result: /bin/grep -E
configure:4262: checking for ANSI C header files
configure:4292: /usr/bin/gcc -c -g -O2  conftest.c >&5
configure:4299: $? = 0
configure:4398: /usr/bin/gcc -o conftest -g -O2   conftest.c  >&5
configure:4402: $? = 0
configure:4408: ./conftest
configure:4412: $? = 0
configure:4430: result: yes
configure:4454: checking for sys/types.h
configure:4475: /usr/bin/gcc -c -g -O2  conftest.c >&5
configure:4482: $? = 0
configure:4499: result: yes
configure:4454: checking for sys/stat.h
configure:4475: /usr/bin/gcc -c -g -O2  conftest.c >&5
configure:4482: $? = 0
configure:4499: result: yes
configure:4454: checking for stdlib.h
configure:4475: /usr/bin/gcc -c -g -O2  conftest.c >&5
configure:4482: $? = 0
configure:4499: result: yes
configure:4454: checking for string.h
configure:4475: /usr/bin/gcc -c -g -O2  conftest.c >&5
configure:4482: $? = 0
configure:4499: result: yes
configure:4454: checking for memory.h
configure:4475: /usr/bin/gcc -c -g -O2  conftest.c >&5
configure:4482: $? = 0
configure:4499: result: yes
configure:4454: checking for strings.h
configure:4475: /usr/bin/gcc -c -g -O2  conftest.c >&5
configure:4482: $? = 0
configure:4499: result: yes
configure:4454: checking for inttypes.h
configure:4475: /usr/bin/gcc -c -g -O2  conftest.c >&5
configure:4482: $? = 0
configure:4499: result: yes
configure:4454: checking for stdint.h
configure:4475: /usr/bin/gcc -c -g -O2  conftest.c >&5
configure:4482: $? = 0
configure:4499: result: yes
configure:4454: checking for unistd.h
configure:4475: /usr/bin/gcc -c -g -O2  conftest.c >&5
configure:4482: $? = 0
configure:4499: result: yes
configure:4524: checking minix/config.h usability
configure:4541: /usr/bin/gcc -c -g -O2  conftest.c >&5
conftest.c:53:26: error: minix/config.h: No such file or directory
configure:4548: $? = 1
configure: failed program was:
| /* confdefs.h.  */
| #define PACKAGE_NAME "libX11"
| #define PACKAGE_TARNAME "libX11"
| #define PACKAGE_VERSION "1.3"
| #define PACKAGE_STRING "libX11 1.3"
| #define PACKAGE_BUGREPORT "https://bugs.freedesktop.org/enter_bug.cgi?product=xorg"
| #define PACKAGE "libX11"
| #define VERSION "1.3"
| #define STDC_HEADERS 1
| #define HAVE_SYS_TYPES_H 1
| #define HAVE_SYS_STAT_H 1
| #define HAVE_STDLIB_H 1
| #define HAVE_STRING_H 1
| #define HAVE_MEMORY_H 1
| #define HAVE_STRINGS_H 1
| #define HAVE_INTTYPES_H 1
| #define HAVE_STDINT_H 1
| #define HAVE_UNISTD_H 1
| /* end confdefs.h.  */
| #include <stdio.h>
| #ifdef HAVE_SYS_TYPES_H
| # include <sys/types.h>
| #endif
| #ifdef HAVE_SYS_STAT_H
| # include <sys/stat.h>
| #endif
| #ifdef STDC_HEADERS
| # include <stdlib.h>
| # include <stddef.h>
| #else
| # ifdef HAVE_STDLIB_H
| #  include <stdlib.h>
| # endif
| #endif
| #ifdef HAVE_STRING_H
| # if !defined STDC_HEADERS && defined HAVE_MEMORY_H
| #  include <memory.h>
| # endif
| # include <string.h>
| #endif
| #ifdef HAVE_STRINGS_H
| # include <strings.h>
| #endif
| #ifdef HAVE_INTTYPES_H
| # include <inttypes.h>
| #endif
| #ifdef HAVE_STDINT_H
| # include <stdint.h>
| #endif
| #ifdef HAVE_UNISTD_H
| # include <unistd.h>
| #endif
| #include <minix/config.h>
configure:4562: result: no
configure:4566: checking minix/config.h presence
configure:4581: /usr/bin/gcc -E  conftest.c
conftest.c:20:26: error: minix/config.h: No such file or directory
configure:4588: $? = 1
configure: failed program was:
| /* confdefs.h.  */
| #define PACKAGE_NAME "libX11"
| #define PACKAGE_TARNAME "libX11"
| #define PACKAGE_VERSION "1.3"
| #define PACKAGE_STRING "libX11 1.3"
| #define PACKAGE_BUGREPORT "https://bugs.freedesktop.org/enter_bug.cgi?product=xorg"
| #define PACKAGE "libX11"
| #define VERSION "1.3"
| #define STDC_HEADERS 1
| #define HAVE_SYS_TYPES_H 1
| #define HAVE_SYS_STAT_H 1
| #define HAVE_STDLIB_H 1
| #define HAVE_STRING_H 1
| #define HAVE_MEMORY_H 1
| #define HAVE_STRINGS_H 1
| #define HAVE_INTTYPES_H 1
| #define HAVE_STDINT_H 1
| #define HAVE_UNISTD_H 1
| /* end confdefs.h.  */
| #include <minix/config.h>
configure:4602: result: no
configure:4635: checking for minix/config.h
configure:4642: result: no
configure:4673: checking whether it is safe to define __EXTENSIONS__
configure:4701: /usr/bin/gcc -c -g -O2  conftest.c >&5
configure:4708: $? = 0
configure:4723: result: yes
configure:4780: checking build system type
configure:4798: result: arm-apple-darwin10.4.0
configure:4820: checking host system type
configure:4835: result: arm-apple-darwin10.4.0
configure:4857: checking for a sed that does not truncate output
configure:4923: result: /bin/sed
configure:4941: checking for fgrep
configure:5005: result: /bin/grep -F
configure:5040: checking for ld used by /usr/bin/gcc
configure:5107: result: /usr/bin/ld
configure:5116: checking if the linker (/usr/bin/ld) is GNU ld
configure:5131: result: no
configure:5143: checking for BSD- or MS-compatible name lister (nm)
configure:5192: result: /usr/bin/nm -p
configure:5310: checking the name lister (/usr/bin/nm -p) interface
configure:5317: /usr/bin/gcc -c -g -O2  conftest.c >&5
configure:5320: /usr/bin/nm -p "conftest.o"
configure:5323: output
00000000 D _some_variable
configure:5330: result: BSD nm
configure:5333: checking whether ln -s works
configure:5337: result: yes
configure:5345: checking the maximum length of command line arguments
configure:5465: result: 196608
configure:5482: checking whether the shell understands some XSI constructs
configure:5492: result: yes
configure:5496: checking whether the shell understands "+="
configure:5502: result: yes
configure:5537: checking for /usr/bin/ld option to reload object files
configure:5544: result: -r
configure:5613: checking for objdump
configure:5629: found /usr/bin/objdump
configure:5640: result: objdump
configure:5672: checking how to recognize dependent libraries
configure:5868: result: pass_all
configure:5928: checking for ar
configure:5944: found /usr/bin/ar
configure:5955: result: ar
configure:6033: checking for strip
configure:6049: found /usr/bin/strip
configure:6060: result: strip
configure:6132: checking for ranlib
configure:6148: found /usr/bin/ranlib
configure:6159: result: ranlib
configure:6249: checking command to parse /usr/bin/nm -p output from /usr/bin/gcc object
configure:6367: /usr/bin/gcc -c -g -O2  conftest.c >&5
configure:6370: $? = 0
configure:6374: /usr/bin/nm -p conftest.o \| sed -n -e 's/^.*[	 ]\([BCDEGRST][BCDEGRST]*\)[	 ][	 ]*\([_A-Za-z][_A-Za-z0-9]*\)$/\1 \2 \2/p' \> conftest.nm
configure:6377: $? = 0
cannot find nm_test_var in conftest.nm
configure:6367: /usr/bin/gcc -c -g -O2  conftest.c >&5
configure:6370: $? = 0
configure:6374: /usr/bin/nm -p conftest.o \| sed -n -e 's/^.*[	 ]\([BCDEGRST][BCDEGRST]*\)[	 ][	 ]*_\([_A-Za-z][_A-Za-z0-9]*\)$/\1 _\2 \2/p' \> conftest.nm
configure:6377: $? = 0
configure:6431: /usr/bin/gcc -o conftest -g -O2   conftest.c conftstm.o >&5
configure:6434: $? = 0
configure:6472: result: ok
configure:6765: checking for dsymutil
configure:6795: result: no
configure:6857: checking for nmedit
configure:6873: found /usr/bin/nmedit
configure:6884: result: nmedit
configure:6949: checking for lipo
configure:6965: found /usr/bin/lipo
configure:6976: result: lipo
configure:7041: checking for otool
configure:7057: found /usr/bin/otool
configure:7068: result: otool
configure:7133: checking for otool64
configure:7149: found /usr/bin/otool64
configure:7160: result: otool64
configure:7208: checking for -single_module linker flag
/usr/bin/gcc -g -O2  -o libconftest.dylib -dynamiclib -Wl,-single_module conftest.c
configure:7235: result: yes
configure:7237: checking for -exported_symbols_list linker flag
configure:7267: /usr/bin/gcc -o conftest -g -O2   -Wl,-exported_symbols_list,conftest.sym conftest.c  >&5
configure:7274: $? = 0
configure:7296: result: yes
configure:7337: checking for dlfcn.h
configure:7358: /usr/bin/gcc -c -g -O2  conftest.c >&5
configure:7365: $? = 0
configure:7382: result: yes
configure:7568: checking for objdir
configure:7583: result: .libs
configure:7875: checking if /usr/bin/gcc supports -fno-rtti -fno-exceptions
configure:7893: /usr/bin/gcc -c -g -O2  -fno-rtti -fno-exceptions conftest.c >&5
cc1: warning: command line option "-fno-rtti" is valid for C++/ObjC++ but not for C
configure:7897: $? = 0
configure:7910: result: no
configure:7930: checking for /usr/bin/gcc option to produce PIC
configure:8202: result: -fno-common -DPIC
configure:8214: checking if /usr/bin/gcc PIC flag -fno-common -DPIC works
configure:8232: /usr/bin/gcc -c -g -O2  -fno-common -DPIC -DPIC conftest.c >&5
configure:8236: $? = 0
configure:8249: result: yes
configure:8273: checking if /usr/bin/gcc static flag -static works
configure:8301: result: no
configure:8316: checking if /usr/bin/gcc supports -c -o file.o
configure:8337: /usr/bin/gcc -c -g -O2  -o out/conftest2.o conftest.c >&5
configure:8341: $? = 0
configure:8363: result: yes
configure:8371: checking if /usr/bin/gcc supports -c -o file.o
configure:8418: result: yes
configure:8451: checking whether the /usr/bin/gcc linker (/usr/bin/ld) supports shared libraries
configure:9525: result: yes
configure:9764: checking dynamic linker characteristics
configure:10450: result: darwin10.4.0 dyld
configure:10552: checking how to hardcode library paths into programs
configure:10577: result: immediate
configure:11410: checking whether stripping libraries is possible
configure:11424: result: yes
configure:11450: checking if libtool supports shared libraries
configure:11452: result: yes
configure:11455: checking whether to build shared libraries
configure:11476: result: yes
configure:11479: checking whether to build static libraries
configure:11483: result: yes
configure:11524: checking for bash
configure:11542: found /bin/bash
configure:11554: result: /bin/bash
configure:11562: checking if dolt supports this host
configure:11584: result: no, falling back to libtool
configure:11763: checking for gcc
configure:11790: result: /usr/bin/gcc
configure:12022: checking for C compiler version
configure:12030: /usr/bin/gcc --version >&5
gcc (GCC) 4.2.1 (Based on Apple Inc. build 5555)
Copyright (C) 2007 Free Software Foundation, Inc.
This is free software; see the source for copying conditions.  There is NO
warranty; not even for MERCHANTABILITY or FITNESS FOR A PARTICULAR PURPOSE.

configure:12034: $? = 0
configure:12041: /usr/bin/gcc -v >&5
Using built-in specs.
Target: arm-apple-darwin9
Configured with: ../llvm-gcc-4.2/configure --build=x86_64-unknown-linux-gnu --host=arm-apple-darwin9 --enable-static=no --enable-shared=yes --prefix=/usr --localstatedir=/var/cache/iphone-gcc --enable-languages=c,c++,objc,obj-c++ --enable-wchar_t=no --with-gxx-include-dir=/usr/include/c++/4.0.0
Thread model: posix
gcc version 4.2.1 (Based on Apple Inc. build 5555)
configure:12045: $? = 0
configure:12052: /usr/bin/gcc -V >&5
gcc: '-V' option must have argument
configure:12056: $? = 1
configure:12059: checking whether we are using the GNU C compiler
configure:12112: result: yes
configure:12121: checking whether /usr/bin/gcc accepts -g
configure:12259: result: yes
configure:12276: checking for /usr/bin/gcc option to accept ISO C89
configure:12380: result: none needed
configure:12400: checking dependency style of /usr/bin/gcc
configure:12510: result: gcc3
configure:12525: checking for /usr/bin/gcc option to accept ISO C99
configure:12684: /usr/bin/gcc  -c -g -O2  conftest.c >&5
conftest.c:77: error: expected ';', ',' or ')' before 'text'
conftest.c: In function 'main':
conftest.c:131: error: nested functions are disabled, use -fnested-functions to re-enable
conftest.c:131: error: expected '=', ',', ';', 'asm' or '__attribute__' before 'newvar'
conftest.c:131: error: 'newvar' undeclared (first use in this function)
conftest.c:131: error: (Each undeclared identifier is reported only once
conftest.c:131: error: for each function it appears in.)
conftest.c:141: error: 'for' loop initial declaration used outside C99 mode
configure:12691: $? = 1
configure: failed program was:
| /* confdefs.h.  */
| #define PACKAGE_NAME "libX11"
| #define PACKAGE_TARNAME "libX11"
| #define PACKAGE_VERSION "1.3"
| #define PACKAGE_STRING "libX11 1.3"
| #define PACKAGE_BUGREPORT "https://bugs.freedesktop.org/enter_bug.cgi?product=xorg"
| #define PACKAGE "libX11"
| #define VERSION "1.3"
| #define STDC_HEADERS 1
| #define HAVE_SYS_TYPES_H 1
| #define HAVE_SYS_STAT_H 1
| #define HAVE_STDLIB_H 1
| #define HAVE_STRING_H 1
| #define HAVE_MEMORY_H 1
| #define HAVE_STRINGS_H 1
| #define HAVE_INTTYPES_H 1
| #define HAVE_STDINT_H 1
| #define HAVE_UNISTD_H 1
| #define __EXTENSIONS__ 1
| #define _ALL_SOURCE 1
| #define _GNU_SOURCE 1
| #define _POSIX_PTHREAD_SEMANTICS 1
| #define _TANDEM_SOURCE 1
| #define HAVE_DLFCN_H 1
| #define LT_OBJDIR ".libs/"
| /* end confdefs.h.  */
| #include <stdarg.h>
| #include <stdbool.h>
| #include <stdlib.h>
| #include <wchar.h>
| #include <stdio.h>
| 
| // Check varargs macros.  These examples are taken from C99 6.10.3.5.
| #define debug(...) fprintf (stderr, __VA_ARGS__)
| #define showlist(...) puts (#__VA_ARGS__)
| #define report(test,...) ((test) ? puts (#test) : printf (__VA_ARGS__))
| static void
| test_varargs_macros (void)
| {
|   int x = 1234;
|   int y = 5678;
|   debug ("Flag");
|   debug ("X = %d\n", x);
|   showlist (The first, second, and third items.);
|   report (x>y, "x is %d but y is %d", x, y);
| }
| 
| // Check long long types.
| #define BIG64 18446744073709551615ull
| #define BIG32 4294967295ul
| #define BIG_OK (BIG64 / BIG32 == 4294967297ull && BIG64 % BIG32 == 0)
| #if !BIG_OK
|   your preprocessor is broken;
| #endif
| #if BIG_OK
| #else
|   your preprocessor is broken;
| #endif
| static long long int bignum = -9223372036854775807LL;
| static unsigned long long int ubignum = BIG64;
| 
| struct incomplete_array
| {
|   int datasize;
|   double data[];
| };
| 
| struct named_init {
|   int number;
|   const wchar_t *name;
|   double average;
| };
| 
| typedef const char *ccp;
| 
| static inline int
| test_restrict (ccp restrict text)
| {
|   // See if C++-style comments work.
|   // Iterate through items via the restricted pointer.
|   // Also check for declarations in for loops.
|   for (unsigned int i = 0; *(text+i) != '\0'; ++i)
|     continue;
|   return 0;
| }
| 
| // Check varargs and va_copy.
| static void
| test_varargs (const char *format, ...)
| {
|   va_list args;
|   va_start (args, format);
|   va_list args_copy;
|   va_copy (args_copy, args);
| 
|   const char *str;
|   int number;
|   float fnumber;
| 
|   while (*format)
|     {
|       switch (*format++)
| 	{
| 	case 's': // string
| 	  str = va_arg (args_copy, const char *);
| 	  break;
| 	case 'd': // int
| 	  number = va_arg (args_copy, int);
| 	  break;
| 	case 'f': // float
| 	  fnumber = va_arg (args_copy, double);
| 	  break;
| 	default:
| 	  break;
| 	}
|     }
|   va_end (args_copy);
|   va_end (args);
| }
| 
| int
| main ()
| {
| 
|   // Check bool.
|   _Bool success = false;
| 
|   // Check restrict.
|   if (test_restrict ("String literal") == 0)
|     success = true;
|   char *restrict newvar = "Another string";
| 
|   // Check varargs.
|   test_varargs ("s, d' f .", "string", 65, 34.234);
|   test_varargs_macros ();
| 
|   // Check flexible array members.
|   struct incomplete_array *ia =
|     malloc (sizeof (struct incomplete_array) + (sizeof (double) * 10));
|   ia->datasize = 10;
|   for (int i = 0; i < ia->datasize; ++i)
|     ia->data[i] = i * 1.234;
| 
|   // Check named initializers.
|   struct named_init ni = {
|     .number = 34,
|     .name = L"Test wide string",
|     .average = 543.34343,
|   };
| 
|   ni.number = 58;
| 
|   int dynamic_array[ni.number];
|   dynamic_array[ni.number - 1] = 543;
| 
|   // work around unused variable warnings
|   return (!success || bignum == 0LL || ubignum == 0uLL || newvar[0] == 'x'
| 	  || dynamic_array[ni.number - 1] != 543);
| 
|   ;
|   return 0;
| }
configure:12684: /usr/bin/gcc -std=gnu99 -c -g -O2  conftest.c >&5
configure:12691: $? = 0
configure:12721: result: -std=gnu99
configure:13135: checking for cpp
configure:13154: found /usr/bin/cpp
configure:13166: result: /usr/bin/cpp
configure:13182: checking if /usr/bin/cpp requires -undef
configure:13188: result: no
configure:13208: checking if /usr/bin/cpp requires -traditional
configure:13219: result: yes
configure:13244: checking for perl
configure:13260: found /usr/bin/perl
configure:13271: result: perl
configure:13303: checking whether to use XCB
configure:13310: result: yes
configure:13371: checking for pkg-config
configure:13389: found /usr/bin/pkg-config
configure:13401: result: /usr/bin/pkg-config
configure:13426: checking pkg-config is at least version 0.9.0
configure:13429: result: yes
configure:13440: checking for XPROTO
configure:13447: $PKG_CONFIG --exists --print-errors "xproto >= 7.0.13"
configure:13450: $? = 0
configure:13463: $PKG_CONFIG --exists --print-errors "xproto >= 7.0.13"
configure:13466: $? = 0
configure:13543: result: yes
configure:13788: checking for X11
configure:13795: $PKG_CONFIG --exists --print-errors "xextproto xtrans $X11_REQUIRES"
configure:13798: $? = 0
configure:13811: $PKG_CONFIG --exists --print-errors "xextproto xtrans $X11_REQUIRES"
configure:13814: $? = 0
configure:13891: result: yes
configure:13913: checking if Xtrans should support UNIX socket connections
configure:13922: result: yes
configure:13931: checking if Xtrans should support TCP socket connections
configure:13933: result: yes
configure:13943: checking for library containing socket
configure:13984: /usr/bin/gcc -std=gnu99 -o conftest -g -O2   conftest.c  >&5
configure:13991: $? = 0
configure:14022: result: none required
configure:14030: checking for library containing gethostbyname
configure:14071: /usr/bin/gcc -std=gnu99 -o conftest -g -O2   conftest.c  >&5
configure:14078: $? = 0
configure:14109: result: none required
configure:14118: checking for main in -lws2_32
configure:14147: /usr/bin/gcc -std=gnu99 -o conftest -g -O2   conftest.c -lws2_32   >&5
ld: library not found for -lws2_32
collect2: ld returned 1 exit status
configure:14154: $? = 1
configure: failed program was:
| /* confdefs.h.  */
| #define PACKAGE_NAME "libX11"
| #define PACKAGE_TARNAME "libX11"
| #define PACKAGE_VERSION "1.3"
| #define PACKAGE_STRING "libX11 1.3"
| #define PACKAGE_BUGREPORT "https://bugs.freedesktop.org/enter_bug.cgi?product=xorg"
| #define PACKAGE "libX11"
| #define VERSION "1.3"
| #define STDC_HEADERS 1
| #define HAVE_SYS_TYPES_H 1
| #define HAVE_SYS_STAT_H 1
| #define HAVE_STDLIB_H 1
| #define HAVE_STRING_H 1
| #define HAVE_MEMORY_H 1
| #define HAVE_STRINGS_H 1
| #define HAVE_INTTYPES_H 1
| #define HAVE_STDINT_H 1
| #define HAVE_UNISTD_H 1
| #define __EXTENSIONS__ 1
| #define _ALL_SOURCE 1
| #define _GNU_SOURCE 1
| #define _POSIX_PTHREAD_SEMANTICS 1
| #define _TANDEM_SOURCE 1
| #define HAVE_DLFCN_H 1
| #define LT_OBJDIR ".libs/"
| #define PACKAGE_VERSION_MAJOR 1
| #define PACKAGE_VERSION_MINOR 3
| #define PACKAGE_VERSION_PATCHLEVEL 0
| #define USE_XCB 1
| #define UNIXCONN 1
| #define TCPCONN 1
| /* end confdefs.h.  */
| 
| 
| int
| main ()
| {
| return main ();
|   ;
|   return 0;
| }
configure:14175: result: no
configure:14193: checking for getaddrinfo
configure:14249: /usr/bin/gcc -std=gnu99 -o conftest -g -O2   conftest.c  >&5
configure:14256: $? = 0
configure:14276: result: yes
configure:14286: checking if IPv6 support should be built
configure:14295: result: yes
configure:14299: checking for struct sockaddr_in.sin_len
configure:14332: /usr/bin/gcc -std=gnu99 -c -g -O2  conftest.c >&5
configure:14339: $? = 0
configure:14402: result: yes
configure:14414: checking for socklen_t
configure:14445: /usr/bin/gcc -std=gnu99 -c -g -O2  conftest.c >&5
configure:14452: $? = 0
configure:14482: /usr/bin/gcc -std=gnu99 -c -g -O2  conftest.c >&5
conftest.c: In function 'main':
conftest.c:74: error: expected expression before ')' token
configure:14489: $? = 1
configure: failed program was:
| /* confdefs.h.  */
| #define PACKAGE_NAME "libX11"
| #define PACKAGE_TARNAME "libX11"
| #define PACKAGE_VERSION "1.3"
| #define PACKAGE_STRING "libX11 1.3"
| #define PACKAGE_BUGREPORT "https://bugs.freedesktop.org/enter_bug.cgi?product=xorg"
| #define PACKAGE "libX11"
| #define VERSION "1.3"
| #define STDC_HEADERS 1
| #define HAVE_SYS_TYPES_H 1
| #define HAVE_SYS_STAT_H 1
| #define HAVE_STDLIB_H 1
| #define HAVE_STRING_H 1
| #define HAVE_MEMORY_H 1
| #define HAVE_STRINGS_H 1
| #define HAVE_INTTYPES_H 1
| #define HAVE_STDINT_H 1
| #define HAVE_UNISTD_H 1
| #define __EXTENSIONS__ 1
| #define _ALL_SOURCE 1
| #define _GNU_SOURCE 1
| #define _POSIX_PTHREAD_SEMANTICS 1
| #define _TANDEM_SOURCE 1
| #define HAVE_DLFCN_H 1
| #define LT_OBJDIR ".libs/"
| #define PACKAGE_VERSION_MAJOR 1
| #define PACKAGE_VERSION_MINOR 3
| #define PACKAGE_VERSION_PATCHLEVEL 0
| #define USE_XCB 1
| #define UNIXCONN 1
| #define TCPCONN 1
| #define IPv6 1
| #define BSD44SOCKETS 1
| /* end confdefs.h.  */
| 
| #include <stdio.h>
| #ifdef HAVE_SYS_TYPES_H
| # include <sys/types.h>
| #endif
| #ifdef HAVE_SYS_STAT_H
| # include <sys/stat.h>
| #endif
| #ifdef STDC_HEADERS
| # include <stdlib.h>
| # include <stddef.h>
| #else
| # ifdef HAVE_STDLIB_H
| #  include <stdlib.h>
| # endif
| #endif
| #ifdef HAVE_STRING_H
| # if !defined STDC_HEADERS && defined HAVE_MEMORY_H
| #  include <memory.h>
| # endif
| # include <string.h>
| #endif
| #ifdef HAVE_STRINGS_H
| # include <strings.h>
| #endif
| #ifdef HAVE_INTTYPES_H
| # include <inttypes.h>
| #endif
| #ifdef HAVE_STDINT_H
| # include <stdint.h>
| #endif
| #ifdef HAVE_UNISTD_H
| # include <unistd.h>
| #endif
| #include <sys/socket.h>
| 
| int
| main ()
| {
| if (sizeof ((socklen_t)))
| 	  return 0;
|   ;
|   return 0;
| }
configure:14512: result: yes
configure:14537: checking if Xtrans should support os-specific local connections
configure:14539: result: no
configure:14568: checking for authdes_seccreate
configure:14624: /usr/bin/gcc -std=gnu99 -o conftest -g -O2   conftest.c  >&5
Undefined symbols:
  "_authdes_seccreate", referenced from:
      _main in ccyC5Qxj.o
ld: symbol(s) not found
collect2: ld returned 1 exit status
configure:14631: $? = 1
configure: failed program was:
| /* confdefs.h.  */
| #define PACKAGE_NAME "libX11"
| #define PACKAGE_TARNAME "libX11"
| #define PACKAGE_VERSION "1.3"
| #define PACKAGE_STRING "libX11 1.3"
| #define PACKAGE_BUGREPORT "https://bugs.freedesktop.org/enter_bug.cgi?product=xorg"
| #define PACKAGE "libX11"
| #define VERSION "1.3"
| #define STDC_HEADERS 1
| #define HAVE_SYS_TYPES_H 1
| #define HAVE_SYS_STAT_H 1
| #define HAVE_STDLIB_H 1
| #define HAVE_STRING_H 1
| #define HAVE_MEMORY_H 1
| #define HAVE_STRINGS_H 1
| #define HAVE_INTTYPES_H 1
| #define HAVE_STDINT_H 1
| #define HAVE_UNISTD_H 1
| #define __EXTENSIONS__ 1
| #define _ALL_SOURCE 1
| #define _GNU_SOURCE 1
| #define _POSIX_PTHREAD_SEMANTICS 1
| #define _TANDEM_SOURCE 1
| #define HAVE_DLFCN_H 1
| #define LT_OBJDIR ".libs/"
| #define PACKAGE_VERSION_MAJOR 1
| #define PACKAGE_VERSION_MINOR 3
| #define PACKAGE_VERSION_PATCHLEVEL 0
| #define USE_XCB 1
| #define UNIXCONN 1
| #define TCPCONN 1
| #define IPv6 1
| #define BSD44SOCKETS 1
| #define HAVE_SOCKLEN_T 1
| /* end confdefs.h.  */
| /* Define authdes_seccreate to an innocuous variant, in case <limits.h> declares authdes_seccreate.
|    For example, HP-UX 11i <limits.h> declares gettimeofday.  */
| #define authdes_seccreate innocuous_authdes_seccreate
| 
| /* System header to define __stub macros and hopefully few prototypes,
|     which can conflict with char authdes_seccreate (); below.
|     Prefer <limits.h> to <assert.h> if __STDC__ is defined, since
|     <limits.h> exists even on freestanding compilers.  */
| 
| #ifdef __STDC__
| # include <limits.h>
| #else
| # include <assert.h>
| #endif
| 
| #undef authdes_seccreate
| 
| /* Override any GCC internal prototype to avoid an error.
|    Use char because int might match the return type of a GCC
|    builtin and then its argument prototype would still apply.  */
| #ifdef __cplusplus
| extern "C"
| #endif
| char authdes_seccreate ();
| /* The GNU C library defines this for functions which it implements
|     to always fail with ENOSYS.  Some functions are actually named
|     something starting with __ and the normal name is an alias.  */
| #if defined __stub_authdes_seccreate || defined __stub___authdes_seccreate
| choke me
| #endif
| 
| int
| main ()
| {
| return authdes_seccreate ();
|   ;
|   return 0;
| }
configure:14653: result: no
configure:14568: checking for authdes_create
configure:14624: /usr/bin/gcc -std=gnu99 -o conftest -g -O2   conftest.c  >&5
Undefined symbols:
  "_authdes_create", referenced from:
      _main in ccbzS06y.o
ld: symbol(s) not found
collect2: ld returned 1 exit status
configure:14631: $? = 1
configure: failed program was:
| /* confdefs.h.  */
| #define PACKAGE_NAME "libX11"
| #define PACKAGE_TARNAME "libX11"
| #define PACKAGE_VERSION "1.3"
| #define PACKAGE_STRING "libX11 1.3"
| #define PACKAGE_BUGREPORT "https://bugs.freedesktop.org/enter_bug.cgi?product=xorg"
| #define PACKAGE "libX11"
| #define VERSION "1.3"
| #define STDC_HEADERS 1
| #define HAVE_SYS_TYPES_H 1
| #define HAVE_SYS_STAT_H 1
| #define HAVE_STDLIB_H 1
| #define HAVE_STRING_H 1
| #define HAVE_MEMORY_H 1
| #define HAVE_STRINGS_H 1
| #define HAVE_INTTYPES_H 1
| #define HAVE_STDINT_H 1
| #define HAVE_UNISTD_H 1
| #define __EXTENSIONS__ 1
| #define _ALL_SOURCE 1
| #define _GNU_SOURCE 1
| #define _POSIX_PTHREAD_SEMANTICS 1
| #define _TANDEM_SOURCE 1
| #define HAVE_DLFCN_H 1
| #define LT_OBJDIR ".libs/"
| #define PACKAGE_VERSION_MAJOR 1
| #define PACKAGE_VERSION_MINOR 3
| #define PACKAGE_VERSION_PATCHLEVEL 0
| #define USE_XCB 1
| #define UNIXCONN 1
| #define TCPCONN 1
| #define IPv6 1
| #define BSD44SOCKETS 1
| #define HAVE_SOCKLEN_T 1
| /* end confdefs.h.  */
| /* Define authdes_create to an innocuous variant, in case <limits.h> declares authdes_create.
|    For example, HP-UX 11i <limits.h> declares gettimeofday.  */
| #define authdes_create innocuous_authdes_create
| 
| /* System header to define __stub macros and hopefully few prototypes,
|     which can conflict with char authdes_create (); below.
|     Prefer <limits.h> to <assert.h> if __STDC__ is defined, since
|     <limits.h> exists even on freestanding compilers.  */
| 
| #ifdef __STDC__
| # include <limits.h>
| #else
| # include <assert.h>
| #endif
| 
| #undef authdes_create
| 
| /* Override any GCC internal prototype to avoid an error.
|    Use char because int might match the return type of a GCC
|    builtin and then its argument prototype would still apply.  */
| #ifdef __cplusplus
| extern "C"
| #endif
| char authdes_create ();
| /* The GNU C library defines this for functions which it implements
|     to always fail with ENOSYS.  Some functions are actually named
|     something starting with __ and the normal name is an alias.  */
| #if defined __stub_authdes_create || defined __stub___authdes_create
| choke me
| #endif
| 
| int
| main ()
| {
| return authdes_create ();
|   ;
|   return 0;
| }
configure:14653: result: no
configure:14763: checking if Secure RPC authentication ("SUN-DES-1") should be supported
configure:14772: result: no
configure:14777: checking what order to try transports in for local connections
configure:14808: result: UNIX_TRANS,TCP_TRANS
configure:14812: checking if run-time linking is supported
configure:14814: checking for library containing dlopen
configure:14855: /usr/bin/gcc -std=gnu99 -o conftest -g -O2   conftest.c  >&5
configure:14862: $? = 0
configure:14893: result: none required
configure:15158: checking for dlfcn.h
configure:15165: result: yes
configure:15310: result: yes
configure:15313: checking if loadable i18n module support should be enabled
configure:15336: result: no
configure:15348: checking if loadable Xcursor library support should be enabled
configure:15364: result: yes
configure:15368: checking for ANSI C header files
configure:15536: result: yes
configure:15554: checking for strtol
configure:15610: /usr/bin/gcc -std=gnu99 -o conftest -g -O2   conftest.c  >&5
configure:15617: $? = 0
configure:15639: result: yes
configure:15653: checking for issetugid
configure:15709: /usr/bin/gcc -std=gnu99 -o conftest -g -O2   conftest.c  >&5
configure:15716: $? = 0
configure:15736: result: yes
configure:15747: checking for getresuid
configure:15803: /usr/bin/gcc -std=gnu99 -o conftest -g -O2   conftest.c  >&5
Undefined symbols:
  "_getresuid", referenced from:
      _main in cc1EaC6t.o
ld: symbol(s) not found
collect2: ld returned 1 exit status
configure:15810: $? = 1
configure: failed program was:
| /* confdefs.h.  */
| #define PACKAGE_NAME "libX11"
| #define PACKAGE_TARNAME "libX11"
| #define PACKAGE_VERSION "1.3"
| #define PACKAGE_STRING "libX11 1.3"
| #define PACKAGE_BUGREPORT "https://bugs.freedesktop.org/enter_bug.cgi?product=xorg"
| #define PACKAGE "libX11"
| #define VERSION "1.3"
| #define STDC_HEADERS 1
| #define HAVE_SYS_TYPES_H 1
| #define HAVE_SYS_STAT_H 1
| #define HAVE_STDLIB_H 1
| #define HAVE_STRING_H 1
| #define HAVE_MEMORY_H 1
| #define HAVE_STRINGS_H 1
| #define HAVE_INTTYPES_H 1
| #define HAVE_STDINT_H 1
| #define HAVE_UNISTD_H 1
| #define __EXTENSIONS__ 1
| #define _ALL_SOURCE 1
| #define _GNU_SOURCE 1
| #define _POSIX_PTHREAD_SEMANTICS 1
| #define _TANDEM_SOURCE 1
| #define HAVE_DLFCN_H 1
| #define LT_OBJDIR ".libs/"
| #define PACKAGE_VERSION_MAJOR 1
| #define PACKAGE_VERSION_MINOR 3
| #define PACKAGE_VERSION_PATCHLEVEL 0
| #define USE_XCB 1
| #define UNIXCONN 1
| #define TCPCONN 1
| #define IPv6 1
| #define BSD44SOCKETS 1
| #define HAVE_SOCKLEN_T 1
| #define LOCAL_TRANSPORT_LIST UNIX_TRANS,TCP_TRANS
| #define HAVE_DLOPEN 1
| #define HAVE_DLFCN_H 1
| #define USE_DYNAMIC_XCURSOR 1
| #define STDC_HEADERS 1
| #define HAVE_STRTOL 1
| #define HASSETUGID 1
| /* end confdefs.h.  */
| /* Define getresuid to an innocuous variant, in case <limits.h> declares getresuid.
|    For example, HP-UX 11i <limits.h> declares gettimeofday.  */
| #define getresuid innocuous_getresuid
| 
| /* System header to define __stub macros and hopefully few prototypes,
|     which can conflict with char getresuid (); below.
|     Prefer <limits.h> to <assert.h> if __STDC__ is defined, since
|     <limits.h> exists even on freestanding compilers.  */
| 
| #ifdef __STDC__
| # include <limits.h>
| #else
| # include <assert.h>
| #endif
| 
| #undef getresuid
| 
| /* Override any GCC internal prototype to avoid an error.
|    Use char because int might match the return type of a GCC
|    builtin and then its argument prototype would still apply.  */
| #ifdef __cplusplus
| extern "C"
| #endif
| char getresuid ();
| /* The GNU C library defines this for functions which it implements
|     to always fail with ENOSYS.  Some functions are actually named
|     something starting with __ and the normal name is an alias.  */
| #if defined __stub_getresuid || defined __stub___getresuid
| choke me
| #endif
| 
| int
| main ()
| {
| return getresuid ();
|   ;
|   return 0;
| }
configure:15830: result: no
configure:15842: checking for shmat
configure:15898: /usr/bin/gcc -std=gnu99 -o conftest -g -O2   conftest.c  >&5
configure:15905: $? = 0
configure:15925: result: yes
configure:15967: checking for launchd
configure:15983: found /sbin/launchd
configure:15995: result: yes
configure:16026: checking for getpwuid_r in -lc
configure:16061: /usr/bin/gcc -std=gnu99 -o conftest -g -O2   conftest.c -lc   >&5
configure:16068: $? = 0
configure:16089: result: yes
configure:16118: checking for pthread_self in -lc
configure:16153: /usr/bin/gcc -std=gnu99 -o conftest -g -O2   conftest.c -lc   >&5
configure:16160: $? = 0
configure:16181: result: yes
configure:16229: checking for poll
configure:16285: /usr/bin/gcc -std=gnu99 -o conftest -g -O2   conftest.c  >&5
configure:16292: $? = 0
configure:16312: result: yes
configure:16326: checking keysymdef.h
configure:16331: result: /usr/local/include/X11/keysymdef.h
configure:16399: checking if XLOCALEDIR support should be enabled
configure:16415: result: yes
configure:16428: checking for BIGFONT
configure:16435: $PKG_CONFIG --exists --print-errors "xf86bigfontproto"
Package xf86bigfontproto was not found in the pkg-config search path.
Perhaps you should add the directory containing `xf86bigfontproto.pc'
to the PKG_CONFIG_PATH environment variable
No package 'xf86bigfontproto' found
configure:16438: $? = 1
configure:16451: $PKG_CONFIG --exists --print-errors "xf86bigfontproto"
Package xf86bigfontproto was not found in the pkg-config search path.
Perhaps you should add the directory containing `xf86bigfontproto.pc'
to the PKG_CONFIG_PATH environment variable
No package 'xf86bigfontproto' found
configure:16454: $? = 1
No package 'xf86bigfontproto' found
configure:16481: result: no
configure:16542: checking for XKBPROTO
configure:16549: $PKG_CONFIG --exists --print-errors "kbproto inputproto"
configure:16552: $? = 0
configure:16565: $PKG_CONFIG --exists --print-errors "kbproto inputproto"
configure:16568: $? = 0
configure:16645: result: yes
configure:16667: checking for stdlib.h
configure:16674: result: yes
configure:16667: checking for unistd.h
configure:16674: result: yes
configure:16817: checking for getpagesize
configure:16873: /usr/bin/gcc -std=gnu99 -o conftest -g -O2   conftest.c  >&5
configure:16880: $? = 0
configure:16902: result: yes
configure:16914: checking for working mmap
configure:17061: /usr/bin/gcc -std=gnu99 -o conftest -g -O2   conftest.c  >&5
configure:17065: $? = 0
configure:17071: ./conftest
configure:17075: $? = 0
configure:17092: result: yes
configure:17104: checking for nl_langinfo
configure:17160: /usr/bin/gcc -std=gnu99 -o conftest -g -O2   conftest.c  >&5
configure:17167: $? = 0
configure:17187: result: yes
configure:17458: checking whether malloc(0) returns NULL
configure:17490: /usr/bin/gcc -std=gnu99 -o conftest -g -O2   conftest.c  >&5
conftest.c:2: warning: conflicting types for built-in function 'malloc'
conftest.c:4: warning: conflicting types for built-in function 'calloc'
conftest.c:5: warning: return type defaults to 'int'
conftest.c: In function 'main':
conftest.c:11: warning: implicit declaration of function 'exit'
conftest.c:11: warning: incompatible implicit declaration of built-in function 'exit'
configure:17494: $? = 0
configure:17500: ./conftest
configure:17504: $? = 1
configure: program exited with status 1
configure: failed program was:
| 
| char *malloc();
| char *realloc();
| char *calloc();
| main() {
|     char *m0, *r0, *c0, *p;
|     m0 = malloc(0);
|     p = malloc(10);
|     r0 = realloc(p,0);
|     c0 = calloc(0);
|     exit(m0 == 0 || r0 == 0 || c0 == 0 ? 0 : 1);
| }
configure:17521: result: no
configure:17781: creating ./config.status

## ---------------------- ##
## Running config.status. ##
## ---------------------- ##

This file was extended by libX11 config.status 1.3, which was
generated by GNU Autoconf 2.63.  Invocation command line was

  CONFIG_FILES    = 
  CONFIG_HEADERS  = 
  CONFIG_LINKS    = 
  CONFIG_COMMANDS = 
  $ ./config.status 

on Chriss-iPad

config.status:1196: creating Makefile
config.status:1196: creating include/Makefile
config.status:1196: creating man/Makefile
config.status:1196: creating man/xkb/Makefile
config.status:1196: creating src/Makefile
config.status:1196: creating src/util/Makefile
config.status:1196: creating src/xcms/Makefile
config.status:1196: creating src/xlibi18n/Makefile
config.status:1196: creating modules/Makefile
config.status:1196: creating modules/im/Makefile
config.status:1196: creating modules/im/ximcp/Makefile
config.status:1196: creating modules/lc/Makefile
config.status:1196: creating modules/lc/def/Makefile
config.status:1196: creating modules/lc/gen/Makefile
config.status:1196: creating modules/lc/Utf8/Makefile
config.status:1196: creating modules/lc/xlocale/Makefile
config.status:1196: creating modules/om/Makefile
config.status:1196: creating modules/om/generic/Makefile
config.status:1196: creating src/xkb/Makefile
config.status:1196: creating nls/Makefile
config.status:1196: creating nls/am_ET.UTF-8/Makefile
config.status:1196: creating nls/armscii-8/Makefile
config.status:1196: creating nls/C/Makefile
config.status:1196: creating nls/el_GR.UTF-8/Makefile
config.status:1196: creating nls/en_US.UTF-8/Makefile
config.status:1196: creating nls/fi_FI.UTF-8/Makefile
config.status:1196: creating nls/georgian-academy/Makefile
config.status:1196: creating nls/georgian-ps/Makefile
config.status:1196: creating nls/ibm-cp1133/Makefile
config.status:1196: creating nls/iscii-dev/Makefile
config.status:1196: creating nls/isiri-3342/Makefile
config.status:1196: creating nls/iso8859-1/Makefile
config.status:1196: creating nls/iso8859-10/Makefile
config.status:1196: creating nls/iso8859-11/Makefile
config.status:1196: creating nls/iso8859-13/Makefile
config.status:1196: creating nls/iso8859-14/Makefile
config.status:1196: creating nls/iso8859-15/Makefile
config.status:1196: creating nls/iso8859-2/Makefile
config.status:1196: creating nls/iso8859-3/Makefile
config.status:1196: creating nls/iso8859-4/Makefile
config.status:1196: creating nls/iso8859-5/Makefile
config.status:1196: creating nls/iso8859-6/Makefile
config.status:1196: creating nls/iso8859-7/Makefile
config.status:1196: creating nls/iso8859-8/Makefile
config.status:1196: creating nls/iso8859-9/Makefile
config.status:1196: creating nls/iso8859-9e/Makefile
config.status:1196: creating nls/ja/Makefile
config.status:1196: creating nls/ja.JIS/Makefile
config.status:1196: creating nls/ja_JP.UTF-8/Makefile
config.status:1196: creating nls/ja.S90/Makefile
config.status:1196: creating nls/ja.SJIS/Makefile
config.status:1196: creating nls/ja.U90/Makefile
config.status:1196: creating nls/ko/Makefile
config.status:1196: creating nls/koi8-c/Makefile
config.status:1196: creating nls/koi8-r/Makefile
config.status:1196: creating nls/koi8-u/Makefile
config.status:1196: creating nls/ko_KR.UTF-8/Makefile
config.status:1196: creating nls/microsoft-cp1251/Makefile
config.status:1196: creating nls/microsoft-cp1255/Makefile
config.status:1196: creating nls/microsoft-cp1256/Makefile
config.status:1196: creating nls/mulelao-1/Makefile
config.status:1196: creating nls/nokhchi-1/Makefile
config.status:1196: creating nls/pt_BR.UTF-8/Makefile
config.status:1196: creating nls/ru_RU.UTF-8/Makefile
config.status:1196: creating nls/tatar-cyr/Makefile
config.status:1196: creating nls/th_TH/Makefile
config.status:1196: creating nls/th_TH.UTF-8/Makefile
config.status:1196: creating nls/tscii-0/Makefile
config.status:1196: creating nls/vi_VN.tcvn/Makefile
config.status:1196: creating nls/vi_VN.viscii/Makefile
config.status:1196: creating nls/zh_CN/Makefile
config.status:1196: creating nls/zh_CN.gb18030/Makefile
config.status:1196: creating nls/zh_CN.gbk/Makefile
config.status:1196: creating nls/zh_CN.UTF-8/Makefile
config.status:1196: creating nls/zh_HK.big5/Makefile
config.status:1196: creating nls/zh_HK.big5hkscs/Makefile
config.status:1196: creating nls/zh_HK.UTF-8/Makefile
config.status:1196: creating nls/zh_TW/Makefile
config.status:1196: creating nls/zh_TW.big5/Makefile
config.status:1196: creating nls/zh_TW.UTF-8/Makefile
config.status:1196: creating x11.pc
config.status:1196: creating x11-xcb.pc
config.status:1196: creating src/config.h
config.status:1196: creating include/X11/XlibConf.h
config.status:1470: executing depfiles commands
config.status:1470: executing libtool commands

## ---------------- ##
## Cache variables. ##
## ---------------- ##

ac_cv_build=arm-apple-darwin10.4.0
ac_cv_c_compiler_gnu=yes
ac_cv_env_BIGFONT_CFLAGS_set=
ac_cv_env_BIGFONT_CFLAGS_value=
ac_cv_env_BIGFONT_LIBS_set=
ac_cv_env_BIGFONT_LIBS_value=
ac_cv_env_CC_set=set
ac_cv_env_CC_value=/usr/bin/gcc
ac_cv_env_CFLAGS_set=
ac_cv_env_CFLAGS_value=
ac_cv_env_CPPFLAGS_set=
ac_cv_env_CPPFLAGS_value=
ac_cv_env_CPP_set=
ac_cv_env_CPP_value=
ac_cv_env_LDFLAGS_set=
ac_cv_env_LDFLAGS_value=
ac_cv_env_LIBS_set=
ac_cv_env_LIBS_value=
ac_cv_env_PKG_CONFIG_set=
ac_cv_env_PKG_CONFIG_value=
ac_cv_env_X11_CFLAGS_set=
ac_cv_env_X11_CFLAGS_value=
ac_cv_env_X11_LIBS_set=
ac_cv_env_X11_LIBS_value=
ac_cv_env_XDMCP_CFLAGS_set=
ac_cv_env_XDMCP_CFLAGS_value=
ac_cv_env_XDMCP_LIBS_set=
ac_cv_env_XDMCP_LIBS_value=
ac_cv_env_XKBPROTO_CFLAGS_set=
ac_cv_env_XKBPROTO_CFLAGS_value=
ac_cv_env_XKBPROTO_LIBS_set=
ac_cv_env_XKBPROTO_LIBS_value=
ac_cv_env_XPROTO_CFLAGS_set=
ac_cv_env_XPROTO_CFLAGS_value=
ac_cv_env_XPROTO_LIBS_set=
ac_cv_env_XPROTO_LIBS_value=
ac_cv_env_build_alias_set=
ac_cv_env_build_alias_value=
ac_cv_env_host_alias_set=
ac_cv_env_host_alias_value=
ac_cv_env_target_alias_set=
ac_cv_env_target_alias_value=
ac_cv_func_authdes_create=no
ac_cv_func_authdes_seccreate=no
ac_cv_func_getaddrinfo=yes
ac_cv_func_getpagesize=yes
ac_cv_func_getresuid=no
ac_cv_func_issetugid=yes
ac_cv_func_mmap_fixed_mapped=yes
ac_cv_func_nl_langinfo=yes
ac_cv_func_poll=yes
ac_cv_func_shmat=yes
ac_cv_func_strtol=yes
ac_cv_header_dlfcn_h=yes
ac_cv_header_inttypes_h=yes
ac_cv_header_memory_h=yes
ac_cv_header_minix_config_h=no
ac_cv_header_stdc=yes
ac_cv_header_stdint_h=yes
ac_cv_header_stdlib_h=yes
ac_cv_header_string_h=yes
ac_cv_header_strings_h=yes
ac_cv_header_sys_stat_h=yes
ac_cv_header_sys_types_h=yes
ac_cv_header_unistd_h=yes
ac_cv_host=arm-apple-darwin10.4.0
ac_cv_lib_c_getpwuid_r=yes
ac_cv_lib_c_pthread_self=yes
ac_cv_lib_ws2_32=ac_cv_lib_ws2_32_main
ac_cv_lib_ws2_32_main=no
ac_cv_member_struct_sockaddr_in_sin_len=yes
ac_cv_objext=o
ac_cv_path_DOLT_BASH=/bin/bash
ac_cv_path_EGREP='/bin/grep -E'
ac_cv_path_FGREP='/bin/grep -F'
ac_cv_path_GREP=/bin/grep
ac_cv_path_RAWCPP=/usr/bin/cpp
ac_cv_path_SED=/bin/sed
ac_cv_path_ac_pt_PKG_CONFIG=/usr/bin/pkg-config
ac_cv_path_install='/usr/bin/install -c'
ac_cv_path_mkdir=/bin/mkdir
ac_cv_prog_AWK=gawk
ac_cv_prog_CPP='/usr/bin/gcc -E'
ac_cv_prog_LAUNCHD=yes
ac_cv_prog_PERL=perl
ac_cv_prog_ac_ct_AR=ar
ac_cv_prog_ac_ct_CC=/usr/bin/gcc
ac_cv_prog_ac_ct_LIPO=lipo
ac_cv_prog_ac_ct_NMEDIT=nmedit
ac_cv_prog_ac_ct_OBJDUMP=objdump
ac_cv_prog_ac_ct_OTOOL64=otool64
ac_cv_prog_ac_ct_OTOOL=otool
ac_cv_prog_ac_ct_RANLIB=ranlib
ac_cv_prog_ac_ct_STRIP=strip
ac_cv_prog_cc_c89=
ac_cv_prog_cc_c99=-std=gnu99
ac_cv_prog_cc_g=yes
ac_cv_prog_make_make_set=yes
ac_cv_safe_to_define___extensions__=yes
ac_cv_search_dlopen='none required'
ac_cv_search_gethostbyname='none required'
ac_cv_search_socket='none required'
ac_cv_type_socklen_t=yes
ac_cv_use_xcb=yes
am_cv_CC_dependencies_compiler_type=gcc3
lt_cv_apple_cc_single_mod=yes
lt_cv_deplibs_check_method=pass_all
lt_cv_file_magic_cmd='$MAGIC_CMD'
lt_cv_file_magic_test_file=
lt_cv_ld_exported_symbols_list=yes
lt_cv_ld_reload_flag=-r
lt_cv_nm_interface='BSD nm'
lt_cv_objdir=.libs
lt_cv_path_LD=/usr/bin/ld
lt_cv_path_NM='/usr/bin/nm -p'
lt_cv_prog_compiler_c_o=yes
lt_cv_prog_compiler_pic_works=yes
lt_cv_prog_compiler_rtti_exceptions=no
lt_cv_prog_compiler_static_works=no
lt_cv_prog_gnu_ld=no
lt_cv_sys_global_symbol_pipe='sed -n -e '\''s/^.*[	 ]\([BCDEGRST][BCDEGRST]*\)[	 ][	 ]*_\([_A-Za-z][_A-Za-z0-9]*\)$/\1 _\2 \2/p'\'''
lt_cv_sys_global_symbol_to_c_name_address='sed -n -e '\''s/^: \([^ ]*\) $/  {\"\1\", (void *) 0},/p'\'' -e '\''s/^[BCDEGRST]* \([^ ]*\) \([^ ]*\)$/  {"\2", (void *) \&\2},/p'\'''
lt_cv_sys_global_symbol_to_c_name_address_lib_prefix='sed -n -e '\''s/^: \([^ ]*\) $/  {\"\1\", (void *) 0},/p'\'' -e '\''s/^[BCDEGRST]* \([^ ]*\) \(lib[^ ]*\)$/  {"\2", (void *) \&\2},/p'\'' -e '\''s/^[BCDEGRST]* \([^ ]*\) \([^ ]*\)$/  {"lib\2", (void *) \&\2},/p'\'''
lt_cv_sys_global_symbol_to_cdecl='sed -n -e '\''s/^T .* \(.*\)$/extern int \1();/p'\'' -e '\''s/^[BCDEGRST]* .* \(.*\)$/extern char \1;/p'\'''
lt_cv_sys_max_cmd_len=196608
pkg_cv_X11_CFLAGS='-D_BSD_SOURCE -DHAS_FCHOWN -DHAS_STICKY_DIR_BIT  '
pkg_cv_X11_LIBS='-L/usr/local/lib -lxcb  '
pkg_cv_XKBPROTO_CFLAGS=' '
pkg_cv_XKBPROTO_LIBS=' '
pkg_cv_XPROTO_CFLAGS=' '
pkg_cv_XPROTO_LIBS=' '

## ----------------- ##
## Output variables. ##
## ----------------- ##

ACLOCAL='${SHELL} /home/chris/libX11-1.3/missing --run aclocal-1.11'
ADMIN_MAN_DIR='$(mandir)/man$(ADMIN_MAN_SUFFIX)'
ADMIN_MAN_SUFFIX='8'
AMDEPBACKSLASH='\'
AMDEP_FALSE='#'
AMDEP_TRUE=''
AMTAR='${SHELL} /home/chris/libX11-1.3/missing --run tar'
AM_BACKSLASH='\'
AM_DEFAULT_VERBOSITY='0'
APP_MAN_DIR='$(mandir)/man$(APP_MAN_SUFFIX)'
APP_MAN_SUFFIX='1'
AR='ar'
AUTOCONF='${SHELL} /home/chris/libX11-1.3/missing --run autoconf'
AUTOHEADER='${SHELL} /home/chris/libX11-1.3/missing --run autoheader'
AUTOMAKE='${SHELL} /home/chris/libX11-1.3/missing --run automake-1.11'
AWK='gawk'
BIGFONT_CFLAGS=''
BIGFONT_LIBS=''
CC='/usr/bin/gcc -std=gnu99'
CCDEPMODE='depmode=gcc3'
CC_FOR_BUILD='/usr/bin/gcc -std=gnu99'
CFLAGS='-g -O2'
CHANGELOG_CMD='(GIT_DIR=$(top_srcdir)/.git git log > .changelog.tmp && mv .changelog.tmp ChangeLog) || (rm -f .changelog.tmp; touch ChangeLog; echo '\''git directory not found: installing possibly empty changelog.'\'' >&2)'
CPP='/usr/bin/gcc -E'
CPPFLAGS=''
CWARNFLAGS='-Wall -Wpointer-arith -Wstrict-prototypes -Wmissing-prototypes -Wmissing-declarations -Wnested-externs -fno-strict-aliasing -Wbad-function-cast -Wold-style-definition -Wdeclaration-after-statement '
CYGPATH_W='echo'
DEFS='-DHAVE_CONFIG_H'
DEPDIR='.deps'
DOLT_BASH='/bin/bash'
DRIVER_MAN_DIR='$(mandir)/man$(DRIVER_MAN_SUFFIX)'
DRIVER_MAN_SUFFIX='4'
DSYMUTIL=':'
DUMPBIN=''
ECHO_C=''
ECHO_N='-n'
ECHO_T=''
EGREP='/bin/grep -E'
EXEEXT=''
FGREP='/bin/grep -F'
FILE_MAN_DIR='$(mandir)/man$(FILE_MAN_SUFFIX)'
FILE_MAN_SUFFIX='5'
GREP='/bin/grep'
HAVE_AM_SILENT_RULES_FALSE='#'
HAVE_AM_SILENT_RULES_TRUE=''
HAVE_PERL_FALSE='#'
HAVE_PERL_TRUE=''
I18N_MODULE_LIBS=''
INSTALL_DATA='${INSTALL} -m 644'
INSTALL_PROGRAM='${INSTALL}'
INSTALL_SCRIPT='${INSTALL}'
INSTALL_STRIP_PROGRAM='$(install_sh) -c -s'
KEYSYMDEF='/usr/local/include/X11/keysymdef.h'
LAUNCHD='yes'
LD='/usr/bin/ld'
LDFLAGS=''
LIBOBJS=''
LIBS=''
LIBTOOL='$(SHELL) $(top_builddir)/libtool'
LIB_MAN_DIR='$(mandir)/man$(LIB_MAN_SUFFIX)'
LIB_MAN_SUFFIX='3'
LINT='no'
LINTLIB=''
LINT_FALSE=''
LINT_FLAGS=' -D_BSD_SOURCE -DHAS_FCHOWN -DHAS_STICKY_DIR_BIT       '
LINT_TRUE='#'
LIPO='lipo'
LN_S='ln -s'
LTCOMPILE='$(LIBTOOL) --tag=CC $(AM_LIBTOOLFLAGS) $(LIBTOOLFLAGS) --mode=compile $(COMPILE)'
LTCXXCOMPILE='$(LIBTOOL) --tag=CXX $(AM_LIBTOOLFLAGS) $(LIBTOOLFLAGS) --mode=compile $(CXXCOMPILE)'
LTLIBOBJS=''
MAINT='#'
MAINTAINER_MODE_FALSE=''
MAINTAINER_MODE_TRUE='#'
MAKEINFO='${SHELL} /home/chris/libX11-1.3/missing --run makeinfo'
MAKE_LINT_LIB_FALSE=''
MAKE_LINT_LIB_TRUE='#'
MALLOC_ZERO_CFLAGS=''
MANPAGES_FALSE='#'
MANPAGES_TRUE=''
MISC_MAN_DIR='$(mandir)/man$(MISC_MAN_SUFFIX)'
MISC_MAN_SUFFIX='7'
MKDIR_P='/bin/mkdir -p'
NM='/usr/bin/nm -p'
NMEDIT='nmedit'
OBJDUMP='objdump'
OBJEXT='o'
OS2_FALSE=''
OS2_TRUE='#'
OTOOL64='otool64'
OTOOL='otool'
PACKAGE='libX11'
PACKAGE_BUGREPORT='https://bugs.freedesktop.org/enter_bug.cgi?product=xorg'
PACKAGE_NAME='libX11'
PACKAGE_STRING='libX11 1.3'
PACKAGE_TARNAME='libX11'
PACKAGE_VERSION='1.3'
PATH_SEPARATOR=':'
PERL='perl'
PKG_CONFIG='/usr/bin/pkg-config'
RANLIB='ranlib'
RAWCPP='/usr/bin/cpp'
RAWCPPFLAGS=' -traditional'
SED='/bin/sed'
SET_MAKE=''
SHELL='/bin/sh'
STRIP='strip'
THRSTUBS_FALSE=''
THRSTUBS_TRUE='#'
UDC_FALSE=''
UDC_TRUE='#'
VERSION='1.3'
WCHAR32='1'
X11_CFLAGS='-Wall -Wpointer-arith -Wstrict-prototypes -Wmissing-prototypes -Wmissing-declarations -Wnested-externs -fno-strict-aliasing -Wbad-function-cast -Wold-style-definition -Wdeclaration-after-statement  -Wall -Wpointer-arith -Wstrict-prototypes 	-Wmissing-prototypes -Wmissing-declarations 	-Wnested-externs -fno-strict-aliasing -D_BSD_SOURCE -DHAS_FCHOWN -DHAS_STICKY_DIR_BIT       '
X11_DATADIR='/usr/local/share/X11'
X11_EXTRA_DEPS='xcb >= 1.1.92'
X11_LIBDIR='/usr/local/lib/X11'
X11_LIBS='-L/usr/local/lib -lxcb    '
X11_LOCALEDATADIR='/usr/local/share/X11/locale'
X11_LOCALEDIR='/usr/local/share/X11/locale'
X11_LOCALELIBDIR='/usr/local/lib/X11/locale'
XCB_FALSE='#'
XCB_TRUE=''
XCMS_FALSE='#'
XCMS_TRUE=''
XDMCP_CFLAGS=''
XDMCP_LIBS=''
XERRORDB='/usr/local/share/X11/XErrorDB'
XKBPROTO_CFLAGS=' '
XKBPROTO_LIBS=' '
XKBPROTO_REQUIRES='kbproto'
XKB_FALSE='#'
XKB_TRUE=''
XKEYSYMDB='/usr/local/share/X11/XKeysymDB'
XLIB_LOADABLE_I18N_FALSE=''
XLIB_LOADABLE_I18N_TRUE='#'
XLOCALEDATADIR='/usr/local/share/X11/locale'
XLOCALEDIR='/usr/local/share/X11/locale'
XLOCALELIBDIR='/usr/local/lib/X11/locale'
XLOCALE_FALSE='#'
XLOCALE_TRUE=''
XMALLOC_ZERO_CFLAGS=''
XPROTO_CFLAGS=' '
XPROTO_LIBS=' '
XTHREADLIB=''
XTHREAD_CFLAGS=''
XTMALLOC_ZERO_CFLAGS=''
ac_ct_CC='/usr/bin/gcc'
ac_ct_DUMPBIN=''
am__EXEEXT_FALSE=''
am__EXEEXT_TRUE='#'
am__fastdepCC_FALSE='#'
am__fastdepCC_TRUE=''
am__include='include'
am__isrc=''
am__leading_dot='.'
am__quote=''
am__tar='${AMTAR} chof - "$$tardir"'
am__untar='${AMTAR} xf -'
bindir='${exec_prefix}/bin'
build='arm-apple-darwin10.4.0'
build_alias=''
build_cpu='arm'
build_os='darwin10.4.0'
build_vendor='apple'
datadir='${datarootdir}'
datarootdir='${prefix}/share'
distcleancheck_listfiles='find . -type f ! -name ChangeLog -print'
docdir='${datarootdir}/doc/${PACKAGE_TARNAME}'
dvidir='${docdir}'
exec_prefix='${prefix}'
host='arm-apple-darwin10.4.0'
host_alias=''
host_cpu='arm'
host_os='darwin10.4.0'
host_vendor='apple'
htmldir='${docdir}'
includedir='${prefix}/include'
infodir='${datarootdir}/info'
install_sh='${SHELL} /home/chris/libX11-1.3/install-sh'
libdir='${exec_prefix}/lib'
libexecdir='${exec_prefix}/libexec'
localedir='${datarootdir}/locale'
localstatedir='${prefix}/var'
lt_ECHO='echo'
mandir='${datarootdir}/man'
mkdir_p='/bin/mkdir -p'
oldincludedir='/usr/include'
pdfdir='${docdir}'
prefix='/usr/local'
program_transform_name='s,x,x,'
psdir='${docdir}'
sbindir='${exec_prefix}/sbin'
sharedstatedir='${prefix}/com'
sysconfdir='${prefix}/etc'
target_alias=''

## ----------- ##
## confdefs.h. ##
## ----------- ##

#define PACKAGE_NAME "libX11"
#define PACKAGE_TARNAME "libX11"
#define PACKAGE_VERSION "1.3"
#define PACKAGE_STRING "libX11 1.3"
#define PACKAGE_BUGREPORT "https://bugs.freedesktop.org/enter_bug.cgi?product=xorg"
#define PACKAGE "libX11"
#define VERSION "1.3"
#define STDC_HEADERS 1
#define HAVE_SYS_TYPES_H 1
#define HAVE_SYS_STAT_H 1
#define HAVE_STDLIB_H 1
#define HAVE_STRING_H 1
#define HAVE_MEMORY_H 1
#define HAVE_STRINGS_H 1
#define HAVE_INTTYPES_H 1
#define HAVE_STDINT_H 1
#define HAVE_UNISTD_H 1
#define __EXTENSIONS__ 1
#define _ALL_SOURCE 1
#define _GNU_SOURCE 1
#define _POSIX_PTHREAD_SEMANTICS 1
#define _TANDEM_SOURCE 1
#define HAVE_DLFCN_H 1
#define LT_OBJDIR ".libs/"
#define PACKAGE_VERSION_MAJOR 1
#define PACKAGE_VERSION_MINOR 3
#define PACKAGE_VERSION_PATCHLEVEL 0
#define USE_XCB 1
#define UNIXCONN 1
#define TCPCONN 1
#define IPv6 1
#define BSD44SOCKETS 1
#define HAVE_SOCKLEN_T 1
#define LOCAL_TRANSPORT_LIST UNIX_TRANS,TCP_TRANS
#define HAVE_DLOPEN 1
#define HAVE_DLFCN_H 1
#define USE_DYNAMIC_XCURSOR 1
#define STDC_HEADERS 1
#define HAVE_STRTOL 1
#define HASSETUGID 1
#define HAS_SHM 1
#define HAVE_LAUNCHD 1
#define TRANS_REOPEN 1
#define XTHREADS 1
#define XUSE_MTSAFE_API 1
#define USE_POLL 1
#define XCMS 1
#define XLOCALE 1
#define XKB 1
#define HAVE_STDLIB_H 1
#define HAVE_UNISTD_H 1
#define HAVE_GETPAGESIZE 1
#define HAVE_MMAP 1
#define COMPOSECACHE 1
#define X11_DATADIR "/usr/local/share/X11"
#define X11_LIBDIR "/usr/local/lib/X11"
#define XLOCALEDATADIR "/usr/local/share/X11/locale"
#define XLOCALELIBDIR "/usr/local/lib/X11/locale"
#define XLOCALEDIR "/usr/local/share/X11/locale"
#define XKEYSYMDB "/usr/local/share/X11/XKeysymDB"
#define XERRORDB "/usr/local/share/X11/XErrorDB"

configure: exit 0
