This file contains any messages produced by compilers while
running configure, to aid debugging if configure makes a mistake.

It was created by xf86dga configure 1.0.2, which was
generated by GNU Autoconf 2.59.  Invocation command line was

  $ ./configure 

## --------- ##
## Platform. ##
## --------- ##

hostname = Chriss-iPad
uname -m = iPad1,1
uname -r = 10.4.0
uname -s = Darwin
uname -v = Darwin Kernel Version 10.4.0: Wed Oct 20 20:14:45 PDT 2010; root:xnu-1504.58.28~3/RELEASE_ARM_S5L8930X

/usr/bin/uname -p = unknown
/bin/uname -X     = unknown

/bin/arch              = unknown
/usr/bin/arch -k       = unknown
/usr/convex/getsysinfo = unknown
hostinfo               = Mach kernel version:
	 Darwin Kernel Version 10.4.0: Wed Oct 20 20:14:45 PDT 2010; root:xnu-1504.58.28~3/RELEASE_ARM_S5L8930X
Kernel configured for a single processor only.
1 processor is physically available.
1 processor is logically available.
Processor type: armv7 (arm v7)
Processor active: 0
Primary memory available: 247.00 megabytes
Default processor set: 30 tasks, 228 threads, 1 processors
Load average: 1.80, Mach factor: 0.32
/bin/machine           = unknown
/usr/bin/oslevel       = unknown
/bin/universe          = unknown

PATH: /usr/local/sbin
PATH: /usr/local/bin
PATH: /usr/sbin
PATH: /usr/bin
PATH: /sbin
PATH: /bin
PATH: /usr/bin/X11
PATH: /usr/games
PATH: /var/mobile/ocaml-3.12.0/bin


## ----------- ##
## Core tests. ##
## ----------- ##

configure:1338: checking for a BSD-compatible install
configure:1393: result: /usr/bin/install -c
configure:1404: checking whether build environment is sane
configure:1447: result: yes
configure:1512: checking for gawk
configure:1528: found /usr/bin/gawk
configure:1538: result: gawk
configure:1548: checking whether make sets $(MAKE)
configure:1568: result: yes
configure:1736: checking whether to enable maintainer-specific portions of Makefiles
configure:1745: result: no
configure:1810: checking for gcc
configure:1836: result: /usr/bin/gcc
configure:2080: checking for C compiler version
configure:2083: /usr/bin/gcc --version </dev/null >&5
gcc (GCC) 4.2.1 (Based on Apple Inc. build 5555)
Copyright (C) 2007 Free Software Foundation, Inc.
This is free software; see the source for copying conditions.  There is NO
warranty; not even for MERCHANTABILITY or FITNESS FOR A PARTICULAR PURPOSE.

configure:2086: $? = 0
configure:2088: /usr/bin/gcc -v </dev/null >&5
Using built-in specs.
Target: arm-apple-darwin9
Configured with: ../llvm-gcc-4.2/configure --build=x86_64-unknown-linux-gnu --host=arm-apple-darwin9 --enable-static=no --enable-shared=yes --prefix=/usr --localstatedir=/var/cache/iphone-gcc --enable-languages=c,c++,objc,obj-c++ --enable-wchar_t=no --with-gxx-include-dir=/usr/include/c++/4.0.0
Thread model: posix
gcc version 4.2.1 (Based on Apple Inc. build 5555)
configure:2091: $? = 0
configure:2093: /usr/bin/gcc -V </dev/null >&5
gcc: '-V' option must have argument
configure:2096: $? = 1
configure:2119: checking for C compiler default output file name
configure:2122: /usr/bin/gcc    conftest.c  >&5
configure:2125: $? = 0
configure:2171: result: a.out
configure:2176: checking whether the C compiler works
configure:2182: ./a.out
configure:2185: $? = 0
configure:2202: result: yes
configure:2209: checking whether we are cross compiling
configure:2211: result: no
configure:2214: checking for suffix of executables
configure:2216: /usr/bin/gcc -o conftest    conftest.c  >&5
configure:2219: $? = 0
configure:2244: result: 
configure:2250: checking for suffix of object files
configure:2271: /usr/bin/gcc -c   conftest.c >&5
configure:2274: $? = 0
configure:2296: result: o
configure:2300: checking whether we are using the GNU C compiler
configure:2324: /usr/bin/gcc -c   conftest.c >&5
configure:2330: $? = 0
configure:2334: test -z 
			 || test ! -s conftest.err
configure:2337: $? = 0
configure:2340: test -s conftest.o
configure:2343: $? = 0
configure:2356: result: yes
configure:2362: checking whether /usr/bin/gcc accepts -g
configure:2383: /usr/bin/gcc -c -g  conftest.c >&5
configure:2389: $? = 0
configure:2393: test -z 
			 || test ! -s conftest.err
configure:2396: $? = 0
configure:2399: test -s conftest.o
configure:2402: $? = 0
configure:2413: result: yes
configure:2430: checking for /usr/bin/gcc option to accept ANSI C
configure:2500: /usr/bin/gcc  -c -g -O2  conftest.c >&5
configure:2506: $? = 0
configure:2510: test -z 
			 || test ! -s conftest.err
configure:2513: $? = 0
configure:2516: test -s conftest.o
configure:2519: $? = 0
configure:2537: result: none needed
configure:2555: /usr/bin/gcc -c -g -O2  conftest.c >&5
conftest.c:2: error: expected '=', ',', ';', 'asm' or '__attribute__' before 'me'
configure:2561: $? = 1
configure: failed program was:
| #ifndef __cplusplus
|   choke me
| #endif
configure:2705: checking for style of include used by make
configure:2733: result: GNU
configure:2761: checking dependency style of /usr/bin/gcc
configure:2851: result: gcc3
configure:2881: checking for a BSD-compatible install
configure:2936: result: /usr/bin/install -c
configure:2997: checking for pkg-config
configure:3015: found /usr/bin/pkg-config
configure:3027: result: /usr/bin/pkg-config
configure:3042: checking pkg-config is at least version 0.9.0
configure:3045: result: yes
configure:3056: checking for XF86DGA
configure:3064: $PKG_CONFIG --exists --print-errors "x11 xxf86dga xt xaw7 xmu"
configure:3067: $? = 0
configure:3082: $PKG_CONFIG --exists --print-errors "x11 xxf86dga xt xaw7 xmu"
configure:3085: $? = 0
configure:3161: result: yes
configure:3174: checking build system type
configure:3192: result: arm-apple-darwin10.4.0
configure:3200: checking host system type
configure:3214: result: arm-apple-darwin10.4.0
configure:3427: creating ./config.status

## ---------------------- ##
## Running config.status. ##
## ---------------------- ##

This file was extended by xf86dga config.status 1.0.2, which was
generated by GNU Autoconf 2.59.  Invocation command line was

  CONFIG_FILES    = 
  CONFIG_HEADERS  = 
  CONFIG_LINKS    = 
  CONFIG_COMMANDS = 
  $ ./config.status 

on Chriss-iPad

config.status:714: creating Makefile
config.status:818: creating config.h
config.status:1084: executing depfiles commands

## ---------------- ##
## Cache variables. ##
## ---------------- ##

ac_cv_build=arm-apple-darwin10.4.0
ac_cv_build_alias=arm-apple-darwin10.4.0
ac_cv_c_compiler_gnu=yes
ac_cv_env_CC_set=set
ac_cv_env_CC_value=/usr/bin/gcc
ac_cv_env_CFLAGS_set=
ac_cv_env_CFLAGS_value=
ac_cv_env_CPPFLAGS_set=
ac_cv_env_CPPFLAGS_value=
ac_cv_env_LDFLAGS_set=
ac_cv_env_LDFLAGS_value=
ac_cv_env_PKG_CONFIG_set=
ac_cv_env_PKG_CONFIG_value=
ac_cv_env_XF86DGA_CFLAGS_set=
ac_cv_env_XF86DGA_CFLAGS_value=
ac_cv_env_XF86DGA_LIBS_set=
ac_cv_env_XF86DGA_LIBS_value=
ac_cv_env_build_alias_set=
ac_cv_env_build_alias_value=
ac_cv_env_host_alias_set=
ac_cv_env_host_alias_value=
ac_cv_env_target_alias_set=
ac_cv_env_target_alias_value=
ac_cv_exeext=
ac_cv_host=arm-apple-darwin10.4.0
ac_cv_host_alias=arm-apple-darwin10.4.0
ac_cv_objext=o
ac_cv_path_ac_pt_PKG_CONFIG=/usr/bin/pkg-config
ac_cv_path_install='/usr/bin/install -c'
ac_cv_prog_AWK=gawk
ac_cv_prog_ac_ct_CC=/usr/bin/gcc
ac_cv_prog_cc_g=yes
ac_cv_prog_cc_stdc=
ac_cv_prog_make_make_set=yes
am_cv_CC_dependencies_compiler_type=gcc3
pkg_cv_XF86DGA_CFLAGS=' '
pkg_cv_XF86DGA_LIBS='-L/usr/local/lib -lXxf86dga -lXaw7 -lXmu -lXt -lX11 -lSM -lICE  '

## ----------------- ##
## Output variables. ##
## ----------------- ##

ACLOCAL='${SHELL} /home/chris/xorg/xf86dga-1.0.2/missing --run aclocal-1.9'
ADMIN_MAN_DIR='$(mandir)/man$(ADMIN_MAN_SUFFIX)'
ADMIN_MAN_SUFFIX='8'
AMDEPBACKSLASH='\'
AMDEP_FALSE='#'
AMDEP_TRUE=''
AMTAR='${SHELL} /home/chris/xorg/xf86dga-1.0.2/missing --run tar'
APP_MAN_DIR='$(mandir)/man$(APP_MAN_SUFFIX)'
APP_MAN_SUFFIX='1'
AUTOCONF='${SHELL} /home/chris/xorg/xf86dga-1.0.2/missing --run autoconf'
AUTOHEADER='${SHELL} /home/chris/xorg/xf86dga-1.0.2/missing --run autoheader'
AUTOMAKE='${SHELL} /home/chris/xorg/xf86dga-1.0.2/missing --run automake-1.9'
AWK='gawk'
CC='/usr/bin/gcc'
CCDEPMODE='depmode=gcc3'
CFLAGS='-g -O2'
CPPFLAGS=''
CYGPATH_W='echo'
DEFS='-DHAVE_CONFIG_H'
DEPDIR='.deps'
DRIVER_MAN_DIR='$(mandir)/man$(DRIVER_MAN_SUFFIX)'
DRIVER_MAN_SUFFIX='4'
ECHO_C=''
ECHO_N='-n'
ECHO_T=''
EXEEXT=''
FILE_MAN_DIR='$(mandir)/man$(FILE_MAN_SUFFIX)'
FILE_MAN_SUFFIX='5'
INSTALL_DATA='${INSTALL} -m 644'
INSTALL_PROGRAM='${INSTALL}'
INSTALL_SCRIPT='${INSTALL}'
INSTALL_STRIP_PROGRAM='${SHELL} $(install_sh) -c -s'
LDFLAGS=''
LIBOBJS=''
LIBS=''
LIB_MAN_DIR='$(mandir)/man$(LIB_MAN_SUFFIX)'
LIB_MAN_SUFFIX='3'
LTLIBOBJS=''
MAINT='#'
MAINTAINER_MODE_FALSE=''
MAINTAINER_MODE_TRUE='#'
MAKEINFO='${SHELL} /home/chris/xorg/xf86dga-1.0.2/missing --run makeinfo'
MISC_MAN_DIR='$(mandir)/man$(MISC_MAN_SUFFIX)'
MISC_MAN_SUFFIX='7'
OBJEXT='o'
PACKAGE='xf86dga'
PACKAGE_BUGREPORT='https://bugs.freedesktop.org/enter_bug.cgi?product=xorg'
PACKAGE_NAME='xf86dga'
PACKAGE_STRING='xf86dga 1.0.2'
PACKAGE_TARNAME='xf86dga'
PACKAGE_VERSION='1.0.2'
PATH_SEPARATOR=':'
PKG_CONFIG='/usr/bin/pkg-config'
SET_MAKE=''
SHELL='/bin/sh'
STRIP=''
VERSION='1.0.2'
XF86DGA_CFLAGS=' '
XF86DGA_LIBS='-L/usr/local/lib -lXxf86dga -lXaw7 -lXmu -lXt -lX11 -lSM -lICE  '
ac_ct_CC='/usr/bin/gcc'
ac_ct_STRIP=''
ac_pt_PKG_CONFIG='/usr/bin/pkg-config'
am__fastdepCC_FALSE='#'
am__fastdepCC_TRUE=''
am__include='include'
am__leading_dot='.'
am__quote=''
am__tar='${AMTAR} chof - "$$tardir"'
am__untar='${AMTAR} xf -'
bindir='${exec_prefix}/bin'
build='arm-apple-darwin10.4.0'
build_alias=''
build_cpu='arm'
build_os='darwin10.4.0'
build_vendor='apple'
datadir='${prefix}/share'
exec_prefix='${prefix}'
host='arm-apple-darwin10.4.0'
host_alias=''
host_cpu='arm'
host_os='darwin10.4.0'
host_vendor='apple'
includedir='${prefix}/include'
infodir='${prefix}/info'
install_sh='/home/chris/xorg/xf86dga-1.0.2/install-sh'
libdir='${exec_prefix}/lib'
libexecdir='${exec_prefix}/libexec'
localstatedir='${prefix}/var'
mandir='${prefix}/man'
mkdir_p='mkdir -p --'
oldincludedir='/usr/include'
prefix='/usr/local'
program_transform_name='s,x,x,'
sbindir='${exec_prefix}/sbin'
sharedstatedir='${prefix}/com'
sysconfdir='${prefix}/etc'
target_alias=''

## ----------- ##
## confdefs.h. ##
## ----------- ##

#define PACKAGE "xf86dga"
#define PACKAGE_BUGREPORT "https://bugs.freedesktop.org/enter_bug.cgi?product=xorg"
#define PACKAGE_NAME "xf86dga"
#define PACKAGE_STRING "xf86dga 1.0.2"
#define PACKAGE_TARNAME "xf86dga"
#define PACKAGE_VERSION "1.0.2"
#define VERSION "1.0.2"

configure: exit 0
