This file contains any messages produced by compilers while
running configure, to aid debugging if configure makes a mistake.

It was created by libXfontcache configure 1.0.4, which was
generated by GNU Autoconf 2.60.  Invocation command line was

  $ ./configure 

## --------- ##
## Platform. ##
## --------- ##

hostname = Chriss-iPad
uname -m = iPad1,1
uname -r = 10.4.0
uname -s = Darwin
uname -v = Darwin Kernel Version 10.4.0: Wed Oct 20 20:14:45 PDT 2010; root:xnu-1504.58.28~3/RELEASE_ARM_S5L8930X

/usr/bin/uname -p = unknown
/bin/uname -X     = unknown

/bin/arch              = unknown
/usr/bin/arch -k       = unknown
/usr/convex/getsysinfo = unknown
/usr/bin/hostinfo      = Mach kernel version:
	 Darwin Kernel Version 10.4.0: Wed Oct 20 20:14:45 PDT 2010; root:xnu-1504.58.28~3/RELEASE_ARM_S5L8930X
Kernel configured for a single processor only.
1 processor is physically available.
1 processor is logically available.
Processor type: armv7 (arm v7)
Processor active: 0
Primary memory available: 247.00 megabytes
Default processor set: 38 tasks, 267 threads, 1 processors
Load average: 1.67, Mach factor: 0.27
/bin/machine           = unknown
/usr/bin/oslevel       = unknown
/bin/universe          = unknown

PATH: /usr/local/sbin
PATH: /usr/local/bin
PATH: /usr/sbin
PATH: /usr/bin
PATH: /sbin
PATH: /bin
PATH: /usr/bin/X11
PATH: /usr/games
PATH: /usr/local/Gambit-C/bin


## ----------- ##
## Core tests. ##
## ----------- ##

configure:2000: checking for a BSD-compatible install
configure:2056: result: /usr/bin/install -c
configure:2067: checking whether build environment is sane
configure:2110: result: yes
configure:2175: checking for gawk
configure:2191: found /usr/bin/gawk
configure:2202: result: gawk
configure:2213: checking whether make sets $(MAKE)
configure:2234: result: yes
configure:2442: checking whether to enable maintainer-specific portions of Makefiles
configure:2451: result: no
configure:2519: checking for gcc
configure:2546: result: /usr/bin/gcc
configure:2784: checking for C compiler version
configure:2791: /usr/bin/gcc --version >&5
gcc (GCC) 4.2.1 (Based on Apple Inc. build 5555)
Copyright (C) 2007 Free Software Foundation, Inc.
This is free software; see the source for copying conditions.  There is NO
warranty; not even for MERCHANTABILITY or FITNESS FOR A PARTICULAR PURPOSE.

configure:2794: $? = 0
configure:2801: /usr/bin/gcc -v >&5
Using built-in specs.
Target: arm-apple-darwin9
Configured with: ../llvm-gcc-4.2/configure --build=x86_64-unknown-linux-gnu --host=arm-apple-darwin9 --enable-static=no --enable-shared=yes --prefix=/usr --localstatedir=/var/cache/iphone-gcc --enable-languages=c,c++,objc,obj-c++ --enable-wchar_t=no --with-gxx-include-dir=/usr/include/c++/4.0.0
Thread model: posix
gcc version 4.2.1 (Based on Apple Inc. build 5555)
configure:2804: $? = 0
configure:2811: /usr/bin/gcc -V >&5
gcc: '-V' option must have argument
configure:2814: $? = 1
configure:2837: checking for C compiler default output file name
configure:2864: /usr/bin/gcc    conftest.c  >&5
configure:2867: $? = 0
configure:2913: result: a.out
configure:2918: checking whether the C compiler works
configure:2928: ./a.out
configure:2931: $? = 0
configure:2948: result: yes
configure:2955: checking whether we are cross compiling
configure:2957: result: no
configure:2960: checking for suffix of executables
configure:2967: /usr/bin/gcc -o conftest    conftest.c  >&5
configure:2970: $? = 0
configure:2994: result: 
configure:3000: checking for suffix of object files
configure:3026: /usr/bin/gcc -c   conftest.c >&5
configure:3029: $? = 0
configure:3052: result: o
configure:3056: checking whether we are using the GNU C compiler
configure:3085: /usr/bin/gcc -c   conftest.c >&5
configure:3091: $? = 0
configure:3098: test -z "$ac_c_werror_flag" || test ! -s conftest.err
configure:3101: $? = 0
configure:3108: test -s conftest.o
configure:3111: $? = 0
configure:3125: result: yes
configure:3130: checking whether /usr/bin/gcc accepts -g
configure:3160: /usr/bin/gcc -c -g  conftest.c >&5
configure:3166: $? = 0
configure:3173: test -z "$ac_c_werror_flag" || test ! -s conftest.err
configure:3176: $? = 0
configure:3183: test -s conftest.o
configure:3186: $? = 0
configure:3316: result: yes
configure:3333: checking for /usr/bin/gcc option to accept ISO C89
configure:3407: /usr/bin/gcc  -c -g -O2  conftest.c >&5
configure:3413: $? = 0
configure:3420: test -z "$ac_c_werror_flag" || test ! -s conftest.err
configure:3423: $? = 0
configure:3430: test -s conftest.o
configure:3433: $? = 0
configure:3453: result: none needed
configure:3482: checking for style of include used by make
configure:3510: result: GNU
configure:3538: checking dependency style of /usr/bin/gcc
configure:3628: result: gcc3
configure:3723: checking build system type
configure:3741: result: arm-apple-darwin10.4.0
configure:3763: checking host system type
configure:3778: result: arm-apple-darwin10.4.0
configure:3800: checking for a sed that does not truncate output
configure:3854: result: /bin/sed
configure:3857: checking for grep that handles long lines and -e
configure:3931: result: /bin/grep
configure:3936: checking for egrep
configure:4014: result: /bin/grep -E
configure:4030: checking for ld used by /usr/bin/gcc
configure:4097: result: /usr/bin/ld
configure:4106: checking if the linker (/usr/bin/ld) is GNU ld
configure:4121: result: no
configure:4126: checking for /usr/bin/ld option to reload object files
configure:4133: result: -r
configure:4151: checking for BSD-compatible nm
configure:4200: result: /usr/bin/nm -p
configure:4204: checking whether ln -s works
configure:4208: result: yes
configure:4215: checking how to recognise dependent libraries
configure:4391: result: pass_all
configure:4641: checking how to run the C preprocessor
configure:4681: /usr/bin/gcc -E  conftest.c
configure:4687: $? = 0
configure:4725: /usr/bin/gcc -E  conftest.c
conftest.c:10:28: error: ac_nonexistent.h: No such file or directory
configure:4731: $? = 1
configure: failed program was:
| /* confdefs.h.  */
| #define PACKAGE_NAME "libXfontcache"
| #define PACKAGE_TARNAME "libXfontcache"
| #define PACKAGE_VERSION "1.0.4"
| #define PACKAGE_STRING "libXfontcache 1.0.4"
| #define PACKAGE_BUGREPORT "https://bugs.freedesktop.org/enter_bug.cgi?product=xorg"
| #define PACKAGE "libXfontcache"
| #define VERSION "1.0.4"
| /* end confdefs.h.  */
| #include <ac_nonexistent.h>
configure:4771: result: /usr/bin/gcc -E
configure:4800: /usr/bin/gcc -E  conftest.c
configure:4806: $? = 0
configure:4844: /usr/bin/gcc -E  conftest.c
conftest.c:10:28: error: ac_nonexistent.h: No such file or directory
configure:4850: $? = 1
configure: failed program was:
| /* confdefs.h.  */
| #define PACKAGE_NAME "libXfontcache"
| #define PACKAGE_TARNAME "libXfontcache"
| #define PACKAGE_VERSION "1.0.4"
| #define PACKAGE_STRING "libXfontcache 1.0.4"
| #define PACKAGE_BUGREPORT "https://bugs.freedesktop.org/enter_bug.cgi?product=xorg"
| #define PACKAGE "libXfontcache"
| #define VERSION "1.0.4"
| /* end confdefs.h.  */
| #include <ac_nonexistent.h>
configure:4895: checking for ANSI C header files
configure:4925: /usr/bin/gcc -c -g -O2  conftest.c >&5
configure:4931: $? = 0
configure:4938: test -z "$ac_c_werror_flag" || test ! -s conftest.err
configure:4941: $? = 0
configure:4948: test -s conftest.o
configure:4951: $? = 0
configure:5047: /usr/bin/gcc -o conftest -g -O2   conftest.c  >&5
configure:5050: $? = 0
configure:5056: ./conftest
configure:5059: $? = 0
configure:5076: result: yes
configure:5100: checking for sys/types.h
configure:5121: /usr/bin/gcc -c -g -O2  conftest.c >&5
configure:5127: $? = 0
configure:5134: test -z "$ac_c_werror_flag" || test ! -s conftest.err
configure:5137: $? = 0
configure:5144: test -s conftest.o
configure:5147: $? = 0
configure:5160: result: yes
configure:5100: checking for sys/stat.h
configure:5121: /usr/bin/gcc -c -g -O2  conftest.c >&5
configure:5127: $? = 0
configure:5134: test -z "$ac_c_werror_flag" || test ! -s conftest.err
configure:5137: $? = 0
configure:5144: test -s conftest.o
configure:5147: $? = 0
configure:5160: result: yes
configure:5100: checking for stdlib.h
configure:5121: /usr/bin/gcc -c -g -O2  conftest.c >&5
configure:5127: $? = 0
configure:5134: test -z "$ac_c_werror_flag" || test ! -s conftest.err
configure:5137: $? = 0
configure:5144: test -s conftest.o
configure:5147: $? = 0
configure:5160: result: yes
configure:5100: checking for string.h
configure:5121: /usr/bin/gcc -c -g -O2  conftest.c >&5
configure:5127: $? = 0
configure:5134: test -z "$ac_c_werror_flag" || test ! -s conftest.err
configure:5137: $? = 0
configure:5144: test -s conftest.o
configure:5147: $? = 0
configure:5160: result: yes
configure:5100: checking for memory.h
configure:5121: /usr/bin/gcc -c -g -O2  conftest.c >&5
configure:5127: $? = 0
configure:5134: test -z "$ac_c_werror_flag" || test ! -s conftest.err
configure:5137: $? = 0
configure:5144: test -s conftest.o
configure:5147: $? = 0
configure:5160: result: yes
configure:5100: checking for strings.h
configure:5121: /usr/bin/gcc -c -g -O2  conftest.c >&5
configure:5127: $? = 0
configure:5134: test -z "$ac_c_werror_flag" || test ! -s conftest.err
configure:5137: $? = 0
configure:5144: test -s conftest.o
configure:5147: $? = 0
configure:5160: result: yes
configure:5100: checking for inttypes.h
configure:5121: /usr/bin/gcc -c -g -O2  conftest.c >&5
configure:5127: $? = 0
configure:5134: test -z "$ac_c_werror_flag" || test ! -s conftest.err
configure:5137: $? = 0
configure:5144: test -s conftest.o
configure:5147: $? = 0
configure:5160: result: yes
configure:5100: checking for stdint.h
configure:5121: /usr/bin/gcc -c -g -O2  conftest.c >&5
configure:5127: $? = 0
configure:5134: test -z "$ac_c_werror_flag" || test ! -s conftest.err
configure:5137: $? = 0
configure:5144: test -s conftest.o
configure:5147: $? = 0
configure:5160: result: yes
configure:5100: checking for unistd.h
configure:5121: /usr/bin/gcc -c -g -O2  conftest.c >&5
configure:5127: $? = 0
configure:5134: test -z "$ac_c_werror_flag" || test ! -s conftest.err
configure:5137: $? = 0
configure:5144: test -s conftest.o
configure:5147: $? = 0
configure:5160: result: yes
configure:5187: checking dlfcn.h usability
configure:5204: /usr/bin/gcc -c -g -O2  conftest.c >&5
configure:5210: $? = 0
configure:5217: test -z "$ac_c_werror_flag" || test ! -s conftest.err
configure:5220: $? = 0
configure:5227: test -s conftest.o
configure:5230: $? = 0
configure:5241: result: yes
configure:5245: checking dlfcn.h presence
configure:5260: /usr/bin/gcc -E  conftest.c
configure:5266: $? = 0
configure:5287: result: yes
configure:5320: checking for dlfcn.h
configure:5328: result: yes
configure:5399: checking for g++
configure:5415: found /usr/bin/g++
configure:5426: result: g++
configure:5457: checking for C++ compiler version
configure:5464: g++ --version >&5
g++ (GCC) 4.2.1 (Based on Apple Inc. build 5555)
Copyright (C) 2007 Free Software Foundation, Inc.
This is free software; see the source for copying conditions.  There is NO
warranty; not even for MERCHANTABILITY or FITNESS FOR A PARTICULAR PURPOSE.

configure:5467: $? = 0
configure:5474: g++ -v >&5
Using built-in specs.
Target: arm-apple-darwin9
Configured with: ../llvm-gcc-4.2/configure --build=x86_64-unknown-linux-gnu --host=arm-apple-darwin9 --enable-static=no --enable-shared=yes --prefix=/usr --localstatedir=/var/cache/iphone-gcc --enable-languages=c,c++,objc,obj-c++ --enable-wchar_t=no --with-gxx-include-dir=/usr/include/c++/4.0.0
Thread model: posix
gcc version 4.2.1 (Based on Apple Inc. build 5555)
configure:5477: $? = 0
configure:5484: g++ -V >&5
g++: '-V' option must have argument
configure:5487: $? = 1
configure:5490: checking whether we are using the GNU C++ compiler
configure:5519: g++ -c   conftest.cpp >&5
configure:5525: $? = 0
configure:5532: test -z "$ac_cxx_werror_flag" || test ! -s conftest.err
configure:5535: $? = 0
configure:5542: test -s conftest.o
configure:5545: $? = 0
configure:5559: result: yes
configure:5564: checking whether g++ accepts -g
configure:5594: g++ -c -g  conftest.cpp >&5
configure:5600: $? = 0
configure:5607: test -z "$ac_cxx_werror_flag" || test ! -s conftest.err
configure:5610: $? = 0
configure:5617: test -s conftest.o
configure:5620: $? = 0
configure:5750: result: yes
configure:5775: checking dependency style of g++
configure:5865: result: gcc3
configure:5892: checking how to run the C++ preprocessor
configure:5928: g++ -E  conftest.cpp
configure:5934: $? = 0
configure:5972: g++ -E  conftest.cpp
conftest.cpp:21:28: error: ac_nonexistent.h: No such file or directory
configure:5978: $? = 1
configure: failed program was:
| /* confdefs.h.  */
| #define PACKAGE_NAME "libXfontcache"
| #define PACKAGE_TARNAME "libXfontcache"
| #define PACKAGE_VERSION "1.0.4"
| #define PACKAGE_STRING "libXfontcache 1.0.4"
| #define PACKAGE_BUGREPORT "https://bugs.freedesktop.org/enter_bug.cgi?product=xorg"
| #define PACKAGE "libXfontcache"
| #define VERSION "1.0.4"
| #define STDC_HEADERS 1
| #define HAVE_SYS_TYPES_H 1
| #define HAVE_SYS_STAT_H 1
| #define HAVE_STDLIB_H 1
| #define HAVE_STRING_H 1
| #define HAVE_MEMORY_H 1
| #define HAVE_STRINGS_H 1
| #define HAVE_INTTYPES_H 1
| #define HAVE_STDINT_H 1
| #define HAVE_UNISTD_H 1
| #define HAVE_DLFCN_H 1
| /* end confdefs.h.  */
| #include <ac_nonexistent.h>
configure:6018: result: g++ -E
configure:6047: g++ -E  conftest.cpp
configure:6053: $? = 0
configure:6091: g++ -E  conftest.cpp
conftest.cpp:21:28: error: ac_nonexistent.h: No such file or directory
configure:6097: $? = 1
configure: failed program was:
| /* confdefs.h.  */
| #define PACKAGE_NAME "libXfontcache"
| #define PACKAGE_TARNAME "libXfontcache"
| #define PACKAGE_VERSION "1.0.4"
| #define PACKAGE_STRING "libXfontcache 1.0.4"
| #define PACKAGE_BUGREPORT "https://bugs.freedesktop.org/enter_bug.cgi?product=xorg"
| #define PACKAGE "libXfontcache"
| #define VERSION "1.0.4"
| #define STDC_HEADERS 1
| #define HAVE_SYS_TYPES_H 1
| #define HAVE_SYS_STAT_H 1
| #define HAVE_STDLIB_H 1
| #define HAVE_STRING_H 1
| #define HAVE_MEMORY_H 1
| #define HAVE_STRINGS_H 1
| #define HAVE_INTTYPES_H 1
| #define HAVE_STDINT_H 1
| #define HAVE_UNISTD_H 1
| #define HAVE_DLFCN_H 1
| /* end confdefs.h.  */
| #include <ac_nonexistent.h>
configure:6197: checking for g77
configure:6227: result: no
configure:6197: checking for f77
configure:6227: result: no
configure:6197: checking for xlf
configure:6227: result: no
configure:6197: checking for frt
configure:6227: result: no
configure:6197: checking for pgf77
configure:6227: result: no
configure:6197: checking for cf77
configure:6227: result: no
configure:6197: checking for fort77
configure:6227: result: no
configure:6197: checking for fl32
configure:6227: result: no
configure:6197: checking for af77
configure:6227: result: no
configure:6197: checking for f90
configure:6227: result: no
configure:6197: checking for xlf90
configure:6227: result: no
configure:6197: checking for pgf90
configure:6227: result: no
configure:6197: checking for pghpf
configure:6227: result: no
configure:6197: checking for epcf90
configure:6227: result: no
configure:6197: checking for gfortran
configure:6227: result: no
configure:6197: checking for g95
configure:6227: result: no
configure:6197: checking for f95
configure:6227: result: no
configure:6197: checking for fort
configure:6227: result: no
configure:6197: checking for xlf95
configure:6227: result: no
configure:6197: checking for ifort
configure:6227: result: no
configure:6197: checking for ifc
configure:6227: result: no
configure:6197: checking for efc
configure:6227: result: no
configure:6197: checking for pgf95
configure:6227: result: no
configure:6197: checking for lf95
configure:6227: result: no
configure:6197: checking for ftn
configure:6227: result: no
configure:6254: checking for Fortran 77 compiler version
configure:6261:  --version >&5
./configure: line 6262: --version: command not found
configure:6264: $? = 127
configure:6271:  -v >&5
./configure: line 6272: -v: command not found
configure:6274: $? = 127
configure:6281:  -V >&5
./configure: line 6282: -V: command not found
configure:6284: $? = 127
configure:6292: checking whether we are using the GNU Fortran 77 compiler
configure:6311:  -c  conftest.F >&5
./configure: line 6312: -c: command not found
configure:6317: $? = 127
configure: failed program was:
|       program main
| #ifndef __GNUC__
|        choke me
| #endif
| 
|       end
configure:6351: result: no
configure:6357: checking whether  accepts -g
configure:6374:  -c -g conftest.f >&5
./configure: line 6375: -c: command not found
configure:6380: $? = 127
configure: failed program was:
|       program main
| 
|       end
configure:6413: result: no
configure:6443: checking the maximum length of command line arguments
configure:6552: result: 196608
configure:6563: checking command to parse /usr/bin/nm -p output from /usr/bin/gcc object
configure:6668: /usr/bin/gcc -c -g -O2  conftest.c >&5
configure:6671: $? = 0
configure:6675: /usr/bin/nm -p conftest.o \| sed -n -e 's/^.*[ 	]\([BCDEGRST][BCDEGRST]*\)[ 	][ 	]*\([_A-Za-z][_A-Za-z0-9]*\)$/\1 \2 \2/p' \> conftest.nm
configure:6678: $? = 0
cannot find nm_test_var in conftest.nm
configure:6668: /usr/bin/gcc -c -g -O2  conftest.c >&5
configure:6671: $? = 0
configure:6675: /usr/bin/nm -p conftest.o \| sed -n -e 's/^.*[ 	]\([BCDEGRST][BCDEGRST]*\)[ 	][ 	]*_\([_A-Za-z][_A-Za-z0-9]*\)$/\1 _\2 \2/p' \> conftest.nm
configure:6678: $? = 0
configure:6730: /usr/bin/gcc -o conftest -g -O2   conftest.c conftstm.o >&5
configure:6733: $? = 0
configure:6771: result: ok
configure:6775: checking for objdir
configure:6790: result: .libs
configure:6882: checking for ar
configure:6898: found /usr/bin/ar
configure:6909: result: ar
configure:6978: checking for ranlib
configure:6994: found /usr/bin/ranlib
configure:7005: result: ranlib
configure:7074: checking for strip
configure:7090: found /usr/bin/strip
configure:7101: result: strip
configure:7387: checking if /usr/bin/gcc supports -fno-rtti -fno-exceptions
configure:7405: /usr/bin/gcc -c -g -O2  -fno-rtti -fno-exceptions conftest.c >&5
cc1: warning: command line option "-fno-rtti" is valid for C++/ObjC++ but not for C
configure:7409: $? = 0
configure:7422: result: no
configure:7437: checking for /usr/bin/gcc option to produce PIC
configure:7647: result: -fno-common
configure:7655: checking if /usr/bin/gcc PIC flag -fno-common works
configure:7673: /usr/bin/gcc -c -g -O2  -fno-common -DPIC conftest.c >&5
configure:7677: $? = 0
configure:7690: result: yes
configure:7718: checking if /usr/bin/gcc static flag -static works
configure:7746: result: no
configure:7756: checking if /usr/bin/gcc supports -c -o file.o
configure:7777: /usr/bin/gcc -c -g -O2  -o out/conftest2.o conftest.c >&5
configure:7781: $? = 0
configure:7803: result: yes
configure:7829: checking whether the /usr/bin/gcc linker (/usr/bin/ld) supports shared libraries
configure:8816: result: yes
configure:8883: checking dynamic linker characteristics
configure:9459: result: darwin10.4.0 dyld
configure:9468: checking how to hardcode library paths into programs
configure:9493: result: immediate
configure:9507: checking whether stripping libraries is possible
configure:9520: result: yes
configure:10425: checking if libtool supports shared libraries
configure:10427: result: yes
configure:10430: checking whether to build shared libraries
configure:10451: result: yes
configure:10454: checking whether to build static libraries
configure:10458: result: yes
configure:10550: creating libtool
configure:11138: checking for ld used by g++
configure:11205: result: /usr/bin/ld
configure:11214: checking if the linker (/usr/bin/ld) is GNU ld
configure:11229: result: no
configure:11280: checking whether the g++ linker (/usr/bin/ld) supports shared libraries
configure:12246: result: yes
configure:12264: g++ -c -g -O2  conftest.cpp >&5
configure:12267: $? = 0
configure:12386: checking for g++ option to produce PIC
configure:12660: result: -fno-common
configure:12668: checking if g++ PIC flag -fno-common works
configure:12686: g++ -c -g -O2  -fno-common -DPIC conftest.cpp >&5
configure:12690: $? = 0
configure:12703: result: yes
configure:12731: checking if g++ static flag -static works
configure:12759: result: no
configure:12769: checking if g++ supports -c -o file.o
configure:12790: g++ -c -g -O2  -o out/conftest2.o conftest.cpp >&5
configure:12794: $? = 0
configure:12816: result: yes
configure:12842: checking whether the g++ linker (/usr/bin/ld) supports shared libraries
configure:12870: result: yes
configure:12937: checking dynamic linker characteristics
configure:13513: result: darwin10.4.0 dyld
configure:13522: checking how to hardcode library paths into programs
configure:13547: result: immediate
configure:19780: checking for pkg-config
configure:19798: found /usr/bin/pkg-config
configure:19810: result: /usr/bin/pkg-config
configure:19839: checking pkg-config is at least version 0.9.0
configure:19842: result: yes
configure:19853: checking for XFONTCACHE
configure:19861: $PKG_CONFIG --exists --print-errors "x11 xext xextproto fontcacheproto"
configure:19864: $? = 0
configure:19879: $PKG_CONFIG --exists --print-errors "x11 xext xextproto fontcacheproto"
configure:19882: $? = 0
configure:19958: result: yes
configure:19975: checking whether malloc(0) returns NULL
configure:20005: /usr/bin/gcc -o conftest -g -O2   conftest.c  >&5
conftest.c:2: warning: conflicting types for built-in function 'malloc'
conftest.c:4: warning: conflicting types for built-in function 'calloc'
conftest.c: In function 'main':
conftest.c:11: warning: incompatible implicit declaration of built-in function 'exit'
configure:20008: $? = 0
configure:20014: ./conftest
configure:20017: $? = 1
configure: program exited with status 1
configure: failed program was:
| 
| char *malloc();
| char *realloc();
| char *calloc();
| main() {
|     char *m0, *r0, *c0, *p;
|     m0 = malloc(0);
|     p = malloc(10);
|     r0 = realloc(p,0);
|     c0 = calloc(0);
|     exit(m0 == 0 || r0 == 0 || c0 == 0 ? 0 : 1);
| }
configure:20033: result: no
configure:20291: creating ./config.status

## ---------------------- ##
## Running config.status. ##
## ---------------------- ##

This file was extended by libXfontcache config.status 1.0.4, which was
generated by GNU Autoconf 2.60.  Invocation command line was

  CONFIG_FILES    = 
  CONFIG_HEADERS  = 
  CONFIG_LINKS    = 
  CONFIG_COMMANDS = 
  $ ./config.status 

on Chriss-iPad

config.status:675: creating Makefile
config.status:675: creating src/Makefile
config.status:675: creating man/Makefile
config.status:675: creating xfontcache.pc
config.status:675: creating config.h
config.status:899: config.h is unchanged
config.status:945: executing depfiles commands

## ---------------- ##
## Cache variables. ##
## ---------------- ##

ac_cv_build=arm-apple-darwin10.4.0
ac_cv_c_compiler_gnu=yes
ac_cv_cxx_compiler_gnu=yes
ac_cv_env_CCC_set=
ac_cv_env_CCC_value=
ac_cv_env_CC_set=set
ac_cv_env_CC_value=/usr/bin/gcc
ac_cv_env_CFLAGS_set=
ac_cv_env_CFLAGS_value=
ac_cv_env_CPPFLAGS_set=
ac_cv_env_CPPFLAGS_value=
ac_cv_env_CPP_set=
ac_cv_env_CPP_value=
ac_cv_env_CXXCPP_set=
ac_cv_env_CXXCPP_value=
ac_cv_env_CXXFLAGS_set=
ac_cv_env_CXXFLAGS_value=
ac_cv_env_CXX_set=
ac_cv_env_CXX_value=
ac_cv_env_F77_set=
ac_cv_env_F77_value=
ac_cv_env_FFLAGS_set=
ac_cv_env_FFLAGS_value=
ac_cv_env_LDFLAGS_set=
ac_cv_env_LDFLAGS_value=
ac_cv_env_PKG_CONFIG_set=
ac_cv_env_PKG_CONFIG_value=
ac_cv_env_XFONTCACHE_CFLAGS_set=
ac_cv_env_XFONTCACHE_CFLAGS_value=
ac_cv_env_XFONTCACHE_LIBS_set=
ac_cv_env_XFONTCACHE_LIBS_value=
ac_cv_env_build_alias_set=
ac_cv_env_build_alias_value=
ac_cv_env_host_alias_set=
ac_cv_env_host_alias_value=
ac_cv_env_target_alias_set=
ac_cv_env_target_alias_value=
ac_cv_f77_compiler_gnu=no
ac_cv_header_dlfcn_h=yes
ac_cv_header_inttypes_h=yes
ac_cv_header_memory_h=yes
ac_cv_header_stdc=yes
ac_cv_header_stdint_h=yes
ac_cv_header_stdlib_h=yes
ac_cv_header_string_h=yes
ac_cv_header_strings_h=yes
ac_cv_header_sys_stat_h=yes
ac_cv_header_sys_types_h=yes
ac_cv_header_unistd_h=yes
ac_cv_host=arm-apple-darwin10.4.0
ac_cv_objext=o
ac_cv_path_EGREP='/bin/grep -E'
ac_cv_path_GREP=/bin/grep
ac_cv_path_ac_pt_PKG_CONFIG=/usr/bin/pkg-config
ac_cv_path_install='/usr/bin/install -c'
ac_cv_prog_AWK=gawk
ac_cv_prog_CPP='/usr/bin/gcc -E'
ac_cv_prog_CXXCPP='g++ -E'
ac_cv_prog_ac_ct_AR=ar
ac_cv_prog_ac_ct_CC=/usr/bin/gcc
ac_cv_prog_ac_ct_CXX=g++
ac_cv_prog_ac_ct_RANLIB=ranlib
ac_cv_prog_ac_ct_STRIP=strip
ac_cv_prog_cc_c89=
ac_cv_prog_cc_g=yes
ac_cv_prog_cxx_g=yes
ac_cv_prog_f77_g=no
ac_cv_prog_make_make_set=yes
am_cv_CC_dependencies_compiler_type=gcc3
am_cv_CXX_dependencies_compiler_type=gcc3
lt_cv_deplibs_check_method=pass_all
lt_cv_file_magic_cmd='$MAGIC_CMD'
lt_cv_file_magic_test_file=
lt_cv_ld_reload_flag=-r
lt_cv_objdir=.libs
lt_cv_path_LD=/usr/bin/ld
lt_cv_path_LDCXX=/usr/bin/ld
lt_cv_path_NM='/usr/bin/nm -p'
lt_cv_path_SED=/bin/sed
lt_cv_prog_compiler_c_o=yes
lt_cv_prog_compiler_c_o_CXX=yes
lt_cv_prog_compiler_rtti_exceptions=no
lt_cv_prog_gnu_ld=no
lt_cv_prog_gnu_ldcxx=no
lt_cv_sys_global_symbol_pipe='sed -n -e '\''s/^.*[ 	]\([BCDEGRST][BCDEGRST]*\)[ 	][ 	]*_\([_A-Za-z][_A-Za-z0-9]*\)$/\1 _\2 \2/p'\'''
lt_cv_sys_global_symbol_to_c_name_address='sed -n -e '\''s/^: \([^ ]*\) $/  {\"\1\", (lt_ptr) 0},/p'\'' -e '\''s/^[BCDEGRST] \([^ ]*\) \([^ ]*\)$/  {"\2", (lt_ptr) \&\2},/p'\'''
lt_cv_sys_global_symbol_to_cdecl='sed -n -e '\''s/^. .* \(.*\)$/extern int \1;/p'\'''
lt_cv_sys_max_cmd_len=196608
lt_lt_cv_prog_compiler_c_o='"yes"'
lt_lt_cv_prog_compiler_c_o_CXX='"yes"'
lt_lt_cv_sys_global_symbol_pipe='"sed -n -e '\''s/^.*[ 	]\\([BCDEGRST][BCDEGRST]*\\)[ 	][ 	]*_\\([_A-Za-z][_A-Za-z0-9]*\\)\$/\\1 _\\2 \\2/p'\''"'
lt_lt_cv_sys_global_symbol_to_c_name_address='"sed -n -e '\''s/^: \\([^ ]*\\) \$/  {\\\"\\1\\\", (lt_ptr) 0},/p'\'' -e '\''s/^[BCDEGRST] \\([^ ]*\\) \\([^ ]*\\)\$/  {\"\\2\", (lt_ptr) \\&\\2},/p'\''"'
lt_lt_cv_sys_global_symbol_to_cdecl='"sed -n -e '\''s/^. .* \\(.*\\)\$/extern int \\1;/p'\''"'
pkg_cv_XFONTCACHE_CFLAGS=' '
pkg_cv_XFONTCACHE_LIBS='-L/usr/local/lib -lX11 -lXext  '

## ----------------- ##
## Output variables. ##
## ----------------- ##

ACLOCAL='${SHELL} /home/chris/xorg/libXfontcache-1.0.4/missing --run aclocal-1.9'
ADMIN_MAN_DIR='$(mandir)/man$(ADMIN_MAN_SUFFIX)'
ADMIN_MAN_SUFFIX='8'
AMCMDECHO='echo'
AMDEPBACKSLASH='\'
AMDEPSHOWCMDSAT=''
AMDEP_FALSE='#'
AMDEP_TRUE=''
AMPRETTYECHO='true'
AMSHOWCMDSAT=''
AMTAR='${SHELL} /home/chris/xorg/libXfontcache-1.0.4/missing --run tar'
APP_MAN_DIR='$(mandir)/man$(APP_MAN_SUFFIX)'
APP_MAN_SUFFIX='1'
AR='ar'
AUTOCONF='${SHELL} /home/chris/xorg/libXfontcache-1.0.4/missing --run autoconf'
AUTOHEADER='${SHELL} /home/chris/xorg/libXfontcache-1.0.4/missing --run autoheader'
AUTOMAKE='${SHELL} /home/chris/xorg/libXfontcache-1.0.4/missing --run automake-1.9'
AWK='gawk'
CC='/usr/bin/gcc'
CCDEPMODE='depmode=gcc3'
CFLAGS='-g -O2'
CPP='/usr/bin/gcc -E'
CPPFLAGS=''
CXX='g++'
CXXCPP='g++ -E'
CXXDEPMODE='depmode=gcc3'
CXXFLAGS='-g -O2'
CYGPATH_W='echo'
DEFS='-DHAVE_CONFIG_H'
DEPDIR='.deps'
DRIVER_MAN_DIR='$(mandir)/man$(DRIVER_MAN_SUFFIX)'
DRIVER_MAN_SUFFIX='4'
ECHO='echo'
ECHO_C=''
ECHO_N='-n'
ECHO_T=''
EGREP='/bin/grep -E'
EXEEXT=''
F77=''
FFLAGS=''
FILE_MAN_DIR='$(mandir)/man$(FILE_MAN_SUFFIX)'
FILE_MAN_SUFFIX='5'
GREP='/bin/grep'
INSTALL_DATA='${INSTALL} -m 644'
INSTALL_PROGRAM='${INSTALL}'
INSTALL_SCRIPT='${INSTALL}'
INSTALL_STRIP_PROGRAM='${SHELL} $(install_sh) -c -s'
LDFLAGS=''
LIBOBJS=''
LIBS=''
LIBTOOL='$(SHELL) $(top_builddir)/libtool'
LIB_MAN_DIR='$(mandir)/man$(LIB_MAN_SUFFIX)'
LIB_MAN_SUFFIX='3'
LN_S='ln -s'
LTLIBOBJS=''
LT_QUIET=''
MAINT='#'
MAINTAINER_MODE_FALSE=''
MAINTAINER_MODE_TRUE='#'
MAKEINFO='${SHELL} /home/chris/xorg/libXfontcache-1.0.4/missing --run makeinfo'
MALLOC_ZERO_CFLAGS=''
MISC_MAN_DIR='$(mandir)/man$(MISC_MAN_SUFFIX)'
MISC_MAN_SUFFIX='7'
OBJEXT='o'
PACKAGE='libXfontcache'
PACKAGE_BUGREPORT='https://bugs.freedesktop.org/enter_bug.cgi?product=xorg'
PACKAGE_NAME='libXfontcache'
PACKAGE_STRING='libXfontcache 1.0.4'
PACKAGE_TARNAME='libXfontcache'
PACKAGE_VERSION='1.0.4'
PATH_SEPARATOR=':'
PKG_CONFIG='/usr/bin/pkg-config'
RANLIB='ranlib'
SET_MAKE=''
SHELL='/bin/sh'
STRIP='strip'
VERSION='1.0.4'
XFONTCACHE_CFLAGS=' '
XFONTCACHE_LIBS='-L/usr/local/lib -lX11 -lXext  '
XMALLOC_ZERO_CFLAGS=''
XTMALLOC_ZERO_CFLAGS=''
ac_ct_CC='/usr/bin/gcc'
ac_ct_CXX='g++'
ac_ct_F77=''
am__fastdepCC_FALSE='#'
am__fastdepCC_TRUE=''
am__fastdepCXX_FALSE='#'
am__fastdepCXX_TRUE=''
am__include='include'
am__leading_dot='.'
am__quote=''
am__tar='${AMTAR} chof - "$$tardir"'
am__untar='${AMTAR} xf -'
bindir='${exec_prefix}/bin'
build='arm-apple-darwin10.4.0'
build_alias=''
build_cpu='arm'
build_os='darwin10.4.0'
build_vendor='apple'
datadir='${datarootdir}'
datarootdir='${prefix}/share'
docdir='${datarootdir}/doc/${PACKAGE_TARNAME}'
dvidir='${docdir}'
exec_prefix='${prefix}'
host='arm-apple-darwin10.4.0'
host_alias=''
host_cpu='arm'
host_os='darwin10.4.0'
host_vendor='apple'
htmldir='${docdir}'
includedir='${prefix}/include'
infodir='${datarootdir}/info'
install_sh='/home/chris/xorg/libXfontcache-1.0.4/install-sh'
libdir='${exec_prefix}/lib'
libexecdir='${exec_prefix}/libexec'
localedir='${datarootdir}/locale'
localstatedir='${prefix}/var'
mandir='${datarootdir}/man'
mkdir_p='mkdir -p --'
oldincludedir='/usr/include'
pdfdir='${docdir}'
prefix='/usr/local'
program_transform_name='s,x,x,'
psdir='${docdir}'
sbindir='${exec_prefix}/sbin'
sharedstatedir='${prefix}/com'
sysconfdir='${prefix}/etc'
target_alias=''

## ----------- ##
## confdefs.h. ##
## ----------- ##

#define PACKAGE_NAME "libXfontcache"
#define PACKAGE_TARNAME "libXfontcache"
#define PACKAGE_VERSION "1.0.4"
#define PACKAGE_STRING "libXfontcache 1.0.4"
#define PACKAGE_BUGREPORT "https://bugs.freedesktop.org/enter_bug.cgi?product=xorg"
#define PACKAGE "libXfontcache"
#define VERSION "1.0.4"
#define STDC_HEADERS 1
#define HAVE_SYS_TYPES_H 1
#define HAVE_SYS_STAT_H 1
#define HAVE_STDLIB_H 1
#define HAVE_STRING_H 1
#define HAVE_MEMORY_H 1
#define HAVE_STRINGS_H 1
#define HAVE_INTTYPES_H 1
#define HAVE_STDINT_H 1
#define HAVE_UNISTD_H 1
#define HAVE_DLFCN_H 1
#define PACKAGE_VERSION_MAJOR 
#define PACKAGE_VERSION_MINOR 0
#define PACKAGE_VERSION_PATCHLEVEL 0

configure: exit 0
