This file contains any messages produced by compilers while
running configure, to aid debugging if configure makes a mistake.

It was created by libfontenc configure 1.1.0, which was
generated by GNU Autoconf 2.68.  Invocation command line was

  $ ./configure 

## --------- ##
## Platform. ##
## --------- ##

hostname = Chriss-iPad
uname -m = iPad1,1
uname -r = 10.4.0
uname -s = Darwin
uname -v = Darwin Kernel Version 10.4.0: Wed Oct 20 20:14:45 PDT 2010; root:xnu-1504.58.28~3/RELEASE_ARM_S5L8930X

/usr/bin/uname -p = unknown
/bin/uname -X     = unknown

/bin/arch              = unknown
/usr/bin/arch -k       = unknown
/usr/convex/getsysinfo = unknown
/usr/bin/hostinfo      = Mach kernel version:
	 Darwin Kernel Version 10.4.0: Wed Oct 20 20:14:45 PDT 2010; root:xnu-1504.58.28~3/RELEASE_ARM_S5L8930X
Kernel configured for a single processor only.
1 processor is physically available.
1 processor is logically available.
Processor type: armv7 (arm v7)
Processor active: 0
Primary memory available: 247.00 megabytes
Default processor set: 32 tasks, 227 threads, 1 processors
Load average: 1.19, Mach factor: 0.54
/bin/machine           = unknown
/usr/bin/oslevel       = unknown
/bin/universe          = unknown

PATH: /usr/local/sbin
PATH: /usr/local/bin
PATH: /usr/sbin
PATH: /usr/bin
PATH: /sbin
PATH: /bin
PATH: /usr/bin/X11
PATH: /usr/games
PATH: /var/mobile/ocaml-3.12.0/bin


## ----------- ##
## Core tests. ##
## ----------- ##

configure:2231: checking for a BSD-compatible install
configure:2299: result: /usr/bin/install -c
configure:2310: checking whether build environment is sane
configure:2360: result: yes
configure:2501: checking for a thread-safe mkdir -p
configure:2540: result: /bin/mkdir -p
configure:2553: checking for gawk
configure:2569: found /usr/bin/gawk
configure:2580: result: gawk
configure:2591: checking whether make sets $(MAKE)
configure:2613: result: yes
configure:2694: checking whether to enable maintainer-specific portions of Makefiles
configure:2703: result: no
configure:2741: checking for style of include used by make
configure:2769: result: GNU
configure:2839: checking for gcc
configure:2866: result: /usr/bin/gcc
configure:3095: checking for C compiler version
configure:3104: /usr/bin/gcc --version >&5
gcc (GCC) 4.2.1 (Based on Apple Inc. build 5555)
Copyright (C) 2007 Free Software Foundation, Inc.
This is free software; see the source for copying conditions.  There is NO
warranty; not even for MERCHANTABILITY or FITNESS FOR A PARTICULAR PURPOSE.

configure:3115: $? = 0
configure:3104: /usr/bin/gcc -v >&5
Using built-in specs.
Target: arm-apple-darwin9
Configured with: ../llvm-gcc-4.2/configure --build=x86_64-unknown-linux-gnu --host=arm-apple-darwin9 --enable-static=no --enable-shared=yes --prefix=/usr --localstatedir=/var/cache/iphone-gcc --enable-languages=c,c++,objc,obj-c++ --enable-wchar_t=no --with-gxx-include-dir=/usr/include/c++/4.0.0
Thread model: posix
gcc version 4.2.1 (Based on Apple Inc. build 5555)
configure:3115: $? = 0
configure:3104: /usr/bin/gcc -V >&5
gcc: '-V' option must have argument
configure:3115: $? = 1
configure:3104: /usr/bin/gcc -qversion >&5
gcc: no input files
configure:3115: $? = 1
configure:3135: checking whether the C compiler works
configure:3157: /usr/bin/gcc    conftest.c  >&5
configure:3161: $? = 0
configure:3209: result: yes
configure:3212: checking for C compiler default output file name
configure:3214: result: a.out
configure:3220: checking for suffix of executables
configure:3227: /usr/bin/gcc -o conftest    conftest.c  >&5
configure:3231: $? = 0
configure:3253: result: 
configure:3275: checking whether we are cross compiling
configure:3283: /usr/bin/gcc -o conftest    conftest.c  >&5
configure:3287: $? = 0
configure:3294: ./conftest
configure:3298: $? = 0
configure:3313: result: no
configure:3318: checking for suffix of object files
configure:3340: /usr/bin/gcc -c   conftest.c >&5
configure:3344: $? = 0
configure:3365: result: o
configure:3369: checking whether we are using the GNU C compiler
configure:3388: /usr/bin/gcc -c   conftest.c >&5
configure:3388: $? = 0
configure:3397: result: yes
configure:3406: checking whether /usr/bin/gcc accepts -g
configure:3426: /usr/bin/gcc -c -g  conftest.c >&5
configure:3426: $? = 0
configure:3467: result: yes
configure:3484: checking for /usr/bin/gcc option to accept ISO C89
configure:3548: /usr/bin/gcc  -c -g -O2  conftest.c >&5
configure:3548: $? = 0
configure:3561: result: none needed
configure:3583: checking dependency style of /usr/bin/gcc
configure:3693: result: gcc3
configure:3708: checking for /usr/bin/gcc option to accept ISO C99
configure:3857: /usr/bin/gcc  -c -g -O2  conftest.c >&5
conftest.c:61: error: expected ';', ',' or ')' before 'text'
conftest.c: In function 'main':
conftest.c:115: error: nested functions are disabled, use -fnested-functions to re-enable
conftest.c:115: error: expected '=', ',', ';', 'asm' or '__attribute__' before 'newvar'
conftest.c:115: error: 'newvar' undeclared (first use in this function)
conftest.c:115: error: (Each undeclared identifier is reported only once
conftest.c:115: error: for each function it appears in.)
conftest.c:125: error: 'for' loop initial declaration used outside C99 mode
configure:3857: $? = 1
configure: failed program was:
| /* confdefs.h */
| #define PACKAGE_NAME "libfontenc"
| #define PACKAGE_TARNAME "libfontenc"
| #define PACKAGE_VERSION "1.1.0"
| #define PACKAGE_STRING "libfontenc 1.1.0"
| #define PACKAGE_BUGREPORT "https://bugs.freedesktop.org/enter_bug.cgi?product=xorg"
| #define PACKAGE_URL ""
| #define PACKAGE "libfontenc"
| #define VERSION "1.1.0"
| /* end confdefs.h.  */
| #include <stdarg.h>
| #include <stdbool.h>
| #include <stdlib.h>
| #include <wchar.h>
| #include <stdio.h>
| 
| // Check varargs macros.  These examples are taken from C99 6.10.3.5.
| #define debug(...) fprintf (stderr, __VA_ARGS__)
| #define showlist(...) puts (#__VA_ARGS__)
| #define report(test,...) ((test) ? puts (#test) : printf (__VA_ARGS__))
| static void
| test_varargs_macros (void)
| {
|   int x = 1234;
|   int y = 5678;
|   debug ("Flag");
|   debug ("X = %d\n", x);
|   showlist (The first, second, and third items.);
|   report (x>y, "x is %d but y is %d", x, y);
| }
| 
| // Check long long types.
| #define BIG64 18446744073709551615ull
| #define BIG32 4294967295ul
| #define BIG_OK (BIG64 / BIG32 == 4294967297ull && BIG64 % BIG32 == 0)
| #if !BIG_OK
|   your preprocessor is broken;
| #endif
| #if BIG_OK
| #else
|   your preprocessor is broken;
| #endif
| static long long int bignum = -9223372036854775807LL;
| static unsigned long long int ubignum = BIG64;
| 
| struct incomplete_array
| {
|   int datasize;
|   double data[];
| };
| 
| struct named_init {
|   int number;
|   const wchar_t *name;
|   double average;
| };
| 
| typedef const char *ccp;
| 
| static inline int
| test_restrict (ccp restrict text)
| {
|   // See if C++-style comments work.
|   // Iterate through items via the restricted pointer.
|   // Also check for declarations in for loops.
|   for (unsigned int i = 0; *(text+i) != '\0'; ++i)
|     continue;
|   return 0;
| }
| 
| // Check varargs and va_copy.
| static void
| test_varargs (const char *format, ...)
| {
|   va_list args;
|   va_start (args, format);
|   va_list args_copy;
|   va_copy (args_copy, args);
| 
|   const char *str;
|   int number;
|   float fnumber;
| 
|   while (*format)
|     {
|       switch (*format++)
| 	{
| 	case 's': // string
| 	  str = va_arg (args_copy, const char *);
| 	  break;
| 	case 'd': // int
| 	  number = va_arg (args_copy, int);
| 	  break;
| 	case 'f': // float
| 	  fnumber = va_arg (args_copy, double);
| 	  break;
| 	default:
| 	  break;
| 	}
|     }
|   va_end (args_copy);
|   va_end (args);
| }
| 
| int
| main ()
| {
| 
|   // Check bool.
|   _Bool success = false;
| 
|   // Check restrict.
|   if (test_restrict ("String literal") == 0)
|     success = true;
|   char *restrict newvar = "Another string";
| 
|   // Check varargs.
|   test_varargs ("s, d' f .", "string", 65, 34.234);
|   test_varargs_macros ();
| 
|   // Check flexible array members.
|   struct incomplete_array *ia =
|     malloc (sizeof (struct incomplete_array) + (sizeof (double) * 10));
|   ia->datasize = 10;
|   for (int i = 0; i < ia->datasize; ++i)
|     ia->data[i] = i * 1.234;
| 
|   // Check named initializers.
|   struct named_init ni = {
|     .number = 34,
|     .name = L"Test wide string",
|     .average = 543.34343,
|   };
| 
|   ni.number = 58;
| 
|   int dynamic_array[ni.number];
|   dynamic_array[ni.number - 1] = 543;
| 
|   // work around unused variable warnings
|   return (!success || bignum == 0LL || ubignum == 0uLL || newvar[0] == 'x'
| 	  || dynamic_array[ni.number - 1] != 543);
| 
|   ;
|   return 0;
| }
configure:3857: /usr/bin/gcc -std=gnu99 -c -g -O2  conftest.c >&5
configure:3857: $? = 0
configure:3877: result: -std=gnu99
configure:3891: checking how to run the C preprocessor
configure:3922: /usr/bin/gcc -std=gnu99 -E  conftest.c
configure:3922: $? = 0
configure:3936: /usr/bin/gcc -std=gnu99 -E  conftest.c
conftest.c:11:28: error: ac_nonexistent.h: No such file or directory
configure:3936: $? = 1
configure: failed program was:
| /* confdefs.h */
| #define PACKAGE_NAME "libfontenc"
| #define PACKAGE_TARNAME "libfontenc"
| #define PACKAGE_VERSION "1.1.0"
| #define PACKAGE_STRING "libfontenc 1.1.0"
| #define PACKAGE_BUGREPORT "https://bugs.freedesktop.org/enter_bug.cgi?product=xorg"
| #define PACKAGE_URL ""
| #define PACKAGE "libfontenc"
| #define VERSION "1.1.0"
| /* end confdefs.h.  */
| #include <ac_nonexistent.h>
configure:3961: result: /usr/bin/gcc -std=gnu99 -E
configure:3981: /usr/bin/gcc -std=gnu99 -E  conftest.c
configure:3981: $? = 0
configure:3995: /usr/bin/gcc -std=gnu99 -E  conftest.c
conftest.c:11:28: error: ac_nonexistent.h: No such file or directory
configure:3995: $? = 1
configure: failed program was:
| /* confdefs.h */
| #define PACKAGE_NAME "libfontenc"
| #define PACKAGE_TARNAME "libfontenc"
| #define PACKAGE_VERSION "1.1.0"
| #define PACKAGE_STRING "libfontenc 1.1.0"
| #define PACKAGE_BUGREPORT "https://bugs.freedesktop.org/enter_bug.cgi?product=xorg"
| #define PACKAGE_URL ""
| #define PACKAGE "libfontenc"
| #define VERSION "1.1.0"
| /* end confdefs.h.  */
| #include <ac_nonexistent.h>
configure:4024: checking for grep that handles long lines and -e
configure:4082: result: /bin/grep
configure:4087: checking for egrep
configure:4149: result: /bin/grep -E
configure:4154: checking for ANSI C header files
configure:4174: /usr/bin/gcc -std=gnu99 -c -g -O2  conftest.c >&5
configure:4174: $? = 0
configure:4247: /usr/bin/gcc -std=gnu99 -o conftest -g -O2   conftest.c  >&5
configure:4247: $? = 0
configure:4247: ./conftest
configure:4247: $? = 0
configure:4258: result: yes
configure:4271: checking for sys/types.h
configure:4271: /usr/bin/gcc -std=gnu99 -c -g -O2  conftest.c >&5
configure:4271: $? = 0
configure:4271: result: yes
configure:4271: checking for sys/stat.h
configure:4271: /usr/bin/gcc -std=gnu99 -c -g -O2  conftest.c >&5
configure:4271: $? = 0
configure:4271: result: yes
configure:4271: checking for stdlib.h
configure:4271: /usr/bin/gcc -std=gnu99 -c -g -O2  conftest.c >&5
configure:4271: $? = 0
configure:4271: result: yes
configure:4271: checking for string.h
configure:4271: /usr/bin/gcc -std=gnu99 -c -g -O2  conftest.c >&5
configure:4271: $? = 0
configure:4271: result: yes
configure:4271: checking for memory.h
configure:4271: /usr/bin/gcc -std=gnu99 -c -g -O2  conftest.c >&5
configure:4271: $? = 0
configure:4271: result: yes
configure:4271: checking for strings.h
configure:4271: /usr/bin/gcc -std=gnu99 -c -g -O2  conftest.c >&5
configure:4271: $? = 0
configure:4271: result: yes
configure:4271: checking for inttypes.h
configure:4271: /usr/bin/gcc -std=gnu99 -c -g -O2  conftest.c >&5
configure:4271: $? = 0
configure:4271: result: yes
configure:4271: checking for stdint.h
configure:4271: /usr/bin/gcc -std=gnu99 -c -g -O2  conftest.c >&5
configure:4271: $? = 0
configure:4271: result: yes
configure:4271: checking for unistd.h
configure:4271: /usr/bin/gcc -std=gnu99 -c -g -O2  conftest.c >&5
configure:4271: $? = 0
configure:4271: result: yes
configure:4332: checking for pkg-config
configure:4350: found /usr/bin/pkg-config
configure:4362: result: /usr/bin/pkg-config
configure:4387: checking pkg-config is at least version 0.9.0
configure:4390: result: yes
configure:4403: checking build system type
configure:4417: result: arm-apple-darwin10.4.0
configure:4437: checking host system type
configure:4450: result: arm-apple-darwin10.4.0
configure:4470: checking for a sed that does not truncate output
configure:4534: result: /bin/sed
configure:4800: checking for gcc
configure:4827: result: /usr/bin/gcc
configure:5056: checking for C compiler version
configure:5065: /usr/bin/gcc --version >&5
gcc (GCC) 4.2.1 (Based on Apple Inc. build 5555)
Copyright (C) 2007 Free Software Foundation, Inc.
This is free software; see the source for copying conditions.  There is NO
warranty; not even for MERCHANTABILITY or FITNESS FOR A PARTICULAR PURPOSE.

configure:5076: $? = 0
configure:5065: /usr/bin/gcc -v >&5
Using built-in specs.
Target: arm-apple-darwin9
Configured with: ../llvm-gcc-4.2/configure --build=x86_64-unknown-linux-gnu --host=arm-apple-darwin9 --enable-static=no --enable-shared=yes --prefix=/usr --localstatedir=/var/cache/iphone-gcc --enable-languages=c,c++,objc,obj-c++ --enable-wchar_t=no --with-gxx-include-dir=/usr/include/c++/4.0.0
Thread model: posix
gcc version 4.2.1 (Based on Apple Inc. build 5555)
configure:5076: $? = 0
configure:5065: /usr/bin/gcc -V >&5
gcc: '-V' option must have argument
configure:5076: $? = 1
configure:5065: /usr/bin/gcc -qversion >&5
gcc: no input files
configure:5076: $? = 1
configure:5080: checking whether we are using the GNU C compiler
configure:5108: result: yes
configure:5117: checking whether /usr/bin/gcc accepts -g
configure:5178: result: yes
configure:5195: checking for /usr/bin/gcc option to accept ISO C89
configure:5272: result: none needed
configure:5294: checking dependency style of /usr/bin/gcc
configure:5404: result: gcc3
configure:5465: checking how to print strings
configure:5492: result: printf
configure:5513: checking for a sed that does not truncate output
configure:5577: result: /bin/sed
configure:5595: checking for fgrep
configure:5657: result: /bin/grep -F
configure:5692: checking for ld used by /usr/bin/gcc
configure:5759: result: /usr/bin/ld
configure:5766: checking if the linker (/usr/bin/ld) is GNU ld
configure:5781: result: no
configure:5793: checking for BSD- or MS-compatible name lister (nm)
configure:5842: result: /usr/bin/nm -p
configure:5972: checking the name lister (/usr/bin/nm -p) interface
configure:5979: /usr/bin/gcc -c -g -O2  conftest.c >&5
configure:5982: /usr/bin/nm -p "conftest.o"
configure:5985: output
00000000 D _some_variable
configure:5992: result: BSD nm
configure:5995: checking whether ln -s works
configure:5999: result: yes
configure:6007: checking the maximum length of command line arguments
configure:6132: result: 196608
configure:6149: checking whether the shell understands some XSI constructs
configure:6159: result: yes
configure:6163: checking whether the shell understands "+="
configure:6169: result: yes
configure:6204: checking for /usr/bin/ld option to reload object files
configure:6211: result: -r
configure:6280: checking for objdump
configure:6296: found /usr/bin/objdump
configure:6307: result: objdump
configure:6339: checking how to recognize dependent libraries
configure:6541: result: pass_all
configure:6601: checking for ar
configure:6617: found /usr/bin/ar
configure:6628: result: ar
configure:6706: checking for strip
configure:6722: found /usr/bin/strip
configure:6733: result: strip
configure:6805: checking for ranlib
configure:6821: found /usr/bin/ranlib
configure:6832: result: ranlib
configure:6934: checking command to parse /usr/bin/nm -p output from /usr/bin/gcc object
configure:7052: /usr/bin/gcc -c -g -O2  conftest.c >&5
configure:7055: $? = 0
configure:7059: /usr/bin/nm -p conftest.o \| sed -n -e 's/^.*[ ]\([BCDEGRST][BCDEGRST]*\)[ ][ ]*\([_A-Za-z][_A-Za-z0-9]*\)$/\1 \2 \2/p' \> conftest.nm
configure:7062: $? = 0
cannot find nm_test_var in conftest.nm
configure:7052: /usr/bin/gcc -c -g -O2  conftest.c >&5
configure:7055: $? = 0
configure:7059: /usr/bin/nm -p conftest.o \| sed -n -e 's/^.*[ ]\([BCDEGRST][BCDEGRST]*\)[ ][ ]*_\([_A-Za-z][_A-Za-z0-9]*\)$/\1 _\2 \2/p' \> conftest.nm
configure:7062: $? = 0
configure:7116: /usr/bin/gcc -o conftest -g -O2   conftest.c conftstm.o >&5
configure:7119: $? = 0
configure:7157: result: ok
configure:7421: checking for dsymutil
configure:7451: result: no
configure:7513: checking for nmedit
configure:7529: found /usr/bin/nmedit
configure:7540: result: nmedit
configure:7605: checking for lipo
configure:7621: found /usr/bin/lipo
configure:7632: result: lipo
configure:7697: checking for otool
configure:7713: found /usr/bin/otool
configure:7724: result: otool
configure:7789: checking for otool64
configure:7805: found /usr/bin/otool64
configure:7816: result: otool64
configure:7864: checking for -single_module linker flag
/usr/bin/gcc -g -O2  -o libconftest.dylib -dynamiclib -Wl,-single_module conftest.c
configure:7891: result: yes
configure:7893: checking for -exported_symbols_list linker flag
configure:7913: /usr/bin/gcc -o conftest -g -O2   -Wl,-exported_symbols_list,conftest.sym conftest.c  >&5
configure:7913: $? = 0
configure:7923: result: yes
configure:7925: checking for -force_load linker flag
/usr/bin/gcc -g -O2 -c -o conftest.o conftest.c
ar cru libconftest.a conftest.o
ranlib libconftest.a
/usr/bin/gcc -g -O2  -o conftest conftest.c -Wl,-force_load,./libconftest.a
ld: unknown option: -force_load
collect2: ld returned 1 exit status
configure:7955: result: no
configure:7994: checking for dlfcn.h
configure:7994: /usr/bin/gcc -c -g -O2  conftest.c >&5
configure:7994: $? = 0
configure:7994: result: yes
configure:8181: checking for objdir
configure:8196: result: .libs
configure:8463: checking if /usr/bin/gcc supports -fno-rtti -fno-exceptions
configure:8481: /usr/bin/gcc -c -g -O2  -fno-rtti -fno-exceptions conftest.c >&5
cc1: warning: command line option "-fno-rtti" is valid for C++/ObjC++ but not for C
configure:8485: $? = 0
configure:8498: result: no
configure:8518: checking for /usr/bin/gcc option to produce PIC
configure:8803: result: -fno-common -DPIC
configure:8815: checking if /usr/bin/gcc PIC flag -fno-common -DPIC works
configure:8833: /usr/bin/gcc -c -g -O2  -fno-common -DPIC -DPIC conftest.c >&5
configure:8837: $? = 0
configure:8850: result: yes
configure:8874: checking if /usr/bin/gcc static flag -static works
configure:8902: result: no
configure:8917: checking if /usr/bin/gcc supports -c -o file.o
configure:8938: /usr/bin/gcc -c -g -O2  -o out/conftest2.o conftest.c >&5
configure:8942: $? = 0
configure:8964: result: yes
configure:8972: checking if /usr/bin/gcc supports -c -o file.o
configure:9019: result: yes
configure:9052: checking whether the /usr/bin/gcc linker (/usr/bin/ld) supports shared libraries
configure:10127: result: yes
configure:10372: checking dynamic linker characteristics
configure:11049: result: darwin10.4.0 dyld
configure:11156: checking how to hardcode library paths into programs
configure:11181: result: immediate
configure:11721: checking whether stripping libraries is possible
configure:11735: result: yes
configure:11761: checking if libtool supports shared libraries
configure:11763: result: yes
configure:11766: checking whether to build shared libraries
configure:11787: result: yes
configure:11790: checking whether to build static libraries
configure:11794: result: yes
configure:11846: checking for root directory for font files
configure:11863: result: /usr/local/share/fonts/X11
configure:11869: checking for directory for encodings files
configure:11880: result: ${FONTROOTDIR}/encodings
configure:11886: checking for gzclose in -lz
configure:11911: /usr/bin/gcc -o conftest -g -O2   conftest.c -lz   >&5
configure:11911: $? = 0
configure:11920: result: yes
configure:11935: checking for FONTENC
configure:11942: $PKG_CONFIG --exists --print-errors "xproto"
configure:11945: $? = 0
configure:11958: $PKG_CONFIG --exists --print-errors "xproto"
configure:11961: $? = 0
configure:12015: result: yes
configure:12268: creating ./config.status

## ---------------------- ##
## Running config.status. ##
## ---------------------- ##

This file was extended by libfontenc config.status 1.1.0, which was
generated by GNU Autoconf 2.68.  Invocation command line was

  CONFIG_FILES    = 
  CONFIG_HEADERS  = 
  CONFIG_LINKS    = 
  CONFIG_COMMANDS = 
  $ ./config.status 

on Chriss-iPad

config.status:1114: creating Makefile
config.status:1114: creating src/Makefile
config.status:1114: creating fontenc.pc
config.status:1114: creating config.h
config.status:1343: executing depfiles commands
config.status:1343: executing libtool commands

## ---------------- ##
## Cache variables. ##
## ---------------- ##

ac_cv_build=arm-apple-darwin10.4.0
ac_cv_c_compiler_gnu=yes
ac_cv_env_CC_set=set
ac_cv_env_CC_value=/usr/bin/gcc
ac_cv_env_CFLAGS_set=
ac_cv_env_CFLAGS_value=
ac_cv_env_CPPFLAGS_set=
ac_cv_env_CPPFLAGS_value=
ac_cv_env_CPP_set=
ac_cv_env_CPP_value=
ac_cv_env_FONTENC_CFLAGS_set=
ac_cv_env_FONTENC_CFLAGS_value=
ac_cv_env_FONTENC_LIBS_set=
ac_cv_env_FONTENC_LIBS_value=
ac_cv_env_LDFLAGS_set=
ac_cv_env_LDFLAGS_value=
ac_cv_env_LIBS_set=
ac_cv_env_LIBS_value=
ac_cv_env_LINT_FLAGS_set=
ac_cv_env_LINT_FLAGS_value=
ac_cv_env_LINT_set=
ac_cv_env_LINT_value=
ac_cv_env_PKG_CONFIG_set=
ac_cv_env_PKG_CONFIG_value=
ac_cv_env_build_alias_set=
ac_cv_env_build_alias_value=
ac_cv_env_host_alias_set=
ac_cv_env_host_alias_value=
ac_cv_env_target_alias_set=
ac_cv_env_target_alias_value=
ac_cv_header_dlfcn_h=yes
ac_cv_header_inttypes_h=yes
ac_cv_header_memory_h=yes
ac_cv_header_stdc=yes
ac_cv_header_stdint_h=yes
ac_cv_header_stdlib_h=yes
ac_cv_header_string_h=yes
ac_cv_header_strings_h=yes
ac_cv_header_sys_stat_h=yes
ac_cv_header_sys_types_h=yes
ac_cv_header_unistd_h=yes
ac_cv_host=arm-apple-darwin10.4.0
ac_cv_lib_z_gzclose=yes
ac_cv_objext=o
ac_cv_path_EGREP='/bin/grep -E'
ac_cv_path_FGREP='/bin/grep -F'
ac_cv_path_GREP=/bin/grep
ac_cv_path_SED=/bin/sed
ac_cv_path_ac_pt_PKG_CONFIG=/usr/bin/pkg-config
ac_cv_path_install='/usr/bin/install -c'
ac_cv_path_mkdir=/bin/mkdir
ac_cv_prog_AWK=gawk
ac_cv_prog_CPP='/usr/bin/gcc -std=gnu99 -E'
ac_cv_prog_ac_ct_AR=ar
ac_cv_prog_ac_ct_CC=/usr/bin/gcc
ac_cv_prog_ac_ct_LIPO=lipo
ac_cv_prog_ac_ct_NMEDIT=nmedit
ac_cv_prog_ac_ct_OBJDUMP=objdump
ac_cv_prog_ac_ct_OTOOL64=otool64
ac_cv_prog_ac_ct_OTOOL=otool
ac_cv_prog_ac_ct_RANLIB=ranlib
ac_cv_prog_ac_ct_STRIP=strip
ac_cv_prog_cc_c89=
ac_cv_prog_cc_c99=-std=gnu99
ac_cv_prog_cc_g=yes
ac_cv_prog_make_make_set=yes
am_cv_CC_dependencies_compiler_type=gcc3
lt_cv_apple_cc_single_mod=yes
lt_cv_deplibs_check_method=pass_all
lt_cv_file_magic_cmd='$MAGIC_CMD'
lt_cv_file_magic_test_file=
lt_cv_ld_exported_symbols_list=yes
lt_cv_ld_force_load=no
lt_cv_ld_reload_flag=-r
lt_cv_nm_interface='BSD nm'
lt_cv_objdir=.libs
lt_cv_path_LD=/usr/bin/ld
lt_cv_path_NM='/usr/bin/nm -p'
lt_cv_prog_compiler_c_o=yes
lt_cv_prog_compiler_pic_works=yes
lt_cv_prog_compiler_rtti_exceptions=no
lt_cv_prog_compiler_static_works=no
lt_cv_prog_gnu_ld=no
lt_cv_sys_global_symbol_pipe='sed -n -e '\''s/^.*[	 ]\([BCDEGRST][BCDEGRST]*\)[	 ][	 ]*_\([_A-Za-z][_A-Za-z0-9]*\)$/\1 _\2 \2/p'\'''
lt_cv_sys_global_symbol_to_c_name_address='sed -n -e '\''s/^: \([^ ]*\) $/  {\"\1\", (void *) 0},/p'\'' -e '\''s/^[BCDEGRST]* \([^ ]*\) \([^ ]*\)$/  {"\2", (void *) \&\2},/p'\'''
lt_cv_sys_global_symbol_to_c_name_address_lib_prefix='sed -n -e '\''s/^: \([^ ]*\) $/  {\"\1\", (void *) 0},/p'\'' -e '\''s/^[BCDEGRST]* \([^ ]*\) \(lib[^ ]*\)$/  {"\2", (void *) \&\2},/p'\'' -e '\''s/^[BCDEGRST]* \([^ ]*\) \([^ ]*\)$/  {"lib\2", (void *) \&\2},/p'\'''
lt_cv_sys_global_symbol_to_cdecl='sed -n -e '\''s/^T .* \(.*\)$/extern int \1();/p'\'' -e '\''s/^[BCDEGRST]* .* \(.*\)$/extern char \1;/p'\'''
lt_cv_sys_max_cmd_len=196608
pkg_cv_FONTENC_CFLAGS=' '
pkg_cv_FONTENC_LIBS=' '

## ----------------- ##
## Output variables. ##
## ----------------- ##

ACLOCAL='${SHELL} /home/chris/libfontenc-1.1.0/missing --run aclocal-1.11'
ADMIN_MAN_DIR='$(mandir)/man$(ADMIN_MAN_SUFFIX)'
ADMIN_MAN_SUFFIX='8'
AMDEPBACKSLASH='\'
AMDEP_FALSE='#'
AMDEP_TRUE=''
AMTAR='${SHELL} /home/chris/libfontenc-1.1.0/missing --run tar'
AM_BACKSLASH='\'
AM_DEFAULT_VERBOSITY='0'
APP_MAN_DIR='$(mandir)/man$(APP_MAN_SUFFIX)'
APP_MAN_SUFFIX='1'
AR='ar'
AUTOCONF='${SHELL} /home/chris/libfontenc-1.1.0/missing --run autoconf'
AUTOHEADER='${SHELL} /home/chris/libfontenc-1.1.0/missing --run autoheader'
AUTOMAKE='${SHELL} /home/chris/libfontenc-1.1.0/missing --run automake-1.11'
AWK='gawk'
CC='/usr/bin/gcc'
CCDEPMODE='depmode=gcc3'
CFLAGS='-g -O2'
CHANGELOG_CMD='(GIT_DIR=$(top_srcdir)/.git git log > $(top_srcdir)/.changelog.tmp && mv $(top_srcdir)/.changelog.tmp $(top_srcdir)/ChangeLog) || (rm -f $(top_srcdir)/.changelog.tmp; touch $(top_srcdir)/ChangeLog; echo '\''git directory not found: installing possibly empty changelog.'\'' >&2)'
CPP='/usr/bin/gcc -std=gnu99 -E'
CPPFLAGS=''
CWARNFLAGS='-Wall -Wpointer-arith -Wstrict-prototypes -Wmissing-prototypes -Wmissing-declarations -Wnested-externs -fno-strict-aliasing -Wbad-function-cast -Wformat=2 -Wold-style-definition -Wdeclaration-after-statement '
CYGPATH_W='echo'
DEFS='-DHAVE_CONFIG_H'
DEPDIR='.deps'
DRIVER_MAN_DIR='$(mandir)/man$(DRIVER_MAN_SUFFIX)'
DRIVER_MAN_SUFFIX='4'
DSYMUTIL=':'
DUMPBIN=''
ECHO_C=''
ECHO_N='-n'
ECHO_T=''
EGREP='/bin/grep -E'
ENCODINGSDIR='${FONTROOTDIR}/encodings'
EXEEXT=''
FGREP='/bin/grep -F'
FILE_MAN_DIR='$(mandir)/man$(FILE_MAN_SUFFIX)'
FILE_MAN_SUFFIX='5'
FONTENC_CFLAGS=' '
FONTENC_LIBS=' '
FONTROOTDIR='/usr/local/share/fonts/X11'
GREP='/bin/grep'
INSTALL_CMD='(cp -f /INSTALL $(top_srcdir)/.INSTALL.tmp && mv $(top_srcdir)/.INSTALL.tmp $(top_srcdir)/INSTALL) || (rm -f $(top_srcdir)/.INSTALL.tmp; touch $(top_srcdir)/INSTALL; echo '\''util-macros "pkgdatadir" from xorg-macros.pc not found: installing possibly empty INSTALL.'\'' >&2)'
INSTALL_DATA='${INSTALL} -m 644'
INSTALL_PROGRAM='${INSTALL}'
INSTALL_SCRIPT='${INSTALL}'
INSTALL_STRIP_PROGRAM='$(install_sh) -c -s'
LD='/usr/bin/ld'
LDFLAGS=''
LIBOBJS=''
LIBS='-lz '
LIBTOOL='$(SHELL) $(top_builddir)/libtool'
LIB_MAN_DIR='$(mandir)/man$(LIB_MAN_SUFFIX)'
LIB_MAN_SUFFIX='3'
LINT=''
LINT_FALSE=''
LINT_FLAGS='-badflag  '
LINT_TRUE='#'
LIPO='lipo'
LN_S='ln -s'
LTLIBOBJS=''
MAINT='#'
MAINTAINER_MODE_FALSE=''
MAINTAINER_MODE_TRUE='#'
MAKEINFO='${SHELL} /home/chris/libfontenc-1.1.0/missing --run makeinfo'
MAN_SUBSTS='	-e '\''s|__vendorversion__|"$(PACKAGE_STRING)" "$(XORG_MAN_PAGE)"|'\'' 	-e '\''s|__xorgversion__|"$(PACKAGE_STRING)" "$(XORG_MAN_PAGE)"|'\'' 	-e '\''s|__xservername__|Xorg|g'\'' 	-e '\''s|__xconfigfile__|xorg.conf|g'\'' 	-e '\''s|__projectroot__|$(prefix)|g'\'' 	-e '\''s|__apploaddir__|$(appdefaultdir)|g'\'' 	-e '\''s|__appmansuffix__|$(APP_MAN_SUFFIX)|g'\'' 	-e '\''s|__drivermansuffix__|$(DRIVER_MAN_SUFFIX)|g'\'' 	-e '\''s|__adminmansuffix__|$(ADMIN_MAN_SUFFIX)|g'\'' 	-e '\''s|__libmansuffix__|$(LIB_MAN_SUFFIX)|g'\'' 	-e '\''s|__miscmansuffix__|$(MISC_MAN_SUFFIX)|g'\'' 	-e '\''s|__filemansuffix__|$(FILE_MAN_SUFFIX)|g'\'''
MISC_MAN_DIR='$(mandir)/man$(MISC_MAN_SUFFIX)'
MISC_MAN_SUFFIX='7'
MKDIR_P='/bin/mkdir -p'
NM='/usr/bin/nm -p'
NMEDIT='nmedit'
OBJDUMP='objdump'
OBJEXT='o'
OTOOL64='otool64'
OTOOL='otool'
PACKAGE='libfontenc'
PACKAGE_BUGREPORT='https://bugs.freedesktop.org/enter_bug.cgi?product=xorg'
PACKAGE_NAME='libfontenc'
PACKAGE_STRING='libfontenc 1.1.0'
PACKAGE_TARNAME='libfontenc'
PACKAGE_URL=''
PACKAGE_VERSION='1.1.0'
PATH_SEPARATOR=':'
PKG_CONFIG='/usr/bin/pkg-config'
RANLIB='ranlib'
SED='/bin/sed'
SET_MAKE=''
SHELL='/bin/sh'
STRIP='strip'
VERSION='1.1.0'
XORG_MAN_PAGE='X Version 11'
ac_ct_CC='/usr/bin/gcc'
ac_ct_DUMPBIN=''
am__EXEEXT_FALSE=''
am__EXEEXT_TRUE='#'
am__fastdepCC_FALSE='#'
am__fastdepCC_TRUE=''
am__include='include'
am__isrc=''
am__leading_dot='.'
am__quote=''
am__tar='${AMTAR} chof - "$$tardir"'
am__untar='${AMTAR} xf -'
bindir='${exec_prefix}/bin'
build='arm-apple-darwin10.4.0'
build_alias=''
build_cpu='arm'
build_os='darwin10.4.0'
build_vendor='apple'
datadir='${datarootdir}'
datarootdir='${prefix}/share'
docdir='${datarootdir}/doc/${PACKAGE_TARNAME}'
dvidir='${docdir}'
exec_prefix='${prefix}'
host='arm-apple-darwin10.4.0'
host_alias=''
host_cpu='arm'
host_os='darwin10.4.0'
host_vendor='apple'
htmldir='${docdir}'
includedir='${prefix}/include'
infodir='${datarootdir}/info'
install_sh='${SHELL} /home/chris/libfontenc-1.1.0/install-sh'
libdir='${exec_prefix}/lib'
libexecdir='${exec_prefix}/libexec'
localedir='${datarootdir}/locale'
localstatedir='${prefix}/var'
mandir='${datarootdir}/man'
mkdir_p='/bin/mkdir -p'
oldincludedir='/usr/include'
pdfdir='${docdir}'
prefix='/usr/local'
program_transform_name='s,x,x,'
psdir='${docdir}'
sbindir='${exec_prefix}/sbin'
sharedstatedir='${prefix}/com'
sysconfdir='${prefix}/etc'
target_alias=''

## ----------- ##
## confdefs.h. ##
## ----------- ##

/* confdefs.h */
#define PACKAGE_NAME "libfontenc"
#define PACKAGE_TARNAME "libfontenc"
#define PACKAGE_VERSION "1.1.0"
#define PACKAGE_STRING "libfontenc 1.1.0"
#define PACKAGE_BUGREPORT "https://bugs.freedesktop.org/enter_bug.cgi?product=xorg"
#define PACKAGE_URL ""
#define PACKAGE "libfontenc"
#define VERSION "1.1.0"
#define STDC_HEADERS 1
#define HAVE_SYS_TYPES_H 1
#define HAVE_SYS_STAT_H 1
#define HAVE_STDLIB_H 1
#define HAVE_STRING_H 1
#define HAVE_MEMORY_H 1
#define HAVE_STRINGS_H 1
#define HAVE_INTTYPES_H 1
#define HAVE_STDINT_H 1
#define HAVE_UNISTD_H 1
#define PACKAGE_VERSION_MAJOR 1
#define PACKAGE_VERSION_MINOR 1
#define PACKAGE_VERSION_PATCHLEVEL 0
#define HAVE_DLFCN_H 1
#define LT_OBJDIR ".libs/"
#define HAVE_LIBZ 1

configure: exit 0
