This file contains any messages produced by compilers while
running configure, to aid debugging if configure makes a mistake.

It was created by xlsclients configure 1.0.1, which was
generated by GNU Autoconf 2.59.  Invocation command line was

  $ ./configure 

## --------- ##
## Platform. ##
## --------- ##

hostname = Chriss-iPad
uname -m = iPad1,1
uname -r = 10.4.0
uname -s = Darwin
uname -v = Darwin Kernel Version 10.4.0: Wed Oct 20 20:14:45 PDT 2010; root:xnu-1504.58.28~3/RELEASE_ARM_S5L8930X

/usr/bin/uname -p = unknown
/bin/uname -X     = unknown

/bin/arch              = unknown
/usr/bin/arch -k       = unknown
/usr/convex/getsysinfo = unknown
hostinfo               = Mach kernel version:
	 Darwin Kernel Version 10.4.0: Wed Oct 20 20:14:45 PDT 2010; root:xnu-1504.58.28~3/RELEASE_ARM_S5L8930X
Kernel configured for a single processor only.
1 processor is physically available.
1 processor is logically available.
Processor type: armv7 (arm v7)
Processor active: 0
Primary memory available: 247.00 megabytes
Default processor set: 30 tasks, 228 threads, 1 processors
Load average: 2.45, Mach factor: 0.26
/bin/machine           = unknown
/usr/bin/oslevel       = unknown
/bin/universe          = unknown

PATH: /usr/local/sbin
PATH: /usr/local/bin
PATH: /usr/sbin
PATH: /usr/bin
PATH: /sbin
PATH: /bin
PATH: /usr/bin/X11
PATH: /usr/games
PATH: /var/mobile/ocaml-3.12.0/bin


## ----------- ##
## Core tests. ##
## ----------- ##

configure:1338: checking for a BSD-compatible install
configure:1393: result: /usr/bin/install -c
configure:1404: checking whether build environment is sane
configure:1447: result: yes
configure:1480: checking for gawk
configure:1496: found /usr/bin/gawk
configure:1506: result: gawk
configure:1516: checking whether make sets $(MAKE)
configure:1536: result: yes
configure:1700: checking whether to enable maintainer-specific portions of Makefiles
configure:1709: result: no
configure:1774: checking for gcc
configure:1800: result: /usr/bin/gcc
configure:2044: checking for C compiler version
configure:2047: /usr/bin/gcc --version </dev/null >&5
gcc (GCC) 4.2.1 (Based on Apple Inc. build 5555)
Copyright (C) 2007 Free Software Foundation, Inc.
This is free software; see the source for copying conditions.  There is NO
warranty; not even for MERCHANTABILITY or FITNESS FOR A PARTICULAR PURPOSE.

configure:2050: $? = 0
configure:2052: /usr/bin/gcc -v </dev/null >&5
Using built-in specs.
Target: arm-apple-darwin9
Configured with: ../llvm-gcc-4.2/configure --build=x86_64-unknown-linux-gnu --host=arm-apple-darwin9 --enable-static=no --enable-shared=yes --prefix=/usr --localstatedir=/var/cache/iphone-gcc --enable-languages=c,c++,objc,obj-c++ --enable-wchar_t=no --with-gxx-include-dir=/usr/include/c++/4.0.0
Thread model: posix
gcc version 4.2.1 (Based on Apple Inc. build 5555)
configure:2055: $? = 0
configure:2057: /usr/bin/gcc -V </dev/null >&5
gcc: '-V' option must have argument
configure:2060: $? = 1
configure:2083: checking for C compiler default output file name
configure:2086: /usr/bin/gcc    conftest.c  >&5
configure:2089: $? = 0
configure:2135: result: a.out
configure:2140: checking whether the C compiler works
configure:2146: ./a.out
configure:2149: $? = 0
configure:2166: result: yes
configure:2173: checking whether we are cross compiling
configure:2175: result: no
configure:2178: checking for suffix of executables
configure:2180: /usr/bin/gcc -o conftest    conftest.c  >&5
configure:2183: $? = 0
configure:2208: result: 
configure:2214: checking for suffix of object files
configure:2235: /usr/bin/gcc -c   conftest.c >&5
configure:2238: $? = 0
configure:2260: result: o
configure:2264: checking whether we are using the GNU C compiler
configure:2288: /usr/bin/gcc -c   conftest.c >&5
configure:2294: $? = 0
configure:2298: test -z 
			 || test ! -s conftest.err
configure:2301: $? = 0
configure:2304: test -s conftest.o
configure:2307: $? = 0
configure:2320: result: yes
configure:2326: checking whether /usr/bin/gcc accepts -g
configure:2347: /usr/bin/gcc -c -g  conftest.c >&5
configure:2353: $? = 0
configure:2357: test -z 
			 || test ! -s conftest.err
configure:2360: $? = 0
configure:2363: test -s conftest.o
configure:2366: $? = 0
configure:2377: result: yes
configure:2394: checking for /usr/bin/gcc option to accept ANSI C
configure:2464: /usr/bin/gcc  -c -g -O2  conftest.c >&5
configure:2470: $? = 0
configure:2474: test -z 
			 || test ! -s conftest.err
configure:2477: $? = 0
configure:2480: test -s conftest.o
configure:2483: $? = 0
configure:2501: result: none needed
configure:2519: /usr/bin/gcc -c -g -O2  conftest.c >&5
conftest.c:2: error: expected '=', ',', ';', 'asm' or '__attribute__' before 'me'
configure:2525: $? = 1
configure: failed program was:
| #ifndef __cplusplus
|   choke me
| #endif
configure:2669: checking for style of include used by make
configure:2697: result: GNU
configure:2725: checking dependency style of /usr/bin/gcc
configure:2808: result: gcc3
configure:2838: checking for a BSD-compatible install
configure:2893: result: /usr/bin/install -c
configure:2954: checking for pkg-config
configure:2972: found /usr/bin/pkg-config
configure:2984: result: /usr/bin/pkg-config
configure:2999: checking pkg-config is at least version 0.9.0
configure:3002: result: yes
configure:3013: checking for XLSCLIENTS
configure:3021: $PKG_CONFIG --exists --print-errors "x11 xmuu"
configure:3024: $? = 0
configure:3039: $PKG_CONFIG --exists --print-errors "x11 xmuu"
configure:3042: $? = 0
configure:3118: result: yes
configure:3131: checking build system type
configure:3149: result: arm-apple-darwin10.4.0
configure:3157: checking host system type
configure:3171: result: arm-apple-darwin10.4.0
configure:3412: creating ./config.status

## ---------------------- ##
## Running config.status. ##
## ---------------------- ##

This file was extended by xlsclients config.status 1.0.1, which was
generated by GNU Autoconf 2.59.  Invocation command line was

  CONFIG_FILES    = 
  CONFIG_HEADERS  = 
  CONFIG_LINKS    = 
  CONFIG_COMMANDS = 
  $ ./config.status 

on Chriss-iPad

config.status:711: creating Makefile
config.status:815: creating config.h
config.status:1081: executing depfiles commands

## ---------------- ##
## Cache variables. ##
## ---------------- ##

ac_cv_build=arm-apple-darwin10.4.0
ac_cv_build_alias=arm-apple-darwin10.4.0
ac_cv_c_compiler_gnu=yes
ac_cv_env_CC_set=set
ac_cv_env_CC_value=/usr/bin/gcc
ac_cv_env_CFLAGS_set=
ac_cv_env_CFLAGS_value=
ac_cv_env_CPPFLAGS_set=
ac_cv_env_CPPFLAGS_value=
ac_cv_env_LDFLAGS_set=
ac_cv_env_LDFLAGS_value=
ac_cv_env_PKG_CONFIG_set=
ac_cv_env_PKG_CONFIG_value=
ac_cv_env_XLSCLIENTS_CFLAGS_set=
ac_cv_env_XLSCLIENTS_CFLAGS_value=
ac_cv_env_XLSCLIENTS_LIBS_set=
ac_cv_env_XLSCLIENTS_LIBS_value=
ac_cv_env_build_alias_set=
ac_cv_env_build_alias_value=
ac_cv_env_host_alias_set=
ac_cv_env_host_alias_value=
ac_cv_env_target_alias_set=
ac_cv_env_target_alias_value=
ac_cv_exeext=
ac_cv_host=arm-apple-darwin10.4.0
ac_cv_host_alias=arm-apple-darwin10.4.0
ac_cv_objext=o
ac_cv_path_ac_pt_PKG_CONFIG=/usr/bin/pkg-config
ac_cv_path_install='/usr/bin/install -c'
ac_cv_prog_AWK=gawk
ac_cv_prog_ac_ct_CC=/usr/bin/gcc
ac_cv_prog_cc_g=yes
ac_cv_prog_cc_stdc=
ac_cv_prog_make_make_set=yes
am_cv_CC_dependencies_compiler_type=gcc3
pkg_cv_XLSCLIENTS_CFLAGS=' '
pkg_cv_XLSCLIENTS_LIBS='-L/usr/local/lib -lXmuu -lX11  '

## ----------------- ##
## Output variables. ##
## ----------------- ##

ACLOCAL='${SHELL} /home/chris/xorg/xlsclients-1.0.1/missing --run aclocal-1.7'
ADMIN_MAN_DIR='$(mandir)/man$(ADMIN_MAN_SUFFIX)'
ADMIN_MAN_SUFFIX='8'
AMDEPBACKSLASH='\'
AMDEP_FALSE='#'
AMDEP_TRUE=''
AMTAR='${SHELL} /home/chris/xorg/xlsclients-1.0.1/missing --run tar'
APP_MAN_DIR='$(mandir)/man$(APP_MAN_SUFFIX)'
APP_MAN_SUFFIX='1'
AUTOCONF='${SHELL} /home/chris/xorg/xlsclients-1.0.1/missing --run autoconf'
AUTOHEADER='${SHELL} /home/chris/xorg/xlsclients-1.0.1/missing --run autoheader'
AUTOMAKE='${SHELL} /home/chris/xorg/xlsclients-1.0.1/missing --run automake-1.7'
AWK='gawk'
CC='/usr/bin/gcc'
CCDEPMODE='depmode=gcc3'
CFLAGS='-g -O2'
CPPFLAGS=''
CYGPATH_W='echo'
DEFS='-DHAVE_CONFIG_H'
DEPDIR='.deps'
DRIVER_MAN_DIR='$(mandir)/man$(DRIVER_MAN_SUFFIX)'
DRIVER_MAN_SUFFIX='4'
ECHO_C=''
ECHO_N='-n'
ECHO_T=''
EXEEXT=''
FILE_MAN_DIR='$(mandir)/man$(FILE_MAN_SUFFIX)'
FILE_MAN_SUFFIX='5'
INSTALL_DATA='${INSTALL} -m 644'
INSTALL_PROGRAM='${INSTALL}'
INSTALL_SCRIPT='${INSTALL}'
INSTALL_STRIP_PROGRAM='${SHELL} $(install_sh) -c -s'
LDFLAGS=''
LIBOBJS=''
LIBS=''
LIB_MAN_DIR='$(mandir)/man$(LIB_MAN_SUFFIX)'
LIB_MAN_SUFFIX='3'
LTLIBOBJS=''
MAINT='#'
MAINTAINER_MODE_FALSE=''
MAINTAINER_MODE_TRUE='#'
MAKEINFO='${SHELL} /home/chris/xorg/xlsclients-1.0.1/missing --run makeinfo'
MISC_MAN_DIR='$(mandir)/man$(MISC_MAN_SUFFIX)'
MISC_MAN_SUFFIX='7'
OBJEXT='o'
PACKAGE='xlsclients'
PACKAGE_BUGREPORT='https://bugs.freedesktop.org/enter_bug.cgi?product=xorg'
PACKAGE_NAME='xlsclients'
PACKAGE_STRING='xlsclients 1.0.1'
PACKAGE_TARNAME='xlsclients'
PACKAGE_VERSION='1.0.1'
PATH_SEPARATOR=':'
PKG_CONFIG='/usr/bin/pkg-config'
SET_MAKE=''
SHELL='/bin/sh'
STRIP=''
VERSION='1.0.1'
XLSCLIENTS_CFLAGS=' '
XLSCLIENTS_LIBS='-L/usr/local/lib -lXmuu -lX11  '
ac_ct_CC='/usr/bin/gcc'
ac_ct_STRIP=''
ac_pt_PKG_CONFIG='/usr/bin/pkg-config'
am__fastdepCC_FALSE='#'
am__fastdepCC_TRUE=''
am__include='include'
am__leading_dot='.'
am__quote=''
bindir='${exec_prefix}/bin'
build='arm-apple-darwin10.4.0'
build_alias=''
build_cpu='arm'
build_os='darwin10.4.0'
build_vendor='apple'
datadir='${prefix}/share'
exec_prefix='${prefix}'
host='arm-apple-darwin10.4.0'
host_alias=''
host_cpu='arm'
host_os='darwin10.4.0'
host_vendor='apple'
includedir='${prefix}/include'
infodir='${prefix}/info'
install_sh='/home/chris/xorg/xlsclients-1.0.1/install-sh'
libdir='${exec_prefix}/lib'
libexecdir='${exec_prefix}/libexec'
localstatedir='${prefix}/var'
mandir='${prefix}/man'
oldincludedir='/usr/include'
prefix='/usr/local'
program_transform_name='s,x,x,'
sbindir='${exec_prefix}/sbin'
sharedstatedir='${prefix}/com'
sysconfdir='${prefix}/etc'
target_alias=''

## ----------- ##
## confdefs.h. ##
## ----------- ##

#define PACKAGE "xlsclients"
#define PACKAGE_BUGREPORT "https://bugs.freedesktop.org/enter_bug.cgi?product=xorg"
#define PACKAGE_NAME "xlsclients"
#define PACKAGE_STRING "xlsclients 1.0.1"
#define PACKAGE_TARNAME "xlsclients"
#define PACKAGE_VERSION "1.0.1"
#define VERSION "1.0.1"

configure: exit 0
