This file contains any messages produced by compilers while
running configure, to aid debugging if configure makes a mistake.

It was created by geeqie configure 1.1, which was
generated by GNU Autoconf 2.68.  Invocation command line was

  $ ./configure 

## --------- ##
## Platform. ##
## --------- ##

hostname = Chriss-iPad
uname -m = iPad1,1
uname -r = 11.0.0
uname -s = Darwin
uname -v = Darwin Kernel Version 11.0.0: Sun Apr  8 21:51:26 PDT 2012; root:xnu-1878.11.10~1/RELEASE_ARM_S5L8930X

/usr/bin/uname -p = unknown
/bin/uname -X     = unknown

/bin/arch              = unknown
/usr/bin/arch -k       = unknown
/usr/convex/getsysinfo = unknown
/usr/bin/hostinfo      = Mach kernel version:
	 Darwin Kernel Version 11.0.0: Sun Apr  8 21:51:26 PDT 2012; root:xnu-1878.11.10~1/RELEASE_ARM_S5L8930X
Kernel configured for a single processor only.
1 processor is physically available.
1 processor is logically available.
Processor type: armv7 (arm v7)
Processor active: 0
Primary memory available: 246.98 megabytes
Default processor set: 46 tasks, 290 threads, 1 processors
Load average: 2.58, Mach factor: 0.25
/bin/machine           = unknown
/usr/bin/oslevel       = unknown
/bin/universe          = unknown

PATH: /usr/local/sbin
PATH: /usr/local/bin
PATH: /usr/sbin
PATH: /usr/bin
PATH: /sbin
PATH: /bin
PATH: /usr/bin/X11
PATH: /usr/games
PATH: /usr/local/Gambit-C/bin


## ----------- ##
## Core tests. ##
## ----------- ##

configure:2474: checking for a BSD-compatible install
configure:2542: result: /usr/bin/install -c
configure:2553: checking whether build environment is sane
configure:2603: result: yes
configure:2744: checking for a thread-safe mkdir -p
configure:2783: result: /bin/mkdir -p
configure:2796: checking for gawk
configure:2812: found /usr/bin/gawk
configure:2823: result: gawk
configure:2834: checking whether make sets $(MAKE)
configure:2856: result: yes
configure:2942: checking whether to enable maintainer-specific portions of Makefiles
configure:2951: result: no
configure:3091: checking for doxygen
configure:3124: result: no
configure:3144: WARNING: doxygen not found - will not generate any doxygen documentation
configure:3197: checking for perl
configure:3215: found /usr/local/bin/perl
configure:3227: result: /usr/local/bin/perl
configure:5017: checking for style of include used by make
configure:5045: result: GNU
configure:5115: checking for gcc
configure:5142: result: /usr/bin/gcc
configure:5371: checking for C compiler version
configure:5380: /usr/bin/gcc --version >&5
gcc (GCC) 4.2.1 (Based on Apple Inc. build 5555)
Copyright (C) 2007 Free Software Foundation, Inc.
This is free software; see the source for copying conditions.  There is NO
warranty; not even for MERCHANTABILITY or FITNESS FOR A PARTICULAR PURPOSE.

configure:5391: $? = 0
configure:5380: /usr/bin/gcc -v >&5
Using built-in specs.
Target: arm-apple-darwin9
Configured with: ../llvm-gcc-4.2/configure --build=x86_64-unknown-linux-gnu --host=arm-apple-darwin9 --enable-static=no --enable-shared=yes --prefix=/usr --localstatedir=/var/cache/iphone-gcc --enable-languages=c,c++,objc,obj-c++ --enable-wchar_t=no --with-gxx-include-dir=/usr/include/c++/4.0.0
Thread model: posix
gcc version 4.2.1 (Based on Apple Inc. build 5555)
configure:5391: $? = 0
configure:5380: /usr/bin/gcc -V >&5
gcc: '-V' option must have argument
configure:5391: $? = 1
configure:5380: /usr/bin/gcc -qversion >&5
gcc: no input files
configure:5391: $? = 1
configure:5411: checking whether the C compiler works
configure:5433: /usr/bin/gcc    conftest.c  >&5
configure:5437: $? = 0
configure:5485: result: yes
configure:5488: checking for C compiler default output file name
configure:5490: result: a.out
configure:5496: checking for suffix of executables
configure:5503: /usr/bin/gcc -o conftest    conftest.c  >&5
configure:5507: $? = 0
configure:5529: result: 
configure:5551: checking whether we are cross compiling
configure:5559: /usr/bin/gcc -o conftest    conftest.c  >&5
configure:5563: $? = 0
configure:5570: ./conftest
./configure: line 5572:  5150 Killed: 9               ./conftest$ac_cv_exeext
configure:5574: $? = 137
configure:5586: result: no
configure:5591: checking for suffix of object files
configure:5613: /usr/bin/gcc -c   conftest.c >&5
configure:5617: $? = 0
configure:5638: result: o
configure:5642: checking whether we are using the GNU C compiler
configure:5661: /usr/bin/gcc -c   conftest.c >&5
configure:5661: $? = 0
configure:5670: result: yes
configure:5679: checking whether /usr/bin/gcc accepts -g
configure:5699: /usr/bin/gcc -c -g  conftest.c >&5
configure:5699: $? = 0
configure:5740: result: yes
configure:5757: checking for /usr/bin/gcc option to accept ISO C89
configure:5821: /usr/bin/gcc  -c -g -O2  conftest.c >&5
configure:5821: $? = 0
configure:5834: result: none needed
configure:5856: checking dependency style of /usr/bin/gcc
configure:5966: result: gcc3
configure:5982: checking for library containing strerror
configure:6013: /usr/bin/gcc -o conftest -g -O2   conftest.c  >&5
configure:6013: $? = 0
configure:6030: result: none required
configure:6086: checking for gcc
configure:6113: result: /usr/bin/gcc
configure:6342: checking for C compiler version
configure:6351: /usr/bin/gcc --version >&5
gcc (GCC) 4.2.1 (Based on Apple Inc. build 5555)
Copyright (C) 2007 Free Software Foundation, Inc.
This is free software; see the source for copying conditions.  There is NO
warranty; not even for MERCHANTABILITY or FITNESS FOR A PARTICULAR PURPOSE.

configure:6362: $? = 0
configure:6351: /usr/bin/gcc -v >&5
Using built-in specs.
Target: arm-apple-darwin9
Configured with: ../llvm-gcc-4.2/configure --build=x86_64-unknown-linux-gnu --host=arm-apple-darwin9 --enable-static=no --enable-shared=yes --prefix=/usr --localstatedir=/var/cache/iphone-gcc --enable-languages=c,c++,objc,obj-c++ --enable-wchar_t=no --with-gxx-include-dir=/usr/include/c++/4.0.0
Thread model: posix
gcc version 4.2.1 (Based on Apple Inc. build 5555)
configure:6362: $? = 0
configure:6351: /usr/bin/gcc -V >&5
gcc: '-V' option must have argument
configure:6362: $? = 1
configure:6351: /usr/bin/gcc -qversion >&5
gcc: no input files
configure:6362: $? = 1
configure:6366: checking whether we are using the GNU C compiler
configure:6394: result: yes
configure:6403: checking whether /usr/bin/gcc accepts -g
configure:6464: result: yes
configure:6481: checking for /usr/bin/gcc option to accept ISO C89
configure:6558: result: none needed
configure:6580: checking dependency style of /usr/bin/gcc
configure:6690: result: gcc3
configure:6763: checking for g++
configure:6779: found /usr/bin/g++
configure:6790: result: g++
configure:6817: checking for C++ compiler version
configure:6826: g++ --version >&5
g++ (GCC) 4.2.1 (Based on Apple Inc. build 5555)
Copyright (C) 2007 Free Software Foundation, Inc.
This is free software; see the source for copying conditions.  There is NO
warranty; not even for MERCHANTABILITY or FITNESS FOR A PARTICULAR PURPOSE.

configure:6837: $? = 0
configure:6826: g++ -v >&5
Using built-in specs.
Target: arm-apple-darwin9
Configured with: ../llvm-gcc-4.2/configure --build=x86_64-unknown-linux-gnu --host=arm-apple-darwin9 --enable-static=no --enable-shared=yes --prefix=/usr --localstatedir=/var/cache/iphone-gcc --enable-languages=c,c++,objc,obj-c++ --enable-wchar_t=no --with-gxx-include-dir=/usr/include/c++/4.0.0
Thread model: posix
gcc version 4.2.1 (Based on Apple Inc. build 5555)
configure:6837: $? = 0
configure:6826: g++ -V >&5
g++: '-V' option must have argument
configure:6837: $? = 1
configure:6826: g++ -qversion >&5
g++: no input files
configure:6837: $? = 1
configure:6841: checking whether we are using the GNU C++ compiler
configure:6860: g++ -c   conftest.cpp >&5
configure:6860: $? = 0
configure:6869: result: yes
configure:6878: checking whether g++ accepts -g
configure:6898: g++ -c -g  conftest.cpp >&5
configure:6898: $? = 0
configure:6939: result: yes
configure:6964: checking dependency style of g++
configure:7074: result: gcc3
configure:7094: checking how to run the C preprocessor
configure:7125: /usr/bin/gcc -E  conftest.c
configure:7125: $? = 0
configure:7139: /usr/bin/gcc -E  conftest.c
conftest.c:12:28: error: ac_nonexistent.h: No such file or directory
configure:7139: $? = 1
configure: failed program was:
| /* confdefs.h */
| #define PACKAGE_NAME "geeqie"
| #define PACKAGE_TARNAME "geeqie"
| #define PACKAGE_VERSION "1.1"
| #define PACKAGE_STRING "geeqie 1.1"
| #define PACKAGE_BUGREPORT "geeqie-devel@lists.sourceforge.net"
| #define PACKAGE_URL ""
| #define PACKAGE "geeqie"
| #define VERSION "1.1"
| #define DEBUG 1
| /* end confdefs.h.  */
| #include <ac_nonexistent.h>
configure:7164: result: /usr/bin/gcc -E
configure:7184: /usr/bin/gcc -E  conftest.c
configure:7184: $? = 0
configure:7198: /usr/bin/gcc -E  conftest.c
conftest.c:12:28: error: ac_nonexistent.h: No such file or directory
configure:7198: $? = 1
configure: failed program was:
| /* confdefs.h */
| #define PACKAGE_NAME "geeqie"
| #define PACKAGE_TARNAME "geeqie"
| #define PACKAGE_VERSION "1.1"
| #define PACKAGE_STRING "geeqie 1.1"
| #define PACKAGE_BUGREPORT "geeqie-devel@lists.sourceforge.net"
| #define PACKAGE_URL ""
| #define PACKAGE "geeqie"
| #define VERSION "1.1"
| #define DEBUG 1
| /* end confdefs.h.  */
| #include <ac_nonexistent.h>
configure:7227: checking for grep that handles long lines and -e
configure:7285: result: /bin/grep
configure:7290: checking for egrep
configure:7352: result: /bin/grep -E
configure:7357: checking for ANSI C header files
configure:7377: /usr/bin/gcc -c -g -O2  conftest.c >&5
configure:7377: $? = 0
configure:7450: /usr/bin/gcc -o conftest -g -O2   conftest.c  >&5
configure:7450: $? = 0
configure:7450: ./conftest
configure:7450: $? = 0
configure:7461: result: yes
configure:7477: checking for special C compiler options needed for large files
configure:7522: result: no
configure:7528: checking for _FILE_OFFSET_BITS value needed for large files
configure:7553: /usr/bin/gcc -c -g -O2  conftest.c >&5
configure:7553: $? = 0
configure:7585: result: no
configure:7669: checking whether NLS is requested
configure:7678: result: yes
configure:7693: checking for intltool >= 0.35.0
configure:7700: result: 0.50.0 found
configure:7708: checking for intltool-update
configure:7726: found /usr/local/bin/intltool-update
configure:7738: result: /usr/local/bin/intltool-update
configure:7748: checking for intltool-merge
configure:7766: found /usr/local/bin/intltool-merge
configure:7778: result: /usr/local/bin/intltool-merge
configure:7788: checking for intltool-extract
configure:7806: found /usr/local/bin/intltool-extract
configure:7818: result: /usr/local/bin/intltool-extract
configure:7949: checking for xgettext
configure:7967: found /usr/local/bin/xgettext
configure:7979: result: /usr/local/bin/xgettext
configure:7989: checking for msgmerge
configure:8007: found /usr/local/bin/msgmerge
configure:8019: result: /usr/local/bin/msgmerge
configure:8029: checking for msgfmt
configure:8047: found /usr/local/bin/msgfmt
configure:8059: result: /usr/local/bin/msgfmt
configure:8069: checking for gmsgfmt
configure:8100: result: /usr/local/bin/msgfmt
configure:8120: checking for perl
configure:8138: found /usr/local/bin/perl
configure:8150: result: /usr/local/bin/perl
configure:8161: checking for perl >= 5.8.1
configure:8168: result: 5.10.0
configure:8172: checking for XML::Parser
configure:8175: result: ok
configure:8200: /usr/bin/gcc -o conftest -g -O2   conftest.c  >&5
Undefined symbols:
  "__nl_msg_cat_cntr", referenced from:
      __nl_msg_cat_cntr$non_lazy_ptr in ccyvl90E.o
ld: symbol(s) not found
collect2: ld returned 1 exit status
configure:8200: $? = 1
configure: failed program was:
| /* confdefs.h */
| #define PACKAGE_NAME "geeqie"
| #define PACKAGE_TARNAME "geeqie"
| #define PACKAGE_VERSION "1.1"
| #define PACKAGE_STRING "geeqie 1.1"
| #define PACKAGE_BUGREPORT "geeqie-devel@lists.sourceforge.net"
| #define PACKAGE_URL ""
| #define PACKAGE "geeqie"
| #define VERSION "1.1"
| #define DEBUG 1
| #define STDC_HEADERS 1
| /* end confdefs.h.  */
| 
| int
| main ()
| {
| extern int _nl_msg_cat_cntr;
|                        return _nl_msg_cat_cntr
|   ;
|   return 0;
| }
configure:8231: checking for strverscmp
configure:8231: /usr/bin/gcc -o conftest -g -O2   conftest.c  >&5
Undefined symbols:
  "_strverscmp", referenced from:
      _main in cc8vfnIx.o
ld: symbol(s) not found
collect2: ld returned 1 exit status
configure:8231: $? = 1
configure: failed program was:
| /* confdefs.h */
| #define PACKAGE_NAME "geeqie"
| #define PACKAGE_TARNAME "geeqie"
| #define PACKAGE_VERSION "1.1"
| #define PACKAGE_STRING "geeqie 1.1"
| #define PACKAGE_BUGREPORT "geeqie-devel@lists.sourceforge.net"
| #define PACKAGE_URL ""
| #define PACKAGE "geeqie"
| #define VERSION "1.1"
| #define DEBUG 1
| #define STDC_HEADERS 1
| /* end confdefs.h.  */
| /* Define strverscmp to an innocuous variant, in case <limits.h> declares strverscmp.
|    For example, HP-UX 11i <limits.h> declares gettimeofday.  */
| #define strverscmp innocuous_strverscmp
| 
| /* System header to define __stub macros and hopefully few prototypes,
|     which can conflict with char strverscmp (); below.
|     Prefer <limits.h> to <assert.h> if __STDC__ is defined, since
|     <limits.h> exists even on freestanding compilers.  */
| 
| #ifdef __STDC__
| # include <limits.h>
| #else
| # include <assert.h>
| #endif
| 
| #undef strverscmp
| 
| /* Override any GCC internal prototype to avoid an error.
|    Use char because int might match the return type of a GCC
|    builtin and then its argument prototype would still apply.  */
| #ifdef __cplusplus
| extern "C"
| #endif
| char strverscmp ();
| /* The GNU C library defines this for functions which it implements
|     to always fail with ENOSYS.  Some functions are actually named
|     something starting with __ and the normal name is an alias.  */
| #if defined __stub_strverscmp || defined __stub___strverscmp
| choke me
| #endif
| 
| int
| main ()
| {
| return strverscmp ();
|   ;
|   return 0;
| }
configure:8231: result: no
configure:8231: checking for access
configure:8231: /usr/bin/gcc -o conftest -g -O2   conftest.c  >&5
configure:8231: $? = 0
configure:8231: result: yes
configure:8231: checking for fsync
configure:8231: /usr/bin/gcc -o conftest -g -O2   conftest.c  >&5
configure:8231: $? = 0
configure:8231: result: yes
configure:8231: checking for fflush
configure:8231: /usr/bin/gcc -o conftest -g -O2   conftest.c  >&5
configure:8231: $? = 0
configure:8231: result: yes
configure:8245: checking for some Win32 platform
configure:8258: result: no
configure:8269: checking for native Win32
configure:8286: result: no
configure:8548: checking for pkg-config
configure:8566: found /usr/local/bin/pkg-config
configure:8578: result: /usr/local/bin/pkg-config
configure:8603: checking pkg-config is at least version 0.16
configure:8606: result: yes
configure:8623: checking for GLIB - version >= 2.4.0
configure:8737: /usr/bin/gcc -o conftest -g -O2 -I/usr/local/include/glib-2.0 -I/usr/local/lib/glib-2.0/include     conftest.c -L/usr/local/lib -lglib-2.0 -lintl    >&5
configure:8737: $? = 0
configure:8737: ./conftest
configure:8737: $? = 0
configure:8751: result: yes (version 2.29.14)
configure:8839: checking for pkg-config
configure:8870: result: /usr/local/bin/pkg-config
configure:8892: checking for GTK+ - version >= 2.4.0
configure:9002: /usr/bin/gcc -o conftest -g -O2 -D_REENTRANT -I/usr/local/include/gtk-2.0 -I/usr/local/lib/gtk-2.0/include -I/usr/local/include/atk-1.0 -I/usr/local/include/cairo -I/usr/local/include/gdk-pixbuf-2.0 -I/usr/local/include/pango-1.0 -I/usr/local/include/glib-2.0 -I/usr/local/lib/glib-2.0/include -I/usr/local/include/pixman-1 -I/usr/local/include/freetype2 -I/usr/local/include/libpng14     conftest.c -L/usr/local/lib -lgtk-x11-2.0 -lgdk-x11-2.0 -latk-1.0 -lgio-2.0 -lpangoft2-1.0 -lpangocairo-1.0 -lgdk_pixbuf-2.0 -lcairo -lpango-1.0 -lfreetype -lfontconfig -lgobject-2.0 -lgmodule-2.0 -lgthread-2.0 -lglib-2.0 -lintl    >&5
configure:9002: $? = 0
configure:9002: ./conftest
configure:9002: $? = 0
configure:9016: result: yes (version 2.24.8)
configure:9088: checking for GTHREAD
configure:9095: $PKG_CONFIG --exists --print-errors "gthread-2.0"
configure:9098: $? = 0
configure:9111: $PKG_CONFIG --exists --print-errors "gthread-2.0"
configure:9114: $? = 0
configure:9153: result: yes
configure:9172: checking for gdk-pixbuf-csource
configure:9190: found /usr/local/bin/gdk-pixbuf-csource
configure:9202: result: /usr/local/bin/gdk-pixbuf-csource
configure:9215: checking for glib-genmarshal
configure:9233: found /usr/local/bin/glib-genmarshal
configure:9245: result: /usr/local/bin/glib-genmarshal
configure:9284: checking for gnome-doc-tool
configure:9317: result: no
configure:9345: checking if LIRC support is enabled
configure:9361: result: no
configure:9470: checking for LCMS
configure:9477: $PKG_CONFIG --exists --print-errors "lcms >= 1.14"
Package lcms was not found in the pkg-config search path.
Perhaps you should add the directory containing `lcms.pc'
to the PKG_CONFIG_PATH environment variable
No package 'lcms' found
configure:9480: $? = 1
configure:9493: $PKG_CONFIG --exists --print-errors "lcms >= 1.14"
Package lcms was not found in the pkg-config search path.
Perhaps you should add the directory containing `lcms.pc'
to the PKG_CONFIG_PATH environment variable
No package 'lcms' found
configure:9496: $? = 1
configure:9509: result: no
No package 'lcms' found
configure:9527: WARNING: No package 'lcms' found
configure:9577: checking for jpeg_destroy_decompress in -ljpeg
configure:9602: /usr/bin/gcc -o conftest -g -O2   conftest.c -ljpeg   >&5
configure:9602: $? = 0
configure:9611: result: yes
configure:9651: checking for TIFFClientOpen in -ltiff
configure:9676: /usr/bin/gcc -o conftest -g -O2   conftest.c -ltiff   >&5
configure:9676: $? = 0
configure:9685: result: yes
configure:9727: checking for EXIV2
configure:9734: $PKG_CONFIG --exists --print-errors "exiv2 >= 0.11"
Package exiv2 was not found in the pkg-config search path.
Perhaps you should add the directory containing `exiv2.pc'
to the PKG_CONFIG_PATH environment variable
No package 'exiv2' found
configure:9737: $? = 1
configure:9750: $PKG_CONFIG --exists --print-errors "exiv2 >= 0.11"
Package exiv2 was not found in the pkg-config search path.
Perhaps you should add the directory containing `exiv2.pc'
to the PKG_CONFIG_PATH environment variable
No package 'exiv2' found
configure:9753: $? = 1
configure:9766: result: no
No package 'exiv2' found
configure:9784: WARNING: No package 'exiv2' found
configure:9840: checking locale.h usability
configure:9840: /usr/bin/gcc -c -g -O2  conftest.c >&5
configure:9840: $? = 0
configure:9840: result: yes
configure:9840: checking locale.h presence
configure:9840: /usr/bin/gcc -E  conftest.c
configure:9840: $? = 0
configure:9840: result: yes
configure:9840: checking for locale.h
configure:9840: result: yes
configure:9851: checking for LC_MESSAGES
configure:9867: /usr/bin/gcc -o conftest -g -O2   conftest.c  >&5
configure:9867: $? = 0
configure:9875: result: yes
configure:9892: checking libintl.h usability
configure:9892: /usr/bin/gcc -c -g -O2  conftest.c >&5
configure:9892: $? = 0
configure:9892: result: yes
configure:9892: checking libintl.h presence
configure:9892: /usr/bin/gcc -E  conftest.c
configure:9892: $? = 0
configure:9892: result: yes
configure:9892: checking for libintl.h
configure:9892: result: yes
configure:9900: checking for ngettext in libc
configure:9918: /usr/bin/gcc -o conftest -g -O2   conftest.c  >&5
Undefined symbols:
  "_libintl_ngettext", referenced from:
      _main in ccOYp5B9.o
ld: symbol(s) not found
collect2: ld returned 1 exit status
configure:9918: $? = 1
configure: failed program was:
| /* confdefs.h */
| #define PACKAGE_NAME "geeqie"
| #define PACKAGE_TARNAME "geeqie"
| #define PACKAGE_VERSION "1.1"
| #define PACKAGE_STRING "geeqie 1.1"
| #define PACKAGE_BUGREPORT "geeqie-devel@lists.sourceforge.net"
| #define PACKAGE_URL ""
| #define PACKAGE "geeqie"
| #define VERSION "1.1"
| #define DEBUG 1
| #define STDC_HEADERS 1
| #define HAVE_ACCESS 1
| #define HAVE_FSYNC 1
| #define HAVE_FFLUSH 1
| #define HAVE_GTHREAD 1
| #define GQ_HELPDIR "/usr/local/share/doc/geeqie-1.1"
| #define GQ_HTMLDIR "/usr/local/share/doc/geeqie-1.1/html"
| #define GQ_APP_DIR "/usr/local/share/geeqie"
| #define GQ_BIN_DIR "/usr/local/lib/geeqie"
| #define HAVE_JPEG 1
| #define HAVE_TIFF 1
| #define GETTEXT_PACKAGE "geeqie"
| #define HAVE_LOCALE_H 1
| #define HAVE_LC_MESSAGES 1
| /* end confdefs.h.  */
| 
| #include <libintl.h>
| 
| int
| main ()
| {
| return !ngettext ("","", 1)
|   ;
|   return 0;
| }
configure:9927: result: no
configure:9983: checking for bindtextdomain in -lintl
configure:10008: /usr/bin/gcc -o conftest -g -O2   conftest.c -lintl   >&5
configure:10008: $? = 0
configure:10017: result: yes
configure:10020: checking for ngettext in -lintl
configure:10045: /usr/bin/gcc -o conftest -g -O2   conftest.c -lintl   >&5
configure:10045: $? = 0
configure:10054: result: yes
configure:10057: checking for dgettext in -lintl
configure:10082: /usr/bin/gcc -o conftest -g -O2   conftest.c -lintl   >&5
conftest.c:33: warning: conflicting types for built-in function 'dgettext'
configure:10082: $? = 0
configure:10091: result: yes
configure:10204: checking for bind_textdomain_codeset
configure:10204: /usr/bin/gcc -o conftest -g -O2   conftest.c  -lintl  >&5
configure:10204: $? = 0
configure:10204: result: yes
configure:10241: checking for msgfmt
configure:10268: result: /usr/local/bin/msgfmt
configure:10279: checking for dcgettext
configure:10279: /usr/bin/gcc -o conftest -g -O2   conftest.c  -lintl  >&5
conftest.c:51: warning: conflicting types for built-in function 'dcgettext'
configure:10279: $? = 0
configure:10279: result: yes
configure:10289: checking if msgfmt accepts -c
configure:10304: $MSGFMT -c -o /dev/null conftest.foo
configure:10307: $? = 0
configure:10309: result: yes
configure:10319: checking for gmsgfmt
configure:10350: result: /usr/local/bin/msgfmt
configure:10360: checking for xgettext
configure:10387: result: /usr/local/bin/xgettext
configure:10406: /usr/bin/gcc -o conftest -g -O2   conftest.c  -lintl  >&5
configure:10406: $? = 0
configure:10488: checking for catalogs to be installed
configure:10513: result:  ar be bg ca cs da de eo es et eu fi fr hu id it ja ko nb nl pl pt_BR ro ru sk sl sr@latin sr sv th tr uk vi zh_CN zh_TW
configure:11058: creating ./config.status

## ---------------------- ##
## Running config.status. ##
## ---------------------- ##

This file was extended by geeqie config.status 1.1, which was
generated by GNU Autoconf 2.68.  Invocation command line was

  CONFIG_FILES    = 
  CONFIG_HEADERS  = 
  CONFIG_LINKS    = 
  CONFIG_COMMANDS = 
  $ ./config.status 

on Chriss-iPad

config.status:1062: creating Makefile
config.status:1062: creating src/Makefile
config.status:1062: creating src/icons/Makefile
config.status:1062: creating src/icons/svg/Makefile
config.status:1062: creating po/Makefile.in
config.status:1062: creating doc/Makefile
config.status:1062: creating plugins/Makefile
config.status:1062: creating plugins/symlink/Makefile
config.status:1062: creating plugins/rotate/Makefile
config.status:1062: creating plugins/ufraw/Makefile
config.status:1062: creating plugins/import/Makefile
config.status:1062: creating geeqie.spec
config.status:1062: creating config.h
config.status:1291: executing depfiles commands
config.status:1291: executing default-1 commands
config.status:1291: executing po/stamp-it commands

## ---------------- ##
## Cache variables. ##
## ---------------- ##

ac_cv_c_compiler_gnu=yes
ac_cv_cxx_compiler_gnu=yes
ac_cv_env_CCC_set=
ac_cv_env_CCC_value=
ac_cv_env_CC_set=set
ac_cv_env_CC_value=/usr/bin/gcc
ac_cv_env_CFLAGS_set=
ac_cv_env_CFLAGS_value=
ac_cv_env_CPPFLAGS_set=
ac_cv_env_CPPFLAGS_value=
ac_cv_env_CPP_set=
ac_cv_env_CPP_value=
ac_cv_env_CXXFLAGS_set=
ac_cv_env_CXXFLAGS_value=
ac_cv_env_CXX_set=
ac_cv_env_CXX_value=
ac_cv_env_DOXYGEN_PAPER_SIZE_set=
ac_cv_env_DOXYGEN_PAPER_SIZE_value=
ac_cv_env_EXIV2_CFLAGS_set=
ac_cv_env_EXIV2_CFLAGS_value=
ac_cv_env_EXIV2_LIBS_set=
ac_cv_env_EXIV2_LIBS_value=
ac_cv_env_GTHREAD_CFLAGS_set=
ac_cv_env_GTHREAD_CFLAGS_value=
ac_cv_env_GTHREAD_LIBS_set=
ac_cv_env_GTHREAD_LIBS_value=
ac_cv_env_LCMS_CFLAGS_set=
ac_cv_env_LCMS_CFLAGS_value=
ac_cv_env_LCMS_LIBS_set=
ac_cv_env_LCMS_LIBS_value=
ac_cv_env_LDFLAGS_set=
ac_cv_env_LDFLAGS_value=
ac_cv_env_LIBCHAMPLAIN_CFLAGS_set=
ac_cv_env_LIBCHAMPLAIN_CFLAGS_value=
ac_cv_env_LIBCHAMPLAIN_GTK_CFLAGS_set=
ac_cv_env_LIBCHAMPLAIN_GTK_CFLAGS_value=
ac_cv_env_LIBCHAMPLAIN_GTK_LIBS_set=
ac_cv_env_LIBCHAMPLAIN_GTK_LIBS_value=
ac_cv_env_LIBCHAMPLAIN_LIBS_set=
ac_cv_env_LIBCHAMPLAIN_LIBS_value=
ac_cv_env_LIBS_set=
ac_cv_env_LIBS_value=
ac_cv_env_PKG_CONFIG_LIBDIR_set=
ac_cv_env_PKG_CONFIG_LIBDIR_value=
ac_cv_env_PKG_CONFIG_PATH_set=set
ac_cv_env_PKG_CONFIG_PATH_value=/usr/local/lib/pkgconfig:/usr/lib/pkgconfig
ac_cv_env_PKG_CONFIG_set=
ac_cv_env_PKG_CONFIG_value=
ac_cv_env_build_alias_set=
ac_cv_env_build_alias_value=
ac_cv_env_host_alias_set=
ac_cv_env_host_alias_value=
ac_cv_env_target_alias_set=
ac_cv_env_target_alias_value=
ac_cv_func_access=yes
ac_cv_func_bind_textdomain_codeset=yes
ac_cv_func_dcgettext=yes
ac_cv_func_fflush=yes
ac_cv_func_fsync=yes
ac_cv_func_strverscmp=no
ac_cv_header_libintl_h=yes
ac_cv_header_locale_h=yes
ac_cv_header_stdc=yes
ac_cv_lib_intl_bindtextdomain=yes
ac_cv_lib_intl_dgettext=yes
ac_cv_lib_intl_ngettext=yes
ac_cv_lib_jpeg_jpeg_destroy_decompress=yes
ac_cv_lib_tiff_TIFFClientOpen=yes
ac_cv_objext=o
ac_cv_path_EGREP='/bin/grep -E'
ac_cv_path_GDK_PIXBUF_CSOURCE=/usr/local/bin/gdk-pixbuf-csource
ac_cv_path_GLIB_GENMARSHAL=/usr/local/bin/glib-genmarshal
ac_cv_path_GMSGFMT=/usr/local/bin/msgfmt
ac_cv_path_GREP=/bin/grep
ac_cv_path_INTLTOOL_EXTRACT=/usr/local/bin/intltool-extract
ac_cv_path_INTLTOOL_MERGE=/usr/local/bin/intltool-merge
ac_cv_path_INTLTOOL_PERL=/usr/local/bin/perl
ac_cv_path_INTLTOOL_UPDATE=/usr/local/bin/intltool-update
ac_cv_path_MSGFMT=/usr/local/bin/msgfmt
ac_cv_path_MSGMERGE=/usr/local/bin/msgmerge
ac_cv_path_PKG_CONFIG=/usr/local/bin/pkg-config
ac_cv_path_XGETTEXT=/usr/local/bin/xgettext
ac_cv_path_ac_pt_DX_PERL=/usr/local/bin/perl
ac_cv_path_ac_pt_PKG_CONFIG=/usr/local/bin/pkg-config
ac_cv_path_install='/usr/bin/install -c'
ac_cv_path_mkdir=/bin/mkdir
ac_cv_prog_AWK=gawk
ac_cv_prog_CPP='/usr/bin/gcc -E'
ac_cv_prog_ac_ct_CC=/usr/bin/gcc
ac_cv_prog_ac_ct_CXX=g++
ac_cv_prog_cc_c89=
ac_cv_prog_cc_g=yes
ac_cv_prog_cxx_g=yes
ac_cv_prog_make_make_set=yes
ac_cv_search_strerror='none required'
ac_cv_sys_file_offset_bits=no
ac_cv_sys_largefile_CC=no
am_cv_CC_dependencies_compiler_type=gcc3
am_cv_CXX_dependencies_compiler_type=gcc3
am_cv_val_LC_MESSAGES=yes
gt_cv_func_dgettext_libc=no
gt_cv_func_dgettext_libintl=yes
gt_cv_func_ngettext_libc=no
gt_cv_have_gettext=yes
pkg_cv_GTHREAD_CFLAGS='-D_REENTRANT -I/usr/local/include/glib-2.0 -I/usr/local/lib/glib-2.0/include  '
pkg_cv_GTHREAD_LIBS='-L/usr/local/lib -lgthread-2.0 -lglib-2.0 -lintl  '

## ----------------- ##
## Output variables. ##
## ----------------- ##

ACLOCAL='${SHELL} /home/chris/geeqie-1.1/auxdir/missing --run aclocal-1.11'
ALL_LINGUAS='ar be bg ca cs da de eo es et eu fi fr hu id it ja ko nb nl pl pt_BR ro ru sk sl sr@latin sr sv th tr uk vi zh_CN zh_TW '
AMDEPBACKSLASH='\'
AMDEP_FALSE='#'
AMDEP_TRUE=''
AMTAR='${SHELL} /home/chris/geeqie-1.1/auxdir/missing --run tar'
AUTOCONF='${SHELL} /home/chris/geeqie-1.1/auxdir/missing --run autoconf'
AUTOHEADER='${SHELL} /home/chris/geeqie-1.1/auxdir/missing --run autoheader'
AUTOMAKE='${SHELL} /home/chris/geeqie-1.1/auxdir/missing --run automake-1.11'
AWK='gawk'
CATALOGS=' ar.gmo be.gmo bg.gmo ca.gmo cs.gmo da.gmo de.gmo eo.gmo es.gmo et.gmo eu.gmo fi.gmo fr.gmo hu.gmo id.gmo it.gmo ja.gmo ko.gmo nb.gmo nl.gmo pl.gmo pt_BR.gmo ro.gmo ru.gmo sk.gmo sl.gmo sr@latin.gmo sr.gmo sv.gmo th.gmo tr.gmo uk.gmo vi.gmo zh_CN.gmo zh_TW.gmo'
CATOBJEXT='.gmo'
CC='/usr/bin/gcc'
CCDEPMODE='depmode=gcc3'
CFLAGS='-g -O2'
CONFIG_STATUS_DEPENDENCIES='$(top_srcdir)/po/LINGUAS'
CPP='/usr/bin/gcc -E'
CPPFLAGS=''
CXX='g++'
CXXDEPMODE='depmode=gcc3'
CXXFLAGS='-g -O2'
CYGPATH_W='echo'
DATADIRNAME='share'
DEBUG_FALSE=''
DEBUG_TRUE='#'
DEFS='-DHAVE_CONFIG_H'
DEPDIR='.deps'
DOXYGEN_PAPER_SIZE=''
DX_COND_chi_FALSE=''
DX_COND_chi_TRUE='#'
DX_COND_chm_FALSE=''
DX_COND_chm_TRUE='#'
DX_COND_doc_FALSE=''
DX_COND_doc_TRUE='#'
DX_COND_dot_FALSE=''
DX_COND_dot_TRUE='#'
DX_COND_html_FALSE=''
DX_COND_html_TRUE='#'
DX_COND_latex_FALSE=''
DX_COND_latex_TRUE='#'
DX_COND_man_FALSE=''
DX_COND_man_TRUE='#'
DX_COND_pdf_FALSE=''
DX_COND_pdf_TRUE='#'
DX_COND_ps_FALSE=''
DX_COND_ps_TRUE='#'
DX_COND_rtf_FALSE=''
DX_COND_rtf_TRUE='#'
DX_COND_xml_FALSE=''
DX_COND_xml_TRUE='#'
DX_CONFIG='doxygen.conf'
DX_DOCDIR='doc/doxygen'
DX_DOT=''
DX_DOXYGEN=''
DX_DVIPS=''
DX_EGREP=''
DX_ENV=' SRCDIR='\''.'\'' PROJECT='\''geeqie'\'' DOCDIR='\''doc/doxygen'\'' VERSION='\''1.1'\'' HAVE_DOT='\''NO'\'' GENERATE_MAN='\''NO'\'' GENERATE_RTF='\''NO'\'' GENERATE_XML='\''NO'\'' GENERATE_HTMLHELP='\''NO'\'' GENERATE_CHI='\''NO'\'' GENERATE_HTML='\''NO'\'' GENERATE_LATEX='\''NO'\'''
DX_FLAG_DX_CURRENT_FEATURE=''
DX_FLAG_chi='0'
DX_FLAG_chm='0'
DX_FLAG_doc='0'
DX_FLAG_dot='0'
DX_FLAG_html='0'
DX_FLAG_man='0'
DX_FLAG_pdf='0'
DX_FLAG_ps='0'
DX_FLAG_rtf='0'
DX_FLAG_xml='0'
DX_HHC=''
DX_LATEX=''
DX_MAKEINDEX=''
DX_PDFLATEX=''
DX_PERL='/usr/local/bin/perl'
DX_PROJECT='geeqie'
ECHO_C=''
ECHO_N='-n'
ECHO_T=''
EGREP='/bin/grep -E'
EXEEXT=''
EXIV2_CFLAGS=''
EXIV2_LIBS=''
GDK_PIXBUF_CSOURCE='/usr/local/bin/gdk-pixbuf-csource'
GETTEXT_PACKAGE='geeqie'
GLIB_CFLAGS='-D_REENTRANT -I/usr/local/include/glib-2.0 -I/usr/local/lib/glib-2.0/include  '
GLIB_GENMARSHAL='/usr/local/bin/glib-genmarshal'
GLIB_LIBS='-L/usr/local/lib -lgthread-2.0 -lglib-2.0 -lintl  '
GLIB_MKENUMS='glib-mkenums'
GMOFILES=' ar.gmo be.gmo bg.gmo ca.gmo cs.gmo da.gmo de.gmo eo.gmo es.gmo et.gmo eu.gmo fi.gmo fr.gmo hu.gmo id.gmo it.gmo ja.gmo ko.gmo nb.gmo nl.gmo pl.gmo pt_BR.gmo ro.gmo ru.gmo sk.gmo sl.gmo sr@latin.gmo sr.gmo sv.gmo th.gmo tr.gmo uk.gmo vi.gmo zh_CN.gmo zh_TW.gmo'
GMSGFMT='/usr/local/bin/msgfmt'
GNOME_DOC_TOOL=''
GOBJECT_QUERY='gobject-query'
GREP='/bin/grep'
GTHREAD_CFLAGS='-D_REENTRANT -I/usr/local/include/glib-2.0 -I/usr/local/lib/glib-2.0/include  '
GTHREAD_LIBS='-L/usr/local/lib -lgthread-2.0 -lglib-2.0 -lintl  '
GTK_CFLAGS='-D_REENTRANT -I/usr/local/include/gtk-2.0 -I/usr/local/lib/gtk-2.0/include -I/usr/local/include/atk-1.0 -I/usr/local/include/cairo -I/usr/local/include/gdk-pixbuf-2.0 -I/usr/local/include/pango-1.0 -I/usr/local/include/glib-2.0 -I/usr/local/lib/glib-2.0/include -I/usr/local/include/pixman-1 -I/usr/local/include/freetype2 -I/usr/local/include/libpng14  '
GTK_LIBS='-L/usr/local/lib -lgtk-x11-2.0 -lgdk-x11-2.0 -latk-1.0 -lgio-2.0 -lpangoft2-1.0 -lpangocairo-1.0 -lgdk_pixbuf-2.0 -lcairo -lpango-1.0 -lfreetype -lfontconfig -lgobject-2.0 -lgmodule-2.0 -lgthread-2.0 -lglib-2.0 -lintl  '
HAVE_EXIV2_FALSE=''
HAVE_EXIV2_TRUE='#'
HAVE_JPEG_FALSE='#'
HAVE_JPEG_TRUE=''
HAVE_LCMS_FALSE=''
HAVE_LCMS_TRUE='#'
HAVE_LIBCHAMPLAIN_GTK_FALSE=''
HAVE_LIBCHAMPLAIN_GTK_TRUE='#'
HAVE_LIRC_FALSE=''
HAVE_LIRC_TRUE='#'
HAVE_TIFF_FALSE='#'
HAVE_TIFF_TRUE=''
HAVE_WINDRES_FALSE=''
HAVE_WINDRES_TRUE='#'
INSTALL_DATA='${INSTALL} -m 644'
INSTALL_PROGRAM='${INSTALL}'
INSTALL_SCRIPT='${INSTALL}'
INSTALL_STRIP_PROGRAM='$(install_sh) -c -s'
INSTOBJEXT='.mo'
INTLLIBS='-lintl '
INTLTOOL_CAVES_RULE='%.caves:     %.caves.in     $(INTLTOOL_MERGE) $(wildcard $(top_srcdir)/po/*.po) ; LC_ALL=C $(INTLTOOL_MERGE) -d -u -c $(top_builddir)/po/.intltool-merge-cache $(top_srcdir)/po $< $@'
INTLTOOL_DESKTOP_RULE='%.desktop:   %.desktop.in   $(INTLTOOL_MERGE) $(wildcard $(top_srcdir)/po/*.po) ; LC_ALL=C $(INTLTOOL_MERGE) -d -u -c $(top_builddir)/po/.intltool-merge-cache $(top_srcdir)/po $< $@'
INTLTOOL_DIRECTORY_RULE='%.directory: %.directory.in $(INTLTOOL_MERGE) $(wildcard $(top_srcdir)/po/*.po) ; LC_ALL=C $(INTLTOOL_MERGE) -d -u -c $(top_builddir)/po/.intltool-merge-cache $(top_srcdir)/po $< $@'
INTLTOOL_EXTRACT='/usr/local/bin/intltool-extract'
INTLTOOL_KBD_RULE='%.kbd:       %.kbd.in       $(INTLTOOL_MERGE) $(wildcard $(top_srcdir)/po/*.po) ; LC_ALL=C $(INTLTOOL_MERGE) -x -u -m -c $(top_builddir)/po/.intltool-merge-cache $(top_srcdir)/po $< $@'
INTLTOOL_KEYS_RULE='%.keys:      %.keys.in      $(INTLTOOL_MERGE) $(wildcard $(top_srcdir)/po/*.po) ; LC_ALL=C $(INTLTOOL_MERGE) -k -u -c $(top_builddir)/po/.intltool-merge-cache $(top_srcdir)/po $< $@'
INTLTOOL_MERGE='/usr/local/bin/intltool-merge'
INTLTOOL_OAF_RULE='%.oaf:       %.oaf.in       $(INTLTOOL_MERGE) $(wildcard $(top_srcdir)/po/*.po) ; LC_ALL=C $(INTLTOOL_MERGE) -o -p $(top_srcdir)/po $< $@'
INTLTOOL_PERL='/usr/local/bin/perl'
INTLTOOL_POLICY_RULE='%.policy:    %.policy.in    $(INTLTOOL_MERGE) $(wildcard $(top_srcdir)/po/*.po) ; LC_ALL=C $(INTLTOOL_MERGE) -x -u -c $(top_builddir)/po/.intltool-merge-cache $(top_srcdir)/po $< $@'
INTLTOOL_PONG_RULE='%.pong:      %.pong.in      $(INTLTOOL_MERGE) $(wildcard $(top_srcdir)/po/*.po) ; LC_ALL=C $(INTLTOOL_MERGE) -x -u -c $(top_builddir)/po/.intltool-merge-cache $(top_srcdir)/po $< $@'
INTLTOOL_PROP_RULE='%.prop:      %.prop.in      $(INTLTOOL_MERGE) $(wildcard $(top_srcdir)/po/*.po) ; LC_ALL=C $(INTLTOOL_MERGE) -d -u -c $(top_builddir)/po/.intltool-merge-cache $(top_srcdir)/po $< $@'
INTLTOOL_SCHEMAS_RULE='%.schemas:   %.schemas.in   $(INTLTOOL_MERGE) $(wildcard $(top_srcdir)/po/*.po) ; LC_ALL=C $(INTLTOOL_MERGE) -s -u -c $(top_builddir)/po/.intltool-merge-cache $(top_srcdir)/po $< $@'
INTLTOOL_SERVER_RULE='%.server:    %.server.in    $(INTLTOOL_MERGE) $(wildcard $(top_srcdir)/po/*.po) ; LC_ALL=C $(INTLTOOL_MERGE) -o -u -c $(top_builddir)/po/.intltool-merge-cache $(top_srcdir)/po $< $@'
INTLTOOL_SERVICE_RULE='%.service: %.service.in   $(INTLTOOL_MERGE) $(wildcard $(top_srcdir)/po/*.po) ; LC_ALL=C $(INTLTOOL_MERGE) -d -u -c $(top_builddir)/po/.intltool-merge-cache $(top_srcdir)/po $< $@'
INTLTOOL_SHEET_RULE='%.sheet:     %.sheet.in     $(INTLTOOL_MERGE) $(wildcard $(top_srcdir)/po/*.po) ; LC_ALL=C $(INTLTOOL_MERGE) -x -u -c $(top_builddir)/po/.intltool-merge-cache $(top_srcdir)/po $< $@'
INTLTOOL_SOUNDLIST_RULE='%.soundlist: %.soundlist.in $(INTLTOOL_MERGE) $(wildcard $(top_srcdir)/po/*.po) ; LC_ALL=C $(INTLTOOL_MERGE) -d -u -c $(top_builddir)/po/.intltool-merge-cache $(top_srcdir)/po $< $@'
INTLTOOL_THEME_RULE='%.theme:     %.theme.in     $(INTLTOOL_MERGE) $(wildcard $(top_srcdir)/po/*.po) ; LC_ALL=C $(INTLTOOL_MERGE) -d -u -c $(top_builddir)/po/.intltool-merge-cache $(top_srcdir)/po $< $@'
INTLTOOL_UI_RULE='%.ui:        %.ui.in        $(INTLTOOL_MERGE) $(wildcard $(top_srcdir)/po/*.po) ; LC_ALL=C $(INTLTOOL_MERGE) -x -u -c $(top_builddir)/po/.intltool-merge-cache $(top_srcdir)/po $< $@'
INTLTOOL_UPDATE='/usr/local/bin/intltool-update'
INTLTOOL_XAM_RULE='%.xam:       %.xml.in       $(INTLTOOL_MERGE) $(wildcard $(top_srcdir)/po/*.po) ; LC_ALL=C $(INTLTOOL_MERGE) -x -u -c $(top_builddir)/po/.intltool-merge-cache $(top_srcdir)/po $< $@'
INTLTOOL_XML_NOMERGE_RULE='%.xml:       %.xml.in       $(INTLTOOL_MERGE) ; LC_ALL=C $(INTLTOOL_MERGE) -x -u /tmp $< $@'
INTLTOOL_XML_RULE='%.xml:       %.xml.in       $(INTLTOOL_MERGE) $(wildcard $(top_srcdir)/po/*.po) ; LC_ALL=C $(INTLTOOL_MERGE) -x -u -c $(top_builddir)/po/.intltool-merge-cache $(top_srcdir)/po $< $@'
JPEG_CFLAGS=''
JPEG_LIBS='-ljpeg'
LCMS_CFLAGS=''
LCMS_LIBS=''
LDFLAGS=''
LIBCHAMPLAIN_CFLAGS=''
LIBCHAMPLAIN_GTK_CFLAGS=''
LIBCHAMPLAIN_GTK_LIBS=''
LIBCHAMPLAIN_LIBS=''
LIBOBJS=''
LIBS=''
LTLIBOBJS=''
MAINT='#'
MAINTAINER_MODE_FALSE=''
MAINTAINER_MODE_TRUE='#'
MAKEINFO='${SHELL} /home/chris/geeqie-1.1/auxdir/missing --run makeinfo'
MKDIR_P='/bin/mkdir -p'
MKINSTALLDIRS='auxdir/mkinstalldirs'
MSGFMT='/usr/local/bin/msgfmt'
MSGFMT_OPTS='-c'
MSGMERGE='/usr/local/bin/msgmerge'
MS_LIB_AVAILABLE_FALSE=''
MS_LIB_AVAILABLE_TRUE='#'
OBJEXT='o'
OS_UNIX_FALSE='#'
OS_UNIX_TRUE=''
OS_WIN32_FALSE=''
OS_WIN32_TRUE='#'
PACKAGE='geeqie'
PACKAGE_BUGREPORT='geeqie-devel@lists.sourceforge.net'
PACKAGE_NAME='geeqie'
PACKAGE_STRING='geeqie 1.1'
PACKAGE_TARNAME='geeqie'
PACKAGE_URL=''
PACKAGE_VERSION='1.1'
PATHSEP=':'
PATH_SEPARATOR=':'
PKG_CONFIG='/usr/local/bin/pkg-config'
PKG_CONFIG_LIBDIR=''
PKG_CONFIG_PATH='/usr/local/lib/pkgconfig:/usr/lib/pkgconfig'
PLATFORM_WIN32_FALSE=''
PLATFORM_WIN32_TRUE='#'
POFILES=' ar.po be.po bg.po ca.po cs.po da.po de.po eo.po es.po et.po eu.po fi.po fr.po hu.po id.po it.po ja.po ko.po nb.po nl.po pl.po pt_BR.po ro.po ru.po sk.po sl.po sr@latin.po sr.po sv.po th.po tr.po uk.po vi.po zh_CN.po zh_TW.po'
POSUB='po'
PO_IN_DATADIR_FALSE=''
PO_IN_DATADIR_TRUE=''
SET_MAKE=''
SHELL='/bin/sh'
STRIP=''
TIFF_CFLAGS=''
TIFF_LIBS='-ltiff'
USE_NLS='yes'
VERSION='1.1'
WINDRES=':'
XGETTEXT='/usr/local/bin/xgettext'
ac_ct_CC='/usr/bin/gcc'
ac_ct_CXX='g++'
am__EXEEXT_FALSE=''
am__EXEEXT_TRUE='#'
am__fastdepCC_FALSE='#'
am__fastdepCC_TRUE=''
am__fastdepCXX_FALSE='#'
am__fastdepCXX_TRUE=''
am__include='include'
am__isrc=''
am__leading_dot='.'
am__quote=''
am__tar='${AMTAR} chof - "$$tardir"'
am__untar='${AMTAR} xf -'
appdir='/usr/local/share/geeqie'
bindir='${exec_prefix}/bin'
build_alias=''
datadir='${datarootdir}'
datarootdir='${prefix}/share'
docdir='${datarootdir}/doc/${PACKAGE_TARNAME}'
dvidir='${docdir}'
exec_prefix='${prefix}'
gq_bindir='/usr/local/lib/geeqie'
host_alias=''
htmldir='/usr/local/share/doc/geeqie-1.1/html'
includedir='${prefix}/include'
infodir='${datarootdir}/info'
install_sh='${SHELL} /home/chris/geeqie-1.1/auxdir/install-sh'
libdir='${exec_prefix}/lib'
libexecdir='${exec_prefix}/libexec'
localedir='/usr/local/share/locale'
localstatedir='${prefix}/var'
mandir='${datarootdir}/man'
mkdir_p='/bin/mkdir -p'
ms_librarian=''
oldincludedir='/usr/include'
pdfdir='${docdir}'
prefix='/usr/local'
program_transform_name='s,x,x,'
psdir='${docdir}'
readmedir='/usr/local/share/doc/geeqie-1.1'
sbindir='${exec_prefix}/sbin'
sharedstatedir='${prefix}/com'
sysconfdir='${prefix}/etc'
target_alias=''

## ----------- ##
## confdefs.h. ##
## ----------- ##

/* confdefs.h */
#define PACKAGE_NAME "geeqie"
#define PACKAGE_TARNAME "geeqie"
#define PACKAGE_VERSION "1.1"
#define PACKAGE_STRING "geeqie 1.1"
#define PACKAGE_BUGREPORT "geeqie-devel@lists.sourceforge.net"
#define PACKAGE_URL ""
#define PACKAGE "geeqie"
#define VERSION "1.1"
#define DEBUG 1
#define STDC_HEADERS 1
#define HAVE_ACCESS 1
#define HAVE_FSYNC 1
#define HAVE_FFLUSH 1
#define HAVE_GTHREAD 1
#define GQ_HELPDIR "/usr/local/share/doc/geeqie-1.1"
#define GQ_HTMLDIR "/usr/local/share/doc/geeqie-1.1/html"
#define GQ_APP_DIR "/usr/local/share/geeqie"
#define GQ_BIN_DIR "/usr/local/lib/geeqie"
#define HAVE_JPEG 1
#define HAVE_TIFF 1
#define GETTEXT_PACKAGE "geeqie"
#define HAVE_LOCALE_H 1
#define HAVE_LC_MESSAGES 1
#define HAVE_BIND_TEXTDOMAIN_CODESET 1
#define HAVE_GETTEXT 1
#define HAVE_DCGETTEXT 1
#define ENABLE_NLS 1
#define GQ_LOCALEDIR "/usr/local/share/locale"

configure: exit 0
