This file contains any messages produced by compilers while
running configure, to aid debugging if configure makes a mistake.

It was created by configure, which was
generated by GNU Autoconf 2.63.  Invocation command line was

  $ ./configure 

## --------- ##
## Platform. ##
## --------- ##

hostname = Chriss-iPad
uname -m = iPad1,1
uname -r = 11.0.0
uname -s = Darwin
uname -v = Darwin Kernel Version 11.0.0: Sun Apr  8 21:51:26 PDT 2012; root:xnu-1878.11.10~1/RELEASE_ARM_S5L8930X

/usr/bin/uname -p = unknown
/bin/uname -X     = unknown

/bin/arch              = unknown
/usr/bin/arch -k       = unknown
/usr/convex/getsysinfo = unknown
/usr/bin/hostinfo      = Mach kernel version:
	 Darwin Kernel Version 11.0.0: Sun Apr  8 21:51:26 PDT 2012; root:xnu-1878.11.10~1/RELEASE_ARM_S5L8930X
Kernel configured for a single processor only.
1 processor is physically available.
1 processor is logically available.
Processor type: armv7 (arm v7)
Processor active: 0
Primary memory available: 246.98 megabytes
Default processor set: 36 tasks, 239 threads, 1 processors
Load average: 1.64, Mach factor: 0.15
/bin/machine           = unknown
/usr/bin/oslevel       = unknown
/bin/universe          = unknown

PATH: /usr/local/sbin
PATH: /usr/local/bin
PATH: /usr/sbin
PATH: /usr/bin
PATH: /sbin
PATH: /bin
PATH: /usr/bin/X11
PATH: /usr/games
PATH: /usr/local/Gambit-C/bin
PATH: /home/chris/apache-ant-1.7.1/bin


## ----------- ##
## Core tests. ##
## ----------- ##

configure:1912: checking for a BSD-compatible install
configure:1980: result: /usr/bin/install -c
configure:1991: checking whether build environment is sane
configure:2034: result: yes
configure:2096: checking for gawk
configure:2112: found /usr/bin/gawk
configure:2123: result: gawk
configure:2134: checking whether make sets $(MAKE)
configure:2156: result: yes
configure:2339: checking whether to enable maintainer-specific portions of Makefiles
configure:2348: result: no
configure:2379: checking for style of include used by make
configure:2407: result: GNU
configure:2480: checking for gcc
configure:2507: result: /usr/bin/gcc
configure:2739: checking for C compiler version
configure:2747: /usr/bin/gcc --version >&5
gcc (GCC) 4.2.1 (Based on Apple Inc. build 5555)
Copyright (C) 2007 Free Software Foundation, Inc.
This is free software; see the source for copying conditions.  There is NO
warranty; not even for MERCHANTABILITY or FITNESS FOR A PARTICULAR PURPOSE.

configure:2751: $? = 0
configure:2758: /usr/bin/gcc -v >&5
Using built-in specs.
Target: arm-apple-darwin9
Configured with: ../llvm-gcc-4.2/configure --build=x86_64-unknown-linux-gnu --host=arm-apple-darwin9 --enable-static=no --enable-shared=yes --prefix=/usr --localstatedir=/var/cache/iphone-gcc --enable-languages=c,c++,objc,obj-c++ --enable-wchar_t=no --with-gxx-include-dir=/usr/include/c++/4.0.0
Thread model: posix
gcc version 4.2.1 (Based on Apple Inc. build 5555)
configure:2762: $? = 0
configure:2769: /usr/bin/gcc -V >&5
gcc: '-V' option must have argument
configure:2773: $? = 1
configure:2796: checking for C compiler default output file name
configure:2818: /usr/bin/gcc    conftest.c  >&5
configure:2822: $? = 0
configure:2860: result: a.out
configure:2879: checking whether the C compiler works
configure:2889: ./a.out
./configure: line 2891:  2164 Killed: 9               ./$ac_file
configure:2893: $? = 137
configure:2905: result: yes
configure:2912: checking whether we are cross compiling
configure:2914: result: no
configure:2917: checking for suffix of executables
configure:2924: /usr/bin/gcc -o conftest    conftest.c  >&5
configure:2928: $? = 0
configure:2954: result: 
configure:2960: checking for suffix of object files
configure:2986: /usr/bin/gcc -c   conftest.c >&5
configure:2990: $? = 0
configure:3015: result: o
configure:3019: checking whether we are using the GNU C compiler
configure:3048: /usr/bin/gcc -c   conftest.c >&5
configure:3055: $? = 0
configure:3072: result: yes
configure:3081: checking whether /usr/bin/gcc accepts -g
configure:3111: /usr/bin/gcc -c -g  conftest.c >&5
configure:3118: $? = 0
configure:3219: result: yes
configure:3236: checking for /usr/bin/gcc option to accept ISO C89
configure:3310: /usr/bin/gcc  -c -g -O2  conftest.c >&5
configure:3317: $? = 0
configure:3340: result: none needed
configure:3360: checking dependency style of /usr/bin/gcc
configure:3450: result: gcc3
configure:3468: checking for library containing strerror
configure:3509: /usr/bin/gcc -o conftest -g -O2   conftest.c  >&5
configure:3516: $? = 0
configure:3547: result: none required
configure:3603: checking for gcc
configure:3630: result: /usr/bin/gcc
configure:3862: checking for C compiler version
configure:3870: /usr/bin/gcc --version >&5
gcc (GCC) 4.2.1 (Based on Apple Inc. build 5555)
Copyright (C) 2007 Free Software Foundation, Inc.
This is free software; see the source for copying conditions.  There is NO
warranty; not even for MERCHANTABILITY or FITNESS FOR A PARTICULAR PURPOSE.

configure:3874: $? = 0
configure:3881: /usr/bin/gcc -v >&5
Using built-in specs.
Target: arm-apple-darwin9
Configured with: ../llvm-gcc-4.2/configure --build=x86_64-unknown-linux-gnu --host=arm-apple-darwin9 --enable-static=no --enable-shared=yes --prefix=/usr --localstatedir=/var/cache/iphone-gcc --enable-languages=c,c++,objc,obj-c++ --enable-wchar_t=no --with-gxx-include-dir=/usr/include/c++/4.0.0
Thread model: posix
gcc version 4.2.1 (Based on Apple Inc. build 5555)
configure:3885: $? = 0
configure:3892: /usr/bin/gcc -V >&5
gcc: '-V' option must have argument
configure:3896: $? = 1
configure:3899: checking whether we are using the GNU C compiler
configure:3952: result: yes
configure:3961: checking whether /usr/bin/gcc accepts -g
configure:4099: result: yes
configure:4116: checking for /usr/bin/gcc option to accept ISO C89
configure:4220: result: none needed
configure:4240: checking dependency style of /usr/bin/gcc
configure:4330: result: gcc3
configure:4395: checking for gcc
configure:4422: result: /usr/bin/gcc
configure:4654: checking for C compiler version
configure:4662: /usr/bin/gcc --version >&5
gcc (GCC) 4.2.1 (Based on Apple Inc. build 5555)
Copyright (C) 2007 Free Software Foundation, Inc.
This is free software; see the source for copying conditions.  There is NO
warranty; not even for MERCHANTABILITY or FITNESS FOR A PARTICULAR PURPOSE.

configure:4666: $? = 0
configure:4673: /usr/bin/gcc -v >&5
Using built-in specs.
Target: arm-apple-darwin9
Configured with: ../llvm-gcc-4.2/configure --build=x86_64-unknown-linux-gnu --host=arm-apple-darwin9 --enable-static=no --enable-shared=yes --prefix=/usr --localstatedir=/var/cache/iphone-gcc --enable-languages=c,c++,objc,obj-c++ --enable-wchar_t=no --with-gxx-include-dir=/usr/include/c++/4.0.0
Thread model: posix
gcc version 4.2.1 (Based on Apple Inc. build 5555)
configure:4677: $? = 0
configure:4684: /usr/bin/gcc -V >&5
gcc: '-V' option must have argument
configure:4688: $? = 1
configure:4691: checking whether we are using the GNU C compiler
configure:4744: result: yes
configure:4753: checking whether /usr/bin/gcc accepts -g
configure:4891: result: yes
configure:4908: checking for /usr/bin/gcc option to accept ISO C89
configure:5012: result: none needed
configure:5032: checking dependency style of /usr/bin/gcc
configure:5122: result: gcc3
configure:5147: checking how to run the C preprocessor
configure:5187: /usr/bin/gcc -E  conftest.c
configure:5194: $? = 0
configure:5225: /usr/bin/gcc -E  conftest.c
conftest.c:10:28: error: ac_nonexistent.h: No such file or directory
configure:5232: $? = 1
configure: failed program was:
| /* confdefs.h.  */
| #define PACKAGE_NAME ""
| #define PACKAGE_TARNAME ""
| #define PACKAGE_VERSION ""
| #define PACKAGE_STRING ""
| #define PACKAGE_BUGREPORT ""
| #define PACKAGE "gxmessage"
| #define VERSION "2.12.2"
| /* end confdefs.h.  */
| #include <ac_nonexistent.h>
configure:5265: result: /usr/bin/gcc -E
configure:5294: /usr/bin/gcc -E  conftest.c
configure:5301: $? = 0
configure:5332: /usr/bin/gcc -E  conftest.c
conftest.c:10:28: error: ac_nonexistent.h: No such file or directory
configure:5339: $? = 1
configure: failed program was:
| /* confdefs.h.  */
| #define PACKAGE_NAME ""
| #define PACKAGE_TARNAME ""
| #define PACKAGE_VERSION ""
| #define PACKAGE_STRING ""
| #define PACKAGE_BUGREPORT ""
| #define PACKAGE "gxmessage"
| #define VERSION "2.12.2"
| /* end confdefs.h.  */
| #include <ac_nonexistent.h>
configure:5379: checking for grep that handles long lines and -e
configure:5439: result: /bin/grep
configure:5444: checking for egrep
configure:5508: result: /bin/grep -E
configure:5513: checking for ANSI C header files
configure:5543: /usr/bin/gcc -c -g -O2  conftest.c >&5
configure:5550: $? = 0
configure:5649: /usr/bin/gcc -o conftest -g -O2   conftest.c  >&5
configure:5653: $? = 0
configure:5659: ./conftest
./configure: line 5661:  2405 Killed: 9               ./conftest$ac_exeext
configure:5663: $? = 137
configure: program exited with status 137
configure: failed program was:
| /* confdefs.h.  */
| #define PACKAGE_NAME ""
| #define PACKAGE_TARNAME ""
| #define PACKAGE_VERSION ""
| #define PACKAGE_STRING ""
| #define PACKAGE_BUGREPORT ""
| #define PACKAGE "gxmessage"
| #define VERSION "2.12.2"
| /* end confdefs.h.  */
| #include <ctype.h>
| #include <stdlib.h>
| #if ((' ' & 0x0FF) == 0x020)
| # define ISLOWER(c) ('a' <= (c) && (c) <= 'z')
| # define TOUPPER(c) (ISLOWER(c) ? 'A' + ((c) - 'a') : (c))
| #else
| # define ISLOWER(c) 		   (('a' <= (c) && (c) <= 'i') 		     || ('j' <= (c) && (c) <= 'r') 		     || ('s' <= (c) && (c) <= 'z'))
| # define TOUPPER(c) (ISLOWER(c) ? ((c) | 0x40) : (c))
| #endif
| 
| #define XOR(e, f) (((e) && !(f)) || (!(e) && (f)))
| int
| main ()
| {
|   int i;
|   for (i = 0; i < 256; i++)
|     if (XOR (islower (i), ISLOWER (i))
| 	|| toupper (i) != TOUPPER (i))
|       return 2;
|   return 0;
| }
configure:5681: result: no
configure:5706: checking for sys/types.h
configure:5727: /usr/bin/gcc -c -g -O2  conftest.c >&5
configure:5734: $? = 0
configure:5751: result: yes
configure:5706: checking for sys/stat.h
configure:5727: /usr/bin/gcc -c -g -O2  conftest.c >&5
configure:5734: $? = 0
configure:5751: result: yes
configure:5706: checking for stdlib.h
configure:5727: /usr/bin/gcc -c -g -O2  conftest.c >&5
configure:5734: $? = 0
configure:5751: result: yes
configure:5706: checking for string.h
configure:5727: /usr/bin/gcc -c -g -O2  conftest.c >&5
configure:5734: $? = 0
configure:5751: result: yes
configure:5706: checking for memory.h
configure:5727: /usr/bin/gcc -c -g -O2  conftest.c >&5
configure:5734: $? = 0
configure:5751: result: yes
configure:5706: checking for strings.h
configure:5727: /usr/bin/gcc -c -g -O2  conftest.c >&5
configure:5734: $? = 0
configure:5751: result: yes
configure:5706: checking for inttypes.h
configure:5727: /usr/bin/gcc -c -g -O2  conftest.c >&5
configure:5734: $? = 0
configure:5751: result: yes
configure:5706: checking for stdint.h
configure:5727: /usr/bin/gcc -c -g -O2  conftest.c >&5
configure:5734: $? = 0
configure:5751: result: yes
configure:5706: checking for unistd.h
configure:5727: /usr/bin/gcc -c -g -O2  conftest.c >&5
configure:5734: $? = 0
configure:5751: result: yes
configure:5782: checking locale.h usability
configure:5799: /usr/bin/gcc -c -g -O2  conftest.c >&5
configure:5806: $? = 0
configure:5820: result: yes
configure:5824: checking locale.h presence
configure:5839: /usr/bin/gcc -E  conftest.c
configure:5846: $? = 0
configure:5860: result: yes
configure:5888: checking for locale.h
configure:5897: result: yes
configure:5913: checking for LC_MESSAGES
configure:5939: /usr/bin/gcc -o conftest -g -O2   conftest.c  >&5
configure:5946: $? = 0
configure:5966: result: yes
configure:5995: checking libintl.h usability
configure:6012: /usr/bin/gcc -c -g -O2  conftest.c >&5
configure:6019: $? = 0
configure:6033: result: yes
configure:6037: checking libintl.h presence
configure:6052: /usr/bin/gcc -E  conftest.c
configure:6059: $? = 0
configure:6073: result: yes
configure:6101: checking for libintl.h
configure:6108: result: yes
configure:6119: checking for ngettext in libc
configure:6147: /usr/bin/gcc -o conftest -g -O2   conftest.c  >&5
Undefined symbols:
  "_libintl_ngettext", referenced from:
      _main in ccQSm5Un.o
ld: symbol(s) not found
collect2: ld returned 1 exit status
configure:6154: $? = 1
configure: failed program was:
| /* confdefs.h.  */
| #define PACKAGE_NAME ""
| #define PACKAGE_TARNAME ""
| #define PACKAGE_VERSION ""
| #define PACKAGE_STRING ""
| #define PACKAGE_BUGREPORT ""
| #define PACKAGE "gxmessage"
| #define VERSION "2.12.2"
| #define HAVE_SYS_TYPES_H 1
| #define HAVE_SYS_STAT_H 1
| #define HAVE_STDLIB_H 1
| #define HAVE_STRING_H 1
| #define HAVE_MEMORY_H 1
| #define HAVE_STRINGS_H 1
| #define HAVE_INTTYPES_H 1
| #define HAVE_STDINT_H 1
| #define HAVE_UNISTD_H 1
| #define HAVE_LOCALE_H 1
| #define HAVE_LC_MESSAGES 1
| /* end confdefs.h.  */
| 
| #include <libintl.h>
| 
| int
| main ()
| {
| return !ngettext ("","", 1)
|   ;
|   return 0;
| }
configure:6175: result: no
configure:6350: checking for bindtextdomain in -lintl
configure:6385: /usr/bin/gcc -o conftest -g -O2   conftest.c -lintl   >&5
configure:6392: $? = 0
configure:6413: result: yes
configure:6416: checking for ngettext in -lintl
configure:6451: /usr/bin/gcc -o conftest -g -O2   conftest.c -lintl   >&5
configure:6458: $? = 0
configure:6479: result: yes
configure:6482: checking for dgettext in -lintl
configure:6517: /usr/bin/gcc -o conftest -g -O2   conftest.c -lintl   >&5
conftest.c:28: warning: conflicting types for built-in function 'dgettext'
configure:6524: $? = 0
configure:6545: result: yes
configure:6718: checking for bind_textdomain_codeset
configure:6774: /usr/bin/gcc -o conftest -g -O2   conftest.c  -lintl  >&5
configure:6781: $? = 0
configure:6803: result: yes
configure:6845: checking for msgfmt
configure:6872: result: /usr/local/bin/msgfmt
configure:6885: checking for dcgettext
configure:6941: /usr/bin/gcc -o conftest -g -O2   conftest.c  -lintl  >&5
conftest.c:46: warning: conflicting types for built-in function 'dcgettext'
configure:6948: $? = 0
configure:6970: result: yes
configure:6983: checking if msgfmt accepts -c
configure:6998: $MSGFMT -c -o /dev/null conftest.foo
configure:7001: $? = 137
configure:7005: result: no
configure: failed input was:
| 
| msgid ""
| msgstr ""
| "Content-Type: text/plain; charset=UTF-8\n"
| "Project-Id-Version: test 1.0\n"
| "PO-Revision-Date: 2007-02-15 12:01+0100\n"
| "Last-Translator: test <foo@bar.xx>\n"
| "Language-Team: C <LL@li.org>\n"
| "MIME-Version: 1.0\n"
| "Content-Transfer-Encoding: 8bit\n"
| 
configure:7013: checking for gmsgfmt
configure:7044: result: /usr/local/bin/msgfmt
configure:7054: checking for xgettext
configure:7081: result: /usr/local/bin/xgettext
configure:7110: /usr/bin/gcc -o conftest -g -O2   conftest.c  -lintl  >&5
configure:7117: $? = 0
configure:7260: result: found xgettext program is not GNU xgettext; ignore it
configure:7362: checking for intltool >= 0.35.0
configure:7369: result: 0.37.1 found
configure:7420: checking for xgettext
configure:7450: result: /usr/local/bin/xgettext
configure:7460: checking for msgmerge
configure:7478: found /usr/local/bin/msgmerge
configure:7490: result: /usr/local/bin/msgmerge
configure:7500: checking for msgfmt
configure:7530: result: /usr/local/bin/msgfmt
configure:7547: error: GNU gettext tools not found; required for intltool

## ---------------- ##
## Cache variables. ##
## ---------------- ##

ac_cv_c_compiler_gnu=yes
ac_cv_env_CC_set=set
ac_cv_env_CC_value=/usr/bin/gcc
ac_cv_env_CFLAGS_set=
ac_cv_env_CFLAGS_value=
ac_cv_env_CPPFLAGS_set=
ac_cv_env_CPPFLAGS_value=
ac_cv_env_CPP_set=
ac_cv_env_CPP_value=
ac_cv_env_LDFLAGS_set=
ac_cv_env_LDFLAGS_value=
ac_cv_env_LIBS_set=
ac_cv_env_LIBS_value=
ac_cv_env_PACKAGE_CFLAGS_set=
ac_cv_env_PACKAGE_CFLAGS_value=
ac_cv_env_PACKAGE_LIBS_set=
ac_cv_env_PACKAGE_LIBS_value=
ac_cv_env_PKG_CONFIG_set=
ac_cv_env_PKG_CONFIG_value=
ac_cv_env_build_alias_set=
ac_cv_env_build_alias_value=
ac_cv_env_host_alias_set=
ac_cv_env_host_alias_value=
ac_cv_env_target_alias_set=
ac_cv_env_target_alias_value=
ac_cv_func_bind_textdomain_codeset=yes
ac_cv_func_dcgettext=yes
ac_cv_header_inttypes_h=yes
ac_cv_header_libintl_h=yes
ac_cv_header_locale_h=yes
ac_cv_header_memory_h=yes
ac_cv_header_stdc=no
ac_cv_header_stdint_h=yes
ac_cv_header_stdlib_h=yes
ac_cv_header_string_h=yes
ac_cv_header_strings_h=yes
ac_cv_header_sys_stat_h=yes
ac_cv_header_sys_types_h=yes
ac_cv_header_unistd_h=yes
ac_cv_lib_intl_bindtextdomain=yes
ac_cv_lib_intl_dgettext=yes
ac_cv_lib_intl_ngettext=yes
ac_cv_objext=o
ac_cv_path_EGREP='/bin/grep -E'
ac_cv_path_GMSGFMT=/usr/local/bin/msgfmt
ac_cv_path_GREP=/bin/grep
ac_cv_path_MSGFMT=/usr/local/bin/msgfmt
ac_cv_path_MSGMERGE=/usr/local/bin/msgmerge
ac_cv_path_XGETTEXT=/usr/local/bin/xgettext
ac_cv_path_install='/usr/bin/install -c'
ac_cv_prog_AWK=gawk
ac_cv_prog_CPP='/usr/bin/gcc -E'
ac_cv_prog_ac_ct_CC=/usr/bin/gcc
ac_cv_prog_cc_c89=
ac_cv_prog_cc_g=yes
ac_cv_prog_make_make_set=yes
ac_cv_search_strerror='none required'
am_cv_CC_dependencies_compiler_type=gcc3
am_cv_prog_cc_stdc=
am_cv_val_LC_MESSAGES=yes
gt_cv_func_dgettext_libc=no
gt_cv_func_dgettext_libintl=yes
gt_cv_func_ngettext_libc=no
gt_cv_have_gettext=yes

## ----------------- ##
## Output variables. ##
## ----------------- ##

ACLOCAL='${SHELL} /home/chris/gxmessage-2.12.2/missing --run aclocal-1.9'
ALL_LINGUAS=''
AMDEPBACKSLASH='\'
AMDEP_FALSE='#'
AMDEP_TRUE=''
AMTAR='${SHELL} /home/chris/gxmessage-2.12.2/missing --run tar'
AUTOCONF='${SHELL} /home/chris/gxmessage-2.12.2/missing --run autoconf'
AUTOHEADER='${SHELL} /home/chris/gxmessage-2.12.2/missing --run autoheader'
AUTOMAKE='${SHELL} /home/chris/gxmessage-2.12.2/missing --run automake-1.9'
AWK='gawk'
CATALOGS=''
CATOBJEXT='.gmo'
CC='/usr/bin/gcc'
CCDEPMODE='depmode=gcc3'
CFLAGS='-g -O2'
CPP='/usr/bin/gcc -E'
CPPFLAGS=''
CYGPATH_W='echo'
DATADIRNAME='share'
DEFS=''
DEPDIR='.deps'
ECHO_C=''
ECHO_N='-n'
ECHO_T=''
EGREP='/bin/grep -E'
EXEEXT=''
GETTEXT_PACKAGE=''
GMOFILES=''
GMSGFMT='/usr/local/bin/msgfmt'
GREP='/bin/grep'
INSTALL_DATA='${INSTALL} -m 644'
INSTALL_PROGRAM='${INSTALL}'
INSTALL_SCRIPT='${INSTALL}'
INSTALL_STRIP_PROGRAM='${SHELL} $(install_sh) -c -s'
INSTOBJEXT='.mo'
INTLLIBS='-lintl '
INTLTOOL_CAVES_RULE='%.caves:     %.caves.in     $(INTLTOOL_MERGE) $(wildcard $(top_srcdir)/po/*.po) ; LC_ALL=C $(INTLTOOL_MERGE) -d -u -c $(top_builddir)/po/.intltool-merge-cache $(top_srcdir)/po $< $@'
INTLTOOL_DESKTOP_RULE='%.desktop:   %.desktop.in   $(INTLTOOL_MERGE) $(wildcard $(top_srcdir)/po/*.po) ; LC_ALL=C $(INTLTOOL_MERGE) -d -u -c $(top_builddir)/po/.intltool-merge-cache $(top_srcdir)/po $< $@'
INTLTOOL_DIRECTORY_RULE='%.directory: %.directory.in $(INTLTOOL_MERGE) $(wildcard $(top_srcdir)/po/*.po) ; LC_ALL=C $(INTLTOOL_MERGE) -d -u -c $(top_builddir)/po/.intltool-merge-cache $(top_srcdir)/po $< $@'
INTLTOOL_EXTRACT=''
INTLTOOL_KBD_RULE='%.kbd:       %.kbd.in       $(INTLTOOL_MERGE) $(wildcard $(top_srcdir)/po/*.po) ; LC_ALL=C $(INTLTOOL_MERGE) -x -u -m -c $(top_builddir)/po/.intltool-merge-cache $(top_srcdir)/po $< $@'
INTLTOOL_KEYS_RULE='%.keys:      %.keys.in      $(INTLTOOL_MERGE) $(wildcard $(top_srcdir)/po/*.po) ; LC_ALL=C $(INTLTOOL_MERGE) -k -u -c $(top_builddir)/po/.intltool-merge-cache $(top_srcdir)/po $< $@'
INTLTOOL_MERGE=''
INTLTOOL_OAF_RULE='%.oaf:       %.oaf.in       $(INTLTOOL_MERGE) $(wildcard $(top_srcdir)/po/*.po) ; LC_ALL=C $(INTLTOOL_MERGE) -o -p $(top_srcdir)/po $< $@'
INTLTOOL_PERL=''
INTLTOOL_POLICY_RULE='%.policy:    %.policy.in    $(INTLTOOL_MERGE) $(wildcard $(top_srcdir)/po/*.po) ; LC_ALL=C $(INTLTOOL_MERGE) -x -u -c $(top_builddir)/po/.intltool-merge-cache $(top_srcdir)/po $< $@'
INTLTOOL_PONG_RULE='%.pong:      %.pong.in      $(INTLTOOL_MERGE) $(wildcard $(top_srcdir)/po/*.po) ; LC_ALL=C $(INTLTOOL_MERGE) -x -u -c $(top_builddir)/po/.intltool-merge-cache $(top_srcdir)/po $< $@'
INTLTOOL_PROP_RULE='%.prop:      %.prop.in      $(INTLTOOL_MERGE) $(wildcard $(top_srcdir)/po/*.po) ; LC_ALL=C $(INTLTOOL_MERGE) -d -u -c $(top_builddir)/po/.intltool-merge-cache $(top_srcdir)/po $< $@'
INTLTOOL_SCHEMAS_RULE='%.schemas:   %.schemas.in   $(INTLTOOL_MERGE) $(wildcard $(top_srcdir)/po/*.po) ; LC_ALL=C $(INTLTOOL_MERGE) -s -u -c $(top_builddir)/po/.intltool-merge-cache $(top_srcdir)/po $< $@'
INTLTOOL_SERVER_RULE='%.server:    %.server.in    $(INTLTOOL_MERGE) $(wildcard $(top_srcdir)/po/*.po) ; LC_ALL=C $(INTLTOOL_MERGE) -o -u -c $(top_builddir)/po/.intltool-merge-cache $(top_srcdir)/po $< $@'
INTLTOOL_SERVICE_RULE='%.service: %.service.in   $(INTLTOOL_MERGE) $(wildcard $(top_srcdir)/po/*.po) ; LC_ALL=C $(INTLTOOL_MERGE) -d -u -c $(top_builddir)/po/.intltool-merge-cache $(top_srcdir)/po $< $@'
INTLTOOL_SHEET_RULE='%.sheet:     %.sheet.in     $(INTLTOOL_MERGE) $(wildcard $(top_srcdir)/po/*.po) ; LC_ALL=C $(INTLTOOL_MERGE) -x -u -c $(top_builddir)/po/.intltool-merge-cache $(top_srcdir)/po $< $@'
INTLTOOL_SOUNDLIST_RULE='%.soundlist: %.soundlist.in $(INTLTOOL_MERGE) $(wildcard $(top_srcdir)/po/*.po) ; LC_ALL=C $(INTLTOOL_MERGE) -d -u -c $(top_builddir)/po/.intltool-merge-cache $(top_srcdir)/po $< $@'
INTLTOOL_THEME_RULE='%.theme:     %.theme.in     $(INTLTOOL_MERGE) $(wildcard $(top_srcdir)/po/*.po) ; LC_ALL=C $(INTLTOOL_MERGE) -d -u -c $(top_builddir)/po/.intltool-merge-cache $(top_srcdir)/po $< $@'
INTLTOOL_UI_RULE='%.ui:        %.ui.in        $(INTLTOOL_MERGE) $(wildcard $(top_srcdir)/po/*.po) ; LC_ALL=C $(INTLTOOL_MERGE) -x -u -c $(top_builddir)/po/.intltool-merge-cache $(top_srcdir)/po $< $@'
INTLTOOL_UPDATE=''
INTLTOOL_XAM_RULE='%.xam:       %.xml.in       $(INTLTOOL_MERGE) $(wildcard $(top_srcdir)/po/*.po) ; LC_ALL=C $(INTLTOOL_MERGE) -x -u -c $(top_builddir)/po/.intltool-merge-cache $(top_srcdir)/po $< $@'
INTLTOOL_XML_NOMERGE_RULE='%.xml:       %.xml.in       $(INTLTOOL_MERGE) ; LC_ALL=C $(INTLTOOL_MERGE) -x -u /tmp $< $@'
INTLTOOL_XML_RULE='%.xml:       %.xml.in       $(INTLTOOL_MERGE) $(wildcard $(top_srcdir)/po/*.po) ; LC_ALL=C $(INTLTOOL_MERGE) -x -u -c $(top_builddir)/po/.intltool-merge-cache $(top_srcdir)/po $< $@'
LDFLAGS=''
LIBOBJS=''
LIBS=''
LTLIBOBJS=''
MAINT='#'
MAINTAINER_MODE_FALSE=''
MAINTAINER_MODE_TRUE='#'
MAKEINFO='${SHELL} /home/chris/gxmessage-2.12.2/missing --run makeinfo'
MKINSTALLDIRS='./mkinstalldirs'
MSGFMT='/usr/local/bin/msgfmt'
MSGFMT_OPTS=''
MSGMERGE='/usr/local/bin/msgmerge'
OBJEXT='o'
PACKAGE='gxmessage'
PACKAGE_BUGREPORT=''
PACKAGE_CFLAGS=''
PACKAGE_LIBS=''
PACKAGE_NAME=''
PACKAGE_STRING=''
PACKAGE_TARNAME=''
PACKAGE_VERSION=''
PATH_SEPARATOR=':'
PKG_CONFIG=''
POFILES=''
POSUB='po'
PO_IN_DATADIR_FALSE=''
PO_IN_DATADIR_TRUE=''
SET_MAKE=''
SHELL='/bin/sh'
STRIP=''
USE_NLS='yes'
VERSION='2.12.2'
XGETTEXT='/usr/local/bin/xgettext'
ac_ct_CC='/usr/bin/gcc'
am__fastdepCC_FALSE='#'
am__fastdepCC_TRUE=''
am__include='include'
am__leading_dot='.'
am__quote=''
am__tar='${AMTAR} chof - "$$tardir"'
am__untar='${AMTAR} xf -'
bindir='${exec_prefix}/bin'
build_alias=''
datadir='${datarootdir}'
datarootdir='${prefix}/share'
docdir='${datarootdir}/doc/${PACKAGE}'
dvidir='${docdir}'
exec_prefix='NONE'
host_alias=''
htmldir='${docdir}'
includedir='${prefix}/include'
infodir='${datarootdir}/info'
install_sh='/home/chris/gxmessage-2.12.2/install-sh'
libdir='${exec_prefix}/lib'
libexecdir='${exec_prefix}/libexec'
localedir='${datarootdir}/locale'
localstatedir='${prefix}/var'
mandir='${datarootdir}/man'
mkdir_p='mkdir -p --'
oldincludedir='/usr/include'
pdfdir='${docdir}'
prefix='NONE'
program_transform_name='s,x,x,'
psdir='${docdir}'
sbindir='${exec_prefix}/sbin'
sharedstatedir='${prefix}/com'
sysconfdir='${prefix}/etc'
target_alias=''

## ----------- ##
## confdefs.h. ##
## ----------- ##

#define PACKAGE_NAME ""
#define PACKAGE_TARNAME ""
#define PACKAGE_VERSION ""
#define PACKAGE_STRING ""
#define PACKAGE_BUGREPORT ""
#define PACKAGE "gxmessage"
#define VERSION "2.12.2"
#define HAVE_SYS_TYPES_H 1
#define HAVE_SYS_STAT_H 1
#define HAVE_STDLIB_H 1
#define HAVE_STRING_H 1
#define HAVE_MEMORY_H 1
#define HAVE_STRINGS_H 1
#define HAVE_INTTYPES_H 1
#define HAVE_STDINT_H 1
#define HAVE_UNISTD_H 1
#define HAVE_LOCALE_H 1
#define HAVE_LC_MESSAGES 1
#define HAVE_BIND_TEXTDOMAIN_CODESET 1
#define HAVE_GETTEXT 1
#define HAVE_DCGETTEXT 1
#define ENABLE_NLS 1

configure: exit 1
