This file contains any messages produced by compilers while
running configure, to aid debugging if configure makes a mistake.

It was created by libXfixes configure 4.0.3, which was
generated by GNU Autoconf 2.60.  Invocation command line was

  $ ./configure 

## --------- ##
## Platform. ##
## --------- ##

hostname = Chriss-iPad
uname -m = iPad1,1
uname -r = 10.4.0
uname -s = Darwin
uname -v = Darwin Kernel Version 10.4.0: Wed Oct 20 20:14:45 PDT 2010; root:xnu-1504.58.28~3/RELEASE_ARM_S5L8930X

/usr/bin/uname -p = unknown
/bin/uname -X     = unknown

/bin/arch              = unknown
/usr/bin/arch -k       = unknown
/usr/convex/getsysinfo = unknown
/usr/bin/hostinfo      = Mach kernel version:
	 Darwin Kernel Version 10.4.0: Wed Oct 20 20:14:45 PDT 2010; root:xnu-1504.58.28~3/RELEASE_ARM_S5L8930X
Kernel configured for a single processor only.
1 processor is physically available.
1 processor is logically available.
Processor type: armv7 (arm v7)
Processor active: 0
Primary memory available: 247.00 megabytes
Default processor set: 36 tasks, 233 threads, 1 processors
Load average: 1.08, Mach factor: 0.50
/bin/machine           = unknown
/usr/bin/oslevel       = unknown
/bin/universe          = unknown

PATH: /usr/local/sbin
PATH: /usr/local/bin
PATH: /usr/sbin
PATH: /usr/bin
PATH: /sbin
PATH: /bin
PATH: /usr/bin/X11
PATH: /usr/games
PATH: /var/mobile/ocaml-3.12.0/bin


## ----------- ##
## Core tests. ##
## ----------- ##

configure:2002: checking for a BSD-compatible install
configure:2058: result: /usr/bin/install -c
configure:2069: checking whether build environment is sane
configure:2112: result: yes
configure:2177: checking for gawk
configure:2193: found /usr/bin/gawk
configure:2204: result: gawk
configure:2215: checking whether make sets $(MAKE)
configure:2236: result: yes
configure:2444: checking whether to enable maintainer-specific portions of Makefiles
configure:2453: result: no
configure:2521: checking for gcc
configure:2548: result: /usr/bin/gcc
configure:2786: checking for C compiler version
configure:2793: /usr/bin/gcc --version >&5
gcc (GCC) 4.2.1 (Based on Apple Inc. build 5555)
Copyright (C) 2007 Free Software Foundation, Inc.
This is free software; see the source for copying conditions.  There is NO
warranty; not even for MERCHANTABILITY or FITNESS FOR A PARTICULAR PURPOSE.

configure:2796: $? = 0
configure:2803: /usr/bin/gcc -v >&5
Using built-in specs.
Target: arm-apple-darwin9
Configured with: ../llvm-gcc-4.2/configure --build=x86_64-unknown-linux-gnu --host=arm-apple-darwin9 --enable-static=no --enable-shared=yes --prefix=/usr --localstatedir=/var/cache/iphone-gcc --enable-languages=c,c++,objc,obj-c++ --enable-wchar_t=no --with-gxx-include-dir=/usr/include/c++/4.0.0
Thread model: posix
gcc version 4.2.1 (Based on Apple Inc. build 5555)
configure:2806: $? = 0
configure:2813: /usr/bin/gcc -V >&5
gcc: '-V' option must have argument
configure:2816: $? = 1
configure:2839: checking for C compiler default output file name
configure:2866: /usr/bin/gcc    conftest.c  >&5
configure:2869: $? = 0
configure:2915: result: a.out
configure:2920: checking whether the C compiler works
configure:2930: ./a.out
configure:2933: $? = 0
configure:2950: result: yes
configure:2957: checking whether we are cross compiling
configure:2959: result: no
configure:2962: checking for suffix of executables
configure:2969: /usr/bin/gcc -o conftest    conftest.c  >&5
configure:2972: $? = 0
configure:2996: result: 
configure:3002: checking for suffix of object files
configure:3028: /usr/bin/gcc -c   conftest.c >&5
configure:3031: $? = 0
configure:3054: result: o
configure:3058: checking whether we are using the GNU C compiler
configure:3087: /usr/bin/gcc -c   conftest.c >&5
configure:3093: $? = 0
configure:3100: test -z "$ac_c_werror_flag" || test ! -s conftest.err
configure:3103: $? = 0
configure:3110: test -s conftest.o
configure:3113: $? = 0
configure:3127: result: yes
configure:3132: checking whether /usr/bin/gcc accepts -g
configure:3162: /usr/bin/gcc -c -g  conftest.c >&5
configure:3168: $? = 0
configure:3175: test -z "$ac_c_werror_flag" || test ! -s conftest.err
configure:3178: $? = 0
configure:3185: test -s conftest.o
configure:3188: $? = 0
configure:3318: result: yes
configure:3335: checking for /usr/bin/gcc option to accept ISO C89
configure:3409: /usr/bin/gcc  -c -g -O2  conftest.c >&5
configure:3415: $? = 0
configure:3422: test -z "$ac_c_werror_flag" || test ! -s conftest.err
configure:3425: $? = 0
configure:3432: test -s conftest.o
configure:3435: $? = 0
configure:3455: result: none needed
configure:3484: checking for style of include used by make
configure:3512: result: GNU
configure:3540: checking dependency style of /usr/bin/gcc
configure:3630: result: gcc3
configure:3725: checking build system type
configure:3743: result: arm-apple-darwin10.4.0
configure:3765: checking host system type
configure:3780: result: arm-apple-darwin10.4.0
configure:3802: checking for a sed that does not truncate output
configure:3856: result: /bin/sed
configure:3859: checking for grep that handles long lines and -e
configure:3933: result: /bin/grep
configure:3938: checking for egrep
configure:4016: result: /bin/grep -E
configure:4032: checking for ld used by /usr/bin/gcc
configure:4099: result: /usr/bin/ld
configure:4108: checking if the linker (/usr/bin/ld) is GNU ld
configure:4123: result: no
configure:4128: checking for /usr/bin/ld option to reload object files
configure:4135: result: -r
configure:4153: checking for BSD-compatible nm
configure:4202: result: /usr/bin/nm -p
configure:4206: checking whether ln -s works
configure:4210: result: yes
configure:4217: checking how to recognise dependent libraries
configure:4393: result: pass_all
configure:4643: checking how to run the C preprocessor
configure:4683: /usr/bin/gcc -E  conftest.c
configure:4689: $? = 0
configure:4727: /usr/bin/gcc -E  conftest.c
conftest.c:10:28: error: ac_nonexistent.h: No such file or directory
configure:4733: $? = 1
configure: failed program was:
| /* confdefs.h.  */
| #define PACKAGE_NAME "libXfixes"
| #define PACKAGE_TARNAME "libXfixes"
| #define PACKAGE_VERSION "4.0.3"
| #define PACKAGE_STRING "libXfixes 4.0.3"
| #define PACKAGE_BUGREPORT "https://bugs.freedesktop.org/enter_bug.cgi?product=xorg"
| #define PACKAGE "libXfixes"
| #define VERSION "4.0.3"
| /* end confdefs.h.  */
| #include <ac_nonexistent.h>
configure:4773: result: /usr/bin/gcc -E
configure:4802: /usr/bin/gcc -E  conftest.c
configure:4808: $? = 0
configure:4846: /usr/bin/gcc -E  conftest.c
conftest.c:10:28: error: ac_nonexistent.h: No such file or directory
configure:4852: $? = 1
configure: failed program was:
| /* confdefs.h.  */
| #define PACKAGE_NAME "libXfixes"
| #define PACKAGE_TARNAME "libXfixes"
| #define PACKAGE_VERSION "4.0.3"
| #define PACKAGE_STRING "libXfixes 4.0.3"
| #define PACKAGE_BUGREPORT "https://bugs.freedesktop.org/enter_bug.cgi?product=xorg"
| #define PACKAGE "libXfixes"
| #define VERSION "4.0.3"
| /* end confdefs.h.  */
| #include <ac_nonexistent.h>
configure:4897: checking for ANSI C header files
configure:4927: /usr/bin/gcc -c -g -O2  conftest.c >&5
configure:4933: $? = 0
configure:4940: test -z "$ac_c_werror_flag" || test ! -s conftest.err
configure:4943: $? = 0
configure:4950: test -s conftest.o
configure:4953: $? = 0
configure:5049: /usr/bin/gcc -o conftest -g -O2   conftest.c  >&5
configure:5052: $? = 0
configure:5058: ./conftest
configure:5061: $? = 0
configure:5078: result: yes
configure:5102: checking for sys/types.h
configure:5123: /usr/bin/gcc -c -g -O2  conftest.c >&5
configure:5129: $? = 0
configure:5136: test -z "$ac_c_werror_flag" || test ! -s conftest.err
configure:5139: $? = 0
configure:5146: test -s conftest.o
configure:5149: $? = 0
configure:5162: result: yes
configure:5102: checking for sys/stat.h
configure:5123: /usr/bin/gcc -c -g -O2  conftest.c >&5
configure:5129: $? = 0
configure:5136: test -z "$ac_c_werror_flag" || test ! -s conftest.err
configure:5139: $? = 0
configure:5146: test -s conftest.o
configure:5149: $? = 0
configure:5162: result: yes
configure:5102: checking for stdlib.h
configure:5123: /usr/bin/gcc -c -g -O2  conftest.c >&5
configure:5129: $? = 0
configure:5136: test -z "$ac_c_werror_flag" || test ! -s conftest.err
configure:5139: $? = 0
configure:5146: test -s conftest.o
configure:5149: $? = 0
configure:5162: result: yes
configure:5102: checking for string.h
configure:5123: /usr/bin/gcc -c -g -O2  conftest.c >&5
configure:5129: $? = 0
configure:5136: test -z "$ac_c_werror_flag" || test ! -s conftest.err
configure:5139: $? = 0
configure:5146: test -s conftest.o
configure:5149: $? = 0
configure:5162: result: yes
configure:5102: checking for memory.h
configure:5123: /usr/bin/gcc -c -g -O2  conftest.c >&5
configure:5129: $? = 0
configure:5136: test -z "$ac_c_werror_flag" || test ! -s conftest.err
configure:5139: $? = 0
configure:5146: test -s conftest.o
configure:5149: $? = 0
configure:5162: result: yes
configure:5102: checking for strings.h
configure:5123: /usr/bin/gcc -c -g -O2  conftest.c >&5
configure:5129: $? = 0
configure:5136: test -z "$ac_c_werror_flag" || test ! -s conftest.err
configure:5139: $? = 0
configure:5146: test -s conftest.o
configure:5149: $? = 0
configure:5162: result: yes
configure:5102: checking for inttypes.h
configure:5123: /usr/bin/gcc -c -g -O2  conftest.c >&5
configure:5129: $? = 0
configure:5136: test -z "$ac_c_werror_flag" || test ! -s conftest.err
configure:5139: $? = 0
configure:5146: test -s conftest.o
configure:5149: $? = 0
configure:5162: result: yes
configure:5102: checking for stdint.h
configure:5123: /usr/bin/gcc -c -g -O2  conftest.c >&5
configure:5129: $? = 0
configure:5136: test -z "$ac_c_werror_flag" || test ! -s conftest.err
configure:5139: $? = 0
configure:5146: test -s conftest.o
configure:5149: $? = 0
configure:5162: result: yes
configure:5102: checking for unistd.h
configure:5123: /usr/bin/gcc -c -g -O2  conftest.c >&5
configure:5129: $? = 0
configure:5136: test -z "$ac_c_werror_flag" || test ! -s conftest.err
configure:5139: $? = 0
configure:5146: test -s conftest.o
configure:5149: $? = 0
configure:5162: result: yes
configure:5189: checking dlfcn.h usability
configure:5206: /usr/bin/gcc -c -g -O2  conftest.c >&5
configure:5212: $? = 0
configure:5219: test -z "$ac_c_werror_flag" || test ! -s conftest.err
configure:5222: $? = 0
configure:5229: test -s conftest.o
configure:5232: $? = 0
configure:5243: result: yes
configure:5247: checking dlfcn.h presence
configure:5262: /usr/bin/gcc -E  conftest.c
configure:5268: $? = 0
configure:5289: result: yes
configure:5322: checking for dlfcn.h
configure:5330: result: yes
configure:5401: checking for g++
configure:5417: found /usr/bin/g++
configure:5428: result: g++
configure:5459: checking for C++ compiler version
configure:5466: g++ --version >&5
g++ (GCC) 4.2.1 (Based on Apple Inc. build 5555)
Copyright (C) 2007 Free Software Foundation, Inc.
This is free software; see the source for copying conditions.  There is NO
warranty; not even for MERCHANTABILITY or FITNESS FOR A PARTICULAR PURPOSE.

configure:5469: $? = 0
configure:5476: g++ -v >&5
Using built-in specs.
Target: arm-apple-darwin9
Configured with: ../llvm-gcc-4.2/configure --build=x86_64-unknown-linux-gnu --host=arm-apple-darwin9 --enable-static=no --enable-shared=yes --prefix=/usr --localstatedir=/var/cache/iphone-gcc --enable-languages=c,c++,objc,obj-c++ --enable-wchar_t=no --with-gxx-include-dir=/usr/include/c++/4.0.0
Thread model: posix
gcc version 4.2.1 (Based on Apple Inc. build 5555)
configure:5479: $? = 0
configure:5486: g++ -V >&5
g++: '-V' option must have argument
configure:5489: $? = 1
configure:5492: checking whether we are using the GNU C++ compiler
configure:5521: g++ -c   conftest.cpp >&5
configure:5527: $? = 0
configure:5534: test -z "$ac_cxx_werror_flag" || test ! -s conftest.err
configure:5537: $? = 0
configure:5544: test -s conftest.o
configure:5547: $? = 0
configure:5561: result: yes
configure:5566: checking whether g++ accepts -g
configure:5596: g++ -c -g  conftest.cpp >&5
configure:5602: $? = 0
configure:5609: test -z "$ac_cxx_werror_flag" || test ! -s conftest.err
configure:5612: $? = 0
configure:5619: test -s conftest.o
configure:5622: $? = 0
configure:5752: result: yes
configure:5777: checking dependency style of g++
configure:5867: result: gcc3
configure:5894: checking how to run the C++ preprocessor
configure:5930: g++ -E  conftest.cpp
configure:5936: $? = 0
configure:5974: g++ -E  conftest.cpp
conftest.cpp:21:28: error: ac_nonexistent.h: No such file or directory
configure:5980: $? = 1
configure: failed program was:
| /* confdefs.h.  */
| #define PACKAGE_NAME "libXfixes"
| #define PACKAGE_TARNAME "libXfixes"
| #define PACKAGE_VERSION "4.0.3"
| #define PACKAGE_STRING "libXfixes 4.0.3"
| #define PACKAGE_BUGREPORT "https://bugs.freedesktop.org/enter_bug.cgi?product=xorg"
| #define PACKAGE "libXfixes"
| #define VERSION "4.0.3"
| #define STDC_HEADERS 1
| #define HAVE_SYS_TYPES_H 1
| #define HAVE_SYS_STAT_H 1
| #define HAVE_STDLIB_H 1
| #define HAVE_STRING_H 1
| #define HAVE_MEMORY_H 1
| #define HAVE_STRINGS_H 1
| #define HAVE_INTTYPES_H 1
| #define HAVE_STDINT_H 1
| #define HAVE_UNISTD_H 1
| #define HAVE_DLFCN_H 1
| /* end confdefs.h.  */
| #include <ac_nonexistent.h>
configure:6020: result: g++ -E
configure:6049: g++ -E  conftest.cpp
configure:6055: $? = 0
configure:6093: g++ -E  conftest.cpp
conftest.cpp:21:28: error: ac_nonexistent.h: No such file or directory
configure:6099: $? = 1
configure: failed program was:
| /* confdefs.h.  */
| #define PACKAGE_NAME "libXfixes"
| #define PACKAGE_TARNAME "libXfixes"
| #define PACKAGE_VERSION "4.0.3"
| #define PACKAGE_STRING "libXfixes 4.0.3"
| #define PACKAGE_BUGREPORT "https://bugs.freedesktop.org/enter_bug.cgi?product=xorg"
| #define PACKAGE "libXfixes"
| #define VERSION "4.0.3"
| #define STDC_HEADERS 1
| #define HAVE_SYS_TYPES_H 1
| #define HAVE_SYS_STAT_H 1
| #define HAVE_STDLIB_H 1
| #define HAVE_STRING_H 1
| #define HAVE_MEMORY_H 1
| #define HAVE_STRINGS_H 1
| #define HAVE_INTTYPES_H 1
| #define HAVE_STDINT_H 1
| #define HAVE_UNISTD_H 1
| #define HAVE_DLFCN_H 1
| /* end confdefs.h.  */
| #include <ac_nonexistent.h>
configure:6199: checking for g77
configure:6229: result: no
configure:6199: checking for f77
configure:6229: result: no
configure:6199: checking for xlf
configure:6229: result: no
configure:6199: checking for frt
configure:6229: result: no
configure:6199: checking for pgf77
configure:6229: result: no
configure:6199: checking for cf77
configure:6229: result: no
configure:6199: checking for fort77
configure:6229: result: no
configure:6199: checking for fl32
configure:6229: result: no
configure:6199: checking for af77
configure:6229: result: no
configure:6199: checking for f90
configure:6229: result: no
configure:6199: checking for xlf90
configure:6229: result: no
configure:6199: checking for pgf90
configure:6229: result: no
configure:6199: checking for pghpf
configure:6229: result: no
configure:6199: checking for epcf90
configure:6229: result: no
configure:6199: checking for gfortran
configure:6229: result: no
configure:6199: checking for g95
configure:6229: result: no
configure:6199: checking for f95
configure:6229: result: no
configure:6199: checking for fort
configure:6229: result: no
configure:6199: checking for xlf95
configure:6229: result: no
configure:6199: checking for ifort
configure:6229: result: no
configure:6199: checking for ifc
configure:6229: result: no
configure:6199: checking for efc
configure:6229: result: no
configure:6199: checking for pgf95
configure:6229: result: no
configure:6199: checking for lf95
configure:6229: result: no
configure:6199: checking for ftn
configure:6229: result: no
configure:6256: checking for Fortran 77 compiler version
configure:6263:  --version >&5
./configure: line 6264: --version: command not found
configure:6266: $? = 127
configure:6273:  -v >&5
./configure: line 6274: -v: command not found
configure:6276: $? = 127
configure:6283:  -V >&5
./configure: line 6284: -V: command not found
configure:6286: $? = 127
configure:6294: checking whether we are using the GNU Fortran 77 compiler
configure:6313:  -c  conftest.F >&5
./configure: line 6314: -c: command not found
configure:6319: $? = 127
configure: failed program was:
|       program main
| #ifndef __GNUC__
|        choke me
| #endif
| 
|       end
configure:6353: result: no
configure:6359: checking whether  accepts -g
configure:6376:  -c -g conftest.f >&5
./configure: line 6377: -c: command not found
configure:6382: $? = 127
configure: failed program was:
|       program main
| 
|       end
configure:6415: result: no
configure:6445: checking the maximum length of command line arguments
configure:6554: result: 196608
configure:6565: checking command to parse /usr/bin/nm -p output from /usr/bin/gcc object
configure:6670: /usr/bin/gcc -c -g -O2  conftest.c >&5
configure:6673: $? = 0
configure:6677: /usr/bin/nm -p conftest.o \| sed -n -e 's/^.*[ 	]\([BCDEGRST][BCDEGRST]*\)[ 	][ 	]*\([_A-Za-z][_A-Za-z0-9]*\)$/\1 \2 \2/p' \> conftest.nm
configure:6680: $? = 0
cannot find nm_test_var in conftest.nm
configure:6670: /usr/bin/gcc -c -g -O2  conftest.c >&5
configure:6673: $? = 0
configure:6677: /usr/bin/nm -p conftest.o \| sed -n -e 's/^.*[ 	]\([BCDEGRST][BCDEGRST]*\)[ 	][ 	]*_\([_A-Za-z][_A-Za-z0-9]*\)$/\1 _\2 \2/p' \> conftest.nm
configure:6680: $? = 0
configure:6732: /usr/bin/gcc -o conftest -g -O2   conftest.c conftstm.o >&5
configure:6735: $? = 0
configure:6773: result: ok
configure:6777: checking for objdir
configure:6792: result: .libs
configure:6884: checking for ar
configure:6900: found /usr/bin/ar
configure:6911: result: ar
configure:6980: checking for ranlib
configure:6996: found /usr/bin/ranlib
configure:7007: result: ranlib
configure:7076: checking for strip
configure:7092: found /usr/bin/strip
configure:7103: result: strip
configure:7389: checking if /usr/bin/gcc supports -fno-rtti -fno-exceptions
configure:7407: /usr/bin/gcc -c -g -O2  -fno-rtti -fno-exceptions conftest.c >&5
cc1: warning: command line option "-fno-rtti" is valid for C++/ObjC++ but not for C
configure:7411: $? = 0
configure:7424: result: no
configure:7439: checking for /usr/bin/gcc option to produce PIC
configure:7649: result: -fno-common
configure:7657: checking if /usr/bin/gcc PIC flag -fno-common works
configure:7675: /usr/bin/gcc -c -g -O2  -fno-common -DPIC conftest.c >&5
configure:7679: $? = 0
configure:7692: result: yes
configure:7720: checking if /usr/bin/gcc static flag -static works
configure:7748: result: no
configure:7758: checking if /usr/bin/gcc supports -c -o file.o
configure:7779: /usr/bin/gcc -c -g -O2  -o out/conftest2.o conftest.c >&5
configure:7783: $? = 0
configure:7805: result: yes
configure:7831: checking whether the /usr/bin/gcc linker (/usr/bin/ld) supports shared libraries
configure:8818: result: yes
configure:8885: checking dynamic linker characteristics
configure:9461: result: darwin10.4.0 dyld
configure:9470: checking how to hardcode library paths into programs
configure:9495: result: immediate
configure:9509: checking whether stripping libraries is possible
configure:9522: result: yes
configure:10427: checking if libtool supports shared libraries
configure:10429: result: yes
configure:10432: checking whether to build shared libraries
configure:10453: result: yes
configure:10456: checking whether to build static libraries
configure:10460: result: yes
configure:10552: creating libtool
configure:11140: checking for ld used by g++
configure:11207: result: /usr/bin/ld
configure:11216: checking if the linker (/usr/bin/ld) is GNU ld
configure:11231: result: no
configure:11282: checking whether the g++ linker (/usr/bin/ld) supports shared libraries
configure:12248: result: yes
configure:12266: g++ -c -g -O2  conftest.cpp >&5
configure:12269: $? = 0
configure:12388: checking for g++ option to produce PIC
configure:12662: result: -fno-common
configure:12670: checking if g++ PIC flag -fno-common works
configure:12688: g++ -c -g -O2  -fno-common -DPIC conftest.cpp >&5
configure:12692: $? = 0
configure:12705: result: yes
configure:12733: checking if g++ static flag -static works
configure:12761: result: no
configure:12771: checking if g++ supports -c -o file.o
configure:12792: g++ -c -g -O2  -o out/conftest2.o conftest.cpp >&5
configure:12796: $? = 0
configure:12818: result: yes
configure:12844: checking whether the g++ linker (/usr/bin/ld) supports shared libraries
configure:12872: result: yes
configure:12939: checking dynamic linker characteristics
configure:13515: result: darwin10.4.0 dyld
configure:13524: checking how to hardcode library paths into programs
configure:13549: result: immediate
configure:19782: checking for pkg-config
configure:19800: found /usr/bin/pkg-config
configure:19812: result: /usr/bin/pkg-config
configure:19841: checking pkg-config is at least version 0.9.0
configure:19844: result: yes
configure:19855: checking for X
configure:19863: $PKG_CONFIG --exists --print-errors "x11"
configure:19866: $? = 0
configure:19881: $PKG_CONFIG --exists --print-errors "x11"
configure:19884: $? = 0
configure:19960: result: yes
configure:19975: checking for FIXESEXT
configure:19983: $PKG_CONFIG --exists --print-errors "xproto fixesproto >= $FIXESEXT_VERSION xextproto"
configure:19986: $? = 0
configure:20001: $PKG_CONFIG --exists --print-errors "xproto fixesproto >= $FIXESEXT_VERSION xextproto"
configure:20004: $? = 0
configure:20080: result: yes
configure:20333: creating ./config.status

## ---------------------- ##
## Running config.status. ##
## ---------------------- ##

This file was extended by libXfixes config.status 4.0.3, which was
generated by GNU Autoconf 2.60.  Invocation command line was

  CONFIG_FILES    = 
  CONFIG_HEADERS  = 
  CONFIG_LINKS    = 
  CONFIG_COMMANDS = 
  $ ./config.status 

on Chriss-iPad

config.status:675: creating Makefile
config.status:675: creating src/Makefile
config.status:675: creating man/Makefile
config.status:675: creating xfixes.pc
config.status:675: creating config.h
config.status:896: config.h is unchanged
config.status:942: executing depfiles commands

## ---------------- ##
## Cache variables. ##
## ---------------- ##

ac_cv_build=arm-apple-darwin10.4.0
ac_cv_c_compiler_gnu=yes
ac_cv_cxx_compiler_gnu=yes
ac_cv_env_CCC_set=
ac_cv_env_CCC_value=
ac_cv_env_CC_set=set
ac_cv_env_CC_value=/usr/bin/gcc
ac_cv_env_CFLAGS_set=
ac_cv_env_CFLAGS_value=
ac_cv_env_CPPFLAGS_set=
ac_cv_env_CPPFLAGS_value=
ac_cv_env_CPP_set=
ac_cv_env_CPP_value=
ac_cv_env_CXXCPP_set=
ac_cv_env_CXXCPP_value=
ac_cv_env_CXXFLAGS_set=
ac_cv_env_CXXFLAGS_value=
ac_cv_env_CXX_set=
ac_cv_env_CXX_value=
ac_cv_env_F77_set=
ac_cv_env_F77_value=
ac_cv_env_FFLAGS_set=
ac_cv_env_FFLAGS_value=
ac_cv_env_FIXESEXT_CFLAGS_set=
ac_cv_env_FIXESEXT_CFLAGS_value=
ac_cv_env_FIXESEXT_LIBS_set=
ac_cv_env_FIXESEXT_LIBS_value=
ac_cv_env_LDFLAGS_set=
ac_cv_env_LDFLAGS_value=
ac_cv_env_PKG_CONFIG_set=
ac_cv_env_PKG_CONFIG_value=
ac_cv_env_X_CFLAGS_set=
ac_cv_env_X_CFLAGS_value=
ac_cv_env_X_LIBS_set=
ac_cv_env_X_LIBS_value=
ac_cv_env_build_alias_set=
ac_cv_env_build_alias_value=
ac_cv_env_host_alias_set=
ac_cv_env_host_alias_value=
ac_cv_env_target_alias_set=
ac_cv_env_target_alias_value=
ac_cv_f77_compiler_gnu=no
ac_cv_header_dlfcn_h=yes
ac_cv_header_inttypes_h=yes
ac_cv_header_memory_h=yes
ac_cv_header_stdc=yes
ac_cv_header_stdint_h=yes
ac_cv_header_stdlib_h=yes
ac_cv_header_string_h=yes
ac_cv_header_strings_h=yes
ac_cv_header_sys_stat_h=yes
ac_cv_header_sys_types_h=yes
ac_cv_header_unistd_h=yes
ac_cv_host=arm-apple-darwin10.4.0
ac_cv_objext=o
ac_cv_path_EGREP='/bin/grep -E'
ac_cv_path_GREP=/bin/grep
ac_cv_path_ac_pt_PKG_CONFIG=/usr/bin/pkg-config
ac_cv_path_install='/usr/bin/install -c'
ac_cv_prog_AWK=gawk
ac_cv_prog_CPP='/usr/bin/gcc -E'
ac_cv_prog_CXXCPP='g++ -E'
ac_cv_prog_ac_ct_AR=ar
ac_cv_prog_ac_ct_CC=/usr/bin/gcc
ac_cv_prog_ac_ct_CXX=g++
ac_cv_prog_ac_ct_RANLIB=ranlib
ac_cv_prog_ac_ct_STRIP=strip
ac_cv_prog_cc_c89=
ac_cv_prog_cc_g=yes
ac_cv_prog_cxx_g=yes
ac_cv_prog_f77_g=no
ac_cv_prog_make_make_set=yes
am_cv_CC_dependencies_compiler_type=gcc3
am_cv_CXX_dependencies_compiler_type=gcc3
lt_cv_deplibs_check_method=pass_all
lt_cv_file_magic_cmd='$MAGIC_CMD'
lt_cv_file_magic_test_file=
lt_cv_ld_reload_flag=-r
lt_cv_objdir=.libs
lt_cv_path_LD=/usr/bin/ld
lt_cv_path_LDCXX=/usr/bin/ld
lt_cv_path_NM='/usr/bin/nm -p'
lt_cv_path_SED=/bin/sed
lt_cv_prog_compiler_c_o=yes
lt_cv_prog_compiler_c_o_CXX=yes
lt_cv_prog_compiler_rtti_exceptions=no
lt_cv_prog_gnu_ld=no
lt_cv_prog_gnu_ldcxx=no
lt_cv_sys_global_symbol_pipe='sed -n -e '\''s/^.*[ 	]\([BCDEGRST][BCDEGRST]*\)[ 	][ 	]*_\([_A-Za-z][_A-Za-z0-9]*\)$/\1 _\2 \2/p'\'''
lt_cv_sys_global_symbol_to_c_name_address='sed -n -e '\''s/^: \([^ ]*\) $/  {\"\1\", (lt_ptr) 0},/p'\'' -e '\''s/^[BCDEGRST] \([^ ]*\) \([^ ]*\)$/  {"\2", (lt_ptr) \&\2},/p'\'''
lt_cv_sys_global_symbol_to_cdecl='sed -n -e '\''s/^. .* \(.*\)$/extern int \1;/p'\'''
lt_cv_sys_max_cmd_len=196608
lt_lt_cv_prog_compiler_c_o='"yes"'
lt_lt_cv_prog_compiler_c_o_CXX='"yes"'
lt_lt_cv_sys_global_symbol_pipe='"sed -n -e '\''s/^.*[ 	]\\([BCDEGRST][BCDEGRST]*\\)[ 	][ 	]*_\\([_A-Za-z][_A-Za-z0-9]*\\)\$/\\1 _\\2 \\2/p'\''"'
lt_lt_cv_sys_global_symbol_to_c_name_address='"sed -n -e '\''s/^: \\([^ ]*\\) \$/  {\\\"\\1\\\", (lt_ptr) 0},/p'\'' -e '\''s/^[BCDEGRST] \\([^ ]*\\) \\([^ ]*\\)\$/  {\"\\2\", (lt_ptr) \\&\\2},/p'\''"'
lt_lt_cv_sys_global_symbol_to_cdecl='"sed -n -e '\''s/^. .* \\(.*\\)\$/extern int \\1;/p'\''"'
pkg_cv_FIXESEXT_CFLAGS=' '
pkg_cv_FIXESEXT_LIBS=' '
pkg_cv_X_CFLAGS=' '
pkg_cv_X_LIBS='-L/usr/local/lib -lX11  '

## ----------------- ##
## Output variables. ##
## ----------------- ##

ACLOCAL='${SHELL} /home/chris/xorg/installed/libXfixes-4.0.3/missing --run aclocal-1.9'
ADMIN_MAN_DIR='$(mandir)/man$(ADMIN_MAN_SUFFIX)'
ADMIN_MAN_SUFFIX='8'
AMCMDECHO='echo'
AMDEPBACKSLASH='\'
AMDEPSHOWCMDSAT=''
AMDEP_FALSE='#'
AMDEP_TRUE=''
AMPRETTYECHO='true'
AMSHOWCMDSAT=''
AMTAR='${SHELL} /home/chris/xorg/installed/libXfixes-4.0.3/missing --run tar'
APP_MAN_DIR='$(mandir)/man$(APP_MAN_SUFFIX)'
APP_MAN_SUFFIX='1'
AR='ar'
AUTOCONF='${SHELL} /home/chris/xorg/installed/libXfixes-4.0.3/missing --run autoconf'
AUTOHEADER='${SHELL} /home/chris/xorg/installed/libXfixes-4.0.3/missing --run autoheader'
AUTOMAKE='${SHELL} /home/chris/xorg/installed/libXfixes-4.0.3/missing --run automake-1.9'
AWK='gawk'
CC='/usr/bin/gcc'
CCDEPMODE='depmode=gcc3'
CFLAGS='-g -O2'
CPP='/usr/bin/gcc -E'
CPPFLAGS=''
CXX='g++'
CXXCPP='g++ -E'
CXXDEPMODE='depmode=gcc3'
CXXFLAGS='-g -O2'
CYGPATH_W='echo'
DEFS='-DHAVE_CONFIG_H'
DEPDIR='.deps'
DRIVER_MAN_DIR='$(mandir)/man$(DRIVER_MAN_SUFFIX)'
DRIVER_MAN_SUFFIX='4'
ECHO='echo'
ECHO_C=''
ECHO_N='-n'
ECHO_T=''
EGREP='/bin/grep -E'
EXEEXT=''
F77=''
FFLAGS=''
FILE_MAN_DIR='$(mandir)/man$(FILE_MAN_SUFFIX)'
FILE_MAN_SUFFIX='5'
FIXESEXT_CFLAGS=' '
FIXESEXT_LIBS=' '
FIXESEXT_VERSION='4.0'
GREP='/bin/grep'
INSTALL_DATA='${INSTALL} -m 644'
INSTALL_PROGRAM='${INSTALL}'
INSTALL_SCRIPT='${INSTALL}'
INSTALL_STRIP_PROGRAM='${SHELL} $(install_sh) -c -s'
LDFLAGS=''
LIBOBJS=''
LIBS=''
LIBTOOL='$(SHELL) $(top_builddir)/libtool'
LIB_MAN_DIR='$(mandir)/man$(LIB_MAN_SUFFIX)'
LIB_MAN_SUFFIX='3'
LN_S='ln -s'
LTLIBOBJS=''
LT_QUIET=''
MAINT='#'
MAINTAINER_MODE_FALSE=''
MAINTAINER_MODE_TRUE='#'
MAKEINFO='${SHELL} /home/chris/xorg/installed/libXfixes-4.0.3/missing --run makeinfo'
MISC_MAN_DIR='$(mandir)/man$(MISC_MAN_SUFFIX)'
MISC_MAN_SUFFIX='7'
OBJEXT='o'
PACKAGE='libXfixes'
PACKAGE_BUGREPORT='https://bugs.freedesktop.org/enter_bug.cgi?product=xorg'
PACKAGE_NAME='libXfixes'
PACKAGE_STRING='libXfixes 4.0.3'
PACKAGE_TARNAME='libXfixes'
PACKAGE_VERSION='4.0.3'
PATH_SEPARATOR=':'
PKG_CONFIG='/usr/bin/pkg-config'
RANLIB='ranlib'
SET_MAKE=''
SHELL='/bin/sh'
STRIP='strip'
VERSION='4.0.3'
X_CFLAGS=' '
X_LIBS='-L/usr/local/lib -lX11  '
ac_ct_CC='/usr/bin/gcc'
ac_ct_CXX='g++'
ac_ct_F77=''
am__fastdepCC_FALSE='#'
am__fastdepCC_TRUE=''
am__fastdepCXX_FALSE='#'
am__fastdepCXX_TRUE=''
am__include='include'
am__leading_dot='.'
am__quote=''
am__tar='${AMTAR} chof - "$$tardir"'
am__untar='${AMTAR} xf -'
bindir='${exec_prefix}/bin'
build='arm-apple-darwin10.4.0'
build_alias=''
build_cpu='arm'
build_os='darwin10.4.0'
build_vendor='apple'
datadir='${datarootdir}'
datarootdir='${prefix}/share'
docdir='${datarootdir}/doc/${PACKAGE_TARNAME}'
dvidir='${docdir}'
exec_prefix='${prefix}'
host='arm-apple-darwin10.4.0'
host_alias=''
host_cpu='arm'
host_os='darwin10.4.0'
host_vendor='apple'
htmldir='${docdir}'
includedir='${prefix}/include'
infodir='${datarootdir}/info'
install_sh='/home/chris/xorg/installed/libXfixes-4.0.3/install-sh'
libdir='${exec_prefix}/lib'
libexecdir='${exec_prefix}/libexec'
localedir='${datarootdir}/locale'
localstatedir='${prefix}/var'
mandir='${datarootdir}/man'
mkdir_p='mkdir -p --'
oldincludedir='/usr/include'
pdfdir='${docdir}'
prefix='/usr/local'
program_transform_name='s,x,x,'
psdir='${docdir}'
sbindir='${exec_prefix}/sbin'
sharedstatedir='${prefix}/com'
sysconfdir='${prefix}/etc'
target_alias=''

## ----------- ##
## confdefs.h. ##
## ----------- ##

#define PACKAGE_NAME "libXfixes"
#define PACKAGE_TARNAME "libXfixes"
#define PACKAGE_VERSION "4.0.3"
#define PACKAGE_STRING "libXfixes 4.0.3"
#define PACKAGE_BUGREPORT "https://bugs.freedesktop.org/enter_bug.cgi?product=xorg"
#define PACKAGE "libXfixes"
#define VERSION "4.0.3"
#define STDC_HEADERS 1
#define HAVE_SYS_TYPES_H 1
#define HAVE_SYS_STAT_H 1
#define HAVE_STDLIB_H 1
#define HAVE_STRING_H 1
#define HAVE_MEMORY_H 1
#define HAVE_STRINGS_H 1
#define HAVE_INTTYPES_H 1
#define HAVE_STDINT_H 1
#define HAVE_UNISTD_H 1
#define HAVE_DLFCN_H 1

configure: exit 0
