This file contains any messages produced by compilers while
running configure, to aid debugging if configure makes a mistake.

It was created by libXt configure 1.0.5, which was
generated by GNU Autoconf 2.60.  Invocation command line was

  $ ./configure 

## --------- ##
## Platform. ##
## --------- ##

hostname = Chriss-iPad
uname -m = iPad1,1
uname -r = 10.4.0
uname -s = Darwin
uname -v = Darwin Kernel Version 10.4.0: Wed Oct 20 20:14:45 PDT 2010; root:xnu-1504.58.28~3/RELEASE_ARM_S5L8930X

/usr/bin/uname -p = unknown
/bin/uname -X     = unknown

/bin/arch              = unknown
/usr/bin/arch -k       = unknown
/usr/convex/getsysinfo = unknown
/usr/bin/hostinfo      = Mach kernel version:
	 Darwin Kernel Version 10.4.0: Wed Oct 20 20:14:45 PDT 2010; root:xnu-1504.58.28~3/RELEASE_ARM_S5L8930X
Kernel configured for a single processor only.
1 processor is physically available.
1 processor is logically available.
Processor type: armv7 (arm v7)
Processor active: 0
Primary memory available: 247.00 megabytes
Default processor set: 34 tasks, 229 threads, 1 processors
Load average: 1.72, Mach factor: 0.18
/bin/machine           = unknown
/usr/bin/oslevel       = unknown
/bin/universe          = unknown

PATH: /usr/local/sbin
PATH: /usr/local/bin
PATH: /usr/sbin
PATH: /usr/bin
PATH: /sbin
PATH: /bin
PATH: /usr/bin/X11
PATH: /usr/games
PATH: /var/mobile/ocaml-3.12.0/bin


## ----------- ##
## Core tests. ##
## ----------- ##

configure:2006: checking for a BSD-compatible install
configure:2062: result: /usr/bin/install -c
configure:2073: checking whether build environment is sane
configure:2116: result: yes
configure:2181: checking for gawk
configure:2197: found /usr/bin/gawk
configure:2208: result: gawk
configure:2219: checking whether make sets $(MAKE)
configure:2240: result: yes
configure:2424: checking whether to enable maintainer-specific portions of Makefiles
configure:2433: result: no
configure:2501: checking for gcc
configure:2528: result: /usr/bin/gcc
configure:2766: checking for C compiler version
configure:2773: /usr/bin/gcc --version >&5
gcc (GCC) 4.2.1 (Based on Apple Inc. build 5555)
Copyright (C) 2007 Free Software Foundation, Inc.
This is free software; see the source for copying conditions.  There is NO
warranty; not even for MERCHANTABILITY or FITNESS FOR A PARTICULAR PURPOSE.

configure:2776: $? = 0
configure:2783: /usr/bin/gcc -v >&5
Using built-in specs.
Target: arm-apple-darwin9
Configured with: ../llvm-gcc-4.2/configure --build=x86_64-unknown-linux-gnu --host=arm-apple-darwin9 --enable-static=no --enable-shared=yes --prefix=/usr --localstatedir=/var/cache/iphone-gcc --enable-languages=c,c++,objc,obj-c++ --enable-wchar_t=no --with-gxx-include-dir=/usr/include/c++/4.0.0
Thread model: posix
gcc version 4.2.1 (Based on Apple Inc. build 5555)
configure:2786: $? = 0
configure:2793: /usr/bin/gcc -V >&5
gcc: '-V' option must have argument
configure:2796: $? = 1
configure:2819: checking for C compiler default output file name
configure:2846: /usr/bin/gcc    conftest.c  >&5
configure:2849: $? = 0
configure:2895: result: a.out
configure:2900: checking whether the C compiler works
configure:2910: ./a.out
configure:2913: $? = 0
configure:2930: result: yes
configure:2937: checking whether we are cross compiling
configure:2939: result: no
configure:2942: checking for suffix of executables
configure:2949: /usr/bin/gcc -o conftest    conftest.c  >&5
configure:2952: $? = 0
configure:2976: result: 
configure:2982: checking for suffix of object files
configure:3008: /usr/bin/gcc -c   conftest.c >&5
configure:3011: $? = 0
configure:3034: result: o
configure:3038: checking whether we are using the GNU C compiler
configure:3067: /usr/bin/gcc -c   conftest.c >&5
configure:3073: $? = 0
configure:3080: test -z "$ac_c_werror_flag" || test ! -s conftest.err
configure:3083: $? = 0
configure:3090: test -s conftest.o
configure:3093: $? = 0
configure:3107: result: yes
configure:3112: checking whether /usr/bin/gcc accepts -g
configure:3142: /usr/bin/gcc -c -g  conftest.c >&5
configure:3148: $? = 0
configure:3155: test -z "$ac_c_werror_flag" || test ! -s conftest.err
configure:3158: $? = 0
configure:3165: test -s conftest.o
configure:3168: $? = 0
configure:3298: result: yes
configure:3315: checking for /usr/bin/gcc option to accept ISO C89
configure:3389: /usr/bin/gcc  -c -g -O2  conftest.c >&5
configure:3395: $? = 0
configure:3402: test -z "$ac_c_werror_flag" || test ! -s conftest.err
configure:3405: $? = 0
configure:3412: test -s conftest.o
configure:3415: $? = 0
configure:3435: result: none needed
configure:3464: checking for style of include used by make
configure:3492: result: GNU
configure:3520: checking dependency style of /usr/bin/gcc
configure:3610: result: gcc3
configure:3705: checking build system type
configure:3723: result: arm-apple-darwin10.4.0
configure:3745: checking host system type
configure:3760: result: arm-apple-darwin10.4.0
configure:3782: checking for a sed that does not truncate output
configure:3836: result: /bin/sed
configure:3839: checking for grep that handles long lines and -e
configure:3913: result: /bin/grep
configure:3918: checking for egrep
configure:3996: result: /bin/grep -E
configure:4012: checking for ld used by /usr/bin/gcc
configure:4079: result: /usr/bin/ld
configure:4088: checking if the linker (/usr/bin/ld) is GNU ld
configure:4103: result: no
configure:4108: checking for /usr/bin/ld option to reload object files
configure:4115: result: -r
configure:4133: checking for BSD-compatible nm
configure:4182: result: /usr/bin/nm -p
configure:4186: checking whether ln -s works
configure:4190: result: yes
configure:4197: checking how to recognise dependent libraries
configure:4373: result: pass_all
configure:4623: checking how to run the C preprocessor
configure:4663: /usr/bin/gcc -E  conftest.c
configure:4669: $? = 0
configure:4707: /usr/bin/gcc -E  conftest.c
conftest.c:10:28: error: ac_nonexistent.h: No such file or directory
configure:4713: $? = 1
configure: failed program was:
| /* confdefs.h.  */
| #define PACKAGE_NAME "libXt"
| #define PACKAGE_TARNAME "libXt"
| #define PACKAGE_VERSION "1.0.5"
| #define PACKAGE_STRING "libXt 1.0.5"
| #define PACKAGE_BUGREPORT "https://bugs.freedesktop.org/enter_bug.cgi?product=xorg"
| #define PACKAGE "libXt"
| #define VERSION "1.0.5"
| /* end confdefs.h.  */
| #include <ac_nonexistent.h>
configure:4753: result: /usr/bin/gcc -E
configure:4782: /usr/bin/gcc -E  conftest.c
configure:4788: $? = 0
configure:4826: /usr/bin/gcc -E  conftest.c
conftest.c:10:28: error: ac_nonexistent.h: No such file or directory
configure:4832: $? = 1
configure: failed program was:
| /* confdefs.h.  */
| #define PACKAGE_NAME "libXt"
| #define PACKAGE_TARNAME "libXt"
| #define PACKAGE_VERSION "1.0.5"
| #define PACKAGE_STRING "libXt 1.0.5"
| #define PACKAGE_BUGREPORT "https://bugs.freedesktop.org/enter_bug.cgi?product=xorg"
| #define PACKAGE "libXt"
| #define VERSION "1.0.5"
| /* end confdefs.h.  */
| #include <ac_nonexistent.h>
configure:4877: checking for ANSI C header files
configure:4907: /usr/bin/gcc -c -g -O2  conftest.c >&5
configure:4913: $? = 0
configure:4920: test -z "$ac_c_werror_flag" || test ! -s conftest.err
configure:4923: $? = 0
configure:4930: test -s conftest.o
configure:4933: $? = 0
configure:5029: /usr/bin/gcc -o conftest -g -O2   conftest.c  >&5
configure:5032: $? = 0
configure:5038: ./conftest
configure:5041: $? = 0
configure:5058: result: yes
configure:5082: checking for sys/types.h
configure:5103: /usr/bin/gcc -c -g -O2  conftest.c >&5
configure:5109: $? = 0
configure:5116: test -z "$ac_c_werror_flag" || test ! -s conftest.err
configure:5119: $? = 0
configure:5126: test -s conftest.o
configure:5129: $? = 0
configure:5142: result: yes
configure:5082: checking for sys/stat.h
configure:5103: /usr/bin/gcc -c -g -O2  conftest.c >&5
configure:5109: $? = 0
configure:5116: test -z "$ac_c_werror_flag" || test ! -s conftest.err
configure:5119: $? = 0
configure:5126: test -s conftest.o
configure:5129: $? = 0
configure:5142: result: yes
configure:5082: checking for stdlib.h
configure:5103: /usr/bin/gcc -c -g -O2  conftest.c >&5
configure:5109: $? = 0
configure:5116: test -z "$ac_c_werror_flag" || test ! -s conftest.err
configure:5119: $? = 0
configure:5126: test -s conftest.o
configure:5129: $? = 0
configure:5142: result: yes
configure:5082: checking for string.h
configure:5103: /usr/bin/gcc -c -g -O2  conftest.c >&5
configure:5109: $? = 0
configure:5116: test -z "$ac_c_werror_flag" || test ! -s conftest.err
configure:5119: $? = 0
configure:5126: test -s conftest.o
configure:5129: $? = 0
configure:5142: result: yes
configure:5082: checking for memory.h
configure:5103: /usr/bin/gcc -c -g -O2  conftest.c >&5
configure:5109: $? = 0
configure:5116: test -z "$ac_c_werror_flag" || test ! -s conftest.err
configure:5119: $? = 0
configure:5126: test -s conftest.o
configure:5129: $? = 0
configure:5142: result: yes
configure:5082: checking for strings.h
configure:5103: /usr/bin/gcc -c -g -O2  conftest.c >&5
configure:5109: $? = 0
configure:5116: test -z "$ac_c_werror_flag" || test ! -s conftest.err
configure:5119: $? = 0
configure:5126: test -s conftest.o
configure:5129: $? = 0
configure:5142: result: yes
configure:5082: checking for inttypes.h
configure:5103: /usr/bin/gcc -c -g -O2  conftest.c >&5
configure:5109: $? = 0
configure:5116: test -z "$ac_c_werror_flag" || test ! -s conftest.err
configure:5119: $? = 0
configure:5126: test -s conftest.o
configure:5129: $? = 0
configure:5142: result: yes
configure:5082: checking for stdint.h
configure:5103: /usr/bin/gcc -c -g -O2  conftest.c >&5
configure:5109: $? = 0
configure:5116: test -z "$ac_c_werror_flag" || test ! -s conftest.err
configure:5119: $? = 0
configure:5126: test -s conftest.o
configure:5129: $? = 0
configure:5142: result: yes
configure:5082: checking for unistd.h
configure:5103: /usr/bin/gcc -c -g -O2  conftest.c >&5
configure:5109: $? = 0
configure:5116: test -z "$ac_c_werror_flag" || test ! -s conftest.err
configure:5119: $? = 0
configure:5126: test -s conftest.o
configure:5129: $? = 0
configure:5142: result: yes
configure:5169: checking dlfcn.h usability
configure:5186: /usr/bin/gcc -c -g -O2  conftest.c >&5
configure:5192: $? = 0
configure:5199: test -z "$ac_c_werror_flag" || test ! -s conftest.err
configure:5202: $? = 0
configure:5209: test -s conftest.o
configure:5212: $? = 0
configure:5223: result: yes
configure:5227: checking dlfcn.h presence
configure:5242: /usr/bin/gcc -E  conftest.c
configure:5248: $? = 0
configure:5269: result: yes
configure:5302: checking for dlfcn.h
configure:5310: result: yes
configure:5381: checking for g++
configure:5397: found /usr/bin/g++
configure:5408: result: g++
configure:5439: checking for C++ compiler version
configure:5446: g++ --version >&5
g++ (GCC) 4.2.1 (Based on Apple Inc. build 5555)
Copyright (C) 2007 Free Software Foundation, Inc.
This is free software; see the source for copying conditions.  There is NO
warranty; not even for MERCHANTABILITY or FITNESS FOR A PARTICULAR PURPOSE.

configure:5449: $? = 0
configure:5456: g++ -v >&5
Using built-in specs.
Target: arm-apple-darwin9
Configured with: ../llvm-gcc-4.2/configure --build=x86_64-unknown-linux-gnu --host=arm-apple-darwin9 --enable-static=no --enable-shared=yes --prefix=/usr --localstatedir=/var/cache/iphone-gcc --enable-languages=c,c++,objc,obj-c++ --enable-wchar_t=no --with-gxx-include-dir=/usr/include/c++/4.0.0
Thread model: posix
gcc version 4.2.1 (Based on Apple Inc. build 5555)
configure:5459: $? = 0
configure:5466: g++ -V >&5
g++: '-V' option must have argument
configure:5469: $? = 1
configure:5472: checking whether we are using the GNU C++ compiler
configure:5501: g++ -c   conftest.cpp >&5
configure:5507: $? = 0
configure:5514: test -z "$ac_cxx_werror_flag" || test ! -s conftest.err
configure:5517: $? = 0
configure:5524: test -s conftest.o
configure:5527: $? = 0
configure:5541: result: yes
configure:5546: checking whether g++ accepts -g
configure:5576: g++ -c -g  conftest.cpp >&5
configure:5582: $? = 0
configure:5589: test -z "$ac_cxx_werror_flag" || test ! -s conftest.err
configure:5592: $? = 0
configure:5599: test -s conftest.o
configure:5602: $? = 0
configure:5732: result: yes
configure:5757: checking dependency style of g++
configure:5847: result: gcc3
configure:5874: checking how to run the C++ preprocessor
configure:5910: g++ -E  conftest.cpp
configure:5916: $? = 0
configure:5954: g++ -E  conftest.cpp
conftest.cpp:21:28: error: ac_nonexistent.h: No such file or directory
configure:5960: $? = 1
configure: failed program was:
| /* confdefs.h.  */
| #define PACKAGE_NAME "libXt"
| #define PACKAGE_TARNAME "libXt"
| #define PACKAGE_VERSION "1.0.5"
| #define PACKAGE_STRING "libXt 1.0.5"
| #define PACKAGE_BUGREPORT "https://bugs.freedesktop.org/enter_bug.cgi?product=xorg"
| #define PACKAGE "libXt"
| #define VERSION "1.0.5"
| #define STDC_HEADERS 1
| #define HAVE_SYS_TYPES_H 1
| #define HAVE_SYS_STAT_H 1
| #define HAVE_STDLIB_H 1
| #define HAVE_STRING_H 1
| #define HAVE_MEMORY_H 1
| #define HAVE_STRINGS_H 1
| #define HAVE_INTTYPES_H 1
| #define HAVE_STDINT_H 1
| #define HAVE_UNISTD_H 1
| #define HAVE_DLFCN_H 1
| /* end confdefs.h.  */
| #include <ac_nonexistent.h>
configure:6000: result: g++ -E
configure:6029: g++ -E  conftest.cpp
configure:6035: $? = 0
configure:6073: g++ -E  conftest.cpp
conftest.cpp:21:28: error: ac_nonexistent.h: No such file or directory
configure:6079: $? = 1
configure: failed program was:
| /* confdefs.h.  */
| #define PACKAGE_NAME "libXt"
| #define PACKAGE_TARNAME "libXt"
| #define PACKAGE_VERSION "1.0.5"
| #define PACKAGE_STRING "libXt 1.0.5"
| #define PACKAGE_BUGREPORT "https://bugs.freedesktop.org/enter_bug.cgi?product=xorg"
| #define PACKAGE "libXt"
| #define VERSION "1.0.5"
| #define STDC_HEADERS 1
| #define HAVE_SYS_TYPES_H 1
| #define HAVE_SYS_STAT_H 1
| #define HAVE_STDLIB_H 1
| #define HAVE_STRING_H 1
| #define HAVE_MEMORY_H 1
| #define HAVE_STRINGS_H 1
| #define HAVE_INTTYPES_H 1
| #define HAVE_STDINT_H 1
| #define HAVE_UNISTD_H 1
| #define HAVE_DLFCN_H 1
| /* end confdefs.h.  */
| #include <ac_nonexistent.h>
configure:6179: checking for g77
configure:6209: result: no
configure:6179: checking for f77
configure:6209: result: no
configure:6179: checking for xlf
configure:6209: result: no
configure:6179: checking for frt
configure:6209: result: no
configure:6179: checking for pgf77
configure:6209: result: no
configure:6179: checking for cf77
configure:6209: result: no
configure:6179: checking for fort77
configure:6209: result: no
configure:6179: checking for fl32
configure:6209: result: no
configure:6179: checking for af77
configure:6209: result: no
configure:6179: checking for f90
configure:6209: result: no
configure:6179: checking for xlf90
configure:6209: result: no
configure:6179: checking for pgf90
configure:6209: result: no
configure:6179: checking for pghpf
configure:6209: result: no
configure:6179: checking for epcf90
configure:6209: result: no
configure:6179: checking for gfortran
configure:6209: result: no
configure:6179: checking for g95
configure:6209: result: no
configure:6179: checking for f95
configure:6209: result: no
configure:6179: checking for fort
configure:6209: result: no
configure:6179: checking for xlf95
configure:6209: result: no
configure:6179: checking for ifort
configure:6209: result: no
configure:6179: checking for ifc
configure:6209: result: no
configure:6179: checking for efc
configure:6209: result: no
configure:6179: checking for pgf95
configure:6209: result: no
configure:6179: checking for lf95
configure:6209: result: no
configure:6179: checking for ftn
configure:6209: result: no
configure:6236: checking for Fortran 77 compiler version
configure:6243:  --version >&5
./configure: line 6244: --version: command not found
configure:6246: $? = 127
configure:6253:  -v >&5
./configure: line 6254: -v: command not found
configure:6256: $? = 127
configure:6263:  -V >&5
./configure: line 6264: -V: command not found
configure:6266: $? = 127
configure:6274: checking whether we are using the GNU Fortran 77 compiler
configure:6293:  -c  conftest.F >&5
./configure: line 6294: -c: command not found
configure:6299: $? = 127
configure: failed program was:
|       program main
| #ifndef __GNUC__
|        choke me
| #endif
| 
|       end
configure:6333: result: no
configure:6339: checking whether  accepts -g
configure:6356:  -c -g conftest.f >&5
./configure: line 6357: -c: command not found
configure:6362: $? = 127
configure: failed program was:
|       program main
| 
|       end
configure:6395: result: no
configure:6425: checking the maximum length of command line arguments
configure:6534: result: 196608
configure:6545: checking command to parse /usr/bin/nm -p output from /usr/bin/gcc object
configure:6650: /usr/bin/gcc -c -g -O2  conftest.c >&5
configure:6653: $? = 0
configure:6657: /usr/bin/nm -p conftest.o \| sed -n -e 's/^.*[ 	]\([BCDEGRST][BCDEGRST]*\)[ 	][ 	]*\([_A-Za-z][_A-Za-z0-9]*\)$/\1 \2 \2/p' \> conftest.nm
configure:6660: $? = 0
cannot find nm_test_var in conftest.nm
configure:6650: /usr/bin/gcc -c -g -O2  conftest.c >&5
configure:6653: $? = 0
configure:6657: /usr/bin/nm -p conftest.o \| sed -n -e 's/^.*[ 	]\([BCDEGRST][BCDEGRST]*\)[ 	][ 	]*_\([_A-Za-z][_A-Za-z0-9]*\)$/\1 _\2 \2/p' \> conftest.nm
configure:6660: $? = 0
configure:6712: /usr/bin/gcc -o conftest -g -O2   conftest.c conftstm.o >&5
configure:6715: $? = 0
configure:6753: result: ok
configure:6757: checking for objdir
configure:6772: result: .libs
configure:6864: checking for ar
configure:6880: found /usr/bin/ar
configure:6891: result: ar
configure:6960: checking for ranlib
configure:6976: found /usr/bin/ranlib
configure:6987: result: ranlib
configure:7056: checking for strip
configure:7072: found /usr/bin/strip
configure:7083: result: strip
configure:7369: checking if /usr/bin/gcc supports -fno-rtti -fno-exceptions
configure:7387: /usr/bin/gcc -c -g -O2  -fno-rtti -fno-exceptions conftest.c >&5
cc1: warning: command line option "-fno-rtti" is valid for C++/ObjC++ but not for C
configure:7391: $? = 0
configure:7404: result: no
configure:7419: checking for /usr/bin/gcc option to produce PIC
configure:7629: result: -fno-common
configure:7637: checking if /usr/bin/gcc PIC flag -fno-common works
configure:7655: /usr/bin/gcc -c -g -O2  -fno-common -DPIC conftest.c >&5
configure:7659: $? = 0
configure:7672: result: yes
configure:7700: checking if /usr/bin/gcc static flag -static works
configure:7728: result: no
configure:7738: checking if /usr/bin/gcc supports -c -o file.o
configure:7759: /usr/bin/gcc -c -g -O2  -o out/conftest2.o conftest.c >&5
configure:7763: $? = 0
configure:7785: result: yes
configure:7811: checking whether the /usr/bin/gcc linker (/usr/bin/ld) supports shared libraries
configure:8797: result: yes
configure:8864: checking dynamic linker characteristics
configure:9452: result: darwin10.4.0 dyld
configure:9461: checking how to hardcode library paths into programs
configure:9486: result: immediate
configure:9500: checking whether stripping libraries is possible
configure:9513: result: yes
configure:10418: checking if libtool supports shared libraries
configure:10420: result: yes
configure:10423: checking whether to build shared libraries
configure:10444: result: yes
configure:10447: checking whether to build static libraries
configure:10451: result: yes
configure:10543: creating libtool
configure:11131: checking for ld used by g++
configure:11198: result: /usr/bin/ld
configure:11207: checking if the linker (/usr/bin/ld) is GNU ld
configure:11222: result: no
configure:11273: checking whether the g++ linker (/usr/bin/ld) supports shared libraries
configure:12239: result: yes
configure:12257: g++ -c -g -O2  conftest.cpp >&5
configure:12260: $? = 0
configure:12379: checking for g++ option to produce PIC
configure:12653: result: -fno-common
configure:12661: checking if g++ PIC flag -fno-common works
configure:12679: g++ -c -g -O2  -fno-common -DPIC conftest.cpp >&5
configure:12683: $? = 0
configure:12696: result: yes
configure:12724: checking if g++ static flag -static works
configure:12752: result: no
configure:12762: checking if g++ supports -c -o file.o
configure:12783: g++ -c -g -O2  -o out/conftest2.o conftest.cpp >&5
configure:12787: $? = 0
configure:12809: result: yes
configure:12835: checking whether the g++ linker (/usr/bin/ld) supports shared libraries
configure:12860: result: yes
configure:12927: checking dynamic linker characteristics
configure:13515: result: darwin10.4.0 dyld
configure:13524: checking how to hardcode library paths into programs
configure:13549: result: immediate
configure:19803: checking for pkg-config
configure:19821: found /usr/bin/pkg-config
configure:19833: result: /usr/bin/pkg-config
configure:19862: checking pkg-config is at least version 0.9.0
configure:19865: result: yes
configure:19876: checking for XT
configure:19881: $PKG_CONFIG --exists --print-errors "sm x11 xproto kbproto"
configure:19884: $? = 0
configure:19895: $PKG_CONFIG --exists --print-errors "sm x11 xproto kbproto"
configure:19898: $? = 0
configure:19953: result: yes
configure:19969: checking alloca.h usability
configure:19986: /usr/bin/gcc -c -g -O2  conftest.c >&5
configure:19992: $? = 0
configure:19999: test -z "$ac_c_werror_flag" || test ! -s conftest.err
configure:20002: $? = 0
configure:20009: test -s conftest.o
configure:20012: $? = 0
configure:20023: result: yes
configure:20027: checking alloca.h presence
configure:20042: /usr/bin/gcc -E  conftest.c
configure:20048: $? = 0
configure:20069: result: yes
configure:20102: checking for alloca.h
configure:20109: result: yes
configure:20124: checking for poll
configure:20180: /usr/bin/gcc -o conftest -g -O2   conftest.c  >&5
configure:20186: $? = 0
configure:20193: test -z "$ac_c_werror_flag" || test ! -s conftest.err
configure:20196: $? = 0
configure:20203: test -s conftest
configure:20206: $? = 0
configure:20219: result: yes
configure:20229: checking for snprintf
configure:20285: /usr/bin/gcc -o conftest -g -O2   conftest.c  >&5
conftest.c:46: warning: conflicting types for built-in function 'snprintf'
configure:20291: $? = 0
configure:20298: test -z "$ac_c_werror_flag" || test ! -s conftest.err
configure:20301: $? = 0
configure:20308: test -s conftest
configure:20311: $? = 0
configure:20324: result: yes
configure:20431: checking for cpp
configure:20450: found /usr/bin/cpp
configure:20462: result: /usr/bin/cpp
configure:20478: checking if /usr/bin/cpp requires -undef
configure:20484: result: no
configure:20499: checking if /usr/bin/cpp requires -traditional
configure:20510: result: yes
configure:20605: checking whether malloc(0) returns NULL
configure:20635: /usr/bin/gcc -o conftest -g -O2   conftest.c  >&5
conftest.c:2: warning: conflicting types for built-in function 'malloc'
conftest.c:4: warning: conflicting types for built-in function 'calloc'
conftest.c: In function 'main':
conftest.c:11: warning: incompatible implicit declaration of built-in function 'exit'
configure:20638: $? = 0
configure:20644: ./conftest
configure:20647: $? = 1
configure: program exited with status 1
configure: failed program was:
| 
| char *malloc();
| char *realloc();
| char *calloc();
| main() {
|     char *m0, *r0, *c0, *p;
|     m0 = malloc(0);
|     p = malloc(10);
|     r0 = realloc(p,0);
|     c0 = calloc(0);
|     exit(m0 == 0 || r0 == 0 || c0 == 0 ? 0 : 1);
| }
configure:20663: result: no
configure:20857: creating ./config.status

## ---------------------- ##
## Running config.status. ##
## ---------------------- ##

This file was extended by libXt config.status 1.0.5, which was
generated by GNU Autoconf 2.60.  Invocation command line was

  CONFIG_FILES    = 
  CONFIG_HEADERS  = 
  CONFIG_LINKS    = 
  CONFIG_COMMANDS = 
  $ ./config.status 

on Chriss-iPad

config.status:679: creating Makefile
config.status:679: creating src/Makefile
config.status:679: creating util/Makefile
config.status:679: creating include/Makefile
config.status:679: creating man/Makefile
config.status:679: creating xt.pc
config.status:679: creating config.h
config.status:908: config.h is unchanged
config.status:954: executing depfiles commands

## ---------------- ##
## Cache variables. ##
## ---------------- ##

ac_cv_build=arm-apple-darwin10.4.0
ac_cv_c_compiler_gnu=yes
ac_cv_cxx_compiler_gnu=yes
ac_cv_env_CCC_set=
ac_cv_env_CCC_value=
ac_cv_env_CC_set=set
ac_cv_env_CC_value=/usr/bin/gcc
ac_cv_env_CFLAGS_set=
ac_cv_env_CFLAGS_value=
ac_cv_env_CPPFLAGS_set=
ac_cv_env_CPPFLAGS_value=
ac_cv_env_CPP_set=
ac_cv_env_CPP_value=
ac_cv_env_CXXCPP_set=
ac_cv_env_CXXCPP_value=
ac_cv_env_CXXFLAGS_set=
ac_cv_env_CXXFLAGS_value=
ac_cv_env_CXX_set=
ac_cv_env_CXX_value=
ac_cv_env_F77_set=
ac_cv_env_F77_value=
ac_cv_env_FFLAGS_set=
ac_cv_env_FFLAGS_value=
ac_cv_env_LDFLAGS_set=
ac_cv_env_LDFLAGS_value=
ac_cv_env_PKG_CONFIG_set=
ac_cv_env_PKG_CONFIG_value=
ac_cv_env_XT_CFLAGS_set=
ac_cv_env_XT_CFLAGS_value=
ac_cv_env_XT_LIBS_set=
ac_cv_env_XT_LIBS_value=
ac_cv_env_build_alias_set=
ac_cv_env_build_alias_value=
ac_cv_env_host_alias_set=
ac_cv_env_host_alias_value=
ac_cv_env_target_alias_set=
ac_cv_env_target_alias_value=
ac_cv_f77_compiler_gnu=no
ac_cv_func_poll=yes
ac_cv_func_snprintf=yes
ac_cv_header_alloca_h=yes
ac_cv_header_dlfcn_h=yes
ac_cv_header_inttypes_h=yes
ac_cv_header_memory_h=yes
ac_cv_header_stdc=yes
ac_cv_header_stdint_h=yes
ac_cv_header_stdlib_h=yes
ac_cv_header_string_h=yes
ac_cv_header_strings_h=yes
ac_cv_header_sys_stat_h=yes
ac_cv_header_sys_types_h=yes
ac_cv_header_unistd_h=yes
ac_cv_host=arm-apple-darwin10.4.0
ac_cv_objext=o
ac_cv_path_EGREP='/bin/grep -E'
ac_cv_path_GREP=/bin/grep
ac_cv_path_RAWCPP=/usr/bin/cpp
ac_cv_path_ac_pt_PKG_CONFIG=/usr/bin/pkg-config
ac_cv_path_install='/usr/bin/install -c'
ac_cv_prog_AWK=gawk
ac_cv_prog_CPP='/usr/bin/gcc -E'
ac_cv_prog_CXXCPP='g++ -E'
ac_cv_prog_ac_ct_AR=ar
ac_cv_prog_ac_ct_CC=/usr/bin/gcc
ac_cv_prog_ac_ct_CXX=g++
ac_cv_prog_ac_ct_RANLIB=ranlib
ac_cv_prog_ac_ct_STRIP=strip
ac_cv_prog_cc_c89=
ac_cv_prog_cc_g=yes
ac_cv_prog_cxx_g=yes
ac_cv_prog_f77_g=no
ac_cv_prog_make_make_set=yes
am_cv_CC_dependencies_compiler_type=gcc3
am_cv_CXX_dependencies_compiler_type=gcc3
lt_cv_deplibs_check_method=pass_all
lt_cv_file_magic_cmd='$MAGIC_CMD'
lt_cv_file_magic_test_file=
lt_cv_ld_reload_flag=-r
lt_cv_objdir=.libs
lt_cv_path_LD=/usr/bin/ld
lt_cv_path_LDCXX=/usr/bin/ld
lt_cv_path_NM='/usr/bin/nm -p'
lt_cv_path_SED=/bin/sed
lt_cv_prog_compiler_c_o=yes
lt_cv_prog_compiler_c_o_CXX=yes
lt_cv_prog_compiler_rtti_exceptions=no
lt_cv_prog_gnu_ld=no
lt_cv_prog_gnu_ldcxx=no
lt_cv_sys_global_symbol_pipe='sed -n -e '\''s/^.*[ 	]\([BCDEGRST][BCDEGRST]*\)[ 	][ 	]*_\([_A-Za-z][_A-Za-z0-9]*\)$/\1 _\2 \2/p'\'''
lt_cv_sys_global_symbol_to_c_name_address='sed -n -e '\''s/^: \([^ ]*\) $/  {\"\1\", (lt_ptr) 0},/p'\'' -e '\''s/^[BCDEGRST] \([^ ]*\) \([^ ]*\)$/  {"\2", (lt_ptr) \&\2},/p'\'''
lt_cv_sys_global_symbol_to_cdecl='sed -n -e '\''s/^. .* \(.*\)$/extern int \1;/p'\'''
lt_cv_sys_max_cmd_len=196608
lt_lt_cv_prog_compiler_c_o='"yes"'
lt_lt_cv_prog_compiler_c_o_CXX='"yes"'
lt_lt_cv_sys_global_symbol_pipe='"sed -n -e '\''s/^.*[ 	]\\([BCDEGRST][BCDEGRST]*\\)[ 	][ 	]*_\\([_A-Za-z][_A-Za-z0-9]*\\)\$/\\1 _\\2 \\2/p'\''"'
lt_lt_cv_sys_global_symbol_to_c_name_address='"sed -n -e '\''s/^: \\([^ ]*\\) \$/  {\\\"\\1\\\", (lt_ptr) 0},/p'\'' -e '\''s/^[BCDEGRST] \\([^ ]*\\) \\([^ ]*\\)\$/  {\"\\2\", (lt_ptr) \\&\\2},/p'\''"'
lt_lt_cv_sys_global_symbol_to_cdecl='"sed -n -e '\''s/^. .* \\(.*\\)\$/extern int \\1;/p'\''"'
pkg_cv_XT_CFLAGS=' '
pkg_cv_XT_LIBS='-L/usr/local/lib -lSM -lICE -lX11  '

## ----------------- ##
## Output variables. ##
## ----------------- ##

ACLOCAL='${SHELL} /home/chris/xorg/installed/libXt-1.0.5/missing --run aclocal-1.9'
ADMIN_MAN_DIR='$(mandir)/man$(ADMIN_MAN_SUFFIX)'
ADMIN_MAN_SUFFIX='8'
AMDEPBACKSLASH='\'
AMDEP_FALSE='#'
AMDEP_TRUE=''
AMTAR='${SHELL} /home/chris/xorg/installed/libXt-1.0.5/missing --run tar'
APP_MAN_DIR='$(mandir)/man$(APP_MAN_SUFFIX)'
APP_MAN_SUFFIX='1'
AR='ar'
AUTOCONF='${SHELL} /home/chris/xorg/installed/libXt-1.0.5/missing --run autoconf'
AUTOHEADER='${SHELL} /home/chris/xorg/installed/libXt-1.0.5/missing --run autoheader'
AUTOMAKE='${SHELL} /home/chris/xorg/installed/libXt-1.0.5/missing --run automake-1.9'
AWK='gawk'
CC='/usr/bin/gcc'
CCDEPMODE='depmode=gcc3'
CFLAGS='-g -O2'
CPP='/usr/bin/gcc -E'
CPPFLAGS=''
CXX='g++'
CXXCPP='g++ -E'
CXXDEPMODE='depmode=gcc3'
CXXFLAGS='-g -O2'
CYGPATH_W='echo'
DEFS='-DHAVE_CONFIG_H'
DEPDIR='.deps'
DRIVER_MAN_DIR='$(mandir)/man$(DRIVER_MAN_SUFFIX)'
DRIVER_MAN_SUFFIX='4'
ECHO='echo'
ECHO_C=''
ECHO_N='-n'
ECHO_T=''
EGREP='/bin/grep -E'
EXEEXT=''
F77=''
FFLAGS=''
FILE_MAN_DIR='$(mandir)/man$(FILE_MAN_SUFFIX)'
FILE_MAN_SUFFIX='5'
GREP='/bin/grep'
INSTALL_DATA='${INSTALL} -m 644'
INSTALL_MAKESTRS_FALSE='#'
INSTALL_MAKESTRS_TRUE=''
INSTALL_PROGRAM='${INSTALL}'
INSTALL_SCRIPT='${INSTALL}'
INSTALL_STRIP_PROGRAM='${SHELL} $(install_sh) -c -s'
LDFLAGS=''
LIBOBJS=''
LIBS=''
LIBTOOL='$(SHELL) $(top_builddir)/libtool'
LIB_MAN_DIR='$(mandir)/man$(LIB_MAN_SUFFIX)'
LIB_MAN_SUFFIX='3'
LN_S='ln -s'
LTLIBOBJS=''
MAINT='#'
MAINTAINER_MODE_FALSE=''
MAINTAINER_MODE_TRUE='#'
MAKEINFO='${SHELL} /home/chris/xorg/installed/libXt-1.0.5/missing --run makeinfo'
MALLOC_ZERO_CFLAGS=''
MISC_MAN_DIR='$(mandir)/man$(MISC_MAN_SUFFIX)'
MISC_MAN_SUFFIX='7'
OBJEXT='o'
PACKAGE='libXt'
PACKAGE_BUGREPORT='https://bugs.freedesktop.org/enter_bug.cgi?product=xorg'
PACKAGE_NAME='libXt'
PACKAGE_STRING='libXt 1.0.5'
PACKAGE_TARNAME='libXt'
PACKAGE_VERSION='1.0.5'
PATH_SEPARATOR=':'
PKG_CONFIG='/usr/bin/pkg-config'
RANLIB='ranlib'
RAWCPP='/usr/bin/cpp'
RAWCPPFLAGS=' -traditional'
SET_MAKE=''
SHELL='/bin/sh'
STRINGSABIOPTIONS=''
STRIP='strip'
VERSION='1.0.5'
XFILESEARCHPATHDEFAULT='$(sysconfdir)/X11/%L/%T/%N%C%S:$(sysconfdir)/X11/%l/%T/%N%C%S:$(sysconfdir)/X11/%T/%N%C%S:$(sysconfdir)/X11/%L/%T/%N%S:$(sysconfdir)/X11/%l/%T/%N%S:$(sysconfdir)/X11/%T/%N%S:$(datadir)/X11/%L/%T/%N%C%S:$(datadir)/X11/%l/%T/%N%C%S:$(datadir)/X11/%T/%N%C%S:$(datadir)/X11/%L/%T/%N%S:$(datadir)/X11/%l/%T/%N%S:$(datadir)/X11/%T/%N%S:$(libdir)/X11/%L/%T/%N%C%S:$(libdir)/X11/%l/%T/%N%C%S:$(libdir)/X11/%T/%N%C%S:$(libdir)/X11/%L/%T/%N%S:$(libdir)/X11/%l/%T/%N%S:$(libdir)/X11/%T/%N%S'
XMALLOC_ZERO_CFLAGS=''
XTMALLOC_ZERO_CFLAGS=''
XT_CFLAGS=' '
XT_LIBS='-L/usr/local/lib -lSM -lICE -lX11  '
ac_ct_CC='/usr/bin/gcc'
ac_ct_CXX='g++'
ac_ct_F77=''
am__fastdepCC_FALSE='#'
am__fastdepCC_TRUE=''
am__fastdepCXX_FALSE='#'
am__fastdepCXX_TRUE=''
am__include='include'
am__leading_dot='.'
am__quote=''
am__tar='${AMTAR} chof - "$$tardir"'
am__untar='${AMTAR} xf -'
appdefaultdir='/usr/local/share/X11/app-defaults'
bindir='${exec_prefix}/bin'
build='arm-apple-darwin10.4.0'
build_alias=''
build_cpu='arm'
build_os='darwin10.4.0'
build_vendor='apple'
datadir='${datarootdir}'
datarootdir='${prefix}/share'
docdir='${datarootdir}/doc/${PACKAGE_TARNAME}'
dvidir='${docdir}'
exec_prefix='${prefix}'
host='arm-apple-darwin10.4.0'
host_alias=''
host_cpu='arm'
host_os='darwin10.4.0'
host_vendor='apple'
htmldir='${docdir}'
includedir='${prefix}/include'
infodir='${datarootdir}/info'
install_sh='/home/chris/xorg/installed/libXt-1.0.5/install-sh'
libdir='${exec_prefix}/lib'
libexecdir='${exec_prefix}/libexec'
localedir='${datarootdir}/locale'
localstatedir='${prefix}/var'
mandir='${datarootdir}/man'
mkdir_p='mkdir -p --'
oldincludedir='/usr/include'
pdfdir='${docdir}'
prefix='/usr/local'
program_transform_name='s,x,x,'
psdir='${docdir}'
sbindir='${exec_prefix}/sbin'
sharedstatedir='${prefix}/com'
sysconfdir='${prefix}/etc'
target_alias=''

## ----------- ##
## confdefs.h. ##
## ----------- ##

#define PACKAGE_NAME "libXt"
#define PACKAGE_TARNAME "libXt"
#define PACKAGE_VERSION "1.0.5"
#define PACKAGE_STRING "libXt 1.0.5"
#define PACKAGE_BUGREPORT "https://bugs.freedesktop.org/enter_bug.cgi?product=xorg"
#define PACKAGE "libXt"
#define VERSION "1.0.5"
#define STDC_HEADERS 1
#define HAVE_SYS_TYPES_H 1
#define HAVE_SYS_STAT_H 1
#define HAVE_STDLIB_H 1
#define HAVE_STRING_H 1
#define HAVE_MEMORY_H 1
#define HAVE_STRINGS_H 1
#define HAVE_INTTYPES_H 1
#define HAVE_STDINT_H 1
#define HAVE_UNISTD_H 1
#define HAVE_DLFCN_H 1
#define INCLUDE_ALLOCA_H 1
#define USE_POLL 1
#define USE_SNPRINTF 1
#define XKB 1
#define appdefaultdir "/usr/local/share/X11/app-defaults"
#define PACKAGE_VERSION_MAJOR 1
#define PACKAGE_VERSION_MINOR 0
#define PACKAGE_VERSION_PATCHLEVEL 5

configure: exit 0
