This file contains any messages produced by compilers while
running configure, to aid debugging if configure makes a mistake.

It was created by xdpyinfo configure 1.0.3, which was
generated by GNU Autoconf 2.61.  Invocation command line was

  $ ./configure 

## --------- ##
## Platform. ##
## --------- ##

hostname = Chriss-iPad
uname -m = iPad1,1
uname -r = 10.4.0
uname -s = Darwin
uname -v = Darwin Kernel Version 10.4.0: Wed Oct 20 20:14:45 PDT 2010; root:xnu-1504.58.28~3/RELEASE_ARM_S5L8930X

/usr/bin/uname -p = unknown
/bin/uname -X     = unknown

/bin/arch              = unknown
/usr/bin/arch -k       = unknown
/usr/convex/getsysinfo = unknown
/usr/bin/hostinfo      = Mach kernel version:
	 Darwin Kernel Version 10.4.0: Wed Oct 20 20:14:45 PDT 2010; root:xnu-1504.58.28~3/RELEASE_ARM_S5L8930X
Kernel configured for a single processor only.
1 processor is physically available.
1 processor is logically available.
Processor type: armv7 (arm v7)
Processor active: 0
Primary memory available: 247.00 megabytes
Default processor set: 30 tasks, 228 threads, 1 processors
Load average: 1.95, Mach factor: 0.21
/bin/machine           = unknown
/usr/bin/oslevel       = unknown
/bin/universe          = unknown

PATH: /usr/local/sbin
PATH: /usr/local/bin
PATH: /usr/sbin
PATH: /usr/bin
PATH: /sbin
PATH: /bin
PATH: /usr/bin/X11
PATH: /usr/games
PATH: /var/mobile/ocaml-3.12.0/bin


## ----------- ##
## Core tests. ##
## ----------- ##

configure:1882: checking for a BSD-compatible install
configure:1938: result: /usr/bin/install -c
configure:1949: checking whether build environment is sane
configure:1992: result: yes
configure:2020: checking for a thread-safe mkdir -p
configure:2059: result: /bin/mkdir -p
configure:2072: checking for gawk
configure:2088: found /usr/bin/gawk
configure:2099: result: gawk
configure:2110: checking whether make sets $(MAKE)
configure:2131: result: yes
configure:2319: checking whether to enable maintainer-specific portions of Makefiles
configure:2328: result: no
configure:2393: checking for gcc
configure:2420: result: /usr/bin/gcc
configure:2658: checking for C compiler version
configure:2665: /usr/bin/gcc --version >&5
gcc (GCC) 4.2.1 (Based on Apple Inc. build 5555)
Copyright (C) 2007 Free Software Foundation, Inc.
This is free software; see the source for copying conditions.  There is NO
warranty; not even for MERCHANTABILITY or FITNESS FOR A PARTICULAR PURPOSE.

configure:2668: $? = 0
configure:2675: /usr/bin/gcc -v >&5
Using built-in specs.
Target: arm-apple-darwin9
Configured with: ../llvm-gcc-4.2/configure --build=x86_64-unknown-linux-gnu --host=arm-apple-darwin9 --enable-static=no --enable-shared=yes --prefix=/usr --localstatedir=/var/cache/iphone-gcc --enable-languages=c,c++,objc,obj-c++ --enable-wchar_t=no --with-gxx-include-dir=/usr/include/c++/4.0.0
Thread model: posix
gcc version 4.2.1 (Based on Apple Inc. build 5555)
configure:2678: $? = 0
configure:2685: /usr/bin/gcc -V >&5
gcc: '-V' option must have argument
configure:2688: $? = 1
configure:2711: checking for C compiler default output file name
configure:2738: /usr/bin/gcc    conftest.c  >&5
configure:2741: $? = 0
configure:2779: result: a.out
configure:2796: checking whether the C compiler works
configure:2806: ./a.out
configure:2809: $? = 0
configure:2826: result: yes
configure:2833: checking whether we are cross compiling
configure:2835: result: no
configure:2838: checking for suffix of executables
configure:2845: /usr/bin/gcc -o conftest    conftest.c  >&5
configure:2848: $? = 0
configure:2872: result: 
configure:2878: checking for suffix of object files
configure:2904: /usr/bin/gcc -c   conftest.c >&5
configure:2907: $? = 0
configure:2930: result: o
configure:2934: checking whether we are using the GNU C compiler
configure:2963: /usr/bin/gcc -c   conftest.c >&5
configure:2969: $? = 0
configure:2986: result: yes
configure:2991: checking whether /usr/bin/gcc accepts -g
configure:3021: /usr/bin/gcc -c -g  conftest.c >&5
configure:3027: $? = 0
configure:3126: result: yes
configure:3143: checking for /usr/bin/gcc option to accept ISO C89
configure:3217: /usr/bin/gcc  -c -g -O2  conftest.c >&5
configure:3223: $? = 0
configure:3246: result: none needed
configure:3275: checking for style of include used by make
configure:3303: result: GNU
configure:3328: checking dependency style of /usr/bin/gcc
configure:3419: result: gcc3
configure:3447: checking for a BSD-compatible install
configure:3503: result: /usr/bin/install -c
configure:3565: checking for pkg-config
configure:3583: found /usr/bin/pkg-config
configure:3595: result: /usr/bin/pkg-config
configure:3624: checking pkg-config is at least version 0.9.0
configure:3627: result: yes
configure:3638: checking for XDPYINFO
configure:3645: $PKG_CONFIG --exists --print-errors "xext x11 xtst"
configure:3648: $? = 0
configure:3661: $PKG_CONFIG --exists --print-errors "xext x11 xtst"
configure:3664: $? = 0
configure:3739: result: yes
configure:3749: checking for DPY_X11
configure:3756: $PKG_CONFIG --exists --print-errors "x11"
configure:3759: $? = 0
configure:3772: $PKG_CONFIG --exists --print-errors "x11"
configure:3775: $? = 0
configure:3850: result: yes
configure:3858: checking for DPY_XEXT
configure:3865: $PKG_CONFIG --exists --print-errors "xext"
configure:3868: $? = 0
configure:3881: $PKG_CONFIG --exists --print-errors "xext"
configure:3884: $? = 0
configure:3919: result: yes
configure:3928: checking for X11/extensions/multibuf.h
configure:3949: /usr/bin/gcc -c -g -O2      conftest.c >&5
configure:3955: $? = 0
configure:3971: result: yes
configure:3928: checking for X11/extensions/XShm.h
configure:3949: /usr/bin/gcc -c -g -O2      conftest.c >&5
configure:3955: $? = 0
configure:3971: result: yes
configure:3987: checking for DPY_XKB
configure:3994: $PKG_CONFIG --exists --print-errors "x11"
configure:3997: $? = 0
configure:4010: $PKG_CONFIG --exists --print-errors "x11"
configure:4013: $? = 0
configure:4048: result: yes
configure:4057: checking for X11/extensions/XKB.h
configure:4078: /usr/bin/gcc -c -g -O2      conftest.c >&5
configure:4084: $? = 0
configure:4100: result: yes
configure:4057: checking for X11/XKBlib.h
configure:4078: /usr/bin/gcc -c -g -O2      conftest.c >&5
configure:4084: $? = 0
configure:4100: result: yes
configure:4116: checking for DPY_XF86VIDMODE
configure:4123: $PKG_CONFIG --exists --print-errors "xxf86vm"
configure:4126: $? = 0
configure:4139: $PKG_CONFIG --exists --print-errors "xxf86vm"
configure:4142: $? = 0
configure:4177: result: yes
configure:4186: checking for X11/extensions/xf86vmode.h
configure:4207: /usr/bin/gcc -c -g -O2      conftest.c >&5
configure:4213: $? = 0
configure:4229: result: yes
configure:4186: checking for X11/extensions/xf86vmstr.h
configure:4207: /usr/bin/gcc -c -g -O2      conftest.c >&5
configure:4213: $? = 0
configure:4229: result: yes
configure:4254: checking for DPY_XF86DGA
configure:4261: $PKG_CONFIG --exists --print-errors "xxf86dga"
configure:4264: $? = 0
configure:4277: $PKG_CONFIG --exists --print-errors "xxf86dga"
configure:4280: $? = 0
configure:4315: result: yes
configure:4324: checking for X11/extensions/xf86dga.h
configure:4346: /usr/bin/gcc -c -g -O2      conftest.c >&5
configure:4352: $? = 0
configure:4368: result: yes
configure:4324: checking for X11/extensions/xf86dgastr.h
configure:4346: /usr/bin/gcc -c -g -O2      conftest.c >&5
configure:4352: $? = 0
configure:4368: result: yes
configure:4388: checking for DPY_XF86MISC
configure:4395: $PKG_CONFIG --exists --print-errors "xxf86misc"
configure:4398: $? = 0
configure:4411: $PKG_CONFIG --exists --print-errors "xxf86misc"
configure:4414: $? = 0
configure:4449: result: yes
configure:4458: checking for X11/extensions/xf86misc.h
configure:4480: /usr/bin/gcc -c -g -O2      conftest.c >&5
configure:4486: $? = 0
configure:4502: result: yes
configure:4458: checking for X11/extensions/xf86mscstr.h
configure:4480: /usr/bin/gcc -c -g -O2      conftest.c >&5
configure:4486: $? = 0
configure:4502: result: yes
configure:4518: checking for DPY_XINPUT
configure:4525: $PKG_CONFIG --exists --print-errors "xi"
configure:4528: $? = 0
configure:4541: $PKG_CONFIG --exists --print-errors "xi"
configure:4544: $? = 0
configure:4579: result: yes
configure:4587: checking for X11/extensions/XInput.h
configure:4608: /usr/bin/gcc -c -g -O2      conftest.c >&5
configure:4614: $? = 0
configure:4630: result: yes
configure:4646: checking for DPY_XRENDER
configure:4653: $PKG_CONFIG --exists --print-errors "xrender"
configure:4656: $? = 0
configure:4669: $PKG_CONFIG --exists --print-errors "xrender"
configure:4672: $? = 0
configure:4707: result: yes
configure:4715: checking for X11/extensions/Xrender.h
configure:4736: /usr/bin/gcc -c -g -O2      conftest.c >&5
configure:4742: $? = 0
configure:4758: result: yes
configure:4783: checking for DPY_XINERAMA
configure:4790: $PKG_CONFIG --exists --print-errors "xinerama"
configure:4793: $? = 0
configure:4806: $PKG_CONFIG --exists --print-errors "xinerama"
configure:4809: $? = 0
configure:4844: result: yes
configure:4852: checking for X11/extensions/Xinerama.h
configure:4873: /usr/bin/gcc -c -g -O2      conftest.c >&5
configure:4879: $? = 0
configure:4895: result: yes
configure:4923: checking for DPY_DMX
configure:4930: $PKG_CONFIG --exists --print-errors "dmx"
configure:4933: $? = 0
configure:4946: $PKG_CONFIG --exists --print-errors "dmx"
configure:4949: $? = 0
configure:4984: result: yes
configure:4992: checking for X11/extensions/dmxext.h
configure:5013: /usr/bin/gcc -c -g -O2      conftest.c >&5
configure:5019: $? = 0
configure:5035: result: yes
configure:5054: checking for DPY_XPRINT
configure:5061: $PKG_CONFIG --exists --print-errors "xp"
Package xp was not found in the pkg-config search path.
Perhaps you should add the directory containing `xp.pc'
to the PKG_CONFIG_PATH environment variable
No package 'xp' found
configure:5064: $? = 1
configure:5077: $PKG_CONFIG --exists --print-errors "xp"
Package xp was not found in the pkg-config search path.
Perhaps you should add the directory containing `xp.pc'
to the PKG_CONFIG_PATH environment variable
No package 'xp' found
configure:5080: $? = 1
No package 'xp' found
configure:5107: result: no
configure:5182: checking for DPY_XTST
configure:5189: $PKG_CONFIG --exists --print-errors "xtst"
configure:5192: $? = 0
configure:5205: $PKG_CONFIG --exists --print-errors "xtst"
configure:5208: $? = 0
configure:5243: result: yes
configure:5251: checking for X11/extensions/record.h
configure:5272: /usr/bin/gcc -c -g -O2      conftest.c >&5
configure:5278: $? = 0
configure:5294: result: yes
configure:5355: checking build system type
configure:5373: result: arm-apple-darwin10.4.0
configure:5395: checking host system type
configure:5410: result: arm-apple-darwin10.4.0
configure:5673: creating ./config.status

## ---------------------- ##
## Running config.status. ##
## ---------------------- ##

This file was extended by xdpyinfo config.status 1.0.3, which was
generated by GNU Autoconf 2.61.  Invocation command line was

  CONFIG_FILES    = 
  CONFIG_HEADERS  = 
  CONFIG_LINKS    = 
  CONFIG_COMMANDS = 
  $ ./config.status 

on Chriss-iPad

config.status:689: creating Makefile
config.status:689: creating config.h
config.status:970: executing depfiles commands

## ---------------- ##
## Cache variables. ##
## ---------------- ##

ac_cv_build=arm-apple-darwin10.4.0
ac_cv_c_compiler_gnu=yes
ac_cv_env_CC_set=set
ac_cv_env_CC_value=/usr/bin/gcc
ac_cv_env_CFLAGS_set=
ac_cv_env_CFLAGS_value=
ac_cv_env_CPPFLAGS_set=
ac_cv_env_CPPFLAGS_value=
ac_cv_env_DPY_DMX_CFLAGS_set=
ac_cv_env_DPY_DMX_CFLAGS_value=
ac_cv_env_DPY_DMX_LIBS_set=
ac_cv_env_DPY_DMX_LIBS_value=
ac_cv_env_DPY_X11_CFLAGS_set=
ac_cv_env_DPY_X11_CFLAGS_value=
ac_cv_env_DPY_X11_LIBS_set=
ac_cv_env_DPY_X11_LIBS_value=
ac_cv_env_DPY_XEXT_CFLAGS_set=
ac_cv_env_DPY_XEXT_CFLAGS_value=
ac_cv_env_DPY_XEXT_LIBS_set=
ac_cv_env_DPY_XEXT_LIBS_value=
ac_cv_env_DPY_XF86DGA_CFLAGS_set=
ac_cv_env_DPY_XF86DGA_CFLAGS_value=
ac_cv_env_DPY_XF86DGA_LIBS_set=
ac_cv_env_DPY_XF86DGA_LIBS_value=
ac_cv_env_DPY_XF86MISC_CFLAGS_set=
ac_cv_env_DPY_XF86MISC_CFLAGS_value=
ac_cv_env_DPY_XF86MISC_LIBS_set=
ac_cv_env_DPY_XF86MISC_LIBS_value=
ac_cv_env_DPY_XF86VIDMODE_CFLAGS_set=
ac_cv_env_DPY_XF86VIDMODE_CFLAGS_value=
ac_cv_env_DPY_XF86VIDMODE_LIBS_set=
ac_cv_env_DPY_XF86VIDMODE_LIBS_value=
ac_cv_env_DPY_XINERAMA_CFLAGS_set=
ac_cv_env_DPY_XINERAMA_CFLAGS_value=
ac_cv_env_DPY_XINERAMA_LIBS_set=
ac_cv_env_DPY_XINERAMA_LIBS_value=
ac_cv_env_DPY_XINPUT_CFLAGS_set=
ac_cv_env_DPY_XINPUT_CFLAGS_value=
ac_cv_env_DPY_XINPUT_LIBS_set=
ac_cv_env_DPY_XINPUT_LIBS_value=
ac_cv_env_DPY_XKB_CFLAGS_set=
ac_cv_env_DPY_XKB_CFLAGS_value=
ac_cv_env_DPY_XKB_LIBS_set=
ac_cv_env_DPY_XKB_LIBS_value=
ac_cv_env_DPY_XPRINT_CFLAGS_set=
ac_cv_env_DPY_XPRINT_CFLAGS_value=
ac_cv_env_DPY_XPRINT_LIBS_set=
ac_cv_env_DPY_XPRINT_LIBS_value=
ac_cv_env_DPY_XRENDER_CFLAGS_set=
ac_cv_env_DPY_XRENDER_CFLAGS_value=
ac_cv_env_DPY_XRENDER_LIBS_set=
ac_cv_env_DPY_XRENDER_LIBS_value=
ac_cv_env_DPY_XTST_CFLAGS_set=
ac_cv_env_DPY_XTST_CFLAGS_value=
ac_cv_env_DPY_XTST_LIBS_set=
ac_cv_env_DPY_XTST_LIBS_value=
ac_cv_env_LDFLAGS_set=
ac_cv_env_LDFLAGS_value=
ac_cv_env_LIBS_set=
ac_cv_env_LIBS_value=
ac_cv_env_PKG_CONFIG_set=
ac_cv_env_PKG_CONFIG_value=
ac_cv_env_XDPYINFO_CFLAGS_set=
ac_cv_env_XDPYINFO_CFLAGS_value=
ac_cv_env_XDPYINFO_LIBS_set=
ac_cv_env_XDPYINFO_LIBS_value=
ac_cv_env_build_alias_set=
ac_cv_env_build_alias_value=
ac_cv_env_host_alias_set=
ac_cv_env_host_alias_value=
ac_cv_env_target_alias_set=
ac_cv_env_target_alias_value=
ac_cv_header_X11_XKBlib_h=yes
ac_cv_header_X11_extensions_XInput_h=yes
ac_cv_header_X11_extensions_XKB_h=yes
ac_cv_header_X11_extensions_XShm_h=yes
ac_cv_header_X11_extensions_Xinerama_h=yes
ac_cv_header_X11_extensions_Xrender_h=yes
ac_cv_header_X11_extensions_dmxext_h=yes
ac_cv_header_X11_extensions_multibuf_h=yes
ac_cv_header_X11_extensions_record_h=yes
ac_cv_header_X11_extensions_xf86dga_h=yes
ac_cv_header_X11_extensions_xf86dgastr_h=yes
ac_cv_header_X11_extensions_xf86misc_h=yes
ac_cv_header_X11_extensions_xf86mscstr_h=yes
ac_cv_header_X11_extensions_xf86vmode_h=yes
ac_cv_header_X11_extensions_xf86vmstr_h=yes
ac_cv_host=arm-apple-darwin10.4.0
ac_cv_objext=o
ac_cv_path_ac_pt_PKG_CONFIG=/usr/bin/pkg-config
ac_cv_path_install='/usr/bin/install -c'
ac_cv_path_mkdir=/bin/mkdir
ac_cv_prog_AWK=gawk
ac_cv_prog_ac_ct_CC=/usr/bin/gcc
ac_cv_prog_cc_c89=
ac_cv_prog_cc_g=yes
ac_cv_prog_make_make_set=yes
am_cv_CC_dependencies_compiler_type=gcc3
pkg_cv_DPY_DMX_CFLAGS=' '
pkg_cv_DPY_DMX_LIBS='-L/usr/local/lib -ldmx  '
pkg_cv_DPY_X11_CFLAGS=' '
pkg_cv_DPY_X11_LIBS='-L/usr/local/lib -lX11  '
pkg_cv_DPY_XEXT_CFLAGS=' '
pkg_cv_DPY_XEXT_LIBS='-L/usr/local/lib -lXext  '
pkg_cv_DPY_XF86DGA_CFLAGS=' '
pkg_cv_DPY_XF86DGA_LIBS='-L/usr/local/lib -lXxf86dga  '
pkg_cv_DPY_XF86MISC_CFLAGS=' '
pkg_cv_DPY_XF86MISC_LIBS='-L/usr/local/lib -lXxf86misc  '
pkg_cv_DPY_XF86VIDMODE_CFLAGS=' '
pkg_cv_DPY_XF86VIDMODE_LIBS='-L/usr/local/lib -lXxf86vm  '
pkg_cv_DPY_XINERAMA_CFLAGS=' '
pkg_cv_DPY_XINERAMA_LIBS='-L/usr/local/lib -lXinerama  '
pkg_cv_DPY_XINPUT_CFLAGS=' '
pkg_cv_DPY_XINPUT_LIBS='-L/usr/local/lib -lXi  '
pkg_cv_DPY_XKB_CFLAGS=' '
pkg_cv_DPY_XKB_LIBS='-L/usr/local/lib -lX11  '
pkg_cv_DPY_XRENDER_CFLAGS=' '
pkg_cv_DPY_XRENDER_LIBS='-L/usr/local/lib -lXrender -lX11  '
pkg_cv_DPY_XTST_CFLAGS=' '
pkg_cv_DPY_XTST_LIBS='-L/usr/local/lib -lXtst  '
pkg_cv_XDPYINFO_CFLAGS=' '
pkg_cv_XDPYINFO_LIBS='-L/usr/local/lib -lXext -lX11 -lXtst  '

## ----------------- ##
## Output variables. ##
## ----------------- ##

ACLOCAL='${SHELL} /home/chris/xorg/xdpyinfo-1.0.3/missing --run aclocal-1.10'
ADMIN_MAN_DIR='$(mandir)/man$(ADMIN_MAN_SUFFIX)'
ADMIN_MAN_SUFFIX='8'
AMDEPBACKSLASH='\'
AMDEP_FALSE='#'
AMDEP_TRUE=''
AMTAR='${SHELL} /home/chris/xorg/xdpyinfo-1.0.3/missing --run tar'
APP_MAN_DIR='$(mandir)/man$(APP_MAN_SUFFIX)'
APP_MAN_SUFFIX='1'
AUTOCONF='${SHELL} /home/chris/xorg/xdpyinfo-1.0.3/missing --run autoconf'
AUTOHEADER='${SHELL} /home/chris/xorg/xdpyinfo-1.0.3/missing --run autoheader'
AUTOMAKE='${SHELL} /home/chris/xorg/xdpyinfo-1.0.3/missing --run automake-1.10'
AWK='gawk'
CC='/usr/bin/gcc'
CCDEPMODE='depmode=gcc3'
CFLAGS='-g -O2'
CPPFLAGS=''
CYGPATH_W='echo'
DEFS='-DHAVE_CONFIG_H'
DEPDIR='.deps'
DPY_DMX_CFLAGS=' '
DPY_DMX_LIBS='-L/usr/local/lib -ldmx  '
DPY_X11_CFLAGS=' '
DPY_X11_LIBS='-L/usr/local/lib -lX11  '
DPY_XEXT_CFLAGS=' '
DPY_XEXT_LIBS='-L/usr/local/lib -lXext  '
DPY_XF86DGA_CFLAGS=' '
DPY_XF86DGA_LIBS='-L/usr/local/lib -lXxf86dga  '
DPY_XF86MISC_CFLAGS=' '
DPY_XF86MISC_LIBS='-L/usr/local/lib -lXxf86misc  '
DPY_XF86VIDMODE_CFLAGS=' '
DPY_XF86VIDMODE_LIBS='-L/usr/local/lib -lXxf86vm  '
DPY_XINERAMA_CFLAGS=' '
DPY_XINERAMA_LIBS='-L/usr/local/lib -lXinerama  '
DPY_XINPUT_CFLAGS=' '
DPY_XINPUT_LIBS='-L/usr/local/lib -lXi  '
DPY_XKB_CFLAGS=' '
DPY_XKB_LIBS='-L/usr/local/lib -lX11  '
DPY_XPRINT_CFLAGS=''
DPY_XPRINT_LIBS=''
DPY_XRENDER_CFLAGS=' '
DPY_XRENDER_LIBS='-L/usr/local/lib -lXrender -lX11  '
DPY_XTST_CFLAGS=' '
DPY_XTST_LIBS='-L/usr/local/lib -lXtst  '
DRIVER_MAN_DIR='$(mandir)/man$(DRIVER_MAN_SUFFIX)'
DRIVER_MAN_SUFFIX='4'
ECHO_C=''
ECHO_N='-n'
ECHO_T=''
EXEEXT=''
FILE_MAN_DIR='$(mandir)/man$(FILE_MAN_SUFFIX)'
FILE_MAN_SUFFIX='5'
INSTALL_DATA='${INSTALL} -m 644'
INSTALL_PROGRAM='${INSTALL}'
INSTALL_SCRIPT='${INSTALL}'
INSTALL_STRIP_PROGRAM='$(install_sh) -c -s'
LDFLAGS=''
LIBOBJS=''
LIBS=''
LIB_MAN_DIR='$(mandir)/man$(LIB_MAN_SUFFIX)'
LIB_MAN_SUFFIX='3'
LINT='no'
LINT_FALSE=''
LINT_FLAGS=''
LINT_TRUE='#'
LTLIBOBJS=''
MAINT='#'
MAINTAINER_MODE_FALSE=''
MAINTAINER_MODE_TRUE='#'
MAKEINFO='${SHELL} /home/chris/xorg/xdpyinfo-1.0.3/missing --run makeinfo'
MISC_MAN_DIR='$(mandir)/man$(MISC_MAN_SUFFIX)'
MISC_MAN_SUFFIX='7'
OBJEXT='o'
PACKAGE='xdpyinfo'
PACKAGE_BUGREPORT='https://bugs.freedesktop.org/enter_bug.cgi?product=xorg'
PACKAGE_NAME='xdpyinfo'
PACKAGE_STRING='xdpyinfo 1.0.3'
PACKAGE_TARNAME='xdpyinfo'
PACKAGE_VERSION='1.0.3'
PATH_SEPARATOR=':'
PKG_CONFIG='/usr/bin/pkg-config'
SET_MAKE=''
SHELL='/bin/sh'
STRIP=''
VERSION='1.0.3'
XDPYINFO_CFLAGS=' '
XDPYINFO_LIBS='-L/usr/local/lib -lXext -lX11 -lXtst  '
ac_ct_CC='/usr/bin/gcc'
am__fastdepCC_FALSE='#'
am__fastdepCC_TRUE=''
am__include='include'
am__isrc=''
am__leading_dot='.'
am__quote=''
am__tar='${AMTAR} chof - "$$tardir"'
am__untar='${AMTAR} xf -'
bindir='${exec_prefix}/bin'
build='arm-apple-darwin10.4.0'
build_alias=''
build_cpu='arm'
build_os='darwin10.4.0'
build_vendor='apple'
datadir='${datarootdir}'
datarootdir='${prefix}/share'
docdir='${datarootdir}/doc/${PACKAGE_TARNAME}'
dvidir='${docdir}'
exec_prefix='${prefix}'
host='arm-apple-darwin10.4.0'
host_alias=''
host_cpu='arm'
host_os='darwin10.4.0'
host_vendor='apple'
htmldir='${docdir}'
includedir='${prefix}/include'
infodir='${datarootdir}/info'
install_sh='$(SHELL) /home/chris/xorg/xdpyinfo-1.0.3/install-sh'
libdir='${exec_prefix}/lib'
libexecdir='${exec_prefix}/libexec'
localedir='${datarootdir}/locale'
localstatedir='${prefix}/var'
mandir='${datarootdir}/man'
mkdir_p='/bin/mkdir -p'
oldincludedir='/usr/include'
pdfdir='${docdir}'
prefix='/usr/local'
program_transform_name='s,x,x,'
psdir='${docdir}'
sbindir='${exec_prefix}/sbin'
sharedstatedir='${prefix}/com'
sysconfdir='${prefix}/etc'
target_alias=''

## ----------- ##
## confdefs.h. ##
## ----------- ##

#define PACKAGE_NAME "xdpyinfo"
#define PACKAGE_TARNAME "xdpyinfo"
#define PACKAGE_VERSION "1.0.3"
#define PACKAGE_STRING "xdpyinfo 1.0.3"
#define PACKAGE_BUGREPORT "https://bugs.freedesktop.org/enter_bug.cgi?product=xorg"
#define PACKAGE "xdpyinfo"
#define VERSION "1.0.3"
#define HAVE_X11_EXTENSIONS_MULTIBUF_H 1
#define HAVE_X11_EXTENSIONS_XSHM_H 1
#define HAVE_X11_EXTENSIONS_XKB_H 1
#define HAVE_X11_XKBLIB_H 1
#define HAVE_X11_EXTENSIONS_XF86VMODE_H 1
#define HAVE_X11_EXTENSIONS_XF86VMSTR_H 1
#define HAVE_X11_EXTENSIONS_XF86DGA_H 1
#define HAVE_X11_EXTENSIONS_XF86DGASTR_H 1
#define HAVE_X11_EXTENSIONS_XF86MISC_H 1
#define HAVE_X11_EXTENSIONS_XF86MSCSTR_H 1
#define HAVE_X11_EXTENSIONS_XINPUT_H 1
#define HAVE_X11_EXTENSIONS_XRENDER_H 1
#define HAVE_X11_EXTENSIONS_XINERAMA_H 1
#define HAVE_X11_EXTENSIONS_DMXEXT_H 1
#define HAVE_X11_EXTENSIONS_RECORD_H 1
#define PACKAGE_VERSION_MAJOR 1
#define PACKAGE_VERSION_MINOR 0
#define PACKAGE_VERSION_PATCHLEVEL 3

configure: exit 0
