This file contains any messages produced by compilers while
running configure, to aid debugging if configure makes a mistake.

It was created by lcms2 configure 2.3, which was
generated by GNU Autoconf 2.68.  Invocation command line was

  $ ./configure 

## --------- ##
## Platform. ##
## --------- ##

hostname = Chriss-iPad
uname -m = iPad1,1
uname -r = 11.0.0
uname -s = Darwin
uname -v = Darwin Kernel Version 11.0.0: Sun Apr  8 21:51:26 PDT 2012; root:xnu-1878.11.10~1/RELEASE_ARM_S5L8930X

/usr/bin/uname -p = unknown
/bin/uname -X     = unknown

/bin/arch              = unknown
/usr/bin/arch -k       = unknown
/usr/convex/getsysinfo = unknown
/usr/bin/hostinfo      = Mach kernel version:
	 Darwin Kernel Version 11.0.0: Sun Apr  8 21:51:26 PDT 2012; root:xnu-1878.11.10~1/RELEASE_ARM_S5L8930X
Kernel configured for a single processor only.
1 processor is physically available.
1 processor is logically available.
Processor type: armv7 (arm v7)
Processor active: 0
Primary memory available: 246.98 megabytes
Default processor set: 37 tasks, 265 threads, 1 processors
Load average: 2.66, Mach factor: 0.30
/bin/machine           = unknown
/usr/bin/oslevel       = unknown
/bin/universe          = unknown

PATH: /usr/local/sbin
PATH: /usr/local/bin
PATH: /usr/sbin
PATH: /usr/bin
PATH: /sbin
PATH: /bin
PATH: /usr/bin/X11
PATH: /usr/games
PATH: /usr/local/Gambit-C/bin


## ----------- ##
## Core tests. ##
## ----------- ##

configure:2396: checking build system type
configure:2410: result: arm-apple-darwin11.0.0
configure:2430: checking host system type
configure:2443: result: arm-apple-darwin11.0.0
configure:2480: checking for a BSD-compatible install
configure:2548: result: /usr/bin/install -c
configure:2559: checking whether build environment is sane
configure:2609: result: yes
configure:2750: checking for a thread-safe mkdir -p
configure:2789: result: /bin/mkdir -p
configure:2802: checking for gawk
configure:2818: found /usr/bin/gawk
configure:2829: result: gawk
configure:2840: checking whether make sets $(MAKE)
configure:2862: result: yes
configure:2977: checking for style of include used by make
configure:3005: result: GNU
configure:3075: checking for gcc
configure:3102: result: /usr/bin/gcc
configure:3331: checking for C compiler version
configure:3340: /usr/bin/gcc --version >&5
gcc (GCC) 4.2.1 (Based on Apple Inc. build 5555)
Copyright (C) 2007 Free Software Foundation, Inc.
This is free software; see the source for copying conditions.  There is NO
warranty; not even for MERCHANTABILITY or FITNESS FOR A PARTICULAR PURPOSE.

configure:3351: $? = 0
configure:3340: /usr/bin/gcc -v >&5
Using built-in specs.
Target: arm-apple-darwin9
Configured with: ../llvm-gcc-4.2/configure --build=x86_64-unknown-linux-gnu --host=arm-apple-darwin9 --enable-static=no --enable-shared=yes --prefix=/usr --localstatedir=/var/cache/iphone-gcc --enable-languages=c,c++,objc,obj-c++ --enable-wchar_t=no --with-gxx-include-dir=/usr/include/c++/4.0.0
Thread model: posix
gcc version 4.2.1 (Based on Apple Inc. build 5555)
configure:3351: $? = 0
configure:3340: /usr/bin/gcc -V >&5
gcc: '-V' option must have argument
configure:3351: $? = 1
configure:3340: /usr/bin/gcc -qversion >&5
gcc: no input files
configure:3351: $? = 1
configure:3371: checking whether the C compiler works
configure:3393: /usr/bin/gcc    conftest.c  >&5
configure:3397: $? = 0
configure:3445: result: yes
configure:3448: checking for C compiler default output file name
configure:3450: result: a.out
configure:3456: checking for suffix of executables
configure:3463: /usr/bin/gcc -o conftest    conftest.c  >&5
configure:3467: $? = 0
configure:3489: result: 
configure:3511: checking whether we are cross compiling
configure:3519: /usr/bin/gcc -o conftest    conftest.c  >&5
configure:3523: $? = 0
configure:3530: ./conftest
./configure: line 3532:  4698 Killed: 9               ./conftest$ac_cv_exeext
configure:3534: $? = 137
configure:3546: result: no
configure:3551: checking for suffix of object files
configure:3573: /usr/bin/gcc -c   conftest.c >&5
configure:3577: $? = 0
configure:3598: result: o
configure:3602: checking whether we are using the GNU C compiler
configure:3621: /usr/bin/gcc -c   conftest.c >&5
configure:3621: $? = 0
configure:3630: result: yes
configure:3639: checking whether /usr/bin/gcc accepts -g
configure:3659: /usr/bin/gcc -c -g  conftest.c >&5
configure:3659: $? = 0
configure:3700: result: yes
configure:3717: checking for /usr/bin/gcc option to accept ISO C89
configure:3781: /usr/bin/gcc  -c -g -O2  conftest.c >&5
configure:3781: $? = 0
configure:3794: result: none needed
configure:3816: checking dependency style of /usr/bin/gcc
configure:3926: result: gcc3
configure:3945: checking for /usr/bin/gcc option to accept ISO C99
configure:4094: /usr/bin/gcc  -c -g -O2  conftest.c >&5
conftest.c:59: error: expected ';', ',' or ')' before 'text'
conftest.c: In function 'main':
conftest.c:113: error: nested functions are disabled, use -fnested-functions to re-enable
conftest.c:113: error: expected '=', ',', ';', 'asm' or '__attribute__' before 'newvar'
conftest.c:113: error: 'newvar' undeclared (first use in this function)
conftest.c:113: error: (Each undeclared identifier is reported only once
conftest.c:113: error: for each function it appears in.)
conftest.c:123: error: 'for' loop initial declaration used outside C99 mode
configure:4094: $? = 1
configure: failed program was:
| /* confdefs.h */
| #define PACKAGE_NAME "lcms2"
| #define PACKAGE_TARNAME "lcms2"
| #define PACKAGE_VERSION "2.3"
| #define PACKAGE_STRING "lcms2 2.3"
| #define PACKAGE_BUGREPORT ""
| #define PACKAGE_URL ""
| /* end confdefs.h.  */
| #include <stdarg.h>
| #include <stdbool.h>
| #include <stdlib.h>
| #include <wchar.h>
| #include <stdio.h>
| 
| // Check varargs macros.  These examples are taken from C99 6.10.3.5.
| #define debug(...) fprintf (stderr, __VA_ARGS__)
| #define showlist(...) puts (#__VA_ARGS__)
| #define report(test,...) ((test) ? puts (#test) : printf (__VA_ARGS__))
| static void
| test_varargs_macros (void)
| {
|   int x = 1234;
|   int y = 5678;
|   debug ("Flag");
|   debug ("X = %d\n", x);
|   showlist (The first, second, and third items.);
|   report (x>y, "x is %d but y is %d", x, y);
| }
| 
| // Check long long types.
| #define BIG64 18446744073709551615ull
| #define BIG32 4294967295ul
| #define BIG_OK (BIG64 / BIG32 == 4294967297ull && BIG64 % BIG32 == 0)
| #if !BIG_OK
|   your preprocessor is broken;
| #endif
| #if BIG_OK
| #else
|   your preprocessor is broken;
| #endif
| static long long int bignum = -9223372036854775807LL;
| static unsigned long long int ubignum = BIG64;
| 
| struct incomplete_array
| {
|   int datasize;
|   double data[];
| };
| 
| struct named_init {
|   int number;
|   const wchar_t *name;
|   double average;
| };
| 
| typedef const char *ccp;
| 
| static inline int
| test_restrict (ccp restrict text)
| {
|   // See if C++-style comments work.
|   // Iterate through items via the restricted pointer.
|   // Also check for declarations in for loops.
|   for (unsigned int i = 0; *(text+i) != '\0'; ++i)
|     continue;
|   return 0;
| }
| 
| // Check varargs and va_copy.
| static void
| test_varargs (const char *format, ...)
| {
|   va_list args;
|   va_start (args, format);
|   va_list args_copy;
|   va_copy (args_copy, args);
| 
|   const char *str;
|   int number;
|   float fnumber;
| 
|   while (*format)
|     {
|       switch (*format++)
| 	{
| 	case 's': // string
| 	  str = va_arg (args_copy, const char *);
| 	  break;
| 	case 'd': // int
| 	  number = va_arg (args_copy, int);
| 	  break;
| 	case 'f': // float
| 	  fnumber = va_arg (args_copy, double);
| 	  break;
| 	default:
| 	  break;
| 	}
|     }
|   va_end (args_copy);
|   va_end (args);
| }
| 
| int
| main ()
| {
| 
|   // Check bool.
|   _Bool success = false;
| 
|   // Check restrict.
|   if (test_restrict ("String literal") == 0)
|     success = true;
|   char *restrict newvar = "Another string";
| 
|   // Check varargs.
|   test_varargs ("s, d' f .", "string", 65, 34.234);
|   test_varargs_macros ();
| 
|   // Check flexible array members.
|   struct incomplete_array *ia =
|     malloc (sizeof (struct incomplete_array) + (sizeof (double) * 10));
|   ia->datasize = 10;
|   for (int i = 0; i < ia->datasize; ++i)
|     ia->data[i] = i * 1.234;
| 
|   // Check named initializers.
|   struct named_init ni = {
|     .number = 34,
|     .name = L"Test wide string",
|     .average = 543.34343,
|   };
| 
|   ni.number = 58;
| 
|   int dynamic_array[ni.number];
|   dynamic_array[ni.number - 1] = 543;
| 
|   // work around unused variable warnings
|   return (!success || bignum == 0LL || ubignum == 0uLL || newvar[0] == 'x'
| 	  || dynamic_array[ni.number - 1] != 543);
| 
|   ;
|   return 0;
| }
configure:4094: /usr/bin/gcc -std=gnu99 -c -g -O2  conftest.c >&5
configure:4094: $? = 0
configure:4114: result: -std=gnu99
configure:4216: checking for /usr/bin/gcc -std=gnu99 option to accept ISO Standard C
configure:4230: result: -std=gnu99
configure:4239: checking how to run the C preprocessor
configure:4270: /usr/bin/gcc -std=gnu99 -E  conftest.c
configure:4270: $? = 0
configure:4284: /usr/bin/gcc -std=gnu99 -E  conftest.c
conftest.c:9:28: error: ac_nonexistent.h: No such file or directory
configure:4284: $? = 1
configure: failed program was:
| /* confdefs.h */
| #define PACKAGE_NAME "lcms2"
| #define PACKAGE_TARNAME "lcms2"
| #define PACKAGE_VERSION "2.3"
| #define PACKAGE_STRING "lcms2 2.3"
| #define PACKAGE_BUGREPORT ""
| #define PACKAGE_URL ""
| /* end confdefs.h.  */
| #include <ac_nonexistent.h>
configure:4309: result: /usr/bin/gcc -std=gnu99 -E
configure:4329: /usr/bin/gcc -std=gnu99 -E  conftest.c
configure:4329: $? = 0
configure:4343: /usr/bin/gcc -std=gnu99 -E  conftest.c
conftest.c:9:28: error: ac_nonexistent.h: No such file or directory
configure:4343: $? = 1
configure: failed program was:
| /* confdefs.h */
| #define PACKAGE_NAME "lcms2"
| #define PACKAGE_TARNAME "lcms2"
| #define PACKAGE_VERSION "2.3"
| #define PACKAGE_STRING "lcms2 2.3"
| #define PACKAGE_BUGREPORT ""
| #define PACKAGE_URL ""
| /* end confdefs.h.  */
| #include <ac_nonexistent.h>
configure:4429: checking for g++
configure:4445: found /usr/bin/g++
configure:4456: result: g++
configure:4483: checking for C++ compiler version
configure:4492: g++ --version >&5
g++ (GCC) 4.2.1 (Based on Apple Inc. build 5555)
Copyright (C) 2007 Free Software Foundation, Inc.
This is free software; see the source for copying conditions.  There is NO
warranty; not even for MERCHANTABILITY or FITNESS FOR A PARTICULAR PURPOSE.

configure:4503: $? = 0
configure:4492: g++ -v >&5
Using built-in specs.
Target: arm-apple-darwin9
Configured with: ../llvm-gcc-4.2/configure --build=x86_64-unknown-linux-gnu --host=arm-apple-darwin9 --enable-static=no --enable-shared=yes --prefix=/usr --localstatedir=/var/cache/iphone-gcc --enable-languages=c,c++,objc,obj-c++ --enable-wchar_t=no --with-gxx-include-dir=/usr/include/c++/4.0.0
Thread model: posix
gcc version 4.2.1 (Based on Apple Inc. build 5555)
configure:4503: $? = 0
configure:4492: g++ -V >&5
g++: '-V' option must have argument
configure:4503: $? = 1
configure:4492: g++ -qversion >&5
g++: no input files
configure:4503: $? = 1
configure:4507: checking whether we are using the GNU C++ compiler
configure:4526: g++ -c   conftest.cpp >&5
configure:4526: $? = 0
configure:4535: result: yes
configure:4544: checking whether g++ accepts -g
configure:4564: g++ -c -g  conftest.cpp >&5
configure:4564: $? = 0
configure:4605: result: yes
configure:4630: checking dependency style of g++
configure:4740: result: gcc3
configure:5181: checking how to print strings
configure:5208: result: printf
configure:5229: checking for a sed that does not truncate output
configure:5293: result: /bin/sed
configure:5311: checking for grep that handles long lines and -e
configure:5369: result: /bin/grep
configure:5374: checking for egrep
configure:5436: result: /bin/grep -E
configure:5441: checking for fgrep
configure:5503: result: /bin/grep -F
configure:5538: checking for ld used by /usr/bin/gcc -std=gnu99
configure:5605: result: /usr/bin/ld
configure:5612: checking if the linker (/usr/bin/ld) is GNU ld
configure:5627: result: no
configure:5639: checking for BSD- or MS-compatible name lister (nm)
configure:5688: result: /usr/bin/nm -p
configure:5818: checking the name lister (/usr/bin/nm -p) interface
configure:5825: /usr/bin/gcc -std=gnu99 -c -g -O2  conftest.c >&5
configure:5828: /usr/bin/nm -p "conftest.o"
configure:5831: output
00000000 D _some_variable
configure:5838: result: BSD nm
configure:5841: checking whether ln -s works
configure:5845: result: yes
configure:5853: checking the maximum length of command line arguments
configure:5978: result: 196608
configure:5995: checking whether the shell understands some XSI constructs
configure:6005: result: yes
configure:6009: checking whether the shell understands "+="
configure:6015: result: yes
configure:6050: checking how to convert arm-apple-darwin11.0.0 file names to arm-apple-darwin11.0.0 format
configure:6090: result: func_convert_file_noop
configure:6097: checking how to convert arm-apple-darwin11.0.0 file names to toolchain format
configure:6117: result: func_convert_file_noop
configure:6124: checking for /usr/bin/ld option to reload object files
configure:6131: result: -r
configure:6205: checking for objdump
configure:6232: result: objdump
configure:6261: checking how to recognize dependent libraries
configure:6463: result: pass_all
configure:6548: checking for dlltool
configure:6575: result: dlltool
configure:6605: checking how to associate runtime and link libraries
configure:6632: result: printf %s\n
configure:6693: checking for ar
configure:6709: found /usr/bin/ar
configure:6720: result: ar
configure:6757: checking for archiver @FILE support
configure:6774: /usr/bin/gcc -std=gnu99 -c -g -O2  conftest.c >&5
configure:6774: $? = 0
configure:6777: ar cru libconftest.a @conftest.lst >&5
ar: @conftest.lst: No such file or directory
configure:6780: $? = 1
configure:6800: result: no
configure:6858: checking for strip
configure:6874: found /usr/bin/strip
configure:6885: result: strip
configure:6957: checking for ranlib
configure:6973: found /usr/bin/ranlib
configure:6984: result: ranlib
configure:7086: checking command to parse /usr/bin/nm -p output from /usr/bin/gcc -std=gnu99 object
configure:7205: /usr/bin/gcc -std=gnu99 -c -g -O2  conftest.c >&5
configure:7208: $? = 0
configure:7212: /usr/bin/nm -p conftest.o \| sed -n -e 's/^.*[ ]\([BCDEGRST][BCDEGRST]*\)[ ][ ]*\([_A-Za-z][_A-Za-z0-9]*\)$/\1 \2 \2/p' | sed '/ __gnu_lto/d' \> conftest.nm
configure:7215: $? = 0
cannot find nm_test_var in conftest.nm
configure:7205: /usr/bin/gcc -std=gnu99 -c -g -O2  conftest.c >&5
configure:7208: $? = 0
configure:7212: /usr/bin/nm -p conftest.o \| sed -n -e 's/^.*[ ]\([BCDEGRST][BCDEGRST]*\)[ ][ ]*_\([_A-Za-z][_A-Za-z0-9]*\)$/\1 _\2 \2/p' | sed '/ __gnu_lto/d' \> conftest.nm
configure:7215: $? = 0
configure:7281: /usr/bin/gcc -std=gnu99 -o conftest -g -O2   conftest.c conftstm.o >&5
configure:7284: $? = 0
configure:7322: result: ok
configure:7359: checking for sysroot
configure:7389: result: no
configure:7632: checking for mt
configure:7662: result: no
configure:7682: checking if : is a manifest tool
configure:7688: : '-?'
configure:7696: result: no
configure:7752: checking for dsymutil
configure:7782: result: no
configure:7844: checking for nmedit
configure:7860: found /usr/bin/nmedit
configure:7871: result: nmedit
configure:7936: checking for lipo
configure:7952: found /usr/bin/lipo
configure:7963: result: lipo
configure:8028: checking for otool
configure:8044: found /usr/bin/otool
configure:8055: result: otool
configure:8120: checking for otool64
configure:8136: found /usr/bin/otool64
configure:8147: result: otool64
configure:8195: checking for -single_module linker flag
/usr/bin/gcc -std=gnu99 -g -O2  -o libconftest.dylib -dynamiclib -Wl,-single_module conftest.c
configure:8222: result: yes
configure:8224: checking for -exported_symbols_list linker flag
configure:8244: /usr/bin/gcc -std=gnu99 -o conftest -g -O2   -Wl,-exported_symbols_list,conftest.sym conftest.c  >&5
configure:8244: $? = 0
configure:8254: result: yes
configure:8256: checking for -force_load linker flag
/usr/bin/gcc -std=gnu99 -g -O2 -c -o conftest.o conftest.c
ar cru libconftest.a conftest.o
ranlib libconftest.a
/usr/bin/gcc -std=gnu99 -g -O2  -o conftest conftest.c -Wl,-force_load,./libconftest.a
ld: unknown option: -force_load
collect2: ld returned 1 exit status
configure:8286: result: no
configure:8324: checking for ANSI C header files
configure:8344: /usr/bin/gcc -std=gnu99 -c -g -O2  conftest.c >&5
configure:8344: $? = 0
configure:8417: /usr/bin/gcc -std=gnu99 -o conftest -g -O2   conftest.c  >&5
configure:8417: $? = 0
configure:8417: ./conftest
./configure: line 1729:  5107 Killed: 9               ./conftest$ac_exeext
configure:8417: $? = 137
configure: program exited with status 137
configure: failed program was:
| /* confdefs.h */
| #define PACKAGE_NAME "lcms2"
| #define PACKAGE_TARNAME "lcms2"
| #define PACKAGE_VERSION "2.3"
| #define PACKAGE_STRING "lcms2 2.3"
| #define PACKAGE_BUGREPORT ""
| #define PACKAGE_URL ""
| /* end confdefs.h.  */
| #include <ctype.h>
| #include <stdlib.h>
| #if ((' ' & 0x0FF) == 0x020)
| # define ISLOWER(c) ('a' <= (c) && (c) <= 'z')
| # define TOUPPER(c) (ISLOWER(c) ? 'A' + ((c) - 'a') : (c))
| #else
| # define ISLOWER(c) 		   (('a' <= (c) && (c) <= 'i') 		     || ('j' <= (c) && (c) <= 'r') 		     || ('s' <= (c) && (c) <= 'z'))
| # define TOUPPER(c) (ISLOWER(c) ? ((c) | 0x40) : (c))
| #endif
| 
| #define XOR(e, f) (((e) && !(f)) || (!(e) && (f)))
| int
| main ()
| {
|   int i;
|   for (i = 0; i < 256; i++)
|     if (XOR (islower (i), ISLOWER (i))
| 	|| toupper (i) != TOUPPER (i))
|       return 2;
|   return 0;
| }
configure:8428: result: no
configure:8441: checking for sys/types.h
configure:8441: /usr/bin/gcc -std=gnu99 -c -g -O2  conftest.c >&5
configure:8441: $? = 0
configure:8441: result: yes
configure:8441: checking for sys/stat.h
configure:8441: /usr/bin/gcc -std=gnu99 -c -g -O2  conftest.c >&5
configure:8441: $? = 0
configure:8441: result: yes
configure:8441: checking for stdlib.h
configure:8441: /usr/bin/gcc -std=gnu99 -c -g -O2  conftest.c >&5
configure:8441: $? = 0
configure:8441: result: yes
configure:8441: checking for string.h
configure:8441: /usr/bin/gcc -std=gnu99 -c -g -O2  conftest.c >&5
configure:8441: $? = 0
configure:8441: result: yes
configure:8441: checking for memory.h
configure:8441: /usr/bin/gcc -std=gnu99 -c -g -O2  conftest.c >&5
configure:8441: $? = 0
configure:8441: result: yes
configure:8441: checking for strings.h
configure:8441: /usr/bin/gcc -std=gnu99 -c -g -O2  conftest.c >&5
configure:8441: $? = 0
configure:8441: result: yes
configure:8441: checking for inttypes.h
configure:8441: /usr/bin/gcc -std=gnu99 -c -g -O2  conftest.c >&5
configure:8441: $? = 0
configure:8441: result: yes
configure:8441: checking for stdint.h
configure:8441: /usr/bin/gcc -std=gnu99 -c -g -O2  conftest.c >&5
configure:8441: $? = 0
configure:8441: result: yes
configure:8441: checking for unistd.h
configure:8441: /usr/bin/gcc -std=gnu99 -c -g -O2  conftest.c >&5
configure:8441: $? = 0
configure:8441: result: yes
configure:8455: checking for dlfcn.h
configure:8455: /usr/bin/gcc -std=gnu99 -c -g -O2  conftest.c >&5
configure:8455: $? = 0
configure:8455: result: yes
configure:8591: checking for objdir
configure:8606: result: .libs
configure:8873: checking if /usr/bin/gcc -std=gnu99 supports -fno-rtti -fno-exceptions
configure:8891: /usr/bin/gcc -std=gnu99 -c -g -O2  -fno-rtti -fno-exceptions conftest.c >&5
cc1: warning: command line option "-fno-rtti" is valid for C++/ObjC++ but not for C
configure:8895: $? = 0
configure:8908: result: no
configure:9218: checking for /usr/bin/gcc -std=gnu99 option to produce PIC
configure:9225: result: -fno-common -DPIC
configure:9233: checking if /usr/bin/gcc -std=gnu99 PIC flag -fno-common -DPIC works
configure:9251: /usr/bin/gcc -std=gnu99 -c -g -O2  -fno-common -DPIC -DPIC conftest.c >&5
configure:9255: $? = 0
configure:9268: result: yes
configure:9297: checking if /usr/bin/gcc -std=gnu99 static flag -static works
configure:9325: result: no
configure:9340: checking if /usr/bin/gcc -std=gnu99 supports -c -o file.o
configure:9361: /usr/bin/gcc -std=gnu99 -c -g -O2  -o out/conftest2.o conftest.c >&5
configure:9365: $? = 0
configure:9387: result: yes
configure:9395: checking if /usr/bin/gcc -std=gnu99 supports -c -o file.o
configure:9442: result: yes
configure:9475: checking whether the /usr/bin/gcc -std=gnu99 linker (/usr/bin/ld) supports shared libraries
configure:10633: result: yes
configure:10878: checking dynamic linker characteristics
configure:11614: result: darwin11.0.0 dyld
configure:11721: checking how to hardcode library paths into programs
configure:11746: result: immediate
configure:12286: checking whether stripping libraries is possible
configure:12300: result: yes
configure:12326: checking if libtool supports shared libraries
configure:12328: result: yes
configure:12331: checking whether to build shared libraries
configure:12352: result: yes
configure:12355: checking whether to build static libraries
configure:12359: result: yes
configure:12382: checking how to run the C++ preprocessor
configure:12409: g++ -E  conftest.cpp
configure:12409: $? = 0
configure:12423: g++ -E  conftest.cpp
conftest.cpp:20:28: error: ac_nonexistent.h: No such file or directory
configure:12423: $? = 1
configure: failed program was:
| /* confdefs.h */
| #define PACKAGE_NAME "lcms2"
| #define PACKAGE_TARNAME "lcms2"
| #define PACKAGE_VERSION "2.3"
| #define PACKAGE_STRING "lcms2 2.3"
| #define PACKAGE_BUGREPORT ""
| #define PACKAGE_URL ""
| #define HAVE_SYS_TYPES_H 1
| #define HAVE_SYS_STAT_H 1
| #define HAVE_STDLIB_H 1
| #define HAVE_STRING_H 1
| #define HAVE_MEMORY_H 1
| #define HAVE_STRINGS_H 1
| #define HAVE_INTTYPES_H 1
| #define HAVE_STDINT_H 1
| #define HAVE_UNISTD_H 1
| #define HAVE_DLFCN_H 1
| #define LT_OBJDIR ".libs/"
| /* end confdefs.h.  */
| #include <ac_nonexistent.h>
configure:12448: result: g++ -E
configure:12468: g++ -E  conftest.cpp
configure:12468: $? = 0
configure:12482: g++ -E  conftest.cpp
conftest.cpp:20:28: error: ac_nonexistent.h: No such file or directory
configure:12482: $? = 1
configure: failed program was:
| /* confdefs.h */
| #define PACKAGE_NAME "lcms2"
| #define PACKAGE_TARNAME "lcms2"
| #define PACKAGE_VERSION "2.3"
| #define PACKAGE_STRING "lcms2 2.3"
| #define PACKAGE_BUGREPORT ""
| #define PACKAGE_URL ""
| #define HAVE_SYS_TYPES_H 1
| #define HAVE_SYS_STAT_H 1
| #define HAVE_STDLIB_H 1
| #define HAVE_STRING_H 1
| #define HAVE_MEMORY_H 1
| #define HAVE_STRINGS_H 1
| #define HAVE_INTTYPES_H 1
| #define HAVE_STDINT_H 1
| #define HAVE_UNISTD_H 1
| #define HAVE_DLFCN_H 1
| #define LT_OBJDIR ".libs/"
| /* end confdefs.h.  */
| #include <ac_nonexistent.h>
configure:12652: checking for ld used by g++
configure:12719: result: /usr/bin/ld
configure:12726: checking if the linker (/usr/bin/ld) is GNU ld
configure:12741: result: no
configure:12796: checking whether the g++ linker (/usr/bin/ld) supports shared libraries
configure:13800: result: yes
configure:13835: g++ -c -g -O2  conftest.cpp >&5
configure:13838: $? = 0
configure:14358: checking for g++ option to produce PIC
configure:14365: result: -fno-common -DPIC
configure:14373: checking if g++ PIC flag -fno-common -DPIC works
configure:14391: g++ -c -g -O2  -fno-common -DPIC -DPIC conftest.cpp >&5
configure:14395: $? = 0
configure:14408: result: yes
configure:14431: checking if g++ static flag -static works
configure:14459: result: no
configure:14471: checking if g++ supports -c -o file.o
configure:14492: g++ -c -g -O2  -o out/conftest2.o conftest.cpp >&5
configure:14496: $? = 0
configure:14518: result: yes
configure:14523: checking if g++ supports -c -o file.o
configure:14570: result: yes
configure:14600: checking whether the g++ linker (/usr/bin/ld) supports shared libraries
configure:14634: result: yes
configure:14777: checking dynamic linker characteristics
configure:15447: result: darwin11.0.0 dyld
configure:15500: checking how to hardcode library paths into programs
configure:15525: result: immediate
configure:15590: checking whether to enable maintainer-specific portions of Makefiles
configure:15599: result: no
configure:15616: checking for inline
configure:15632: /usr/bin/gcc -std=gnu99 -c -g -O2  conftest.c >&5
configure:15632: $? = 0
configure:15640: result: inline
configure:15662: checking whether byte ordering is bigendian
configure:15677: /usr/bin/gcc -std=gnu99 -c -g -O2  conftest.c >&5
configure:15677: $? = 0
configure:15722: /usr/bin/gcc -std=gnu99 -c -g -O2  conftest.c >&5
configure:15722: $? = 0
configure:15740: /usr/bin/gcc -std=gnu99 -c -g -O2  conftest.c >&5
conftest.c: In function 'main':
conftest.c:27: error: 'not' undeclared (first use in this function)
conftest.c:27: error: (Each undeclared identifier is reported only once
conftest.c:27: error: for each function it appears in.)
conftest.c:27: error: expected ';' before 'big'
configure:15740: $? = 1
configure: failed program was:
| /* confdefs.h */
| #define PACKAGE_NAME "lcms2"
| #define PACKAGE_TARNAME "lcms2"
| #define PACKAGE_VERSION "2.3"
| #define PACKAGE_STRING "lcms2 2.3"
| #define PACKAGE_BUGREPORT ""
| #define PACKAGE_URL ""
| #define HAVE_SYS_TYPES_H 1
| #define HAVE_SYS_STAT_H 1
| #define HAVE_STDLIB_H 1
| #define HAVE_STRING_H 1
| #define HAVE_MEMORY_H 1
| #define HAVE_STRINGS_H 1
| #define HAVE_INTTYPES_H 1
| #define HAVE_STDINT_H 1
| #define HAVE_UNISTD_H 1
| #define HAVE_DLFCN_H 1
| #define LT_OBJDIR ".libs/"
| /* end confdefs.h.  */
| #include <sys/types.h>
| 		#include <sys/param.h>
| 
| int
| main ()
| {
| #if BYTE_ORDER != BIG_ENDIAN
| 		 not big endian
| 		#endif
| 
|   ;
|   return 0;
| }
configure:15868: result: no
configure:15891: checking for sqrt in -lm
configure:15916: /usr/bin/gcc -std=gnu99 -o conftest -g -O2   conftest.c -lm   >&5
conftest.c:27: warning: conflicting types for built-in function 'sqrt'
configure:15916: $? = 0
configure:15925: result: yes
configure:15941: checking for JPEG support 
configure:15943: result: 
configure:15947: checking jconfig.h usability
configure:15947: /usr/bin/gcc -std=gnu99 -c -g -O2  conftest.c >&5
configure:15947: $? = 0
configure:15947: result: yes
configure:15947: checking jconfig.h presence
configure:15947: /usr/bin/gcc -std=gnu99 -E  conftest.c
configure:15947: $? = 0
configure:15947: result: yes
configure:15947: checking for jconfig.h
configure:15947: result: yes
configure:15955: checking jerror.h usability
configure:15955: /usr/bin/gcc -std=gnu99 -c -g -O2  conftest.c >&5
configure:15955: $? = 0
configure:15955: result: yes
configure:15955: checking jerror.h presence
configure:15955: /usr/bin/gcc -std=gnu99 -E  conftest.c
configure:15955: $? = 0
configure:15955: result: yes
configure:15955: checking for jerror.h
configure:15955: result: yes
configure:15963: checking jmorecfg.h usability
configure:15963: /usr/bin/gcc -std=gnu99 -c -g -O2  conftest.c >&5
configure:15963: $? = 0
configure:15963: result: yes
configure:15963: checking jmorecfg.h presence
configure:15963: /usr/bin/gcc -std=gnu99 -E  conftest.c
configure:15963: $? = 0
configure:15963: result: yes
configure:15963: checking for jmorecfg.h
configure:15963: result: yes
configure:15971: checking jpeglib.h usability
configure:15971: /usr/bin/gcc -std=gnu99 -c -g -O2  conftest.c >&5
configure:15971: $? = 0
configure:15971: result: yes
configure:15971: checking jpeglib.h presence
configure:15971: /usr/bin/gcc -std=gnu99 -E  conftest.c
configure:15971: $? = 0
configure:15971: result: yes
configure:15971: checking for jpeglib.h
configure:15971: result: yes
configure:15979: checking for jpeg_read_header in -ljpeg
configure:16004: /usr/bin/gcc -std=gnu99 -o conftest -g -O2   conftest.c -ljpeg  -lm  >&5
configure:16004: $? = 0
configure:16013: result: yes
configure:16024: checking for JPEG library is version 6b or later
configure:16048: /usr/bin/gcc -std=gnu99 -c -g -O2  conftest.c >&5
configure:16048: $? = 0
configure:16055: result: yes
configure:16058: result: yes
configure:16067: checking if JPEG package is complete
configure:16082: result: yes
configure:16108: checking for ZLIB support 
configure:16110: result: 
configure:16114: checking zconf.h usability
configure:16114: /usr/bin/gcc -std=gnu99 -c -g -O2  conftest.c >&5
configure:16114: $? = 0
configure:16114: result: yes
configure:16114: checking zconf.h presence
configure:16114: /usr/bin/gcc -std=gnu99 -E  conftest.c
configure:16114: $? = 0
configure:16114: result: yes
configure:16114: checking for zconf.h
configure:16114: result: yes
configure:16122: checking zlib.h usability
configure:16122: /usr/bin/gcc -std=gnu99 -c -g -O2  conftest.c >&5
configure:16122: $? = 0
configure:16122: result: yes
configure:16122: checking zlib.h presence
configure:16122: /usr/bin/gcc -std=gnu99 -E  conftest.c
configure:16122: $? = 0
configure:16122: result: yes
configure:16122: checking for zlib.h
configure:16122: result: yes
configure:16130: checking for compress in -lz
configure:16155: /usr/bin/gcc -std=gnu99 -o conftest -g -O2   conftest.c -lz  -ljpeg -lm  >&5
configure:16155: $? = 0
configure:16164: result: yes
configure:16172: checking for uncompress in -lz
configure:16197: /usr/bin/gcc -std=gnu99 -o conftest -g -O2   conftest.c -lz  -ljpeg -lm  >&5
configure:16197: $? = 0
configure:16206: result: yes
configure:16214: checking for deflate in -lz
configure:16239: /usr/bin/gcc -std=gnu99 -o conftest -g -O2   conftest.c -lz  -ljpeg -lm  >&5
configure:16239: $? = 0
configure:16248: result: yes
configure:16256: checking for inflate in -lz
configure:16281: /usr/bin/gcc -std=gnu99 -o conftest -g -O2   conftest.c -lz  -ljpeg -lm  >&5
configure:16281: $? = 0
configure:16290: result: yes
configure:16298: checking for gzseek in -lz
configure:16323: /usr/bin/gcc -std=gnu99 -o conftest -g -O2   conftest.c -lz  -ljpeg -lm  >&5
configure:16323: $? = 0
configure:16332: result: yes
configure:16340: checking for gztell in -lz
configure:16365: /usr/bin/gcc -std=gnu99 -o conftest -g -O2   conftest.c -lz  -ljpeg -lm  >&5
configure:16365: $? = 0
configure:16374: result: yes
configure:16382: checking if ZLIB package is complete
configure:16397: result: yes
configure:16423: checking for TIFF support 
configure:16425: result: 
configure:16429: checking tiff.h usability
configure:16429: /usr/bin/gcc -std=gnu99 -c -g -O2  conftest.c >&5
configure:16429: $? = 0
configure:16429: result: yes
configure:16429: checking tiff.h presence
configure:16429: /usr/bin/gcc -std=gnu99 -E  conftest.c
configure:16429: $? = 0
configure:16429: result: yes
configure:16429: checking for tiff.h
configure:16429: result: yes
configure:16437: checking tiffio.h usability
configure:16437: /usr/bin/gcc -std=gnu99 -c -g -O2  conftest.c >&5
configure:16437: $? = 0
configure:16437: result: yes
configure:16437: checking tiffio.h presence
configure:16437: /usr/bin/gcc -std=gnu99 -E  conftest.c
configure:16437: $? = 0
configure:16437: result: yes
configure:16437: checking for tiffio.h
configure:16437: result: yes
configure:16445: checking for TIFFOpen in -ltiff
configure:16470: /usr/bin/gcc -std=gnu99 -o conftest -g -O2   conftest.c -ltiff  -lz -ljpeg -lm  >&5
configure:16470: $? = 0
configure:16479: result: yes
configure:16487: checking for TIFFClientOpen in -ltiff
configure:16512: /usr/bin/gcc -std=gnu99 -o conftest -g -O2   conftest.c -ltiff  -lz -ljpeg -lm  >&5
configure:16512: $? = 0
configure:16521: result: yes
configure:16529: checking for TIFFIsByteSwapped in -ltiff
configure:16554: /usr/bin/gcc -std=gnu99 -o conftest -g -O2   conftest.c -ltiff  -lz -ljpeg -lm  >&5
configure:16554: $? = 0
configure:16563: result: yes
configure:16571: checking if TIFF package is complete
configure:16586: result: yes
configure:16591: checking tiffconf.h usability
configure:16591: /usr/bin/gcc -std=gnu99 -c -g -O2  conftest.c >&5
configure:16591: $? = 0
configure:16591: result: yes
configure:16591: checking tiffconf.h presence
configure:16591: /usr/bin/gcc -std=gnu99 -E  conftest.c
configure:16591: $? = 0
configure:16591: result: yes
configure:16591: checking for tiffconf.h
configure:16591: result: yes
configure:16844: creating ./config.status

## ---------------------- ##
## Running config.status. ##
## ---------------------- ##

This file was extended by lcms2 config.status 2.3, which was
generated by GNU Autoconf 2.68.  Invocation command line was

  CONFIG_FILES    = 
  CONFIG_HEADERS  = 
  CONFIG_LINKS    = 
  CONFIG_COMMANDS = 
  $ ./config.status 

on Chriss-iPad

config.status:1102: creating Makefile
config.status:1102: creating lcms2.pc
config.status:1102: creating include/Makefile
config.status:1102: creating src/Makefile
config.status:1102: creating utils/tificc/Makefile
config.status:1102: creating utils/transicc/Makefile
config.status:1102: creating utils/linkicc/Makefile
config.status:1102: creating utils/jpgicc/Makefile
config.status:1102: creating utils/psicc/Makefile
config.status:1102: creating testbed/Makefile
config.status:1274: executing depfiles commands
config.status:1274: executing libtool commands

## ---------------- ##
## Cache variables. ##
## ---------------- ##

ac_cv_build=arm-apple-darwin11.0.0
ac_cv_c_bigendian=no
ac_cv_c_compiler_gnu=yes
ac_cv_c_inline=inline
ac_cv_cxx_compiler_gnu=yes
ac_cv_env_CCC_set=
ac_cv_env_CCC_value=
ac_cv_env_CC_set=set
ac_cv_env_CC_value=/usr/bin/gcc
ac_cv_env_CFLAGS_set=
ac_cv_env_CFLAGS_value=
ac_cv_env_CPPFLAGS_set=
ac_cv_env_CPPFLAGS_value=
ac_cv_env_CPP_set=
ac_cv_env_CPP_value=
ac_cv_env_CXXCPP_set=
ac_cv_env_CXXCPP_value=
ac_cv_env_CXXFLAGS_set=
ac_cv_env_CXXFLAGS_value=
ac_cv_env_CXX_set=
ac_cv_env_CXX_value=
ac_cv_env_LDFLAGS_set=
ac_cv_env_LDFLAGS_value=
ac_cv_env_LIBS_set=
ac_cv_env_LIBS_value=
ac_cv_env_build_alias_set=
ac_cv_env_build_alias_value=
ac_cv_env_host_alias_set=
ac_cv_env_host_alias_value=
ac_cv_env_target_alias_set=
ac_cv_env_target_alias_value=
ac_cv_header_dlfcn_h=yes
ac_cv_header_inttypes_h=yes
ac_cv_header_jconfig_h=yes
ac_cv_header_jerror_h=yes
ac_cv_header_jmorecfg_h=yes
ac_cv_header_jpeglib_h=yes
ac_cv_header_memory_h=yes
ac_cv_header_stdc=no
ac_cv_header_stdint_h=yes
ac_cv_header_stdlib_h=yes
ac_cv_header_string_h=yes
ac_cv_header_strings_h=yes
ac_cv_header_sys_stat_h=yes
ac_cv_header_sys_types_h=yes
ac_cv_header_tiff_h=yes
ac_cv_header_tiffconf_h=yes
ac_cv_header_tiffio_h=yes
ac_cv_header_unistd_h=yes
ac_cv_header_zconf_h=yes
ac_cv_header_zlib_h=yes
ac_cv_host=arm-apple-darwin11.0.0
ac_cv_jpeg_version_ok=yes
ac_cv_lib_jpeg_jpeg_read_header=yes
ac_cv_lib_m_sqrt=yes
ac_cv_lib_tiff_TIFFClientOpen=yes
ac_cv_lib_tiff_TIFFIsByteSwapped=yes
ac_cv_lib_tiff_TIFFOpen=yes
ac_cv_lib_z_compress=yes
ac_cv_lib_z_deflate=yes
ac_cv_lib_z_gzseek=yes
ac_cv_lib_z_gztell=yes
ac_cv_lib_z_inflate=yes
ac_cv_lib_z_uncompress=yes
ac_cv_objext=o
ac_cv_path_EGREP='/bin/grep -E'
ac_cv_path_FGREP='/bin/grep -F'
ac_cv_path_GREP=/bin/grep
ac_cv_path_SED=/bin/sed
ac_cv_path_install='/usr/bin/install -c'
ac_cv_path_mkdir=/bin/mkdir
ac_cv_prog_AWK=gawk
ac_cv_prog_CPP='/usr/bin/gcc -std=gnu99 -E'
ac_cv_prog_CXXCPP='g++ -E'
ac_cv_prog_ac_ct_AR=ar
ac_cv_prog_ac_ct_CC=/usr/bin/gcc
ac_cv_prog_ac_ct_CXX=g++
ac_cv_prog_ac_ct_DLLTOOL=dlltool
ac_cv_prog_ac_ct_LIPO=lipo
ac_cv_prog_ac_ct_NMEDIT=nmedit
ac_cv_prog_ac_ct_OBJDUMP=objdump
ac_cv_prog_ac_ct_OTOOL64=otool64
ac_cv_prog_ac_ct_OTOOL=otool
ac_cv_prog_ac_ct_RANLIB=ranlib
ac_cv_prog_ac_ct_STRIP=strip
ac_cv_prog_cc_c89=
ac_cv_prog_cc_c99=-std=gnu99
ac_cv_prog_cc_g=yes
ac_cv_prog_cc_stdc=-std=gnu99
ac_cv_prog_cxx_g=yes
ac_cv_prog_make_make_set=yes
am_cv_CC_dependencies_compiler_type=gcc3
am_cv_CXX_dependencies_compiler_type=gcc3
lt_cv_apple_cc_single_mod=yes
lt_cv_ar_at_file=no
lt_cv_deplibs_check_method=pass_all
lt_cv_file_magic_cmd='$MAGIC_CMD'
lt_cv_file_magic_test_file=
lt_cv_ld_exported_symbols_list=yes
lt_cv_ld_force_load=no
lt_cv_ld_reload_flag=-r
lt_cv_nm_interface='BSD nm'
lt_cv_objdir=.libs
lt_cv_path_LD=/usr/bin/ld
lt_cv_path_LDCXX=/usr/bin/ld
lt_cv_path_NM='/usr/bin/nm -p'
lt_cv_path_mainfest_tool=no
lt_cv_prog_compiler_c_o=yes
lt_cv_prog_compiler_c_o_CXX=yes
lt_cv_prog_compiler_pic='-fno-common -DPIC'
lt_cv_prog_compiler_pic_CXX='-fno-common -DPIC'
lt_cv_prog_compiler_pic_works=yes
lt_cv_prog_compiler_pic_works_CXX=yes
lt_cv_prog_compiler_rtti_exceptions=no
lt_cv_prog_compiler_static_works=no
lt_cv_prog_compiler_static_works_CXX=no
lt_cv_prog_gnu_ld=no
lt_cv_prog_gnu_ldcxx=no
lt_cv_sharedlib_from_linklib_cmd='printf %s\n'
lt_cv_sys_global_symbol_pipe='sed -n -e '\''s/^.*[	 ]\([BCDEGRST][BCDEGRST]*\)[	 ][	 ]*_\([_A-Za-z][_A-Za-z0-9]*\)$/\1 _\2 \2/p'\'' | sed '\''/ __gnu_lto/d'\'''
lt_cv_sys_global_symbol_to_c_name_address='sed -n -e '\''s/^: \([^ ]*\)[ ]*$/  {\"\1\", (void *) 0},/p'\'' -e '\''s/^[BCDEGRST]* \([^ ]*\) \([^ ]*\)$/  {"\2", (void *) \&\2},/p'\'''
lt_cv_sys_global_symbol_to_c_name_address_lib_prefix='sed -n -e '\''s/^: \([^ ]*\)[ ]*$/  {\"\1\", (void *) 0},/p'\'' -e '\''s/^[BCDEGRST]* \([^ ]*\) \(lib[^ ]*\)$/  {"\2", (void *) \&\2},/p'\'' -e '\''s/^[BCDEGRST]* \([^ ]*\) \([^ ]*\)$/  {"lib\2", (void *) \&\2},/p'\'''
lt_cv_sys_global_symbol_to_cdecl='sed -n -e '\''s/^T .* \(.*\)$/extern int \1();/p'\'' -e '\''s/^[BCDEGRST]* .* \(.*\)$/extern char \1;/p'\'''
lt_cv_sys_max_cmd_len=196608
lt_cv_to_host_file_cmd=func_convert_file_noop
lt_cv_to_tool_file_cmd=func_convert_file_noop

## ----------------- ##
## Output variables. ##
## ----------------- ##

ACLOCAL='${SHELL} /home/chris/lcms2-2.3/missing --run aclocal-1.11'
AMDEPBACKSLASH='\'
AMDEP_FALSE='#'
AMDEP_TRUE=''
AMTAR='${SHELL} /home/chris/lcms2-2.3/missing --run tar'
AR='ar'
AS='as'
AUTOCONF='${SHELL} /home/chris/lcms2-2.3/missing --run autoconf'
AUTOHEADER='${SHELL} /home/chris/lcms2-2.3/missing --run autoheader'
AUTOMAKE='${SHELL} /home/chris/lcms2-2.3/missing --run automake-1.11'
AWK='gawk'
CC='/usr/bin/gcc -std=gnu99'
CCDEPMODE='depmode=gcc3'
CFLAGS='-g -O2'
CPP='/usr/bin/gcc -std=gnu99 -E'
CPPFLAGS=''
CXX='g++'
CXXCPP='g++ -E'
CXXDEPMODE='depmode=gcc3'
CXXFLAGS='-g -O2'
CYGPATH_W='echo'
DEFS='-DPACKAGE_NAME=\"lcms2\" -DPACKAGE_TARNAME=\"lcms2\" -DPACKAGE_VERSION=\"2.3\" -DPACKAGE_STRING=\"lcms2\ 2.3\" -DPACKAGE_BUGREPORT=\"\" -DPACKAGE_URL=\"\" -DHAVE_SYS_TYPES_H=1 -DHAVE_SYS_STAT_H=1 -DHAVE_STDLIB_H=1 -DHAVE_STRING_H=1 -DHAVE_MEMORY_H=1 -DHAVE_STRINGS_H=1 -DHAVE_INTTYPES_H=1 -DHAVE_STDINT_H=1 -DHAVE_UNISTD_H=1 -DHAVE_DLFCN_H=1 -DLT_OBJDIR=\".libs/\" -DHasJPEG=1 -DHasZLIB=1 -DHasTIFF=1 -DHAVE_TIFFCONF_H=1'
DEPDIR='.deps'
DLLTOOL='dlltool'
DSYMUTIL=':'
DUMPBIN=''
ECHO_C=''
ECHO_N='-n'
ECHO_T=''
EGREP='/bin/grep -E'
EXEEXT=''
FGREP='/bin/grep -F'
GREP='/bin/grep'
HasJPEG_FALSE='#'
HasJPEG_TRUE=''
HasTIFF_FALSE='#'
HasTIFF_TRUE=''
HasZLIB_FALSE='#'
HasZLIB_TRUE=''
INSTALL_DATA='${INSTALL} -m 644'
INSTALL_PROGRAM='${INSTALL}'
INSTALL_SCRIPT='${INSTALL}'
INSTALL_STRIP_PROGRAM='$(install_sh) -c -s'
JPEGICC_DEPLIBS='-ljpeg -lm'
LCMS_LIB_DEPLIBS='-lm'
LD='/usr/bin/ld'
LDFLAGS=''
LIBOBJS=''
LIBRARY_AGE='0'
LIBRARY_CURRENT='2'
LIBRARY_REVISION='3'
LIBS=''
LIBTOOL='$(SHELL) $(top_builddir)/libtool'
LIBTOOL_DEPS='./ltmain.sh'
LIB_JPEG='-ljpeg'
LIB_MATH='-lm'
LIB_TIFF='-ltiff'
LIB_ZLIB='-lz'
LIPO='lipo'
LN_S='ln -s'
LTLIBOBJS=''
MAINT='#'
MAINTAINER_MODE_FALSE=''
MAINTAINER_MODE_TRUE='#'
MAKEINFO='${SHELL} /home/chris/lcms2-2.3/missing --run makeinfo'
MANIFEST_TOOL=':'
MKDIR_P='/bin/mkdir -p'
NM='/usr/bin/nm -p'
NMEDIT='nmedit'
OBJDUMP='objdump'
OBJEXT='o'
OTOOL64='otool64'
OTOOL='otool'
PACKAGE='lcms2'
PACKAGE_BUGREPORT=''
PACKAGE_NAME='lcms2'
PACKAGE_STRING='lcms2 2.3'
PACKAGE_TARNAME='lcms2'
PACKAGE_URL=''
PACKAGE_VERSION='2.3'
PATH_SEPARATOR=':'
RANLIB='ranlib'
SED='/bin/sed'
SET_MAKE=''
SHELL='/bin/sh'
STRIP='strip'
TIFFICC_DEPLIBS='-ltiff -ljpeg -lz -lm'
VERSION='2.3'
ac_ct_AR='ar'
ac_ct_CC='/usr/bin/gcc'
ac_ct_CXX='g++'
ac_ct_DUMPBIN=''
am__EXEEXT_FALSE=''
am__EXEEXT_TRUE='#'
am__fastdepCC_FALSE='#'
am__fastdepCC_TRUE=''
am__fastdepCXX_FALSE='#'
am__fastdepCXX_TRUE=''
am__include='include'
am__isrc=''
am__leading_dot='.'
am__quote=''
am__tar='${AMTAR} chof - "$$tardir"'
am__untar='${AMTAR} xf -'
bindir='${exec_prefix}/bin'
build='arm-apple-darwin11.0.0'
build_alias=''
build_cpu='arm'
build_os='darwin11.0.0'
build_vendor='apple'
datadir='${datarootdir}'
datarootdir='${prefix}/share'
docdir='${datarootdir}/doc/${PACKAGE_TARNAME}'
dvidir='${docdir}'
exec_prefix='${prefix}'
host='arm-apple-darwin11.0.0'
host_alias=''
host_cpu='arm'
host_os='darwin11.0.0'
host_vendor='apple'
htmldir='${docdir}'
includedir='${prefix}/include'
infodir='${datarootdir}/info'
inline=''
install_sh='${SHELL} /home/chris/lcms2-2.3/install-sh'
libdir='${exec_prefix}/lib'
libexecdir='${exec_prefix}/libexec'
localedir='${datarootdir}/locale'
localstatedir='${prefix}/var'
mandir='${datarootdir}/man'
mkdir_p='/bin/mkdir -p'
oldincludedir='/usr/include'
pdfdir='${docdir}'
prefix='/usr/local'
program_transform_name='s,x,x,'
psdir='${docdir}'
sbindir='${exec_prefix}/sbin'
sharedstatedir='${prefix}/com'
sysconfdir='${prefix}/etc'
target_alias=''

## ----------- ##
## confdefs.h. ##
## ----------- ##

/* confdefs.h */
#define PACKAGE_NAME "lcms2"
#define PACKAGE_TARNAME "lcms2"
#define PACKAGE_VERSION "2.3"
#define PACKAGE_STRING "lcms2 2.3"
#define PACKAGE_BUGREPORT ""
#define PACKAGE_URL ""
#define HAVE_SYS_TYPES_H 1
#define HAVE_SYS_STAT_H 1
#define HAVE_STDLIB_H 1
#define HAVE_STRING_H 1
#define HAVE_MEMORY_H 1
#define HAVE_STRINGS_H 1
#define HAVE_INTTYPES_H 1
#define HAVE_STDINT_H 1
#define HAVE_UNISTD_H 1
#define HAVE_DLFCN_H 1
#define LT_OBJDIR ".libs/"
#define HasJPEG 1
#define HasZLIB 1
#define HasTIFF 1
#define HAVE_TIFFCONF_H 1

configure: exit 0
