This file contains any messages produced by compilers while
running configure, to aid debugging if configure makes a mistake.

It was created by gtksourceview configure 3.2.3, which was
generated by GNU Autoconf 2.68.  Invocation command line was

  $ ./configure 

## --------- ##
## Platform. ##
## --------- ##

hostname = Chriss-iPad
uname -m = iPad1,1
uname -r = 11.0.0
uname -s = Darwin
uname -v = Darwin Kernel Version 11.0.0: Sun Apr  8 21:51:26 PDT 2012; root:xnu-1878.11.10~1/RELEASE_ARM_S5L8930X

/usr/bin/uname -p = unknown
/bin/uname -X     = unknown

/bin/arch              = unknown
/usr/bin/arch -k       = unknown
/usr/convex/getsysinfo = unknown
/usr/bin/hostinfo      = Mach kernel version:
	 Darwin Kernel Version 11.0.0: Sun Apr  8 21:51:26 PDT 2012; root:xnu-1878.11.10~1/RELEASE_ARM_S5L8930X
Kernel configured for a single processor only.
1 processor is physically available.
1 processor is logically available.
Processor type: armv7 (arm v7)
Processor active: 0
Primary memory available: 246.98 megabytes
Default processor set: 36 tasks, 245 threads, 1 processors
Load average: 3.17, Mach factor: 0.25
/bin/machine           = unknown
/usr/bin/oslevel       = unknown
/bin/universe          = unknown

PATH: /usr/local/sbin
PATH: /usr/local/bin
PATH: /usr/sbin
PATH: /usr/bin
PATH: /sbin
PATH: /bin
PATH: /usr/bin/X11
PATH: /usr/games
PATH: /usr/local/Gambit-C/bin


## ----------- ##
## Core tests. ##
## ----------- ##

configure:2392: checking for a BSD-compatible install
configure:2460: result: /usr/bin/install -c
configure:2471: checking whether build environment is sane
configure:2521: result: yes
configure:2662: checking for a thread-safe mkdir -p
configure:2701: result: /bin/mkdir -p
configure:2714: checking for gawk
configure:2730: found /usr/bin/gawk
configure:2741: result: gawk
configure:2752: checking whether make sets $(MAKE)
configure:2774: result: yes
configure:2849: checking how to create a ustar tar archive
configure:2862: tar --version
tar (GNU tar) 1.22
Copyright (C) 2009 Free Software Foundation, Inc.
License GPLv3+: GNU GPL version 3 or later <http://gnu.org/licenses/gpl.html>.
This is free software: you are free to change and redistribute it.
There is NO WARRANTY, to the extent permitted by law.

Written by John Gilmore and Jay Fenlason.
configure:2865: $? = 0
configure:2905: tardir=conftest.dir && eval tar --format=ustar -chf - "$tardir" >conftest.tar
configure:2908: $? = 0
configure:2912: tar -xf - <conftest.tar
configure:2915: $? = 0
configure:2928: result: gnutar
configure:2936: checking whether to disable maintainer-specific portions of Makefiles
configure:2945: result: yes
configure:3021: checking for gcc
configure:3048: result: /usr/bin/gcc
configure:3277: checking for C compiler version
configure:3286: /usr/bin/gcc --version >&5
gcc (GCC) 4.2.1 (Based on Apple Inc. build 5555)
Copyright (C) 2007 Free Software Foundation, Inc.
This is free software; see the source for copying conditions.  There is NO
warranty; not even for MERCHANTABILITY or FITNESS FOR A PARTICULAR PURPOSE.

configure:3297: $? = 0
configure:3286: /usr/bin/gcc -v >&5
Using built-in specs.
Target: arm-apple-darwin9
Configured with: ../llvm-gcc-4.2/configure --build=x86_64-unknown-linux-gnu --host=arm-apple-darwin9 --enable-static=no --enable-shared=yes --prefix=/usr --localstatedir=/var/cache/iphone-gcc --enable-languages=c,c++,objc,obj-c++ --enable-wchar_t=no --with-gxx-include-dir=/usr/include/c++/4.0.0
Thread model: posix
gcc version 4.2.1 (Based on Apple Inc. build 5555)
configure:3297: $? = 0
configure:3286: /usr/bin/gcc -V >&5
gcc: '-V' option must have argument
configure:3297: $? = 1
configure:3286: /usr/bin/gcc -qversion >&5
gcc: no input files
configure:3297: $? = 1
configure:3317: checking whether the C compiler works
configure:3339: /usr/bin/gcc    conftest.c  >&5
configure:3343: $? = 0
configure:3391: result: yes
configure:3394: checking for C compiler default output file name
configure:3396: result: a.out
configure:3402: checking for suffix of executables
configure:3409: /usr/bin/gcc -o conftest    conftest.c  >&5
configure:3413: $? = 0
configure:3435: result: 
configure:3457: checking whether we are cross compiling
configure:3465: /usr/bin/gcc -o conftest    conftest.c  >&5
configure:3469: $? = 0
configure:3476: ./conftest
./configure: line 3478:  3139 Killed: 9               ./conftest$ac_cv_exeext
configure:3480: $? = 137
configure:3492: result: no
configure:3497: checking for suffix of object files
configure:3519: /usr/bin/gcc -c   conftest.c >&5
configure:3523: $? = 0
configure:3544: result: o
configure:3548: checking whether we are using the GNU C compiler
configure:3567: /usr/bin/gcc -c   conftest.c >&5
configure:3567: $? = 0
configure:3576: result: yes
configure:3585: checking whether /usr/bin/gcc accepts -g
configure:3605: /usr/bin/gcc -c -g  conftest.c >&5
configure:3605: $? = 0
configure:3646: result: yes
configure:3663: checking for /usr/bin/gcc option to accept ISO C89
configure:3727: /usr/bin/gcc  -c -g -O2  conftest.c >&5
configure:3727: $? = 0
configure:3740: result: none needed
configure:3771: checking for style of include used by make
configure:3799: result: GNU
configure:3824: checking dependency style of /usr/bin/gcc
configure:3934: result: gcc3
configure:3982: checking build system type
configure:3996: result: arm-apple-darwin11.0.0
configure:4016: checking host system type
configure:4029: result: arm-apple-darwin11.0.0
configure:4070: checking how to print strings
configure:4097: result: printf
configure:4118: checking for a sed that does not truncate output
configure:4182: result: /bin/sed
configure:4200: checking for grep that handles long lines and -e
configure:4258: result: /bin/grep
configure:4263: checking for egrep
configure:4325: result: /bin/grep -E
configure:4330: checking for fgrep
configure:4392: result: /bin/grep -F
configure:4427: checking for ld used by /usr/bin/gcc
configure:4494: result: /usr/bin/ld
configure:4501: checking if the linker (/usr/bin/ld) is GNU ld
configure:4516: result: no
configure:4528: checking for BSD- or MS-compatible name lister (nm)
configure:4577: result: /usr/bin/nm -p
configure:4707: checking the name lister (/usr/bin/nm -p) interface
configure:4714: /usr/bin/gcc -c -g -O2  conftest.c >&5
configure:4717: /usr/bin/nm -p "conftest.o"
configure:4720: output
00000000 D _some_variable
configure:4727: result: BSD nm
configure:4730: checking whether ln -s works
configure:4734: result: yes
configure:4742: checking the maximum length of command line arguments
configure:4867: result: 196608
configure:4884: checking whether the shell understands some XSI constructs
configure:4894: result: yes
configure:4898: checking whether the shell understands "+="
configure:4904: result: yes
configure:4939: checking how to convert arm-apple-darwin11.0.0 file names to arm-apple-darwin11.0.0 format
configure:4979: result: func_convert_file_noop
configure:4986: checking how to convert arm-apple-darwin11.0.0 file names to toolchain format
configure:5006: result: func_convert_file_noop
configure:5013: checking for /usr/bin/ld option to reload object files
configure:5020: result: -r
configure:5094: checking for objdump
configure:5110: found /usr/bin/objdump
configure:5121: result: objdump
configure:5153: checking how to recognize dependent libraries
configure:5355: result: pass_all
configure:5440: checking for dlltool
configure:5470: result: no
configure:5500: checking how to associate runtime and link libraries
configure:5527: result: printf %s\n
configure:5588: checking for ar
configure:5604: found /usr/bin/ar
configure:5615: result: ar
configure:5652: checking for archiver @FILE support
configure:5669: /usr/bin/gcc -c -g -O2  conftest.c >&5
configure:5669: $? = 0
configure:5672: ar cru libconftest.a @conftest.lst >&5
ar: @conftest.lst: No such file or directory
configure:5675: $? = 1
configure:5695: result: no
configure:5753: checking for strip
configure:5769: found /usr/bin/strip
configure:5780: result: strip
configure:5852: checking for ranlib
configure:5868: found /usr/bin/ranlib
configure:5879: result: ranlib
configure:5981: checking command to parse /usr/bin/nm -p output from /usr/bin/gcc object
configure:6100: /usr/bin/gcc -c -g -O2  conftest.c >&5
configure:6103: $? = 0
configure:6107: /usr/bin/nm -p conftest.o \| sed -n -e 's/^.*[ ]\([BCDEGRST][BCDEGRST]*\)[ ][ ]*\([_A-Za-z][_A-Za-z0-9]*\)$/\1 \2 \2/p' | sed '/ __gnu_lto/d' \> conftest.nm
configure:6110: $? = 0
cannot find nm_test_var in conftest.nm
configure:6100: /usr/bin/gcc -c -g -O2  conftest.c >&5
configure:6103: $? = 0
configure:6107: /usr/bin/nm -p conftest.o \| sed -n -e 's/^.*[ ]\([BCDEGRST][BCDEGRST]*\)[ ][ ]*_\([_A-Za-z][_A-Za-z0-9]*\)$/\1 _\2 \2/p' | sed '/ __gnu_lto/d' \> conftest.nm
configure:6110: $? = 0
configure:6176: /usr/bin/gcc -o conftest -g -O2   conftest.c conftstm.o >&5
configure:6179: $? = 0
configure:6217: result: ok
configure:6254: checking for sysroot
configure:6284: result: no
configure:6527: checking for mt
configure:6557: result: no
configure:6577: checking if : is a manifest tool
configure:6583: : '-?'
configure:6591: result: no
configure:6647: checking for dsymutil
configure:6677: result: no
configure:6739: checking for nmedit
configure:6755: found /usr/bin/nmedit
configure:6766: result: nmedit
configure:6831: checking for lipo
configure:6847: found /usr/bin/lipo
configure:6858: result: lipo
configure:6923: checking for otool
configure:6939: found /usr/bin/otool
configure:6950: result: otool
configure:7015: checking for otool64
configure:7031: found /usr/bin/otool64
configure:7042: result: otool64
configure:7090: checking for -single_module linker flag
/usr/bin/gcc -g -O2  -o libconftest.dylib -dynamiclib -Wl,-single_module conftest.c
configure:7117: result: yes
configure:7119: checking for -exported_symbols_list linker flag
configure:7139: /usr/bin/gcc -o conftest -g -O2   -Wl,-exported_symbols_list,conftest.sym conftest.c  >&5
configure:7139: $? = 0
configure:7149: result: yes
configure:7151: checking for -force_load linker flag
/usr/bin/gcc -g -O2 -c -o conftest.o conftest.c
ar cru libconftest.a conftest.o
ranlib libconftest.a
/usr/bin/gcc -g -O2  -o conftest conftest.c -Wl,-force_load,./libconftest.a
ld: unknown option: -force_load
collect2: ld returned 1 exit status
configure:7181: result: no
configure:7223: checking how to run the C preprocessor
configure:7254: /usr/bin/gcc -E  conftest.c
configure:7254: $? = 0
configure:7268: /usr/bin/gcc -E  conftest.c
conftest.c:11:28: error: ac_nonexistent.h: No such file or directory
configure:7268: $? = 1
configure: failed program was:
| /* confdefs.h */
| #define PACKAGE_NAME "gtksourceview"
| #define PACKAGE_TARNAME "gtksourceview"
| #define PACKAGE_VERSION "3.2.3"
| #define PACKAGE_STRING "gtksourceview 3.2.3"
| #define PACKAGE_BUGREPORT "http://bugzilla.gnome.org/enter_bug.cgi?product=gtksourceview"
| #define PACKAGE_URL "http://projects.gnome.org/gtksourceview/"
| #define PACKAGE "gtksourceview"
| #define VERSION "3.2.3"
| /* end confdefs.h.  */
| #include <ac_nonexistent.h>
configure:7293: result: /usr/bin/gcc -E
configure:7313: /usr/bin/gcc -E  conftest.c
configure:7313: $? = 0
configure:7327: /usr/bin/gcc -E  conftest.c
conftest.c:11:28: error: ac_nonexistent.h: No such file or directory
configure:7327: $? = 1
configure: failed program was:
| /* confdefs.h */
| #define PACKAGE_NAME "gtksourceview"
| #define PACKAGE_TARNAME "gtksourceview"
| #define PACKAGE_VERSION "3.2.3"
| #define PACKAGE_STRING "gtksourceview 3.2.3"
| #define PACKAGE_BUGREPORT "http://bugzilla.gnome.org/enter_bug.cgi?product=gtksourceview"
| #define PACKAGE_URL "http://projects.gnome.org/gtksourceview/"
| #define PACKAGE "gtksourceview"
| #define VERSION "3.2.3"
| /* end confdefs.h.  */
| #include <ac_nonexistent.h>
configure:7356: checking for ANSI C header files
configure:7376: /usr/bin/gcc -c -g -O2  conftest.c >&5
configure:7376: $? = 0
configure:7449: /usr/bin/gcc -o conftest -g -O2   conftest.c  >&5
configure:7449: $? = 0
configure:7449: ./conftest
./configure: line 1813:  3512 Killed: 9               ./conftest$ac_exeext
configure:7449: $? = 137
configure: program exited with status 137
configure: failed program was:
| /* confdefs.h */
| #define PACKAGE_NAME "gtksourceview"
| #define PACKAGE_TARNAME "gtksourceview"
| #define PACKAGE_VERSION "3.2.3"
| #define PACKAGE_STRING "gtksourceview 3.2.3"
| #define PACKAGE_BUGREPORT "http://bugzilla.gnome.org/enter_bug.cgi?product=gtksourceview"
| #define PACKAGE_URL "http://projects.gnome.org/gtksourceview/"
| #define PACKAGE "gtksourceview"
| #define VERSION "3.2.3"
| /* end confdefs.h.  */
| #include <ctype.h>
| #include <stdlib.h>
| #if ((' ' & 0x0FF) == 0x020)
| # define ISLOWER(c) ('a' <= (c) && (c) <= 'z')
| # define TOUPPER(c) (ISLOWER(c) ? 'A' + ((c) - 'a') : (c))
| #else
| # define ISLOWER(c) 		   (('a' <= (c) && (c) <= 'i') 		     || ('j' <= (c) && (c) <= 'r') 		     || ('s' <= (c) && (c) <= 'z'))
| # define TOUPPER(c) (ISLOWER(c) ? ((c) | 0x40) : (c))
| #endif
| 
| #define XOR(e, f) (((e) && !(f)) || (!(e) && (f)))
| int
| main ()
| {
|   int i;
|   for (i = 0; i < 256; i++)
|     if (XOR (islower (i), ISLOWER (i))
| 	|| toupper (i) != TOUPPER (i))
|       return 2;
|   return 0;
| }
configure:7460: result: no
configure:7473: checking for sys/types.h
configure:7473: /usr/bin/gcc -c -g -O2  conftest.c >&5
configure:7473: $? = 0
configure:7473: result: yes
configure:7473: checking for sys/stat.h
configure:7473: /usr/bin/gcc -c -g -O2  conftest.c >&5
configure:7473: $? = 0
configure:7473: result: yes
configure:7473: checking for stdlib.h
configure:7473: /usr/bin/gcc -c -g -O2  conftest.c >&5
configure:7473: $? = 0
configure:7473: result: yes
configure:7473: checking for string.h
configure:7473: /usr/bin/gcc -c -g -O2  conftest.c >&5
configure:7473: $? = 0
configure:7473: result: yes
configure:7473: checking for memory.h
configure:7473: /usr/bin/gcc -c -g -O2  conftest.c >&5
configure:7473: $? = 0
configure:7473: result: yes
configure:7473: checking for strings.h
configure:7473: /usr/bin/gcc -c -g -O2  conftest.c >&5
configure:7473: $? = 0
configure:7473: result: yes
configure:7473: checking for inttypes.h
configure:7473: /usr/bin/gcc -c -g -O2  conftest.c >&5
configure:7473: $? = 0
configure:7473: result: yes
configure:7473: checking for stdint.h
configure:7473: /usr/bin/gcc -c -g -O2  conftest.c >&5
configure:7473: $? = 0
configure:7473: result: yes
configure:7473: checking for unistd.h
configure:7473: /usr/bin/gcc -c -g -O2  conftest.c >&5
configure:7473: $? = 0
configure:7473: result: yes
configure:7487: checking for dlfcn.h
configure:7487: /usr/bin/gcc -c -g -O2  conftest.c >&5
configure:7487: $? = 0
configure:7487: result: yes
configure:7673: checking for objdir
configure:7688: result: .libs
configure:7959: checking if /usr/bin/gcc supports -fno-rtti -fno-exceptions
configure:7977: /usr/bin/gcc -c -g -O2  -fno-rtti -fno-exceptions conftest.c >&5
cc1: warning: command line option "-fno-rtti" is valid for C++/ObjC++ but not for C
configure:7981: $? = 0
configure:7994: result: no
configure:8304: checking for /usr/bin/gcc option to produce PIC
configure:8311: result: -fno-common -DPIC
configure:8319: checking if /usr/bin/gcc PIC flag -fno-common -DPIC works
configure:8337: /usr/bin/gcc -c -g -O2  -fno-common -DPIC -DPIC conftest.c >&5
configure:8341: $? = 0
configure:8354: result: yes
configure:8383: checking if /usr/bin/gcc static flag -static works
configure:8411: result: no
configure:8426: checking if /usr/bin/gcc supports -c -o file.o
configure:8447: /usr/bin/gcc -c -g -O2  -o out/conftest2.o conftest.c >&5
configure:8451: $? = 0
configure:8473: result: yes
configure:8481: checking if /usr/bin/gcc supports -c -o file.o
configure:8528: result: yes
configure:8561: checking whether the /usr/bin/gcc linker (/usr/bin/ld) supports shared libraries
configure:9719: result: yes
configure:9964: checking dynamic linker characteristics
configure:10704: result: darwin11.0.0 dyld
configure:10811: checking how to hardcode library paths into programs
configure:10836: result: immediate
configure:11376: checking whether stripping libraries is possible
configure:11390: result: yes
configure:11416: checking if libtool supports shared libraries
configure:11418: result: yes
configure:11421: checking whether to build shared libraries
configure:11442: result: yes
configure:11445: checking whether to build static libraries
configure:11449: result: no
configure:11488: checking for unistd.h
configure:11488: result: yes
configure:11511: checking for glib-genmarshal
configure:11529: found /usr/local/bin/glib-genmarshal
configure:11541: result: /usr/local/bin/glib-genmarshal
configure:11551: checking for glib-mkenums
configure:11569: found /usr/local/bin/glib-mkenums
configure:11581: result: /usr/local/bin/glib-mkenums
configure:11625: checking whether gcc understands -Wno-sign-compare
configure:11638: /usr/bin/gcc -c -Wall -Wmissing-prototypes -Wnested-externs -Wpointer-arith -g -O2 -Wno-sign-compare  conftest.c >&5
configure:11638: $? = 0
configure:11645: result: yes
configure:11663: checking what warning flags to pass to the C compiler
configure:11665: result: -Wall -Wmissing-prototypes -Wnested-externs -Wpointer-arith -Wno-sign-compare
configure:11676: checking what language compliance flags to pass to the C compiler
configure:11691: result: 
configure:11775: checking for pkg-config
configure:11793: found /usr/local/bin/pkg-config
configure:11805: result: /usr/local/bin/pkg-config
configure:11830: checking pkg-config is at least version 0.9.0
configure:11833: result: yes
configure:11843: checking for DEP
configure:11854: $PKG_CONFIG --exists --print-errors "
	gio-2.0 >= 2.28.0
	gtk+-3.0 >= $GTK_REQUIRED_VERSION
	libxml-2.0 >= $LIBXML_REQUIRED_VERSION
"
configure:11861: $? = 0
configure:11882: $PKG_CONFIG --exists --print-errors "
	gio-2.0 >= 2.28.0
	gtk+-3.0 >= $GTK_REQUIRED_VERSION
	libxml-2.0 >= $LIBXML_REQUIRED_VERSION
"
configure:11889: $? = 0
configure:11964: result: yes
configure:11986: checking for native Mac OS X
configure:11996: result: no
configure:12142: checking whether NLS is requested
configure:12151: result: yes
configure:12166: checking for intltool >= 0.40
configure:12173: result: 0.50.0 found
configure:12181: checking for intltool-update
configure:12199: found /usr/local/bin/intltool-update
configure:12211: result: /usr/local/bin/intltool-update
configure:12221: checking for intltool-merge
configure:12239: found /usr/local/bin/intltool-merge
configure:12251: result: /usr/local/bin/intltool-merge
configure:12261: checking for intltool-extract
configure:12279: found /usr/local/bin/intltool-extract
configure:12291: result: /usr/local/bin/intltool-extract
configure:12422: checking for xgettext
configure:12440: found /usr/local/bin/xgettext
configure:12452: result: /usr/local/bin/xgettext
configure:12462: checking for msgmerge
configure:12480: found /usr/local/bin/msgmerge
configure:12492: result: /usr/local/bin/msgmerge
configure:12502: checking for msgfmt
configure:12520: found /usr/local/bin/msgfmt
configure:12532: result: /usr/local/bin/msgfmt
configure:12542: checking for gmsgfmt
configure:12573: result: /usr/local/bin/msgfmt
configure:12593: checking for perl
configure:12611: found /usr/local/bin/perl
configure:12623: result: /usr/local/bin/perl
configure:12634: checking for perl >= 5.8.1
configure:12641: result: 5.10.0
configure:12645: checking for XML::Parser
configure:12648: result: ok
configure:12673: /usr/bin/gcc -o conftest -g -O2   conftest.c  >&5
Undefined symbols:
  "__nl_msg_cat_cntr", referenced from:
      __nl_msg_cat_cntr$non_lazy_ptr in cccgqks5.o
ld: symbol(s) not found
collect2: ld returned 1 exit status
configure:12673: $? = 1
configure: failed program was:
| /* confdefs.h */
| #define PACKAGE_NAME "gtksourceview"
| #define PACKAGE_TARNAME "gtksourceview"
| #define PACKAGE_VERSION "3.2.3"
| #define PACKAGE_STRING "gtksourceview 3.2.3"
| #define PACKAGE_BUGREPORT "http://bugzilla.gnome.org/enter_bug.cgi?product=gtksourceview"
| #define PACKAGE_URL "http://projects.gnome.org/gtksourceview/"
| #define PACKAGE "gtksourceview"
| #define VERSION "3.2.3"
| #define HAVE_SYS_TYPES_H 1
| #define HAVE_SYS_STAT_H 1
| #define HAVE_STDLIB_H 1
| #define HAVE_STRING_H 1
| #define HAVE_MEMORY_H 1
| #define HAVE_STRINGS_H 1
| #define HAVE_INTTYPES_H 1
| #define HAVE_STDINT_H 1
| #define HAVE_UNISTD_H 1
| #define HAVE_DLFCN_H 1
| #define LT_OBJDIR ".libs/"
| #define HAVE_UNISTD_H 1
| /* end confdefs.h.  */
| 
| int
| main ()
| {
| extern int _nl_msg_cat_cntr;
|                        return _nl_msg_cat_cntr
|   ;
|   return 0;
| }
configure:12738: checking for msgfmt
configure:12770: result: /usr/local/bin/msgfmt
configure:12779: checking for gmsgfmt
configure:12810: result: /usr/local/bin/msgfmt
configure:12861: checking for xgettext
configure:12893: result: /usr/local/bin/xgettext
configure:12939: checking for msgmerge
configure:12970: result: /usr/local/bin/msgmerge
configure:13027: checking for ld used by GCC
configure:13091: result: /usr/bin/ld
configure:13098: checking if the linker (/usr/bin/ld) is GNU ld
configure:13111: result: no
configure:13118: checking for shared library run path origin
configure:13131: result: done
configure:13632: checking for CFPreferencesCopyAppValue
configure:13650: /usr/bin/gcc -o conftest -g -O2   conftest.c  -Wl,-framework -Wl,CoreFoundation >&5
ld: framework not found CoreFoundation
collect2: ld returned 1 exit status
configure:13650: $? = 1
configure: failed program was:
| /* confdefs.h */
| #define PACKAGE_NAME "gtksourceview"
| #define PACKAGE_TARNAME "gtksourceview"
| #define PACKAGE_VERSION "3.2.3"
| #define PACKAGE_STRING "gtksourceview 3.2.3"
| #define PACKAGE_BUGREPORT "http://bugzilla.gnome.org/enter_bug.cgi?product=gtksourceview"
| #define PACKAGE_URL "http://projects.gnome.org/gtksourceview/"
| #define PACKAGE "gtksourceview"
| #define VERSION "3.2.3"
| #define HAVE_SYS_TYPES_H 1
| #define HAVE_SYS_STAT_H 1
| #define HAVE_STDLIB_H 1
| #define HAVE_STRING_H 1
| #define HAVE_MEMORY_H 1
| #define HAVE_STRINGS_H 1
| #define HAVE_INTTYPES_H 1
| #define HAVE_STDINT_H 1
| #define HAVE_UNISTD_H 1
| #define HAVE_DLFCN_H 1
| #define LT_OBJDIR ".libs/"
| #define HAVE_UNISTD_H 1
| /* end confdefs.h.  */
| #include <CoreFoundation/CFPreferences.h>
| int
| main ()
| {
| CFPreferencesCopyAppValue(NULL, NULL)
|   ;
|   return 0;
| }
configure:13659: result: no
configure:13666: checking for CFLocaleCopyCurrent
configure:13684: /usr/bin/gcc -o conftest -g -O2   conftest.c  -Wl,-framework -Wl,CoreFoundation >&5
ld: framework not found CoreFoundation
collect2: ld returned 1 exit status
configure:13684: $? = 1
configure: failed program was:
| /* confdefs.h */
| #define PACKAGE_NAME "gtksourceview"
| #define PACKAGE_TARNAME "gtksourceview"
| #define PACKAGE_VERSION "3.2.3"
| #define PACKAGE_STRING "gtksourceview 3.2.3"
| #define PACKAGE_BUGREPORT "http://bugzilla.gnome.org/enter_bug.cgi?product=gtksourceview"
| #define PACKAGE_URL "http://projects.gnome.org/gtksourceview/"
| #define PACKAGE "gtksourceview"
| #define VERSION "3.2.3"
| #define HAVE_SYS_TYPES_H 1
| #define HAVE_SYS_STAT_H 1
| #define HAVE_STDLIB_H 1
| #define HAVE_STRING_H 1
| #define HAVE_MEMORY_H 1
| #define HAVE_STRINGS_H 1
| #define HAVE_INTTYPES_H 1
| #define HAVE_STDINT_H 1
| #define HAVE_UNISTD_H 1
| #define HAVE_DLFCN_H 1
| #define LT_OBJDIR ".libs/"
| #define HAVE_UNISTD_H 1
| /* end confdefs.h.  */
| #include <CoreFoundation/CFLocale.h>
| int
| main ()
| {
| CFLocaleCopyCurrent();
|   ;
|   return 0;
| }
configure:13693: result: no
configure:13742: checking for GNU gettext in libc
configure:13762: /usr/bin/gcc -o conftest -g -O2   conftest.c  >&5
Undefined symbols:
  "__nl_msg_cat_cntr", referenced from:
      __nl_msg_cat_cntr$non_lazy_ptr in cc8I2Qnw.o
  "__nl_domain_bindings", referenced from:
      __nl_domain_bindings$non_lazy_ptr in cc8I2Qnw.o
  "_libintl_bindtextdomain", referenced from:
      _main in cc8I2Qnw.o
  "_libintl_gettext", referenced from:
      _main in cc8I2Qnw.o
ld: symbol(s) not found
collect2: ld returned 1 exit status
configure:13762: $? = 1
configure: failed program was:
| /* confdefs.h */
| #define PACKAGE_NAME "gtksourceview"
| #define PACKAGE_TARNAME "gtksourceview"
| #define PACKAGE_VERSION "3.2.3"
| #define PACKAGE_STRING "gtksourceview 3.2.3"
| #define PACKAGE_BUGREPORT "http://bugzilla.gnome.org/enter_bug.cgi?product=gtksourceview"
| #define PACKAGE_URL "http://projects.gnome.org/gtksourceview/"
| #define PACKAGE "gtksourceview"
| #define VERSION "3.2.3"
| #define HAVE_SYS_TYPES_H 1
| #define HAVE_SYS_STAT_H 1
| #define HAVE_STDLIB_H 1
| #define HAVE_STRING_H 1
| #define HAVE_MEMORY_H 1
| #define HAVE_STRINGS_H 1
| #define HAVE_INTTYPES_H 1
| #define HAVE_STDINT_H 1
| #define HAVE_UNISTD_H 1
| #define HAVE_DLFCN_H 1
| #define LT_OBJDIR ".libs/"
| #define HAVE_UNISTD_H 1
| /* end confdefs.h.  */
| #include <libintl.h>
| 
| extern int _nl_msg_cat_cntr;
| extern int *_nl_domain_bindings;
| int
| main ()
| {
| bindtextdomain ("", "");
| return * gettext ("") + _nl_msg_cat_cntr + *_nl_domain_bindings
|   ;
|   return 0;
| }
configure:13771: result: no
configure:13805: checking for iconv
configure:13827: /usr/bin/gcc -o conftest -g -O2 -I/usr/local/include  conftest.c  >&5
Undefined symbols:
  "_iconv", referenced from:
      _main in ccy32pWL.o
  "_iconv_close", referenced from:
      _main in ccy32pWL.o
  "_iconv_open", referenced from:
      _main in ccy32pWL.o
ld: symbol(s) not found
collect2: ld returned 1 exit status
configure:13827: $? = 1
configure: failed program was:
| /* confdefs.h */
| #define PACKAGE_NAME "gtksourceview"
| #define PACKAGE_TARNAME "gtksourceview"
| #define PACKAGE_VERSION "3.2.3"
| #define PACKAGE_STRING "gtksourceview 3.2.3"
| #define PACKAGE_BUGREPORT "http://bugzilla.gnome.org/enter_bug.cgi?product=gtksourceview"
| #define PACKAGE_URL "http://projects.gnome.org/gtksourceview/"
| #define PACKAGE "gtksourceview"
| #define VERSION "3.2.3"
| #define HAVE_SYS_TYPES_H 1
| #define HAVE_SYS_STAT_H 1
| #define HAVE_STDLIB_H 1
| #define HAVE_STRING_H 1
| #define HAVE_MEMORY_H 1
| #define HAVE_STRINGS_H 1
| #define HAVE_INTTYPES_H 1
| #define HAVE_STDINT_H 1
| #define HAVE_UNISTD_H 1
| #define HAVE_DLFCN_H 1
| #define LT_OBJDIR ".libs/"
| #define HAVE_UNISTD_H 1
| /* end confdefs.h.  */
| #include <stdlib.h>
| #include <iconv.h>
| int
| main ()
| {
| iconv_t cd = iconv_open("","");
|        iconv(cd,NULL,NULL,NULL,NULL);
|        iconv_close(cd);
|   ;
|   return 0;
| }
configure:13849: /usr/bin/gcc -o conftest -g -O2 -I/usr/local/include  conftest.c  -L/usr/local/lib -liconv >&5
Undefined symbols:
  "_iconv", referenced from:
      _main in cc0QzBCa.o
  "_iconv_close", referenced from:
      _main in cc0QzBCa.o
  "_iconv_open", referenced from:
      _main in cc0QzBCa.o
ld: symbol(s) not found
collect2: ld returned 1 exit status
configure:13849: $? = 1
configure: failed program was:
| /* confdefs.h */
| #define PACKAGE_NAME "gtksourceview"
| #define PACKAGE_TARNAME "gtksourceview"
| #define PACKAGE_VERSION "3.2.3"
| #define PACKAGE_STRING "gtksourceview 3.2.3"
| #define PACKAGE_BUGREPORT "http://bugzilla.gnome.org/enter_bug.cgi?product=gtksourceview"
| #define PACKAGE_URL "http://projects.gnome.org/gtksourceview/"
| #define PACKAGE "gtksourceview"
| #define VERSION "3.2.3"
| #define HAVE_SYS_TYPES_H 1
| #define HAVE_SYS_STAT_H 1
| #define HAVE_STDLIB_H 1
| #define HAVE_STRING_H 1
| #define HAVE_MEMORY_H 1
| #define HAVE_STRINGS_H 1
| #define HAVE_INTTYPES_H 1
| #define HAVE_STDINT_H 1
| #define HAVE_UNISTD_H 1
| #define HAVE_DLFCN_H 1
| #define LT_OBJDIR ".libs/"
| #define HAVE_UNISTD_H 1
| /* end confdefs.h.  */
| #include <stdlib.h>
| #include <iconv.h>
| int
| main ()
| {
| iconv_t cd = iconv_open("","");
|          iconv(cd,NULL,NULL,NULL,NULL);
|          iconv_close(cd);
|   ;
|   return 0;
| }
configure:13859: result: no, consider installing GNU libiconv
configure:14413: checking for GNU gettext in libintl
configure:14441: /usr/bin/gcc -o conftest -g -O2  -I/usr/local/include  conftest.c  -L/usr/local/lib -lintl -lc >&5
configure:14441: $? = 0
configure:14482: result: yes
configure:14517: checking whether to use NLS
configure:14519: result: yes
configure:14522: checking where the gettext function comes from
configure:14533: result: external libintl
configure:14541: checking how to link with libintl
configure:14543: result: -L/usr/local/lib -lintl -lc
configure:14605: checking for gtkdoc-check
configure:14638: result: no
configure:14647: checking for gtkdoc-rebase
configure:14680: result: no
configure:14691: checking for gtkdoc-mkpdf
configure:14724: result: no
configure:14855: checking whether to build gtk-doc documentation
configure:14857: result: no
configure:14934: checking for gobject-introspection
configure:14965: $PKG_CONFIG --exists --print-errors "gobject-introspection-1.0 >= 0.9.0"
Package gobject-introspection-1.0 was not found in the pkg-config search path.
Perhaps you should add the directory containing `gobject-introspection-1.0.pc'
to the PKG_CONFIG_PATH environment variable
No package 'gobject-introspection-1.0' found
configure:14968: $? = 1
configure:14979: result: no
configure:15199: creating ./config.status

## ---------------------- ##
## Running config.status. ##
## ---------------------- ##

This file was extended by gtksourceview config.status 3.2.3, which was
generated by GNU Autoconf 2.68.  Invocation command line was

  CONFIG_FILES    = 
  CONFIG_HEADERS  = 
  CONFIG_LINKS    = 
  CONFIG_COMMANDS = 
  $ ./config.status 

on Chriss-iPad

config.status:1228: creating gtksourceview-3.0.pc
config.status:1228: creating gtksourceview-zip
config.status:1228: creating Makefile
config.status:1228: creating data/Makefile
config.status:1228: creating data/glade/Makefile
config.status:1228: creating data/language-specs/Makefile
config.status:1228: creating data/styles/Makefile
config.status:1228: creating docs/Makefile
config.status:1228: creating docs/reference/Makefile
config.status:1228: creating docs/reference/version.xml
config.status:1228: creating gtksourceview/Makefile
config.status:1228: creating gtksourceview/completion-providers/Makefile
config.status:1228: creating gtksourceview/completion-providers/words/Makefile
config.status:1228: creating po/Makefile.in
config.status:1228: creating tests/Makefile
config.status:1228: creating config.h
config.status:1457: executing depfiles commands
config.status:1457: executing libtool commands
config.status:1457: executing po-directories commands
config.status:1457: executing po/stamp-it commands

## ---------------- ##
## Cache variables. ##
## ---------------- ##

ac_cv_build=arm-apple-darwin11.0.0
ac_cv_c_compiler_gnu=yes
ac_cv_env_CC_set=set
ac_cv_env_CC_value=/usr/bin/gcc
ac_cv_env_CFLAGS_set=
ac_cv_env_CFLAGS_value=
ac_cv_env_CPPFLAGS_set=
ac_cv_env_CPPFLAGS_value=
ac_cv_env_CPP_set=
ac_cv_env_CPP_value=
ac_cv_env_DEP_CFLAGS_set=
ac_cv_env_DEP_CFLAGS_value=
ac_cv_env_DEP_LIBS_set=
ac_cv_env_DEP_LIBS_value=
ac_cv_env_GTKDOC_DEPS_CFLAGS_set=
ac_cv_env_GTKDOC_DEPS_CFLAGS_value=
ac_cv_env_GTKDOC_DEPS_LIBS_set=
ac_cv_env_GTKDOC_DEPS_LIBS_value=
ac_cv_env_IGE_MAC_CFLAGS_set=
ac_cv_env_IGE_MAC_CFLAGS_value=
ac_cv_env_IGE_MAC_LIBS_set=
ac_cv_env_IGE_MAC_LIBS_value=
ac_cv_env_LDFLAGS_set=
ac_cv_env_LDFLAGS_value=
ac_cv_env_LIBS_set=
ac_cv_env_LIBS_value=
ac_cv_env_PKG_CONFIG_LIBDIR_set=
ac_cv_env_PKG_CONFIG_LIBDIR_value=
ac_cv_env_PKG_CONFIG_PATH_set=set
ac_cv_env_PKG_CONFIG_PATH_value=/usr/local/lib/pkgconfig:/usr/lib/pkgconfig
ac_cv_env_PKG_CONFIG_set=
ac_cv_env_PKG_CONFIG_value=
ac_cv_env_build_alias_set=
ac_cv_env_build_alias_value=
ac_cv_env_host_alias_set=
ac_cv_env_host_alias_value=
ac_cv_env_target_alias_set=
ac_cv_env_target_alias_value=
ac_cv_header_dlfcn_h=yes
ac_cv_header_inttypes_h=yes
ac_cv_header_memory_h=yes
ac_cv_header_stdc=no
ac_cv_header_stdint_h=yes
ac_cv_header_stdlib_h=yes
ac_cv_header_string_h=yes
ac_cv_header_strings_h=yes
ac_cv_header_sys_stat_h=yes
ac_cv_header_sys_types_h=yes
ac_cv_header_unistd_h=yes
ac_cv_host=arm-apple-darwin11.0.0
ac_cv_objext=o
ac_cv_path_EGREP='/bin/grep -E'
ac_cv_path_FGREP='/bin/grep -F'
ac_cv_path_GLIB_GENMARSHAL=/usr/local/bin/glib-genmarshal
ac_cv_path_GLIB_MKENUMS=/usr/local/bin/glib-mkenums
ac_cv_path_GMSGFMT=/usr/local/bin/msgfmt
ac_cv_path_GREP=/bin/grep
ac_cv_path_INTLTOOL_EXTRACT=/usr/local/bin/intltool-extract
ac_cv_path_INTLTOOL_MERGE=/usr/local/bin/intltool-merge
ac_cv_path_INTLTOOL_PERL=/usr/local/bin/perl
ac_cv_path_INTLTOOL_UPDATE=/usr/local/bin/intltool-update
ac_cv_path_MSGFMT=/usr/local/bin/msgfmt
ac_cv_path_MSGMERGE=/usr/local/bin/msgmerge
ac_cv_path_SED=/bin/sed
ac_cv_path_XGETTEXT=/usr/local/bin/xgettext
ac_cv_path_ac_pt_PKG_CONFIG=/usr/local/bin/pkg-config
ac_cv_path_install='/usr/bin/install -c'
ac_cv_path_mkdir=/bin/mkdir
ac_cv_prog_AWK=gawk
ac_cv_prog_CPP='/usr/bin/gcc -E'
ac_cv_prog_ac_ct_AR=ar
ac_cv_prog_ac_ct_CC=/usr/bin/gcc
ac_cv_prog_ac_ct_LIPO=lipo
ac_cv_prog_ac_ct_NMEDIT=nmedit
ac_cv_prog_ac_ct_OBJDUMP=objdump
ac_cv_prog_ac_ct_OTOOL64=otool64
ac_cv_prog_ac_ct_OTOOL=otool
ac_cv_prog_ac_ct_RANLIB=ranlib
ac_cv_prog_ac_ct_STRIP=strip
ac_cv_prog_cc_c89=
ac_cv_prog_cc_g=yes
ac_cv_prog_make_make_set=yes
acl_cv_hardcode_direct=no
acl_cv_hardcode_libdir_flag_spec=
acl_cv_hardcode_libdir_separator=
acl_cv_hardcode_minus_L=no
acl_cv_libext=a
acl_cv_libname_spec='lib$name'
acl_cv_library_names_spec='$libname$shrext'
acl_cv_path_LD=/usr/bin/ld
acl_cv_prog_gnu_ld=no
acl_cv_rpath=done
acl_cv_shlibext=dylib
acl_cv_wl=-Wl,
am_cv_CC_dependencies_compiler_type=gcc3
am_cv_func_iconv='no, consider installing GNU libiconv'
am_cv_lib_iconv=no
am_cv_prog_tar_ustar=gnutar
gt_cv_func_CFLocaleCopyCurrent=no
gt_cv_func_CFPreferencesCopyAppValue=no
gt_cv_func_gnugettext1_libc=no
gt_cv_func_gnugettext1_libintl=yes
lt_cv_apple_cc_single_mod=yes
lt_cv_ar_at_file=no
lt_cv_deplibs_check_method=pass_all
lt_cv_file_magic_cmd='$MAGIC_CMD'
lt_cv_file_magic_test_file=
lt_cv_ld_exported_symbols_list=yes
lt_cv_ld_force_load=no
lt_cv_ld_reload_flag=-r
lt_cv_nm_interface='BSD nm'
lt_cv_objdir=.libs
lt_cv_path_LD=/usr/bin/ld
lt_cv_path_NM='/usr/bin/nm -p'
lt_cv_path_mainfest_tool=no
lt_cv_prog_compiler_c_o=yes
lt_cv_prog_compiler_pic='-fno-common -DPIC'
lt_cv_prog_compiler_pic_works=yes
lt_cv_prog_compiler_rtti_exceptions=no
lt_cv_prog_compiler_static_works=no
lt_cv_prog_gnu_ld=no
lt_cv_sharedlib_from_linklib_cmd='printf %s\n'
lt_cv_sys_global_symbol_pipe='sed -n -e '\''s/^.*[	 ]\([BCDEGRST][BCDEGRST]*\)[	 ][	 ]*_\([_A-Za-z][_A-Za-z0-9]*\)$/\1 _\2 \2/p'\'' | sed '\''/ __gnu_lto/d'\'''
lt_cv_sys_global_symbol_to_c_name_address='sed -n -e '\''s/^: \([^ ]*\)[ ]*$/  {\"\1\", (void *) 0},/p'\'' -e '\''s/^[BCDEGRST]* \([^ ]*\) \([^ ]*\)$/  {"\2", (void *) \&\2},/p'\'''
lt_cv_sys_global_symbol_to_c_name_address_lib_prefix='sed -n -e '\''s/^: \([^ ]*\)[ ]*$/  {\"\1\", (void *) 0},/p'\'' -e '\''s/^[BCDEGRST]* \([^ ]*\) \(lib[^ ]*\)$/  {"\2", (void *) \&\2},/p'\'' -e '\''s/^[BCDEGRST]* \([^ ]*\) \([^ ]*\)$/  {"lib\2", (void *) \&\2},/p'\'''
lt_cv_sys_global_symbol_to_cdecl='sed -n -e '\''s/^T .* \(.*\)$/extern int \1();/p'\'' -e '\''s/^[BCDEGRST]* .* \(.*\)$/extern char \1;/p'\'''
lt_cv_sys_max_cmd_len=196608
lt_cv_to_host_file_cmd=func_convert_file_noop
lt_cv_to_tool_file_cmd=func_convert_file_noop
pkg_cv_DEP_CFLAGS='-D_REENTRANT -DGSEAL_ENABLE -I/usr/local/include/glib-2.0 -I/usr/local/lib/glib-2.0/include -I/usr/local/include/gtk-3.0 -I/usr/local/include/atk-1.0 -I/usr/local/include/cairo -I/usr/local/include/gdk-pixbuf-2.0 -I/usr/local/include/pango-1.0 -I/usr/local/include/pixman-1 -I/usr/local/include/libpng14 -I/usr/local/include/libxml2  '
pkg_cv_DEP_LIBS='-L/usr/local/lib -lgtk-3 -lgdk-3 -latk-1.0 -lgio-2.0 -lpangoft2-1.0 -lpangocairo-1.0 -lgdk_pixbuf-2.0 -lcairo-gobject -lcairo -lpango-1.0 -lfreetype -lfontconfig -lgobject-2.0 -lgmodule-2.0 -lgthread-2.0 -lglib-2.0 -lintl -lxml2  '

## ----------------- ##
## Output variables. ##
## ----------------- ##

ABS_TOP_SRCDIR='/home/chris/gtksourceview-3.2.3'
ACLOCAL='${SHELL} /home/chris/gtksourceview-3.2.3/missing --run aclocal-1.11'
ALL_LINGUAS=''
AMDEPBACKSLASH='\'
AMDEP_FALSE='#'
AMDEP_TRUE=''
AMTAR='${SHELL} /home/chris/gtksourceview-3.2.3/missing --run tar'
AM_BACKSLASH='\'
AM_DEFAULT_VERBOSITY='0'
AR='ar'
AUTOCONF='${SHELL} /home/chris/gtksourceview-3.2.3/missing --run autoconf'
AUTOHEADER='${SHELL} /home/chris/gtksourceview-3.2.3/missing --run autoheader'
AUTOMAKE='${SHELL} /home/chris/gtksourceview-3.2.3/missing --run automake-1.11'
AWK='gawk'
CC='/usr/bin/gcc'
CCDEPMODE='depmode=gcc3'
CFLAGS='-g -O2'
CPP='/usr/bin/gcc -E'
CPPFLAGS='-I/usr/local/include'
CYGPATH_W='echo'
DATADIRNAME='lib'
DEFS='-DHAVE_CONFIG_H'
DEPDIR='.deps'
DEP_CFLAGS='-D_REENTRANT -DGSEAL_ENABLE -I/usr/local/include/glib-2.0 -I/usr/local/lib/glib-2.0/include -I/usr/local/include/gtk-3.0 -I/usr/local/include/atk-1.0 -I/usr/local/include/cairo -I/usr/local/include/gdk-pixbuf-2.0 -I/usr/local/include/pango-1.0 -I/usr/local/include/pixman-1 -I/usr/local/include/libpng14 -I/usr/local/include/libxml2  '
DEP_LIBS='-L/usr/local/lib -lgtk-3 -lgdk-3 -latk-1.0 -lgio-2.0 -lpangoft2-1.0 -lpangocairo-1.0 -lgdk_pixbuf-2.0 -lcairo-gobject -lcairo -lpango-1.0 -lfreetype -lfontconfig -lgobject-2.0 -lgmodule-2.0 -lgthread-2.0 -lglib-2.0 -lintl -lxml2  '
DISABLE_DEPRECATED_CFLAGS='-DG_DISABLE_DEPRECATED -DGDK_DISABLE_DEPRECATED -DGTK_DISABLE_DEPRECATED -DGDK_PIXBUF_DISABLE_DEPRECATED -DGNOME_DISABLE_DEPRECATED -DGSEAL_ENABLE'
DLLTOOL='false'
DSYMUTIL=':'
DUMPBIN=''
ECHO_C=''
ECHO_N='-n'
ECHO_T=''
EGREP='/bin/grep -E'
ENABLE_GTK_DOC_FALSE=''
ENABLE_GTK_DOC_TRUE='#'
ENABLE_PROVIDERS_FALSE='#'
ENABLE_PROVIDERS_TRUE=''
EXEEXT=''
FGREP='/bin/grep -F'
GETTEXT_MACRO_VERSION='0.17'
GETTEXT_PACKAGE='gtksourceview-3.0'
GLADE_CATALOG_DIR=''
GLADE_CATALOG_FALSE=''
GLADE_CATALOG_TRUE='#'
GLIB_GENMARSHAL='/usr/local/bin/glib-genmarshal'
GLIB_MKENUMS='/usr/local/bin/glib-mkenums'
GMSGFMT='/usr/local/bin/msgfmt'
GMSGFMT_015='/usr/local/bin/msgfmt'
GREP='/bin/grep'
GTKDOC_CHECK=''
GTKDOC_DEPS_CFLAGS=''
GTKDOC_DEPS_LIBS=''
GTKDOC_MKPDF=''
GTKDOC_REBASE='true'
GTK_DOC_BUILD_HTML_FALSE='#'
GTK_DOC_BUILD_HTML_TRUE=''
GTK_DOC_BUILD_PDF_FALSE=''
GTK_DOC_BUILD_PDF_TRUE='#'
GTK_DOC_USE_LIBTOOL_FALSE='#'
GTK_DOC_USE_LIBTOOL_TRUE=''
GTK_DOC_USE_REBASE_FALSE='#'
GTK_DOC_USE_REBASE_TRUE=''
GTK_REQUIRED=''
GTK_REQUIRED_VERSION='3.0.0'
HAVE_INTROSPECTION_FALSE=''
HAVE_INTROSPECTION_TRUE='#'
HTML_DIR='${datadir}/gtk-doc/html'
IGE_MAC_CFLAGS=''
IGE_MAC_LIBS=''
INSTALL_DATA='${INSTALL} -m 644'
INSTALL_PROGRAM='${INSTALL}'
INSTALL_SCRIPT='${INSTALL}'
INSTALL_STRIP_PROGRAM='$(install_sh) -c -s'
INTLLIBS='-L/usr/local/lib -lintl -lc'
INTLTOOL_CAVES_RULE='%.caves:     %.caves.in     $(INTLTOOL_MERGE) $(wildcard $(top_srcdir)/po/*.po) ; LC_ALL=C $(INTLTOOL_MERGE) -d -u -c $(top_builddir)/po/.intltool-merge-cache $(top_srcdir)/po $< $@'
INTLTOOL_DESKTOP_RULE='%.desktop:   %.desktop.in   $(INTLTOOL_MERGE) $(wildcard $(top_srcdir)/po/*.po) ; LC_ALL=C $(INTLTOOL_MERGE) -d -u -c $(top_builddir)/po/.intltool-merge-cache $(top_srcdir)/po $< $@'
INTLTOOL_DIRECTORY_RULE='%.directory: %.directory.in $(INTLTOOL_MERGE) $(wildcard $(top_srcdir)/po/*.po) ; LC_ALL=C $(INTLTOOL_MERGE) -d -u -c $(top_builddir)/po/.intltool-merge-cache $(top_srcdir)/po $< $@'
INTLTOOL_EXTRACT='/usr/local/bin/intltool-extract'
INTLTOOL_KBD_RULE='%.kbd:       %.kbd.in       $(INTLTOOL_MERGE) $(wildcard $(top_srcdir)/po/*.po) ; LC_ALL=C $(INTLTOOL_MERGE) -x -u -m -c $(top_builddir)/po/.intltool-merge-cache $(top_srcdir)/po $< $@'
INTLTOOL_KEYS_RULE='%.keys:      %.keys.in      $(INTLTOOL_MERGE) $(wildcard $(top_srcdir)/po/*.po) ; LC_ALL=C $(INTLTOOL_MERGE) -k -u -c $(top_builddir)/po/.intltool-merge-cache $(top_srcdir)/po $< $@'
INTLTOOL_MERGE='/usr/local/bin/intltool-merge'
INTLTOOL_OAF_RULE='%.oaf:       %.oaf.in       $(INTLTOOL_MERGE) $(wildcard $(top_srcdir)/po/*.po) ; LC_ALL=C $(INTLTOOL_MERGE) -o -p $(top_srcdir)/po $< $@'
INTLTOOL_PERL='/usr/local/bin/perl'
INTLTOOL_POLICY_RULE='%.policy:    %.policy.in    $(INTLTOOL_MERGE) $(wildcard $(top_srcdir)/po/*.po) ; LC_ALL=C $(INTLTOOL_MERGE) -x -u -c $(top_builddir)/po/.intltool-merge-cache $(top_srcdir)/po $< $@'
INTLTOOL_PONG_RULE='%.pong:      %.pong.in      $(INTLTOOL_MERGE) $(wildcard $(top_srcdir)/po/*.po) ; LC_ALL=C $(INTLTOOL_MERGE) -x -u -c $(top_builddir)/po/.intltool-merge-cache $(top_srcdir)/po $< $@'
INTLTOOL_PROP_RULE='%.prop:      %.prop.in      $(INTLTOOL_MERGE) $(wildcard $(top_srcdir)/po/*.po) ; LC_ALL=C $(INTLTOOL_MERGE) -d -u -c $(top_builddir)/po/.intltool-merge-cache $(top_srcdir)/po $< $@'
INTLTOOL_SCHEMAS_RULE='%.schemas:   %.schemas.in   $(INTLTOOL_MERGE) $(wildcard $(top_srcdir)/po/*.po) ; LC_ALL=C $(INTLTOOL_MERGE) -s -u -c $(top_builddir)/po/.intltool-merge-cache $(top_srcdir)/po $< $@'
INTLTOOL_SERVER_RULE='%.server:    %.server.in    $(INTLTOOL_MERGE) $(wildcard $(top_srcdir)/po/*.po) ; LC_ALL=C $(INTLTOOL_MERGE) -o -u -c $(top_builddir)/po/.intltool-merge-cache $(top_srcdir)/po $< $@'
INTLTOOL_SERVICE_RULE='%.service: %.service.in   $(INTLTOOL_MERGE) $(wildcard $(top_srcdir)/po/*.po) ; LC_ALL=C $(INTLTOOL_MERGE) -d -u -c $(top_builddir)/po/.intltool-merge-cache $(top_srcdir)/po $< $@'
INTLTOOL_SHEET_RULE='%.sheet:     %.sheet.in     $(INTLTOOL_MERGE) $(wildcard $(top_srcdir)/po/*.po) ; LC_ALL=C $(INTLTOOL_MERGE) -x -u -c $(top_builddir)/po/.intltool-merge-cache $(top_srcdir)/po $< $@'
INTLTOOL_SOUNDLIST_RULE='%.soundlist: %.soundlist.in $(INTLTOOL_MERGE) $(wildcard $(top_srcdir)/po/*.po) ; LC_ALL=C $(INTLTOOL_MERGE) -d -u -c $(top_builddir)/po/.intltool-merge-cache $(top_srcdir)/po $< $@'
INTLTOOL_THEME_RULE='%.theme:     %.theme.in     $(INTLTOOL_MERGE) $(wildcard $(top_srcdir)/po/*.po) ; LC_ALL=C $(INTLTOOL_MERGE) -d -u -c $(top_builddir)/po/.intltool-merge-cache $(top_srcdir)/po $< $@'
INTLTOOL_UI_RULE='%.ui:        %.ui.in        $(INTLTOOL_MERGE) $(wildcard $(top_srcdir)/po/*.po) ; LC_ALL=C $(INTLTOOL_MERGE) -x -u -c $(top_builddir)/po/.intltool-merge-cache $(top_srcdir)/po $< $@'
INTLTOOL_UPDATE='/usr/local/bin/intltool-update'
INTLTOOL_XAM_RULE='%.xam:       %.xml.in       $(INTLTOOL_MERGE) $(wildcard $(top_srcdir)/po/*.po) ; LC_ALL=C $(INTLTOOL_MERGE) -x -u -c $(top_builddir)/po/.intltool-merge-cache $(top_srcdir)/po $< $@'
INTLTOOL_XML_NOMERGE_RULE='%.xml:       %.xml.in       $(INTLTOOL_MERGE) ; LC_ALL=C $(INTLTOOL_MERGE) -x -u /tmp $< $@'
INTLTOOL_XML_RULE='%.xml:       %.xml.in       $(INTLTOOL_MERGE) $(wildcard $(top_srcdir)/po/*.po) ; LC_ALL=C $(INTLTOOL_MERGE) -x -u -c $(top_builddir)/po/.intltool-merge-cache $(top_srcdir)/po $< $@'
INTL_MACOSX_LIBS=''
INTROSPECTION_CFLAGS=''
INTROSPECTION_COMPILER=''
INTROSPECTION_GENERATE=''
INTROSPECTION_GIRDIR=''
INTROSPECTION_LIBS=''
INTROSPECTION_MAKEFILE=''
INTROSPECTION_SCANNER=''
INTROSPECTION_TYPELIBDIR=''
LD='/usr/bin/ld'
LDFLAGS=''
LIBICONV=''
LIBINTL='-L/usr/local/lib -lintl -lc'
LIBOBJS=''
LIBS=''
LIBTOOL='$(SHELL) $(top_builddir)/libtool'
LIBXML_REQUIRED_VERSION='2.6.0'
LIPO='lipo'
LN_S='ln -s'
LTLIBICONV=''
LTLIBINTL='-L/usr/local/lib -lintl -lc -R/usr/local/lib'
LTLIBOBJS=''
MAINT=''
MAINTAINER_MODE_FALSE='#'
MAINTAINER_MODE_TRUE=''
MAKEINFO='${SHELL} /home/chris/gtksourceview-3.2.3/missing --run makeinfo'
MANIFEST_TOOL=':'
MKDIR_P='/bin/mkdir -p'
MSGFMT='/usr/local/bin/msgfmt'
MSGFMT_015='/usr/local/bin/msgfmt'
MSGMERGE='/usr/local/bin/msgmerge'
NM='/usr/bin/nm -p'
NMEDIT='nmedit'
OBJDUMP='objdump'
OBJEXT='o'
OS_OSX_FALSE=''
OS_OSX_TRUE='#'
OTOOL64='otool64'
OTOOL='otool'
PACKAGE='gtksourceview'
PACKAGE_BUGREPORT='http://bugzilla.gnome.org/enter_bug.cgi?product=gtksourceview'
PACKAGE_NAME='gtksourceview'
PACKAGE_STRING='gtksourceview 3.2.3'
PACKAGE_TARNAME='gtksourceview'
PACKAGE_URL='http://projects.gnome.org/gtksourceview/'
PACKAGE_VERSION='3.2.3'
PATH_SEPARATOR=':'
PKG_CONFIG='/usr/local/bin/pkg-config'
PKG_CONFIG_LIBDIR=''
PKG_CONFIG_PATH='/usr/local/lib/pkgconfig:/usr/lib/pkgconfig'
POSUB='po'
RANLIB='ranlib'
SED='/bin/sed'
SET_MAKE=''
SHELL='/bin/sh'
STRIP='strip'
USE_NLS='yes'
VERSION='3.2.3'
WARN_CFLAGS='-Wall -Wmissing-prototypes -Wnested-externs -Wpointer-arith -Wno-sign-compare '
XGETTEXT='/usr/local/bin/xgettext'
XGETTEXT_015='/usr/local/bin/xgettext'
XGETTEXT_EXTRA_OPTIONS=''
ac_ct_AR='ar'
ac_ct_CC='/usr/bin/gcc'
ac_ct_DUMPBIN=''
am__EXEEXT_FALSE=''
am__EXEEXT_TRUE='#'
am__fastdepCC_FALSE='#'
am__fastdepCC_TRUE=''
am__include='include'
am__isrc=''
am__leading_dot='.'
am__quote=''
am__tar='tar --format=ustar -chf - "$$tardir"'
am__untar='tar -xf -'
bindir='${exec_prefix}/bin'
build='arm-apple-darwin11.0.0'
build_alias=''
build_cpu='arm'
build_os='darwin11.0.0'
build_vendor='apple'
datadir='${datarootdir}'
datarootdir='${prefix}/share'
docdir='${datarootdir}/doc/${PACKAGE_TARNAME}'
dvidir='${docdir}'
exec_prefix='${prefix}'
host='arm-apple-darwin11.0.0'
host_alias=''
host_cpu='arm'
host_os='darwin11.0.0'
host_vendor='apple'
htmldir='${docdir}'
includedir='${prefix}/include'
infodir='${datarootdir}/info'
install_sh='${SHELL} /home/chris/gtksourceview-3.2.3/install-sh'
libdir='${exec_prefix}/lib'
libexecdir='${exec_prefix}/libexec'
localedir='${datarootdir}/locale'
localstatedir='${prefix}/var'
mandir='${datarootdir}/man'
mkdir_p='/bin/mkdir -p'
oldincludedir='/usr/include'
pdfdir='${docdir}'
prefix='/usr/local'
program_transform_name='s,x,x,'
psdir='${docdir}'
sbindir='${exec_prefix}/sbin'
sharedstatedir='${prefix}/com'
sysconfdir='${prefix}/etc'
target_alias=''

## ----------- ##
## confdefs.h. ##
## ----------- ##

/* confdefs.h */
#define PACKAGE_NAME "gtksourceview"
#define PACKAGE_TARNAME "gtksourceview"
#define PACKAGE_VERSION "3.2.3"
#define PACKAGE_STRING "gtksourceview 3.2.3"
#define PACKAGE_BUGREPORT "http://bugzilla.gnome.org/enter_bug.cgi?product=gtksourceview"
#define PACKAGE_URL "http://projects.gnome.org/gtksourceview/"
#define PACKAGE "gtksourceview"
#define VERSION "3.2.3"
#define HAVE_SYS_TYPES_H 1
#define HAVE_SYS_STAT_H 1
#define HAVE_STDLIB_H 1
#define HAVE_STRING_H 1
#define HAVE_MEMORY_H 1
#define HAVE_STRINGS_H 1
#define HAVE_INTTYPES_H 1
#define HAVE_STDINT_H 1
#define HAVE_UNISTD_H 1
#define HAVE_DLFCN_H 1
#define LT_OBJDIR ".libs/"
#define HAVE_UNISTD_H 1
#define ENABLE_NLS 1
#define HAVE_GETTEXT 1
#define HAVE_DCGETTEXT 1
#define GETTEXT_PACKAGE "gtksourceview-3.0"

configure: exit 0
