This file contains any messages produced by compilers while
running configure, to aid debugging if configure makes a mistake.

It was created by xrdb configure 1.0.5, which was
generated by GNU Autoconf 2.61.  Invocation command line was

  $ ./configure 

## --------- ##
## Platform. ##
## --------- ##

hostname = Chriss-iPad
uname -m = iPad1,1
uname -r = 10.4.0
uname -s = Darwin
uname -v = Darwin Kernel Version 10.4.0: Wed Oct 20 20:14:45 PDT 2010; root:xnu-1504.58.28~3/RELEASE_ARM_S5L8930X

/usr/bin/uname -p = unknown
/bin/uname -X     = unknown

/bin/arch              = unknown
/usr/bin/arch -k       = unknown
/usr/convex/getsysinfo = unknown
/usr/bin/hostinfo      = Mach kernel version:
	 Darwin Kernel Version 10.4.0: Wed Oct 20 20:14:45 PDT 2010; root:xnu-1504.58.28~3/RELEASE_ARM_S5L8930X
Kernel configured for a single processor only.
1 processor is physically available.
1 processor is logically available.
Processor type: armv7 (arm v7)
Processor active: 0
Primary memory available: 247.00 megabytes
Default processor set: 32 tasks, 226 threads, 1 processors
Load average: 1.39, Mach factor: 0.25
/bin/machine           = unknown
/usr/bin/oslevel       = unknown
/bin/universe          = unknown

PATH: /usr/local/sbin
PATH: /usr/local/bin
PATH: /usr/sbin
PATH: /usr/bin
PATH: /sbin
PATH: /bin
PATH: /usr/bin/X11
PATH: /usr/games
PATH: /var/mobile/ocaml-3.12.0/bin


## ----------- ##
## Core tests. ##
## ----------- ##

configure:1818: checking for a BSD-compatible install
configure:1874: result: /usr/bin/install -c
configure:1885: checking whether build environment is sane
configure:1928: result: yes
configure:1956: checking for a thread-safe mkdir -p
configure:1995: result: /bin/mkdir -p
configure:2008: checking for gawk
configure:2024: found /usr/bin/gawk
configure:2035: result: gawk
configure:2046: checking whether make sets $(MAKE)
configure:2067: result: yes
configure:2255: checking whether to enable maintainer-specific portions of Makefiles
configure:2264: result: no
configure:2329: checking for gcc
configure:2356: result: /usr/bin/gcc
configure:2594: checking for C compiler version
configure:2601: /usr/bin/gcc --version >&5
gcc (GCC) 4.2.1 (Based on Apple Inc. build 5555)
Copyright (C) 2007 Free Software Foundation, Inc.
This is free software; see the source for copying conditions.  There is NO
warranty; not even for MERCHANTABILITY or FITNESS FOR A PARTICULAR PURPOSE.

configure:2604: $? = 0
configure:2611: /usr/bin/gcc -v >&5
Using built-in specs.
Target: arm-apple-darwin9
Configured with: ../llvm-gcc-4.2/configure --build=x86_64-unknown-linux-gnu --host=arm-apple-darwin9 --enable-static=no --enable-shared=yes --prefix=/usr --localstatedir=/var/cache/iphone-gcc --enable-languages=c,c++,objc,obj-c++ --enable-wchar_t=no --with-gxx-include-dir=/usr/include/c++/4.0.0
Thread model: posix
gcc version 4.2.1 (Based on Apple Inc. build 5555)
configure:2614: $? = 0
configure:2621: /usr/bin/gcc -V >&5
gcc: '-V' option must have argument
configure:2624: $? = 1
configure:2647: checking for C compiler default output file name
configure:2674: /usr/bin/gcc    conftest.c  >&5
configure:2677: $? = 0
configure:2715: result: a.out
configure:2732: checking whether the C compiler works
configure:2742: ./a.out
configure:2745: $? = 0
configure:2762: result: yes
configure:2769: checking whether we are cross compiling
configure:2771: result: no
configure:2774: checking for suffix of executables
configure:2781: /usr/bin/gcc -o conftest    conftest.c  >&5
configure:2784: $? = 0
configure:2808: result: 
configure:2814: checking for suffix of object files
configure:2840: /usr/bin/gcc -c   conftest.c >&5
configure:2843: $? = 0
configure:2866: result: o
configure:2870: checking whether we are using the GNU C compiler
configure:2899: /usr/bin/gcc -c   conftest.c >&5
configure:2905: $? = 0
configure:2922: result: yes
configure:2927: checking whether /usr/bin/gcc accepts -g
configure:2957: /usr/bin/gcc -c -g  conftest.c >&5
configure:2963: $? = 0
configure:3062: result: yes
configure:3079: checking for /usr/bin/gcc option to accept ISO C89
configure:3153: /usr/bin/gcc  -c -g -O2  conftest.c >&5
configure:3159: $? = 0
configure:3182: result: none needed
configure:3211: checking for style of include used by make
configure:3239: result: GNU
configure:3264: checking dependency style of /usr/bin/gcc
configure:3355: result: gcc3
configure:3383: checking for a BSD-compatible install
configure:3439: result: /usr/bin/install -c
configure:3452: checking for mkstemp
configure:3508: /usr/bin/gcc -o conftest -g -O2   conftest.c  >&5
configure:3514: $? = 0
configure:3531: result: yes
configure:3552: checking how to run the C preprocessor
configure:3592: /usr/bin/gcc -E  conftest.c
configure:3598: $? = 0
configure:3629: /usr/bin/gcc -E  conftest.c
conftest.c:11:28: error: ac_nonexistent.h: No such file or directory
configure:3635: $? = 1
configure: failed program was:
| /* confdefs.h.  */
| #define PACKAGE_NAME "xrdb"
| #define PACKAGE_TARNAME "xrdb"
| #define PACKAGE_VERSION "1.0.5"
| #define PACKAGE_STRING "xrdb 1.0.5"
| #define PACKAGE_BUGREPORT "https://bugs.freedesktop.org/enter_bug.cgi?product=xorg"
| #define PACKAGE "xrdb"
| #define VERSION "1.0.5"
| #define HAS_MKSTEMP 1
| /* end confdefs.h.  */
| #include <ac_nonexistent.h>
configure:3668: result: /usr/bin/gcc -E
configure:3697: /usr/bin/gcc -E  conftest.c
configure:3703: $? = 0
configure:3734: /usr/bin/gcc -E  conftest.c
conftest.c:11:28: error: ac_nonexistent.h: No such file or directory
configure:3740: $? = 1
configure: failed program was:
| /* confdefs.h.  */
| #define PACKAGE_NAME "xrdb"
| #define PACKAGE_TARNAME "xrdb"
| #define PACKAGE_VERSION "1.0.5"
| #define PACKAGE_STRING "xrdb 1.0.5"
| #define PACKAGE_BUGREPORT "https://bugs.freedesktop.org/enter_bug.cgi?product=xorg"
| #define PACKAGE "xrdb"
| #define VERSION "1.0.5"
| #define HAS_MKSTEMP 1
| /* end confdefs.h.  */
| #include <ac_nonexistent.h>
configure:3778: checking for grep that handles long lines and -e
configure:3852: result: /bin/grep
configure:3857: checking for egrep
configure:3935: result: /bin/grep -E
configure:3940: checking for ANSI C header files
configure:3970: /usr/bin/gcc -c -g -O2  conftest.c >&5
configure:3976: $? = 0
configure:4075: /usr/bin/gcc -o conftest -g -O2   conftest.c  >&5
configure:4078: $? = 0
configure:4084: ./conftest
configure:4087: $? = 0
configure:4104: result: yes
configure:4128: checking for sys/types.h
configure:4149: /usr/bin/gcc -c -g -O2  conftest.c >&5
configure:4155: $? = 0
configure:4171: result: yes
configure:4128: checking for sys/stat.h
configure:4149: /usr/bin/gcc -c -g -O2  conftest.c >&5
configure:4155: $? = 0
configure:4171: result: yes
configure:4128: checking for stdlib.h
configure:4149: /usr/bin/gcc -c -g -O2  conftest.c >&5
configure:4155: $? = 0
configure:4171: result: yes
configure:4128: checking for string.h
configure:4149: /usr/bin/gcc -c -g -O2  conftest.c >&5
configure:4155: $? = 0
configure:4171: result: yes
configure:4128: checking for memory.h
configure:4149: /usr/bin/gcc -c -g -O2  conftest.c >&5
configure:4155: $? = 0
configure:4171: result: yes
configure:4128: checking for strings.h
configure:4149: /usr/bin/gcc -c -g -O2  conftest.c >&5
configure:4155: $? = 0
configure:4171: result: yes
configure:4128: checking for inttypes.h
configure:4149: /usr/bin/gcc -c -g -O2  conftest.c >&5
configure:4155: $? = 0
configure:4171: result: yes
configure:4128: checking for stdint.h
configure:4149: /usr/bin/gcc -c -g -O2  conftest.c >&5
configure:4155: $? = 0
configure:4171: result: yes
configure:4128: checking for unistd.h
configure:4149: /usr/bin/gcc -c -g -O2  conftest.c >&5
configure:4155: $? = 0
configure:4171: result: yes
configure:4183: checking whether MAXHOSTNAMELEN is declared
configure:4212: /usr/bin/gcc -c -g -O2  conftest.c >&5
conftest.c: In function 'main':
conftest.c:58: error: 'MAXHOSTNAMELEN' undeclared (first use in this function)
conftest.c:58: error: (Each undeclared identifier is reported only once
conftest.c:58: error: for each function it appears in.)
configure:4218: $? = 1
configure: failed program was:
| /* confdefs.h.  */
| #define PACKAGE_NAME "xrdb"
| #define PACKAGE_TARNAME "xrdb"
| #define PACKAGE_VERSION "1.0.5"
| #define PACKAGE_STRING "xrdb 1.0.5"
| #define PACKAGE_BUGREPORT "https://bugs.freedesktop.org/enter_bug.cgi?product=xorg"
| #define PACKAGE "xrdb"
| #define VERSION "1.0.5"
| #define HAS_MKSTEMP 1
| #define STDC_HEADERS 1
| #define HAVE_SYS_TYPES_H 1
| #define HAVE_SYS_STAT_H 1
| #define HAVE_STDLIB_H 1
| #define HAVE_STRING_H 1
| #define HAVE_MEMORY_H 1
| #define HAVE_STRINGS_H 1
| #define HAVE_INTTYPES_H 1
| #define HAVE_STDINT_H 1
| #define HAVE_UNISTD_H 1
| /* end confdefs.h.  */
| #include <stdio.h>
| #ifdef HAVE_SYS_TYPES_H
| # include <sys/types.h>
| #endif
| #ifdef HAVE_SYS_STAT_H
| # include <sys/stat.h>
| #endif
| #ifdef STDC_HEADERS
| # include <stdlib.h>
| # include <stddef.h>
| #else
| # ifdef HAVE_STDLIB_H
| #  include <stdlib.h>
| # endif
| #endif
| #ifdef HAVE_STRING_H
| # if !defined STDC_HEADERS && defined HAVE_MEMORY_H
| #  include <memory.h>
| # endif
| # include <string.h>
| #endif
| #ifdef HAVE_STRINGS_H
| # include <strings.h>
| #endif
| #ifdef HAVE_INTTYPES_H
| # include <inttypes.h>
| #endif
| #ifdef HAVE_STDINT_H
| # include <stdint.h>
| #endif
| #ifdef HAVE_UNISTD_H
| # include <unistd.h>
| #endif
| int
| main ()
| {
| #ifndef MAXHOSTNAMELEN
|   (void) MAXHOSTNAMELEN;
| #endif
| 
|   ;
|   return 0;
| }
configure:4233: result: no
configure:4241: checking for header that defines MAXHOSTNAMELEN
configure:4267: /usr/bin/gcc -c -g -O2  conftest.c >&5
configure:4273: $? = 0
configure:4314: /usr/bin/gcc -c -g -O2  conftest.c >&5
conftest.c: In function 'main':
conftest.c:26: error: 'MAXHOSTNAMELEN' undeclared (first use in this function)
conftest.c:26: error: (Each undeclared identifier is reported only once
conftest.c:26: error: for each function it appears in.)
configure:4320: $? = 1
configure: failed program was:
| /* confdefs.h.  */
| #define PACKAGE_NAME "xrdb"
| #define PACKAGE_TARNAME "xrdb"
| #define PACKAGE_VERSION "1.0.5"
| #define PACKAGE_STRING "xrdb 1.0.5"
| #define PACKAGE_BUGREPORT "https://bugs.freedesktop.org/enter_bug.cgi?product=xorg"
| #define PACKAGE "xrdb"
| #define VERSION "1.0.5"
| #define HAS_MKSTEMP 1
| #define STDC_HEADERS 1
| #define HAVE_SYS_TYPES_H 1
| #define HAVE_SYS_STAT_H 1
| #define HAVE_STDLIB_H 1
| #define HAVE_STRING_H 1
| #define HAVE_MEMORY_H 1
| #define HAVE_STRINGS_H 1
| #define HAVE_INTTYPES_H 1
| #define HAVE_STDINT_H 1
| #define HAVE_UNISTD_H 1
| #define NEED_SYS_PARAM_H 1
| /* end confdefs.h.  */
| #include <netdb.h>
| int
| main ()
| {
| int h = MAXHOSTNAMELEN;
|   ;
|   return 0;
| }
configure:4340: result: sys/param.h
configure:4357: checking for cpp
configure:4376: found /usr/bin/cpp
configure:4389: result: /usr/bin/cpp
configure:4455: checking for pkg-config
configure:4473: found /usr/bin/pkg-config
configure:4485: result: /usr/bin/pkg-config
configure:4514: checking pkg-config is at least version 0.9.0
configure:4517: result: yes
configure:4528: checking for XRDB
configure:4535: $PKG_CONFIG --exists --print-errors "xmuu x11"
configure:4538: $? = 0
configure:4551: $PKG_CONFIG --exists --print-errors "xmuu x11"
configure:4554: $? = 0
configure:4629: result: yes
configure:4642: checking build system type
configure:4660: result: arm-apple-darwin10.4.0
configure:4682: checking host system type
configure:4697: result: arm-apple-darwin10.4.0
configure:4953: creating ./config.status

## ---------------------- ##
## Running config.status. ##
## ---------------------- ##

This file was extended by xrdb config.status 1.0.5, which was
generated by GNU Autoconf 2.61.  Invocation command line was

  CONFIG_FILES    = 
  CONFIG_HEADERS  = 
  CONFIG_LINKS    = 
  CONFIG_COMMANDS = 
  $ ./config.status 

on Chriss-iPad

config.status:665: creating Makefile
config.status:665: creating config.h
config.status:944: executing depfiles commands

## ---------------- ##
## Cache variables. ##
## ---------------- ##

ac_cv_build=arm-apple-darwin10.4.0
ac_cv_c_compiler_gnu=yes
ac_cv_env_CC_set=set
ac_cv_env_CC_value=/usr/bin/gcc
ac_cv_env_CFLAGS_set=
ac_cv_env_CFLAGS_value=
ac_cv_env_CPPFLAGS_set=
ac_cv_env_CPPFLAGS_value=
ac_cv_env_CPP_set=
ac_cv_env_CPP_value=
ac_cv_env_LDFLAGS_set=
ac_cv_env_LDFLAGS_value=
ac_cv_env_LIBS_set=
ac_cv_env_LIBS_value=
ac_cv_env_PKG_CONFIG_set=
ac_cv_env_PKG_CONFIG_value=
ac_cv_env_XRDB_CFLAGS_set=
ac_cv_env_XRDB_CFLAGS_value=
ac_cv_env_XRDB_LIBS_set=
ac_cv_env_XRDB_LIBS_value=
ac_cv_env_build_alias_set=
ac_cv_env_build_alias_value=
ac_cv_env_host_alias_set=
ac_cv_env_host_alias_value=
ac_cv_env_target_alias_set=
ac_cv_env_target_alias_value=
ac_cv_func_mkstemp=yes
ac_cv_have_decl_MAXHOSTNAMELEN=no
ac_cv_header_inttypes_h=yes
ac_cv_header_memory_h=yes
ac_cv_header_stdc=yes
ac_cv_header_stdint_h=yes
ac_cv_header_stdlib_h=yes
ac_cv_header_string_h=yes
ac_cv_header_strings_h=yes
ac_cv_header_sys_stat_h=yes
ac_cv_header_sys_types_h=yes
ac_cv_header_unistd_h=yes
ac_cv_host=arm-apple-darwin10.4.0
ac_cv_objext=o
ac_cv_path_CPP_PATH=/usr/bin/cpp
ac_cv_path_EGREP='/bin/grep -E'
ac_cv_path_GREP=/bin/grep
ac_cv_path_ac_pt_PKG_CONFIG=/usr/bin/pkg-config
ac_cv_path_install='/usr/bin/install -c'
ac_cv_path_mkdir=/bin/mkdir
ac_cv_prog_AWK=gawk
ac_cv_prog_CPP='/usr/bin/gcc -E'
ac_cv_prog_ac_ct_CC=/usr/bin/gcc
ac_cv_prog_cc_c89=
ac_cv_prog_cc_g=yes
ac_cv_prog_make_make_set=yes
am_cv_CC_dependencies_compiler_type=gcc3
pkg_cv_XRDB_CFLAGS=' '
pkg_cv_XRDB_LIBS='-L/usr/local/lib -lXmuu -lX11  '

## ----------------- ##
## Output variables. ##
## ----------------- ##

ACLOCAL='${SHELL} /home/chris/xorg/xrdb-1.0.5/missing --run aclocal-1.10'
ADMIN_MAN_DIR='$(mandir)/man$(ADMIN_MAN_SUFFIX)'
ADMIN_MAN_SUFFIX='8'
AMDEPBACKSLASH='\'
AMDEP_FALSE='#'
AMDEP_TRUE=''
AMTAR='${SHELL} /home/chris/xorg/xrdb-1.0.5/missing --run tar'
APP_MAN_DIR='$(mandir)/man$(APP_MAN_SUFFIX)'
APP_MAN_SUFFIX='1'
AUTOCONF='${SHELL} /home/chris/xorg/xrdb-1.0.5/missing --run autoconf'
AUTOHEADER='${SHELL} /home/chris/xorg/xrdb-1.0.5/missing --run autoheader'
AUTOMAKE='${SHELL} /home/chris/xorg/xrdb-1.0.5/missing --run automake-1.10'
AWK='gawk'
CC='/usr/bin/gcc'
CCDEPMODE='depmode=gcc3'
CFLAGS='-g -O2'
CPP='/usr/bin/gcc -E'
CPPFLAGS=''
CPP_PATH='/usr/bin/cpp'
CYGPATH_W='echo'
DEFS='-DHAVE_CONFIG_H'
DEPDIR='.deps'
DRIVER_MAN_DIR='$(mandir)/man$(DRIVER_MAN_SUFFIX)'
DRIVER_MAN_SUFFIX='4'
ECHO_C=''
ECHO_N='-n'
ECHO_T=''
EGREP='/bin/grep -E'
EXEEXT=''
FILE_MAN_DIR='$(mandir)/man$(FILE_MAN_SUFFIX)'
FILE_MAN_SUFFIX='5'
GREP='/bin/grep'
INSTALL_DATA='${INSTALL} -m 644'
INSTALL_PROGRAM='${INSTALL}'
INSTALL_SCRIPT='${INSTALL}'
INSTALL_STRIP_PROGRAM='$(install_sh) -c -s'
LDFLAGS=''
LIBOBJS=''
LIBS=''
LIB_MAN_DIR='$(mandir)/man$(LIB_MAN_SUFFIX)'
LIB_MAN_SUFFIX='3'
LTLIBOBJS=''
MAINT='#'
MAINTAINER_MODE_FALSE=''
MAINTAINER_MODE_TRUE='#'
MAKEINFO='${SHELL} /home/chris/xorg/xrdb-1.0.5/missing --run makeinfo'
MISC_MAN_DIR='$(mandir)/man$(MISC_MAN_SUFFIX)'
MISC_MAN_SUFFIX='7'
OBJEXT='o'
PACKAGE='xrdb'
PACKAGE_BUGREPORT='https://bugs.freedesktop.org/enter_bug.cgi?product=xorg'
PACKAGE_NAME='xrdb'
PACKAGE_STRING='xrdb 1.0.5'
PACKAGE_TARNAME='xrdb'
PACKAGE_VERSION='1.0.5'
PATH_SEPARATOR=':'
PKG_CONFIG='/usr/bin/pkg-config'
SET_MAKE=''
SHELL='/bin/sh'
STRIP=''
VERSION='1.0.5'
XRDB_CFLAGS=' '
XRDB_LIBS='-L/usr/local/lib -lXmuu -lX11  '
ac_ct_CC='/usr/bin/gcc'
am__fastdepCC_FALSE='#'
am__fastdepCC_TRUE=''
am__include='include'
am__isrc=''
am__leading_dot='.'
am__quote=''
am__tar='${AMTAR} chof - "$$tardir"'
am__untar='${AMTAR} xf -'
bindir='${exec_prefix}/bin'
build='arm-apple-darwin10.4.0'
build_alias=''
build_cpu='arm'
build_os='darwin10.4.0'
build_vendor='apple'
datadir='${datarootdir}'
datarootdir='${prefix}/share'
docdir='${datarootdir}/doc/${PACKAGE_TARNAME}'
dvidir='${docdir}'
exec_prefix='${prefix}'
host='arm-apple-darwin10.4.0'
host_alias=''
host_cpu='arm'
host_os='darwin10.4.0'
host_vendor='apple'
htmldir='${docdir}'
includedir='${prefix}/include'
infodir='${datarootdir}/info'
install_sh='$(SHELL) /home/chris/xorg/xrdb-1.0.5/install-sh'
libdir='${exec_prefix}/lib'
libexecdir='${exec_prefix}/libexec'
localedir='${datarootdir}/locale'
localstatedir='${prefix}/var'
mandir='${datarootdir}/man'
mkdir_p='/bin/mkdir -p'
oldincludedir='/usr/include'
pdfdir='${docdir}'
prefix='/usr/local'
program_transform_name='s,x,x,'
psdir='${docdir}'
sbindir='${exec_prefix}/sbin'
sharedstatedir='${prefix}/com'
sysconfdir='${prefix}/etc'
target_alias=''

## ----------- ##
## confdefs.h. ##
## ----------- ##

#define PACKAGE_NAME "xrdb"
#define PACKAGE_TARNAME "xrdb"
#define PACKAGE_VERSION "1.0.5"
#define PACKAGE_STRING "xrdb 1.0.5"
#define PACKAGE_BUGREPORT "https://bugs.freedesktop.org/enter_bug.cgi?product=xorg"
#define PACKAGE "xrdb"
#define VERSION "1.0.5"
#define HAS_MKSTEMP 1
#define STDC_HEADERS 1
#define HAVE_SYS_TYPES_H 1
#define HAVE_SYS_STAT_H 1
#define HAVE_STDLIB_H 1
#define HAVE_STRING_H 1
#define HAVE_MEMORY_H 1
#define HAVE_STRINGS_H 1
#define HAVE_INTTYPES_H 1
#define HAVE_STDINT_H 1
#define HAVE_UNISTD_H 1
#define NEED_SYS_PARAM_H 1
#define CPP "/usr/bin/cpp"
#define PACKAGE_VERSION_MAJOR 1
#define PACKAGE_VERSION_MINOR 0
#define PACKAGE_VERSION_PATCHLEVEL 5

configure: exit 0
