The system is: Darwin - 11.0.0 - arm
Compiling the C compiler identification source file "CMakeCCompilerId.c" succeeded.
Compiler: /usr/bin/gcc 
Build flags: 
Id flags: 

The output was:
0


Compilation of the C compiler identification source "CMakeCCompilerId.c" produced "a.out"

The C compiler identification is GNU, found in "/home/chris/openjpeg-2.0.0/CMakeFiles/2.8.10.2/CompilerIdC/a.out"

Determining if the C compiler works passed with the following output:
Change Dir: /home/chris/openjpeg-2.0.0/CMakeFiles/CMakeTmp

Run Build Command:/usr/local/bin/gmake "cmTryCompileExec836860606/fast"
/usr/local/bin/gmake -f CMakeFiles/cmTryCompileExec836860606.dir/build.make CMakeFiles/cmTryCompileExec836860606.dir/build
gmake[1]: Entering directory `/private/var/chris/openjpeg-2.0.0/CMakeFiles/CMakeTmp'
/home/local/bin/cmake -E cmake_progress_report /home/chris/openjpeg-2.0.0/CMakeFiles/CMakeTmp/CMakeFiles 1
Building C object CMakeFiles/cmTryCompileExec836860606.dir/testCCompiler.c.o
/usr/bin/gcc    -o CMakeFiles/cmTryCompileExec836860606.dir/testCCompiler.c.o   -c /home/chris/openjpeg-2.0.0/CMakeFiles/CMakeTmp/testCCompiler.c
Linking C executable cmTryCompileExec836860606
/home/local/bin/cmake -E cmake_link_script CMakeFiles/cmTryCompileExec836860606.dir/link.txt --verbose=1
/usr/bin/gcc      -Wl,-search_paths_first -Wl,-headerpad_max_install_names   CMakeFiles/cmTryCompileExec836860606.dir/testCCompiler.c.o  -o cmTryCompileExec836860606  
gmake[1]: Leaving directory `/private/var/chris/openjpeg-2.0.0/CMakeFiles/CMakeTmp'


Detecting C compiler ABI info compiled with the following output:
Change Dir: /home/chris/openjpeg-2.0.0/CMakeFiles/CMakeTmp

Run Build Command:/usr/local/bin/gmake "cmTryCompileExec3093881800/fast"
/usr/local/bin/gmake -f CMakeFiles/cmTryCompileExec3093881800.dir/build.make CMakeFiles/cmTryCompileExec3093881800.dir/build
gmake[1]: Entering directory `/private/var/chris/openjpeg-2.0.0/CMakeFiles/CMakeTmp'
/home/local/bin/cmake -E cmake_progress_report /home/chris/openjpeg-2.0.0/CMakeFiles/CMakeTmp/CMakeFiles 1
Building C object CMakeFiles/cmTryCompileExec3093881800.dir/CMakeCCompilerABI.c.o
/usr/bin/gcc    -o CMakeFiles/cmTryCompileExec3093881800.dir/CMakeCCompilerABI.c.o   -c /home/local/share/cmake-2.8/Modules/CMakeCCompilerABI.c
Linking C executable cmTryCompileExec3093881800
/home/local/bin/cmake -E cmake_link_script CMakeFiles/cmTryCompileExec3093881800.dir/link.txt --verbose=1
/usr/bin/gcc      -Wl,-search_paths_first -Wl,-headerpad_max_install_names -v CMakeFiles/cmTryCompileExec3093881800.dir/CMakeCCompilerABI.c.o  -o cmTryCompileExec3093881800   
Using built-in specs.
Target: arm-apple-darwin9
Configured with: ../llvm-gcc-4.2/configure --build=x86_64-unknown-linux-gnu --host=arm-apple-darwin9 --enable-static=no --enable-shared=yes --prefix=/usr --localstatedir=/var/cache/iphone-gcc --enable-languages=c,c++,objc,obj-c++ --enable-wchar_t=no --with-gxx-include-dir=/usr/include/c++/4.0.0
Thread model: posix
gcc version 4.2.1 (Based on Apple Inc. build 5555)
 /usr/libexec/gcc/arm-apple-darwin9/4.2.1/collect2 -dynamic -arch arm -force_cpusubtype_ALL -aspen_version_min 2.0 -weak_reference_mismatches non-weak -o cmTryCompileExec3093881800 -lcrt1.10.5.o -L/usr/lib/gcc/arm-apple-darwin9/4.2.1 -L/usr/lib/gcc/arm-apple-darwin9/4.2.1 -L/usr/lib/gcc/arm-apple-darwin9/4.2.1/../../.. -search_paths_first -headerpad_max_install_names CMakeFiles/cmTryCompileExec3093881800.dir/CMakeCCompilerABI.c.o -lgcc_s.10.5 -lgcc -lSystem
gmake[1]: Leaving directory `/private/var/chris/openjpeg-2.0.0/CMakeFiles/CMakeTmp'


Parsed C implicit link information from above output:
  link line regex: [^( *|.*[/\])(ld|ld|collect2)[^/\]*( |$)]
  ignore line: [Change Dir: /home/chris/openjpeg-2.0.0/CMakeFiles/CMakeTmp]
  ignore line: []
  ignore line: [Run Build Command:/usr/local/bin/gmake "cmTryCompileExec3093881800/fast"]
  ignore line: [/usr/local/bin/gmake -f CMakeFiles/cmTryCompileExec3093881800.dir/build.make CMakeFiles/cmTryCompileExec3093881800.dir/build]
  ignore line: [gmake[1]: Entering directory `/private/var/chris/openjpeg-2.0.0/CMakeFiles/CMakeTmp']
  ignore line: [/home/local/bin/cmake -E cmake_progress_report /home/chris/openjpeg-2.0.0/CMakeFiles/CMakeTmp/CMakeFiles 1]
  ignore line: [Building C object CMakeFiles/cmTryCompileExec3093881800.dir/CMakeCCompilerABI.c.o]
  ignore line: [/usr/bin/gcc    -o CMakeFiles/cmTryCompileExec3093881800.dir/CMakeCCompilerABI.c.o   -c /home/local/share/cmake-2.8/Modules/CMakeCCompilerABI.c]
  ignore line: [Linking C executable cmTryCompileExec3093881800]
  ignore line: [/home/local/bin/cmake -E cmake_link_script CMakeFiles/cmTryCompileExec3093881800.dir/link.txt --verbose=1]
  ignore line: [/usr/bin/gcc      -Wl,-search_paths_first -Wl,-headerpad_max_install_names -v CMakeFiles/cmTryCompileExec3093881800.dir/CMakeCCompilerABI.c.o  -o cmTryCompileExec3093881800   ]
  ignore line: [Using built-in specs.]
  ignore line: [Target: arm-apple-darwin9]
  ignore line: [Configured with: ../llvm-gcc-4.2/configure --build=x86_64-unknown-linux-gnu --host=arm-apple-darwin9 --enable-static=no --enable-shared=yes --prefix=/usr --localstatedir=/var/cache/iphone-gcc --enable-languages=c,c++,objc,obj-c++ --enable-wchar_t=no --with-gxx-include-dir=/usr/include/c++/4.0.0]
  ignore line: [Thread model: posix]
  ignore line: [gcc version 4.2.1 (Based on Apple Inc. build 5555)]
  link line: [ /usr/libexec/gcc/arm-apple-darwin9/4.2.1/collect2 -dynamic -arch arm -force_cpusubtype_ALL -aspen_version_min 2.0 -weak_reference_mismatches non-weak -o cmTryCompileExec3093881800 -lcrt1.10.5.o -L/usr/lib/gcc/arm-apple-darwin9/4.2.1 -L/usr/lib/gcc/arm-apple-darwin9/4.2.1 -L/usr/lib/gcc/arm-apple-darwin9/4.2.1/../../.. -search_paths_first -headerpad_max_install_names CMakeFiles/cmTryCompileExec3093881800.dir/CMakeCCompilerABI.c.o -lgcc_s.10.5 -lgcc -lSystem]
    arg [/usr/libexec/gcc/arm-apple-darwin9/4.2.1/collect2] ==> ignore
    arg [-dynamic] ==> ignore
    arg [-arch] ==> ignore
    arg [arm] ==> ignore
    arg [-force_cpusubtype_ALL] ==> ignore
    arg [-aspen_version_min] ==> ignore
    arg [2.0] ==> ignore
    arg [-weak_reference_mismatches] ==> ignore
    arg [non-weak] ==> ignore
    arg [-o] ==> ignore
    arg [cmTryCompileExec3093881800] ==> ignore
    arg [-lcrt1.10.5.o] ==> lib [crt1.10.5.o]
    arg [-L/usr/lib/gcc/arm-apple-darwin9/4.2.1] ==> dir [/usr/lib/gcc/arm-apple-darwin9/4.2.1]
    arg [-L/usr/lib/gcc/arm-apple-darwin9/4.2.1] ==> dir [/usr/lib/gcc/arm-apple-darwin9/4.2.1]
    arg [-L/usr/lib/gcc/arm-apple-darwin9/4.2.1/../../..] ==> dir [/usr/lib/gcc/arm-apple-darwin9/4.2.1/../../..]
    arg [-search_paths_first] ==> ignore
    arg [-headerpad_max_install_names] ==> ignore
    arg [CMakeFiles/cmTryCompileExec3093881800.dir/CMakeCCompilerABI.c.o] ==> ignore
    arg [-lgcc_s.10.5] ==> lib [gcc_s.10.5]
    arg [-lgcc] ==> lib [gcc]
    arg [-lSystem] ==> lib [System]
  remove lib [crt1.10.5.o]
  remove lib [gcc_s.10.5]
  remove lib [gcc]
  remove lib [System]
  collapse dir [/usr/lib/gcc/arm-apple-darwin9/4.2.1] ==> [/usr/lib/gcc/arm-apple-darwin9/4.2.1]
  collapse dir [/usr/lib/gcc/arm-apple-darwin9/4.2.1] ==> [/usr/lib/gcc/arm-apple-darwin9/4.2.1]
  collapse dir [/usr/lib/gcc/arm-apple-darwin9/4.2.1/../../..] ==> [/usr/lib]
  implicit libs: []
  implicit dirs: [/usr/lib/gcc/arm-apple-darwin9/4.2.1;/usr/lib]


Determining if the include file sys/types.h exists passed with the following output:
Change Dir: /home/chris/openjpeg-2.0.0/CMakeFiles/CMakeTmp

Run Build Command:/usr/local/bin/gmake "cmTryCompileExec1103436281/fast"
/usr/local/bin/gmake -f CMakeFiles/cmTryCompileExec1103436281.dir/build.make CMakeFiles/cmTryCompileExec1103436281.dir/build
gmake[1]: Entering directory `/private/var/chris/openjpeg-2.0.0/CMakeFiles/CMakeTmp'
/home/local/bin/cmake -E cmake_progress_report /home/chris/openjpeg-2.0.0/CMakeFiles/CMakeTmp/CMakeFiles 1
Building C object CMakeFiles/cmTryCompileExec1103436281.dir/CheckIncludeFile.c.o
/usr/bin/gcc    -o CMakeFiles/cmTryCompileExec1103436281.dir/CheckIncludeFile.c.o   -c /home/chris/openjpeg-2.0.0/CMakeFiles/CMakeTmp/CheckIncludeFile.c
Linking C executable cmTryCompileExec1103436281
/home/local/bin/cmake -E cmake_link_script CMakeFiles/cmTryCompileExec1103436281.dir/link.txt --verbose=1
/usr/bin/gcc      -Wl,-search_paths_first -Wl,-headerpad_max_install_names   CMakeFiles/cmTryCompileExec1103436281.dir/CheckIncludeFile.c.o  -o cmTryCompileExec1103436281  
gmake[1]: Leaving directory `/private/var/chris/openjpeg-2.0.0/CMakeFiles/CMakeTmp'


Determining if the include file stdint.h exists passed with the following output:
Change Dir: /home/chris/openjpeg-2.0.0/CMakeFiles/CMakeTmp

Run Build Command:/usr/local/bin/gmake "cmTryCompileExec493042562/fast"
/usr/local/bin/gmake -f CMakeFiles/cmTryCompileExec493042562.dir/build.make CMakeFiles/cmTryCompileExec493042562.dir/build
gmake[1]: Entering directory `/private/var/chris/openjpeg-2.0.0/CMakeFiles/CMakeTmp'
/home/local/bin/cmake -E cmake_progress_report /home/chris/openjpeg-2.0.0/CMakeFiles/CMakeTmp/CMakeFiles 1
Building C object CMakeFiles/cmTryCompileExec493042562.dir/CheckIncludeFile.c.o
/usr/bin/gcc    -o CMakeFiles/cmTryCompileExec493042562.dir/CheckIncludeFile.c.o   -c /home/chris/openjpeg-2.0.0/CMakeFiles/CMakeTmp/CheckIncludeFile.c
Linking C executable cmTryCompileExec493042562
/home/local/bin/cmake -E cmake_link_script CMakeFiles/cmTryCompileExec493042562.dir/link.txt --verbose=1
/usr/bin/gcc      -Wl,-search_paths_first -Wl,-headerpad_max_install_names   CMakeFiles/cmTryCompileExec493042562.dir/CheckIncludeFile.c.o  -o cmTryCompileExec493042562  
gmake[1]: Leaving directory `/private/var/chris/openjpeg-2.0.0/CMakeFiles/CMakeTmp'


Determining if the include file stddef.h exists passed with the following output:
Change Dir: /home/chris/openjpeg-2.0.0/CMakeFiles/CMakeTmp

Run Build Command:/usr/local/bin/gmake "cmTryCompileExec1766364267/fast"
/usr/local/bin/gmake -f CMakeFiles/cmTryCompileExec1766364267.dir/build.make CMakeFiles/cmTryCompileExec1766364267.dir/build
gmake[1]: Entering directory `/private/var/chris/openjpeg-2.0.0/CMakeFiles/CMakeTmp'
/home/local/bin/cmake -E cmake_progress_report /home/chris/openjpeg-2.0.0/CMakeFiles/CMakeTmp/CMakeFiles 1
Building C object CMakeFiles/cmTryCompileExec1766364267.dir/CheckIncludeFile.c.o
/usr/bin/gcc    -o CMakeFiles/cmTryCompileExec1766364267.dir/CheckIncludeFile.c.o   -c /home/chris/openjpeg-2.0.0/CMakeFiles/CMakeTmp/CheckIncludeFile.c
Linking C executable cmTryCompileExec1766364267
/home/local/bin/cmake -E cmake_link_script CMakeFiles/cmTryCompileExec1766364267.dir/link.txt --verbose=1
/usr/bin/gcc      -Wl,-search_paths_first -Wl,-headerpad_max_install_names   CMakeFiles/cmTryCompileExec1766364267.dir/CheckIncludeFile.c.o  -o cmTryCompileExec1766364267  
gmake[1]: Leaving directory `/private/var/chris/openjpeg-2.0.0/CMakeFiles/CMakeTmp'


Determining size of unsigned short passed with the following output:
Change Dir: /home/chris/openjpeg-2.0.0/CMakeFiles/CMakeTmp

Run Build Command:/usr/local/bin/gmake "cmTryCompileExec3391793480/fast"
/usr/local/bin/gmake -f CMakeFiles/cmTryCompileExec3391793480.dir/build.make CMakeFiles/cmTryCompileExec3391793480.dir/build
gmake[1]: Entering directory `/private/var/chris/openjpeg-2.0.0/CMakeFiles/CMakeTmp'
/home/local/bin/cmake -E cmake_progress_report /home/chris/openjpeg-2.0.0/CMakeFiles/CMakeTmp/CMakeFiles 1
Building C object CMakeFiles/cmTryCompileExec3391793480.dir/CMAKE_SIZEOF_UNSIGNED_SHORT.c.o
/usr/bin/gcc    -o CMakeFiles/cmTryCompileExec3391793480.dir/CMAKE_SIZEOF_UNSIGNED_SHORT.c.o   -c /home/chris/openjpeg-2.0.0/CMakeFiles/CheckTypeSize/CMAKE_SIZEOF_UNSIGNED_SHORT.c
Linking C executable cmTryCompileExec3391793480
/home/local/bin/cmake -E cmake_link_script CMakeFiles/cmTryCompileExec3391793480.dir/link.txt --verbose=1
/usr/bin/gcc      -Wl,-search_paths_first -Wl,-headerpad_max_install_names   CMakeFiles/cmTryCompileExec3391793480.dir/CMAKE_SIZEOF_UNSIGNED_SHORT.c.o  -o cmTryCompileExec3391793480  
gmake[1]: Leaving directory `/private/var/chris/openjpeg-2.0.0/CMakeFiles/CMakeTmp'


Determining if the include file strings.h exists passed with the following output:
Change Dir: /home/chris/openjpeg-2.0.0/CMakeFiles/CMakeTmp

Run Build Command:/usr/local/bin/gmake "cmTryCompileExec3643452113/fast"
/usr/local/bin/gmake -f CMakeFiles/cmTryCompileExec3643452113.dir/build.make CMakeFiles/cmTryCompileExec3643452113.dir/build
gmake[1]: Entering directory `/private/var/chris/openjpeg-2.0.0/CMakeFiles/CMakeTmp'
/home/local/bin/cmake -E cmake_progress_report /home/chris/openjpeg-2.0.0/CMakeFiles/CMakeTmp/CMakeFiles 1
Building C object CMakeFiles/cmTryCompileExec3643452113.dir/CheckIncludeFile.c.o
/usr/bin/gcc    -o CMakeFiles/cmTryCompileExec3643452113.dir/CheckIncludeFile.c.o   -c /home/chris/openjpeg-2.0.0/CMakeFiles/CMakeTmp/CheckIncludeFile.c
Linking C executable cmTryCompileExec3643452113
/home/local/bin/cmake -E cmake_link_script CMakeFiles/cmTryCompileExec3643452113.dir/link.txt --verbose=1
/usr/bin/gcc      -Wl,-search_paths_first -Wl,-headerpad_max_install_names   CMakeFiles/cmTryCompileExec3643452113.dir/CheckIncludeFile.c.o  -o cmTryCompileExec3643452113  
gmake[1]: Leaving directory `/private/var/chris/openjpeg-2.0.0/CMakeFiles/CMakeTmp'


Determining if the include file inttypes.h exists passed with the following output:
Change Dir: /home/chris/openjpeg-2.0.0/CMakeFiles/CMakeTmp

Run Build Command:/usr/local/bin/gmake "cmTryCompileExec1281538776/fast"
/usr/local/bin/gmake -f CMakeFiles/cmTryCompileExec1281538776.dir/build.make CMakeFiles/cmTryCompileExec1281538776.dir/build
gmake[1]: Entering directory `/private/var/chris/openjpeg-2.0.0/CMakeFiles/CMakeTmp'
/home/local/bin/cmake -E cmake_progress_report /home/chris/openjpeg-2.0.0/CMakeFiles/CMakeTmp/CMakeFiles 1
Building C object CMakeFiles/cmTryCompileExec1281538776.dir/CheckIncludeFile.c.o
/usr/bin/gcc    -o CMakeFiles/cmTryCompileExec1281538776.dir/CheckIncludeFile.c.o   -c /home/chris/openjpeg-2.0.0/CMakeFiles/CMakeTmp/CheckIncludeFile.c
Linking C executable cmTryCompileExec1281538776
/home/local/bin/cmake -E cmake_link_script CMakeFiles/cmTryCompileExec1281538776.dir/link.txt --verbose=1
/usr/bin/gcc      -Wl,-search_paths_first -Wl,-headerpad_max_install_names   CMakeFiles/cmTryCompileExec1281538776.dir/CheckIncludeFile.c.o  -o cmTryCompileExec1281538776  
gmake[1]: Leaving directory `/private/var/chris/openjpeg-2.0.0/CMakeFiles/CMakeTmp'


Determining if the include file memory.h exists passed with the following output:
Change Dir: /home/chris/openjpeg-2.0.0/CMakeFiles/CMakeTmp

Run Build Command:/usr/local/bin/gmake "cmTryCompileExec1905570218/fast"
/usr/local/bin/gmake -f CMakeFiles/cmTryCompileExec1905570218.dir/build.make CMakeFiles/cmTryCompileExec1905570218.dir/build
gmake[1]: Entering directory `/private/var/chris/openjpeg-2.0.0/CMakeFiles/CMakeTmp'
/home/local/bin/cmake -E cmake_progress_report /home/chris/openjpeg-2.0.0/CMakeFiles/CMakeTmp/CMakeFiles 1
Building C object CMakeFiles/cmTryCompileExec1905570218.dir/CheckIncludeFile.c.o
/usr/bin/gcc    -o CMakeFiles/cmTryCompileExec1905570218.dir/CheckIncludeFile.c.o   -c /home/chris/openjpeg-2.0.0/CMakeFiles/CMakeTmp/CheckIncludeFile.c
Linking C executable cmTryCompileExec1905570218
/home/local/bin/cmake -E cmake_link_script CMakeFiles/cmTryCompileExec1905570218.dir/link.txt --verbose=1
/usr/bin/gcc      -Wl,-search_paths_first -Wl,-headerpad_max_install_names   CMakeFiles/cmTryCompileExec1905570218.dir/CheckIncludeFile.c.o  -o cmTryCompileExec1905570218  
gmake[1]: Leaving directory `/private/var/chris/openjpeg-2.0.0/CMakeFiles/CMakeTmp'


Determining if the include file stdlib.h exists passed with the following output:
Change Dir: /home/chris/openjpeg-2.0.0/CMakeFiles/CMakeTmp

Run Build Command:/usr/local/bin/gmake "cmTryCompileExec2799397213/fast"
/usr/local/bin/gmake -f CMakeFiles/cmTryCompileExec2799397213.dir/build.make CMakeFiles/cmTryCompileExec2799397213.dir/build
gmake[1]: Entering directory `/private/var/chris/openjpeg-2.0.0/CMakeFiles/CMakeTmp'
/home/local/bin/cmake -E cmake_progress_report /home/chris/openjpeg-2.0.0/CMakeFiles/CMakeTmp/CMakeFiles 1
Building C object CMakeFiles/cmTryCompileExec2799397213.dir/CheckIncludeFile.c.o
/usr/bin/gcc    -o CMakeFiles/cmTryCompileExec2799397213.dir/CheckIncludeFile.c.o   -c /home/chris/openjpeg-2.0.0/CMakeFiles/CMakeTmp/CheckIncludeFile.c
Linking C executable cmTryCompileExec2799397213
/home/local/bin/cmake -E cmake_link_script CMakeFiles/cmTryCompileExec2799397213.dir/link.txt --verbose=1
/usr/bin/gcc      -Wl,-search_paths_first -Wl,-headerpad_max_install_names   CMakeFiles/cmTryCompileExec2799397213.dir/CheckIncludeFile.c.o  -o cmTryCompileExec2799397213  
gmake[1]: Leaving directory `/private/var/chris/openjpeg-2.0.0/CMakeFiles/CMakeTmp'


Determining if the include file string.h exists passed with the following output:
Change Dir: /home/chris/openjpeg-2.0.0/CMakeFiles/CMakeTmp

Run Build Command:/usr/local/bin/gmake "cmTryCompileExec536411804/fast"
/usr/local/bin/gmake -f CMakeFiles/cmTryCompileExec536411804.dir/build.make CMakeFiles/cmTryCompileExec536411804.dir/build
gmake[1]: Entering directory `/private/var/chris/openjpeg-2.0.0/CMakeFiles/CMakeTmp'
/home/local/bin/cmake -E cmake_progress_report /home/chris/openjpeg-2.0.0/CMakeFiles/CMakeTmp/CMakeFiles 1
Building C object CMakeFiles/cmTryCompileExec536411804.dir/CheckIncludeFile.c.o
/usr/bin/gcc    -o CMakeFiles/cmTryCompileExec536411804.dir/CheckIncludeFile.c.o   -c /home/chris/openjpeg-2.0.0/CMakeFiles/CMakeTmp/CheckIncludeFile.c
Linking C executable cmTryCompileExec536411804
/home/local/bin/cmake -E cmake_link_script CMakeFiles/cmTryCompileExec536411804.dir/link.txt --verbose=1
/usr/bin/gcc      -Wl,-search_paths_first -Wl,-headerpad_max_install_names   CMakeFiles/cmTryCompileExec536411804.dir/CheckIncludeFile.c.o  -o cmTryCompileExec536411804  
gmake[1]: Leaving directory `/private/var/chris/openjpeg-2.0.0/CMakeFiles/CMakeTmp'


Determining if the include file sys/stat.h exists passed with the following output:
Change Dir: /home/chris/openjpeg-2.0.0/CMakeFiles/CMakeTmp

Run Build Command:/usr/local/bin/gmake "cmTryCompileExec2679585427/fast"
/usr/local/bin/gmake -f CMakeFiles/cmTryCompileExec2679585427.dir/build.make CMakeFiles/cmTryCompileExec2679585427.dir/build
gmake[1]: Entering directory `/private/var/chris/openjpeg-2.0.0/CMakeFiles/CMakeTmp'
/home/local/bin/cmake -E cmake_progress_report /home/chris/openjpeg-2.0.0/CMakeFiles/CMakeTmp/CMakeFiles 1
Building C object CMakeFiles/cmTryCompileExec2679585427.dir/CheckIncludeFile.c.o
/usr/bin/gcc    -o CMakeFiles/cmTryCompileExec2679585427.dir/CheckIncludeFile.c.o   -c /home/chris/openjpeg-2.0.0/CMakeFiles/CMakeTmp/CheckIncludeFile.c
Linking C executable cmTryCompileExec2679585427
/home/local/bin/cmake -E cmake_link_script CMakeFiles/cmTryCompileExec2679585427.dir/link.txt --verbose=1
/usr/bin/gcc      -Wl,-search_paths_first -Wl,-headerpad_max_install_names   CMakeFiles/cmTryCompileExec2679585427.dir/CheckIncludeFile.c.o  -o cmTryCompileExec2679585427  
gmake[1]: Leaving directory `/private/var/chris/openjpeg-2.0.0/CMakeFiles/CMakeTmp'


Determining if the include file unistd.h exists passed with the following output:
Change Dir: /home/chris/openjpeg-2.0.0/CMakeFiles/CMakeTmp

Run Build Command:/usr/local/bin/gmake "cmTryCompileExec3162089470/fast"
/usr/local/bin/gmake -f CMakeFiles/cmTryCompileExec3162089470.dir/build.make CMakeFiles/cmTryCompileExec3162089470.dir/build
gmake[1]: Entering directory `/private/var/chris/openjpeg-2.0.0/CMakeFiles/CMakeTmp'
/home/local/bin/cmake -E cmake_progress_report /home/chris/openjpeg-2.0.0/CMakeFiles/CMakeTmp/CMakeFiles 1
Building C object CMakeFiles/cmTryCompileExec3162089470.dir/CheckIncludeFile.c.o
/usr/bin/gcc    -o CMakeFiles/cmTryCompileExec3162089470.dir/CheckIncludeFile.c.o   -c /home/chris/openjpeg-2.0.0/CMakeFiles/CMakeTmp/CheckIncludeFile.c
Linking C executable cmTryCompileExec3162089470
/home/local/bin/cmake -E cmake_link_script CMakeFiles/cmTryCompileExec3162089470.dir/link.txt --verbose=1
/usr/bin/gcc      -Wl,-search_paths_first -Wl,-headerpad_max_install_names   CMakeFiles/cmTryCompileExec3162089470.dir/CheckIncludeFile.c.o  -o cmTryCompileExec3162089470  
gmake[1]: Leaving directory `/private/var/chris/openjpeg-2.0.0/CMakeFiles/CMakeTmp'


Determining size of ssize_t passed with the following output:
Change Dir: /home/chris/openjpeg-2.0.0/CMakeFiles/CMakeTmp

Run Build Command:/usr/local/bin/gmake "cmTryCompileExec1123205690/fast"
/usr/local/bin/gmake -f CMakeFiles/cmTryCompileExec1123205690.dir/build.make CMakeFiles/cmTryCompileExec1123205690.dir/build
gmake[1]: Entering directory `/private/var/chris/openjpeg-2.0.0/CMakeFiles/CMakeTmp'
/home/local/bin/cmake -E cmake_progress_report /home/chris/openjpeg-2.0.0/CMakeFiles/CMakeTmp/CMakeFiles 1
Building C object CMakeFiles/cmTryCompileExec1123205690.dir/SSIZE_T.c.o
/usr/bin/gcc    -o CMakeFiles/cmTryCompileExec1123205690.dir/SSIZE_T.c.o   -c /home/chris/openjpeg-2.0.0/CMakeFiles/CheckTypeSize/SSIZE_T.c
Linking C executable cmTryCompileExec1123205690
/home/local/bin/cmake -E cmake_link_script CMakeFiles/cmTryCompileExec1123205690.dir/link.txt --verbose=1
/usr/bin/gcc      -Wl,-search_paths_first -Wl,-headerpad_max_install_names   CMakeFiles/cmTryCompileExec1123205690.dir/SSIZE_T.c.o  -o cmTryCompileExec1123205690  
gmake[1]: Leaving directory `/private/var/chris/openjpeg-2.0.0/CMakeFiles/CMakeTmp'


