Determining if the system is big endian passed with the following output:
Change Dir: /home/chris/openjpeg-2.0.0/CMakeFiles/CMakeTmp

Run Build Command:/usr/local/bin/gmake "cmTryCompileExec1915246176/fast"
/usr/local/bin/gmake -f CMakeFiles/cmTryCompileExec1915246176.dir/build.make CMakeFiles/cmTryCompileExec1915246176.dir/build
gmake[1]: Entering directory `/private/var/chris/openjpeg-2.0.0/CMakeFiles/CMakeTmp'
/home/local/bin/cmake -E cmake_progress_report /home/chris/openjpeg-2.0.0/CMakeFiles/CMakeTmp/CMakeFiles 1
Building C object CMakeFiles/cmTryCompileExec1915246176.dir/TestEndianess.c.o
/usr/bin/gcc    -o CMakeFiles/cmTryCompileExec1915246176.dir/TestEndianess.c.o   -c /home/chris/openjpeg-2.0.0/CMakeFiles/CMakeTmp/TestEndianess.c
Linking C executable cmTryCompileExec1915246176
/home/local/bin/cmake -E cmake_link_script CMakeFiles/cmTryCompileExec1915246176.dir/link.txt --verbose=1
/usr/bin/gcc      -Wl,-search_paths_first -Wl,-headerpad_max_install_names   CMakeFiles/cmTryCompileExec1915246176.dir/TestEndianess.c.o  -o cmTryCompileExec1915246176  
gmake[1]: Leaving directory `/private/var/chris/openjpeg-2.0.0/CMakeFiles/CMakeTmp'

TestEndianess.c:
/* A 16 bit integer is required. */
typedef unsigned short cmakeint16;

/* On a little endian machine, these 16bit ints will give "THIS IS LITTLE ENDIAN."
   On a big endian machine the characters will be exchanged pairwise. */
const cmakeint16 info_little[] =  {0x4854, 0x5349, 0x4920, 0x2053, 0x494c, 0x5454, 0x454c, 0x4520, 0x444e, 0x4149, 0x2e4e, 0x0000};

/* on a big endian machine, these 16bit ints will give "THIS IS BIG ENDIAN."
   On a little endian machine the characters will be exchanged pairwise. */
const cmakeint16 info_big[] =     {0x5448, 0x4953, 0x2049, 0x5320, 0x4249, 0x4720, 0x454e, 0x4449, 0x414e, 0x2e2e, 0x0000};

#ifdef __CLASSIC_C__
int main(argc, argv) int argc; char *argv[];
#else
int main(int argc, char *argv[])
#endif
{
  int require = 0;
  require += info_little[argc];
  require += info_big[argc];
  (void)argv;
  return require;
}


