make install --directory=netsurf TARGET=gtk PREFIX= DESTDIR= 
M.CONFIG: JPEG (libjpeg)	enabled       (NETSURF_USE_JPEG := YES)
M.CONFIG: PDF export (haru)	disabled      (NETSURF_USE_HARU_PDF := NO)
M.CONFIG: glibc internal iconv	enabled       (NETSURF_USE_LIBICONV_PLUG := YES)
PKG.CNFG: utf8proc (libutf8proc)	enabled
PKG.CNFG: nsutils (libnsutils)	enabled
M.CONFIG: PNG (libpng)	enabled       (NETSURF_USE_PNG := YES)
M.CONFIG: BMP (libnsbmp)	enabled       (NETSURF_USE_BMP := YES)
M.CONFIG: GIF (libnsgif)	enabled       (NETSURF_USE_GIF := YES)
M.CONFIG: SVG (librsvg-2.0)	auto-enabled  (NETSURF_USE_RSVG := AUTO)
M.CONFIG: SVG (libsvgtiny)	auto-enabled  (NETSURF_USE_NSSVG := AUTO)
M.CONFIG: Sprite (librosprite)	auto-enabled  (NETSURF_USE_ROSPRITE := AUTO)
M.CONFIG: WebP (libwebp)	disabled      (NETSURF_USE_WEBP := NO)
M.CONFIG: JavaScript (mozjs185)	auto-disabled (NETSURF_USE_MOZJS := AUTO)
M.CONFIG: JavaScript (mozilla-js)	auto-disabled (NETSURF_USE_JS := AUTO)
M.CONFIG: Video (gstreamer-0.10)	disabled      (NETSURF_USE_VIDEO := NO)
PKG.CNFG: CSS (libcss)	enabled
PKG.CNFG: DOM (libdom)	enabled
PKG.CNFG: Hubbub (libhubbub)	enabled
PKG.CNFG: OpenSSL (openssl)	enabled
PKG.CNFG: Curl  (libcurl)	enabled
PKG.CNFG: GTK-2 (gtk+-2.0)	enabled
PKG.CNFG: GThread2 (gthread-2.0)	enabled
PKG.CNFG: GModule2 (gmodule-2.0)	enabled
make[1]: Entering directory `/private/var/chris/netsurf-all-3.3/netsurf'
TESTMENT: unchanged
MSGSPLIT: any/de to !NetSurf/Resources
MSGSPLIT: any/en to !NetSurf/Resources
MSGSPLIT: any/fr to !NetSurf/Resources
MSGSPLIT: any/it to !NetSurf/Resources
MSGSPLIT: any/nl to !NetSurf/Resources
themes/
themes/Alpha.png
themes/gtk+/
themes/gtk+/back.png
themes/gtk+/closetab.png
themes/gtk+/closewindow.png
themes/gtk+/copy.png
themes/gtk+/cut.png
themes/gtk+/delete.png
themes/gtk+/forward.png
themes/gtk+/fullscreen.png
themes/gtk+/helpabout.png
themes/gtk+/helpcontents.png
themes/gtk+/history.png
themes/gtk+/home.png
themes/gtk+/info
themes/gtk+/newtab.png
themes/gtk+/newwindow.png
themes/gtk+/openfile.png
themes/gtk+/paste.png
themes/gtk+/preferences.png
themes/gtk+/print.png
themes/gtk+/printpreview.png
themes/gtk+/quit.png
themes/gtk+/reload.png
themes/gtk+/savepage.png
themes/gtk+/selectall.png
themes/gtk+/stop.png
themes/gtk+/viewsource.png
themes/gtk+/zoomminus.png
themes/gtk+/zoomnormal.png
themes/gtk+/zoomplus.png
de/
de/Messages
de/welcome.html
en/
en/Messages
en/credits.html
en/licence.html
en/maps.html
en/welcome.html
fr/
fr/Messages
it/
it/Messages
it/credits.html
it/licence.html
it/welcome.html
ja/
ja/welcome.html
nl/
nl/Messages
MSGSPLIT: gtk/de to /share/netsurf/
MSGSPLIT: gtk/en to /share/netsurf/
MSGSPLIT: gtk/fr to /share/netsurf/
MSGSPLIT: gtk/it to /share/netsurf/
MSGSPLIT: gtk/nl to /share/netsurf/
make[1]: Leaving directory `/private/var/chris/netsurf-all-3.3/netsurf'
