This file contains any messages produced by compilers while
running configure, to aid debugging if configure makes a mistake.

It was created by configure, which was
generated by GNU Autoconf 2.68.  Invocation command line was

  $ ./configure --disable-pam

## --------- ##
## Platform. ##
## --------- ##

hostname = Chriss-iPad
uname -m = iPad1,1
uname -r = 10.4.0
uname -s = Darwin
uname -v = Darwin Kernel Version 10.4.0: Wed Oct 20 20:14:45 PDT 2010; root:xnu-1504.58.28~3/RELEASE_ARM_S5L8930X

/usr/bin/uname -p = unknown
/bin/uname -X     = unknown

/bin/arch              = unknown
/usr/bin/arch -k       = unknown
/usr/convex/getsysinfo = unknown
/usr/bin/hostinfo      = Mach kernel version:
	 Darwin Kernel Version 10.4.0: Wed Oct 20 20:14:45 PDT 2010; root:xnu-1504.58.28~3/RELEASE_ARM_S5L8930X
Kernel configured for a single processor only.
1 processor is physically available.
1 processor is logically available.
Processor type: armv7 (arm v7)
Processor active: 0
Primary memory available: 247.00 megabytes
Default processor set: 33 tasks, 238 threads, 1 processors
Load average: 2.24, Mach factor: 0.26
/bin/machine           = unknown
/usr/bin/oslevel       = unknown
/bin/universe          = unknown

PATH: /usr/local/sbin
PATH: /usr/local/bin
PATH: /usr/sbin
PATH: /usr/bin
PATH: /sbin
PATH: /bin
PATH: /usr/bin/X11
PATH: /usr/games
PATH: /var/mobile/ocaml-3.12.0/bin


## ----------- ##
## Core tests. ##
## ----------- ##

configure:2516: checking for a BSD-compatible install
configure:2584: result: /usr/bin/install -c
configure:2595: checking whether build environment is sane
configure:2645: result: yes
configure:2786: checking for a thread-safe mkdir -p
configure:2825: result: /bin/mkdir -p
configure:2838: checking for gawk
configure:2854: found /usr/bin/gawk
configure:2865: result: gawk
configure:2876: checking whether make sets $(MAKE)
configure:2898: result: yes
configure:3023: checking whether build environment is sane
configure:3073: result: yes
configure:3076: checking whether to enable maintainer-specific portions of Makefiles
configure:3085: result: no
configure:3111: checking for style of include used by make
configure:3139: result: GNU
configure:3209: checking for gcc
configure:3236: result: /usr/bin/gcc
configure:3465: checking for C compiler version
configure:3474: /usr/bin/gcc --version >&5
gcc (GCC) 4.2.1 (Based on Apple Inc. build 5555)
Copyright (C) 2007 Free Software Foundation, Inc.
This is free software; see the source for copying conditions.  There is NO
warranty; not even for MERCHANTABILITY or FITNESS FOR A PARTICULAR PURPOSE.

configure:3485: $? = 0
configure:3474: /usr/bin/gcc -v >&5
Using built-in specs.
Target: arm-apple-darwin9
Configured with: ../llvm-gcc-4.2/configure --build=x86_64-unknown-linux-gnu --host=arm-apple-darwin9 --enable-static=no --enable-shared=yes --prefix=/usr --localstatedir=/var/cache/iphone-gcc --enable-languages=c,c++,objc,obj-c++ --enable-wchar_t=no --with-gxx-include-dir=/usr/include/c++/4.0.0
Thread model: posix
gcc version 4.2.1 (Based on Apple Inc. build 5555)
configure:3485: $? = 0
configure:3474: /usr/bin/gcc -V >&5
gcc: '-V' option must have argument
configure:3485: $? = 1
configure:3474: /usr/bin/gcc -qversion >&5
gcc: no input files
configure:3485: $? = 1
configure:3505: checking whether the C compiler works
configure:3527: /usr/bin/gcc    conftest.c  >&5
configure:3531: $? = 0
configure:3579: result: yes
configure:3582: checking for C compiler default output file name
configure:3584: result: a.out
configure:3590: checking for suffix of executables
configure:3597: /usr/bin/gcc -o conftest    conftest.c  >&5
configure:3601: $? = 0
configure:3623: result: 
configure:3645: checking whether we are cross compiling
configure:3653: /usr/bin/gcc -o conftest    conftest.c  >&5
configure:3657: $? = 0
configure:3664: ./conftest
configure:3668: $? = 0
configure:3683: result: no
configure:3688: checking for suffix of object files
configure:3710: /usr/bin/gcc -c   conftest.c >&5
configure:3714: $? = 0
configure:3735: result: o
configure:3739: checking whether we are using the GNU C compiler
configure:3758: /usr/bin/gcc -c   conftest.c >&5
configure:3758: $? = 0
configure:3767: result: yes
configure:3776: checking whether /usr/bin/gcc accepts -g
configure:3796: /usr/bin/gcc -c -g  conftest.c >&5
configure:3796: $? = 0
configure:3837: result: yes
configure:3854: checking for /usr/bin/gcc option to accept ISO C89
configure:3918: /usr/bin/gcc  -c -g -O2  conftest.c >&5
configure:3918: $? = 0
configure:3931: result: none needed
configure:3953: checking dependency style of /usr/bin/gcc
configure:4063: result: gcc3
configure:4084: checking how to run the C preprocessor
configure:4115: /usr/bin/gcc -E  conftest.c
configure:4115: $? = 0
configure:4129: /usr/bin/gcc -E  conftest.c
conftest.c:12:28: error: ac_nonexistent.h: No such file or directory
configure:4129: $? = 1
configure: failed program was:
| /* confdefs.h */
| #define PACKAGE_NAME ""
| #define PACKAGE_TARNAME ""
| #define PACKAGE_VERSION ""
| #define PACKAGE_STRING ""
| #define PACKAGE_BUGREPORT ""
| #define PACKAGE_URL ""
| #define PACKAGE "gnome-keyring"
| #define VERSION "3.1.4"
| #define GKR_VERSION 003001004
| /* end confdefs.h.  */
| #include <ac_nonexistent.h>
configure:4154: result: /usr/bin/gcc -E
configure:4174: /usr/bin/gcc -E  conftest.c
configure:4174: $? = 0
configure:4188: /usr/bin/gcc -E  conftest.c
conftest.c:12:28: error: ac_nonexistent.h: No such file or directory
configure:4188: $? = 1
configure: failed program was:
| /* confdefs.h */
| #define PACKAGE_NAME ""
| #define PACKAGE_TARNAME ""
| #define PACKAGE_VERSION ""
| #define PACKAGE_STRING ""
| #define PACKAGE_BUGREPORT ""
| #define PACKAGE_URL ""
| #define PACKAGE "gnome-keyring"
| #define VERSION "3.1.4"
| #define GKR_VERSION 003001004
| /* end confdefs.h.  */
| #include <ac_nonexistent.h>
configure:4217: checking for grep that handles long lines and -e
configure:4275: result: /bin/grep
configure:4280: checking for egrep
configure:4342: result: /bin/grep -E
configure:4347: checking for ANSI C header files
configure:4367: /usr/bin/gcc -c -g -O2  conftest.c >&5
configure:4367: $? = 0
configure:4440: /usr/bin/gcc -o conftest -g -O2   conftest.c  >&5
configure:4440: $? = 0
configure:4440: ./conftest
configure:4440: $? = 0
configure:4451: result: yes
configure:4464: checking for sys/types.h
configure:4464: /usr/bin/gcc -c -g -O2  conftest.c >&5
configure:4464: $? = 0
configure:4464: result: yes
configure:4464: checking for sys/stat.h
configure:4464: /usr/bin/gcc -c -g -O2  conftest.c >&5
configure:4464: $? = 0
configure:4464: result: yes
configure:4464: checking for stdlib.h
configure:4464: /usr/bin/gcc -c -g -O2  conftest.c >&5
configure:4464: $? = 0
configure:4464: result: yes
configure:4464: checking for string.h
configure:4464: /usr/bin/gcc -c -g -O2  conftest.c >&5
configure:4464: $? = 0
configure:4464: result: yes
configure:4464: checking for memory.h
configure:4464: /usr/bin/gcc -c -g -O2  conftest.c >&5
configure:4464: $? = 0
configure:4464: result: yes
configure:4464: checking for strings.h
configure:4464: /usr/bin/gcc -c -g -O2  conftest.c >&5
configure:4464: $? = 0
configure:4464: result: yes
configure:4464: checking for inttypes.h
configure:4464: /usr/bin/gcc -c -g -O2  conftest.c >&5
configure:4464: $? = 0
configure:4464: result: yes
configure:4464: checking for stdint.h
configure:4464: /usr/bin/gcc -c -g -O2  conftest.c >&5
configure:4464: $? = 0
configure:4464: result: yes
configure:4464: checking for unistd.h
configure:4464: /usr/bin/gcc -c -g -O2  conftest.c >&5
configure:4464: $? = 0
configure:4464: result: yes
configure:4477: checking minix/config.h usability
configure:4477: /usr/bin/gcc -c -g -O2  conftest.c >&5
conftest.c:55:26: error: minix/config.h: No such file or directory
configure:4477: $? = 1
configure: failed program was:
| /* confdefs.h */
| #define PACKAGE_NAME ""
| #define PACKAGE_TARNAME ""
| #define PACKAGE_VERSION ""
| #define PACKAGE_STRING ""
| #define PACKAGE_BUGREPORT ""
| #define PACKAGE_URL ""
| #define PACKAGE "gnome-keyring"
| #define VERSION "3.1.4"
| #define GKR_VERSION 003001004
| #define STDC_HEADERS 1
| #define HAVE_SYS_TYPES_H 1
| #define HAVE_SYS_STAT_H 1
| #define HAVE_STDLIB_H 1
| #define HAVE_STRING_H 1
| #define HAVE_MEMORY_H 1
| #define HAVE_STRINGS_H 1
| #define HAVE_INTTYPES_H 1
| #define HAVE_STDINT_H 1
| #define HAVE_UNISTD_H 1
| /* end confdefs.h.  */
| #include <stdio.h>
| #ifdef HAVE_SYS_TYPES_H
| # include <sys/types.h>
| #endif
| #ifdef HAVE_SYS_STAT_H
| # include <sys/stat.h>
| #endif
| #ifdef STDC_HEADERS
| # include <stdlib.h>
| # include <stddef.h>
| #else
| # ifdef HAVE_STDLIB_H
| #  include <stdlib.h>
| # endif
| #endif
| #ifdef HAVE_STRING_H
| # if !defined STDC_HEADERS && defined HAVE_MEMORY_H
| #  include <memory.h>
| # endif
| # include <string.h>
| #endif
| #ifdef HAVE_STRINGS_H
| # include <strings.h>
| #endif
| #ifdef HAVE_INTTYPES_H
| # include <inttypes.h>
| #endif
| #ifdef HAVE_STDINT_H
| # include <stdint.h>
| #endif
| #ifdef HAVE_UNISTD_H
| # include <unistd.h>
| #endif
| #include <minix/config.h>
configure:4477: result: no
configure:4477: checking minix/config.h presence
configure:4477: /usr/bin/gcc -E  conftest.c
conftest.c:22:26: error: minix/config.h: No such file or directory
configure:4477: $? = 1
configure: failed program was:
| /* confdefs.h */
| #define PACKAGE_NAME ""
| #define PACKAGE_TARNAME ""
| #define PACKAGE_VERSION ""
| #define PACKAGE_STRING ""
| #define PACKAGE_BUGREPORT ""
| #define PACKAGE_URL ""
| #define PACKAGE "gnome-keyring"
| #define VERSION "3.1.4"
| #define GKR_VERSION 003001004
| #define STDC_HEADERS 1
| #define HAVE_SYS_TYPES_H 1
| #define HAVE_SYS_STAT_H 1
| #define HAVE_STDLIB_H 1
| #define HAVE_STRING_H 1
| #define HAVE_MEMORY_H 1
| #define HAVE_STRINGS_H 1
| #define HAVE_INTTYPES_H 1
| #define HAVE_STDINT_H 1
| #define HAVE_UNISTD_H 1
| /* end confdefs.h.  */
| #include <minix/config.h>
configure:4477: result: no
configure:4477: checking for minix/config.h
configure:4477: result: no
configure:4498: checking whether it is safe to define __EXTENSIONS__
configure:4516: /usr/bin/gcc -c -g -O2  conftest.c >&5
configure:4516: $? = 0
configure:4523: result: yes
configure:4538: checking for library containing strerror
configure:4569: /usr/bin/gcc -o conftest -g -O2   conftest.c  >&5
configure:4569: $? = 0
configure:4586: result: none required
configure:4642: checking for gcc
configure:4669: result: /usr/bin/gcc
configure:4898: checking for C compiler version
configure:4907: /usr/bin/gcc --version >&5
gcc (GCC) 4.2.1 (Based on Apple Inc. build 5555)
Copyright (C) 2007 Free Software Foundation, Inc.
This is free software; see the source for copying conditions.  There is NO
warranty; not even for MERCHANTABILITY or FITNESS FOR A PARTICULAR PURPOSE.

configure:4918: $? = 0
configure:4907: /usr/bin/gcc -v >&5
Using built-in specs.
Target: arm-apple-darwin9
Configured with: ../llvm-gcc-4.2/configure --build=x86_64-unknown-linux-gnu --host=arm-apple-darwin9 --enable-static=no --enable-shared=yes --prefix=/usr --localstatedir=/var/cache/iphone-gcc --enable-languages=c,c++,objc,obj-c++ --enable-wchar_t=no --with-gxx-include-dir=/usr/include/c++/4.0.0
Thread model: posix
gcc version 4.2.1 (Based on Apple Inc. build 5555)
configure:4918: $? = 0
configure:4907: /usr/bin/gcc -V >&5
gcc: '-V' option must have argument
configure:4918: $? = 1
configure:4907: /usr/bin/gcc -qversion >&5
gcc: no input files
configure:4918: $? = 1
configure:4922: checking whether we are using the GNU C compiler
configure:4950: result: yes
configure:4959: checking whether /usr/bin/gcc accepts -g
configure:5020: result: yes
configure:5037: checking for /usr/bin/gcc option to accept ISO C89
configure:5114: result: none needed
configure:5136: checking dependency style of /usr/bin/gcc
configure:5246: result: gcc3
configure:5266: checking how to run the C preprocessor
configure:5336: result: /usr/bin/gcc -E
configure:5356: /usr/bin/gcc -E  conftest.c
configure:5356: $? = 0
configure:5370: /usr/bin/gcc -E  conftest.c
conftest.c:27:28: error: ac_nonexistent.h: No such file or directory
configure:5370: $? = 1
configure: failed program was:
| /* confdefs.h */
| #define PACKAGE_NAME ""
| #define PACKAGE_TARNAME ""
| #define PACKAGE_VERSION ""
| #define PACKAGE_STRING ""
| #define PACKAGE_BUGREPORT ""
| #define PACKAGE_URL ""
| #define PACKAGE "gnome-keyring"
| #define VERSION "3.1.4"
| #define GKR_VERSION 003001004
| #define STDC_HEADERS 1
| #define HAVE_SYS_TYPES_H 1
| #define HAVE_SYS_STAT_H 1
| #define HAVE_STDLIB_H 1
| #define HAVE_STRING_H 1
| #define HAVE_MEMORY_H 1
| #define HAVE_STRINGS_H 1
| #define HAVE_INTTYPES_H 1
| #define HAVE_STDINT_H 1
| #define HAVE_UNISTD_H 1
| #define __EXTENSIONS__ 1
| #define _ALL_SOURCE 1
| #define _GNU_SOURCE 1
| #define _POSIX_PTHREAD_SEMANTICS 1
| #define _TANDEM_SOURCE 1
| /* end confdefs.h.  */
| #include <ac_nonexistent.h>
configure:5399: checking whether /usr/bin/gcc and cc understand -c and -o together
configure:5430: /usr/bin/gcc -c conftest.c -o conftest2.o >&5
configure:5434: $? = 0
configure:5440: /usr/bin/gcc -c conftest.c -o conftest2.o >&5
configure:5444: $? = 0
configure:5455: cc -c conftest.c >&5
configure:5459: $? = 0
configure:5467: cc -c conftest.c -o conftest2.o >&5
configure:5471: $? = 0
configure:5477: cc -c conftest.c -o conftest2.o >&5
configure:5481: $? = 0
configure:5499: result: yes
configure:5525: checking whether ln -s works
configure:5529: result: yes
configure:5536: checking whether make sets $(MAKE)
configure:5558: result: yes
configure:5627: checking build system type
configure:5641: result: arm-apple-darwin10.4.0
configure:5661: checking host system type
configure:5674: result: arm-apple-darwin10.4.0
configure:5715: checking how to print strings
configure:5742: result: printf
configure:5763: checking for a sed that does not truncate output
configure:5827: result: /bin/sed
configure:5845: checking for fgrep
configure:5907: result: /bin/grep -F
configure:5942: checking for ld used by /usr/bin/gcc
configure:6009: result: /usr/bin/ld
configure:6016: checking if the linker (/usr/bin/ld) is GNU ld
configure:6031: result: no
configure:6043: checking for BSD- or MS-compatible name lister (nm)
configure:6092: result: /usr/bin/nm -p
configure:6222: checking the name lister (/usr/bin/nm -p) interface
configure:6229: /usr/bin/gcc -c -g -O2  conftest.c >&5
configure:6232: /usr/bin/nm -p "conftest.o"
configure:6235: output
00000000 D _some_variable
configure:6242: result: BSD nm
configure:6246: checking the maximum length of command line arguments
configure:6371: result: 196608
configure:6388: checking whether the shell understands some XSI constructs
configure:6398: result: yes
configure:6402: checking whether the shell understands "+="
configure:6408: result: yes
configure:6443: checking how to convert arm-apple-darwin10.4.0 file names to arm-apple-darwin10.4.0 format
configure:6483: result: func_convert_file_noop
configure:6490: checking how to convert arm-apple-darwin10.4.0 file names to toolchain format
configure:6510: result: func_convert_file_noop
configure:6517: checking for /usr/bin/ld option to reload object files
configure:6524: result: -r
configure:6598: checking for objdump
configure:6614: found /usr/bin/objdump
configure:6625: result: objdump
configure:6657: checking how to recognize dependent libraries
configure:6859: result: pass_all
configure:6944: checking for dlltool
configure:6974: result: no
configure:7004: checking how to associate runtime and link libraries
configure:7031: result: printf %s\n
configure:7091: checking for ar
configure:7107: found /usr/bin/ar
configure:7118: result: ar
configure:7155: checking for archiver @FILE support
configure:7172: /usr/bin/gcc -c -g -O2  conftest.c >&5
configure:7172: $? = 0
configure:7175: ar cru libconftest.a @conftest.lst >&5
ar: @conftest.lst: No such file or directory
configure:7178: $? = 1
configure:7198: result: no
configure:7256: checking for strip
configure:7272: found /usr/bin/strip
configure:7283: result: strip
configure:7355: checking for ranlib
configure:7371: found /usr/bin/ranlib
configure:7382: result: ranlib
configure:7484: checking command to parse /usr/bin/nm -p output from /usr/bin/gcc object
configure:7603: /usr/bin/gcc -c -g -O2  conftest.c >&5
configure:7606: $? = 0
configure:7610: /usr/bin/nm -p conftest.o \| sed -n -e 's/^.*[ ]\([BCDEGRST][BCDEGRST]*\)[ ][ ]*\([_A-Za-z][_A-Za-z0-9]*\)$/\1 \2 \2/p' | sed '/ __gnu_lto/d' \> conftest.nm
configure:7613: $? = 0
cannot find nm_test_var in conftest.nm
configure:7603: /usr/bin/gcc -c -g -O2  conftest.c >&5
configure:7606: $? = 0
configure:7610: /usr/bin/nm -p conftest.o \| sed -n -e 's/^.*[ ]\([BCDEGRST][BCDEGRST]*\)[ ][ ]*_\([_A-Za-z][_A-Za-z0-9]*\)$/\1 _\2 \2/p' | sed '/ __gnu_lto/d' \> conftest.nm
configure:7613: $? = 0
configure:7679: /usr/bin/gcc -o conftest -g -O2   conftest.c conftstm.o >&5
configure:7682: $? = 0
configure:7720: result: ok
configure:7757: checking for sysroot
configure:7787: result: no
configure:8030: checking for mt
configure:8060: result: no
configure:8080: checking if : is a manifest tool
configure:8086: : '-?'
configure:8094: result: no
configure:8150: checking for dsymutil
configure:8180: result: no
configure:8242: checking for nmedit
configure:8258: found /usr/bin/nmedit
configure:8269: result: nmedit
configure:8334: checking for lipo
configure:8350: found /usr/bin/lipo
configure:8361: result: lipo
configure:8426: checking for otool
configure:8442: found /usr/bin/otool
configure:8453: result: otool
configure:8518: checking for otool64
configure:8534: found /usr/bin/otool64
configure:8545: result: otool64
configure:8593: checking for -single_module linker flag
/usr/bin/gcc -g -O2  -o libconftest.dylib -dynamiclib -Wl,-single_module conftest.c
configure:8620: result: yes
configure:8622: checking for -exported_symbols_list linker flag
configure:8642: /usr/bin/gcc -o conftest -g -O2   -Wl,-exported_symbols_list,conftest.sym conftest.c  >&5
configure:8642: $? = 0
configure:8652: result: yes
configure:8654: checking for -force_load linker flag
/usr/bin/gcc -g -O2 -c -o conftest.o conftest.c
ar cru libconftest.a conftest.o
ranlib libconftest.a
/usr/bin/gcc -g -O2  -o conftest conftest.c -Wl,-force_load,./libconftest.a
ld: unknown option: -force_load
collect2: ld returned 1 exit status
configure:8684: result: no
configure:8723: checking for dlfcn.h
configure:8723: /usr/bin/gcc -c -g -O2  conftest.c >&5
configure:8723: $? = 0
configure:8723: result: yes
configure:8880: checking for objdir
configure:8895: result: .libs
configure:9162: checking if /usr/bin/gcc supports -fno-rtti -fno-exceptions
configure:9180: /usr/bin/gcc -c -g -O2  -fno-rtti -fno-exceptions conftest.c >&5
cc1: warning: command line option "-fno-rtti" is valid for C++/ObjC++ but not for C
configure:9184: $? = 0
configure:9197: result: no
configure:9507: checking for /usr/bin/gcc option to produce PIC
configure:9514: result: -fno-common -DPIC
configure:9522: checking if /usr/bin/gcc PIC flag -fno-common -DPIC works
configure:9540: /usr/bin/gcc -c -g -O2  -fno-common -DPIC -DPIC conftest.c >&5
configure:9544: $? = 0
configure:9557: result: yes
configure:9586: checking if /usr/bin/gcc static flag -static works
configure:9614: result: no
configure:9629: checking if /usr/bin/gcc supports -c -o file.o
configure:9650: /usr/bin/gcc -c -g -O2  -o out/conftest2.o conftest.c >&5
configure:9654: $? = 0
configure:9676: result: yes
configure:9684: checking if /usr/bin/gcc supports -c -o file.o
configure:9731: result: yes
configure:9764: checking whether the /usr/bin/gcc linker (/usr/bin/ld) supports shared libraries
configure:10922: result: yes
configure:11167: checking dynamic linker characteristics
configure:11907: result: darwin10.4.0 dyld
configure:12014: checking how to hardcode library paths into programs
configure:12039: result: immediate
configure:12579: checking whether stripping libraries is possible
configure:12593: result: yes
configure:12619: checking if libtool supports shared libraries
configure:12621: result: yes
configure:12624: checking whether to build shared libraries
configure:12645: result: yes
configure:12648: checking whether to build static libraries
configure:12652: result: no
configure:12688: checking whether NLS is requested
configure:12697: result: yes
configure:12712: checking for intltool >= 0.35.0
configure:12719: result: 0.50.0 found
configure:12727: checking for intltool-update
configure:12745: found /usr/local/bin/intltool-update
configure:12757: result: /usr/local/bin/intltool-update
configure:12767: checking for intltool-merge
configure:12785: found /usr/local/bin/intltool-merge
configure:12797: result: /usr/local/bin/intltool-merge
configure:12807: checking for intltool-extract
configure:12825: found /usr/local/bin/intltool-extract
configure:12837: result: /usr/local/bin/intltool-extract
configure:12968: checking for xgettext
configure:12986: found /usr/local/bin/xgettext
configure:12998: result: /usr/local/bin/xgettext
configure:13008: checking for msgmerge
configure:13026: found /usr/local/bin/msgmerge
configure:13038: result: /usr/local/bin/msgmerge
configure:13048: checking for msgfmt
configure:13066: found /usr/local/bin/msgfmt
configure:13078: result: /usr/local/bin/msgfmt
configure:13088: checking for gmsgfmt
configure:13119: result: /usr/local/bin/msgfmt
configure:13139: checking for perl
configure:13157: found /usr/local/bin/perl
configure:13169: result: /usr/local/bin/perl
configure:13180: checking for perl >= 5.8.1
configure:13187: result: 5.14.1
configure:13191: checking for XML::Parser
configure:13194: result: ok
configure:13219: /usr/bin/gcc -o conftest -g -O2   conftest.c  >&5
Undefined symbols:
  "__nl_msg_cat_cntr", referenced from:
      __nl_msg_cat_cntr$non_lazy_ptr in cc0iIzPs.o
ld: symbol(s) not found
collect2: ld returned 1 exit status
configure:13219: $? = 1
configure: failed program was:
| /* confdefs.h */
| #define PACKAGE_NAME ""
| #define PACKAGE_TARNAME ""
| #define PACKAGE_VERSION ""
| #define PACKAGE_STRING ""
| #define PACKAGE_BUGREPORT ""
| #define PACKAGE_URL ""
| #define PACKAGE "gnome-keyring"
| #define VERSION "3.1.4"
| #define GKR_VERSION 003001004
| #define STDC_HEADERS 1
| #define HAVE_SYS_TYPES_H 1
| #define HAVE_SYS_STAT_H 1
| #define HAVE_STDLIB_H 1
| #define HAVE_STRING_H 1
| #define HAVE_MEMORY_H 1
| #define HAVE_STRINGS_H 1
| #define HAVE_INTTYPES_H 1
| #define HAVE_STDINT_H 1
| #define HAVE_UNISTD_H 1
| #define __EXTENSIONS__ 1
| #define _ALL_SOURCE 1
| #define _GNU_SOURCE 1
| #define _POSIX_PTHREAD_SEMANTICS 1
| #define _TANDEM_SOURCE 1
| #define HAVE_DLFCN_H 1
| #define LT_OBJDIR ".libs/"
| /* end confdefs.h.  */
| 
| int
| main ()
| {
| extern int _nl_msg_cat_cntr;
|                        return _nl_msg_cat_cntr
|   ;
|   return 0;
| }
configure:13247: checking for pkg-config
configure:13265: found /usr/bin/pkg-config
configure:13278: result: /usr/bin/pkg-config
configure:13287: checking for pid_t
configure:13287: /usr/bin/gcc -c -g -O2  conftest.c >&5
configure:13287: $? = 0
configure:13287: /usr/bin/gcc -c -g -O2  conftest.c >&5
conftest.c: In function 'main':
conftest.c:65: error: expected expression before ')' token
configure:13287: $? = 1
configure: failed program was:
| /* confdefs.h */
| #define PACKAGE_NAME ""
| #define PACKAGE_TARNAME ""
| #define PACKAGE_VERSION ""
| #define PACKAGE_STRING ""
| #define PACKAGE_BUGREPORT ""
| #define PACKAGE_URL ""
| #define PACKAGE "gnome-keyring"
| #define VERSION "3.1.4"
| #define GKR_VERSION 003001004
| #define STDC_HEADERS 1
| #define HAVE_SYS_TYPES_H 1
| #define HAVE_SYS_STAT_H 1
| #define HAVE_STDLIB_H 1
| #define HAVE_STRING_H 1
| #define HAVE_MEMORY_H 1
| #define HAVE_STRINGS_H 1
| #define HAVE_INTTYPES_H 1
| #define HAVE_STDINT_H 1
| #define HAVE_UNISTD_H 1
| #define __EXTENSIONS__ 1
| #define _ALL_SOURCE 1
| #define _GNU_SOURCE 1
| #define _POSIX_PTHREAD_SEMANTICS 1
| #define _TANDEM_SOURCE 1
| #define HAVE_DLFCN_H 1
| #define LT_OBJDIR ".libs/"
| /* end confdefs.h.  */
| #include <stdio.h>
| #ifdef HAVE_SYS_TYPES_H
| # include <sys/types.h>
| #endif
| #ifdef HAVE_SYS_STAT_H
| # include <sys/stat.h>
| #endif
| #ifdef STDC_HEADERS
| # include <stdlib.h>
| # include <stddef.h>
| #else
| # ifdef HAVE_STDLIB_H
| #  include <stdlib.h>
| # endif
| #endif
| #ifdef HAVE_STRING_H
| # if !defined STDC_HEADERS && defined HAVE_MEMORY_H
| #  include <memory.h>
| # endif
| # include <string.h>
| #endif
| #ifdef HAVE_STRINGS_H
| # include <strings.h>
| #endif
| #ifdef HAVE_INTTYPES_H
| # include <inttypes.h>
| #endif
| #ifdef HAVE_STDINT_H
| # include <stdint.h>
| #endif
| #ifdef HAVE_UNISTD_H
| # include <unistd.h>
| #endif
| int
| main ()
| {
| if (sizeof ((pid_t)))
| 	    return 0;
|   ;
|   return 0;
| }
configure:13287: result: yes
configure:13298: checking return type of signal handlers
configure:13316: /usr/bin/gcc -c -g -O2  conftest.c >&5
conftest.c: In function 'main':
conftest.c:35: error: void value not ignored as it ought to be
configure:13316: $? = 1
configure: failed program was:
| /* confdefs.h */
| #define PACKAGE_NAME ""
| #define PACKAGE_TARNAME ""
| #define PACKAGE_VERSION ""
| #define PACKAGE_STRING ""
| #define PACKAGE_BUGREPORT ""
| #define PACKAGE_URL ""
| #define PACKAGE "gnome-keyring"
| #define VERSION "3.1.4"
| #define GKR_VERSION 003001004
| #define STDC_HEADERS 1
| #define HAVE_SYS_TYPES_H 1
| #define HAVE_SYS_STAT_H 1
| #define HAVE_STDLIB_H 1
| #define HAVE_STRING_H 1
| #define HAVE_MEMORY_H 1
| #define HAVE_STRINGS_H 1
| #define HAVE_INTTYPES_H 1
| #define HAVE_STDINT_H 1
| #define HAVE_UNISTD_H 1
| #define __EXTENSIONS__ 1
| #define _ALL_SOURCE 1
| #define _GNU_SOURCE 1
| #define _POSIX_PTHREAD_SEMANTICS 1
| #define _TANDEM_SOURCE 1
| #define HAVE_DLFCN_H 1
| #define LT_OBJDIR ".libs/"
| /* end confdefs.h.  */
| #include <sys/types.h>
| #include <signal.h>
| 
| int
| main ()
| {
| return *(signal (0, 0)) (0) == 1;
|   ;
|   return 0;
| }
configure:13323: result: void
configure:13331: checking for size_t
configure:13331: /usr/bin/gcc -c -g -O2  conftest.c >&5
configure:13331: $? = 0
configure:13331: /usr/bin/gcc -c -g -O2  conftest.c >&5
conftest.c: In function 'main':
conftest.c:66: error: expected expression before ')' token
configure:13331: $? = 1
configure: failed program was:
| /* confdefs.h */
| #define PACKAGE_NAME ""
| #define PACKAGE_TARNAME ""
| #define PACKAGE_VERSION ""
| #define PACKAGE_STRING ""
| #define PACKAGE_BUGREPORT ""
| #define PACKAGE_URL ""
| #define PACKAGE "gnome-keyring"
| #define VERSION "3.1.4"
| #define GKR_VERSION 003001004
| #define STDC_HEADERS 1
| #define HAVE_SYS_TYPES_H 1
| #define HAVE_SYS_STAT_H 1
| #define HAVE_STDLIB_H 1
| #define HAVE_STRING_H 1
| #define HAVE_MEMORY_H 1
| #define HAVE_STRINGS_H 1
| #define HAVE_INTTYPES_H 1
| #define HAVE_STDINT_H 1
| #define HAVE_UNISTD_H 1
| #define __EXTENSIONS__ 1
| #define _ALL_SOURCE 1
| #define _GNU_SOURCE 1
| #define _POSIX_PTHREAD_SEMANTICS 1
| #define _TANDEM_SOURCE 1
| #define HAVE_DLFCN_H 1
| #define LT_OBJDIR ".libs/"
| #define RETSIGTYPE void
| /* end confdefs.h.  */
| #include <stdio.h>
| #ifdef HAVE_SYS_TYPES_H
| # include <sys/types.h>
| #endif
| #ifdef HAVE_SYS_STAT_H
| # include <sys/stat.h>
| #endif
| #ifdef STDC_HEADERS
| # include <stdlib.h>
| # include <stddef.h>
| #else
| # ifdef HAVE_STDLIB_H
| #  include <stdlib.h>
| # endif
| #endif
| #ifdef HAVE_STRING_H
| # if !defined STDC_HEADERS && defined HAVE_MEMORY_H
| #  include <memory.h>
| # endif
| # include <string.h>
| #endif
| #ifdef HAVE_STRINGS_H
| # include <strings.h>
| #endif
| #ifdef HAVE_INTTYPES_H
| # include <inttypes.h>
| #endif
| #ifdef HAVE_STDINT_H
| # include <stdint.h>
| #endif
| #ifdef HAVE_UNISTD_H
| # include <unistd.h>
| #endif
| int
| main ()
| {
| if (sizeof ((size_t)))
| 	    return 0;
|   ;
|   return 0;
| }
configure:13331: result: yes
configure:13342: checking for uid_t in sys/types.h
configure:13361: result: yes
configure:13481: checking pkg-config is at least version 0.9.0
configure:13484: result: yes
configure:13496: checking for gtkdoc-check
configure:13529: result: no
configure:13538: checking for gtkdoc-rebase
configure:13571: result: no
configure:13582: checking for gtkdoc-mkpdf
configure:13615: result: no
configure:13653: checking whether to build gtk-doc documentation
configure:13655: result: no
configure:13724: checking for GLIB
configure:13731: $PKG_CONFIG --exists --print-errors "glib-2.0 >= 2.16.0"
configure:13734: $? = 0
configure:13747: $PKG_CONFIG --exists --print-errors "glib-2.0 >= 2.16.0"
configure:13750: $? = 0
configure:13809: result: yes
configure:13818: checking for GMODULE
configure:13825: $PKG_CONFIG --exists --print-errors "gmodule-no-export-2.0"
configure:13828: $? = 0
configure:13841: $PKG_CONFIG --exists --print-errors "gmodule-no-export-2.0"
configure:13844: $? = 0
configure:13903: result: yes
configure:13912: checking for GTHREAD
configure:13919: $PKG_CONFIG --exists --print-errors "gthread-2.0 >= 2.8.0"
configure:13922: $? = 0
configure:13935: $PKG_CONFIG --exists --print-errors "gthread-2.0 >= 2.8.0"
configure:13938: $? = 0
configure:13997: result: yes
configure:14006: checking for GOBJECT
configure:14013: $PKG_CONFIG --exists --print-errors "glib-2.0 >= 2.16.0 gobject-2.0 >= 2.8.0"
configure:14016: $? = 0
configure:14029: $PKG_CONFIG --exists --print-errors "glib-2.0 >= 2.16.0 gobject-2.0 >= 2.8.0"
configure:14032: $? = 0
configure:14091: result: yes
configure:14100: checking for GIO
configure:14107: $PKG_CONFIG --exists --print-errors "glib-2.0 >= 2.25.0 gio-2.0"
configure:14110: $? = 0
configure:14123: $PKG_CONFIG --exists --print-errors "glib-2.0 >= 2.25.0 gio-2.0"
configure:14126: $? = 0
configure:14185: result: yes
configure:14194: checking for GTK
configure:14201: $PKG_CONFIG --exists --print-errors "gtk+-3.0 >= 3.0"
configure:14204: $? = 0
configure:14217: $PKG_CONFIG --exists --print-errors "gtk+-3.0 >= 3.0"
configure:14220: $? = 0
configure:14279: result: yes
configure:14297: checking locale.h usability
configure:14297: /usr/bin/gcc -c -g -O2  conftest.c >&5
configure:14297: $? = 0
configure:14297: result: yes
configure:14297: checking locale.h presence
configure:14297: /usr/bin/gcc -E  conftest.c
configure:14297: $? = 0
configure:14297: result: yes
configure:14297: checking for locale.h
configure:14297: result: yes
configure:14308: checking for LC_MESSAGES
configure:14324: /usr/bin/gcc -o conftest -g -O2   conftest.c  >&5
configure:14324: $? = 0
configure:14332: result: yes
configure:14349: checking libintl.h usability
configure:14349: /usr/bin/gcc -c -g -O2  conftest.c >&5
configure:14349: $? = 0
configure:14349: result: yes
configure:14349: checking libintl.h presence
configure:14349: /usr/bin/gcc -E  conftest.c
configure:14349: $? = 0
configure:14349: result: yes
configure:14349: checking for libintl.h
configure:14349: result: yes
configure:14357: checking for ngettext in libc
configure:14375: /usr/bin/gcc -o conftest -g -O2   conftest.c  >&5
Undefined symbols:
  "_libintl_ngettext", referenced from:
      _main in ccvf7l63.o
ld: symbol(s) not found
collect2: ld returned 1 exit status
configure:14375: $? = 1
configure: failed program was:
| /* confdefs.h */
| #define PACKAGE_NAME ""
| #define PACKAGE_TARNAME ""
| #define PACKAGE_VERSION ""
| #define PACKAGE_STRING ""
| #define PACKAGE_BUGREPORT ""
| #define PACKAGE_URL ""
| #define PACKAGE "gnome-keyring"
| #define VERSION "3.1.4"
| #define GKR_VERSION 003001004
| #define STDC_HEADERS 1
| #define HAVE_SYS_TYPES_H 1
| #define HAVE_SYS_STAT_H 1
| #define HAVE_STDLIB_H 1
| #define HAVE_STRING_H 1
| #define HAVE_MEMORY_H 1
| #define HAVE_STRINGS_H 1
| #define HAVE_INTTYPES_H 1
| #define HAVE_STDINT_H 1
| #define HAVE_UNISTD_H 1
| #define __EXTENSIONS__ 1
| #define _ALL_SOURCE 1
| #define _GNU_SOURCE 1
| #define _POSIX_PTHREAD_SEMANTICS 1
| #define _TANDEM_SOURCE 1
| #define HAVE_DLFCN_H 1
| #define LT_OBJDIR ".libs/"
| #define RETSIGTYPE void
| #define GETTEXT_PACKAGE "gnome-keyring"
| #define HAVE_LOCALE_H 1
| #define HAVE_LC_MESSAGES 1
| /* end confdefs.h.  */
| 
| #include <libintl.h>
| 
| int
| main ()
| {
| return !ngettext ("","", 1)
|   ;
|   return 0;
| }
configure:14384: result: no
configure:14440: checking for bindtextdomain in -lintl
configure:14465: /usr/bin/gcc -o conftest -g -O2   conftest.c -lintl   >&5
configure:14465: $? = 0
configure:14474: result: yes
configure:14477: checking for ngettext in -lintl
configure:14502: /usr/bin/gcc -o conftest -g -O2   conftest.c -lintl   >&5
configure:14502: $? = 0
configure:14511: result: yes
configure:14514: checking for dgettext in -lintl
configure:14539: /usr/bin/gcc -o conftest -g -O2   conftest.c -lintl   >&5
conftest.c:40: warning: conflicting types for built-in function 'dgettext'
configure:14539: $? = 0
configure:14548: result: yes
configure:14661: checking for bind_textdomain_codeset
configure:14661: /usr/bin/gcc -o conftest -g -O2   conftest.c  -lintl  >&5
configure:14661: $? = 0
configure:14661: result: yes
configure:14698: checking for msgfmt
configure:14725: result: /usr/local/bin/msgfmt
configure:14736: checking for dcgettext
configure:14736: /usr/bin/gcc -o conftest -g -O2   conftest.c  -lintl  >&5
conftest.c:58: warning: conflicting types for built-in function 'dcgettext'
configure:14736: $? = 0
configure:14736: result: yes
configure:14746: checking if msgfmt accepts -c
configure:14761: $MSGFMT -c -o /dev/null conftest.foo
configure:14764: $? = 0
configure:14766: result: yes
configure:14776: checking for gmsgfmt
configure:14807: result: /usr/local/bin/msgfmt
configure:14817: checking for xgettext
configure:14844: result: /usr/local/bin/xgettext
configure:14863: /usr/bin/gcc -o conftest -g -O2   conftest.c  -lintl  >&5
configure:14863: $? = 0
configure:15001: checking for glib-genmarshal
configure:15019: found /usr/local/bin/glib-genmarshal
configure:15031: result: /usr/local/bin/glib-genmarshal
configure:15041: checking for glib-mkenums
configure:15059: found /usr/local/bin/glib-mkenums
configure:15071: result: /usr/local/bin/glib-mkenums
configure:15200: checking pkg-config is at least version 0.16
configure:15203: result: yes
configure:15316: checking whether socklen_t is defined
configure:15337: /usr/bin/gcc -c -g -O2  conftest.c >&5
configure:15337: $? = 0
configure:15343: result: yes
configure:15356: checking for struct cmsgcred
configure:15376: /usr/bin/gcc -c -g -O2  conftest.c >&5
conftest.c: In function 'main':
conftest.c:46: error: storage size of 'cred' isn't known
configure:15376: $? = 1
configure: failed program was:
| /* confdefs.h */
| #define PACKAGE_NAME ""
| #define PACKAGE_TARNAME ""
| #define PACKAGE_VERSION ""
| #define PACKAGE_STRING ""
| #define PACKAGE_BUGREPORT ""
| #define PACKAGE_URL ""
| #define PACKAGE "gnome-keyring"
| #define VERSION "3.1.4"
| #define GKR_VERSION 003001004
| #define STDC_HEADERS 1
| #define HAVE_SYS_TYPES_H 1
| #define HAVE_SYS_STAT_H 1
| #define HAVE_STDLIB_H 1
| #define HAVE_STRING_H 1
| #define HAVE_MEMORY_H 1
| #define HAVE_STRINGS_H 1
| #define HAVE_INTTYPES_H 1
| #define HAVE_STDINT_H 1
| #define HAVE_UNISTD_H 1
| #define __EXTENSIONS__ 1
| #define _ALL_SOURCE 1
| #define _GNU_SOURCE 1
| #define _POSIX_PTHREAD_SEMANTICS 1
| #define _TANDEM_SOURCE 1
| #define HAVE_DLFCN_H 1
| #define LT_OBJDIR ".libs/"
| #define RETSIGTYPE void
| #define GETTEXT_PACKAGE "gnome-keyring"
| #define HAVE_LOCALE_H 1
| #define HAVE_LC_MESSAGES 1
| #define HAVE_BIND_TEXTDOMAIN_CODESET 1
| #define HAVE_GETTEXT 1
| #define HAVE_DCGETTEXT 1
| #define ENABLE_NLS 1
| #define HAVE_SOCKLEN_T 1
| /* end confdefs.h.  */
| 
| #include <sys/types.h>
| #include <sys/socket.h>
| 
| int
| main ()
| {
| 
| struct cmsgcred cred;
| 
| cred.cmcred_pid = 0;
| 
|   ;
|   return 0;
| }
configure:15382: result: no
configure:15397: checking for getpeerucred
configure:15397: /usr/bin/gcc -o conftest -g -O2   conftest.c  >&5
Undefined symbols:
  "_getpeerucred", referenced from:
      _main in ccTStmK7.o
ld: symbol(s) not found
collect2: ld returned 1 exit status
configure:15397: $? = 1
configure: failed program was:
| /* confdefs.h */
| #define PACKAGE_NAME ""
| #define PACKAGE_TARNAME ""
| #define PACKAGE_VERSION ""
| #define PACKAGE_STRING ""
| #define PACKAGE_BUGREPORT ""
| #define PACKAGE_URL ""
| #define PACKAGE "gnome-keyring"
| #define VERSION "3.1.4"
| #define GKR_VERSION 003001004
| #define STDC_HEADERS 1
| #define HAVE_SYS_TYPES_H 1
| #define HAVE_SYS_STAT_H 1
| #define HAVE_STDLIB_H 1
| #define HAVE_STRING_H 1
| #define HAVE_MEMORY_H 1
| #define HAVE_STRINGS_H 1
| #define HAVE_INTTYPES_H 1
| #define HAVE_STDINT_H 1
| #define HAVE_UNISTD_H 1
| #define __EXTENSIONS__ 1
| #define _ALL_SOURCE 1
| #define _GNU_SOURCE 1
| #define _POSIX_PTHREAD_SEMANTICS 1
| #define _TANDEM_SOURCE 1
| #define HAVE_DLFCN_H 1
| #define LT_OBJDIR ".libs/"
| #define RETSIGTYPE void
| #define GETTEXT_PACKAGE "gnome-keyring"
| #define HAVE_LOCALE_H 1
| #define HAVE_LC_MESSAGES 1
| #define HAVE_BIND_TEXTDOMAIN_CODESET 1
| #define HAVE_GETTEXT 1
| #define HAVE_DCGETTEXT 1
| #define ENABLE_NLS 1
| #define HAVE_SOCKLEN_T 1
| /* end confdefs.h.  */
| /* Define getpeerucred to an innocuous variant, in case <limits.h> declares getpeerucred.
|    For example, HP-UX 11i <limits.h> declares gettimeofday.  */
| #define getpeerucred innocuous_getpeerucred
| 
| /* System header to define __stub macros and hopefully few prototypes,
|     which can conflict with char getpeerucred (); below.
|     Prefer <limits.h> to <assert.h> if __STDC__ is defined, since
|     <limits.h> exists even on freestanding compilers.  */
| 
| #ifdef __STDC__
| # include <limits.h>
| #else
| # include <assert.h>
| #endif
| 
| #undef getpeerucred
| 
| /* Override any GCC internal prototype to avoid an error.
|    Use char because int might match the return type of a GCC
|    builtin and then its argument prototype would still apply.  */
| #ifdef __cplusplus
| extern "C"
| #endif
| char getpeerucred ();
| /* The GNU C library defines this for functions which it implements
|     to always fail with ENOSYS.  Some functions are actually named
|     something starting with __ and the normal name is an alias.  */
| #if defined __stub_getpeerucred || defined __stub___getpeerucred
| choke me
| #endif
| 
| int
| main ()
| {
| return getpeerucred ();
|   ;
|   return 0;
| }
configure:15397: result: no
configure:15415: checking for getpeereid
configure:15415: /usr/bin/gcc -o conftest -g -O2   conftest.c  >&5
configure:15415: $? = 0
configure:15415: result: yes
configure:15433: checking for flock
configure:15433: /usr/bin/gcc -o conftest -g -O2   conftest.c  >&5
configure:15433: $? = 0
configure:15433: result: yes
configure:15451: checking for timegm
configure:15451: /usr/bin/gcc -o conftest -g -O2   conftest.c  >&5
configure:15451: $? = 0
configure:15451: result: yes
configure:15463: checking for mkdtemp
configure:15463: /usr/bin/gcc -o conftest -g -O2   conftest.c  >&5
configure:15463: $? = 0
configure:15463: result: yes
configure:15477: checking whether stat file-mode macros are broken
configure:15504: /usr/bin/gcc -c -g -O2  conftest.c >&5
configure:15504: $? = 0
configure:15511: result: no
configure:15519: checking for inttypes.h
configure:15536: /usr/bin/gcc -c -g -O2  conftest.c >&5
configure:15536: $? = 0
configure:15543: result: yes
configure:15552: checking for stdint.h
configure:15569: /usr/bin/gcc -c -g -O2  conftest.c >&5
configure:15569: $? = 0
configure:15576: result: yes
configure:15588: checking fcntl.h usability
configure:15588: /usr/bin/gcc -c -g -O2  conftest.c >&5
configure:15588: $? = 0
configure:15588: result: yes
configure:15588: checking fcntl.h presence
configure:15588: /usr/bin/gcc -E  conftest.c
configure:15588: $? = 0
configure:15588: result: yes
configure:15588: checking for fcntl.h
configure:15588: result: yes
configure:15588: checking sys/time.h usability
configure:15588: /usr/bin/gcc -c -g -O2  conftest.c >&5
configure:15588: $? = 0
configure:15588: result: yes
configure:15588: checking sys/time.h presence
configure:15588: /usr/bin/gcc -E  conftest.c
configure:15588: $? = 0
configure:15588: result: yes
configure:15588: checking for sys/time.h
configure:15588: result: yes
configure:15588: checking time.h usability
configure:15588: /usr/bin/gcc -c -g -O2  conftest.c >&5
configure:15588: $? = 0
configure:15588: result: yes
configure:15588: checking time.h presence
configure:15588: /usr/bin/gcc -E  conftest.c
configure:15588: $? = 0
configure:15588: result: yes
configure:15588: checking for time.h
configure:15588: result: yes
configure:15588: checking for unistd.h
configure:15588: result: yes
configure:15601: checking for gettimeofday
configure:15601: /usr/bin/gcc -o conftest -g -O2   conftest.c  >&5
configure:15601: $? = 0
configure:15601: result: yes
configure:15601: checking for fsync
configure:15601: /usr/bin/gcc -o conftest -g -O2   conftest.c  >&5
configure:15601: $? = 0
configure:15601: result: yes
configure:15617: checking for mlock
configure:15617: /usr/bin/gcc -o conftest -g -O2   conftest.c  >&5
configure:15617: $? = 0
configure:15617: result: yes
configure:15631: checking for socket in -lsocket
configure:15656: /usr/bin/gcc -o conftest -g -O2   conftest.c -lsocket   >&5
ld: library not found for -lsocket
collect2: ld returned 1 exit status
configure:15656: $? = 1
configure: failed program was:
| /* confdefs.h */
| #define PACKAGE_NAME ""
| #define PACKAGE_TARNAME ""
| #define PACKAGE_VERSION ""
| #define PACKAGE_STRING ""
| #define PACKAGE_BUGREPORT ""
| #define PACKAGE_URL ""
| #define PACKAGE "gnome-keyring"
| #define VERSION "3.1.4"
| #define GKR_VERSION 003001004
| #define STDC_HEADERS 1
| #define HAVE_SYS_TYPES_H 1
| #define HAVE_SYS_STAT_H 1
| #define HAVE_STDLIB_H 1
| #define HAVE_STRING_H 1
| #define HAVE_MEMORY_H 1
| #define HAVE_STRINGS_H 1
| #define HAVE_INTTYPES_H 1
| #define HAVE_STDINT_H 1
| #define HAVE_UNISTD_H 1
| #define __EXTENSIONS__ 1
| #define _ALL_SOURCE 1
| #define _GNU_SOURCE 1
| #define _POSIX_PTHREAD_SEMANTICS 1
| #define _TANDEM_SOURCE 1
| #define HAVE_DLFCN_H 1
| #define LT_OBJDIR ".libs/"
| #define RETSIGTYPE void
| #define GETTEXT_PACKAGE "gnome-keyring"
| #define HAVE_LOCALE_H 1
| #define HAVE_LC_MESSAGES 1
| #define HAVE_BIND_TEXTDOMAIN_CODESET 1
| #define HAVE_GETTEXT 1
| #define HAVE_DCGETTEXT 1
| #define ENABLE_NLS 1
| #define HAVE_SOCKLEN_T 1
| #define HAVE_GETPEEREID 1
| #define HAVE_GETPEEREID 1
| #define HAVE_FLOCK 1
| #define HAVE_FLOCK 1
| #define HAVE_TIMEGM 1
| #define HAVE_TIMEGM 1
| #define HAVE_MKDTEMP 1
| #define HAVE_INTTYPES_H_WITH_UINTMAX 1
| #define HAVE_STDINT_H_WITH_UINTMAX 1
| #define HAVE_FCNTL_H 1
| #define HAVE_SYS_TIME_H 1
| #define HAVE_TIME_H 1
| #define HAVE_UNISTD_H 1
| #define HAVE_GETTIMEOFDAY 1
| #define HAVE_FSYNC 1
| #define HAVE_MLOCK 1
| /* end confdefs.h.  */
| 
| /* Override any GCC internal prototype to avoid an error.
|    Use char because int might match the return type of a GCC
|    builtin and then its argument prototype would still apply.  */
| #ifdef __cplusplus
| extern "C"
| #endif
| char socket ();
| int
| main ()
| {
| return socket ();
|   ;
|   return 0;
| }
configure:15665: result: no
configure:15680: checking for socket
configure:15680: /usr/bin/gcc -o conftest -g -O2   conftest.c  >&5
configure:15680: $? = 0
configure:15680: result: yes
configure:15749: checking for DBUS
configure:15756: $PKG_CONFIG --exists --print-errors "dbus-1 >= 1.0"
configure:15759: $? = 0
configure:15772: $PKG_CONFIG --exists --print-errors "dbus-1 >= 1.0"
configure:15775: $? = 0
configure:15834: result: yes
configure:15946: checking for dlopen in -lc
configure:15971: /usr/bin/gcc -o conftest -g -O2   conftest.c -lc   >&5
configure:15971: $? = 0
configure:15980: result: yes
configure:16039: checking for P11_KIT
configure:16046: $PKG_CONFIG --exists --print-errors "p11-kit-1"
configure:16049: $? = 0
configure:16062: $PKG_CONFIG --exists --print-errors "p11-kit-1"
configure:16065: $? = 0
configure:16124: result: yes
configure:16131: checking where to put pkcs11 module configuration
configure:16134: result: NONE/etc/pkcs11/modules
configure:16232: checking for gpg
configure:16250: found /usr/bin/gpg
configure:16262: result: /usr/bin/gpg
configure:16284: checking location of system Certificate Authority list
configure:16309: result: /etc/ssl/certs
configure:16327: checking for /dev/random
configure:16340: result: yes
configure:16373: checking for libgcrypt-config
configure:16391: found /usr/local/bin/libgcrypt-config
configure:16404: result: /usr/local/bin/libgcrypt-config
configure:16421: checking for LIBGCRYPT - version >= 1.2.2
configure:16455: result: yes (1.5.0)
configure:16467: checking LIBGCRYPT API version
configure:16470: result: okay
configure:16518: checking for LIBTASN1
configure:16525: $PKG_CONFIG --exists --print-errors "libtasn1 >= $GKR_LIBTASN1_VERSION"
configure:16528: $? = 0
configure:16541: $PKG_CONFIG --exists --print-errors "libtasn1 >= $GKR_LIBTASN1_VERSION"
configure:16544: $? = 0
configure:16603: result: yes
configure:16615: checking for asn1Parser
configure:16633: found /usr/local/bin/asn1Parser
configure:16646: result: /usr/local/bin/asn1Parser
configure:16662: checking for capng_clear in -lcap-ng
configure:16687: /usr/bin/gcc -o conftest -g -O2   conftest.c -lcap-ng   >&5
ld: library not found for -lcap-ng
collect2: ld returned 1 exit status
configure:16687: $? = 1
configure: failed program was:
| /* confdefs.h */
| #define PACKAGE_NAME ""
| #define PACKAGE_TARNAME ""
| #define PACKAGE_VERSION ""
| #define PACKAGE_STRING ""
| #define PACKAGE_BUGREPORT ""
| #define PACKAGE_URL ""
| #define PACKAGE "gnome-keyring"
| #define VERSION "3.1.4"
| #define GKR_VERSION 003001004
| #define STDC_HEADERS 1
| #define HAVE_SYS_TYPES_H 1
| #define HAVE_SYS_STAT_H 1
| #define HAVE_STDLIB_H 1
| #define HAVE_STRING_H 1
| #define HAVE_MEMORY_H 1
| #define HAVE_STRINGS_H 1
| #define HAVE_INTTYPES_H 1
| #define HAVE_STDINT_H 1
| #define HAVE_UNISTD_H 1
| #define __EXTENSIONS__ 1
| #define _ALL_SOURCE 1
| #define _GNU_SOURCE 1
| #define _POSIX_PTHREAD_SEMANTICS 1
| #define _TANDEM_SOURCE 1
| #define HAVE_DLFCN_H 1
| #define LT_OBJDIR ".libs/"
| #define RETSIGTYPE void
| #define GETTEXT_PACKAGE "gnome-keyring"
| #define HAVE_LOCALE_H 1
| #define HAVE_LC_MESSAGES 1
| #define HAVE_BIND_TEXTDOMAIN_CODESET 1
| #define HAVE_GETTEXT 1
| #define HAVE_DCGETTEXT 1
| #define ENABLE_NLS 1
| #define HAVE_SOCKLEN_T 1
| #define HAVE_GETPEEREID 1
| #define HAVE_GETPEEREID 1
| #define HAVE_FLOCK 1
| #define HAVE_FLOCK 1
| #define HAVE_TIMEGM 1
| #define HAVE_TIMEGM 1
| #define HAVE_MKDTEMP 1
| #define HAVE_INTTYPES_H_WITH_UINTMAX 1
| #define HAVE_STDINT_H_WITH_UINTMAX 1
| #define HAVE_FCNTL_H 1
| #define HAVE_SYS_TIME_H 1
| #define HAVE_TIME_H 1
| #define HAVE_UNISTD_H 1
| #define HAVE_GETTIMEOFDAY 1
| #define HAVE_FSYNC 1
| #define HAVE_MLOCK 1
| #define HAVE_SOCKET 1
| #define WITH_SSH 1
| #define WITH_GPG 1
| #define GPG_EXECUTABLE "/usr/bin/gpg"
| #define ROOT_CERTIFICATES "/etc/ssl/certs"
| #define HAVE_DEVRANDOM 1
| #define LIBGCRYPT_VERSION "1.2.2"
| /* end confdefs.h.  */
| 
| /* Override any GCC internal prototype to avoid an error.
|    Use char because int might match the return type of a GCC
|    builtin and then its argument prototype would still apply.  */
| #ifdef __cplusplus
| extern "C"
| #endif
| char capng_clear ();
| int
| main ()
| {
| return capng_clear ();
|   ;
|   return 0;
| }
configure:16696: result: no
configure:16712: WARNING: libcap-ng (or development headers) is not installed
configure:16730: checking for debug mode
configure:16767: result: yes
configure:16773: checking for more warnings
configure:16776: result: yes
configure:16792: checking whether gcc understands -Wno-strict-aliasing
configure:16805: /usr/bin/gcc -c 	-Wall 	-Wchar-subscripts -Wmissing-declarations -Wmissing-prototypes 	-Wnested-externs -Wpointer-arith 	-Wcast-align -Wsign-compare 	-g -O2 -Wno-strict-aliasing  conftest.c >&5
configure:16805: $? = 0
configure:16814: result: yes
configure:16792: checking whether gcc understands -Wno-sign-compare
configure:16805: /usr/bin/gcc -c 	-Wall 	-Wchar-subscripts -Wmissing-declarations -Wmissing-prototypes 	-Wnested-externs -Wpointer-arith 	-Wcast-align -Wsign-compare 	-g -O2 -Wno-strict-aliasing -Wno-sign-compare  conftest.c >&5
configure:16805: $? = 0
configure:16814: result: yes
configure:16834: checking build test tools, unit tests, and -Werror
configure:16853: result: yes
configure:16868: checking whether to build with gcov testing
configure:16878: result: no
configure:17048: checking for getfilecon in -lselinux
configure:17073: /usr/bin/gcc -o conftest 	-Wall 	-Wchar-subscripts -Wmissing-declarations -Wmissing-prototypes 	-Wnested-externs -Wpointer-arith 	-Wcast-align -Wsign-compare 	-g -O2 -Wno-strict-aliasing -Wno-sign-compare   conftest.c -lselinux   >&5
ld: library not found for -lselinux
collect2: ld returned 1 exit status
configure:17073: $? = 1
configure: failed program was:
| /* confdefs.h */
| #define PACKAGE_NAME ""
| #define PACKAGE_TARNAME ""
| #define PACKAGE_VERSION ""
| #define PACKAGE_STRING ""
| #define PACKAGE_BUGREPORT ""
| #define PACKAGE_URL ""
| #define PACKAGE "gnome-keyring"
| #define VERSION "3.1.4"
| #define GKR_VERSION 003001004
| #define STDC_HEADERS 1
| #define HAVE_SYS_TYPES_H 1
| #define HAVE_SYS_STAT_H 1
| #define HAVE_STDLIB_H 1
| #define HAVE_STRING_H 1
| #define HAVE_MEMORY_H 1
| #define HAVE_STRINGS_H 1
| #define HAVE_INTTYPES_H 1
| #define HAVE_STDINT_H 1
| #define HAVE_UNISTD_H 1
| #define __EXTENSIONS__ 1
| #define _ALL_SOURCE 1
| #define _GNU_SOURCE 1
| #define _POSIX_PTHREAD_SEMANTICS 1
| #define _TANDEM_SOURCE 1
| #define HAVE_DLFCN_H 1
| #define LT_OBJDIR ".libs/"
| #define RETSIGTYPE void
| #define GETTEXT_PACKAGE "gnome-keyring"
| #define HAVE_LOCALE_H 1
| #define HAVE_LC_MESSAGES 1
| #define HAVE_BIND_TEXTDOMAIN_CODESET 1
| #define HAVE_GETTEXT 1
| #define HAVE_DCGETTEXT 1
| #define ENABLE_NLS 1
| #define HAVE_SOCKLEN_T 1
| #define HAVE_GETPEEREID 1
| #define HAVE_GETPEEREID 1
| #define HAVE_FLOCK 1
| #define HAVE_FLOCK 1
| #define HAVE_TIMEGM 1
| #define HAVE_TIMEGM 1
| #define HAVE_MKDTEMP 1
| #define HAVE_INTTYPES_H_WITH_UINTMAX 1
| #define HAVE_STDINT_H_WITH_UINTMAX 1
| #define HAVE_FCNTL_H 1
| #define HAVE_SYS_TIME_H 1
| #define HAVE_TIME_H 1
| #define HAVE_UNISTD_H 1
| #define HAVE_GETTIMEOFDAY 1
| #define HAVE_FSYNC 1
| #define HAVE_MLOCK 1
| #define HAVE_SOCKET 1
| #define WITH_SSH 1
| #define WITH_GPG 1
| #define GPG_EXECUTABLE "/usr/bin/gpg"
| #define ROOT_CERTIFICATES "/etc/ssl/certs"
| #define HAVE_DEVRANDOM 1
| #define LIBGCRYPT_VERSION "1.2.2"
| #define WITH_DEBUG 1
| #define _DEBUG 1
| /* end confdefs.h.  */
| 
| /* Override any GCC internal prototype to avoid an error.
|    Use char because int might match the return type of a GCC
|    builtin and then its argument prototype would still apply.  */
| #ifdef __cplusplus
| extern "C"
| #endif
| char getfilecon ();
| int
| main ()
| {
| return getfilecon ();
|   ;
|   return 0;
| }
configure:17082: result: no
configure:17152: checking valgrind
configure:17258: result: no
configure:17277: checking for P11_TESTS
configure:17284: $PKG_CONFIG --exists --print-errors "p11-tests >= 0.1"
Package p11-tests was not found in the pkg-config search path.
Perhaps you should add the directory containing `p11-tests.pc'
to the PKG_CONFIG_PATH environment variable
No package 'p11-tests' found
configure:17287: $? = 1
configure:17300: $PKG_CONFIG --exists --print-errors "p11-tests >= 0.1"
Package p11-tests was not found in the pkg-config search path.
Perhaps you should add the directory containing `p11-tests.pc'
to the PKG_CONFIG_PATH environment variable
No package 'p11-tests' found
configure:17303: $? = 1
configure:17316: result: no
No package 'p11-tests' found
configure:17613: creating ./config.status

## ---------------------- ##
## Running config.status. ##
## ---------------------- ##

This file was extended by config.status, which was
generated by GNU Autoconf 2.68.  Invocation command line was

  CONFIG_FILES    = 
  CONFIG_HEADERS  = 
  CONFIG_LINKS    = 
  CONFIG_COMMANDS = 
  $ ./config.status 

on Chriss-iPad

config.status:1388: creating Makefile
config.status:1388: creating daemon/Makefile
config.status:1388: creating daemon/gnome-keyring-gpg.desktop.in
config.status:1388: creating daemon/gnome-keyring-pkcs11.desktop.in
config.status:1388: creating daemon/gnome-keyring-secrets.desktop.in
config.status:1388: creating daemon/gnome-keyring-ssh.desktop.in
config.status:1388: creating daemon/org.gnome.keyring.service
config.status:1388: creating daemon/org.freedesktop.secrets.service
config.status:1388: creating daemon/control/Makefile
config.status:1388: creating daemon/control/tests/Makefile
config.status:1388: creating daemon/dbus/Makefile
config.status:1388: creating daemon/dbus/tests/Makefile
config.status:1388: creating daemon/gpg-agent/Makefile
config.status:1388: creating daemon/login/Makefile
config.status:1388: creating daemon/ssh-agent/Makefile
config.status:1388: creating docs/Makefile
config.status:1388: creating docs/reference/Makefile
config.status:1388: creating docs/reference/gck/Makefile
config.status:1388: creating docs/reference/gck/version.xml
config.status:1388: creating docs/reference/gcr/Makefile
config.status:1388: creating docs/reference/gcr/version.xml
config.status:1388: creating egg/Makefile
config.status:1388: creating egg/tests/Makefile
config.status:1388: creating gck/gck.pc
config.status:1388: creating gck/Makefile
config.status:1388: creating gck/tests/Makefile
config.status:1388: creating gcr/gcr.pc
config.status:1388: creating gcr/Makefile
config.status:1388: creating gcr/icons/Makefile
config.status:1388: creating gcr/icons/16x16/Makefile
config.status:1388: creating gcr/icons/22x22/Makefile
config.status:1388: creating gcr/icons/24x24/Makefile
config.status:1388: creating gcr/icons/32x32/Makefile
config.status:1388: creating gcr/icons/48x48/Makefile
config.status:1388: creating gcr/tests/Makefile
config.status:1388: creating pam/Makefile
config.status:1388: creating pkcs11/Makefile
config.status:1388: creating pkcs11/gkm/Makefile
config.status:1388: creating pkcs11/gkm/tests/Makefile
config.status:1388: creating pkcs11/gnome2-store/Makefile
config.status:1388: creating pkcs11/gnome2-store/tests/Makefile
config.status:1388: creating pkcs11/roots-store/Makefile
config.status:1388: creating pkcs11/roots-store/tests/Makefile
config.status:1388: creating pkcs11/rpc-layer/Makefile
config.status:1388: creating pkcs11/rpc-layer/gnome-keyring-module
config.status:1388: creating pkcs11/secret-store/Makefile
config.status:1388: creating pkcs11/secret-store/tests/Makefile
config.status:1388: creating pkcs11/ssh-store/Makefile
config.status:1388: creating pkcs11/ssh-store/tests/Makefile
config.status:1388: creating pkcs11/wrap-layer/Makefile
config.status:1388: creating pkcs11/wrap-layer/tests/Makefile
config.status:1388: creating pkcs11/xdg-store/Makefile
config.status:1388: creating pkcs11/xdg-store/tests/Makefile
config.status:1388: creating po/Makefile.in
config.status:1388: creating schema/Makefile
config.status:1388: creating testing/Makefile
config.status:1388: creating tool/Makefile
config.status:1388: creating ui/Makefile
config.status:1388: creating ui/gnome-keyring-prompt.desktop.in
config.status:1388: creating ui/tests/Makefile
config.status:1388: creating config.h
config.status:1617: executing depfiles commands
config.status:1617: executing libtool commands
config.status:1617: executing default-1 commands
config.status:1617: executing po/stamp-it commands

## ---------------- ##
## Cache variables. ##
## ---------------- ##

ac_cv_build=arm-apple-darwin10.4.0
ac_cv_c_compiler_gnu=yes
ac_cv_env_CC_set=set
ac_cv_env_CC_value=/usr/bin/gcc
ac_cv_env_CFLAGS_set=
ac_cv_env_CFLAGS_value=
ac_cv_env_CPPFLAGS_set=
ac_cv_env_CPPFLAGS_value=
ac_cv_env_CPP_set=
ac_cv_env_CPP_value=
ac_cv_env_DBUS_CFLAGS_set=
ac_cv_env_DBUS_CFLAGS_value=
ac_cv_env_DBUS_LIBS_set=
ac_cv_env_DBUS_LIBS_value=
ac_cv_env_GIO_CFLAGS_set=
ac_cv_env_GIO_CFLAGS_value=
ac_cv_env_GIO_LIBS_set=
ac_cv_env_GIO_LIBS_value=
ac_cv_env_GLIB_CFLAGS_set=
ac_cv_env_GLIB_CFLAGS_value=
ac_cv_env_GLIB_LIBS_set=
ac_cv_env_GLIB_LIBS_value=
ac_cv_env_GMODULE_CFLAGS_set=
ac_cv_env_GMODULE_CFLAGS_value=
ac_cv_env_GMODULE_LIBS_set=
ac_cv_env_GMODULE_LIBS_value=
ac_cv_env_GOBJECT_CFLAGS_set=
ac_cv_env_GOBJECT_CFLAGS_value=
ac_cv_env_GOBJECT_LIBS_set=
ac_cv_env_GOBJECT_LIBS_value=
ac_cv_env_GTHREAD_CFLAGS_set=
ac_cv_env_GTHREAD_CFLAGS_value=
ac_cv_env_GTHREAD_LIBS_set=
ac_cv_env_GTHREAD_LIBS_value=
ac_cv_env_GTK_CFLAGS_set=
ac_cv_env_GTK_CFLAGS_value=
ac_cv_env_GTK_LIBS_set=
ac_cv_env_GTK_LIBS_value=
ac_cv_env_LDFLAGS_set=
ac_cv_env_LDFLAGS_value=
ac_cv_env_LIBS_set=
ac_cv_env_LIBS_value=
ac_cv_env_LIBTASN1_CFLAGS_set=
ac_cv_env_LIBTASN1_CFLAGS_value=
ac_cv_env_LIBTASN1_LIBS_set=
ac_cv_env_LIBTASN1_LIBS_value=
ac_cv_env_P11_KIT_CFLAGS_set=
ac_cv_env_P11_KIT_CFLAGS_value=
ac_cv_env_P11_KIT_LIBS_set=
ac_cv_env_P11_KIT_LIBS_value=
ac_cv_env_P11_TESTS_CFLAGS_set=
ac_cv_env_P11_TESTS_CFLAGS_value=
ac_cv_env_P11_TESTS_LIBS_set=
ac_cv_env_P11_TESTS_LIBS_value=
ac_cv_env_PKG_CONFIG_LIBDIR_set=
ac_cv_env_PKG_CONFIG_LIBDIR_value=
ac_cv_env_PKG_CONFIG_PATH_set=set
ac_cv_env_PKG_CONFIG_PATH_value=/usr/local/lib/pkgconfig:/usr/lib/pkgconfig
ac_cv_env_PKG_CONFIG_set=
ac_cv_env_PKG_CONFIG_value=
ac_cv_env_build_alias_set=
ac_cv_env_build_alias_value=
ac_cv_env_host_alias_set=
ac_cv_env_host_alias_value=
ac_cv_env_target_alias_set=
ac_cv_env_target_alias_value=
ac_cv_file__dev_random=yes
ac_cv_func_bind_textdomain_codeset=yes
ac_cv_func_dcgettext=yes
ac_cv_func_flock=yes
ac_cv_func_fsync=yes
ac_cv_func_getpeereid=yes
ac_cv_func_getpeerucred=no
ac_cv_func_gettimeofday=yes
ac_cv_func_mkdtemp=yes
ac_cv_func_mlock=yes
ac_cv_func_socket=yes
ac_cv_func_timegm=yes
ac_cv_header_dlfcn_h=yes
ac_cv_header_fcntl_h=yes
ac_cv_header_inttypes_h=yes
ac_cv_header_libintl_h=yes
ac_cv_header_locale_h=yes
ac_cv_header_memory_h=yes
ac_cv_header_minix_config_h=no
ac_cv_header_stat_broken=no
ac_cv_header_stdc=yes
ac_cv_header_stdint_h=yes
ac_cv_header_stdlib_h=yes
ac_cv_header_string_h=yes
ac_cv_header_strings_h=yes
ac_cv_header_sys_stat_h=yes
ac_cv_header_sys_time_h=yes
ac_cv_header_sys_types_h=yes
ac_cv_header_time_h=yes
ac_cv_header_unistd_h=yes
ac_cv_host=arm-apple-darwin10.4.0
ac_cv_lib_c_dlopen=yes
ac_cv_lib_cap_ng_capng_clear=no
ac_cv_lib_intl_bindtextdomain=yes
ac_cv_lib_intl_dgettext=yes
ac_cv_lib_intl_ngettext=yes
ac_cv_lib_selinux_getfilecon=no
ac_cv_lib_socket_socket=no
ac_cv_objext=o
ac_cv_path_ASN1PARSER=/usr/local/bin/asn1Parser
ac_cv_path_EGREP='/bin/grep -E'
ac_cv_path_FGREP='/bin/grep -F'
ac_cv_path_GLIB_GENMARSHAL=/usr/local/bin/glib-genmarshal
ac_cv_path_GLIB_MKENUMS=/usr/local/bin/glib-mkenums
ac_cv_path_GMSGFMT=/usr/local/bin/msgfmt
ac_cv_path_GNUPG=/usr/bin/gpg
ac_cv_path_GREP=/bin/grep
ac_cv_path_INTLTOOL_EXTRACT=/usr/local/bin/intltool-extract
ac_cv_path_INTLTOOL_MERGE=/usr/local/bin/intltool-merge
ac_cv_path_INTLTOOL_PERL=/usr/local/bin/perl
ac_cv_path_INTLTOOL_UPDATE=/usr/local/bin/intltool-update
ac_cv_path_LIBGCRYPT_CONFIG=/usr/local/bin/libgcrypt-config
ac_cv_path_MSGFMT=/usr/local/bin/msgfmt
ac_cv_path_MSGMERGE=/usr/local/bin/msgmerge
ac_cv_path_PKG_CONFIG=/usr/bin/pkg-config
ac_cv_path_SED=/bin/sed
ac_cv_path_XGETTEXT=/usr/local/bin/xgettext
ac_cv_path_install='/usr/bin/install -c'
ac_cv_path_mkdir=/bin/mkdir
ac_cv_prog_AWK=gawk
ac_cv_prog_CPP='/usr/bin/gcc -E'
ac_cv_prog_ac_ct_AR=ar
ac_cv_prog_ac_ct_CC=/usr/bin/gcc
ac_cv_prog_ac_ct_LIPO=lipo
ac_cv_prog_ac_ct_NMEDIT=nmedit
ac_cv_prog_ac_ct_OBJDUMP=objdump
ac_cv_prog_ac_ct_OTOOL64=otool64
ac_cv_prog_ac_ct_OTOOL=otool
ac_cv_prog_ac_ct_RANLIB=ranlib
ac_cv_prog_ac_ct_STRIP=strip
ac_cv_prog_cc__usr_bin_gcc_c_o=yes
ac_cv_prog_cc_c89=
ac_cv_prog_cc_g=yes
ac_cv_prog_make_make_set=yes
ac_cv_safe_to_define___extensions__=yes
ac_cv_search_strerror='none required'
ac_cv_type_pid_t=yes
ac_cv_type_signal=void
ac_cv_type_size_t=yes
ac_cv_type_uid_t=yes
am_cv_CC_dependencies_compiler_type=gcc3
am_cv_val_LC_MESSAGES=yes
gt_cv_func_dgettext_libc=no
gt_cv_func_dgettext_libintl=yes
gt_cv_func_ngettext_libc=no
gt_cv_have_gettext=yes
jm_ac_cv_header_inttypes_h=yes
jm_ac_cv_header_stdint_h=yes
lt_cv_apple_cc_single_mod=yes
lt_cv_ar_at_file=no
lt_cv_deplibs_check_method=pass_all
lt_cv_file_magic_cmd='$MAGIC_CMD'
lt_cv_file_magic_test_file=
lt_cv_ld_exported_symbols_list=yes
lt_cv_ld_force_load=no
lt_cv_ld_reload_flag=-r
lt_cv_nm_interface='BSD nm'
lt_cv_objdir=.libs
lt_cv_path_LD=/usr/bin/ld
lt_cv_path_NM='/usr/bin/nm -p'
lt_cv_path_mainfest_tool=no
lt_cv_prog_compiler_c_o=yes
lt_cv_prog_compiler_pic='-fno-common -DPIC'
lt_cv_prog_compiler_pic_works=yes
lt_cv_prog_compiler_rtti_exceptions=no
lt_cv_prog_compiler_static_works=no
lt_cv_prog_gnu_ld=no
lt_cv_sharedlib_from_linklib_cmd='printf %s\n'
lt_cv_sys_global_symbol_pipe='sed -n -e '\''s/^.*[	 ]\([BCDEGRST][BCDEGRST]*\)[	 ][	 ]*_\([_A-Za-z][_A-Za-z0-9]*\)$/\1 _\2 \2/p'\'' | sed '\''/ __gnu_lto/d'\'''
lt_cv_sys_global_symbol_to_c_name_address='sed -n -e '\''s/^: \([^ ]*\)[ ]*$/  {\"\1\", (void *) 0},/p'\'' -e '\''s/^[BCDEGRST]* \([^ ]*\) \([^ ]*\)$/  {"\2", (void *) \&\2},/p'\'''
lt_cv_sys_global_symbol_to_c_name_address_lib_prefix='sed -n -e '\''s/^: \([^ ]*\)[ ]*$/  {\"\1\", (void *) 0},/p'\'' -e '\''s/^[BCDEGRST]* \([^ ]*\) \(lib[^ ]*\)$/  {"\2", (void *) \&\2},/p'\'' -e '\''s/^[BCDEGRST]* \([^ ]*\) \([^ ]*\)$/  {"lib\2", (void *) \&\2},/p'\'''
lt_cv_sys_global_symbol_to_cdecl='sed -n -e '\''s/^T .* \(.*\)$/extern int \1();/p'\'' -e '\''s/^[BCDEGRST]* .* \(.*\)$/extern char \1;/p'\'''
lt_cv_sys_max_cmd_len=196608
lt_cv_to_host_file_cmd=func_convert_file_noop
lt_cv_to_tool_file_cmd=func_convert_file_noop
pkg_cv_DBUS_CFLAGS='-I/usr/include/dbus-1.0 -I/usr/lib/dbus-1.0/include  '
pkg_cv_DBUS_LIBS='-ldbus-1 -lpthread  '
pkg_cv_GIO_CFLAGS='-D_REENTRANT -I/usr/local/lib/glib-2.0/include  '
pkg_cv_GIO_LIBS='-L/usr/local/lib -lgio-2.0 -lgobject-2.0 -lgmodule-2.0 -lgthread-2.0 -lglib-2.0 -lintl  '
pkg_cv_GLIB_CFLAGS='-I/usr/local/lib/glib-2.0/include  '
pkg_cv_GLIB_LIBS='-L/usr/local/lib -lglib-2.0 -lintl  '
pkg_cv_GMODULE_CFLAGS='-D_REENTRANT -I/usr/local/lib/glib-2.0/include  '
pkg_cv_GMODULE_LIBS='-L/usr/local/lib -lgmodule-2.0 -lglib-2.0 -lintl  '
pkg_cv_GOBJECT_CFLAGS='-D_REENTRANT -I/usr/local/lib/glib-2.0/include  '
pkg_cv_GOBJECT_LIBS='-L/usr/local/lib -lgobject-2.0 -lgthread-2.0 -lglib-2.0 -lintl  '
pkg_cv_GTHREAD_CFLAGS='-D_REENTRANT -I/usr/local/lib/glib-2.0/include  '
pkg_cv_GTHREAD_LIBS='-L/usr/local/lib -lgthread-2.0 -lglib-2.0 -lintl  '
pkg_cv_GTK_CFLAGS='-DGSEAL_ENABLE -D_REENTRANT -I/usr/local/include/gtk-3.0 -I/usr/local/include/atk-1.0 -I/usr/local/include/cairo -I/usr/local/include/gdk-pixbuf-2.0 -I/usr/local/include/pango-1.0 -I/usr/local/lib/glib-2.0/include -I/usr/local/include/pixman-1 -I/usr/local/include/freetype2 -I/usr/local/include/libpng14  '
pkg_cv_GTK_LIBS='-L/usr/local/lib -lgtk-3 -lgdk-3 -latk-1.0 -lgio-2.0 -lpangoft2-1.0 -lpangocairo-1.0 -lgdk_pixbuf-2.0 -lcairo-gobject -lcairo -lpango-1.0 -lfreetype -lfontconfig -lgobject-2.0 -lgmodule-2.0 -lgthread-2.0 -lglib-2.0 -lintl  '
pkg_cv_LIBTASN1_CFLAGS=' '
pkg_cv_LIBTASN1_LIBS='-L/usr/local/lib -ltasn1  '
pkg_cv_P11_KIT_CFLAGS='-I/usr/local/include/p11-kit-1  '
pkg_cv_P11_KIT_LIBS='-L/usr/local/lib -lp11-kit  '

## ----------------- ##
## Output variables. ##
## ----------------- ##










		$(INSTALL_DATA) $^ "$(DESTDIR)$(gsettingsschemadir)"; \
		test -n "$(GSETTINGS_DISABLE_SCHEMAS_COMPILE)$(DESTDIR)" || $(GLIB_COMPILE_SCHEMAS) $(gsettingsschemadir); \
		test -z "$(gsettingsschemadir)" || $(MKDIR_P) "$(DESTDIR)$(gsettingsschemadir)"; \
	$(AM_V_GEN) glib-mkenums --comments '\''<!-- @comment@ -->'\'' --fhead "<schemalist>" --vhead "  <@type@ id='\''$(gsettings_ENUM_NAMESPACE).@EnumName@'\''>" --vprod "    <value nick='\''@valuenick@'\'' value='\''@valuenum@'\''/>" --vtail "  </@type@>" --ftail "</schemalist>" $^ > $@.tmp && mv $@.tmp $@
	$(AM_V_GEN) if test -f "$<"; then d=; else d="$(srcdir)/"; fi; $(GLIB_COMPILE_SCHEMAS) --strict --dry-run $(addprefix --schema-file=,$(gsettings__enum_file)) --schema-file=$${d}$< && touch $@
	@$(NORMAL_INSTALL)
	@$(NORMAL_UNINSTALL)
	@list='\''$(gsettings_SCHEMAS) $(gsettings__enum_file)'\''; test -n "$(gsettingsschemadir)" || list=; \
	cd "$(DESTDIR)$(gsettingsschemadir)" && rm -f $$files
	echo " ( cd '\''$(DESTDIR)$(gsettingsschemadir)'\'' && rm -f" $$files ")"; \
	fi
	files=`for p in $$list; do echo $$p; done | sed -e '\''s|^.*/||'\''`; \
	if test -n "$^"; then \
	rm -f $(gsettings_SCHEMAS:.xml=.valid) $(gsettings__enum_file)
	test -n "$$files" || exit 0; \
	test -n "$(GSETTINGS_DISABLE_SCHEMAS_COMPILE)$(DESTDIR)" || $(GLIB_COMPILE_SCHEMAS) $(gsettingsschemadir)
$(gsettings__enum_file): $(gsettings_ENUM_FILES)
%.gschema.valid: %.gschema.xml $(gsettings__enum_file)
.PHONY : uninstall-gsettings-schemas install-gsettings-schemas clean-gsettings-schemas
.SECONDARY: $(gsettings_SCHEMAS)
ACLOCAL='${SHELL} /home/chris/gnome-keyring-3.1.4/missing --run aclocal-1.11'
ALL_LINGUAS=''
AMDEPBACKSLASH='\'
AMDEP_FALSE='#'
AMDEP_TRUE=''
AMTAR='${SHELL} /home/chris/gnome-keyring-3.1.4/missing --run tar'
AM_BACKSLASH='\'
AM_DEFAULT_VERBOSITY='0'
AR='ar'
ASN1PARSER='/usr/local/bin/asn1Parser'
AUTOCONF='${SHELL} /home/chris/gnome-keyring-3.1.4/missing --run autoconf'
AUTOHEADER='${SHELL} /home/chris/gnome-keyring-3.1.4/missing --run autoheader'
AUTOMAKE='${SHELL} /home/chris/gnome-keyring-3.1.4/missing --run automake-1.11'
AWK='gawk'
BINDIR='/usr/local/bin'
CATALOGS=''
CATOBJEXT='.gmo'
CC='/usr/bin/gcc'
CCDEPMODE='depmode=gcc3'
CFLAGS='	-Wall 	-Wchar-subscripts -Wmissing-declarations -Wmissing-prototypes 	-Wnested-externs -Wpointer-arith 	-Wcast-align -Wsign-compare 	-g -O2 -Wno-strict-aliasing -Wno-sign-compare'
CPP='/usr/bin/gcc -E'
CPPFLAGS=''
CYGPATH_W='echo'
DAEMON_CFLAGS=' -I/usr/include/dbus-1.0 -I/usr/lib/dbus-1.0/include   -DGKR_DBUS_MAJOR_VERSION=1 -DGKR_DBUS_MINOR_VERSION=2 -DGKR_DBUS_MICRO_VERSION=16 -I/usr/local/include  '
DAEMON_LIBS=' -ldbus-1 -lpthread   -L/usr/local/lib -lgcrypt -lgpg-error'
DATADIRNAME='share'
DBUS_CFLAGS='-I/usr/include/dbus-1.0 -I/usr/lib/dbus-1.0/include   -DGKR_DBUS_MAJOR_VERSION=1 -DGKR_DBUS_MINOR_VERSION=2 -DGKR_DBUS_MICRO_VERSION=16'
DBUS_LIBS='-ldbus-1 -lpthread  '
DBUS_SERVICES_DIR='${datarootdir}/dbus-1/services'
DEFS='-DHAVE_CONFIG_H'
DEPDIR='.deps'
DISTCHECK_CONFIGURE_FLAGS='--enable-gtk-doc'
DLLTOOL='false'
DL_LIBS=''
DSYMUTIL=':'
DUMPBIN=''
ECHO_C=''
ECHO_N='-n'
ECHO_T=''
EGREP='/bin/grep -E'
ENABLE_GTK_DOC_FALSE=''
ENABLE_GTK_DOC_TRUE='#'
EXEEXT=''
FGREP='/bin/grep -F'
GCK_LT_RELEASE='0:0:0'
GCK_MAJOR='1'
GCOV=''
GCR_LT_RELEASE='0:0:0'
GCR_MAJOR='3'
GENHTML=''
GETTEXT_PACKAGE='gnome-keyring'
GIO_CFLAGS='-D_REENTRANT -I/usr/local/lib/glib-2.0/include  '
GIO_LIBS='-L/usr/local/lib -lgio-2.0 -lgobject-2.0 -lgmodule-2.0 -lgthread-2.0 -lglib-2.0 -lintl  '
GLIB_CFLAGS='-I/usr/local/lib/glib-2.0/include  '
GLIB_COMPILE_SCHEMAS='/usr/local/bin/glib-compile-schemas'
GLIB_GENMARSHAL='/usr/local/bin/glib-genmarshal'
GLIB_LIBS='-L/usr/local/lib -lglib-2.0 -lintl  '
GLIB_MKENUMS='/usr/local/bin/glib-mkenums'
GMODULE_CFLAGS='-D_REENTRANT -I/usr/local/lib/glib-2.0/include  '
GMODULE_LIBS='-L/usr/local/lib -lgmodule-2.0 -lglib-2.0 -lintl  '
GMOFILES=''
GMSGFMT='/usr/local/bin/msgfmt'
GNUPG='/usr/bin/gpg'
GOBJECT_CFLAGS='-D_REENTRANT -I/usr/local/lib/glib-2.0/include  '
GOBJECT_LIBS='-L/usr/local/lib -lgobject-2.0 -lgthread-2.0 -lglib-2.0 -lintl  '
GREP='/bin/grep'
GSETTINGS_DISABLE_SCHEMAS_COMPILE=''
GSETTINGS_RULES='
GTHREAD_CFLAGS='-D_REENTRANT -I/usr/local/lib/glib-2.0/include  '
GTHREAD_LIBS='-L/usr/local/lib -lgthread-2.0 -lglib-2.0 -lintl  '
GTKDOC_CHECK=''
GTKDOC_MKPDF=''
GTKDOC_REBASE='true'
GTK_CFLAGS='-DGSEAL_ENABLE -D_REENTRANT -I/usr/local/include/gtk-3.0 -I/usr/local/include/atk-1.0 -I/usr/local/include/cairo -I/usr/local/include/gdk-pixbuf-2.0 -I/usr/local/include/pango-1.0 -I/usr/local/lib/glib-2.0/include -I/usr/local/include/pixman-1 -I/usr/local/include/freetype2 -I/usr/local/include/libpng14  '
GTK_DOC_BUILD_HTML_FALSE='#'
GTK_DOC_BUILD_HTML_TRUE=''
GTK_DOC_BUILD_PDF_FALSE=''
GTK_DOC_BUILD_PDF_TRUE='#'
GTK_DOC_USE_LIBTOOL_FALSE='#'
GTK_DOC_USE_LIBTOOL_TRUE=''
GTK_DOC_USE_REBASE_FALSE='#'
GTK_DOC_USE_REBASE_TRUE=''
GTK_LIBS='-L/usr/local/lib -lgtk-3 -lgdk-3 -latk-1.0 -lgio-2.0 -lpangoft2-1.0 -lpangocairo-1.0 -lgdk_pixbuf-2.0 -lcairo-gobject -lcairo -lpango-1.0 -lfreetype -lfontconfig -lgobject-2.0 -lgmodule-2.0 -lgthread-2.0 -lglib-2.0 -lintl  '
HAVE_LIBSELINUX_FALSE=''
HAVE_LIBSELINUX_TRUE='#'
HTML_DIR='${datadir}/gtk-doc/html'
INSTALL_DATA='${INSTALL} -m 644'
INSTALL_PROGRAM='${INSTALL}'
INSTALL_SCRIPT='${INSTALL}'
INSTALL_STRIP_PROGRAM='$(install_sh) -c -s'
INSTOBJEXT='.mo'
INTLLIBS='-lintl '
INTLTOOL_CAVES_RULE='%.caves:     %.caves.in     $(INTLTOOL_MERGE) $(wildcard $(top_srcdir)/po/*.po) ; LC_ALL=C $(INTLTOOL_MERGE) -d -u -c $(top_builddir)/po/.intltool-merge-cache $(top_srcdir)/po $< $@'
INTLTOOL_DESKTOP_RULE='%.desktop:   %.desktop.in   $(INTLTOOL_MERGE) $(wildcard $(top_srcdir)/po/*.po) ; LC_ALL=C $(INTLTOOL_MERGE) -d -u -c $(top_builddir)/po/.intltool-merge-cache $(top_srcdir)/po $< $@'
INTLTOOL_DIRECTORY_RULE='%.directory: %.directory.in $(INTLTOOL_MERGE) $(wildcard $(top_srcdir)/po/*.po) ; LC_ALL=C $(INTLTOOL_MERGE) -d -u -c $(top_builddir)/po/.intltool-merge-cache $(top_srcdir)/po $< $@'
INTLTOOL_EXTRACT='/usr/local/bin/intltool-extract'
INTLTOOL_KBD_RULE='%.kbd:       %.kbd.in       $(INTLTOOL_MERGE) $(wildcard $(top_srcdir)/po/*.po) ; LC_ALL=C $(INTLTOOL_MERGE) -x -u -m -c $(top_builddir)/po/.intltool-merge-cache $(top_srcdir)/po $< $@'
INTLTOOL_KEYS_RULE='%.keys:      %.keys.in      $(INTLTOOL_MERGE) $(wildcard $(top_srcdir)/po/*.po) ; LC_ALL=C $(INTLTOOL_MERGE) -k -u -c $(top_builddir)/po/.intltool-merge-cache $(top_srcdir)/po $< $@'
INTLTOOL_MERGE='/usr/local/bin/intltool-merge'
INTLTOOL_OAF_RULE='%.oaf:       %.oaf.in       $(INTLTOOL_MERGE) $(wildcard $(top_srcdir)/po/*.po) ; LC_ALL=C $(INTLTOOL_MERGE) -o -p $(top_srcdir)/po $< $@'
INTLTOOL_PERL='/usr/local/bin/perl'
INTLTOOL_POLICY_RULE='%.policy:    %.policy.in    $(INTLTOOL_MERGE) $(wildcard $(top_srcdir)/po/*.po) ; LC_ALL=C $(INTLTOOL_MERGE) -x -u -c $(top_builddir)/po/.intltool-merge-cache $(top_srcdir)/po $< $@'
INTLTOOL_PONG_RULE='%.pong:      %.pong.in      $(INTLTOOL_MERGE) $(wildcard $(top_srcdir)/po/*.po) ; LC_ALL=C $(INTLTOOL_MERGE) -x -u -c $(top_builddir)/po/.intltool-merge-cache $(top_srcdir)/po $< $@'
INTLTOOL_PROP_RULE='%.prop:      %.prop.in      $(INTLTOOL_MERGE) $(wildcard $(top_srcdir)/po/*.po) ; LC_ALL=C $(INTLTOOL_MERGE) -d -u -c $(top_builddir)/po/.intltool-merge-cache $(top_srcdir)/po $< $@'
INTLTOOL_SCHEMAS_RULE='%.schemas:   %.schemas.in   $(INTLTOOL_MERGE) $(wildcard $(top_srcdir)/po/*.po) ; LC_ALL=C $(INTLTOOL_MERGE) -s -u -c $(top_builddir)/po/.intltool-merge-cache $(top_srcdir)/po $< $@'
INTLTOOL_SERVER_RULE='%.server:    %.server.in    $(INTLTOOL_MERGE) $(wildcard $(top_srcdir)/po/*.po) ; LC_ALL=C $(INTLTOOL_MERGE) -o -u -c $(top_builddir)/po/.intltool-merge-cache $(top_srcdir)/po $< $@'
INTLTOOL_SERVICE_RULE='%.service: %.service.in   $(INTLTOOL_MERGE) $(wildcard $(top_srcdir)/po/*.po) ; LC_ALL=C $(INTLTOOL_MERGE) -d -u -c $(top_builddir)/po/.intltool-merge-cache $(top_srcdir)/po $< $@'
INTLTOOL_SHEET_RULE='%.sheet:     %.sheet.in     $(INTLTOOL_MERGE) $(wildcard $(top_srcdir)/po/*.po) ; LC_ALL=C $(INTLTOOL_MERGE) -x -u -c $(top_builddir)/po/.intltool-merge-cache $(top_srcdir)/po $< $@'
INTLTOOL_SOUNDLIST_RULE='%.soundlist: %.soundlist.in $(INTLTOOL_MERGE) $(wildcard $(top_srcdir)/po/*.po) ; LC_ALL=C $(INTLTOOL_MERGE) -d -u -c $(top_builddir)/po/.intltool-merge-cache $(top_srcdir)/po $< $@'
INTLTOOL_THEME_RULE='%.theme:     %.theme.in     $(INTLTOOL_MERGE) $(wildcard $(top_srcdir)/po/*.po) ; LC_ALL=C $(INTLTOOL_MERGE) -d -u -c $(top_builddir)/po/.intltool-merge-cache $(top_srcdir)/po $< $@'
INTLTOOL_UI_RULE='%.ui:        %.ui.in        $(INTLTOOL_MERGE) $(wildcard $(top_srcdir)/po/*.po) ; LC_ALL=C $(INTLTOOL_MERGE) -x -u -c $(top_builddir)/po/.intltool-merge-cache $(top_srcdir)/po $< $@'
INTLTOOL_UPDATE='/usr/local/bin/intltool-update'
INTLTOOL_XAM_RULE='%.xam:       %.xml.in       $(INTLTOOL_MERGE) $(wildcard $(top_srcdir)/po/*.po) ; LC_ALL=C $(INTLTOOL_MERGE) -x -u -c $(top_builddir)/po/.intltool-merge-cache $(top_srcdir)/po $< $@'
INTLTOOL_XML_NOMERGE_RULE='%.xml:       %.xml.in       $(INTLTOOL_MERGE) ; LC_ALL=C $(INTLTOOL_MERGE) -x -u /tmp $< $@'
INTLTOOL_XML_RULE='%.xml:       %.xml.in       $(INTLTOOL_MERGE) $(wildcard $(top_srcdir)/po/*.po) ; LC_ALL=C $(INTLTOOL_MERGE) -x -u -c $(top_builddir)/po/.intltool-merge-cache $(top_srcdir)/po $< $@'
LCOV=''
LD='/usr/bin/ld'
LDFLAGS=''
LIBEXECDIR='/usr/local/libexec'
LIBGCRYPT_CFLAGS='-I/usr/local/include'
LIBGCRYPT_CONFIG='/usr/local/bin/libgcrypt-config'
LIBGCRYPT_LIBS='-L/usr/local/lib -lgcrypt -lgpg-error'
LIBOBJS=''
LIBS=''
LIBSELINUX=''
LIBTASN1_CFLAGS=' '
LIBTASN1_LIBS='-L/usr/local/lib -ltasn1  '
LIBTOOL='$(SHELL) $(top_builddir)/libtool'
LIPO='lipo'
LN_S='ln -s'
LTLIBOBJS=''
MAINT='#'
MAINTAINER_MODE_FALSE=''
MAINTAINER_MODE_TRUE='#'
MAKEINFO='${SHELL} /home/chris/gnome-keyring-3.1.4/missing --run makeinfo'
MANIFEST_TOOL=':'
MKDIR_P='/bin/mkdir -p'
MKINSTALLDIRS='./mkinstalldirs'
MSGFMT='/usr/local/bin/msgfmt'
MSGFMT_OPTS='-c'
MSGMERGE='/usr/local/bin/msgmerge'
NM='/usr/bin/nm -p'
NMEDIT='nmedit'
OBJDUMP='objdump'
OBJEXT='o'
OTOOL64='otool64'
OTOOL='otool'
P11_KIT_CFLAGS='-I/usr/local/include/p11-kit-1  '
P11_KIT_LIBS='-L/usr/local/lib -lp11-kit  '
P11_SYSTEM_MODULES='NONE/etc/pkcs11/modules'
P11_TESTS_CFLAGS=''
P11_TESTS_LIBS=''
PACKAGE='gnome-keyring'
PACKAGE_BUGREPORT=''
PACKAGE_NAME=''
PACKAGE_STRING=''
PACKAGE_TARNAME=''
PACKAGE_URL=''
PACKAGE_VERSION=''
PAM_DEST_DIR='${libdir}/security'
PATH_SEPARATOR=':'
PKG_CONFIG='/usr/bin/pkg-config'
PKG_CONFIG_LIBDIR=''
PKG_CONFIG_PATH='/usr/local/lib/pkgconfig:/usr/lib/pkgconfig'
POFILES=''
POSUB='po'
PO_IN_DATADIR_FALSE=''
PO_IN_DATADIR_TRUE=''
RANLIB='ranlib'
SED='/bin/sed'
SET_MAKE=''
SHELL='/bin/sh'
STRIP='strip'
TEST_MODE='quick'
USE_NLS='yes'
VALGRIND=''
VALGRIND_ARG=''
VALGRIND_RUN=''
VERSION='3.1.4'
WITH_CAPS_FALSE=''
WITH_CAPS_TRUE='#'
WITH_COVERAGE_FALSE=''
WITH_COVERAGE_TRUE='#'
WITH_GNU_MAKE_FALSE='#'
WITH_GNU_MAKE_TRUE=''
WITH_GPG_FALSE='#'
WITH_GPG_TRUE=''
WITH_P11_TESTS_FALSE=''
WITH_P11_TESTS_TRUE='#'
WITH_PAM_FALSE=''
WITH_PAM_TRUE='#'
WITH_SSH_FALSE='#'
WITH_SSH_TRUE=''
WITH_TESTS_FALSE='#'
WITH_TESTS_TRUE=''
WITH_VALGRIND_FALSE=''
WITH_VALGRIND_TRUE='#'
XGETTEXT='/usr/local/bin/xgettext'
ac_ct_AR='ar'
ac_ct_CC='/usr/bin/gcc'
ac_ct_DUMPBIN=''
all-am: $(gsettings_SCHEMAS:.xml=.valid)
am__EXEEXT_FALSE=''
am__EXEEXT_TRUE='#'
am__fastdepCC_FALSE='#'
am__fastdepCC_TRUE=''
am__include='include'
am__isrc=''
am__leading_dot='.'
am__quote=''
am__tar='${AMTAR} chof - "$$tardir"'
am__untar='${AMTAR} xf -'
bindir='${exec_prefix}/bin'
build='arm-apple-darwin10.4.0'
build_alias=''
build_cpu='arm'
build_os='darwin10.4.0'
build_vendor='apple'
clean-gsettings-schemas:
datadir='${datarootdir}'
datarootdir='${prefix}/share'
docdir='${datarootdir}/doc/${PACKAGE}'
dvidir='${docdir}'
endif'
exec_prefix='/usr/local'
gsettings__enum_file = $(addsuffix .enums.xml,$(gsettings_ENUM_NAMESPACE))
gsettingsschemadir='${datarootdir}/glib-2.0/schemas'
host='arm-apple-darwin10.4.0'
host_alias=''
host_cpu='arm'
host_os='darwin10.4.0'
host_vendor='apple'
htmldir='${docdir}'
ifdef gsettings_ENUM_NAMESPACE
includedir='${prefix}/include'
infodir='${datarootdir}/info'
install-data-am: install-gsettings-schemas
install-gsettings-schemas: $(gsettings_SCHEMAS) $(gsettings__enum_file)
install_sh='${SHELL} /home/chris/gnome-keyring-3.1.4/install-sh'
libdir='${exec_prefix}/lib'
libexecdir='${exec_prefix}/libexec'
localedir='${datarootdir}/locale'
localstatedir='${prefix}/var'
mandir='${datarootdir}/man'
mkdir_p='/bin/mkdir -p'
mostlyclean-am: clean-gsettings-schemas
oldincludedir='/usr/include'
pdfdir='${docdir}'
pkcs11dir='/usr/local/lib/pkcs11'
pkcs11standalonedir='${exec_prefix}/lib/gnome-keyring/devel'
prefix='/usr/local'
program_transform_name='s,x,x,'
psdir='${docdir}'
sbindir='${exec_prefix}/sbin'
sharedstatedir='${prefix}/com'
sysconfdir='${prefix}/etc'
target_alias=''
uninstall-am: uninstall-gsettings-schemas
uninstall-gsettings-schemas:

## ----------- ##
## confdefs.h. ##
## ----------- ##

/* confdefs.h */
#define PACKAGE_NAME ""
#define PACKAGE_TARNAME ""
#define PACKAGE_VERSION ""
#define PACKAGE_STRING ""
#define PACKAGE_BUGREPORT ""
#define PACKAGE_URL ""
#define PACKAGE "gnome-keyring"
#define VERSION "3.1.4"
#define GKR_VERSION 003001004
#define STDC_HEADERS 1
#define HAVE_SYS_TYPES_H 1
#define HAVE_SYS_STAT_H 1
#define HAVE_STDLIB_H 1
#define HAVE_STRING_H 1
#define HAVE_MEMORY_H 1
#define HAVE_STRINGS_H 1
#define HAVE_INTTYPES_H 1
#define HAVE_STDINT_H 1
#define HAVE_UNISTD_H 1
#define __EXTENSIONS__ 1
#define _ALL_SOURCE 1
#define _GNU_SOURCE 1
#define _POSIX_PTHREAD_SEMANTICS 1
#define _TANDEM_SOURCE 1
#define HAVE_DLFCN_H 1
#define LT_OBJDIR ".libs/"
#define RETSIGTYPE void
#define GETTEXT_PACKAGE "gnome-keyring"
#define HAVE_LOCALE_H 1
#define HAVE_LC_MESSAGES 1
#define HAVE_BIND_TEXTDOMAIN_CODESET 1
#define HAVE_GETTEXT 1
#define HAVE_DCGETTEXT 1
#define ENABLE_NLS 1
#define HAVE_SOCKLEN_T 1
#define HAVE_GETPEEREID 1
#define HAVE_GETPEEREID 1
#define HAVE_FLOCK 1
#define HAVE_FLOCK 1
#define HAVE_TIMEGM 1
#define HAVE_TIMEGM 1
#define HAVE_MKDTEMP 1
#define HAVE_INTTYPES_H_WITH_UINTMAX 1
#define HAVE_STDINT_H_WITH_UINTMAX 1
#define HAVE_FCNTL_H 1
#define HAVE_SYS_TIME_H 1
#define HAVE_TIME_H 1
#define HAVE_UNISTD_H 1
#define HAVE_GETTIMEOFDAY 1
#define HAVE_FSYNC 1
#define HAVE_MLOCK 1
#define HAVE_SOCKET 1
#define WITH_SSH 1
#define WITH_GPG 1
#define GPG_EXECUTABLE "/usr/bin/gpg"
#define ROOT_CERTIFICATES "/etc/ssl/certs"
#define HAVE_DEVRANDOM 1
#define LIBGCRYPT_VERSION "1.2.2"
#define WITH_DEBUG 1
#define _DEBUG 1

configure: exit 0
