This file contains any messages produced by compilers while
running configure, to aid debugging if configure makes a mistake.

It was created by dbus-glib configure 0.98, which was
generated by GNU Autoconf 2.68.  Invocation command line was

  $ ./configure 

## --------- ##
## Platform. ##
## --------- ##

hostname = Chriss-iPad
uname -m = iPad1,1
uname -r = 10.4.0
uname -s = Darwin
uname -v = Darwin Kernel Version 10.4.0: Wed Oct 20 20:14:45 PDT 2010; root:xnu-1504.58.28~3/RELEASE_ARM_S5L8930X

/usr/bin/uname -p = unknown
/bin/uname -X     = unknown

/bin/arch              = unknown
/usr/bin/arch -k       = unknown
/usr/convex/getsysinfo = unknown
/usr/bin/hostinfo      = Mach kernel version:
	 Darwin Kernel Version 10.4.0: Wed Oct 20 20:14:45 PDT 2010; root:xnu-1504.58.28~3/RELEASE_ARM_S5L8930X
Kernel configured for a single processor only.
1 processor is physically available.
1 processor is logically available.
Processor type: armv7 (arm v7)
Processor active: 0
Primary memory available: 247.00 megabytes
Default processor set: 41 tasks, 260 threads, 1 processors
Load average: 1.58, Mach factor: 0.35
/bin/machine           = unknown
/usr/bin/oslevel       = unknown
/bin/universe          = unknown

PATH: /usr/local/sbin
PATH: /usr/local/bin
PATH: /usr/sbin
PATH: /usr/bin
PATH: /sbin
PATH: /bin
PATH: /usr/bin/X11
PATH: /usr/games
PATH: /var/mobile/ocaml-3.12.0/bin


## ----------- ##
## Core tests. ##
## ----------- ##

configure:2341: checking build system type
configure:2355: result: arm-apple-darwin10.4.0
configure:2375: checking host system type
configure:2388: result: arm-apple-darwin10.4.0
configure:2425: checking for a BSD-compatible install
configure:2493: result: /usr/bin/install -c
configure:2504: checking whether build environment is sane
configure:2554: result: yes
configure:2695: checking for a thread-safe mkdir -p
configure:2734: result: /bin/mkdir -p
configure:2747: checking for gawk
configure:2763: found /usr/bin/gawk
configure:2774: result: gawk
configure:2785: checking whether make sets $(MAKE)
configure:2807: result: yes
configure:2897: checking whether to enable maintainer-specific portions of Makefiles
configure:2906: result: no
configure:3003: checking for gcc
configure:3030: result: /usr/bin/gcc
configure:3259: checking for C compiler version
configure:3268: /usr/bin/gcc --version >&5
gcc (GCC) 4.2.1 (Based on Apple Inc. build 5555)
Copyright (C) 2007 Free Software Foundation, Inc.
This is free software; see the source for copying conditions.  There is NO
warranty; not even for MERCHANTABILITY or FITNESS FOR A PARTICULAR PURPOSE.

configure:3279: $? = 0
configure:3268: /usr/bin/gcc -v >&5
Using built-in specs.
Target: arm-apple-darwin9
Configured with: ../llvm-gcc-4.2/configure --build=x86_64-unknown-linux-gnu --host=arm-apple-darwin9 --enable-static=no --enable-shared=yes --prefix=/usr --localstatedir=/var/cache/iphone-gcc --enable-languages=c,c++,objc,obj-c++ --enable-wchar_t=no --with-gxx-include-dir=/usr/include/c++/4.0.0
Thread model: posix
gcc version 4.2.1 (Based on Apple Inc. build 5555)
configure:3279: $? = 0
configure:3268: /usr/bin/gcc -V >&5
gcc: '-V' option must have argument
configure:3279: $? = 1
configure:3268: /usr/bin/gcc -qversion >&5
gcc: no input files
configure:3279: $? = 1
configure:3299: checking whether the C compiler works
configure:3321: /usr/bin/gcc    conftest.c  >&5
configure:3325: $? = 0
configure:3373: result: yes
configure:3376: checking for C compiler default output file name
configure:3378: result: a.out
configure:3384: checking for suffix of executables
configure:3391: /usr/bin/gcc -o conftest    conftest.c  >&5
configure:3395: $? = 0
configure:3417: result: 
configure:3439: checking whether we are cross compiling
configure:3447: /usr/bin/gcc -o conftest    conftest.c  >&5
configure:3451: $? = 0
configure:3458: ./conftest
configure:3462: $? = 0
configure:3477: result: no
configure:3482: checking for suffix of object files
configure:3504: /usr/bin/gcc -c   conftest.c >&5
configure:3508: $? = 0
configure:3529: result: o
configure:3533: checking whether we are using the GNU C compiler
configure:3552: /usr/bin/gcc -c   conftest.c >&5
configure:3552: $? = 0
configure:3561: result: yes
configure:3570: checking whether /usr/bin/gcc accepts -g
configure:3590: /usr/bin/gcc -c -g  conftest.c >&5
configure:3590: $? = 0
configure:3631: result: yes
configure:3648: checking for /usr/bin/gcc option to accept ISO C89
configure:3712: /usr/bin/gcc  -c -g -O2  conftest.c >&5
configure:3712: $? = 0
configure:3725: result: none needed
configure:3756: checking for style of include used by make
configure:3784: result: GNU
configure:3809: checking dependency style of /usr/bin/gcc
configure:3919: result: gcc3
configure:3935: checking for library containing strerror
configure:3966: /usr/bin/gcc -o conftest -g -O2   conftest.c  >&5
configure:3966: $? = 0
configure:3983: result: none required
configure:3996: checking how to run the C preprocessor
configure:4027: /usr/bin/gcc -E  conftest.c
configure:4027: $? = 0
configure:4041: /usr/bin/gcc -E  conftest.c
conftest.c:11:28: error: ac_nonexistent.h: No such file or directory
configure:4041: $? = 1
configure: failed program was:
| /* confdefs.h */
| #define PACKAGE_NAME "dbus-glib"
| #define PACKAGE_TARNAME "dbus-glib"
| #define PACKAGE_VERSION "0.98"
| #define PACKAGE_STRING "dbus-glib 0.98"
| #define PACKAGE_BUGREPORT "https://bugs.freedesktop.org/enter_bug.cgi?product=dbus"
| #define PACKAGE_URL ""
| #define PACKAGE "dbus-glib"
| #define VERSION "0.98"
| /* end confdefs.h.  */
| #include <ac_nonexistent.h>
configure:4066: result: /usr/bin/gcc -E
configure:4086: /usr/bin/gcc -E  conftest.c
configure:4086: $? = 0
configure:4100: /usr/bin/gcc -E  conftest.c
conftest.c:11:28: error: ac_nonexistent.h: No such file or directory
configure:4100: $? = 1
configure: failed program was:
| /* confdefs.h */
| #define PACKAGE_NAME "dbus-glib"
| #define PACKAGE_TARNAME "dbus-glib"
| #define PACKAGE_VERSION "0.98"
| #define PACKAGE_STRING "dbus-glib 0.98"
| #define PACKAGE_BUGREPORT "https://bugs.freedesktop.org/enter_bug.cgi?product=dbus"
| #define PACKAGE_URL ""
| #define PACKAGE "dbus-glib"
| #define VERSION "0.98"
| /* end confdefs.h.  */
| #include <ac_nonexistent.h>
configure:4129: checking for grep that handles long lines and -e
configure:4187: result: /bin/grep
configure:4192: checking for egrep
configure:4254: result: /bin/grep -E
configure:4259: checking for ANSI C header files
configure:4279: /usr/bin/gcc -c -g -O2  conftest.c >&5
configure:4279: $? = 0
configure:4352: /usr/bin/gcc -o conftest -g -O2   conftest.c  >&5
configure:4352: $? = 0
configure:4352: ./conftest
configure:4352: $? = 0
configure:4363: result: yes
configure:4510: checking whether gcc understands -Wfloat-equal
configure:4520: /usr/bin/gcc -c -g -O2 -Wfloat-equal  conftest.c >&5
configure:4520: $? = 0
configure:4533: result: yes
configure:4678: checking how to print strings
configure:4705: result: printf
configure:4726: checking for a sed that does not truncate output
configure:4790: result: /bin/sed
configure:4808: checking for fgrep
configure:4870: result: /bin/grep -F
configure:4905: checking for ld used by /usr/bin/gcc
configure:4972: result: /usr/bin/ld
configure:4979: checking if the linker (/usr/bin/ld) is GNU ld
configure:4994: result: no
configure:5006: checking for BSD- or MS-compatible name lister (nm)
configure:5055: result: /usr/bin/nm -p
configure:5185: checking the name lister (/usr/bin/nm -p) interface
configure:5192: /usr/bin/gcc -c -g -O2 -Wall -Wchar-subscripts -Wmissing-declarations -Wmissing-prototypes -Wnested-externs -Wpointer-arith -Wcast-align -Wfloat-equal -Wsign-compare -fno-strict-aliasing  conftest.c >&5
configure:5195: /usr/bin/nm -p "conftest.o"
configure:5198: output
00000000 D _some_variable
configure:5205: result: BSD nm
configure:5208: checking whether ln -s works
configure:5212: result: yes
configure:5220: checking the maximum length of command line arguments
configure:5345: result: 196608
configure:5362: checking whether the shell understands some XSI constructs
configure:5372: result: yes
configure:5376: checking whether the shell understands "+="
configure:5382: result: yes
configure:5417: checking how to convert arm-apple-darwin10.4.0 file names to arm-apple-darwin10.4.0 format
configure:5457: result: func_convert_file_noop
configure:5464: checking how to convert arm-apple-darwin10.4.0 file names to toolchain format
configure:5484: result: func_convert_file_noop
configure:5491: checking for /usr/bin/ld option to reload object files
configure:5498: result: -r
configure:5572: checking for objdump
configure:5588: found /usr/bin/objdump
configure:5599: result: objdump
configure:5631: checking how to recognize dependent libraries
configure:5833: result: pass_all
configure:5918: checking for dlltool
configure:5948: result: no
configure:5978: checking how to associate runtime and link libraries
configure:6005: result: printf %s\n
configure:6065: checking for ar
configure:6081: found /usr/bin/ar
configure:6092: result: ar
configure:6129: checking for archiver @FILE support
configure:6146: /usr/bin/gcc -c -g -O2 -Wall -Wchar-subscripts -Wmissing-declarations -Wmissing-prototypes -Wnested-externs -Wpointer-arith -Wcast-align -Wfloat-equal -Wsign-compare -fno-strict-aliasing  conftest.c >&5
configure:6146: $? = 0
configure:6149: ar cru libconftest.a @conftest.lst >&5
ar: @conftest.lst: No such file or directory
configure:6152: $? = 1
configure:6172: result: no
configure:6230: checking for strip
configure:6246: found /usr/bin/strip
configure:6257: result: strip
configure:6329: checking for ranlib
configure:6345: found /usr/bin/ranlib
configure:6356: result: ranlib
configure:6458: checking command to parse /usr/bin/nm -p output from /usr/bin/gcc object
configure:6577: /usr/bin/gcc -c -g -O2 -Wall -Wchar-subscripts -Wmissing-declarations -Wmissing-prototypes -Wnested-externs -Wpointer-arith -Wcast-align -Wfloat-equal -Wsign-compare -fno-strict-aliasing  conftest.c >&5
configure:6580: $? = 0
configure:6584: /usr/bin/nm -p conftest.o \| sed -n -e 's/^.*[ ]\([BCDEGRST][BCDEGRST]*\)[ ][ ]*\([_A-Za-z][_A-Za-z0-9]*\)$/\1 \2 \2/p' | sed '/ __gnu_lto/d' \> conftest.nm
configure:6587: $? = 0
cannot find nm_test_var in conftest.nm
configure:6577: /usr/bin/gcc -c -g -O2 -Wall -Wchar-subscripts -Wmissing-declarations -Wmissing-prototypes -Wnested-externs -Wpointer-arith -Wcast-align -Wfloat-equal -Wsign-compare -fno-strict-aliasing  conftest.c >&5
configure:6580: $? = 0
configure:6584: /usr/bin/nm -p conftest.o \| sed -n -e 's/^.*[ ]\([BCDEGRST][BCDEGRST]*\)[ ][ ]*_\([_A-Za-z][_A-Za-z0-9]*\)$/\1 _\2 \2/p' | sed '/ __gnu_lto/d' \> conftest.nm
configure:6587: $? = 0
configure:6653: /usr/bin/gcc -o conftest -g -O2 -Wall -Wchar-subscripts -Wmissing-declarations -Wmissing-prototypes -Wnested-externs -Wpointer-arith -Wcast-align -Wfloat-equal -Wsign-compare -fno-strict-aliasing   conftest.c conftstm.o >&5
configure:6656: $? = 0
configure:6694: result: ok
configure:6731: checking for sysroot
configure:6761: result: no
configure:7004: checking for mt
configure:7034: result: no
configure:7054: checking if : is a manifest tool
configure:7060: : '-?'
configure:7068: result: no
configure:7124: checking for dsymutil
configure:7154: result: no
configure:7216: checking for nmedit
configure:7232: found /usr/bin/nmedit
configure:7243: result: nmedit
configure:7308: checking for lipo
configure:7324: found /usr/bin/lipo
configure:7335: result: lipo
configure:7400: checking for otool
configure:7416: found /usr/bin/otool
configure:7427: result: otool
configure:7492: checking for otool64
configure:7508: found /usr/bin/otool64
configure:7519: result: otool64
configure:7567: checking for -single_module linker flag
/usr/bin/gcc -g -O2 -Wall -Wchar-subscripts -Wmissing-declarations -Wmissing-prototypes -Wnested-externs -Wpointer-arith -Wcast-align -Wfloat-equal -Wsign-compare -fno-strict-aliasing  -o libconftest.dylib -dynamiclib -Wl,-single_module conftest.c
conftest.c:1: warning: no previous prototype for 'foo'
configure:7594: result: no
configure:7596: checking for -exported_symbols_list linker flag
configure:7616: /usr/bin/gcc -o conftest -g -O2 -Wall -Wchar-subscripts -Wmissing-declarations -Wmissing-prototypes -Wnested-externs -Wpointer-arith -Wcast-align -Wfloat-equal -Wsign-compare -fno-strict-aliasing   -Wl,-exported_symbols_list,conftest.sym conftest.c  >&5
configure:7616: $? = 0
configure:7626: result: yes
configure:7628: checking for -force_load linker flag
/usr/bin/gcc -g -O2 -Wall -Wchar-subscripts -Wmissing-declarations -Wmissing-prototypes -Wnested-externs -Wpointer-arith -Wcast-align -Wfloat-equal -Wsign-compare -fno-strict-aliasing -c -o conftest.o conftest.c
conftest.c:1: warning: no previous prototype for 'forced_loaded'
ar cru libconftest.a conftest.o
ranlib libconftest.a
/usr/bin/gcc -g -O2 -Wall -Wchar-subscripts -Wmissing-declarations -Wmissing-prototypes -Wnested-externs -Wpointer-arith -Wcast-align -Wfloat-equal -Wsign-compare -fno-strict-aliasing  -o conftest conftest.c -Wl,-force_load,./libconftest.a
ld: unknown option: -force_load
collect2: ld returned 1 exit status
configure:7658: result: no
configure:7700: checking for sys/types.h
configure:7700: /usr/bin/gcc -c -g -O2 -Wall -Wchar-subscripts -Wmissing-declarations -Wmissing-prototypes -Wnested-externs -Wpointer-arith -Wcast-align -Wfloat-equal -Wsign-compare -fno-strict-aliasing  conftest.c >&5
configure:7700: $? = 0
configure:7700: result: yes
configure:7700: checking for sys/stat.h
configure:7700: /usr/bin/gcc -c -g -O2 -Wall -Wchar-subscripts -Wmissing-declarations -Wmissing-prototypes -Wnested-externs -Wpointer-arith -Wcast-align -Wfloat-equal -Wsign-compare -fno-strict-aliasing  conftest.c >&5
configure:7700: $? = 0
configure:7700: result: yes
configure:7700: checking for stdlib.h
configure:7700: /usr/bin/gcc -c -g -O2 -Wall -Wchar-subscripts -Wmissing-declarations -Wmissing-prototypes -Wnested-externs -Wpointer-arith -Wcast-align -Wfloat-equal -Wsign-compare -fno-strict-aliasing  conftest.c >&5
configure:7700: $? = 0
configure:7700: result: yes
configure:7700: checking for string.h
configure:7700: /usr/bin/gcc -c -g -O2 -Wall -Wchar-subscripts -Wmissing-declarations -Wmissing-prototypes -Wnested-externs -Wpointer-arith -Wcast-align -Wfloat-equal -Wsign-compare -fno-strict-aliasing  conftest.c >&5
configure:7700: $? = 0
configure:7700: result: yes
configure:7700: checking for memory.h
configure:7700: /usr/bin/gcc -c -g -O2 -Wall -Wchar-subscripts -Wmissing-declarations -Wmissing-prototypes -Wnested-externs -Wpointer-arith -Wcast-align -Wfloat-equal -Wsign-compare -fno-strict-aliasing  conftest.c >&5
configure:7700: $? = 0
configure:7700: result: yes
configure:7700: checking for strings.h
configure:7700: /usr/bin/gcc -c -g -O2 -Wall -Wchar-subscripts -Wmissing-declarations -Wmissing-prototypes -Wnested-externs -Wpointer-arith -Wcast-align -Wfloat-equal -Wsign-compare -fno-strict-aliasing  conftest.c >&5
configure:7700: $? = 0
configure:7700: result: yes
configure:7700: checking for inttypes.h
configure:7700: /usr/bin/gcc -c -g -O2 -Wall -Wchar-subscripts -Wmissing-declarations -Wmissing-prototypes -Wnested-externs -Wpointer-arith -Wcast-align -Wfloat-equal -Wsign-compare -fno-strict-aliasing  conftest.c >&5
configure:7700: $? = 0
configure:7700: result: yes
configure:7700: checking for stdint.h
configure:7700: /usr/bin/gcc -c -g -O2 -Wall -Wchar-subscripts -Wmissing-declarations -Wmissing-prototypes -Wnested-externs -Wpointer-arith -Wcast-align -Wfloat-equal -Wsign-compare -fno-strict-aliasing  conftest.c >&5
configure:7700: $? = 0
configure:7700: result: yes
configure:7700: checking for unistd.h
configure:7700: /usr/bin/gcc -c -g -O2 -Wall -Wchar-subscripts -Wmissing-declarations -Wmissing-prototypes -Wnested-externs -Wpointer-arith -Wcast-align -Wfloat-equal -Wsign-compare -fno-strict-aliasing  conftest.c >&5
configure:7700: $? = 0
configure:7700: result: yes
configure:7714: checking for dlfcn.h
configure:7714: /usr/bin/gcc -c -g -O2 -Wall -Wchar-subscripts -Wmissing-declarations -Wmissing-prototypes -Wnested-externs -Wpointer-arith -Wcast-align -Wfloat-equal -Wsign-compare -fno-strict-aliasing  conftest.c >&5
configure:7714: $? = 0
configure:7714: result: yes
configure:7901: checking for objdir
configure:7916: result: .libs
configure:8187: checking if /usr/bin/gcc supports -fno-rtti -fno-exceptions
configure:8205: /usr/bin/gcc -c -g -O2 -Wall -Wchar-subscripts -Wmissing-declarations -Wmissing-prototypes -Wnested-externs -Wpointer-arith -Wcast-align -Wfloat-equal -Wsign-compare -fno-strict-aliasing  -fno-rtti -fno-exceptions conftest.c >&5
cc1: warning: command line option "-fno-rtti" is valid for C++/ObjC++ but not for C
configure:8209: $? = 0
configure:8222: result: no
configure:8532: checking for /usr/bin/gcc option to produce PIC
configure:8539: result: -fno-common -DPIC
configure:8547: checking if /usr/bin/gcc PIC flag -fno-common -DPIC works
configure:8565: /usr/bin/gcc -c -g -O2 -Wall -Wchar-subscripts -Wmissing-declarations -Wmissing-prototypes -Wnested-externs -Wpointer-arith -Wcast-align -Wfloat-equal -Wsign-compare -fno-strict-aliasing  -fno-common -DPIC -DPIC conftest.c >&5
configure:8569: $? = 0
configure:8582: result: yes
configure:8611: checking if /usr/bin/gcc static flag -static works
configure:8639: result: no
configure:8654: checking if /usr/bin/gcc supports -c -o file.o
configure:8675: /usr/bin/gcc -c -g -O2 -Wall -Wchar-subscripts -Wmissing-declarations -Wmissing-prototypes -Wnested-externs -Wpointer-arith -Wcast-align -Wfloat-equal -Wsign-compare -fno-strict-aliasing  -o out/conftest2.o conftest.c >&5
configure:8679: $? = 0
configure:8701: result: yes
configure:8709: checking if /usr/bin/gcc supports -c -o file.o
configure:8756: result: yes
configure:8789: checking whether the /usr/bin/gcc linker (/usr/bin/ld) supports shared libraries
configure:9951: result: yes
configure:10196: checking dynamic linker characteristics
configure:10945: result: darwin10.4.0 dyld
configure:11052: checking how to hardcode library paths into programs
configure:11077: result: immediate
configure:11617: checking whether stripping libraries is possible
configure:11631: result: yes
configure:11657: checking if libtool supports shared libraries
configure:11659: result: yes
configure:11662: checking whether to build shared libraries
configure:11683: result: yes
configure:11686: checking whether to build static libraries
configure:11690: result: yes
configure:11740: checking for library containing socket
configure:11771: /usr/bin/gcc -o conftest -g -O2 -Wall -Wchar-subscripts -Wmissing-declarations -Wmissing-prototypes -Wnested-externs -Wpointer-arith -Wcast-align -Wfloat-equal -Wsign-compare -fno-strict-aliasing   conftest.c  >&5
configure:11771: $? = 0
configure:11788: result: none required
configure:11797: checking whether socklen_t is defined
configure:11817: /usr/bin/gcc -c -g -O2 -Wall -Wchar-subscripts -Wmissing-declarations -Wmissing-prototypes -Wnested-externs -Wpointer-arith -Wcast-align -Wfloat-equal -Wsign-compare -fno-strict-aliasing  conftest.c >&5
configure:11817: $? = 0
configure:11823: result: yes
configure:11840: checking abstract socket namespace
configure:11895: /usr/bin/gcc -o conftest -g -O2 -Wall -Wchar-subscripts -Wmissing-declarations -Wmissing-prototypes -Wnested-externs -Wpointer-arith -Wcast-align -Wfloat-equal -Wsign-compare -fno-strict-aliasing   conftest.c  >&5
configure:11895: $? = 0
configure:11895: ./conftest
Abstract socket namespace bind() failed: Invalid argument
configure:11895: $? = 1
configure: program exited with status 1
configure: failed program was:
| /* confdefs.h */
| #define PACKAGE_NAME "dbus-glib"
| #define PACKAGE_TARNAME "dbus-glib"
| #define PACKAGE_VERSION "0.98"
| #define PACKAGE_STRING "dbus-glib 0.98"
| #define PACKAGE_BUGREPORT "https://bugs.freedesktop.org/enter_bug.cgi?product=dbus"
| #define PACKAGE_URL ""
| #define PACKAGE "dbus-glib"
| #define VERSION "0.98"
| #define STDC_HEADERS 1
| #define DBUS_BASH_COMPLETION 1
| #define DBUS_DISABLE_ASSERT 1
| #define G_DISABLE_ASSERT 1
| #define HAVE_SYS_TYPES_H 1
| #define HAVE_SYS_STAT_H 1
| #define HAVE_STDLIB_H 1
| #define HAVE_STRING_H 1
| #define HAVE_MEMORY_H 1
| #define HAVE_STRINGS_H 1
| #define HAVE_INTTYPES_H 1
| #define HAVE_STDINT_H 1
| #define HAVE_UNISTD_H 1
| #define HAVE_DLFCN_H 1
| #define LT_OBJDIR ".libs/"
| #define HAVE_SOCKLEN_T 1
| /* end confdefs.h.  */
| 
| #include <sys/types.h>
| #include <stdlib.h>
| #include <string.h>
| #include <stdio.h>
| #include <sys/socket.h>
| #include <sys/un.h>
| #include <errno.h>
| 
| int
| main ()
| {
| 
|   int listen_fd;
|   struct sockaddr_un addr;
| 
|   listen_fd = socket (PF_UNIX, SOCK_STREAM, 0);
| 
|   if (listen_fd < 0)
|     {
|       fprintf (stderr, "socket() failed: %s\n", strerror (errno));
|       exit (1);
|     }
| 
|   memset (&addr, '\0', sizeof (addr));
|   addr.sun_family = AF_UNIX;
|   strcpy (addr.sun_path, "X/tmp/dbus-fake-socket-path-used-in-configure-test");
|   addr.sun_path[0] = '\0'; /* this is what makes it abstract */
| 
|   if (bind (listen_fd, (struct sockaddr*) &addr, SUN_LEN (&addr)) < 0)
|     {
|        fprintf (stderr, "Abstract socket namespace bind() failed: %s\n",
|                 strerror (errno));
|        exit (1);
|     }
|   else
|     exit (0);
| 
|   ;
|   return 0;
| }
configure:11906: result: no
configure:11941: checking for XML_ParserCreate_MM in -lexpat
configure:11966: /usr/bin/gcc -o conftest -g -O2 -Wall -Wchar-subscripts -Wmissing-declarations -Wmissing-prototypes -Wnested-externs -Wpointer-arith -Wcast-align -Wfloat-equal -Wsign-compare -fno-strict-aliasing   conftest.c -lexpat   >&5
configure:11966: $? = 0
configure:11975: result: yes
configure:11980: checking expat.h usability
configure:11980: /usr/bin/gcc -c -g -O2 -Wall -Wchar-subscripts -Wmissing-declarations -Wmissing-prototypes -Wnested-externs -Wpointer-arith -Wcast-align -Wfloat-equal -Wsign-compare -fno-strict-aliasing  conftest.c >&5
configure:11980: $? = 0
configure:11980: result: yes
configure:11980: checking expat.h presence
configure:11980: /usr/bin/gcc -E  conftest.c
configure:11980: $? = 0
configure:11980: result: yes
configure:11980: checking for expat.h
configure:11980: result: yes
configure:12061: checking for pkg-config
configure:12079: found /usr/bin/pkg-config
configure:12091: result: /usr/bin/pkg-config
configure:12116: checking pkg-config is at least version 0.9.0
configure:12119: result: yes
configure:12129: checking for DBUS
configure:12136: $PKG_CONFIG --exists --print-errors "dbus-1 >= 1.2.16"
configure:12139: $? = 0
configure:12153: $PKG_CONFIG --exists --print-errors "dbus-1 >= 1.2.16"
configure:12156: $? = 0
configure:12214: result: yes
configure:12224: checking for DBUS_GLIB
configure:12231: $PKG_CONFIG --exists --print-errors "gobject-2.0 >= 2.26, gio-2.0 >= 2.26"
configure:12234: $? = 0
configure:12248: $PKG_CONFIG --exists --print-errors "gobject-2.0 >= 2.26, gio-2.0 >= 2.26"
configure:12251: $? = 0
configure:12309: result: yes
configure:12315: checking for DBUS_GLIB_THREADS
configure:12322: $PKG_CONFIG --exists --print-errors "gthread-2.0 >= 2.6"
configure:12325: $? = 0
configure:12339: $PKG_CONFIG --exists --print-errors "gthread-2.0 >= 2.6"
configure:12342: $? = 0
configure:12380: result: yes
configure:12412: checking for gtkdoc-check
configure:12445: result: no
configure:12454: checking for gtkdoc-rebase
configure:12487: result: no
configure:12498: checking for gtkdoc-mkpdf
configure:12531: result: no
configure:12662: checking whether to build gtk-doc documentation
configure:12664: result: no
configure:13038: creating ./config.status

## ---------------------- ##
## Running config.status. ##
## ---------------------- ##

This file was extended by dbus-glib config.status 0.98, which was
generated by GNU Autoconf 2.68.  Invocation command line was

  CONFIG_FILES    = 
  CONFIG_HEADERS  = 
  CONFIG_LINKS    = 
  CONFIG_COMMANDS = 
  $ ./config.status 

on Chriss-iPad

config.status:1174: creating Makefile
config.status:1174: creating m4/Makefile
config.status:1174: creating doc/Makefile
config.status:1174: creating doc/reference/Makefile
config.status:1174: creating doc/reference/version.xml
config.status:1174: creating dbus/Makefile
config.status:1174: creating dbus/examples/Makefile
config.status:1174: creating dbus/examples/statemachine/Makefile
config.status:1174: creating test/Makefile
config.status:1174: creating test/core/Makefile
config.status:1174: creating test/interfaces/Makefile
config.status:1174: creating test/data/valid-service-files/debug-glib.service
config.status:1174: creating test/data/valid-service-files/debug-echo.service
config.status:1174: creating test/data/valid-service-files/interfaces-test.service
config.status:1174: creating tools/Makefile
config.status:1174: creating dbus-glib-1.pc
config.status:1174: creating dbus-glib-1-uninstalled.pc
config.status:1174: creating config.h
config.status:1403: executing depfiles commands
config.status:1403: executing libtool commands

## ---------------- ##
## Cache variables. ##
## ---------------- ##

ac_cv_build=arm-apple-darwin10.4.0
ac_cv_c_compiler_gnu=yes
ac_cv_env_CC_set=set
ac_cv_env_CC_value=/usr/bin/gcc
ac_cv_env_CFLAGS_set=
ac_cv_env_CFLAGS_value=
ac_cv_env_CPPFLAGS_set=
ac_cv_env_CPPFLAGS_value=
ac_cv_env_CPP_set=
ac_cv_env_CPP_value=
ac_cv_env_DBUS_CFLAGS_set=
ac_cv_env_DBUS_CFLAGS_value=
ac_cv_env_DBUS_GLIB_CFLAGS_set=
ac_cv_env_DBUS_GLIB_CFLAGS_value=
ac_cv_env_DBUS_GLIB_LIBS_set=
ac_cv_env_DBUS_GLIB_LIBS_value=
ac_cv_env_DBUS_GLIB_THREADS_CFLAGS_set=
ac_cv_env_DBUS_GLIB_THREADS_CFLAGS_value=
ac_cv_env_DBUS_GLIB_THREADS_LIBS_set=
ac_cv_env_DBUS_GLIB_THREADS_LIBS_value=
ac_cv_env_DBUS_LIBS_set=
ac_cv_env_DBUS_LIBS_value=
ac_cv_env_GTKDOC_DEPS_CFLAGS_set=
ac_cv_env_GTKDOC_DEPS_CFLAGS_value=
ac_cv_env_GTKDOC_DEPS_LIBS_set=
ac_cv_env_GTKDOC_DEPS_LIBS_value=
ac_cv_env_LDFLAGS_set=
ac_cv_env_LDFLAGS_value=
ac_cv_env_LIBS_set=
ac_cv_env_LIBS_value=
ac_cv_env_PKG_CONFIG_LIBDIR_set=
ac_cv_env_PKG_CONFIG_LIBDIR_value=
ac_cv_env_PKG_CONFIG_PATH_set=set
ac_cv_env_PKG_CONFIG_PATH_value=/usr/local/lib/pkgconfig:/usr/lib/pkgconfig
ac_cv_env_PKG_CONFIG_set=
ac_cv_env_PKG_CONFIG_value=
ac_cv_env_build_alias_set=
ac_cv_env_build_alias_value=
ac_cv_env_host_alias_set=
ac_cv_env_host_alias_value=
ac_cv_env_target_alias_set=
ac_cv_env_target_alias_value=
ac_cv_have_abstract_sockets=no
ac_cv_header_dlfcn_h=yes
ac_cv_header_expat_h=yes
ac_cv_header_inttypes_h=yes
ac_cv_header_memory_h=yes
ac_cv_header_stdc=yes
ac_cv_header_stdint_h=yes
ac_cv_header_stdlib_h=yes
ac_cv_header_string_h=yes
ac_cv_header_strings_h=yes
ac_cv_header_sys_stat_h=yes
ac_cv_header_sys_types_h=yes
ac_cv_header_unistd_h=yes
ac_cv_host=arm-apple-darwin10.4.0
ac_cv_lib_expat_XML_ParserCreate_MM=yes
ac_cv_objext=o
ac_cv_path_EGREP='/bin/grep -E'
ac_cv_path_FGREP='/bin/grep -F'
ac_cv_path_GREP=/bin/grep
ac_cv_path_SED=/bin/sed
ac_cv_path_ac_pt_PKG_CONFIG=/usr/bin/pkg-config
ac_cv_path_install='/usr/bin/install -c'
ac_cv_path_mkdir=/bin/mkdir
ac_cv_prog_AWK=gawk
ac_cv_prog_CPP='/usr/bin/gcc -E'
ac_cv_prog_ac_ct_AR=ar
ac_cv_prog_ac_ct_CC=/usr/bin/gcc
ac_cv_prog_ac_ct_LIPO=lipo
ac_cv_prog_ac_ct_NMEDIT=nmedit
ac_cv_prog_ac_ct_OBJDUMP=objdump
ac_cv_prog_ac_ct_OTOOL64=otool64
ac_cv_prog_ac_ct_OTOOL=otool
ac_cv_prog_ac_ct_RANLIB=ranlib
ac_cv_prog_ac_ct_STRIP=strip
ac_cv_prog_cc_c89=
ac_cv_prog_cc_g=yes
ac_cv_prog_make_make_set=yes
ac_cv_search_socket='none required'
ac_cv_search_strerror='none required'
am_cv_CC_dependencies_compiler_type=gcc3
lt_cv_apple_cc_single_mod=no
lt_cv_ar_at_file=no
lt_cv_deplibs_check_method=pass_all
lt_cv_file_magic_cmd='$MAGIC_CMD'
lt_cv_file_magic_test_file=
lt_cv_ld_exported_symbols_list=yes
lt_cv_ld_force_load=no
lt_cv_ld_reload_flag=-r
lt_cv_nm_interface='BSD nm'
lt_cv_objdir=.libs
lt_cv_path_LD=/usr/bin/ld
lt_cv_path_NM='/usr/bin/nm -p'
lt_cv_path_mainfest_tool=no
lt_cv_prog_compiler_c_o=yes
lt_cv_prog_compiler_pic='-fno-common -DPIC'
lt_cv_prog_compiler_pic_works=yes
lt_cv_prog_compiler_rtti_exceptions=no
lt_cv_prog_compiler_static_works=no
lt_cv_prog_gnu_ld=no
lt_cv_sharedlib_from_linklib_cmd='printf %s\n'
lt_cv_sys_global_symbol_pipe='sed -n -e '\''s/^.*[	 ]\([BCDEGRST][BCDEGRST]*\)[	 ][	 ]*_\([_A-Za-z][_A-Za-z0-9]*\)$/\1 _\2 \2/p'\'' | sed '\''/ __gnu_lto/d'\'''
lt_cv_sys_global_symbol_to_c_name_address='sed -n -e '\''s/^: \([^ ]*\)[ ]*$/  {\"\1\", (void *) 0},/p'\'' -e '\''s/^[BCDEGRST]* \([^ ]*\) \([^ ]*\)$/  {"\2", (void *) \&\2},/p'\'''
lt_cv_sys_global_symbol_to_c_name_address_lib_prefix='sed -n -e '\''s/^: \([^ ]*\)[ ]*$/  {\"\1\", (void *) 0},/p'\'' -e '\''s/^[BCDEGRST]* \([^ ]*\) \(lib[^ ]*\)$/  {"\2", (void *) \&\2},/p'\'' -e '\''s/^[BCDEGRST]* \([^ ]*\) \([^ ]*\)$/  {"lib\2", (void *) \&\2},/p'\'''
lt_cv_sys_global_symbol_to_cdecl='sed -n -e '\''s/^T .* \(.*\)$/extern int \1();/p'\'' -e '\''s/^[BCDEGRST]* .* \(.*\)$/extern char \1;/p'\'''
lt_cv_sys_max_cmd_len=196608
lt_cv_to_host_file_cmd=func_convert_file_noop
lt_cv_to_tool_file_cmd=func_convert_file_noop
pkg_cv_DBUS_CFLAGS='-I/usr/include/dbus-1.0 -I/usr/lib/dbus-1.0/include  '
pkg_cv_DBUS_GLIB_CFLAGS='-D_REENTRANT -I/usr/local/include/glib-2.0 -I/usr/local/lib/glib-2.0/include  '
pkg_cv_DBUS_GLIB_LIBS='-L/usr/local/lib -lgio-2.0 -lgobject-2.0 -lgmodule-2.0 -lgthread-2.0 -lglib-2.0 -lintl  '
pkg_cv_DBUS_GLIB_THREADS_CFLAGS='-D_REENTRANT -I/usr/local/include/glib-2.0 -I/usr/local/lib/glib-2.0/include  '
pkg_cv_DBUS_GLIB_THREADS_LIBS='-L/usr/local/lib -lgthread-2.0 -lglib-2.0 -lintl  '
pkg_cv_DBUS_LIBS='-ldbus-1 -lpthread  '

## ----------------- ##
## Output variables. ##
## ----------------- ##

ABSOLUTE_TOP_BUILDDIR='/home/chris/dbus-glib-0.98'
ACLOCAL='${SHELL} /home/chris/dbus-glib-0.98/missing --run aclocal-1.11 '
AMDEPBACKSLASH='\'
AMDEP_FALSE='#'
AMDEP_TRUE=''
AMTAR='${SHELL} /home/chris/dbus-glib-0.98/missing --run tar'
AM_BACKSLASH='\'
AM_DEFAULT_VERBOSITY='0'
AR='ar'
AUTOCONF='${SHELL} /home/chris/dbus-glib-0.98/missing --run autoconf'
AUTOHEADER='${SHELL} /home/chris/dbus-glib-0.98/missing --run autoheader'
AUTOMAKE='${SHELL} /home/chris/dbus-glib-0.98/missing --run automake-1.11'
AWK='gawk'
CC='/usr/bin/gcc'
CCDEPMODE='depmode=gcc3'
CFLAGS='-g -O2 -Wall -Wchar-subscripts -Wmissing-declarations -Wmissing-prototypes -Wnested-externs -Wpointer-arith -Wcast-align -Wfloat-equal -Wsign-compare -fno-strict-aliasing'
CPP='/usr/bin/gcc -E'
CPPFLAGS=''
CYGPATH_W='echo'
DBUS_BASH_COMPLETION_FALSE='#'
DBUS_BASH_COMPLETION_TRUE=''
DBUS_BINDING_TOOL='$(top_builddir)/dbus/dbus-binding-tool'
DBUS_BUILD_TESTS_FALSE=''
DBUS_BUILD_TESTS_TRUE='#'
DBUS_CFLAGS='-I/usr/include/dbus-1.0 -I/usr/lib/dbus-1.0/include  '
DBUS_GLIB_CFLAGS='-D_REENTRANT -I/usr/local/include/glib-2.0 -I/usr/local/lib/glib-2.0/include  '
DBUS_GLIB_LIBS='-L/usr/local/lib -lgio-2.0 -lgobject-2.0 -lgmodule-2.0 -lgthread-2.0 -lglib-2.0 -lintl  '
DBUS_GLIB_THREADS_CFLAGS='-D_REENTRANT -I/usr/local/include/glib-2.0 -I/usr/local/lib/glib-2.0/include  '
DBUS_GLIB_THREADS_LIBS='-L/usr/local/lib -lgthread-2.0 -lglib-2.0 -lintl  '
DBUS_GLIB_TOOL_CFLAGS=''
DBUS_GLIB_TOOL_LIBS='-lexpat'
DBUS_LIBS='-ldbus-1 -lpthread  '
DBUS_PATH_OR_ABSTRACT='path'
DEFS='-DHAVE_CONFIG_H'
DEPDIR='.deps'
DLLTOOL='false'
DSYMUTIL=':'
DUMPBIN=''
ECHO_C=''
ECHO_N='-n'
ECHO_T=''
EGREP='/bin/grep -E'
ENABLE_GTK_DOC_FALSE=''
ENABLE_GTK_DOC_TRUE='#'
EXEEXT=''
EXPANDED_BINDIR='/usr/local/bin'
EXPANDED_DATADIR='${prefix}/share'
EXPANDED_LIBDIR='/usr/local/lib'
EXPANDED_LOCALSTATEDIR='/usr/local/var'
EXPANDED_SYSCONFDIR='/usr/local/etc'
FGREP='/bin/grep -F'
GLIB_GENMARSHAL='glib-genmarshal'
GREP='/bin/grep'
GTKDOC_CHECK=''
GTKDOC_DEPS_CFLAGS=''
GTKDOC_DEPS_LIBS=''
GTKDOC_MKPDF=''
GTKDOC_REBASE='true'
GTK_DOC_BUILD_HTML_FALSE='#'
GTK_DOC_BUILD_HTML_TRUE=''
GTK_DOC_BUILD_PDF_FALSE=''
GTK_DOC_BUILD_PDF_TRUE='#'
GTK_DOC_USE_LIBTOOL_FALSE='#'
GTK_DOC_USE_LIBTOOL_TRUE=''
GTK_DOC_USE_REBASE_FALSE='#'
GTK_DOC_USE_REBASE_TRUE=''
HAVE_GLIB_THREADS_FALSE='#'
HAVE_GLIB_THREADS_TRUE=''
HTML_DIR='${datadir}/gtk-doc/html'
INSTALL_DATA='${INSTALL} -m 644'
INSTALL_PROGRAM='${INSTALL}'
INSTALL_SCRIPT='${INSTALL}'
INSTALL_STRIP_PROGRAM='$(install_sh) -c -s'
LD='/usr/bin/ld'
LDFLAGS=''
LIBOBJS=''
LIBS=''
LIBTOOL='$(SHELL) $(top_builddir)/libtool'
LIPO='lipo'
LN_S='ln -s'
LTLIBOBJS=''
LT_AGE='2'
LT_CURRENT='4'
LT_REVISION='2'
MAINT='#'
MAINTAINER_MODE_FALSE=''
MAINTAINER_MODE_TRUE='#'
MAKEINFO='${SHELL} /home/chris/dbus-glib-0.98/missing --run makeinfo'
MANIFEST_TOOL=':'
MKDIR_P='/bin/mkdir -p'
NM='/usr/bin/nm -p'
NMEDIT='nmedit'
OBJDUMP='objdump'
OBJEXT='o'
OTOOL64='otool64'
OTOOL='otool'
PACKAGE='dbus-glib'
PACKAGE_BUGREPORT='https://bugs.freedesktop.org/enter_bug.cgi?product=dbus'
PACKAGE_NAME='dbus-glib'
PACKAGE_STRING='dbus-glib 0.98'
PACKAGE_TARNAME='dbus-glib'
PACKAGE_URL=''
PACKAGE_VERSION='0.98'
PATH_SEPARATOR=':'
PKG_CONFIG='/usr/bin/pkg-config'
PKG_CONFIG_LIBDIR=''
PKG_CONFIG_PATH='/usr/local/lib/pkgconfig:/usr/lib/pkgconfig'
RANLIB='ranlib'
SED='/bin/sed'
SET_MAKE=''
SHELL='/bin/sh'
STRIP='strip'
TEST_CORE_SERVICE_BINARY='/home/chris/dbus-glib-0.98/test/core/test-service-glib'
TEST_EXIT_BINARY='/home/chris/dbus-glib-0.98/test/test-exit'
TEST_INTERFACES_SERVICE_BINARY='/home/chris/dbus-glib-0.98/test/interfaces/test-service'
TEST_SEGFAULT_BINARY='/home/chris/dbus-glib-0.98/test/test-segfault'
TEST_SERVICE_BINARY='/home/chris/dbus-glib-0.98/test/test-service'
TEST_SERVICE_DIR='/home/chris/dbus-glib-0.98/test/data/valid-service-files'
TEST_SHELL_SERVICE_BINARY='/home/chris/dbus-glib-0.98/test/test-shell-service'
TEST_SLEEP_FOREVER_BINARY='/home/chris/dbus-glib-0.98/test/test-sleep-forever'
TEST_SOCKET_DIR=''
VERSION='0.98'
ac_ct_AR='ar'
ac_ct_CC='/usr/bin/gcc'
ac_ct_DUMPBIN=''
am__EXEEXT_FALSE=''
am__EXEEXT_TRUE='#'
am__fastdepCC_FALSE='#'
am__fastdepCC_TRUE=''
am__include='include'
am__isrc=''
am__leading_dot='.'
am__quote=''
am__tar='${AMTAR} chof - "$$tardir"'
am__untar='${AMTAR} xf -'
bindir='${exec_prefix}/bin'
build='arm-apple-darwin10.4.0'
build_alias=''
build_cpu='arm'
build_os='darwin10.4.0'
build_vendor='apple'
datadir='${datarootdir}'
datarootdir='${prefix}/share'
docdir='${datarootdir}/doc/${PACKAGE_TARNAME}'
dvidir='${docdir}'
exec_prefix='${prefix}'
host='arm-apple-darwin10.4.0'
host_alias=''
host_cpu='arm'
host_os='darwin10.4.0'
host_vendor='apple'
htmldir='${docdir}'
includedir='${prefix}/include'
infodir='${datarootdir}/info'
install_sh='${SHELL} /home/chris/dbus-glib-0.98/install-sh'
libdir='${exec_prefix}/lib'
libexecdir='${exec_prefix}/libexec'
localedir='${datarootdir}/locale'
localstatedir='${prefix}/var'
mandir='${datarootdir}/man'
mkdir_p='/bin/mkdir -p'
oldincludedir='/usr/include'
pdfdir='${docdir}'
prefix='/usr/local'
program_transform_name='s,x,x,'
psdir='${docdir}'
sbindir='${exec_prefix}/sbin'
sharedstatedir='${prefix}/com'
sysconfdir='${prefix}/etc'
target_alias=''

## ----------- ##
## confdefs.h. ##
## ----------- ##

/* confdefs.h */
#define PACKAGE_NAME "dbus-glib"
#define PACKAGE_TARNAME "dbus-glib"
#define PACKAGE_VERSION "0.98"
#define PACKAGE_STRING "dbus-glib 0.98"
#define PACKAGE_BUGREPORT "https://bugs.freedesktop.org/enter_bug.cgi?product=dbus"
#define PACKAGE_URL ""
#define PACKAGE "dbus-glib"
#define VERSION "0.98"
#define STDC_HEADERS 1
#define DBUS_BASH_COMPLETION 1
#define DBUS_DISABLE_ASSERT 1
#define G_DISABLE_ASSERT 1
#define HAVE_SYS_TYPES_H 1
#define HAVE_SYS_STAT_H 1
#define HAVE_STDLIB_H 1
#define HAVE_STRING_H 1
#define HAVE_MEMORY_H 1
#define HAVE_STRINGS_H 1
#define HAVE_INTTYPES_H 1
#define HAVE_STDINT_H 1
#define HAVE_UNISTD_H 1
#define HAVE_DLFCN_H 1
#define LT_OBJDIR ".libs/"
#define HAVE_SOCKLEN_T 1
#define HAVE_EXPAT_H 1
#define TEST_SERVICE_DIR "/home/chris/dbus-glib-0.98/test/data/valid-service-files"
#define TEST_SERVICE_BINARY "/home/chris/dbus-glib-0.98/test/test-service"
#define TEST_SHELL_SERVICE_BINARY "/home/chris/dbus-glib-0.98/test/test-shell-service"
#define TEST_CORE_SERVICE_BINARY "/home/chris/dbus-glib-0.98/test/core/test-service-glib"
#define TEST_INTERFACES_SERVICE_BINARY "/home/chris/dbus-glib-0.98/test/interfaces/test-service"
#define TEST_EXIT_BINARY "/home/chris/dbus-glib-0.98/test/test-exit"
#define TEST_SEGFAULT_BINARY "/home/chris/dbus-glib-0.98/test/test-segfault"
#define TEST_SLEEP_FOREVER_BINARY "/home/chris/dbus-glib-0.98/test/test-sleep-forever"
#define DBUS_TEST_SOCKET_DIR ""

configure: exit 0
