This file contains any messages produced by compilers while
running configure, to aid debugging if configure makes a mistake.

It was created by bitmap configure 1.0.3, which was
generated by GNU Autoconf 2.60.  Invocation command line was

  $ ./configure 

## --------- ##
## Platform. ##
## --------- ##

hostname = Chriss-iPad
uname -m = iPad1,1
uname -r = 10.4.0
uname -s = Darwin
uname -v = Darwin Kernel Version 10.4.0: Wed Oct 20 20:14:45 PDT 2010; root:xnu-1504.58.28~3/RELEASE_ARM_S5L8930X

/usr/bin/uname -p = unknown
/bin/uname -X     = unknown

/bin/arch              = unknown
/usr/bin/arch -k       = unknown
/usr/convex/getsysinfo = unknown
/usr/bin/hostinfo      = Mach kernel version:
	 Darwin Kernel Version 10.4.0: Wed Oct 20 20:14:45 PDT 2010; root:xnu-1504.58.28~3/RELEASE_ARM_S5L8930X
Kernel configured for a single processor only.
1 processor is physically available.
1 processor is logically available.
Processor type: armv7 (arm v7)
Processor active: 0
Primary memory available: 247.00 megabytes
Default processor set: 35 tasks, 250 threads, 1 processors
Load average: 1.47, Mach factor: 0.21
/bin/machine           = unknown
/usr/bin/oslevel       = unknown
/bin/universe          = unknown

PATH: /usr/local/sbin
PATH: /usr/local/bin
PATH: /usr/sbin
PATH: /usr/bin
PATH: /sbin
PATH: /bin
PATH: /usr/bin/X11
PATH: /usr/games
PATH: /var/mobile/ocaml-3.12.0/bin


## ----------- ##
## Core tests. ##
## ----------- ##

configure:1794: checking for a BSD-compatible install
configure:1850: result: /usr/bin/install -c
configure:1861: checking whether build environment is sane
configure:1904: result: yes
configure:1969: checking for gawk
configure:1985: found /usr/bin/gawk
configure:1996: result: gawk
configure:2007: checking whether make sets $(MAKE)
configure:2028: result: yes
configure:2212: checking whether to enable maintainer-specific portions of Makefiles
configure:2221: result: no
configure:2288: checking for gcc
configure:2315: result: /usr/bin/gcc
configure:2553: checking for C compiler version
configure:2560: /usr/bin/gcc --version >&5
gcc (GCC) 4.2.1 (Based on Apple Inc. build 5555)
Copyright (C) 2007 Free Software Foundation, Inc.
This is free software; see the source for copying conditions.  There is NO
warranty; not even for MERCHANTABILITY or FITNESS FOR A PARTICULAR PURPOSE.

configure:2563: $? = 0
configure:2570: /usr/bin/gcc -v >&5
Using built-in specs.
Target: arm-apple-darwin9
Configured with: ../llvm-gcc-4.2/configure --build=x86_64-unknown-linux-gnu --host=arm-apple-darwin9 --enable-static=no --enable-shared=yes --prefix=/usr --localstatedir=/var/cache/iphone-gcc --enable-languages=c,c++,objc,obj-c++ --enable-wchar_t=no --with-gxx-include-dir=/usr/include/c++/4.0.0
Thread model: posix
gcc version 4.2.1 (Based on Apple Inc. build 5555)
configure:2573: $? = 0
configure:2580: /usr/bin/gcc -V >&5
gcc: '-V' option must have argument
configure:2583: $? = 1
configure:2606: checking for C compiler default output file name
configure:2633: /usr/bin/gcc    conftest.c  >&5
configure:2636: $? = 0
configure:2682: result: a.out
configure:2687: checking whether the C compiler works
configure:2697: ./a.out
configure:2700: $? = 0
configure:2717: result: yes
configure:2724: checking whether we are cross compiling
configure:2726: result: no
configure:2729: checking for suffix of executables
configure:2736: /usr/bin/gcc -o conftest    conftest.c  >&5
configure:2739: $? = 0
configure:2763: result: 
configure:2769: checking for suffix of object files
configure:2795: /usr/bin/gcc -c   conftest.c >&5
configure:2798: $? = 0
configure:2821: result: o
configure:2825: checking whether we are using the GNU C compiler
configure:2854: /usr/bin/gcc -c   conftest.c >&5
configure:2860: $? = 0
configure:2867: test -z "$ac_c_werror_flag" || test ! -s conftest.err
configure:2870: $? = 0
configure:2877: test -s conftest.o
configure:2880: $? = 0
configure:2894: result: yes
configure:2899: checking whether /usr/bin/gcc accepts -g
configure:2929: /usr/bin/gcc -c -g  conftest.c >&5
configure:2935: $? = 0
configure:2942: test -z "$ac_c_werror_flag" || test ! -s conftest.err
configure:2945: $? = 0
configure:2952: test -s conftest.o
configure:2955: $? = 0
configure:3085: result: yes
configure:3102: checking for /usr/bin/gcc option to accept ISO C89
configure:3176: /usr/bin/gcc  -c -g -O2  conftest.c >&5
configure:3182: $? = 0
configure:3189: test -z "$ac_c_werror_flag" || test ! -s conftest.err
configure:3192: $? = 0
configure:3199: test -s conftest.o
configure:3202: $? = 0
configure:3222: result: none needed
configure:3251: checking for style of include used by make
configure:3279: result: GNU
configure:3307: checking dependency style of /usr/bin/gcc
configure:3397: result: gcc3
configure:3427: checking for a BSD-compatible install
configure:3483: result: /usr/bin/install -c
configure:3496: checking for mkstemp
configure:3552: /usr/bin/gcc -o conftest -g -O2   conftest.c  >&5
configure:3558: $? = 0
configure:3565: test -z "$ac_c_werror_flag" || test ! -s conftest.err
configure:3568: $? = 0
configure:3575: test -s conftest
configure:3578: $? = 0
configure:3591: result: yes
configure:3652: checking for pkg-config
configure:3670: found /usr/bin/pkg-config
configure:3682: result: /usr/bin/pkg-config
configure:3711: checking pkg-config is at least version 0.9.0
configure:3714: result: yes
configure:3725: checking for BMTOA
configure:3730: $PKG_CONFIG --exists --print-errors "x11 xmu"
configure:3733: $? = 0
configure:3744: $PKG_CONFIG --exists --print-errors "x11 xmu"
configure:3747: $? = 0
configure:3802: result: yes
configure:3812: checking for ATOBM
configure:3817: $PKG_CONFIG --exists --print-errors "x11"
configure:3820: $? = 0
configure:3831: $PKG_CONFIG --exists --print-errors "x11"
configure:3834: $? = 0
configure:3889: result: yes
configure:3921: checking for TMP_XAW
configure:3926: $PKG_CONFIG --exists --print-errors "$TMP_CHECK1"
Package xaw8 was not found in the pkg-config search path.
Perhaps you should add the directory containing `xaw8.pc'
to the PKG_CONFIG_PATH environment variable
No package 'xaw8' found
configure:3929: $? = 1
configure:3940: $PKG_CONFIG --exists --print-errors "$TMP_CHECK1"
Package xaw8 was not found in the pkg-config search path.
Perhaps you should add the directory containing `xaw8.pc'
to the PKG_CONFIG_PATH environment variable
No package 'xaw8' found
configure:3943: $? = 1
Package xaw8 was not found in the pkg-config search path.
Perhaps you should add the directory containing `xaw8.pc'
to the PKG_CONFIG_PATH environment variable
No package 'xaw8' found
configure:3972: checking for TMP_XAW
configure:3977: $PKG_CONFIG --exists --print-errors "$TMP_CHECK2"
configure:3980: $? = 0
configure:3991: $PKG_CONFIG --exists --print-errors "$TMP_CHECK2"
configure:3994: $? = 0
configure:4015: result: yes
configure:4045: checking for XBITMAPS
configure:4050: $PKG_CONFIG --exists --print-errors "xbitmaps"
configure:4053: $? = 0
configure:4064: $PKG_CONFIG --exists --print-errors "xbitmaps"
configure:4067: $? = 0
configure:4122: result: yes
configure:4137: checking for APPDEFS
configure:4142: $PKG_CONFIG --exists --print-errors "xt"
configure:4145: $? = 0
configure:4156: $PKG_CONFIG --exists --print-errors "xt"
configure:4159: $? = 0
configure:4214: result: yes
configure:4227: checking build system type
configure:4245: result: arm-apple-darwin10.4.0
configure:4267: checking host system type
configure:4282: result: arm-apple-darwin10.4.0
configure:4545: creating ./config.status

## ---------------------- ##
## Running config.status. ##
## ---------------------- ##

This file was extended by bitmap config.status 1.0.3, which was
generated by GNU Autoconf 2.60.  Invocation command line was

  CONFIG_FILES    = 
  CONFIG_HEADERS  = 
  CONFIG_LINKS    = 
  CONFIG_COMMANDS = 
  $ ./config.status 

on Chriss-iPad

config.status:659: creating Makefile
config.status:659: creating config.h
config.status:919: executing depfiles commands

## ---------------- ##
## Cache variables. ##
## ---------------- ##

ac_cv_build=arm-apple-darwin10.4.0
ac_cv_c_compiler_gnu=yes
ac_cv_env_APPDEFS_CFLAGS_set=
ac_cv_env_APPDEFS_CFLAGS_value=
ac_cv_env_APPDEFS_LIBS_set=
ac_cv_env_APPDEFS_LIBS_value=
ac_cv_env_ATOBM_CFLAGS_set=
ac_cv_env_ATOBM_CFLAGS_value=
ac_cv_env_ATOBM_LIBS_set=
ac_cv_env_ATOBM_LIBS_value=
ac_cv_env_BMTOA_CFLAGS_set=
ac_cv_env_BMTOA_CFLAGS_value=
ac_cv_env_BMTOA_LIBS_set=
ac_cv_env_BMTOA_LIBS_value=
ac_cv_env_CC_set=set
ac_cv_env_CC_value=/usr/bin/gcc
ac_cv_env_CFLAGS_set=
ac_cv_env_CFLAGS_value=
ac_cv_env_CPPFLAGS_set=
ac_cv_env_CPPFLAGS_value=
ac_cv_env_LDFLAGS_set=
ac_cv_env_LDFLAGS_value=
ac_cv_env_PKG_CONFIG_set=
ac_cv_env_PKG_CONFIG_value=
ac_cv_env_TMP_XAW_CFLAGS_set=
ac_cv_env_TMP_XAW_CFLAGS_value=
ac_cv_env_TMP_XAW_LIBS_set=
ac_cv_env_TMP_XAW_LIBS_value=
ac_cv_env_XBITMAPS_CFLAGS_set=
ac_cv_env_XBITMAPS_CFLAGS_value=
ac_cv_env_XBITMAPS_LIBS_set=
ac_cv_env_XBITMAPS_LIBS_value=
ac_cv_env_build_alias_set=
ac_cv_env_build_alias_value=
ac_cv_env_host_alias_set=
ac_cv_env_host_alias_value=
ac_cv_env_target_alias_set=
ac_cv_env_target_alias_value=
ac_cv_func_mkstemp=yes
ac_cv_host=arm-apple-darwin10.4.0
ac_cv_objext=o
ac_cv_path_ac_pt_PKG_CONFIG=/usr/bin/pkg-config
ac_cv_path_install='/usr/bin/install -c'
ac_cv_prog_AWK=gawk
ac_cv_prog_ac_ct_CC=/usr/bin/gcc
ac_cv_prog_cc_c89=
ac_cv_prog_cc_g=yes
ac_cv_prog_make_make_set=yes
am_cv_CC_dependencies_compiler_type=gcc3
pkg_cv_APPDEFS_CFLAGS=' '
pkg_cv_APPDEFS_LIBS='-L/usr/local/lib -lXt -lX11 -lSM -lICE  '
pkg_cv_ATOBM_CFLAGS=' '
pkg_cv_ATOBM_LIBS='-L/usr/local/lib -lX11  '
pkg_cv_BMTOA_CFLAGS=' '
pkg_cv_BMTOA_LIBS='-L/usr/local/lib -lXmu -lXt -lX11 -lSM -lICE  '
pkg_cv_TMP_XAW_CFLAGS=' '
pkg_cv_TMP_XAW_LIBS='-L/usr/local/lib -lXaw7 -lXmu -lXt -lX11 -lSM -lICE  '
pkg_cv_XBITMAPS_CFLAGS=' '
pkg_cv_XBITMAPS_LIBS=' '

## ----------------- ##
## Output variables. ##
## ----------------- ##

ACLOCAL='${SHELL} /home/chris/xorg/bitmap-1.0.3/missing --run aclocal-1.9'
ADMIN_MAN_DIR='$(mandir)/man$(ADMIN_MAN_SUFFIX)'
ADMIN_MAN_SUFFIX='8'
AMDEPBACKSLASH='\'
AMDEP_FALSE='#'
AMDEP_TRUE=''
AMTAR='${SHELL} /home/chris/xorg/bitmap-1.0.3/missing --run tar'
APPDEFS_CFLAGS=' '
APPDEFS_LIBS='-L/usr/local/lib -lXt -lX11 -lSM -lICE  '
APP_MAN_DIR='$(mandir)/man$(APP_MAN_SUFFIX)'
APP_MAN_SUFFIX='1'
ATOBM_CFLAGS=' '
ATOBM_LIBS='-L/usr/local/lib -lX11  '
AUTOCONF='${SHELL} /home/chris/xorg/bitmap-1.0.3/missing --run autoconf'
AUTOHEADER='${SHELL} /home/chris/xorg/bitmap-1.0.3/missing --run autoheader'
AUTOMAKE='${SHELL} /home/chris/xorg/bitmap-1.0.3/missing --run automake-1.9'
AWK='gawk'
BITMAP_CFLAGS='   '
BITMAP_LIBS='-L/usr/local/lib -lXaw7 -lXmu -lXt -lX11 -lSM -lICE    '
BMTOA_CFLAGS=' '
BMTOA_LIBS='-L/usr/local/lib -lXmu -lXt -lX11 -lSM -lICE  '
CC='/usr/bin/gcc'
CCDEPMODE='depmode=gcc3'
CFLAGS='-g -O2'
CPPFLAGS=''
CYGPATH_W='echo'
DEFS='-DHAVE_CONFIG_H'
DEPDIR='.deps'
DRIVER_MAN_DIR='$(mandir)/man$(DRIVER_MAN_SUFFIX)'
DRIVER_MAN_SUFFIX='4'
ECHO_C=''
ECHO_N='-n'
ECHO_T=''
EXEEXT=''
FILE_MAN_DIR='$(mandir)/man$(FILE_MAN_SUFFIX)'
FILE_MAN_SUFFIX='5'
INSTALL_DATA='${INSTALL} -m 644'
INSTALL_PROGRAM='${INSTALL}'
INSTALL_SCRIPT='${INSTALL}'
INSTALL_STRIP_PROGRAM='${SHELL} $(install_sh) -c -s'
LDFLAGS=''
LIBOBJS=''
LIBS=''
LIB_MAN_DIR='$(mandir)/man$(LIB_MAN_SUFFIX)'
LIB_MAN_SUFFIX='3'
LTLIBOBJS=''
MAINT='#'
MAINTAINER_MODE_FALSE=''
MAINTAINER_MODE_TRUE='#'
MAKEINFO='${SHELL} /home/chris/xorg/bitmap-1.0.3/missing --run makeinfo'
MISC_MAN_DIR='$(mandir)/man$(MISC_MAN_SUFFIX)'
MISC_MAN_SUFFIX='7'
OBJEXT='o'
PACKAGE='bitmap'
PACKAGE_BUGREPORT='https://bugs.freedesktop.org/enter_bug.cgi?product=xorg'
PACKAGE_NAME='bitmap'
PACKAGE_STRING='bitmap 1.0.3'
PACKAGE_TARNAME='bitmap'
PACKAGE_VERSION='1.0.3'
PATH_SEPARATOR=':'
PKG_CONFIG='/usr/bin/pkg-config'
SET_MAKE=''
SHELL='/bin/sh'
STRIP=''
TMP_XAW_CFLAGS=' '
TMP_XAW_LIBS='-L/usr/local/lib -lXaw7 -lXmu -lXt -lX11 -lSM -lICE  '
VERSION='1.0.3'
XAW_USE_XPRINT_FALSE=''
XAW_USE_XPRINT_TRUE='#'
XBITMAPS_CFLAGS=' '
XBITMAPS_LIBS=' '
ac_ct_CC='/usr/bin/gcc'
am__fastdepCC_FALSE='#'
am__fastdepCC_TRUE=''
am__include='include'
am__leading_dot='.'
am__quote=''
am__tar='${AMTAR} chof - "$$tardir"'
am__untar='${AMTAR} xf -'
appdefaultdir='/usr/local/share/X11/app-defaults'
bindir='${exec_prefix}/bin'
build='arm-apple-darwin10.4.0'
build_alias=''
build_cpu='arm'
build_os='darwin10.4.0'
build_vendor='apple'
datadir='${datarootdir}'
datarootdir='${prefix}/share'
docdir='${datarootdir}/doc/${PACKAGE_TARNAME}'
dvidir='${docdir}'
exec_prefix='${prefix}'
host='arm-apple-darwin10.4.0'
host_alias=''
host_cpu='arm'
host_os='darwin10.4.0'
host_vendor='apple'
htmldir='${docdir}'
includedir='${prefix}/include'
infodir='${datarootdir}/info'
install_sh='/home/chris/xorg/bitmap-1.0.3/install-sh'
libdir='${exec_prefix}/lib'
libexecdir='${exec_prefix}/libexec'
localedir='${datarootdir}/locale'
localstatedir='${prefix}/var'
mandir='${datarootdir}/man'
mkdir_p='mkdir -p --'
oldincludedir='/usr/include'
pdfdir='${docdir}'
prefix='/usr/local'
program_transform_name='s,x,x,'
psdir='${docdir}'
sbindir='${exec_prefix}/sbin'
sharedstatedir='${prefix}/com'
sysconfdir='${prefix}/etc'
target_alias=''

## ----------- ##
## confdefs.h. ##
## ----------- ##

#define PACKAGE_NAME "bitmap"
#define PACKAGE_TARNAME "bitmap"
#define PACKAGE_VERSION "1.0.3"
#define PACKAGE_STRING "bitmap 1.0.3"
#define PACKAGE_BUGREPORT "https://bugs.freedesktop.org/enter_bug.cgi?product=xorg"
#define PACKAGE "bitmap"
#define VERSION "1.0.3"
#define HAS_MKSTEMP 1
#define PACKAGE_VERSION_MAJOR 1
#define PACKAGE_VERSION_MINOR 0
#define PACKAGE_VERSION_PATCHLEVEL 3

configure: exit 0
