This file contains any messages produced by compilers while
running configure, to aid debugging if configure makes a mistake.

It was created by gtksourceview configure 2.9.7, which was
generated by GNU Autoconf 2.65.  Invocation command line was

  $ ./configure 

## --------- ##
## Platform. ##
## --------- ##

hostname = Chriss-iPad
uname -m = iPad1,1
uname -r = 11.0.0
uname -s = Darwin
uname -v = Darwin Kernel Version 11.0.0: Sun Apr  8 21:51:26 PDT 2012; root:xnu-1878.11.10~1/RELEASE_ARM_S5L8930X

/usr/bin/uname -p = unknown
/bin/uname -X     = unknown

/bin/arch              = unknown
/usr/bin/arch -k       = unknown
/usr/convex/getsysinfo = unknown
/usr/bin/hostinfo      = Mach kernel version:
	 Darwin Kernel Version 11.0.0: Sun Apr  8 21:51:26 PDT 2012; root:xnu-1878.11.10~1/RELEASE_ARM_S5L8930X
Kernel configured for a single processor only.
1 processor is physically available.
1 processor is logically available.
Processor type: armv7 (arm v7)
Processor active: 0
Primary memory available: 246.98 megabytes
Default processor set: 36 tasks, 245 threads, 1 processors
Load average: 4.09, Mach factor: 0.18
/bin/machine           = unknown
/usr/bin/oslevel       = unknown
/bin/universe          = unknown

PATH: /usr/local/sbin
PATH: /usr/local/bin
PATH: /usr/sbin
PATH: /usr/bin
PATH: /sbin
PATH: /bin
PATH: /usr/bin/X11
PATH: /usr/games
PATH: /usr/local/Gambit-C/bin


## ----------- ##
## Core tests. ##
## ----------- ##

configure:2464: checking for a BSD-compatible install
configure:2532: result: /usr/bin/install -c
configure:2543: checking whether build environment is sane
configure:2593: result: yes
configure:2734: checking for a thread-safe mkdir -p
configure:2773: result: /bin/mkdir -p
configure:2786: checking for gawk
configure:2802: found /usr/bin/gawk
configure:2813: result: gawk
configure:2824: checking whether make sets $(MAKE)
configure:2846: result: yes
configure:2931: checking whether to enable maintainer-specific portions of Makefiles
configure:2940: result: no
configure:2978: checking for style of include used by make
configure:3006: result: GNU
configure:3076: checking for gcc
configure:3103: result: /usr/bin/gcc
configure:3332: checking for C compiler version
configure:3341: /usr/bin/gcc --version >&5
gcc (GCC) 4.2.1 (Based on Apple Inc. build 5555)
Copyright (C) 2007 Free Software Foundation, Inc.
This is free software; see the source for copying conditions.  There is NO
warranty; not even for MERCHANTABILITY or FITNESS FOR A PARTICULAR PURPOSE.

configure:3352: $? = 0
configure:3341: /usr/bin/gcc -v >&5
Using built-in specs.
Target: arm-apple-darwin9
Configured with: ../llvm-gcc-4.2/configure --build=x86_64-unknown-linux-gnu --host=arm-apple-darwin9 --enable-static=no --enable-shared=yes --prefix=/usr --localstatedir=/var/cache/iphone-gcc --enable-languages=c,c++,objc,obj-c++ --enable-wchar_t=no --with-gxx-include-dir=/usr/include/c++/4.0.0
Thread model: posix
gcc version 4.2.1 (Based on Apple Inc. build 5555)
configure:3352: $? = 0
configure:3341: /usr/bin/gcc -V >&5
gcc: '-V' option must have argument
configure:3352: $? = 1
configure:3341: /usr/bin/gcc -qversion >&5
gcc: no input files
configure:3352: $? = 1
configure:3372: checking whether the C compiler works
configure:3394: /usr/bin/gcc    conftest.c  >&5
configure:3398: $? = 0
configure:3447: result: yes
configure:3450: checking for C compiler default output file name
configure:3452: result: a.out
configure:3458: checking for suffix of executables
configure:3465: /usr/bin/gcc -o conftest    conftest.c  >&5
configure:3469: $? = 0
configure:3491: result: 
configure:3513: checking whether we are cross compiling
configure:3521: /usr/bin/gcc -o conftest    conftest.c  >&5
configure:3525: $? = 0
configure:3532: ./conftest
./configure: line 3534: 11494 Killed: 9               ./conftest$ac_cv_exeext
configure:3536: $? = 137
configure:3548: result: no
configure:3553: checking for suffix of object files
configure:3575: /usr/bin/gcc -c   conftest.c >&5
configure:3579: $? = 0
configure:3600: result: o
configure:3604: checking whether we are using the GNU C compiler
configure:3623: /usr/bin/gcc -c   conftest.c >&5
configure:3623: $? = 0
configure:3632: result: yes
configure:3641: checking whether /usr/bin/gcc accepts -g
configure:3661: /usr/bin/gcc -c -g  conftest.c >&5
configure:3661: $? = 0
configure:3702: result: yes
configure:3719: checking for /usr/bin/gcc option to accept ISO C89
configure:3783: /usr/bin/gcc  -c -g -O2  conftest.c >&5
configure:3783: $? = 0
configure:3796: result: none needed
configure:3818: checking dependency style of /usr/bin/gcc
configure:3928: result: gcc3
configure:3944: checking for library containing strerror
configure:3975: /usr/bin/gcc -o conftest -g -O2   conftest.c  >&5
configure:3975: $? = 0
configure:3992: result: none required
configure:4048: checking for gcc
configure:4075: result: /usr/bin/gcc
configure:4304: checking for C compiler version
configure:4313: /usr/bin/gcc --version >&5
gcc (GCC) 4.2.1 (Based on Apple Inc. build 5555)
Copyright (C) 2007 Free Software Foundation, Inc.
This is free software; see the source for copying conditions.  There is NO
warranty; not even for MERCHANTABILITY or FITNESS FOR A PARTICULAR PURPOSE.

configure:4324: $? = 0
configure:4313: /usr/bin/gcc -v >&5
Using built-in specs.
Target: arm-apple-darwin9
Configured with: ../llvm-gcc-4.2/configure --build=x86_64-unknown-linux-gnu --host=arm-apple-darwin9 --enable-static=no --enable-shared=yes --prefix=/usr --localstatedir=/var/cache/iphone-gcc --enable-languages=c,c++,objc,obj-c++ --enable-wchar_t=no --with-gxx-include-dir=/usr/include/c++/4.0.0
Thread model: posix
gcc version 4.2.1 (Based on Apple Inc. build 5555)
configure:4324: $? = 0
configure:4313: /usr/bin/gcc -V >&5
gcc: '-V' option must have argument
configure:4324: $? = 1
configure:4313: /usr/bin/gcc -qversion >&5
gcc: no input files
configure:4324: $? = 1
configure:4328: checking whether we are using the GNU C compiler
configure:4356: result: yes
configure:4365: checking whether /usr/bin/gcc accepts -g
configure:4426: result: yes
configure:4443: checking for /usr/bin/gcc option to accept ISO C89
configure:4520: result: none needed
configure:4542: checking dependency style of /usr/bin/gcc
configure:4652: result: gcc3
configure:4728: checking build system type
configure:4742: result: arm-apple-darwin11.0.0
configure:4762: checking host system type
configure:4775: result: arm-apple-darwin11.0.0
configure:4795: checking for a sed that does not truncate output
configure:4859: result: /bin/sed
configure:4877: checking for grep that handles long lines and -e
configure:4935: result: /bin/grep
configure:4940: checking for egrep
configure:5002: result: /bin/grep -E
configure:5007: checking for fgrep
configure:5069: result: /bin/grep -F
configure:5104: checking for ld used by /usr/bin/gcc
configure:5171: result: /usr/bin/ld
configure:5178: checking if the linker (/usr/bin/ld) is GNU ld
configure:5193: result: no
configure:5205: checking for BSD- or MS-compatible name lister (nm)
configure:5254: result: /usr/bin/nm -p
configure:5372: checking the name lister (/usr/bin/nm -p) interface
configure:5382: /usr/bin/gcc -c -g -O2  conftest.c >&5
configure:5385: /usr/bin/nm -p "conftest.o"
configure:5388: output
00000000 D _some_variable
configure:5392: result: BSD nm
configure:5395: checking whether ln -s works
configure:5399: result: yes
configure:5407: checking the maximum length of command line arguments
configure:5527: result: 196608
configure:5544: checking whether the shell understands some XSI constructs
configure:5554: result: yes
configure:5558: checking whether the shell understands "+="
configure:5564: result: yes
configure:5599: checking for /usr/bin/ld option to reload object files
configure:5606: result: -r
configure:5675: checking for objdump
configure:5691: found /usr/bin/objdump
configure:5702: result: objdump
configure:5734: checking how to recognize dependent libraries
configure:5930: result: pass_all
configure:5990: checking for ar
configure:6006: found /usr/bin/ar
configure:6017: result: ar
configure:6095: checking for strip
configure:6111: found /usr/bin/strip
configure:6122: result: strip
configure:6194: checking for ranlib
configure:6210: found /usr/bin/ranlib
configure:6221: result: ranlib
configure:6311: checking command to parse /usr/bin/nm -p output from /usr/bin/gcc object
configure:6429: /usr/bin/gcc -c -g -O2  conftest.c >&5
configure:6432: $? = 0
configure:6436: /usr/bin/nm -p conftest.o \| sed -n -e 's/^.*[	 ]\([BCDEGRST][BCDEGRST]*\)[	 ][	 ]*\([_A-Za-z][_A-Za-z0-9]*\)$/\1 \2 \2/p' \> conftest.nm
configure:6439: $? = 0
cannot find nm_test_var in conftest.nm
configure:6429: /usr/bin/gcc -c -g -O2  conftest.c >&5
configure:6432: $? = 0
configure:6436: /usr/bin/nm -p conftest.o \| sed -n -e 's/^.*[	 ]\([BCDEGRST][BCDEGRST]*\)[	 ][	 ]*_\([_A-Za-z][_A-Za-z0-9]*\)$/\1 _\2 \2/p' \> conftest.nm
configure:6439: $? = 0
configure:6493: /usr/bin/gcc -o conftest -g -O2   conftest.c conftstm.o >&5
configure:6496: $? = 0
configure:6534: result: ok
configure:6798: checking for dsymutil
configure:6828: result: no
configure:6890: checking for nmedit
configure:6906: found /usr/bin/nmedit
configure:6917: result: nmedit
configure:6982: checking for lipo
configure:6998: found /usr/bin/lipo
configure:7009: result: lipo
configure:7074: checking for otool
configure:7090: found /usr/bin/otool
configure:7101: result: otool
configure:7166: checking for otool64
configure:7182: found /usr/bin/otool64
configure:7193: result: otool64
configure:7241: checking for -single_module linker flag
/usr/bin/gcc -g -O2  -o libconftest.dylib -dynamiclib -Wl,-single_module conftest.c
configure:7268: result: yes
configure:7270: checking for -exported_symbols_list linker flag
configure:7290: /usr/bin/gcc -o conftest -g -O2   -Wl,-exported_symbols_list,conftest.sym conftest.c  >&5
configure:7290: $? = 0
configure:7300: result: yes
configure:7342: checking how to run the C preprocessor
configure:7373: /usr/bin/gcc -E  conftest.c
configure:7373: $? = 0
configure:7387: /usr/bin/gcc -E  conftest.c
conftest.c:11:28: error: ac_nonexistent.h: No such file or directory
configure:7387: $? = 1
configure: failed program was:
| /* confdefs.h */
| #define PACKAGE_NAME "gtksourceview"
| #define PACKAGE_TARNAME "gtksourceview"
| #define PACKAGE_VERSION "2.9.7"
| #define PACKAGE_STRING "gtksourceview 2.9.7"
| #define PACKAGE_BUGREPORT "http://bugzilla.gnome.org/enter_bug.cgi?product=gtksourceview"
| #define PACKAGE_URL ""
| #define PACKAGE "gtksourceview"
| #define VERSION "2.9.7"
| /* end confdefs.h.  */
| #include <ac_nonexistent.h>
configure:7412: result: /usr/bin/gcc -E
configure:7432: /usr/bin/gcc -E  conftest.c
configure:7432: $? = 0
configure:7446: /usr/bin/gcc -E  conftest.c
conftest.c:11:28: error: ac_nonexistent.h: No such file or directory
configure:7446: $? = 1
configure: failed program was:
| /* confdefs.h */
| #define PACKAGE_NAME "gtksourceview"
| #define PACKAGE_TARNAME "gtksourceview"
| #define PACKAGE_VERSION "2.9.7"
| #define PACKAGE_STRING "gtksourceview 2.9.7"
| #define PACKAGE_BUGREPORT "http://bugzilla.gnome.org/enter_bug.cgi?product=gtksourceview"
| #define PACKAGE_URL ""
| #define PACKAGE "gtksourceview"
| #define VERSION "2.9.7"
| /* end confdefs.h.  */
| #include <ac_nonexistent.h>
configure:7475: checking for ANSI C header files
configure:7495: /usr/bin/gcc -c -g -O2  conftest.c >&5
configure:7495: $? = 0
configure:7568: /usr/bin/gcc -o conftest -g -O2   conftest.c  >&5
configure:7568: $? = 0
configure:7568: ./conftest
./configure: line 1892: 11853 Killed: 9               ./conftest$ac_exeext
configure:7568: $? = 137
configure: program exited with status 137
configure: failed program was:
| /* confdefs.h */
| #define PACKAGE_NAME "gtksourceview"
| #define PACKAGE_TARNAME "gtksourceview"
| #define PACKAGE_VERSION "2.9.7"
| #define PACKAGE_STRING "gtksourceview 2.9.7"
| #define PACKAGE_BUGREPORT "http://bugzilla.gnome.org/enter_bug.cgi?product=gtksourceview"
| #define PACKAGE_URL ""
| #define PACKAGE "gtksourceview"
| #define VERSION "2.9.7"
| /* end confdefs.h.  */
| #include <ctype.h>
| #include <stdlib.h>
| #if ((' ' & 0x0FF) == 0x020)
| # define ISLOWER(c) ('a' <= (c) && (c) <= 'z')
| # define TOUPPER(c) (ISLOWER(c) ? 'A' + ((c) - 'a') : (c))
| #else
| # define ISLOWER(c) 		   (('a' <= (c) && (c) <= 'i') 		     || ('j' <= (c) && (c) <= 'r') 		     || ('s' <= (c) && (c) <= 'z'))
| # define TOUPPER(c) (ISLOWER(c) ? ((c) | 0x40) : (c))
| #endif
| 
| #define XOR(e, f) (((e) && !(f)) || (!(e) && (f)))
| int
| main ()
| {
|   int i;
|   for (i = 0; i < 256; i++)
|     if (XOR (islower (i), ISLOWER (i))
| 	|| toupper (i) != TOUPPER (i))
|       return 2;
|   return 0;
| }
configure:7579: result: no
configure:7592: checking for sys/types.h
configure:7592: /usr/bin/gcc -c -g -O2  conftest.c >&5
configure:7592: $? = 0
configure:7592: result: yes
configure:7592: checking for sys/stat.h
configure:7592: /usr/bin/gcc -c -g -O2  conftest.c >&5
configure:7592: $? = 0
configure:7592: result: yes
configure:7592: checking for stdlib.h
configure:7592: /usr/bin/gcc -c -g -O2  conftest.c >&5
configure:7592: $? = 0
configure:7592: result: yes
configure:7592: checking for string.h
configure:7592: /usr/bin/gcc -c -g -O2  conftest.c >&5
configure:7592: $? = 0
configure:7592: result: yes
configure:7592: checking for memory.h
configure:7592: /usr/bin/gcc -c -g -O2  conftest.c >&5
configure:7592: $? = 0
configure:7592: result: yes
configure:7592: checking for strings.h
configure:7592: /usr/bin/gcc -c -g -O2  conftest.c >&5
configure:7592: $? = 0
configure:7592: result: yes
configure:7592: checking for inttypes.h
configure:7592: /usr/bin/gcc -c -g -O2  conftest.c >&5
configure:7592: $? = 0
configure:7592: result: yes
configure:7592: checking for stdint.h
configure:7592: /usr/bin/gcc -c -g -O2  conftest.c >&5
configure:7592: $? = 0
configure:7592: result: yes
configure:7592: checking for unistd.h
configure:7592: /usr/bin/gcc -c -g -O2  conftest.c >&5
configure:7592: $? = 0
configure:7592: result: yes
configure:7607: checking for dlfcn.h
configure:7607: /usr/bin/gcc -c -g -O2  conftest.c >&5
configure:7607: $? = 0
configure:7607: result: yes
configure:7761: checking for objdir
configure:7776: result: .libs
configure:8068: checking if /usr/bin/gcc supports -fno-rtti -fno-exceptions
configure:8089: /usr/bin/gcc -c -g -O2  -fno-rtti -fno-exceptions conftest.c >&5
cc1: warning: command line option "-fno-rtti" is valid for C++/ObjC++ but not for C
configure:8093: $? = 0
configure:8103: result: no
configure:8123: checking for /usr/bin/gcc option to produce PIC
configure:8395: result: -fno-common -DPIC
configure:8407: checking if /usr/bin/gcc PIC flag -fno-common -DPIC works
configure:8428: /usr/bin/gcc -c -g -O2  -fno-common -DPIC -DPIC conftest.c >&5
configure:8432: $? = 0
configure:8442: result: yes
configure:8466: checking if /usr/bin/gcc static flag -static works
configure:8494: result: no
configure:8509: checking if /usr/bin/gcc supports -c -o file.o
configure:8533: /usr/bin/gcc -c -g -O2  -o out/conftest2.o conftest.c >&5
configure:8537: $? = 0
configure:8556: result: yes
configure:8564: checking if /usr/bin/gcc supports -c -o file.o
configure:8611: result: yes
configure:8644: checking whether the /usr/bin/gcc linker (/usr/bin/ld) supports shared libraries
configure:9630: result: yes
configure:9869: checking dynamic linker characteristics
configure:10523: result: darwin11.0.0 dyld
configure:10625: checking how to hardcode library paths into programs
configure:10650: result: immediate
configure:11170: checking whether stripping libraries is possible
configure:11184: result: yes
configure:11210: checking if libtool supports shared libraries
configure:11212: result: yes
configure:11215: checking whether to build shared libraries
configure:11236: result: yes
configure:11239: checking whether to build static libraries
configure:11243: result: no
configure:11279: checking whether NLS is requested
configure:11288: result: yes
configure:11303: checking for intltool >= 0.35.0
configure:11310: result: 0.50.0 found
configure:11318: checking for intltool-update
configure:11336: found /usr/local/bin/intltool-update
configure:11348: result: /usr/local/bin/intltool-update
configure:11358: checking for intltool-merge
configure:11376: found /usr/local/bin/intltool-merge
configure:11388: result: /usr/local/bin/intltool-merge
configure:11398: checking for intltool-extract
configure:11416: found /usr/local/bin/intltool-extract
configure:11428: result: /usr/local/bin/intltool-extract
configure:11559: checking for xgettext
configure:11577: found /usr/local/bin/xgettext
configure:11589: result: /usr/local/bin/xgettext
configure:11599: checking for msgmerge
configure:11617: found /usr/local/bin/msgmerge
configure:11629: result: /usr/local/bin/msgmerge
configure:11639: checking for msgfmt
configure:11657: found /usr/local/bin/msgfmt
configure:11669: result: /usr/local/bin/msgfmt
configure:11679: checking for gmsgfmt
configure:11710: result: /usr/local/bin/msgfmt
configure:11730: checking for perl
configure:11748: found /usr/local/bin/perl
configure:11760: result: /usr/local/bin/perl
configure:11771: checking for perl >= 5.8.1
configure:11778: result: 5.10.0
configure:11782: checking for XML::Parser
configure:11785: result: ok
configure:11810: /usr/bin/gcc -o conftest -g -O2   conftest.c  >&5
Undefined symbols:
  "__nl_msg_cat_cntr", referenced from:
      __nl_msg_cat_cntr$non_lazy_ptr in ccrGKixf.o
ld: symbol(s) not found
collect2: ld returned 1 exit status
configure:11810: $? = 1
configure: failed program was:
| /* confdefs.h */
| #define PACKAGE_NAME "gtksourceview"
| #define PACKAGE_TARNAME "gtksourceview"
| #define PACKAGE_VERSION "2.9.7"
| #define PACKAGE_STRING "gtksourceview 2.9.7"
| #define PACKAGE_BUGREPORT "http://bugzilla.gnome.org/enter_bug.cgi?product=gtksourceview"
| #define PACKAGE_URL ""
| #define PACKAGE "gtksourceview"
| #define VERSION "2.9.7"
| #define HAVE_SYS_TYPES_H 1
| #define HAVE_SYS_STAT_H 1
| #define HAVE_STDLIB_H 1
| #define HAVE_STRING_H 1
| #define HAVE_MEMORY_H 1
| #define HAVE_STRINGS_H 1
| #define HAVE_INTTYPES_H 1
| #define HAVE_STDINT_H 1
| #define HAVE_UNISTD_H 1
| #define HAVE_DLFCN_H 1
| #define LT_OBJDIR ".libs/"
| /* end confdefs.h.  */
| 
| int
| main ()
| {
| extern int _nl_msg_cat_cntr;
|                        return _nl_msg_cat_cntr
|   ;
|   return 0;
| }
configure:11886: checking for pkg-config
configure:11904: found /usr/local/bin/pkg-config
configure:11916: result: /usr/local/bin/pkg-config
configure:11941: checking pkg-config is at least version 0.9.0
configure:11944: result: yes
configure:11957: checking for gtkdoc-check
configure:11990: result: no
configure:11999: checking for gtkdoc-rebase
configure:12032: result: no
configure:12043: checking for gtkdoc-mkpdf
configure:12076: result: no
configure:12114: checking whether to build gtk-doc documentation
configure:12116: result: no
configure:12182: checking for ANSI C header files
configure:12286: result: no
configure:12296: checking for unistd.h
configure:12296: result: yes
configure:12309: checking for memset
configure:12309: /usr/bin/gcc -o conftest -g -O2   conftest.c  >&5
conftest.c:46: warning: conflicting types for built-in function 'memset'
configure:12309: $? = 0
configure:12309: result: yes
configure:12309: checking for memmove
configure:12309: /usr/bin/gcc -o conftest -g -O2   conftest.c  >&5
conftest.c:47: warning: conflicting types for built-in function 'memmove'
configure:12309: $? = 0
configure:12309: result: yes
configure:12309: checking for strerror
configure:12309: /usr/bin/gcc -o conftest -g -O2   conftest.c  >&5
configure:12309: $? = 0
configure:12309: result: yes
configure:12330: checking for glib-genmarshal
configure:12348: found /usr/local/bin/glib-genmarshal
configure:12360: result: /usr/local/bin/glib-genmarshal
configure:12370: checking for glib-mkenums
configure:12388: found /usr/local/bin/glib-mkenums
configure:12400: result: /usr/local/bin/glib-mkenums
configure:12481: checking what warning flags to pass to the C compiler
configure:12483: result: -Wall -Wmissing-prototypes
configure:12494: checking what language compliance flags to pass to the C compiler
configure:12509: result: 
configure:12535: checking for DEP
configure:12546: $PKG_CONFIG --exists --print-errors "
	gio-2.0
	gtk+-2.0 >= $GTK_REQUIRED_VERSION
	libxml-2.0 >= $LIBXML_REQUIRED_VERSION
"
configure:12553: $? = 0
configure:12574: $PKG_CONFIG --exists --print-errors "
	gio-2.0
	gtk+-2.0 >= $GTK_REQUIRED_VERSION
	libxml-2.0 >= $LIBXML_REQUIRED_VERSION
"
configure:12581: $? = 0
configure:12651: result: yes
configure:12674: checking for native Mac OS X
configure:12684: result: no
configure:12800: checking locale.h usability
configure:12800: /usr/bin/gcc -c -g -O2  conftest.c >&5
configure:12800: $? = 0
configure:12800: result: yes
configure:12800: checking locale.h presence
configure:12800: /usr/bin/gcc -E  conftest.c
configure:12800: $? = 0
configure:12800: result: yes
configure:12800: checking for locale.h
configure:12800: result: yes
configure:12811: checking for LC_MESSAGES
configure:12827: /usr/bin/gcc -o conftest -g -O2   conftest.c  >&5
configure:12827: $? = 0
configure:12835: result: yes
configure:12852: checking libintl.h usability
configure:12852: /usr/bin/gcc -c -g -O2  conftest.c >&5
configure:12852: $? = 0
configure:12852: result: yes
configure:12852: checking libintl.h presence
configure:12852: /usr/bin/gcc -E  conftest.c
configure:12852: $? = 0
configure:12852: result: yes
configure:12852: checking for libintl.h
configure:12852: result: yes
configure:12860: checking for ngettext in libc
configure:12878: /usr/bin/gcc -o conftest -g -O2   conftest.c  >&5
Undefined symbols:
  "_libintl_ngettext", referenced from:
      _main in ccZl4mNV.o
ld: symbol(s) not found
collect2: ld returned 1 exit status
configure:12878: $? = 1
configure: failed program was:
| /* confdefs.h */
| #define PACKAGE_NAME "gtksourceview"
| #define PACKAGE_TARNAME "gtksourceview"
| #define PACKAGE_VERSION "2.9.7"
| #define PACKAGE_STRING "gtksourceview 2.9.7"
| #define PACKAGE_BUGREPORT "http://bugzilla.gnome.org/enter_bug.cgi?product=gtksourceview"
| #define PACKAGE_URL ""
| #define PACKAGE "gtksourceview"
| #define VERSION "2.9.7"
| #define HAVE_SYS_TYPES_H 1
| #define HAVE_SYS_STAT_H 1
| #define HAVE_STDLIB_H 1
| #define HAVE_STRING_H 1
| #define HAVE_MEMORY_H 1
| #define HAVE_STRINGS_H 1
| #define HAVE_INTTYPES_H 1
| #define HAVE_STDINT_H 1
| #define HAVE_UNISTD_H 1
| #define HAVE_DLFCN_H 1
| #define LT_OBJDIR ".libs/"
| #define HAVE_UNISTD_H 1
| #define HAVE_MEMSET 1
| #define HAVE_MEMMOVE 1
| #define HAVE_STRERROR 1
| #define GETTEXT_PACKAGE "gtksourceview-2.0"
| #define HAVE_LOCALE_H 1
| #define HAVE_LC_MESSAGES 1
| /* end confdefs.h.  */
| 
| #include <libintl.h>
| 
| int
| main ()
| {
| return !ngettext ("","", 1)
|   ;
|   return 0;
| }
configure:12887: result: no
configure:12943: checking for bindtextdomain in -lintl
configure:12968: /usr/bin/gcc -o conftest -g -O2   conftest.c -lintl   >&5
configure:12968: $? = 0
configure:12977: result: yes
configure:12980: checking for ngettext in -lintl
configure:13005: /usr/bin/gcc -o conftest -g -O2   conftest.c -lintl   >&5
configure:13005: $? = 0
configure:13014: result: yes
configure:13017: checking for dgettext in -lintl
configure:13042: /usr/bin/gcc -o conftest -g -O2   conftest.c -lintl   >&5
conftest.c:36: warning: conflicting types for built-in function 'dgettext'
configure:13042: $? = 0
configure:13051: result: yes
configure:13164: checking for bind_textdomain_codeset
configure:13164: /usr/bin/gcc -o conftest -g -O2   conftest.c  -lintl  >&5
configure:13164: $? = 0
configure:13164: result: yes
configure:13201: checking for msgfmt
configure:13228: result: /usr/local/bin/msgfmt
configure:13239: checking for dcgettext
configure:13239: /usr/bin/gcc -o conftest -g -O2   conftest.c  -lintl  >&5
conftest.c:54: warning: conflicting types for built-in function 'dcgettext'
configure:13239: $? = 0
configure:13239: result: yes
configure:13249: checking if msgfmt accepts -c
configure:13264: $MSGFMT -c -o /dev/null conftest.foo
configure:13267: $? = 0
configure:13269: result: yes
configure:13279: checking for gmsgfmt
configure:13310: result: /usr/local/bin/msgfmt
configure:13320: checking for xgettext
configure:13347: result: /usr/local/bin/xgettext
configure:13366: /usr/bin/gcc -o conftest -g -O2   conftest.c  -lintl  >&5
configure:13366: $? = 0
configure:13668: creating ./config.status

## ---------------------- ##
## Running config.status. ##
## ---------------------- ##

This file was extended by gtksourceview config.status 2.9.7, which was
generated by GNU Autoconf 2.65.  Invocation command line was

  CONFIG_FILES    = 
  CONFIG_HEADERS  = 
  CONFIG_LINKS    = 
  CONFIG_COMMANDS = 
  $ ./config.status 

on Chriss-iPad

config.status:1181: creating gtksourceview-2.0.pc
config.status:1181: creating Makefile
config.status:1181: creating gtksourceview-zip
config.status:1181: creating po/Makefile.in
config.status:1181: creating gtksourceview/Makefile
config.status:1181: creating gtksourceview/completion-providers/Makefile
config.status:1181: creating gtksourceview/completion-providers/words/Makefile
config.status:1181: creating gtksourceview/language-specs/Makefile
config.status:1181: creating docs/Makefile
config.status:1181: creating docs/reference/Makefile
config.status:1181: creating docs/reference/version.xml
config.status:1181: creating tests/Makefile
config.status:1181: creating config.h
config.status:1353: config.h is unchanged
config.status:1401: executing depfiles commands
config.status:1401: executing libtool commands
config.status:1401: executing default-1 commands
config.status:1401: executing po/stamp-it commands

## ---------------- ##
## Cache variables. ##
## ---------------- ##

ac_cv_build=arm-apple-darwin11.0.0
ac_cv_c_compiler_gnu=yes
ac_cv_env_CC_set=set
ac_cv_env_CC_value=/usr/bin/gcc
ac_cv_env_CFLAGS_set=
ac_cv_env_CFLAGS_value=
ac_cv_env_CPPFLAGS_set=
ac_cv_env_CPPFLAGS_value=
ac_cv_env_CPP_set=
ac_cv_env_CPP_value=
ac_cv_env_DEP_CFLAGS_set=
ac_cv_env_DEP_CFLAGS_value=
ac_cv_env_DEP_LIBS_set=
ac_cv_env_DEP_LIBS_value=
ac_cv_env_IGE_MAC_CFLAGS_set=
ac_cv_env_IGE_MAC_CFLAGS_value=
ac_cv_env_IGE_MAC_LIBS_set=
ac_cv_env_IGE_MAC_LIBS_value=
ac_cv_env_LDFLAGS_set=
ac_cv_env_LDFLAGS_value=
ac_cv_env_LIBS_set=
ac_cv_env_LIBS_value=
ac_cv_env_PKG_CONFIG_set=
ac_cv_env_PKG_CONFIG_value=
ac_cv_env_build_alias_set=
ac_cv_env_build_alias_value=
ac_cv_env_host_alias_set=
ac_cv_env_host_alias_value=
ac_cv_env_target_alias_set=
ac_cv_env_target_alias_value=
ac_cv_func_bind_textdomain_codeset=yes
ac_cv_func_dcgettext=yes
ac_cv_func_memmove=yes
ac_cv_func_memset=yes
ac_cv_func_strerror=yes
ac_cv_header_dlfcn_h=yes
ac_cv_header_inttypes_h=yes
ac_cv_header_libintl_h=yes
ac_cv_header_locale_h=yes
ac_cv_header_memory_h=yes
ac_cv_header_stdc=no
ac_cv_header_stdint_h=yes
ac_cv_header_stdlib_h=yes
ac_cv_header_string_h=yes
ac_cv_header_strings_h=yes
ac_cv_header_sys_stat_h=yes
ac_cv_header_sys_types_h=yes
ac_cv_header_unistd_h=yes
ac_cv_host=arm-apple-darwin11.0.0
ac_cv_lib_intl_bindtextdomain=yes
ac_cv_lib_intl_dgettext=yes
ac_cv_lib_intl_ngettext=yes
ac_cv_objext=o
ac_cv_path_EGREP='/bin/grep -E'
ac_cv_path_FGREP='/bin/grep -F'
ac_cv_path_GLIB_GENMARSHAL=/usr/local/bin/glib-genmarshal
ac_cv_path_GLIB_MKENUMS=/usr/local/bin/glib-mkenums
ac_cv_path_GMSGFMT=/usr/local/bin/msgfmt
ac_cv_path_GREP=/bin/grep
ac_cv_path_INTLTOOL_EXTRACT=/usr/local/bin/intltool-extract
ac_cv_path_INTLTOOL_MERGE=/usr/local/bin/intltool-merge
ac_cv_path_INTLTOOL_PERL=/usr/local/bin/perl
ac_cv_path_INTLTOOL_UPDATE=/usr/local/bin/intltool-update
ac_cv_path_MSGFMT=/usr/local/bin/msgfmt
ac_cv_path_MSGMERGE=/usr/local/bin/msgmerge
ac_cv_path_SED=/bin/sed
ac_cv_path_XGETTEXT=/usr/local/bin/xgettext
ac_cv_path_ac_pt_PKG_CONFIG=/usr/local/bin/pkg-config
ac_cv_path_install='/usr/bin/install -c'
ac_cv_path_mkdir=/bin/mkdir
ac_cv_prog_AWK=gawk
ac_cv_prog_CPP='/usr/bin/gcc -E'
ac_cv_prog_ac_ct_AR=ar
ac_cv_prog_ac_ct_CC=/usr/bin/gcc
ac_cv_prog_ac_ct_LIPO=lipo
ac_cv_prog_ac_ct_NMEDIT=nmedit
ac_cv_prog_ac_ct_OBJDUMP=objdump
ac_cv_prog_ac_ct_OTOOL64=otool64
ac_cv_prog_ac_ct_OTOOL=otool
ac_cv_prog_ac_ct_RANLIB=ranlib
ac_cv_prog_ac_ct_STRIP=strip
ac_cv_prog_cc_c89=
ac_cv_prog_cc_g=yes
ac_cv_prog_make_make_set=yes
ac_cv_search_strerror='none required'
am_cv_CC_dependencies_compiler_type=gcc3
am_cv_val_LC_MESSAGES=yes
gt_cv_func_dgettext_libc=no
gt_cv_func_dgettext_libintl=yes
gt_cv_func_ngettext_libc=no
gt_cv_have_gettext=yes
lt_cv_apple_cc_single_mod=yes
lt_cv_deplibs_check_method=pass_all
lt_cv_file_magic_cmd='$MAGIC_CMD'
lt_cv_file_magic_test_file=
lt_cv_ld_exported_symbols_list=yes
lt_cv_ld_reload_flag=-r
lt_cv_nm_interface='BSD nm'
lt_cv_objdir=.libs
lt_cv_path_LD=/usr/bin/ld
lt_cv_path_NM='/usr/bin/nm -p'
lt_cv_prog_compiler_c_o=yes
lt_cv_prog_compiler_pic_works=yes
lt_cv_prog_compiler_rtti_exceptions=no
lt_cv_prog_compiler_static_works=no
lt_cv_prog_gnu_ld=no
lt_cv_sys_global_symbol_pipe='sed -n -e '\''s/^.*[	 ]\([BCDEGRST][BCDEGRST]*\)[	 ][	 ]*_\([_A-Za-z][_A-Za-z0-9]*\)$/\1 _\2 \2/p'\'''
lt_cv_sys_global_symbol_to_c_name_address='sed -n -e '\''s/^: \([^ ]*\) $/  {\"\1\", (void *) 0},/p'\'' -e '\''s/^[BCDEGRST]* \([^ ]*\) \([^ ]*\)$/  {"\2", (void *) \&\2},/p'\'''
lt_cv_sys_global_symbol_to_c_name_address_lib_prefix='sed -n -e '\''s/^: \([^ ]*\) $/  {\"\1\", (void *) 0},/p'\'' -e '\''s/^[BCDEGRST]* \([^ ]*\) \(lib[^ ]*\)$/  {"\2", (void *) \&\2},/p'\'' -e '\''s/^[BCDEGRST]* \([^ ]*\) \([^ ]*\)$/  {"lib\2", (void *) \&\2},/p'\'''
lt_cv_sys_global_symbol_to_cdecl='sed -n -e '\''s/^T .* \(.*\)$/extern int \1();/p'\'' -e '\''s/^[BCDEGRST]* .* \(.*\)$/extern char \1;/p'\'''
lt_cv_sys_max_cmd_len=196608
pkg_cv_DEP_CFLAGS='-D_REENTRANT -I/usr/local/include/glib-2.0 -I/usr/local/lib/glib-2.0/include -I/usr/local/include/gtk-2.0 -I/usr/local/lib/gtk-2.0/include -I/usr/local/include/atk-1.0 -I/usr/local/include/cairo -I/usr/local/include/gdk-pixbuf-2.0 -I/usr/local/include/pango-1.0 -I/usr/local/include/pixman-1 -I/usr/local/include/libpng14 -I/usr/local/include/libxml2  '
pkg_cv_DEP_LIBS='-L/usr/local/lib -lgtk-x11-2.0 -lgdk-x11-2.0 -latk-1.0 -lgio-2.0 -lpangoft2-1.0 -lpangocairo-1.0 -lgdk_pixbuf-2.0 -lcairo -lpango-1.0 -lfreetype -lfontconfig -lgobject-2.0 -lgmodule-2.0 -lgthread-2.0 -lglib-2.0 -lintl -lxml2  '

## ----------------- ##
## Output variables. ##
## ----------------- ##

ABS_TOP_SRCDIR='/home/chris/gtksourceview-2.9.7'
ACLOCAL='${SHELL} /home/chris/gtksourceview-2.9.7/missing --run aclocal-1.11'
ACLOCAL_AMFLAGS=''
ALL_LINGUAS=''
AMDEPBACKSLASH='\'
AMDEP_FALSE='#'
AMDEP_TRUE=''
AMTAR='${SHELL} /home/chris/gtksourceview-2.9.7/missing --run tar'
AM_BACKSLASH='\'
AM_DEFAULT_VERBOSITY='0'
AR='ar'
AUTOCONF='${SHELL} /home/chris/gtksourceview-2.9.7/missing --run autoconf'
AUTOHEADER='${SHELL} /home/chris/gtksourceview-2.9.7/missing --run autoheader'
AUTOMAKE='${SHELL} /home/chris/gtksourceview-2.9.7/missing --run automake-1.11'
AWK='gawk'
CATALOGS=''
CATOBJEXT='.gmo'
CC='/usr/bin/gcc'
CCDEPMODE='depmode=gcc3'
CFLAGS='-g -O2'
CPP='/usr/bin/gcc -E'
CPPFLAGS=''
CYGPATH_W='echo'
DATADIRNAME='share'
DEFS='-DHAVE_CONFIG_H'
DEPDIR='.deps'
DEP_CFLAGS='-D_REENTRANT -I/usr/local/include/glib-2.0 -I/usr/local/lib/glib-2.0/include -I/usr/local/include/gtk-2.0 -I/usr/local/lib/gtk-2.0/include -I/usr/local/include/atk-1.0 -I/usr/local/include/cairo -I/usr/local/include/gdk-pixbuf-2.0 -I/usr/local/include/pango-1.0 -I/usr/local/include/pixman-1 -I/usr/local/include/libpng14 -I/usr/local/include/libxml2  '
DEP_LIBS='-L/usr/local/lib -lgtk-x11-2.0 -lgdk-x11-2.0 -latk-1.0 -lgio-2.0 -lpangoft2-1.0 -lpangocairo-1.0 -lgdk_pixbuf-2.0 -lcairo -lpango-1.0 -lfreetype -lfontconfig -lgobject-2.0 -lgmodule-2.0 -lgthread-2.0 -lglib-2.0 -lintl -lxml2  '
DISABLE_DEPRECATED_CFLAGS=''
DSYMUTIL=':'
DUMPBIN=''
ECHO_C=''
ECHO_N='-n'
ECHO_T=''
EGREP='/bin/grep -E'
ENABLE_GTK_DOC_FALSE=''
ENABLE_GTK_DOC_TRUE='#'
ENABLE_PROVIDERS_FALSE='#'
ENABLE_PROVIDERS_TRUE=''
EXEEXT=''
FGREP='/bin/grep -F'
GETTEXT_PACKAGE='gtksourceview-2.0'
GLIB_GENMARSHAL='/usr/local/bin/glib-genmarshal'
GLIB_MKENUMS='/usr/local/bin/glib-mkenums'
GMOFILES=''
GMSGFMT='/usr/local/bin/msgfmt'
GREP='/bin/grep'
GTKDOC_CHECK=''
GTKDOC_MKPDF=''
GTKDOC_REBASE='true'
GTK_DOC_BUILD_HTML_FALSE='#'
GTK_DOC_BUILD_HTML_TRUE=''
GTK_DOC_BUILD_PDF_FALSE=''
GTK_DOC_BUILD_PDF_TRUE='#'
GTK_DOC_USE_LIBTOOL_FALSE='#'
GTK_DOC_USE_LIBTOOL_TRUE=''
GTK_DOC_USE_REBASE_FALSE='#'
GTK_DOC_USE_REBASE_TRUE=''
GTK_REQUIRED_VERSION='2.12.0'
HTML_DIR='${datadir}/gtk-doc/html'
IGE_MAC_CFLAGS=''
IGE_MAC_LIBS=''
INSTALL_DATA='${INSTALL} -m 644'
INSTALL_PROGRAM='${INSTALL}'
INSTALL_SCRIPT='${INSTALL}'
INSTALL_STRIP_PROGRAM='$(install_sh) -c -s'
INSTOBJEXT='.mo'
INTLLIBS='-lintl '
INTLTOOL_CAVES_RULE='%.caves:     %.caves.in     $(INTLTOOL_MERGE) $(wildcard $(top_srcdir)/po/*.po) ; LC_ALL=C $(INTLTOOL_MERGE) -d -u -c $(top_builddir)/po/.intltool-merge-cache $(top_srcdir)/po $< $@'
INTLTOOL_DESKTOP_RULE='%.desktop:   %.desktop.in   $(INTLTOOL_MERGE) $(wildcard $(top_srcdir)/po/*.po) ; LC_ALL=C $(INTLTOOL_MERGE) -d -u -c $(top_builddir)/po/.intltool-merge-cache $(top_srcdir)/po $< $@'
INTLTOOL_DIRECTORY_RULE='%.directory: %.directory.in $(INTLTOOL_MERGE) $(wildcard $(top_srcdir)/po/*.po) ; LC_ALL=C $(INTLTOOL_MERGE) -d -u -c $(top_builddir)/po/.intltool-merge-cache $(top_srcdir)/po $< $@'
INTLTOOL_EXTRACT='/usr/local/bin/intltool-extract'
INTLTOOL_KBD_RULE='%.kbd:       %.kbd.in       $(INTLTOOL_MERGE) $(wildcard $(top_srcdir)/po/*.po) ; LC_ALL=C $(INTLTOOL_MERGE) -x -u -m -c $(top_builddir)/po/.intltool-merge-cache $(top_srcdir)/po $< $@'
INTLTOOL_KEYS_RULE='%.keys:      %.keys.in      $(INTLTOOL_MERGE) $(wildcard $(top_srcdir)/po/*.po) ; LC_ALL=C $(INTLTOOL_MERGE) -k -u -c $(top_builddir)/po/.intltool-merge-cache $(top_srcdir)/po $< $@'
INTLTOOL_MERGE='/usr/local/bin/intltool-merge'
INTLTOOL_OAF_RULE='%.oaf:       %.oaf.in       $(INTLTOOL_MERGE) $(wildcard $(top_srcdir)/po/*.po) ; LC_ALL=C $(INTLTOOL_MERGE) -o -p $(top_srcdir)/po $< $@'
INTLTOOL_PERL='/usr/local/bin/perl'
INTLTOOL_POLICY_RULE='%.policy:    %.policy.in    $(INTLTOOL_MERGE) $(wildcard $(top_srcdir)/po/*.po) ; LC_ALL=C $(INTLTOOL_MERGE) -x -u -c $(top_builddir)/po/.intltool-merge-cache $(top_srcdir)/po $< $@'
INTLTOOL_PONG_RULE='%.pong:      %.pong.in      $(INTLTOOL_MERGE) $(wildcard $(top_srcdir)/po/*.po) ; LC_ALL=C $(INTLTOOL_MERGE) -x -u -c $(top_builddir)/po/.intltool-merge-cache $(top_srcdir)/po $< $@'
INTLTOOL_PROP_RULE='%.prop:      %.prop.in      $(INTLTOOL_MERGE) $(wildcard $(top_srcdir)/po/*.po) ; LC_ALL=C $(INTLTOOL_MERGE) -d -u -c $(top_builddir)/po/.intltool-merge-cache $(top_srcdir)/po $< $@'
INTLTOOL_SCHEMAS_RULE='%.schemas:   %.schemas.in   $(INTLTOOL_MERGE) $(wildcard $(top_srcdir)/po/*.po) ; LC_ALL=C $(INTLTOOL_MERGE) -s -u -c $(top_builddir)/po/.intltool-merge-cache $(top_srcdir)/po $< $@'
INTLTOOL_SERVER_RULE='%.server:    %.server.in    $(INTLTOOL_MERGE) $(wildcard $(top_srcdir)/po/*.po) ; LC_ALL=C $(INTLTOOL_MERGE) -o -u -c $(top_builddir)/po/.intltool-merge-cache $(top_srcdir)/po $< $@'
INTLTOOL_SERVICE_RULE='%.service: %.service.in   $(INTLTOOL_MERGE) $(wildcard $(top_srcdir)/po/*.po) ; LC_ALL=C $(INTLTOOL_MERGE) -d -u -c $(top_builddir)/po/.intltool-merge-cache $(top_srcdir)/po $< $@'
INTLTOOL_SHEET_RULE='%.sheet:     %.sheet.in     $(INTLTOOL_MERGE) $(wildcard $(top_srcdir)/po/*.po) ; LC_ALL=C $(INTLTOOL_MERGE) -x -u -c $(top_builddir)/po/.intltool-merge-cache $(top_srcdir)/po $< $@'
INTLTOOL_SOUNDLIST_RULE='%.soundlist: %.soundlist.in $(INTLTOOL_MERGE) $(wildcard $(top_srcdir)/po/*.po) ; LC_ALL=C $(INTLTOOL_MERGE) -d -u -c $(top_builddir)/po/.intltool-merge-cache $(top_srcdir)/po $< $@'
INTLTOOL_THEME_RULE='%.theme:     %.theme.in     $(INTLTOOL_MERGE) $(wildcard $(top_srcdir)/po/*.po) ; LC_ALL=C $(INTLTOOL_MERGE) -d -u -c $(top_builddir)/po/.intltool-merge-cache $(top_srcdir)/po $< $@'
INTLTOOL_UI_RULE='%.ui:        %.ui.in        $(INTLTOOL_MERGE) $(wildcard $(top_srcdir)/po/*.po) ; LC_ALL=C $(INTLTOOL_MERGE) -x -u -c $(top_builddir)/po/.intltool-merge-cache $(top_srcdir)/po $< $@'
INTLTOOL_UPDATE='/usr/local/bin/intltool-update'
INTLTOOL_XAM_RULE='%.xam:       %.xml.in       $(INTLTOOL_MERGE) $(wildcard $(top_srcdir)/po/*.po) ; LC_ALL=C $(INTLTOOL_MERGE) -x -u -c $(top_builddir)/po/.intltool-merge-cache $(top_srcdir)/po $< $@'
INTLTOOL_XML_NOMERGE_RULE='%.xml:       %.xml.in       $(INTLTOOL_MERGE) ; LC_ALL=C $(INTLTOOL_MERGE) -x -u /tmp $< $@'
INTLTOOL_XML_RULE='%.xml:       %.xml.in       $(INTLTOOL_MERGE) $(wildcard $(top_srcdir)/po/*.po) ; LC_ALL=C $(INTLTOOL_MERGE) -x -u -c $(top_builddir)/po/.intltool-merge-cache $(top_srcdir)/po $< $@'
LD='/usr/bin/ld'
LDFLAGS=''
LIBOBJS=''
LIBS=''
LIBTOOL='$(SHELL) $(top_builddir)/libtool'
LIBXML_REQUIRED_VERSION='2.5.0'
LIPO='lipo'
LN_S='ln -s'
LTLIBOBJS=''
MAINT='#'
MAINTAINER_MODE_FALSE=''
MAINTAINER_MODE_TRUE='#'
MAKEINFO='${SHELL} /home/chris/gtksourceview-2.9.7/missing --run makeinfo'
MKDIR_P='/bin/mkdir -p'
MKINSTALLDIRS='./mkinstalldirs'
MSGFMT='/usr/local/bin/msgfmt'
MSGFMT_OPTS='-c'
MSGMERGE='/usr/local/bin/msgmerge'
NM='/usr/bin/nm -p'
NMEDIT='nmedit'
OBJDUMP='objdump'
OBJEXT='o'
OS_OSX_FALSE=''
OS_OSX_TRUE='#'
OTOOL64='otool64'
OTOOL='otool'
PACKAGE='gtksourceview'
PACKAGE_BUGREPORT='http://bugzilla.gnome.org/enter_bug.cgi?product=gtksourceview'
PACKAGE_NAME='gtksourceview'
PACKAGE_STRING='gtksourceview 2.9.7'
PACKAGE_TARNAME='gtksourceview'
PACKAGE_URL=''
PACKAGE_VERSION='2.9.7'
PATH_SEPARATOR=':'
PKG_CONFIG='/usr/local/bin/pkg-config'
POFILES=''
POSUB='po'
PO_IN_DATADIR_FALSE=''
PO_IN_DATADIR_TRUE=''
RANLIB='ranlib'
SED='/bin/sed'
SET_MAKE=''
SHELL='/bin/sh'
STRIP='strip'
USE_NLS='yes'
VERSION='2.9.7'
WARN_CFLAGS='-Wall -Wmissing-prototypes '
XGETTEXT='/usr/local/bin/xgettext'
ac_ct_CC='/usr/bin/gcc'
ac_ct_DUMPBIN=''
am__EXEEXT_FALSE=''
am__EXEEXT_TRUE='#'
am__fastdepCC_FALSE='#'
am__fastdepCC_TRUE=''
am__include='include'
am__isrc=''
am__leading_dot='.'
am__quote=''
am__tar='${AMTAR} chof - "$$tardir"'
am__untar='${AMTAR} xf -'
bindir='${exec_prefix}/bin'
build='arm-apple-darwin11.0.0'
build_alias=''
build_cpu='arm'
build_os='darwin11.0.0'
build_vendor='apple'
datadir='${datarootdir}'
datarootdir='${prefix}/share'
docdir='${datarootdir}/doc/${PACKAGE_TARNAME}'
dvidir='${docdir}'
exec_prefix='${prefix}'
host='arm-apple-darwin11.0.0'
host_alias=''
host_cpu='arm'
host_os='darwin11.0.0'
host_vendor='apple'
htmldir='${docdir}'
includedir='${prefix}/include'
infodir='${datarootdir}/info'
install_sh='${SHELL} /home/chris/gtksourceview-2.9.7/install-sh'
libdir='${exec_prefix}/lib'
libexecdir='${exec_prefix}/libexec'
localedir='${datarootdir}/locale'
localstatedir='${prefix}/var'
lt_ECHO='echo'
mandir='${datarootdir}/man'
mkdir_p='/bin/mkdir -p'
oldincludedir='/usr/include'
pdfdir='${docdir}'
prefix='/usr/local'
program_transform_name='s,x,x,'
psdir='${docdir}'
sbindir='${exec_prefix}/sbin'
sharedstatedir='${prefix}/com'
sysconfdir='${prefix}/etc'
target_alias=''

## ----------- ##
## confdefs.h. ##
## ----------- ##

/* confdefs.h */
#define PACKAGE_NAME "gtksourceview"
#define PACKAGE_TARNAME "gtksourceview"
#define PACKAGE_VERSION "2.9.7"
#define PACKAGE_STRING "gtksourceview 2.9.7"
#define PACKAGE_BUGREPORT "http://bugzilla.gnome.org/enter_bug.cgi?product=gtksourceview"
#define PACKAGE_URL ""
#define PACKAGE "gtksourceview"
#define VERSION "2.9.7"
#define HAVE_SYS_TYPES_H 1
#define HAVE_SYS_STAT_H 1
#define HAVE_STDLIB_H 1
#define HAVE_STRING_H 1
#define HAVE_MEMORY_H 1
#define HAVE_STRINGS_H 1
#define HAVE_INTTYPES_H 1
#define HAVE_STDINT_H 1
#define HAVE_UNISTD_H 1
#define HAVE_DLFCN_H 1
#define LT_OBJDIR ".libs/"
#define HAVE_UNISTD_H 1
#define HAVE_MEMSET 1
#define HAVE_MEMMOVE 1
#define HAVE_STRERROR 1
#define GETTEXT_PACKAGE "gtksourceview-2.0"
#define HAVE_LOCALE_H 1
#define HAVE_LC_MESSAGES 1
#define HAVE_BIND_TEXTDOMAIN_CODESET 1
#define HAVE_GETTEXT 1
#define HAVE_DCGETTEXT 1
#define ENABLE_NLS 1

configure: exit 0
