This file contains any messages produced by compilers while
running configure, to aid debugging if configure makes a mistake.

It was created by w3m configure 0.5.3, which was
generated by GNU Autoconf 2.67.  Invocation command line was

  $ ./configure --enable-image

## --------- ##
## Platform. ##
## --------- ##

hostname = Chriss-iPad
uname -m = iPad1,1
uname -r = 10.4.0
uname -s = Darwin
uname -v = Darwin Kernel Version 10.4.0: Wed Oct 20 20:14:45 PDT 2010; root:xnu-1504.58.28~3/RELEASE_ARM_S5L8930X

/usr/bin/uname -p = unknown
/bin/uname -X     = unknown

/bin/arch              = unknown
/usr/bin/arch -k       = unknown
/usr/convex/getsysinfo = unknown
/usr/bin/hostinfo      = Mach kernel version:
	 Darwin Kernel Version 10.4.0: Wed Oct 20 20:14:45 PDT 2010; root:xnu-1504.58.28~3/RELEASE_ARM_S5L8930X
Kernel configured for a single processor only.
1 processor is physically available.
1 processor is logically available.
Processor type: armv7 (arm v7)
Processor active: 0
Primary memory available: 247.00 megabytes
Default processor set: 37 tasks, 262 threads, 1 processors
Load average: 1.46, Mach factor: 0.39
/bin/machine           = unknown
/usr/bin/oslevel       = unknown
/bin/universe          = unknown

PATH: /usr/local/sbin
PATH: /usr/local/bin
PATH: /usr/sbin
PATH: /usr/bin
PATH: /sbin
PATH: /bin
PATH: /usr/bin/X11
PATH: /usr/games
PATH: /var/mobile/ocaml-3.12.0/bin
PATH: /usr/local/Gambit-C/bin


## ----------- ##
## Core tests. ##
## ----------- ##

configure:2649: checking for g++
configure:2665: found /usr/bin/g++
configure:2676: result: g++
configure:2703: checking for C++ compiler version
configure:2712: g++ --version >&5
g++ (GCC) 4.2.1 (Based on Apple Inc. build 5555)
Copyright (C) 2007 Free Software Foundation, Inc.
This is free software; see the source for copying conditions.  There is NO
warranty; not even for MERCHANTABILITY or FITNESS FOR A PARTICULAR PURPOSE.

configure:2723: $? = 0
configure:2712: g++ -v >&5
Using built-in specs.
Target: arm-apple-darwin9
Configured with: ../llvm-gcc-4.2/configure --build=x86_64-unknown-linux-gnu --host=arm-apple-darwin9 --enable-static=no --enable-shared=yes --prefix=/usr --localstatedir=/var/cache/iphone-gcc --enable-languages=c,c++,objc,obj-c++ --enable-wchar_t=no --with-gxx-include-dir=/usr/include/c++/4.0.0
Thread model: posix
gcc version 4.2.1 (Based on Apple Inc. build 5555)
configure:2723: $? = 0
configure:2712: g++ -V >&5
g++: '-V' option must have argument
configure:2723: $? = 1
configure:2712: g++ -qversion >&5
g++: no input files
configure:2723: $? = 1
configure:2743: checking whether the C++ compiler works
configure:2765: g++    conftest.cpp  >&5
configure:2769: $? = 0
configure:2817: result: yes
configure:2820: checking for C++ compiler default output file name
configure:2822: result: a.out
configure:2828: checking for suffix of executables
configure:2835: g++ -o conftest    conftest.cpp  >&5
configure:2839: $? = 0
configure:2861: result: 
configure:2883: checking whether we are cross compiling
configure:2891: g++ -o conftest    conftest.cpp  >&5
configure:2895: $? = 0
configure:2902: ./conftest
configure:2906: $? = 0
configure:2921: result: no
configure:2926: checking for suffix of object files
configure:2948: g++ -c   conftest.cpp >&5
configure:2952: $? = 0
configure:2973: result: o
configure:2977: checking whether we are using the GNU C++ compiler
configure:2996: g++ -c   conftest.cpp >&5
configure:2996: $? = 0
configure:3005: result: yes
configure:3014: checking whether g++ accepts -g
configure:3034: g++ -c -g  conftest.cpp >&5
configure:3034: $? = 0
configure:3075: result: yes
configure:3102: checking for gawk
configure:3118: found /usr/bin/gawk
configure:3129: result: gawk
configure:3188: checking for gcc
configure:3215: result: /usr/bin/gcc
configure:3444: checking for C compiler version
configure:3453: /usr/bin/gcc --version >&5
gcc (GCC) 4.2.1 (Based on Apple Inc. build 5555)
Copyright (C) 2007 Free Software Foundation, Inc.
This is free software; see the source for copying conditions.  There is NO
warranty; not even for MERCHANTABILITY or FITNESS FOR A PARTICULAR PURPOSE.

configure:3464: $? = 0
configure:3453: /usr/bin/gcc -v >&5
Using built-in specs.
Target: arm-apple-darwin9
Configured with: ../llvm-gcc-4.2/configure --build=x86_64-unknown-linux-gnu --host=arm-apple-darwin9 --enable-static=no --enable-shared=yes --prefix=/usr --localstatedir=/var/cache/iphone-gcc --enable-languages=c,c++,objc,obj-c++ --enable-wchar_t=no --with-gxx-include-dir=/usr/include/c++/4.0.0
Thread model: posix
gcc version 4.2.1 (Based on Apple Inc. build 5555)
configure:3464: $? = 0
configure:3453: /usr/bin/gcc -V >&5
gcc: '-V' option must have argument
configure:3464: $? = 1
configure:3453: /usr/bin/gcc -qversion >&5
gcc: no input files
configure:3464: $? = 1
configure:3468: checking whether we are using the GNU C compiler
configure:3487: /usr/bin/gcc -c   conftest.c >&5
configure:3487: $? = 0
configure:3496: result: yes
configure:3505: checking whether /usr/bin/gcc accepts -g
configure:3525: /usr/bin/gcc -c -g  conftest.c >&5
configure:3525: $? = 0
configure:3566: result: yes
configure:3583: checking for /usr/bin/gcc option to accept ISO C89
configure:3647: /usr/bin/gcc  -c -g -O2  conftest.c >&5
configure:3647: $? = 0
configure:3660: result: none needed
configure:3685: checking how to run the C preprocessor
configure:3716: /usr/bin/gcc -E  conftest.c
configure:3716: $? = 0
configure:3730: /usr/bin/gcc -E  conftest.c
conftest.c:12:28: error: ac_nonexistent.h: No such file or directory
configure:3730: $? = 1
configure: failed program was:
| /* confdefs.h */
| #define PACKAGE_NAME "w3m"
| #define PACKAGE_TARNAME "w3m"
| #define PACKAGE_VERSION "0.5.3"
| #define PACKAGE_STRING "w3m 0.5.3"
| #define PACKAGE_BUGREPORT "satodai@w3m.jp"
| #define PACKAGE_URL ""
| #define PACKAGE "w3m"
| #define VERSION "0.5.3"
| #define W3M w3m
| /* end confdefs.h.  */
| #include <ac_nonexistent.h>
configure:3755: result: /usr/bin/gcc -E
configure:3775: /usr/bin/gcc -E  conftest.c
configure:3775: $? = 0
configure:3789: /usr/bin/gcc -E  conftest.c
conftest.c:12:28: error: ac_nonexistent.h: No such file or directory
configure:3789: $? = 1
configure: failed program was:
| /* confdefs.h */
| #define PACKAGE_NAME "w3m"
| #define PACKAGE_TARNAME "w3m"
| #define PACKAGE_VERSION "0.5.3"
| #define PACKAGE_STRING "w3m 0.5.3"
| #define PACKAGE_BUGREPORT "satodai@w3m.jp"
| #define PACKAGE_URL ""
| #define PACKAGE "w3m"
| #define VERSION "0.5.3"
| #define W3M w3m
| /* end confdefs.h.  */
| #include <ac_nonexistent.h>
configure:3860: checking for a BSD-compatible install
configure:3928: result: /usr/bin/install -c
configure:3939: checking whether ln -s works
configure:3943: result: yes
configure:3950: checking whether make sets $(MAKE)
configure:3972: result: yes
configure:4024: checking for ranlib
configure:4040: found /usr/bin/ranlib
configure:4051: result: ranlib
configure:4077: checking for perl
configure:4095: found /usr/local/bin/perl
configure:4107: result: /usr/local/bin/perl
configure:4123: checking for nkf
configure:4156: result: no
configure:4169: checking for man
configure:4202: result: no
configure:4215: checking build system type
configure:4229: result: arm-apple-darwin10.4.0
configure:4249: checking host system type
configure:4262: result: arm-apple-darwin10.4.0
configure:4306: checking if m17n support is enabled
configure:4315: result: yes
configure:4333: checking if unicode support is enabled
configure:4342: result: yes
configure:4357: checking if message l10n
configure:4369: result: no
configure:4377: checking if japanese support is enabled
configure:4386: result: no
configure:4400: checking which charset is used for display
configure:4408: result: UTF-8
configure:4469: checking for a thread-safe mkdir -p
configure:4508: result: /bin/mkdir -p
configure:4518: checking whether NLS is requested
configure:4527: result: yes
configure:4568: checking for msgfmt
configure: trying /usr/local/bin/msgfmt...
0 translated messages.
configure:4600: result: /usr/local/bin/msgfmt
configure:4609: checking for gmsgfmt
configure:4640: result: /usr/local/bin/msgfmt
configure:4691: checking for xgettext
configure: trying /usr/local/bin/xgettext...
/usr/local/bin/xgettext: warning: file `/dev/null' extension `' is unknown; will try C
configure:4723: result: /usr/local/bin/xgettext
configure:4769: checking for msgmerge
configure: trying /usr/local/bin/msgmerge...
configure:4800: result: /usr/local/bin/msgmerge
configure:4857: checking for ld used by GCC
configure:4921: result: /usr/bin/ld
configure:4928: checking if the linker (/usr/bin/ld) is GNU ld
configure:4941: result: no
configure:4948: checking for shared library run path origin
configure:4961: result: done
configure:4982: checking for grep that handles long lines and -e
configure:5040: result: /bin/grep
configure:5045: checking for egrep
configure:5107: result: /bin/grep -E
configure:5665: checking for CFPreferencesCopyAppValue
configure:5683: /usr/bin/gcc -o conftest -g -O2 -I$(srcdir)/libwc   conftest.c  -Wl,-framework -Wl,CoreFoundation >&5
ld: framework not found CoreFoundation
collect2: ld returned 1 exit status
configure:5683: $? = 1
configure: failed program was:
| /* confdefs.h */
| #define PACKAGE_NAME "w3m"
| #define PACKAGE_TARNAME "w3m"
| #define PACKAGE_VERSION "0.5.3"
| #define PACKAGE_STRING "w3m 0.5.3"
| #define PACKAGE_BUGREPORT "satodai@w3m.jp"
| #define PACKAGE_URL ""
| #define PACKAGE "w3m"
| #define VERSION "0.5.3"
| #define W3M w3m
| #define W3M_TARGET 
| #define USE_M17N 1
| #define USE_UNICODE 1
| #define W3M_LANG EN
| #define WCTARGET "libwc/libwc.a"
| #define WCCFLAGS "-DUSE_UNICODE -I$(srcdir) -I$(srcdir)/.."
| #define DISPLAY_CHARSET WC_CES_UTF_8
| #define SYSTEM_CHARSET WC_CES_UTF_8
| #define DOCUMENT_CHARSET WC_CES_UTF_8
| /* end confdefs.h.  */
| #include <CoreFoundation/CFPreferences.h>
| int
| main ()
| {
| CFPreferencesCopyAppValue(NULL, NULL)
|   ;
|   return 0;
| }
configure:5692: result: no
configure:5699: checking for CFLocaleCopyCurrent
configure:5717: /usr/bin/gcc -o conftest -g -O2 -I$(srcdir)/libwc   conftest.c  -Wl,-framework -Wl,CoreFoundation >&5
ld: framework not found CoreFoundation
collect2: ld returned 1 exit status
configure:5717: $? = 1
configure: failed program was:
| /* confdefs.h */
| #define PACKAGE_NAME "w3m"
| #define PACKAGE_TARNAME "w3m"
| #define PACKAGE_VERSION "0.5.3"
| #define PACKAGE_STRING "w3m 0.5.3"
| #define PACKAGE_BUGREPORT "satodai@w3m.jp"
| #define PACKAGE_URL ""
| #define PACKAGE "w3m"
| #define VERSION "0.5.3"
| #define W3M w3m
| #define W3M_TARGET 
| #define USE_M17N 1
| #define USE_UNICODE 1
| #define W3M_LANG EN
| #define WCTARGET "libwc/libwc.a"
| #define WCCFLAGS "-DUSE_UNICODE -I$(srcdir) -I$(srcdir)/.."
| #define DISPLAY_CHARSET WC_CES_UTF_8
| #define SYSTEM_CHARSET WC_CES_UTF_8
| #define DOCUMENT_CHARSET WC_CES_UTF_8
| /* end confdefs.h.  */
| #include <CoreFoundation/CFLocale.h>
| int
| main ()
| {
| CFLocaleCopyCurrent();
|   ;
|   return 0;
| }
configure:5726: result: no
configure:5775: checking for GNU gettext in libc
configure:5795: /usr/bin/gcc -o conftest -g -O2 -I$(srcdir)/libwc   conftest.c  >&5
Undefined symbols:
  "__nl_msg_cat_cntr", referenced from:
      __nl_msg_cat_cntr$non_lazy_ptr in cc5aTr75.o
  "__nl_domain_bindings", referenced from:
      __nl_domain_bindings$non_lazy_ptr in cc5aTr75.o
  "_libintl_bindtextdomain", referenced from:
      _main in cc5aTr75.o
  "_libintl_gettext", referenced from:
      _main in cc5aTr75.o
ld: symbol(s) not found
collect2: ld returned 1 exit status
configure:5795: $? = 1
configure: failed program was:
| /* confdefs.h */
| #define PACKAGE_NAME "w3m"
| #define PACKAGE_TARNAME "w3m"
| #define PACKAGE_VERSION "0.5.3"
| #define PACKAGE_STRING "w3m 0.5.3"
| #define PACKAGE_BUGREPORT "satodai@w3m.jp"
| #define PACKAGE_URL ""
| #define PACKAGE "w3m"
| #define VERSION "0.5.3"
| #define W3M w3m
| #define W3M_TARGET 
| #define USE_M17N 1
| #define USE_UNICODE 1
| #define W3M_LANG EN
| #define WCTARGET "libwc/libwc.a"
| #define WCCFLAGS "-DUSE_UNICODE -I$(srcdir) -I$(srcdir)/.."
| #define DISPLAY_CHARSET WC_CES_UTF_8
| #define SYSTEM_CHARSET WC_CES_UTF_8
| #define DOCUMENT_CHARSET WC_CES_UTF_8
| /* end confdefs.h.  */
| #include <libintl.h>
| 
| extern int _nl_msg_cat_cntr;
| extern int *_nl_domain_bindings;
| int
| main ()
| {
| bindtextdomain ("", "");
| return * gettext ("") + _nl_msg_cat_cntr + *_nl_domain_bindings
|   ;
|   return 0;
| }
configure:5804: result: no
configure:5838: checking for iconv
configure:5860: /usr/bin/gcc -o conftest -g -O2 -I$(srcdir)/libwc -I/usr/local/include  conftest.c  >&5
Undefined symbols:
  "_iconv", referenced from:
      _main in ccROCrYD.o
  "_iconv_close", referenced from:
      _main in ccROCrYD.o
  "_iconv_open", referenced from:
      _main in ccROCrYD.o
ld: symbol(s) not found
collect2: ld returned 1 exit status
configure:5860: $? = 1
configure: failed program was:
| /* confdefs.h */
| #define PACKAGE_NAME "w3m"
| #define PACKAGE_TARNAME "w3m"
| #define PACKAGE_VERSION "0.5.3"
| #define PACKAGE_STRING "w3m 0.5.3"
| #define PACKAGE_BUGREPORT "satodai@w3m.jp"
| #define PACKAGE_URL ""
| #define PACKAGE "w3m"
| #define VERSION "0.5.3"
| #define W3M w3m
| #define W3M_TARGET 
| #define USE_M17N 1
| #define USE_UNICODE 1
| #define W3M_LANG EN
| #define WCTARGET "libwc/libwc.a"
| #define WCCFLAGS "-DUSE_UNICODE -I$(srcdir) -I$(srcdir)/.."
| #define DISPLAY_CHARSET WC_CES_UTF_8
| #define SYSTEM_CHARSET WC_CES_UTF_8
| #define DOCUMENT_CHARSET WC_CES_UTF_8
| /* end confdefs.h.  */
| #include <stdlib.h>
| #include <iconv.h>
| int
| main ()
| {
| iconv_t cd = iconv_open("","");
|        iconv(cd,NULL,NULL,NULL,NULL);
|        iconv_close(cd);
|   ;
|   return 0;
| }
configure:5882: /usr/bin/gcc -o conftest -g -O2 -I$(srcdir)/libwc -I/usr/local/include  conftest.c  -L/usr/local/lib -liconv >&5
Undefined symbols:
  "_iconv", referenced from:
      _main in ccra5YJF.o
  "_iconv_close", referenced from:
      _main in ccra5YJF.o
  "_iconv_open", referenced from:
      _main in ccra5YJF.o
ld: symbol(s) not found
collect2: ld returned 1 exit status
configure:5882: $? = 1
configure: failed program was:
| /* confdefs.h */
| #define PACKAGE_NAME "w3m"
| #define PACKAGE_TARNAME "w3m"
| #define PACKAGE_VERSION "0.5.3"
| #define PACKAGE_STRING "w3m 0.5.3"
| #define PACKAGE_BUGREPORT "satodai@w3m.jp"
| #define PACKAGE_URL ""
| #define PACKAGE "w3m"
| #define VERSION "0.5.3"
| #define W3M w3m
| #define W3M_TARGET 
| #define USE_M17N 1
| #define USE_UNICODE 1
| #define W3M_LANG EN
| #define WCTARGET "libwc/libwc.a"
| #define WCCFLAGS "-DUSE_UNICODE -I$(srcdir) -I$(srcdir)/.."
| #define DISPLAY_CHARSET WC_CES_UTF_8
| #define SYSTEM_CHARSET WC_CES_UTF_8
| #define DOCUMENT_CHARSET WC_CES_UTF_8
| /* end confdefs.h.  */
| #include <stdlib.h>
| #include <iconv.h>
| int
| main ()
| {
| iconv_t cd = iconv_open("","");
|          iconv(cd,NULL,NULL,NULL,NULL);
|          iconv_close(cd);
|   ;
|   return 0;
| }
configure:5892: result: no, consider installing GNU libiconv
configure:6491: checking for GNU gettext in libintl
configure:6519: /usr/bin/gcc -o conftest -g -O2 -I$(srcdir)/libwc  -I/usr/local/include  conftest.c  -L/usr/local/lib -lintl -lc >&5
configure:6519: $? = 0
configure:6560: result: yes
configure:6595: checking whether to use NLS
configure:6597: result: yes
configure:6600: checking where the gettext function comes from
configure:6611: result: external libintl
configure:6619: checking how to link with libintl
configure:6621: result: -L/usr/local/lib -lintl -lc
configure:6678: checking if color escape sequence for kterm/pxvt is enabled
configure:6689: result: yes
configure:6692: checking if ansi color escape sequence support is enabled
configure:6703: result: yes
configure:6706: checking if background color support is enabled
configure:6717: result: yes
configure:6742: checking if image is enabled
configure:6751: result: yes
configure:6785: checking image library
configure:6798: result: gtk2 gdk-pixbuf imlib imlib2
configure:6836: checking GdkPixbuf version
configure:6838: result: 2.24.0
configure:6893: WARNING: Imlib is not installed.  Install Imlib (version >= 1.9.8)
configure:6901: checking Imlib2 version
configure:6903: result: 1.4.4
configure:7031: checking if xface is enabled
configure:7042: result: yes
configure:7046: checking for uncompface
configure:7074: result: no
configure:7082: WARNING: uncompface is not installed.
configure:7088: checking default keymap
configure:7097: result: w3m
configure:7119: checking if popup menu is enabled
configure:7130: result: yes
configure:7133: checking if mouse operation enabled
configure:7144: result: yes
configure:7147: checking if URL history is enabled
configure:7158: result: yes
configure:7161: checking if alarm is enabled
configure:7170: result: yes
configure:7186: /usr/bin/gcc -c -g -O2 -I$(srcdir)/libwc -I/usr/local/include conftest.c >&5
configure:7186: $? = 0
configure:7194: checking if cookie is enabled
configure:7205: result: yes
configure:7208: checking if nntp is enabled
configure:7219: result: yes
configure:7222: checking if gopher is enabled
configure:7233: result: no
configure:7237: checking if dictionary lookup is enabled
configure:7248: result: yes
configure:7251: checking if help cgi is enabled
configure:7262: result: yes
configure:7265: checking if external URI loader is enabled
configure:7276: result: yes
configure:7279: checking if w3mmail is used
configure:7291: result: yes
configure:7296: checking if migemo is supported with
configure:7308: result: migemo -t egrep /usr/local/share/migemo/migemo-dict
configure:7316: checking which editor is used by default
configure:7324: result: /usr/bin/vi
configure:7332: checking which mailer is used by default
configure:7340: result: /usr/bin/mail
configure:7348: checking which external browser is used by default
configure:7356: result: /usr/bin/mozilla
configure:7366: checking for -lbsd
configure:7377: result: not found
configure:7366: checking for -lBSD
configure:7377: result: not found
configure:7366: checking for -l44bsd
configure:7377: result: not found
configure:7366: checking for -lsocket
configure:7377: result: not found
configure:7366: checking for -lnsl
configure:7377: result: not found
configure:7366: checking for -ldld
configure:7377: result: not found
configure:7366: checking for -ldl
configure:7377: result: not found
configure:7381: checking if IPv6 support is enabled
configure:7390: result: yes
configure:7394: checking if IPv6 API available
configure:7397: checking for getaddrinfo
configure:7397: /usr/bin/gcc -o conftest -g -O2 -I$(srcdir)/libwc -I/usr/local/include  conftest.c  >&5
configure:7397: $? = 0
configure:7397: result: yes
configure:7463: checking if struct sockaddr_storage has an ss_family member
configure:7482: /usr/bin/gcc -c -g -O2 -I$(srcdir)/libwc -I/usr/local/include conftest.c >&5
configure:7482: $? = 0
configure:7483: result: yes
configure:7578: checking for pkg-config
configure:7596: found /usr/bin/pkg-config
configure:7608: result: /usr/bin/pkg-config
configure:7633: checking pkg-config is at least version 0.9.0
configure:7636: result: yes
configure:7646: checking if SSL is suported
configure:7656: result: yes
configure:7661: checking for SSL
configure:7668: $PKG_CONFIG --exists --print-errors "openssl"
configure:7671: $? = 0
configure:7684: $PKG_CONFIG --exists --print-errors "openssl"
configure:7687: $? = 0
configure:7764: result: yes
configure:7768: checking for SSL_new in -lssl
configure:7793: /usr/bin/gcc -o conftest -g -O2 -I$(srcdir)/libwc -I/usr/local/include  conftest.c -lssl -lssl -lcrypto   -lcrypto  >&5
configure:7793: $? = 0
configure:7802: result: yes
configure:7814: checking if SSL certificate verify is enabled
configure:7825: result: yes
configure:7830: checking if digest auth is enabled
configure:7845: result: yes
configure:7849: checking for sqrt
configure:7849: /usr/bin/gcc -o conftest -g -O2 -I$(srcdir)/libwc   -I/usr/local/include  conftest.c  >&5
conftest.c:85: warning: conflicting types for built-in function 'sqrt'
configure:7849: $? = 0
configure:7849: result: yes
configure:7902: checking for Gpm_Open in -lgpm
configure:7927: /usr/bin/gcc -o conftest -g -O2 -I$(srcdir)/libwc   -I/usr/local/include  conftest.c -lgpm   >&5
ld: library not found for -lgpm
collect2: ld returned 1 exit status
configure:7927: $? = 1
configure: failed program was:
| /* confdefs.h */
| #define PACKAGE_NAME "w3m"
| #define PACKAGE_TARNAME "w3m"
| #define PACKAGE_VERSION "0.5.3"
| #define PACKAGE_STRING "w3m 0.5.3"
| #define PACKAGE_BUGREPORT "satodai@w3m.jp"
| #define PACKAGE_URL ""
| #define PACKAGE "w3m"
| #define VERSION "0.5.3"
| #define W3M w3m
| #define W3M_TARGET 
| #define USE_M17N 1
| #define USE_UNICODE 1
| #define W3M_LANG EN
| #define WCTARGET "libwc/libwc.a"
| #define WCCFLAGS "-DUSE_UNICODE -I$(srcdir) -I$(srcdir)/.."
| #define DISPLAY_CHARSET WC_CES_UTF_8
| #define SYSTEM_CHARSET WC_CES_UTF_8
| #define DOCUMENT_CHARSET WC_CES_UTF_8
| #define ENABLE_NLS 1
| #define HAVE_GETTEXT 1
| #define HAVE_DCGETTEXT 1
| #define USE_COLOR 1
| #define USE_ANSI_COLOR 1
| #define USE_BG_COLOR 1
| #define INSTALL_W3MIMGDISPLAY $INSTALL_W3MIMGDISPLAY
| #define USE_IMAGE 1
| #define USE_W3MIMG_X11 1
| #define USE_GDKPIXBUF 1
| #define USE_GTK2 1
| #define IMGTARGETS "$IMGTARGETS"
| #define IMGOBJS "$IMGOBJS"
| #define IMGX11CFLAGS "$IMGX11CFLAGS"
| #define IMGX11LDFLAGS "$IMGX11LDFLAGS"
| #define IMGFBCFLAGS "$IMGFBCFLAGS"
| #define IMGFBLDFLAGS "$IMGFBLDFLAGS"
| #define IMGLINK "$IMGLINK"
| #define IMGWINCFLAGS "$IMGWINCFLAGS"
| #define IMGWINLDFLAGS "$IMGWINLDFLAGS"
| #define USE_XFACE 1
| #define HELP_FILE "w3mhelp-w3m_en.html"
| #define KEYBIND w3m
| #define USE_MENU 1
| #define USE_MOUSE 1
| #define USE_HISTORY 1
| #define USE_ALARM 1
| #define USE_COOKIE 1
| #define USE_NNTP 1
| #define USE_DICT 1
| #define USE_HELP_CGI 1
| #define USE_EXTERNAL_URI_LOADER 1
| #define USE_W3MMAILER 1
| #define DEF_MIGEMO_COMMAND "migemo -t egrep /usr/local/share/migemo/migemo-dict"
| #define DEF_EDITOR "/usr/bin/vi"
| #define DEF_MAILER "/usr/bin/mail"
| #define DEF_EXT_BROWSER "/usr/bin/mozilla"
| #define INET6 1
| #define USE_SSL 1
| #define USE_SSL_VERIFY 1
| #define USE_DIGEST_AUTH 1
| /* end confdefs.h.  */
| 
| /* Override any GCC internal prototype to avoid an error.
|    Use char because int might match the return type of a GCC
|    builtin and then its argument prototype would still apply.  */
| #ifdef __cplusplus
| extern "C"
| #endif
| char Gpm_Open ();
| int
| main ()
| {
| return Gpm_Open ();
|   ;
|   return 0;
| }
configure:7936: result: no
configure:7950: /usr/bin/gcc -E -I/usr/local/include conftest.c
conftest.c:62:24: error: sys/consio.h: No such file or directory
configure:7950: $? = 1
configure: failed program was:
| /* confdefs.h */
| #define PACKAGE_NAME "w3m"
| #define PACKAGE_TARNAME "w3m"
| #define PACKAGE_VERSION "0.5.3"
| #define PACKAGE_STRING "w3m 0.5.3"
| #define PACKAGE_BUGREPORT "satodai@w3m.jp"
| #define PACKAGE_URL ""
| #define PACKAGE "w3m"
| #define VERSION "0.5.3"
| #define W3M w3m
| #define W3M_TARGET 
| #define USE_M17N 1
| #define USE_UNICODE 1
| #define W3M_LANG EN
| #define WCTARGET "libwc/libwc.a"
| #define WCCFLAGS "-DUSE_UNICODE -I$(srcdir) -I$(srcdir)/.."
| #define DISPLAY_CHARSET WC_CES_UTF_8
| #define SYSTEM_CHARSET WC_CES_UTF_8
| #define DOCUMENT_CHARSET WC_CES_UTF_8
| #define ENABLE_NLS 1
| #define HAVE_GETTEXT 1
| #define HAVE_DCGETTEXT 1
| #define USE_COLOR 1
| #define USE_ANSI_COLOR 1
| #define USE_BG_COLOR 1
| #define INSTALL_W3MIMGDISPLAY $INSTALL_W3MIMGDISPLAY
| #define USE_IMAGE 1
| #define USE_W3MIMG_X11 1
| #define USE_GDKPIXBUF 1
| #define USE_GTK2 1
| #define IMGTARGETS "$IMGTARGETS"
| #define IMGOBJS "$IMGOBJS"
| #define IMGX11CFLAGS "$IMGX11CFLAGS"
| #define IMGX11LDFLAGS "$IMGX11LDFLAGS"
| #define IMGFBCFLAGS "$IMGFBCFLAGS"
| #define IMGFBLDFLAGS "$IMGFBLDFLAGS"
| #define IMGLINK "$IMGLINK"
| #define IMGWINCFLAGS "$IMGWINCFLAGS"
| #define IMGWINLDFLAGS "$IMGWINLDFLAGS"
| #define USE_XFACE 1
| #define HELP_FILE "w3mhelp-w3m_en.html"
| #define KEYBIND w3m
| #define USE_MENU 1
| #define USE_MOUSE 1
| #define USE_HISTORY 1
| #define USE_ALARM 1
| #define USE_COOKIE 1
| #define USE_NNTP 1
| #define USE_DICT 1
| #define USE_HELP_CGI 1
| #define USE_EXTERNAL_URI_LOADER 1
| #define USE_W3MMAILER 1
| #define DEF_MIGEMO_COMMAND "migemo -t egrep /usr/local/share/migemo/migemo-dict"
| #define DEF_EDITOR "/usr/bin/vi"
| #define DEF_MAILER "/usr/bin/mail"
| #define DEF_EXT_BROWSER "/usr/bin/mozilla"
| #define INET6 1
| #define USE_SSL 1
| #define USE_SSL_VERIFY 1
| #define USE_DIGEST_AUTH 1
| /* end confdefs.h.  */
| #include <sys/consio.h>
|    MOUSE_GETINFO
configure:7959: /usr/bin/gcc -E -I/usr/local/include conftest.c
conftest.c:62:29: error: machine/console.h: No such file or directory
configure:7959: $? = 1
configure: failed program was:
| /* confdefs.h */
| #define PACKAGE_NAME "w3m"
| #define PACKAGE_TARNAME "w3m"
| #define PACKAGE_VERSION "0.5.3"
| #define PACKAGE_STRING "w3m 0.5.3"
| #define PACKAGE_BUGREPORT "satodai@w3m.jp"
| #define PACKAGE_URL ""
| #define PACKAGE "w3m"
| #define VERSION "0.5.3"
| #define W3M w3m
| #define W3M_TARGET 
| #define USE_M17N 1
| #define USE_UNICODE 1
| #define W3M_LANG EN
| #define WCTARGET "libwc/libwc.a"
| #define WCCFLAGS "-DUSE_UNICODE -I$(srcdir) -I$(srcdir)/.."
| #define DISPLAY_CHARSET WC_CES_UTF_8
| #define SYSTEM_CHARSET WC_CES_UTF_8
| #define DOCUMENT_CHARSET WC_CES_UTF_8
| #define ENABLE_NLS 1
| #define HAVE_GETTEXT 1
| #define HAVE_DCGETTEXT 1
| #define USE_COLOR 1
| #define USE_ANSI_COLOR 1
| #define USE_BG_COLOR 1
| #define INSTALL_W3MIMGDISPLAY $INSTALL_W3MIMGDISPLAY
| #define USE_IMAGE 1
| #define USE_W3MIMG_X11 1
| #define USE_GDKPIXBUF 1
| #define USE_GTK2 1
| #define IMGTARGETS "$IMGTARGETS"
| #define IMGOBJS "$IMGOBJS"
| #define IMGX11CFLAGS "$IMGX11CFLAGS"
| #define IMGX11LDFLAGS "$IMGX11LDFLAGS"
| #define IMGFBCFLAGS "$IMGFBCFLAGS"
| #define IMGFBLDFLAGS "$IMGFBLDFLAGS"
| #define IMGLINK "$IMGLINK"
| #define IMGWINCFLAGS "$IMGWINCFLAGS"
| #define IMGWINLDFLAGS "$IMGWINLDFLAGS"
| #define USE_XFACE 1
| #define HELP_FILE "w3mhelp-w3m_en.html"
| #define KEYBIND w3m
| #define USE_MENU 1
| #define USE_MOUSE 1
| #define USE_HISTORY 1
| #define USE_ALARM 1
| #define USE_COOKIE 1
| #define USE_NNTP 1
| #define USE_DICT 1
| #define USE_HELP_CGI 1
| #define USE_EXTERNAL_URI_LOADER 1
| #define USE_W3MMAILER 1
| #define DEF_MIGEMO_COMMAND "migemo -t egrep /usr/local/share/migemo/migemo-dict"
| #define DEF_EDITOR "/usr/bin/vi"
| #define DEF_MAILER "/usr/bin/mail"
| #define DEF_EXT_BROWSER "/usr/bin/mozilla"
| #define INET6 1
| #define USE_SSL 1
| #define USE_SSL_VERIFY 1
| #define USE_DIGEST_AUTH 1
| /* end confdefs.h.  */
| #include <machine/console.h>
|       MOUSE_GETINFO
configure:7968: checking terminal library
configure:7978: result: yes
configure:7983: checking for tgetent in -lterminfo
configure:8008: /usr/bin/gcc -o conftest -g -O2 -I$(srcdir)/libwc   -I/usr/local/include  conftest.c -lterminfo   >&5
ld: library not found for -lterminfo
collect2: ld returned 1 exit status
configure:8008: $? = 1
configure: failed program was:
| /* confdefs.h */
| #define PACKAGE_NAME "w3m"
| #define PACKAGE_TARNAME "w3m"
| #define PACKAGE_VERSION "0.5.3"
| #define PACKAGE_STRING "w3m 0.5.3"
| #define PACKAGE_BUGREPORT "satodai@w3m.jp"
| #define PACKAGE_URL ""
| #define PACKAGE "w3m"
| #define VERSION "0.5.3"
| #define W3M w3m
| #define W3M_TARGET 
| #define USE_M17N 1
| #define USE_UNICODE 1
| #define W3M_LANG EN
| #define WCTARGET "libwc/libwc.a"
| #define WCCFLAGS "-DUSE_UNICODE -I$(srcdir) -I$(srcdir)/.."
| #define DISPLAY_CHARSET WC_CES_UTF_8
| #define SYSTEM_CHARSET WC_CES_UTF_8
| #define DOCUMENT_CHARSET WC_CES_UTF_8
| #define ENABLE_NLS 1
| #define HAVE_GETTEXT 1
| #define HAVE_DCGETTEXT 1
| #define USE_COLOR 1
| #define USE_ANSI_COLOR 1
| #define USE_BG_COLOR 1
| #define INSTALL_W3MIMGDISPLAY $INSTALL_W3MIMGDISPLAY
| #define USE_IMAGE 1
| #define USE_W3MIMG_X11 1
| #define USE_GDKPIXBUF 1
| #define USE_GTK2 1
| #define IMGTARGETS "$IMGTARGETS"
| #define IMGOBJS "$IMGOBJS"
| #define IMGX11CFLAGS "$IMGX11CFLAGS"
| #define IMGX11LDFLAGS "$IMGX11LDFLAGS"
| #define IMGFBCFLAGS "$IMGFBCFLAGS"
| #define IMGFBLDFLAGS "$IMGFBLDFLAGS"
| #define IMGLINK "$IMGLINK"
| #define IMGWINCFLAGS "$IMGWINCFLAGS"
| #define IMGWINLDFLAGS "$IMGWINLDFLAGS"
| #define USE_XFACE 1
| #define HELP_FILE "w3mhelp-w3m_en.html"
| #define KEYBIND w3m
| #define USE_MENU 1
| #define USE_MOUSE 1
| #define USE_HISTORY 1
| #define USE_ALARM 1
| #define USE_COOKIE 1
| #define USE_NNTP 1
| #define USE_DICT 1
| #define USE_HELP_CGI 1
| #define USE_EXTERNAL_URI_LOADER 1
| #define USE_W3MMAILER 1
| #define DEF_MIGEMO_COMMAND "migemo -t egrep /usr/local/share/migemo/migemo-dict"
| #define DEF_EDITOR "/usr/bin/vi"
| #define DEF_MAILER "/usr/bin/mail"
| #define DEF_EXT_BROWSER "/usr/bin/mozilla"
| #define INET6 1
| #define USE_SSL 1
| #define USE_SSL_VERIFY 1
| #define USE_DIGEST_AUTH 1
| /* end confdefs.h.  */
| 
| /* Override any GCC internal prototype to avoid an error.
|    Use char because int might match the return type of a GCC
|    builtin and then its argument prototype would still apply.  */
| #ifdef __cplusplus
| extern "C"
| #endif
| char tgetent ();
| int
| main ()
| {
| return tgetent ();
|   ;
|   return 0;
| }
configure:8018: result: no
configure:7983: checking for tgetent in -lmytinfo
configure:8008: /usr/bin/gcc -o conftest -g -O2 -I$(srcdir)/libwc   -I/usr/local/include  conftest.c -lmytinfo   >&5
ld: library not found for -lmytinfo
collect2: ld returned 1 exit status
configure:8008: $? = 1
configure: failed program was:
| /* confdefs.h */
| #define PACKAGE_NAME "w3m"
| #define PACKAGE_TARNAME "w3m"
| #define PACKAGE_VERSION "0.5.3"
| #define PACKAGE_STRING "w3m 0.5.3"
| #define PACKAGE_BUGREPORT "satodai@w3m.jp"
| #define PACKAGE_URL ""
| #define PACKAGE "w3m"
| #define VERSION "0.5.3"
| #define W3M w3m
| #define W3M_TARGET 
| #define USE_M17N 1
| #define USE_UNICODE 1
| #define W3M_LANG EN
| #define WCTARGET "libwc/libwc.a"
| #define WCCFLAGS "-DUSE_UNICODE -I$(srcdir) -I$(srcdir)/.."
| #define DISPLAY_CHARSET WC_CES_UTF_8
| #define SYSTEM_CHARSET WC_CES_UTF_8
| #define DOCUMENT_CHARSET WC_CES_UTF_8
| #define ENABLE_NLS 1
| #define HAVE_GETTEXT 1
| #define HAVE_DCGETTEXT 1
| #define USE_COLOR 1
| #define USE_ANSI_COLOR 1
| #define USE_BG_COLOR 1
| #define INSTALL_W3MIMGDISPLAY $INSTALL_W3MIMGDISPLAY
| #define USE_IMAGE 1
| #define USE_W3MIMG_X11 1
| #define USE_GDKPIXBUF 1
| #define USE_GTK2 1
| #define IMGTARGETS "$IMGTARGETS"
| #define IMGOBJS "$IMGOBJS"
| #define IMGX11CFLAGS "$IMGX11CFLAGS"
| #define IMGX11LDFLAGS "$IMGX11LDFLAGS"
| #define IMGFBCFLAGS "$IMGFBCFLAGS"
| #define IMGFBLDFLAGS "$IMGFBLDFLAGS"
| #define IMGLINK "$IMGLINK"
| #define IMGWINCFLAGS "$IMGWINCFLAGS"
| #define IMGWINLDFLAGS "$IMGWINLDFLAGS"
| #define USE_XFACE 1
| #define HELP_FILE "w3mhelp-w3m_en.html"
| #define KEYBIND w3m
| #define USE_MENU 1
| #define USE_MOUSE 1
| #define USE_HISTORY 1
| #define USE_ALARM 1
| #define USE_COOKIE 1
| #define USE_NNTP 1
| #define USE_DICT 1
| #define USE_HELP_CGI 1
| #define USE_EXTERNAL_URI_LOADER 1
| #define USE_W3MMAILER 1
| #define DEF_MIGEMO_COMMAND "migemo -t egrep /usr/local/share/migemo/migemo-dict"
| #define DEF_EDITOR "/usr/bin/vi"
| #define DEF_MAILER "/usr/bin/mail"
| #define DEF_EXT_BROWSER "/usr/bin/mozilla"
| #define INET6 1
| #define USE_SSL 1
| #define USE_SSL_VERIFY 1
| #define USE_DIGEST_AUTH 1
| /* end confdefs.h.  */
| 
| /* Override any GCC internal prototype to avoid an error.
|    Use char because int might match the return type of a GCC
|    builtin and then its argument prototype would still apply.  */
| #ifdef __cplusplus
| extern "C"
| #endif
| char tgetent ();
| int
| main ()
| {
| return tgetent ();
|   ;
|   return 0;
| }
configure:8018: result: no
configure:7983: checking for tgetent in -ltermlib
configure:8008: /usr/bin/gcc -o conftest -g -O2 -I$(srcdir)/libwc   -I/usr/local/include  conftest.c -ltermlib   >&5
ld: library not found for -ltermlib
collect2: ld returned 1 exit status
configure:8008: $? = 1
configure: failed program was:
| /* confdefs.h */
| #define PACKAGE_NAME "w3m"
| #define PACKAGE_TARNAME "w3m"
| #define PACKAGE_VERSION "0.5.3"
| #define PACKAGE_STRING "w3m 0.5.3"
| #define PACKAGE_BUGREPORT "satodai@w3m.jp"
| #define PACKAGE_URL ""
| #define PACKAGE "w3m"
| #define VERSION "0.5.3"
| #define W3M w3m
| #define W3M_TARGET 
| #define USE_M17N 1
| #define USE_UNICODE 1
| #define W3M_LANG EN
| #define WCTARGET "libwc/libwc.a"
| #define WCCFLAGS "-DUSE_UNICODE -I$(srcdir) -I$(srcdir)/.."
| #define DISPLAY_CHARSET WC_CES_UTF_8
| #define SYSTEM_CHARSET WC_CES_UTF_8
| #define DOCUMENT_CHARSET WC_CES_UTF_8
| #define ENABLE_NLS 1
| #define HAVE_GETTEXT 1
| #define HAVE_DCGETTEXT 1
| #define USE_COLOR 1
| #define USE_ANSI_COLOR 1
| #define USE_BG_COLOR 1
| #define INSTALL_W3MIMGDISPLAY $INSTALL_W3MIMGDISPLAY
| #define USE_IMAGE 1
| #define USE_W3MIMG_X11 1
| #define USE_GDKPIXBUF 1
| #define USE_GTK2 1
| #define IMGTARGETS "$IMGTARGETS"
| #define IMGOBJS "$IMGOBJS"
| #define IMGX11CFLAGS "$IMGX11CFLAGS"
| #define IMGX11LDFLAGS "$IMGX11LDFLAGS"
| #define IMGFBCFLAGS "$IMGFBCFLAGS"
| #define IMGFBLDFLAGS "$IMGFBLDFLAGS"
| #define IMGLINK "$IMGLINK"
| #define IMGWINCFLAGS "$IMGWINCFLAGS"
| #define IMGWINLDFLAGS "$IMGWINLDFLAGS"
| #define USE_XFACE 1
| #define HELP_FILE "w3mhelp-w3m_en.html"
| #define KEYBIND w3m
| #define USE_MENU 1
| #define USE_MOUSE 1
| #define USE_HISTORY 1
| #define USE_ALARM 1
| #define USE_COOKIE 1
| #define USE_NNTP 1
| #define USE_DICT 1
| #define USE_HELP_CGI 1
| #define USE_EXTERNAL_URI_LOADER 1
| #define USE_W3MMAILER 1
| #define DEF_MIGEMO_COMMAND "migemo -t egrep /usr/local/share/migemo/migemo-dict"
| #define DEF_EDITOR "/usr/bin/vi"
| #define DEF_MAILER "/usr/bin/mail"
| #define DEF_EXT_BROWSER "/usr/bin/mozilla"
| #define INET6 1
| #define USE_SSL 1
| #define USE_SSL_VERIFY 1
| #define USE_DIGEST_AUTH 1
| /* end confdefs.h.  */
| 
| /* Override any GCC internal prototype to avoid an error.
|    Use char because int might match the return type of a GCC
|    builtin and then its argument prototype would still apply.  */
| #ifdef __cplusplus
| extern "C"
| #endif
| char tgetent ();
| int
| main ()
| {
| return tgetent ();
|   ;
|   return 0;
| }
configure:8018: result: no
configure:7983: checking for tgetent in -ltermcap
configure:8008: /usr/bin/gcc -o conftest -g -O2 -I$(srcdir)/libwc   -I/usr/local/include  conftest.c -ltermcap   >&5
ld: library not found for -ltermcap
collect2: ld returned 1 exit status
configure:8008: $? = 1
configure: failed program was:
| /* confdefs.h */
| #define PACKAGE_NAME "w3m"
| #define PACKAGE_TARNAME "w3m"
| #define PACKAGE_VERSION "0.5.3"
| #define PACKAGE_STRING "w3m 0.5.3"
| #define PACKAGE_BUGREPORT "satodai@w3m.jp"
| #define PACKAGE_URL ""
| #define PACKAGE "w3m"
| #define VERSION "0.5.3"
| #define W3M w3m
| #define W3M_TARGET 
| #define USE_M17N 1
| #define USE_UNICODE 1
| #define W3M_LANG EN
| #define WCTARGET "libwc/libwc.a"
| #define WCCFLAGS "-DUSE_UNICODE -I$(srcdir) -I$(srcdir)/.."
| #define DISPLAY_CHARSET WC_CES_UTF_8
| #define SYSTEM_CHARSET WC_CES_UTF_8
| #define DOCUMENT_CHARSET WC_CES_UTF_8
| #define ENABLE_NLS 1
| #define HAVE_GETTEXT 1
| #define HAVE_DCGETTEXT 1
| #define USE_COLOR 1
| #define USE_ANSI_COLOR 1
| #define USE_BG_COLOR 1
| #define INSTALL_W3MIMGDISPLAY $INSTALL_W3MIMGDISPLAY
| #define USE_IMAGE 1
| #define USE_W3MIMG_X11 1
| #define USE_GDKPIXBUF 1
| #define USE_GTK2 1
| #define IMGTARGETS "$IMGTARGETS"
| #define IMGOBJS "$IMGOBJS"
| #define IMGX11CFLAGS "$IMGX11CFLAGS"
| #define IMGX11LDFLAGS "$IMGX11LDFLAGS"
| #define IMGFBCFLAGS "$IMGFBCFLAGS"
| #define IMGFBLDFLAGS "$IMGFBLDFLAGS"
| #define IMGLINK "$IMGLINK"
| #define IMGWINCFLAGS "$IMGWINCFLAGS"
| #define IMGWINLDFLAGS "$IMGWINLDFLAGS"
| #define USE_XFACE 1
| #define HELP_FILE "w3mhelp-w3m_en.html"
| #define KEYBIND w3m
| #define USE_MENU 1
| #define USE_MOUSE 1
| #define USE_HISTORY 1
| #define USE_ALARM 1
| #define USE_COOKIE 1
| #define USE_NNTP 1
| #define USE_DICT 1
| #define USE_HELP_CGI 1
| #define USE_EXTERNAL_URI_LOADER 1
| #define USE_W3MMAILER 1
| #define DEF_MIGEMO_COMMAND "migemo -t egrep /usr/local/share/migemo/migemo-dict"
| #define DEF_EDITOR "/usr/bin/vi"
| #define DEF_MAILER "/usr/bin/mail"
| #define DEF_EXT_BROWSER "/usr/bin/mozilla"
| #define INET6 1
| #define USE_SSL 1
| #define USE_SSL_VERIFY 1
| #define USE_DIGEST_AUTH 1
| /* end confdefs.h.  */
| 
| /* Override any GCC internal prototype to avoid an error.
|    Use char because int might match the return type of a GCC
|    builtin and then its argument prototype would still apply.  */
| #ifdef __cplusplus
| extern "C"
| #endif
| char tgetent ();
| int
| main ()
| {
| return tgetent ();
|   ;
|   return 0;
| }
configure:8018: result: no
configure:7983: checking for tgetent in -lncurses
configure:8008: /usr/bin/gcc -o conftest -g -O2 -I$(srcdir)/libwc   -I/usr/local/include  conftest.c -lncurses   >&5
configure:8008: $? = 0
configure:8018: result: yes
configure:8026: checking for ANSI C header files
configure:8046: /usr/bin/gcc -c -g -O2 -I$(srcdir)/libwc   -I/usr/local/include conftest.c >&5
configure:8046: $? = 0
configure:8119: /usr/bin/gcc -o conftest -g -O2 -I$(srcdir)/libwc   -I/usr/local/include  conftest.c  >&5
configure:8119: $? = 0
configure:8119: ./conftest
configure:8119: $? = 0
configure:8130: result: yes
configure:8143: checking for sys/types.h
configure:8143: /usr/bin/gcc -c -g -O2 -I$(srcdir)/libwc   -I/usr/local/include conftest.c >&5
configure:8143: $? = 0
configure:8143: result: yes
configure:8143: checking for sys/stat.h
configure:8143: /usr/bin/gcc -c -g -O2 -I$(srcdir)/libwc   -I/usr/local/include conftest.c >&5
configure:8143: $? = 0
configure:8143: result: yes
configure:8143: checking for stdlib.h
configure:8143: /usr/bin/gcc -c -g -O2 -I$(srcdir)/libwc   -I/usr/local/include conftest.c >&5
configure:8143: $? = 0
configure:8143: result: yes
configure:8143: checking for string.h
configure:8143: /usr/bin/gcc -c -g -O2 -I$(srcdir)/libwc   -I/usr/local/include conftest.c >&5
configure:8143: $? = 0
configure:8143: result: yes
configure:8143: checking for memory.h
configure:8143: /usr/bin/gcc -c -g -O2 -I$(srcdir)/libwc   -I/usr/local/include conftest.c >&5
configure:8143: $? = 0
configure:8143: result: yes
configure:8143: checking for strings.h
configure:8143: /usr/bin/gcc -c -g -O2 -I$(srcdir)/libwc   -I/usr/local/include conftest.c >&5
configure:8143: $? = 0
configure:8143: result: yes
configure:8143: checking for inttypes.h
configure:8143: /usr/bin/gcc -c -g -O2 -I$(srcdir)/libwc   -I/usr/local/include conftest.c >&5
configure:8143: $? = 0
configure:8143: result: yes
configure:8143: checking for stdint.h
configure:8143: /usr/bin/gcc -c -g -O2 -I$(srcdir)/libwc   -I/usr/local/include conftest.c >&5
configure:8143: $? = 0
configure:8143: result: yes
configure:8143: checking for unistd.h
configure:8143: /usr/bin/gcc -c -g -O2 -I$(srcdir)/libwc   -I/usr/local/include conftest.c >&5
configure:8143: $? = 0
configure:8143: result: yes
configure:8155: checking GC library exists
configure:8166: result: yes
configure:8170: checking gc.h usability
configure:8170: /usr/bin/gcc -c -g -O2 -I$(srcdir)/libwc   -I/usr/local/include conftest.c >&5
configure:8170: $? = 0
configure:8170: result: yes
configure:8170: checking gc.h presence
configure:8170: /usr/bin/gcc -E -I/usr/local/include conftest.c
configure:8170: $? = 0
configure:8170: result: yes
configure:8170: checking for gc.h
configure:8170: result: yes
configure:8206: checking for GC_init in -lgc
configure:8231: /usr/bin/gcc -o conftest -g -O2 -I$(srcdir)/libwc   -I/usr/local/include  conftest.c -lgc   >&5
configure:8231: $? = 0
configure:8240: result: yes
configure:8304: checking for zError in -lz
configure:8329: /usr/bin/gcc -o conftest -g -O2 -I$(srcdir)/libwc   -I/usr/local/include  conftest.c -lz   >&5
configure:8329: $? = 0
configure:8338: result: yes
configure:8345: checking for socklen_t
configure:8345: /usr/bin/gcc -c -g -O2 -I$(srcdir)/libwc   -I/usr/local/include conftest.c >&5
configure:8345: $? = 0
configure:8345: /usr/bin/gcc -c -g -O2 -I$(srcdir)/libwc   -I/usr/local/include conftest.c >&5
conftest.c: In function 'main':
conftest.c:78: error: expected expression before ')' token
configure:8345: $? = 1
configure: failed program was:
| /* confdefs.h */
| #define PACKAGE_NAME "w3m"
| #define PACKAGE_TARNAME "w3m"
| #define PACKAGE_VERSION "0.5.3"
| #define PACKAGE_STRING "w3m 0.5.3"
| #define PACKAGE_BUGREPORT "satodai@w3m.jp"
| #define PACKAGE_URL ""
| #define PACKAGE "w3m"
| #define VERSION "0.5.3"
| #define W3M w3m
| #define W3M_TARGET 
| #define USE_M17N 1
| #define USE_UNICODE 1
| #define W3M_LANG EN
| #define WCTARGET "libwc/libwc.a"
| #define WCCFLAGS "-DUSE_UNICODE -I$(srcdir) -I$(srcdir)/.."
| #define DISPLAY_CHARSET WC_CES_UTF_8
| #define SYSTEM_CHARSET WC_CES_UTF_8
| #define DOCUMENT_CHARSET WC_CES_UTF_8
| #define ENABLE_NLS 1
| #define HAVE_GETTEXT 1
| #define HAVE_DCGETTEXT 1
| #define USE_COLOR 1
| #define USE_ANSI_COLOR 1
| #define USE_BG_COLOR 1
| #define INSTALL_W3MIMGDISPLAY $INSTALL_W3MIMGDISPLAY
| #define USE_IMAGE 1
| #define USE_W3MIMG_X11 1
| #define USE_GDKPIXBUF 1
| #define USE_GTK2 1
| #define IMGTARGETS "$IMGTARGETS"
| #define IMGOBJS "$IMGOBJS"
| #define IMGX11CFLAGS "$IMGX11CFLAGS"
| #define IMGX11LDFLAGS "$IMGX11LDFLAGS"
| #define IMGFBCFLAGS "$IMGFBCFLAGS"
| #define IMGFBLDFLAGS "$IMGFBLDFLAGS"
| #define IMGLINK "$IMGLINK"
| #define IMGWINCFLAGS "$IMGWINCFLAGS"
| #define IMGWINLDFLAGS "$IMGWINLDFLAGS"
| #define USE_XFACE 1
| #define HELP_FILE "w3mhelp-w3m_en.html"
| #define KEYBIND w3m
| #define USE_MENU 1
| #define USE_MOUSE 1
| #define USE_HISTORY 1
| #define USE_ALARM 1
| #define USE_COOKIE 1
| #define USE_NNTP 1
| #define USE_DICT 1
| #define USE_HELP_CGI 1
| #define USE_EXTERNAL_URI_LOADER 1
| #define USE_W3MMAILER 1
| #define DEF_MIGEMO_COMMAND "migemo -t egrep /usr/local/share/migemo/migemo-dict"
| #define DEF_EDITOR "/usr/bin/vi"
| #define DEF_MAILER "/usr/bin/mail"
| #define DEF_EXT_BROWSER "/usr/bin/mozilla"
| #define INET6 1
| #define USE_SSL 1
| #define USE_SSL_VERIFY 1
| #define USE_DIGEST_AUTH 1
| #define STDC_HEADERS 1
| #define HAVE_SYS_TYPES_H 1
| #define HAVE_SYS_STAT_H 1
| #define HAVE_STDLIB_H 1
| #define HAVE_STRING_H 1
| #define HAVE_MEMORY_H 1
| #define HAVE_STRINGS_H 1
| #define HAVE_INTTYPES_H 1
| #define HAVE_STDINT_H 1
| #define HAVE_UNISTD_H 1
| /* end confdefs.h.  */
| #include <sys/types.h>
| 	  #include <sys/socket.h>
| 
| int
| main ()
| {
| if (sizeof ((socklen_t)))
| 	    return 0;
|   ;
|   return 0;
| }
configure:8345: result: yes
configure:8368: checking for dirent.h that defines DIR
configure:8387: /usr/bin/gcc -c -g -O2 -I$(srcdir)/libwc   -I/usr/local/include conftest.c >&5
configure:8387: $? = 0
configure:8395: result: yes
configure:8408: checking for library containing opendir
configure:8439: /usr/bin/gcc -o conftest -g -O2 -I$(srcdir)/libwc   -I/usr/local/include  conftest.c  >&5
configure:8439: $? = 0
configure:8456: result: none required
configure:8523: checking for ANSI C header files
configure:8627: result: yes
configure:8635: checking for sys/wait.h that is POSIX.1 compatible
configure:8661: /usr/bin/gcc -c -g -O2 -I$(srcdir)/libwc   -I/usr/local/include conftest.c >&5
configure:8661: $? = 0
configure:8668: result: yes
configure:8676: checking termios.h usability
configure:8676: /usr/bin/gcc -c -g -O2 -I$(srcdir)/libwc   -I/usr/local/include conftest.c >&5
configure:8676: $? = 0
configure:8676: result: yes
configure:8676: checking termios.h presence
configure:8676: /usr/bin/gcc -E -I/usr/local/include conftest.c
configure:8676: $? = 0
configure:8676: result: yes
configure:8676: checking for termios.h
configure:8676: result: yes
configure:8699: checking float.h usability
configure:8699: /usr/bin/gcc -c -g -O2 -I$(srcdir)/libwc   -I/usr/local/include conftest.c >&5
configure:8699: $? = 0
configure:8699: result: yes
configure:8699: checking float.h presence
configure:8699: /usr/bin/gcc -E -I/usr/local/include conftest.c
configure:8699: $? = 0
configure:8699: result: yes
configure:8699: checking for float.h
configure:8699: result: yes
configure:8706: checking sys/select.h usability
configure:8706: /usr/bin/gcc -c -g -O2 -I$(srcdir)/libwc   -I/usr/local/include conftest.c >&5
configure:8706: $? = 0
configure:8706: result: yes
configure:8706: checking sys/select.h presence
configure:8706: /usr/bin/gcc -E -I/usr/local/include conftest.c
configure:8706: $? = 0
configure:8706: result: yes
configure:8706: checking for sys/select.h
configure:8706: result: yes
configure:8713: checking locale.h usability
configure:8713: /usr/bin/gcc -c -g -O2 -I$(srcdir)/libwc   -I/usr/local/include conftest.c >&5
configure:8713: $? = 0
configure:8713: result: yes
configure:8713: checking locale.h presence
configure:8713: /usr/bin/gcc -E -I/usr/local/include conftest.c
configure:8713: $? = 0
configure:8713: result: yes
configure:8713: checking for locale.h
configure:8713: result: yes
configure:8720: checking for stdint.h
configure:8720: result: yes
configure:8727: checking for inttypes.h
configure:8727: result: yes
configure:8739: checking size of long long
configure:8744: /usr/bin/gcc -o conftest -g -O2 -I$(srcdir)/libwc   -I/usr/local/include  conftest.c  >&5
configure:8744: $? = 0
configure:8744: ./conftest
configure:8744: $? = 0
configure:8758: result: 8
configure:8772: checking for strcasecmp
configure:8772: /usr/bin/gcc -o conftest -g -O2 -I$(srcdir)/libwc   -I/usr/local/include  conftest.c  >&5
conftest.c:107: warning: conflicting types for built-in function 'strcasecmp'
configure:8772: $? = 0
configure:8772: result: yes
configure:8772: checking for strcasestr
configure:8772: /usr/bin/gcc -o conftest -g -O2 -I$(srcdir)/libwc   -I/usr/local/include  conftest.c  >&5
configure:8772: $? = 0
configure:8772: result: yes
configure:8772: checking for strchr
configure:8772: /usr/bin/gcc -o conftest -g -O2 -I$(srcdir)/libwc   -I/usr/local/include  conftest.c  >&5
conftest.c:109: warning: conflicting types for built-in function 'strchr'
configure:8772: $? = 0
configure:8772: result: yes
configure:8772: checking for memcpy
configure:8772: /usr/bin/gcc -o conftest -g -O2 -I$(srcdir)/libwc   -I/usr/local/include  conftest.c  >&5
conftest.c:110: warning: conflicting types for built-in function 'memcpy'
configure:8772: $? = 0
configure:8772: result: yes
configure:8772: checking for strerror
configure:8772: /usr/bin/gcc -o conftest -g -O2 -I$(srcdir)/libwc   -I/usr/local/include  conftest.c  >&5
configure:8772: $? = 0
configure:8772: result: yes
configure:8772: checking for bcopy
configure:8772: /usr/bin/gcc -o conftest -g -O2 -I$(srcdir)/libwc   -I/usr/local/include  conftest.c  >&5
conftest.c:112: warning: conflicting types for built-in function 'bcopy'
configure:8772: $? = 0
configure:8772: result: yes
configure:8772: checking for setpgrp
configure:8772: /usr/bin/gcc -o conftest -g -O2 -I$(srcdir)/libwc   -I/usr/local/include  conftest.c  >&5
configure:8772: $? = 0
configure:8772: result: yes
configure:8772: checking for chdir
configure:8772: /usr/bin/gcc -o conftest -g -O2 -I$(srcdir)/libwc   -I/usr/local/include  conftest.c  >&5
configure:8772: $? = 0
configure:8772: result: yes
configure:8772: checking for getcwd
configure:8772: /usr/bin/gcc -o conftest -g -O2 -I$(srcdir)/libwc   -I/usr/local/include  conftest.c  >&5
configure:8772: $? = 0
configure:8772: result: yes
configure:8772: checking for getwd
configure:8772: /usr/bin/gcc -o conftest -g -O2 -I$(srcdir)/libwc   -I/usr/local/include  conftest.c  >&5
configure:8772: $? = 0
configure:8772: result: yes
configure:8772: checking for readlink
configure:8772: /usr/bin/gcc -o conftest -g -O2 -I$(srcdir)/libwc   -I/usr/local/include  conftest.c  >&5
configure:8772: $? = 0
configure:8772: result: yes
configure:8772: checking for setenv
configure:8772: /usr/bin/gcc -o conftest -g -O2 -I$(srcdir)/libwc   -I/usr/local/include  conftest.c  >&5
configure:8772: $? = 0
configure:8772: result: yes
configure:8772: checking for putenv
configure:8772: /usr/bin/gcc -o conftest -g -O2 -I$(srcdir)/libwc   -I/usr/local/include  conftest.c  >&5
configure:8772: $? = 0
configure:8772: result: yes
configure:8772: checking for strtoll
configure:8772: /usr/bin/gcc -o conftest -g -O2 -I$(srcdir)/libwc   -I/usr/local/include  conftest.c  >&5
configure:8772: $? = 0
configure:8772: result: yes
configure:8772: checking for stroq
configure:8772: /usr/bin/gcc -o conftest -g -O2 -I$(srcdir)/libwc   -I/usr/local/include  conftest.c  >&5
Undefined symbols:
  "_stroq", referenced from:
      _main in cc9iwsAm.o
ld: symbol(s) not found
collect2: ld returned 1 exit status
configure:8772: $? = 1
configure: failed program was:
| /* confdefs.h */
| #define PACKAGE_NAME "w3m"
| #define PACKAGE_TARNAME "w3m"
| #define PACKAGE_VERSION "0.5.3"
| #define PACKAGE_STRING "w3m 0.5.3"
| #define PACKAGE_BUGREPORT "satodai@w3m.jp"
| #define PACKAGE_URL ""
| #define PACKAGE "w3m"
| #define VERSION "0.5.3"
| #define W3M w3m
| #define W3M_TARGET 
| #define USE_M17N 1
| #define USE_UNICODE 1
| #define W3M_LANG EN
| #define WCTARGET "libwc/libwc.a"
| #define WCCFLAGS "-DUSE_UNICODE -I$(srcdir) -I$(srcdir)/.."
| #define DISPLAY_CHARSET WC_CES_UTF_8
| #define SYSTEM_CHARSET WC_CES_UTF_8
| #define DOCUMENT_CHARSET WC_CES_UTF_8
| #define ENABLE_NLS 1
| #define HAVE_GETTEXT 1
| #define HAVE_DCGETTEXT 1
| #define USE_COLOR 1
| #define USE_ANSI_COLOR 1
| #define USE_BG_COLOR 1
| #define INSTALL_W3MIMGDISPLAY $INSTALL_W3MIMGDISPLAY
| #define USE_IMAGE 1
| #define USE_W3MIMG_X11 1
| #define USE_GDKPIXBUF 1
| #define USE_GTK2 1
| #define IMGTARGETS "$IMGTARGETS"
| #define IMGOBJS "$IMGOBJS"
| #define IMGX11CFLAGS "$IMGX11CFLAGS"
| #define IMGX11LDFLAGS "$IMGX11LDFLAGS"
| #define IMGFBCFLAGS "$IMGFBCFLAGS"
| #define IMGFBLDFLAGS "$IMGFBLDFLAGS"
| #define IMGLINK "$IMGLINK"
| #define IMGWINCFLAGS "$IMGWINCFLAGS"
| #define IMGWINLDFLAGS "$IMGWINLDFLAGS"
| #define USE_XFACE 1
| #define HELP_FILE "w3mhelp-w3m_en.html"
| #define KEYBIND w3m
| #define USE_MENU 1
| #define USE_MOUSE 1
| #define USE_HISTORY 1
| #define USE_ALARM 1
| #define USE_COOKIE 1
| #define USE_NNTP 1
| #define USE_DICT 1
| #define USE_HELP_CGI 1
| #define USE_EXTERNAL_URI_LOADER 1
| #define USE_W3MMAILER 1
| #define DEF_MIGEMO_COMMAND "migemo -t egrep /usr/local/share/migemo/migemo-dict"
| #define DEF_EDITOR "/usr/bin/vi"
| #define DEF_MAILER "/usr/bin/mail"
| #define DEF_EXT_BROWSER "/usr/bin/mozilla"
| #define INET6 1
| #define USE_SSL 1
| #define USE_SSL_VERIFY 1
| #define USE_DIGEST_AUTH 1
| #define STDC_HEADERS 1
| #define HAVE_SYS_TYPES_H 1
| #define HAVE_SYS_STAT_H 1
| #define HAVE_STDLIB_H 1
| #define HAVE_STRING_H 1
| #define HAVE_MEMORY_H 1
| #define HAVE_STRINGS_H 1
| #define HAVE_INTTYPES_H 1
| #define HAVE_STDINT_H 1
| #define HAVE_UNISTD_H 1
| #define HAVE_SOCKLEN_T 1
| #define AUXBIN_TARGETS "$AUXBIN_TARGETS"
| #define HAVE_DIRENT_H 1
| #define STDC_HEADERS 1
| #define HAVE_SYS_WAIT_H 1
| #define HAVE_TERMIOS_H 1
| #define HAVE_FLOAT_H 1
| #define HAVE_SYS_SELECT_H 1
| #define HAVE_LOCALE_H 1
| #define HAVE_STDINT_H 1
| #define HAVE_INTTYPES_H 1
| #define SIZEOF_LONG_LONG 8
| #define HAVE_STRCASECMP 1
| #define HAVE_STRCASESTR 1
| #define HAVE_STRCHR 1
| #define HAVE_MEMCPY 1
| #define HAVE_STRERROR 1
| #define HAVE_BCOPY 1
| #define HAVE_SETPGRP 1
| #define HAVE_CHDIR 1
| #define HAVE_GETCWD 1
| #define HAVE_GETWD 1
| #define HAVE_READLINK 1
| #define HAVE_SETENV 1
| #define HAVE_PUTENV 1
| #define HAVE_STRTOLL 1
| /* end confdefs.h.  */
| /* Define stroq to an innocuous variant, in case <limits.h> declares stroq.
|    For example, HP-UX 11i <limits.h> declares gettimeofday.  */
| #define stroq innocuous_stroq
| 
| /* System header to define __stub macros and hopefully few prototypes,
|     which can conflict with char stroq (); below.
|     Prefer <limits.h> to <assert.h> if __STDC__ is defined, since
|     <limits.h> exists even on freestanding compilers.  */
| 
| #ifdef __STDC__
| # include <limits.h>
| #else
| # include <assert.h>
| #endif
| 
| #undef stroq
| 
| /* Override any GCC internal prototype to avoid an error.
|    Use char because int might match the return type of a GCC
|    builtin and then its argument prototype would still apply.  */
| #ifdef __cplusplus
| extern "C"
| #endif
| char stroq ();
| /* The GNU C library defines this for functions which it implements
|     to always fail with ENOSYS.  Some functions are actually named
|     something starting with __ and the normal name is an alias.  */
| #if defined __stub_stroq || defined __stub___stroq
| choke me
| #endif
| 
| int
| main ()
| {
| return stroq ();
|   ;
|   return 0;
| }
configure:8772: result: no
configure:8772: checking for atoll
configure:8772: /usr/bin/gcc -o conftest -g -O2 -I$(srcdir)/libwc   -I/usr/local/include  conftest.c  >&5
configure:8772: $? = 0
configure:8772: result: yes
configure:8772: checking for atoq
configure:8772: /usr/bin/gcc -o conftest -g -O2 -I$(srcdir)/libwc   -I/usr/local/include  conftest.c  >&5
Undefined symbols:
  "_atoq", referenced from:
      _main in cc8GbmpM.o
ld: symbol(s) not found
collect2: ld returned 1 exit status
configure:8772: $? = 1
configure: failed program was:
| /* confdefs.h */
| #define PACKAGE_NAME "w3m"
| #define PACKAGE_TARNAME "w3m"
| #define PACKAGE_VERSION "0.5.3"
| #define PACKAGE_STRING "w3m 0.5.3"
| #define PACKAGE_BUGREPORT "satodai@w3m.jp"
| #define PACKAGE_URL ""
| #define PACKAGE "w3m"
| #define VERSION "0.5.3"
| #define W3M w3m
| #define W3M_TARGET 
| #define USE_M17N 1
| #define USE_UNICODE 1
| #define W3M_LANG EN
| #define WCTARGET "libwc/libwc.a"
| #define WCCFLAGS "-DUSE_UNICODE -I$(srcdir) -I$(srcdir)/.."
| #define DISPLAY_CHARSET WC_CES_UTF_8
| #define SYSTEM_CHARSET WC_CES_UTF_8
| #define DOCUMENT_CHARSET WC_CES_UTF_8
| #define ENABLE_NLS 1
| #define HAVE_GETTEXT 1
| #define HAVE_DCGETTEXT 1
| #define USE_COLOR 1
| #define USE_ANSI_COLOR 1
| #define USE_BG_COLOR 1
| #define INSTALL_W3MIMGDISPLAY $INSTALL_W3MIMGDISPLAY
| #define USE_IMAGE 1
| #define USE_W3MIMG_X11 1
| #define USE_GDKPIXBUF 1
| #define USE_GTK2 1
| #define IMGTARGETS "$IMGTARGETS"
| #define IMGOBJS "$IMGOBJS"
| #define IMGX11CFLAGS "$IMGX11CFLAGS"
| #define IMGX11LDFLAGS "$IMGX11LDFLAGS"
| #define IMGFBCFLAGS "$IMGFBCFLAGS"
| #define IMGFBLDFLAGS "$IMGFBLDFLAGS"
| #define IMGLINK "$IMGLINK"
| #define IMGWINCFLAGS "$IMGWINCFLAGS"
| #define IMGWINLDFLAGS "$IMGWINLDFLAGS"
| #define USE_XFACE 1
| #define HELP_FILE "w3mhelp-w3m_en.html"
| #define KEYBIND w3m
| #define USE_MENU 1
| #define USE_MOUSE 1
| #define USE_HISTORY 1
| #define USE_ALARM 1
| #define USE_COOKIE 1
| #define USE_NNTP 1
| #define USE_DICT 1
| #define USE_HELP_CGI 1
| #define USE_EXTERNAL_URI_LOADER 1
| #define USE_W3MMAILER 1
| #define DEF_MIGEMO_COMMAND "migemo -t egrep /usr/local/share/migemo/migemo-dict"
| #define DEF_EDITOR "/usr/bin/vi"
| #define DEF_MAILER "/usr/bin/mail"
| #define DEF_EXT_BROWSER "/usr/bin/mozilla"
| #define INET6 1
| #define USE_SSL 1
| #define USE_SSL_VERIFY 1
| #define USE_DIGEST_AUTH 1
| #define STDC_HEADERS 1
| #define HAVE_SYS_TYPES_H 1
| #define HAVE_SYS_STAT_H 1
| #define HAVE_STDLIB_H 1
| #define HAVE_STRING_H 1
| #define HAVE_MEMORY_H 1
| #define HAVE_STRINGS_H 1
| #define HAVE_INTTYPES_H 1
| #define HAVE_STDINT_H 1
| #define HAVE_UNISTD_H 1
| #define HAVE_SOCKLEN_T 1
| #define AUXBIN_TARGETS "$AUXBIN_TARGETS"
| #define HAVE_DIRENT_H 1
| #define STDC_HEADERS 1
| #define HAVE_SYS_WAIT_H 1
| #define HAVE_TERMIOS_H 1
| #define HAVE_FLOAT_H 1
| #define HAVE_SYS_SELECT_H 1
| #define HAVE_LOCALE_H 1
| #define HAVE_STDINT_H 1
| #define HAVE_INTTYPES_H 1
| #define SIZEOF_LONG_LONG 8
| #define HAVE_STRCASECMP 1
| #define HAVE_STRCASESTR 1
| #define HAVE_STRCHR 1
| #define HAVE_MEMCPY 1
| #define HAVE_STRERROR 1
| #define HAVE_BCOPY 1
| #define HAVE_SETPGRP 1
| #define HAVE_CHDIR 1
| #define HAVE_GETCWD 1
| #define HAVE_GETWD 1
| #define HAVE_READLINK 1
| #define HAVE_SETENV 1
| #define HAVE_PUTENV 1
| #define HAVE_STRTOLL 1
| #define HAVE_ATOLL 1
| /* end confdefs.h.  */
| /* Define atoq to an innocuous variant, in case <limits.h> declares atoq.
|    For example, HP-UX 11i <limits.h> declares gettimeofday.  */
| #define atoq innocuous_atoq
| 
| /* System header to define __stub macros and hopefully few prototypes,
|     which can conflict with char atoq (); below.
|     Prefer <limits.h> to <assert.h> if __STDC__ is defined, since
|     <limits.h> exists even on freestanding compilers.  */
| 
| #ifdef __STDC__
| # include <limits.h>
| #else
| # include <assert.h>
| #endif
| 
| #undef atoq
| 
| /* Override any GCC internal prototype to avoid an error.
|    Use char because int might match the return type of a GCC
|    builtin and then its argument prototype would still apply.  */
| #ifdef __cplusplus
| extern "C"
| #endif
| char atoq ();
| /* The GNU C library defines this for functions which it implements
|     to always fail with ENOSYS.  Some functions are actually named
|     something starting with __ and the normal name is an alias.  */
| #if defined __stub_atoq || defined __stub___atoq
| choke me
| #endif
| 
| int
| main ()
| {
| return atoq ();
|   ;
|   return 0;
| }
configure:8772: result: no
configure:8772: checking for symlink
configure:8772: /usr/bin/gcc -o conftest -g -O2 -I$(srcdir)/libwc   -I/usr/local/include  conftest.c  >&5
configure:8772: $? = 0
configure:8772: result: yes
configure:8772: checking for readlink
configure:8772: result: yes
configure:8772: checking for lstat
configure:8772: /usr/bin/gcc -o conftest -g -O2 -I$(srcdir)/libwc   -I/usr/local/include  conftest.c  >&5
configure:8772: $? = 0
configure:8772: result: yes
configure:8772: checking for srand48
configure:8772: /usr/bin/gcc -o conftest -g -O2 -I$(srcdir)/libwc   -I/usr/local/include  conftest.c  >&5
configure:8772: $? = 0
configure:8772: result: yes
configure:8772: checking for srandom
configure:8772: /usr/bin/gcc -o conftest -g -O2 -I$(srcdir)/libwc   -I/usr/local/include  conftest.c  >&5
configure:8772: $? = 0
configure:8772: result: yes
configure:8772: checking for getpassphrase
configure:8772: /usr/bin/gcc -o conftest -g -O2 -I$(srcdir)/libwc   -I/usr/local/include  conftest.c  >&5
Undefined symbols:
  "_getpassphrase", referenced from:
      _main in cc2ZVE5N.o
ld: symbol(s) not found
collect2: ld returned 1 exit status
configure:8772: $? = 1
configure: failed program was:
| /* confdefs.h */
| #define PACKAGE_NAME "w3m"
| #define PACKAGE_TARNAME "w3m"
| #define PACKAGE_VERSION "0.5.3"
| #define PACKAGE_STRING "w3m 0.5.3"
| #define PACKAGE_BUGREPORT "satodai@w3m.jp"
| #define PACKAGE_URL ""
| #define PACKAGE "w3m"
| #define VERSION "0.5.3"
| #define W3M w3m
| #define W3M_TARGET 
| #define USE_M17N 1
| #define USE_UNICODE 1
| #define W3M_LANG EN
| #define WCTARGET "libwc/libwc.a"
| #define WCCFLAGS "-DUSE_UNICODE -I$(srcdir) -I$(srcdir)/.."
| #define DISPLAY_CHARSET WC_CES_UTF_8
| #define SYSTEM_CHARSET WC_CES_UTF_8
| #define DOCUMENT_CHARSET WC_CES_UTF_8
| #define ENABLE_NLS 1
| #define HAVE_GETTEXT 1
| #define HAVE_DCGETTEXT 1
| #define USE_COLOR 1
| #define USE_ANSI_COLOR 1
| #define USE_BG_COLOR 1
| #define INSTALL_W3MIMGDISPLAY $INSTALL_W3MIMGDISPLAY
| #define USE_IMAGE 1
| #define USE_W3MIMG_X11 1
| #define USE_GDKPIXBUF 1
| #define USE_GTK2 1
| #define IMGTARGETS "$IMGTARGETS"
| #define IMGOBJS "$IMGOBJS"
| #define IMGX11CFLAGS "$IMGX11CFLAGS"
| #define IMGX11LDFLAGS "$IMGX11LDFLAGS"
| #define IMGFBCFLAGS "$IMGFBCFLAGS"
| #define IMGFBLDFLAGS "$IMGFBLDFLAGS"
| #define IMGLINK "$IMGLINK"
| #define IMGWINCFLAGS "$IMGWINCFLAGS"
| #define IMGWINLDFLAGS "$IMGWINLDFLAGS"
| #define USE_XFACE 1
| #define HELP_FILE "w3mhelp-w3m_en.html"
| #define KEYBIND w3m
| #define USE_MENU 1
| #define USE_MOUSE 1
| #define USE_HISTORY 1
| #define USE_ALARM 1
| #define USE_COOKIE 1
| #define USE_NNTP 1
| #define USE_DICT 1
| #define USE_HELP_CGI 1
| #define USE_EXTERNAL_URI_LOADER 1
| #define USE_W3MMAILER 1
| #define DEF_MIGEMO_COMMAND "migemo -t egrep /usr/local/share/migemo/migemo-dict"
| #define DEF_EDITOR "/usr/bin/vi"
| #define DEF_MAILER "/usr/bin/mail"
| #define DEF_EXT_BROWSER "/usr/bin/mozilla"
| #define INET6 1
| #define USE_SSL 1
| #define USE_SSL_VERIFY 1
| #define USE_DIGEST_AUTH 1
| #define STDC_HEADERS 1
| #define HAVE_SYS_TYPES_H 1
| #define HAVE_SYS_STAT_H 1
| #define HAVE_STDLIB_H 1
| #define HAVE_STRING_H 1
| #define HAVE_MEMORY_H 1
| #define HAVE_STRINGS_H 1
| #define HAVE_INTTYPES_H 1
| #define HAVE_STDINT_H 1
| #define HAVE_UNISTD_H 1
| #define HAVE_SOCKLEN_T 1
| #define AUXBIN_TARGETS "$AUXBIN_TARGETS"
| #define HAVE_DIRENT_H 1
| #define STDC_HEADERS 1
| #define HAVE_SYS_WAIT_H 1
| #define HAVE_TERMIOS_H 1
| #define HAVE_FLOAT_H 1
| #define HAVE_SYS_SELECT_H 1
| #define HAVE_LOCALE_H 1
| #define HAVE_STDINT_H 1
| #define HAVE_INTTYPES_H 1
| #define SIZEOF_LONG_LONG 8
| #define HAVE_STRCASECMP 1
| #define HAVE_STRCASESTR 1
| #define HAVE_STRCHR 1
| #define HAVE_MEMCPY 1
| #define HAVE_STRERROR 1
| #define HAVE_BCOPY 1
| #define HAVE_SETPGRP 1
| #define HAVE_CHDIR 1
| #define HAVE_GETCWD 1
| #define HAVE_GETWD 1
| #define HAVE_READLINK 1
| #define HAVE_SETENV 1
| #define HAVE_PUTENV 1
| #define HAVE_STRTOLL 1
| #define HAVE_ATOLL 1
| #define HAVE_SYMLINK 1
| #define HAVE_READLINK 1
| #define HAVE_LSTAT 1
| #define HAVE_SRAND48 1
| #define HAVE_SRANDOM 1
| /* end confdefs.h.  */
| /* Define getpassphrase to an innocuous variant, in case <limits.h> declares getpassphrase.
|    For example, HP-UX 11i <limits.h> declares gettimeofday.  */
| #define getpassphrase innocuous_getpassphrase
| 
| /* System header to define __stub macros and hopefully few prototypes,
|     which can conflict with char getpassphrase (); below.
|     Prefer <limits.h> to <assert.h> if __STDC__ is defined, since
|     <limits.h> exists even on freestanding compilers.  */
| 
| #ifdef __STDC__
| # include <limits.h>
| #else
| # include <assert.h>
| #endif
| 
| #undef getpassphrase
| 
| /* Override any GCC internal prototype to avoid an error.
|    Use char because int might match the return type of a GCC
|    builtin and then its argument prototype would still apply.  */
| #ifdef __cplusplus
| extern "C"
| #endif
| char getpassphrase ();
| /* The GNU C library defines this for functions which it implements
|     to always fail with ENOSYS.  Some functions are actually named
|     something starting with __ and the normal name is an alias.  */
| #if defined __stub_getpassphrase || defined __stub___getpassphrase
| choke me
| #endif
| 
| int
| main ()
| {
| return getpassphrase ();
|   ;
|   return 0;
| }
configure:8772: result: no
configure:8772: checking for waitpid
configure:8772: /usr/bin/gcc -o conftest -g -O2 -I$(srcdir)/libwc   -I/usr/local/include  conftest.c  >&5
configure:8772: $? = 0
configure:8772: result: yes
configure:8772: checking for setlocale
configure:8772: /usr/bin/gcc -o conftest -g -O2 -I$(srcdir)/libwc   -I/usr/local/include  conftest.c  >&5
configure:8772: $? = 0
configure:8772: result: yes
configure:8783: checking for strftime
configure:8783: /usr/bin/gcc -o conftest -g -O2 -I$(srcdir)/libwc   -I/usr/local/include  conftest.c  >&5
conftest.c:129: warning: conflicting types for built-in function 'strftime'
configure:8783: $? = 0
configure:8783: result: yes
configure:8836: checking for wait3 that fills in rusage
configure:8882: /usr/bin/gcc -o conftest -g -O2 -I$(srcdir)/libwc   -I/usr/local/include  conftest.c  >&5
configure:8882: $? = 0
configure:8882: ./conftest
configure:8882: $? = 1
configure: program exited with status 1
configure: failed program was:
| /* confdefs.h */
| #define PACKAGE_NAME "w3m"
| #define PACKAGE_TARNAME "w3m"
| #define PACKAGE_VERSION "0.5.3"
| #define PACKAGE_STRING "w3m 0.5.3"
| #define PACKAGE_BUGREPORT "satodai@w3m.jp"
| #define PACKAGE_URL ""
| #define PACKAGE "w3m"
| #define VERSION "0.5.3"
| #define W3M w3m
| #define W3M_TARGET 
| #define USE_M17N 1
| #define USE_UNICODE 1
| #define W3M_LANG EN
| #define WCTARGET "libwc/libwc.a"
| #define WCCFLAGS "-DUSE_UNICODE -I$(srcdir) -I$(srcdir)/.."
| #define DISPLAY_CHARSET WC_CES_UTF_8
| #define SYSTEM_CHARSET WC_CES_UTF_8
| #define DOCUMENT_CHARSET WC_CES_UTF_8
| #define ENABLE_NLS 1
| #define HAVE_GETTEXT 1
| #define HAVE_DCGETTEXT 1
| #define USE_COLOR 1
| #define USE_ANSI_COLOR 1
| #define USE_BG_COLOR 1
| #define INSTALL_W3MIMGDISPLAY $INSTALL_W3MIMGDISPLAY
| #define USE_IMAGE 1
| #define USE_W3MIMG_X11 1
| #define USE_GDKPIXBUF 1
| #define USE_GTK2 1
| #define IMGTARGETS "$IMGTARGETS"
| #define IMGOBJS "$IMGOBJS"
| #define IMGX11CFLAGS "$IMGX11CFLAGS"
| #define IMGX11LDFLAGS "$IMGX11LDFLAGS"
| #define IMGFBCFLAGS "$IMGFBCFLAGS"
| #define IMGFBLDFLAGS "$IMGFBLDFLAGS"
| #define IMGLINK "$IMGLINK"
| #define IMGWINCFLAGS "$IMGWINCFLAGS"
| #define IMGWINLDFLAGS "$IMGWINLDFLAGS"
| #define USE_XFACE 1
| #define HELP_FILE "w3mhelp-w3m_en.html"
| #define KEYBIND w3m
| #define USE_MENU 1
| #define USE_MOUSE 1
| #define USE_HISTORY 1
| #define USE_ALARM 1
| #define USE_COOKIE 1
| #define USE_NNTP 1
| #define USE_DICT 1
| #define USE_HELP_CGI 1
| #define USE_EXTERNAL_URI_LOADER 1
| #define USE_W3MMAILER 1
| #define DEF_MIGEMO_COMMAND "migemo -t egrep /usr/local/share/migemo/migemo-dict"
| #define DEF_EDITOR "/usr/bin/vi"
| #define DEF_MAILER "/usr/bin/mail"
| #define DEF_EXT_BROWSER "/usr/bin/mozilla"
| #define INET6 1
| #define USE_SSL 1
| #define USE_SSL_VERIFY 1
| #define USE_DIGEST_AUTH 1
| #define STDC_HEADERS 1
| #define HAVE_SYS_TYPES_H 1
| #define HAVE_SYS_STAT_H 1
| #define HAVE_STDLIB_H 1
| #define HAVE_STRING_H 1
| #define HAVE_MEMORY_H 1
| #define HAVE_STRINGS_H 1
| #define HAVE_INTTYPES_H 1
| #define HAVE_STDINT_H 1
| #define HAVE_UNISTD_H 1
| #define HAVE_SOCKLEN_T 1
| #define AUXBIN_TARGETS "$AUXBIN_TARGETS"
| #define HAVE_DIRENT_H 1
| #define STDC_HEADERS 1
| #define HAVE_SYS_WAIT_H 1
| #define HAVE_TERMIOS_H 1
| #define HAVE_FLOAT_H 1
| #define HAVE_SYS_SELECT_H 1
| #define HAVE_LOCALE_H 1
| #define HAVE_STDINT_H 1
| #define HAVE_INTTYPES_H 1
| #define SIZEOF_LONG_LONG 8
| #define HAVE_STRCASECMP 1
| #define HAVE_STRCASESTR 1
| #define HAVE_STRCHR 1
| #define HAVE_MEMCPY 1
| #define HAVE_STRERROR 1
| #define HAVE_BCOPY 1
| #define HAVE_SETPGRP 1
| #define HAVE_CHDIR 1
| #define HAVE_GETCWD 1
| #define HAVE_GETWD 1
| #define HAVE_READLINK 1
| #define HAVE_SETENV 1
| #define HAVE_PUTENV 1
| #define HAVE_STRTOLL 1
| #define HAVE_ATOLL 1
| #define HAVE_SYMLINK 1
| #define HAVE_READLINK 1
| #define HAVE_LSTAT 1
| #define HAVE_SRAND48 1
| #define HAVE_SRANDOM 1
| #define HAVE_WAITPID 1
| #define HAVE_SETLOCALE 1
| #define HAVE_STRFTIME 1
| /* end confdefs.h.  */
| #include <stdio.h>
| #ifdef HAVE_SYS_TYPES_H
| # include <sys/types.h>
| #endif
| #ifdef HAVE_SYS_STAT_H
| # include <sys/stat.h>
| #endif
| #ifdef STDC_HEADERS
| # include <stdlib.h>
| # include <stddef.h>
| #else
| # ifdef HAVE_STDLIB_H
| #  include <stdlib.h>
| # endif
| #endif
| #ifdef HAVE_STRING_H
| # if !defined STDC_HEADERS && defined HAVE_MEMORY_H
| #  include <memory.h>
| # endif
| # include <string.h>
| #endif
| #ifdef HAVE_STRINGS_H
| # include <strings.h>
| #endif
| #ifdef HAVE_INTTYPES_H
| # include <inttypes.h>
| #endif
| #ifdef HAVE_STDINT_H
| # include <stdint.h>
| #endif
| #ifdef HAVE_UNISTD_H
| # include <unistd.h>
| #endif
| #include <sys/time.h>
| #include <sys/resource.h>
| #include <sys/wait.h>
| /* HP-UX has wait3 but does not fill in rusage at all.  */
| int
| main ()
| {
|   struct rusage r;
|   int i;
|   /* Use a field that we can force nonzero --
|      voluntary context switches.
|      For systems like NeXT and OSF/1 that don't set it,
|      also use the system CPU time.  And page faults (I/O) for Linux.  */
|   r.ru_nvcsw = 0;
|   r.ru_stime.tv_sec = 0;
|   r.ru_stime.tv_usec = 0;
|   r.ru_majflt = r.ru_minflt = 0;
|   switch (fork ())
|     {
|     case 0: /* Child.  */
|       sleep(1); /* Give up the CPU.  */
|       _exit(0);
|       break;
|     case -1: /* What can we do?  */
|       _exit(0);
|       break;
|     default: /* Parent.  */
|       wait3(&i, 0, &r);
|       /* Avoid "text file busy" from rm on fast HP-UX machines.  */
|       sleep(2);
|       return (r.ru_nvcsw == 0 && r.ru_majflt == 0 && r.ru_minflt == 0
| 	      && r.ru_stime.tv_sec == 0 && r.ru_stime.tv_usec == 0);
|     }
| }
configure:8892: result: no
configure:8900: checking whether setpgrp takes no argument
configure:8922: /usr/bin/gcc -o conftest -g -O2 -I$(srcdir)/libwc   -I/usr/local/include  conftest.c  >&5
conftest.c: In function 'main':
conftest.c:146: error: too many arguments to function 'setpgrp'
configure:8922: $? = 1
configure: program exited with status 1
configure: failed program was:
| /* confdefs.h */
| #define PACKAGE_NAME "w3m"
| #define PACKAGE_TARNAME "w3m"
| #define PACKAGE_VERSION "0.5.3"
| #define PACKAGE_STRING "w3m 0.5.3"
| #define PACKAGE_BUGREPORT "satodai@w3m.jp"
| #define PACKAGE_URL ""
| #define PACKAGE "w3m"
| #define VERSION "0.5.3"
| #define W3M w3m
| #define W3M_TARGET 
| #define USE_M17N 1
| #define USE_UNICODE 1
| #define W3M_LANG EN
| #define WCTARGET "libwc/libwc.a"
| #define WCCFLAGS "-DUSE_UNICODE -I$(srcdir) -I$(srcdir)/.."
| #define DISPLAY_CHARSET WC_CES_UTF_8
| #define SYSTEM_CHARSET WC_CES_UTF_8
| #define DOCUMENT_CHARSET WC_CES_UTF_8
| #define ENABLE_NLS 1
| #define HAVE_GETTEXT 1
| #define HAVE_DCGETTEXT 1
| #define USE_COLOR 1
| #define USE_ANSI_COLOR 1
| #define USE_BG_COLOR 1
| #define INSTALL_W3MIMGDISPLAY $INSTALL_W3MIMGDISPLAY
| #define USE_IMAGE 1
| #define USE_W3MIMG_X11 1
| #define USE_GDKPIXBUF 1
| #define USE_GTK2 1
| #define IMGTARGETS "$IMGTARGETS"
| #define IMGOBJS "$IMGOBJS"
| #define IMGX11CFLAGS "$IMGX11CFLAGS"
| #define IMGX11LDFLAGS "$IMGX11LDFLAGS"
| #define IMGFBCFLAGS "$IMGFBCFLAGS"
| #define IMGFBLDFLAGS "$IMGFBLDFLAGS"
| #define IMGLINK "$IMGLINK"
| #define IMGWINCFLAGS "$IMGWINCFLAGS"
| #define IMGWINLDFLAGS "$IMGWINLDFLAGS"
| #define USE_XFACE 1
| #define HELP_FILE "w3mhelp-w3m_en.html"
| #define KEYBIND w3m
| #define USE_MENU 1
| #define USE_MOUSE 1
| #define USE_HISTORY 1
| #define USE_ALARM 1
| #define USE_COOKIE 1
| #define USE_NNTP 1
| #define USE_DICT 1
| #define USE_HELP_CGI 1
| #define USE_EXTERNAL_URI_LOADER 1
| #define USE_W3MMAILER 1
| #define DEF_MIGEMO_COMMAND "migemo -t egrep /usr/local/share/migemo/migemo-dict"
| #define DEF_EDITOR "/usr/bin/vi"
| #define DEF_MAILER "/usr/bin/mail"
| #define DEF_EXT_BROWSER "/usr/bin/mozilla"
| #define INET6 1
| #define USE_SSL 1
| #define USE_SSL_VERIFY 1
| #define USE_DIGEST_AUTH 1
| #define STDC_HEADERS 1
| #define HAVE_SYS_TYPES_H 1
| #define HAVE_SYS_STAT_H 1
| #define HAVE_STDLIB_H 1
| #define HAVE_STRING_H 1
| #define HAVE_MEMORY_H 1
| #define HAVE_STRINGS_H 1
| #define HAVE_INTTYPES_H 1
| #define HAVE_STDINT_H 1
| #define HAVE_UNISTD_H 1
| #define HAVE_SOCKLEN_T 1
| #define AUXBIN_TARGETS "$AUXBIN_TARGETS"
| #define HAVE_DIRENT_H 1
| #define STDC_HEADERS 1
| #define HAVE_SYS_WAIT_H 1
| #define HAVE_TERMIOS_H 1
| #define HAVE_FLOAT_H 1
| #define HAVE_SYS_SELECT_H 1
| #define HAVE_LOCALE_H 1
| #define HAVE_STDINT_H 1
| #define HAVE_INTTYPES_H 1
| #define SIZEOF_LONG_LONG 8
| #define HAVE_STRCASECMP 1
| #define HAVE_STRCASESTR 1
| #define HAVE_STRCHR 1
| #define HAVE_MEMCPY 1
| #define HAVE_STRERROR 1
| #define HAVE_BCOPY 1
| #define HAVE_SETPGRP 1
| #define HAVE_CHDIR 1
| #define HAVE_GETCWD 1
| #define HAVE_GETWD 1
| #define HAVE_READLINK 1
| #define HAVE_SETENV 1
| #define HAVE_PUTENV 1
| #define HAVE_STRTOLL 1
| #define HAVE_ATOLL 1
| #define HAVE_SYMLINK 1
| #define HAVE_READLINK 1
| #define HAVE_LSTAT 1
| #define HAVE_SRAND48 1
| #define HAVE_SRANDOM 1
| #define HAVE_WAITPID 1
| #define HAVE_SETLOCALE 1
| #define HAVE_STRFTIME 1
| /* end confdefs.h.  */
| #include <stdio.h>
| #ifdef HAVE_SYS_TYPES_H
| # include <sys/types.h>
| #endif
| #ifdef HAVE_SYS_STAT_H
| # include <sys/stat.h>
| #endif
| #ifdef STDC_HEADERS
| # include <stdlib.h>
| # include <stddef.h>
| #else
| # ifdef HAVE_STDLIB_H
| #  include <stdlib.h>
| # endif
| #endif
| #ifdef HAVE_STRING_H
| # if !defined STDC_HEADERS && defined HAVE_MEMORY_H
| #  include <memory.h>
| # endif
| # include <string.h>
| #endif
| #ifdef HAVE_STRINGS_H
| # include <strings.h>
| #endif
| #ifdef HAVE_INTTYPES_H
| # include <inttypes.h>
| #endif
| #ifdef HAVE_STDINT_H
| # include <stdint.h>
| #endif
| #ifdef HAVE_UNISTD_H
| # include <unistd.h>
| #endif
| int
| main ()
| {
| /* If this system has a BSD-style setpgrp which takes arguments,
|   setpgrp(1, 1) will fail with ESRCH and return -1, in that case
|   exit successfully. */
|   return setpgrp (1,1) != -1;
|   ;
|   return 0;
| }
configure:8932: result: yes
configure:8945: checking for nl_langinfo and CODESET
configure:8961: /usr/bin/gcc -o conftest -g -O2 -I$(srcdir)/libwc   -I/usr/local/include  conftest.c  >&5
configure:8961: $? = 0
configure:8970: result: yes
configure:8981: checking for sys_errlist
configure:8994: /usr/bin/gcc -c -g -O2 -I$(srcdir)/libwc   -I/usr/local/include conftest.c >&5
conftest.c: In function 'main':
conftest.c:113: warning: incompatible implicit declaration of built-in function 'printf'
configure:8994: $? = 0
configure:9001: result: yes
configure:9004: checking for sigsetjmp
configure:9018: /usr/bin/gcc -c -g -O2 -I$(srcdir)/libwc   -I/usr/local/include conftest.c >&5
conftest.c: In function 'main':
conftest.c:115: warning: incompatible implicit declaration of built-in function 'exit'
configure:9018: $? = 0
configure:9025: result: yes
configure:9027: checking return type of signal handlers
configure:9045: /usr/bin/gcc -c -g -O2 -I$(srcdir)/libwc   -I/usr/local/include conftest.c >&5
conftest.c: In function 'main':
conftest.c:117: error: void value not ignored as it ought to be
configure:9045: $? = 1
configure: failed program was:
| /* confdefs.h */
| #define PACKAGE_NAME "w3m"
| #define PACKAGE_TARNAME "w3m"
| #define PACKAGE_VERSION "0.5.3"
| #define PACKAGE_STRING "w3m 0.5.3"
| #define PACKAGE_BUGREPORT "satodai@w3m.jp"
| #define PACKAGE_URL ""
| #define PACKAGE "w3m"
| #define VERSION "0.5.3"
| #define W3M w3m
| #define W3M_TARGET 
| #define USE_M17N 1
| #define USE_UNICODE 1
| #define W3M_LANG EN
| #define WCTARGET "libwc/libwc.a"
| #define WCCFLAGS "-DUSE_UNICODE -I$(srcdir) -I$(srcdir)/.."
| #define DISPLAY_CHARSET WC_CES_UTF_8
| #define SYSTEM_CHARSET WC_CES_UTF_8
| #define DOCUMENT_CHARSET WC_CES_UTF_8
| #define ENABLE_NLS 1
| #define HAVE_GETTEXT 1
| #define HAVE_DCGETTEXT 1
| #define USE_COLOR 1
| #define USE_ANSI_COLOR 1
| #define USE_BG_COLOR 1
| #define INSTALL_W3MIMGDISPLAY $INSTALL_W3MIMGDISPLAY
| #define USE_IMAGE 1
| #define USE_W3MIMG_X11 1
| #define USE_GDKPIXBUF 1
| #define USE_GTK2 1
| #define IMGTARGETS "$IMGTARGETS"
| #define IMGOBJS "$IMGOBJS"
| #define IMGX11CFLAGS "$IMGX11CFLAGS"
| #define IMGX11LDFLAGS "$IMGX11LDFLAGS"
| #define IMGFBCFLAGS "$IMGFBCFLAGS"
| #define IMGFBLDFLAGS "$IMGFBLDFLAGS"
| #define IMGLINK "$IMGLINK"
| #define IMGWINCFLAGS "$IMGWINCFLAGS"
| #define IMGWINLDFLAGS "$IMGWINLDFLAGS"
| #define USE_XFACE 1
| #define HELP_FILE "w3mhelp-w3m_en.html"
| #define KEYBIND w3m
| #define USE_MENU 1
| #define USE_MOUSE 1
| #define USE_HISTORY 1
| #define USE_ALARM 1
| #define USE_COOKIE 1
| #define USE_NNTP 1
| #define USE_DICT 1
| #define USE_HELP_CGI 1
| #define USE_EXTERNAL_URI_LOADER 1
| #define USE_W3MMAILER 1
| #define DEF_MIGEMO_COMMAND "migemo -t egrep /usr/local/share/migemo/migemo-dict"
| #define DEF_EDITOR "/usr/bin/vi"
| #define DEF_MAILER "/usr/bin/mail"
| #define DEF_EXT_BROWSER "/usr/bin/mozilla"
| #define INET6 1
| #define USE_SSL 1
| #define USE_SSL_VERIFY 1
| #define USE_DIGEST_AUTH 1
| #define STDC_HEADERS 1
| #define HAVE_SYS_TYPES_H 1
| #define HAVE_SYS_STAT_H 1
| #define HAVE_STDLIB_H 1
| #define HAVE_STRING_H 1
| #define HAVE_MEMORY_H 1
| #define HAVE_STRINGS_H 1
| #define HAVE_INTTYPES_H 1
| #define HAVE_STDINT_H 1
| #define HAVE_UNISTD_H 1
| #define HAVE_SOCKLEN_T 1
| #define AUXBIN_TARGETS "$AUXBIN_TARGETS"
| #define HAVE_DIRENT_H 1
| #define STDC_HEADERS 1
| #define HAVE_SYS_WAIT_H 1
| #define HAVE_TERMIOS_H 1
| #define HAVE_FLOAT_H 1
| #define HAVE_SYS_SELECT_H 1
| #define HAVE_LOCALE_H 1
| #define HAVE_STDINT_H 1
| #define HAVE_INTTYPES_H 1
| #define SIZEOF_LONG_LONG 8
| #define HAVE_STRCASECMP 1
| #define HAVE_STRCASESTR 1
| #define HAVE_STRCHR 1
| #define HAVE_MEMCPY 1
| #define HAVE_STRERROR 1
| #define HAVE_BCOPY 1
| #define HAVE_SETPGRP 1
| #define HAVE_CHDIR 1
| #define HAVE_GETCWD 1
| #define HAVE_GETWD 1
| #define HAVE_READLINK 1
| #define HAVE_SETENV 1
| #define HAVE_PUTENV 1
| #define HAVE_STRTOLL 1
| #define HAVE_ATOLL 1
| #define HAVE_SYMLINK 1
| #define HAVE_READLINK 1
| #define HAVE_LSTAT 1
| #define HAVE_SRAND48 1
| #define HAVE_SRANDOM 1
| #define HAVE_WAITPID 1
| #define HAVE_SETLOCALE 1
| #define HAVE_STRFTIME 1
| #define SETPGRP_VOID 1
| #define HAVE_LANGINFO_CODESET 1
| #define HAVE_SYS_ERRLIST 1
| #define HAVE_SIGSETJMP 1
| /* end confdefs.h.  */
| #include <sys/types.h>
| #include <signal.h>
| 
| int
| main ()
| {
| return *(signal (0, 0)) (0) == 1;
|   ;
|   return 0;
| }
configure:9052: result: void
configure:9194: creating ./config.status

## ---------------------- ##
## Running config.status. ##
## ---------------------- ##

This file was extended by w3m config.status 0.5.3, which was
generated by GNU Autoconf 2.67.  Invocation command line was

  CONFIG_FILES    = 
  CONFIG_HEADERS  = 
  CONFIG_LINKS    = 
  CONFIG_COMMANDS = 
  $ ./config.status 

on Chriss-iPad

config.status:1071: creating Makefile
config.status:1071: creating posubst
config.status:1071: creating po/Makefile.in
config.status:1071: creating scripts/Makefile
config.status:1071: creating scripts/dirlist.cgi
config.status:1071: creating scripts/w3mhelp.cgi
config.status:1071: creating scripts/w3mmail.cgi
config.status:1071: creating scripts/xface2xpm
config.status:1071: creating scripts/multipart/Makefile
config.status:1071: creating scripts/multipart/multipart.cgi
config.status:1071: creating scripts/w3mman/Makefile
config.status:1071: creating scripts/w3mman/w3mman
config.status:1071: creating scripts/w3mman/w3mman.1
config.status:1071: creating scripts/w3mman/w3mman2html.cgi
config.status:1071: creating libwc/Makefile
config.status:1071: creating w3mimg/Makefile
config.status:1071: creating w3mimg/fb/Makefile
config.status:1071: creating w3mimg/x11/Makefile
config.status:1071: creating w3mimg/win/Makefile
config.status:1071: creating w3mhelp-w3m_en.html
config.status:1071: creating w3mhelp-w3m_ja.html
config.status:1071: creating w3mhelp-lynx_en.html
config.status:1071: creating w3mhelp-lynx_ja.html
config.status:1071: creating config.h
config.status:1251: config.h is unchanged
config.status:1265: executing po-directories commands

## ---------------- ##
## Cache variables. ##
## ---------------- ##

ac_cv_build=arm-apple-darwin10.4.0
ac_cv_c_compiler_gnu=yes
ac_cv_cxx_compiler_gnu=yes
ac_cv_env_CCC_set=
ac_cv_env_CCC_value=
ac_cv_env_CC_set=set
ac_cv_env_CC_value=/usr/bin/gcc
ac_cv_env_CFLAGS_set=
ac_cv_env_CFLAGS_value=
ac_cv_env_CPPFLAGS_set=
ac_cv_env_CPPFLAGS_value=
ac_cv_env_CPP_set=
ac_cv_env_CPP_value=
ac_cv_env_CXXFLAGS_set=
ac_cv_env_CXXFLAGS_value=
ac_cv_env_CXX_set=
ac_cv_env_CXX_value=
ac_cv_env_LDFLAGS_set=
ac_cv_env_LDFLAGS_value=
ac_cv_env_LIBS_set=
ac_cv_env_LIBS_value=
ac_cv_env_PKG_CONFIG_LIBDIR_set=
ac_cv_env_PKG_CONFIG_LIBDIR_value=
ac_cv_env_PKG_CONFIG_PATH_set=set
ac_cv_env_PKG_CONFIG_PATH_value=/usr/local/lib/pkgconfig:/usr/lib/pkgconfig
ac_cv_env_PKG_CONFIG_set=
ac_cv_env_PKG_CONFIG_value=
ac_cv_env_SSL_CFLAGS_set=
ac_cv_env_SSL_CFLAGS_value=
ac_cv_env_SSL_LIBS_set=
ac_cv_env_SSL_LIBS_value=
ac_cv_env_build_alias_set=
ac_cv_env_build_alias_value=
ac_cv_env_host_alias_set=
ac_cv_env_host_alias_value=
ac_cv_env_target_alias_set=
ac_cv_env_target_alias_value=
ac_cv_func_atoll=yes
ac_cv_func_atoq=no
ac_cv_func_bcopy=yes
ac_cv_func_chdir=yes
ac_cv_func_getaddrinfo=yes
ac_cv_func_getcwd=yes
ac_cv_func_getpassphrase=no
ac_cv_func_getwd=yes
ac_cv_func_lstat=yes
ac_cv_func_memcpy=yes
ac_cv_func_putenv=yes
ac_cv_func_readlink=yes
ac_cv_func_setenv=yes
ac_cv_func_setlocale=yes
ac_cv_func_setpgrp=yes
ac_cv_func_setpgrp_void=yes
ac_cv_func_sqrt=yes
ac_cv_func_srand48=yes
ac_cv_func_srandom=yes
ac_cv_func_strcasecmp=yes
ac_cv_func_strcasestr=yes
ac_cv_func_strchr=yes
ac_cv_func_strerror=yes
ac_cv_func_strftime=yes
ac_cv_func_stroq=no
ac_cv_func_strtoll=yes
ac_cv_func_symlink=yes
ac_cv_func_wait3_rusage=no
ac_cv_func_waitpid=yes
ac_cv_header_dirent_dirent_h=yes
ac_cv_header_float_h=yes
ac_cv_header_gc_h=yes
ac_cv_header_inttypes_h=yes
ac_cv_header_locale_h=yes
ac_cv_header_memory_h=yes
ac_cv_header_stdc=yes
ac_cv_header_stdint_h=yes
ac_cv_header_stdlib_h=yes
ac_cv_header_string_h=yes
ac_cv_header_strings_h=yes
ac_cv_header_sys_select_h=yes
ac_cv_header_sys_stat_h=yes
ac_cv_header_sys_types_h=yes
ac_cv_header_sys_wait_h=yes
ac_cv_header_termios_h=yes
ac_cv_header_unistd_h=yes
ac_cv_host=arm-apple-darwin10.4.0
ac_cv_lib_gc_GC_init=yes
ac_cv_lib_gpm_Gpm_Open=no
ac_cv_lib_mytinfo___tgetent=no
ac_cv_lib_ncurses___tgetent=yes
ac_cv_lib_ssl_SSL_new=yes
ac_cv_lib_termcap___tgetent=no
ac_cv_lib_terminfo___tgetent=no
ac_cv_lib_termlib___tgetent=no
ac_cv_lib_z_zError=yes
ac_cv_objext=o
ac_cv_path_EGREP='/bin/grep -E'
ac_cv_path_GMSGFMT=/usr/local/bin/msgfmt
ac_cv_path_GREP=/bin/grep
ac_cv_path_MSGFMT=/usr/local/bin/msgfmt
ac_cv_path_MSGMERGE=/usr/local/bin/msgmerge
ac_cv_path_PERL=/usr/local/bin/perl
ac_cv_path_XGETTEXT=/usr/local/bin/xgettext
ac_cv_path_ac_pt_PKG_CONFIG=/usr/bin/pkg-config
ac_cv_path_install='/usr/bin/install -c'
ac_cv_path_mkdir=/bin/mkdir
ac_cv_prog_AWK=gawk
ac_cv_prog_CPP='/usr/bin/gcc -E'
ac_cv_prog_ac_ct_CC=/usr/bin/gcc
ac_cv_prog_ac_ct_CXX=g++
ac_cv_prog_ac_ct_RANLIB=ranlib
ac_cv_prog_cc_c89=
ac_cv_prog_cc_g=yes
ac_cv_prog_cxx_g=yes
ac_cv_prog_make_make_set=yes
ac_cv_prog_uncompface=no
ac_cv_search_opendir='none required'
ac_cv_sizeof_long_long=8
ac_cv_type_signal=void
ac_cv_type_socklen_t=yes
acl_cv_hardcode_direct=no
acl_cv_hardcode_libdir_flag_spec=
acl_cv_hardcode_libdir_separator=
acl_cv_hardcode_minus_L=no
acl_cv_libext=a
acl_cv_libname_spec='lib$name'
acl_cv_library_names_spec='$libname$shrext'
acl_cv_path_LD=/usr/bin/ld
acl_cv_prog_gnu_ld=no
acl_cv_rpath=done
acl_cv_shlibext=dylib
acl_cv_wl=-Wl,
am_cv_func_iconv='no, consider installing GNU libiconv'
am_cv_langinfo_codeset=yes
am_cv_lib_iconv=no
gt_cv_func_CFLocaleCopyCurrent=no
gt_cv_func_CFPreferencesCopyAppValue=no
gt_cv_func_gnugettext1_libc=no
gt_cv_func_gnugettext1_libintl=yes
pkg_cv_SSL_CFLAGS=' '
pkg_cv_SSL_LIBS='-lssl -lcrypto  '

## ----------------- ##
## Output variables. ##
## ----------------- ##

AUXBIN_TARGETS=' w3mimgdisplay$(EXT) inflate$(EXT)'
AWK='gawk'
CC='/usr/bin/gcc'
CFLAGS='-g -O2 -I$(srcdir)/libwc  '
CPP='/usr/bin/gcc -E'
CPPFLAGS='-I/usr/local/include'
CURRENT_VERSION='0.5.3'
CXX='g++'
CXXFLAGS='-g -O2'
DEFS='-DHAVE_CONFIG_H'
DEF_EDITOR=''
DEF_EXT_BROWSER=''
DEF_MAILER=''
DEF_MIGEMO_COMMAND=''
DISPLAY_CHARSET=''
DOCDIRS='doc:en_English doc-jp:ja_Japanese'
DOCUMENT_CHARSET=''
ECHO_C=''
ECHO_N='-n'
ECHO_T=''
EGREP='/bin/grep -E'
EXEEXT=''
GETTEXT_MACRO_VERSION='0.18'
GMSGFMT='/usr/local/bin/msgfmt'
GMSGFMT_015='/usr/local/bin/msgfmt'
GREP='/bin/grep'
HAVE_OLD_SS_FAMILY=''
HAVE_SIGSETJMP=''
HAVE_SYS_ERRLIST=''
HELP_DIR='${datarootdir}/w3m'
HELP_FILE='w3mhelp-w3m_en.html'
IMGFBCFLAGS=''
IMGFBLDFLAGS=''
IMGLINK='$(CC)'
IMGOBJS='w3mimg.o x11/x11_w3mimg.o'
IMGTARGETS='x11'
IMGWINCFLAGS=''
IMGWINLDFLAGS=''
IMGX11CFLAGS='-D_REENTRANT -I/usr/local/include/gdk-pixbuf-2.0 -I/usr/local/include/libpng14 -I/usr/local/lib/glib-2.0/include -I/usr/local/include/gtk-2.0 -I/usr/local/lib/gtk-2.0/include -I/usr/local/include/atk-1.0 -I/usr/local/include/cairo -I/usr/local/include/pango-1.0 -I/usr/local/include/pixman-1 -I/usr/local/include/freetype2  '
IMGX11LDFLAGS='-L/usr/local/lib -lgdk_pixbuf_xlib-2.0 -lgtk-x11-2.0 -lgdk-x11-2.0 -latk-1.0 -lgio-2.0 -lpangoft2-1.0 -lpangocairo-1.0 -lgdk_pixbuf-2.0 -lcairo -lpango-1.0 -lfreetype -lfontconfig -lgobject-2.0 -lgmodule-2.0 -lgthread-2.0 -lglib-2.0 -lintl  '
INET6=''
INSTALL_DATA='${INSTALL} -m 644'
INSTALL_PROGRAM='${INSTALL}'
INSTALL_SCRIPT='${INSTALL}'
INSTALL_W3MIMGDISPLAY='${INSTALL_PROGRAM}'
INTLLIBS='-L/usr/local/lib -lintl -lc'
INTLTARGET=''
INTL_MACOSX_LIBS=''
KEYBIND=''
KEYMAP_FILE='keybind'
LDFLAGS=''
LIBGC='-lgc'
LIBICONV=''
LIBINTL='-L/usr/local/lib -lintl -lc'
LIBOBJS=''
LIBS=''
LN_S='ln -s'
LTLIBICONV=''
LTLIBINTL='-L/usr/local/lib -lintl -lc -R/usr/local/lib'
LTLIBOBJS=''
MAN='/usr/bin/man'
MKDIR_P='/bin/mkdir -p'
MSGFMT='/usr/local/bin/msgfmt'
MSGFMT_015='/usr/local/bin/msgfmt'
MSGMERGE='/usr/local/bin/msgmerge'
NKF='/usr/local/bin/nkf'
NLSTARGET='po'
OBJEXT='o'
PACKAGE='w3m'
PACKAGE_BUGREPORT='satodai@w3m.jp'
PACKAGE_NAME='w3m'
PACKAGE_STRING='w3m 0.5.3'
PACKAGE_TARNAME='w3m'
PACKAGE_URL=''
PACKAGE_VERSION='0.5.3'
PATH_SEPARATOR=':'
PERL='/usr/local/bin/perl'
PKG_CONFIG='/usr/bin/pkg-config'
PKG_CONFIG_LIBDIR=''
PKG_CONFIG_PATH='/usr/local/lib/pkgconfig:/usr/lib/pkgconfig'
POLANG=''
POSUB='po'
POSUBST=''
RANLIB='ranlib'
RC_DIR='~/.w3m'
RETSIGTYPE=''
SET_MAKE=''
SHELL='/bin/sh'
SIGNAL_RETURN=''
SSL_CFLAGS=' '
SSL_LIBS='-lssl -lcrypto  '
SYSTEM_CHARSET=''
USE_ALARM=''
USE_ANSI_COLOR=''
USE_BG_COLOR=''
USE_BINMODE_STREAM=''
USE_COLOR=''
USE_COOKIE=''
USE_DICT=''
USE_DIGEST_AUTH=''
USE_EXTERNAL_URI_LOADER=''
USE_GDKPIXBUF=''
USE_GOPHER=''
USE_GTK2=''
USE_HELP_CGI=''
USE_HISTORY=''
USE_IMAGE=''
USE_IMLIB2=''
USE_IMLIB=''
USE_M17N=''
USE_MENU=''
USE_MIGEMO=''
USE_MOUSE=''
USE_NLS='yes'
USE_NNTP=''
USE_SSL=''
USE_SSL_VERIFY=''
USE_SYSMOUSE=''
USE_UNICODE=''
USE_W3M=''
USE_W3MIMG_FB=''
USE_W3MIMG_WIN=''
USE_W3MIMG_X11=''
USE_W3MMAILER=''
USE_XFACE=''
VERSION='0.5.3'
W3M='w3m'
W3MIMGDISPLAY_SETUID=''
W3M_LANG='EN'
W3M_LIBS=' -L./libwc -lwc -lssl -lcrypto   -lssl -lcrypto -lncurses'
W3M_TARGET=''
WCCFLAGS='-DUSE_UNICODE -I$(srcdir) -I$(srcdir)/..'
WCTARGET='libwc/libwc.a'
XGETTEXT='/usr/local/bin/xgettext'
XGETTEXT_015='/usr/local/bin/xgettext'
XGETTEXT_EXTRA_OPTIONS=''
ac_ct_CC='/usr/bin/gcc'
ac_ct_CXX='g++'
bindir='${exec_prefix}/bin'
build='arm-apple-darwin10.4.0'
build_alias=''
build_cpu='arm'
build_os='darwin10.4.0'
build_vendor='apple'
datadir='${datarootdir}'
datarootdir='${prefix}/share'
docdir='${datarootdir}/doc/${PACKAGE_TARNAME}'
dvidir='${docdir}'
exec_prefix='${prefix}'
host='arm-apple-darwin10.4.0'
host_alias=''
host_cpu='arm'
host_os='darwin10.4.0'
host_vendor='apple'
htmldir='${docdir}'
includedir='${prefix}/include'
infodir='${datarootdir}/info'
libdir='${exec_prefix}/lib'
libexecdir='${exec_prefix}/libexec'
localedir='${datarootdir}/locale'
localstatedir='${prefix}/var'
mandir='${datarootdir}/man'
mkdir_p='/bin/mkdir -p'
oldincludedir='/usr/include'
pdfdir='${docdir}'
prefix='/usr/local'
program_transform_name='s,x,x,'
psdir='${docdir}'
sbindir='${exec_prefix}/sbin'
sharedstatedir='${prefix}/com'
sysconfdir='${prefix}/etc'
target_alias=''
uncompface='no'

## ----------- ##
## confdefs.h. ##
## ----------- ##

/* confdefs.h */
#define PACKAGE_NAME "w3m"
#define PACKAGE_TARNAME "w3m"
#define PACKAGE_VERSION "0.5.3"
#define PACKAGE_STRING "w3m 0.5.3"
#define PACKAGE_BUGREPORT "satodai@w3m.jp"
#define PACKAGE_URL ""
#define PACKAGE "w3m"
#define VERSION "0.5.3"
#define W3M w3m
#define W3M_TARGET 
#define USE_M17N 1
#define USE_UNICODE 1
#define W3M_LANG EN
#define WCTARGET "libwc/libwc.a"
#define WCCFLAGS "-DUSE_UNICODE -I$(srcdir) -I$(srcdir)/.."
#define DISPLAY_CHARSET WC_CES_UTF_8
#define SYSTEM_CHARSET WC_CES_UTF_8
#define DOCUMENT_CHARSET WC_CES_UTF_8
#define ENABLE_NLS 1
#define HAVE_GETTEXT 1
#define HAVE_DCGETTEXT 1
#define USE_COLOR 1
#define USE_ANSI_COLOR 1
#define USE_BG_COLOR 1
#define INSTALL_W3MIMGDISPLAY $INSTALL_W3MIMGDISPLAY
#define USE_IMAGE 1
#define USE_W3MIMG_X11 1
#define USE_GDKPIXBUF 1
#define USE_GTK2 1
#define IMGTARGETS "$IMGTARGETS"
#define IMGOBJS "$IMGOBJS"
#define IMGX11CFLAGS "$IMGX11CFLAGS"
#define IMGX11LDFLAGS "$IMGX11LDFLAGS"
#define IMGFBCFLAGS "$IMGFBCFLAGS"
#define IMGFBLDFLAGS "$IMGFBLDFLAGS"
#define IMGLINK "$IMGLINK"
#define IMGWINCFLAGS "$IMGWINCFLAGS"
#define IMGWINLDFLAGS "$IMGWINLDFLAGS"
#define USE_XFACE 1
#define HELP_FILE "w3mhelp-w3m_en.html"
#define KEYBIND w3m
#define USE_MENU 1
#define USE_MOUSE 1
#define USE_HISTORY 1
#define USE_ALARM 1
#define USE_COOKIE 1
#define USE_NNTP 1
#define USE_DICT 1
#define USE_HELP_CGI 1
#define USE_EXTERNAL_URI_LOADER 1
#define USE_W3MMAILER 1
#define DEF_MIGEMO_COMMAND "migemo -t egrep /usr/local/share/migemo/migemo-dict"
#define DEF_EDITOR "/usr/bin/vi"
#define DEF_MAILER "/usr/bin/mail"
#define DEF_EXT_BROWSER "/usr/bin/mozilla"
#define INET6 1
#define USE_SSL 1
#define USE_SSL_VERIFY 1
#define USE_DIGEST_AUTH 1
#define STDC_HEADERS 1
#define HAVE_SYS_TYPES_H 1
#define HAVE_SYS_STAT_H 1
#define HAVE_STDLIB_H 1
#define HAVE_STRING_H 1
#define HAVE_MEMORY_H 1
#define HAVE_STRINGS_H 1
#define HAVE_INTTYPES_H 1
#define HAVE_STDINT_H 1
#define HAVE_UNISTD_H 1
#define HAVE_SOCKLEN_T 1
#define AUXBIN_TARGETS "$AUXBIN_TARGETS"
#define HAVE_DIRENT_H 1
#define STDC_HEADERS 1
#define HAVE_SYS_WAIT_H 1
#define HAVE_TERMIOS_H 1
#define HAVE_FLOAT_H 1
#define HAVE_SYS_SELECT_H 1
#define HAVE_LOCALE_H 1
#define HAVE_STDINT_H 1
#define HAVE_INTTYPES_H 1
#define SIZEOF_LONG_LONG 8
#define HAVE_STRCASECMP 1
#define HAVE_STRCASESTR 1
#define HAVE_STRCHR 1
#define HAVE_MEMCPY 1
#define HAVE_STRERROR 1
#define HAVE_BCOPY 1
#define HAVE_SETPGRP 1
#define HAVE_CHDIR 1
#define HAVE_GETCWD 1
#define HAVE_GETWD 1
#define HAVE_READLINK 1
#define HAVE_SETENV 1
#define HAVE_PUTENV 1
#define HAVE_STRTOLL 1
#define HAVE_ATOLL 1
#define HAVE_SYMLINK 1
#define HAVE_READLINK 1
#define HAVE_LSTAT 1
#define HAVE_SRAND48 1
#define HAVE_SRANDOM 1
#define HAVE_WAITPID 1
#define HAVE_SETLOCALE 1
#define HAVE_STRFTIME 1
#define SETPGRP_VOID 1
#define HAVE_LANGINFO_CODESET 1
#define HAVE_SYS_ERRLIST 1
#define HAVE_SIGSETJMP 1
#define RETSIGTYPE void
#define SIGNAL_RETURN return
#define HELP_DIR "$HELP_DIR"
#define RC_DIR "$RC_DIR"
#define DOCDIRS "doc:en_English doc-jp:ja_Japanese"

configure: exit 0
