This file contains any messages produced by compilers while
running configure, to aid debugging if configure makes a mistake.

It was created by libwnck configure 2.29.92, which was
generated by GNU Autoconf 2.63.  Invocation command line was

  $ ./configure 

## --------- ##
## Platform. ##
## --------- ##

hostname = Chriss-iPad
uname -m = iPad1,1
uname -r = 10.4.0
uname -s = Darwin
uname -v = Darwin Kernel Version 10.4.0: Wed Oct 20 20:14:45 PDT 2010; root:xnu-1504.58.28~3/RELEASE_ARM_S5L8930X

/usr/bin/uname -p = unknown
/bin/uname -X     = unknown

/bin/arch              = unknown
/usr/bin/arch -k       = unknown
/usr/convex/getsysinfo = unknown
/usr/bin/hostinfo      = Mach kernel version:
	 Darwin Kernel Version 10.4.0: Wed Oct 20 20:14:45 PDT 2010; root:xnu-1504.58.28~3/RELEASE_ARM_S5L8930X
Kernel configured for a single processor only.
1 processor is physically available.
1 processor is logically available.
Processor type: armv7 (arm v7)
Processor active: 0
Primary memory available: 247.00 megabytes
Default processor set: 39 tasks, 254 threads, 1 processors
Load average: 1.43, Mach factor: 0.34
/bin/machine           = unknown
/usr/bin/oslevel       = unknown
/bin/universe          = unknown

PATH: /usr/local/sbin
PATH: /usr/local/bin
PATH: /usr/sbin
PATH: /usr/bin
PATH: /sbin
PATH: /bin
PATH: /usr/bin/X11
PATH: /usr/games
PATH: /var/mobile/ocaml-3.12.0/bin


## ----------- ##
## Core tests. ##
## ----------- ##

configure:2223: checking for a BSD-compatible install
configure:2291: result: /usr/bin/install -c
configure:2302: checking whether build environment is sane
configure:2362: result: yes
configure:2503: checking for a thread-safe mkdir -p
configure:2542: result: /bin/mkdir -p
configure:2555: checking for gawk
configure:2571: found /usr/bin/gawk
configure:2582: result: gawk
configure:2593: checking whether make sets $(MAKE)
configure:2615: result: yes
configure:2712: checking whether to enable maintainer-specific portions of Makefiles
configure:2721: result: no
configure:2770: checking whether NLS is requested
configure:2779: result: yes
configure:2795: checking for style of include used by make
configure:2823: result: GNU
configure:2893: checking for gcc
configure:2920: result: /usr/bin/gcc
configure:3152: checking for C compiler version
configure:3160: /usr/bin/gcc --version >&5
gcc (GCC) 4.2.1 (Based on Apple Inc. build 5555)
Copyright (C) 2007 Free Software Foundation, Inc.
This is free software; see the source for copying conditions.  There is NO
warranty; not even for MERCHANTABILITY or FITNESS FOR A PARTICULAR PURPOSE.

configure:3164: $? = 0
configure:3171: /usr/bin/gcc -v >&5
Using built-in specs.
Target: arm-apple-darwin9
Configured with: ../llvm-gcc-4.2/configure --build=x86_64-unknown-linux-gnu --host=arm-apple-darwin9 --enable-static=no --enable-shared=yes --prefix=/usr --localstatedir=/var/cache/iphone-gcc --enable-languages=c,c++,objc,obj-c++ --enable-wchar_t=no --with-gxx-include-dir=/usr/include/c++/4.0.0
Thread model: posix
gcc version 4.2.1 (Based on Apple Inc. build 5555)
configure:3175: $? = 0
configure:3182: /usr/bin/gcc -V >&5
gcc: '-V' option must have argument
configure:3186: $? = 1
configure:3209: checking for C compiler default output file name
configure:3231: /usr/bin/gcc    conftest.c  >&5
configure:3235: $? = 0
configure:3273: result: a.out
configure:3292: checking whether the C compiler works
configure:3302: ./a.out
configure:3306: $? = 0
configure:3325: result: yes
configure:3332: checking whether we are cross compiling
configure:3334: result: no
configure:3337: checking for suffix of executables
configure:3344: /usr/bin/gcc -o conftest    conftest.c  >&5
configure:3348: $? = 0
configure:3374: result: 
configure:3380: checking for suffix of object files
configure:3406: /usr/bin/gcc -c   conftest.c >&5
configure:3410: $? = 0
configure:3435: result: o
configure:3439: checking whether we are using the GNU C compiler
configure:3468: /usr/bin/gcc -c   conftest.c >&5
configure:3475: $? = 0
configure:3492: result: yes
configure:3501: checking whether /usr/bin/gcc accepts -g
configure:3531: /usr/bin/gcc -c -g  conftest.c >&5
configure:3538: $? = 0
configure:3639: result: yes
configure:3656: checking for /usr/bin/gcc option to accept ISO C89
configure:3730: /usr/bin/gcc  -c -g -O2  conftest.c >&5
configure:3737: $? = 0
configure:3760: result: none needed
configure:3780: checking dependency style of /usr/bin/gcc
configure:3890: result: gcc3
configure:3919: checking for intltool >= 0.40.0
configure:3926: result: 0.50.0 found
configure:3936: checking for intltool-update
configure:3954: found /usr/local/bin/intltool-update
configure:3966: result: /usr/local/bin/intltool-update
configure:3976: checking for intltool-merge
configure:3994: found /usr/local/bin/intltool-merge
configure:4006: result: /usr/local/bin/intltool-merge
configure:4016: checking for intltool-extract
configure:4034: found /usr/local/bin/intltool-extract
configure:4046: result: /usr/local/bin/intltool-extract
configure:4179: checking for xgettext
configure:4197: found /usr/local/bin/xgettext
configure:4209: result: /usr/local/bin/xgettext
configure:4219: checking for msgmerge
configure:4237: found /usr/local/bin/msgmerge
configure:4249: result: /usr/local/bin/msgmerge
configure:4259: checking for msgfmt
configure:4277: found /usr/local/bin/msgfmt
configure:4289: result: /usr/local/bin/msgfmt
configure:4299: checking for gmsgfmt
configure:4330: result: /usr/local/bin/msgfmt
configure:4354: checking for perl
configure:4372: found /usr/local/bin/perl
configure:4384: result: /usr/local/bin/perl
configure:4397: checking for perl >= 5.8.1
configure:4406: result: 5.14.1
configure:4410: checking for XML::Parser
configure:4413: result: ok
configure:4450: /usr/bin/gcc -o conftest -g -O2   conftest.c  >&5
Undefined symbols:
  "__nl_msg_cat_cntr", referenced from:
      __nl_msg_cat_cntr$non_lazy_ptr in ccEKwLzy.o
ld: symbol(s) not found
collect2: ld returned 1 exit status
configure:4457: $? = 1
configure: failed program was:
| /* confdefs.h.  */
| #define PACKAGE_NAME "libwnck"
| #define PACKAGE_TARNAME "libwnck"
| #define PACKAGE_VERSION "2.29.92"
| #define PACKAGE_STRING "libwnck 2.29.92"
| #define PACKAGE_BUGREPORT "http://bugzilla.gnome.org/enter_bug.cgi?product=libwnck"
| #define PACKAGE "libwnck"
| #define VERSION "2.29.92"
| /* end confdefs.h.  */
| 
| int
| main ()
| {
| extern int _nl_msg_cat_cntr;
|                        return _nl_msg_cat_cntr
|   ;
|   return 0;
| }
configure:4628: checking for gcc
configure:4655: result: /usr/bin/gcc
configure:4887: checking for C compiler version
configure:4895: /usr/bin/gcc --version >&5
gcc (GCC) 4.2.1 (Based on Apple Inc. build 5555)
Copyright (C) 2007 Free Software Foundation, Inc.
This is free software; see the source for copying conditions.  There is NO
warranty; not even for MERCHANTABILITY or FITNESS FOR A PARTICULAR PURPOSE.

configure:4899: $? = 0
configure:4906: /usr/bin/gcc -v >&5
Using built-in specs.
Target: arm-apple-darwin9
Configured with: ../llvm-gcc-4.2/configure --build=x86_64-unknown-linux-gnu --host=arm-apple-darwin9 --enable-static=no --enable-shared=yes --prefix=/usr --localstatedir=/var/cache/iphone-gcc --enable-languages=c,c++,objc,obj-c++ --enable-wchar_t=no --with-gxx-include-dir=/usr/include/c++/4.0.0
Thread model: posix
gcc version 4.2.1 (Based on Apple Inc. build 5555)
configure:4910: $? = 0
configure:4917: /usr/bin/gcc -V >&5
gcc: '-V' option must have argument
configure:4921: $? = 1
configure:4924: checking whether we are using the GNU C compiler
configure:4977: result: yes
configure:4986: checking whether /usr/bin/gcc accepts -g
configure:5124: result: yes
configure:5141: checking for /usr/bin/gcc option to accept ISO C89
configure:5245: result: none needed
configure:5265: checking dependency style of /usr/bin/gcc
configure:5375: result: gcc3
configure:5390: checking for library containing strerror
configure:5431: /usr/bin/gcc -o conftest -g -O2   conftest.c  >&5
configure:5438: $? = 0
configure:5469: result: none required
configure:5482: checking how to run the C preprocessor
configure:5522: /usr/bin/gcc -E  conftest.c
configure:5529: $? = 0
configure:5560: /usr/bin/gcc -E  conftest.c
conftest.c:10:28: error: ac_nonexistent.h: No such file or directory
configure:5567: $? = 1
configure: failed program was:
| /* confdefs.h.  */
| #define PACKAGE_NAME "libwnck"
| #define PACKAGE_TARNAME "libwnck"
| #define PACKAGE_VERSION "2.29.92"
| #define PACKAGE_STRING "libwnck 2.29.92"
| #define PACKAGE_BUGREPORT "http://bugzilla.gnome.org/enter_bug.cgi?product=libwnck"
| #define PACKAGE "libwnck"
| #define VERSION "2.29.92"
| /* end confdefs.h.  */
| #include <ac_nonexistent.h>
configure:5600: result: /usr/bin/gcc -E
configure:5629: /usr/bin/gcc -E  conftest.c
configure:5636: $? = 0
configure:5667: /usr/bin/gcc -E  conftest.c
conftest.c:10:28: error: ac_nonexistent.h: No such file or directory
configure:5674: $? = 1
configure: failed program was:
| /* confdefs.h.  */
| #define PACKAGE_NAME "libwnck"
| #define PACKAGE_TARNAME "libwnck"
| #define PACKAGE_VERSION "2.29.92"
| #define PACKAGE_STRING "libwnck 2.29.92"
| #define PACKAGE_BUGREPORT "http://bugzilla.gnome.org/enter_bug.cgi?product=libwnck"
| #define PACKAGE "libwnck"
| #define VERSION "2.29.92"
| /* end confdefs.h.  */
| #include <ac_nonexistent.h>
configure:5714: checking for grep that handles long lines and -e
configure:5774: result: /bin/grep
configure:5779: checking for egrep
configure:5843: result: /bin/grep -E
configure:5848: checking for ANSI C header files
configure:5878: /usr/bin/gcc -c -g -O2  conftest.c >&5
configure:5885: $? = 0
configure:5984: /usr/bin/gcc -o conftest -g -O2   conftest.c  >&5
configure:5988: $? = 0
configure:5994: ./conftest
configure:5998: $? = 0
configure:6016: result: yes
configure:6032: checking build system type
configure:6050: result: arm-apple-darwin10.4.0
configure:6072: checking host system type
configure:6087: result: arm-apple-darwin10.4.0
configure:6437: checking for a sed that does not truncate output
configure:6503: result: /bin/sed
configure:6521: checking for fgrep
configure:6585: result: /bin/grep -F
configure:6620: checking for ld used by /usr/bin/gcc
configure:6687: result: /usr/bin/ld
configure:6696: checking if the linker (/usr/bin/ld) is GNU ld
configure:6711: result: no
configure:6723: checking for BSD- or MS-compatible name lister (nm)
configure:6772: result: /usr/bin/nm -p
configure:6890: checking the name lister (/usr/bin/nm -p) interface
configure:6897: /usr/bin/gcc -c -g -O2  conftest.c >&5
configure:6900: /usr/bin/nm -p "conftest.o"
configure:6903: output
00000000 D _some_variable
configure:6910: result: BSD nm
configure:6913: checking whether ln -s works
configure:6917: result: yes
configure:6925: checking the maximum length of command line arguments
configure:7045: result: 196608
configure:7062: checking whether the shell understands some XSI constructs
configure:7072: result: yes
configure:7076: checking whether the shell understands "+="
configure:7082: result: yes
configure:7117: checking for /usr/bin/ld option to reload object files
configure:7124: result: -r
configure:7193: checking for objdump
configure:7220: result: objdump
configure:7249: checking how to recognize dependent libraries
configure:7445: result: pass_all
configure:7505: checking for ar
configure:7521: found /usr/bin/ar
configure:7532: result: ar
configure:7610: checking for strip
configure:7626: found /usr/bin/strip
configure:7637: result: strip
configure:7709: checking for ranlib
configure:7725: found /usr/bin/ranlib
configure:7736: result: ranlib
configure:7826: checking command to parse /usr/bin/nm -p output from /usr/bin/gcc object
configure:7944: /usr/bin/gcc -c -g -O2  conftest.c >&5
configure:7947: $? = 0
configure:7951: /usr/bin/nm -p conftest.o \| sed -n -e 's/^.*[	 ]\([BCDEGRST][BCDEGRST]*\)[	 ][	 ]*\([_A-Za-z][_A-Za-z0-9]*\)$/\1 \2 \2/p' \> conftest.nm
configure:7954: $? = 0
cannot find nm_test_var in conftest.nm
configure:7944: /usr/bin/gcc -c -g -O2  conftest.c >&5
configure:7947: $? = 0
configure:7951: /usr/bin/nm -p conftest.o \| sed -n -e 's/^.*[	 ]\([BCDEGRST][BCDEGRST]*\)[	 ][	 ]*_\([_A-Za-z][_A-Za-z0-9]*\)$/\1 _\2 \2/p' \> conftest.nm
configure:7954: $? = 0
configure:8008: /usr/bin/gcc -o conftest -g -O2   conftest.c conftstm.o >&5
configure:8011: $? = 0
configure:8049: result: ok
configure:8342: checking for dsymutil
configure:8372: result: no
configure:8434: checking for nmedit
configure:8450: found /usr/bin/nmedit
configure:8461: result: nmedit
configure:8526: checking for lipo
configure:8542: found /usr/bin/lipo
configure:8553: result: lipo
configure:8618: checking for otool
configure:8634: found /usr/bin/otool
configure:8645: result: otool
configure:8710: checking for otool64
configure:8726: found /usr/bin/otool64
configure:8737: result: otool64
configure:8785: checking for -single_module linker flag
/usr/bin/gcc -g -O2  -o libconftest.dylib -dynamiclib -Wl,-single_module conftest.c
configure:8812: result: yes
configure:8814: checking for -exported_symbols_list linker flag
configure:8844: /usr/bin/gcc -o conftest -g -O2   -Wl,-exported_symbols_list,conftest.sym conftest.c  >&5
configure:8851: $? = 0
configure:8873: result: yes
configure:8924: checking for sys/types.h
configure:8945: /usr/bin/gcc -c -g -O2  conftest.c >&5
configure:8952: $? = 0
configure:8969: result: yes
configure:8924: checking for sys/stat.h
configure:8945: /usr/bin/gcc -c -g -O2  conftest.c >&5
configure:8952: $? = 0
configure:8969: result: yes
configure:8924: checking for stdlib.h
configure:8945: /usr/bin/gcc -c -g -O2  conftest.c >&5
configure:8952: $? = 0
configure:8969: result: yes
configure:8924: checking for string.h
configure:8945: /usr/bin/gcc -c -g -O2  conftest.c >&5
configure:8952: $? = 0
configure:8969: result: yes
configure:8924: checking for memory.h
configure:8945: /usr/bin/gcc -c -g -O2  conftest.c >&5
configure:8952: $? = 0
configure:8969: result: yes
configure:8924: checking for strings.h
configure:8945: /usr/bin/gcc -c -g -O2  conftest.c >&5
configure:8952: $? = 0
configure:8969: result: yes
configure:8924: checking for inttypes.h
configure:8945: /usr/bin/gcc -c -g -O2  conftest.c >&5
configure:8952: $? = 0
configure:8969: result: yes
configure:8924: checking for stdint.h
configure:8945: /usr/bin/gcc -c -g -O2  conftest.c >&5
configure:8952: $? = 0
configure:8969: result: yes
configure:8924: checking for unistd.h
configure:8945: /usr/bin/gcc -c -g -O2  conftest.c >&5
configure:8952: $? = 0
configure:8969: result: yes
configure:8987: checking for dlfcn.h
configure:9008: /usr/bin/gcc -c -g -O2  conftest.c >&5
configure:9015: $? = 0
configure:9032: result: yes
configure:9216: checking for objdir
configure:9231: result: .libs
configure:9527: checking if /usr/bin/gcc supports -fno-rtti -fno-exceptions
configure:9545: /usr/bin/gcc -c -g -O2  -fno-rtti -fno-exceptions conftest.c >&5
cc1: warning: command line option "-fno-rtti" is valid for C++/ObjC++ but not for C
configure:9549: $? = 0
configure:9562: result: no
configure:9582: checking for /usr/bin/gcc option to produce PIC
configure:9854: result: -fno-common -DPIC
configure:9866: checking if /usr/bin/gcc PIC flag -fno-common -DPIC works
configure:9884: /usr/bin/gcc -c -g -O2  -fno-common -DPIC -DPIC conftest.c >&5
configure:9888: $? = 0
configure:9901: result: yes
configure:9925: checking if /usr/bin/gcc static flag -static works
configure:9953: result: no
configure:9968: checking if /usr/bin/gcc supports -c -o file.o
configure:9989: /usr/bin/gcc -c -g -O2  -o out/conftest2.o conftest.c >&5
configure:9993: $? = 0
configure:10015: result: yes
configure:10023: checking if /usr/bin/gcc supports -c -o file.o
configure:10070: result: yes
configure:10103: checking whether the /usr/bin/gcc linker (/usr/bin/ld) supports shared libraries
configure:11177: result: yes
configure:11416: checking dynamic linker characteristics
configure:12099: result: darwin10.4.0 dyld
configure:12201: checking how to hardcode library paths into programs
configure:12226: result: immediate
configure:13059: checking whether stripping libraries is possible
configure:13073: result: yes
configure:13099: checking if libtool supports shared libraries
configure:13101: result: yes
configure:13104: checking whether to build shared libraries
configure:13125: result: yes
configure:13128: checking whether to build static libraries
configure:13132: result: yes
configure:13221: checking whether gcc understands -Wno-sign-compare
configure:13244: /usr/bin/gcc -c -Wall -Wmissing-prototypes -Wnested-externs -Wpointer-arith -g -O2 -Wall -Wno-sign-compare  conftest.c >&5
configure:13251: $? = 0
configure:13266: result: yes
configure:13286: checking what warning flags to pass to the C compiler
configure:13288: result: -Wall -Wmissing-prototypes -Wnested-externs -Wpointer-arith -Wno-sign-compare
configure:13299: checking what language compliance flags to pass to the C compiler
configure:13314: result: 
configure:13359: checking locale.h usability
configure:13376: /usr/bin/gcc -c -g -O2 -Wall  conftest.c >&5
configure:13383: $? = 0
configure:13397: result: yes
configure:13401: checking locale.h presence
configure:13416: /usr/bin/gcc -E  conftest.c
configure:13423: $? = 0
configure:13437: result: yes
configure:13470: checking for locale.h
configure:13479: result: yes
configure:13495: checking for LC_MESSAGES
configure:13521: /usr/bin/gcc -o conftest -g -O2 -Wall   conftest.c  >&5
configure:13528: $? = 0
configure:13548: result: yes
configure:13577: checking libintl.h usability
configure:13594: /usr/bin/gcc -c -g -O2 -Wall  conftest.c >&5
configure:13601: $? = 0
configure:13615: result: yes
configure:13619: checking libintl.h presence
configure:13634: /usr/bin/gcc -E  conftest.c
configure:13641: $? = 0
configure:13655: result: yes
configure:13688: checking for libintl.h
configure:13695: result: yes
configure:13706: checking for ngettext in libc
configure:13734: /usr/bin/gcc -o conftest -g -O2 -Wall   conftest.c  >&5
Undefined symbols:
  "_libintl_ngettext", referenced from:
      _main in ccSU01re.o
ld: symbol(s) not found
collect2: ld returned 1 exit status
configure:13741: $? = 1
configure: failed program was:
| /* confdefs.h.  */
| #define PACKAGE_NAME "libwnck"
| #define PACKAGE_TARNAME "libwnck"
| #define PACKAGE_VERSION "2.29.92"
| #define PACKAGE_STRING "libwnck 2.29.92"
| #define PACKAGE_BUGREPORT "http://bugzilla.gnome.org/enter_bug.cgi?product=libwnck"
| #define PACKAGE "libwnck"
| #define VERSION "2.29.92"
| #define STDC_HEADERS 1
| #define HAVE_SYS_TYPES_H 1
| #define HAVE_SYS_STAT_H 1
| #define HAVE_STDLIB_H 1
| #define HAVE_STRING_H 1
| #define HAVE_MEMORY_H 1
| #define HAVE_STRINGS_H 1
| #define HAVE_INTTYPES_H 1
| #define HAVE_STDINT_H 1
| #define HAVE_UNISTD_H 1
| #define HAVE_DLFCN_H 1
| #define LT_OBJDIR ".libs/"
| #define GETTEXT_PACKAGE "libwnck"
| #define HAVE_LOCALE_H 1
| #define HAVE_LC_MESSAGES 1
| /* end confdefs.h.  */
| 
| #include <libintl.h>
| 
| int
| main ()
| {
| return !ngettext ("","", 1)
|   ;
|   return 0;
| }
configure:13762: result: no
configure:13937: checking for bindtextdomain in -lintl
configure:13972: /usr/bin/gcc -o conftest -g -O2 -Wall   conftest.c -lintl   >&5
configure:13979: $? = 0
configure:14000: result: yes
configure:14003: checking for ngettext in -lintl
configure:14038: /usr/bin/gcc -o conftest -g -O2 -Wall   conftest.c -lintl   >&5
configure:14045: $? = 0
configure:14066: result: yes
configure:14069: checking for dgettext in -lintl
configure:14104: /usr/bin/gcc -o conftest -g -O2 -Wall   conftest.c -lintl   >&5
conftest.c:32: warning: conflicting types for built-in function 'dgettext'
configure:14111: $? = 0
configure:14132: result: yes
configure:14305: checking for bind_textdomain_codeset
configure:14361: /usr/bin/gcc -o conftest -g -O2 -Wall   conftest.c  -lintl  >&5
configure:14368: $? = 0
configure:14390: result: yes
configure:14432: checking for msgfmt
configure:14459: result: /usr/local/bin/msgfmt
configure:14472: checking for dcgettext
configure:14528: /usr/bin/gcc -o conftest -g -O2 -Wall   conftest.c  -lintl  >&5
conftest.c:50: warning: conflicting types for built-in function 'dcgettext'
configure:14535: $? = 0
configure:14557: result: yes
configure:14570: checking if msgfmt accepts -c
configure:14585: $MSGFMT -c -o /dev/null conftest.foo
configure:14588: $? = 0
configure:14590: result: yes
configure:14600: checking for gmsgfmt
configure:14631: result: /usr/local/bin/msgfmt
configure:14641: checking for xgettext
configure:14668: result: /usr/local/bin/xgettext
configure:14697: /usr/bin/gcc -o conftest -g -O2 -Wall   conftest.c  -lintl  >&5
configure:14704: $? = 0
configure:14945: checking for pkg-config
configure:14963: found /usr/bin/pkg-config
configure:14975: result: /usr/bin/pkg-config
configure:15099: checking pkg-config is at least version 0.9.0
configure:15102: result: yes
configure:15113: checking for STARTUP_NOTIFICATION
configure:15120: $PKG_CONFIG --exists --print-errors "libstartup-notification-1.0 >= $STARTUP_NOTIFICATION_REQUIRED"
configure:15123: $? = 0
configure:15136: $PKG_CONFIG --exists --print-errors "libstartup-notification-1.0 >= $STARTUP_NOTIFICATION_REQUIRED"
configure:15139: $? = 0
configure:15174: result: yes
configure:15196: checking for X
configure:15311: /usr/bin/gcc -E  conftest.c
configure:15318: $? = 0
configure:15367: /usr/bin/gcc -o conftest -g -O2 -Wall   conftest.c -lX11  >&5
configure:15374: $? = 0
configure:15436: result: libraries , headers 
configure:15442: checking for XLIB
configure:15449: $PKG_CONFIG --exists --print-errors "x11"
configure:15452: $? = 0
configure:15465: $PKG_CONFIG --exists --print-errors "x11"
configure:15468: $? = 0
configure:17789: result: yes
configure:17795: checking if building with X Resource Information Extension Library
configure:17798: result: yes
configure:17894: checking for LIBWNCK
configure:17901: $PKG_CONFIG --exists --print-errors "gtk+-2.0 >= 2.19.7 glib-2.0 >= 2.16.0 gobject-2.0 >= 2.13.0 $STARTUP_NOTIFICATION_PACKAGE $XRES_PACKAGE"
configure:17904: $? = 0
configure:17917: $PKG_CONFIG --exists --print-errors "gtk+-2.0 >= 2.19.7 glib-2.0 >= 2.16.0 gobject-2.0 >= 2.13.0 $STARTUP_NOTIFICATION_PACKAGE $XRES_PACKAGE"
configure:17920: $? = 0
configure:17997: result: yes
configure:18009: checking for gdk-pixbuf-csource
configure:18027: found /usr/local/bin/gdk-pixbuf-csource
configure:18040: result: /usr/local/bin/gdk-pixbuf-csource
configure:18066: checking for gtkdoc-check
configure:18099: result: no
configure:18108: checking for gtkdoc-rebase
configure:18141: result: no
configure:18152: checking for gtkdoc-mkpdf
configure:18185: result: no
configure:18225: checking whether to build gtk-doc documentation
configure:18227: result: no
configure:18303: checking for gobject-introspection
configure:18335: $PKG_CONFIG --exists --print-errors "gobject-introspection-1.0 >= 0.6.7"
Package gobject-introspection-1.0 was not found in the pkg-config search path.
Perhaps you should add the directory containing `gobject-introspection-1.0.pc'
to the PKG_CONFIG_PATH environment variable
No package 'gobject-introspection-1.0' found
configure:18338: $? = 1
configure:18351: result: no
configure:18575: creating ./config.status

## ---------------------- ##
## Running config.status. ##
## ---------------------- ##

This file was extended by libwnck config.status 2.29.92, which was
generated by GNU Autoconf 2.63.  Invocation command line was

  CONFIG_FILES    = 
  CONFIG_HEADERS  = 
  CONFIG_LINKS    = 
  CONFIG_COMMANDS = 
  $ ./config.status 

on Chriss-iPad

config.status:1117: creating Makefile
config.status:1117: creating doc/Makefile
config.status:1117: creating po/Makefile.in
config.status:1117: creating libwnck/Makefile
config.status:1117: creating libwnck-1.0.pc
config.status:1117: creating libwnck-1.0-uninstalled.pc
config.status:1117: creating config.h
config.status:1391: executing depfiles commands
config.status:1391: executing libtool commands
config.status:1391: executing default-1 commands
config.status:1391: executing po/stamp-it commands

## ---------------- ##
## Cache variables. ##
## ---------------- ##

ac_cv_build=arm-apple-darwin10.4.0
ac_cv_c_compiler_gnu=yes
ac_cv_env_CC_set=set
ac_cv_env_CC_value=/usr/bin/gcc
ac_cv_env_CFLAGS_set=
ac_cv_env_CFLAGS_value=
ac_cv_env_CPPFLAGS_set=
ac_cv_env_CPPFLAGS_value=
ac_cv_env_CPP_set=
ac_cv_env_CPP_value=
ac_cv_env_LDFLAGS_set=
ac_cv_env_LDFLAGS_value=
ac_cv_env_LIBS_set=
ac_cv_env_LIBS_value=
ac_cv_env_LIBWNCK_CFLAGS_set=
ac_cv_env_LIBWNCK_CFLAGS_value=
ac_cv_env_LIBWNCK_LIBS_set=
ac_cv_env_LIBWNCK_LIBS_value=
ac_cv_env_PKG_CONFIG_set=
ac_cv_env_PKG_CONFIG_value=
ac_cv_env_STARTUP_NOTIFICATION_CFLAGS_set=
ac_cv_env_STARTUP_NOTIFICATION_CFLAGS_value=
ac_cv_env_STARTUP_NOTIFICATION_LIBS_set=
ac_cv_env_STARTUP_NOTIFICATION_LIBS_value=
ac_cv_env_XLIB_CFLAGS_set=
ac_cv_env_XLIB_CFLAGS_value=
ac_cv_env_XLIB_LIBS_set=
ac_cv_env_XLIB_LIBS_value=
ac_cv_env_XMKMF_set=
ac_cv_env_XMKMF_value=
ac_cv_env_build_alias_set=
ac_cv_env_build_alias_value=
ac_cv_env_host_alias_set=
ac_cv_env_host_alias_value=
ac_cv_env_target_alias_set=
ac_cv_env_target_alias_value=
ac_cv_func_bind_textdomain_codeset=yes
ac_cv_func_dcgettext=yes
ac_cv_have_x='have_x=yes	ac_x_includes='\'''\''	ac_x_libraries='\'''\'''
ac_cv_header_dlfcn_h=yes
ac_cv_header_inttypes_h=yes
ac_cv_header_libintl_h=yes
ac_cv_header_locale_h=yes
ac_cv_header_memory_h=yes
ac_cv_header_stdc=yes
ac_cv_header_stdint_h=yes
ac_cv_header_stdlib_h=yes
ac_cv_header_string_h=yes
ac_cv_header_strings_h=yes
ac_cv_header_sys_stat_h=yes
ac_cv_header_sys_types_h=yes
ac_cv_header_unistd_h=yes
ac_cv_host=arm-apple-darwin10.4.0
ac_cv_lib_intl_bindtextdomain=yes
ac_cv_lib_intl_dgettext=yes
ac_cv_lib_intl_ngettext=yes
ac_cv_objext=o
ac_cv_path_EGREP='/bin/grep -E'
ac_cv_path_FGREP='/bin/grep -F'
ac_cv_path_GDK_PIXBUF_CSOURCE=/usr/local/bin/gdk-pixbuf-csource
ac_cv_path_GMSGFMT=/usr/local/bin/msgfmt
ac_cv_path_GREP=/bin/grep
ac_cv_path_INTLTOOL_EXTRACT=/usr/local/bin/intltool-extract
ac_cv_path_INTLTOOL_MERGE=/usr/local/bin/intltool-merge
ac_cv_path_INTLTOOL_PERL=/usr/local/bin/perl
ac_cv_path_INTLTOOL_UPDATE=/usr/local/bin/intltool-update
ac_cv_path_MSGFMT=/usr/local/bin/msgfmt
ac_cv_path_MSGMERGE=/usr/local/bin/msgmerge
ac_cv_path_PKG_CONFIG=/usr/bin/pkg-config
ac_cv_path_SED=/bin/sed
ac_cv_path_XGETTEXT=/usr/local/bin/xgettext
ac_cv_path_install='/usr/bin/install -c'
ac_cv_path_mkdir=/bin/mkdir
ac_cv_prog_AWK=gawk
ac_cv_prog_CPP='/usr/bin/gcc -E'
ac_cv_prog_ac_ct_AR=ar
ac_cv_prog_ac_ct_CC=/usr/bin/gcc
ac_cv_prog_ac_ct_LIPO=lipo
ac_cv_prog_ac_ct_NMEDIT=nmedit
ac_cv_prog_ac_ct_OBJDUMP=objdump
ac_cv_prog_ac_ct_OTOOL64=otool64
ac_cv_prog_ac_ct_OTOOL=otool
ac_cv_prog_ac_ct_RANLIB=ranlib
ac_cv_prog_ac_ct_STRIP=strip
ac_cv_prog_cc_c89=
ac_cv_prog_cc_g=yes
ac_cv_prog_make_make_set=yes
ac_cv_search_strerror='none required'
am_cv_CC_dependencies_compiler_type=gcc3
am_cv_val_LC_MESSAGES=yes
gt_cv_func_dgettext_libc=no
gt_cv_func_dgettext_libintl=yes
gt_cv_func_ngettext_libc=no
gt_cv_have_gettext=yes
lt_cv_apple_cc_single_mod=yes
lt_cv_deplibs_check_method=pass_all
lt_cv_file_magic_cmd='$MAGIC_CMD'
lt_cv_file_magic_test_file=
lt_cv_ld_exported_symbols_list=yes
lt_cv_ld_reload_flag=-r
lt_cv_nm_interface='BSD nm'
lt_cv_objdir=.libs
lt_cv_path_LD=/usr/bin/ld
lt_cv_path_NM='/usr/bin/nm -p'
lt_cv_prog_compiler_c_o=yes
lt_cv_prog_compiler_pic_works=yes
lt_cv_prog_compiler_rtti_exceptions=no
lt_cv_prog_compiler_static_works=no
lt_cv_prog_gnu_ld=no
lt_cv_sys_global_symbol_pipe='sed -n -e '\''s/^.*[	 ]\([BCDEGRST][BCDEGRST]*\)[	 ][	 ]*_\([_A-Za-z][_A-Za-z0-9]*\)$/\1 _\2 \2/p'\'''
lt_cv_sys_global_symbol_to_c_name_address='sed -n -e '\''s/^: \([^ ]*\) $/  {\"\1\", (void *) 0},/p'\'' -e '\''s/^[BCDEGRST]* \([^ ]*\) \([^ ]*\)$/  {"\2", (void *) \&\2},/p'\'''
lt_cv_sys_global_symbol_to_c_name_address_lib_prefix='sed -n -e '\''s/^: \([^ ]*\) $/  {\"\1\", (void *) 0},/p'\'' -e '\''s/^[BCDEGRST]* \([^ ]*\) \(lib[^ ]*\)$/  {"\2", (void *) \&\2},/p'\'' -e '\''s/^[BCDEGRST]* \([^ ]*\) \([^ ]*\)$/  {"lib\2", (void *) \&\2},/p'\'''
lt_cv_sys_global_symbol_to_cdecl='sed -n -e '\''s/^T .* \(.*\)$/extern int \1();/p'\'' -e '\''s/^[BCDEGRST]* .* \(.*\)$/extern char \1;/p'\'''
lt_cv_sys_max_cmd_len=196608
pkg_cv_LIBWNCK_CFLAGS='-D_REENTRANT -I/usr/local/include/gtk-2.0 -I/usr/local/lib/gtk-2.0/include -I/usr/local/include/atk-1.0 -I/usr/local/include/cairo -I/usr/local/include/gdk-pixbuf-2.0 -I/usr/local/include/pango-1.0 -I/usr/local/include/glib-2.0 -I/usr/local/lib/glib-2.0/include -I/usr/local/include/pixman-1 -I/usr/local/include/freetype2 -I/usr/local/include/libpng14 -I/usr/local/include/startup-notification-1.0  '
pkg_cv_LIBWNCK_LIBS='-L/usr/local/lib -lgtk-x11-2.0 -lgdk-x11-2.0 -latk-1.0 -lgio-2.0 -lpangoft2-1.0 -lpangocairo-1.0 -lgdk_pixbuf-2.0 -lcairo -lpango-1.0 -lfreetype -lfontconfig -lgmodule-2.0 -lgobject-2.0 -lgthread-2.0 -lglib-2.0 -lintl -lstartup-notification-1 -lXRes  '
pkg_cv_STARTUP_NOTIFICATION_CFLAGS='-I/usr/local/include/startup-notification-1.0  '
pkg_cv_STARTUP_NOTIFICATION_LIBS='-L/usr/local/lib -lstartup-notification-1  '
pkg_cv_XLIB_CFLAGS=' '
pkg_cv_XLIB_LIBS='-L/usr/local/lib -lX11  '

## ----------------- ##
## Output variables. ##
## ----------------- ##

ACLOCAL='${SHELL} /home/chris/libwnck-2.29.92/missing --run aclocal-1.11 '
ACLOCAL_AMFLAGS='${ACLOCAL_FLAGS}'
ALL_LINGUAS=''
AMDEPBACKSLASH='\'
AMDEP_FALSE='#'
AMDEP_TRUE=''
AMTAR='${SHELL} /home/chris/libwnck-2.29.92/missing --run tar'
AM_BACKSLASH='\'
AM_DEFAULT_VERBOSITY='0'
AR='ar'
AS='as'
AUTOCONF='${SHELL} /home/chris/libwnck-2.29.92/missing --run autoconf'
AUTOHEADER='${SHELL} /home/chris/libwnck-2.29.92/missing --run autoheader'
AUTOMAKE='${SHELL} /home/chris/libwnck-2.29.92/missing --run automake-1.11'
AWK='gawk'
CATALOGS=''
CATOBJEXT='.gmo'
CC='/usr/bin/gcc'
CCDEPMODE='depmode=gcc3'
CFLAGS='-g -O2 -Wall'
CPP='/usr/bin/gcc -E'
CPPFLAGS=''
CYGPATH_W='echo'
DATADIRNAME='share'
DEFS='-DHAVE_CONFIG_H'
DEPDIR='.deps'
DISABLE_DEPRECATED=''
DISABLE_DEPRECATED_CFLAGS=''
DLLTOOL='dlltool'
DSYMUTIL=':'
DUMPBIN=''
ECHO_C=''
ECHO_N='-n'
ECHO_T=''
EGREP='/bin/grep -E'
ENABLE_GTK_DOC_FALSE=''
ENABLE_GTK_DOC_TRUE='#'
EXEEXT=''
FGREP='/bin/grep -F'
GDK_PIXBUF_CSOURCE='/usr/local/bin/gdk-pixbuf-csource'
GETTEXT_PACKAGE='libwnck'
GLIB_GENMARSHAL='glib-genmarshal'
GMOFILES=''
GMSGFMT='/usr/local/bin/msgfmt'
GREP='/bin/grep'
GTKDOC_CHECK=''
GTKDOC_MKPDF=''
GTKDOC_REBASE='true'
GTK_DOC_BUILD_HTML_FALSE='#'
GTK_DOC_BUILD_HTML_TRUE=''
GTK_DOC_BUILD_PDF_FALSE=''
GTK_DOC_BUILD_PDF_TRUE='#'
GTK_DOC_USE_LIBTOOL_FALSE='#'
GTK_DOC_USE_LIBTOOL_TRUE=''
GTK_DOC_USE_REBASE_FALSE='#'
GTK_DOC_USE_REBASE_TRUE=''
HAVE_INTROSPECTION_FALSE=''
HAVE_INTROSPECTION_TRUE='#'
HTML_DIR='${datadir}/gtk-doc/html'
INSTALL_DATA='${INSTALL} -m 644'
INSTALL_PROGRAM='${INSTALL}'
INSTALL_SCRIPT='${INSTALL}'
INSTALL_STRIP_PROGRAM='$(install_sh) -c -s'
INSTOBJEXT='.mo'
INTLLIBS='-lintl '
INTLTOOL_CAVES_RULE='%.caves:     %.caves.in     $(INTLTOOL_MERGE) $(wildcard $(top_srcdir)/po/*.po) ; LC_ALL=C $(INTLTOOL_MERGE) -d -u -c $(top_builddir)/po/.intltool-merge-cache $(top_srcdir)/po $< $@'
INTLTOOL_DESKTOP_RULE='%.desktop:   %.desktop.in   $(INTLTOOL_MERGE) $(wildcard $(top_srcdir)/po/*.po) ; LC_ALL=C $(INTLTOOL_MERGE) -d -u -c $(top_builddir)/po/.intltool-merge-cache $(top_srcdir)/po $< $@'
INTLTOOL_DIRECTORY_RULE='%.directory: %.directory.in $(INTLTOOL_MERGE) $(wildcard $(top_srcdir)/po/*.po) ; LC_ALL=C $(INTLTOOL_MERGE) -d -u -c $(top_builddir)/po/.intltool-merge-cache $(top_srcdir)/po $< $@'
INTLTOOL_EXTRACT='/usr/local/bin/intltool-extract'
INTLTOOL_KBD_RULE='%.kbd:       %.kbd.in       $(INTLTOOL_MERGE) $(wildcard $(top_srcdir)/po/*.po) ; LC_ALL=C $(INTLTOOL_MERGE) -x -u -m -c $(top_builddir)/po/.intltool-merge-cache $(top_srcdir)/po $< $@'
INTLTOOL_KEYS_RULE='%.keys:      %.keys.in      $(INTLTOOL_MERGE) $(wildcard $(top_srcdir)/po/*.po) ; LC_ALL=C $(INTLTOOL_MERGE) -k -u -c $(top_builddir)/po/.intltool-merge-cache $(top_srcdir)/po $< $@'
INTLTOOL_MERGE='/usr/local/bin/intltool-merge'
INTLTOOL_OAF_RULE='%.oaf:       %.oaf.in       $(INTLTOOL_MERGE) $(wildcard $(top_srcdir)/po/*.po) ; LC_ALL=C $(INTLTOOL_MERGE) -o -p $(top_srcdir)/po $< $@'
INTLTOOL_PERL='/usr/local/bin/perl'
INTLTOOL_POLICY_RULE='%.policy:    %.policy.in    $(INTLTOOL_MERGE) $(wildcard $(top_srcdir)/po/*.po) ; LC_ALL=C $(INTLTOOL_MERGE) -x -u -c $(top_builddir)/po/.intltool-merge-cache $(top_srcdir)/po $< $@'
INTLTOOL_PONG_RULE='%.pong:      %.pong.in      $(INTLTOOL_MERGE) $(wildcard $(top_srcdir)/po/*.po) ; LC_ALL=C $(INTLTOOL_MERGE) -x -u -c $(top_builddir)/po/.intltool-merge-cache $(top_srcdir)/po $< $@'
INTLTOOL_PROP_RULE='%.prop:      %.prop.in      $(INTLTOOL_MERGE) $(wildcard $(top_srcdir)/po/*.po) ; LC_ALL=C $(INTLTOOL_MERGE) -d -u -c $(top_builddir)/po/.intltool-merge-cache $(top_srcdir)/po $< $@'
INTLTOOL_SCHEMAS_RULE='%.schemas:   %.schemas.in   $(INTLTOOL_MERGE) $(wildcard $(top_srcdir)/po/*.po) ; LC_ALL=C $(INTLTOOL_MERGE) -s -u -c $(top_builddir)/po/.intltool-merge-cache $(top_srcdir)/po $< $@'
INTLTOOL_SERVER_RULE='%.server:    %.server.in    $(INTLTOOL_MERGE) $(wildcard $(top_srcdir)/po/*.po) ; LC_ALL=C $(INTLTOOL_MERGE) -o -u -c $(top_builddir)/po/.intltool-merge-cache $(top_srcdir)/po $< $@'
INTLTOOL_SERVICE_RULE='%.service: %.service.in   $(INTLTOOL_MERGE) $(wildcard $(top_srcdir)/po/*.po) ; LC_ALL=C $(INTLTOOL_MERGE) -d -u -c $(top_builddir)/po/.intltool-merge-cache $(top_srcdir)/po $< $@'
INTLTOOL_SHEET_RULE='%.sheet:     %.sheet.in     $(INTLTOOL_MERGE) $(wildcard $(top_srcdir)/po/*.po) ; LC_ALL=C $(INTLTOOL_MERGE) -x -u -c $(top_builddir)/po/.intltool-merge-cache $(top_srcdir)/po $< $@'
INTLTOOL_SOUNDLIST_RULE='%.soundlist: %.soundlist.in $(INTLTOOL_MERGE) $(wildcard $(top_srcdir)/po/*.po) ; LC_ALL=C $(INTLTOOL_MERGE) -d -u -c $(top_builddir)/po/.intltool-merge-cache $(top_srcdir)/po $< $@'
INTLTOOL_THEME_RULE='%.theme:     %.theme.in     $(INTLTOOL_MERGE) $(wildcard $(top_srcdir)/po/*.po) ; LC_ALL=C $(INTLTOOL_MERGE) -d -u -c $(top_builddir)/po/.intltool-merge-cache $(top_srcdir)/po $< $@'
INTLTOOL_UI_RULE='%.ui:        %.ui.in        $(INTLTOOL_MERGE) $(wildcard $(top_srcdir)/po/*.po) ; LC_ALL=C $(INTLTOOL_MERGE) -x -u -c $(top_builddir)/po/.intltool-merge-cache $(top_srcdir)/po $< $@'
INTLTOOL_UPDATE='/usr/local/bin/intltool-update'
INTLTOOL_XAM_RULE='%.xam:       %.xml.in       $(INTLTOOL_MERGE) $(wildcard $(top_srcdir)/po/*.po) ; LC_ALL=C $(INTLTOOL_MERGE) -x -u -c $(top_builddir)/po/.intltool-merge-cache $(top_srcdir)/po $< $@'
INTLTOOL_XML_NOMERGE_RULE='%.xml:       %.xml.in       $(INTLTOOL_MERGE) ; LC_ALL=C $(INTLTOOL_MERGE) -x -u /tmp $< $@'
INTLTOOL_XML_RULE='%.xml:       %.xml.in       $(INTLTOOL_MERGE) $(wildcard $(top_srcdir)/po/*.po) ; LC_ALL=C $(INTLTOOL_MERGE) -x -u -c $(top_builddir)/po/.intltool-merge-cache $(top_srcdir)/po $< $@'
INTROSPECTION_CFLAGS=''
INTROSPECTION_COMPILER=''
INTROSPECTION_GENERATE=''
INTROSPECTION_GIRDIR=''
INTROSPECTION_LIBS=''
INTROSPECTION_MAKEFILE=''
INTROSPECTION_SCANNER=''
INTROSPECTION_TYPELIBDIR=''
LD='/usr/bin/ld'
LDFLAGS=''
LIBOBJS=''
LIBS=''
LIBTOOL='$(SHELL) $(top_builddir)/libtool'
LIBWNCK_AGE='3'
LIBWNCK_CFLAGS='-D_REENTRANT -I/usr/local/include/gtk-2.0 -I/usr/local/lib/gtk-2.0/include -I/usr/local/include/atk-1.0 -I/usr/local/include/cairo -I/usr/local/include/gdk-pixbuf-2.0 -I/usr/local/include/pango-1.0 -I/usr/local/include/glib-2.0 -I/usr/local/lib/glib-2.0/include -I/usr/local/include/pixman-1 -I/usr/local/include/freetype2 -I/usr/local/include/libpng14 -I/usr/local/include/startup-notification-1.0  '
LIBWNCK_CURRENT='25'
LIBWNCK_LIBS='-L/usr/local/lib -lgtk-x11-2.0 -lgdk-x11-2.0 -latk-1.0 -lgio-2.0 -lpangoft2-1.0 -lpangocairo-1.0 -lgdk_pixbuf-2.0 -lcairo -lpango-1.0 -lfreetype -lfontconfig -lgmodule-2.0 -lgobject-2.0 -lgthread-2.0 -lglib-2.0 -lintl -lstartup-notification-1 -lXRes  '
LIBWNCK_REVISION='25'
LIPO='lipo'
LN_S='ln -s'
LTLIBOBJS=''
MAINT='#'
MAINTAINER_MODE_FALSE=''
MAINTAINER_MODE_TRUE='#'
MAKEINFO='${SHELL} /home/chris/libwnck-2.29.92/missing --run makeinfo'
MKDIR_P='/bin/mkdir -p'
MKINSTALLDIRS='./mkinstalldirs'
MSGFMT='/usr/local/bin/msgfmt'
MSGFMT_OPTS='-c'
MSGMERGE='/usr/local/bin/msgmerge'
NM='/usr/bin/nm -p'
NMEDIT='nmedit'
OBJDUMP='objdump'
OBJEXT='o'
OTOOL64='otool64'
OTOOL='otool'
PACKAGE='libwnck'
PACKAGE_BUGREPORT='http://bugzilla.gnome.org/enter_bug.cgi?product=libwnck'
PACKAGE_NAME='libwnck'
PACKAGE_STRING='libwnck 2.29.92'
PACKAGE_TARNAME='libwnck'
PACKAGE_VERSION='2.29.92'
PATH_SEPARATOR=':'
PKG_CONFIG='/usr/bin/pkg-config'
POFILES=''
POSUB='po'
PO_IN_DATADIR_FALSE=''
PO_IN_DATADIR_TRUE=''
RANLIB='ranlib'
SED='/bin/sed'
SET_MAKE=''
SHELL='/bin/sh'
STARTUP_NOTIFICATION_CFLAGS='-I/usr/local/include/startup-notification-1.0  '
STARTUP_NOTIFICATION_LIBS='-L/usr/local/lib -lstartup-notification-1  '
STARTUP_NOTIFICATION_PACKAGE='libstartup-notification-1.0'
STRIP='strip'
USE_NLS='yes'
VERSION='2.29.92'
WARN_CFLAGS='-Wall -Wmissing-prototypes -Wnested-externs -Wpointer-arith -Wno-sign-compare '
X11_PACKAGE='x11'
XGETTEXT='/usr/local/bin/xgettext'
XLIB_CFLAGS=' '
XLIB_LIBS='-L/usr/local/lib -lX11  '
XMKMF=''
XRES_PACKAGE='xres'
X_CFLAGS=''
X_EXTRA_LIBS=''
X_LIBS=''
X_PRE_LIBS=''
ac_ct_CC='/usr/bin/gcc'
ac_ct_DUMPBIN=''
am__EXEEXT_FALSE=''
am__EXEEXT_TRUE='#'
am__fastdepCC_FALSE='#'
am__fastdepCC_TRUE=''
am__include='include'
am__isrc=''
am__leading_dot='.'
am__quote=''
am__tar='${AMTAR} chof - "$$tardir"'
am__untar='${AMTAR} xf -'
bindir='${exec_prefix}/bin'
build='arm-apple-darwin10.4.0'
build_alias=''
build_cpu='arm'
build_os='darwin10.4.0'
build_vendor='apple'
datadir='${datarootdir}'
datarootdir='${prefix}/share'
docdir='${datarootdir}/doc/${PACKAGE_TARNAME}'
dvidir='${docdir}'
exec_prefix='${prefix}'
host='arm-apple-darwin10.4.0'
host_alias=''
host_cpu='arm'
host_os='darwin10.4.0'
host_vendor='apple'
htmldir='${docdir}'
includedir='${prefix}/include'
infodir='${datarootdir}/info'
install_sh='${SHELL} /home/chris/libwnck-2.29.92/install-sh'
libdir='${exec_prefix}/lib'
libexecdir='${exec_prefix}/libexec'
localedir='${datarootdir}/locale'
localstatedir='${prefix}/var'
lt_ECHO='echo'
mandir='${datarootdir}/man'
mkdir_p='/bin/mkdir -p'
oldincludedir='/usr/include'
pdfdir='${docdir}'
prefix='/usr/local'
program_transform_name='s,x,x,'
psdir='${docdir}'
sbindir='${exec_prefix}/sbin'
sharedstatedir='${prefix}/com'
sysconfdir='${prefix}/etc'
target_alias=''
wncklocaledir='${prefix}/${DATADIRNAME}/locale'

## ----------- ##
## confdefs.h. ##
## ----------- ##

#define PACKAGE_NAME "libwnck"
#define PACKAGE_TARNAME "libwnck"
#define PACKAGE_VERSION "2.29.92"
#define PACKAGE_STRING "libwnck 2.29.92"
#define PACKAGE_BUGREPORT "http://bugzilla.gnome.org/enter_bug.cgi?product=libwnck"
#define PACKAGE "libwnck"
#define VERSION "2.29.92"
#define STDC_HEADERS 1
#define HAVE_SYS_TYPES_H 1
#define HAVE_SYS_STAT_H 1
#define HAVE_STDLIB_H 1
#define HAVE_STRING_H 1
#define HAVE_MEMORY_H 1
#define HAVE_STRINGS_H 1
#define HAVE_INTTYPES_H 1
#define HAVE_STDINT_H 1
#define HAVE_UNISTD_H 1
#define HAVE_DLFCN_H 1
#define LT_OBJDIR ".libs/"
#define GETTEXT_PACKAGE "libwnck"
#define HAVE_LOCALE_H 1
#define HAVE_LC_MESSAGES 1
#define HAVE_BIND_TEXTDOMAIN_CODESET 1
#define HAVE_GETTEXT 1
#define HAVE_DCGETTEXT 1
#define ENABLE_NLS 1
#define HAVE_STARTUP_NOTIFICATION 1
#define HAVE_XRES 1

configure: exit 0
