This file contains any messages produced by compilers while
running configure, to aid debugging if configure makes a mistake.

It was created by configure, which was
generated by GNU Autoconf 2.63.  Invocation command line was

  $ ./configure 

## --------- ##
## Platform. ##
## --------- ##

hostname = Chriss-iPad
uname -m = iPad1,1
uname -r = 10.4.0
uname -s = Darwin
uname -v = Darwin Kernel Version 10.4.0: Wed Oct 20 20:14:45 PDT 2010; root:xnu-1504.58.28~3/RELEASE_ARM_S5L8930X

/usr/bin/uname -p = unknown
/bin/uname -X     = unknown

/bin/arch              = unknown
/usr/bin/arch -k       = unknown
/usr/convex/getsysinfo = unknown
/usr/bin/hostinfo      = Mach kernel version:
	 Darwin Kernel Version 10.4.0: Wed Oct 20 20:14:45 PDT 2010; root:xnu-1504.58.28~3/RELEASE_ARM_S5L8930X
Kernel configured for a single processor only.
1 processor is physically available.
1 processor is logically available.
Processor type: armv7 (arm v7)
Processor active: 0
Primary memory available: 247.00 megabytes
Default processor set: 35 tasks, 235 threads, 1 processors
Load average: 2.00, Mach factor: 0.26
/bin/machine           = unknown
/usr/bin/oslevel       = unknown
/bin/universe          = unknown

PATH: /usr/local/sbin
PATH: /usr/local/bin
PATH: /usr/sbin
PATH: /usr/bin
PATH: /sbin
PATH: /bin
PATH: /usr/bin/X11
PATH: /usr/games
PATH: /var/mobile/ocaml-3.12.0/bin
PATH: /usr/local/Gambit-C/bin


## ----------- ##
## Core tests. ##
## ----------- ##

configure:2123: checking build system type
configure:2141: result: arm-apple-darwin10.4.0
configure:2163: checking host system type
configure:2178: result: arm-apple-darwin10.4.0
configure:2200: checking target system type
configure:2215: result: arm-apple-darwin10.4.0
configure:2260: checking for a BSD-compatible install
configure:2328: result: /usr/bin/install -c
configure:2339: checking whether build environment is sane
configure:2382: result: yes
configure:2407: checking for a thread-safe mkdir -p
configure:2446: result: /bin/mkdir -p
configure:2459: checking for gawk
configure:2475: found /usr/bin/gawk
configure:2486: result: gawk
configure:2497: checking whether make sets $(MAKE)
configure:2519: result: yes
configure:2705: checking whether to enable maintainer-specific portions of Makefiles
configure:2714: result: no
configure:2804: checking for gcc
configure:2831: result: /usr/bin/gcc
configure:3063: checking for C compiler version
configure:3071: /usr/bin/gcc --version >&5
gcc (GCC) 4.2.1 (Based on Apple Inc. build 5555)
Copyright (C) 2007 Free Software Foundation, Inc.
This is free software; see the source for copying conditions.  There is NO
warranty; not even for MERCHANTABILITY or FITNESS FOR A PARTICULAR PURPOSE.

configure:3075: $? = 0
configure:3082: /usr/bin/gcc -v >&5
Using built-in specs.
Target: arm-apple-darwin9
Configured with: ../llvm-gcc-4.2/configure --build=x86_64-unknown-linux-gnu --host=arm-apple-darwin9 --enable-static=no --enable-shared=yes --prefix=/usr --localstatedir=/var/cache/iphone-gcc --enable-languages=c,c++,objc,obj-c++ --enable-wchar_t=no --with-gxx-include-dir=/usr/include/c++/4.0.0
Thread model: posix
gcc version 4.2.1 (Based on Apple Inc. build 5555)
configure:3086: $? = 0
configure:3093: /usr/bin/gcc -V >&5
gcc: '-V' option must have argument
configure:3097: $? = 1
configure:3120: checking for C compiler default output file name
configure:3142: /usr/bin/gcc    conftest.c  >&5
configure:3146: $? = 0
configure:3184: result: a.out
configure:3203: checking whether the C compiler works
configure:3213: ./a.out
configure:3217: $? = 0
configure:3236: result: yes
configure:3243: checking whether we are cross compiling
configure:3245: result: no
configure:3248: checking for suffix of executables
configure:3255: /usr/bin/gcc -o conftest    conftest.c  >&5
configure:3259: $? = 0
configure:3285: result: 
configure:3291: checking for suffix of object files
configure:3317: /usr/bin/gcc -c   conftest.c >&5
configure:3321: $? = 0
configure:3346: result: o
configure:3350: checking whether we are using the GNU C compiler
configure:3379: /usr/bin/gcc -c   conftest.c >&5
configure:3386: $? = 0
configure:3403: result: yes
configure:3412: checking whether /usr/bin/gcc accepts -g
configure:3442: /usr/bin/gcc -c -g  conftest.c >&5
configure:3449: $? = 0
configure:3550: result: yes
configure:3567: checking for /usr/bin/gcc option to accept ISO C89
configure:3641: /usr/bin/gcc  -c -g -O2  conftest.c >&5
configure:3648: $? = 0
configure:3671: result: none needed
configure:3700: checking for style of include used by make
configure:3728: result: GNU
configure:3753: checking dependency style of /usr/bin/gcc
configure:3844: result: gcc3
configure:3873: checking for a BSD-compatible install
configure:3941: result: /usr/bin/install -c
configure:3957: checking how to run the C preprocessor
configure:3997: /usr/bin/gcc -E  conftest.c
configure:4004: $? = 0
configure:4035: /usr/bin/gcc -E  conftest.c
conftest.c:10:28: error: ac_nonexistent.h: No such file or directory
configure:4042: $? = 1
configure: failed program was:
| /* confdefs.h.  */
| #define PACKAGE_NAME ""
| #define PACKAGE_TARNAME ""
| #define PACKAGE_VERSION ""
| #define PACKAGE_STRING ""
| #define PACKAGE_BUGREPORT ""
| #define PACKAGE "libcroco"
| #define VERSION ""
| /* end confdefs.h.  */
| #include <ac_nonexistent.h>
configure:4075: result: /usr/bin/gcc -E
configure:4104: /usr/bin/gcc -E  conftest.c
configure:4111: $? = 0
configure:4142: /usr/bin/gcc -E  conftest.c
conftest.c:10:28: error: ac_nonexistent.h: No such file or directory
configure:4149: $? = 1
configure: failed program was:
| /* confdefs.h.  */
| #define PACKAGE_NAME ""
| #define PACKAGE_TARNAME ""
| #define PACKAGE_VERSION ""
| #define PACKAGE_STRING ""
| #define PACKAGE_BUGREPORT ""
| #define PACKAGE "libcroco"
| #define VERSION ""
| /* end confdefs.h.  */
| #include <ac_nonexistent.h>
configure:4189: checking for function prototypes
configure:4192: result: yes
configure:4211: checking for grep that handles long lines and -e
configure:4271: result: /bin/grep
configure:4276: checking for egrep
configure:4340: result: /bin/grep -E
configure:4345: checking for ANSI C header files
configure:4375: /usr/bin/gcc -c -g -O2  conftest.c >&5
configure:4382: $? = 0
configure:4481: /usr/bin/gcc -o conftest -g -O2   conftest.c  >&5
configure:4485: $? = 0
configure:4491: ./conftest
configure:4495: $? = 0
configure:4513: result: yes
configure:4537: checking for sys/types.h
configure:4558: /usr/bin/gcc -c -g -O2  conftest.c >&5
configure:4565: $? = 0
configure:4582: result: yes
configure:4537: checking for sys/stat.h
configure:4558: /usr/bin/gcc -c -g -O2  conftest.c >&5
configure:4565: $? = 0
configure:4582: result: yes
configure:4537: checking for stdlib.h
configure:4558: /usr/bin/gcc -c -g -O2  conftest.c >&5
configure:4565: $? = 0
configure:4582: result: yes
configure:4537: checking for string.h
configure:4558: /usr/bin/gcc -c -g -O2  conftest.c >&5
configure:4565: $? = 0
configure:4582: result: yes
configure:4537: checking for memory.h
configure:4558: /usr/bin/gcc -c -g -O2  conftest.c >&5
configure:4565: $? = 0
configure:4582: result: yes
configure:4537: checking for strings.h
configure:4558: /usr/bin/gcc -c -g -O2  conftest.c >&5
configure:4565: $? = 0
configure:4582: result: yes
configure:4537: checking for inttypes.h
configure:4558: /usr/bin/gcc -c -g -O2  conftest.c >&5
configure:4565: $? = 0
configure:4582: result: yes
configure:4537: checking for stdint.h
configure:4558: /usr/bin/gcc -c -g -O2  conftest.c >&5
configure:4565: $? = 0
configure:4582: result: yes
configure:4537: checking for unistd.h
configure:4558: /usr/bin/gcc -c -g -O2  conftest.c >&5
configure:4565: $? = 0
configure:4582: result: yes
configure:4609: checking for string.h
configure:4616: result: yes
configure:4755: checking for ANSI C header files
configure:4923: result: yes
configure:4933: checking for library containing strerror
configure:4974: /usr/bin/gcc -o conftest -g -O2   conftest.c  >&5
configure:4981: $? = 0
configure:5012: result: none required
configure:5093: checking for a sed that does not truncate output
configure:5149: result: /bin/sed
configure:5163: checking for ld used by /usr/bin/gcc
configure:5230: result: /usr/bin/ld
configure:5239: checking if the linker (/usr/bin/ld) is GNU ld
configure:5254: result: no
configure:5259: checking for /usr/bin/ld option to reload object files
configure:5266: result: -r
configure:5284: checking for BSD-compatible nm
configure:5333: result: /usr/bin/nm -p
configure:5337: checking whether ln -s works
configure:5341: result: yes
configure:5348: checking how to recognize dependent libraries
configure:5534: result: pass_all
configure:5793: checking dlfcn.h usability
configure:5810: /usr/bin/gcc -c -g -O2  conftest.c >&5
configure:5817: $? = 0
configure:5831: result: yes
configure:5835: checking dlfcn.h presence
configure:5850: /usr/bin/gcc -E  conftest.c
configure:5857: $? = 0
configure:5871: result: yes
configure:5899: checking for dlfcn.h
configure:5908: result: yes
configure:5981: checking for g++
configure:5997: found /usr/bin/g++
configure:6008: result: g++
configure:6035: checking for C++ compiler version
configure:6043: g++ --version >&5
g++ (GCC) 4.2.1 (Based on Apple Inc. build 5555)
Copyright (C) 2007 Free Software Foundation, Inc.
This is free software; see the source for copying conditions.  There is NO
warranty; not even for MERCHANTABILITY or FITNESS FOR A PARTICULAR PURPOSE.

configure:6047: $? = 0
configure:6054: g++ -v >&5
Using built-in specs.
Target: arm-apple-darwin9
Configured with: ../llvm-gcc-4.2/configure --build=x86_64-unknown-linux-gnu --host=arm-apple-darwin9 --enable-static=no --enable-shared=yes --prefix=/usr --localstatedir=/var/cache/iphone-gcc --enable-languages=c,c++,objc,obj-c++ --enable-wchar_t=no --with-gxx-include-dir=/usr/include/c++/4.0.0
Thread model: posix
gcc version 4.2.1 (Based on Apple Inc. build 5555)
configure:6058: $? = 0
configure:6065: g++ -V >&5
g++: '-V' option must have argument
configure:6069: $? = 1
configure:6072: checking whether we are using the GNU C++ compiler
configure:6101: g++ -c   conftest.cpp >&5
configure:6108: $? = 0
configure:6125: result: yes
configure:6134: checking whether g++ accepts -g
configure:6164: g++ -c -g  conftest.cpp >&5
configure:6171: $? = 0
configure:6272: result: yes
configure:6297: checking dependency style of g++
configure:6388: result: gcc3
configure:6413: checking how to run the C++ preprocessor
configure:6449: g++ -E  conftest.cpp
configure:6456: $? = 0
configure:6487: g++ -E  conftest.cpp
conftest.cpp:25:28: error: ac_nonexistent.h: No such file or directory
configure:6494: $? = 1
configure: failed program was:
| /* confdefs.h.  */
| #define PACKAGE_NAME ""
| #define PACKAGE_TARNAME ""
| #define PACKAGE_VERSION ""
| #define PACKAGE_STRING ""
| #define PACKAGE_BUGREPORT ""
| #define PACKAGE "libcroco"
| #define VERSION ""
| #define PROTOTYPES 1
| #define __PROTOTYPES 1
| #define STDC_HEADERS 1
| #define HAVE_SYS_TYPES_H 1
| #define HAVE_SYS_STAT_H 1
| #define HAVE_STDLIB_H 1
| #define HAVE_STRING_H 1
| #define HAVE_MEMORY_H 1
| #define HAVE_STRINGS_H 1
| #define HAVE_INTTYPES_H 1
| #define HAVE_STDINT_H 1
| #define HAVE_UNISTD_H 1
| #define HAVE_STRING_H 1
| #define STDC_HEADERS 1
| #define HAVE_DLFCN_H 1
| /* end confdefs.h.  */
| #include <ac_nonexistent.h>
configure:6527: result: g++ -E
configure:6556: g++ -E  conftest.cpp
configure:6563: $? = 0
configure:6594: g++ -E  conftest.cpp
conftest.cpp:25:28: error: ac_nonexistent.h: No such file or directory
configure:6601: $? = 1
configure: failed program was:
| /* confdefs.h.  */
| #define PACKAGE_NAME ""
| #define PACKAGE_TARNAME ""
| #define PACKAGE_VERSION ""
| #define PACKAGE_STRING ""
| #define PACKAGE_BUGREPORT ""
| #define PACKAGE "libcroco"
| #define VERSION ""
| #define PROTOTYPES 1
| #define __PROTOTYPES 1
| #define STDC_HEADERS 1
| #define HAVE_SYS_TYPES_H 1
| #define HAVE_SYS_STAT_H 1
| #define HAVE_STDLIB_H 1
| #define HAVE_STRING_H 1
| #define HAVE_MEMORY_H 1
| #define HAVE_STRINGS_H 1
| #define HAVE_INTTYPES_H 1
| #define HAVE_STDINT_H 1
| #define HAVE_UNISTD_H 1
| #define HAVE_STRING_H 1
| #define STDC_HEADERS 1
| #define HAVE_DLFCN_H 1
| /* end confdefs.h.  */
| #include <ac_nonexistent.h>
configure:6696: checking for g77
configure:6726: result: no
configure:6696: checking for xlf
configure:6726: result: no
configure:6696: checking for f77
configure:6726: result: no
configure:6696: checking for frt
configure:6726: result: no
configure:6696: checking for pgf77
configure:6726: result: no
configure:6696: checking for cf77
configure:6726: result: no
configure:6696: checking for fort77
configure:6726: result: no
configure:6696: checking for fl32
configure:6726: result: no
configure:6696: checking for af77
configure:6726: result: no
configure:6696: checking for xlf90
configure:6726: result: no
configure:6696: checking for f90
configure:6726: result: no
configure:6696: checking for pgf90
configure:6726: result: no
configure:6696: checking for pghpf
configure:6726: result: no
configure:6696: checking for epcf90
configure:6726: result: no
configure:6696: checking for gfortran
configure:6726: result: no
configure:6696: checking for g95
configure:6726: result: no
configure:6696: checking for xlf95
configure:6726: result: no
configure:6696: checking for f95
configure:6726: result: no
configure:6696: checking for fort
configure:6726: result: no
configure:6696: checking for ifort
configure:6726: result: no
configure:6696: checking for ifc
configure:6726: result: no
configure:6696: checking for efc
configure:6726: result: no
configure:6696: checking for pgf95
configure:6726: result: no
configure:6696: checking for lf95
configure:6726: result: no
configure:6696: checking for ftn
configure:6726: result: no
configure:6749: checking for Fortran 77 compiler version
configure:6757:  --version >&5
./configure: line 6759: --version: command not found
configure:6761: $? = 127
configure:6768:  -v >&5
./configure: line 6770: -v: command not found
configure:6772: $? = 127
configure:6779:  -V >&5
./configure: line 6781: -V: command not found
configure:6783: $? = 127
configure:6791: checking whether we are using the GNU Fortran 77 compiler
configure:6810:  -c  conftest.F >&5
./configure: line 6812: -c: command not found
configure:6817: $? = 127
configure: failed program was:
|       program main
| #ifndef __GNUC__
|        choke me
| #endif
| 
|       end
configure:6834: result: no
configure:6840: checking whether  accepts -g
configure:6857:  -c -g conftest.f >&5
./configure: line 6859: -c: command not found
configure:6864: $? = 127
configure: failed program was:
|       program main
| 
|       end
configure:6880: result: no
configure:6913: checking the maximum length of command line arguments
configure:7025: result: 196608
configure:7037: checking command to parse /usr/bin/nm -p output from /usr/bin/gcc object
configure:7142: /usr/bin/gcc -c -g -O2  conftest.c >&5
configure:7145: $? = 0
configure:7149: /usr/bin/nm -p conftest.o \| sed -n -e 's/^.*[ 	]\([BCDEGRST][BCDEGRST]*\)[ 	][ 	]*\([_A-Za-z][_A-Za-z0-9]*\)$/\1 \2 \2/p' \> conftest.nm
configure:7152: $? = 0
cannot find nm_test_var in conftest.nm
configure:7142: /usr/bin/gcc -c -g -O2  conftest.c >&5
configure:7145: $? = 0
configure:7149: /usr/bin/nm -p conftest.o \| sed -n -e 's/^.*[ 	]\([BCDEGRST][BCDEGRST]*\)[ 	][ 	]*_\([_A-Za-z][_A-Za-z0-9]*\)$/\1 _\2 \2/p' \> conftest.nm
configure:7152: $? = 0
configure:7204: /usr/bin/gcc -o conftest -g -O2   conftest.c conftstm.o >&5
configure:7207: $? = 0
configure:7245: result: ok
configure:7249: checking for objdir
configure:7264: result: .libs
configure:7356: checking for ar
configure:7372: found /usr/bin/ar
configure:7383: result: ar
configure:7448: checking for ranlib
configure:7464: found /usr/bin/ranlib
configure:7475: result: ranlib
configure:7540: checking for strip
configure:7556: found /usr/bin/strip
configure:7567: result: strip
configure:7820: checking for dsymutil
configure:7850: result: no
configure:7912: checking for nmedit
configure:7928: found /usr/bin/nmedit
configure:7939: result: nmedit
configure:7962: checking for -single_module linker flag
configure:7983: result: yes
configure:7985: checking for -exported_symbols_list linker flag
configure:8015: /usr/bin/gcc -o conftest -g -O2   -Wl,-exported_symbols_list,conftest.sym conftest.c  >&5
configure:8022: $? = 0
configure:8044: result: yes
configure:8157: checking if /usr/bin/gcc supports -fno-rtti -fno-exceptions
configure:8175: /usr/bin/gcc -c -g -O2  -fno-rtti -fno-exceptions conftest.c >&5
cc1: warning: command line option "-fno-rtti" is valid for C++/ObjC++ but not for C
configure:8179: $? = 0
configure:8192: result: no
configure:8207: checking for /usr/bin/gcc option to produce PIC
configure:8439: result: -fno-common
configure:8447: checking if /usr/bin/gcc PIC flag -fno-common works
configure:8465: /usr/bin/gcc -c -g -O2  -fno-common -DPIC conftest.c >&5
configure:8469: $? = 0
configure:8482: result: yes
configure:8510: checking if /usr/bin/gcc static flag -static works
configure:8538: result: no
configure:8548: checking if /usr/bin/gcc supports -c -o file.o
configure:8569: /usr/bin/gcc -c -g -O2  -o out/conftest2.o conftest.c >&5
configure:8573: $? = 0
configure:8595: result: yes
configure:8621: checking whether the /usr/bin/gcc linker (/usr/bin/ld) supports shared libraries
configure:9610: result: yes
configure:9677: checking dynamic linker characteristics
configure:10301: result: darwin10.4.0 dyld
configure:10325: checking how to hardcode library paths into programs
configure:10350: result: immediate
configure:10364: checking whether stripping libraries is possible
configure:10378: result: yes
configure:11199: checking if libtool supports shared libraries
configure:11201: result: yes
configure:11204: checking whether to build shared libraries
configure:11225: result: yes
configure:11228: checking whether to build static libraries
configure:11232: result: yes
configure:11326: creating libtool
configure:11919: checking for ld used by g++
configure:11986: result: /usr/bin/ld
configure:11995: checking if the linker (/usr/bin/ld) is GNU ld
configure:12010: result: no
configure:12061: checking whether the g++ linker (/usr/bin/ld) supports shared libraries
configure:13015: result: yes
configure:13032: g++ -c -g -O2  conftest.cpp >&5
configure:13035: $? = 0
configure:13191: checking for g++ option to produce PIC
configure:13475: result: -fno-common
configure:13483: checking if g++ PIC flag -fno-common works
configure:13501: g++ -c -g -O2  -fno-common -DPIC conftest.cpp >&5
configure:13505: $? = 0
configure:13518: result: yes
configure:13546: checking if g++ static flag -static works
configure:13574: result: no
configure:13584: checking if g++ supports -c -o file.o
configure:13605: g++ -c -g -O2  -o out/conftest2.o conftest.cpp >&5
configure:13609: $? = 0
configure:13631: result: yes
configure:13657: checking whether the g++ linker (/usr/bin/ld) supports shared libraries
configure:13686: result: yes
configure:13753: checking dynamic linker characteristics
configure:14325: result: darwin10.4.0 dyld
configure:14349: checking how to hardcode library paths into programs
configure:14374: result: immediate
configure:20725: checking for pkg-config
configure:20743: found /usr/bin/pkg-config
configure:20755: result: /usr/bin/pkg-config
configure:20780: checking pkg-config is at least version 0.9.0
configure:20783: result: yes
configure:20827: checking whether to build gtk-doc documentation
configure:20829: result: no
configure:20836: checking for gtkdoc-check
configure:20869: result: no
configure:20914: checking for GLIB2
configure:20921: $PKG_CONFIG --exists --print-errors "glib-2.0 >= $GLIB2_VERSION"
configure:20924: $? = 0
configure:20937: $PKG_CONFIG --exists --print-errors "glib-2.0 >= $GLIB2_VERSION"
configure:20940: $? = 0
configure:20975: result: yes
configure:20993: checking for LIBXML2
configure:21000: $PKG_CONFIG --exists --print-errors "libxml-2.0 >= $LIBXML2_VERSION"
configure:21003: $? = 0
configure:21016: $PKG_CONFIG --exists --print-errors "libxml-2.0 >= $LIBXML2_VERSION"
configure:21019: $? = 0
configure:21054: result: yes
configure:21093: checking whether make sets $(MAKE)
configure:21115: result: yes
configure:21277: creating ./config.status

## ---------------------- ##
## Running config.status. ##
## ---------------------- ##

This file was extended by config.status, which was
generated by GNU Autoconf 2.63.  Invocation command line was

  CONFIG_FILES    = 
  CONFIG_HEADERS  = 
  CONFIG_LINKS    = 
  CONFIG_COMMANDS = 
  $ ./config.status 

on Chriss-iPad

config.status:851: creating Makefile
config.status:851: creating libcroco.pc
config.status:851: creating libcroco.spec
config.status:851: creating libcroco-zip
config.status:851: creating croco-config
config.status:851: creating docs/Makefile
config.status:851: creating docs/examples/Makefile
config.status:851: creating tests/Makefile
config.status:851: creating tests/test-inputs/Makefile
config.status:851: creating tests/test-output-refs/Makefile
config.status:851: creating global-test-vars.sh
config.status:851: creating src/Makefile
config.status:851: creating src/libcroco-config.h
config.status:851: creating csslint/Makefile
config.status:851: creating config.h
config.status:1073: config.h is unchanged
config.status:1125: executing depfiles commands

## ---------------- ##
## Cache variables. ##
## ---------------- ##

ac_cv_build=arm-apple-darwin10.4.0
ac_cv_c_compiler_gnu=yes
ac_cv_cxx_compiler_gnu=yes
ac_cv_env_CCC_set=
ac_cv_env_CCC_value=
ac_cv_env_CC_set=set
ac_cv_env_CC_value=/usr/bin/gcc
ac_cv_env_CFLAGS_set=
ac_cv_env_CFLAGS_value=
ac_cv_env_CPPFLAGS_set=
ac_cv_env_CPPFLAGS_value=
ac_cv_env_CPP_set=
ac_cv_env_CPP_value=
ac_cv_env_CXXCPP_set=
ac_cv_env_CXXCPP_value=
ac_cv_env_CXXFLAGS_set=
ac_cv_env_CXXFLAGS_value=
ac_cv_env_CXX_set=
ac_cv_env_CXX_value=
ac_cv_env_F77_set=
ac_cv_env_F77_value=
ac_cv_env_FFLAGS_set=
ac_cv_env_FFLAGS_value=
ac_cv_env_GLIB2_CFLAGS_set=
ac_cv_env_GLIB2_CFLAGS_value=
ac_cv_env_GLIB2_LIBS_set=
ac_cv_env_GLIB2_LIBS_value=
ac_cv_env_LDFLAGS_set=
ac_cv_env_LDFLAGS_value=
ac_cv_env_LIBS_set=
ac_cv_env_LIBS_value=
ac_cv_env_LIBXML2_CFLAGS_set=
ac_cv_env_LIBXML2_CFLAGS_value=
ac_cv_env_LIBXML2_LIBS_set=
ac_cv_env_LIBXML2_LIBS_value=
ac_cv_env_PKG_CONFIG_set=
ac_cv_env_PKG_CONFIG_value=
ac_cv_env_build_alias_set=
ac_cv_env_build_alias_value=
ac_cv_env_host_alias_set=
ac_cv_env_host_alias_value=
ac_cv_env_target_alias_set=
ac_cv_env_target_alias_value=
ac_cv_f77_compiler_gnu=no
ac_cv_header_dlfcn_h=yes
ac_cv_header_inttypes_h=yes
ac_cv_header_memory_h=yes
ac_cv_header_stdc=yes
ac_cv_header_stdint_h=yes
ac_cv_header_stdlib_h=yes
ac_cv_header_string_h=yes
ac_cv_header_strings_h=yes
ac_cv_header_sys_stat_h=yes
ac_cv_header_sys_types_h=yes
ac_cv_header_unistd_h=yes
ac_cv_host=arm-apple-darwin10.4.0
ac_cv_objext=o
ac_cv_path_EGREP='/bin/grep -E'
ac_cv_path_GREP=/bin/grep
ac_cv_path_ac_pt_PKG_CONFIG=/usr/bin/pkg-config
ac_cv_path_install='/usr/bin/install -c'
ac_cv_path_mkdir=/bin/mkdir
ac_cv_prog_AWK=gawk
ac_cv_prog_CPP='/usr/bin/gcc -E'
ac_cv_prog_CXXCPP='g++ -E'
ac_cv_prog_ac_ct_AR=ar
ac_cv_prog_ac_ct_CC=/usr/bin/gcc
ac_cv_prog_ac_ct_CXX=g++
ac_cv_prog_ac_ct_NMEDIT=nmedit
ac_cv_prog_ac_ct_RANLIB=ranlib
ac_cv_prog_ac_ct_STRIP=strip
ac_cv_prog_cc_c89=
ac_cv_prog_cc_g=yes
ac_cv_prog_cxx_g=yes
ac_cv_prog_f77_g=no
ac_cv_prog_make_make_set=yes
ac_cv_search_strerror='none required'
ac_cv_target=arm-apple-darwin10.4.0
am_cv_CC_dependencies_compiler_type=gcc3
am_cv_CXX_dependencies_compiler_type=gcc3
lt_cv_apple_cc_single_mod=yes
lt_cv_deplibs_check_method=pass_all
lt_cv_file_magic_cmd='$MAGIC_CMD'
lt_cv_file_magic_test_file=
lt_cv_ld_exported_symbols_list=yes
lt_cv_ld_reload_flag=-r
lt_cv_objdir=.libs
lt_cv_path_LD=/usr/bin/ld
lt_cv_path_LDCXX=/usr/bin/ld
lt_cv_path_NM='/usr/bin/nm -p'
lt_cv_path_SED=/bin/sed
lt_cv_prog_compiler_c_o=yes
lt_cv_prog_compiler_c_o_CXX=yes
lt_cv_prog_compiler_pic_works=yes
lt_cv_prog_compiler_pic_works_CXX=yes
lt_cv_prog_compiler_rtti_exceptions=no
lt_cv_prog_compiler_static_works=no
lt_cv_prog_compiler_static_works_CXX=no
lt_cv_prog_gnu_ld=no
lt_cv_prog_gnu_ldcxx=no
lt_cv_sys_global_symbol_pipe='sed -n -e '\''s/^.*[ 	]\([BCDEGRST][BCDEGRST]*\)[ 	][ 	]*_\([_A-Za-z][_A-Za-z0-9]*\)$/\1 _\2 \2/p'\'''
lt_cv_sys_global_symbol_to_c_name_address='sed -n -e '\''s/^: \([^ ]*\) $/  {\"\1\", (lt_ptr) 0},/p'\'' -e '\''s/^[BCDEGRST] \([^ ]*\) \([^ ]*\)$/  {"\2", (lt_ptr) \&\2},/p'\'''
lt_cv_sys_global_symbol_to_cdecl='sed -n -e '\''s/^. .* \(.*\)$/extern int \1;/p'\'''
lt_cv_sys_lib_dlsearch_path_spec='/usr/local/lib /lib /usr/lib'
lt_cv_sys_lib_search_path_spec='/lib /usr/lib /usr/lib/gcc/arm-apple-darwin9/4.2.1 /usr/local/lib'
lt_cv_sys_max_cmd_len=196608
lt_lt_cv_prog_compiler_c_o='"yes"'
lt_lt_cv_prog_compiler_c_o_CXX='"yes"'
lt_lt_cv_sys_global_symbol_pipe='"sed -n -e '\''s/^.*[ 	]\\([BCDEGRST][BCDEGRST]*\\)[ 	][ 	]*_\\([_A-Za-z][_A-Za-z0-9]*\\)\$/\\1 _\\2 \\2/p'\''"'
lt_lt_cv_sys_global_symbol_to_c_name_address='"sed -n -e '\''s/^: \\([^ ]*\\) \$/  {\\\"\\1\\\", (lt_ptr) 0},/p'\'' -e '\''s/^[BCDEGRST] \\([^ ]*\\) \\([^ ]*\\)\$/  {\"\\2\", (lt_ptr) \\&\\2},/p'\''"'
lt_lt_cv_sys_global_symbol_to_cdecl='"sed -n -e '\''s/^. .* \\(.*\\)\$/extern int \\1;/p'\''"'
pkg_cv_GLIB2_CFLAGS='-I/usr/local/lib/glib-2.0/include  '
pkg_cv_GLIB2_LIBS='-L/usr/local/lib -lglib-2.0 -lintl  '
pkg_cv_LIBXML2_CFLAGS='-I/usr/local/include/libxml2  '
pkg_cv_LIBXML2_LIBS='-L/usr/local/lib -lxml2  '

## ----------------- ##
## Output variables. ##
## ----------------- ##

ACLOCAL='${SHELL} /home/chris/libcroco-0.6.2/missing --run aclocal-1.10'
AMDEPBACKSLASH='\'
AMDEP_FALSE='#'
AMDEP_TRUE=''
AMTAR='${SHELL} /home/chris/libcroco-0.6.2/missing --run tar'
ANSI2KNR=''
AR='ar'
AUTOCONF='${SHELL} /home/chris/libcroco-0.6.2/missing --run autoconf'
AUTOHEADER='${SHELL} /home/chris/libcroco-0.6.2/missing --run autoheader'
AUTOMAKE='${SHELL} /home/chris/libcroco-0.6.2/missing --run automake-1.10'
AWK='gawk'
CC='/usr/bin/gcc'
CCDEPMODE='depmode=gcc3'
CFLAGS='-g -O2 -Wall'
CPP='/usr/bin/gcc -E'
CPPFLAGS=''
CROCO_CFLAGS='-I${prefix}/include/libcroco-0.6'
CROCO_HAVE_GLIB2='1'
CROCO_HAVE_LIBXML2='1'
CROCO_LIB='libcroco-0.6.la'
CROCO_LIBS='-L${exec_prefix}/lib -lcroco-0.6'
CXX='g++'
CXXCPP='g++ -E'
CXXDEPMODE='depmode=gcc3'
CXXFLAGS='-g -O2'
CYGPATH_W='echo'
DEFS='-DHAVE_CONFIG_H'
DEPDIR='.deps'
DSYMUTIL=':'
ECHO='echo'
ECHO_C=''
ECHO_N='-n'
ECHO_T=''
EGREP='/bin/grep -E'
ENABLE_GTK_DOC_FALSE=''
ENABLE_GTK_DOC_TRUE='#'
EXEEXT=''
F77=''
FFLAGS=''
GLIB2_CFLAGS='-I/usr/local/lib/glib-2.0/include  '
GLIB2_LIBS='-L/usr/local/lib -lglib-2.0 -lintl  '
GLIB2_VERSION='2.0'
GREP='/bin/grep'
GTKDOC_CHECK=''
GTK_DOC_USE_LIBTOOL_FALSE='#'
GTK_DOC_USE_LIBTOOL_TRUE=''
G_DISABLE_CHECKS='0'
HTML_DIR='${datadir}/gtk-doc/html'
INSTALL_DATA='${INSTALL} -m 644'
INSTALL_PROGRAM='${INSTALL}'
INSTALL_SCRIPT='${INSTALL}'
INSTALL_STRIP_PROGRAM='$(install_sh) -c -s'
LDFLAGS=''
LIBCROCO_AGE='0'
LIBCROCO_CURRENT='3'
LIBCROCO_MAJOR_VERSION='0'
LIBCROCO_MICRO_VERSION='2'
LIBCROCO_MINOR_VERSION='6'
LIBCROCO_VERSION='0.6.2'
LIBCROCO_VERSION_INFO='3:1:0'
LIBCROCO_VERSION_NUMBER='602'
LIBOBJS=''
LIBS=''
LIBTOOL='$(SHELL) $(top_builddir)/libtool'
LIBXML2_CFLAGS='-I/usr/local/include/libxml2  '
LIBXML2_LIBS='-L/usr/local/lib -lxml2  '
LIBXML2_VERSION='2.4.23'
LN_S='ln -s'
LTLIBOBJS=''
MAINT='#'
MAINTAINER_MODE_FALSE=''
MAINTAINER_MODE_TRUE='#'
MAKEINFO='${SHELL} /home/chris/libcroco-0.6.2/missing --run makeinfo'
MKDIR_P='/bin/mkdir -p'
NMEDIT='nmedit'
OBJEXT='o'
PACKAGE='libcroco'
PACKAGE_BUGREPORT=''
PACKAGE_NAME=''
PACKAGE_STRING=''
PACKAGE_TARNAME=''
PACKAGE_VERSION=''
PATH_SEPARATOR=':'
PKG_CONFIG='/usr/bin/pkg-config'
PLATFORM_WIN32_FALSE=''
PLATFORM_WIN32_TRUE='#'
RANLIB='ranlib'
SED='/bin/sed'
SET_MAKE=''
SHELL='/bin/sh'
STRIP='strip'
U=''
VERSION='0.6.2'
ac_ct_CC='/usr/bin/gcc'
ac_ct_CXX='g++'
ac_ct_F77=''
am__fastdepCC_FALSE='#'
am__fastdepCC_TRUE=''
am__fastdepCXX_FALSE='#'
am__fastdepCXX_TRUE=''
am__include='include'
am__isrc=''
am__leading_dot='.'
am__quote=''
am__tar='${AMTAR} chof - "$$tardir"'
am__untar='${AMTAR} xf -'
bindir='${exec_prefix}/bin'
build='arm-apple-darwin10.4.0'
build_alias=''
build_cpu='arm'
build_os='darwin10.4.0'
build_vendor='apple'
datadir='${datarootdir}'
datarootdir='${prefix}/share'
docdir='${datarootdir}/doc/${PACKAGE}'
dvidir='${docdir}'
exec_prefix='${prefix}'
host='arm-apple-darwin10.4.0'
host_alias=''
host_cpu='arm'
host_os='darwin10.4.0'
host_vendor='apple'
htmldir='${docdir}'
includedir='${prefix}/include'
infodir='${datarootdir}/info'
install_sh='$(SHELL) /home/chris/libcroco-0.6.2/install-sh'
libdir='${exec_prefix}/lib'
libexecdir='${exec_prefix}/libexec'
localedir='${datarootdir}/locale'
localstatedir='${prefix}/var'
mandir='${datarootdir}/man'
mkdir_p='/bin/mkdir -p'
oldincludedir='/usr/include'
pdfdir='${docdir}'
prefix='/usr/local'
program_transform_name='s,x,x,'
psdir='${docdir}'
sbindir='${exec_prefix}/sbin'
sharedstatedir='${prefix}/com'
sysconfdir='${prefix}/etc'
target='arm-apple-darwin10.4.0'
target_alias=''
target_cpu='arm'
target_os='darwin10.4.0'
target_vendor='apple'

## ----------- ##
## confdefs.h. ##
## ----------- ##

#define PACKAGE_NAME ""
#define PACKAGE_TARNAME ""
#define PACKAGE_VERSION ""
#define PACKAGE_STRING ""
#define PACKAGE_BUGREPORT ""
#define PACKAGE "libcroco"
#define VERSION ""
#define PROTOTYPES 1
#define __PROTOTYPES 1
#define STDC_HEADERS 1
#define HAVE_SYS_TYPES_H 1
#define HAVE_SYS_STAT_H 1
#define HAVE_STDLIB_H 1
#define HAVE_STRING_H 1
#define HAVE_MEMORY_H 1
#define HAVE_STRINGS_H 1
#define HAVE_INTTYPES_H 1
#define HAVE_STDINT_H 1
#define HAVE_UNISTD_H 1
#define HAVE_STRING_H 1
#define STDC_HEADERS 1
#define HAVE_DLFCN_H 1

configure: exit 0
