This file contains any messages produced by compilers while
running configure, to aid debugging if configure makes a mistake.

It was created by XF86DGAProto configure 2.0.3, which was
generated by GNU Autoconf 2.61.  Invocation command line was

  $ ./configure 

## --------- ##
## Platform. ##
## --------- ##

hostname = Chriss-iPad
uname -m = iPad1,1
uname -r = 10.4.0
uname -s = Darwin
uname -v = Darwin Kernel Version 10.4.0: Wed Oct 20 20:14:45 PDT 2010; root:xnu-1504.58.28~3/RELEASE_ARM_S5L8930X

/usr/bin/uname -p = unknown
/bin/uname -X     = unknown

/bin/arch              = unknown
/usr/bin/arch -k       = unknown
/usr/convex/getsysinfo = unknown
/usr/bin/hostinfo      = Mach kernel version:
	 Darwin Kernel Version 10.4.0: Wed Oct 20 20:14:45 PDT 2010; root:xnu-1504.58.28~3/RELEASE_ARM_S5L8930X
Kernel configured for a single processor only.
1 processor is physically available.
1 processor is logically available.
Processor type: armv7 (arm v7)
Processor active: 0
Primary memory available: 247.00 megabytes
Default processor set: 32 tasks, 241 threads, 1 processors
Load average: 2.01, Mach factor: 0.31
/bin/machine           = unknown
/usr/bin/oslevel       = unknown
/bin/universe          = unknown

PATH: /usr/local/sbin
PATH: /usr/local/bin
PATH: /usr/sbin
PATH: /usr/bin
PATH: /sbin
PATH: /bin
PATH: /usr/bin/X11
PATH: /usr/games
PATH: /var/mobile/ocaml-3.12.0/bin


## ----------- ##
## Core tests. ##
## ----------- ##

configure:1698: checking for a BSD-compatible install
configure:1754: result: /usr/bin/install -c
configure:1765: checking whether build environment is sane
configure:1808: result: yes
configure:1836: checking for a thread-safe mkdir -p
configure:1875: result: /bin/mkdir -p
configure:1888: checking for gawk
configure:1904: found /usr/bin/gawk
configure:1915: result: gawk
configure:1926: checking whether make sets $(MAKE)
configure:1947: result: yes
configure:2308: creating ./config.status

## ---------------------- ##
## Running config.status. ##
## ---------------------- ##

This file was extended by XF86DGAProto config.status 2.0.3, which was
generated by GNU Autoconf 2.61.  Invocation command line was

  CONFIG_FILES    = 
  CONFIG_HEADERS  = 
  CONFIG_LINKS    = 
  CONFIG_COMMANDS = 
  $ ./config.status 

on Chriss-iPad

config.status:589: creating Makefile
config.status:589: creating xf86dgaproto.pc

## ---------------- ##
## Cache variables. ##
## ---------------- ##

ac_cv_env_build_alias_set=
ac_cv_env_build_alias_value=
ac_cv_env_host_alias_set=
ac_cv_env_host_alias_value=
ac_cv_env_target_alias_set=
ac_cv_env_target_alias_value=
ac_cv_path_install='/usr/bin/install -c'
ac_cv_path_mkdir=/bin/mkdir
ac_cv_prog_AWK=gawk
ac_cv_prog_make_make_set=yes

## ----------------- ##
## Output variables. ##
## ----------------- ##

ACLOCAL='${SHELL} /home/chris/xorg/xf86dgaproto-2.0.3/missing --run aclocal-1.10'
AMTAR='${SHELL} /home/chris/xorg/xf86dgaproto-2.0.3/missing --run tar'
AUTOCONF='${SHELL} /home/chris/xorg/xf86dgaproto-2.0.3/missing --run autoconf'
AUTOHEADER='${SHELL} /home/chris/xorg/xf86dgaproto-2.0.3/missing --run autoheader'
AUTOMAKE='${SHELL} /home/chris/xorg/xf86dgaproto-2.0.3/missing --run automake-1.10'
AWK='gawk'
CYGPATH_W='echo'
DEFS='-DPACKAGE_NAME=\"XF86DGAProto\" -DPACKAGE_TARNAME=\"xf86dgaproto\" -DPACKAGE_VERSION=\"2.0.3\" -DPACKAGE_STRING=\"XF86DGAProto\ 2.0.3\" -DPACKAGE_BUGREPORT=\"https://bugs.freedesktop.org/enter_bug.cgi\?product=xorg\" -DPACKAGE=\"xf86dgaproto\" -DVERSION=\"2.0.3\" -DPACKAGE_VERSION_MAJOR=2 -DPACKAGE_VERSION_MINOR=0 -DPACKAGE_VERSION_PATCHLEVEL=3'
ECHO_C=''
ECHO_N='-n'
ECHO_T=''
INSTALL_DATA='${INSTALL} -m 644'
INSTALL_PROGRAM='${INSTALL}'
INSTALL_SCRIPT='${INSTALL}'
INSTALL_STRIP_PROGRAM='$(install_sh) -c -s'
LIBOBJS=''
LIBS=''
LTLIBOBJS=''
MAKEINFO='${SHELL} /home/chris/xorg/xf86dgaproto-2.0.3/missing --run makeinfo'
PACKAGE='xf86dgaproto'
PACKAGE_BUGREPORT='https://bugs.freedesktop.org/enter_bug.cgi?product=xorg'
PACKAGE_NAME='XF86DGAProto'
PACKAGE_STRING='XF86DGAProto 2.0.3'
PACKAGE_TARNAME='xf86dgaproto'
PACKAGE_VERSION='2.0.3'
PATH_SEPARATOR=':'
SET_MAKE=''
SHELL='/bin/sh'
STRIP=''
VERSION='2.0.3'
am__isrc=''
am__leading_dot='.'
am__tar='${AMTAR} chof - "$$tardir"'
am__untar='${AMTAR} xf -'
bindir='${exec_prefix}/bin'
build_alias=''
datadir='${datarootdir}'
datarootdir='${prefix}/share'
docdir='${datarootdir}/doc/${PACKAGE_TARNAME}'
dvidir='${docdir}'
exec_prefix='${prefix}'
host_alias=''
htmldir='${docdir}'
includedir='${prefix}/include'
infodir='${datarootdir}/info'
install_sh='$(SHELL) /home/chris/xorg/xf86dgaproto-2.0.3/install-sh'
libdir='${exec_prefix}/lib'
libexecdir='${exec_prefix}/libexec'
localedir='${datarootdir}/locale'
localstatedir='${prefix}/var'
mandir='${datarootdir}/man'
mkdir_p='/bin/mkdir -p'
oldincludedir='/usr/include'
pdfdir='${docdir}'
prefix='/usr/local'
program_transform_name='s,x,x,'
psdir='${docdir}'
sbindir='${exec_prefix}/sbin'
sharedstatedir='${prefix}/com'
sysconfdir='${prefix}/etc'
target_alias=''

## ----------- ##
## confdefs.h. ##
## ----------- ##

#define PACKAGE_NAME "XF86DGAProto"
#define PACKAGE_TARNAME "xf86dgaproto"
#define PACKAGE_VERSION "2.0.3"
#define PACKAGE_STRING "XF86DGAProto 2.0.3"
#define PACKAGE_BUGREPORT "https://bugs.freedesktop.org/enter_bug.cgi?product=xorg"
#define PACKAGE "xf86dgaproto"
#define VERSION "2.0.3"
#define PACKAGE_VERSION_MAJOR 2
#define PACKAGE_VERSION_MINOR 0
#define PACKAGE_VERSION_PATCHLEVEL 3

configure: exit 0
