This file contains any messages produced by compilers while
running configure, to aid debugging if configure makes a mistake.

It was created by Leafpad configure 0.8.17, which was
generated by GNU Autoconf 2.61.  Invocation command line was

  $ ./configure 

## --------- ##
## Platform. ##
## --------- ##

hostname = Chriss-iPad
uname -m = iPad1,1
uname -r = 11.0.0
uname -s = Darwin
uname -v = Darwin Kernel Version 11.0.0: Sun Apr  8 21:51:26 PDT 2012; root:xnu-1878.11.10~1/RELEASE_ARM_S5L8930X

/usr/bin/uname -p = unknown
/bin/uname -X     = unknown

/bin/arch              = unknown
/usr/bin/arch -k       = unknown
/usr/convex/getsysinfo = unknown
/usr/bin/hostinfo      = Mach kernel version:
	 Darwin Kernel Version 11.0.0: Sun Apr  8 21:51:26 PDT 2012; root:xnu-1878.11.10~1/RELEASE_ARM_S5L8930X
Kernel configured for a single processor only.
1 processor is physically available.
1 processor is logically available.
Processor type: armv7 (arm v7)
Processor active: 0
Primary memory available: 246.98 megabytes
Default processor set: 58 tasks, 276 threads, 1 processors
Load average: 4.83, Mach factor: 0.18
/bin/machine           = unknown
/usr/bin/oslevel       = unknown
/bin/universe          = unknown

PATH: /usr/local/sbin
PATH: /usr/local/bin
PATH: /usr/sbin
PATH: /usr/bin
PATH: /sbin
PATH: /bin
PATH: /usr/bin/X11
PATH: /usr/games
PATH: /usr/local/Gambit-C/bin


## ----------- ##
## Core tests. ##
## ----------- ##

configure:1834: checking for a BSD-compatible install
configure:1890: result: /usr/bin/install -c
configure:1901: checking whether build environment is sane
configure:1944: result: yes
configure:1972: checking for a thread-safe mkdir -p
configure:2011: result: /bin/mkdir -p
configure:2024: checking for gawk
configure:2040: found /usr/bin/gawk
configure:2051: result: gawk
configure:2062: checking whether make sets $(MAKE)
configure:2083: result: yes
configure:2286: checking for style of include used by make
configure:2314: result: GNU
configure:2384: checking for gcc
configure:2411: result: /usr/bin/gcc
configure:2649: checking for C compiler version
configure:2656: /usr/bin/gcc --version >&5
gcc (GCC) 4.2.1 (Based on Apple Inc. build 5555)
Copyright (C) 2007 Free Software Foundation, Inc.
This is free software; see the source for copying conditions.  There is NO
warranty; not even for MERCHANTABILITY or FITNESS FOR A PARTICULAR PURPOSE.

configure:2659: $? = 0
configure:2666: /usr/bin/gcc -v >&5
Using built-in specs.
Target: arm-apple-darwin9
Configured with: ../llvm-gcc-4.2/configure --build=x86_64-unknown-linux-gnu --host=arm-apple-darwin9 --enable-static=no --enable-shared=yes --prefix=/usr --localstatedir=/var/cache/iphone-gcc --enable-languages=c,c++,objc,obj-c++ --enable-wchar_t=no --with-gxx-include-dir=/usr/include/c++/4.0.0
Thread model: posix
gcc version 4.2.1 (Based on Apple Inc. build 5555)
configure:2669: $? = 0
configure:2676: /usr/bin/gcc -V >&5
gcc: '-V' option must have argument
configure:2679: $? = 1
configure:2702: checking for C compiler default output file name
configure:2729: /usr/bin/gcc    conftest.c  >&5
configure:2732: $? = 0
configure:2770: result: a.out
configure:2787: checking whether the C compiler works
configure:2797: ./a.out
./configure: line 2798: 26371 Killed: 9               ./$ac_file
configure:2800: $? = 137
configure:2812: result: yes
configure:2819: checking whether we are cross compiling
configure:2821: result: no
configure:2824: checking for suffix of executables
configure:2831: /usr/bin/gcc -o conftest    conftest.c  >&5
configure:2834: $? = 0
configure:2858: result: 
configure:2864: checking for suffix of object files
configure:2890: /usr/bin/gcc -c   conftest.c >&5
configure:2893: $? = 0
configure:2916: result: o
configure:2920: checking whether we are using the GNU C compiler
configure:2949: /usr/bin/gcc -c   conftest.c >&5
configure:2955: $? = 0
configure:2972: result: yes
configure:2977: checking whether /usr/bin/gcc accepts -g
configure:3007: /usr/bin/gcc -c -g  conftest.c >&5
configure:3013: $? = 0
configure:3112: result: yes
configure:3129: checking for /usr/bin/gcc option to accept ISO C89
configure:3203: /usr/bin/gcc  -c -g -O2  conftest.c >&5
configure:3209: $? = 0
configure:3232: result: none needed
configure:3252: checking dependency style of /usr/bin/gcc
configure:3343: result: gcc3
configure:3429: checking for xgettext
configure:3447: found /usr/local/bin/xgettext
configure:3459: result: /usr/local/bin/xgettext
configure:3469: checking for msgmerge
configure:3487: found /usr/local/bin/msgmerge
configure:3499: result: /usr/local/bin/msgmerge
configure:3509: checking for msgfmt
configure:3527: found /usr/local/bin/msgfmt
configure:3539: result: /usr/local/bin/msgfmt
configure:3571: checking for perl
configure:3589: found /usr/local/bin/perl
configure:3601: result: /usr/local/bin/perl
configure:3660: /usr/bin/gcc -o conftest -g -O2   conftest.c  >&5
Undefined symbols:
  "__nl_msg_cat_cntr", referenced from:
      __nl_msg_cat_cntr$non_lazy_ptr in ccATTBqB.o
ld: symbol(s) not found
collect2: ld returned 1 exit status
configure:3666: $? = 1
configure: failed program was:
| /* confdefs.h.  */
| #define PACKAGE_NAME "Leafpad"
| #define PACKAGE_TARNAME "leafpad"
| #define PACKAGE_VERSION "0.8.17"
| #define PACKAGE_STRING "Leafpad 0.8.17"
| #define PACKAGE_BUGREPORT "tarot@sdf.lonestar.org"
| #define PACKAGE "leafpad"
| #define VERSION "0.8.17"
| /* end confdefs.h.  */
| 
| int
| main ()
| {
| extern int _nl_msg_cat_cntr;
|                        return _nl_msg_cat_cntr
|   ;
|   return 0;
| }
configure:3833: checking for gcc
configure:3860: result: /usr/bin/gcc
configure:4098: checking for C compiler version
configure:4105: /usr/bin/gcc --version >&5
gcc (GCC) 4.2.1 (Based on Apple Inc. build 5555)
Copyright (C) 2007 Free Software Foundation, Inc.
This is free software; see the source for copying conditions.  There is NO
warranty; not even for MERCHANTABILITY or FITNESS FOR A PARTICULAR PURPOSE.

configure:4108: $? = 0
configure:4115: /usr/bin/gcc -v >&5
Using built-in specs.
Target: arm-apple-darwin9
Configured with: ../llvm-gcc-4.2/configure --build=x86_64-unknown-linux-gnu --host=arm-apple-darwin9 --enable-static=no --enable-shared=yes --prefix=/usr --localstatedir=/var/cache/iphone-gcc --enable-languages=c,c++,objc,obj-c++ --enable-wchar_t=no --with-gxx-include-dir=/usr/include/c++/4.0.0
Thread model: posix
gcc version 4.2.1 (Based on Apple Inc. build 5555)
configure:4118: $? = 0
configure:4125: /usr/bin/gcc -V >&5
gcc: '-V' option must have argument
configure:4128: $? = 1
configure:4131: checking whether we are using the GNU C compiler
configure:4183: result: yes
configure:4188: checking whether /usr/bin/gcc accepts -g
configure:4323: result: yes
configure:4340: checking for /usr/bin/gcc option to accept ISO C89
configure:4443: result: none needed
configure:4463: checking dependency style of /usr/bin/gcc
configure:4554: result: gcc3
configure:4573: checking whether /usr/bin/gcc and cc understand -c and -o together
configure:4608: /usr/bin/gcc -c conftest.c -o conftest2.o >&5
configure:4611: $? = 0
configure:4617: /usr/bin/gcc -c conftest.c -o conftest2.o >&5
configure:4620: $? = 0
configure:4631: cc -c conftest.c >&5
configure:4634: $? = 0
configure:4642: cc -c conftest.c -o conftest2.o >&5
configure:4645: $? = 0
configure:4651: cc -c conftest.c -o conftest2.o >&5
configure:4654: $? = 0
configure:4672: result: yes
configure:4748: checking for pkg-config
configure:4766: found /usr/local/bin/pkg-config
configure:4778: result: /usr/local/bin/pkg-config
configure:4807: checking pkg-config is at least version 0.9.0
configure:4810: result: yes
configure:4821: checking for GTK
configure:4829: $PKG_CONFIG --exists --print-errors "gtk+-2.0"
configure:4832: $? = 0
configure:4847: $PKG_CONFIG --exists --print-errors "gtk+-2.0"
configure:4850: $? = 0
configure:4926: result: yes
configure:4938: $PKG_CONFIG --exists --print-errors "gtk+-2.0 >= 2.4.0"
configure:4941: $? = 0
configure:4958: $PKG_CONFIG --exists --print-errors "gtk+-2.0 >= 2.10.0"
configure:4961: $? = 0
configure:5065: checking how to run the C preprocessor
configure:5105: /usr/bin/gcc -E  conftest.c
configure:5111: $? = 0
configure:5142: /usr/bin/gcc -E  conftest.c
conftest.c:12:28: error: ac_nonexistent.h: No such file or directory
configure:5148: $? = 1
configure: failed program was:
| /* confdefs.h.  */
| #define PACKAGE_NAME "Leafpad"
| #define PACKAGE_TARNAME "leafpad"
| #define PACKAGE_VERSION "0.8.17"
| #define PACKAGE_STRING "Leafpad 0.8.17"
| #define PACKAGE_BUGREPORT "tarot@sdf.lonestar.org"
| #define PACKAGE "leafpad"
| #define VERSION "0.8.17"
| #define ENABLE_CHOOSER 1
| #define ENABLE_PRINT 1
| /* end confdefs.h.  */
| #include <ac_nonexistent.h>
configure:5181: result: /usr/bin/gcc -E
configure:5210: /usr/bin/gcc -E  conftest.c
configure:5216: $? = 0
configure:5247: /usr/bin/gcc -E  conftest.c
conftest.c:12:28: error: ac_nonexistent.h: No such file or directory
configure:5253: $? = 1
configure: failed program was:
| /* confdefs.h.  */
| #define PACKAGE_NAME "Leafpad"
| #define PACKAGE_TARNAME "leafpad"
| #define PACKAGE_VERSION "0.8.17"
| #define PACKAGE_STRING "Leafpad 0.8.17"
| #define PACKAGE_BUGREPORT "tarot@sdf.lonestar.org"
| #define PACKAGE "leafpad"
| #define VERSION "0.8.17"
| #define ENABLE_CHOOSER 1
| #define ENABLE_PRINT 1
| /* end confdefs.h.  */
| #include <ac_nonexistent.h>
configure:5291: checking for grep that handles long lines and -e
configure:5365: result: /bin/grep
configure:5370: checking for egrep
configure:5448: result: /bin/grep -E
configure:5453: checking for ANSI C header files
configure:5483: /usr/bin/gcc -c -g -O2 -Wall  conftest.c >&5
configure:5489: $? = 0
configure:5588: /usr/bin/gcc -o conftest -g -O2 -Wall   conftest.c  >&5
configure:5591: $? = 0
configure:5597: ./conftest
./configure: line 5598: 26689 Killed: 9               ./conftest$ac_exeext
configure:5600: $? = 137
configure: program exited with status 137
configure: failed program was:
| /* confdefs.h.  */
| #define PACKAGE_NAME "Leafpad"
| #define PACKAGE_TARNAME "leafpad"
| #define PACKAGE_VERSION "0.8.17"
| #define PACKAGE_STRING "Leafpad 0.8.17"
| #define PACKAGE_BUGREPORT "tarot@sdf.lonestar.org"
| #define PACKAGE "leafpad"
| #define VERSION "0.8.17"
| #define ENABLE_CHOOSER 1
| #define ENABLE_PRINT 1
| /* end confdefs.h.  */
| #include <ctype.h>
| #include <stdlib.h>
| #if ((' ' & 0x0FF) == 0x020)
| # define ISLOWER(c) ('a' <= (c) && (c) <= 'z')
| # define TOUPPER(c) (ISLOWER(c) ? 'A' + ((c) - 'a') : (c))
| #else
| # define ISLOWER(c) 		   (('a' <= (c) && (c) <= 'i') 		     || ('j' <= (c) && (c) <= 'r') 		     || ('s' <= (c) && (c) <= 'z'))
| # define TOUPPER(c) (ISLOWER(c) ? ((c) | 0x40) : (c))
| #endif
| 
| #define XOR(e, f) (((e) && !(f)) || (!(e) && (f)))
| int
| main ()
| {
|   int i;
|   for (i = 0; i < 256; i++)
|     if (XOR (islower (i), ISLOWER (i))
| 	|| toupper (i) != TOUPPER (i))
|       return 2;
|   return 0;
| }
configure:5617: result: no
configure:5641: checking for sys/types.h
configure:5662: /usr/bin/gcc -c -g -O2 -Wall  conftest.c >&5
configure:5668: $? = 0
configure:5684: result: yes
configure:5641: checking for sys/stat.h
configure:5662: /usr/bin/gcc -c -g -O2 -Wall  conftest.c >&5
configure:5668: $? = 0
configure:5684: result: yes
configure:5641: checking for stdlib.h
configure:5662: /usr/bin/gcc -c -g -O2 -Wall  conftest.c >&5
configure:5668: $? = 0
configure:5684: result: yes
configure:5641: checking for string.h
configure:5662: /usr/bin/gcc -c -g -O2 -Wall  conftest.c >&5
configure:5668: $? = 0
configure:5684: result: yes
configure:5641: checking for memory.h
configure:5662: /usr/bin/gcc -c -g -O2 -Wall  conftest.c >&5
configure:5668: $? = 0
configure:5684: result: yes
configure:5641: checking for strings.h
configure:5662: /usr/bin/gcc -c -g -O2 -Wall  conftest.c >&5
configure:5668: $? = 0
configure:5684: result: yes
configure:5641: checking for inttypes.h
configure:5662: /usr/bin/gcc -c -g -O2 -Wall  conftest.c >&5
configure:5668: $? = 0
configure:5684: result: yes
configure:5641: checking for stdint.h
configure:5662: /usr/bin/gcc -c -g -O2 -Wall  conftest.c >&5
configure:5668: $? = 0
configure:5684: result: yes
configure:5641: checking for unistd.h
configure:5662: /usr/bin/gcc -c -g -O2 -Wall  conftest.c >&5
configure:5668: $? = 0
configure:5684: result: yes
configure:5712: checking locale.h usability
configure:5729: /usr/bin/gcc -c -g -O2 -Wall  conftest.c >&5
configure:5735: $? = 0
configure:5749: result: yes
configure:5753: checking locale.h presence
configure:5768: /usr/bin/gcc -E  conftest.c
configure:5774: $? = 0
configure:5788: result: yes
configure:5821: checking for locale.h
configure:5829: result: yes
configure:5843: checking for LC_MESSAGES
configure:5869: /usr/bin/gcc -o conftest -g -O2 -Wall   conftest.c  >&5
configure:5875: $? = 0
configure:5892: result: yes
configure:5921: checking libintl.h usability
configure:5938: /usr/bin/gcc -c -g -O2 -Wall  conftest.c >&5
configure:5944: $? = 0
configure:5958: result: yes
configure:5962: checking libintl.h presence
configure:5977: /usr/bin/gcc -E  conftest.c
configure:5983: $? = 0
configure:5997: result: yes
configure:6030: checking for libintl.h
configure:6037: result: yes
configure:6048: checking for ngettext in libc
configure:6076: /usr/bin/gcc -o conftest -g -O2 -Wall   conftest.c  >&5
Undefined symbols:
  "_libintl_ngettext", referenced from:
      _main in cchqO5Nf.o
ld: symbol(s) not found
collect2: ld returned 1 exit status
configure:6082: $? = 1
configure: failed program was:
| /* confdefs.h.  */
| #define PACKAGE_NAME "Leafpad"
| #define PACKAGE_TARNAME "leafpad"
| #define PACKAGE_VERSION "0.8.17"
| #define PACKAGE_STRING "Leafpad 0.8.17"
| #define PACKAGE_BUGREPORT "tarot@sdf.lonestar.org"
| #define PACKAGE "leafpad"
| #define VERSION "0.8.17"
| #define ENABLE_CHOOSER 1
| #define ENABLE_PRINT 1
| #define HAVE_SYS_TYPES_H 1
| #define HAVE_SYS_STAT_H 1
| #define HAVE_STDLIB_H 1
| #define HAVE_STRING_H 1
| #define HAVE_MEMORY_H 1
| #define HAVE_STRINGS_H 1
| #define HAVE_INTTYPES_H 1
| #define HAVE_STDINT_H 1
| #define HAVE_UNISTD_H 1
| #define HAVE_LOCALE_H 1
| #define HAVE_LC_MESSAGES 1
| /* end confdefs.h.  */
| 
| #include <libintl.h>
| 
| int
| main ()
| {
| return !ngettext ("","", 1)
|   ;
|   return 0;
| }
configure:6100: result: no
configure:6264: checking for bindtextdomain in -lintl
configure:6299: /usr/bin/gcc -o conftest -g -O2 -Wall   conftest.c -lintl   >&5
configure:6305: $? = 0
configure:6323: result: yes
configure:6326: checking for ngettext in -lintl
configure:6361: /usr/bin/gcc -o conftest -g -O2 -Wall   conftest.c -lintl   >&5
configure:6367: $? = 0
configure:6385: result: yes
configure:6388: checking for dgettext in -lintl
configure:6423: /usr/bin/gcc -o conftest -g -O2 -Wall   conftest.c -lintl   >&5
conftest.c:30: warning: conflicting types for built-in function 'dgettext'
configure:6429: $? = 0
configure:6447: result: yes
configure:6612: checking for bind_textdomain_codeset
configure:6668: /usr/bin/gcc -o conftest -g -O2 -Wall   conftest.c  -lintl  >&5
configure:6674: $? = 0
configure:6692: result: yes
configure:6732: checking for msgfmt
configure:6759: result: /usr/local/bin/msgfmt
configure:6772: checking for dcgettext
configure:6828: /usr/bin/gcc -o conftest -g -O2 -Wall   conftest.c  -lintl  >&5
conftest.c:48: warning: conflicting types for built-in function 'dcgettext'
configure:6834: $? = 0
configure:6852: result: yes
configure:6863: checking if msgfmt accepts -c
configure:6878: $MSGFMT -c -o /dev/null conftest.foo
configure:6881: $? = 0
configure:6883: result: yes
configure:6893: checking for gmsgfmt
configure:6924: result: /usr/local/bin/msgfmt
configure:6934: checking for xgettext
configure:6961: result: /usr/local/bin/xgettext
configure:6990: /usr/bin/gcc -o conftest -g -O2 -Wall   conftest.c  -lintl  >&5
configure:6996: $? = 0
configure:7370: creating ./config.status

## ---------------------- ##
## Running config.status. ##
## ---------------------- ##

This file was extended by Leafpad config.status 0.8.17, which was
generated by GNU Autoconf 2.61.  Invocation command line was

  CONFIG_FILES    = 
  CONFIG_HEADERS  = 
  CONFIG_LINKS    = 
  CONFIG_COMMANDS = 
  $ ./config.status 

on Chriss-iPad

config.status:701: creating Makefile
config.status:701: creating src/Makefile
config.status:701: creating data/Makefile
config.status:701: creating data/icons/Makefile
config.status:701: creating data/icons/16x16/Makefile
config.status:701: creating data/icons/22x22/Makefile
config.status:701: creating data/icons/24x24/Makefile
config.status:701: creating data/icons/32x32/Makefile
config.status:701: creating data/icons/scalable/Makefile
config.status:701: creating po/Makefile.in
config.status:701: creating config.h
config.status:982: executing depfiles commands
config.status:982: executing intltool commands
config.status:982: executing default-1 commands
config.status:982: executing po/stamp-it commands

## ---------------- ##
## Cache variables. ##
## ---------------- ##

ac_cv_c_compiler_gnu=yes
ac_cv_env_CC_set=set
ac_cv_env_CC_value=/usr/bin/gcc
ac_cv_env_CFLAGS_set=
ac_cv_env_CFLAGS_value=
ac_cv_env_CPPFLAGS_set=
ac_cv_env_CPPFLAGS_value=
ac_cv_env_CPP_set=
ac_cv_env_CPP_value=
ac_cv_env_GNOMEPRINT_CFLAGS_set=
ac_cv_env_GNOMEPRINT_CFLAGS_value=
ac_cv_env_GNOMEPRINT_LIBS_set=
ac_cv_env_GNOMEPRINT_LIBS_value=
ac_cv_env_GTK_CFLAGS_set=
ac_cv_env_GTK_CFLAGS_value=
ac_cv_env_GTK_LIBS_set=
ac_cv_env_GTK_LIBS_value=
ac_cv_env_LDFLAGS_set=
ac_cv_env_LDFLAGS_value=
ac_cv_env_LIBS_set=
ac_cv_env_LIBS_value=
ac_cv_env_PKG_CONFIG_set=
ac_cv_env_PKG_CONFIG_value=
ac_cv_env_build_alias_set=
ac_cv_env_build_alias_value=
ac_cv_env_host_alias_set=
ac_cv_env_host_alias_value=
ac_cv_env_target_alias_set=
ac_cv_env_target_alias_value=
ac_cv_func_bind_textdomain_codeset=yes
ac_cv_func_dcgettext=yes
ac_cv_header_inttypes_h=yes
ac_cv_header_libintl_h=yes
ac_cv_header_locale_h=yes
ac_cv_header_memory_h=yes
ac_cv_header_stdc=no
ac_cv_header_stdint_h=yes
ac_cv_header_stdlib_h=yes
ac_cv_header_string_h=yes
ac_cv_header_strings_h=yes
ac_cv_header_sys_stat_h=yes
ac_cv_header_sys_types_h=yes
ac_cv_header_unistd_h=yes
ac_cv_lib_intl_bindtextdomain=yes
ac_cv_lib_intl_dgettext=yes
ac_cv_lib_intl_ngettext=yes
ac_cv_objext=o
ac_cv_path_EGREP='/bin/grep -E'
ac_cv_path_GMSGFMT=/usr/local/bin/msgfmt
ac_cv_path_GREP=/bin/grep
ac_cv_path_INTLTOOL_PERL=/usr/local/bin/perl
ac_cv_path_MSGFMT=/usr/local/bin/msgfmt
ac_cv_path_MSGMERGE=/usr/local/bin/msgmerge
ac_cv_path_XGETTEXT=/usr/local/bin/xgettext
ac_cv_path_ac_pt_PKG_CONFIG=/usr/local/bin/pkg-config
ac_cv_path_install='/usr/bin/install -c'
ac_cv_path_mkdir=/bin/mkdir
ac_cv_prog_AWK=gawk
ac_cv_prog_CPP='/usr/bin/gcc -E'
ac_cv_prog_ac_ct_CC=/usr/bin/gcc
ac_cv_prog_cc__usr_bin_gcc_c_o=yes
ac_cv_prog_cc_c89=
ac_cv_prog_cc_g=yes
ac_cv_prog_make_make_set=yes
am_cv_CC_dependencies_compiler_type=gcc3
am_cv_val_LC_MESSAGES=yes
gt_cv_func_dgettext_libc=no
gt_cv_func_dgettext_libintl=yes
gt_cv_func_ngettext_libc=no
gt_cv_have_gettext=yes
pkg_cv_GTK_CFLAGS='-D_REENTRANT -I/usr/local/include/gtk-2.0 -I/usr/local/lib/gtk-2.0/include -I/usr/local/include/atk-1.0 -I/usr/local/include/cairo -I/usr/local/include/gdk-pixbuf-2.0 -I/usr/local/include/pango-1.0 -I/usr/local/include/glib-2.0 -I/usr/local/lib/glib-2.0/include -I/usr/local/include/pixman-1 -I/usr/local/include/libpng14  '
pkg_cv_GTK_LIBS='-L/usr/local/lib -lgtk-x11-2.0 -lgdk-x11-2.0 -latk-1.0 -lgio-2.0 -lpangoft2-1.0 -lpangocairo-1.0 -lgdk_pixbuf-2.0 -lcairo -lpango-1.0 -lfreetype -lfontconfig -lgobject-2.0 -lgmodule-2.0 -lgthread-2.0 -lglib-2.0 -lintl  '

## ----------------- ##
## Output variables. ##
## ----------------- ##

ACLOCAL='${SHELL} /home/chris/leafpad-0.8.17/missing --run aclocal-1.10'
ALL_LINGUAS=''
AMDEPBACKSLASH='\'
AMDEP_FALSE='#'
AMDEP_TRUE=''
AMTAR='${SHELL} /home/chris/leafpad-0.8.17/missing --run tar'
AUTOCONF='${SHELL} /home/chris/leafpad-0.8.17/missing --run autoconf'
AUTOHEADER='${SHELL} /home/chris/leafpad-0.8.17/missing --run autoheader'
AUTOMAKE='${SHELL} /home/chris/leafpad-0.8.17/missing --run automake-1.10'
AWK='gawk'
CATALOGS=''
CATOBJEXT='.gmo'
CC='/usr/bin/gcc'
CCDEPMODE='depmode=gcc3'
CFLAGS='-g -O2 -Wall'
CPP='/usr/bin/gcc -E'
CPPFLAGS=''
CYGPATH_W='echo'
DATADIRNAME='share'
DEFS='-DHAVE_CONFIG_H'
DEPDIR='.deps'
ECHO_C=''
ECHO_N='-n'
ECHO_T=''
EGREP='/bin/grep -E'
EXEEXT=''
GETTEXT_PACKAGE='leafpad'
GMOFILES=''
GMSGFMT='/usr/local/bin/msgfmt'
GNOMEPRINT_CFLAGS=''
GNOMEPRINT_LIBS=''
GREP='/bin/grep'
GTK_CFLAGS='-D_REENTRANT -I/usr/local/include/gtk-2.0 -I/usr/local/lib/gtk-2.0/include -I/usr/local/include/atk-1.0 -I/usr/local/include/cairo -I/usr/local/include/gdk-pixbuf-2.0 -I/usr/local/include/pango-1.0 -I/usr/local/include/glib-2.0 -I/usr/local/lib/glib-2.0/include -I/usr/local/include/pixman-1 -I/usr/local/include/libpng14  '
GTK_LIBS='-L/usr/local/lib -lgtk-x11-2.0 -lgdk-x11-2.0 -latk-1.0 -lgio-2.0 -lpangoft2-1.0 -lpangocairo-1.0 -lgdk_pixbuf-2.0 -lcairo -lpango-1.0 -lfreetype -lfontconfig -lgobject-2.0 -lgmodule-2.0 -lgthread-2.0 -lglib-2.0 -lintl  '
INSTALL_DATA='${INSTALL} -m 644'
INSTALL_PROGRAM='${INSTALL}'
INSTALL_SCRIPT='${INSTALL}'
INSTALL_STRIP_PROGRAM='$(install_sh) -c -s'
INSTOBJEXT='.mo'
INTLLIBS='-lintl '
INTLTOOL_CAVES_RULE='%.caves:     %.caves.in     $(INTLTOOL_MERGE) $(wildcard $(top_srcdir)/po/*.po) ; LC_ALL=C $(INTLTOOL_MERGE) -d -u -c $(top_builddir)/po/.intltool-merge-cache $(top_srcdir)/po $< $@'
INTLTOOL_DESKTOP_RULE='%.desktop:   %.desktop.in   $(INTLTOOL_MERGE) $(wildcard $(top_srcdir)/po/*.po) ; LC_ALL=C $(INTLTOOL_MERGE) -d -u -c $(top_builddir)/po/.intltool-merge-cache $(top_srcdir)/po $< $@'
INTLTOOL_DIRECTORY_RULE='%.directory: %.directory.in $(INTLTOOL_MERGE) $(wildcard $(top_srcdir)/po/*.po) ; LC_ALL=C $(INTLTOOL_MERGE) -d -u -c $(top_builddir)/po/.intltool-merge-cache $(top_srcdir)/po $< $@'
INTLTOOL_EXTRACT='$(top_builddir)/intltool-extract'
INTLTOOL_KBD_RULE='%.kbd:       %.kbd.in       $(INTLTOOL_MERGE) $(wildcard $(top_srcdir)/po/*.po) ; LC_ALL=C $(INTLTOOL_MERGE) -x -u -m -c $(top_builddir)/po/.intltool-merge-cache $(top_srcdir)/po $< $@'
INTLTOOL_KEYS_RULE='%.keys:      %.keys.in      $(INTLTOOL_MERGE) $(wildcard $(top_srcdir)/po/*.po) ; LC_ALL=C $(INTLTOOL_MERGE) -k -u -c $(top_builddir)/po/.intltool-merge-cache $(top_srcdir)/po $< $@'
INTLTOOL_MERGE='$(top_builddir)/intltool-merge'
INTLTOOL_OAF_RULE='%.oaf:       %.oaf.in       $(INTLTOOL_MERGE) $(wildcard $(top_srcdir)/po/*.po) ; LC_ALL=C $(INTLTOOL_MERGE) -o -p $(top_srcdir)/po $< $@'
INTLTOOL_PERL='/usr/local/bin/perl'
INTLTOOL_POLICY_RULE='%.policy:    %.policy.in    $(INTLTOOL_MERGE) $(wildcard $(top_srcdir)/po/*.po) ; LC_ALL=C $(INTLTOOL_MERGE) -x -u -c $(top_builddir)/po/.intltool-merge-cache $(top_srcdir)/po $< $@'
INTLTOOL_PONG_RULE='%.pong:      %.pong.in      $(INTLTOOL_MERGE) $(wildcard $(top_srcdir)/po/*.po) ; LC_ALL=C $(INTLTOOL_MERGE) -x -u -c $(top_builddir)/po/.intltool-merge-cache $(top_srcdir)/po $< $@'
INTLTOOL_PROP_RULE='%.prop:      %.prop.in      $(INTLTOOL_MERGE) $(wildcard $(top_srcdir)/po/*.po) ; LC_ALL=C $(INTLTOOL_MERGE) -d -u -c $(top_builddir)/po/.intltool-merge-cache $(top_srcdir)/po $< $@'
INTLTOOL_SCHEMAS_RULE='%.schemas:   %.schemas.in   $(INTLTOOL_MERGE) $(wildcard $(top_srcdir)/po/*.po) ; LC_ALL=C $(INTLTOOL_MERGE) -s -u -c $(top_builddir)/po/.intltool-merge-cache $(top_srcdir)/po $< $@'
INTLTOOL_SERVER_RULE='%.server:    %.server.in    $(INTLTOOL_MERGE) $(wildcard $(top_srcdir)/po/*.po) ; LC_ALL=C $(INTLTOOL_MERGE) -o -u -c $(top_builddir)/po/.intltool-merge-cache $(top_srcdir)/po $< $@'
INTLTOOL_SERVICE_RULE='%.service: %.service.in   $(INTLTOOL_MERGE) $(wildcard $(top_srcdir)/po/*.po) ; LC_ALL=C $(INTLTOOL_MERGE) -d -u -c $(top_builddir)/po/.intltool-merge-cache $(top_srcdir)/po $< $@'
INTLTOOL_SHEET_RULE='%.sheet:     %.sheet.in     $(INTLTOOL_MERGE) $(wildcard $(top_srcdir)/po/*.po) ; LC_ALL=C $(INTLTOOL_MERGE) -x -u -c $(top_builddir)/po/.intltool-merge-cache $(top_srcdir)/po $< $@'
INTLTOOL_SOUNDLIST_RULE='%.soundlist: %.soundlist.in $(INTLTOOL_MERGE) $(wildcard $(top_srcdir)/po/*.po) ; LC_ALL=C $(INTLTOOL_MERGE) -d -u -c $(top_builddir)/po/.intltool-merge-cache $(top_srcdir)/po $< $@'
INTLTOOL_THEME_RULE='%.theme:     %.theme.in     $(INTLTOOL_MERGE) $(wildcard $(top_srcdir)/po/*.po) ; LC_ALL=C $(INTLTOOL_MERGE) -d -u -c $(top_builddir)/po/.intltool-merge-cache $(top_srcdir)/po $< $@'
INTLTOOL_UI_RULE='%.ui:        %.ui.in        $(INTLTOOL_MERGE) $(wildcard $(top_srcdir)/po/*.po) ; LC_ALL=C $(INTLTOOL_MERGE) -x -u -c $(top_builddir)/po/.intltool-merge-cache $(top_srcdir)/po $< $@'
INTLTOOL_UPDATE='$(top_builddir)/intltool-update'
INTLTOOL_XAM_RULE='%.xam:       %.xml.in       $(INTLTOOL_MERGE) $(wildcard $(top_srcdir)/po/*.po) ; LC_ALL=C $(INTLTOOL_MERGE) -x -u -c $(top_builddir)/po/.intltool-merge-cache $(top_srcdir)/po $< $@'
INTLTOOL_XML_NOMERGE_RULE='%.xml:       %.xml.in       $(INTLTOOL_MERGE) ; LC_ALL=C $(INTLTOOL_MERGE) -x -u /tmp $< $@'
INTLTOOL_XML_RULE='%.xml:       %.xml.in       $(INTLTOOL_MERGE) $(wildcard $(top_srcdir)/po/*.po) ; LC_ALL=C $(INTLTOOL_MERGE) -x -u -c $(top_builddir)/po/.intltool-merge-cache $(top_srcdir)/po $< $@'
LDFLAGS=''
LIBOBJS=''
LIBS=''
LTLIBOBJS=''
MAKEINFO='${SHELL} /home/chris/leafpad-0.8.17/missing --run makeinfo'
MKINSTALLDIRS='./mkinstalldirs'
MSGFMT='/usr/local/bin/msgfmt'
MSGFMT_OPTS='-c'
MSGMERGE='/usr/local/bin/msgmerge'
OBJEXT='o'
PACKAGE='leafpad'
PACKAGE_BUGREPORT='tarot@sdf.lonestar.org'
PACKAGE_NAME='Leafpad'
PACKAGE_STRING='Leafpad 0.8.17'
PACKAGE_TARNAME='leafpad'
PACKAGE_VERSION='0.8.17'
PATH_SEPARATOR=':'
PKG_CONFIG='/usr/local/bin/pkg-config'
POFILES=''
POSUB='po'
PO_IN_DATADIR_FALSE=''
PO_IN_DATADIR_TRUE=''
SET_MAKE=''
SHELL='/bin/sh'
STRIP=''
USE_NLS='yes'
VERSION='0.8.17'
XGETTEXT='/usr/local/bin/xgettext'
ac_ct_CC='/usr/bin/gcc'
am__fastdepCC_FALSE='#'
am__fastdepCC_TRUE=''
am__include='include'
am__isrc=''
am__leading_dot='.'
am__quote=''
am__tar='${AMTAR} chof - "$$tardir"'
am__untar='${AMTAR} xf -'
bindir='${exec_prefix}/bin'
build_alias=''
datadir='${datarootdir}'
datarootdir='${prefix}/share'
docdir='${datarootdir}/doc/${PACKAGE_TARNAME}'
dvidir='${docdir}'
exec_prefix='${prefix}'
host_alias=''
htmldir='${docdir}'
includedir='${prefix}/include'
infodir='${datarootdir}/info'
install_sh='$(SHELL) /home/chris/leafpad-0.8.17/install-sh'
libdir='${exec_prefix}/lib'
libexecdir='${exec_prefix}/libexec'
localedir='/usr/local/share/locale'
localstatedir='${prefix}/var'
mandir='${datarootdir}/man'
mkdir_p='/bin/mkdir -p'
oldincludedir='/usr/include'
pdfdir='${docdir}'
prefix='/usr/local'
program_transform_name='s,x,x,'
psdir='${docdir}'
sbindir='${exec_prefix}/sbin'
sharedstatedir='${prefix}/com'
sysconfdir='${prefix}/etc'
target_alias=''

## ----------- ##
## confdefs.h. ##
## ----------- ##

#define PACKAGE_NAME "Leafpad"
#define PACKAGE_TARNAME "leafpad"
#define PACKAGE_VERSION "0.8.17"
#define PACKAGE_STRING "Leafpad 0.8.17"
#define PACKAGE_BUGREPORT "tarot@sdf.lonestar.org"
#define PACKAGE "leafpad"
#define VERSION "0.8.17"
#define ENABLE_CHOOSER 1
#define ENABLE_PRINT 1
#define HAVE_SYS_TYPES_H 1
#define HAVE_SYS_STAT_H 1
#define HAVE_STDLIB_H 1
#define HAVE_STRING_H 1
#define HAVE_MEMORY_H 1
#define HAVE_STRINGS_H 1
#define HAVE_INTTYPES_H 1
#define HAVE_STDINT_H 1
#define HAVE_UNISTD_H 1
#define HAVE_LOCALE_H 1
#define HAVE_LC_MESSAGES 1
#define HAVE_BIND_TEXTDOMAIN_CODESET 1
#define HAVE_GETTEXT 1
#define HAVE_DCGETTEXT 1
#define ENABLE_NLS 1
#define LOCALEDIR "/usr/local/share/locale"

configure: exit 0
