This file contains any messages produced by compilers while
running configure, to aid debugging if configure makes a mistake.

It was created by dummy configure 0, which was
generated by GNU Autoconf 2.67.  Invocation command line was

  $ ./configure 

## --------- ##
## Platform. ##
## --------- ##

hostname = Chriss-iPad
uname -m = iPad1,1
uname -r = 10.4.0
uname -s = Darwin
uname -v = Darwin Kernel Version 10.4.0: Wed Oct 20 20:14:45 PDT 2010; root:xnu-1504.58.28~3/RELEASE_ARM_S5L8930X

/usr/bin/uname -p = unknown
/bin/uname -X     = unknown

/bin/arch              = unknown
/usr/bin/arch -k       = unknown
/usr/convex/getsysinfo = unknown
/usr/bin/hostinfo      = Mach kernel version:
	 Darwin Kernel Version 10.4.0: Wed Oct 20 20:14:45 PDT 2010; root:xnu-1504.58.28~3/RELEASE_ARM_S5L8930X
Kernel configured for a single processor only.
1 processor is physically available.
1 processor is logically available.
Processor type: armv7 (arm v7)
Processor active: 0
Primary memory available: 247.00 megabytes
Default processor set: 34 tasks, 228 threads, 1 processors
Load average: 2.47, Mach factor: 0.35
/bin/machine           = unknown
/usr/bin/oslevel       = unknown
/bin/universe          = unknown

PATH: /usr/local/sbin
PATH: /usr/local/bin
PATH: /usr/sbin
PATH: /usr/bin
PATH: /sbin
PATH: /bin
PATH: /usr/bin/X11
PATH: /usr/games
PATH: /var/mobile/ocaml-3.12.0/bin
PATH: /usr/local/Gambit-C/bin


## ----------- ##
## Core tests. ##
## ----------- ##

configure:2482: checking for a BSD-compatible install
configure:2550: result: /usr/bin/install -c
configure:2561: checking whether build environment is sane
configure:2611: result: yes
configure:2752: checking for a thread-safe mkdir -p
configure:2791: result: /bin/mkdir -p
configure:2805: checking for gawk
configure:2821: found /usr/bin/gawk
configure:2832: result: gawk
configure:2843: checking whether make sets $(MAKE)
configure:2865: result: yes
configure:2997: checking for gcc
configure:3024: result: /usr/bin/gcc
configure:3253: checking for C compiler version
configure:3262: /usr/bin/gcc --version >&5
gcc (GCC) 4.2.1 (Based on Apple Inc. build 5555)
Copyright (C) 2007 Free Software Foundation, Inc.
This is free software; see the source for copying conditions.  There is NO
warranty; not even for MERCHANTABILITY or FITNESS FOR A PARTICULAR PURPOSE.

configure:3273: $? = 0
configure:3262: /usr/bin/gcc -v >&5
Using built-in specs.
Target: arm-apple-darwin9
Configured with: ../llvm-gcc-4.2/configure --build=x86_64-unknown-linux-gnu --host=arm-apple-darwin9 --enable-static=no --enable-shared=yes --prefix=/usr --localstatedir=/var/cache/iphone-gcc --enable-languages=c,c++,objc,obj-c++ --enable-wchar_t=no --with-gxx-include-dir=/usr/include/c++/4.0.0
Thread model: posix
gcc version 4.2.1 (Based on Apple Inc. build 5555)
configure:3273: $? = 0
configure:3262: /usr/bin/gcc -V >&5
gcc: '-V' option must have argument
configure:3273: $? = 1
configure:3262: /usr/bin/gcc -qversion >&5
gcc: no input files
configure:3273: $? = 1
configure:3293: checking whether the C compiler works
configure:3315: /usr/bin/gcc -g -O2   conftest.c  >&5
configure:3319: $? = 0
configure:3367: result: yes
configure:3370: checking for C compiler default output file name
configure:3372: result: a.out
configure:3378: checking for suffix of executables
configure:3385: /usr/bin/gcc -o conftest -g -O2   conftest.c  >&5
configure:3389: $? = 0
configure:3411: result: 
configure:3433: checking whether we are cross compiling
configure:3441: /usr/bin/gcc -o conftest -g -O2   conftest.c  >&5
configure:3445: $? = 0
configure:3452: ./conftest
configure:3456: $? = 0
configure:3471: result: no
configure:3476: checking for suffix of object files
configure:3498: /usr/bin/gcc -c -g -O2  conftest.c >&5
configure:3502: $? = 0
configure:3523: result: o
configure:3527: checking whether we are using the GNU C compiler
configure:3546: /usr/bin/gcc -c -g -O2  conftest.c >&5
configure:3546: $? = 0
configure:3555: result: yes
configure:3564: checking whether /usr/bin/gcc accepts -g
configure:3584: /usr/bin/gcc -c -g  conftest.c >&5
configure:3584: $? = 0
configure:3625: result: yes
configure:3642: checking for /usr/bin/gcc option to accept ISO C89
configure:3706: /usr/bin/gcc  -c -g -O2  conftest.c >&5
configure:3706: $? = 0
configure:3719: result: none needed
configure:3750: checking for style of include used by make
configure:3778: result: GNU
configure:3803: checking dependency style of /usr/bin/gcc
configure:3913: result: gcc3
configure:3929: checking whether make sets $(MAKE)
configure:3951: result: yes
configure:3966: checking build system type
configure:3980: result: arm-apple-darwin10.4.0
configure:4000: checking host system type
configure:4013: result: arm-apple-darwin10.4.0
configure:4078: checking for ranlib
configure:4105: result: ranlib
configure:4129: checking whether /usr/bin/gcc and cc understand -c and -o together
configure:4160: /usr/bin/gcc -c conftest.c -o conftest2.o >&5
configure:4164: $? = 0
configure:4170: /usr/bin/gcc -c conftest.c -o conftest2.o >&5
configure:4174: $? = 0
configure:4185: cc -c conftest.c >&5
configure:4189: $? = 0
configure:4197: cc -c conftest.c -o conftest2.o >&5
configure:4201: $? = 0
configure:4207: cc -c conftest.c -o conftest2.o >&5
configure:4211: $? = 0
configure:4229: result: yes
configure:4261: checking how to run the C preprocessor
configure:4292: /usr/bin/gcc -E  conftest.c
configure:4292: $? = 0
configure:4306: /usr/bin/gcc -E  conftest.c
conftest.c:11:28: error: ac_nonexistent.h: No such file or directory
configure:4306: $? = 1
configure: failed program was:
| /* confdefs.h */
| #define PACKAGE_NAME "dummy"
| #define PACKAGE_TARNAME "dummy"
| #define PACKAGE_VERSION "0"
| #define PACKAGE_STRING "dummy 0"
| #define PACKAGE_BUGREPORT ""
| #define PACKAGE_URL ""
| #define PACKAGE "dummy"
| #define VERSION "0"
| /* end confdefs.h.  */
| #include <ac_nonexistent.h>
configure:4331: result: /usr/bin/gcc -E
configure:4351: /usr/bin/gcc -E  conftest.c
configure:4351: $? = 0
configure:4365: /usr/bin/gcc -E  conftest.c
conftest.c:11:28: error: ac_nonexistent.h: No such file or directory
configure:4365: $? = 1
configure: failed program was:
| /* confdefs.h */
| #define PACKAGE_NAME "dummy"
| #define PACKAGE_TARNAME "dummy"
| #define PACKAGE_VERSION "0"
| #define PACKAGE_STRING "dummy 0"
| #define PACKAGE_BUGREPORT ""
| #define PACKAGE_URL ""
| #define PACKAGE "dummy"
| #define VERSION "0"
| /* end confdefs.h.  */
| #include <ac_nonexistent.h>
configure:4394: checking for grep that handles long lines and -e
configure:4452: result: /bin/grep
configure:4457: checking for egrep
configure:4519: result: /bin/grep -E
configure:4524: checking for ANSI C header files
configure:4544: /usr/bin/gcc -c -g -O2  conftest.c >&5
configure:4544: $? = 0
configure:4617: /usr/bin/gcc -o conftest -g -O2   conftest.c  >&5
configure:4617: $? = 0
configure:4617: ./conftest
configure:4617: $? = 0
configure:4628: result: yes
configure:4641: checking for sys/types.h
configure:4641: /usr/bin/gcc -c -g -O2  conftest.c >&5
configure:4641: $? = 0
configure:4641: result: yes
configure:4641: checking for sys/stat.h
configure:4641: /usr/bin/gcc -c -g -O2  conftest.c >&5
configure:4641: $? = 0
configure:4641: result: yes
configure:4641: checking for stdlib.h
configure:4641: /usr/bin/gcc -c -g -O2  conftest.c >&5
configure:4641: $? = 0
configure:4641: result: yes
configure:4641: checking for string.h
configure:4641: /usr/bin/gcc -c -g -O2  conftest.c >&5
configure:4641: $? = 0
configure:4641: result: yes
configure:4641: checking for memory.h
configure:4641: /usr/bin/gcc -c -g -O2  conftest.c >&5
configure:4641: $? = 0
configure:4641: result: yes
configure:4641: checking for strings.h
configure:4641: /usr/bin/gcc -c -g -O2  conftest.c >&5
configure:4641: $? = 0
configure:4641: result: yes
configure:4641: checking for inttypes.h
configure:4641: /usr/bin/gcc -c -g -O2  conftest.c >&5
configure:4641: $? = 0
configure:4641: result: yes
configure:4641: checking for stdint.h
configure:4641: /usr/bin/gcc -c -g -O2  conftest.c >&5
configure:4641: $? = 0
configure:4641: result: yes
configure:4641: checking for unistd.h
configure:4641: /usr/bin/gcc -c -g -O2  conftest.c >&5
configure:4641: $? = 0
configure:4641: result: yes
configure:4656: checking minix/config.h usability
configure:4656: /usr/bin/gcc -c -g -O2  conftest.c >&5
conftest.c:54:26: error: minix/config.h: No such file or directory
configure:4656: $? = 1
configure: failed program was:
| /* confdefs.h */
| #define PACKAGE_NAME "dummy"
| #define PACKAGE_TARNAME "dummy"
| #define PACKAGE_VERSION "0"
| #define PACKAGE_STRING "dummy 0"
| #define PACKAGE_BUGREPORT ""
| #define PACKAGE_URL ""
| #define PACKAGE "dummy"
| #define VERSION "0"
| #define STDC_HEADERS 1
| #define HAVE_SYS_TYPES_H 1
| #define HAVE_SYS_STAT_H 1
| #define HAVE_STDLIB_H 1
| #define HAVE_STRING_H 1
| #define HAVE_MEMORY_H 1
| #define HAVE_STRINGS_H 1
| #define HAVE_INTTYPES_H 1
| #define HAVE_STDINT_H 1
| #define HAVE_UNISTD_H 1
| /* end confdefs.h.  */
| #include <stdio.h>
| #ifdef HAVE_SYS_TYPES_H
| # include <sys/types.h>
| #endif
| #ifdef HAVE_SYS_STAT_H
| # include <sys/stat.h>
| #endif
| #ifdef STDC_HEADERS
| # include <stdlib.h>
| # include <stddef.h>
| #else
| # ifdef HAVE_STDLIB_H
| #  include <stdlib.h>
| # endif
| #endif
| #ifdef HAVE_STRING_H
| # if !defined STDC_HEADERS && defined HAVE_MEMORY_H
| #  include <memory.h>
| # endif
| # include <string.h>
| #endif
| #ifdef HAVE_STRINGS_H
| # include <strings.h>
| #endif
| #ifdef HAVE_INTTYPES_H
| # include <inttypes.h>
| #endif
| #ifdef HAVE_STDINT_H
| # include <stdint.h>
| #endif
| #ifdef HAVE_UNISTD_H
| # include <unistd.h>
| #endif
| #include <minix/config.h>
configure:4656: result: no
configure:4656: checking minix/config.h presence
configure:4656: /usr/bin/gcc -E  conftest.c
conftest.c:21:26: error: minix/config.h: No such file or directory
configure:4656: $? = 1
configure: failed program was:
| /* confdefs.h */
| #define PACKAGE_NAME "dummy"
| #define PACKAGE_TARNAME "dummy"
| #define PACKAGE_VERSION "0"
| #define PACKAGE_STRING "dummy 0"
| #define PACKAGE_BUGREPORT ""
| #define PACKAGE_URL ""
| #define PACKAGE "dummy"
| #define VERSION "0"
| #define STDC_HEADERS 1
| #define HAVE_SYS_TYPES_H 1
| #define HAVE_SYS_STAT_H 1
| #define HAVE_STDLIB_H 1
| #define HAVE_STRING_H 1
| #define HAVE_MEMORY_H 1
| #define HAVE_STRINGS_H 1
| #define HAVE_INTTYPES_H 1
| #define HAVE_STDINT_H 1
| #define HAVE_UNISTD_H 1
| /* end confdefs.h.  */
| #include <minix/config.h>
configure:4656: result: no
configure:4656: checking for minix/config.h
configure:4656: result: no
configure:4685: checking whether it is safe to define __EXTENSIONS__
configure:4703: /usr/bin/gcc -c -g -O2  conftest.c >&5
configure:4703: $? = 0
configure:4710: result: yes
configure:4765: checking for nl_langinfo and CODESET
configure:4781: /usr/bin/gcc -o conftest -g -O2   conftest.c  >&5
configure:4781: $? = 0
configure:4790: result: yes
configure:4800: checking for working fcntl.h
configure:4884: /usr/bin/gcc -o conftest -g -O2   conftest.c  >&5
configure:4884: $? = 0
configure:4884: ./conftest
configure:4884: $? = 0
configure:4899: result: yes
configure:4923: checking whether getc_unlocked is declared
configure:4923: /usr/bin/gcc -c -g -O2  conftest.c >&5
configure:4923: $? = 0
configure:4923: result: yes
configure:4936: checking whether we are using the GNU C Library >= 2.1 or uClibc
conftest.c:31:22: error: features.h: No such file or directory
configure:4966: result: no
configure:4982: /usr/bin/gcc -c -g -O2  conftest.c >&5
configure:4982: $? = 0
configure:5023: checking for wchar_t
configure:5040: /usr/bin/gcc -c -g -O2  conftest.c >&5
configure:5040: $? = 0
configure:5047: result: yes
configure:5057: checking whether the preprocessor supports include_next
configure:5095: /usr/bin/gcc -c -g -O2  -Iconftestd1b -Iconftestd2 conftest.c >&5
configure:5095: $? = 0
configure:5116: result: yes
configure:5137: checking whether system header files limit the line length
configure:5160: result: no
configure:5176: checking stddef.h usability
configure:5176: /usr/bin/gcc -c -g -O2  conftest.c >&5
configure:5176: $? = 0
configure:5176: result: yes
configure:5176: checking stddef.h presence
configure:5176: /usr/bin/gcc -E  conftest.c
configure:5176: $? = 0
configure:5176: result: yes
configure:5176: checking for stddef.h
configure:5176: result: yes
configure:5176: checking for stdint.h
configure:5176: result: yes
configure:5176: checking wchar.h usability
configure:5176: /usr/bin/gcc -c -g -O2  conftest.c >&5
configure:5176: $? = 0
configure:5176: result: yes
configure:5176: checking wchar.h presence
configure:5176: /usr/bin/gcc -E  conftest.c
configure:5176: $? = 0
configure:5176: result: yes
configure:5176: checking for wchar.h
configure:5176: result: yes
configure:5176: checking features.h usability
configure:5176: /usr/bin/gcc -c -g -O2  conftest.c >&5
conftest.c:67:22: error: features.h: No such file or directory
configure:5176: $? = 1
configure: failed program was:
| /* confdefs.h */
| #define PACKAGE_NAME "dummy"
| #define PACKAGE_TARNAME "dummy"
| #define PACKAGE_VERSION "0"
| #define PACKAGE_STRING "dummy 0"
| #define PACKAGE_BUGREPORT ""
| #define PACKAGE_URL ""
| #define PACKAGE "dummy"
| #define VERSION "0"
| #define STDC_HEADERS 1
| #define HAVE_SYS_TYPES_H 1
| #define HAVE_SYS_STAT_H 1
| #define HAVE_STDLIB_H 1
| #define HAVE_STRING_H 1
| #define HAVE_MEMORY_H 1
| #define HAVE_STRINGS_H 1
| #define HAVE_INTTYPES_H 1
| #define HAVE_STDINT_H 1
| #define HAVE_UNISTD_H 1
| #define __EXTENSIONS__ 1
| #define _ALL_SOURCE 1
| #define _GNU_SOURCE 1
| #define _POSIX_PTHREAD_SEMANTICS 1
| #define _TANDEM_SOURCE 1
| #define HAVE_LANGINFO_CODESET 1
| #define HAVE_WORKING_O_NOATIME 1
| #define HAVE_WORKING_O_NOFOLLOW 1
| #define HAVE_DECL_GETC_UNLOCKED 1
| #define HAVE_WCHAR_T 1
| #define HAVE_STDDEF_H 1
| #define HAVE_STDINT_H 1
| #define HAVE_WCHAR_H 1
| /* end confdefs.h.  */
| #include <stdio.h>
| #ifdef HAVE_SYS_TYPES_H
| # include <sys/types.h>
| #endif
| #ifdef HAVE_SYS_STAT_H
| # include <sys/stat.h>
| #endif
| #ifdef STDC_HEADERS
| # include <stdlib.h>
| # include <stddef.h>
| #else
| # ifdef HAVE_STDLIB_H
| #  include <stdlib.h>
| # endif
| #endif
| #ifdef HAVE_STRING_H
| # if !defined STDC_HEADERS && defined HAVE_MEMORY_H
| #  include <memory.h>
| # endif
| # include <string.h>
| #endif
| #ifdef HAVE_STRINGS_H
| # include <strings.h>
| #endif
| #ifdef HAVE_INTTYPES_H
| # include <inttypes.h>
| #endif
| #ifdef HAVE_STDINT_H
| # include <stdint.h>
| #endif
| #ifdef HAVE_UNISTD_H
| # include <unistd.h>
| #endif
| #include <features.h>
configure:5176: result: no
configure:5176: checking features.h presence
configure:5176: /usr/bin/gcc -E  conftest.c
conftest.c:34:22: error: features.h: No such file or directory
configure:5176: $? = 1
configure: failed program was:
| /* confdefs.h */
| #define PACKAGE_NAME "dummy"
| #define PACKAGE_TARNAME "dummy"
| #define PACKAGE_VERSION "0"
| #define PACKAGE_STRING "dummy 0"
| #define PACKAGE_BUGREPORT ""
| #define PACKAGE_URL ""
| #define PACKAGE "dummy"
| #define VERSION "0"
| #define STDC_HEADERS 1
| #define HAVE_SYS_TYPES_H 1
| #define HAVE_SYS_STAT_H 1
| #define HAVE_STDLIB_H 1
| #define HAVE_STRING_H 1
| #define HAVE_MEMORY_H 1
| #define HAVE_STRINGS_H 1
| #define HAVE_INTTYPES_H 1
| #define HAVE_STDINT_H 1
| #define HAVE_UNISTD_H 1
| #define __EXTENSIONS__ 1
| #define _ALL_SOURCE 1
| #define _GNU_SOURCE 1
| #define _POSIX_PTHREAD_SEMANTICS 1
| #define _TANDEM_SOURCE 1
| #define HAVE_LANGINFO_CODESET 1
| #define HAVE_WORKING_O_NOATIME 1
| #define HAVE_WORKING_O_NOFOLLOW 1
| #define HAVE_DECL_GETC_UNLOCKED 1
| #define HAVE_WCHAR_T 1
| #define HAVE_STDDEF_H 1
| #define HAVE_STDINT_H 1
| #define HAVE_WCHAR_H 1
| /* end confdefs.h.  */
| #include <features.h>
configure:5176: result: no
configure:5176: checking for features.h
configure:5176: result: no
configure:5176: checking wctype.h usability
configure:5176: /usr/bin/gcc -c -g -O2  conftest.c >&5
configure:5176: $? = 0
configure:5176: result: yes
configure:5176: checking wctype.h presence
configure:5176: /usr/bin/gcc -E  conftest.c
configure:5176: $? = 0
configure:5176: result: yes
configure:5176: checking for wctype.h
configure:5176: result: yes
configure:5191: checking for long long int
configure:5228: /usr/bin/gcc -o conftest -g -O2   conftest.c  >&5
configure:5228: $? = 0
configure:5258: /usr/bin/gcc -o conftest -g -O2   conftest.c  >&5
configure:5258: $? = 0
configure:5258: ./conftest
configure:5258: $? = 0
configure:5273: result: yes
configure:5282: checking for unsigned long long int
configure:5319: /usr/bin/gcc -o conftest -g -O2   conftest.c  >&5
configure:5319: $? = 0
configure:5327: result: yes
configure:5411: checking whether <wchar.h> uses 'inline' correctly
configure:5426: /usr/bin/gcc -c -g -O2  conftest.c >&5
configure:5429: $? = 0
configure:5440: /usr/bin/gcc -c -g -O2  conftest.c >&5
configure:5443: $? = 0
configure:5456: result: yes
configure:5491: checking for wint_t
configure:5516: /usr/bin/gcc -c -g -O2  conftest.c >&5
configure:5516: $? = 0
configure:5523: result: yes
configure:5538: checking for iswcntrl
configure:5538: /usr/bin/gcc -o conftest -g -O2   conftest.c  >&5
conftest.c:61: warning: conflicting types for built-in function 'iswcntrl'
configure:5538: $? = 0
configure:5538: result: yes
configure:5538: checking for iswblank
configure:5538: /usr/bin/gcc -o conftest -g -O2   conftest.c  >&5
conftest.c:62: warning: conflicting types for built-in function 'iswblank'
configure:5538: $? = 0
configure:5538: result: yes
configure:5538: checking for wcwidth
configure:5538: /usr/bin/gcc -o conftest -g -O2   conftest.c  >&5
configure:5538: $? = 0
configure:5538: result: yes
configure:5557: checking whether iswblank is declared
configure:5557: /usr/bin/gcc -c -g -O2  conftest.c >&5
conftest.c: In function 'main':
conftest.c:81: error: 'iswblank' undeclared (first use in this function)
conftest.c:81: error: (Each undeclared identifier is reported only once
conftest.c:81: error: for each function it appears in.)
configure:5557: $? = 1
configure: failed program was:
| /* confdefs.h */
| #define PACKAGE_NAME "dummy"
| #define PACKAGE_TARNAME "dummy"
| #define PACKAGE_VERSION "0"
| #define PACKAGE_STRING "dummy 0"
| #define PACKAGE_BUGREPORT ""
| #define PACKAGE_URL ""
| #define PACKAGE "dummy"
| #define VERSION "0"
| #define STDC_HEADERS 1
| #define HAVE_SYS_TYPES_H 1
| #define HAVE_SYS_STAT_H 1
| #define HAVE_STDLIB_H 1
| #define HAVE_STRING_H 1
| #define HAVE_MEMORY_H 1
| #define HAVE_STRINGS_H 1
| #define HAVE_INTTYPES_H 1
| #define HAVE_STDINT_H 1
| #define HAVE_UNISTD_H 1
| #define __EXTENSIONS__ 1
| #define _ALL_SOURCE 1
| #define _GNU_SOURCE 1
| #define _POSIX_PTHREAD_SEMANTICS 1
| #define _TANDEM_SOURCE 1
| #define HAVE_LANGINFO_CODESET 1
| #define HAVE_WORKING_O_NOATIME 1
| #define HAVE_WORKING_O_NOFOLLOW 1
| #define HAVE_DECL_GETC_UNLOCKED 1
| #define HAVE_WCHAR_T 1
| #define HAVE_STDDEF_H 1
| #define HAVE_STDINT_H 1
| #define HAVE_WCHAR_H 1
| #define HAVE_WCTYPE_H 1
| #define HAVE_LONG_LONG_INT 1
| #define HAVE_UNSIGNED_LONG_LONG_INT 1
| #define HAVE_WINT_T 1
| #define HAVE_ISWCNTRL 1
| #define HAVE_ISWBLANK 1
| #define HAVE_WCWIDTH 1
| /* end confdefs.h.  */
| #include <stdio.h>
| #ifdef HAVE_SYS_TYPES_H
| # include <sys/types.h>
| #endif
| #ifdef HAVE_SYS_STAT_H
| # include <sys/stat.h>
| #endif
| #ifdef STDC_HEADERS
| # include <stdlib.h>
| # include <stddef.h>
| #else
| # ifdef HAVE_STDLIB_H
| #  include <stdlib.h>
| # endif
| #endif
| #ifdef HAVE_STRING_H
| # if !defined STDC_HEADERS && defined HAVE_MEMORY_H
| #  include <memory.h>
| # endif
| # include <string.h>
| #endif
| #ifdef HAVE_STRINGS_H
| # include <strings.h>
| #endif
| #ifdef HAVE_INTTYPES_H
| # include <inttypes.h>
| #endif
| #ifdef HAVE_STDINT_H
| # include <stdint.h>
| #endif
| #ifdef HAVE_UNISTD_H
| # include <unistd.h>
| #endif
| int
| main ()
| {
| #ifndef iswblank
| #ifdef __cplusplus
|   (void) iswblank;
| #else
|   (void) iswblank;
| #endif
| #endif
| 
|   ;
|   return 0;
| }
configure:5557: result: no
configure:5574: checking for inline
configure:5590: /usr/bin/gcc -c -g -O2  conftest.c >&5
configure:5590: $? = 0
configure:5598: result: inline
configure:5664: checking whether NULL can be used in arbitrary expressions
configure:5682: /usr/bin/gcc -c -g -O2  conftest.c >&5
configure:5682: $? = 0
configure:5689: result: yes
configure:5856: checking whether stdint.h conforms to C99
configure:6025: /usr/bin/gcc -c -g -O2  conftest.c >&5
conftest.c:163: error: negative width in bit-field 'check_UINT8_C'
conftest.c:165: error: negative width in bit-field 'check_UINT16_C'
configure:6025: $? = 1
configure: failed program was:
| /* confdefs.h */
| #define PACKAGE_NAME "dummy"
| #define PACKAGE_TARNAME "dummy"
| #define PACKAGE_VERSION "0"
| #define PACKAGE_STRING "dummy 0"
| #define PACKAGE_BUGREPORT ""
| #define PACKAGE_URL ""
| #define PACKAGE "dummy"
| #define VERSION "0"
| #define STDC_HEADERS 1
| #define HAVE_SYS_TYPES_H 1
| #define HAVE_SYS_STAT_H 1
| #define HAVE_STDLIB_H 1
| #define HAVE_STRING_H 1
| #define HAVE_MEMORY_H 1
| #define HAVE_STRINGS_H 1
| #define HAVE_INTTYPES_H 1
| #define HAVE_STDINT_H 1
| #define HAVE_UNISTD_H 1
| #define __EXTENSIONS__ 1
| #define _ALL_SOURCE 1
| #define _GNU_SOURCE 1
| #define _POSIX_PTHREAD_SEMANTICS 1
| #define _TANDEM_SOURCE 1
| #define HAVE_LANGINFO_CODESET 1
| #define HAVE_WORKING_O_NOATIME 1
| #define HAVE_WORKING_O_NOFOLLOW 1
| #define HAVE_DECL_GETC_UNLOCKED 1
| #define HAVE_WCHAR_T 1
| #define HAVE_STDDEF_H 1
| #define HAVE_STDINT_H 1
| #define HAVE_WCHAR_H 1
| #define HAVE_WCTYPE_H 1
| #define HAVE_LONG_LONG_INT 1
| #define HAVE_UNSIGNED_LONG_LONG_INT 1
| #define HAVE_WINT_T 1
| #define HAVE_ISWCNTRL 1
| #define HAVE_ISWBLANK 1
| #define HAVE_WCWIDTH 1
| #define HAVE_DECL_ISWBLANK 0
| /* end confdefs.h.  */
| 
| 
| #define __STDC_LIMIT_MACROS 1 /* to make it work also in C++ mode */
| #define __STDC_CONSTANT_MACROS 1 /* to make it work also in C++ mode */
| #define _GL_JUST_INCLUDE_SYSTEM_STDINT_H 1 /* work if build isn't clean */
| #include <stdint.h>
| /* Dragonfly defines WCHAR_MIN, WCHAR_MAX only in <wchar.h>.  */
| #if !(defined WCHAR_MIN && defined WCHAR_MAX)
| #error "WCHAR_MIN, WCHAR_MAX not defined in <stdint.h>"
| #endif
| 
| 
|   /* BSD/OS 4.0.1 has a bug: <stddef.h>, <stdio.h> and <time.h> must be
|      included before <wchar.h>.  */
|   #include <stddef.h>
|   #include <signal.h>
|   #if HAVE_WCHAR_H
|   # include <stdio.h>
|   # include <time.h>
|   # include <wchar.h>
|   #endif
| 
| 
| #ifdef INT8_MAX
| int8_t a1 = INT8_MAX;
| int8_t a1min = INT8_MIN;
| #endif
| #ifdef INT16_MAX
| int16_t a2 = INT16_MAX;
| int16_t a2min = INT16_MIN;
| #endif
| #ifdef INT32_MAX
| int32_t a3 = INT32_MAX;
| int32_t a3min = INT32_MIN;
| #endif
| #ifdef INT64_MAX
| int64_t a4 = INT64_MAX;
| int64_t a4min = INT64_MIN;
| #endif
| #ifdef UINT8_MAX
| uint8_t b1 = UINT8_MAX;
| #else
| typedef int b1[(unsigned char) -1 != 255 ? 1 : -1];
| #endif
| #ifdef UINT16_MAX
| uint16_t b2 = UINT16_MAX;
| #endif
| #ifdef UINT32_MAX
| uint32_t b3 = UINT32_MAX;
| #endif
| #ifdef UINT64_MAX
| uint64_t b4 = UINT64_MAX;
| #endif
| int_least8_t c1 = INT8_C (0x7f);
| int_least8_t c1max = INT_LEAST8_MAX;
| int_least8_t c1min = INT_LEAST8_MIN;
| int_least16_t c2 = INT16_C (0x7fff);
| int_least16_t c2max = INT_LEAST16_MAX;
| int_least16_t c2min = INT_LEAST16_MIN;
| int_least32_t c3 = INT32_C (0x7fffffff);
| int_least32_t c3max = INT_LEAST32_MAX;
| int_least32_t c3min = INT_LEAST32_MIN;
| int_least64_t c4 = INT64_C (0x7fffffffffffffff);
| int_least64_t c4max = INT_LEAST64_MAX;
| int_least64_t c4min = INT_LEAST64_MIN;
| uint_least8_t d1 = UINT8_C (0xff);
| uint_least8_t d1max = UINT_LEAST8_MAX;
| uint_least16_t d2 = UINT16_C (0xffff);
| uint_least16_t d2max = UINT_LEAST16_MAX;
| uint_least32_t d3 = UINT32_C (0xffffffff);
| uint_least32_t d3max = UINT_LEAST32_MAX;
| uint_least64_t d4 = UINT64_C (0xffffffffffffffff);
| uint_least64_t d4max = UINT_LEAST64_MAX;
| int_fast8_t e1 = INT_FAST8_MAX;
| int_fast8_t e1min = INT_FAST8_MIN;
| int_fast16_t e2 = INT_FAST16_MAX;
| int_fast16_t e2min = INT_FAST16_MIN;
| int_fast32_t e3 = INT_FAST32_MAX;
| int_fast32_t e3min = INT_FAST32_MIN;
| int_fast64_t e4 = INT_FAST64_MAX;
| int_fast64_t e4min = INT_FAST64_MIN;
| uint_fast8_t f1 = UINT_FAST8_MAX;
| uint_fast16_t f2 = UINT_FAST16_MAX;
| uint_fast32_t f3 = UINT_FAST32_MAX;
| uint_fast64_t f4 = UINT_FAST64_MAX;
| #ifdef INTPTR_MAX
| intptr_t g = INTPTR_MAX;
| intptr_t gmin = INTPTR_MIN;
| #endif
| #ifdef UINTPTR_MAX
| uintptr_t h = UINTPTR_MAX;
| #endif
| intmax_t i = INTMAX_MAX;
| uintmax_t j = UINTMAX_MAX;
| 
| #include <limits.h> /* for CHAR_BIT */
| #define TYPE_MINIMUM(t)   ((t) ((t) 0 < (t) -1 ? (t) 0 : ~ (t) 0 << (sizeof (t) * CHAR_BIT - 1)))
| #define TYPE_MAXIMUM(t)   ((t) ((t) 0 < (t) -1 ? (t) -1 : ~ (~ (t) 0 << (sizeof (t) * CHAR_BIT - 1))))
| struct s {
|   int check_PTRDIFF:
|       PTRDIFF_MIN == TYPE_MINIMUM (ptrdiff_t)
|       && PTRDIFF_MAX == TYPE_MAXIMUM (ptrdiff_t)
|       ? 1 : -1;
|   /* Detect bug in FreeBSD 6.0 / ia64.  */
|   int check_SIG_ATOMIC:
|       SIG_ATOMIC_MIN == TYPE_MINIMUM (sig_atomic_t)
|       && SIG_ATOMIC_MAX == TYPE_MAXIMUM (sig_atomic_t)
|       ? 1 : -1;
|   int check_SIZE: SIZE_MAX == TYPE_MAXIMUM (size_t) ? 1 : -1;
|   int check_WCHAR:
|       WCHAR_MIN == TYPE_MINIMUM (wchar_t)
|       && WCHAR_MAX == TYPE_MAXIMUM (wchar_t)
|       ? 1 : -1;
|   /* Detect bug in mingw.  */
|   int check_WINT:
|       WINT_MIN == TYPE_MINIMUM (wint_t)
|       && WINT_MAX == TYPE_MAXIMUM (wint_t)
|       ? 1 : -1;
| 
|   /* Detect bugs in glibc 2.4 and Solaris 10 stdint.h, among others.  */
|   int check_UINT8_C:
|         (-1 < UINT8_C (0)) == (-1 < (uint_least8_t) 0) ? 1 : -1;
|   int check_UINT16_C:
|         (-1 < UINT16_C (0)) == (-1 < (uint_least16_t) 0) ? 1 : -1;
| 
|   /* Detect bugs in OpenBSD 3.9 stdint.h.  */
| #ifdef UINT8_MAX
|   int check_uint8: (uint8_t) -1 == UINT8_MAX ? 1 : -1;
| #endif
| #ifdef UINT16_MAX
|   int check_uint16: (uint16_t) -1 == UINT16_MAX ? 1 : -1;
| #endif
| #ifdef UINT32_MAX
|   int check_uint32: (uint32_t) -1 == UINT32_MAX ? 1 : -1;
| #endif
| #ifdef UINT64_MAX
|   int check_uint64: (uint64_t) -1 == UINT64_MAX ? 1 : -1;
| #endif
|   int check_uint_least8: (uint_least8_t) -1 == UINT_LEAST8_MAX ? 1 : -1;
|   int check_uint_least16: (uint_least16_t) -1 == UINT_LEAST16_MAX ? 1 : -1;
|   int check_uint_least32: (uint_least32_t) -1 == UINT_LEAST32_MAX ? 1 : -1;
|   int check_uint_least64: (uint_least64_t) -1 == UINT_LEAST64_MAX ? 1 : -1;
|   int check_uint_fast8: (uint_fast8_t) -1 == UINT_FAST8_MAX ? 1 : -1;
|   int check_uint_fast16: (uint_fast16_t) -1 == UINT_FAST16_MAX ? 1 : -1;
|   int check_uint_fast32: (uint_fast32_t) -1 == UINT_FAST32_MAX ? 1 : -1;
|   int check_uint_fast64: (uint_fast64_t) -1 == UINT_FAST64_MAX ? 1 : -1;
|   int check_uintptr: (uintptr_t) -1 == UINTPTR_MAX ? 1 : -1;
|   int check_uintmax: (uintmax_t) -1 == UINTMAX_MAX ? 1 : -1;
|   int check_size: (size_t) -1 == SIZE_MAX ? 1 : -1;
| };
| 
| int
| main ()
| {
| 
|   ;
|   return 0;
| }
configure:6119: result: no
configure:6128: checking sys/inttypes.h usability
configure:6128: /usr/bin/gcc -c -g -O2  conftest.c >&5
conftest.c:75:26: error: sys/inttypes.h: No such file or directory
configure:6128: $? = 1
configure: failed program was:
| /* confdefs.h */
| #define PACKAGE_NAME "dummy"
| #define PACKAGE_TARNAME "dummy"
| #define PACKAGE_VERSION "0"
| #define PACKAGE_STRING "dummy 0"
| #define PACKAGE_BUGREPORT ""
| #define PACKAGE_URL ""
| #define PACKAGE "dummy"
| #define VERSION "0"
| #define STDC_HEADERS 1
| #define HAVE_SYS_TYPES_H 1
| #define HAVE_SYS_STAT_H 1
| #define HAVE_STDLIB_H 1
| #define HAVE_STRING_H 1
| #define HAVE_MEMORY_H 1
| #define HAVE_STRINGS_H 1
| #define HAVE_INTTYPES_H 1
| #define HAVE_STDINT_H 1
| #define HAVE_UNISTD_H 1
| #define __EXTENSIONS__ 1
| #define _ALL_SOURCE 1
| #define _GNU_SOURCE 1
| #define _POSIX_PTHREAD_SEMANTICS 1
| #define _TANDEM_SOURCE 1
| #define HAVE_LANGINFO_CODESET 1
| #define HAVE_WORKING_O_NOATIME 1
| #define HAVE_WORKING_O_NOFOLLOW 1
| #define HAVE_DECL_GETC_UNLOCKED 1
| #define HAVE_WCHAR_T 1
| #define HAVE_STDDEF_H 1
| #define HAVE_STDINT_H 1
| #define HAVE_WCHAR_H 1
| #define HAVE_WCTYPE_H 1
| #define HAVE_LONG_LONG_INT 1
| #define HAVE_UNSIGNED_LONG_LONG_INT 1
| #define HAVE_WINT_T 1
| #define HAVE_ISWCNTRL 1
| #define HAVE_ISWBLANK 1
| #define HAVE_WCWIDTH 1
| #define HAVE_DECL_ISWBLANK 0
| /* end confdefs.h.  */
| #include <stdio.h>
| #ifdef HAVE_SYS_TYPES_H
| # include <sys/types.h>
| #endif
| #ifdef HAVE_SYS_STAT_H
| # include <sys/stat.h>
| #endif
| #ifdef STDC_HEADERS
| # include <stdlib.h>
| # include <stddef.h>
| #else
| # ifdef HAVE_STDLIB_H
| #  include <stdlib.h>
| # endif
| #endif
| #ifdef HAVE_STRING_H
| # if !defined STDC_HEADERS && defined HAVE_MEMORY_H
| #  include <memory.h>
| # endif
| # include <string.h>
| #endif
| #ifdef HAVE_STRINGS_H
| # include <strings.h>
| #endif
| #ifdef HAVE_INTTYPES_H
| # include <inttypes.h>
| #endif
| #ifdef HAVE_STDINT_H
| # include <stdint.h>
| #endif
| #ifdef HAVE_UNISTD_H
| # include <unistd.h>
| #endif
| #include <sys/inttypes.h>
configure:6128: result: no
configure:6128: checking sys/inttypes.h presence
configure:6128: /usr/bin/gcc -E  conftest.c
conftest.c:42:26: error: sys/inttypes.h: No such file or directory
configure:6128: $? = 1
configure: failed program was:
| /* confdefs.h */
| #define PACKAGE_NAME "dummy"
| #define PACKAGE_TARNAME "dummy"
| #define PACKAGE_VERSION "0"
| #define PACKAGE_STRING "dummy 0"
| #define PACKAGE_BUGREPORT ""
| #define PACKAGE_URL ""
| #define PACKAGE "dummy"
| #define VERSION "0"
| #define STDC_HEADERS 1
| #define HAVE_SYS_TYPES_H 1
| #define HAVE_SYS_STAT_H 1
| #define HAVE_STDLIB_H 1
| #define HAVE_STRING_H 1
| #define HAVE_MEMORY_H 1
| #define HAVE_STRINGS_H 1
| #define HAVE_INTTYPES_H 1
| #define HAVE_STDINT_H 1
| #define HAVE_UNISTD_H 1
| #define __EXTENSIONS__ 1
| #define _ALL_SOURCE 1
| #define _GNU_SOURCE 1
| #define _POSIX_PTHREAD_SEMANTICS 1
| #define _TANDEM_SOURCE 1
| #define HAVE_LANGINFO_CODESET 1
| #define HAVE_WORKING_O_NOATIME 1
| #define HAVE_WORKING_O_NOFOLLOW 1
| #define HAVE_DECL_GETC_UNLOCKED 1
| #define HAVE_WCHAR_T 1
| #define HAVE_STDDEF_H 1
| #define HAVE_STDINT_H 1
| #define HAVE_WCHAR_H 1
| #define HAVE_WCTYPE_H 1
| #define HAVE_LONG_LONG_INT 1
| #define HAVE_UNSIGNED_LONG_LONG_INT 1
| #define HAVE_WINT_T 1
| #define HAVE_ISWCNTRL 1
| #define HAVE_ISWBLANK 1
| #define HAVE_WCWIDTH 1
| #define HAVE_DECL_ISWBLANK 0
| /* end confdefs.h.  */
| #include <sys/inttypes.h>
configure:6128: result: no
configure:6128: checking for sys/inttypes.h
configure:6128: result: no
configure:6128: checking sys/bitypes.h usability
configure:6128: /usr/bin/gcc -c -g -O2  conftest.c >&5
conftest.c:75:25: error: sys/bitypes.h: No such file or directory
configure:6128: $? = 1
configure: failed program was:
| /* confdefs.h */
| #define PACKAGE_NAME "dummy"
| #define PACKAGE_TARNAME "dummy"
| #define PACKAGE_VERSION "0"
| #define PACKAGE_STRING "dummy 0"
| #define PACKAGE_BUGREPORT ""
| #define PACKAGE_URL ""
| #define PACKAGE "dummy"
| #define VERSION "0"
| #define STDC_HEADERS 1
| #define HAVE_SYS_TYPES_H 1
| #define HAVE_SYS_STAT_H 1
| #define HAVE_STDLIB_H 1
| #define HAVE_STRING_H 1
| #define HAVE_MEMORY_H 1
| #define HAVE_STRINGS_H 1
| #define HAVE_INTTYPES_H 1
| #define HAVE_STDINT_H 1
| #define HAVE_UNISTD_H 1
| #define __EXTENSIONS__ 1
| #define _ALL_SOURCE 1
| #define _GNU_SOURCE 1
| #define _POSIX_PTHREAD_SEMANTICS 1
| #define _TANDEM_SOURCE 1
| #define HAVE_LANGINFO_CODESET 1
| #define HAVE_WORKING_O_NOATIME 1
| #define HAVE_WORKING_O_NOFOLLOW 1
| #define HAVE_DECL_GETC_UNLOCKED 1
| #define HAVE_WCHAR_T 1
| #define HAVE_STDDEF_H 1
| #define HAVE_STDINT_H 1
| #define HAVE_WCHAR_H 1
| #define HAVE_WCTYPE_H 1
| #define HAVE_LONG_LONG_INT 1
| #define HAVE_UNSIGNED_LONG_LONG_INT 1
| #define HAVE_WINT_T 1
| #define HAVE_ISWCNTRL 1
| #define HAVE_ISWBLANK 1
| #define HAVE_WCWIDTH 1
| #define HAVE_DECL_ISWBLANK 0
| /* end confdefs.h.  */
| #include <stdio.h>
| #ifdef HAVE_SYS_TYPES_H
| # include <sys/types.h>
| #endif
| #ifdef HAVE_SYS_STAT_H
| # include <sys/stat.h>
| #endif
| #ifdef STDC_HEADERS
| # include <stdlib.h>
| # include <stddef.h>
| #else
| # ifdef HAVE_STDLIB_H
| #  include <stdlib.h>
| # endif
| #endif
| #ifdef HAVE_STRING_H
| # if !defined STDC_HEADERS && defined HAVE_MEMORY_H
| #  include <memory.h>
| # endif
| # include <string.h>
| #endif
| #ifdef HAVE_STRINGS_H
| # include <strings.h>
| #endif
| #ifdef HAVE_INTTYPES_H
| # include <inttypes.h>
| #endif
| #ifdef HAVE_STDINT_H
| # include <stdint.h>
| #endif
| #ifdef HAVE_UNISTD_H
| # include <unistd.h>
| #endif
| #include <sys/bitypes.h>
configure:6128: result: no
configure:6128: checking sys/bitypes.h presence
configure:6128: /usr/bin/gcc -E  conftest.c
conftest.c:42:25: error: sys/bitypes.h: No such file or directory
configure:6128: $? = 1
configure: failed program was:
| /* confdefs.h */
| #define PACKAGE_NAME "dummy"
| #define PACKAGE_TARNAME "dummy"
| #define PACKAGE_VERSION "0"
| #define PACKAGE_STRING "dummy 0"
| #define PACKAGE_BUGREPORT ""
| #define PACKAGE_URL ""
| #define PACKAGE "dummy"
| #define VERSION "0"
| #define STDC_HEADERS 1
| #define HAVE_SYS_TYPES_H 1
| #define HAVE_SYS_STAT_H 1
| #define HAVE_STDLIB_H 1
| #define HAVE_STRING_H 1
| #define HAVE_MEMORY_H 1
| #define HAVE_STRINGS_H 1
| #define HAVE_INTTYPES_H 1
| #define HAVE_STDINT_H 1
| #define HAVE_UNISTD_H 1
| #define __EXTENSIONS__ 1
| #define _ALL_SOURCE 1
| #define _GNU_SOURCE 1
| #define _POSIX_PTHREAD_SEMANTICS 1
| #define _TANDEM_SOURCE 1
| #define HAVE_LANGINFO_CODESET 1
| #define HAVE_WORKING_O_NOATIME 1
| #define HAVE_WORKING_O_NOFOLLOW 1
| #define HAVE_DECL_GETC_UNLOCKED 1
| #define HAVE_WCHAR_T 1
| #define HAVE_STDDEF_H 1
| #define HAVE_STDINT_H 1
| #define HAVE_WCHAR_H 1
| #define HAVE_WCTYPE_H 1
| #define HAVE_LONG_LONG_INT 1
| #define HAVE_UNSIGNED_LONG_LONG_INT 1
| #define HAVE_WINT_T 1
| #define HAVE_ISWCNTRL 1
| #define HAVE_ISWBLANK 1
| #define HAVE_WCWIDTH 1
| #define HAVE_DECL_ISWBLANK 0
| /* end confdefs.h.  */
| #include <sys/bitypes.h>
configure:6128: result: no
configure:6128: checking for sys/bitypes.h
configure:6128: result: no
configure:6165: checking for bit size of ptrdiff_t
configure:6170: /usr/bin/gcc -o conftest -g -O2   conftest.c  >&5
configure:6170: $? = 0
configure:6170: ./conftest
configure:6170: $? = 0
configure:6191: result: 32
configure:6165: checking for bit size of size_t
configure:6170: /usr/bin/gcc -o conftest -g -O2   conftest.c  >&5
configure:6170: $? = 0
configure:6170: ./conftest
configure:6170: $? = 0
configure:6191: result: 32
configure:6210: checking for bit size of sig_atomic_t
configure:6215: /usr/bin/gcc -o conftest -g -O2   conftest.c  >&5
configure:6215: $? = 0
configure:6215: ./conftest
configure:6215: $? = 0
configure:6236: result: 32
configure:6210: checking for bit size of wchar_t
configure:6215: /usr/bin/gcc -o conftest -g -O2   conftest.c  >&5
configure:6215: $? = 0
configure:6215: ./conftest
configure:6215: $? = 0
configure:6236: result: 32
configure:6210: checking for bit size of wint_t
configure:6215: /usr/bin/gcc -o conftest -g -O2   conftest.c  >&5
configure:6215: $? = 0
configure:6215: ./conftest
configure:6215: $? = 0
configure:6236: result: 32
configure:6254: checking whether sig_atomic_t is signed
configure:6281: /usr/bin/gcc -c -g -O2  conftest.c >&5
configure:6281: $? = 0
configure:6291: result: yes
configure:6254: checking whether wchar_t is signed
configure:6281: /usr/bin/gcc -c -g -O2  conftest.c >&5
configure:6281: $? = 0
configure:6291: result: yes
configure:6254: checking whether wint_t is signed
configure:6281: /usr/bin/gcc -c -g -O2  conftest.c >&5
configure:6281: $? = 0
configure:6291: result: yes
configure:6313: checking for ptrdiff_t integer literal suffix
configure:6359: /usr/bin/gcc -c -g -O2  conftest.c >&5
configure:6359: $? = 0
configure:6368: result: 
configure:6313: checking for size_t integer literal suffix
configure:6359: /usr/bin/gcc -c -g -O2  conftest.c >&5
conftest.c:63: error: conflicting types for 'foo'
conftest.c:62: error: previous declaration of 'foo' was here
configure:6359: $? = 1
configure: failed program was:
| /* confdefs.h */
| #define PACKAGE_NAME "dummy"
| #define PACKAGE_TARNAME "dummy"
| #define PACKAGE_VERSION "0"
| #define PACKAGE_STRING "dummy 0"
| #define PACKAGE_BUGREPORT ""
| #define PACKAGE_URL ""
| #define PACKAGE "dummy"
| #define VERSION "0"
| #define STDC_HEADERS 1
| #define HAVE_SYS_TYPES_H 1
| #define HAVE_SYS_STAT_H 1
| #define HAVE_STDLIB_H 1
| #define HAVE_STRING_H 1
| #define HAVE_MEMORY_H 1
| #define HAVE_STRINGS_H 1
| #define HAVE_INTTYPES_H 1
| #define HAVE_STDINT_H 1
| #define HAVE_UNISTD_H 1
| #define __EXTENSIONS__ 1
| #define _ALL_SOURCE 1
| #define _GNU_SOURCE 1
| #define _POSIX_PTHREAD_SEMANTICS 1
| #define _TANDEM_SOURCE 1
| #define HAVE_LANGINFO_CODESET 1
| #define HAVE_WORKING_O_NOATIME 1
| #define HAVE_WORKING_O_NOFOLLOW 1
| #define HAVE_DECL_GETC_UNLOCKED 1
| #define HAVE_WCHAR_T 1
| #define HAVE_STDDEF_H 1
| #define HAVE_STDINT_H 1
| #define HAVE_WCHAR_H 1
| #define HAVE_WCTYPE_H 1
| #define HAVE_LONG_LONG_INT 1
| #define HAVE_UNSIGNED_LONG_LONG_INT 1
| #define HAVE_WINT_T 1
| #define HAVE_ISWCNTRL 1
| #define HAVE_ISWBLANK 1
| #define HAVE_WCWIDTH 1
| #define HAVE_DECL_ISWBLANK 0
| #define BITSIZEOF_PTRDIFF_T 32
| #define BITSIZEOF_SIZE_T 32
| #define BITSIZEOF_SIG_ATOMIC_T 32
| #define BITSIZEOF_WCHAR_T 32
| #define BITSIZEOF_WINT_T 32
| #define HAVE_SIGNED_SIG_ATOMIC_T 1
| #define HAVE_SIGNED_WCHAR_T 1
| #define HAVE_SIGNED_WINT_T 1
| #define PTRDIFF_T_SUFFIX 
| /* end confdefs.h.  */
| 
|   /* BSD/OS 4.0.1 has a bug: <stddef.h>, <stdio.h> and <time.h> must be
|      included before <wchar.h>.  */
|   #include <stddef.h>
|   #include <signal.h>
|   #if HAVE_WCHAR_H
|   # include <stdio.h>
|   # include <time.h>
|   # include <wchar.h>
|   #endif
| 
|               extern size_t foo;
|               extern unsigned int foo;
| int
| main ()
| {
| 
|   ;
|   return 0;
| }
configure:6359: /usr/bin/gcc -c -g -O2  conftest.c >&5
configure:6359: $? = 0
configure:6368: result: ul
configure:6385: checking for sig_atomic_t integer literal suffix
configure:6431: /usr/bin/gcc -c -g -O2  conftest.c >&5
configure:6431: $? = 0
configure:6440: result: 
configure:6385: checking for wchar_t integer literal suffix
configure:6431: /usr/bin/gcc -c -g -O2  conftest.c >&5
configure:6431: $? = 0
configure:6440: result: 
configure:6385: checking for wint_t integer literal suffix
configure:6431: /usr/bin/gcc -c -g -O2  conftest.c >&5
configure:6431: $? = 0
configure:6440: result: 
configure:6636: checking whether btowc is declared without a macro
configure:6661: /usr/bin/gcc -c -g -O2  conftest.c >&5
configure:6661: $? = 0
configure:6669: result: yes
configure:6636: checking whether wctob is declared without a macro
configure:6661: /usr/bin/gcc -c -g -O2  conftest.c >&5
configure:6661: $? = 0
configure:6669: result: yes
configure:6636: checking whether mbsinit is declared without a macro
configure:6661: /usr/bin/gcc -c -g -O2  conftest.c >&5
configure:6661: $? = 0
configure:6669: result: yes
configure:6636: checking whether mbrtowc is declared without a macro
configure:6661: /usr/bin/gcc -c -g -O2  conftest.c >&5
configure:6661: $? = 0
configure:6669: result: yes
configure:6636: checking whether mbrlen is declared without a macro
configure:6661: /usr/bin/gcc -c -g -O2  conftest.c >&5
configure:6661: $? = 0
configure:6669: result: yes
configure:6636: checking whether mbsrtowcs is declared without a macro
configure:6661: /usr/bin/gcc -c -g -O2  conftest.c >&5
configure:6661: $? = 0
configure:6669: result: yes
configure:6636: checking whether mbsnrtowcs is declared without a macro
configure:6661: /usr/bin/gcc -c -g -O2  conftest.c >&5
configure:6661: $? = 0
configure:6669: result: yes
configure:6636: checking whether wcrtomb is declared without a macro
configure:6661: /usr/bin/gcc -c -g -O2  conftest.c >&5
configure:6661: $? = 0
configure:6669: result: yes
configure:6636: checking whether wcsrtombs is declared without a macro
configure:6661: /usr/bin/gcc -c -g -O2  conftest.c >&5
configure:6661: $? = 0
configure:6669: result: yes
configure:6636: checking whether wcsnrtombs is declared without a macro
configure:6661: /usr/bin/gcc -c -g -O2  conftest.c >&5
configure:6661: $? = 0
configure:6669: result: yes
configure:6636: checking whether wcwidth is declared without a macro
configure:6661: /usr/bin/gcc -c -g -O2  conftest.c >&5
configure:6661: $? = 0
configure:6669: result: yes
configure:6745: checking whether iswcntrl works
configure:6784: /usr/bin/gcc -o conftest -g -O2   conftest.c  >&5
configure:6784: $? = 0
configure:6784: ./conftest
configure:6784: $? = 0
configure:6795: result: yes
configure:6894: checking whether wcwidth is declared
configure:6894: result: yes
configure:6922: checking whether wcwidth works reasonably in UTF-8 locales
configure:6971: /usr/bin/gcc -o conftest -g -O2   conftest.c  >&5
configure:6971: $? = 0
configure:6971: ./conftest
configure:6971: $? = 0
configure:6982: result: yes
configure:7180: creating ./config.status

## ---------------------- ##
## Running config.status. ##
## ---------------------- ##

This file was extended by dummy config.status 0, which was
generated by GNU Autoconf 2.67.  Invocation command line was

  CONFIG_FILES    = 
  CONFIG_HEADERS  = 
  CONFIG_LINKS    = 
  CONFIG_COMMANDS = 
  $ ./config.status 

on Chriss-iPad

config.status:1005: creating Makefile
config.status:1005: creating lib/Makefile
config.status:1005: creating m4/Makefile
config.status:1005: creating config.h
config.status:1233: executing depfiles commands

## ---------------- ##
## Cache variables. ##
## ---------------- ##[]

ac_cv_build=arm-apple-darwin10.4.0
ac_cv_c_compiler_gnu=yes
ac_cv_c_inline=inline
ac_cv_env_CC_set=set
ac_cv_env_CC_value=/usr/bin/gcc
ac_cv_env_CFLAGS_set=set
ac_cv_env_CFLAGS_value='-g -O2'
ac_cv_env_CPPFLAGS_set=set
ac_cv_env_CPPFLAGS_value=
ac_cv_env_CPP_set=
ac_cv_env_CPP_value=
ac_cv_env_LDFLAGS_set=set
ac_cv_env_LDFLAGS_value=
ac_cv_env_LIBS_set=set
ac_cv_env_LIBS_value=
ac_cv_env_build_alias_set=
ac_cv_env_build_alias_value=
ac_cv_env_host_alias_set=
ac_cv_env_host_alias_value=
ac_cv_env_target_alias_set=
ac_cv_env_target_alias_value=
ac_cv_func_iswblank=yes
ac_cv_func_iswcntrl=yes
ac_cv_func_wcwidth=yes
ac_cv_gnu_library_2_1=no
ac_cv_have_decl_btowc=yes
ac_cv_have_decl_getc_unlocked=yes
ac_cv_have_decl_iswblank=no
ac_cv_have_decl_mbrlen=yes
ac_cv_have_decl_mbrtowc=yes
ac_cv_have_decl_mbsinit=yes
ac_cv_have_decl_mbsnrtowcs=yes
ac_cv_have_decl_mbsrtowcs=yes
ac_cv_have_decl_wcrtomb=yes
ac_cv_have_decl_wcsnrtombs=yes
ac_cv_have_decl_wcsrtombs=yes
ac_cv_have_decl_wctob=yes
ac_cv_have_decl_wcwidth=yes
ac_cv_header_features_h=no
ac_cv_header_inttypes_h=yes
ac_cv_header_memory_h=yes
ac_cv_header_minix_config_h=no
ac_cv_header_stdc=yes
ac_cv_header_stddef_h=yes
ac_cv_header_stdint_h=yes
ac_cv_header_stdlib_h=yes
ac_cv_header_string_h=yes
ac_cv_header_strings_h=yes
ac_cv_header_sys_bitypes_h=no
ac_cv_header_sys_inttypes_h=no
ac_cv_header_sys_stat_h=yes
ac_cv_header_sys_types_h=yes
ac_cv_header_unistd_h=yes
ac_cv_header_wchar_h=yes
ac_cv_header_wctype_h=yes
ac_cv_host=arm-apple-darwin10.4.0
ac_cv_objext=o
ac_cv_path_EGREP='/bin/grep -E'
ac_cv_path_GREP=/bin/grep
ac_cv_path_install='/usr/bin/install -c'
ac_cv_path_mkdir=/bin/mkdir
ac_cv_prog_AWK=gawk
ac_cv_prog_CPP='/usr/bin/gcc -E'
ac_cv_prog_ac_ct_CC=/usr/bin/gcc
ac_cv_prog_ac_ct_RANLIB=ranlib
ac_cv_prog_cc__usr_bin_gcc_c_o=yes
ac_cv_prog_cc_c89=
ac_cv_prog_cc_g=yes
ac_cv_prog_make_make_set=yes
ac_cv_safe_to_define___extensions__=yes
ac_cv_type_long_long_int=yes
ac_cv_type_unsigned_long_long_int=yes
am_cv_CC_dependencies_compiler_type=gcc3
am_cv_langinfo_codeset=yes
gl_cv_bitsizeof_ptrdiff_t=32
gl_cv_bitsizeof_sig_atomic_t=32
gl_cv_bitsizeof_size_t=32
gl_cv_bitsizeof_wchar_t=32
gl_cv_bitsizeof_wint_t=32
gl_cv_c_multiarch=no
gl_cv_decl_null_works=yes
gl_cv_func_iswcntrl_works=yes
gl_cv_func_wcwidth_works=yes
gl_cv_have_include_next=yes
gl_cv_have_raw_decl_btowc=yes
gl_cv_have_raw_decl_mbrlen=yes
gl_cv_have_raw_decl_mbrtowc=yes
gl_cv_have_raw_decl_mbsinit=yes
gl_cv_have_raw_decl_mbsnrtowcs=yes
gl_cv_have_raw_decl_mbsrtowcs=yes
gl_cv_have_raw_decl_wcrtomb=yes
gl_cv_have_raw_decl_wcsnrtombs=yes
gl_cv_have_raw_decl_wcsrtombs=yes
gl_cv_have_raw_decl_wctob=yes
gl_cv_have_raw_decl_wcwidth=yes
gl_cv_header_wchar_h_correct_inline=yes
gl_cv_header_working_fcntl_h=yes
gl_cv_header_working_stdint_h=no
gl_cv_next_stdint_h='<stdint.h>'
gl_cv_next_wchar_h='<wchar.h>'
gl_cv_next_wctype_h='<wctype.h>'
gl_cv_pragma_columns=no
gl_cv_type_ptrdiff_t_signed=yes
gl_cv_type_ptrdiff_t_suffix=
gl_cv_type_sig_atomic_t_signed=yes
gl_cv_type_sig_atomic_t_suffix=
gl_cv_type_size_t_signed=no
gl_cv_type_size_t_suffix=ul
gl_cv_type_wchar_t_signed=yes
gl_cv_type_wchar_t_suffix=
gl_cv_type_wint_t_signed=yes
gl_cv_type_wint_t_suffix=
gt_cv_c_wchar_t=yes
gt_cv_c_wint_t=yes

## ----------------- ##
## Output variables. ##
## ----------------- ##[]

ACLOCAL='${SHELL} /home/chris/groff-1.21/src/libs/gnulib/build-aux/missing --run aclocal-1.11'
AMDEPBACKSLASH='\'
AMDEP_FALSE='#'
AMDEP_TRUE=''
AMTAR='${SHELL} /home/chris/groff-1.21/src/libs/gnulib/build-aux/missing --run tar'
APPLE_UNIVERSAL_BUILD='0'
AUTOCONF='${SHELL} /home/chris/groff-1.21/src/libs/gnulib/build-aux/missing --run autoconf'
AUTOHEADER='${SHELL} /home/chris/groff-1.21/src/libs/gnulib/build-aux/missing --run autoheader'
AUTOMAKE='${SHELL} /home/chris/groff-1.21/src/libs/gnulib/build-aux/missing --run automake-1.11'
AWK='gawk'
BITSIZEOF_PTRDIFF_T='32'
BITSIZEOF_SIG_ATOMIC_T='32'
BITSIZEOF_SIZE_T='32'
BITSIZEOF_WCHAR_T='32'
BITSIZEOF_WINT_T='32'
CC='/usr/bin/gcc'
CCDEPMODE='depmode=gcc3'
CFLAGS='-g -O2'
CPP='/usr/bin/gcc -E'
CPPFLAGS=''
CYGPATH_W='echo'
DEFS='-DHAVE_CONFIG_H'
DEPDIR='.deps'
ECHO_C=''
ECHO_N='-n'
ECHO_T=''
EGREP='/bin/grep -E'
EXEEXT=''
GLIBC21='no'
GL_COND_LIBTOOL_FALSE=''
GL_COND_LIBTOOL_TRUE='#'
GNULIB_BTOWC='0'
GNULIB_MBRLEN='0'
GNULIB_MBRTOWC='0'
GNULIB_MBSINIT='0'
GNULIB_MBSNRTOWCS='0'
GNULIB_MBSRTOWCS='0'
GNULIB_WCRTOMB='0'
GNULIB_WCSNRTOMBS='0'
GNULIB_WCSRTOMBS='0'
GNULIB_WCTOB='0'
GNULIB_WCWIDTH='1'
GREP='/bin/grep'
HAVE_BTOWC='1'
HAVE_DECL_WCTOB='1'
HAVE_DECL_WCWIDTH='1'
HAVE_FEATURES_H='0'
HAVE_INTTYPES_H='1'
HAVE_ISWBLANK='1'
HAVE_ISWCNTRL='1'
HAVE_LONG_LONG_INT='1'
HAVE_MBRLEN='1'
HAVE_MBRTOWC='1'
HAVE_MBSINIT='1'
HAVE_MBSNRTOWCS='1'
HAVE_MBSRTOWCS='1'
HAVE_SIGNED_SIG_ATOMIC_T='1'
HAVE_SIGNED_WCHAR_T='1'
HAVE_SIGNED_WINT_T='1'
HAVE_STDINT_H='1'
HAVE_SYS_BITYPES_H='0'
HAVE_SYS_INTTYPES_H='0'
HAVE_SYS_TYPES_H='1'
HAVE_UNSIGNED_LONG_LONG_INT='1'
HAVE_WCHAR_H='1'
HAVE_WCHAR_T='1'
HAVE_WCRTOMB='1'
HAVE_WCSNRTOMBS='1'
HAVE_WCSRTOMBS='1'
HAVE_WCTYPE_H='1'
HAVE_WINT_T='1'
INCLUDE_NEXT='include_next'
INCLUDE_NEXT_AS_FIRST_DIRECTIVE='include_next'
INSTALL_DATA='/usr/bin/install -c -m 644'
INSTALL_PROGRAM='/usr/bin/install -c'
INSTALL_SCRIPT='/usr/bin/install -c'
INSTALL_STRIP_PROGRAM='$(install_sh) -c -s'
LDFLAGS=''
LIBGNU_LIBDEPS=''
LIBGNU_LTLIBDEPS=''
LIBOBJS=''
LIBS=''
LIBUNISTRING_COMPILE_UNIWIDTH_WIDTH_FALSE='#'
LIBUNISTRING_COMPILE_UNIWIDTH_WIDTH_TRUE=''
LIBUNISTRING_UNITYPES_H='unitypes.h'
LIBUNISTRING_UNIWIDTH_H='uniwidth.h'
LOCALCHARSET_TESTS_ENVIRONMENT='CHARSETALIASDIR="$(top_builddir)/lib"'
LTLIBOBJS=''
MAKEINFO='makeinfo'
MKDIR_P='/bin/mkdir -p'
NEXT_AS_FIRST_DIRECTIVE_STDDEF_H=''
NEXT_AS_FIRST_DIRECTIVE_STDINT_H='<stdint.h>'
NEXT_AS_FIRST_DIRECTIVE_WCHAR_H='<wchar.h>'
NEXT_AS_FIRST_DIRECTIVE_WCTYPE_H='<wctype.h>'
NEXT_STDDEF_H=''
NEXT_STDINT_H='<stdint.h>'
NEXT_WCHAR_H='<wchar.h>'
NEXT_WCTYPE_H='<wctype.h>'
OBJEXT='o'
PACKAGE='dummy'
PACKAGE_BUGREPORT=''
PACKAGE_NAME='dummy'
PACKAGE_STRING='dummy 0'
PACKAGE_TARNAME='dummy'
PACKAGE_URL=''
PACKAGE_VERSION='0'
PATH_SEPARATOR=':'
PRAGMA_COLUMNS=''
PRAGMA_SYSTEM_HEADER='#pragma GCC system_header'
PTRDIFF_T_SUFFIX=''
RANLIB='ranlib'
REPLACE_BTOWC='0'
REPLACE_ISWBLANK='0'
REPLACE_ISWCNTRL='0'
REPLACE_MBRLEN='0'
REPLACE_MBRTOWC='0'
REPLACE_MBSINIT='0'
REPLACE_MBSNRTOWCS='0'
REPLACE_MBSRTOWCS='0'
REPLACE_MBSTATE_T='0'
REPLACE_NULL='0'
REPLACE_WCRTOMB='0'
REPLACE_WCSNRTOMBS='0'
REPLACE_WCSRTOMBS='0'
REPLACE_WCTOB='0'
REPLACE_WCWIDTH='0'
SET_MAKE=''
SHELL='/bin/sh'
SIG_ATOMIC_T_SUFFIX=''
SIZE_T_SUFFIX='ul'
STDDEF_H=''
STDINT_H='stdint.h'
STRIP=''
VERSION='0'
WCHAR_T_SUFFIX=''
WINT_T_SUFFIX=''
ac_ct_CC='/usr/bin/gcc'
am__EXEEXT_FALSE=''
am__EXEEXT_TRUE='#'
am__fastdepCC_FALSE='#'
am__fastdepCC_TRUE=''
am__include='include'
am__isrc=''
am__leading_dot='.'
am__quote=''
am__tar='${AMTAR} chof - "$$tardir"'
am__untar='${AMTAR} xf -'
bindir='${exec_prefix}/bin'
build='arm-apple-darwin10.4.0'
build_alias=''
build_cpu='arm'
build_os='darwin10.4.0'
build_vendor='apple'
datadir='${datarootdir}'
datarootdir='${prefix}/share'
docdir='${datarootdir}/doc/${PACKAGE_TARNAME}'
dvidir='${docdir}'
exec_prefix='${prefix}'
gl_LIBOBJS=''
gl_LTLIBOBJS=''
host='arm-apple-darwin10.4.0'
host_alias=''
host_cpu='arm'
host_os='darwin10.4.0'
host_vendor='apple'
htmldir='${docdir}'
includedir='${prefix}/include'
infodir='${datarootdir}/info'
install_sh='${SHELL} /home/chris/groff-1.21/src/libs/gnulib/build-aux/install-sh'
libdir='${exec_prefix}/lib'
libexecdir='${exec_prefix}/libexec'
localedir='${datarootdir}/locale'
localstatedir='${prefix}/var'
mandir='${datarootdir}/man'
mkdir_p='/bin/mkdir -p'
oldincludedir='/usr/include'
pdfdir='${docdir}'
prefix='/usr/local'
program_transform_name='s,x,x,'
psdir='${docdir}'
sbindir='${exec_prefix}/sbin'
sharedstatedir='${prefix}/com'
sysconfdir='${prefix}/etc'
target_alias=''

## ----------- ##
## confdefs.h. ##
## ----------- ##[]

/* confdefs.h */
#define PACKAGE_NAME "dummy"
#define PACKAGE_TARNAME "dummy"
#define PACKAGE_VERSION "0"
#define PACKAGE_STRING "dummy 0"
#define PACKAGE_BUGREPORT ""
#define PACKAGE_URL ""
#define PACKAGE "dummy"
#define VERSION "0"
#define STDC_HEADERS 1
#define HAVE_SYS_TYPES_H 1
#define HAVE_SYS_STAT_H 1
#define HAVE_STDLIB_H 1
#define HAVE_STRING_H 1
#define HAVE_MEMORY_H 1
#define HAVE_STRINGS_H 1
#define HAVE_INTTYPES_H 1
#define HAVE_STDINT_H 1
#define HAVE_UNISTD_H 1
#define __EXTENSIONS__ 1
#define _ALL_SOURCE 1
#define _GNU_SOURCE 1
#define _POSIX_PTHREAD_SEMANTICS 1
#define _TANDEM_SOURCE 1
#define HAVE_LANGINFO_CODESET 1
#define HAVE_WORKING_O_NOATIME 1
#define HAVE_WORKING_O_NOFOLLOW 1
#define HAVE_DECL_GETC_UNLOCKED 1
#define HAVE_WCHAR_T 1
#define HAVE_STDDEF_H 1
#define HAVE_STDINT_H 1
#define HAVE_WCHAR_H 1
#define HAVE_WCTYPE_H 1
#define HAVE_LONG_LONG_INT 1
#define HAVE_UNSIGNED_LONG_LONG_INT 1
#define HAVE_WINT_T 1
#define HAVE_ISWCNTRL 1
#define HAVE_ISWBLANK 1
#define HAVE_WCWIDTH 1
#define HAVE_DECL_ISWBLANK 0
#define BITSIZEOF_PTRDIFF_T 32
#define BITSIZEOF_SIZE_T 32
#define BITSIZEOF_SIG_ATOMIC_T 32
#define BITSIZEOF_WCHAR_T 32
#define BITSIZEOF_WINT_T 32
#define HAVE_SIGNED_SIG_ATOMIC_T 1
#define HAVE_SIGNED_WCHAR_T 1
#define HAVE_SIGNED_WINT_T 1
#define PTRDIFF_T_SUFFIX 
#define SIZE_T_SUFFIX ul
#define SIG_ATOMIC_T_SUFFIX 
#define WCHAR_T_SUFFIX 
#define WINT_T_SUFFIX 
#define HAVE_RAW_DECL_BTOWC 1
#define HAVE_RAW_DECL_WCTOB 1
#define HAVE_RAW_DECL_MBSINIT 1
#define HAVE_RAW_DECL_MBRTOWC 1
#define HAVE_RAW_DECL_MBRLEN 1
#define HAVE_RAW_DECL_MBSRTOWCS 1
#define HAVE_RAW_DECL_MBSNRTOWCS 1
#define HAVE_RAW_DECL_WCRTOMB 1
#define HAVE_RAW_DECL_WCSRTOMBS 1
#define HAVE_RAW_DECL_WCSNRTOMBS 1
#define HAVE_RAW_DECL_WCWIDTH 1
#define HAVE_DECL_WCWIDTH 1
#define GNULIB_TEST_WCWIDTH 1

configure: exit 0
