This file contains any messages produced by compilers while
running configure, to aid debugging if configure makes a mistake.

It was created by jamvm configure 2.0.0, which was
generated by GNU Autoconf 2.69.  Invocation command line was

  $ ./configure --enable-ffi --with-classpath-install-dir=/usr/local/classpath --enable-zip

## --------- ##
## Platform. ##
## --------- ##

hostname = Chriss-iPad
uname -m = iPad1,1
uname -r = 11.0.0
uname -s = Darwin
uname -v = Darwin Kernel Version 11.0.0: Sun Apr  8 21:51:26 PDT 2012; root:xnu-1878.11.10~1/RELEASE_ARM_S5L8930X

/usr/bin/uname -p = unknown
/bin/uname -X     = unknown

/bin/arch              = unknown
/usr/bin/arch -k       = unknown
/usr/convex/getsysinfo = unknown
/usr/bin/hostinfo      = Mach kernel version:
	 Darwin Kernel Version 11.0.0: Sun Apr  8 21:51:26 PDT 2012; root:xnu-1878.11.10~1/RELEASE_ARM_S5L8930X
Kernel configured for a single processor only.
1 processor is physically available.
1 processor is logically available.
Processor type: armv7 (arm v7)
Processor active: 0
Primary memory available: 246.98 megabytes
Default processor set: 34 tasks, 235 threads, 1 processors
Load average: 1.87, Mach factor: 0.29
/bin/machine           = unknown
/usr/bin/oslevel       = unknown
/bin/universe          = unknown

PATH: /usr/local/sbin
PATH: /usr/local/bin
PATH: /usr/sbin
PATH: /usr/bin
PATH: /sbin
PATH: /bin
PATH: /usr/bin/X11
PATH: /usr/games
PATH: /usr/local/Gambit-C/bin
PATH: /home/chris/apache-ant-1.7.1/bin


## ----------- ##
## Core tests. ##
## ----------- ##

configure:2385: checking for a BSD-compatible install
configure:2453: result: /usr/bin/install -c
configure:2464: checking whether build environment is sane
configure:2514: result: yes
configure:2655: checking for a thread-safe mkdir -p
configure:2694: result: /bin/mkdir -p
configure:2707: checking for gawk
configure:2723: found /usr/bin/gawk
configure:2734: result: gawk
configure:2745: checking whether make sets $(MAKE)
configure:2767: result: yes
configure:2852: checking build system type
configure:2866: result: arm-apple-darwin11.0.0
configure:2886: checking host system type
configure:2899: result: arm-apple-darwin11.0.0
configure:3331: checking how to print strings
configure:3358: result: printf
configure:3391: checking for style of include used by make
configure:3419: result: GNU
configure:3490: checking for gcc
configure:3517: result: /usr/bin/gcc
configure:3746: checking for C compiler version
configure:3755: /usr/bin/gcc --version >&5
gcc (GCC) 4.2.1 (Based on Apple Inc. build 5555)
Copyright (C) 2007 Free Software Foundation, Inc.
This is free software; see the source for copying conditions.  There is NO
warranty; not even for MERCHANTABILITY or FITNESS FOR A PARTICULAR PURPOSE.

configure:3766: $? = 0
configure:3755: /usr/bin/gcc -v >&5
Using built-in specs.
Target: arm-apple-darwin9
Configured with: ../llvm-gcc-4.2/configure --build=x86_64-unknown-linux-gnu --host=arm-apple-darwin9 --enable-static=no --enable-shared=yes --prefix=/usr --localstatedir=/var/cache/iphone-gcc --enable-languages=c,c++,objc,obj-c++ --enable-wchar_t=no --with-gxx-include-dir=/usr/include/c++/4.0.0
Thread model: posix
gcc version 4.2.1 (Based on Apple Inc. build 5555)
configure:3766: $? = 0
configure:3755: /usr/bin/gcc -V >&5
gcc: '-V' option must have argument
configure:3766: $? = 1
configure:3755: /usr/bin/gcc -qversion >&5
gcc: no input files
configure:3766: $? = 1
configure:3786: checking whether the C compiler works
configure:3808: /usr/bin/gcc    conftest.c  >&5
configure:3812: $? = 0
configure:3860: result: yes
configure:3863: checking for C compiler default output file name
configure:3865: result: a.out
configure:3871: checking for suffix of executables
configure:3878: /usr/bin/gcc -o conftest    conftest.c  >&5
configure:3882: $? = 0
configure:3904: result: 
configure:3926: checking whether we are cross compiling
configure:3934: /usr/bin/gcc -o conftest    conftest.c  >&5
configure:3938: $? = 0
configure:3945: ./conftest
./configure: line 3947: 11430 Killed: 9               ./conftest$ac_cv_exeext
configure:3949: $? = 137
configure:3962: result: yes
configure:3967: checking for suffix of object files
configure:3989: /usr/bin/gcc -c   conftest.c >&5
configure:3993: $? = 0
configure:4014: result: o
configure:4018: checking whether we are using the GNU C compiler
configure:4037: /usr/bin/gcc -c   conftest.c >&5
configure:4037: $? = 0
configure:4046: result: yes
configure:4055: checking whether /usr/bin/gcc accepts -g
configure:4075: /usr/bin/gcc -c -g  conftest.c >&5
configure:4075: $? = 0
configure:4116: result: yes
configure:4133: checking for /usr/bin/gcc option to accept ISO C89
configure:4196: /usr/bin/gcc  -c -g -O2  conftest.c >&5
configure:4196: $? = 0
configure:4209: result: none needed
configure:4231: checking dependency style of /usr/bin/gcc
configure:4342: result: gcc3
configure:4357: checking for a sed that does not truncate output
configure:4421: result: /bin/sed
configure:4439: checking for grep that handles long lines and -e
configure:4497: result: /bin/grep
configure:4502: checking for egrep
configure:4564: result: /bin/grep -E
configure:4569: checking for fgrep
configure:4631: result: /bin/grep -F
configure:4666: checking for ld used by /usr/bin/gcc
configure:4733: result: /usr/bin/ld
configure:4740: checking if the linker (/usr/bin/ld) is GNU ld
configure:4755: result: no
configure:4767: checking for BSD- or MS-compatible name lister (nm)
configure:4816: result: /usr/bin/nm -p
configure:4946: checking the name lister (/usr/bin/nm -p) interface
configure:4953: /usr/bin/gcc -c -g -O2  conftest.c >&5
configure:4956: /usr/bin/nm -p "conftest.o"
configure:4959: output
00000000 D _some_variable
configure:4966: result: BSD nm
configure:4969: checking whether ln -s works
configure:4973: result: yes
configure:4981: checking the maximum length of command line arguments
configure:5111: result: 196608
configure:5128: checking whether the shell understands some XSI constructs
configure:5138: result: yes
configure:5142: checking whether the shell understands "+="
configure:5148: result: yes
configure:5183: checking how to convert arm-apple-darwin11.0.0 file names to arm-apple-darwin11.0.0 format
configure:5223: result: func_convert_file_noop
configure:5230: checking how to convert arm-apple-darwin11.0.0 file names to toolchain format
configure:5250: result: func_convert_file_noop
configure:5257: checking for /usr/bin/ld option to reload object files
configure:5264: result: -r
configure:5338: checking for objdump
configure:5354: found /usr/bin/objdump
configure:5365: result: objdump
configure:5377: WARNING: using cross tools not prefixed with host triplet
configure:5397: checking how to recognize dependent libraries
configure:5595: result: pass_all
configure:5680: checking for dlltool
configure:5710: result: no
configure:5740: checking how to associate runtime and link libraries
configure:5767: result: printf %s\n
configure:5828: checking for ar
configure:5844: found /usr/bin/ar
configure:5855: result: ar
configure:5892: checking for archiver @FILE support
configure:5909: /usr/bin/gcc -c -g -O2  conftest.c >&5
configure:5909: $? = 0
configure:5912: ar cru libconftest.a @conftest.lst >&5
ar: @conftest.lst: No such file or directory
configure:5915: $? = 1
configure:5935: result: no
configure:5993: checking for strip
configure:6009: found /usr/bin/strip
configure:6020: result: strip
configure:6092: checking for ranlib
configure:6108: found /usr/bin/ranlib
configure:6119: result: ranlib
configure:6221: checking command to parse /usr/bin/nm -p output from /usr/bin/gcc object
configure:6341: /usr/bin/gcc -c -g -O2  conftest.c >&5
configure:6344: $? = 0
configure:6348: /usr/bin/nm -p conftest.o \| sed -n -e 's/^.*[ ]\([BCDEGRST][BCDEGRST]*\)[ ][ ]*\([_A-Za-z][_A-Za-z0-9]*\)$/\1 \2 \2/p' | sed '/ __gnu_lto/d' \> conftest.nm
configure:6351: $? = 0
cannot find nm_test_var in conftest.nm
configure:6341: /usr/bin/gcc -c -g -O2  conftest.c >&5
configure:6344: $? = 0
configure:6348: /usr/bin/nm -p conftest.o \| sed -n -e 's/^.*[ ]\([BCDEGRST][BCDEGRST]*\)[ ][ ]*_\([_A-Za-z][_A-Za-z0-9]*\)$/\1 _\2 \2/p' | sed '/ __gnu_lto/d' \> conftest.nm
configure:6351: $? = 0
configure:6417: /usr/bin/gcc -o conftest -g -O2   conftest.c conftstm.o >&5
configure:6420: $? = 0
configure:6458: result: ok
configure:6495: checking for sysroot
configure:6525: result: no
configure:6781: checking for mt
configure:6811: result: no
configure:6831: checking if : is a manifest tool
configure:6837: : '-?'
configure:6845: result: no
configure:6901: checking for dsymutil
configure:6931: result: no
configure:6993: checking for nmedit
configure:7009: found /usr/bin/nmedit
configure:7020: result: nmedit
configure:7085: checking for lipo
configure:7101: found /usr/bin/lipo
configure:7112: result: lipo
configure:7177: checking for otool
configure:7193: found /usr/bin/otool
configure:7204: result: otool
configure:7269: checking for otool64
configure:7285: found /usr/bin/otool64
configure:7296: result: otool64
configure:7344: checking for -single_module linker flag
/usr/bin/gcc -g -O2  -o libconftest.dylib -dynamiclib -Wl,-single_module conftest.c
configure:7377: result: yes
configure:7380: checking for -exported_symbols_list linker flag
configure:7400: /usr/bin/gcc -o conftest -g -O2   -Wl,-exported_symbols_list,conftest.sym conftest.c  >&5
configure:7400: $? = 0
configure:7410: result: yes
configure:7413: checking for -force_load linker flag
/usr/bin/gcc -g -O2 -c -o conftest.o conftest.c
ar cru libconftest.a conftest.o
ranlib libconftest.a
/usr/bin/gcc -g -O2  -o conftest conftest.c -Wl,-force_load,./libconftest.a
ld: unknown option: -force_load
collect2: ld returned 1 exit status
configure:7445: result: no
configure:7487: checking how to run the C preprocessor
configure:7518: /usr/bin/gcc -E  conftest.c
configure:7518: $? = 0
configure:7532: /usr/bin/gcc -E  conftest.c
conftest.c:17:28: error: ac_nonexistent.h: No such file or directory
configure:7532: $? = 1
configure: failed program was:
| /* confdefs.h */
| #define PACKAGE_NAME "jamvm"
| #define PACKAGE_TARNAME "jamvm"
| #define PACKAGE_VERSION "2.0.0"
| #define PACKAGE_STRING "jamvm 2.0.0"
| #define PACKAGE_BUGREPORT ""
| #define PACKAGE_URL ""
| #define PACKAGE "jamvm"
| #define VERSION "2.0.0"
| #define THREADED 1
| #define USE_CACHE 1
| #define DIRECT 1
| #define INLINING 1
| #define CLASSPATH_INSTALL_DIR "/usr/local/classpath"
| #define INSTALL_DIR "/usr/local/jamvm"
| /* end confdefs.h.  */
| #include <ac_nonexistent.h>
configure:7557: result: /usr/bin/gcc -E
configure:7577: /usr/bin/gcc -E  conftest.c
configure:7577: $? = 0
configure:7591: /usr/bin/gcc -E  conftest.c
conftest.c:17:28: error: ac_nonexistent.h: No such file or directory
configure:7591: $? = 1
configure: failed program was:
| /* confdefs.h */
| #define PACKAGE_NAME "jamvm"
| #define PACKAGE_TARNAME "jamvm"
| #define PACKAGE_VERSION "2.0.0"
| #define PACKAGE_STRING "jamvm 2.0.0"
| #define PACKAGE_BUGREPORT ""
| #define PACKAGE_URL ""
| #define PACKAGE "jamvm"
| #define VERSION "2.0.0"
| #define THREADED 1
| #define USE_CACHE 1
| #define DIRECT 1
| #define INLINING 1
| #define CLASSPATH_INSTALL_DIR "/usr/local/classpath"
| #define INSTALL_DIR "/usr/local/jamvm"
| /* end confdefs.h.  */
| #include <ac_nonexistent.h>
configure:7620: checking for ANSI C header files
configure:7640: /usr/bin/gcc -c -g -O2  conftest.c >&5
configure:7640: $? = 0
configure:7724: result: yes
configure:7737: checking for sys/types.h
configure:7737: /usr/bin/gcc -c -g -O2  conftest.c >&5
configure:7737: $? = 0
configure:7737: result: yes
configure:7737: checking for sys/stat.h
configure:7737: /usr/bin/gcc -c -g -O2  conftest.c >&5
configure:7737: $? = 0
configure:7737: result: yes
configure:7737: checking for stdlib.h
configure:7737: /usr/bin/gcc -c -g -O2  conftest.c >&5
configure:7737: $? = 0
configure:7737: result: yes
configure:7737: checking for string.h
configure:7737: /usr/bin/gcc -c -g -O2  conftest.c >&5
configure:7737: $? = 0
configure:7737: result: yes
configure:7737: checking for memory.h
configure:7737: /usr/bin/gcc -c -g -O2  conftest.c >&5
configure:7737: $? = 0
configure:7737: result: yes
configure:7737: checking for strings.h
configure:7737: /usr/bin/gcc -c -g -O2  conftest.c >&5
configure:7737: $? = 0
configure:7737: result: yes
configure:7737: checking for inttypes.h
configure:7737: /usr/bin/gcc -c -g -O2  conftest.c >&5
configure:7737: $? = 0
configure:7737: result: yes
configure:7737: checking for stdint.h
configure:7737: /usr/bin/gcc -c -g -O2  conftest.c >&5
configure:7737: $? = 0
configure:7737: result: yes
configure:7737: checking for unistd.h
configure:7737: /usr/bin/gcc -c -g -O2  conftest.c >&5
configure:7737: $? = 0
configure:7737: result: yes
configure:7751: checking for dlfcn.h
configure:7751: /usr/bin/gcc -c -g -O2  conftest.c >&5
configure:7751: $? = 0
configure:7751: result: yes
configure:7927: checking for objdir
configure:7942: result: .libs
configure:8209: checking if /usr/bin/gcc supports -fno-rtti -fno-exceptions
configure:8227: /usr/bin/gcc -c -g -O2  -fno-rtti -fno-exceptions conftest.c >&5
cc1: warning: command line option "-fno-rtti" is valid for C++/ObjC++ but not for C
configure:8231: $? = 0
configure:8244: result: no
configure:8571: checking for /usr/bin/gcc option to produce PIC
configure:8578: result: -fno-common -DPIC
configure:8586: checking if /usr/bin/gcc PIC flag -fno-common -DPIC works
configure:8604: /usr/bin/gcc -c -g -O2  -fno-common -DPIC -DPIC conftest.c >&5
configure:8608: $? = 0
configure:8621: result: yes
configure:8650: checking if /usr/bin/gcc static flag -static works
configure:8678: result: no
configure:8693: checking if /usr/bin/gcc supports -c -o file.o
configure:8714: /usr/bin/gcc -c -g -O2  -o out/conftest2.o conftest.c >&5
configure:8718: $? = 0
configure:8740: result: yes
configure:8748: checking if /usr/bin/gcc supports -c -o file.o
configure:8795: result: yes
configure:8828: checking whether the /usr/bin/gcc linker (/usr/bin/ld) supports shared libraries
configure:9985: result: yes
configure:10225: checking dynamic linker characteristics
configure:10959: result: darwin dyld
configure:11066: checking how to hardcode library paths into programs
configure:11091: result: immediate
configure:11631: checking whether stripping libraries is possible
configure:11645: result: yes
configure:11671: checking if libtool supports shared libraries
configure:11673: result: yes
configure:11676: checking whether to build shared libraries
configure:11697: result: yes
configure:11700: checking whether to build static libraries
configure:11704: result: no
configure:11790: checking for gcc
configure:11817: result: /usr/bin/gcc
configure:12046: checking for C compiler version
configure:12055: /usr/bin/gcc --version >&5
gcc (GCC) 4.2.1 (Based on Apple Inc. build 5555)
Copyright (C) 2007 Free Software Foundation, Inc.
This is free software; see the source for copying conditions.  There is NO
warranty; not even for MERCHANTABILITY or FITNESS FOR A PARTICULAR PURPOSE.

configure:12066: $? = 0
configure:12055: /usr/bin/gcc -v >&5
Using built-in specs.
Target: arm-apple-darwin9
Configured with: ../llvm-gcc-4.2/configure --build=x86_64-unknown-linux-gnu --host=arm-apple-darwin9 --enable-static=no --enable-shared=yes --prefix=/usr --localstatedir=/var/cache/iphone-gcc --enable-languages=c,c++,objc,obj-c++ --enable-wchar_t=no --with-gxx-include-dir=/usr/include/c++/4.0.0
Thread model: posix
gcc version 4.2.1 (Based on Apple Inc. build 5555)
configure:12066: $? = 0
configure:12055: /usr/bin/gcc -V >&5
gcc: '-V' option must have argument
configure:12066: $? = 1
configure:12055: /usr/bin/gcc -qversion >&5
gcc: no input files
configure:12066: $? = 1
configure:12070: checking whether we are using the GNU C compiler
configure:12098: result: yes
configure:12107: checking whether /usr/bin/gcc accepts -g
configure:12168: result: yes
configure:12185: checking for /usr/bin/gcc option to accept ISO C89
configure:12261: result: none needed
configure:12283: checking dependency style of /usr/bin/gcc
configure:12394: result: gcc3
configure:12418: checking dependency style of /usr/bin/gcc
configure:12527: result: gcc3
configure:12547: checking for ecj
configure:12563: found /usr/bin/ecj
configure:12574: result: ecj
configure:12587: checking for pthread_self in -lthr
configure:12612: /usr/bin/gcc -o conftest -g -O2   conftest.c -lthr   >&5
ld: library not found for -lthr
collect2: ld returned 1 exit status
configure:12612: $? = 1
configure: failed program was:
| /* confdefs.h */
| #define PACKAGE_NAME "jamvm"
| #define PACKAGE_TARNAME "jamvm"
| #define PACKAGE_VERSION "2.0.0"
| #define PACKAGE_STRING "jamvm 2.0.0"
| #define PACKAGE_BUGREPORT ""
| #define PACKAGE_URL ""
| #define PACKAGE "jamvm"
| #define VERSION "2.0.0"
| #define THREADED 1
| #define USE_CACHE 1
| #define DIRECT 1
| #define INLINING 1
| #define CLASSPATH_INSTALL_DIR "/usr/local/classpath"
| #define INSTALL_DIR "/usr/local/jamvm"
| #define STDC_HEADERS 1
| #define HAVE_SYS_TYPES_H 1
| #define HAVE_SYS_STAT_H 1
| #define HAVE_STDLIB_H 1
| #define HAVE_STRING_H 1
| #define HAVE_MEMORY_H 1
| #define HAVE_STRINGS_H 1
| #define HAVE_INTTYPES_H 1
| #define HAVE_STDINT_H 1
| #define HAVE_UNISTD_H 1
| #define HAVE_DLFCN_H 1
| #define LT_OBJDIR ".libs/"
| /* end confdefs.h.  */
| 
| /* Override any GCC internal prototype to avoid an error.
|    Use char because int might match the return type of a GCC
|    builtin and then its argument prototype would still apply.  */
| #ifdef __cplusplus
| extern "C"
| #endif
| char pthread_self ();
| int
| main ()
| {
| return pthread_self ();
|   ;
|   return 0;
| }
configure:12621: result: no
configure:12632: checking for pthread_self in -lpthread
configure:12657: /usr/bin/gcc -o conftest -g -O2   conftest.c -lpthread   >&5
configure:12657: $? = 0
configure:12666: result: yes
configure:12683: checking for clock_gettime in -lrt
configure:12708: /usr/bin/gcc -o conftest -g -O2   conftest.c -lrt  -lpthread  >&5
ld: library not found for -lrt
collect2: ld returned 1 exit status
configure:12708: $? = 1
configure: failed program was:
| /* confdefs.h */
| #define PACKAGE_NAME "jamvm"
| #define PACKAGE_TARNAME "jamvm"
| #define PACKAGE_VERSION "2.0.0"
| #define PACKAGE_STRING "jamvm 2.0.0"
| #define PACKAGE_BUGREPORT ""
| #define PACKAGE_URL ""
| #define PACKAGE "jamvm"
| #define VERSION "2.0.0"
| #define THREADED 1
| #define USE_CACHE 1
| #define DIRECT 1
| #define INLINING 1
| #define CLASSPATH_INSTALL_DIR "/usr/local/classpath"
| #define INSTALL_DIR "/usr/local/jamvm"
| #define STDC_HEADERS 1
| #define HAVE_SYS_TYPES_H 1
| #define HAVE_SYS_STAT_H 1
| #define HAVE_STDLIB_H 1
| #define HAVE_STRING_H 1
| #define HAVE_MEMORY_H 1
| #define HAVE_STRINGS_H 1
| #define HAVE_INTTYPES_H 1
| #define HAVE_STDINT_H 1
| #define HAVE_UNISTD_H 1
| #define HAVE_DLFCN_H 1
| #define LT_OBJDIR ".libs/"
| #define HAVE_LIBPTHREAD 1
| /* end confdefs.h.  */
| 
| /* Override any GCC internal prototype to avoid an error.
|    Use char because int might match the return type of a GCC
|    builtin and then its argument prototype would still apply.  */
| #ifdef __cplusplus
| extern "C"
| #endif
| char clock_gettime ();
| int
| main ()
| {
| return clock_gettime ();
|   ;
|   return 0;
| }
configure:12717: result: no
configure:12729: checking for fmod in -lm
configure:12754: /usr/bin/gcc -o conftest -g -O2   conftest.c -lm  -lpthread  >&5
conftest.c:37: warning: conflicting types for built-in function 'fmod'
configure:12754: $? = 0
configure:12763: result: yes
configure:12828: checking for inflate in -lz
configure:12853: /usr/bin/gcc -o conftest -g -O2   conftest.c -lz  -lm -lpthread  >&5
configure:12853: $? = 0
configure:12862: result: yes
configure:12878: checking for ffi_call in -lffi
configure:12903: /usr/bin/gcc -o conftest -g -O2   conftest.c -lffi  -lz -lm -lpthread  >&5
configure:12903: $? = 0
configure:12912: result: yes
configure:12927: checking for ANSI C header files
configure:13031: result: yes
configure:13042: checking sys/time.h usability
configure:13042: /usr/bin/gcc -c -g -O2  conftest.c >&5
configure:13042: $? = 0
configure:13042: result: yes
configure:13042: checking sys/time.h presence
configure:13042: /usr/bin/gcc -E  conftest.c
configure:13042: $? = 0
configure:13042: result: yes
configure:13042: checking for sys/time.h
configure:13042: result: yes
configure:13042: checking for unistd.h
configure:13042: result: yes
configure:13042: checking endian.h usability
configure:13042: /usr/bin/gcc -c -g -O2  conftest.c >&5
conftest.c:69:20: error: endian.h: No such file or directory
configure:13042: $? = 1
configure: failed program was:
| /* confdefs.h */
| #define PACKAGE_NAME "jamvm"
| #define PACKAGE_TARNAME "jamvm"
| #define PACKAGE_VERSION "2.0.0"
| #define PACKAGE_STRING "jamvm 2.0.0"
| #define PACKAGE_BUGREPORT ""
| #define PACKAGE_URL ""
| #define PACKAGE "jamvm"
| #define VERSION "2.0.0"
| #define THREADED 1
| #define USE_CACHE 1
| #define DIRECT 1
| #define INLINING 1
| #define CLASSPATH_INSTALL_DIR "/usr/local/classpath"
| #define INSTALL_DIR "/usr/local/jamvm"
| #define STDC_HEADERS 1
| #define HAVE_SYS_TYPES_H 1
| #define HAVE_SYS_STAT_H 1
| #define HAVE_STDLIB_H 1
| #define HAVE_STRING_H 1
| #define HAVE_MEMORY_H 1
| #define HAVE_STRINGS_H 1
| #define HAVE_INTTYPES_H 1
| #define HAVE_STDINT_H 1
| #define HAVE_UNISTD_H 1
| #define HAVE_DLFCN_H 1
| #define LT_OBJDIR ".libs/"
| #define HAVE_LIBPTHREAD 1
| #define HAVE_LIBM 1
| #define HAVE_LIBZ 1
| #define HAVE_LIBFFI 1
| #define STDC_HEADERS 1
| #define HAVE_SYS_TIME_H 1
| #define HAVE_UNISTD_H 1
| /* end confdefs.h.  */
| #include <stdio.h>
| #ifdef HAVE_SYS_TYPES_H
| # include <sys/types.h>
| #endif
| #ifdef HAVE_SYS_STAT_H
| # include <sys/stat.h>
| #endif
| #ifdef STDC_HEADERS
| # include <stdlib.h>
| # include <stddef.h>
| #else
| # ifdef HAVE_STDLIB_H
| #  include <stdlib.h>
| # endif
| #endif
| #ifdef HAVE_STRING_H
| # if !defined STDC_HEADERS && defined HAVE_MEMORY_H
| #  include <memory.h>
| # endif
| # include <string.h>
| #endif
| #ifdef HAVE_STRINGS_H
| # include <strings.h>
| #endif
| #ifdef HAVE_INTTYPES_H
| # include <inttypes.h>
| #endif
| #ifdef HAVE_STDINT_H
| # include <stdint.h>
| #endif
| #ifdef HAVE_UNISTD_H
| # include <unistd.h>
| #endif
| #include <endian.h>
configure:13042: result: no
configure:13042: checking endian.h presence
configure:13042: /usr/bin/gcc -E  conftest.c
conftest.c:36:20: error: endian.h: No such file or directory
configure:13042: $? = 1
configure: failed program was:
| /* confdefs.h */
| #define PACKAGE_NAME "jamvm"
| #define PACKAGE_TARNAME "jamvm"
| #define PACKAGE_VERSION "2.0.0"
| #define PACKAGE_STRING "jamvm 2.0.0"
| #define PACKAGE_BUGREPORT ""
| #define PACKAGE_URL ""
| #define PACKAGE "jamvm"
| #define VERSION "2.0.0"
| #define THREADED 1
| #define USE_CACHE 1
| #define DIRECT 1
| #define INLINING 1
| #define CLASSPATH_INSTALL_DIR "/usr/local/classpath"
| #define INSTALL_DIR "/usr/local/jamvm"
| #define STDC_HEADERS 1
| #define HAVE_SYS_TYPES_H 1
| #define HAVE_SYS_STAT_H 1
| #define HAVE_STDLIB_H 1
| #define HAVE_STRING_H 1
| #define HAVE_MEMORY_H 1
| #define HAVE_STRINGS_H 1
| #define HAVE_INTTYPES_H 1
| #define HAVE_STDINT_H 1
| #define HAVE_UNISTD_H 1
| #define HAVE_DLFCN_H 1
| #define LT_OBJDIR ".libs/"
| #define HAVE_LIBPTHREAD 1
| #define HAVE_LIBM 1
| #define HAVE_LIBZ 1
| #define HAVE_LIBFFI 1
| #define STDC_HEADERS 1
| #define HAVE_SYS_TIME_H 1
| #define HAVE_UNISTD_H 1
| /* end confdefs.h.  */
| #include <endian.h>
configure:13042: result: no
configure:13042: checking for endian.h
configure:13042: result: no
configure:13042: checking sys/param.h usability
configure:13042: /usr/bin/gcc -c -g -O2  conftest.c >&5
configure:13042: $? = 0
configure:13042: result: yes
configure:13042: checking sys/param.h presence
configure:13042: /usr/bin/gcc -E  conftest.c
configure:13042: $? = 0
configure:13042: result: yes
configure:13042: checking for sys/param.h
configure:13042: result: yes
configure:13042: checking locale.h usability
configure:13042: /usr/bin/gcc -c -g -O2  conftest.c >&5
configure:13042: $? = 0
configure:13042: result: yes
configure:13042: checking locale.h presence
configure:13042: /usr/bin/gcc -E  conftest.c
configure:13042: $? = 0
configure:13042: result: yes
configure:13042: checking for locale.h
configure:13042: result: yes
configure:13042: checking alloca.h usability
configure:13042: /usr/bin/gcc -c -g -O2  conftest.c >&5
configure:13042: $? = 0
configure:13042: result: yes
configure:13042: checking alloca.h presence
configure:13042: /usr/bin/gcc -E  conftest.c
configure:13042: $? = 0
configure:13042: result: yes
configure:13042: checking for alloca.h
configure:13042: result: yes
configure:13054: checking zlib.h usability
configure:13054: /usr/bin/gcc -c -g -O2  conftest.c >&5
configure:13054: $? = 0
configure:13054: result: yes
configure:13054: checking zlib.h presence
configure:13054: /usr/bin/gcc -E  conftest.c
configure:13054: $? = 0
configure:13054: result: yes
configure:13054: checking for zlib.h
configure:13054: result: yes
configure:13065: checking ffi.h usability
configure:13065: /usr/bin/gcc -c -g -O2  conftest.c >&5
configure:13065: $? = 0
configure:13065: result: yes
configure:13065: checking ffi.h presence
configure:13065: /usr/bin/gcc -E  conftest.c
configure:13065: $? = 0
configure:13065: result: yes
configure:13065: checking for ffi.h
configure:13065: result: yes
configure:13107: checking for an ANSI C-conforming const
configure:13173: /usr/bin/gcc -c -g -O2  conftest.c >&5
configure:13173: $? = 0
configure:13180: result: yes
configure:13188: checking whether time.h and sys/time.h may both be included
configure:13208: /usr/bin/gcc -c -g -O2  conftest.c >&5
configure:13208: $? = 0
configure:13215: result: yes
configure:13224: checking for size_t
configure:13224: /usr/bin/gcc -c -g -O2  conftest.c >&5
configure:13224: $? = 0
configure:13224: /usr/bin/gcc -c -g -O2  conftest.c >&5
conftest.c: In function 'main':
conftest.c:78: error: expected expression before ')' token
configure:13224: $? = 1
configure: failed program was:
| /* confdefs.h */
| #define PACKAGE_NAME "jamvm"
| #define PACKAGE_TARNAME "jamvm"
| #define PACKAGE_VERSION "2.0.0"
| #define PACKAGE_STRING "jamvm 2.0.0"
| #define PACKAGE_BUGREPORT ""
| #define PACKAGE_URL ""
| #define PACKAGE "jamvm"
| #define VERSION "2.0.0"
| #define THREADED 1
| #define USE_CACHE 1
| #define DIRECT 1
| #define INLINING 1
| #define CLASSPATH_INSTALL_DIR "/usr/local/classpath"
| #define INSTALL_DIR "/usr/local/jamvm"
| #define STDC_HEADERS 1
| #define HAVE_SYS_TYPES_H 1
| #define HAVE_SYS_STAT_H 1
| #define HAVE_STDLIB_H 1
| #define HAVE_STRING_H 1
| #define HAVE_MEMORY_H 1
| #define HAVE_STRINGS_H 1
| #define HAVE_INTTYPES_H 1
| #define HAVE_STDINT_H 1
| #define HAVE_UNISTD_H 1
| #define HAVE_DLFCN_H 1
| #define LT_OBJDIR ".libs/"
| #define HAVE_LIBPTHREAD 1
| #define HAVE_LIBM 1
| #define HAVE_LIBZ 1
| #define HAVE_LIBFFI 1
| #define STDC_HEADERS 1
| #define HAVE_SYS_TIME_H 1
| #define HAVE_UNISTD_H 1
| #define HAVE_SYS_PARAM_H 1
| #define HAVE_LOCALE_H 1
| #define HAVE_ALLOCA_H 1
| #define USE_ZIP 1
| #define USE_FFI 1
| #define TIME_WITH_SYS_TIME 1
| /* end confdefs.h.  */
| #include <stdio.h>
| #ifdef HAVE_SYS_TYPES_H
| # include <sys/types.h>
| #endif
| #ifdef HAVE_SYS_STAT_H
| # include <sys/stat.h>
| #endif
| #ifdef STDC_HEADERS
| # include <stdlib.h>
| # include <stddef.h>
| #else
| # ifdef HAVE_STDLIB_H
| #  include <stdlib.h>
| # endif
| #endif
| #ifdef HAVE_STRING_H
| # if !defined STDC_HEADERS && defined HAVE_MEMORY_H
| #  include <memory.h>
| # endif
| # include <string.h>
| #endif
| #ifdef HAVE_STRINGS_H
| # include <strings.h>
| #endif
| #ifdef HAVE_INTTYPES_H
| # include <inttypes.h>
| #endif
| #ifdef HAVE_STDINT_H
| # include <stdint.h>
| #endif
| #ifdef HAVE_UNISTD_H
| # include <unistd.h>
| #endif
| int
| main ()
| {
| if (sizeof ((size_t)))
| 	    return 0;
|   ;
|   return 0;
| }
configure:13224: result: yes
configure:13237: checking for working alloca.h
configure:13254: /usr/bin/gcc -o conftest -g -O2   conftest.c -lffi -lz -lm -lpthread  >&5
configure:13254: $? = 0
configure:13262: result: yes
configure:13270: checking for alloca
configure:13307: /usr/bin/gcc -o conftest -g -O2   conftest.c -lffi -lz -lm -lpthread  >&5
configure:13307: $? = 0
configure:13315: result: yes
configure:13427: checking for stdlib.h
configure:13427: result: yes
configure:13427: checking for unistd.h
configure:13427: result: yes
configure:13427: checking for sys/param.h
configure:13427: result: yes
configure:13447: checking for getpagesize
configure:13447: /usr/bin/gcc -o conftest -g -O2   conftest.c -lffi -lz -lm -lpthread  >&5
configure:13447: $? = 0
configure:13447: result: yes
configure:13456: checking for working mmap
configure:13613: result: no
configure:13625: checking for gettimeofday
configure:13625: /usr/bin/gcc -o conftest -g -O2   conftest.c -lffi -lz -lm -lpthread  >&5
configure:13625: $? = 0
configure:13625: result: yes
configure:13625: checking for strtol
configure:13625: /usr/bin/gcc -o conftest -g -O2   conftest.c -lffi -lz -lm -lpthread  >&5
configure:13625: $? = 0
configure:13625: result: yes
configure:13625: checking for setlocale
configure:13625: /usr/bin/gcc -o conftest -g -O2   conftest.c -lffi -lz -lm -lpthread  >&5
configure:13625: $? = 0
configure:13625: result: yes
configure:13635: checking for LC_MESSAGES
configure:13651: /usr/bin/gcc -o conftest -g -O2   conftest.c -lffi -lz -lm -lpthread  >&5
configure:13651: $? = 0
configure:13659: result: yes
configure:13670: checking for __thread
configure:13687: /usr/bin/gcc -o conftest -g -O2   conftest.c -lffi -lz -lm -lpthread  >&5
conftest.c:52:22: error: features.h: No such file or directory
conftest.c:54:43: error: #error not supported on this OS/C library
conftest.c: In function 'main':
conftest.c:60: error: thread-local storage not supported for this target
configure:13687: $? = 1
configure: failed program was:
| /* confdefs.h */
| #define PACKAGE_NAME "jamvm"
| #define PACKAGE_TARNAME "jamvm"
| #define PACKAGE_VERSION "2.0.0"
| #define PACKAGE_STRING "jamvm 2.0.0"
| #define PACKAGE_BUGREPORT ""
| #define PACKAGE_URL ""
| #define PACKAGE "jamvm"
| #define VERSION "2.0.0"
| #define THREADED 1
| #define USE_CACHE 1
| #define DIRECT 1
| #define INLINING 1
| #define CLASSPATH_INSTALL_DIR "/usr/local/classpath"
| #define INSTALL_DIR "/usr/local/jamvm"
| #define STDC_HEADERS 1
| #define HAVE_SYS_TYPES_H 1
| #define HAVE_SYS_STAT_H 1
| #define HAVE_STDLIB_H 1
| #define HAVE_STRING_H 1
| #define HAVE_MEMORY_H 1
| #define HAVE_STRINGS_H 1
| #define HAVE_INTTYPES_H 1
| #define HAVE_STDINT_H 1
| #define HAVE_UNISTD_H 1
| #define HAVE_DLFCN_H 1
| #define LT_OBJDIR ".libs/"
| #define HAVE_LIBPTHREAD 1
| #define HAVE_LIBM 1
| #define HAVE_LIBZ 1
| #define HAVE_LIBFFI 1
| #define STDC_HEADERS 1
| #define HAVE_SYS_TIME_H 1
| #define HAVE_UNISTD_H 1
| #define HAVE_SYS_PARAM_H 1
| #define HAVE_LOCALE_H 1
| #define HAVE_ALLOCA_H 1
| #define USE_ZIP 1
| #define USE_FFI 1
| #define TIME_WITH_SYS_TIME 1
| #define HAVE_ALLOCA_H 1
| #define HAVE_ALLOCA 1
| #define HAVE_STDLIB_H 1
| #define HAVE_UNISTD_H 1
| #define HAVE_SYS_PARAM_H 1
| #define HAVE_GETPAGESIZE 1
| #define HAVE_GETTIMEOFDAY 1
| #define HAVE_STRTOL 1
| #define HAVE_SETLOCALE 1
| #define HAVE_LC_MESSAGES 1
| /* end confdefs.h.  */
| #include <features.h>
|                                      #if !defined(__linux__) || !defined(__GLIBC__)
|                                          #error not supported on this OS/C library
|                                      #endif
| 
| int
| main ()
| {
| static __thread int foo = 0
|   ;
|   return 0;
| }
configure:13694: result: no
configure:13767: checking whether to enable maintainer-specific portions of Makefiles
configure:13776: result: no
configure:13942: creating ./config.status

## ---------------------- ##
## Running config.status. ##
## ---------------------- ##

This file was extended by jamvm config.status 2.0.0, which was
generated by GNU Autoconf 2.69.  Invocation command line was

  CONFIG_FILES    = 
  CONFIG_HEADERS  = 
  CONFIG_LINKS    = 
  CONFIG_COMMANDS = 
  $ ./config.status 

on Chriss-iPad

config.status:1175: creating Makefile
config.status:1175: creating src/Makefile
config.status:1175: creating src/interp/Makefile
config.status:1175: creating src/interp/engine/Makefile
config.status:1175: creating src/arch/Makefile
config.status:1175: creating src/os/Makefile
config.status:1175: creating src/os/linux/Makefile
config.status:1175: creating src/os/darwin/Makefile
config.status:1175: creating src/os/bsd/Makefile
config.status:1175: creating src/os/solaris/Makefile
config.status:1175: creating src/os/solaris/x86/Makefile
config.status:1175: creating src/os/linux/powerpc/Makefile
config.status:1175: creating src/os/linux/arm/Makefile
config.status:1175: creating src/os/linux/i386/Makefile
config.status:1175: creating src/os/linux/x86_64/Makefile
config.status:1175: creating src/os/linux/parisc/Makefile
config.status:1175: creating src/os/linux/mips/Makefile
config.status:1175: creating src/os/darwin/i386/Makefile
config.status:1175: creating src/os/darwin/arm/Makefile
config.status:1175: creating src/os/darwin/powerpc/Makefile
config.status:1175: creating src/os/bsd/powerpc/Makefile
config.status:1175: creating src/os/bsd/arm/Makefile
config.status:1175: creating src/os/bsd/i386/Makefile
config.status:1175: creating src/os/bsd/x86_64/Makefile
config.status:1175: creating src/os/bsd/sparc/Makefile
config.status:1175: creating src/classlib/Makefile
config.status:1175: creating src/classlib/openjdk/Makefile
config.status:1175: creating src/classlib/gnuclasspath/Makefile
config.status:1175: creating src/classlib/gnuclasspath/lib/Makefile
config.status:1175: creating src/classlib/gnuclasspath/lib/java/Makefile
config.status:1175: creating src/classlib/gnuclasspath/lib/java/lang/Makefile
config.status:1175: creating src/classlib/gnuclasspath/lib/jamvm/Makefile
config.status:1175: creating src/classlib/gnuclasspath/lib/jamvm/java/Makefile
config.status:1175: creating src/classlib/gnuclasspath/lib/jamvm/java/lang/Makefile
config.status:1175: creating src/classlib/gnuclasspath/lib/java/lang/reflect/Makefile
config.status:1175: creating src/classlib/gnuclasspath/lib/java/security/Makefile
config.status:1175: creating src/classlib/gnuclasspath/lib/gnu/Makefile
config.status:1175: creating src/classlib/gnuclasspath/lib/sun/reflect/annotation/Makefile
config.status:1175: creating src/classlib/gnuclasspath/lib/sun/reflect/Makefile
config.status:1175: creating src/classlib/gnuclasspath/lib/sun/Makefile
config.status:1175: creating src/classlib/gnuclasspath/lib/gnu/classpath/Makefile
config.status:1175: creating src/config.h
config.status:1356: src/config.h is unchanged
config.status:1416: linking src/arch/arm.h to src/arch.h
config.status:1416: linking src/classlib/gnuclasspath/classlib.h to src/classlib.h
config.status:1416: linking src/classlib/gnuclasspath/classlib-defs.h to src/classlib-defs.h
config.status:1416: linking src/classlib/gnuclasspath/classlib-excep.h to src/classlib-excep.h
config.status:1416: linking src/classlib/gnuclasspath/classlib-symbol.h to src/classlib-symbol.h
config.status:1435: executing depfiles commands
config.status:1435: executing libtool commands

## ---------------- ##
## Cache variables. ##
## ---------------- ##

ac_cv_build=arm-apple-darwin11.0.0
ac_cv_c_compiler_gnu=yes
ac_cv_c_const=yes
ac_cv_env_CCASFLAGS_set=
ac_cv_env_CCASFLAGS_value=
ac_cv_env_CCAS_set=
ac_cv_env_CCAS_value=
ac_cv_env_CC_set=set
ac_cv_env_CC_value=/usr/bin/gcc
ac_cv_env_CFLAGS_set=
ac_cv_env_CFLAGS_value=
ac_cv_env_CPPFLAGS_set=
ac_cv_env_CPPFLAGS_value=
ac_cv_env_CPP_set=
ac_cv_env_CPP_value=
ac_cv_env_LDFLAGS_set=
ac_cv_env_LDFLAGS_value=
ac_cv_env_LIBS_set=
ac_cv_env_LIBS_value=
ac_cv_env_build_alias_set=
ac_cv_env_build_alias_value=
ac_cv_env_host_alias_set=
ac_cv_env_host_alias_value=
ac_cv_env_target_alias_set=
ac_cv_env_target_alias_value=
ac_cv_func_alloca_works=yes
ac_cv_func_getpagesize=yes
ac_cv_func_gettimeofday=yes
ac_cv_func_mmap_fixed_mapped=no
ac_cv_func_setlocale=yes
ac_cv_func_strtol=yes
ac_cv_header_alloca_h=yes
ac_cv_header_dlfcn_h=yes
ac_cv_header_endian_h=no
ac_cv_header_ffi_h=yes
ac_cv_header_inttypes_h=yes
ac_cv_header_locale_h=yes
ac_cv_header_memory_h=yes
ac_cv_header_stdc=yes
ac_cv_header_stdint_h=yes
ac_cv_header_stdlib_h=yes
ac_cv_header_string_h=yes
ac_cv_header_strings_h=yes
ac_cv_header_sys_param_h=yes
ac_cv_header_sys_stat_h=yes
ac_cv_header_sys_time_h=yes
ac_cv_header_sys_types_h=yes
ac_cv_header_time=yes
ac_cv_header_unistd_h=yes
ac_cv_header_zlib_h=yes
ac_cv_host=arm-apple-darwin11.0.0
ac_cv_lib_ffi_ffi_call=yes
ac_cv_lib_m_fmod=yes
ac_cv_lib_pthread_pthread_self=yes
ac_cv_lib_rt_clock_gettime=no
ac_cv_lib_thr_pthread_self=no
ac_cv_lib_z_inflate=yes
ac_cv_objext=o
ac_cv_path_EGREP='/bin/grep -E'
ac_cv_path_FGREP='/bin/grep -F'
ac_cv_path_GREP=/bin/grep
ac_cv_path_SED=/bin/sed
ac_cv_path_install='/usr/bin/install -c'
ac_cv_path_mkdir=/bin/mkdir
ac_cv_prog_AWK=gawk
ac_cv_prog_CPP='/usr/bin/gcc -E'
ac_cv_prog_JAVAC=ecj
ac_cv_prog_ac_ct_AR=ar
ac_cv_prog_ac_ct_CC=/usr/bin/gcc
ac_cv_prog_ac_ct_LIPO=lipo
ac_cv_prog_ac_ct_NMEDIT=nmedit
ac_cv_prog_ac_ct_OBJDUMP=objdump
ac_cv_prog_ac_ct_OTOOL64=otool64
ac_cv_prog_ac_ct_OTOOL=otool
ac_cv_prog_ac_ct_RANLIB=ranlib
ac_cv_prog_ac_ct_STRIP=strip
ac_cv_prog_cc_c89=
ac_cv_prog_cc_g=yes
ac_cv_prog_make_make_set=yes
ac_cv_type_size_t=yes
ac_cv_working_alloca_h=yes
am_cv_CCAS_dependencies_compiler_type=gcc3
am_cv_CC_dependencies_compiler_type=gcc3
am_cv_val_LC_MESSAGES=yes
lt_cv_apple_cc_single_mod=yes
lt_cv_ar_at_file=no
lt_cv_deplibs_check_method=pass_all
lt_cv_file_magic_cmd='$MAGIC_CMD'
lt_cv_file_magic_test_file=
lt_cv_ld_exported_symbols_list=yes
lt_cv_ld_force_load=no
lt_cv_ld_reload_flag=-r
lt_cv_nm_interface='BSD nm'
lt_cv_objdir=.libs
lt_cv_path_LD=/usr/bin/ld
lt_cv_path_NM='/usr/bin/nm -p'
lt_cv_path_mainfest_tool=no
lt_cv_prog_compiler_c_o=yes
lt_cv_prog_compiler_pic='-fno-common -DPIC'
lt_cv_prog_compiler_pic_works=yes
lt_cv_prog_compiler_rtti_exceptions=no
lt_cv_prog_compiler_static_works=no
lt_cv_prog_gnu_ld=no
lt_cv_sharedlib_from_linklib_cmd='printf %s\n'
lt_cv_sys_global_symbol_pipe='sed -n -e '\''s/^.*[	 ]\([BCDEGRST][BCDEGRST]*\)[	 ][	 ]*_\([_A-Za-z][_A-Za-z0-9]*\)$/\1 _\2 \2/p'\'' | sed '\''/ __gnu_lto/d'\'''
lt_cv_sys_global_symbol_to_c_name_address='sed -n -e '\''s/^: \([^ ]*\)[ ]*$/  {\"\1\", (void *) 0},/p'\'' -e '\''s/^[BCDEGRST]* \([^ ]*\) \([^ ]*\)$/  {"\2", (void *) \&\2},/p'\'''
lt_cv_sys_global_symbol_to_c_name_address_lib_prefix='sed -n -e '\''s/^: \([^ ]*\)[ ]*$/  {\"\1\", (void *) 0},/p'\'' -e '\''s/^[BCDEGRST]* \([^ ]*\) \(lib[^ ]*\)$/  {"\2", (void *) \&\2},/p'\'' -e '\''s/^[BCDEGRST]* \([^ ]*\) \([^ ]*\)$/  {"lib\2", (void *) \&\2},/p'\'''
lt_cv_sys_global_symbol_to_cdecl='sed -n -e '\''s/^T .* \(.*\)$/extern int \1();/p'\'' -e '\''s/^[BCDEGRST]* .* \(.*\)$/extern char \1;/p'\'''
lt_cv_sys_max_cmd_len=196608
lt_cv_to_host_file_cmd=func_convert_file_noop
lt_cv_to_tool_file_cmd=func_convert_file_noop

## ----------------- ##
## Output variables. ##
## ----------------- ##

ACLOCAL='${SHELL} /home/chris/jamvm-2.0.0/missing --run aclocal-1.11'
ALLOCA=''
AMDEPBACKSLASH='\'
AMDEP_FALSE='#'
AMDEP_TRUE=''
AMTAR='$${TAR-tar}'
AR='ar'
AUTOCONF='${SHELL} /home/chris/jamvm-2.0.0/missing --run autoconf'
AUTOHEADER='${SHELL} /home/chris/jamvm-2.0.0/missing --run autoheader'
AUTOMAKE='${SHELL} /home/chris/jamvm-2.0.0/missing --run automake-1.11'
AWK='gawk'
CC='/usr/bin/gcc'
CCAS='/usr/bin/gcc'
CCASDEPMODE='depmode=gcc3'
CCASFLAGS='-g -O2'
CCDEPMODE='depmode=gcc3'
CFLAGS='-g -O2'
COMPILE_TIME_RELOC_CHECKS_FALSE='#'
COMPILE_TIME_RELOC_CHECKS_TRUE=''
CPP='/usr/bin/gcc -E'
CPPFLAGS=''
CYGPATH_W='echo'
DEFS='-DHAVE_CONFIG_H'
DEPDIR='.deps'
DLLTOOL='false'
DSYMUTIL=':'
DUMPBIN=''
ECHO_C=''
ECHO_N='-n'
ECHO_T=''
EGREP='/bin/grep -E'
EXEEXT=''
FGREP='/bin/grep -F'
GREP='/bin/grep'
INSTALL_DATA='${INSTALL} -m 644'
INSTALL_PROGRAM='${INSTALL}'
INSTALL_SCRIPT='${INSTALL}'
INSTALL_STRIP_PROGRAM='$(install_sh) -c -s'
JAVAC='ecj'
LD='/usr/bin/ld'
LDFLAGS=''
LIBOBJS=''
LIBS='-lffi -lz -lm -lpthread '
LIBTOOL='$(SHELL) $(top_builddir)/libtool'
LIPO='lipo'
LN_S='ln -s'
LTLIBOBJS=''
MAINT='#'
MAINTAINER_MODE_FALSE=''
MAINTAINER_MODE_TRUE='#'
MAKEINFO='${SHELL} /home/chris/jamvm-2.0.0/missing --run makeinfo'
MANIFEST_TOOL=':'
MKDIR_P='/bin/mkdir -p'
NM='/usr/bin/nm -p'
NMEDIT='nmedit'
OBJDUMP='objdump'
OBJEXT='o'
OTOOL64='otool64'
OTOOL='otool'
PACKAGE='jamvm'
PACKAGE_BUGREPORT=''
PACKAGE_NAME='jamvm'
PACKAGE_STRING='jamvm 2.0.0'
PACKAGE_TARNAME='jamvm'
PACKAGE_URL=''
PACKAGE_VERSION='2.0.0'
PATH_SEPARATOR=':'
RANLIB='ranlib'
SED='/bin/sed'
SET_MAKE=''
SHELL='/bin/sh'
STRIP='strip'
VERSION='2.0.0'
ac_ct_AR='ar'
ac_ct_CC='/usr/bin/gcc'
ac_ct_DUMPBIN=''
am__EXEEXT_FALSE=''
am__EXEEXT_TRUE='#'
am__fastdepCCAS_FALSE='#'
am__fastdepCCAS_TRUE=''
am__fastdepCC_FALSE='#'
am__fastdepCC_TRUE=''
am__include='include'
am__isrc=''
am__leading_dot='.'
am__nodep='_no'
am__quote=''
am__tar='$${TAR-tar} chof - "$$tardir"'
am__untar='$${TAR-tar} xf -'
arch='arm'
bindir='${exec_prefix}/bin'
build='arm-apple-darwin11.0.0'
build_alias=''
build_cpu='arm'
build_os='darwin11.0.0'
build_vendor='apple'
classlib='gnuclasspath'
datadir='${datarootdir}'
datarootdir='${prefix}/share'
docdir='${datarootdir}/doc/${PACKAGE_TARNAME}'
dvidir='${docdir}'
exec_prefix='${prefix}'
host='arm-apple-darwin11.0.0'
host_alias=''
host_cpu='arm'
host_os='darwin'
host_vendor='apple'
htmldir='${docdir}'
includedir='${prefix}/include'
infodir='${datarootdir}/info'
install_sh='${SHELL} /home/chris/jamvm-2.0.0/install-sh'
interp_cflags=' -fno-reorder-blocks'
libdir='${exec_prefix}/lib'
libexecdir='${exec_prefix}/libexec'
localedir='${datarootdir}/locale'
localstatedir='${prefix}/var'
mandir='${datarootdir}/man'
mkdir_p='/bin/mkdir -p'
oldincludedir='/usr/include'
os='darwin'
pdfdir='${docdir}'
prefix='/usr/local/jamvm'
program_transform_name='s,x,x,'
psdir='${docdir}'
sbindir='${exec_prefix}/sbin'
sharedstatedir='${prefix}/com'
sysconfdir='${prefix}/etc'
target_alias=''
use_zip_no='#'
use_zip_yes=''
with_classpath_install_dir='/usr/local/classpath'

## ----------- ##
## confdefs.h. ##
## ----------- ##

/* confdefs.h */
#define PACKAGE_NAME "jamvm"
#define PACKAGE_TARNAME "jamvm"
#define PACKAGE_VERSION "2.0.0"
#define PACKAGE_STRING "jamvm 2.0.0"
#define PACKAGE_BUGREPORT ""
#define PACKAGE_URL ""
#define PACKAGE "jamvm"
#define VERSION "2.0.0"
#define THREADED 1
#define USE_CACHE 1
#define DIRECT 1
#define INLINING 1
#define CLASSPATH_INSTALL_DIR "/usr/local/classpath"
#define INSTALL_DIR "/usr/local/jamvm"
#define STDC_HEADERS 1
#define HAVE_SYS_TYPES_H 1
#define HAVE_SYS_STAT_H 1
#define HAVE_STDLIB_H 1
#define HAVE_STRING_H 1
#define HAVE_MEMORY_H 1
#define HAVE_STRINGS_H 1
#define HAVE_INTTYPES_H 1
#define HAVE_STDINT_H 1
#define HAVE_UNISTD_H 1
#define HAVE_DLFCN_H 1
#define LT_OBJDIR ".libs/"
#define HAVE_LIBPTHREAD 1
#define HAVE_LIBM 1
#define HAVE_LIBZ 1
#define HAVE_LIBFFI 1
#define STDC_HEADERS 1
#define HAVE_SYS_TIME_H 1
#define HAVE_UNISTD_H 1
#define HAVE_SYS_PARAM_H 1
#define HAVE_LOCALE_H 1
#define HAVE_ALLOCA_H 1
#define USE_ZIP 1
#define USE_FFI 1
#define TIME_WITH_SYS_TIME 1
#define HAVE_ALLOCA_H 1
#define HAVE_ALLOCA 1
#define HAVE_STDLIB_H 1
#define HAVE_UNISTD_H 1
#define HAVE_SYS_PARAM_H 1
#define HAVE_GETPAGESIZE 1
#define HAVE_GETTIMEOFDAY 1
#define HAVE_STRTOL 1
#define HAVE_SETLOCALE 1
#define HAVE_LC_MESSAGES 1
#define SHARED_CHAR_BUFFERS 1
#define VERSION_MAJOR 2
#define VERSION_MINOR 0
#define VERSION_MICRO 0

configure: exit 0
