This file contains any messages produced by compilers while
running configure, to aid debugging if configure makes a mistake.

It was created by configure, which was
generated by GNU Autoconf 2.59.  Invocation command line was

  $ ./configure 

## --------- ##
## Platform. ##
## --------- ##

hostname = Chriss-iPad
uname -m = iPad1,1
uname -r = 11.0.0
uname -s = Darwin
uname -v = Darwin Kernel Version 11.0.0: Sun Apr  8 21:51:26 PDT 2012; root:xnu-1878.11.10~1/RELEASE_ARM_S5L8930X

/usr/bin/uname -p = unknown
/bin/uname -X     = unknown

/bin/arch              = unknown
/usr/bin/arch -k       = unknown
/usr/convex/getsysinfo = unknown
hostinfo               = Mach kernel version:
	 Darwin Kernel Version 11.0.0: Sun Apr  8 21:51:26 PDT 2012; root:xnu-1878.11.10~1/RELEASE_ARM_S5L8930X
Kernel configured for a single processor only.
1 processor is physically available.
1 processor is logically available.
Processor type: armv7 (arm v7)
Processor active: 0
Primary memory available: 246.98 megabytes
Default processor set: 46 tasks, 290 threads, 1 processors
Load average: 3.19, Mach factor: 0.18
/bin/machine           = unknown
/usr/bin/oslevel       = unknown
/bin/universe          = unknown

PATH: /usr/local/sbin
PATH: /usr/local/bin
PATH: /usr/sbin
PATH: /usr/bin
PATH: /sbin
PATH: /bin
PATH: /usr/bin/X11
PATH: /usr/games
PATH: /usr/local/Gambit-C/bin


## ----------- ##
## Core tests. ##
## ----------- ##

configure:1339: checking for a BSD-compatible install
configure:1394: result: /usr/bin/install -c
configure:1405: checking whether build environment is sane
configure:1448: result: yes
configure:1505: checking for gawk
configure:1521: found /usr/bin/gawk
configure:1531: result: gawk
configure:1541: checking whether make sets $(MAKE)
configure:1561: result: yes
configure:1775: checking for gcc
configure:1801: result: /usr/bin/gcc
configure:2045: checking for C compiler version
configure:2048: /usr/bin/gcc --version </dev/null >&5
gcc (GCC) 4.2.1 (Based on Apple Inc. build 5555)
Copyright (C) 2007 Free Software Foundation, Inc.
This is free software; see the source for copying conditions.  There is NO
warranty; not even for MERCHANTABILITY or FITNESS FOR A PARTICULAR PURPOSE.

configure:2051: $? = 0
configure:2053: /usr/bin/gcc -v </dev/null >&5
Using built-in specs.
Target: arm-apple-darwin9
Configured with: ../llvm-gcc-4.2/configure --build=x86_64-unknown-linux-gnu --host=arm-apple-darwin9 --enable-static=no --enable-shared=yes --prefix=/usr --localstatedir=/var/cache/iphone-gcc --enable-languages=c,c++,objc,obj-c++ --enable-wchar_t=no --with-gxx-include-dir=/usr/include/c++/4.0.0
Thread model: posix
gcc version 4.2.1 (Based on Apple Inc. build 5555)
configure:2056: $? = 0
configure:2058: /usr/bin/gcc -V </dev/null >&5
gcc: '-V' option must have argument
configure:2061: $? = 1
configure:2084: checking for C compiler default output file name
configure:2087: /usr/bin/gcc    conftest.c  >&5
configure:2090: $? = 0
configure:2136: result: a.out
configure:2141: checking whether the C compiler works
configure:2147: ./a.out
./configure: line 2148:  1625 Killed: 9               ./$ac_file
configure:2150: $? = 137
configure:2162: result: yes
configure:2169: checking whether we are cross compiling
configure:2171: result: no
configure:2174: checking for suffix of executables
configure:2176: /usr/bin/gcc -o conftest    conftest.c  >&5
configure:2179: $? = 0
configure:2204: result: 
configure:2210: checking for suffix of object files
configure:2231: /usr/bin/gcc -c   conftest.c >&5
configure:2234: $? = 0
configure:2256: result: o
configure:2260: checking whether we are using the GNU C compiler
configure:2284: /usr/bin/gcc -c   conftest.c >&5
configure:2290: $? = 0
configure:2294: test -z 
			 || test ! -s conftest.err
configure:2297: $? = 0
configure:2300: test -s conftest.o
configure:2303: $? = 0
configure:2316: result: yes
configure:2322: checking whether /usr/bin/gcc accepts -g
configure:2343: /usr/bin/gcc -c -g  conftest.c >&5
configure:2349: $? = 0
configure:2353: test -z 
			 || test ! -s conftest.err
configure:2356: $? = 0
configure:2359: test -s conftest.o
configure:2362: $? = 0
configure:2373: result: yes
configure:2390: checking for /usr/bin/gcc option to accept ANSI C
configure:2460: /usr/bin/gcc  -c -g -O2  conftest.c >&5
configure:2466: $? = 0
configure:2470: test -z 
			 || test ! -s conftest.err
configure:2473: $? = 0
configure:2476: test -s conftest.o
configure:2479: $? = 0
configure:2497: result: none needed
configure:2515: /usr/bin/gcc -c -g -O2  conftest.c >&5
conftest.c:2: error: expected '=', ',', ';', 'asm' or '__attribute__' before 'me'
configure:2521: $? = 1
configure: failed program was:
| #ifndef __cplusplus
|   choke me
| #endif
configure:2665: checking for style of include used by make
configure:2693: result: GNU
configure:2721: checking dependency style of /usr/bin/gcc
configure:2811: result: gcc3
configure:2830: checking for an ANSI C-conforming const
configure:2897: /usr/bin/gcc -c -g -O2  conftest.c >&5
configure:2903: $? = 0
configure:2907: test -z 
			 || test ! -s conftest.err
configure:2910: $? = 0
configure:2913: test -s conftest.o
configure:2916: $? = 0
configure:2927: result: yes
configure:3007: checking for perl
configure:3025: found /usr/local/bin/perl
configure:3037: result: /usr/local/bin/perl
configure:3055: checking for XML::Parser
configure:3058: result: ok
configure:3089: checking how to run the C preprocessor
configure:3124: /usr/bin/gcc -E  conftest.c
configure:3130: $? = 0
configure:3162: /usr/bin/gcc -E  conftest.c
conftest.c:11:28: error: ac_nonexistent.h: No such file or directory
configure:3168: $? = 1
configure: failed program was:
| /* confdefs.h.  */
| 
| #define PACKAGE_NAME ""
| #define PACKAGE_TARNAME ""
| #define PACKAGE_VERSION ""
| #define PACKAGE_STRING ""
| #define PACKAGE_BUGREPORT ""
| #define PACKAGE "shared-mime-info"
| #define VERSION "0.15"
| /* end confdefs.h.  */
| #include <ac_nonexistent.h>
configure:3207: result: /usr/bin/gcc -E
configure:3231: /usr/bin/gcc -E  conftest.c
configure:3237: $? = 0
configure:3269: /usr/bin/gcc -E  conftest.c
conftest.c:11:28: error: ac_nonexistent.h: No such file or directory
configure:3275: $? = 1
configure: failed program was:
| /* confdefs.h.  */
| 
| #define PACKAGE_NAME ""
| #define PACKAGE_TARNAME ""
| #define PACKAGE_VERSION ""
| #define PACKAGE_STRING ""
| #define PACKAGE_BUGREPORT ""
| #define PACKAGE "shared-mime-info"
| #define VERSION "0.15"
| /* end confdefs.h.  */
| #include <ac_nonexistent.h>
configure:3319: checking for egrep
configure:3329: result: grep -E
configure:3334: checking for ANSI C header files
configure:3359: /usr/bin/gcc -c -g -O2  conftest.c >&5
configure:3365: $? = 0
configure:3369: test -z 
			 || test ! -s conftest.err
configure:3372: $? = 0
configure:3375: test -s conftest.o
configure:3378: $? = 0
configure:3467: /usr/bin/gcc -o conftest -g -O2   conftest.c  >&5
conftest.c: In function 'main':
conftest.c:28: warning: incompatible implicit declaration of built-in function 'exit'
configure:3470: $? = 0
configure:3472: ./conftest
./configure: line 3473:  1893 Killed: 9               ./conftest$ac_exeext
configure:3475: $? = 137
configure: program exited with status 137
configure: failed program was:
| /* confdefs.h.  */
| 
| #define PACKAGE_NAME ""
| #define PACKAGE_TARNAME ""
| #define PACKAGE_VERSION ""
| #define PACKAGE_STRING ""
| #define PACKAGE_BUGREPORT ""
| #define PACKAGE "shared-mime-info"
| #define VERSION "0.15"
| /* end confdefs.h.  */
| #include <ctype.h>
| #if ((' ' & 0x0FF) == 0x020)
| # define ISLOWER(c) ('a' <= (c) && (c) <= 'z')
| # define TOUPPER(c) (ISLOWER(c) ? 'A' + ((c) - 'a') : (c))
| #else
| # define ISLOWER(c) 		   (('a' <= (c) && (c) <= 'i') 		     || ('j' <= (c) && (c) <= 'r') 		     || ('s' <= (c) && (c) <= 'z'))
| # define TOUPPER(c) (ISLOWER(c) ? ((c) | 0x40) : (c))
| #endif
| 
| #define XOR(e, f) (((e) && !(f)) || (!(e) && (f)))
| int
| main ()
| {
|   int i;
|   for (i = 0; i < 256; i++)
|     if (XOR (islower (i), ISLOWER (i))
| 	|| toupper (i) != TOUPPER (i))
|       exit(2);
|   exit (0);
| }
configure:3490: result: no
configure:3514: checking for sys/types.h
configure:3530: /usr/bin/gcc -c -g -O2  conftest.c >&5
configure:3536: $? = 0
configure:3540: test -z 
			 || test ! -s conftest.err
configure:3543: $? = 0
configure:3546: test -s conftest.o
configure:3549: $? = 0
configure:3560: result: yes
configure:3514: checking for sys/stat.h
configure:3530: /usr/bin/gcc -c -g -O2  conftest.c >&5
configure:3536: $? = 0
configure:3540: test -z 
			 || test ! -s conftest.err
configure:3543: $? = 0
configure:3546: test -s conftest.o
configure:3549: $? = 0
configure:3560: result: yes
configure:3514: checking for stdlib.h
configure:3530: /usr/bin/gcc -c -g -O2  conftest.c >&5
configure:3536: $? = 0
configure:3540: test -z 
			 || test ! -s conftest.err
configure:3543: $? = 0
configure:3546: test -s conftest.o
configure:3549: $? = 0
configure:3560: result: yes
configure:3514: checking for string.h
configure:3530: /usr/bin/gcc -c -g -O2  conftest.c >&5
configure:3536: $? = 0
configure:3540: test -z 
			 || test ! -s conftest.err
configure:3543: $? = 0
configure:3546: test -s conftest.o
configure:3549: $? = 0
configure:3560: result: yes
configure:3514: checking for memory.h
configure:3530: /usr/bin/gcc -c -g -O2  conftest.c >&5
configure:3536: $? = 0
configure:3540: test -z 
			 || test ! -s conftest.err
configure:3543: $? = 0
configure:3546: test -s conftest.o
configure:3549: $? = 0
configure:3560: result: yes
configure:3514: checking for strings.h
configure:3530: /usr/bin/gcc -c -g -O2  conftest.c >&5
configure:3536: $? = 0
configure:3540: test -z 
			 || test ! -s conftest.err
configure:3543: $? = 0
configure:3546: test -s conftest.o
configure:3549: $? = 0
configure:3560: result: yes
configure:3514: checking for inttypes.h
configure:3530: /usr/bin/gcc -c -g -O2  conftest.c >&5
configure:3536: $? = 0
configure:3540: test -z 
			 || test ! -s conftest.err
configure:3543: $? = 0
configure:3546: test -s conftest.o
configure:3549: $? = 0
configure:3560: result: yes
configure:3514: checking for stdint.h
configure:3530: /usr/bin/gcc -c -g -O2  conftest.c >&5
configure:3536: $? = 0
configure:3540: test -z 
			 || test ! -s conftest.err
configure:3543: $? = 0
configure:3546: test -s conftest.o
configure:3549: $? = 0
configure:3560: result: yes
configure:3514: checking for unistd.h
configure:3530: /usr/bin/gcc -c -g -O2  conftest.c >&5
configure:3536: $? = 0
configure:3540: test -z 
			 || test ! -s conftest.err
configure:3543: $? = 0
configure:3546: test -s conftest.o
configure:3549: $? = 0
configure:3560: result: yes
configure:3587: checking locale.h usability
configure:3599: /usr/bin/gcc -c -g -O2  conftest.c >&5
configure:3605: $? = 0
configure:3609: test -z 
			 || test ! -s conftest.err
configure:3612: $? = 0
configure:3615: test -s conftest.o
configure:3618: $? = 0
configure:3628: result: yes
configure:3632: checking locale.h presence
configure:3642: /usr/bin/gcc -E  conftest.c
configure:3648: $? = 0
configure:3668: result: yes
configure:3703: checking for locale.h
configure:3710: result: yes
configure:3724: checking for LC_MESSAGES
configure:3745: /usr/bin/gcc -o conftest -g -O2   conftest.c  >&5
configure:3751: $? = 0
configure:3755: test -z 
			 || test ! -s conftest.err
configure:3758: $? = 0
configure:3761: test -s conftest
configure:3764: $? = 0
configure:3776: result: yes
configure:3805: checking libintl.h usability
configure:3817: /usr/bin/gcc -c -g -O2  conftest.c >&5
configure:3823: $? = 0
configure:3827: test -z 
			 || test ! -s conftest.err
configure:3830: $? = 0
configure:3833: test -s conftest.o
configure:3836: $? = 0
configure:3846: result: yes
configure:3850: checking libintl.h presence
configure:3860: /usr/bin/gcc -E  conftest.c
configure:3866: $? = 0
configure:3886: result: yes
configure:3921: checking for libintl.h
configure:3928: result: yes
configure:3939: checking for dgettext in libc
configure:3962: /usr/bin/gcc -o conftest -g -O2   conftest.c  >&5
Undefined symbols:
  "_libintl_dgettext", referenced from:
      _main in ccupoJFL.o
ld: symbol(s) not found
collect2: ld returned 1 exit status
configure:3968: $? = 1
configure: failed program was:
| /* confdefs.h.  */
| 
| #define PACKAGE_NAME ""
| #define PACKAGE_TARNAME ""
| #define PACKAGE_VERSION ""
| #define PACKAGE_STRING ""
| #define PACKAGE_BUGREPORT ""
| #define PACKAGE "shared-mime-info"
| #define VERSION "0.15"
| #define HAVE_SYS_TYPES_H 1
| #define HAVE_SYS_STAT_H 1
| #define HAVE_STDLIB_H 1
| #define HAVE_STRING_H 1
| #define HAVE_MEMORY_H 1
| #define HAVE_STRINGS_H 1
| #define HAVE_INTTYPES_H 1
| #define HAVE_STDINT_H 1
| #define HAVE_UNISTD_H 1
| #define HAVE_LOCALE_H 1
| #define HAVE_LC_MESSAGES 1
| /* end confdefs.h.  */
| 
| #include <libintl.h>
| 
| int
| main ()
| {
| return (int) dgettext ("","")
|   ;
|   return 0;
| }
configure:3994: result: no
configure:4108: checking for bindtextdomain in -lintl
configure:4138: /usr/bin/gcc -o conftest -g -O2   conftest.c -lintl   >&5
configure:4144: $? = 0
configure:4148: test -z 
			 || test ! -s conftest.err
configure:4151: $? = 0
configure:4154: test -s conftest
configure:4157: $? = 0
configure:4170: result: yes
configure:4173: checking for dgettext in -lintl
configure:4203: /usr/bin/gcc -o conftest -g -O2   conftest.c -lintl   >&5
conftest.c:29: warning: conflicting types for built-in function 'dgettext'
configure:4209: $? = 0
configure:4213: test -z 
			 || test ! -s conftest.err
configure:4216: $? = 0
configure:4219: test -s conftest
configure:4222: $? = 0
configure:4235: result: yes
configure:4335: checking for bind_textdomain_codeset
configure:4392: /usr/bin/gcc -o conftest -g -O2   conftest.c  -lintl  >&5
configure:4398: $? = 0
configure:4402: test -z 
			 || test ! -s conftest.err
configure:4405: $? = 0
configure:4408: test -s conftest
configure:4411: $? = 0
configure:4423: result: yes
configure:4462: checking for msgfmt
configure:4489: result: /usr/local/bin/msgfmt
configure:4502: checking for dcgettext
configure:4559: /usr/bin/gcc -o conftest -g -O2   conftest.c  -lintl  >&5
conftest.c:48: warning: conflicting types for built-in function 'dcgettext'
configure:4565: $? = 0
configure:4569: test -z 
			 || test ! -s conftest.err
configure:4572: $? = 0
configure:4575: test -s conftest
configure:4578: $? = 0
configure:4590: result: yes
configure:4602: checking for gmsgfmt
configure:4633: result: /usr/local/bin/msgfmt
configure:4642: checking for xgettext
configure:4669: result: /usr/local/bin/xgettext
configure:4693: /usr/bin/gcc -o conftest -g -O2   conftest.c  -lintl  >&5
configure:4699: $? = 0
configure:4703: test -z 
			 || test ! -s conftest.err
configure:4706: $? = 0
configure:4709: test -s conftest
configure:4712: $? = 0
configure:4885: checking for catalogs to be installed
configure:4910: result:  az cs cy de el fi fr hu ko nl nn no sv sr
configure:4949: checking for pkg-config
configure:4967: found /usr/local/bin/pkg-config
configure:4980: result: /usr/local/bin/pkg-config
configure:4999: checking for 		  libxml-2.0 >= 2.4                   glib-2.0 >= 2.0.0
configure:5007: result: yes
configure:5011: checking ALL_CFLAGS
configure:5016: result: -I/usr/local/include/libxml2 -I/usr/local/include/glib-2.0 -I/usr/local/lib/glib-2.0/include  
configure:5019: checking ALL_LIBS
configure:5024: result: -L/usr/local/lib -lxml2 -lglib-2.0 -lintl  
configure:5214: creating ./config.status

## ---------------------- ##
## Running config.status. ##
## ---------------------- ##

This file was extended by config.status, which was
generated by GNU Autoconf 2.59.  Invocation command line was

  CONFIG_FILES    = 
  CONFIG_HEADERS  = 
  CONFIG_LINKS    = 
  CONFIG_COMMANDS = 
  $ ./config.status 

on Chriss-iPad

config.status:735: creating Makefile
config.status:735: creating shared-mime-info.pc
config.status:735: creating po/Makefile.in
config.status:839: creating config.h
config.status:1135: executing depfiles commands
config.status:1135: executing default-1 commands
config.status:1135: executing default-2 commands

## ---------------- ##
## Cache variables. ##
## ---------------- ##

ac_cv_c_compiler_gnu=yes
ac_cv_c_const=yes
ac_cv_env_CC_set=set
ac_cv_env_CC_value=/usr/bin/gcc
ac_cv_env_CFLAGS_set=
ac_cv_env_CFLAGS_value=
ac_cv_env_CPPFLAGS_set=
ac_cv_env_CPPFLAGS_value=
ac_cv_env_CPP_set=
ac_cv_env_CPP_value=
ac_cv_env_LDFLAGS_set=
ac_cv_env_LDFLAGS_value=
ac_cv_env_build_alias_set=
ac_cv_env_build_alias_value=
ac_cv_env_host_alias_set=
ac_cv_env_host_alias_value=
ac_cv_env_target_alias_set=
ac_cv_env_target_alias_value=
ac_cv_exeext=
ac_cv_func_bind_textdomain_codeset=yes
ac_cv_func_dcgettext=yes
ac_cv_header_inttypes_h=yes
ac_cv_header_libintl_h=yes
ac_cv_header_locale_h=yes
ac_cv_header_memory_h=yes
ac_cv_header_stdc=no
ac_cv_header_stdint_h=yes
ac_cv_header_stdlib_h=yes
ac_cv_header_string_h=yes
ac_cv_header_strings_h=yes
ac_cv_header_sys_stat_h=yes
ac_cv_header_sys_types_h=yes
ac_cv_header_unistd_h=yes
ac_cv_lib_intl_bindtextdomain=yes
ac_cv_lib_intl_dgettext=yes
ac_cv_objext=o
ac_cv_path_GMSGFMT=/usr/local/bin/msgfmt
ac_cv_path_INTLTOOL_PERL=/usr/local/bin/perl
ac_cv_path_MSGFMT=/usr/local/bin/msgfmt
ac_cv_path_PKG_CONFIG=/usr/local/bin/pkg-config
ac_cv_path_XGETTEXT=/usr/local/bin/xgettext
ac_cv_path_install='/usr/bin/install -c'
ac_cv_prog_AWK=gawk
ac_cv_prog_CPP='/usr/bin/gcc -E'
ac_cv_prog_ac_ct_CC=/usr/bin/gcc
ac_cv_prog_cc_g=yes
ac_cv_prog_cc_stdc=
ac_cv_prog_egrep='grep -E'
ac_cv_prog_make_make_set=yes
am_cv_CC_dependencies_compiler_type=gcc3
am_cv_val_LC_MESSAGES=yes
gt_cv_func_dgettext_libc=no
gt_cv_func_dgettext_libintl=yes
gt_cv_have_gettext=yes

## ----------------- ##
## Output variables. ##
## ----------------- ##

ACLOCAL='${SHELL} /home/chris/shared-mime-info-0.15/missing --run aclocal-1.8'
ALL_CFLAGS='-I/usr/local/include/libxml2 -I/usr/local/include/glib-2.0 -I/usr/local/lib/glib-2.0/include  '
ALL_LIBS='-L/usr/local/lib -lxml2 -lglib-2.0 -lintl  '
AMDEPBACKSLASH='\'
AMDEP_FALSE='#'
AMDEP_TRUE=''
AMTAR='${SHELL} /home/chris/shared-mime-info-0.15/missing --run tar'
AUTOCONF='${SHELL} /home/chris/shared-mime-info-0.15/missing --run autoconf'
AUTOHEADER='${SHELL} /home/chris/shared-mime-info-0.15/missing --run autoheader'
AUTOMAKE='${SHELL} /home/chris/shared-mime-info-0.15/missing --run automake-1.8'
AWK='gawk'
CATALOGS=' az.gmo cs.gmo cy.gmo de.gmo el.gmo fi.gmo fr.gmo hu.gmo ko.gmo nl.gmo nn.gmo no.gmo sv.gmo sr.gmo'
CATOBJEXT='.gmo'
CC='/usr/bin/gcc'
CCDEPMODE='depmode=gcc3'
CFLAGS='-g -O2 -Wall -Wstrict-prototypes -Wmissing-prototypes -Wwrite-strings'
CPP='/usr/bin/gcc -E'
CPPFLAGS=''
CYGPATH_W='echo'
DATADIRNAME='share'
DEFS='-DHAVE_CONFIG_H'
DEPDIR='.deps'
ECHO_C=''
ECHO_N='-n'
ECHO_T=''
EGREP='grep -E'
ENABLE_UPDATE_MIMEDB_FALSE='#'
ENABLE_UPDATE_MIMEDB_TRUE=''
EXEEXT=''
GETTEXT_PACKAGE='shared-mime-info'
GMOFILES=' az.gmo cs.gmo cy.gmo de.gmo el.gmo fi.gmo fr.gmo hu.gmo ko.gmo nl.gmo nn.gmo no.gmo sv.gmo sr.gmo'
GMSGFMT='/usr/local/bin/msgfmt'
INSTALL_DATA='${INSTALL} -m 644'
INSTALL_PROGRAM='${INSTALL}'
INSTALL_SCRIPT='${INSTALL}'
INSTALL_STRIP_PROGRAM='${SHELL} $(install_sh) -c -s'
INSTOBJEXT='.mo'
INTLLIBS='-lintl '
INTLTOOL_CAVES_RULE='%.caves:     %.caves.in     $(INTLTOOL_MERGE) $(wildcard $(top_srcdir)/po/*.po) ; LC_ALL=C $(INTLTOOL_MERGE) -d -u -c $(top_builddir)/po/.intltool-merge-cache $(top_srcdir)/po $< $@'
INTLTOOL_DESKTOP_RULE='%.desktop:   %.desktop.in   $(INTLTOOL_MERGE) $(wildcard $(top_srcdir)/po/*.po) ; LC_ALL=C $(INTLTOOL_MERGE) -d -u -c $(top_builddir)/po/.intltool-merge-cache $(top_srcdir)/po $< $@'
INTLTOOL_DIRECTORY_RULE='%.directory: %.directory.in $(INTLTOOL_MERGE) $(wildcard $(top_srcdir)/po/*.po) ; LC_ALL=C $(INTLTOOL_MERGE) -d -u -c $(top_builddir)/po/.intltool-merge-cache $(top_srcdir)/po $< $@'
INTLTOOL_EXTRACT='$(top_builddir)/intltool-extract'
INTLTOOL_KBD_RULE='%.kbd:       %.kbd.in       $(INTLTOOL_MERGE) $(wildcard $(top_srcdir)/po/*.po) ; LC_ALL=C $(INTLTOOL_MERGE) -x -u -m -c $(top_builddir)/po/.intltool-merge-cache $(top_srcdir)/po $< $@'
INTLTOOL_KEYS_RULE='%.keys:      %.keys.in      $(INTLTOOL_MERGE) $(wildcard $(top_srcdir)/po/*.po) ; LC_ALL=C $(INTLTOOL_MERGE) -k -u -c $(top_builddir)/po/.intltool-merge-cache $(top_srcdir)/po $< $@'
INTLTOOL_MERGE='$(top_builddir)/intltool-merge'
INTLTOOL_OAF_RULE='%.oaf:       %.oaf.in       $(INTLTOOL_MERGE) $(wildcard $(top_srcdir)/po/*.po) ; LC_ALL=C $(INTLTOOL_MERGE) -o -p $(top_srcdir)/po $< $@'
INTLTOOL_PERL='/usr/local/bin/perl'
INTLTOOL_PONG_RULE='%.pong:      %.pong.in      $(INTLTOOL_MERGE) $(wildcard $(top_srcdir)/po/*.po) ; LC_ALL=C $(INTLTOOL_MERGE) -x -u -c $(top_builddir)/po/.intltool-merge-cache $(top_srcdir)/po $< $@'
INTLTOOL_PROP_RULE='%.prop:      %.prop.in      $(INTLTOOL_MERGE) $(wildcard $(top_srcdir)/po/*.po) ; LC_ALL=C $(INTLTOOL_MERGE) -d -u -c $(top_builddir)/po/.intltool-merge-cache $(top_srcdir)/po $< $@'
INTLTOOL_SCHEMAS_RULE='%.schemas:   %.schemas.in   $(INTLTOOL_MERGE) $(wildcard $(top_srcdir)/po/*.po) ; LC_ALL=C $(INTLTOOL_MERGE) -s -u -c $(top_builddir)/po/.intltool-merge-cache $(top_srcdir)/po $< $@'
INTLTOOL_SERVER_RULE='%.server:    %.server.in    $(INTLTOOL_MERGE) $(wildcard $(top_srcdir)/po/*.po) ; LC_ALL=C $(INTLTOOL_MERGE) -o -u -c $(top_builddir)/po/.intltool-merge-cache $(top_srcdir)/po $< $@'
INTLTOOL_SHEET_RULE='%.sheet:     %.sheet.in     $(INTLTOOL_MERGE) $(wildcard $(top_srcdir)/po/*.po) ; LC_ALL=C $(INTLTOOL_MERGE) -x -u -c $(top_builddir)/po/.intltool-merge-cache $(top_srcdir)/po $< $@'
INTLTOOL_SOUNDLIST_RULE='%.soundlist: %.soundlist.in $(INTLTOOL_MERGE) $(wildcard $(top_srcdir)/po/*.po) ; LC_ALL=C $(INTLTOOL_MERGE) -d -u -c $(top_builddir)/po/.intltool-merge-cache $(top_srcdir)/po $< $@'
INTLTOOL_THEME_RULE='%.theme:     %.theme.in     $(INTLTOOL_MERGE) $(wildcard $(top_srcdir)/po/*.po) ; LC_ALL=C $(INTLTOOL_MERGE) -d -u -c $(top_builddir)/po/.intltool-merge-cache $(top_srcdir)/po $< $@'
INTLTOOL_UI_RULE='%.ui:        %.ui.in        $(INTLTOOL_MERGE) $(wildcard $(top_srcdir)/po/*.po) ; LC_ALL=C $(INTLTOOL_MERGE) -x -u -c $(top_builddir)/po/.intltool-merge-cache $(top_srcdir)/po $< $@'
INTLTOOL_UPDATE='$(top_builddir)/intltool-update'
INTLTOOL_XAM_RULE='%.xam:       %.xml.in       $(INTLTOOL_MERGE) $(wildcard $(top_srcdir)/po/*.po) ; LC_ALL=C $(INTLTOOL_MERGE) -x -u -c $(top_builddir)/po/.intltool-merge-cache $(top_srcdir)/po $< $@'
INTLTOOL_XML_RULE='%.xml:       %.xml.in       $(INTLTOOL_MERGE) $(wildcard $(top_srcdir)/po/*.po) ; LC_ALL=C $(INTLTOOL_MERGE) -x -u -c $(top_builddir)/po/.intltool-merge-cache $(top_srcdir)/po $< $@'
LDFLAGS=''
LIBOBJS=''
LIBS=''
LTLIBOBJS=''
MAKEINFO='${SHELL} /home/chris/shared-mime-info-0.15/missing --run makeinfo'
MKINSTALLDIRS='./mkinstalldirs'
MSGFMT='/usr/local/bin/msgfmt'
OBJEXT='o'
PACKAGE='shared-mime-info'
PACKAGE_BUGREPORT=''
PACKAGE_NAME=''
PACKAGE_STRING=''
PACKAGE_TARNAME=''
PACKAGE_VERSION=''
PATH_SEPARATOR=':'
PKG_CONFIG='/usr/local/bin/pkg-config'
POFILES=' az.po cs.po cy.po de.po el.po fi.po fr.po hu.po ko.po nl.po nn.po no.po sv.po sr.po'
POSUB='po'
PO_IN_DATADIR_FALSE=''
PO_IN_DATADIR_TRUE=''
SET_MAKE=''
SHELL='/bin/sh'
STRIP=''
USE_NLS='yes'
VERSION='0.15'
XGETTEXT='/usr/local/bin/xgettext'
ac_ct_CC='/usr/bin/gcc'
ac_ct_STRIP=''
am__fastdepCC_FALSE='#'
am__fastdepCC_TRUE=''
am__include='include'
am__leading_dot='.'
am__quote=''
bindir='${exec_prefix}/bin'
build_alias=''
datadir='${prefix}/share'
exec_prefix='${prefix}'
host_alias=''
includedir='${prefix}/include'
infodir='${prefix}/info'
install_sh='/home/chris/shared-mime-info-0.15/install-sh'
libdir='${exec_prefix}/lib'
libexecdir='${exec_prefix}/libexec'
localstatedir='${prefix}/var'
mandir='${prefix}/man'
mimedir='${datadir}/mime'
mkdir_p='mkdir -p -- .'
oldincludedir='/usr/include'
prefix='/usr/local'
program_transform_name='s,x,x,'
sbindir='${exec_prefix}/sbin'
sharedstatedir='${prefix}/com'
sysconfdir='${prefix}/etc'
target_alias=''

## ----------- ##
## confdefs.h. ##
## ----------- ##

#define ENABLE_NLS 1
#define HAVE_BIND_TEXTDOMAIN_CODESET 1
#define HAVE_DCGETTEXT 1
#define HAVE_GETTEXT 1
#define HAVE_INTTYPES_H 1
#define HAVE_LC_MESSAGES 1
#define HAVE_LOCALE_H 1
#define HAVE_MEMORY_H 1
#define HAVE_STDINT_H 1
#define HAVE_STDLIB_H 1
#define HAVE_STRINGS_H 1
#define HAVE_STRING_H 1
#define HAVE_SYS_STAT_H 1
#define HAVE_SYS_TYPES_H 1
#define HAVE_UNISTD_H 1
#define PACKAGE "shared-mime-info"
#define PACKAGE_BUGREPORT ""
#define PACKAGE_NAME ""
#define PACKAGE_STRING ""
#define PACKAGE_TARNAME ""
#define PACKAGE_VERSION ""
#define VERSION "0.15"

configure: exit 0
