This file contains any messages produced by compilers while
running configure, to aid debugging if configure makes a mistake.

It was created by popt configure 1.16, which was
generated by GNU Autoconf 2.63.  Invocation command line was

  $ ./configure 

## --------- ##
## Platform. ##
## --------- ##

hostname = Chriss-iPad
uname -m = iPad1,1
uname -r = 11.0.0
uname -s = Darwin
uname -v = Darwin Kernel Version 11.0.0: Sun Apr  8 21:51:26 PDT 2012; root:xnu-1878.11.10~1/RELEASE_ARM_S5L8930X

/usr/bin/uname -p = unknown
/bin/uname -X     = unknown

/bin/arch              = unknown
/usr/bin/arch -k       = unknown
/usr/convex/getsysinfo = unknown
/usr/bin/hostinfo      = Mach kernel version:
	 Darwin Kernel Version 11.0.0: Sun Apr  8 21:51:26 PDT 2012; root:xnu-1878.11.10~1/RELEASE_ARM_S5L8930X
Kernel configured for a single processor only.
1 processor is physically available.
1 processor is logically available.
Processor type: armv7 (arm v7)
Processor active: 0
Primary memory available: 246.98 megabytes
Default processor set: 50 tasks, 282 threads, 1 processors
Load average: 2.86, Mach factor: 0.20
/bin/machine           = unknown
/usr/bin/oslevel       = unknown
/bin/universe          = unknown

PATH: /usr/local/sbin
PATH: /usr/local/bin
PATH: /usr/sbin
PATH: /usr/bin
PATH: /sbin
PATH: /bin
PATH: /usr/bin/X11
PATH: /usr/games
PATH: /usr/local/Gambit-C/bin
PATH: /home/chris/apache-ant-1.7.1/bin


## ----------- ##
## Core tests. ##
## ----------- ##

configure:2121: checking build system type
configure:2139: result: arm-apple-darwin11.0.0
configure:2161: checking host system type
configure:2176: result: arm-apple-darwin11.0.0
configure:2198: checking target system type
configure:2213: result: arm-apple-darwin11.0.0
configure:2259: checking for a BSD-compatible install
configure:2327: result: /usr/bin/install -c
configure:2338: checking whether build environment is sane
configure:2398: result: yes
configure:2539: checking for a thread-safe mkdir -p
configure:2578: result: /bin/mkdir -p
configure:2591: checking for gawk
configure:2607: found /usr/bin/gawk
configure:2618: result: gawk
configure:2629: checking whether make sets $(MAKE)
configure:2651: result: yes
configure:2734: checking whether to enable maintainer-specific portions of Makefiles
configure:2743: result: no
configure:2782: checking for style of include used by make
configure:2810: result: GNU
configure:2880: checking for gcc
configure:2907: result: /usr/bin/gcc
configure:3139: checking for C compiler version
configure:3147: /usr/bin/gcc --version >&5
gcc (GCC) 4.2.1 (Based on Apple Inc. build 5555)
Copyright (C) 2007 Free Software Foundation, Inc.
This is free software; see the source for copying conditions.  There is NO
warranty; not even for MERCHANTABILITY or FITNESS FOR A PARTICULAR PURPOSE.

configure:3151: $? = 0
configure:3158: /usr/bin/gcc -v >&5
Using built-in specs.
Target: arm-apple-darwin9
Configured with: ../llvm-gcc-4.2/configure --build=x86_64-unknown-linux-gnu --host=arm-apple-darwin9 --enable-static=no --enable-shared=yes --prefix=/usr --localstatedir=/var/cache/iphone-gcc --enable-languages=c,c++,objc,obj-c++ --enable-wchar_t=no --with-gxx-include-dir=/usr/include/c++/4.0.0
Thread model: posix
gcc version 4.2.1 (Based on Apple Inc. build 5555)
configure:3162: $? = 0
configure:3169: /usr/bin/gcc -V >&5
gcc: '-V' option must have argument
configure:3173: $? = 1
configure:3196: checking for C compiler default output file name
configure:3218: /usr/bin/gcc    conftest.c  >&5
configure:3222: $? = 0
configure:3260: result: a.out
configure:3279: checking whether the C compiler works
configure:3289: ./a.out
./configure: line 3291: 11739 Killed: 9               ./$ac_file
configure:3293: $? = 137
configure:3305: result: yes
configure:3312: checking whether we are cross compiling
configure:3314: result: no
configure:3317: checking for suffix of executables
configure:3324: /usr/bin/gcc -o conftest    conftest.c  >&5
configure:3328: $? = 0
configure:3354: result: 
configure:3360: checking for suffix of object files
configure:3386: /usr/bin/gcc -c   conftest.c >&5
configure:3390: $? = 0
configure:3415: result: o
configure:3419: checking whether we are using the GNU C compiler
configure:3448: /usr/bin/gcc -c   conftest.c >&5
configure:3455: $? = 0
configure:3472: result: yes
configure:3481: checking whether /usr/bin/gcc accepts -g
configure:3511: /usr/bin/gcc -c -g  conftest.c >&5
configure:3518: $? = 0
configure:3619: result: yes
configure:3636: checking for /usr/bin/gcc option to accept ISO C89
configure:3710: /usr/bin/gcc  -c -g -O2  conftest.c >&5
configure:3717: $? = 0
configure:3740: result: none needed
configure:3760: checking dependency style of /usr/bin/gcc
configure:3870: result: gcc3
configure:3887: checking for /usr/bin/gcc option to accept ISO C99
configure:4046: /usr/bin/gcc  -c -g -O2  conftest.c >&5
conftest.c:60: error: expected ';', ',' or ')' before 'text'
conftest.c: In function 'main':
conftest.c:114: error: nested functions are disabled, use -fnested-functions to re-enable
conftest.c:114: error: expected '=', ',', ';', 'asm' or '__attribute__' before 'newvar'
conftest.c:114: error: 'newvar' undeclared (first use in this function)
conftest.c:114: error: (Each undeclared identifier is reported only once
conftest.c:114: error: for each function it appears in.)
conftest.c:124: error: 'for' loop initial declaration used outside C99 mode
configure:4053: $? = 1
configure: failed program was:
| /* confdefs.h.  */
| #define PACKAGE_NAME "popt"
| #define PACKAGE_TARNAME "popt"
| #define PACKAGE_VERSION "1.16"
| #define PACKAGE_STRING "popt 1.16"
| #define PACKAGE_BUGREPORT "popt-devel@rpm5.org"
| #define PACKAGE "popt"
| #define VERSION "1.16"
| /* end confdefs.h.  */
| #include <stdarg.h>
| #include <stdbool.h>
| #include <stdlib.h>
| #include <wchar.h>
| #include <stdio.h>
| 
| // Check varargs macros.  These examples are taken from C99 6.10.3.5.
| #define debug(...) fprintf (stderr, __VA_ARGS__)
| #define showlist(...) puts (#__VA_ARGS__)
| #define report(test,...) ((test) ? puts (#test) : printf (__VA_ARGS__))
| static void
| test_varargs_macros (void)
| {
|   int x = 1234;
|   int y = 5678;
|   debug ("Flag");
|   debug ("X = %d\n", x);
|   showlist (The first, second, and third items.);
|   report (x>y, "x is %d but y is %d", x, y);
| }
| 
| // Check long long types.
| #define BIG64 18446744073709551615ull
| #define BIG32 4294967295ul
| #define BIG_OK (BIG64 / BIG32 == 4294967297ull && BIG64 % BIG32 == 0)
| #if !BIG_OK
|   your preprocessor is broken;
| #endif
| #if BIG_OK
| #else
|   your preprocessor is broken;
| #endif
| static long long int bignum = -9223372036854775807LL;
| static unsigned long long int ubignum = BIG64;
| 
| struct incomplete_array
| {
|   int datasize;
|   double data[];
| };
| 
| struct named_init {
|   int number;
|   const wchar_t *name;
|   double average;
| };
| 
| typedef const char *ccp;
| 
| static inline int
| test_restrict (ccp restrict text)
| {
|   // See if C++-style comments work.
|   // Iterate through items via the restricted pointer.
|   // Also check for declarations in for loops.
|   for (unsigned int i = 0; *(text+i) != '\0'; ++i)
|     continue;
|   return 0;
| }
| 
| // Check varargs and va_copy.
| static void
| test_varargs (const char *format, ...)
| {
|   va_list args;
|   va_start (args, format);
|   va_list args_copy;
|   va_copy (args_copy, args);
| 
|   const char *str;
|   int number;
|   float fnumber;
| 
|   while (*format)
|     {
|       switch (*format++)
| 	{
| 	case 's': // string
| 	  str = va_arg (args_copy, const char *);
| 	  break;
| 	case 'd': // int
| 	  number = va_arg (args_copy, int);
| 	  break;
| 	case 'f': // float
| 	  fnumber = va_arg (args_copy, double);
| 	  break;
| 	default:
| 	  break;
| 	}
|     }
|   va_end (args_copy);
|   va_end (args);
| }
| 
| int
| main ()
| {
| 
|   // Check bool.
|   _Bool success = false;
| 
|   // Check restrict.
|   if (test_restrict ("String literal") == 0)
|     success = true;
|   char *restrict newvar = "Another string";
| 
|   // Check varargs.
|   test_varargs ("s, d' f .", "string", 65, 34.234);
|   test_varargs_macros ();
| 
|   // Check flexible array members.
|   struct incomplete_array *ia =
|     malloc (sizeof (struct incomplete_array) + (sizeof (double) * 10));
|   ia->datasize = 10;
|   for (int i = 0; i < ia->datasize; ++i)
|     ia->data[i] = i * 1.234;
| 
|   // Check named initializers.
|   struct named_init ni = {
|     .number = 34,
|     .name = L"Test wide string",
|     .average = 543.34343,
|   };
| 
|   ni.number = 58;
| 
|   int dynamic_array[ni.number];
|   dynamic_array[ni.number - 1] = 543;
| 
|   // work around unused variable warnings
|   return (!success || bignum == 0LL || ubignum == 0uLL || newvar[0] == 'x'
| 	  || dynamic_array[ni.number - 1] != 543);
| 
|   ;
|   return 0;
| }
configure:4046: /usr/bin/gcc -std=gnu99 -c -g -O2  conftest.c >&5
configure:4053: $? = 0
configure:4083: result: -std=gnu99
configure:4214: checking for /usr/bin/gcc -std=gnu99 option to accept ISO Standard C
configure:4225: result: -std=gnu99
configure:4278: checking for gcc
configure:4305: result: /usr/bin/gcc
configure:4537: checking for C compiler version
configure:4545: /usr/bin/gcc --version >&5
gcc (GCC) 4.2.1 (Based on Apple Inc. build 5555)
Copyright (C) 2007 Free Software Foundation, Inc.
This is free software; see the source for copying conditions.  There is NO
warranty; not even for MERCHANTABILITY or FITNESS FOR A PARTICULAR PURPOSE.

configure:4549: $? = 0
configure:4556: /usr/bin/gcc -v >&5
Using built-in specs.
Target: arm-apple-darwin9
Configured with: ../llvm-gcc-4.2/configure --build=x86_64-unknown-linux-gnu --host=arm-apple-darwin9 --enable-static=no --enable-shared=yes --prefix=/usr --localstatedir=/var/cache/iphone-gcc --enable-languages=c,c++,objc,obj-c++ --enable-wchar_t=no --with-gxx-include-dir=/usr/include/c++/4.0.0
Thread model: posix
gcc version 4.2.1 (Based on Apple Inc. build 5555)
configure:4560: $? = 0
configure:4567: /usr/bin/gcc -V >&5
gcc: '-V' option must have argument
configure:4571: $? = 1
configure:4574: checking whether we are using the GNU C compiler
configure:4627: result: yes
configure:4636: checking whether /usr/bin/gcc accepts -g
configure:4774: result: yes
configure:4791: checking for /usr/bin/gcc option to accept ISO C89
configure:4895: result: none needed
configure:4915: checking dependency style of /usr/bin/gcc
configure:5025: result: gcc3
configure:5055: checking for a BSD-compatible install
configure:5123: result: /usr/bin/install -c
configure:5159: checking for a sed that does not truncate output
configure:5225: result: /bin/sed
configure:5243: checking for grep that handles long lines and -e
configure:5303: result: /bin/grep
configure:5308: checking for egrep
configure:5372: result: /bin/grep -E
configure:5377: checking for fgrep
configure:5441: result: /bin/grep -F
configure:5476: checking for ld used by /usr/bin/gcc
configure:5543: result: /usr/bin/ld
configure:5552: checking if the linker (/usr/bin/ld) is GNU ld
configure:5567: result: no
configure:5579: checking for BSD- or MS-compatible name lister (nm)
configure:5628: result: /usr/bin/nm -p
configure:5746: checking the name lister (/usr/bin/nm -p) interface
configure:5760: /usr/bin/gcc -c -g -O2  conftest.c >&5
configure:5763: /usr/bin/nm -p "conftest.o"
configure:5766: output
00000000 D _some_variable
configure:5766: result: BSD nm
configure:5769: checking whether ln -s works
configure:5773: result: yes
configure:5781: checking the maximum length of command line arguments
configure:5901: result: 196608
configure:5918: checking whether the shell understands some XSI constructs
configure:5928: result: yes
configure:5932: checking whether the shell understands "+="
configure:5938: result: yes
configure:5973: checking for /usr/bin/ld option to reload object files
configure:5980: result: -r
configure:6049: checking for objdump
configure:6065: found /usr/bin/objdump
configure:6076: result: objdump
configure:6108: checking how to recognize dependent libraries
configure:6304: result: pass_all
configure:6364: checking for ar
configure:6380: found /usr/bin/ar
configure:6391: result: ar
configure:6469: checking for strip
configure:6485: found /usr/bin/strip
configure:6496: result: strip
configure:6568: checking for ranlib
configure:6584: found /usr/bin/ranlib
configure:6595: result: ranlib
configure:6685: checking command to parse /usr/bin/nm -p output from /usr/bin/gcc object
configure:6803: /usr/bin/gcc -c -g -O2  conftest.c >&5
configure:6806: $? = 0
configure:6810: /usr/bin/nm -p conftest.o \| sed -n -e 's/^.*[	 ]\([BCDEGRST][BCDEGRST]*\)[	 ][	 ]*\([_A-Za-z][_A-Za-z0-9]*\)$/\1 \2 \2/p' \> conftest.nm
configure:6813: $? = 0
cannot find nm_test_var in conftest.nm
configure:6803: /usr/bin/gcc -c -g -O2  conftest.c >&5
configure:6806: $? = 0
configure:6810: /usr/bin/nm -p conftest.o \| sed -n -e 's/^.*[	 ]\([BCDEGRST][BCDEGRST]*\)[	 ][	 ]*_\([_A-Za-z][_A-Za-z0-9]*\)$/\1 _\2 \2/p' \> conftest.nm
configure:6813: $? = 0
configure:6867: /usr/bin/gcc -o conftest -g -O2   conftest.c conftstm.o >&5
configure:6870: $? = 0
configure:6908: result: ok
configure:7202: checking for dsymutil
configure:7232: result: no
configure:7294: checking for nmedit
configure:7310: found /usr/bin/nmedit
configure:7321: result: nmedit
configure:7386: checking for lipo
configure:7402: found /usr/bin/lipo
configure:7413: result: lipo
configure:7478: checking for otool
configure:7494: found /usr/bin/otool
configure:7505: result: otool
configure:7570: checking for otool64
configure:7586: found /usr/bin/otool64
configure:7597: result: otool64
configure:7645: checking for -single_module linker flag
/usr/bin/gcc -g -O2  -o libconftest.dylib -dynamiclib -Wl,-single_module conftest.c
configure:7672: result: yes
configure:7674: checking for -exported_symbols_list linker flag
configure:7704: /usr/bin/gcc -o conftest -g -O2   -Wl,-exported_symbols_list,conftest.sym conftest.c  >&5
configure:7711: $? = 0
configure:7733: result: yes
configure:7775: checking how to run the C preprocessor
configure:7815: /usr/bin/gcc -E  conftest.c
configure:7822: $? = 0
configure:7853: /usr/bin/gcc -E  conftest.c
conftest.c:10:28: error: ac_nonexistent.h: No such file or directory
configure:7860: $? = 1
configure: failed program was:
| /* confdefs.h.  */
| #define PACKAGE_NAME "popt"
| #define PACKAGE_TARNAME "popt"
| #define PACKAGE_VERSION "1.16"
| #define PACKAGE_STRING "popt 1.16"
| #define PACKAGE_BUGREPORT "popt-devel@rpm5.org"
| #define PACKAGE "popt"
| #define VERSION "1.16"
| /* end confdefs.h.  */
| #include <ac_nonexistent.h>
configure:7893: result: /usr/bin/gcc -E
configure:7922: /usr/bin/gcc -E  conftest.c
configure:7929: $? = 0
configure:7960: /usr/bin/gcc -E  conftest.c
conftest.c:10:28: error: ac_nonexistent.h: No such file or directory
configure:7967: $? = 1
configure: failed program was:
| /* confdefs.h.  */
| #define PACKAGE_NAME "popt"
| #define PACKAGE_TARNAME "popt"
| #define PACKAGE_VERSION "1.16"
| #define PACKAGE_STRING "popt 1.16"
| #define PACKAGE_BUGREPORT "popt-devel@rpm5.org"
| #define PACKAGE "popt"
| #define VERSION "1.16"
| /* end confdefs.h.  */
| #include <ac_nonexistent.h>
configure:8007: checking for ANSI C header files
configure:8037: /usr/bin/gcc -c -g -O2  conftest.c >&5
configure:8044: $? = 0
configure:8143: /usr/bin/gcc -o conftest -g -O2   conftest.c  >&5
configure:8147: $? = 0
configure:8153: ./conftest
./configure: line 8155: 12174 Killed: 9               ./conftest$ac_exeext
configure:8157: $? = 137
configure: program exited with status 137
configure: failed program was:
| /* confdefs.h.  */
| #define PACKAGE_NAME "popt"
| #define PACKAGE_TARNAME "popt"
| #define PACKAGE_VERSION "1.16"
| #define PACKAGE_STRING "popt 1.16"
| #define PACKAGE_BUGREPORT "popt-devel@rpm5.org"
| #define PACKAGE "popt"
| #define VERSION "1.16"
| /* end confdefs.h.  */
| #include <ctype.h>
| #include <stdlib.h>
| #if ((' ' & 0x0FF) == 0x020)
| # define ISLOWER(c) ('a' <= (c) && (c) <= 'z')
| # define TOUPPER(c) (ISLOWER(c) ? 'A' + ((c) - 'a') : (c))
| #else
| # define ISLOWER(c) 		   (('a' <= (c) && (c) <= 'i') 		     || ('j' <= (c) && (c) <= 'r') 		     || ('s' <= (c) && (c) <= 'z'))
| # define TOUPPER(c) (ISLOWER(c) ? ((c) | 0x40) : (c))
| #endif
| 
| #define XOR(e, f) (((e) && !(f)) || (!(e) && (f)))
| int
| main ()
| {
|   int i;
|   for (i = 0; i < 256; i++)
|     if (XOR (islower (i), ISLOWER (i))
| 	|| toupper (i) != TOUPPER (i))
|       return 2;
|   return 0;
| }
configure:8175: result: no
configure:8199: checking for sys/types.h
configure:8220: /usr/bin/gcc -c -g -O2  conftest.c >&5
configure:8227: $? = 0
configure:8244: result: yes
configure:8199: checking for sys/stat.h
configure:8220: /usr/bin/gcc -c -g -O2  conftest.c >&5
configure:8227: $? = 0
configure:8244: result: yes
configure:8199: checking for stdlib.h
configure:8220: /usr/bin/gcc -c -g -O2  conftest.c >&5
configure:8227: $? = 0
configure:8244: result: yes
configure:8199: checking for string.h
configure:8220: /usr/bin/gcc -c -g -O2  conftest.c >&5
configure:8227: $? = 0
configure:8244: result: yes
configure:8199: checking for memory.h
configure:8220: /usr/bin/gcc -c -g -O2  conftest.c >&5
configure:8227: $? = 0
configure:8244: result: yes
configure:8199: checking for strings.h
configure:8220: /usr/bin/gcc -c -g -O2  conftest.c >&5
configure:8227: $? = 0
configure:8244: result: yes
configure:8199: checking for inttypes.h
configure:8220: /usr/bin/gcc -c -g -O2  conftest.c >&5
configure:8227: $? = 0
configure:8244: result: yes
configure:8199: checking for stdint.h
configure:8220: /usr/bin/gcc -c -g -O2  conftest.c >&5
configure:8227: $? = 0
configure:8244: result: yes
configure:8199: checking for unistd.h
configure:8220: /usr/bin/gcc -c -g -O2  conftest.c >&5
configure:8227: $? = 0
configure:8244: result: yes
configure:8262: checking for dlfcn.h
configure:8283: /usr/bin/gcc -c -g -O2  conftest.c >&5
configure:8290: $? = 0
configure:8307: result: yes
configure:8493: checking for objdir
configure:8508: result: .libs
configure:8804: checking if /usr/bin/gcc supports -fno-rtti -fno-exceptions
configure:8829: /usr/bin/gcc -c -g -O2  -fno-rtti -fno-exceptions conftest.c >&5
cc1: warning: command line option "-fno-rtti" is valid for C++/ObjC++ but not for C
configure:8833: $? = 0
configure:8839: result: no
configure:8859: checking for /usr/bin/gcc option to produce PIC
configure:9131: result: -fno-common -DPIC
configure:9143: checking if /usr/bin/gcc PIC flag -fno-common -DPIC works
configure:9168: /usr/bin/gcc -c -g -O2  -fno-common -DPIC -DPIC conftest.c >&5
configure:9172: $? = 0
configure:9178: result: yes
configure:9202: checking if /usr/bin/gcc static flag -static works
configure:9230: result: no
configure:9245: checking if /usr/bin/gcc supports -c -o file.o
configure:9273: /usr/bin/gcc -c -g -O2  -o out/conftest2.o conftest.c >&5
configure:9277: $? = 0
configure:9292: result: yes
configure:9300: checking if /usr/bin/gcc supports -c -o file.o
configure:9347: result: yes
configure:9380: checking whether the /usr/bin/gcc linker (/usr/bin/ld) supports shared libraries
configure:10454: result: yes
configure:10693: checking dynamic linker characteristics
configure:11379: result: darwin11.0.0 dyld
configure:11481: checking how to hardcode library paths into programs
configure:11506: result: immediate
configure:12339: checking whether stripping libraries is possible
configure:12353: result: yes
configure:12379: checking if libtool supports shared libraries
configure:12381: result: yes
configure:12384: checking whether to build shared libraries
configure:12405: result: yes
configure:12408: checking whether to build static libraries
configure:12412: result: yes
configure:12460: checking whether /usr/bin/gcc needs -traditional
conftest.c:21:19: error: sgtty.h: No such file or directory
conftest.c:21:20: error: termio.h: No such file or directory
configure:12502: result: no
configure:12516: checking for special C compiler options needed for large files
configure:12611: result: no
configure:12617: checking for _FILE_OFFSET_BITS value needed for large files
configure:12652: /usr/bin/gcc -c -g -O2 -Wall -W -D_GNU_SOURCE -D_REENTRANT  conftest.c >&5
configure:12659: $? = 0
configure:12728: result: no
configure:12866: checking for library containing strerror
configure:12907: /usr/bin/gcc -o conftest -g -O2 -Wall -W -D_GNU_SOURCE -D_REENTRANT   conftest.c  >&5
configure:12914: $? = 0
configure:12945: result: none required
configure:12953: checking for function prototypes
configure:12956: result: yes
configure:12986: checking for string.h
configure:12993: result: yes
configure:13156: checking float.h usability
configure:13173: /usr/bin/gcc -c -g -O2 -Wall -W -D_GNU_SOURCE -D_REENTRANT  conftest.c >&5
configure:13180: $? = 0
configure:13194: result: yes
configure:13198: checking float.h presence
configure:13213: /usr/bin/gcc -E  conftest.c
configure:13220: $? = 0
configure:13234: result: yes
configure:13267: checking for float.h
configure:13276: result: yes
configure:13156: checking fnmatch.h usability
configure:13173: /usr/bin/gcc -c -g -O2 -Wall -W -D_GNU_SOURCE -D_REENTRANT  conftest.c >&5
configure:13180: $? = 0
configure:13194: result: yes
configure:13198: checking fnmatch.h presence
configure:13213: /usr/bin/gcc -E  conftest.c
configure:13220: $? = 0
configure:13234: result: yes
configure:13267: checking for fnmatch.h
configure:13276: result: yes
configure:13156: checking glob.h usability
configure:13173: /usr/bin/gcc -c -g -O2 -Wall -W -D_GNU_SOURCE -D_REENTRANT  conftest.c >&5
configure:13180: $? = 0
configure:13194: result: yes
configure:13198: checking glob.h presence
configure:13213: /usr/bin/gcc -E  conftest.c
configure:13220: $? = 0
configure:13234: result: yes
configure:13267: checking for glob.h
configure:13276: result: yes
configure:13156: checking langinfo.h usability
configure:13173: /usr/bin/gcc -c -g -O2 -Wall -W -D_GNU_SOURCE -D_REENTRANT  conftest.c >&5
configure:13180: $? = 0
configure:13194: result: yes
configure:13198: checking langinfo.h presence
configure:13213: /usr/bin/gcc -E  conftest.c
configure:13220: $? = 0
configure:13234: result: yes
configure:13267: checking for langinfo.h
configure:13276: result: yes
configure:13156: checking libintl.h usability
configure:13173: /usr/bin/gcc -c -g -O2 -Wall -W -D_GNU_SOURCE -D_REENTRANT  conftest.c >&5
configure:13180: $? = 0
configure:13194: result: yes
configure:13198: checking libintl.h presence
configure:13213: /usr/bin/gcc -E  conftest.c
configure:13220: $? = 0
configure:13234: result: yes
configure:13267: checking for libintl.h
configure:13276: result: yes
configure:13156: checking mcheck.h usability
configure:13173: /usr/bin/gcc -c -g -O2 -Wall -W -D_GNU_SOURCE -D_REENTRANT  conftest.c >&5
conftest.c:62:20: error: mcheck.h: No such file or directory
configure:13180: $? = 1
configure: failed program was:
| /* confdefs.h.  */
| #define PACKAGE_NAME "popt"
| #define PACKAGE_TARNAME "popt"
| #define PACKAGE_VERSION "1.16"
| #define PACKAGE_STRING "popt 1.16"
| #define PACKAGE_BUGREPORT "popt-devel@rpm5.org"
| #define PACKAGE "popt"
| #define VERSION "1.16"
| #define HAVE_SYS_TYPES_H 1
| #define HAVE_SYS_STAT_H 1
| #define HAVE_STDLIB_H 1
| #define HAVE_STRING_H 1
| #define HAVE_MEMORY_H 1
| #define HAVE_STRINGS_H 1
| #define HAVE_INTTYPES_H 1
| #define HAVE_STDINT_H 1
| #define HAVE_UNISTD_H 1
| #define HAVE_DLFCN_H 1
| #define LT_OBJDIR ".libs/"
| #define PROTOTYPES 1
| #define __PROTOTYPES 1
| #define HAVE_STRING_H 1
| #define HAVE_FLOAT_H 1
| #define HAVE_FNMATCH_H 1
| #define HAVE_GLOB_H 1
| #define HAVE_LANGINFO_H 1
| #define HAVE_LIBINTL_H 1
| /* end confdefs.h.  */
| #include <stdio.h>
| #ifdef HAVE_SYS_TYPES_H
| # include <sys/types.h>
| #endif
| #ifdef HAVE_SYS_STAT_H
| # include <sys/stat.h>
| #endif
| #ifdef STDC_HEADERS
| # include <stdlib.h>
| # include <stddef.h>
| #else
| # ifdef HAVE_STDLIB_H
| #  include <stdlib.h>
| # endif
| #endif
| #ifdef HAVE_STRING_H
| # if !defined STDC_HEADERS && defined HAVE_MEMORY_H
| #  include <memory.h>
| # endif
| # include <string.h>
| #endif
| #ifdef HAVE_STRINGS_H
| # include <strings.h>
| #endif
| #ifdef HAVE_INTTYPES_H
| # include <inttypes.h>
| #endif
| #ifdef HAVE_STDINT_H
| # include <stdint.h>
| #endif
| #ifdef HAVE_UNISTD_H
| # include <unistd.h>
| #endif
| #include <mcheck.h>
configure:13194: result: no
configure:13198: checking mcheck.h presence
configure:13213: /usr/bin/gcc -E  conftest.c
conftest.c:29:20: error: mcheck.h: No such file or directory
configure:13220: $? = 1
configure: failed program was:
| /* confdefs.h.  */
| #define PACKAGE_NAME "popt"
| #define PACKAGE_TARNAME "popt"
| #define PACKAGE_VERSION "1.16"
| #define PACKAGE_STRING "popt 1.16"
| #define PACKAGE_BUGREPORT "popt-devel@rpm5.org"
| #define PACKAGE "popt"
| #define VERSION "1.16"
| #define HAVE_SYS_TYPES_H 1
| #define HAVE_SYS_STAT_H 1
| #define HAVE_STDLIB_H 1
| #define HAVE_STRING_H 1
| #define HAVE_MEMORY_H 1
| #define HAVE_STRINGS_H 1
| #define HAVE_INTTYPES_H 1
| #define HAVE_STDINT_H 1
| #define HAVE_UNISTD_H 1
| #define HAVE_DLFCN_H 1
| #define LT_OBJDIR ".libs/"
| #define PROTOTYPES 1
| #define __PROTOTYPES 1
| #define HAVE_STRING_H 1
| #define HAVE_FLOAT_H 1
| #define HAVE_FNMATCH_H 1
| #define HAVE_GLOB_H 1
| #define HAVE_LANGINFO_H 1
| #define HAVE_LIBINTL_H 1
| /* end confdefs.h.  */
| #include <mcheck.h>
configure:13234: result: no
configure:13267: checking for mcheck.h
configure:13276: result: no
configure:13145: checking for unistd.h
configure:13152: result: yes
configure:13330: checking for setreuid
configure:13386: /usr/bin/gcc -o conftest -g -O2 -Wall -W -D_GNU_SOURCE -D_REENTRANT   conftest.c  >&5
configure:13393: $? = 0
configure:13413: result: yes
configure:13504: checking for getuid
configure:13560: /usr/bin/gcc -o conftest -g -O2 -Wall -W -D_GNU_SOURCE -D_REENTRANT   conftest.c  >&5
configure:13567: $? = 0
configure:13589: result: yes
configure:13504: checking for geteuid
configure:13560: /usr/bin/gcc -o conftest -g -O2 -Wall -W -D_GNU_SOURCE -D_REENTRANT   conftest.c  >&5
configure:13567: $? = 0
configure:13589: result: yes
configure:13504: checking for iconv
configure:13560: /usr/bin/gcc -o conftest -g -O2 -Wall -W -D_GNU_SOURCE -D_REENTRANT   conftest.c  >&5
Undefined symbols:
  "_iconv", referenced from:
      _main in ccdFcnYp.o
ld: symbol(s) not found
collect2: ld returned 1 exit status
configure:13567: $? = 1
configure: failed program was:
| /* confdefs.h.  */
| #define PACKAGE_NAME "popt"
| #define PACKAGE_TARNAME "popt"
| #define PACKAGE_VERSION "1.16"
| #define PACKAGE_STRING "popt 1.16"
| #define PACKAGE_BUGREPORT "popt-devel@rpm5.org"
| #define PACKAGE "popt"
| #define VERSION "1.16"
| #define HAVE_SYS_TYPES_H 1
| #define HAVE_SYS_STAT_H 1
| #define HAVE_STDLIB_H 1
| #define HAVE_STRING_H 1
| #define HAVE_MEMORY_H 1
| #define HAVE_STRINGS_H 1
| #define HAVE_INTTYPES_H 1
| #define HAVE_STDINT_H 1
| #define HAVE_UNISTD_H 1
| #define HAVE_DLFCN_H 1
| #define LT_OBJDIR ".libs/"
| #define PROTOTYPES 1
| #define __PROTOTYPES 1
| #define HAVE_STRING_H 1
| #define HAVE_FLOAT_H 1
| #define HAVE_FNMATCH_H 1
| #define HAVE_GLOB_H 1
| #define HAVE_LANGINFO_H 1
| #define HAVE_LIBINTL_H 1
| #define HAVE_UNISTD_H 1
| #define HAVE_GETUID 1
| #define HAVE_GETEUID 1
| /* end confdefs.h.  */
| /* Define iconv to an innocuous variant, in case <limits.h> declares iconv.
|    For example, HP-UX 11i <limits.h> declares gettimeofday.  */
| #define iconv innocuous_iconv
| 
| /* System header to define __stub macros and hopefully few prototypes,
|     which can conflict with char iconv (); below.
|     Prefer <limits.h> to <assert.h> if __STDC__ is defined, since
|     <limits.h> exists even on freestanding compilers.  */
| 
| #ifdef __STDC__
| # include <limits.h>
| #else
| # include <assert.h>
| #endif
| 
| #undef iconv
| 
| /* Override any GCC internal prototype to avoid an error.
|    Use char because int might match the return type of a GCC
|    builtin and then its argument prototype would still apply.  */
| #ifdef __cplusplus
| extern "C"
| #endif
| char iconv ();
| /* The GNU C library defines this for functions which it implements
|     to always fail with ENOSYS.  Some functions are actually named
|     something starting with __ and the normal name is an alias.  */
| #if defined __stub_iconv || defined __stub___iconv
| choke me
| #endif
| 
| int
| main ()
| {
| return iconv ();
|   ;
|   return 0;
| }
configure:13589: result: no
configure:13504: checking for mtrace
configure:13560: /usr/bin/gcc -o conftest -g -O2 -Wall -W -D_GNU_SOURCE -D_REENTRANT   conftest.c  >&5
Undefined symbols:
  "_mtrace", referenced from:
      _main in ccYhdmgB.o
ld: symbol(s) not found
collect2: ld returned 1 exit status
configure:13567: $? = 1
configure: failed program was:
| /* confdefs.h.  */
| #define PACKAGE_NAME "popt"
| #define PACKAGE_TARNAME "popt"
| #define PACKAGE_VERSION "1.16"
| #define PACKAGE_STRING "popt 1.16"
| #define PACKAGE_BUGREPORT "popt-devel@rpm5.org"
| #define PACKAGE "popt"
| #define VERSION "1.16"
| #define HAVE_SYS_TYPES_H 1
| #define HAVE_SYS_STAT_H 1
| #define HAVE_STDLIB_H 1
| #define HAVE_STRING_H 1
| #define HAVE_MEMORY_H 1
| #define HAVE_STRINGS_H 1
| #define HAVE_INTTYPES_H 1
| #define HAVE_STDINT_H 1
| #define HAVE_UNISTD_H 1
| #define HAVE_DLFCN_H 1
| #define LT_OBJDIR ".libs/"
| #define PROTOTYPES 1
| #define __PROTOTYPES 1
| #define HAVE_STRING_H 1
| #define HAVE_FLOAT_H 1
| #define HAVE_FNMATCH_H 1
| #define HAVE_GLOB_H 1
| #define HAVE_LANGINFO_H 1
| #define HAVE_LIBINTL_H 1
| #define HAVE_UNISTD_H 1
| #define HAVE_GETUID 1
| #define HAVE_GETEUID 1
| /* end confdefs.h.  */
| /* Define mtrace to an innocuous variant, in case <limits.h> declares mtrace.
|    For example, HP-UX 11i <limits.h> declares gettimeofday.  */
| #define mtrace innocuous_mtrace
| 
| /* System header to define __stub macros and hopefully few prototypes,
|     which can conflict with char mtrace (); below.
|     Prefer <limits.h> to <assert.h> if __STDC__ is defined, since
|     <limits.h> exists even on freestanding compilers.  */
| 
| #ifdef __STDC__
| # include <limits.h>
| #else
| # include <assert.h>
| #endif
| 
| #undef mtrace
| 
| /* Override any GCC internal prototype to avoid an error.
|    Use char because int might match the return type of a GCC
|    builtin and then its argument prototype would still apply.  */
| #ifdef __cplusplus
| extern "C"
| #endif
| char mtrace ();
| /* The GNU C library defines this for functions which it implements
|     to always fail with ENOSYS.  Some functions are actually named
|     something starting with __ and the normal name is an alias.  */
| #if defined __stub_mtrace || defined __stub___mtrace
| choke me
| #endif
| 
| int
| main ()
| {
| return mtrace ();
|   ;
|   return 0;
| }
configure:13589: result: no
configure:13504: checking for __secure_getenv
configure:13560: /usr/bin/gcc -o conftest -g -O2 -Wall -W -D_GNU_SOURCE -D_REENTRANT   conftest.c  >&5
Undefined symbols:
  "___secure_getenv", referenced from:
      _main in ccpqxstS.o
ld: symbol(s) not found
collect2: ld returned 1 exit status
configure:13567: $? = 1
configure: failed program was:
| /* confdefs.h.  */
| #define PACKAGE_NAME "popt"
| #define PACKAGE_TARNAME "popt"
| #define PACKAGE_VERSION "1.16"
| #define PACKAGE_STRING "popt 1.16"
| #define PACKAGE_BUGREPORT "popt-devel@rpm5.org"
| #define PACKAGE "popt"
| #define VERSION "1.16"
| #define HAVE_SYS_TYPES_H 1
| #define HAVE_SYS_STAT_H 1
| #define HAVE_STDLIB_H 1
| #define HAVE_STRING_H 1
| #define HAVE_MEMORY_H 1
| #define HAVE_STRINGS_H 1
| #define HAVE_INTTYPES_H 1
| #define HAVE_STDINT_H 1
| #define HAVE_UNISTD_H 1
| #define HAVE_DLFCN_H 1
| #define LT_OBJDIR ".libs/"
| #define PROTOTYPES 1
| #define __PROTOTYPES 1
| #define HAVE_STRING_H 1
| #define HAVE_FLOAT_H 1
| #define HAVE_FNMATCH_H 1
| #define HAVE_GLOB_H 1
| #define HAVE_LANGINFO_H 1
| #define HAVE_LIBINTL_H 1
| #define HAVE_UNISTD_H 1
| #define HAVE_GETUID 1
| #define HAVE_GETEUID 1
| /* end confdefs.h.  */
| /* Define __secure_getenv to an innocuous variant, in case <limits.h> declares __secure_getenv.
|    For example, HP-UX 11i <limits.h> declares gettimeofday.  */
| #define __secure_getenv innocuous___secure_getenv
| 
| /* System header to define __stub macros and hopefully few prototypes,
|     which can conflict with char __secure_getenv (); below.
|     Prefer <limits.h> to <assert.h> if __STDC__ is defined, since
|     <limits.h> exists even on freestanding compilers.  */
| 
| #ifdef __STDC__
| # include <limits.h>
| #else
| # include <assert.h>
| #endif
| 
| #undef __secure_getenv
| 
| /* Override any GCC internal prototype to avoid an error.
|    Use char because int might match the return type of a GCC
|    builtin and then its argument prototype would still apply.  */
| #ifdef __cplusplus
| extern "C"
| #endif
| char __secure_getenv ();
| /* The GNU C library defines this for functions which it implements
|     to always fail with ENOSYS.  Some functions are actually named
|     something starting with __ and the normal name is an alias.  */
| #if defined __stub___secure_getenv || defined __stub_____secure_getenv
| choke me
| #endif
| 
| int
| main ()
| {
| return __secure_getenv ();
|   ;
|   return 0;
| }
configure:13589: result: no
configure:13504: checking for setregid
configure:13560: /usr/bin/gcc -o conftest -g -O2 -Wall -W -D_GNU_SOURCE -D_REENTRANT   conftest.c  >&5
configure:13567: $? = 0
configure:13589: result: yes
configure:13504: checking for stpcpy
configure:13560: /usr/bin/gcc -o conftest -g -O2 -Wall -W -D_GNU_SOURCE -D_REENTRANT   conftest.c  >&5
conftest.c:56: warning: conflicting types for built-in function 'stpcpy'
configure:13567: $? = 0
configure:13589: result: yes
configure:13504: checking for strerror
configure:13560: /usr/bin/gcc -o conftest -g -O2 -Wall -W -D_GNU_SOURCE -D_REENTRANT   conftest.c  >&5
configure:13567: $? = 0
configure:13589: result: yes
configure:13504: checking for vasprintf
configure:13560: /usr/bin/gcc -o conftest -g -O2 -Wall -W -D_GNU_SOURCE -D_REENTRANT   conftest.c  >&5
configure:13567: $? = 0
configure:13589: result: yes
configure:13504: checking for srandom
configure:13560: /usr/bin/gcc -o conftest -g -O2 -Wall -W -D_GNU_SOURCE -D_REENTRANT   conftest.c  >&5
configure:13567: $? = 0
configure:13589: result: yes
configure:13603: checking whether NLS is requested
configure:13612: result: yes
configure:13653: checking for msgfmt
configure: trying /usr/local/bin/msgfmt...
0 translated messages.
configure:13685: result: /usr/local/bin/msgfmt
configure:13694: checking for gmsgfmt
configure:13725: result: /usr/local/bin/msgfmt
configure:13776: checking for xgettext
configure: trying /usr/local/bin/xgettext...
/usr/local/bin/xgettext: warning: file `/dev/null' extension `' is unknown; will try C
configure:13808: result: /usr/local/bin/xgettext
configure:13854: checking for msgmerge
configure: trying /usr/local/bin/msgmerge...
configure:13885: result: /usr/local/bin/msgmerge
configure:13942: checking for ld used by GCC
configure:14006: result: /usr/bin/ld
configure:14015: checking if the linker (/usr/bin/ld) is GNU ld
configure:14028: result: no
configure:14035: checking for shared library run path origin
configure:14048: result: done
configure:14549: checking for CFPreferencesCopyAppValue
configure:14577: /usr/bin/gcc -o conftest -g -O2 -Wall -W -D_GNU_SOURCE -D_REENTRANT   conftest.c  -Wl,-framework -Wl,CoreFoundation >&5
ld: framework not found CoreFoundation
collect2: ld returned 1 exit status
configure:14584: $? = 1
configure: failed program was:
| /* confdefs.h.  */
| #define PACKAGE_NAME "popt"
| #define PACKAGE_TARNAME "popt"
| #define PACKAGE_VERSION "1.16"
| #define PACKAGE_STRING "popt 1.16"
| #define PACKAGE_BUGREPORT "popt-devel@rpm5.org"
| #define PACKAGE "popt"
| #define VERSION "1.16"
| #define HAVE_SYS_TYPES_H 1
| #define HAVE_SYS_STAT_H 1
| #define HAVE_STDLIB_H 1
| #define HAVE_STRING_H 1
| #define HAVE_MEMORY_H 1
| #define HAVE_STRINGS_H 1
| #define HAVE_INTTYPES_H 1
| #define HAVE_STDINT_H 1
| #define HAVE_UNISTD_H 1
| #define HAVE_DLFCN_H 1
| #define LT_OBJDIR ".libs/"
| #define PROTOTYPES 1
| #define __PROTOTYPES 1
| #define HAVE_STRING_H 1
| #define HAVE_FLOAT_H 1
| #define HAVE_FNMATCH_H 1
| #define HAVE_GLOB_H 1
| #define HAVE_LANGINFO_H 1
| #define HAVE_LIBINTL_H 1
| #define HAVE_UNISTD_H 1
| #define HAVE_GETUID 1
| #define HAVE_GETEUID 1
| #define HAVE_SETREGID 1
| #define HAVE_STPCPY 1
| #define HAVE_STRERROR 1
| #define HAVE_VASPRINTF 1
| #define HAVE_SRANDOM 1
| /* end confdefs.h.  */
| #include <CoreFoundation/CFPreferences.h>
| int
| main ()
| {
| CFPreferencesCopyAppValue(NULL, NULL)
|   ;
|   return 0;
| }
configure:14605: result: no
configure:14614: checking for CFLocaleCopyCurrent
configure:14642: /usr/bin/gcc -o conftest -g -O2 -Wall -W -D_GNU_SOURCE -D_REENTRANT   conftest.c  -Wl,-framework -Wl,CoreFoundation >&5
ld: framework not found CoreFoundation
collect2: ld returned 1 exit status
configure:14649: $? = 1
configure: failed program was:
| /* confdefs.h.  */
| #define PACKAGE_NAME "popt"
| #define PACKAGE_TARNAME "popt"
| #define PACKAGE_VERSION "1.16"
| #define PACKAGE_STRING "popt 1.16"
| #define PACKAGE_BUGREPORT "popt-devel@rpm5.org"
| #define PACKAGE "popt"
| #define VERSION "1.16"
| #define HAVE_SYS_TYPES_H 1
| #define HAVE_SYS_STAT_H 1
| #define HAVE_STDLIB_H 1
| #define HAVE_STRING_H 1
| #define HAVE_MEMORY_H 1
| #define HAVE_STRINGS_H 1
| #define HAVE_INTTYPES_H 1
| #define HAVE_STDINT_H 1
| #define HAVE_UNISTD_H 1
| #define HAVE_DLFCN_H 1
| #define LT_OBJDIR ".libs/"
| #define PROTOTYPES 1
| #define __PROTOTYPES 1
| #define HAVE_STRING_H 1
| #define HAVE_FLOAT_H 1
| #define HAVE_FNMATCH_H 1
| #define HAVE_GLOB_H 1
| #define HAVE_LANGINFO_H 1
| #define HAVE_LIBINTL_H 1
| #define HAVE_UNISTD_H 1
| #define HAVE_GETUID 1
| #define HAVE_GETEUID 1
| #define HAVE_SETREGID 1
| #define HAVE_STPCPY 1
| #define HAVE_STRERROR 1
| #define HAVE_VASPRINTF 1
| #define HAVE_SRANDOM 1
| /* end confdefs.h.  */
| #include <CoreFoundation/CFLocale.h>
| int
| main ()
| {
| CFLocaleCopyCurrent();
|   ;
|   return 0;
| }
configure:14670: result: no
configure:14721: checking for GNU gettext in libc
configure:14751: /usr/bin/gcc -o conftest -g -O2 -Wall -W -D_GNU_SOURCE -D_REENTRANT   conftest.c  >&5
Undefined symbols:
  "__nl_msg_cat_cntr", referenced from:
      __nl_msg_cat_cntr$non_lazy_ptr in cclwINmu.o
  "__nl_domain_bindings", referenced from:
      __nl_domain_bindings$non_lazy_ptr in cclwINmu.o
  "_libintl_bindtextdomain", referenced from:
      _main in cclwINmu.o
  "_libintl_gettext", referenced from:
      _main in cclwINmu.o
ld: symbol(s) not found
collect2: ld returned 1 exit status
configure:14758: $? = 1
configure: failed program was:
| /* confdefs.h.  */
| #define PACKAGE_NAME "popt"
| #define PACKAGE_TARNAME "popt"
| #define PACKAGE_VERSION "1.16"
| #define PACKAGE_STRING "popt 1.16"
| #define PACKAGE_BUGREPORT "popt-devel@rpm5.org"
| #define PACKAGE "popt"
| #define VERSION "1.16"
| #define HAVE_SYS_TYPES_H 1
| #define HAVE_SYS_STAT_H 1
| #define HAVE_STDLIB_H 1
| #define HAVE_STRING_H 1
| #define HAVE_MEMORY_H 1
| #define HAVE_STRINGS_H 1
| #define HAVE_INTTYPES_H 1
| #define HAVE_STDINT_H 1
| #define HAVE_UNISTD_H 1
| #define HAVE_DLFCN_H 1
| #define LT_OBJDIR ".libs/"
| #define PROTOTYPES 1
| #define __PROTOTYPES 1
| #define HAVE_STRING_H 1
| #define HAVE_FLOAT_H 1
| #define HAVE_FNMATCH_H 1
| #define HAVE_GLOB_H 1
| #define HAVE_LANGINFO_H 1
| #define HAVE_LIBINTL_H 1
| #define HAVE_UNISTD_H 1
| #define HAVE_GETUID 1
| #define HAVE_GETEUID 1
| #define HAVE_SETREGID 1
| #define HAVE_STPCPY 1
| #define HAVE_STRERROR 1
| #define HAVE_VASPRINTF 1
| #define HAVE_SRANDOM 1
| /* end confdefs.h.  */
| #include <libintl.h>
| 
| extern int _nl_msg_cat_cntr;
| extern int *_nl_domain_bindings;
| int
| main ()
| {
| bindtextdomain ("", "");
| return * gettext ("") + _nl_msg_cat_cntr + *_nl_domain_bindings
|   ;
|   return 0;
| }
configure:14780: result: no
configure:14814: checking for iconv
configure:14846: /usr/bin/gcc -o conftest -g -O2 -Wall -W -D_GNU_SOURCE -D_REENTRANT -I/usr/local/include  conftest.c  >&5
Undefined symbols:
  "_iconv", referenced from:
      _main in ccKe6wA1.o
  "_iconv_close", referenced from:
      _main in ccKe6wA1.o
  "_iconv_open", referenced from:
      _main in ccKe6wA1.o
ld: symbol(s) not found
collect2: ld returned 1 exit status
configure:14853: $? = 1
configure: failed program was:
| /* confdefs.h.  */
| #define PACKAGE_NAME "popt"
| #define PACKAGE_TARNAME "popt"
| #define PACKAGE_VERSION "1.16"
| #define PACKAGE_STRING "popt 1.16"
| #define PACKAGE_BUGREPORT "popt-devel@rpm5.org"
| #define PACKAGE "popt"
| #define VERSION "1.16"
| #define HAVE_SYS_TYPES_H 1
| #define HAVE_SYS_STAT_H 1
| #define HAVE_STDLIB_H 1
| #define HAVE_STRING_H 1
| #define HAVE_MEMORY_H 1
| #define HAVE_STRINGS_H 1
| #define HAVE_INTTYPES_H 1
| #define HAVE_STDINT_H 1
| #define HAVE_UNISTD_H 1
| #define HAVE_DLFCN_H 1
| #define LT_OBJDIR ".libs/"
| #define PROTOTYPES 1
| #define __PROTOTYPES 1
| #define HAVE_STRING_H 1
| #define HAVE_FLOAT_H 1
| #define HAVE_FNMATCH_H 1
| #define HAVE_GLOB_H 1
| #define HAVE_LANGINFO_H 1
| #define HAVE_LIBINTL_H 1
| #define HAVE_UNISTD_H 1
| #define HAVE_GETUID 1
| #define HAVE_GETEUID 1
| #define HAVE_SETREGID 1
| #define HAVE_STPCPY 1
| #define HAVE_STRERROR 1
| #define HAVE_VASPRINTF 1
| #define HAVE_SRANDOM 1
| /* end confdefs.h.  */
| #include <stdlib.h>
| #include <iconv.h>
| int
| main ()
| {
| iconv_t cd = iconv_open("","");
|        iconv(cd,NULL,NULL,NULL,NULL);
|        iconv_close(cd);
|   ;
|   return 0;
| }
configure:14899: /usr/bin/gcc -o conftest -g -O2 -Wall -W -D_GNU_SOURCE -D_REENTRANT -I/usr/local/include  conftest.c  -L/usr/local/lib -liconv >&5
Undefined symbols:
  "_iconv", referenced from:
      _main in ccd35AwJ.o
  "_iconv_close", referenced from:
      _main in ccd35AwJ.o
  "_iconv_open", referenced from:
      _main in ccd35AwJ.o
ld: symbol(s) not found
collect2: ld returned 1 exit status
configure:14906: $? = 1
configure: failed program was:
| /* confdefs.h.  */
| #define PACKAGE_NAME "popt"
| #define PACKAGE_TARNAME "popt"
| #define PACKAGE_VERSION "1.16"
| #define PACKAGE_STRING "popt 1.16"
| #define PACKAGE_BUGREPORT "popt-devel@rpm5.org"
| #define PACKAGE "popt"
| #define VERSION "1.16"
| #define HAVE_SYS_TYPES_H 1
| #define HAVE_SYS_STAT_H 1
| #define HAVE_STDLIB_H 1
| #define HAVE_STRING_H 1
| #define HAVE_MEMORY_H 1
| #define HAVE_STRINGS_H 1
| #define HAVE_INTTYPES_H 1
| #define HAVE_STDINT_H 1
| #define HAVE_UNISTD_H 1
| #define HAVE_DLFCN_H 1
| #define LT_OBJDIR ".libs/"
| #define PROTOTYPES 1
| #define __PROTOTYPES 1
| #define HAVE_STRING_H 1
| #define HAVE_FLOAT_H 1
| #define HAVE_FNMATCH_H 1
| #define HAVE_GLOB_H 1
| #define HAVE_LANGINFO_H 1
| #define HAVE_LIBINTL_H 1
| #define HAVE_UNISTD_H 1
| #define HAVE_GETUID 1
| #define HAVE_GETEUID 1
| #define HAVE_SETREGID 1
| #define HAVE_STPCPY 1
| #define HAVE_STRERROR 1
| #define HAVE_VASPRINTF 1
| #define HAVE_SRANDOM 1
| /* end confdefs.h.  */
| #include <stdlib.h>
| #include <iconv.h>
| int
| main ()
| {
| iconv_t cd = iconv_open("","");
|          iconv(cd,NULL,NULL,NULL,NULL);
|          iconv_close(cd);
|   ;
|   return 0;
| }
configure:14930: result: no, consider installing GNU libiconv
configure:15517: checking for GNU gettext in libintl
configure:15555: /usr/bin/gcc -o conftest -g -O2 -Wall -W -D_GNU_SOURCE -D_REENTRANT  -I/usr/local/include  conftest.c  -L/usr/local/lib -lintl -lc >&5
configure:15562: $? = 0
configure:15647: result: yes
configure:15684: checking whether to use NLS
configure:15686: result: yes
configure:15689: checking where the gettext function comes from
configure:15700: result: external libintl
configure:15708: checking how to link with libintl
configure:15710: result: -L/usr/local/lib -lintl -lc
configure:15790: checking for iconv
configure:15906: result: no, consider installing GNU libiconv
configure:16257: creating ./config.status

## ---------------------- ##
## Running config.status. ##
## ---------------------- ##

This file was extended by popt config.status 1.16, which was
generated by GNU Autoconf 2.63.  Invocation command line was

  CONFIG_FILES    = 
  CONFIG_HEADERS  = 
  CONFIG_LINKS    = 
  CONFIG_COMMANDS = 
  $ ./config.status 

on Chriss-iPad

config.status:1052: creating po/Makefile.in
config.status:1052: creating m4/Makefile
config.status:1052: creating Doxyfile
config.status:1052: creating Makefile
config.status:1052: creating popt.pc
config.status:1052: creating popt.spec
config.status:1052: creating test-poptrc
config.status:1052: creating auto/Makefile
config.status:1052: creating auto/desc
config.status:1052: creating auto/types
config.status:1052: creating config.h
config.status:1326: executing depfiles commands
config.status:1326: executing libtool commands
config.status:1326: executing po-directories commands

## ---------------- ##
## Cache variables. ##
## ---------------- ##

ac_cv_build=arm-apple-darwin11.0.0
ac_cv_c_compiler_gnu=yes
ac_cv_env_CC_set=set
ac_cv_env_CC_value=/usr/bin/gcc
ac_cv_env_CFLAGS_set=
ac_cv_env_CFLAGS_value=
ac_cv_env_CPPFLAGS_set=
ac_cv_env_CPPFLAGS_value=
ac_cv_env_CPP_set=
ac_cv_env_CPP_value=
ac_cv_env_LDFLAGS_set=
ac_cv_env_LDFLAGS_value=
ac_cv_env_LIBS_set=
ac_cv_env_LIBS_value=
ac_cv_env_build_alias_set=
ac_cv_env_build_alias_value=
ac_cv_env_host_alias_set=
ac_cv_env_host_alias_value=
ac_cv_env_target_alias_set=
ac_cv_env_target_alias_value=
ac_cv_func___secure_getenv=no
ac_cv_func_geteuid=yes
ac_cv_func_getuid=yes
ac_cv_func_iconv=no
ac_cv_func_mtrace=no
ac_cv_func_setregid=yes
ac_cv_func_setreuid=yes
ac_cv_func_srandom=yes
ac_cv_func_stpcpy=yes
ac_cv_func_strerror=yes
ac_cv_func_vasprintf=yes
ac_cv_header_dlfcn_h=yes
ac_cv_header_float_h=yes
ac_cv_header_fnmatch_h=yes
ac_cv_header_glob_h=yes
ac_cv_header_inttypes_h=yes
ac_cv_header_langinfo_h=yes
ac_cv_header_libintl_h=yes
ac_cv_header_mcheck_h=no
ac_cv_header_memory_h=yes
ac_cv_header_stdc=no
ac_cv_header_stdint_h=yes
ac_cv_header_stdlib_h=yes
ac_cv_header_string_h=yes
ac_cv_header_strings_h=yes
ac_cv_header_sys_stat_h=yes
ac_cv_header_sys_types_h=yes
ac_cv_header_unistd_h=yes
ac_cv_host=arm-apple-darwin11.0.0
ac_cv_objext=o
ac_cv_path_EGREP='/bin/grep -E'
ac_cv_path_FGREP='/bin/grep -F'
ac_cv_path_GMSGFMT=/usr/local/bin/msgfmt
ac_cv_path_GREP=/bin/grep
ac_cv_path_MSGFMT=/usr/local/bin/msgfmt
ac_cv_path_MSGMERGE=/usr/local/bin/msgmerge
ac_cv_path_SED=/bin/sed
ac_cv_path_XGETTEXT=/usr/local/bin/xgettext
ac_cv_path_install='/usr/bin/install -c'
ac_cv_path_mkdir=/bin/mkdir
ac_cv_prog_AWK=gawk
ac_cv_prog_CPP='/usr/bin/gcc -E'
ac_cv_prog_ac_ct_AR=ar
ac_cv_prog_ac_ct_CC=/usr/bin/gcc
ac_cv_prog_ac_ct_LIPO=lipo
ac_cv_prog_ac_ct_NMEDIT=nmedit
ac_cv_prog_ac_ct_OBJDUMP=objdump
ac_cv_prog_ac_ct_OTOOL64=otool64
ac_cv_prog_ac_ct_OTOOL=otool
ac_cv_prog_ac_ct_RANLIB=ranlib
ac_cv_prog_ac_ct_STRIP=strip
ac_cv_prog_cc_c89=
ac_cv_prog_cc_c99=-std=gnu99
ac_cv_prog_cc_g=yes
ac_cv_prog_cc_stdc=-std=gnu99
ac_cv_prog_gcc_traditional=no
ac_cv_prog_make_make_set=yes
ac_cv_search_strerror='none required'
ac_cv_sys_file_offset_bits=no
ac_cv_sys_largefile_CC=no
ac_cv_target=arm-apple-darwin11.0.0
acl_cv_hardcode_direct=no
acl_cv_hardcode_libdir_flag_spec=
acl_cv_hardcode_libdir_separator=
acl_cv_hardcode_minus_L=no
acl_cv_libext=a
acl_cv_libname_spec='lib$name'
acl_cv_library_names_spec='$libname$shrext'
acl_cv_path_LD=/usr/bin/ld
acl_cv_prog_gnu_ld=no
acl_cv_rpath=done
acl_cv_shlibext=dylib
acl_cv_wl=-Wl,
am_cv_CC_dependencies_compiler_type=gcc3
am_cv_func_iconv='no, consider installing GNU libiconv'
am_cv_lib_iconv=no
gt_cv_func_CFLocaleCopyCurrent=no
gt_cv_func_CFPreferencesCopyAppValue=no
gt_cv_func_gnugettext1_libc=no
gt_cv_func_gnugettext1_libintl=yes
lt_cv_apple_cc_single_mod=yes
lt_cv_deplibs_check_method=pass_all
lt_cv_file_magic_cmd='$MAGIC_CMD'
lt_cv_file_magic_test_file=
lt_cv_ld_exported_symbols_list=yes
lt_cv_ld_reload_flag=-r
lt_cv_nm_interface='BSD nm'
lt_cv_objdir=.libs
lt_cv_path_LD=/usr/bin/ld
lt_cv_path_NM='/usr/bin/nm -p'
lt_cv_prog_compiler_c_o=yes
lt_cv_prog_compiler_pic_works=yes
lt_cv_prog_compiler_rtti_exceptions=no
lt_cv_prog_compiler_static_works=no
lt_cv_prog_gnu_ld=no
lt_cv_sys_global_symbol_pipe='sed -n -e '\''s/^.*[	 ]\([BCDEGRST][BCDEGRST]*\)[	 ][	 ]*_\([_A-Za-z][_A-Za-z0-9]*\)$/\1 _\2 \2/p'\'''
lt_cv_sys_global_symbol_to_c_name_address='sed -n -e '\''s/^: \([^ ]*\) $/  {\"\1\", (void *) 0},/p'\'' -e '\''s/^[BCDEGRST]* \([^ ]*\) \([^ ]*\)$/  {"\2", (void *) \&\2},/p'\'''
lt_cv_sys_global_symbol_to_c_name_address_lib_prefix='sed -n -e '\''s/^: \([^ ]*\) $/  {\"\1\", (void *) 0},/p'\'' -e '\''s/^[BCDEGRST]* \([^ ]*\) \(lib[^ ]*\)$/  {"\2", (void *) \&\2},/p'\'' -e '\''s/^[BCDEGRST]* \([^ ]*\) \([^ ]*\)$/  {"lib\2", (void *) \&\2},/p'\'''
lt_cv_sys_global_symbol_to_cdecl='sed -n -e '\''s/^T .* \(.*\)$/extern int \1();/p'\'' -e '\''s/^[BCDEGRST]* .* \(.*\)$/extern char \1;/p'\'''
lt_cv_sys_max_cmd_len=196608

## ----------------- ##
## Output variables. ##
## ----------------- ##

ACLOCAL='${SHELL} /home/chris/popt-1.16/missing --run aclocal-1.11'
AMDEPBACKSLASH='\'
AMDEP_FALSE='#'
AMDEP_TRUE=''
AMTAR='${SHELL} /home/chris/popt-1.16/missing --run tar'
ANSI2KNR=''
AR='ar'
AUTOCONF='${SHELL} /home/chris/popt-1.16/missing --run autoconf'
AUTOHEADER='${SHELL} /home/chris/popt-1.16/missing --run autoheader'
AUTOMAKE='${SHELL} /home/chris/popt-1.16/missing --run automake-1.11'
AWK='gawk'
CC='/usr/bin/gcc'
CCDEPMODE='depmode=gcc3'
CFLAGS='-g -O2 -Wall -W -D_GNU_SOURCE -D_REENTRANT'
CPP='/usr/bin/gcc -E'
CPPFLAGS='-I/usr/local/include'
CYGPATH_W='echo'
DEFS='-DHAVE_CONFIG_H'
DEPDIR='.deps'
DSYMUTIL=':'
DUMPBIN=''
ECHO_C=''
ECHO_N='-n'
ECHO_T=''
EGREP='/bin/grep -E'
EXEEXT=''
FGREP='/bin/grep -F'
GETTEXT_MACRO_VERSION='0.17'
GMSGFMT='/usr/local/bin/msgfmt'
GMSGFMT_015='/usr/local/bin/msgfmt'
GREP='/bin/grep'
HAVE_LD_VERSION_SCRIPT_FALSE=''
HAVE_LD_VERSION_SCRIPT_TRUE='#'
INSTALL_DATA='${INSTALL} -m 644'
INSTALL_PROGRAM='${INSTALL}'
INSTALL_SCRIPT='${INSTALL}'
INSTALL_STRIP_PROGRAM='$(install_sh) -c -s'
INTLLIBS='-L/usr/local/lib -lintl -lc'
INTL_MACOSX_LIBS=''
LD='/usr/bin/ld'
LDFLAGS=''
LIBICONV=''
LIBINTL='-L/usr/local/lib -lintl -lc'
LIBOBJS=''
LIBS=''
LIBTOOL='$(SHELL) $(top_builddir)/libtool'
LIPO='lipo'
LN_S='ln -s'
LTLIBICONV=''
LTLIBINTL='-L/usr/local/lib -lintl -lc -R/usr/local/lib'
LTLIBOBJS=''
LT_AGE='8'
LT_CURRENT='0'
LT_REVISION='0'
MAINT='#'
MAINTAINER_MODE_FALSE=''
MAINTAINER_MODE_TRUE='#'
MAKEINFO='${SHELL} /home/chris/popt-1.16/missing --run makeinfo'
MKDIR_P='/bin/mkdir -p'
MSGFMT='/usr/local/bin/msgfmt'
MSGFMT_015='/usr/local/bin/msgfmt'
MSGMERGE='/usr/local/bin/msgmerge'
NM='/usr/bin/nm -p'
NMEDIT='nmedit'
OBJDUMP='objdump'
OBJEXT='o'
OTOOL64='otool64'
OTOOL='otool'
PACKAGE='popt'
PACKAGE_BUGREPORT='popt-devel@rpm5.org'
PACKAGE_NAME='popt'
PACKAGE_STRING='popt 1.16'
PACKAGE_TARNAME='popt'
PACKAGE_VERSION='1.16'
PATH_SEPARATOR=':'
POPT_PKGCONFIG_LIBS='-L${libdir} -lpopt'
POPT_SOURCE_PATH='/home/chris/popt-1.16'
POSUB='po'
RANLIB='ranlib'
SED='/bin/sed'
SET_MAKE=''
SHELL='/bin/sh'
STRIP='strip'
TARGET='depend allprogs'
U=''
USE_NLS='yes'
VERSION='1.16'
XGETTEXT='/usr/local/bin/xgettext'
XGETTEXT_015='/usr/local/bin/xgettext'
XGETTEXT_EXTRA_OPTIONS=''
ac_ct_CC='/usr/bin/gcc'
ac_ct_DUMPBIN=''
am__EXEEXT_FALSE=''
am__EXEEXT_TRUE='#'
am__fastdepCC_FALSE='#'
am__fastdepCC_TRUE=''
am__include='include'
am__isrc=''
am__leading_dot='.'
am__quote=''
am__tar='${AMTAR} chof - "$$tardir"'
am__untar='${AMTAR} xf -'
bindir='${exec_prefix}/bin'
build='arm-apple-darwin11.0.0'
build_alias=''
build_cpu='arm'
build_os='darwin11.0.0'
build_vendor='apple'
datadir='${datarootdir}'
datarootdir='${prefix}/share'
docdir='${datarootdir}/doc/${PACKAGE_TARNAME}'
dvidir='${docdir}'
exec_prefix='${prefix}'
host='arm-apple-darwin11.0.0'
host_alias=''
host_cpu='arm'
host_os='darwin11.0.0'
host_vendor='apple'
htmldir='${docdir}'
includedir='${prefix}/include'
infodir='${datarootdir}/info'
install_sh='${SHELL} /home/chris/popt-1.16/install-sh'
libdir='${exec_prefix}/lib'
libexecdir='${exec_prefix}/libexec'
localedir='${datarootdir}/locale'
localstatedir='${prefix}/var'
lt_ECHO='echo'
mandir='${datarootdir}/man'
mkdir_p='/bin/mkdir -p'
oldincludedir='/usr/include'
pdfdir='${docdir}'
prefix='/usr/local'
program_transform_name='s,x,x,'
psdir='${docdir}'
sbindir='${exec_prefix}/sbin'
sharedstatedir='${prefix}/com'
subdirs=' '
sysconfdir='${prefix}/etc'
target='arm-apple-darwin11.0.0'
target_alias=''
target_cpu='arm'
target_os='darwin11.0.0'
target_vendor='apple'

## ----------- ##
## confdefs.h. ##
## ----------- ##

#define PACKAGE_NAME "popt"
#define PACKAGE_TARNAME "popt"
#define PACKAGE_VERSION "1.16"
#define PACKAGE_STRING "popt 1.16"
#define PACKAGE_BUGREPORT "popt-devel@rpm5.org"
#define PACKAGE "popt"
#define VERSION "1.16"
#define HAVE_SYS_TYPES_H 1
#define HAVE_SYS_STAT_H 1
#define HAVE_STDLIB_H 1
#define HAVE_STRING_H 1
#define HAVE_MEMORY_H 1
#define HAVE_STRINGS_H 1
#define HAVE_INTTYPES_H 1
#define HAVE_STDINT_H 1
#define HAVE_UNISTD_H 1
#define HAVE_DLFCN_H 1
#define LT_OBJDIR ".libs/"
#define PROTOTYPES 1
#define __PROTOTYPES 1
#define HAVE_STRING_H 1
#define HAVE_FLOAT_H 1
#define HAVE_FNMATCH_H 1
#define HAVE_GLOB_H 1
#define HAVE_LANGINFO_H 1
#define HAVE_LIBINTL_H 1
#define HAVE_UNISTD_H 1
#define HAVE_GETUID 1
#define HAVE_GETEUID 1
#define HAVE_SETREGID 1
#define HAVE_STPCPY 1
#define HAVE_STRERROR 1
#define HAVE_VASPRINTF 1
#define HAVE_SRANDOM 1
#define ENABLE_NLS 1
#define HAVE_GETTEXT 1
#define HAVE_DCGETTEXT 1
#define POPT_SYSCONFDIR "NONE/etc"
#define POPT_SOURCE_PATH "/home/chris/popt-1.16"

configure: exit 0
