This file contains any messages produced by compilers while
running configure, to aid debugging if configure makes a mistake.

It was created by libsoup configure 2.4.0, which was
generated by GNU Autoconf 2.61.  Invocation command line was

  $ ./configure 

## --------- ##
## Platform. ##
## --------- ##

hostname = Chriss-iPad
uname -m = iPad1,1
uname -r = 10.4.0
uname -s = Darwin
uname -v = Darwin Kernel Version 10.4.0: Wed Oct 20 20:14:45 PDT 2010; root:xnu-1504.58.28~3/RELEASE_ARM_S5L8930X

/usr/bin/uname -p = unknown
/bin/uname -X     = unknown

/bin/arch              = unknown
/usr/bin/arch -k       = unknown
/usr/convex/getsysinfo = unknown
/usr/bin/hostinfo      = Mach kernel version:
	 Darwin Kernel Version 10.4.0: Wed Oct 20 20:14:45 PDT 2010; root:xnu-1504.58.28~3/RELEASE_ARM_S5L8930X
Kernel configured for a single processor only.
1 processor is physically available.
1 processor is logically available.
Processor type: armv7 (arm v7)
Processor active: 0
Primary memory available: 247.00 megabytes
Default processor set: 34 tasks, 256 threads, 1 processors
Load average: 0.95, Mach factor: 0.37
/bin/machine           = unknown
/usr/bin/oslevel       = unknown
/bin/universe          = unknown

PATH: /usr/local/sbin
PATH: /usr/local/bin
PATH: /usr/sbin
PATH: /usr/bin
PATH: /sbin
PATH: /bin
PATH: /usr/bin/X11
PATH: /usr/games
PATH: /var/mobile/ocaml-3.12.0/bin


## ----------- ##
## Core tests. ##
## ----------- ##

configure:2050: checking for a BSD-compatible install
configure:2106: result: /usr/bin/install -c
configure:2117: checking whether build environment is sane
configure:2160: result: yes
configure:2188: checking for a thread-safe mkdir -p
configure:2227: result: /bin/mkdir -p
configure:2240: checking for gawk
configure:2256: found /usr/bin/gawk
configure:2267: result: gawk
configure:2278: checking whether make sets $(MAKE)
configure:2299: result: yes
configure:2490: checking whether to enable maintainer-specific portions of Makefiles
configure:2499: result: no
configure:2512: checking whether make sets $(MAKE)
configure:2533: result: yes
configure:2633: checking for gcc
configure:2660: result: /usr/bin/gcc
configure:2898: checking for C compiler version
configure:2905: /usr/bin/gcc --version >&5
gcc (GCC) 4.2.1 (Based on Apple Inc. build 5555)
Copyright (C) 2007 Free Software Foundation, Inc.
This is free software; see the source for copying conditions.  There is NO
warranty; not even for MERCHANTABILITY or FITNESS FOR A PARTICULAR PURPOSE.

configure:2908: $? = 0
configure:2915: /usr/bin/gcc -v >&5
Using built-in specs.
Target: arm-apple-darwin9
Configured with: ../llvm-gcc-4.2/configure --build=x86_64-unknown-linux-gnu --host=arm-apple-darwin9 --enable-static=no --enable-shared=yes --prefix=/usr --localstatedir=/var/cache/iphone-gcc --enable-languages=c,c++,objc,obj-c++ --enable-wchar_t=no --with-gxx-include-dir=/usr/include/c++/4.0.0
Thread model: posix
gcc version 4.2.1 (Based on Apple Inc. build 5555)
configure:2918: $? = 0
configure:2925: /usr/bin/gcc -V >&5
gcc: '-V' option must have argument
configure:2928: $? = 1
configure:2951: checking for C compiler default output file name
configure:2978: /usr/bin/gcc    conftest.c  >&5
configure:2981: $? = 0
configure:3019: result: a.out
configure:3036: checking whether the C compiler works
configure:3046: ./a.out
configure:3049: $? = 0
configure:3066: result: yes
configure:3073: checking whether we are cross compiling
configure:3075: result: no
configure:3078: checking for suffix of executables
configure:3085: /usr/bin/gcc -o conftest    conftest.c  >&5
configure:3088: $? = 0
configure:3112: result: 
configure:3118: checking for suffix of object files
configure:3144: /usr/bin/gcc -c   conftest.c >&5
configure:3147: $? = 0
configure:3170: result: o
configure:3174: checking whether we are using the GNU C compiler
configure:3203: /usr/bin/gcc -c   conftest.c >&5
configure:3209: $? = 0
configure:3226: result: yes
configure:3231: checking whether /usr/bin/gcc accepts -g
configure:3261: /usr/bin/gcc -c -g  conftest.c >&5
configure:3267: $? = 0
configure:3366: result: yes
configure:3383: checking for /usr/bin/gcc option to accept ISO C89
configure:3457: /usr/bin/gcc  -c -g -O2  conftest.c >&5
configure:3463: $? = 0
configure:3486: result: none needed
configure:3515: checking for style of include used by make
configure:3543: result: GNU
configure:3568: checking dependency style of /usr/bin/gcc
configure:3659: result: gcc3
configure:3722: checking for gcc
configure:3749: result: /usr/bin/gcc
configure:3987: checking for C compiler version
configure:3994: /usr/bin/gcc --version >&5
gcc (GCC) 4.2.1 (Based on Apple Inc. build 5555)
Copyright (C) 2007 Free Software Foundation, Inc.
This is free software; see the source for copying conditions.  There is NO
warranty; not even for MERCHANTABILITY or FITNESS FOR A PARTICULAR PURPOSE.

configure:3997: $? = 0
configure:4004: /usr/bin/gcc -v >&5
Using built-in specs.
Target: arm-apple-darwin9
Configured with: ../llvm-gcc-4.2/configure --build=x86_64-unknown-linux-gnu --host=arm-apple-darwin9 --enable-static=no --enable-shared=yes --prefix=/usr --localstatedir=/var/cache/iphone-gcc --enable-languages=c,c++,objc,obj-c++ --enable-wchar_t=no --with-gxx-include-dir=/usr/include/c++/4.0.0
Thread model: posix
gcc version 4.2.1 (Based on Apple Inc. build 5555)
configure:4007: $? = 0
configure:4014: /usr/bin/gcc -V >&5
gcc: '-V' option must have argument
configure:4017: $? = 1
configure:4020: checking whether we are using the GNU C compiler
configure:4072: result: yes
configure:4077: checking whether /usr/bin/gcc accepts -g
configure:4212: result: yes
configure:4229: checking for /usr/bin/gcc option to accept ISO C89
configure:4332: result: none needed
configure:4352: checking dependency style of /usr/bin/gcc
configure:4443: result: gcc3
configure:4474: checking for a BSD-compatible install
configure:4530: result: /usr/bin/install -c
configure:4549: checking how to run the C preprocessor
configure:4589: /usr/bin/gcc -E  conftest.c
configure:4595: $? = 0
configure:4626: /usr/bin/gcc -E  conftest.c
conftest.c:10:28: error: ac_nonexistent.h: No such file or directory
configure:4632: $? = 1
configure: failed program was:
| /* confdefs.h.  */
| #define PACKAGE_NAME "libsoup"
| #define PACKAGE_TARNAME "libsoup"
| #define PACKAGE_VERSION "2.4.0"
| #define PACKAGE_STRING "libsoup 2.4.0"
| #define PACKAGE_BUGREPORT ""
| #define PACKAGE "libsoup"
| #define VERSION "2.4.0"
| /* end confdefs.h.  */
| #include <ac_nonexistent.h>
configure:4665: result: /usr/bin/gcc -E
configure:4694: /usr/bin/gcc -E  conftest.c
configure:4700: $? = 0
configure:4731: /usr/bin/gcc -E  conftest.c
conftest.c:10:28: error: ac_nonexistent.h: No such file or directory
configure:4737: $? = 1
configure: failed program was:
| /* confdefs.h.  */
| #define PACKAGE_NAME "libsoup"
| #define PACKAGE_TARNAME "libsoup"
| #define PACKAGE_VERSION "2.4.0"
| #define PACKAGE_STRING "libsoup 2.4.0"
| #define PACKAGE_BUGREPORT ""
| #define PACKAGE "libsoup"
| #define VERSION "2.4.0"
| /* end confdefs.h.  */
| #include <ac_nonexistent.h>
configure:4775: checking for grep that handles long lines and -e
configure:4849: result: /bin/grep
configure:4854: checking for egrep
configure:4932: result: /bin/grep -E
configure:4937: checking for ANSI C header files
configure:4967: /usr/bin/gcc -c -g -O2  conftest.c >&5
configure:4973: $? = 0
configure:5072: /usr/bin/gcc -o conftest -g -O2   conftest.c  >&5
configure:5075: $? = 0
configure:5081: ./conftest
configure:5084: $? = 0
configure:5101: result: yes
configure:5193: checking build system type
configure:5211: result: arm-apple-darwin10.4.0
configure:5233: checking host system type
configure:5248: result: arm-apple-darwin10.4.0
configure:5270: checking for a sed that does not truncate output
configure:5326: result: /bin/sed
configure:5340: checking for ld used by /usr/bin/gcc
configure:5407: result: /usr/bin/ld
configure:5416: checking if the linker (/usr/bin/ld) is GNU ld
configure:5431: result: no
configure:5436: checking for /usr/bin/ld option to reload object files
configure:5443: result: -r
configure:5461: checking for BSD-compatible nm
configure:5510: result: /usr/bin/nm -p
configure:5514: checking whether ln -s works
configure:5518: result: yes
configure:5525: checking how to recognize dependent libraries
configure:5711: result: pass_all
configure:6251: checking for sys/types.h
configure:6272: /usr/bin/gcc -c -g -O2  conftest.c >&5
configure:6278: $? = 0
configure:6294: result: yes
configure:6251: checking for sys/stat.h
configure:6272: /usr/bin/gcc -c -g -O2  conftest.c >&5
configure:6278: $? = 0
configure:6294: result: yes
configure:6251: checking for stdlib.h
configure:6272: /usr/bin/gcc -c -g -O2  conftest.c >&5
configure:6278: $? = 0
configure:6294: result: yes
configure:6251: checking for string.h
configure:6272: /usr/bin/gcc -c -g -O2  conftest.c >&5
configure:6278: $? = 0
configure:6294: result: yes
configure:6251: checking for memory.h
configure:6272: /usr/bin/gcc -c -g -O2  conftest.c >&5
configure:6278: $? = 0
configure:6294: result: yes
configure:6251: checking for strings.h
configure:6272: /usr/bin/gcc -c -g -O2  conftest.c >&5
configure:6278: $? = 0
configure:6294: result: yes
configure:6251: checking for inttypes.h
configure:6272: /usr/bin/gcc -c -g -O2  conftest.c >&5
configure:6278: $? = 0
configure:6294: result: yes
configure:6251: checking for stdint.h
configure:6272: /usr/bin/gcc -c -g -O2  conftest.c >&5
configure:6278: $? = 0
configure:6294: result: yes
configure:6251: checking for unistd.h
configure:6272: /usr/bin/gcc -c -g -O2  conftest.c >&5
configure:6278: $? = 0
configure:6294: result: yes
configure:6321: checking dlfcn.h usability
configure:6338: /usr/bin/gcc -c -g -O2  conftest.c >&5
configure:6344: $? = 0
configure:6358: result: yes
configure:6362: checking dlfcn.h presence
configure:6377: /usr/bin/gcc -E  conftest.c
configure:6383: $? = 0
configure:6397: result: yes
configure:6425: checking for dlfcn.h
configure:6433: result: yes
configure:6504: checking for g++
configure:6520: found /usr/bin/g++
configure:6531: result: g++
configure:6562: checking for C++ compiler version
configure:6569: g++ --version >&5
g++ (GCC) 4.2.1 (Based on Apple Inc. build 5555)
Copyright (C) 2007 Free Software Foundation, Inc.
This is free software; see the source for copying conditions.  There is NO
warranty; not even for MERCHANTABILITY or FITNESS FOR A PARTICULAR PURPOSE.

configure:6572: $? = 0
configure:6579: g++ -v >&5
Using built-in specs.
Target: arm-apple-darwin9
Configured with: ../llvm-gcc-4.2/configure --build=x86_64-unknown-linux-gnu --host=arm-apple-darwin9 --enable-static=no --enable-shared=yes --prefix=/usr --localstatedir=/var/cache/iphone-gcc --enable-languages=c,c++,objc,obj-c++ --enable-wchar_t=no --with-gxx-include-dir=/usr/include/c++/4.0.0
Thread model: posix
gcc version 4.2.1 (Based on Apple Inc. build 5555)
configure:6582: $? = 0
configure:6589: g++ -V >&5
g++: '-V' option must have argument
configure:6592: $? = 1
configure:6595: checking whether we are using the GNU C++ compiler
configure:6624: g++ -c   conftest.cpp >&5
configure:6630: $? = 0
configure:6647: result: yes
configure:6652: checking whether g++ accepts -g
configure:6682: g++ -c -g  conftest.cpp >&5
configure:6688: $? = 0
configure:6787: result: yes
configure:6812: checking dependency style of g++
configure:6903: result: gcc3
configure:6928: checking how to run the C++ preprocessor
configure:6964: g++ -E  conftest.cpp
configure:6970: $? = 0
configure:7001: g++ -E  conftest.cpp
conftest.cpp:21:28: error: ac_nonexistent.h: No such file or directory
configure:7007: $? = 1
configure: failed program was:
| /* confdefs.h.  */
| #define PACKAGE_NAME "libsoup"
| #define PACKAGE_TARNAME "libsoup"
| #define PACKAGE_VERSION "2.4.0"
| #define PACKAGE_STRING "libsoup 2.4.0"
| #define PACKAGE_BUGREPORT ""
| #define PACKAGE "libsoup"
| #define VERSION "2.4.0"
| #define STDC_HEADERS 1
| #define HAVE_SYS_TYPES_H 1
| #define HAVE_SYS_STAT_H 1
| #define HAVE_STDLIB_H 1
| #define HAVE_STRING_H 1
| #define HAVE_MEMORY_H 1
| #define HAVE_STRINGS_H 1
| #define HAVE_INTTYPES_H 1
| #define HAVE_STDINT_H 1
| #define HAVE_UNISTD_H 1
| #define HAVE_DLFCN_H 1
| /* end confdefs.h.  */
| #include <ac_nonexistent.h>
configure:7040: result: g++ -E
configure:7069: g++ -E  conftest.cpp
configure:7075: $? = 0
configure:7106: g++ -E  conftest.cpp
conftest.cpp:21:28: error: ac_nonexistent.h: No such file or directory
configure:7112: $? = 1
configure: failed program was:
| /* confdefs.h.  */
| #define PACKAGE_NAME "libsoup"
| #define PACKAGE_TARNAME "libsoup"
| #define PACKAGE_VERSION "2.4.0"
| #define PACKAGE_STRING "libsoup 2.4.0"
| #define PACKAGE_BUGREPORT ""
| #define PACKAGE "libsoup"
| #define VERSION "2.4.0"
| #define STDC_HEADERS 1
| #define HAVE_SYS_TYPES_H 1
| #define HAVE_SYS_STAT_H 1
| #define HAVE_STDLIB_H 1
| #define HAVE_STRING_H 1
| #define HAVE_MEMORY_H 1
| #define HAVE_STRINGS_H 1
| #define HAVE_INTTYPES_H 1
| #define HAVE_STDINT_H 1
| #define HAVE_UNISTD_H 1
| #define HAVE_DLFCN_H 1
| /* end confdefs.h.  */
| #include <ac_nonexistent.h>
configure:7205: checking for g77
configure:7235: result: no
configure:7205: checking for xlf
configure:7235: result: no
configure:7205: checking for f77
configure:7235: result: no
configure:7205: checking for frt
configure:7235: result: no
configure:7205: checking for pgf77
configure:7235: result: no
configure:7205: checking for cf77
configure:7235: result: no
configure:7205: checking for fort77
configure:7235: result: no
configure:7205: checking for fl32
configure:7235: result: no
configure:7205: checking for af77
configure:7235: result: no
configure:7205: checking for xlf90
configure:7235: result: no
configure:7205: checking for f90
configure:7235: result: no
configure:7205: checking for pgf90
configure:7235: result: no
configure:7205: checking for pghpf
configure:7235: result: no
configure:7205: checking for epcf90
configure:7235: result: no
configure:7205: checking for gfortran
configure:7235: result: no
configure:7205: checking for g95
configure:7235: result: no
configure:7205: checking for xlf95
configure:7235: result: no
configure:7205: checking for f95
configure:7235: result: no
configure:7205: checking for fort
configure:7235: result: no
configure:7205: checking for ifort
configure:7235: result: no
configure:7205: checking for ifc
configure:7235: result: no
configure:7205: checking for efc
configure:7235: result: no
configure:7205: checking for pgf95
configure:7235: result: no
configure:7205: checking for lf95
configure:7235: result: no
configure:7205: checking for ftn
configure:7235: result: no
configure:7262: checking for Fortran 77 compiler version
configure:7269:  --version >&5
./configure: line 7270: --version: command not found
configure:7272: $? = 127
configure:7279:  -v >&5
./configure: line 7280: -v: command not found
configure:7282: $? = 127
configure:7289:  -V >&5
./configure: line 7290: -V: command not found
configure:7292: $? = 127
configure:7300: checking whether we are using the GNU Fortran 77 compiler
configure:7319:  -c  conftest.F >&5
./configure: line 7320: -c: command not found
configure:7325: $? = 127
configure: failed program was:
|       program main
| #ifndef __GNUC__
|        choke me
| #endif
| 
|       end
configure:7342: result: no
configure:7348: checking whether  accepts -g
configure:7365:  -c -g conftest.f >&5
./configure: line 7366: -c: command not found
configure:7371: $? = 127
configure: failed program was:
|       program main
| 
|       end
configure:7387: result: no
configure:7417: checking the maximum length of command line arguments
configure:7529: result: 196608
configure:7541: checking command to parse /usr/bin/nm -p output from /usr/bin/gcc object
configure:7646: /usr/bin/gcc -c -g -O2  conftest.c >&5
configure:7649: $? = 0
configure:7653: /usr/bin/nm -p conftest.o \| sed -n -e 's/^.*[ 	]\([BCDEGRST][BCDEGRST]*\)[ 	][ 	]*\([_A-Za-z][_A-Za-z0-9]*\)$/\1 \2 \2/p' \> conftest.nm
configure:7656: $? = 0
cannot find nm_test_var in conftest.nm
configure:7646: /usr/bin/gcc -c -g -O2  conftest.c >&5
configure:7649: $? = 0
configure:7653: /usr/bin/nm -p conftest.o \| sed -n -e 's/^.*[ 	]\([BCDEGRST][BCDEGRST]*\)[ 	][ 	]*_\([_A-Za-z][_A-Za-z0-9]*\)$/\1 _\2 \2/p' \> conftest.nm
configure:7656: $? = 0
configure:7708: /usr/bin/gcc -o conftest -g -O2   conftest.c conftstm.o >&5
configure:7711: $? = 0
configure:7749: result: ok
configure:7753: checking for objdir
configure:7768: result: .libs
configure:7860: checking for ar
configure:7876: found /usr/bin/ar
configure:7887: result: ar
configure:7956: checking for ranlib
configure:7972: found /usr/bin/ranlib
configure:7983: result: ranlib
configure:8052: checking for strip
configure:8068: found /usr/bin/strip
configure:8079: result: strip
configure:8365: checking if /usr/bin/gcc supports -fno-rtti -fno-exceptions
configure:8383: /usr/bin/gcc -c -g -O2  -fno-rtti -fno-exceptions conftest.c >&5
cc1: warning: command line option "-fno-rtti" is valid for C++/ObjC++ but not for C
configure:8387: $? = 0
configure:8400: result: no
configure:8415: checking for /usr/bin/gcc option to produce PIC
configure:8647: result: -fno-common
configure:8655: checking if /usr/bin/gcc PIC flag -fno-common works
configure:8673: /usr/bin/gcc -c -g -O2  -fno-common -DPIC conftest.c >&5
configure:8677: $? = 0
configure:8690: result: yes
configure:8718: checking if /usr/bin/gcc static flag -static works
configure:8746: result: no
configure:8756: checking if /usr/bin/gcc supports -c -o file.o
configure:8777: /usr/bin/gcc -c -g -O2  -o out/conftest2.o conftest.c >&5
configure:8781: $? = 0
configure:8803: result: yes
configure:8829: checking whether the /usr/bin/gcc linker (/usr/bin/ld) supports shared libraries
configure:9809: result: yes
configure:9876: checking dynamic linker characteristics
configure:10480: result: darwin10.4.0 dyld
configure:10489: checking how to hardcode library paths into programs
configure:10514: result: immediate
configure:10528: checking whether stripping libraries is possible
configure:10542: result: yes
configure:11335: checking if libtool supports shared libraries
configure:11337: result: yes
configure:11340: checking whether to build shared libraries
configure:11361: result: yes
configure:11364: checking whether to build static libraries
configure:11368: result: yes
configure:11461: creating libtool
configure:12049: checking for ld used by g++
configure:12116: result: /usr/bin/ld
configure:12125: checking if the linker (/usr/bin/ld) is GNU ld
configure:12140: result: no
configure:12191: checking whether the g++ linker (/usr/bin/ld) supports shared libraries
configure:13165: result: yes
configure:13183: g++ -c -g -O2  conftest.cpp >&5
configure:13186: $? = 0
configure:13338: checking for g++ option to produce PIC
configure:13622: result: -fno-common
configure:13630: checking if g++ PIC flag -fno-common works
configure:13648: g++ -c -g -O2  -fno-common -DPIC conftest.cpp >&5
configure:13652: $? = 0
configure:13665: result: yes
configure:13693: checking if g++ static flag -static works
configure:13721: result: no
configure:13731: checking if g++ supports -c -o file.o
configure:13752: g++ -c -g -O2  -o out/conftest2.o conftest.cpp >&5
configure:13756: $? = 0
configure:13778: result: yes
configure:13804: checking whether the g++ linker (/usr/bin/ld) supports shared libraries
configure:13829: result: yes
configure:13896: checking dynamic linker characteristics
configure:14448: result: darwin10.4.0 dyld
configure:14457: checking how to hardcode library paths into programs
configure:14482: result: immediate
configure:20661: checking for working alloca.h
configure:20688: /usr/bin/gcc -o conftest -g -O2   conftest.c  >&5
configure:20694: $? = 0
configure:20711: result: yes
configure:20721: checking for alloca
configure:20768: /usr/bin/gcc -o conftest -g -O2   conftest.c  >&5
configure:20774: $? = 0
configure:20791: result: yes
configure:21099: checking for pkg-config
configure:21117: found /usr/bin/pkg-config
configure:21129: result: /usr/bin/pkg-config
configure:21158: checking pkg-config is at least version 0.16
configure:21161: result: yes
configure:21179: checking for GLIB - version >= 2.15.3
configure:21303: /usr/bin/gcc -o conftest -g -O2 -D_REENTRANT -I/usr/local/lib/glib-2.0/include     conftest.c -L/usr/local/lib -lgio-2.0 -lgobject-2.0 -lgmodule-2.0 -lgthread-2.0 -lglib-2.0 -lintl    >&5
configure:21306: $? = 0
configure:21312: ./conftest
configure:21315: $? = 0
configure:21335: result: yes (version 2.29.14)
configure:21434: checking for XML
configure:21442: $PKG_CONFIG --exists --print-errors "libxml-2.0"
configure:21445: $? = 0
configure:21460: $PKG_CONFIG --exists --print-errors "libxml-2.0"
configure:21463: $? = 0
configure:21539: result: yes
configure:21547: checking for Win32
configure:21564: result: no
configure:21579: checking for gmtime_r
configure:21635: /usr/bin/gcc -o conftest -g -O2   conftest.c  >&5
configure:21641: $? = 0
configure:21659: result: yes
configure:21673: checking for mmap
configure:21729: /usr/bin/gcc -o conftest -g -O2   conftest.c  >&5
configure:21735: $? = 0
configure:21753: result: yes
configure:21765: checking for socket
configure:21821: /usr/bin/gcc -o conftest -g -O2   conftest.c  >&5
configure:21827: $? = 0
configure:21844: result: yes
configure:21922: checking for gethostbyname
configure:21978: /usr/bin/gcc -o conftest -g -O2   conftest.c  >&5
configure:21984: $? = 0
configure:22001: result: yes
configure:22088: checking for inet_pton
configure:22144: /usr/bin/gcc -o conftest -g -O2   conftest.c  >&5
configure:22150: $? = 0
configure:22168: result: yes
configure:22088: checking for inet_ntop
configure:22144: /usr/bin/gcc -o conftest -g -O2   conftest.c  >&5
configure:22150: $? = 0
configure:22168: result: yes
configure:22088: checking for inet_aton
configure:22144: /usr/bin/gcc -o conftest -g -O2   conftest.c  >&5
configure:22150: $? = 0
configure:22168: result: yes
configure:22088: checking for getaddrinfo
configure:22144: /usr/bin/gcc -o conftest -g -O2   conftest.c  >&5
configure:22150: $? = 0
configure:22168: result: yes
configure:22088: checking for getnameinfo
configure:22144: /usr/bin/gcc -o conftest -g -O2   conftest.c  >&5
configure:22150: $? = 0
configure:22168: result: yes
configure:22179: checking IPv6 support
configure:22204: result: yes
configure:22229: checking for LIBGNUTLS
configure:22237: $PKG_CONFIG --exists --print-errors "gnutls"
configure:22240: $? = 0
configure:22255: $PKG_CONFIG --exists --print-errors "gnutls"
configure:22258: $? = 0
configure:22294: result: yes
configure:22312: checking for libgcrypt-config
configure:22330: found /usr/local/bin/libgcrypt-config
configure:22343: result: /usr/local/bin/libgcrypt-config
configure:22360: checking for LIBGCRYPT - version >= 1.2.0
configure:22394: result: yes
configure:22406: checking LIBGCRYPT API version
configure:22409: result: okay
configure:22600: checking for httpd2
configure:22634: result: no
configure:22600: checking for httpd
configure:22634: result: no
configure:22805: checking for curl
configure:22823: found /usr/bin/curl
configure:22836: result: /usr/bin/curl
configure:23047: creating ./config.status

## ---------------------- ##
## Running config.status. ##
## ---------------------- ##

This file was extended by libsoup config.status 2.4.0, which was
generated by GNU Autoconf 2.61.  Invocation command line was

  CONFIG_FILES    = 
  CONFIG_HEADERS  = 
  CONFIG_LINKS    = 
  CONFIG_COMMANDS = 
  $ ./config.status 

on Chriss-iPad

config.status:718: creating libsoup.pc
config.status:718: creating Makefile
config.status:718: creating libsoup-zip
config.status:718: creating libsoup/Makefile
config.status:718: creating tests/Makefile
config.status:718: creating tests/httpd.conf
config.status:718: creating docs/Makefile
config.status:718: creating docs/reference/Makefile
config.status:718: creating config.h
config.status:1004: executing depfiles commands

## ---------------- ##
## Cache variables. ##
## ---------------- ##

ac_cv_build=arm-apple-darwin10.4.0
ac_cv_c_compiler_gnu=yes
ac_cv_cxx_compiler_gnu=yes
ac_cv_env_CCC_set=
ac_cv_env_CCC_value=
ac_cv_env_CC_set=set
ac_cv_env_CC_value=/usr/bin/gcc
ac_cv_env_CFLAGS_set=
ac_cv_env_CFLAGS_value=
ac_cv_env_CPPFLAGS_set=
ac_cv_env_CPPFLAGS_value=
ac_cv_env_CPP_set=
ac_cv_env_CPP_value=
ac_cv_env_CXXCPP_set=
ac_cv_env_CXXCPP_value=
ac_cv_env_CXXFLAGS_set=
ac_cv_env_CXXFLAGS_value=
ac_cv_env_CXX_set=
ac_cv_env_CXX_value=
ac_cv_env_F77_set=
ac_cv_env_F77_value=
ac_cv_env_FFLAGS_set=
ac_cv_env_FFLAGS_value=
ac_cv_env_LDFLAGS_set=
ac_cv_env_LDFLAGS_value=
ac_cv_env_LIBGNUTLS_CFLAGS_set=
ac_cv_env_LIBGNUTLS_CFLAGS_value=
ac_cv_env_LIBGNUTLS_LIBS_set=
ac_cv_env_LIBGNUTLS_LIBS_value=
ac_cv_env_LIBS_set=
ac_cv_env_LIBS_value=
ac_cv_env_PKG_CONFIG_set=
ac_cv_env_PKG_CONFIG_value=
ac_cv_env_XML_CFLAGS_set=
ac_cv_env_XML_CFLAGS_value=
ac_cv_env_XML_LIBS_set=
ac_cv_env_XML_LIBS_value=
ac_cv_env_build_alias_set=
ac_cv_env_build_alias_value=
ac_cv_env_host_alias_set=
ac_cv_env_host_alias_value=
ac_cv_env_target_alias_set=
ac_cv_env_target_alias_value=
ac_cv_f77_compiler_gnu=no
ac_cv_func_alloca_works=yes
ac_cv_func_getaddrinfo=yes
ac_cv_func_gethostbyname=yes
ac_cv_func_getnameinfo=yes
ac_cv_func_gmtime_r=yes
ac_cv_func_inet_aton=yes
ac_cv_func_inet_ntop=yes
ac_cv_func_inet_pton=yes
ac_cv_func_mmap=yes
ac_cv_func_socket=yes
ac_cv_header_dlfcn_h=yes
ac_cv_header_inttypes_h=yes
ac_cv_header_memory_h=yes
ac_cv_header_stdc=yes
ac_cv_header_stdint_h=yes
ac_cv_header_stdlib_h=yes
ac_cv_header_string_h=yes
ac_cv_header_strings_h=yes
ac_cv_header_sys_stat_h=yes
ac_cv_header_sys_types_h=yes
ac_cv_header_unistd_h=yes
ac_cv_host=arm-apple-darwin10.4.0
ac_cv_objext=o
ac_cv_path_CURL=/usr/bin/curl
ac_cv_path_EGREP='/bin/grep -E'
ac_cv_path_GREP=/bin/grep
ac_cv_path_LIBGCRYPT_CONFIG=/usr/local/bin/libgcrypt-config
ac_cv_path_ac_pt_PKG_CONFIG=/usr/bin/pkg-config
ac_cv_path_install='/usr/bin/install -c'
ac_cv_path_mkdir=/bin/mkdir
ac_cv_prog_AWK=gawk
ac_cv_prog_CPP='/usr/bin/gcc -E'
ac_cv_prog_CXXCPP='g++ -E'
ac_cv_prog_ac_ct_AR=ar
ac_cv_prog_ac_ct_CC=/usr/bin/gcc
ac_cv_prog_ac_ct_CXX=g++
ac_cv_prog_ac_ct_RANLIB=ranlib
ac_cv_prog_ac_ct_STRIP=strip
ac_cv_prog_cc_c89=
ac_cv_prog_cc_g=yes
ac_cv_prog_cxx_g=yes
ac_cv_prog_f77_g=no
ac_cv_prog_make_make_set=yes
ac_cv_working_alloca_h=yes
am_cv_CC_dependencies_compiler_type=gcc3
am_cv_CXX_dependencies_compiler_type=gcc3
am_cv_prog_cc_stdc=
lt_cv_deplibs_check_method=pass_all
lt_cv_file_magic_cmd='$MAGIC_CMD'
lt_cv_file_magic_test_file=
lt_cv_ld_reload_flag=-r
lt_cv_objdir=.libs
lt_cv_path_LD=/usr/bin/ld
lt_cv_path_LDCXX=/usr/bin/ld
lt_cv_path_NM='/usr/bin/nm -p'
lt_cv_path_SED=/bin/sed
lt_cv_prog_compiler_c_o=yes
lt_cv_prog_compiler_c_o_CXX=yes
lt_cv_prog_compiler_rtti_exceptions=no
lt_cv_prog_gnu_ld=no
lt_cv_prog_gnu_ldcxx=no
lt_cv_sys_global_symbol_pipe='sed -n -e '\''s/^.*[ 	]\([BCDEGRST][BCDEGRST]*\)[ 	][ 	]*_\([_A-Za-z][_A-Za-z0-9]*\)$/\1 _\2 \2/p'\'''
lt_cv_sys_global_symbol_to_c_name_address='sed -n -e '\''s/^: \([^ ]*\) $/  {\"\1\", (lt_ptr) 0},/p'\'' -e '\''s/^[BCDEGRST] \([^ ]*\) \([^ ]*\)$/  {"\2", (lt_ptr) \&\2},/p'\'''
lt_cv_sys_global_symbol_to_cdecl='sed -n -e '\''s/^. .* \(.*\)$/extern int \1;/p'\'''
lt_cv_sys_max_cmd_len=196608
lt_lt_cv_prog_compiler_c_o='"yes"'
lt_lt_cv_prog_compiler_c_o_CXX='"yes"'
lt_lt_cv_sys_global_symbol_pipe='"sed -n -e '\''s/^.*[ 	]\\([BCDEGRST][BCDEGRST]*\\)[ 	][ 	]*_\\([_A-Za-z][_A-Za-z0-9]*\\)\$/\\1 _\\2 \\2/p'\''"'
lt_lt_cv_sys_global_symbol_to_c_name_address='"sed -n -e '\''s/^: \\([^ ]*\\) \$/  {\\\"\\1\\\", (lt_ptr) 0},/p'\'' -e '\''s/^[BCDEGRST] \\([^ ]*\\) \\([^ ]*\\)\$/  {\"\\2\", (lt_ptr) \\&\\2},/p'\''"'
lt_lt_cv_sys_global_symbol_to_cdecl='"sed -n -e '\''s/^. .* \\(.*\\)\$/extern int \\1;/p'\''"'
pkg_cv_LIBGNUTLS_CFLAGS=' '
pkg_cv_LIBGNUTLS_LIBS='-L/usr/local/lib -lgnutls  '
pkg_cv_XML_CFLAGS='-I/usr/local/include/libxml2  '
pkg_cv_XML_LIBS='-L/usr/local/lib -lxml2  '
soup_cv_ipv6=yes

## ----------------- ##
## Output variables. ##
## ----------------- ##

ACLOCAL='${SHELL} /home/chris/libsoup-2.4.0/missing --run aclocal-1.10'
ALLOCA=''
AMDEPBACKSLASH='\'
AMDEP_FALSE='#'
AMDEP_TRUE=''
AMTAR='${SHELL} /home/chris/libsoup-2.4.0/missing --run tar'
APACHE_HTTPD='no'
APACHE_MODULE_DIR=''
APACHE_PHP_MODULE=''
APACHE_PHP_MODULE_DIR=''
APACHE_SSL_MODULE_DIR=''
AR='ar'
AS='as'
AUTOCONF='${SHELL} /home/chris/libsoup-2.4.0/missing --run autoconf'
AUTOHEADER='${SHELL} /home/chris/libsoup-2.4.0/missing --run autoheader'
AUTOMAKE='${SHELL} /home/chris/libsoup-2.4.0/missing --run automake-1.10'
AWK='gawk'
CC='/usr/bin/gcc'
CCDEPMODE='depmode=gcc3'
CFLAGS='-g -O2 		-Wall -Wstrict-prototypes -Wmissing-declarations 		-Wmissing-prototypes -Wnested-externs -Wpointer-arith -D_REENTRANT'
CPP='/usr/bin/gcc -E'
CPPFLAGS=''
CURL='/usr/bin/curl'
CXX='g++'
CXXCPP='g++ -E'
CXXDEPMODE='depmode=gcc3'
CXXFLAGS='-g -O2'
CYGPATH_W='echo'
DEFS='-DHAVE_CONFIG_H'
DEPDIR='.deps'
DLLTOOL='dlltool'
ECHO='echo'
ECHO_C=''
ECHO_N='-n'
ECHO_T=''
EGREP='/bin/grep -E'
ENABLE_GTK_DOC_FALSE=''
ENABLE_GTK_DOC_TRUE='#'
EXEEXT=''
F77=''
FFLAGS=''
GLIB_CFLAGS='-D_REENTRANT -I/usr/local/lib/glib-2.0/include  '
GLIB_GENMARSHAL='glib-genmarshal'
GLIB_LIBS='-L/usr/local/lib -lgio-2.0 -lgobject-2.0 -lgmodule-2.0 -lgthread-2.0 -lglib-2.0 -lintl  '
GLIB_MKENUMS='glib-mkenums'
GOBJECT_QUERY='gobject-query'
GREP='/bin/grep'
GTK_DOC_USE_LIBTOOL_FALSE='#'
GTK_DOC_USE_LIBTOOL_TRUE=''
HAVE_APACHE_FALSE=''
HAVE_APACHE_TRUE='#'
HAVE_CURL_FALSE='#'
HAVE_CURL_TRUE=''
HAVE_SSL_FALSE='#'
HAVE_SSL_TRUE=''
HAVE_XMLRPC_EPI_PHP_FALSE=''
HAVE_XMLRPC_EPI_PHP_TRUE='#'
HTML_DIR='${datadir}/gtk-doc/html'
IF_HAVE_PHP=''
INSTALL_DATA='${INSTALL} -m 644'
INSTALL_PROGRAM='${INSTALL}'
INSTALL_SCRIPT='${INSTALL}'
INSTALL_STRIP_PROGRAM='$(install_sh) -c -s'
LDFLAGS=''
LIBGCRYPT_CFLAGS='-I/usr/local/include'
LIBGCRYPT_CONFIG='/usr/local/bin/libgcrypt-config'
LIBGCRYPT_LIBS='-L/usr/local/lib -lgcrypt -lgpg-error'
LIBGNUTLS_CFLAGS=' '
LIBGNUTLS_LIBS='-L/usr/local/lib -lgnutls  '
LIBOBJS=''
LIBS=''
LIBTOOL='$(SHELL) $(top_builddir)/libtool'
LN_S='ln -s'
LTLIBOBJS=''
MAINT='#'
MAINTAINER_MODE_FALSE=''
MAINTAINER_MODE_TRUE='#'
MAKEINFO='${SHELL} /home/chris/libsoup-2.4.0/missing --run makeinfo'
OBJDUMP='objdump'
OBJEXT='o'
OS_WIN32_FALSE=''
OS_WIN32_TRUE='#'
PACKAGE='libsoup'
PACKAGE_BUGREPORT=''
PACKAGE_NAME='libsoup'
PACKAGE_STRING='libsoup 2.4.0'
PACKAGE_TARNAME='libsoup'
PACKAGE_VERSION='2.4.0'
PATH_SEPARATOR=':'
PHP=''
PKG_CONFIG='/usr/bin/pkg-config'
RANLIB='ranlib'
SED='/bin/sed'
SET_MAKE=''
SHELL='/bin/sh'
SOUP_AGE='0'
SOUP_API_VERSION='2.4'
SOUP_CURRENT='1'
SOUP_DEBUG_FLAGS=''
SOUP_REVISION='0'
SSL_REQUIREMENT='gnutls'
STRIP='strip'
VERSION='2.4.0'
XML_CFLAGS='-I/usr/local/include/libxml2  '
XML_LIBS='-L/usr/local/lib -lxml2  '
ac_ct_CC='/usr/bin/gcc'
ac_ct_CXX='g++'
ac_ct_F77=''
am__fastdepCC_FALSE='#'
am__fastdepCC_TRUE=''
am__fastdepCXX_FALSE='#'
am__fastdepCXX_TRUE=''
am__include='include'
am__isrc=''
am__leading_dot='.'
am__quote=''
am__tar='${AMTAR} chof - "$$tardir"'
am__untar='${AMTAR} xf -'
bindir='${exec_prefix}/bin'
build='arm-apple-darwin10.4.0'
build_alias=''
build_cpu='arm'
build_os='darwin10.4.0'
build_vendor='apple'
datadir='${datarootdir}'
datarootdir='${prefix}/share'
docdir='${datarootdir}/doc/${PACKAGE_TARNAME}'
dvidir='${docdir}'
exec_prefix='${prefix}'
host='arm-apple-darwin10.4.0'
host_alias=''
host_cpu='arm'
host_os='darwin10.4.0'
host_vendor='apple'
htmldir='${docdir}'
includedir='${prefix}/include'
infodir='${datarootdir}/info'
install_sh='$(SHELL) /home/chris/libsoup-2.4.0/install-sh'
libdir='${exec_prefix}/lib'
libexecdir='${exec_prefix}/libexec'
localedir='${datarootdir}/locale'
localstatedir='${prefix}/var'
mandir='${datarootdir}/man'
mkdir_p='/bin/mkdir -p'
oldincludedir='/usr/include'
pdfdir='${docdir}'
prefix='/usr/local'
program_transform_name='s,x,x,'
psdir='${docdir}'
sbindir='${exec_prefix}/sbin'
sharedstatedir='${prefix}/com'
sysconfdir='${prefix}/etc'
target_alias=''

## ----------- ##
## confdefs.h. ##
## ----------- ##

#define PACKAGE_NAME "libsoup"
#define PACKAGE_TARNAME "libsoup"
#define PACKAGE_VERSION "2.4.0"
#define PACKAGE_STRING "libsoup 2.4.0"
#define PACKAGE_BUGREPORT ""
#define PACKAGE "libsoup"
#define VERSION "2.4.0"
#define STDC_HEADERS 1
#define HAVE_SYS_TYPES_H 1
#define HAVE_SYS_STAT_H 1
#define HAVE_STDLIB_H 1
#define HAVE_STRING_H 1
#define HAVE_MEMORY_H 1
#define HAVE_STRINGS_H 1
#define HAVE_INTTYPES_H 1
#define HAVE_STDINT_H 1
#define HAVE_UNISTD_H 1
#define HAVE_DLFCN_H 1
#define HAVE_ALLOCA_H 1
#define HAVE_ALLOCA 1
#define HAVE_GMTIME_R 1
#define HAVE_MMAP 1
#define HAVE_INET_PTON 1
#define HAVE_INET_NTOP 1
#define HAVE_INET_ATON 1
#define HAVE_GETADDRINFO 1
#define HAVE_GETNAMEINFO 1
#define HAVE_IPV6 1
#define HAVE_SSL 1
#define APACHE_HTTPD "no"
#define HAVE_CURL 1

configure: exit 0
