This file contains any messages produced by compilers while
running configure, to aid debugging if configure makes a mistake.

It was created by xhost configure 1.0.2, which was
generated by GNU Autoconf 2.61.  Invocation command line was

  $ ./configure 

## --------- ##
## Platform. ##
## --------- ##

hostname = Chriss-iPad
uname -m = iPad1,1
uname -r = 10.4.0
uname -s = Darwin
uname -v = Darwin Kernel Version 10.4.0: Wed Oct 20 20:14:45 PDT 2010; root:xnu-1504.58.28~3/RELEASE_ARM_S5L8930X

/usr/bin/uname -p = unknown
/bin/uname -X     = unknown

/bin/arch              = unknown
/usr/bin/arch -k       = unknown
/usr/convex/getsysinfo = unknown
/usr/bin/hostinfo      = Mach kernel version:
	 Darwin Kernel Version 10.4.0: Wed Oct 20 20:14:45 PDT 2010; root:xnu-1504.58.28~3/RELEASE_ARM_S5L8930X
Kernel configured for a single processor only.
1 processor is physically available.
1 processor is logically available.
Processor type: armv7 (arm v7)
Processor active: 0
Primary memory available: 247.00 megabytes
Default processor set: 29 tasks, 214 threads, 1 processors
Load average: 1.23, Mach factor: 0.39
/bin/machine           = unknown
/usr/bin/oslevel       = unknown
/bin/universe          = unknown

PATH: /usr/local/sbin
PATH: /usr/local/bin
PATH: /usr/sbin
PATH: /usr/bin
PATH: /sbin
PATH: /bin
PATH: /usr/bin/X11
PATH: /usr/games
PATH: /var/mobile/ocaml-3.12.0/bin


## ----------- ##
## Core tests. ##
## ----------- ##

configure:1782: checking for a BSD-compatible install
configure:1838: result: /usr/bin/install -c
configure:1849: checking whether build environment is sane
configure:1892: result: yes
configure:1920: checking for a thread-safe mkdir -p
configure:1959: result: /bin/mkdir -p
configure:1972: checking for gawk
configure:1988: found /usr/bin/gawk
configure:1999: result: gawk
configure:2010: checking whether make sets $(MAKE)
configure:2031: result: yes
configure:2219: checking whether to enable maintainer-specific portions of Makefiles
configure:2228: result: no
configure:2293: checking for gcc
configure:2320: result: /usr/bin/gcc
configure:2558: checking for C compiler version
configure:2565: /usr/bin/gcc --version >&5
gcc (GCC) 4.2.1 (Based on Apple Inc. build 5555)
Copyright (C) 2007 Free Software Foundation, Inc.
This is free software; see the source for copying conditions.  There is NO
warranty; not even for MERCHANTABILITY or FITNESS FOR A PARTICULAR PURPOSE.

configure:2568: $? = 0
configure:2575: /usr/bin/gcc -v >&5
Using built-in specs.
Target: arm-apple-darwin9
Configured with: ../llvm-gcc-4.2/configure --build=x86_64-unknown-linux-gnu --host=arm-apple-darwin9 --enable-static=no --enable-shared=yes --prefix=/usr --localstatedir=/var/cache/iphone-gcc --enable-languages=c,c++,objc,obj-c++ --enable-wchar_t=no --with-gxx-include-dir=/usr/include/c++/4.0.0
Thread model: posix
gcc version 4.2.1 (Based on Apple Inc. build 5555)
configure:2578: $? = 0
configure:2585: /usr/bin/gcc -V >&5
gcc: '-V' option must have argument
configure:2588: $? = 1
configure:2611: checking for C compiler default output file name
configure:2638: /usr/bin/gcc    conftest.c  >&5
configure:2641: $? = 0
configure:2679: result: a.out
configure:2696: checking whether the C compiler works
configure:2706: ./a.out
configure:2709: $? = 0
configure:2726: result: yes
configure:2733: checking whether we are cross compiling
configure:2735: result: no
configure:2738: checking for suffix of executables
configure:2745: /usr/bin/gcc -o conftest    conftest.c  >&5
configure:2748: $? = 0
configure:2772: result: 
configure:2778: checking for suffix of object files
configure:2804: /usr/bin/gcc -c   conftest.c >&5
configure:2807: $? = 0
configure:2830: result: o
configure:2834: checking whether we are using the GNU C compiler
configure:2863: /usr/bin/gcc -c   conftest.c >&5
configure:2869: $? = 0
configure:2886: result: yes
configure:2891: checking whether /usr/bin/gcc accepts -g
configure:2921: /usr/bin/gcc -c -g  conftest.c >&5
configure:2927: $? = 0
configure:3026: result: yes
configure:3043: checking for /usr/bin/gcc option to accept ISO C89
configure:3117: /usr/bin/gcc  -c -g -O2  conftest.c >&5
configure:3123: $? = 0
configure:3146: result: none needed
configure:3175: checking for style of include used by make
configure:3203: result: GNU
configure:3228: checking dependency style of /usr/bin/gcc
configure:3319: result: gcc3
configure:3347: checking for a BSD-compatible install
configure:3403: result: /usr/bin/install -c
configure:3416: checking return type of signal handlers
configure:3444: /usr/bin/gcc -c -g -O2  conftest.c >&5
conftest.c: In function 'main':
conftest.c:16: error: void value not ignored as it ought to be
configure:3450: $? = 1
configure: failed program was:
| /* confdefs.h.  */
| #define PACKAGE_NAME "xhost"
| #define PACKAGE_TARNAME "xhost"
| #define PACKAGE_VERSION "1.0.2"
| #define PACKAGE_STRING "xhost 1.0.2"
| #define PACKAGE_BUGREPORT "https://bugs.freedesktop.org/enter_bug.cgi?product=xorg"
| #define PACKAGE "xhost"
| #define VERSION "1.0.2"
| /* end confdefs.h.  */
| #include <sys/types.h>
| #include <signal.h>
| 
| int
| main ()
| {
| return *(signal (0, 0)) (0) == 1;
|   ;
|   return 0;
| }
configure:3465: result: void
configure:3524: checking for pkg-config
configure:3542: found /usr/bin/pkg-config
configure:3554: result: /usr/bin/pkg-config
configure:3583: checking pkg-config is at least version 0.9.0
configure:3586: result: yes
configure:3597: checking for XHOST
configure:3602: $PKG_CONFIG --exists --print-errors "x11 xmuu xau"
configure:3605: $? = 0
configure:3616: $PKG_CONFIG --exists --print-errors "x11 xmuu xau"
configure:3619: $? = 0
configure:3674: result: yes
configure:3688: checking build system type
configure:3706: result: arm-apple-darwin10.4.0
configure:3728: checking host system type
configure:3743: result: arm-apple-darwin10.4.0
configure:3782: checking if Xtrans should support UNIX socket connections
configure:3791: result: yes
configure:3793: checking if Xtrans should support TCP socket connections
configure:3795: result: yes
configure:3805: checking for library containing socket
configure:3846: /usr/bin/gcc -o conftest -g -O2   conftest.c  >&5
configure:3852: $? = 0
configure:3880: result: none required
configure:3888: checking for library containing gethostbyname
configure:3929: /usr/bin/gcc -o conftest -g -O2   conftest.c  >&5
configure:3935: $? = 0
configure:3963: result: none required
configure:3977: checking for getaddrinfo
configure:4033: /usr/bin/gcc -o conftest -g -O2   conftest.c  >&5
configure:4039: $? = 0
configure:4056: result: yes
configure:4066: checking if IPv6 support should be built
configure:4075: result: yes
configure:4079: checking for struct sockaddr_in.sin_len
configure:4112: /usr/bin/gcc -c -g -O2  conftest.c >&5
configure:4118: $? = 0
configure:4180: result: yes
configure:4203: checking if Xtrans should support os-specific local connections
configure:4205: result: no
configure:4234: checking for authdes_seccreate
configure:4290: /usr/bin/gcc -o conftest -g -O2   conftest.c  >&5
Undefined symbols:
  "_authdes_seccreate", referenced from:
      _main in ccZVk9eE.o
ld: symbol(s) not found
collect2: ld returned 1 exit status
configure:4296: $? = 1
configure: failed program was:
| /* confdefs.h.  */
| #define PACKAGE_NAME "xhost"
| #define PACKAGE_TARNAME "xhost"
| #define PACKAGE_VERSION "1.0.2"
| #define PACKAGE_STRING "xhost 1.0.2"
| #define PACKAGE_BUGREPORT "https://bugs.freedesktop.org/enter_bug.cgi?product=xorg"
| #define PACKAGE "xhost"
| #define VERSION "1.0.2"
| #define RETSIGTYPE void
| #define UNIXCONN 1
| #define TCPCONN 1
| #define IPv6 1
| #define BSD44SOCKETS 1
| /* end confdefs.h.  */
| /* Define authdes_seccreate to an innocuous variant, in case <limits.h> declares authdes_seccreate.
|    For example, HP-UX 11i <limits.h> declares gettimeofday.  */
| #define authdes_seccreate innocuous_authdes_seccreate
| 
| /* System header to define __stub macros and hopefully few prototypes,
|     which can conflict with char authdes_seccreate (); below.
|     Prefer <limits.h> to <assert.h> if __STDC__ is defined, since
|     <limits.h> exists even on freestanding compilers.  */
| 
| #ifdef __STDC__
| # include <limits.h>
| #else
| # include <assert.h>
| #endif
| 
| #undef authdes_seccreate
| 
| /* Override any GCC internal prototype to avoid an error.
|    Use char because int might match the return type of a GCC
|    builtin and then its argument prototype would still apply.  */
| #ifdef __cplusplus
| extern "C"
| #endif
| char authdes_seccreate ();
| /* The GNU C library defines this for functions which it implements
|     to always fail with ENOSYS.  Some functions are actually named
|     something starting with __ and the normal name is an alias.  */
| #if defined __stub_authdes_seccreate || defined __stub___authdes_seccreate
| choke me
| #endif
| 
| int
| main ()
| {
| return authdes_seccreate ();
|   ;
|   return 0;
| }
configure:4314: result: no
configure:4234: checking for authdes_create
configure:4290: /usr/bin/gcc -o conftest -g -O2   conftest.c  >&5
Undefined symbols:
  "_authdes_create", referenced from:
      _main in ccj9CPEU.o
ld: symbol(s) not found
collect2: ld returned 1 exit status
configure:4296: $? = 1
configure: failed program was:
| /* confdefs.h.  */
| #define PACKAGE_NAME "xhost"
| #define PACKAGE_TARNAME "xhost"
| #define PACKAGE_VERSION "1.0.2"
| #define PACKAGE_STRING "xhost 1.0.2"
| #define PACKAGE_BUGREPORT "https://bugs.freedesktop.org/enter_bug.cgi?product=xorg"
| #define PACKAGE "xhost"
| #define VERSION "1.0.2"
| #define RETSIGTYPE void
| #define UNIXCONN 1
| #define TCPCONN 1
| #define IPv6 1
| #define BSD44SOCKETS 1
| /* end confdefs.h.  */
| /* Define authdes_create to an innocuous variant, in case <limits.h> declares authdes_create.
|    For example, HP-UX 11i <limits.h> declares gettimeofday.  */
| #define authdes_create innocuous_authdes_create
| 
| /* System header to define __stub macros and hopefully few prototypes,
|     which can conflict with char authdes_create (); below.
|     Prefer <limits.h> to <assert.h> if __STDC__ is defined, since
|     <limits.h> exists even on freestanding compilers.  */
| 
| #ifdef __STDC__
| # include <limits.h>
| #else
| # include <assert.h>
| #endif
| 
| #undef authdes_create
| 
| /* Override any GCC internal prototype to avoid an error.
|    Use char because int might match the return type of a GCC
|    builtin and then its argument prototype would still apply.  */
| #ifdef __cplusplus
| extern "C"
| #endif
| char authdes_create ();
| /* The GNU C library defines this for functions which it implements
|     to always fail with ENOSYS.  Some functions are actually named
|     something starting with __ and the normal name is an alias.  */
| #if defined __stub_authdes_create || defined __stub___authdes_create
| choke me
| #endif
| 
| int
| main ()
| {
| return authdes_create ();
|   ;
|   return 0;
| }
configure:4314: result: no
configure:4418: checking if Secure RPC authentication ("SUN-DES-1") should be supported
configure:4427: result: no
configure:4665: creating ./config.status

## ---------------------- ##
## Running config.status. ##
## ---------------------- ##

This file was extended by xhost config.status 1.0.2, which was
generated by GNU Autoconf 2.61.  Invocation command line was

  CONFIG_FILES    = 
  CONFIG_HEADERS  = 
  CONFIG_LINKS    = 
  CONFIG_COMMANDS = 
  $ ./config.status 

on Chriss-iPad

config.status:661: creating Makefile
config.status:661: creating config.h
config.status:931: executing depfiles commands

## ---------------- ##
## Cache variables. ##
## ---------------- ##

ac_cv_build=arm-apple-darwin10.4.0
ac_cv_c_compiler_gnu=yes
ac_cv_env_CC_set=set
ac_cv_env_CC_value=/usr/bin/gcc
ac_cv_env_CFLAGS_set=
ac_cv_env_CFLAGS_value=
ac_cv_env_CPPFLAGS_set=
ac_cv_env_CPPFLAGS_value=
ac_cv_env_LDFLAGS_set=
ac_cv_env_LDFLAGS_value=
ac_cv_env_LIBS_set=
ac_cv_env_LIBS_value=
ac_cv_env_PKG_CONFIG_set=
ac_cv_env_PKG_CONFIG_value=
ac_cv_env_XHOST_CFLAGS_set=
ac_cv_env_XHOST_CFLAGS_value=
ac_cv_env_XHOST_LIBS_set=
ac_cv_env_XHOST_LIBS_value=
ac_cv_env_build_alias_set=
ac_cv_env_build_alias_value=
ac_cv_env_host_alias_set=
ac_cv_env_host_alias_value=
ac_cv_env_target_alias_set=
ac_cv_env_target_alias_value=
ac_cv_func_authdes_create=no
ac_cv_func_authdes_seccreate=no
ac_cv_func_getaddrinfo=yes
ac_cv_host=arm-apple-darwin10.4.0
ac_cv_member_struct_sockaddr_in_sin_len=yes
ac_cv_objext=o
ac_cv_path_ac_pt_PKG_CONFIG=/usr/bin/pkg-config
ac_cv_path_install='/usr/bin/install -c'
ac_cv_path_mkdir=/bin/mkdir
ac_cv_prog_AWK=gawk
ac_cv_prog_ac_ct_CC=/usr/bin/gcc
ac_cv_prog_cc_c89=
ac_cv_prog_cc_g=yes
ac_cv_prog_make_make_set=yes
ac_cv_search_gethostbyname='none required'
ac_cv_search_socket='none required'
ac_cv_type_signal=void
am_cv_CC_dependencies_compiler_type=gcc3
pkg_cv_XHOST_CFLAGS=' '
pkg_cv_XHOST_LIBS='-L/usr/local/lib -lXmuu -lX11 -lXau  '

## ----------------- ##
## Output variables. ##
## ----------------- ##

ACLOCAL='${SHELL} /home/chris/xorg/xhost-1.0.2/missing --run aclocal-1.10'
ADMIN_MAN_DIR='$(mandir)/man$(ADMIN_MAN_SUFFIX)'
ADMIN_MAN_SUFFIX='8'
AMDEPBACKSLASH='\'
AMDEP_FALSE='#'
AMDEP_TRUE=''
AMTAR='${SHELL} /home/chris/xorg/xhost-1.0.2/missing --run tar'
APP_MAN_DIR='$(mandir)/man$(APP_MAN_SUFFIX)'
APP_MAN_SUFFIX='1'
AUTOCONF='${SHELL} /home/chris/xorg/xhost-1.0.2/missing --run autoconf'
AUTOHEADER='${SHELL} /home/chris/xorg/xhost-1.0.2/missing --run autoheader'
AUTOMAKE='${SHELL} /home/chris/xorg/xhost-1.0.2/missing --run automake-1.10'
AWK='gawk'
CC='/usr/bin/gcc'
CCDEPMODE='depmode=gcc3'
CFLAGS='-g -O2'
CPPFLAGS=''
CYGPATH_W='echo'
DEFS='-DHAVE_CONFIG_H'
DEPDIR='.deps'
DRIVER_MAN_DIR='$(mandir)/man$(DRIVER_MAN_SUFFIX)'
DRIVER_MAN_SUFFIX='4'
ECHO_C=''
ECHO_N='-n'
ECHO_T=''
EXEEXT=''
FILE_MAN_DIR='$(mandir)/man$(FILE_MAN_SUFFIX)'
FILE_MAN_SUFFIX='5'
INSTALL_DATA='${INSTALL} -m 644'
INSTALL_PROGRAM='${INSTALL}'
INSTALL_SCRIPT='${INSTALL}'
INSTALL_STRIP_PROGRAM='$(install_sh) -c -s'
LDFLAGS=''
LIBOBJS=''
LIBS=''
LIB_MAN_DIR='$(mandir)/man$(LIB_MAN_SUFFIX)'
LIB_MAN_SUFFIX='3'
LTLIBOBJS=''
MAINT='#'
MAINTAINER_MODE_FALSE=''
MAINTAINER_MODE_TRUE='#'
MAKEINFO='${SHELL} /home/chris/xorg/xhost-1.0.2/missing --run makeinfo'
MISC_MAN_DIR='$(mandir)/man$(MISC_MAN_SUFFIX)'
MISC_MAN_SUFFIX='7'
OBJEXT='o'
PACKAGE='xhost'
PACKAGE_BUGREPORT='https://bugs.freedesktop.org/enter_bug.cgi?product=xorg'
PACKAGE_NAME='xhost'
PACKAGE_STRING='xhost 1.0.2'
PACKAGE_TARNAME='xhost'
PACKAGE_VERSION='1.0.2'
PATH_SEPARATOR=':'
PKG_CONFIG='/usr/bin/pkg-config'
SET_MAKE=''
SHELL='/bin/sh'
STRIP=''
VERSION='1.0.2'
XHOST_CFLAGS=' '
XHOST_LIBS='-L/usr/local/lib -lXmuu -lX11 -lXau  '
ac_ct_CC='/usr/bin/gcc'
am__fastdepCC_FALSE='#'
am__fastdepCC_TRUE=''
am__include='include'
am__isrc=''
am__leading_dot='.'
am__quote=''
am__tar='${AMTAR} chof - "$$tardir"'
am__untar='${AMTAR} xf -'
bindir='${exec_prefix}/bin'
build='arm-apple-darwin10.4.0'
build_alias=''
build_cpu='arm'
build_os='darwin10.4.0'
build_vendor='apple'
datadir='${datarootdir}'
datarootdir='${prefix}/share'
docdir='${datarootdir}/doc/${PACKAGE_TARNAME}'
dvidir='${docdir}'
exec_prefix='${prefix}'
host='arm-apple-darwin10.4.0'
host_alias=''
host_cpu='arm'
host_os='darwin10.4.0'
host_vendor='apple'
htmldir='${docdir}'
includedir='${prefix}/include'
infodir='${datarootdir}/info'
install_sh='$(SHELL) /home/chris/xorg/xhost-1.0.2/install-sh'
libdir='${exec_prefix}/lib'
libexecdir='${exec_prefix}/libexec'
localedir='${datarootdir}/locale'
localstatedir='${prefix}/var'
mandir='${datarootdir}/man'
mkdir_p='/bin/mkdir -p'
oldincludedir='/usr/include'
pdfdir='${docdir}'
prefix='/usr/local'
program_transform_name='s,x,x,'
psdir='${docdir}'
sbindir='${exec_prefix}/sbin'
sharedstatedir='${prefix}/com'
sysconfdir='${prefix}/etc'
target_alias=''

## ----------- ##
## confdefs.h. ##
## ----------- ##

#define PACKAGE_NAME "xhost"
#define PACKAGE_TARNAME "xhost"
#define PACKAGE_VERSION "1.0.2"
#define PACKAGE_STRING "xhost 1.0.2"
#define PACKAGE_BUGREPORT "https://bugs.freedesktop.org/enter_bug.cgi?product=xorg"
#define PACKAGE "xhost"
#define VERSION "1.0.2"
#define RETSIGTYPE void
#define UNIXCONN 1
#define TCPCONN 1
#define IPv6 1
#define BSD44SOCKETS 1
#define PACKAGE_VERSION_MAJOR 1
#define PACKAGE_VERSION_MINOR 0
#define PACKAGE_VERSION_PATCHLEVEL 2

configure: exit 0
