This file contains any messages produced by compilers while
running configure, to aid debugging if configure makes a mistake.

It was created by libxdg-basedir configure 1.2.0, which was
generated by GNU Autoconf 2.68.  Invocation command line was

  $ ./configure 

## --------- ##
## Platform. ##
## --------- ##

hostname = Chriss-iPad
uname -m = iPad1,1
uname -r = 11.0.0
uname -s = Darwin
uname -v = Darwin Kernel Version 11.0.0: Sun Apr  8 21:51:26 PDT 2012; root:xnu-1878.11.10~1/RELEASE_ARM_S5L8930X

/usr/bin/uname -p = unknown
/bin/uname -X     = unknown

/bin/arch              = unknown
/usr/bin/arch -k       = unknown
/usr/convex/getsysinfo = unknown
/usr/bin/hostinfo      = Mach kernel version:
	 Darwin Kernel Version 11.0.0: Sun Apr  8 21:51:26 PDT 2012; root:xnu-1878.11.10~1/RELEASE_ARM_S5L8930X
Kernel configured for a single processor only.
1 processor is physically available.
1 processor is logically available.
Processor type: armv7 (arm v7)
Processor active: 0
Primary memory available: 246.98 megabytes
Default processor set: 48 tasks, 304 threads, 1 processors
Load average: 3.48, Mach factor: 0.19
/bin/machine           = unknown
/usr/bin/oslevel       = unknown
/bin/universe          = unknown

PATH: /usr/local/sbin
PATH: /usr/local/bin
PATH: /usr/sbin
PATH: /usr/bin
PATH: /sbin
PATH: /bin
PATH: /usr/bin/X11
PATH: /usr/games
PATH: /usr/local/Gambit-C/bin


## ----------- ##
## Core tests. ##
## ----------- ##

configure:2346: checking for a BSD-compatible install
configure:2414: result: /usr/bin/install -c
configure:2425: checking whether build environment is sane
configure:2475: result: yes
configure:2616: checking for a thread-safe mkdir -p
configure:2655: result: /bin/mkdir -p
configure:2668: checking for gawk
configure:2684: found /usr/bin/gawk
configure:2695: result: gawk
configure:2706: checking whether make sets $(MAKE)
configure:2728: result: yes
configure:2857: checking for gcc
configure:2884: result: /usr/bin/gcc
configure:3113: checking for C compiler version
configure:3122: /usr/bin/gcc --version >&5
gcc (GCC) 4.2.1 (Based on Apple Inc. build 5555)
Copyright (C) 2007 Free Software Foundation, Inc.
This is free software; see the source for copying conditions.  There is NO
warranty; not even for MERCHANTABILITY or FITNESS FOR A PARTICULAR PURPOSE.

configure:3133: $? = 0
configure:3122: /usr/bin/gcc -v >&5
Using built-in specs.
Target: arm-apple-darwin9
Configured with: ../llvm-gcc-4.2/configure --build=x86_64-unknown-linux-gnu --host=arm-apple-darwin9 --enable-static=no --enable-shared=yes --prefix=/usr --localstatedir=/var/cache/iphone-gcc --enable-languages=c,c++,objc,obj-c++ --enable-wchar_t=no --with-gxx-include-dir=/usr/include/c++/4.0.0
Thread model: posix
gcc version 4.2.1 (Based on Apple Inc. build 5555)
configure:3133: $? = 0
configure:3122: /usr/bin/gcc -V >&5
gcc: '-V' option must have argument
configure:3133: $? = 1
configure:3122: /usr/bin/gcc -qversion >&5
gcc: no input files
configure:3133: $? = 1
configure:3153: checking whether the C compiler works
configure:3175: /usr/bin/gcc    conftest.c  >&5
configure:3179: $? = 0
configure:3227: result: yes
configure:3230: checking for C compiler default output file name
configure:3232: result: a.out
configure:3238: checking for suffix of executables
configure:3245: /usr/bin/gcc -o conftest    conftest.c  >&5
configure:3249: $? = 0
configure:3271: result: 
configure:3293: checking whether we are cross compiling
configure:3301: /usr/bin/gcc -o conftest    conftest.c  >&5
configure:3305: $? = 0
configure:3312: ./conftest
./configure: line 3314: 20605 Killed: 9               ./conftest$ac_cv_exeext
configure:3316: $? = 137
configure:3328: result: no
configure:3333: checking for suffix of object files
configure:3355: /usr/bin/gcc -c   conftest.c >&5
configure:3359: $? = 0
configure:3380: result: o
configure:3384: checking whether we are using the GNU C compiler
configure:3403: /usr/bin/gcc -c   conftest.c >&5
configure:3403: $? = 0
configure:3412: result: yes
configure:3421: checking whether /usr/bin/gcc accepts -g
configure:3441: /usr/bin/gcc -c -g  conftest.c >&5
configure:3441: $? = 0
configure:3482: result: yes
configure:3499: checking for /usr/bin/gcc option to accept ISO C89
configure:3563: /usr/bin/gcc  -c -g -O2  conftest.c >&5
configure:3563: $? = 0
configure:3576: result: none needed
configure:3607: checking for style of include used by make
configure:3635: result: GNU
configure:3660: checking dependency style of /usr/bin/gcc
configure:3770: result: gcc3
configure:3815: checking build system type
configure:3829: result: arm-apple-darwin11.0.0
configure:3849: checking host system type
configure:3862: result: arm-apple-darwin11.0.0
configure:3903: checking how to print strings
configure:3930: result: printf
configure:3951: checking for a sed that does not truncate output
configure:4015: result: /bin/sed
configure:4033: checking for grep that handles long lines and -e
configure:4091: result: /bin/grep
configure:4096: checking for egrep
configure:4158: result: /bin/grep -E
configure:4163: checking for fgrep
configure:4225: result: /bin/grep -F
configure:4260: checking for ld used by /usr/bin/gcc
configure:4327: result: /usr/bin/ld
configure:4334: checking if the linker (/usr/bin/ld) is GNU ld
configure:4349: result: no
configure:4361: checking for BSD- or MS-compatible name lister (nm)
configure:4410: result: /usr/bin/nm -p
configure:4540: checking the name lister (/usr/bin/nm -p) interface
configure:4547: /usr/bin/gcc -c -g -O2  conftest.c >&5
configure:4550: /usr/bin/nm -p "conftest.o"
configure:4553: output
00000000 D _some_variable
configure:4560: result: BSD nm
configure:4563: checking whether ln -s works
configure:4567: result: yes
configure:4575: checking the maximum length of command line arguments
configure:4700: result: 196608
configure:4717: checking whether the shell understands some XSI constructs
configure:4727: result: yes
configure:4731: checking whether the shell understands "+="
configure:4737: result: yes
configure:4772: checking how to convert arm-apple-darwin11.0.0 file names to arm-apple-darwin11.0.0 format
configure:4812: result: func_convert_file_noop
configure:4819: checking how to convert arm-apple-darwin11.0.0 file names to toolchain format
configure:4839: result: func_convert_file_noop
configure:4846: checking for /usr/bin/ld option to reload object files
configure:4853: result: -r
configure:4927: checking for objdump
configure:4943: found /usr/bin/objdump
configure:4954: result: objdump
configure:4986: checking how to recognize dependent libraries
configure:5188: result: pass_all
configure:5273: checking for dlltool
configure:5303: result: no
configure:5333: checking how to associate runtime and link libraries
configure:5360: result: printf %s\n
configure:5421: checking for ar
configure:5437: found /usr/bin/ar
configure:5448: result: ar
configure:5485: checking for archiver @FILE support
configure:5502: /usr/bin/gcc -c -g -O2  conftest.c >&5
configure:5502: $? = 0
configure:5505: ar cru libconftest.a @conftest.lst >&5
ar: @conftest.lst: No such file or directory
configure:5508: $? = 1
configure:5528: result: no
configure:5586: checking for strip
configure:5602: found /usr/bin/strip
configure:5613: result: strip
configure:5685: checking for ranlib
configure:5701: found /usr/bin/ranlib
configure:5712: result: ranlib
configure:5814: checking command to parse /usr/bin/nm -p output from /usr/bin/gcc object
configure:5933: /usr/bin/gcc -c -g -O2  conftest.c >&5
configure:5936: $? = 0
configure:5940: /usr/bin/nm -p conftest.o \| sed -n -e 's/^.*[ ]\([BCDEGRST][BCDEGRST]*\)[ ][ ]*\([_A-Za-z][_A-Za-z0-9]*\)$/\1 \2 \2/p' | sed '/ __gnu_lto/d' \> conftest.nm
configure:5943: $? = 0
cannot find nm_test_var in conftest.nm
configure:5933: /usr/bin/gcc -c -g -O2  conftest.c >&5
configure:5936: $? = 0
configure:5940: /usr/bin/nm -p conftest.o \| sed -n -e 's/^.*[ ]\([BCDEGRST][BCDEGRST]*\)[ ][ ]*_\([_A-Za-z][_A-Za-z0-9]*\)$/\1 _\2 \2/p' | sed '/ __gnu_lto/d' \> conftest.nm
configure:5943: $? = 0
configure:6009: /usr/bin/gcc -o conftest -g -O2   conftest.c conftstm.o >&5
configure:6012: $? = 0
configure:6050: result: ok
configure:6087: checking for sysroot
configure:6117: result: no
configure:6360: checking for mt
configure:6390: result: no
configure:6410: checking if : is a manifest tool
configure:6416: : '-?'
configure:6424: result: no
configure:6480: checking for dsymutil
configure:6510: result: no
configure:6572: checking for nmedit
configure:6588: found /usr/bin/nmedit
configure:6599: result: nmedit
configure:6664: checking for lipo
configure:6680: found /usr/bin/lipo
configure:6691: result: lipo
configure:6756: checking for otool
configure:6772: found /usr/bin/otool
configure:6783: result: otool
configure:6848: checking for otool64
configure:6864: found /usr/bin/otool64
configure:6875: result: otool64
configure:6923: checking for -single_module linker flag
/usr/bin/gcc -g -O2  -o libconftest.dylib -dynamiclib -Wl,-single_module conftest.c
configure:6950: result: yes
configure:6952: checking for -exported_symbols_list linker flag
configure:6972: /usr/bin/gcc -o conftest -g -O2   -Wl,-exported_symbols_list,conftest.sym conftest.c  >&5
configure:6972: $? = 0
configure:6982: result: yes
configure:6984: checking for -force_load linker flag
/usr/bin/gcc -g -O2 -c -o conftest.o conftest.c
ar cru libconftest.a conftest.o
ranlib libconftest.a
/usr/bin/gcc -g -O2  -o conftest conftest.c -Wl,-force_load,./libconftest.a
ld: unknown option: -force_load
collect2: ld returned 1 exit status
configure:7014: result: no
configure:7056: checking how to run the C preprocessor
configure:7087: /usr/bin/gcc -E  conftest.c
configure:7087: $? = 0
configure:7101: /usr/bin/gcc -E  conftest.c
conftest.c:11:28: error: ac_nonexistent.h: No such file or directory
configure:7101: $? = 1
configure: failed program was:
| /* confdefs.h */
| #define PACKAGE_NAME "libxdg-basedir"
| #define PACKAGE_TARNAME "libxdg-basedir"
| #define PACKAGE_VERSION "1.2.0"
| #define PACKAGE_STRING "libxdg-basedir 1.2.0"
| #define PACKAGE_BUGREPORT "mark.nevill@gmail.com"
| #define PACKAGE_URL ""
| #define PACKAGE "libxdg-basedir"
| #define VERSION "1.2.0"
| /* end confdefs.h.  */
| #include <ac_nonexistent.h>
configure:7126: result: /usr/bin/gcc -E
configure:7146: /usr/bin/gcc -E  conftest.c
configure:7146: $? = 0
configure:7160: /usr/bin/gcc -E  conftest.c
conftest.c:11:28: error: ac_nonexistent.h: No such file or directory
configure:7160: $? = 1
configure: failed program was:
| /* confdefs.h */
| #define PACKAGE_NAME "libxdg-basedir"
| #define PACKAGE_TARNAME "libxdg-basedir"
| #define PACKAGE_VERSION "1.2.0"
| #define PACKAGE_STRING "libxdg-basedir 1.2.0"
| #define PACKAGE_BUGREPORT "mark.nevill@gmail.com"
| #define PACKAGE_URL ""
| #define PACKAGE "libxdg-basedir"
| #define VERSION "1.2.0"
| /* end confdefs.h.  */
| #include <ac_nonexistent.h>
configure:7189: checking for ANSI C header files
configure:7209: /usr/bin/gcc -c -g -O2  conftest.c >&5
configure:7209: $? = 0
configure:7282: /usr/bin/gcc -o conftest -g -O2   conftest.c  >&5
configure:7282: $? = 0
configure:7282: ./conftest
./configure: line 1720: 20978 Killed: 9               ./conftest$ac_exeext
configure:7282: $? = 137
configure: program exited with status 137
configure: failed program was:
| /* confdefs.h */
| #define PACKAGE_NAME "libxdg-basedir"
| #define PACKAGE_TARNAME "libxdg-basedir"
| #define PACKAGE_VERSION "1.2.0"
| #define PACKAGE_STRING "libxdg-basedir 1.2.0"
| #define PACKAGE_BUGREPORT "mark.nevill@gmail.com"
| #define PACKAGE_URL ""
| #define PACKAGE "libxdg-basedir"
| #define VERSION "1.2.0"
| /* end confdefs.h.  */
| #include <ctype.h>
| #include <stdlib.h>
| #if ((' ' & 0x0FF) == 0x020)
| # define ISLOWER(c) ('a' <= (c) && (c) <= 'z')
| # define TOUPPER(c) (ISLOWER(c) ? 'A' + ((c) - 'a') : (c))
| #else
| # define ISLOWER(c) 		   (('a' <= (c) && (c) <= 'i') 		     || ('j' <= (c) && (c) <= 'r') 		     || ('s' <= (c) && (c) <= 'z'))
| # define TOUPPER(c) (ISLOWER(c) ? ((c) | 0x40) : (c))
| #endif
| 
| #define XOR(e, f) (((e) && !(f)) || (!(e) && (f)))
| int
| main ()
| {
|   int i;
|   for (i = 0; i < 256; i++)
|     if (XOR (islower (i), ISLOWER (i))
| 	|| toupper (i) != TOUPPER (i))
|       return 2;
|   return 0;
| }
configure:7293: result: no
configure:7306: checking for sys/types.h
configure:7306: /usr/bin/gcc -c -g -O2  conftest.c >&5
configure:7306: $? = 0
configure:7306: result: yes
configure:7306: checking for sys/stat.h
configure:7306: /usr/bin/gcc -c -g -O2  conftest.c >&5
configure:7306: $? = 0
configure:7306: result: yes
configure:7306: checking for stdlib.h
configure:7306: /usr/bin/gcc -c -g -O2  conftest.c >&5
configure:7306: $? = 0
configure:7306: result: yes
configure:7306: checking for string.h
configure:7306: /usr/bin/gcc -c -g -O2  conftest.c >&5
configure:7306: $? = 0
configure:7306: result: yes
configure:7306: checking for memory.h
configure:7306: /usr/bin/gcc -c -g -O2  conftest.c >&5
configure:7306: $? = 0
configure:7306: result: yes
configure:7306: checking for strings.h
configure:7306: /usr/bin/gcc -c -g -O2  conftest.c >&5
configure:7306: $? = 0
configure:7306: result: yes
configure:7306: checking for inttypes.h
configure:7306: /usr/bin/gcc -c -g -O2  conftest.c >&5
configure:7306: $? = 0
configure:7306: result: yes
configure:7306: checking for stdint.h
configure:7306: /usr/bin/gcc -c -g -O2  conftest.c >&5
configure:7306: $? = 0
configure:7306: result: yes
configure:7306: checking for unistd.h
configure:7306: /usr/bin/gcc -c -g -O2  conftest.c >&5
configure:7306: $? = 0
configure:7306: result: yes
configure:7320: checking for dlfcn.h
configure:7320: /usr/bin/gcc -c -g -O2  conftest.c >&5
configure:7320: $? = 0
configure:7320: result: yes
configure:7507: checking for objdir
configure:7522: result: .libs
configure:7793: checking if /usr/bin/gcc supports -fno-rtti -fno-exceptions
configure:7811: /usr/bin/gcc -c -g -O2  -fno-rtti -fno-exceptions conftest.c >&5
cc1: warning: command line option "-fno-rtti" is valid for C++/ObjC++ but not for C
configure:7815: $? = 0
configure:7828: result: no
configure:8138: checking for /usr/bin/gcc option to produce PIC
configure:8145: result: -fno-common -DPIC
configure:8153: checking if /usr/bin/gcc PIC flag -fno-common -DPIC works
configure:8171: /usr/bin/gcc -c -g -O2  -fno-common -DPIC -DPIC conftest.c >&5
configure:8175: $? = 0
configure:8188: result: yes
configure:8217: checking if /usr/bin/gcc static flag -static works
configure:8245: result: no
configure:8260: checking if /usr/bin/gcc supports -c -o file.o
configure:8281: /usr/bin/gcc -c -g -O2  -o out/conftest2.o conftest.c >&5
configure:8285: $? = 0
configure:8307: result: yes
configure:8315: checking if /usr/bin/gcc supports -c -o file.o
configure:8362: result: yes
configure:8395: checking whether the /usr/bin/gcc linker (/usr/bin/ld) supports shared libraries
configure:9557: result: yes
configure:9802: checking dynamic linker characteristics
configure:10551: result: darwin11.0.0 dyld
configure:10658: checking how to hardcode library paths into programs
configure:10683: result: immediate
configure:11223: checking whether stripping libraries is possible
configure:11237: result: yes
configure:11263: checking if libtool supports shared libraries
configure:11265: result: yes
configure:11268: checking whether to build shared libraries
configure:11289: result: yes
configure:11292: checking whether to build static libraries
configure:11296: result: yes
configure:11439: checking for doxygen
configure:11472: result: no
configure:11492: WARNING: doxygen not found - will not generate any doxygen documentation
configure:11545: checking for perl
configure:11563: found /usr/local/bin/perl
configure:11575: result: /usr/local/bin/perl
configure:13258: checking for ANSI C header files
configure:13362: result: no
configure:13373: checking for stdlib.h
configure:13373: result: yes
configure:13373: checking for string.h
configure:13373: result: yes
configure:13373: checking for strings.h
configure:13373: result: yes
configure:13373: checking for memory.h
configure:13373: result: yes
configure:13373: checking errno.h usability
configure:13373: /usr/bin/gcc -c -g -O2  conftest.c >&5
configure:13373: $? = 0
configure:13373: result: yes
configure:13373: checking errno.h presence
configure:13373: /usr/bin/gcc -E  conftest.c
configure:13373: $? = 0
configure:13373: result: yes
configure:13373: checking for errno.h
configure:13373: result: yes
configure:13373: checking for sys/stat.h
configure:13373: result: yes
configure:13384: checking for stdbool.h that conforms to C99
configure:13451: /usr/bin/gcc -c -g -O2  conftest.c >&5
configure:13451: $? = 0
configure:13458: result: yes
configure:13460: checking for _Bool
configure:13460: /usr/bin/gcc -c -g -O2  conftest.c >&5
configure:13460: $? = 0
configure:13460: /usr/bin/gcc -c -g -O2  conftest.c >&5
conftest.c: In function 'main':
conftest.c:64: error: expected expression before ')' token
configure:13460: $? = 1
configure: failed program was:
| /* confdefs.h */
| #define PACKAGE_NAME "libxdg-basedir"
| #define PACKAGE_TARNAME "libxdg-basedir"
| #define PACKAGE_VERSION "1.2.0"
| #define PACKAGE_STRING "libxdg-basedir 1.2.0"
| #define PACKAGE_BUGREPORT "mark.nevill@gmail.com"
| #define PACKAGE_URL ""
| #define PACKAGE "libxdg-basedir"
| #define VERSION "1.2.0"
| #define HAVE_SYS_TYPES_H 1
| #define HAVE_SYS_STAT_H 1
| #define HAVE_STDLIB_H 1
| #define HAVE_STRING_H 1
| #define HAVE_MEMORY_H 1
| #define HAVE_STRINGS_H 1
| #define HAVE_INTTYPES_H 1
| #define HAVE_STDINT_H 1
| #define HAVE_UNISTD_H 1
| #define HAVE_DLFCN_H 1
| #define LT_OBJDIR ".libs/"
| #define HAVE_STDLIB_H 1
| #define HAVE_STRING_H 1
| #define HAVE_STRINGS_H 1
| #define HAVE_MEMORY_H 1
| #define HAVE_ERRNO_H 1
| #define HAVE_SYS_STAT_H 1
| /* end confdefs.h.  */
| #include <stdio.h>
| #ifdef HAVE_SYS_TYPES_H
| # include <sys/types.h>
| #endif
| #ifdef HAVE_SYS_STAT_H
| # include <sys/stat.h>
| #endif
| #ifdef STDC_HEADERS
| # include <stdlib.h>
| # include <stddef.h>
| #else
| # ifdef HAVE_STDLIB_H
| #  include <stdlib.h>
| # endif
| #endif
| #ifdef HAVE_STRING_H
| # if !defined STDC_HEADERS && defined HAVE_MEMORY_H
| #  include <memory.h>
| # endif
| # include <string.h>
| #endif
| #ifdef HAVE_STRINGS_H
| # include <strings.h>
| #endif
| #ifdef HAVE_INTTYPES_H
| # include <inttypes.h>
| #endif
| #ifdef HAVE_STDINT_H
| # include <stdint.h>
| #endif
| #ifdef HAVE_UNISTD_H
| # include <unistd.h>
| #endif
| int
| main ()
| {
| if (sizeof ((_Bool)))
| 	    return 0;
|   ;
|   return 0;
| }
configure:13460: result: yes
configure:13476: checking for an ANSI C-conforming const
configure:13541: /usr/bin/gcc -c -g -O2  conftest.c >&5
configure:13541: $? = 0
configure:13548: result: yes
configure:13556: checking for mode_t
configure:13556: /usr/bin/gcc -c -g -O2  conftest.c >&5
configure:13556: $? = 0
configure:13556: /usr/bin/gcc -c -g -O2  conftest.c >&5
conftest.c: In function 'main':
conftest.c:66: error: expected expression before ')' token
configure:13556: $? = 1
configure: failed program was:
| /* confdefs.h */
| #define PACKAGE_NAME "libxdg-basedir"
| #define PACKAGE_TARNAME "libxdg-basedir"
| #define PACKAGE_VERSION "1.2.0"
| #define PACKAGE_STRING "libxdg-basedir 1.2.0"
| #define PACKAGE_BUGREPORT "mark.nevill@gmail.com"
| #define PACKAGE_URL ""
| #define PACKAGE "libxdg-basedir"
| #define VERSION "1.2.0"
| #define HAVE_SYS_TYPES_H 1
| #define HAVE_SYS_STAT_H 1
| #define HAVE_STDLIB_H 1
| #define HAVE_STRING_H 1
| #define HAVE_MEMORY_H 1
| #define HAVE_STRINGS_H 1
| #define HAVE_INTTYPES_H 1
| #define HAVE_STDINT_H 1
| #define HAVE_UNISTD_H 1
| #define HAVE_DLFCN_H 1
| #define LT_OBJDIR ".libs/"
| #define HAVE_STDLIB_H 1
| #define HAVE_STRING_H 1
| #define HAVE_STRINGS_H 1
| #define HAVE_MEMORY_H 1
| #define HAVE_ERRNO_H 1
| #define HAVE_SYS_STAT_H 1
| #define HAVE__BOOL 1
| #define HAVE_STDBOOL_H 1
| /* end confdefs.h.  */
| #include <stdio.h>
| #ifdef HAVE_SYS_TYPES_H
| # include <sys/types.h>
| #endif
| #ifdef HAVE_SYS_STAT_H
| # include <sys/stat.h>
| #endif
| #ifdef STDC_HEADERS
| # include <stdlib.h>
| # include <stddef.h>
| #else
| # ifdef HAVE_STDLIB_H
| #  include <stdlib.h>
| # endif
| #endif
| #ifdef HAVE_STRING_H
| # if !defined STDC_HEADERS && defined HAVE_MEMORY_H
| #  include <memory.h>
| # endif
| # include <string.h>
| #endif
| #ifdef HAVE_STRINGS_H
| # include <strings.h>
| #endif
| #ifdef HAVE_INTTYPES_H
| # include <inttypes.h>
| #endif
| #ifdef HAVE_STDINT_H
| # include <stdint.h>
| #endif
| #ifdef HAVE_UNISTD_H
| # include <unistd.h>
| #endif
| int
| main ()
| {
| if (sizeof ((mode_t)))
| 	    return 0;
|   ;
|   return 0;
| }
configure:13556: result: yes
configure:13570: checking for stdlib.h
configure:13570: result: yes
configure:13580: checking for GNU libc compatible malloc
configure:13604: /usr/bin/gcc -o conftest -g -O2   conftest.c  >&5
configure:13604: $? = 0
configure:13604: ./conftest
./configure: line 1720: 21380 Killed: 9               ./conftest$ac_exeext
configure:13604: $? = 137
configure: program exited with status 137
configure: failed program was:
| /* confdefs.h */
| #define PACKAGE_NAME "libxdg-basedir"
| #define PACKAGE_TARNAME "libxdg-basedir"
| #define PACKAGE_VERSION "1.2.0"
| #define PACKAGE_STRING "libxdg-basedir 1.2.0"
| #define PACKAGE_BUGREPORT "mark.nevill@gmail.com"
| #define PACKAGE_URL ""
| #define PACKAGE "libxdg-basedir"
| #define VERSION "1.2.0"
| #define HAVE_SYS_TYPES_H 1
| #define HAVE_SYS_STAT_H 1
| #define HAVE_STDLIB_H 1
| #define HAVE_STRING_H 1
| #define HAVE_MEMORY_H 1
| #define HAVE_STRINGS_H 1
| #define HAVE_INTTYPES_H 1
| #define HAVE_STDINT_H 1
| #define HAVE_UNISTD_H 1
| #define HAVE_DLFCN_H 1
| #define LT_OBJDIR ".libs/"
| #define HAVE_STDLIB_H 1
| #define HAVE_STRING_H 1
| #define HAVE_STRINGS_H 1
| #define HAVE_MEMORY_H 1
| #define HAVE_ERRNO_H 1
| #define HAVE_SYS_STAT_H 1
| #define HAVE__BOOL 1
| #define HAVE_STDBOOL_H 1
| #define HAVE_STDLIB_H 1
| /* end confdefs.h.  */
| #if defined STDC_HEADERS || defined HAVE_STDLIB_H
| # include <stdlib.h>
| #else
| char *malloc ();
| #endif
| 
| int
| main ()
| {
| return ! malloc (0);
|   ;
|   return 0;
| }
configure:13614: result: no
configure:13637: checking for stdlib.h
configure:13637: result: yes
configure:13647: checking for GNU libc compatible realloc
configure:13671: /usr/bin/gcc -o conftest -g -O2   conftest.c  >&5
configure:13671: $? = 0
configure:13671: ./conftest
./configure: line 1720: 21394 Killed: 9               ./conftest$ac_exeext
configure:13671: $? = 137
configure: program exited with status 137
configure: failed program was:
| /* confdefs.h */
| #define PACKAGE_NAME "libxdg-basedir"
| #define PACKAGE_TARNAME "libxdg-basedir"
| #define PACKAGE_VERSION "1.2.0"
| #define PACKAGE_STRING "libxdg-basedir 1.2.0"
| #define PACKAGE_BUGREPORT "mark.nevill@gmail.com"
| #define PACKAGE_URL ""
| #define PACKAGE "libxdg-basedir"
| #define VERSION "1.2.0"
| #define HAVE_SYS_TYPES_H 1
| #define HAVE_SYS_STAT_H 1
| #define HAVE_STDLIB_H 1
| #define HAVE_STRING_H 1
| #define HAVE_MEMORY_H 1
| #define HAVE_STRINGS_H 1
| #define HAVE_INTTYPES_H 1
| #define HAVE_STDINT_H 1
| #define HAVE_UNISTD_H 1
| #define HAVE_DLFCN_H 1
| #define LT_OBJDIR ".libs/"
| #define HAVE_STDLIB_H 1
| #define HAVE_STRING_H 1
| #define HAVE_STRINGS_H 1
| #define HAVE_MEMORY_H 1
| #define HAVE_ERRNO_H 1
| #define HAVE_SYS_STAT_H 1
| #define HAVE__BOOL 1
| #define HAVE_STDBOOL_H 1
| #define HAVE_STDLIB_H 1
| #define HAVE_MALLOC 0
| #define malloc rpl_malloc
| #define HAVE_STDLIB_H 1
| /* end confdefs.h.  */
| #if defined STDC_HEADERS || defined HAVE_STDLIB_H
| # include <stdlib.h>
| #else
| char *realloc ();
| #endif
| 
| int
| main ()
| {
| return ! realloc (0, 0);
|   ;
|   return 0;
| }
configure:13681: result: no
configure:13705: checking for memset
configure:13705: /usr/bin/gcc -o conftest -g -O2   conftest.c  >&5
conftest.c:59: warning: conflicting types for built-in function 'memset'
configure:13705: $? = 0
configure:13705: result: yes
configure:13705: checking for strcpy
configure:13705: /usr/bin/gcc -o conftest -g -O2   conftest.c  >&5
configure:13705: $? = 0
configure:13705: result: yes
configure:13705: checking for strncpy
configure:13705: /usr/bin/gcc -o conftest -g -O2   conftest.c  >&5
conftest.c:61: warning: conflicting types for built-in function 'strncpy'
configure:13705: $? = 0
configure:13705: result: yes
configure:13705: checking for bcopy
configure:13705: /usr/bin/gcc -o conftest -g -O2   conftest.c  >&5
conftest.c:62: warning: conflicting types for built-in function 'bcopy'
configure:13705: $? = 0
configure:13705: result: yes
configure:13705: checking for bzero
configure:13705: /usr/bin/gcc -o conftest -g -O2   conftest.c  >&5
conftest.c:63: warning: conflicting types for built-in function 'bzero'
configure:13705: $? = 0
configure:13705: result: yes
configure:13705: checking for getenv
configure:13705: /usr/bin/gcc -o conftest -g -O2   conftest.c  >&5
configure:13705: $? = 0
configure:13705: result: yes
configure:13705: checking for mkdir
configure:13705: /usr/bin/gcc -o conftest -g -O2   conftest.c  >&5
configure:13705: $? = 0
configure:13705: result: yes
configure:13705: checking for strdup
configure:13705: /usr/bin/gcc -o conftest -g -O2   conftest.c  >&5
conftest.c:66: warning: conflicting types for built-in function 'strdup'
configure:13705: $? = 0
configure:13705: result: yes
configure:13723: checking if /usr/bin/gcc supports -Wl,--no-undefined flag
configure:13734: /usr/bin/gcc -o conftest -g -O2   -Wl,--no-undefined conftest.c  >&5
ld: unknown option: --no-undefined
collect2: ld returned 1 exit status
configure:13734: $? = 1
configure: failed program was:
| /* confdefs.h */
| #define PACKAGE_NAME "libxdg-basedir"
| #define PACKAGE_TARNAME "libxdg-basedir"
| #define PACKAGE_VERSION "1.2.0"
| #define PACKAGE_STRING "libxdg-basedir 1.2.0"
| #define PACKAGE_BUGREPORT "mark.nevill@gmail.com"
| #define PACKAGE_URL ""
| #define PACKAGE "libxdg-basedir"
| #define VERSION "1.2.0"
| #define HAVE_SYS_TYPES_H 1
| #define HAVE_SYS_STAT_H 1
| #define HAVE_STDLIB_H 1
| #define HAVE_STRING_H 1
| #define HAVE_MEMORY_H 1
| #define HAVE_STRINGS_H 1
| #define HAVE_INTTYPES_H 1
| #define HAVE_STDINT_H 1
| #define HAVE_UNISTD_H 1
| #define HAVE_DLFCN_H 1
| #define LT_OBJDIR ".libs/"
| #define HAVE_STDLIB_H 1
| #define HAVE_STRING_H 1
| #define HAVE_STRINGS_H 1
| #define HAVE_MEMORY_H 1
| #define HAVE_ERRNO_H 1
| #define HAVE_SYS_STAT_H 1
| #define HAVE__BOOL 1
| #define HAVE_STDBOOL_H 1
| #define HAVE_STDLIB_H 1
| #define HAVE_MALLOC 0
| #define malloc rpl_malloc
| #define HAVE_STDLIB_H 1
| #define HAVE_REALLOC 0
| #define realloc rpl_realloc
| #define HAVE_MEMSET 1
| #define HAVE_STRCPY 1
| #define HAVE_STRNCPY 1
| #define HAVE_BCOPY 1
| #define HAVE_BZERO 1
| #define HAVE_GETENV 1
| #define HAVE_MKDIR 1
| #define HAVE_STRDUP 1
| /* end confdefs.h.  */
| int main() { return 1; }
configure:13745: result: 
configure:13984: creating ./config.status

## ---------------------- ##
## Running config.status. ##
## ---------------------- ##

This file was extended by libxdg-basedir config.status 1.2.0, which was
generated by GNU Autoconf 2.68.  Invocation command line was

  CONFIG_FILES    = 
  CONFIG_HEADERS  = 
  CONFIG_LINKS    = 
  CONFIG_COMMANDS = 
  $ ./config.status 

on Chriss-iPad

config.status:1158: creating Makefile
config.status:1158: creating include/Makefile
config.status:1158: creating src/Makefile
config.status:1158: creating tests/Makefile
config.status:1158: creating pkgconfig/libxdg-basedir.pc
config.status:1158: creating pkgconfig/libxdg-basedir-uninstalled.pc
config.status:1158: creating config.h
config.status:1387: executing depfiles commands
config.status:1387: executing libtool commands

## ---------------- ##
## Cache variables. ##
## ---------------- ##

ac_cv_build=arm-apple-darwin11.0.0
ac_cv_c_compiler_gnu=yes
ac_cv_c_const=yes
ac_cv_env_CC_set=set
ac_cv_env_CC_value=/usr/bin/gcc
ac_cv_env_CFLAGS_set=
ac_cv_env_CFLAGS_value=
ac_cv_env_CPPFLAGS_set=
ac_cv_env_CPPFLAGS_value=
ac_cv_env_CPP_set=
ac_cv_env_CPP_value=
ac_cv_env_DOXYGEN_PAPER_SIZE_set=
ac_cv_env_DOXYGEN_PAPER_SIZE_value=
ac_cv_env_LDFLAGS_set=
ac_cv_env_LDFLAGS_value=
ac_cv_env_LIBS_set=
ac_cv_env_LIBS_value=
ac_cv_env_build_alias_set=
ac_cv_env_build_alias_value=
ac_cv_env_host_alias_set=
ac_cv_env_host_alias_value=
ac_cv_env_target_alias_set=
ac_cv_env_target_alias_value=
ac_cv_func_bcopy=yes
ac_cv_func_bzero=yes
ac_cv_func_getenv=yes
ac_cv_func_malloc_0_nonnull=no
ac_cv_func_memset=yes
ac_cv_func_mkdir=yes
ac_cv_func_realloc_0_nonnull=no
ac_cv_func_strcpy=yes
ac_cv_func_strdup=yes
ac_cv_func_strncpy=yes
ac_cv_header_dlfcn_h=yes
ac_cv_header_errno_h=yes
ac_cv_header_inttypes_h=yes
ac_cv_header_memory_h=yes
ac_cv_header_stdbool_h=yes
ac_cv_header_stdc=no
ac_cv_header_stdint_h=yes
ac_cv_header_stdlib_h=yes
ac_cv_header_string_h=yes
ac_cv_header_strings_h=yes
ac_cv_header_sys_stat_h=yes
ac_cv_header_sys_types_h=yes
ac_cv_header_unistd_h=yes
ac_cv_host=arm-apple-darwin11.0.0
ac_cv_objext=o
ac_cv_path_EGREP='/bin/grep -E'
ac_cv_path_FGREP='/bin/grep -F'
ac_cv_path_GREP=/bin/grep
ac_cv_path_SED=/bin/sed
ac_cv_path_ac_pt_DX_PERL=/usr/local/bin/perl
ac_cv_path_install='/usr/bin/install -c'
ac_cv_path_mkdir=/bin/mkdir
ac_cv_prog_AWK=gawk
ac_cv_prog_CPP='/usr/bin/gcc -E'
ac_cv_prog_ac_ct_AR=ar
ac_cv_prog_ac_ct_CC=/usr/bin/gcc
ac_cv_prog_ac_ct_LIPO=lipo
ac_cv_prog_ac_ct_NMEDIT=nmedit
ac_cv_prog_ac_ct_OBJDUMP=objdump
ac_cv_prog_ac_ct_OTOOL64=otool64
ac_cv_prog_ac_ct_OTOOL=otool
ac_cv_prog_ac_ct_RANLIB=ranlib
ac_cv_prog_ac_ct_STRIP=strip
ac_cv_prog_cc_c89=
ac_cv_prog_cc_g=yes
ac_cv_prog_make_make_set=yes
ac_cv_type__Bool=yes
ac_cv_type_mode_t=yes
am_cv_CC_dependencies_compiler_type=gcc3
cc_cv_ldflags__Wl___no_undefined=
lt_cv_apple_cc_single_mod=yes
lt_cv_ar_at_file=no
lt_cv_deplibs_check_method=pass_all
lt_cv_file_magic_cmd='$MAGIC_CMD'
lt_cv_file_magic_test_file=
lt_cv_ld_exported_symbols_list=yes
lt_cv_ld_force_load=no
lt_cv_ld_reload_flag=-r
lt_cv_nm_interface='BSD nm'
lt_cv_objdir=.libs
lt_cv_path_LD=/usr/bin/ld
lt_cv_path_NM='/usr/bin/nm -p'
lt_cv_path_mainfest_tool=no
lt_cv_prog_compiler_c_o=yes
lt_cv_prog_compiler_pic='-fno-common -DPIC'
lt_cv_prog_compiler_pic_works=yes
lt_cv_prog_compiler_rtti_exceptions=no
lt_cv_prog_compiler_static_works=no
lt_cv_prog_gnu_ld=no
lt_cv_sharedlib_from_linklib_cmd='printf %s\n'
lt_cv_sys_global_symbol_pipe='sed -n -e '\''s/^.*[	 ]\([BCDEGRST][BCDEGRST]*\)[	 ][	 ]*_\([_A-Za-z][_A-Za-z0-9]*\)$/\1 _\2 \2/p'\'' | sed '\''/ __gnu_lto/d'\'''
lt_cv_sys_global_symbol_to_c_name_address='sed -n -e '\''s/^: \([^ ]*\)[ ]*$/  {\"\1\", (void *) 0},/p'\'' -e '\''s/^[BCDEGRST]* \([^ ]*\) \([^ ]*\)$/  {"\2", (void *) \&\2},/p'\'''
lt_cv_sys_global_symbol_to_c_name_address_lib_prefix='sed -n -e '\''s/^: \([^ ]*\)[ ]*$/  {\"\1\", (void *) 0},/p'\'' -e '\''s/^[BCDEGRST]* \([^ ]*\) \(lib[^ ]*\)$/  {"\2", (void *) \&\2},/p'\'' -e '\''s/^[BCDEGRST]* \([^ ]*\) \([^ ]*\)$/  {"lib\2", (void *) \&\2},/p'\'''
lt_cv_sys_global_symbol_to_cdecl='sed -n -e '\''s/^T .* \(.*\)$/extern int \1();/p'\'' -e '\''s/^[BCDEGRST]* .* \(.*\)$/extern char \1;/p'\'''
lt_cv_sys_max_cmd_len=196608
lt_cv_to_host_file_cmd=func_convert_file_noop
lt_cv_to_tool_file_cmd=func_convert_file_noop

## ----------------- ##
## Output variables. ##
## ----------------- ##

ACLOCAL='${SHELL} /home/chris/libxdg-basedir-1.2.0/missing --run aclocal-1.11'
AMDEPBACKSLASH='\'
AMDEP_FALSE='#'
AMDEP_TRUE=''
AMTAR='${SHELL} /home/chris/libxdg-basedir-1.2.0/missing --run tar'
AR='ar'
AUTOCONF='${SHELL} /home/chris/libxdg-basedir-1.2.0/missing --run autoconf'
AUTOHEADER='${SHELL} /home/chris/libxdg-basedir-1.2.0/missing --run autoheader'
AUTOMAKE='${SHELL} /home/chris/libxdg-basedir-1.2.0/missing --run automake-1.11'
AWK='gawk'
CC='/usr/bin/gcc'
CCDEPMODE='depmode=gcc3'
CFLAGS='-g -O2'
CPP='/usr/bin/gcc -E'
CPPFLAGS=''
CYGPATH_W='echo'
DEFS='-DHAVE_CONFIG_H'
DEPDIR='.deps'
DLLTOOL='false'
DOXYGEN_PAPER_SIZE=''
DSYMUTIL=':'
DUMPBIN=''
DX_COND_chi_FALSE=''
DX_COND_chi_TRUE='#'
DX_COND_chm_FALSE=''
DX_COND_chm_TRUE='#'
DX_COND_doc_FALSE=''
DX_COND_doc_TRUE='#'
DX_COND_dot_FALSE=''
DX_COND_dot_TRUE='#'
DX_COND_html_FALSE=''
DX_COND_html_TRUE='#'
DX_COND_latex_FALSE=''
DX_COND_latex_TRUE='#'
DX_COND_man_FALSE=''
DX_COND_man_TRUE='#'
DX_COND_pdf_FALSE=''
DX_COND_pdf_TRUE='#'
DX_COND_ps_FALSE=''
DX_COND_ps_TRUE='#'
DX_COND_rtf_FALSE=''
DX_COND_rtf_TRUE='#'
DX_COND_xml_FALSE=''
DX_COND_xml_TRUE='#'
DX_CONFIG='doxygen.cfg'
DX_DOCDIR='doc'
DX_DOT=''
DX_DOXYGEN=''
DX_DVIPS=''
DX_EGREP=''
DX_ENV=' SRCDIR='\''.'\'' PROJECT='\''libxdg-basedir'\'' DOCDIR='\''doc'\'' VERSION='\''1.2.0'\'' HAVE_DOT='\''NO'\'' GENERATE_MAN='\''NO'\'' GENERATE_RTF='\''NO'\'' GENERATE_XML='\''NO'\'' GENERATE_HTMLHELP='\''NO'\'' GENERATE_CHI='\''NO'\'' GENERATE_HTML='\''NO'\'' GENERATE_LATEX='\''NO'\'''
DX_FLAG_chi='0'
DX_FLAG_chm='0'
DX_FLAG_doc='0'
DX_FLAG_dot='0'
DX_FLAG_html='0'
DX_FLAG_man='0'
DX_FLAG_pdf='0'
DX_FLAG_ps='0'
DX_FLAG_rtf='0'
DX_FLAG_xml='0'
DX_HHC=''
DX_LATEX=''
DX_MAKEINDEX=''
DX_PDFLATEX=''
DX_PERL='/usr/local/bin/perl'
DX_PROJECT='libxdg-basedir'
ECHO_C=''
ECHO_N='-n'
ECHO_T=''
EGREP='/bin/grep -E'
EXEEXT=''
FGREP='/bin/grep -F'
GREP='/bin/grep'
INSTALL_DATA='${INSTALL} -m 644'
INSTALL_PROGRAM='${INSTALL}'
INSTALL_SCRIPT='${INSTALL}'
INSTALL_STRIP_PROGRAM='$(install_sh) -c -s'
LD='/usr/bin/ld'
LDFLAGS=''
LDFLAGS_NOUNDEFINED=''
LIBOBJS=' ${LIBOBJDIR}malloc$U.o ${LIBOBJDIR}realloc$U.o'
LIBS=''
LIBTOOL='$(SHELL) $(top_builddir)/libtool'
LIPO='lipo'
LN_S='ln -s'
LTLIBOBJS=' ${LIBOBJDIR}malloc$U.lo ${LIBOBJDIR}realloc$U.lo'
MAKEINFO='${SHELL} /home/chris/libxdg-basedir-1.2.0/missing --run makeinfo'
MANIFEST_TOOL=':'
MKDIR_P='/bin/mkdir -p'
NM='/usr/bin/nm -p'
NMEDIT='nmedit'
OBJDUMP='objdump'
OBJEXT='o'
OTOOL64='otool64'
OTOOL='otool'
PACKAGE='libxdg-basedir'
PACKAGE_BUGREPORT='mark.nevill@gmail.com'
PACKAGE_NAME='libxdg-basedir'
PACKAGE_STRING='libxdg-basedir 1.2.0'
PACKAGE_TARNAME='libxdg-basedir'
PACKAGE_URL=''
PACKAGE_VERSION='1.2.0'
PATH_SEPARATOR=':'
RANLIB='ranlib'
SED='/bin/sed'
SET_MAKE=''
SHELL='/bin/sh'
STRIP='strip'
VERSION='1.2.0'
ac_ct_AR='ar'
ac_ct_CC='/usr/bin/gcc'
ac_ct_DUMPBIN=''
am__EXEEXT_FALSE=''
am__EXEEXT_TRUE='#'
am__fastdepCC_FALSE='#'
am__fastdepCC_TRUE=''
am__include='include'
am__isrc=''
am__leading_dot='.'
am__quote=''
am__tar='${AMTAR} chof - "$$tardir"'
am__untar='${AMTAR} xf -'
bindir='${exec_prefix}/bin'
build='arm-apple-darwin11.0.0'
build_alias=''
build_cpu='arm'
build_os='darwin11.0.0'
build_vendor='apple'
datadir='${datarootdir}'
datarootdir='${prefix}/share'
docdir='${datarootdir}/doc/${PACKAGE_TARNAME}'
dvidir='${docdir}'
exec_prefix='${prefix}'
host='arm-apple-darwin11.0.0'
host_alias=''
host_cpu='arm'
host_os='darwin11.0.0'
host_vendor='apple'
htmldir='${docdir}'
includedir='${prefix}/include'
infodir='${datarootdir}/info'
install_sh='${SHELL} /home/chris/libxdg-basedir-1.2.0/install-sh'
libdir='${exec_prefix}/lib'
libexecdir='${exec_prefix}/libexec'
localedir='${datarootdir}/locale'
localstatedir='${prefix}/var'
mandir='${datarootdir}/man'
mkdir_p='/bin/mkdir -p'
oldincludedir='/usr/include'
pdfdir='${docdir}'
prefix='/usr/local'
program_transform_name='s,x,x,'
psdir='${docdir}'
sbindir='${exec_prefix}/sbin'
sharedstatedir='${prefix}/com'
sysconfdir='${prefix}/etc'
target_alias=''

## ----------- ##
## confdefs.h. ##
## ----------- ##

/* confdefs.h */
#define PACKAGE_NAME "libxdg-basedir"
#define PACKAGE_TARNAME "libxdg-basedir"
#define PACKAGE_VERSION "1.2.0"
#define PACKAGE_STRING "libxdg-basedir 1.2.0"
#define PACKAGE_BUGREPORT "mark.nevill@gmail.com"
#define PACKAGE_URL ""
#define PACKAGE "libxdg-basedir"
#define VERSION "1.2.0"
#define HAVE_SYS_TYPES_H 1
#define HAVE_SYS_STAT_H 1
#define HAVE_STDLIB_H 1
#define HAVE_STRING_H 1
#define HAVE_MEMORY_H 1
#define HAVE_STRINGS_H 1
#define HAVE_INTTYPES_H 1
#define HAVE_STDINT_H 1
#define HAVE_UNISTD_H 1
#define HAVE_DLFCN_H 1
#define LT_OBJDIR ".libs/"
#define HAVE_STDLIB_H 1
#define HAVE_STRING_H 1
#define HAVE_STRINGS_H 1
#define HAVE_MEMORY_H 1
#define HAVE_ERRNO_H 1
#define HAVE_SYS_STAT_H 1
#define HAVE__BOOL 1
#define HAVE_STDBOOL_H 1
#define HAVE_STDLIB_H 1
#define HAVE_MALLOC 0
#define malloc rpl_malloc
#define HAVE_STDLIB_H 1
#define HAVE_REALLOC 0
#define realloc rpl_realloc
#define HAVE_MEMSET 1
#define HAVE_STRCPY 1
#define HAVE_STRNCPY 1
#define HAVE_BCOPY 1
#define HAVE_BZERO 1
#define HAVE_GETENV 1
#define HAVE_MKDIR 1
#define HAVE_STRDUP 1

configure: exit 0
