This file contains any messages produced by compilers while
running configure, to aid debugging if configure makes a mistake.

It was created by FreeType configure 2.4.7, which was
generated by GNU Autoconf 2.68.  Invocation command line was

  $ ./configure 

## --------- ##
## Platform. ##
## --------- ##

hostname = Chriss-iPad
uname -m = iPad1,1
uname -r = 10.4.0
uname -s = Darwin
uname -v = Darwin Kernel Version 10.4.0: Wed Oct 20 20:14:45 PDT 2010; root:xnu-1504.58.28~3/RELEASE_ARM_S5L8930X

/usr/bin/uname -p = unknown
/bin/uname -X     = unknown

/bin/arch              = unknown
/usr/bin/arch -k       = unknown
/usr/convex/getsysinfo = unknown
/usr/bin/hostinfo      = Mach kernel version:
	 Darwin Kernel Version 10.4.0: Wed Oct 20 20:14:45 PDT 2010; root:xnu-1504.58.28~3/RELEASE_ARM_S5L8930X
Kernel configured for a single processor only.
1 processor is physically available.
1 processor is logically available.
Processor type: armv7 (arm v7)
Processor active: 0
Primary memory available: 247.00 megabytes
Default processor set: 46 tasks, 255 threads, 1 processors
Load average: 2.47, Mach factor: 0.24
/bin/machine           = unknown
/usr/bin/oslevel       = unknown
/bin/universe          = unknown

PATH: /usr/local/sbin
PATH: /usr/local/bin
PATH: /usr/sbin
PATH: /usr/bin
PATH: /sbin
PATH: /bin
PATH: /usr/bin/X11
PATH: /usr/games
PATH: /var/mobile/ocaml-3.12.0/bin


## ----------- ##
## Core tests. ##
## ----------- ##

configure:2458: checking build system type
configure:2472: result: arm-apple-darwin10.4.0
configure:2492: checking host system type
configure:2505: result: arm-apple-darwin10.4.0
configure:2577: checking for gcc
configure:2604: result: /usr/bin/gcc
configure:2833: checking for C compiler version
configure:2842: /usr/bin/gcc --version >&5
gcc (GCC) 4.2.1 (Based on Apple Inc. build 5555)
Copyright (C) 2007 Free Software Foundation, Inc.
This is free software; see the source for copying conditions.  There is NO
warranty; not even for MERCHANTABILITY or FITNESS FOR A PARTICULAR PURPOSE.

configure:2853: $? = 0
configure:2842: /usr/bin/gcc -v >&5
Using built-in specs.
Target: arm-apple-darwin9
Configured with: ../llvm-gcc-4.2/configure --build=x86_64-unknown-linux-gnu --host=arm-apple-darwin9 --enable-static=no --enable-shared=yes --prefix=/usr --localstatedir=/var/cache/iphone-gcc --enable-languages=c,c++,objc,obj-c++ --enable-wchar_t=no --with-gxx-include-dir=/usr/include/c++/4.0.0
Thread model: posix
gcc version 4.2.1 (Based on Apple Inc. build 5555)
configure:2853: $? = 0
configure:2842: /usr/bin/gcc -V >&5
gcc: '-V' option must have argument
configure:2853: $? = 1
configure:2842: /usr/bin/gcc -qversion >&5
gcc: no input files
configure:2853: $? = 1
configure:2873: checking whether the C compiler works
configure:2895: /usr/bin/gcc    conftest.c  >&5
configure:2899: $? = 0
configure:2947: result: yes
configure:2950: checking for C compiler default output file name
configure:2952: result: a.out
configure:2958: checking for suffix of executables
configure:2965: /usr/bin/gcc -o conftest    conftest.c  >&5
configure:2969: $? = 0
configure:2991: result: 
configure:3013: checking whether we are cross compiling
configure:3021: /usr/bin/gcc -o conftest    conftest.c  >&5
configure:3025: $? = 0
configure:3032: ./conftest
configure:3036: $? = 0
configure:3051: result: no
configure:3056: checking for suffix of object files
configure:3078: /usr/bin/gcc -c   conftest.c >&5
configure:3082: $? = 0
configure:3103: result: o
configure:3107: checking whether we are using the GNU C compiler
configure:3126: /usr/bin/gcc -c   conftest.c >&5
configure:3126: $? = 0
configure:3135: result: yes
configure:3144: checking whether /usr/bin/gcc accepts -g
configure:3164: /usr/bin/gcc -c -g  conftest.c >&5
configure:3164: $? = 0
configure:3205: result: yes
configure:3222: checking for /usr/bin/gcc option to accept ISO C89
configure:3286: /usr/bin/gcc  -c -g -O2  conftest.c >&5
configure:3286: $? = 0
configure:3299: result: none needed
configure:3324: checking how to run the C preprocessor
configure:3355: /usr/bin/gcc -E  conftest.c
configure:3355: $? = 0
configure:3369: /usr/bin/gcc -E  conftest.c
conftest.c:9:28: error: ac_nonexistent.h: No such file or directory
configure:3369: $? = 1
configure: failed program was:
| /* confdefs.h */
| #define PACKAGE_NAME "FreeType"
| #define PACKAGE_TARNAME "freetype"
| #define PACKAGE_VERSION "2.4.7"
| #define PACKAGE_STRING "FreeType 2.4.7"
| #define PACKAGE_BUGREPORT "freetype@nongnu.org"
| #define PACKAGE_URL ""
| /* end confdefs.h.  */
| #include <ac_nonexistent.h>
configure:3394: result: /usr/bin/gcc -E
configure:3414: /usr/bin/gcc -E  conftest.c
configure:3414: $? = 0
configure:3428: /usr/bin/gcc -E  conftest.c
conftest.c:9:28: error: ac_nonexistent.h: No such file or directory
configure:3428: $? = 1
configure: failed program was:
| /* confdefs.h */
| #define PACKAGE_NAME "FreeType"
| #define PACKAGE_TARNAME "freetype"
| #define PACKAGE_VERSION "2.4.7"
| #define PACKAGE_STRING "FreeType 2.4.7"
| #define PACKAGE_BUGREPORT "freetype@nongnu.org"
| #define PACKAGE_URL ""
| /* end confdefs.h.  */
| #include <ac_nonexistent.h>
configure:3644: checking for rm
configure:3660: found /bin/rm
configure:3671: result: rm -f
configure:3681: checking for rmdir
configure:3697: found /bin/rmdir
configure:3708: result: rmdir
configure:3736: checking for a BSD-compatible install
configure:3804: result: /usr/bin/install -c
configure:3828: checking for grep that handles long lines and -e
configure:3886: result: /bin/grep
configure:3891: checking for egrep
configure:3953: result: /bin/grep -E
configure:3958: checking for ANSI C header files
configure:3978: /usr/bin/gcc -c -g -O2  conftest.c >&5
configure:3978: $? = 0
configure:4051: /usr/bin/gcc -o conftest -g -O2   conftest.c  >&5
configure:4051: $? = 0
configure:4051: ./conftest
configure:4051: $? = 0
configure:4062: result: yes
configure:4075: checking for sys/types.h
configure:4075: /usr/bin/gcc -c -g -O2  conftest.c >&5
configure:4075: $? = 0
configure:4075: result: yes
configure:4075: checking for sys/stat.h
configure:4075: /usr/bin/gcc -c -g -O2  conftest.c >&5
configure:4075: $? = 0
configure:4075: result: yes
configure:4075: checking for stdlib.h
configure:4075: /usr/bin/gcc -c -g -O2  conftest.c >&5
configure:4075: $? = 0
configure:4075: result: yes
configure:4075: checking for string.h
configure:4075: /usr/bin/gcc -c -g -O2  conftest.c >&5
configure:4075: $? = 0
configure:4075: result: yes
configure:4075: checking for memory.h
configure:4075: /usr/bin/gcc -c -g -O2  conftest.c >&5
configure:4075: $? = 0
configure:4075: result: yes
configure:4075: checking for strings.h
configure:4075: /usr/bin/gcc -c -g -O2  conftest.c >&5
configure:4075: $? = 0
configure:4075: result: yes
configure:4075: checking for inttypes.h
configure:4075: /usr/bin/gcc -c -g -O2  conftest.c >&5
configure:4075: $? = 0
configure:4075: result: yes
configure:4075: checking for stdint.h
configure:4075: /usr/bin/gcc -c -g -O2  conftest.c >&5
configure:4075: $? = 0
configure:4075: result: yes
configure:4075: checking for unistd.h
configure:4075: /usr/bin/gcc -c -g -O2  conftest.c >&5
configure:4075: $? = 0
configure:4075: result: yes
configure:4090: checking fcntl.h usability
configure:4090: /usr/bin/gcc -c -g -O2  conftest.c >&5
configure:4090: $? = 0
configure:4090: result: yes
configure:4090: checking fcntl.h presence
configure:4090: /usr/bin/gcc -E  conftest.c
configure:4090: $? = 0
configure:4090: result: yes
configure:4090: checking for fcntl.h
configure:4090: result: yes
configure:4090: checking for unistd.h
configure:4090: result: yes
configure:4104: checking for an ANSI C-conforming const
configure:4169: /usr/bin/gcc -c -g -O2  conftest.c >&5
configure:4169: $? = 0
configure:4176: result: yes
configure:4188: checking size of int
configure:4193: /usr/bin/gcc -o conftest -g -O2   conftest.c  >&5
configure:4193: $? = 0
configure:4193: ./conftest
configure:4193: $? = 0
configure:4207: result: 4
configure:4221: checking size of long
configure:4226: /usr/bin/gcc -o conftest -g -O2   conftest.c  >&5
configure:4226: $? = 0
configure:4226: ./conftest
configure:4226: $? = 0
configure:4240: result: 4
configure:4254: checking cpp computation of bit length in ftconfig.in works
configure:4305: result: yes
configure:4342: checking for stdlib.h
configure:4342: result: yes
configure:4342: checking for unistd.h
configure:4342: result: yes
configure:4342: checking for sys/param.h
configure:4342: /usr/bin/gcc -c -g -O2  conftest.c >&5
configure:4342: $? = 0
configure:4342: result: yes
configure:4362: checking for getpagesize
configure:4362: /usr/bin/gcc -o conftest -g -O2   conftest.c  >&5
configure:4362: $? = 0
configure:4362: result: yes
configure:4371: checking for working mmap
configure:4518: /usr/bin/gcc -o conftest -g -O2   conftest.c  >&5
configure:4518: $? = 0
configure:4518: ./conftest
configure:4518: $? = 0
configure:4528: result: yes
configure:4544: checking whether munmap is declared
configure:4544: /usr/bin/gcc -c -g -O2  conftest.c >&5
configure:4544: $? = 0
configure:4544: result: yes
configure:4564: checking for munmap's first parameter type
configure:4578: /usr/bin/gcc -c -g -O2  conftest.c >&5
configure:4578: $? = 0
configure:4579: result: void *
configure:4596: checking for memcpy
configure:4596: /usr/bin/gcc -o conftest -g -O2   conftest.c  >&5
conftest.c:53: warning: conflicting types for built-in function 'memcpy'
configure:4596: $? = 0
configure:4596: result: yes
configure:4596: checking for memmove
configure:4596: /usr/bin/gcc -o conftest -g -O2   conftest.c  >&5
conftest.c:54: warning: conflicting types for built-in function 'memmove'
configure:4596: $? = 0
configure:4596: result: yes
configure:4617: checking for gzsetparams in -lz
configure:4642: /usr/bin/gcc -o conftest -g -O2   conftest.c -lz   >&5
configure:4642: $? = 0
configure:4651: result: yes
configure:4654: checking zlib.h usability
configure:4654: /usr/bin/gcc -c -g -O2  conftest.c >&5
configure:4654: $? = 0
configure:4654: result: yes
configure:4654: checking zlib.h presence
configure:4654: /usr/bin/gcc -E  conftest.c
configure:4654: $? = 0
configure:4654: result: yes
configure:4654: checking for zlib.h
configure:4654: result: yes
configure:4679: checking for BZ2_bzDecompress in -lbz2
configure:4704: /usr/bin/gcc -o conftest -g -O2 -DFT_CONFIG_OPTION_SYSTEM_ZLIB   -lz conftest.c -lbz2   >&5
ld: library not found for -lbz2
collect2: ld returned 1 exit status
configure:4704: $? = 1
configure: failed program was:
| /* confdefs.h */
| #define PACKAGE_NAME "FreeType"
| #define PACKAGE_TARNAME "freetype"
| #define PACKAGE_VERSION "2.4.7"
| #define PACKAGE_STRING "FreeType 2.4.7"
| #define PACKAGE_BUGREPORT "freetype@nongnu.org"
| #define PACKAGE_URL ""
| #define STDC_HEADERS 1
| #define HAVE_SYS_TYPES_H 1
| #define HAVE_SYS_STAT_H 1
| #define HAVE_STDLIB_H 1
| #define HAVE_STRING_H 1
| #define HAVE_MEMORY_H 1
| #define HAVE_STRINGS_H 1
| #define HAVE_INTTYPES_H 1
| #define HAVE_STDINT_H 1
| #define HAVE_UNISTD_H 1
| #define HAVE_FCNTL_H 1
| #define HAVE_UNISTD_H 1
| #define SIZEOF_INT 4
| #define SIZEOF_LONG 4
| #define HAVE_STDLIB_H 1
| #define HAVE_UNISTD_H 1
| #define HAVE_SYS_PARAM_H 1
| #define HAVE_GETPAGESIZE 1
| #define HAVE_MMAP 1
| #define HAVE_DECL_MUNMAP 1
| #define MUNMAP_USES_VOIDP /**/
| #define HAVE_MEMCPY 1
| #define HAVE_MEMMOVE 1
| /* end confdefs.h.  */
| 
| /* Override any GCC internal prototype to avoid an error.
|    Use char because int might match the return type of a GCC
|    builtin and then its argument prototype would still apply.  */
| #ifdef __cplusplus
| extern "C"
| #endif
| char BZ2_bzDecompress ();
| int
| main ()
| {
| return BZ2_bzDecompress ();
|   ;
|   return 0;
| }
configure:4713: result: no
configure:5365: checking how to print strings
configure:5392: result: printf
configure:5413: checking for a sed that does not truncate output
configure:5477: result: /bin/sed
configure:5495: checking for fgrep
configure:5557: result: /bin/grep -F
configure:5592: checking for ld used by /usr/bin/gcc
configure:5659: result: /usr/bin/ld
configure:5666: checking if the linker (/usr/bin/ld) is GNU ld
configure:5681: result: no
configure:5693: checking for BSD- or MS-compatible name lister (nm)
configure:5742: result: /usr/bin/nm -p
configure:5872: checking the name lister (/usr/bin/nm -p) interface
configure:5879: /usr/bin/gcc -c -g -O2 -DFT_CONFIG_OPTION_SYSTEM_ZLIB -DDARWIN_NO_CARBON  conftest.c >&5
configure:5882: /usr/bin/nm -p "conftest.o"
configure:5885: output
00000000 D _some_variable
configure:5892: result: BSD nm
configure:5895: checking whether ln -s works
configure:5899: result: yes
configure:5907: checking the maximum length of command line arguments
configure:6032: result: 196608
configure:6049: checking whether the shell understands some XSI constructs
configure:6059: result: yes
configure:6063: checking whether the shell understands "+="
configure:6069: result: yes
configure:6104: checking how to convert arm-apple-darwin10.4.0 file names to arm-apple-darwin10.4.0 format
configure:6144: result: func_convert_file_noop
configure:6151: checking how to convert arm-apple-darwin10.4.0 file names to toolchain format
configure:6171: result: func_convert_file_noop
configure:6178: checking for /usr/bin/ld option to reload object files
configure:6185: result: -r
configure:6259: checking for objdump
configure:6275: found /usr/bin/objdump
configure:6286: result: objdump
configure:6315: checking how to recognize dependent libraries
configure:6517: result: pass_all
configure:6602: checking for dlltool
configure:6632: result: no
configure:6659: checking how to associate runtime and link libraries
configure:6686: result: printf %s\n
configure:6746: checking for ar
configure:6762: found /usr/bin/ar
configure:6773: result: ar
configure:6810: checking for archiver @FILE support
configure:6827: /usr/bin/gcc -c -g -O2 -DFT_CONFIG_OPTION_SYSTEM_ZLIB -DDARWIN_NO_CARBON  conftest.c >&5
configure:6827: $? = 0
configure:6830: ar cru libconftest.a @conftest.lst >&5
ar: @conftest.lst: No such file or directory
configure:6833: $? = 1
configure:6853: result: no
configure:6911: checking for strip
configure:6927: found /usr/bin/strip
configure:6938: result: strip
configure:7010: checking for ranlib
configure:7026: found /usr/bin/ranlib
configure:7037: result: ranlib
configure:7114: checking for gawk
configure:7130: found /usr/bin/gawk
configure:7141: result: gawk
configure:7181: checking command to parse /usr/bin/nm -p output from /usr/bin/gcc object
configure:7300: /usr/bin/gcc -c -g -O2 -DFT_CONFIG_OPTION_SYSTEM_ZLIB -DDARWIN_NO_CARBON  conftest.c >&5
configure:7303: $? = 0
configure:7307: /usr/bin/nm -p conftest.o \| sed -n -e 's/^.*[ ]\([BCDEGRST][BCDEGRST]*\)[ ][ ]*\([_A-Za-z][_A-Za-z0-9]*\)$/\1 \2 \2/p' | sed '/ __gnu_lto/d' \> conftest.nm
configure:7310: $? = 0
cannot find nm_test_var in conftest.nm
configure:7300: /usr/bin/gcc -c -g -O2 -DFT_CONFIG_OPTION_SYSTEM_ZLIB -DDARWIN_NO_CARBON  conftest.c >&5
configure:7303: $? = 0
configure:7307: /usr/bin/nm -p conftest.o \| sed -n -e 's/^.*[ ]\([BCDEGRST][BCDEGRST]*\)[ ][ ]*_\([_A-Za-z][_A-Za-z0-9]*\)$/\1 _\2 \2/p' | sed '/ __gnu_lto/d' \> conftest.nm
configure:7310: $? = 0
configure:7376: /usr/bin/gcc -o conftest -g -O2 -DFT_CONFIG_OPTION_SYSTEM_ZLIB -DDARWIN_NO_CARBON   -lz conftest.c conftstm.o >&5
configure:7379: $? = 0
configure:7417: result: ok
configure:7454: checking for sysroot
configure:7484: result: no
configure:7727: checking for mt
configure:7757: result: no
configure:7777: checking if : is a manifest tool
configure:7783: : '-?'
configure:7791: result: no
configure:7847: checking for dsymutil
configure:7877: result: no
configure:7939: checking for nmedit
configure:7955: found /usr/bin/nmedit
configure:7966: result: nmedit
configure:8031: checking for lipo
configure:8047: found /usr/bin/lipo
configure:8058: result: lipo
configure:8123: checking for otool
configure:8139: found /usr/bin/otool
configure:8150: result: otool
configure:8215: checking for otool64
configure:8231: found /usr/bin/otool64
configure:8242: result: otool64
configure:8290: checking for -single_module linker flag
/usr/bin/gcc -g -O2 -DFT_CONFIG_OPTION_SYSTEM_ZLIB -DDARWIN_NO_CARBON  -lz -o libconftest.dylib -dynamiclib -Wl,-single_module conftest.c
configure:8317: result: yes
configure:8319: checking for -exported_symbols_list linker flag
configure:8339: /usr/bin/gcc -o conftest -g -O2 -DFT_CONFIG_OPTION_SYSTEM_ZLIB -DDARWIN_NO_CARBON   -lz -Wl,-exported_symbols_list,conftest.sym conftest.c  >&5
configure:8339: $? = 0
configure:8349: result: yes
configure:8351: checking for -force_load linker flag
/usr/bin/gcc -g -O2 -DFT_CONFIG_OPTION_SYSTEM_ZLIB -DDARWIN_NO_CARBON -c -o conftest.o conftest.c
ar cru libconftest.a conftest.o
ranlib libconftest.a
/usr/bin/gcc -g -O2 -DFT_CONFIG_OPTION_SYSTEM_ZLIB -DDARWIN_NO_CARBON  -lz -o conftest conftest.c -Wl,-force_load,./libconftest.a
ld: unknown option: -force_load
collect2: ld returned 1 exit status
configure:8381: result: no
configure:8420: checking for dlfcn.h
configure:8420: /usr/bin/gcc -c -g -O2 -DFT_CONFIG_OPTION_SYSTEM_ZLIB -DDARWIN_NO_CARBON  conftest.c >&5
configure:8420: $? = 0
configure:8420: result: yes
configure:8905: checking for objdir
configure:8920: result: .libs
configure:9187: checking if /usr/bin/gcc supports -fno-rtti -fno-exceptions
configure:9205: /usr/bin/gcc -c -g -O2 -DFT_CONFIG_OPTION_SYSTEM_ZLIB -DDARWIN_NO_CARBON  -fno-rtti -fno-exceptions conftest.c >&5
cc1: warning: command line option "-fno-rtti" is valid for C++/ObjC++ but not for C
configure:9209: $? = 0
configure:9222: result: no
configure:9532: checking for /usr/bin/gcc option to produce PIC
configure:9539: result: -fno-common -DPIC
configure:9547: checking if /usr/bin/gcc PIC flag -fno-common -DPIC works
configure:9565: /usr/bin/gcc -c -g -O2 -DFT_CONFIG_OPTION_SYSTEM_ZLIB -DDARWIN_NO_CARBON  -fno-common -DPIC -DPIC conftest.c >&5
configure:9569: $? = 0
configure:9582: result: yes
configure:9611: checking if /usr/bin/gcc static flag -static works
configure:9639: result: no
configure:9654: checking if /usr/bin/gcc supports -c -o file.o
configure:9675: /usr/bin/gcc -c -g -O2 -DFT_CONFIG_OPTION_SYSTEM_ZLIB -DDARWIN_NO_CARBON  -o out/conftest2.o conftest.c >&5
configure:9679: $? = 0
configure:9701: result: yes
configure:9709: checking if /usr/bin/gcc supports -c -o file.o
configure:9756: result: yes
configure:9789: checking whether the /usr/bin/gcc linker (/usr/bin/ld) supports shared libraries
configure:10947: result: yes
configure:11192: checking dynamic linker characteristics
configure:11928: result: darwin10.4.0 dyld
configure:12035: checking how to hardcode library paths into programs
configure:12060: result: immediate
configure:12600: checking whether stripping libraries is possible
configure:12614: result: yes
configure:12640: checking if libtool supports shared libraries
configure:12642: result: yes
configure:12645: checking whether to build shared libraries
configure:12666: result: yes
configure:12669: checking whether to build static libraries
configure:12673: result: yes
configure:12846: creating ./config.status

## ---------------------- ##
## Running config.status. ##
## ---------------------- ##

This file was extended by FreeType config.status 2.4.7, which was
generated by GNU Autoconf 2.68.  Invocation command line was

  CONFIG_FILES    = 
  CONFIG_HEADERS  = 
  CONFIG_LINKS    = 
  CONFIG_COMMANDS = 
  $ ./config.status 

on Chriss-iPad

config.status:1085: creating unix-cc.mk
config.status:1085: creating unix-def.mk
config.status:1085: creating freetype-config
config.status:1085: creating freetype2.pc
config.status:1085: creating ftconfig.h
config.status:1274: executing libtool commands

## ---------------- ##
## Cache variables. ##
## ---------------- ##

ac_cv_build=arm-apple-darwin10.4.0
ac_cv_c_compiler_gnu=yes
ac_cv_c_const=yes
ac_cv_env_CC_set=set
ac_cv_env_CC_value=/usr/bin/gcc
ac_cv_env_CFLAGS_set=
ac_cv_env_CFLAGS_value=
ac_cv_env_CPPFLAGS_set=
ac_cv_env_CPPFLAGS_value=
ac_cv_env_CPP_set=
ac_cv_env_CPP_value=
ac_cv_env_LDFLAGS_set=
ac_cv_env_LDFLAGS_value=
ac_cv_env_LIBS_set=
ac_cv_env_LIBS_value=
ac_cv_env_build_alias_set=
ac_cv_env_build_alias_value=
ac_cv_env_host_alias_set=
ac_cv_env_host_alias_value=
ac_cv_env_target_alias_set=
ac_cv_env_target_alias_value=
ac_cv_func_getpagesize=yes
ac_cv_func_memcpy=yes
ac_cv_func_memmove=yes
ac_cv_func_mmap_fixed_mapped=yes
ac_cv_have_decl_munmap=yes
ac_cv_header_dlfcn_h=yes
ac_cv_header_fcntl_h=yes
ac_cv_header_inttypes_h=yes
ac_cv_header_memory_h=yes
ac_cv_header_stdc=yes
ac_cv_header_stdint_h=yes
ac_cv_header_stdlib_h=yes
ac_cv_header_string_h=yes
ac_cv_header_strings_h=yes
ac_cv_header_sys_param_h=yes
ac_cv_header_sys_stat_h=yes
ac_cv_header_sys_types_h=yes
ac_cv_header_unistd_h=yes
ac_cv_header_zlib_h=yes
ac_cv_host=arm-apple-darwin10.4.0
ac_cv_lib_bz2_BZ2_bzDecompress=no
ac_cv_lib_z_gzsetparams=yes
ac_cv_objext=o
ac_cv_path_EGREP='/bin/grep -E'
ac_cv_path_FGREP='/bin/grep -F'
ac_cv_path_GREP=/bin/grep
ac_cv_path_SED=/bin/sed
ac_cv_path_install='/usr/bin/install -c'
ac_cv_prog_AWK=gawk
ac_cv_prog_CPP='/usr/bin/gcc -E'
ac_cv_prog_RMDIR=rmdir
ac_cv_prog_RMF='rm -f'
ac_cv_prog_ac_ct_AR=ar
ac_cv_prog_ac_ct_CC=/usr/bin/gcc
ac_cv_prog_ac_ct_LIPO=lipo
ac_cv_prog_ac_ct_NMEDIT=nmedit
ac_cv_prog_ac_ct_OBJDUMP=objdump
ac_cv_prog_ac_ct_OTOOL64=otool64
ac_cv_prog_ac_ct_OTOOL=otool
ac_cv_prog_ac_ct_RANLIB=ranlib
ac_cv_prog_ac_ct_STRIP=strip
ac_cv_prog_cc_c89=
ac_cv_prog_cc_g=yes
ac_cv_sizeof_int=4
ac_cv_sizeof_long=4
lt_cv_apple_cc_single_mod=yes
lt_cv_ar_at_file=no
lt_cv_deplibs_check_method=pass_all
lt_cv_file_magic_cmd='$MAGIC_CMD'
lt_cv_file_magic_test_file=
lt_cv_ld_exported_symbols_list=yes
lt_cv_ld_force_load=no
lt_cv_ld_reload_flag=-r
lt_cv_nm_interface='BSD nm'
lt_cv_objdir=.libs
lt_cv_path_LD=/usr/bin/ld
lt_cv_path_NM='/usr/bin/nm -p'
lt_cv_path_mainfest_tool=no
lt_cv_prog_compiler_c_o=yes
lt_cv_prog_compiler_pic='-fno-common -DPIC'
lt_cv_prog_compiler_pic_works=yes
lt_cv_prog_compiler_rtti_exceptions=no
lt_cv_prog_compiler_static_works=no
lt_cv_prog_gnu_ld=no
lt_cv_sharedlib_from_linklib_cmd='printf %s\n'
lt_cv_sys_global_symbol_pipe='sed -n -e '\''s/^.*[	 ]\([BCDEGRST][BCDEGRST]*\)[	 ][	 ]*_\([_A-Za-z][_A-Za-z0-9]*\)$/\1 _\2 \2/p'\'' | sed '\''/ __gnu_lto/d'\'''
lt_cv_sys_global_symbol_to_c_name_address='sed -n -e '\''s/^: \([^ ]*\)[ ]*$/  {\"\1\", (void *) 0},/p'\'' -e '\''s/^[BCDEGRST]* \([^ ]*\) \([^ ]*\)$/  {"\2", (void *) \&\2},/p'\'''
lt_cv_sys_global_symbol_to_c_name_address_lib_prefix='sed -n -e '\''s/^: \([^ ]*\)[ ]*$/  {\"\1\", (void *) 0},/p'\'' -e '\''s/^[BCDEGRST]* \([^ ]*\) \(lib[^ ]*\)$/  {"\2", (void *) \&\2},/p'\'' -e '\''s/^[BCDEGRST]* \([^ ]*\) \([^ ]*\)$/  {"lib\2", (void *) \&\2},/p'\'''
lt_cv_sys_global_symbol_to_cdecl='sed -n -e '\''s/^T .* \(.*\)$/extern int \1();/p'\'' -e '\''s/^[BCDEGRST]* .* \(.*\)$/extern char \1;/p'\'''
lt_cv_sys_max_cmd_len=196608
lt_cv_to_host_file_cmd=func_convert_file_noop
lt_cv_to_tool_file_cmd=func_convert_file_noop

## ----------------- ##
## Output variables. ##
## ----------------- ##

AR='ar'
AS='as'
AWK='gawk'
CC='/usr/bin/gcc'
CC_BUILD='/usr/bin/gcc'
CFLAGS='-g -O2 -DFT_CONFIG_OPTION_SYSTEM_ZLIB -DDARWIN_NO_CARBON'
CPP='/usr/bin/gcc -E'
CPPFLAGS=''
DEFS='-DHAVE_CONFIG_H'
DLLTOOL='false'
DSYMUTIL=':'
DUMPBIN=''
ECHO_C=''
ECHO_N='-n'
ECHO_T=''
EGREP='/bin/grep -E'
EXEEXT=''
EXEEXT_BUILD=''
FGREP='/bin/grep -F'
FT2_EXTRA_LIBS=''
FTSYS_SRC='$(BUILD_DIR)/ftsystem.c'
GREP='/bin/grep'
INSTALL_DATA='${INSTALL} -m 644'
INSTALL_PROGRAM='${INSTALL}'
INSTALL_SCRIPT='${INSTALL}'
LD='/usr/bin/ld'
LDFLAGS=' -lz'
LIBBZ2=''
LIBOBJS=''
LIBS=''
LIBTOOL='$(SHELL) $(top_builddir)/libtool'
LIBZ='-lz'
LIPO='lipo'
LN_S='ln -s'
LTLIBOBJS=''
MANIFEST_TOOL=':'
NM='/usr/bin/nm -p'
NMEDIT='nmedit'
OBJDUMP='objdump'
OBJEXT='o'
OTOOL64='otool64'
OTOOL='otool'
PACKAGE_BUGREPORT='freetype@nongnu.org'
PACKAGE_NAME='FreeType'
PACKAGE_STRING='FreeType 2.4.7'
PACKAGE_TARNAME='freetype'
PACKAGE_URL=''
PACKAGE_VERSION='2.4.7'
PATH_SEPARATOR=':'
RANLIB='ranlib'
RMDIR='rmdir'
RMF='rm -f'
SED='/bin/sed'
SHELL='/bin/sh'
STRIP='strip'
SYSTEM_ZLIB='yes'
XX_ANSIFLAGS='-pedantic -ansi'
XX_CFLAGS='-Wall'
ac_ct_AR='ar'
ac_ct_CC='/usr/bin/gcc'
ac_ct_DUMPBIN=''
bindir='${exec_prefix}/bin'
build='arm-apple-darwin10.4.0'
build_alias=''
build_cpu='arm'
build_libtool_libs=''
build_os='darwin10.4.0'
build_vendor='apple'
datadir='${datarootdir}'
datarootdir='${prefix}/share'
docdir='${datarootdir}/doc/${PACKAGE_TARNAME}'
dvidir='${docdir}'
exec_prefix='${prefix}'
ft_version='13.2.7'
ftmac_c=''
hardcode_libdir_flag_spec=''
host='arm-apple-darwin10.4.0'
host_alias=''
host_cpu='arm'
host_os='darwin10.4.0'
host_vendor='apple'
htmldir='${docdir}'
includedir='${prefix}/include'
infodir='${datarootdir}/info'
libdir='${exec_prefix}/lib'
libexecdir='${exec_prefix}/libexec'
localedir='${datarootdir}/locale'
localstatedir='${prefix}/var'
mandir='${datarootdir}/man'
oldincludedir='/usr/include'
pdfdir='${docdir}'
prefix='/usr/local'
program_transform_name='s,x,x,'
psdir='${docdir}'
sbindir='${exec_prefix}/sbin'
sharedstatedir='${prefix}/com'
sysconfdir='${prefix}/etc'
target_alias=''
version_info='13:2:7'
wl='-Wl,'

## ----------- ##
## confdefs.h. ##
## ----------- ##

/* confdefs.h */
#define PACKAGE_NAME "FreeType"
#define PACKAGE_TARNAME "freetype"
#define PACKAGE_VERSION "2.4.7"
#define PACKAGE_STRING "FreeType 2.4.7"
#define PACKAGE_BUGREPORT "freetype@nongnu.org"
#define PACKAGE_URL ""
#define STDC_HEADERS 1
#define HAVE_SYS_TYPES_H 1
#define HAVE_SYS_STAT_H 1
#define HAVE_STDLIB_H 1
#define HAVE_STRING_H 1
#define HAVE_MEMORY_H 1
#define HAVE_STRINGS_H 1
#define HAVE_INTTYPES_H 1
#define HAVE_STDINT_H 1
#define HAVE_UNISTD_H 1
#define HAVE_FCNTL_H 1
#define HAVE_UNISTD_H 1
#define SIZEOF_INT 4
#define SIZEOF_LONG 4
#define HAVE_STDLIB_H 1
#define HAVE_UNISTD_H 1
#define HAVE_SYS_PARAM_H 1
#define HAVE_GETPAGESIZE 1
#define HAVE_MMAP 1
#define HAVE_DECL_MUNMAP 1
#define MUNMAP_USES_VOIDP /**/
#define HAVE_MEMCPY 1
#define HAVE_MEMMOVE 1
#define HAVE_DLFCN_H 1
#define LT_OBJDIR ".libs/"

configure: exit 0
