This file contains any messages produced by compilers while
running configure, to aid debugging if configure makes a mistake.

It was created by configure, which was
generated by GNU Autoconf 2.59.  Invocation command line was

  $ ./configure 

## --------- ##
## Platform. ##
## --------- ##

hostname = Chriss-iPad
uname -m = iPad1,1
uname -r = 10.4.0
uname -s = Darwin
uname -v = Darwin Kernel Version 10.4.0: Wed Oct 20 20:14:45 PDT 2010; root:xnu-1504.58.28~3/RELEASE_ARM_S5L8930X

/usr/bin/uname -p = unknown
/bin/uname -X     = unknown

/bin/arch              = unknown
/usr/bin/arch -k       = unknown
/usr/convex/getsysinfo = unknown
hostinfo               = Mach kernel version:
	 Darwin Kernel Version 10.4.0: Wed Oct 20 20:14:45 PDT 2010; root:xnu-1504.58.28~3/RELEASE_ARM_S5L8930X
Kernel configured for a single processor only.
1 processor is physically available.
1 processor is logically available.
Processor type: armv7 (arm v7)
Processor active: 0
Primary memory available: 247.00 megabytes
Default processor set: 35 tasks, 243 threads, 1 processors
Load average: 2.23, Mach factor: 0.21
/bin/machine           = unknown
/usr/bin/oslevel       = unknown
/bin/universe          = unknown

PATH: /usr/local/sbin
PATH: /usr/local/bin
PATH: /usr/sbin
PATH: /usr/bin
PATH: /sbin
PATH: /bin
PATH: /usr/bin/X11
PATH: /usr/games
PATH: /var/mobile/ocaml-3.12.0/bin


## ----------- ##
## Core tests. ##
## ----------- ##

configure:1552: checking for a BSD-compatible install
configure:1607: result: /usr/bin/install -c
configure:1618: checking whether build environment is sane
configure:1661: result: yes
configure:1685: WARNING: `missing' script is too old or missing
configure:1726: checking for gawk
configure:1742: found /usr/bin/gawk
configure:1752: result: gawk
configure:1762: checking whether make sets $(MAKE)
configure:1782: result: yes
configure:1964: checking for preferred libtoolize
configure:1966: result: libtoolize
configure:1968: checking for preferred aclocal
configure:1970: result: aclocal
configure:1972: checking for preferred autoconf
configure:1974: result: autoconf
configure:1976: checking for preferred autoheader
configure:1978: result: autoheader
configure:1980: checking for preferred automake
configure:1982: result: automake
configure:1999: checking build system type
configure:2017: result: arm-apple-darwin10.4.0
configure:2025: checking host system type
configure:2039: result: arm-apple-darwin10.4.0
configure:2047: checking target system type
configure:2061: result: arm-apple-darwin10.4.0
configure:2122: checking for gcc
configure:2148: result: /usr/bin/gcc
configure:2392: checking for C compiler version
configure:2395: /usr/bin/gcc --version </dev/null >&5
gcc (GCC) 4.2.1 (Based on Apple Inc. build 5555)
Copyright (C) 2007 Free Software Foundation, Inc.
This is free software; see the source for copying conditions.  There is NO
warranty; not even for MERCHANTABILITY or FITNESS FOR A PARTICULAR PURPOSE.

configure:2398: $? = 0
configure:2400: /usr/bin/gcc -v </dev/null >&5
Using built-in specs.
Target: arm-apple-darwin9
Configured with: ../llvm-gcc-4.2/configure --build=x86_64-unknown-linux-gnu --host=arm-apple-darwin9 --enable-static=no --enable-shared=yes --prefix=/usr --localstatedir=/var/cache/iphone-gcc --enable-languages=c,c++,objc,obj-c++ --enable-wchar_t=no --with-gxx-include-dir=/usr/include/c++/4.0.0
Thread model: posix
gcc version 4.2.1 (Based on Apple Inc. build 5555)
configure:2403: $? = 0
configure:2405: /usr/bin/gcc -V </dev/null >&5
gcc: '-V' option must have argument
configure:2408: $? = 1
configure:2431: checking for C compiler default output file name
configure:2434: /usr/bin/gcc    conftest.c  >&5
configure:2437: $? = 0
configure:2483: result: a.out
configure:2488: checking whether the C compiler works
configure:2494: ./a.out
configure:2497: $? = 0
configure:2514: result: yes
configure:2521: checking whether we are cross compiling
configure:2523: result: no
configure:2526: checking for suffix of executables
configure:2528: /usr/bin/gcc -o conftest    conftest.c  >&5
configure:2531: $? = 0
configure:2556: result: 
configure:2562: checking for suffix of object files
configure:2583: /usr/bin/gcc -c   conftest.c >&5
configure:2586: $? = 0
configure:2608: result: o
configure:2612: checking whether we are using the GNU C compiler
configure:2636: /usr/bin/gcc -c   conftest.c >&5
configure:2642: $? = 0
configure:2646: test -z 
			 || test ! -s conftest.err
configure:2649: $? = 0
configure:2652: test -s conftest.o
configure:2655: $? = 0
configure:2668: result: yes
configure:2674: checking whether /usr/bin/gcc accepts -g
configure:2695: /usr/bin/gcc -c -g  conftest.c >&5
configure:2701: $? = 0
configure:2705: test -z 
			 || test ! -s conftest.err
configure:2708: $? = 0
configure:2711: test -s conftest.o
configure:2714: $? = 0
configure:2725: result: yes
configure:2742: checking for /usr/bin/gcc option to accept ANSI C
configure:2812: /usr/bin/gcc  -c -g -O2  conftest.c >&5
configure:2818: $? = 0
configure:2822: test -z 
			 || test ! -s conftest.err
configure:2825: $? = 0
configure:2828: test -s conftest.o
configure:2831: $? = 0
configure:2849: result: none needed
configure:2867: /usr/bin/gcc -c -g -O2  conftest.c >&5
conftest.c:2: error: expected '=', ',', ';', 'asm' or '__attribute__' before 'me'
configure:2873: $? = 1
configure: failed program was:
| #ifndef __cplusplus
|   choke me
| #endif
configure:3017: checking for style of include used by make
configure:3045: result: GNU
configure:3073: checking dependency style of /usr/bin/gcc
configure:3163: result: gcc3
configure:3185: checking how to run the C preprocessor
configure:3220: /usr/bin/gcc -E  conftest.c
configure:3226: $? = 0
configure:3258: /usr/bin/gcc -E  conftest.c
conftest.c:13:28: error: ac_nonexistent.h: No such file or directory
configure:3264: $? = 1
configure: failed program was:
| /* confdefs.h.  */
| 
| #define PACKAGE_NAME ""
| #define PACKAGE_TARNAME ""
| #define PACKAGE_VERSION ""
| #define PACKAGE_STRING ""
| #define PACKAGE_BUGREPORT ""
| #define PACKAGE "libast"
| #define VERSION "0.7"
| #define LIBAST_VERSION "0.7"
| #define AUTHORS "Michael Jennings (mej@eterm.org)"
| /* end confdefs.h.  */
| #include <ac_nonexistent.h>
configure:3303: result: /usr/bin/gcc -E
configure:3327: /usr/bin/gcc -E  conftest.c
configure:3333: $? = 0
configure:3365: /usr/bin/gcc -E  conftest.c
conftest.c:13:28: error: ac_nonexistent.h: No such file or directory
configure:3371: $? = 1
configure: failed program was:
| /* confdefs.h.  */
| 
| #define PACKAGE_NAME ""
| #define PACKAGE_TARNAME ""
| #define PACKAGE_VERSION ""
| #define PACKAGE_STRING ""
| #define PACKAGE_BUGREPORT ""
| #define PACKAGE "libast"
| #define VERSION "0.7"
| #define LIBAST_VERSION "0.7"
| #define AUTHORS "Michael Jennings (mej@eterm.org)"
| /* end confdefs.h.  */
| #include <ac_nonexistent.h>
configure:3417: checking for egrep
configure:3427: result: grep -E
configure:3432: checking for ANSI C header files
configure:3457: /usr/bin/gcc -c -g -O2  conftest.c >&5
configure:3463: $? = 0
configure:3467: test -z 
			 || test ! -s conftest.err
configure:3470: $? = 0
configure:3473: test -s conftest.o
configure:3476: $? = 0
configure:3565: /usr/bin/gcc -o conftest -g -O2   conftest.c  >&5
conftest.c: In function 'main':
conftest.c:30: warning: incompatible implicit declaration of built-in function 'exit'
configure:3568: $? = 0
configure:3570: ./conftest
configure:3573: $? = 0
configure:3588: result: yes
configure:3612: checking for sys/types.h
configure:3628: /usr/bin/gcc -c -g -O2  conftest.c >&5
configure:3634: $? = 0
configure:3638: test -z 
			 || test ! -s conftest.err
configure:3641: $? = 0
configure:3644: test -s conftest.o
configure:3647: $? = 0
configure:3658: result: yes
configure:3612: checking for sys/stat.h
configure:3628: /usr/bin/gcc -c -g -O2  conftest.c >&5
configure:3634: $? = 0
configure:3638: test -z 
			 || test ! -s conftest.err
configure:3641: $? = 0
configure:3644: test -s conftest.o
configure:3647: $? = 0
configure:3658: result: yes
configure:3612: checking for stdlib.h
configure:3628: /usr/bin/gcc -c -g -O2  conftest.c >&5
configure:3634: $? = 0
configure:3638: test -z 
			 || test ! -s conftest.err
configure:3641: $? = 0
configure:3644: test -s conftest.o
configure:3647: $? = 0
configure:3658: result: yes
configure:3612: checking for string.h
configure:3628: /usr/bin/gcc -c -g -O2  conftest.c >&5
configure:3634: $? = 0
configure:3638: test -z 
			 || test ! -s conftest.err
configure:3641: $? = 0
configure:3644: test -s conftest.o
configure:3647: $? = 0
configure:3658: result: yes
configure:3612: checking for memory.h
configure:3628: /usr/bin/gcc -c -g -O2  conftest.c >&5
configure:3634: $? = 0
configure:3638: test -z 
			 || test ! -s conftest.err
configure:3641: $? = 0
configure:3644: test -s conftest.o
configure:3647: $? = 0
configure:3658: result: yes
configure:3612: checking for strings.h
configure:3628: /usr/bin/gcc -c -g -O2  conftest.c >&5
configure:3634: $? = 0
configure:3638: test -z 
			 || test ! -s conftest.err
configure:3641: $? = 0
configure:3644: test -s conftest.o
configure:3647: $? = 0
configure:3658: result: yes
configure:3612: checking for inttypes.h
configure:3628: /usr/bin/gcc -c -g -O2  conftest.c >&5
configure:3634: $? = 0
configure:3638: test -z 
			 || test ! -s conftest.err
configure:3641: $? = 0
configure:3644: test -s conftest.o
configure:3647: $? = 0
configure:3658: result: yes
configure:3612: checking for stdint.h
configure:3628: /usr/bin/gcc -c -g -O2  conftest.c >&5
configure:3634: $? = 0
configure:3638: test -z 
			 || test ! -s conftest.err
configure:3641: $? = 0
configure:3644: test -s conftest.o
configure:3647: $? = 0
configure:3658: result: yes
configure:3612: checking for unistd.h
configure:3628: /usr/bin/gcc -c -g -O2  conftest.c >&5
configure:3634: $? = 0
configure:3638: test -z 
			 || test ! -s conftest.err
configure:3641: $? = 0
configure:3644: test -s conftest.o
configure:3647: $? = 0
configure:3658: result: yes
configure:3742: checking for a sed that does not truncate output
configure:3796: result: /bin/sed
configure:3810: checking for ld used by /usr/bin/gcc
configure:3877: result: /usr/bin/ld
configure:3886: checking if the linker (/usr/bin/ld) is GNU ld
configure:3901: result: no
configure:3906: checking for /usr/bin/ld option to reload object files
configure:3913: result: -r
configure:3922: checking for BSD-compatible nm
configure:3964: result: /usr/bin/nm -p
configure:3968: checking whether ln -s works
configure:3972: result: yes
configure:3979: checking how to recognise dependent libraries
configure:4162: result: pass_all
configure:4384: checking dlfcn.h usability
configure:4396: /usr/bin/gcc -c -g -O2  conftest.c >&5
configure:4402: $? = 0
configure:4406: test -z 
			 || test ! -s conftest.err
configure:4409: $? = 0
configure:4412: test -s conftest.o
configure:4415: $? = 0
configure:4425: result: yes
configure:4429: checking dlfcn.h presence
configure:4439: /usr/bin/gcc -E  conftest.c
configure:4445: $? = 0
configure:4465: result: yes
configure:4500: checking for dlfcn.h
configure:4507: result: yes
configure:4572: checking for g++
configure:4588: found /usr/bin/g++
configure:4598: result: g++
configure:4614: checking for C++ compiler version
configure:4617: g++ --version </dev/null >&5
g++ (GCC) 4.2.1 (Based on Apple Inc. build 5555)
Copyright (C) 2007 Free Software Foundation, Inc.
This is free software; see the source for copying conditions.  There is NO
warranty; not even for MERCHANTABILITY or FITNESS FOR A PARTICULAR PURPOSE.

configure:4620: $? = 0
configure:4622: g++ -v </dev/null >&5
Using built-in specs.
Target: arm-apple-darwin9
Configured with: ../llvm-gcc-4.2/configure --build=x86_64-unknown-linux-gnu --host=arm-apple-darwin9 --enable-static=no --enable-shared=yes --prefix=/usr --localstatedir=/var/cache/iphone-gcc --enable-languages=c,c++,objc,obj-c++ --enable-wchar_t=no --with-gxx-include-dir=/usr/include/c++/4.0.0
Thread model: posix
gcc version 4.2.1 (Based on Apple Inc. build 5555)
configure:4625: $? = 0
configure:4627: g++ -V </dev/null >&5
g++: '-V' option must have argument
configure:4630: $? = 1
configure:4633: checking whether we are using the GNU C++ compiler
configure:4657: g++ -c   conftest.cc >&5
configure:4663: $? = 0
configure:4667: test -z 
			 || test ! -s conftest.err
configure:4670: $? = 0
configure:4673: test -s conftest.o
configure:4676: $? = 0
configure:4689: result: yes
configure:4695: checking whether g++ accepts -g
configure:4716: g++ -c -g  conftest.cc >&5
configure:4722: $? = 0
configure:4726: test -z 
			 || test ! -s conftest.err
configure:4729: $? = 0
configure:4732: test -s conftest.o
configure:4735: $? = 0
configure:4746: result: yes
configure:4788: g++ -c -g -O2  conftest.cc >&5
configure:4794: $? = 0
configure:4798: test -z 
			 || test ! -s conftest.err
configure:4801: $? = 0
configure:4804: test -s conftest.o
configure:4807: $? = 0
configure:4833: g++ -c -g -O2  conftest.cc >&5
conftest.cc: In function 'int main()':
conftest.cc:28: error: 'exit' was not declared in this scope
configure:4839: $? = 1
configure: failed program was:
| /* confdefs.h.  */
| 
| #define PACKAGE_NAME ""
| #define PACKAGE_TARNAME ""
| #define PACKAGE_VERSION ""
| #define PACKAGE_STRING ""
| #define PACKAGE_BUGREPORT ""
| #define PACKAGE "libast"
| #define VERSION "0.7"
| #define LIBAST_VERSION "0.7"
| #define AUTHORS "Michael Jennings (mej@eterm.org)"
| #define STDC_HEADERS 1
| #define HAVE_SYS_TYPES_H 1
| #define HAVE_SYS_STAT_H 1
| #define HAVE_STDLIB_H 1
| #define HAVE_STRING_H 1
| #define HAVE_MEMORY_H 1
| #define HAVE_STRINGS_H 1
| #define HAVE_INTTYPES_H 1
| #define HAVE_STDINT_H 1
| #define HAVE_UNISTD_H 1
| #define HAVE_DLFCN_H 1
| /* end confdefs.h.  */
| 
| int
| main ()
| {
| exit (42);
|   ;
|   return 0;
| }
configure:4788: g++ -c -g -O2  conftest.cc >&5
conftest.cc:24: error: 'void std::exit(int)' should have been declared inside 'std'
In file included from conftest.cc:25:
/home/chris/sdk2/stdlib.h:159: error: declaration of 'void std::exit(int)' throws different exceptions
conftest.cc:24: error: from previous declaration 'void std::exit(int) throw ()'
configure:4794: $? = 1
configure: failed program was:
| /* confdefs.h.  */
| 
| #define PACKAGE_NAME ""
| #define PACKAGE_TARNAME ""
| #define PACKAGE_VERSION ""
| #define PACKAGE_STRING ""
| #define PACKAGE_BUGREPORT ""
| #define PACKAGE "libast"
| #define VERSION "0.7"
| #define LIBAST_VERSION "0.7"
| #define AUTHORS "Michael Jennings (mej@eterm.org)"
| #define STDC_HEADERS 1
| #define HAVE_SYS_TYPES_H 1
| #define HAVE_SYS_STAT_H 1
| #define HAVE_STDLIB_H 1
| #define HAVE_STRING_H 1
| #define HAVE_MEMORY_H 1
| #define HAVE_STRINGS_H 1
| #define HAVE_INTTYPES_H 1
| #define HAVE_STDINT_H 1
| #define HAVE_UNISTD_H 1
| #define HAVE_DLFCN_H 1
| /* end confdefs.h.  */
| extern "C" void std::exit (int) throw (); using std::exit;
| #include <stdlib.h>
| int
| main ()
| {
| exit (42);
|   ;
|   return 0;
| }
configure:4788: g++ -c -g -O2  conftest.cc >&5
conftest.cc:24: error: 'void std::exit(int)' should have been declared inside 'std'
configure:4794: $? = 1
configure: failed program was:
| /* confdefs.h.  */
| 
| #define PACKAGE_NAME ""
| #define PACKAGE_TARNAME ""
| #define PACKAGE_VERSION ""
| #define PACKAGE_STRING ""
| #define PACKAGE_BUGREPORT ""
| #define PACKAGE "libast"
| #define VERSION "0.7"
| #define LIBAST_VERSION "0.7"
| #define AUTHORS "Michael Jennings (mej@eterm.org)"
| #define STDC_HEADERS 1
| #define HAVE_SYS_TYPES_H 1
| #define HAVE_SYS_STAT_H 1
| #define HAVE_STDLIB_H 1
| #define HAVE_STRING_H 1
| #define HAVE_MEMORY_H 1
| #define HAVE_STRINGS_H 1
| #define HAVE_INTTYPES_H 1
| #define HAVE_STDINT_H 1
| #define HAVE_UNISTD_H 1
| #define HAVE_DLFCN_H 1
| /* end confdefs.h.  */
| extern "C" void std::exit (int); using std::exit;
| #include <stdlib.h>
| int
| main ()
| {
| exit (42);
|   ;
|   return 0;
| }
configure:4788: g++ -c -g -O2  conftest.cc >&5
In file included from conftest.cc:25:
/home/chris/sdk2/stdlib.h:159: error: declaration of 'void exit(int)' throws different exceptions
conftest.cc:24: error: from previous declaration 'void exit(int) throw ()'
configure:4794: $? = 1
configure: failed program was:
| /* confdefs.h.  */
| 
| #define PACKAGE_NAME ""
| #define PACKAGE_TARNAME ""
| #define PACKAGE_VERSION ""
| #define PACKAGE_STRING ""
| #define PACKAGE_BUGREPORT ""
| #define PACKAGE "libast"
| #define VERSION "0.7"
| #define LIBAST_VERSION "0.7"
| #define AUTHORS "Michael Jennings (mej@eterm.org)"
| #define STDC_HEADERS 1
| #define HAVE_SYS_TYPES_H 1
| #define HAVE_SYS_STAT_H 1
| #define HAVE_STDLIB_H 1
| #define HAVE_STRING_H 1
| #define HAVE_MEMORY_H 1
| #define HAVE_STRINGS_H 1
| #define HAVE_INTTYPES_H 1
| #define HAVE_STDINT_H 1
| #define HAVE_UNISTD_H 1
| #define HAVE_DLFCN_H 1
| /* end confdefs.h.  */
| extern "C" void exit (int) throw ();
| #include <stdlib.h>
| int
| main ()
| {
| exit (42);
|   ;
|   return 0;
| }
configure:4788: g++ -c -g -O2  conftest.cc >&5
configure:4794: $? = 0
configure:4798: test -z 
			 || test ! -s conftest.err
configure:4801: $? = 0
configure:4804: test -s conftest.o
configure:4807: $? = 0
configure:4833: g++ -c -g -O2  conftest.cc >&5
configure:4839: $? = 0
configure:4843: test -z 
			 || test ! -s conftest.err
configure:4846: $? = 0
configure:4849: test -s conftest.o
configure:4852: $? = 0
configure:4877: checking dependency style of g++
configure:4967: result: gcc3
configure:4989: checking how to run the C++ preprocessor
configure:5020: g++ -E  conftest.cc
configure:5026: $? = 0
configure:5058: g++ -E  conftest.cc
conftest.cc:27:28: error: ac_nonexistent.h: No such file or directory
configure:5064: $? = 1
configure: failed program was:
| /* confdefs.h.  */
| 
| #define PACKAGE_NAME ""
| #define PACKAGE_TARNAME ""
| #define PACKAGE_VERSION ""
| #define PACKAGE_STRING ""
| #define PACKAGE_BUGREPORT ""
| #define PACKAGE "libast"
| #define VERSION "0.7"
| #define LIBAST_VERSION "0.7"
| #define AUTHORS "Michael Jennings (mej@eterm.org)"
| #define STDC_HEADERS 1
| #define HAVE_SYS_TYPES_H 1
| #define HAVE_SYS_STAT_H 1
| #define HAVE_STDLIB_H 1
| #define HAVE_STRING_H 1
| #define HAVE_MEMORY_H 1
| #define HAVE_STRINGS_H 1
| #define HAVE_INTTYPES_H 1
| #define HAVE_STDINT_H 1
| #define HAVE_UNISTD_H 1
| #define HAVE_DLFCN_H 1
| #ifdef __cplusplus
| extern "C" void exit (int);
| #endif
| /* end confdefs.h.  */
| #include <ac_nonexistent.h>
configure:5103: result: g++ -E
configure:5127: g++ -E  conftest.cc
configure:5133: $? = 0
configure:5165: g++ -E  conftest.cc
conftest.cc:27:28: error: ac_nonexistent.h: No such file or directory
configure:5171: $? = 1
configure: failed program was:
| /* confdefs.h.  */
| 
| #define PACKAGE_NAME ""
| #define PACKAGE_TARNAME ""
| #define PACKAGE_VERSION ""
| #define PACKAGE_STRING ""
| #define PACKAGE_BUGREPORT ""
| #define PACKAGE "libast"
| #define VERSION "0.7"
| #define LIBAST_VERSION "0.7"
| #define AUTHORS "Michael Jennings (mej@eterm.org)"
| #define STDC_HEADERS 1
| #define HAVE_SYS_TYPES_H 1
| #define HAVE_SYS_STAT_H 1
| #define HAVE_STDLIB_H 1
| #define HAVE_STRING_H 1
| #define HAVE_MEMORY_H 1
| #define HAVE_STRINGS_H 1
| #define HAVE_INTTYPES_H 1
| #define HAVE_STDINT_H 1
| #define HAVE_UNISTD_H 1
| #define HAVE_DLFCN_H 1
| #ifdef __cplusplus
| extern "C" void exit (int);
| #endif
| /* end confdefs.h.  */
| #include <ac_nonexistent.h>
configure:5266: checking for g77
configure:5295: result: no
configure:5266: checking for f77
configure:5295: result: no
configure:5266: checking for xlf
configure:5295: result: no
configure:5266: checking for frt
configure:5295: result: no
configure:5266: checking for pgf77
configure:5295: result: no
configure:5266: checking for fort77
configure:5295: result: no
configure:5266: checking for fl32
configure:5295: result: no
configure:5266: checking for af77
configure:5295: result: no
configure:5266: checking for f90
configure:5295: result: no
configure:5266: checking for xlf90
configure:5295: result: no
configure:5266: checking for pgf90
configure:5295: result: no
configure:5266: checking for epcf90
configure:5295: result: no
configure:5266: checking for f95
configure:5295: result: no
configure:5266: checking for fort
configure:5295: result: no
configure:5266: checking for xlf95
configure:5295: result: no
configure:5266: checking for ifc
configure:5295: result: no
configure:5266: checking for efc
configure:5295: result: no
configure:5266: checking for pgf95
configure:5295: result: no
configure:5266: checking for lf95
configure:5295: result: no
configure:5266: checking for gfortran
configure:5295: result: no
configure:5307: checking for Fortran 77 compiler version
configure:5310:  --version </dev/null >&5
./configure: line 5311: --version: command not found
configure:5313: $? = 127
configure:5315:  -v </dev/null >&5
./configure: line 5316: -v: command not found
configure:5318: $? = 127
configure:5320:  -V </dev/null >&5
./configure: line 5321: -V: command not found
configure:5323: $? = 127
configure:5331: checking whether we are using the GNU Fortran 77 compiler
configure:5345:  -c  conftest.F >&5
./configure: line 5346: -c: command not found
configure:5351: $? = 127
configure: failed program was:
|       program main
| #ifndef __GNUC__
|        choke me
| #endif
| 
|       end
configure:5377: result: no
configure:5383: checking whether  accepts -g
configure:5395:  -c -g conftest.f >&5
./configure: line 5396: -c: command not found
configure:5401: $? = 127
configure: failed program was:
|       program main
| 
|       end
configure:5426: result: no
configure:5456: checking the maximum length of command line arguments
configure:5521: result: 65536
configure:5532: checking command to parse /usr/bin/nm -p output from /usr/bin/gcc object
configure:5621: /usr/bin/gcc -c -g -O2  conftest.c >&5
configure:5624: $? = 0
configure:5628: /usr/bin/nm -p conftest.o \| sed -n -e 's/^.*[ 	]\([BCDEGRST][BCDEGRST]*\)[ 	][ 	]*\(\)\([_A-Za-z][_A-Za-z0-9]*\)$/\1 \2\3 \3/p' \> conftest.nm
configure:5631: $? = 0
cannot find nm_test_var in conftest.nm
configure:5621: /usr/bin/gcc -c -g -O2  conftest.c >&5
configure:5624: $? = 0
configure:5628: /usr/bin/nm -p conftest.o \| sed -n -e 's/^.*[ 	]\([BCDEGRST][BCDEGRST]*\)[ 	][ 	]*\(_\)\([_A-Za-z][_A-Za-z0-9]*\)$/\1 \2\3 \3/p' \> conftest.nm
configure:5631: $? = 0
configure:5683: /usr/bin/gcc -o conftest -g -O2   conftest.c conftstm.o >&5
configure:5686: $? = 0
configure:5724: result: ok
configure:5728: checking for objdir
configure:5743: result: .libs
configure:5833: checking for ar
configure:5849: found /usr/bin/ar
configure:5860: result: ar
configure:5913: checking for ranlib
configure:5929: found /usr/bin/ranlib
configure:5940: result: ranlib
configure:5993: checking for strip
configure:6009: found /usr/bin/strip
configure:6020: result: strip
configure:6282: checking if /usr/bin/gcc static flag  works
configure:6305: result: yes
configure:6323: checking if /usr/bin/gcc supports -fno-rtti -fno-exceptions
configure:6341: /usr/bin/gcc -c -g -O2  -fno-rtti -fno-exceptions conftest.c >&5
cc1: warning: command line option "-fno-rtti" is valid for C++/ObjC++ but not for C
configure:6345: $? = 0
configure:6356: result: no
configure:6371: checking for /usr/bin/gcc option to produce PIC
configure:6548: result: -fno-common
configure:6556: checking if /usr/bin/gcc PIC flag -fno-common works
configure:6574: /usr/bin/gcc -c -g -O2  -fno-common -DPIC conftest.c >&5
configure:6578: $? = 0
configure:6589: result: yes
configure:6613: checking if /usr/bin/gcc supports -c -o file.o
configure:6634: /usr/bin/gcc -c -g -O2  -o out/conftest2.o conftest.c >&5
configure:6638: $? = 0
configure:6658: result: yes
configure:6684: checking whether the /usr/bin/gcc linker (/usr/bin/ld) supports shared libraries
configure:7532: result: yes
configure:7603: checking dynamic linker characteristics
configure:8164: result: darwin10.4.0 dyld
configure:8168: checking how to hardcode library paths into programs
configure:8193: result: immediate
configure:8207: checking whether stripping libraries is possible
configure:8220: result: yes
configure:9042: checking if libtool supports shared libraries
configure:9044: result: yes
configure:9047: checking whether to build shared libraries
configure:9105: result: yes
configure:9108: checking whether to build static libraries
configure:9112: result: yes
configure:9204: creating libtool
configure:9751: checking for ld used by g++
configure:9818: result: /usr/bin/ld
configure:9827: checking if the linker (/usr/bin/ld) is GNU ld
configure:9842: result: no
configure:9893: checking whether the g++ linker (/usr/bin/ld) supports shared libraries
configure:10721: result: yes
configure:10739: g++ -c -g -O2  conftest.cc >&5
configure:10742: $? = 0
configure:10838: checking for g++ option to produce PIC
configure:11090: result: -fno-common
configure:11098: checking if g++ PIC flag -fno-common works
configure:11116: g++ -c -g -O2  -fno-common -DPIC conftest.cc >&5
configure:11120: $? = 0
configure:11131: result: yes
configure:11155: checking if g++ supports -c -o file.o
configure:11176: g++ -c -g -O2  -o out/conftest2.o conftest.cc >&5
configure:11180: $? = 0
configure:11200: result: yes
configure:11226: checking whether the g++ linker (/usr/bin/ld) supports shared libraries
configure:11251: result: yes
configure:11322: checking dynamic linker characteristics
configure:11883: result: darwin10.4.0 dyld
configure:11887: checking how to hardcode library paths into programs
configure:11912: result: immediate
configure:11926: checking whether stripping libraries is possible
configure:11939: result: yes
configure:19205: checking how to run the C preprocessor
configure:19323: result: /usr/bin/gcc -E
configure:19347: /usr/bin/gcc -E  conftest.c
configure:19353: $? = 0
configure:19385: /usr/bin/gcc -E  conftest.c
conftest.c:27:28: error: ac_nonexistent.h: No such file or directory
configure:19391: $? = 1
configure: failed program was:
| /* confdefs.h.  */
| 
| #define PACKAGE_NAME ""
| #define PACKAGE_TARNAME ""
| #define PACKAGE_VERSION ""
| #define PACKAGE_STRING ""
| #define PACKAGE_BUGREPORT ""
| #define PACKAGE "libast"
| #define VERSION "0.7"
| #define LIBAST_VERSION "0.7"
| #define AUTHORS "Michael Jennings (mej@eterm.org)"
| #define STDC_HEADERS 1
| #define HAVE_SYS_TYPES_H 1
| #define HAVE_SYS_STAT_H 1
| #define HAVE_STDLIB_H 1
| #define HAVE_STRING_H 1
| #define HAVE_MEMORY_H 1
| #define HAVE_STRINGS_H 1
| #define HAVE_INTTYPES_H 1
| #define HAVE_STDINT_H 1
| #define HAVE_UNISTD_H 1
| #define HAVE_DLFCN_H 1
| #ifdef __cplusplus
| extern "C" void exit (int);
| #endif
| /* end confdefs.h.  */
| #include <ac_nonexistent.h>
configure:19436: checking for AIX
configure:19458: result: no
configure:19464: checking for library containing strerror
configure:19494: /usr/bin/gcc -o conftest -g -O2   conftest.c  >&5
configure:19500: $? = 0
configure:19504: test -z 
			 || test ! -s conftest.err
configure:19507: $? = 0
configure:19510: test -s conftest
configure:19513: $? = 0
configure:19583: result: none required
configure:19600: checking minix/config.h usability
configure:19612: /usr/bin/gcc -c -g -O2  conftest.c >&5
conftest.c:61:26: error: minix/config.h: No such file or directory
configure:19618: $? = 1
configure: failed program was:
| /* confdefs.h.  */
| 
| #define PACKAGE_NAME ""
| #define PACKAGE_TARNAME ""
| #define PACKAGE_VERSION ""
| #define PACKAGE_STRING ""
| #define PACKAGE_BUGREPORT ""
| #define PACKAGE "libast"
| #define VERSION "0.7"
| #define LIBAST_VERSION "0.7"
| #define AUTHORS "Michael Jennings (mej@eterm.org)"
| #define STDC_HEADERS 1
| #define HAVE_SYS_TYPES_H 1
| #define HAVE_SYS_STAT_H 1
| #define HAVE_STDLIB_H 1
| #define HAVE_STRING_H 1
| #define HAVE_MEMORY_H 1
| #define HAVE_STRINGS_H 1
| #define HAVE_INTTYPES_H 1
| #define HAVE_STDINT_H 1
| #define HAVE_UNISTD_H 1
| #define HAVE_DLFCN_H 1
| #ifdef __cplusplus
| extern "C" void exit (int);
| #endif
| /* end confdefs.h.  */
| #include <stdio.h>
| #if HAVE_SYS_TYPES_H
| # include <sys/types.h>
| #endif
| #if HAVE_SYS_STAT_H
| # include <sys/stat.h>
| #endif
| #if STDC_HEADERS
| # include <stdlib.h>
| # include <stddef.h>
| #else
| # if HAVE_STDLIB_H
| #  include <stdlib.h>
| # endif
| #endif
| #if HAVE_STRING_H
| # if !STDC_HEADERS && HAVE_MEMORY_H
| #  include <memory.h>
| # endif
| # include <string.h>
| #endif
| #if HAVE_STRINGS_H
| # include <strings.h>
| #endif
| #if HAVE_INTTYPES_H
| # include <inttypes.h>
| #else
| # if HAVE_STDINT_H
| #  include <stdint.h>
| # endif
| #endif
| #if HAVE_UNISTD_H
| # include <unistd.h>
| #endif
| #include <minix/config.h>
configure:19641: result: no
configure:19645: checking minix/config.h presence
configure:19655: /usr/bin/gcc -E  conftest.c
conftest.c:27:26: error: minix/config.h: No such file or directory
configure:19661: $? = 1
configure: failed program was:
| /* confdefs.h.  */
| 
| #define PACKAGE_NAME ""
| #define PACKAGE_TARNAME ""
| #define PACKAGE_VERSION ""
| #define PACKAGE_STRING ""
| #define PACKAGE_BUGREPORT ""
| #define PACKAGE "libast"
| #define VERSION "0.7"
| #define LIBAST_VERSION "0.7"
| #define AUTHORS "Michael Jennings (mej@eterm.org)"
| #define STDC_HEADERS 1
| #define HAVE_SYS_TYPES_H 1
| #define HAVE_SYS_STAT_H 1
| #define HAVE_STDLIB_H 1
| #define HAVE_STRING_H 1
| #define HAVE_MEMORY_H 1
| #define HAVE_STRINGS_H 1
| #define HAVE_INTTYPES_H 1
| #define HAVE_STDINT_H 1
| #define HAVE_UNISTD_H 1
| #define HAVE_DLFCN_H 1
| #ifdef __cplusplus
| extern "C" void exit (int);
| #endif
| /* end confdefs.h.  */
| #include <minix/config.h>
configure:19681: result: no
configure:19716: checking for minix/config.h
configure:19723: result: no
configure:19772: checking whether /usr/bin/gcc needs -traditional
conftest.c:27:19: error: sgtty.h: No such file or directory
conftest.c:27:20: error: termio.h: No such file or directory
configure:19814: result: no
configure:19835: checking for a BSD-compatible install
configure:19890: result: /usr/bin/install -c
configure:19909: checking whether build environment is sane
configure:19952: result: yes
configure:19955: checking whether to enable maintainer-specific portions of Makefiles
configure:19964: result: no
configure:19980: checking if malloc debugging is wanted
configure:20001: result: no
configure:20009: checking for sed
configure:20036: result: /bin/sed
configure:20045: checking for rm
configure:20061: found /bin/rm
configure:20072: result: rm
configure:20081: checking for cp
configure:20097: found /bin/cp
configure:20108: result: cp
configure:20117: checking for chmod
configure:20133: found /bin/chmod
configure:20144: result: chmod
configure:20153: checking for tar
configure:20169: found /usr/bin/tar
configure:20180: result: tar
configure:20189: checking for mkdir
configure:20205: found /bin/mkdir
configure:20216: result: mkdir
configure:20225: checking for ctags
configure:20241: found /usr/local/bin/ctags
configure:20252: result: ctags
configure:20261: checking for ar
configure:20288: result: ar
configure:20297: checking for mv
configure:20313: found /bin/mv
configure:20324: result: mv
configure:20331: checking whether ln -s works
configure:20335: result: yes
configure:20344: checking for char
configure:20368: /usr/bin/gcc -c -g -O2  conftest.c >&5
configure:20374: $? = 0
configure:20378: test -z 
			 || test ! -s conftest.err
configure:20381: $? = 0
configure:20384: test -s conftest.o
configure:20387: $? = 0
configure:20398: result: yes
configure:20401: checking size of char
configure:20720: /usr/bin/gcc -o conftest -g -O2   conftest.c  >&5
configure:20723: $? = 0
configure:20725: ./conftest
configure:20728: $? = 0
configure:20751: result: 1
configure:20758: checking for short
configure:20782: /usr/bin/gcc -c -g -O2  conftest.c >&5
configure:20788: $? = 0
configure:20792: test -z 
			 || test ! -s conftest.err
configure:20795: $? = 0
configure:20798: test -s conftest.o
configure:20801: $? = 0
configure:20812: result: yes
configure:20815: checking size of short
configure:21134: /usr/bin/gcc -o conftest -g -O2   conftest.c  >&5
configure:21137: $? = 0
configure:21139: ./conftest
configure:21142: $? = 0
configure:21165: result: 2
configure:21172: checking for int
configure:21196: /usr/bin/gcc -c -g -O2  conftest.c >&5
configure:21202: $? = 0
configure:21206: test -z 
			 || test ! -s conftest.err
configure:21209: $? = 0
configure:21212: test -s conftest.o
configure:21215: $? = 0
configure:21226: result: yes
configure:21229: checking size of int
configure:21548: /usr/bin/gcc -o conftest -g -O2   conftest.c  >&5
configure:21551: $? = 0
configure:21553: ./conftest
configure:21556: $? = 0
configure:21579: result: 4
configure:21586: checking for long
configure:21610: /usr/bin/gcc -c -g -O2  conftest.c >&5
configure:21616: $? = 0
configure:21620: test -z 
			 || test ! -s conftest.err
configure:21623: $? = 0
configure:21626: test -s conftest.o
configure:21629: $? = 0
configure:21640: result: yes
configure:21643: checking size of long
configure:21962: /usr/bin/gcc -o conftest -g -O2   conftest.c  >&5
configure:21965: $? = 0
configure:21967: ./conftest
configure:21970: $? = 0
configure:21993: result: 4
configure:22000: checking for long long
configure:22024: /usr/bin/gcc -c -g -O2  conftest.c >&5
configure:22030: $? = 0
configure:22034: test -z 
			 || test ! -s conftest.err
configure:22037: $? = 0
configure:22040: test -s conftest.o
configure:22043: $? = 0
configure:22054: result: yes
configure:22057: checking size of long long
configure:22376: /usr/bin/gcc -o conftest -g -O2   conftest.c  >&5
configure:22379: $? = 0
configure:22381: ./conftest
configure:22384: $? = 0
configure:22407: result: 8
configure:22414: checking whether byte ordering is bigendian
configure:22441: /usr/bin/gcc -c -g -O2  conftest.c >&5
configure:22447: $? = 0
configure:22451: test -z 
			 || test ! -s conftest.err
configure:22454: $? = 0
configure:22457: test -s conftest.o
configure:22460: $? = 0
configure:22484: /usr/bin/gcc -c -g -O2  conftest.c >&5
conftest.c: In function 'main':
conftest.c:39: error: 'not' undeclared (first use in this function)
conftest.c:39: error: (Each undeclared identifier is reported only once
conftest.c:39: error: for each function it appears in.)
conftest.c:39: error: expected ';' before 'big'
configure:22490: $? = 1
configure: failed program was:
| /* confdefs.h.  */
| 
| #define PACKAGE_NAME ""
| #define PACKAGE_TARNAME ""
| #define PACKAGE_VERSION ""
| #define PACKAGE_STRING ""
| #define PACKAGE_BUGREPORT ""
| #define PACKAGE "libast"
| #define VERSION "0.7"
| #define LIBAST_VERSION "0.7"
| #define AUTHORS "Michael Jennings (mej@eterm.org)"
| #define STDC_HEADERS 1
| #define HAVE_SYS_TYPES_H 1
| #define HAVE_SYS_STAT_H 1
| #define HAVE_STDLIB_H 1
| #define HAVE_STRING_H 1
| #define HAVE_MEMORY_H 1
| #define HAVE_STRINGS_H 1
| #define HAVE_INTTYPES_H 1
| #define HAVE_STDINT_H 1
| #define HAVE_UNISTD_H 1
| #define HAVE_DLFCN_H 1
| #ifdef __cplusplus
| extern "C" void exit (int);
| #endif
| #define SIZEOF_CHAR 1
| #define SIZEOF_SHORT 2
| #define SIZEOF_INT 4
| #define SIZEOF_LONG 4
| #define SIZEOF_LONG_LONG 8
| /* end confdefs.h.  */
| #include <sys/types.h>
| #include <sys/param.h>
| 
| int
| main ()
| {
| #if BYTE_ORDER != BIG_ENDIAN
|  not big endian
| #endif
| 
|   ;
|   return 0;
| }
configure:22625: result: no
configure:22698: checking for an ANSI C-conforming const
configure:22765: /usr/bin/gcc -c -g -O2  conftest.c >&5
configure:22771: $? = 0
configure:22775: test -z 
			 || test ! -s conftest.err
configure:22778: $? = 0
configure:22781: test -s conftest.o
configure:22784: $? = 0
configure:22795: result: yes
configure:22805: checking for inline
configure:22826: /usr/bin/gcc -c -g -O2  conftest.c >&5
configure:22832: $? = 0
configure:22836: test -z 
			 || test ! -s conftest.err
configure:22839: $? = 0
configure:22842: test -s conftest.o
configure:22845: $? = 0
configure:22857: result: inline
configure:22878: checking for sys/wait.h that is POSIX.1 compatible
configure:22909: /usr/bin/gcc -c -g -O2  conftest.c >&5
configure:22915: $? = 0
configure:22919: test -z 
			 || test ! -s conftest.err
configure:22922: $? = 0
configure:22925: test -s conftest.o
configure:22928: $? = 0
configure:22939: result: yes
configure:22977: checking fcntl.h usability
configure:22989: /usr/bin/gcc -c -g -O2  conftest.c >&5
configure:22995: $? = 0
configure:22999: test -z 
			 || test ! -s conftest.err
configure:23002: $? = 0
configure:23005: test -s conftest.o
configure:23008: $? = 0
configure:23018: result: yes
configure:23022: checking fcntl.h presence
configure:23032: /usr/bin/gcc -E  conftest.c
configure:23038: $? = 0
configure:23058: result: yes
configure:23093: checking for fcntl.h
configure:23100: result: yes
configure:22977: checking termios.h usability
configure:22989: /usr/bin/gcc -c -g -O2  conftest.c >&5
configure:22995: $? = 0
configure:22999: test -z 
			 || test ! -s conftest.err
configure:23002: $? = 0
configure:23005: test -s conftest.o
configure:23008: $? = 0
configure:23018: result: yes
configure:23022: checking termios.h presence
configure:23032: /usr/bin/gcc -E  conftest.c
configure:23038: $? = 0
configure:23058: result: yes
configure:23093: checking for termios.h
configure:23100: result: yes
configure:22977: checking sys/ioctl.h usability
configure:22989: /usr/bin/gcc -c -g -O2  conftest.c >&5
configure:22995: $? = 0
configure:22999: test -z 
			 || test ! -s conftest.err
configure:23002: $? = 0
configure:23005: test -s conftest.o
configure:23008: $? = 0
configure:23018: result: yes
configure:23022: checking sys/ioctl.h presence
configure:23032: /usr/bin/gcc -E  conftest.c
configure:23038: $? = 0
configure:23058: result: yes
configure:23093: checking for sys/ioctl.h
configure:23100: result: yes
configure:22977: checking sys/select.h usability
configure:22989: /usr/bin/gcc -c -g -O2  conftest.c >&5
configure:22995: $? = 0
configure:22999: test -z 
			 || test ! -s conftest.err
configure:23002: $? = 0
configure:23005: test -s conftest.o
configure:23008: $? = 0
configure:23018: result: yes
configure:23022: checking sys/select.h presence
configure:23032: /usr/bin/gcc -E  conftest.c
configure:23038: $? = 0
configure:23058: result: yes
configure:23093: checking for sys/select.h
configure:23100: result: yes
configure:22977: checking sys/time.h usability
configure:22989: /usr/bin/gcc -c -g -O2  conftest.c >&5
configure:22995: $? = 0
configure:22999: test -z 
			 || test ! -s conftest.err
configure:23002: $? = 0
configure:23005: test -s conftest.o
configure:23008: $? = 0
configure:23018: result: yes
configure:23022: checking sys/time.h presence
configure:23032: /usr/bin/gcc -E  conftest.c
configure:23038: $? = 0
configure:23058: result: yes
configure:23093: checking for sys/time.h
configure:23100: result: yes
configure:22977: checking sys/sockio.h usability
configure:22989: /usr/bin/gcc -c -g -O2  conftest.c >&5
configure:22995: $? = 0
configure:22999: test -z 
			 || test ! -s conftest.err
configure:23002: $? = 0
configure:23005: test -s conftest.o
configure:23008: $? = 0
configure:23018: result: yes
configure:23022: checking sys/sockio.h presence
configure:23032: /usr/bin/gcc -E  conftest.c
configure:23038: $? = 0
configure:23058: result: yes
configure:23093: checking for sys/sockio.h
configure:23100: result: yes
configure:22977: checking sys/byteorder.h usability
configure:22989: /usr/bin/gcc -c -g -O2  conftest.c >&5
conftest.c:73:27: error: sys/byteorder.h: No such file or directory
configure:22995: $? = 1
configure: failed program was:
| /* confdefs.h.  */
| 
| #define PACKAGE_NAME ""
| #define PACKAGE_TARNAME ""
| #define PACKAGE_VERSION ""
| #define PACKAGE_STRING ""
| #define PACKAGE_BUGREPORT ""
| #define PACKAGE "libast"
| #define VERSION "0.7"
| #define LIBAST_VERSION "0.7"
| #define AUTHORS "Michael Jennings (mej@eterm.org)"
| #define STDC_HEADERS 1
| #define HAVE_SYS_TYPES_H 1
| #define HAVE_SYS_STAT_H 1
| #define HAVE_STDLIB_H 1
| #define HAVE_STRING_H 1
| #define HAVE_MEMORY_H 1
| #define HAVE_STRINGS_H 1
| #define HAVE_INTTYPES_H 1
| #define HAVE_STDINT_H 1
| #define HAVE_UNISTD_H 1
| #define HAVE_DLFCN_H 1
| #ifdef __cplusplus
| extern "C" void exit (int);
| #endif
| #define SIZEOF_CHAR 1
| #define SIZEOF_SHORT 2
| #define SIZEOF_INT 4
| #define SIZEOF_LONG 4
| #define SIZEOF_LONG_LONG 8
| #define HAVE_SYS_WAIT_H 1
| #define HAVE_FCNTL_H 1
| #define HAVE_TERMIOS_H 1
| #define HAVE_SYS_IOCTL_H 1
| #define HAVE_SYS_SELECT_H 1
| #define HAVE_SYS_TIME_H 1
| #define HAVE_SYS_SOCKIO_H 1
| /* end confdefs.h.  */
| #include <stdio.h>
| #if HAVE_SYS_TYPES_H
| # include <sys/types.h>
| #endif
| #if HAVE_SYS_STAT_H
| # include <sys/stat.h>
| #endif
| #if STDC_HEADERS
| # include <stdlib.h>
| # include <stddef.h>
| #else
| # if HAVE_STDLIB_H
| #  include <stdlib.h>
| # endif
| #endif
| #if HAVE_STRING_H
| # if !STDC_HEADERS && HAVE_MEMORY_H
| #  include <memory.h>
| # endif
| # include <string.h>
| #endif
| #if HAVE_STRINGS_H
| # include <strings.h>
| #endif
| #if HAVE_INTTYPES_H
| # include <inttypes.h>
| #else
| # if HAVE_STDINT_H
| #  include <stdint.h>
| # endif
| #endif
| #if HAVE_UNISTD_H
| # include <unistd.h>
| #endif
| #include <sys/byteorder.h>
configure:23018: result: no
configure:23022: checking sys/byteorder.h presence
configure:23032: /usr/bin/gcc -E  conftest.c
conftest.c:39:27: error: sys/byteorder.h: No such file or directory
configure:23038: $? = 1
configure: failed program was:
| /* confdefs.h.  */
| 
| #define PACKAGE_NAME ""
| #define PACKAGE_TARNAME ""
| #define PACKAGE_VERSION ""
| #define PACKAGE_STRING ""
| #define PACKAGE_BUGREPORT ""
| #define PACKAGE "libast"
| #define VERSION "0.7"
| #define LIBAST_VERSION "0.7"
| #define AUTHORS "Michael Jennings (mej@eterm.org)"
| #define STDC_HEADERS 1
| #define HAVE_SYS_TYPES_H 1
| #define HAVE_SYS_STAT_H 1
| #define HAVE_STDLIB_H 1
| #define HAVE_STRING_H 1
| #define HAVE_MEMORY_H 1
| #define HAVE_STRINGS_H 1
| #define HAVE_INTTYPES_H 1
| #define HAVE_STDINT_H 1
| #define HAVE_UNISTD_H 1
| #define HAVE_DLFCN_H 1
| #ifdef __cplusplus
| extern "C" void exit (int);
| #endif
| #define SIZEOF_CHAR 1
| #define SIZEOF_SHORT 2
| #define SIZEOF_INT 4
| #define SIZEOF_LONG 4
| #define SIZEOF_LONG_LONG 8
| #define HAVE_SYS_WAIT_H 1
| #define HAVE_FCNTL_H 1
| #define HAVE_TERMIOS_H 1
| #define HAVE_SYS_IOCTL_H 1
| #define HAVE_SYS_SELECT_H 1
| #define HAVE_SYS_TIME_H 1
| #define HAVE_SYS_SOCKIO_H 1
| /* end confdefs.h.  */
| #include <sys/byteorder.h>
configure:23058: result: no
configure:23093: checking for sys/byteorder.h
configure:23100: result: no
configure:22977: checking malloc.h usability
configure:22989: /usr/bin/gcc -c -g -O2  conftest.c >&5
conftest.c:73:20: error: malloc.h: No such file or directory
configure:22995: $? = 1
configure: failed program was:
| /* confdefs.h.  */
| 
| #define PACKAGE_NAME ""
| #define PACKAGE_TARNAME ""
| #define PACKAGE_VERSION ""
| #define PACKAGE_STRING ""
| #define PACKAGE_BUGREPORT ""
| #define PACKAGE "libast"
| #define VERSION "0.7"
| #define LIBAST_VERSION "0.7"
| #define AUTHORS "Michael Jennings (mej@eterm.org)"
| #define STDC_HEADERS 1
| #define HAVE_SYS_TYPES_H 1
| #define HAVE_SYS_STAT_H 1
| #define HAVE_STDLIB_H 1
| #define HAVE_STRING_H 1
| #define HAVE_MEMORY_H 1
| #define HAVE_STRINGS_H 1
| #define HAVE_INTTYPES_H 1
| #define HAVE_STDINT_H 1
| #define HAVE_UNISTD_H 1
| #define HAVE_DLFCN_H 1
| #ifdef __cplusplus
| extern "C" void exit (int);
| #endif
| #define SIZEOF_CHAR 1
| #define SIZEOF_SHORT 2
| #define SIZEOF_INT 4
| #define SIZEOF_LONG 4
| #define SIZEOF_LONG_LONG 8
| #define HAVE_SYS_WAIT_H 1
| #define HAVE_FCNTL_H 1
| #define HAVE_TERMIOS_H 1
| #define HAVE_SYS_IOCTL_H 1
| #define HAVE_SYS_SELECT_H 1
| #define HAVE_SYS_TIME_H 1
| #define HAVE_SYS_SOCKIO_H 1
| /* end confdefs.h.  */
| #include <stdio.h>
| #if HAVE_SYS_TYPES_H
| # include <sys/types.h>
| #endif
| #if HAVE_SYS_STAT_H
| # include <sys/stat.h>
| #endif
| #if STDC_HEADERS
| # include <stdlib.h>
| # include <stddef.h>
| #else
| # if HAVE_STDLIB_H
| #  include <stdlib.h>
| # endif
| #endif
| #if HAVE_STRING_H
| # if !STDC_HEADERS && HAVE_MEMORY_H
| #  include <memory.h>
| # endif
| # include <string.h>
| #endif
| #if HAVE_STRINGS_H
| # include <strings.h>
| #endif
| #if HAVE_INTTYPES_H
| # include <inttypes.h>
| #else
| # if HAVE_STDINT_H
| #  include <stdint.h>
| # endif
| #endif
| #if HAVE_UNISTD_H
| # include <unistd.h>
| #endif
| #include <malloc.h>
configure:23018: result: no
configure:23022: checking malloc.h presence
configure:23032: /usr/bin/gcc -E  conftest.c
conftest.c:39:20: error: malloc.h: No such file or directory
configure:23038: $? = 1
configure: failed program was:
| /* confdefs.h.  */
| 
| #define PACKAGE_NAME ""
| #define PACKAGE_TARNAME ""
| #define PACKAGE_VERSION ""
| #define PACKAGE_STRING ""
| #define PACKAGE_BUGREPORT ""
| #define PACKAGE "libast"
| #define VERSION "0.7"
| #define LIBAST_VERSION "0.7"
| #define AUTHORS "Michael Jennings (mej@eterm.org)"
| #define STDC_HEADERS 1
| #define HAVE_SYS_TYPES_H 1
| #define HAVE_SYS_STAT_H 1
| #define HAVE_STDLIB_H 1
| #define HAVE_STRING_H 1
| #define HAVE_MEMORY_H 1
| #define HAVE_STRINGS_H 1
| #define HAVE_INTTYPES_H 1
| #define HAVE_STDINT_H 1
| #define HAVE_UNISTD_H 1
| #define HAVE_DLFCN_H 1
| #ifdef __cplusplus
| extern "C" void exit (int);
| #endif
| #define SIZEOF_CHAR 1
| #define SIZEOF_SHORT 2
| #define SIZEOF_INT 4
| #define SIZEOF_LONG 4
| #define SIZEOF_LONG_LONG 8
| #define HAVE_SYS_WAIT_H 1
| #define HAVE_FCNTL_H 1
| #define HAVE_TERMIOS_H 1
| #define HAVE_SYS_IOCTL_H 1
| #define HAVE_SYS_SELECT_H 1
| #define HAVE_SYS_TIME_H 1
| #define HAVE_SYS_SOCKIO_H 1
| /* end confdefs.h.  */
| #include <malloc.h>
configure:23058: result: no
configure:23093: checking for malloc.h
configure:23100: result: no
configure:22977: checking utmpx.h usability
configure:22989: /usr/bin/gcc -c -g -O2  conftest.c >&5
configure:22995: $? = 0
configure:22999: test -z 
			 || test ! -s conftest.err
configure:23002: $? = 0
configure:23005: test -s conftest.o
configure:23008: $? = 0
configure:23018: result: yes
configure:23022: checking utmpx.h presence
configure:23032: /usr/bin/gcc -E  conftest.c
configure:23038: $? = 0
configure:23058: result: yes
configure:23093: checking for utmpx.h
configure:23100: result: yes
configure:22968: checking for unistd.h
configure:22973: result: yes
configure:22977: checking bsd/signal.h usability
configure:22989: /usr/bin/gcc -c -g -O2  conftest.c >&5
conftest.c:75:24: error: bsd/signal.h: No such file or directory
configure:22995: $? = 1
configure: failed program was:
| /* confdefs.h.  */
| 
| #define PACKAGE_NAME ""
| #define PACKAGE_TARNAME ""
| #define PACKAGE_VERSION ""
| #define PACKAGE_STRING ""
| #define PACKAGE_BUGREPORT ""
| #define PACKAGE "libast"
| #define VERSION "0.7"
| #define LIBAST_VERSION "0.7"
| #define AUTHORS "Michael Jennings (mej@eterm.org)"
| #define STDC_HEADERS 1
| #define HAVE_SYS_TYPES_H 1
| #define HAVE_SYS_STAT_H 1
| #define HAVE_STDLIB_H 1
| #define HAVE_STRING_H 1
| #define HAVE_MEMORY_H 1
| #define HAVE_STRINGS_H 1
| #define HAVE_INTTYPES_H 1
| #define HAVE_STDINT_H 1
| #define HAVE_UNISTD_H 1
| #define HAVE_DLFCN_H 1
| #ifdef __cplusplus
| extern "C" void exit (int);
| #endif
| #define SIZEOF_CHAR 1
| #define SIZEOF_SHORT 2
| #define SIZEOF_INT 4
| #define SIZEOF_LONG 4
| #define SIZEOF_LONG_LONG 8
| #define HAVE_SYS_WAIT_H 1
| #define HAVE_FCNTL_H 1
| #define HAVE_TERMIOS_H 1
| #define HAVE_SYS_IOCTL_H 1
| #define HAVE_SYS_SELECT_H 1
| #define HAVE_SYS_TIME_H 1
| #define HAVE_SYS_SOCKIO_H 1
| #define HAVE_UTMPX_H 1
| #define HAVE_UNISTD_H 1
| /* end confdefs.h.  */
| #include <stdio.h>
| #if HAVE_SYS_TYPES_H
| # include <sys/types.h>
| #endif
| #if HAVE_SYS_STAT_H
| # include <sys/stat.h>
| #endif
| #if STDC_HEADERS
| # include <stdlib.h>
| # include <stddef.h>
| #else
| # if HAVE_STDLIB_H
| #  include <stdlib.h>
| # endif
| #endif
| #if HAVE_STRING_H
| # if !STDC_HEADERS && HAVE_MEMORY_H
| #  include <memory.h>
| # endif
| # include <string.h>
| #endif
| #if HAVE_STRINGS_H
| # include <strings.h>
| #endif
| #if HAVE_INTTYPES_H
| # include <inttypes.h>
| #else
| # if HAVE_STDINT_H
| #  include <stdint.h>
| # endif
| #endif
| #if HAVE_UNISTD_H
| # include <unistd.h>
| #endif
| #include <bsd/signal.h>
configure:23018: result: no
configure:23022: checking bsd/signal.h presence
configure:23032: /usr/bin/gcc -E  conftest.c
conftest.c:41:24: error: bsd/signal.h: No such file or directory
configure:23038: $? = 1
configure: failed program was:
| /* confdefs.h.  */
| 
| #define PACKAGE_NAME ""
| #define PACKAGE_TARNAME ""
| #define PACKAGE_VERSION ""
| #define PACKAGE_STRING ""
| #define PACKAGE_BUGREPORT ""
| #define PACKAGE "libast"
| #define VERSION "0.7"
| #define LIBAST_VERSION "0.7"
| #define AUTHORS "Michael Jennings (mej@eterm.org)"
| #define STDC_HEADERS 1
| #define HAVE_SYS_TYPES_H 1
| #define HAVE_SYS_STAT_H 1
| #define HAVE_STDLIB_H 1
| #define HAVE_STRING_H 1
| #define HAVE_MEMORY_H 1
| #define HAVE_STRINGS_H 1
| #define HAVE_INTTYPES_H 1
| #define HAVE_STDINT_H 1
| #define HAVE_UNISTD_H 1
| #define HAVE_DLFCN_H 1
| #ifdef __cplusplus
| extern "C" void exit (int);
| #endif
| #define SIZEOF_CHAR 1
| #define SIZEOF_SHORT 2
| #define SIZEOF_INT 4
| #define SIZEOF_LONG 4
| #define SIZEOF_LONG_LONG 8
| #define HAVE_SYS_WAIT_H 1
| #define HAVE_FCNTL_H 1
| #define HAVE_TERMIOS_H 1
| #define HAVE_SYS_IOCTL_H 1
| #define HAVE_SYS_SELECT_H 1
| #define HAVE_SYS_TIME_H 1
| #define HAVE_SYS_SOCKIO_H 1
| #define HAVE_UTMPX_H 1
| #define HAVE_UNISTD_H 1
| /* end confdefs.h.  */
| #include <bsd/signal.h>
configure:23058: result: no
configure:23093: checking for bsd/signal.h
configure:23100: result: no
configure:22977: checking stdarg.h usability
configure:22989: /usr/bin/gcc -c -g -O2  conftest.c >&5
configure:22995: $? = 0
configure:22999: test -z 
			 || test ! -s conftest.err
configure:23002: $? = 0
configure:23005: test -s conftest.o
configure:23008: $? = 0
configure:23018: result: yes
configure:23022: checking stdarg.h presence
configure:23032: /usr/bin/gcc -E  conftest.c
configure:23038: $? = 0
configure:23058: result: yes
configure:23093: checking for stdarg.h
configure:23100: result: yes
configure:22977: checking errno.h usability
configure:22989: /usr/bin/gcc -c -g -O2  conftest.c >&5
configure:22995: $? = 0
configure:22999: test -z 
			 || test ! -s conftest.err
configure:23002: $? = 0
configure:23005: test -s conftest.o
configure:23008: $? = 0
configure:23018: result: yes
configure:23022: checking errno.h presence
configure:23032: /usr/bin/gcc -E  conftest.c
configure:23038: $? = 0
configure:23058: result: yes
configure:23093: checking for errno.h
configure:23100: result: yes
configure:23113: checking whether time.h and sys/time.h may both be included
configure:23138: /usr/bin/gcc -c -g -O2  conftest.c >&5
configure:23144: $? = 0
configure:23148: test -z 
			 || test ! -s conftest.err
configure:23151: $? = 0
configure:23154: test -s conftest.o
configure:23157: $? = 0
configure:23168: result: yes
configure:23180: checking for mode_t
configure:23204: /usr/bin/gcc -c -g -O2  conftest.c >&5
configure:23210: $? = 0
configure:23214: test -z 
			 || test ! -s conftest.err
configure:23217: $? = 0
configure:23220: test -s conftest.o
configure:23223: $? = 0
configure:23234: result: yes
configure:23246: checking for off_t
configure:23270: /usr/bin/gcc -c -g -O2  conftest.c >&5
configure:23276: $? = 0
configure:23280: test -z 
			 || test ! -s conftest.err
configure:23283: $? = 0
configure:23286: test -s conftest.o
configure:23289: $? = 0
configure:23300: result: yes
configure:23312: checking for pid_t
configure:23336: /usr/bin/gcc -c -g -O2  conftest.c >&5
configure:23342: $? = 0
configure:23346: test -z 
			 || test ! -s conftest.err
configure:23349: $? = 0
configure:23352: test -s conftest.o
configure:23355: $? = 0
configure:23366: result: yes
configure:23378: checking for uid_t in sys/types.h
configure:23401: result: yes
configure:23418: checking return type of signal handlers
configure:23449: /usr/bin/gcc -c -g -O2  conftest.c >&5
configure:23455: $? = 0
configure:23459: test -z 
			 || test ! -s conftest.err
configure:23462: $? = 0
configure:23465: test -s conftest.o
configure:23468: $? = 0
configure:23479: result: void
configure:23503: checking for memmove
configure:23560: /usr/bin/gcc -o conftest -g -O2   conftest.c  >&5
conftest.c:69: warning: conflicting types for built-in function 'memmove'
configure:23566: $? = 0
configure:23570: test -z 
			 || test ! -s conftest.err
configure:23573: $? = 0
configure:23576: test -s conftest
configure:23579: $? = 0
configure:23591: result: yes
configure:23503: checking for putenv
configure:23560: /usr/bin/gcc -o conftest -g -O2   conftest.c  >&5
configure:23566: $? = 0
configure:23570: test -z 
			 || test ! -s conftest.err
configure:23573: $? = 0
configure:23576: test -s conftest
configure:23579: $? = 0
configure:23591: result: yes
configure:23503: checking for strsep
configure:23560: /usr/bin/gcc -o conftest -g -O2   conftest.c  >&5
configure:23566: $? = 0
configure:23570: test -z 
			 || test ! -s conftest.err
configure:23573: $? = 0
configure:23576: test -s conftest
configure:23579: $? = 0
configure:23591: result: yes
configure:23503: checking for memmem
configure:23560: /usr/bin/gcc -o conftest -g -O2   conftest.c  >&5
Undefined symbols:
  "_memmem", referenced from:
      _f in cceQnLz6.o
      _memmem$non_lazy_ptr in cceQnLz6.o
ld: symbol(s) not found
collect2: ld returned 1 exit status
configure:23566: $? = 1
configure: failed program was:
| /* confdefs.h.  */
| 
| #define PACKAGE_NAME ""
| #define PACKAGE_TARNAME ""
| #define PACKAGE_VERSION ""
| #define PACKAGE_STRING ""
| #define PACKAGE_BUGREPORT ""
| #define PACKAGE "libast"
| #define VERSION "0.7"
| #define LIBAST_VERSION "0.7"
| #define AUTHORS "Michael Jennings (mej@eterm.org)"
| #define STDC_HEADERS 1
| #define HAVE_SYS_TYPES_H 1
| #define HAVE_SYS_STAT_H 1
| #define HAVE_STDLIB_H 1
| #define HAVE_STRING_H 1
| #define HAVE_MEMORY_H 1
| #define HAVE_STRINGS_H 1
| #define HAVE_INTTYPES_H 1
| #define HAVE_STDINT_H 1
| #define HAVE_UNISTD_H 1
| #define HAVE_DLFCN_H 1
| #ifdef __cplusplus
| extern "C" void exit (int);
| #endif
| #define SIZEOF_CHAR 1
| #define SIZEOF_SHORT 2
| #define SIZEOF_INT 4
| #define SIZEOF_LONG 4
| #define SIZEOF_LONG_LONG 8
| #define HAVE_SYS_WAIT_H 1
| #define HAVE_FCNTL_H 1
| #define HAVE_TERMIOS_H 1
| #define HAVE_SYS_IOCTL_H 1
| #define HAVE_SYS_SELECT_H 1
| #define HAVE_SYS_TIME_H 1
| #define HAVE_SYS_SOCKIO_H 1
| #define HAVE_UTMPX_H 1
| #define HAVE_UNISTD_H 1
| #define HAVE_STDARG_H 1
| #define HAVE_ERRNO_H 1
| #define TIME_WITH_SYS_TIME 1
| #define RETSIGTYPE void
| #define HAVE_MEMMOVE 1
| #define HAVE_PUTENV 1
| #define HAVE_STRSEP 1
| /* end confdefs.h.  */
| /* Define memmem to an innocuous variant, in case <limits.h> declares memmem.
|    For example, HP-UX 11i <limits.h> declares gettimeofday.  */
| #define memmem innocuous_memmem
| 
| /* System header to define __stub macros and hopefully few prototypes,
|     which can conflict with char memmem (); below.
|     Prefer <limits.h> to <assert.h> if __STDC__ is defined, since
|     <limits.h> exists even on freestanding compilers.  */
| 
| #ifdef __STDC__
| # include <limits.h>
| #else
| # include <assert.h>
| #endif
| 
| #undef memmem
| 
| /* Override any gcc2 internal prototype to avoid an error.  */
| #ifdef __cplusplus
| extern "C"
| {
| #endif
| /* We use char because int might match the return type of a gcc2
|    builtin and then its argument prototype would still apply.  */
| char memmem ();
| /* The GNU C library defines this for functions which it implements
|     to always fail with ENOSYS.  Some functions are actually named
|     something starting with __ and the normal name is an alias.  */
| #if defined (__stub_memmem) || defined (__stub___memmem)
| choke me
| #else
| char (*f) () = memmem;
| #endif
| #ifdef __cplusplus
| }
| #endif
| 
| int
| main ()
| {
| return f != memmem;
|   ;
|   return 0;
| }
configure:23591: result: no
configure:23503: checking for usleep
configure:23560: /usr/bin/gcc -o conftest -g -O2   conftest.c  >&5
configure:23566: $? = 0
configure:23570: test -z 
			 || test ! -s conftest.err
configure:23573: $? = 0
configure:23576: test -s conftest
configure:23579: $? = 0
configure:23591: result: yes
configure:23503: checking for snprintf
configure:23560: /usr/bin/gcc -o conftest -g -O2   conftest.c  >&5
conftest.c:73: warning: conflicting types for built-in function 'snprintf'
configure:23566: $? = 0
configure:23570: test -z 
			 || test ! -s conftest.err
configure:23573: $? = 0
configure:23576: test -s conftest
configure:23579: $? = 0
configure:23591: result: yes
configure:23503: checking for vsnprintf
configure:23560: /usr/bin/gcc -o conftest -g -O2   conftest.c  >&5
conftest.c:74: warning: conflicting types for built-in function 'vsnprintf'
configure:23566: $? = 0
configure:23570: test -z 
			 || test ! -s conftest.err
configure:23573: $? = 0
configure:23576: test -s conftest
configure:23579: $? = 0
configure:23591: result: yes
configure:23503: checking for strcasestr
configure:23560: /usr/bin/gcc -o conftest -g -O2   conftest.c  >&5
configure:23566: $? = 0
configure:23570: test -z 
			 || test ! -s conftest.err
configure:23573: $? = 0
configure:23576: test -s conftest
configure:23579: $? = 0
configure:23591: result: yes
configure:23503: checking for strcasechr
configure:23560: /usr/bin/gcc -o conftest -g -O2   conftest.c  >&5
Undefined symbols:
  "_strcasechr", referenced from:
      _f in ccLtk1xi.o
      _strcasechr$non_lazy_ptr in ccLtk1xi.o
ld: symbol(s) not found
collect2: ld returned 1 exit status
configure:23566: $? = 1
configure: failed program was:
| /* confdefs.h.  */
| 
| #define PACKAGE_NAME ""
| #define PACKAGE_TARNAME ""
| #define PACKAGE_VERSION ""
| #define PACKAGE_STRING ""
| #define PACKAGE_BUGREPORT ""
| #define PACKAGE "libast"
| #define VERSION "0.7"
| #define LIBAST_VERSION "0.7"
| #define AUTHORS "Michael Jennings (mej@eterm.org)"
| #define STDC_HEADERS 1
| #define HAVE_SYS_TYPES_H 1
| #define HAVE_SYS_STAT_H 1
| #define HAVE_STDLIB_H 1
| #define HAVE_STRING_H 1
| #define HAVE_MEMORY_H 1
| #define HAVE_STRINGS_H 1
| #define HAVE_INTTYPES_H 1
| #define HAVE_STDINT_H 1
| #define HAVE_UNISTD_H 1
| #define HAVE_DLFCN_H 1
| #ifdef __cplusplus
| extern "C" void exit (int);
| #endif
| #define SIZEOF_CHAR 1
| #define SIZEOF_SHORT 2
| #define SIZEOF_INT 4
| #define SIZEOF_LONG 4
| #define SIZEOF_LONG_LONG 8
| #define HAVE_SYS_WAIT_H 1
| #define HAVE_FCNTL_H 1
| #define HAVE_TERMIOS_H 1
| #define HAVE_SYS_IOCTL_H 1
| #define HAVE_SYS_SELECT_H 1
| #define HAVE_SYS_TIME_H 1
| #define HAVE_SYS_SOCKIO_H 1
| #define HAVE_UTMPX_H 1
| #define HAVE_UNISTD_H 1
| #define HAVE_STDARG_H 1
| #define HAVE_ERRNO_H 1
| #define TIME_WITH_SYS_TIME 1
| #define RETSIGTYPE void
| #define HAVE_MEMMOVE 1
| #define HAVE_PUTENV 1
| #define HAVE_STRSEP 1
| #define HAVE_USLEEP 1
| #define HAVE_SNPRINTF 1
| #define HAVE_VSNPRINTF 1
| #define HAVE_STRCASESTR 1
| /* end confdefs.h.  */
| /* Define strcasechr to an innocuous variant, in case <limits.h> declares strcasechr.
|    For example, HP-UX 11i <limits.h> declares gettimeofday.  */
| #define strcasechr innocuous_strcasechr
| 
| /* System header to define __stub macros and hopefully few prototypes,
|     which can conflict with char strcasechr (); below.
|     Prefer <limits.h> to <assert.h> if __STDC__ is defined, since
|     <limits.h> exists even on freestanding compilers.  */
| 
| #ifdef __STDC__
| # include <limits.h>
| #else
| # include <assert.h>
| #endif
| 
| #undef strcasechr
| 
| /* Override any gcc2 internal prototype to avoid an error.  */
| #ifdef __cplusplus
| extern "C"
| {
| #endif
| /* We use char because int might match the return type of a gcc2
|    builtin and then its argument prototype would still apply.  */
| char strcasechr ();
| /* The GNU C library defines this for functions which it implements
|     to always fail with ENOSYS.  Some functions are actually named
|     something starting with __ and the normal name is an alias.  */
| #if defined (__stub_strcasechr) || defined (__stub___strcasechr)
| choke me
| #else
| char (*f) () = strcasechr;
| #endif
| #ifdef __cplusplus
| }
| #endif
| 
| int
| main ()
| {
| return f != strcasechr;
|   ;
|   return 0;
| }
configure:23591: result: no
configure:23503: checking for strcasepbrk
configure:23560: /usr/bin/gcc -o conftest -g -O2   conftest.c  >&5
Undefined symbols:
  "_strcasepbrk", referenced from:
      _f in cc8gY7w9.o
      _strcasepbrk$non_lazy_ptr in cc8gY7w9.o
ld: symbol(s) not found
collect2: ld returned 1 exit status
configure:23566: $? = 1
configure: failed program was:
| /* confdefs.h.  */
| 
| #define PACKAGE_NAME ""
| #define PACKAGE_TARNAME ""
| #define PACKAGE_VERSION ""
| #define PACKAGE_STRING ""
| #define PACKAGE_BUGREPORT ""
| #define PACKAGE "libast"
| #define VERSION "0.7"
| #define LIBAST_VERSION "0.7"
| #define AUTHORS "Michael Jennings (mej@eterm.org)"
| #define STDC_HEADERS 1
| #define HAVE_SYS_TYPES_H 1
| #define HAVE_SYS_STAT_H 1
| #define HAVE_STDLIB_H 1
| #define HAVE_STRING_H 1
| #define HAVE_MEMORY_H 1
| #define HAVE_STRINGS_H 1
| #define HAVE_INTTYPES_H 1
| #define HAVE_STDINT_H 1
| #define HAVE_UNISTD_H 1
| #define HAVE_DLFCN_H 1
| #ifdef __cplusplus
| extern "C" void exit (int);
| #endif
| #define SIZEOF_CHAR 1
| #define SIZEOF_SHORT 2
| #define SIZEOF_INT 4
| #define SIZEOF_LONG 4
| #define SIZEOF_LONG_LONG 8
| #define HAVE_SYS_WAIT_H 1
| #define HAVE_FCNTL_H 1
| #define HAVE_TERMIOS_H 1
| #define HAVE_SYS_IOCTL_H 1
| #define HAVE_SYS_SELECT_H 1
| #define HAVE_SYS_TIME_H 1
| #define HAVE_SYS_SOCKIO_H 1
| #define HAVE_UTMPX_H 1
| #define HAVE_UNISTD_H 1
| #define HAVE_STDARG_H 1
| #define HAVE_ERRNO_H 1
| #define TIME_WITH_SYS_TIME 1
| #define RETSIGTYPE void
| #define HAVE_MEMMOVE 1
| #define HAVE_PUTENV 1
| #define HAVE_STRSEP 1
| #define HAVE_USLEEP 1
| #define HAVE_SNPRINTF 1
| #define HAVE_VSNPRINTF 1
| #define HAVE_STRCASESTR 1
| /* end confdefs.h.  */
| /* Define strcasepbrk to an innocuous variant, in case <limits.h> declares strcasepbrk.
|    For example, HP-UX 11i <limits.h> declares gettimeofday.  */
| #define strcasepbrk innocuous_strcasepbrk
| 
| /* System header to define __stub macros and hopefully few prototypes,
|     which can conflict with char strcasepbrk (); below.
|     Prefer <limits.h> to <assert.h> if __STDC__ is defined, since
|     <limits.h> exists even on freestanding compilers.  */
| 
| #ifdef __STDC__
| # include <limits.h>
| #else
| # include <assert.h>
| #endif
| 
| #undef strcasepbrk
| 
| /* Override any gcc2 internal prototype to avoid an error.  */
| #ifdef __cplusplus
| extern "C"
| {
| #endif
| /* We use char because int might match the return type of a gcc2
|    builtin and then its argument prototype would still apply.  */
| char strcasepbrk ();
| /* The GNU C library defines this for functions which it implements
|     to always fail with ENOSYS.  Some functions are actually named
|     something starting with __ and the normal name is an alias.  */
| #if defined (__stub_strcasepbrk) || defined (__stub___strcasepbrk)
| choke me
| #else
| char (*f) () = strcasepbrk;
| #endif
| #ifdef __cplusplus
| }
| #endif
| 
| int
| main ()
| {
| return f != strcasepbrk;
|   ;
|   return 0;
| }
configure:23591: result: no
configure:23503: checking for strrev
configure:23560: /usr/bin/gcc -o conftest -g -O2   conftest.c  >&5
Undefined symbols:
  "_strrev", referenced from:
      _f in ccXw4UwC.o
      _strrev$non_lazy_ptr in ccXw4UwC.o
ld: symbol(s) not found
collect2: ld returned 1 exit status
configure:23566: $? = 1
configure: failed program was:
| /* confdefs.h.  */
| 
| #define PACKAGE_NAME ""
| #define PACKAGE_TARNAME ""
| #define PACKAGE_VERSION ""
| #define PACKAGE_STRING ""
| #define PACKAGE_BUGREPORT ""
| #define PACKAGE "libast"
| #define VERSION "0.7"
| #define LIBAST_VERSION "0.7"
| #define AUTHORS "Michael Jennings (mej@eterm.org)"
| #define STDC_HEADERS 1
| #define HAVE_SYS_TYPES_H 1
| #define HAVE_SYS_STAT_H 1
| #define HAVE_STDLIB_H 1
| #define HAVE_STRING_H 1
| #define HAVE_MEMORY_H 1
| #define HAVE_STRINGS_H 1
| #define HAVE_INTTYPES_H 1
| #define HAVE_STDINT_H 1
| #define HAVE_UNISTD_H 1
| #define HAVE_DLFCN_H 1
| #ifdef __cplusplus
| extern "C" void exit (int);
| #endif
| #define SIZEOF_CHAR 1
| #define SIZEOF_SHORT 2
| #define SIZEOF_INT 4
| #define SIZEOF_LONG 4
| #define SIZEOF_LONG_LONG 8
| #define HAVE_SYS_WAIT_H 1
| #define HAVE_FCNTL_H 1
| #define HAVE_TERMIOS_H 1
| #define HAVE_SYS_IOCTL_H 1
| #define HAVE_SYS_SELECT_H 1
| #define HAVE_SYS_TIME_H 1
| #define HAVE_SYS_SOCKIO_H 1
| #define HAVE_UTMPX_H 1
| #define HAVE_UNISTD_H 1
| #define HAVE_STDARG_H 1
| #define HAVE_ERRNO_H 1
| #define TIME_WITH_SYS_TIME 1
| #define RETSIGTYPE void
| #define HAVE_MEMMOVE 1
| #define HAVE_PUTENV 1
| #define HAVE_STRSEP 1
| #define HAVE_USLEEP 1
| #define HAVE_SNPRINTF 1
| #define HAVE_VSNPRINTF 1
| #define HAVE_STRCASESTR 1
| /* end confdefs.h.  */
| /* Define strrev to an innocuous variant, in case <limits.h> declares strrev.
|    For example, HP-UX 11i <limits.h> declares gettimeofday.  */
| #define strrev innocuous_strrev
| 
| /* System header to define __stub macros and hopefully few prototypes,
|     which can conflict with char strrev (); below.
|     Prefer <limits.h> to <assert.h> if __STDC__ is defined, since
|     <limits.h> exists even on freestanding compilers.  */
| 
| #ifdef __STDC__
| # include <limits.h>
| #else
| # include <assert.h>
| #endif
| 
| #undef strrev
| 
| /* Override any gcc2 internal prototype to avoid an error.  */
| #ifdef __cplusplus
| extern "C"
| {
| #endif
| /* We use char because int might match the return type of a gcc2
|    builtin and then its argument prototype would still apply.  */
| char strrev ();
| /* The GNU C library defines this for functions which it implements
|     to always fail with ENOSYS.  Some functions are actually named
|     something starting with __ and the normal name is an alias.  */
| #if defined (__stub_strrev) || defined (__stub___strrev)
| choke me
| #else
| char (*f) () = strrev;
| #endif
| #ifdef __cplusplus
| }
| #endif
| 
| int
| main ()
| {
| return f != strrev;
|   ;
|   return 0;
| }
configure:23591: result: no
configure:23503: checking for strnlen
configure:23560: /usr/bin/gcc -o conftest -g -O2   conftest.c  >&5
Undefined symbols:
  "_strnlen", referenced from:
      _f in cckUr5nZ.o
      _strnlen$non_lazy_ptr in cckUr5nZ.o
ld: symbol(s) not found
collect2: ld returned 1 exit status
configure:23566: $? = 1
configure: failed program was:
| /* confdefs.h.  */
| 
| #define PACKAGE_NAME ""
| #define PACKAGE_TARNAME ""
| #define PACKAGE_VERSION ""
| #define PACKAGE_STRING ""
| #define PACKAGE_BUGREPORT ""
| #define PACKAGE "libast"
| #define VERSION "0.7"
| #define LIBAST_VERSION "0.7"
| #define AUTHORS "Michael Jennings (mej@eterm.org)"
| #define STDC_HEADERS 1
| #define HAVE_SYS_TYPES_H 1
| #define HAVE_SYS_STAT_H 1
| #define HAVE_STDLIB_H 1
| #define HAVE_STRING_H 1
| #define HAVE_MEMORY_H 1
| #define HAVE_STRINGS_H 1
| #define HAVE_INTTYPES_H 1
| #define HAVE_STDINT_H 1
| #define HAVE_UNISTD_H 1
| #define HAVE_DLFCN_H 1
| #ifdef __cplusplus
| extern "C" void exit (int);
| #endif
| #define SIZEOF_CHAR 1
| #define SIZEOF_SHORT 2
| #define SIZEOF_INT 4
| #define SIZEOF_LONG 4
| #define SIZEOF_LONG_LONG 8
| #define HAVE_SYS_WAIT_H 1
| #define HAVE_FCNTL_H 1
| #define HAVE_TERMIOS_H 1
| #define HAVE_SYS_IOCTL_H 1
| #define HAVE_SYS_SELECT_H 1
| #define HAVE_SYS_TIME_H 1
| #define HAVE_SYS_SOCKIO_H 1
| #define HAVE_UTMPX_H 1
| #define HAVE_UNISTD_H 1
| #define HAVE_STDARG_H 1
| #define HAVE_ERRNO_H 1
| #define TIME_WITH_SYS_TIME 1
| #define RETSIGTYPE void
| #define HAVE_MEMMOVE 1
| #define HAVE_PUTENV 1
| #define HAVE_STRSEP 1
| #define HAVE_USLEEP 1
| #define HAVE_SNPRINTF 1
| #define HAVE_VSNPRINTF 1
| #define HAVE_STRCASESTR 1
| /* end confdefs.h.  */
| /* Define strnlen to an innocuous variant, in case <limits.h> declares strnlen.
|    For example, HP-UX 11i <limits.h> declares gettimeofday.  */
| #define strnlen innocuous_strnlen
| 
| /* System header to define __stub macros and hopefully few prototypes,
|     which can conflict with char strnlen (); below.
|     Prefer <limits.h> to <assert.h> if __STDC__ is defined, since
|     <limits.h> exists even on freestanding compilers.  */
| 
| #ifdef __STDC__
| # include <limits.h>
| #else
| # include <assert.h>
| #endif
| 
| #undef strnlen
| 
| /* Override any gcc2 internal prototype to avoid an error.  */
| #ifdef __cplusplus
| extern "C"
| {
| #endif
| /* We use char because int might match the return type of a gcc2
|    builtin and then its argument prototype would still apply.  */
| char strnlen ();
| /* The GNU C library defines this for functions which it implements
|     to always fail with ENOSYS.  Some functions are actually named
|     something starting with __ and the normal name is an alias.  */
| #if defined (__stub_strnlen) || defined (__stub___strnlen)
| choke me
| #else
| char (*f) () = strnlen;
| #endif
| #ifdef __cplusplus
| }
| #endif
| 
| int
| main ()
| {
| return f != strnlen;
|   ;
|   return 0;
| }
configure:23591: result: no
configure:23601: checking for library containing hstrerror
configure:23631: /usr/bin/gcc -o conftest -g -O2   conftest.c  >&5
configure:23637: $? = 0
configure:23641: test -z 
			 || test ! -s conftest.err
configure:23644: $? = 0
configure:23647: test -s conftest
configure:23650: $? = 0
configure:23720: result: none required
configure:23728: checking whether snprintf ignores n
configure:23764: /usr/bin/gcc -o conftest -g -O2   conftest.c  >&5
conftest.c: In function 'main':
conftest.c:64: warning: incompatible implicit declaration of built-in function 'exit'
configure:23767: $? = 0
configure:23769: ./conftest
configure:23772: $? = 0
configure:23789: result: no, snprintf is ok
configure:23810: checking whether vsnprintf ignores n
configure:23854: /usr/bin/gcc -o conftest -g -O2   conftest.c  >&5
conftest.c: In function 'main':
conftest.c:72: warning: incompatible implicit declaration of built-in function 'exit'
conftest.c:74: warning: incompatible implicit declaration of built-in function 'exit'
conftest.c:75: warning: incompatible implicit declaration of built-in function 'exit'
configure:23857: $? = 0
configure:23859: ./conftest
configure:23862: $? = 0
configure:23880: result: no, vsnprintf is ok
configure:23901: checking security of interaction between symlink and open
configure:23960: /usr/bin/gcc -o conftest -g -O2   conftest.c  >&5
configure:23963: $? = 0
configure:23965: ./conftest
configure:23968: $? = 0
configure:23992: result: secure
configure:24033: checking for working RLIMIT_NPROC resource limit
configure:24081: /usr/bin/gcc -o conftest -g -O2   conftest.c  >&5
conftest.c: In function 'main':
conftest.c:79: warning: incompatible implicit declaration of built-in function 'exit'
configure:24084: $? = 0
configure:24086: ./conftest
configure:24089: $? = 1
configure: program exited with status 1
configure: failed program was:
| /* confdefs.h.  */
| 
| #define PACKAGE_NAME ""
| #define PACKAGE_TARNAME ""
| #define PACKAGE_VERSION ""
| #define PACKAGE_STRING ""
| #define PACKAGE_BUGREPORT ""
| #define PACKAGE "libast"
| #define VERSION "0.7"
| #define LIBAST_VERSION "0.7"
| #define AUTHORS "Michael Jennings (mej@eterm.org)"
| #define STDC_HEADERS 1
| #define HAVE_SYS_TYPES_H 1
| #define HAVE_SYS_STAT_H 1
| #define HAVE_STDLIB_H 1
| #define HAVE_STRING_H 1
| #define HAVE_MEMORY_H 1
| #define HAVE_STRINGS_H 1
| #define HAVE_INTTYPES_H 1
| #define HAVE_STDINT_H 1
| #define HAVE_UNISTD_H 1
| #define HAVE_DLFCN_H 1
| #ifdef __cplusplus
| extern "C" void exit (int);
| #endif
| #define SIZEOF_CHAR 1
| #define SIZEOF_SHORT 2
| #define SIZEOF_INT 4
| #define SIZEOF_LONG 4
| #define SIZEOF_LONG_LONG 8
| #define HAVE_SYS_WAIT_H 1
| #define HAVE_FCNTL_H 1
| #define HAVE_TERMIOS_H 1
| #define HAVE_SYS_IOCTL_H 1
| #define HAVE_SYS_SELECT_H 1
| #define HAVE_SYS_TIME_H 1
| #define HAVE_SYS_SOCKIO_H 1
| #define HAVE_UTMPX_H 1
| #define HAVE_UNISTD_H 1
| #define HAVE_STDARG_H 1
| #define HAVE_ERRNO_H 1
| #define TIME_WITH_SYS_TIME 1
| #define RETSIGTYPE void
| #define HAVE_MEMMOVE 1
| #define HAVE_PUTENV 1
| #define HAVE_STRSEP 1
| #define HAVE_USLEEP 1
| #define HAVE_SNPRINTF 1
| #define HAVE_VSNPRINTF 1
| #define HAVE_STRCASESTR 1
| /* end confdefs.h.  */
| 
| #ifndef HAVE_STDLIB_H
| #include <stdlib.h>
| #endif /* HAVE_STDLIB_H */
| #ifndef HAVE_SIGNAL_H
| #include <signal.h>
| #endif /* HAVE_SIGNAL_H */
| #ifdef HAVE_UNISTD_H
| #include <unistd.h>
| #endif /* HAVE_UNISTD_H */
| #ifdef HAVE_SYS_RESOURCE_H
| #include <sys/resource.h>
| #endif /* HAVE_SYS_RESOURCE_H */
| 
| int main(void)
| {
| #ifdef RLIMIT_NPROC
|     static const struct rlimit pid_lim={RLIMIT_NPROC, 1};
|     pid_t f;
| 
|     signal(SIGCHLD, SIG_IGN);
|     setrlimit(RLIMIT_NPROC, (struct rlimit *) &pid_lim);
|     if ((f=fork())==0)
| 	exit(0);
|     if (f==-1)
| 	exit(0); /* The fork() failed (the right thing) */
| #endif
|    exit(1);
| }
| 
| 
configure:24114: result: no
configure:24122: checking for working RLIMIT_MEMLOCK resource limit
configure:24172: /usr/bin/gcc -o conftest -g -O2   conftest.c  >&5
conftest.c: In function 'main':
conftest.c:81: warning: incompatible implicit declaration of built-in function 'exit'
configure:24175: $? = 0
configure:24177: ./conftest
configure:24180: $? = 1
configure: program exited with status 1
configure: failed program was:
| /* confdefs.h.  */
| 
| #define PACKAGE_NAME ""
| #define PACKAGE_TARNAME ""
| #define PACKAGE_VERSION ""
| #define PACKAGE_STRING ""
| #define PACKAGE_BUGREPORT ""
| #define PACKAGE "libast"
| #define VERSION "0.7"
| #define LIBAST_VERSION "0.7"
| #define AUTHORS "Michael Jennings (mej@eterm.org)"
| #define STDC_HEADERS 1
| #define HAVE_SYS_TYPES_H 1
| #define HAVE_SYS_STAT_H 1
| #define HAVE_STDLIB_H 1
| #define HAVE_STRING_H 1
| #define HAVE_MEMORY_H 1
| #define HAVE_STRINGS_H 1
| #define HAVE_INTTYPES_H 1
| #define HAVE_STDINT_H 1
| #define HAVE_UNISTD_H 1
| #define HAVE_DLFCN_H 1
| #ifdef __cplusplus
| extern "C" void exit (int);
| #endif
| #define SIZEOF_CHAR 1
| #define SIZEOF_SHORT 2
| #define SIZEOF_INT 4
| #define SIZEOF_LONG 4
| #define SIZEOF_LONG_LONG 8
| #define HAVE_SYS_WAIT_H 1
| #define HAVE_FCNTL_H 1
| #define HAVE_TERMIOS_H 1
| #define HAVE_SYS_IOCTL_H 1
| #define HAVE_SYS_SELECT_H 1
| #define HAVE_SYS_TIME_H 1
| #define HAVE_SYS_SOCKIO_H 1
| #define HAVE_UTMPX_H 1
| #define HAVE_UNISTD_H 1
| #define HAVE_STDARG_H 1
| #define HAVE_ERRNO_H 1
| #define TIME_WITH_SYS_TIME 1
| #define RETSIGTYPE void
| #define HAVE_MEMMOVE 1
| #define HAVE_PUTENV 1
| #define HAVE_STRSEP 1
| #define HAVE_USLEEP 1
| #define HAVE_SNPRINTF 1
| #define HAVE_VSNPRINTF 1
| #define HAVE_STRCASESTR 1
| /* end confdefs.h.  */
| 
| #ifndef HAVE_STDLIB_H
| #include <stdlib.h>
| #endif /* HAVE_STDLIB_H */
| #ifndef HAVE_SIGNAL_H
| #include <signal.h>
| #endif /* HAVE_SIGNAL_H */
| #ifdef HAVE_UNISTD_H
| #include <unistd.h>
| #endif /* HAVE_UNISTD_H */
| #ifdef HAVE_SYS_RESOURCE_H
| #include <sys/resource.h>
| #endif /* HAVE_SYS_RESOURCE_H */
| #ifdef HAVE_SYS_MMAN
| #include <sys/mman.h>
| #endif /* HAVE_SYS_MMAN */
| #ifdef HAVE_ERRNO_H
| #include <errno.h>
| #endif /* HAVE_ERRNO_H */
| 
| int main(void)
| {
| #ifdef RLIMIT_MEMLOCK
|     static const struct rlimit mlock_lim={RLIMIT_MEMLOCK, 0};
|     void *memory;
| 
|     if (setrlimit(RLIMIT_MEMLOCK, (struct rlimit *) &mlock_lim)!=-1)
| 	exit(0);
| #endif
| exit(1);
| }
| 
| 
configure:24205: result: no
configure:24217: checking for debugging level
configure:24249: result: 4
configure:24284: checking if STRICT_ISO_C99 required
configure:24307: /usr/bin/gcc -o conftest -g -O2   conftest.c  >&5
conftest.c: In function 'main':
conftest.c:56: warning: target of assignment not really an lvalue; this will be a hard error in the future
configure:24310: $? = 0
configure:24312: ./conftest
configure:24315: $? = 0
configure:24317: result: no
configure:24338: checking for X
configure:24443: /usr/bin/gcc -E  conftest.c
configure:24449: $? = 0
configure:24499: /usr/bin/gcc -o conftest -g -O2   conftest.c -lXt  >&5
configure:24505: $? = 0
configure:24509: test -z 
			 || test ! -s conftest.err
configure:24512: $? = 0
configure:24515: test -s conftest
configure:24518: $? = 0
configure:24568: result: libraries , headers 
configure:24741: /usr/bin/gcc -o conftest -g -O2   conftest.c   -lX11 >&5
configure:24747: $? = 0
configure:24751: test -z 
			 || test ! -s conftest.err
configure:24754: $? = 0
configure:24757: test -s conftest
configure:24760: $? = 0
configure:24918: checking for gethostbyname
configure:24975: /usr/bin/gcc -o conftest -g -O2   conftest.c  >&5
configure:24981: $? = 0
configure:24985: test -z 
			 || test ! -s conftest.err
configure:24988: $? = 0
configure:24991: test -s conftest
configure:24994: $? = 0
configure:25006: result: yes
configure:25157: checking for connect
configure:25214: /usr/bin/gcc -o conftest -g -O2   conftest.c  >&5
configure:25220: $? = 0
configure:25224: test -z 
			 || test ! -s conftest.err
configure:25227: $? = 0
configure:25230: test -s conftest
configure:25233: $? = 0
configure:25245: result: yes
configure:25320: checking for remove
configure:25377: /usr/bin/gcc -o conftest -g -O2   conftest.c  >&5
configure:25383: $? = 0
configure:25387: test -z 
			 || test ! -s conftest.err
configure:25390: $? = 0
configure:25393: test -s conftest
configure:25396: $? = 0
configure:25408: result: yes
configure:25483: checking for shmat
configure:25540: /usr/bin/gcc -o conftest -g -O2   conftest.c  >&5
configure:25546: $? = 0
configure:25550: test -z 
			 || test ! -s conftest.err
configure:25553: $? = 0
configure:25556: test -s conftest
configure:25559: $? = 0
configure:25571: result: yes
configure:25655: checking for IceConnectionNumber in -lICE
configure:25685: /usr/bin/gcc -o conftest -g -O2   conftest.c -lICE   >&5
configure:25691: $? = 0
configure:25695: test -z 
			 || test ! -s conftest.err
configure:25698: $? = 0
configure:25701: test -s conftest
configure:25704: $? = 0
configure:25717: result: yes
configure:25743: checking for XOpenDisplay in -lX11
configure:25773: /usr/bin/gcc -o conftest -g -O2   conftest.c -lX11   >&5
configure:25779: $? = 0
configure:25783: test -z 
			 || test ! -s conftest.err
configure:25786: $? = 0
configure:25789: test -s conftest
configure:25792: $? = 0
configure:25805: result: yes
configure:25847: checking for imlib2-config
configure:25863: found /usr/local/bin/imlib2-config
configure:25873: result: imlib2-config
configure:26176: checking for MMX support
configure:26203: result: no
configure:26237: checking pcre.h usability
configure:26249: /usr/bin/gcc -c -g -O2 -I/usr/local/include  conftest.c >&5
configure:26255: $? = 0
configure:26259: test -z 
			 || test ! -s conftest.err
configure:26262: $? = 0
configure:26265: test -s conftest.o
configure:26268: $? = 0
configure:26278: result: yes
configure:26282: checking pcre.h presence
configure:26292: /usr/bin/gcc -E  conftest.c
configure:26298: $? = 0
configure:26318: result: yes
configure:26353: checking for pcre.h
configure:26360: result: yes
configure:26376: checking for library containing pcre_compile
configure:26406: /usr/bin/gcc -o conftest -g -O2 -I/usr/local/include   conftest.c  >&5
Undefined symbols:
  "_pcre_compile", referenced from:
      _main in ccKwVmMB.o
ld: symbol(s) not found
collect2: ld returned 1 exit status
configure:26412: $? = 1
configure: failed program was:
| /* confdefs.h.  */
| 
| #define PACKAGE_NAME ""
| #define PACKAGE_TARNAME ""
| #define PACKAGE_VERSION ""
| #define PACKAGE_STRING ""
| #define PACKAGE_BUGREPORT ""
| #define PACKAGE "libast"
| #define VERSION "0.7"
| #define LIBAST_VERSION "0.7"
| #define AUTHORS "Michael Jennings (mej@eterm.org)"
| #define STDC_HEADERS 1
| #define HAVE_SYS_TYPES_H 1
| #define HAVE_SYS_STAT_H 1
| #define HAVE_STDLIB_H 1
| #define HAVE_STRING_H 1
| #define HAVE_MEMORY_H 1
| #define HAVE_STRINGS_H 1
| #define HAVE_INTTYPES_H 1
| #define HAVE_STDINT_H 1
| #define HAVE_UNISTD_H 1
| #define HAVE_DLFCN_H 1
| #ifdef __cplusplus
| extern "C" void exit (int);
| #endif
| #define SIZEOF_CHAR 1
| #define SIZEOF_SHORT 2
| #define SIZEOF_INT 4
| #define SIZEOF_LONG 4
| #define SIZEOF_LONG_LONG 8
| #define HAVE_SYS_WAIT_H 1
| #define HAVE_FCNTL_H 1
| #define HAVE_TERMIOS_H 1
| #define HAVE_SYS_IOCTL_H 1
| #define HAVE_SYS_SELECT_H 1
| #define HAVE_SYS_TIME_H 1
| #define HAVE_SYS_SOCKIO_H 1
| #define HAVE_UTMPX_H 1
| #define HAVE_UNISTD_H 1
| #define HAVE_STDARG_H 1
| #define HAVE_ERRNO_H 1
| #define TIME_WITH_SYS_TIME 1
| #define RETSIGTYPE void
| #define HAVE_MEMMOVE 1
| #define HAVE_PUTENV 1
| #define HAVE_STRSEP 1
| #define HAVE_USLEEP 1
| #define HAVE_SNPRINTF 1
| #define HAVE_VSNPRINTF 1
| #define HAVE_STRCASESTR 1
| #define DEBUG 4
| #define LIBAST_X11_SUPPORT 1
| #define HAVE_PCRE_H 1
| /* end confdefs.h.  */
| 
| /* Override any gcc2 internal prototype to avoid an error.  */
| #ifdef __cplusplus
| extern "C"
| #endif
| /* We use char because int might match the return type of a gcc2
|    builtin and then its argument prototype would still apply.  */
| char pcre_compile ();
| int
| main ()
| {
| pcre_compile ();
|   ;
|   return 0;
| }
configure:26461: /usr/bin/gcc -o conftest -g -O2 -I/usr/local/include   conftest.c -lpcre   >&5
configure:26467: $? = 0
configure:26471: test -z 
			 || test ! -s conftest.err
configure:26474: $? = 0
configure:26477: test -s conftest
configure:26480: $? = 0
configure:26495: result: -lpcre
configure:27112: checking for regular expression support
configure:27114: result: pcre
configure:27118: checking if backquote execution support should be enabled
configure:27142: result: yes
configure:27293: creating ./config.status

## ---------------------- ##
## Running config.status. ##
## ---------------------- ##

This file was extended by config.status, which was
generated by GNU Autoconf 2.59.  Invocation command line was

  CONFIG_FILES    = 
  CONFIG_HEADERS  = 
  CONFIG_LINKS    = 
  CONFIG_COMMANDS = 
  $ ./config.status 

on Chriss-iPad

config.status:753: creating include/libast/types.h
config.status:753: creating Makefile
config.status:753: creating include/Makefile
config.status:753: creating include/libast/Makefile
config.status:753: creating src/Makefile
config.status:753: creating test/Makefile
config.status:753: creating libast-config
config.status:857: creating config.h
config.status:857: creating include/libast/sysdefs.h
config.status:1227: executing depfiles commands

## ---------------- ##
## Cache variables. ##
## ---------------- ##

ac_cv_build=arm-apple-darwin10.4.0
ac_cv_build_alias=arm-apple-darwin10.4.0
ac_cv_c_bigendian=no
ac_cv_c_compiler_gnu=yes
ac_cv_c_const=yes
ac_cv_c_inline=inline
ac_cv_cxx_compiler_gnu=yes
ac_cv_env_CC_set=set
ac_cv_env_CC_value=/usr/bin/gcc
ac_cv_env_CFLAGS_set=
ac_cv_env_CFLAGS_value=
ac_cv_env_CPPFLAGS_set=
ac_cv_env_CPPFLAGS_value=
ac_cv_env_CPP_set=
ac_cv_env_CPP_value=
ac_cv_env_CXXCPP_set=
ac_cv_env_CXXCPP_value=
ac_cv_env_CXXFLAGS_set=
ac_cv_env_CXXFLAGS_value=
ac_cv_env_CXX_set=
ac_cv_env_CXX_value=
ac_cv_env_F77_set=
ac_cv_env_F77_value=
ac_cv_env_FFLAGS_set=
ac_cv_env_FFLAGS_value=
ac_cv_env_LDFLAGS_set=
ac_cv_env_LDFLAGS_value=
ac_cv_env_build_alias_set=
ac_cv_env_build_alias_value=
ac_cv_env_host_alias_set=
ac_cv_env_host_alias_value=
ac_cv_env_target_alias_set=
ac_cv_env_target_alias_value=
ac_cv_exeext=
ac_cv_f77_compiler_gnu=no
ac_cv_func_connect=yes
ac_cv_func_gethostbyname=yes
ac_cv_func_memmem=no
ac_cv_func_memmove=yes
ac_cv_func_putenv=yes
ac_cv_func_remove=yes
ac_cv_func_shmat=yes
ac_cv_func_snprintf=yes
ac_cv_func_strcasechr=no
ac_cv_func_strcasepbrk=no
ac_cv_func_strcasestr=yes
ac_cv_func_strnlen=no
ac_cv_func_strrev=no
ac_cv_func_strsep=yes
ac_cv_func_usleep=yes
ac_cv_func_vsnprintf=yes
ac_cv_have_x='have_x=yes 		ac_x_includes= ac_x_libraries='
ac_cv_header_bsd_signal_h=no
ac_cv_header_dlfcn_h=yes
ac_cv_header_errno_h=yes
ac_cv_header_fcntl_h=yes
ac_cv_header_inttypes_h=yes
ac_cv_header_malloc_h=no
ac_cv_header_memory_h=yes
ac_cv_header_minix_config_h=no
ac_cv_header_pcre_h=yes
ac_cv_header_stdarg_h=yes
ac_cv_header_stdc=yes
ac_cv_header_stdint_h=yes
ac_cv_header_stdlib_h=yes
ac_cv_header_string_h=yes
ac_cv_header_strings_h=yes
ac_cv_header_sys_byteorder_h=no
ac_cv_header_sys_ioctl_h=yes
ac_cv_header_sys_select_h=yes
ac_cv_header_sys_sockio_h=yes
ac_cv_header_sys_stat_h=yes
ac_cv_header_sys_time_h=yes
ac_cv_header_sys_types_h=yes
ac_cv_header_sys_wait_h=yes
ac_cv_header_termios_h=yes
ac_cv_header_time=yes
ac_cv_header_unistd_h=yes
ac_cv_header_utmpx_h=yes
ac_cv_host=arm-apple-darwin10.4.0
ac_cv_host_alias=arm-apple-darwin10.4.0
ac_cv_lib_ICE_IceConnectionNumber=yes
ac_cv_lib_X11_XOpenDisplay=yes
ac_cv_objext=o
ac_cv_path_install='/usr/bin/install -c'
ac_cv_prog_AR=ar
ac_cv_prog_AWK=gawk
ac_cv_prog_CHMOD=chmod
ac_cv_prog_CP=cp
ac_cv_prog_CPP='/usr/bin/gcc -E'
ac_cv_prog_CTAGS=ctags
ac_cv_prog_CXXCPP='g++ -E'
ac_cv_prog_IMLIB2_CONFIG=imlib2-config
ac_cv_prog_MKDIR=mkdir
ac_cv_prog_MV=mv
ac_cv_prog_RM=rm
ac_cv_prog_SED=/bin/sed
ac_cv_prog_TAR=tar
ac_cv_prog_ac_ct_AR=ar
ac_cv_prog_ac_ct_CC=/usr/bin/gcc
ac_cv_prog_ac_ct_CXX=g++
ac_cv_prog_ac_ct_RANLIB=ranlib
ac_cv_prog_ac_ct_STRIP=strip
ac_cv_prog_cc_g=yes
ac_cv_prog_cc_stdc=
ac_cv_prog_cxx_g=yes
ac_cv_prog_egrep='grep -E'
ac_cv_prog_f77_g=no
ac_cv_prog_gcc_traditional=no
ac_cv_prog_make_make_set=yes
ac_cv_search_hstrerror='none required'
ac_cv_search_pcre_compile=-lpcre
ac_cv_search_strerror='none required'
ac_cv_sizeof_char=1
ac_cv_sizeof_int=4
ac_cv_sizeof_long=4
ac_cv_sizeof_long_long=8
ac_cv_sizeof_short=2
ac_cv_target=arm-apple-darwin10.4.0
ac_cv_target_alias=arm-apple-darwin10.4.0
ac_cv_type_char=yes
ac_cv_type_int=yes
ac_cv_type_long=yes
ac_cv_type_long_long=yes
ac_cv_type_mode_t=yes
ac_cv_type_off_t=yes
ac_cv_type_pid_t=yes
ac_cv_type_short=yes
ac_cv_type_signal=void
ac_cv_type_uid_t=yes
am_cv_CC_dependencies_compiler_type=gcc3
am_cv_CXX_dependencies_compiler_type=gcc3
dps_cv_rlimit_memlock=1
dps_cv_rlimit_nproc=1
dps_cv_snprintf_bug=0
dps_cv_symlink_open_bug=0
dps_cv_vsnprintf_bug=0
lt_cv_deplibs_check_method=pass_all
lt_cv_file_magic_cmd='$MAGIC_CMD'
lt_cv_file_magic_test_file=
lt_cv_ld_reload_flag=-r
lt_cv_objdir=.libs
lt_cv_path_LD=/usr/bin/ld
lt_cv_path_LDCXX=/usr/bin/ld
lt_cv_path_NM='/usr/bin/nm -p'
lt_cv_path_SED=/bin/sed
lt_cv_prog_compiler_c_o=yes
lt_cv_prog_compiler_c_o_CXX=yes
lt_cv_prog_compiler_rtti_exceptions=no
lt_cv_prog_gnu_ld=no
lt_cv_prog_gnu_ldcxx=no
lt_cv_sys_global_symbol_pipe='sed -n -e '\''s/^.*[ 	]\([BCDEGRST][BCDEGRST]*\)[ 	][ 	]*\(_\)\([_A-Za-z][_A-Za-z0-9]*\)$/\1 \2\3 \3/p'\'''
lt_cv_sys_global_symbol_to_c_name_address='sed -n -e '\''s/^: \([^ ]*\) $/  {\"\1\", (lt_ptr) 0},/p'\'' -e '\''s/^[BCDEGRST] \([^ ]*\) \([^ ]*\)$/  {"\2", (lt_ptr) \&\2},/p'\'''
lt_cv_sys_global_symbol_to_cdecl='sed -n -e '\''s/^. .* \(.*\)$/extern int \1;/p'\'''
lt_cv_sys_max_cmd_len=65536
lt_lt_cv_prog_compiler_c_o='"yes"'
lt_lt_cv_prog_compiler_c_o_CXX='"yes"'
lt_lt_cv_sys_global_symbol_pipe='"sed -n -e '\''s/^.*[ 	]\\([BCDEGRST][BCDEGRST]*\\)[ 	][ 	]*\\(_\\)\\([_A-Za-z][_A-Za-z0-9]*\\)\$/\\1 \\2\\3 \\3/p'\''"'
lt_lt_cv_sys_global_symbol_to_c_name_address='"sed -n -e '\''s/^: \\([^ ]*\\) \$/  {\\\"\\1\\\", (lt_ptr) 0},/p'\'' -e '\''s/^[BCDEGRST] \\([^ ]*\\) \\([^ ]*\\)\$/  {\"\\2\", (lt_ptr) \\&\\2},/p'\''"'
lt_lt_cv_sys_global_symbol_to_cdecl='"sed -n -e '\''s/^. .* \\(.*\\)\$/extern int \\1;/p'\''"'

## ----------------- ##
## Output variables. ##
## ----------------- ##

ACLOCAL='aclocal'
AMDEPBACKSLASH='\'
AMDEP_FALSE='#'
AMDEP_TRUE=''
AMTAR='tar'
AR='ar'
AS='/usr/bin/gcc'
ASFLAGS=' -I../'
AUTHORS='Michael Jennings (mej@eterm.org)'
AUTOCONF='autoconf'
AUTOHEADER='autoheader'
AUTOMAKE='automake'
AWK='gawk'
CC='/usr/bin/gcc'
CCDEPMODE='depmode=gcc3'
CFLAGS='-g -O2 -I/usr/local/include'
CHMOD='chmod'
CP='cp'
CPP='/usr/bin/gcc -E'
CPPFLAGS=''
CTAGS='ctags'
CXX='g++'
CXXCPP='g++ -E'
CXXDEPMODE='depmode=gcc3'
CXXFLAGS='-g -O2'
CYGPATH_W='echo'
DEFS='-DHAVE_CONFIG_H'
DEPDIR='.deps'
ECHO='echo'
ECHO_C=''
ECHO_N='-n'
ECHO_T=''
EGREP='grep -E'
EXEEXT=''
F77=''
FFLAGS=''
IMLIB2_CONFIG='imlib2-config'
INSTALL_DATA='${INSTALL} -m 644'
INSTALL_PROGRAM='${INSTALL}'
INSTALL_SCRIPT='${INSTALL}'
INSTALL_STRIP_PROGRAM='${SHELL} $(install_sh) -c -s'
INT_16_TYPE='short'
INT_32_TYPE='int'
INT_64_TYPE='long long'
INT_8_TYPE='char'
LDFLAGS=''
LIBAST_IMLIB2_SUPPORT=''
LIBAST_MMX_SUPPORT=''
LIBAST_REGEXP_SUPPORT='regexp-pcre'
LIBAST_X11_SUPPORT='X11'
LIBOBJS=''
LIBS='-L/usr/local/lib -lImlib2 -L/usr/local/lib -lfreetype -lz -L/usr/X11R6/lib -lX11 -lXext -lm  -lSM -lICE -lpcre  '
LIBTOOL='$(SHELL) $(top_builddir)/libtool'
LIBTOOLIZE='libtoolize'
LN_S='ln -s'
LTLIBOBJS=''
MAINT='#'
MAINTAINER_MODE_FALSE=''
MAINTAINER_MODE_TRUE='#'
MAKEINFO='makeinfo'
MKDIR='mkdir'
MV='mv'
OBJEXT='o'
PACKAGE='libast'
PACKAGE_BUGREPORT=''
PACKAGE_NAME=''
PACKAGE_STRING=''
PACKAGE_TARNAME=''
PACKAGE_VERSION=''
PATH_SEPARATOR=':'
RANLIB='ranlib'
RM='rm'
SED='/bin/sed'
SET_MAKE=''
SHELL='/bin/sh'
STRIP='strip'
TAR='tar'
VERSION='0.7'
X_CFLAGS=''
X_EXTRA_LIBS=''
X_LIBS=''
X_PRE_LIBS=' -lSM -lICE'
ac_ct_AR='ar'
ac_ct_CC='/usr/bin/gcc'
ac_ct_CXX='g++'
ac_ct_F77=''
ac_ct_RANLIB='ranlib'
ac_ct_STRIP='strip'
am__fastdepCC_FALSE='#'
am__fastdepCC_TRUE=''
am__fastdepCXX_FALSE='#'
am__fastdepCXX_TRUE=''
am__include='include'
am__leading_dot='.'
am__quote=''
am__tar='${AMTAR} chof - "$$tardir"'
am__untar='${AMTAR} xf -'
bindir='${exec_prefix}/bin'
build='arm-apple-darwin10.4.0'
build_alias=''
build_cpu='arm'
build_os='darwin10.4.0'
build_vendor='apple'
datadir='${prefix}/share'
exec_prefix='${prefix}'
host='arm-apple-darwin10.4.0'
host_alias=''
host_cpu='arm'
host_os='darwin10.4.0'
host_vendor='apple'
includedir='${prefix}/include'
infodir='${prefix}/info'
install_sh='/home/chris/libast-0.7/install-sh'
libdir='${exec_prefix}/lib'
libexecdir='${exec_prefix}/libexec'
localstatedir='${prefix}/var'
mandir='${prefix}/man'
mkdir_p='mkdir -p --'
oldincludedir='/usr/include'
prefix='/usr/local'
program_transform_name='s,x,x,'
sbindir='${exec_prefix}/sbin'
sharedstatedir='${prefix}/com'
sysconfdir='${prefix}/etc'
target='arm-apple-darwin10.4.0'
target_alias=''
target_cpu='arm'
target_os='darwin10.4.0'
target_vendor='apple'

## ----------- ##
## confdefs.h. ##
## ----------- ##

#define ALLOW_BACKQUOTE_EXEC 1
#define AUTHORS "Michael Jennings (mej@eterm.org)"
#define DEBUG 4
#define HAVE_DLFCN_H 1
#define HAVE_ERRNO_H 1
#define HAVE_FCNTL_H 1
#define HAVE_INTTYPES_H 1
#define HAVE_MEMMOVE 1
#define HAVE_MEMORY_H 1
#define HAVE_PCRE_H 1
#define HAVE_PUTENV 1
#define HAVE_SNPRINTF 1
#define HAVE_STDARG_H 1
#define HAVE_STDINT_H 1
#define HAVE_STDLIB_H 1
#define HAVE_STRCASESTR 1
#define HAVE_STRINGS_H 1
#define HAVE_STRING_H 1
#define HAVE_STRSEP 1
#define HAVE_SYS_IOCTL_H 1
#define HAVE_SYS_SELECT_H 1
#define HAVE_SYS_SOCKIO_H 1
#define HAVE_SYS_STAT_H 1
#define HAVE_SYS_TIME_H 1
#define HAVE_SYS_TYPES_H 1
#define HAVE_SYS_WAIT_H 1
#define HAVE_TERMIOS_H 1
#define HAVE_UNISTD_H 1
#define HAVE_UNISTD_H 1
#define HAVE_USLEEP 1
#define HAVE_UTMPX_H 1
#define HAVE_VSNPRINTF 1
#define LIBAST_REGEXP_SUPPORT_PCRE 1
#define LIBAST_VERSION "0.7"
#define LIBAST_X11_SUPPORT 1
#define PACKAGE "libast"
#define PACKAGE_BUGREPORT ""
#define PACKAGE_NAME ""
#define PACKAGE_STRING ""
#define PACKAGE_TARNAME ""
#define PACKAGE_VERSION ""
#define RETSIGTYPE void
#define SIZEOF_CHAR 1
#define SIZEOF_INT 4
#define SIZEOF_LONG 4
#define SIZEOF_LONG_LONG 8
#define SIZEOF_SHORT 2
#define STDC_HEADERS 1
#define TIME_WITH_SYS_TIME 1
#define VERSION "0.7"
#endif
#ifdef __cplusplus
extern "C" void exit (int);

configure: exit 0
