This file contains any messages produced by compilers while
running configure, to aid debugging if configure makes a mistake.

It was created by configure, which was
generated by GNU Autoconf 2.61.  Invocation command line was

  $ ./configure --without-liblua

## --------- ##
## Platform. ##
## --------- ##

hostname = Chriss-iPhone
uname -m = iPhone6,2
uname -r = 14.0.0
uname -s = Darwin
uname -v = Darwin Kernel Version 14.0.0: Mon Sep  9 20:56:02 PDT 2013; root:xnu-2423.1.74~2/RELEASE_ARM64_S5L8960X

/usr/bin/uname -p = unknown
/bin/uname -X     = unknown

/bin/arch              = unknown
/usr/bin/arch -k       = unknown
/usr/convex/getsysinfo = unknown
/usr/bin/hostinfo      = Mach kernel version:
	 Darwin Kernel Version 14.0.0: Mon Sep  9 20:56:02 PDT 2013; root:xnu-2423.1.74~2/RELEASE_ARM64_S5L8960X
Kernel configured for up to 2 processors.
2 processors are physically available.
2 processors are logically available.
Processor type: arm64 (arm64 v8)
Processors active: 0 1
Primary memory available: 999.64 megabytes
Default processor set: 95 tasks, 542 threads, 2 processors
Load average: 1.57, Mach factor: 0.85
/bin/machine           = unknown
/usr/bin/oslevel       = unknown
/bin/universe          = unknown

PATH: /usr/local/bin
PATH: /usr/bin
PATH: /bin
PATH: /usr/sbin
PATH: /sbin


## ----------- ##
## Core tests. ##
## ----------- ##

configure:1849: checking build system type
configure:1867: result: arm64-apple-darwin14.0.0
configure:1889: checking host system type
configure:1904: result: arm64-apple-darwin14.0.0
configure:1974: checking for gcc
configure:2001: result: /usr/bin/gcc
configure:2239: checking for C compiler version
configure:2246: /usr/bin/gcc --version >&5
gcc (GCC) 4.2.1 (Based on Apple Inc. build 5555)
Copyright (C) 2007 Free Software Foundation, Inc.
This is free software; see the source for copying conditions.  There is NO
warranty; not even for MERCHANTABILITY or FITNESS FOR A PARTICULAR PURPOSE.

configure:2249: $? = 0
configure:2256: /usr/bin/gcc -v >&5
Using built-in specs.
Target: arm-apple-darwin9
Configured with: ../llvm-gcc-4.2/configure --build=x86_64-unknown-linux-gnu --host=arm-apple-darwin9 --enable-static=no --enable-shared=yes --prefix=/usr --localstatedir=/var/cache/iphone-gcc --enable-languages=c,c++,objc,obj-c++ --enable-wchar_t=no --with-gxx-include-dir=/usr/include/c++/4.0.0
Thread model: posix
gcc version 4.2.1 (Based on Apple Inc. build 5555)
configure:2259: $? = 0
configure:2266: /usr/bin/gcc -V >&5
gcc: '-V' option must have argument
configure:2269: $? = 1
configure:2292: checking for C compiler default output file name
configure:2319: /usr/bin/gcc    conftest.c  >&5
configure:2322: $? = 0
configure:2360: result: a.out
configure:2377: checking whether the C compiler works
configure:2387: ./a.out
configure:2390: $? = 0
configure:2407: result: yes
configure:2414: checking whether we are cross compiling
configure:2416: result: no
configure:2419: checking for suffix of executables
configure:2426: /usr/bin/gcc -o conftest    conftest.c  >&5
configure:2429: $? = 0
configure:2453: result: 
configure:2459: checking for suffix of object files
configure:2485: /usr/bin/gcc -c   conftest.c >&5
configure:2488: $? = 0
configure:2511: result: o
configure:2515: checking whether we are using the GNU C compiler
configure:2544: /usr/bin/gcc -c   conftest.c >&5
configure:2550: $? = 0
configure:2567: result: yes
configure:2572: checking whether /usr/bin/gcc accepts -g
configure:2602: /usr/bin/gcc -c -g  conftest.c >&5
configure:2608: $? = 0
configure:2707: result: yes
configure:2724: checking for /usr/bin/gcc option to accept ISO C89
configure:2798: /usr/bin/gcc  -c -g -O2  conftest.c >&5
configure:2804: $? = 0
configure:2827: result: none needed
configure:2846: checking for inline
configure:2872: /usr/bin/gcc -c -g -O2  conftest.c >&5
configure:2878: $? = 0
configure:2896: result: inline
configure:2964: checking for gcc
configure:2991: result: /usr/bin/gcc
configure:3229: checking for C compiler version
configure:3236: /usr/bin/gcc --version >&5
gcc (GCC) 4.2.1 (Based on Apple Inc. build 5555)
Copyright (C) 2007 Free Software Foundation, Inc.
This is free software; see the source for copying conditions.  There is NO
warranty; not even for MERCHANTABILITY or FITNESS FOR A PARTICULAR PURPOSE.

configure:3239: $? = 0
configure:3246: /usr/bin/gcc -v >&5
Using built-in specs.
Target: arm-apple-darwin9
Configured with: ../llvm-gcc-4.2/configure --build=x86_64-unknown-linux-gnu --host=arm-apple-darwin9 --enable-static=no --enable-shared=yes --prefix=/usr --localstatedir=/var/cache/iphone-gcc --enable-languages=c,c++,objc,obj-c++ --enable-wchar_t=no --with-gxx-include-dir=/usr/include/c++/4.0.0
Thread model: posix
gcc version 4.2.1 (Based on Apple Inc. build 5555)
configure:3249: $? = 0
configure:3256: /usr/bin/gcc -V >&5
gcc: '-V' option must have argument
configure:3259: $? = 1
configure:3262: checking whether we are using the GNU C compiler
configure:3314: result: yes
configure:3319: checking whether /usr/bin/gcc accepts -g
configure:3454: result: yes
configure:3471: checking for /usr/bin/gcc option to accept ISO C89
configure:3574: result: none needed
configure:3708: checking for C++ compiler version
configure:3715: /usr/bin/g++ --version >&5
g++ (GCC) 4.2.1 (Based on Apple Inc. build 5555)
Copyright (C) 2007 Free Software Foundation, Inc.
This is free software; see the source for copying conditions.  There is NO
warranty; not even for MERCHANTABILITY or FITNESS FOR A PARTICULAR PURPOSE.

configure:3718: $? = 0
configure:3725: /usr/bin/g++ -v >&5
Using built-in specs.
Target: arm-apple-darwin9
Configured with: ../llvm-gcc-4.2/configure --build=x86_64-unknown-linux-gnu --host=arm-apple-darwin9 --enable-static=no --enable-shared=yes --prefix=/usr --localstatedir=/var/cache/iphone-gcc --enable-languages=c,c++,objc,obj-c++ --enable-wchar_t=no --with-gxx-include-dir=/usr/include/c++/4.0.0
Thread model: posix
gcc version 4.2.1 (Based on Apple Inc. build 5555)
configure:3728: $? = 0
configure:3735: /usr/bin/g++ -V >&5
g++: '-V' option must have argument
configure:3738: $? = 1
configure:3741: checking whether we are using the GNU C++ compiler
configure:3770: /usr/bin/g++ -c   conftest.cpp >&5
configure:3776: $? = 0
configure:3793: result: yes
configure:3798: checking whether /usr/bin/g++ accepts -g
configure:3828: /usr/bin/g++ -c -g  conftest.cpp >&5
configure:3834: $? = 0
configure:3933: result: yes
configure:3969: checking for a BSD-compatible install
configure:4025: result: /usr/bin/install -c
configure:4041: checking whether the compiler is gcc 4 or greater
configure:4062: result: yes
configure:4072: checking for __func__
configure:4097: /usr/bin/gcc -c -g -O2  conftest.c >&5
configure:4103: $? = 0
configure:4118: result: yes
configure:4234: checking for strip
configure:4252: found /usr/bin/strip
configure:4264: result: /usr/bin/strip
configure:4658: checking for main in -lm
configure:4687: /usr/bin/gcc -o conftest -g -O2   conftest.c -lm   >&5
configure:4693: $? = 0
configure:4711: result: yes
configure:4734: checking how to run the C preprocessor
configure:4774: /usr/bin/gcc -E  conftest.c
configure:4780: $? = 0
configure:4811: /usr/bin/gcc -E  conftest.c
conftest.c:10:28: error: ac_nonexistent.h: No such file or directory
configure:4817: $? = 1
configure: failed program was:
| /* confdefs.h.  */
| #define PACKAGE_NAME ""
| #define PACKAGE_TARNAME ""
| #define PACKAGE_VERSION ""
| #define PACKAGE_STRING ""
| #define PACKAGE_BUGREPORT ""
| #define MACOSX 1
| #define HAVE_LIBM 1
| /* end confdefs.h.  */
| #include <ac_nonexistent.h>
configure:4850: result: /usr/bin/gcc -E
configure:4879: /usr/bin/gcc -E  conftest.c
configure:4885: $? = 0
configure:4916: /usr/bin/gcc -E  conftest.c
conftest.c:10:28: error: ac_nonexistent.h: No such file or directory
configure:4922: $? = 1
configure: failed program was:
| /* confdefs.h.  */
| #define PACKAGE_NAME ""
| #define PACKAGE_TARNAME ""
| #define PACKAGE_VERSION ""
| #define PACKAGE_STRING ""
| #define PACKAGE_BUGREPORT ""
| #define MACOSX 1
| #define HAVE_LIBM 1
| /* end confdefs.h.  */
| #include <ac_nonexistent.h>
configure:4960: checking for grep that handles long lines and -e
configure:5034: result: /bin/grep
configure:5039: checking for egrep
configure:5117: result: /bin/grep -E
configure:5122: checking for ANSI C header files
configure:5152: /usr/bin/gcc -c -g -O2  conftest.c >&5
configure:5158: $? = 0
configure:5257: /usr/bin/gcc -o conftest -g -O2   conftest.c -lm  >&5
configure:5260: $? = 0
configure:5266: ./conftest
configure:5269: $? = 0
configure:5286: result: yes
configure:5310: checking for sys/types.h
configure:5331: /usr/bin/gcc -c -g -O2  conftest.c >&5
configure:5337: $? = 0
configure:5353: result: yes
configure:5310: checking for sys/stat.h
configure:5331: /usr/bin/gcc -c -g -O2  conftest.c >&5
configure:5337: $? = 0
configure:5353: result: yes
configure:5310: checking for stdlib.h
configure:5331: /usr/bin/gcc -c -g -O2  conftest.c >&5
configure:5337: $? = 0
configure:5353: result: yes
configure:5310: checking for string.h
configure:5331: /usr/bin/gcc -c -g -O2  conftest.c >&5
configure:5337: $? = 0
configure:5353: result: yes
configure:5310: checking for memory.h
configure:5331: /usr/bin/gcc -c -g -O2  conftest.c >&5
configure:5337: $? = 0
configure:5353: result: yes
configure:5310: checking for strings.h
configure:5331: /usr/bin/gcc -c -g -O2  conftest.c >&5
configure:5337: $? = 0
configure:5353: result: yes
configure:5310: checking for inttypes.h
configure:5331: /usr/bin/gcc -c -g -O2  conftest.c >&5
configure:5337: $? = 0
configure:5353: result: yes
configure:5310: checking for stdint.h
configure:5331: /usr/bin/gcc -c -g -O2  conftest.c >&5
configure:5337: $? = 0
configure:5353: result: yes
configure:5310: checking for unistd.h
configure:5331: /usr/bin/gcc -c -g -O2  conftest.c >&5
configure:5337: $? = 0
configure:5353: result: yes
configure:5382: checking pwd.h usability
configure:5399: /usr/bin/gcc -c -g -O2  conftest.c >&5
configure:5405: $? = 0
configure:5419: result: yes
configure:5423: checking pwd.h presence
configure:5438: /usr/bin/gcc -E  conftest.c
configure:5444: $? = 0
configure:5458: result: yes
configure:5486: checking for pwd.h
configure:5494: result: yes
configure:5382: checking termios.h usability
configure:5399: /usr/bin/gcc -c -g -O2  conftest.c >&5
configure:5405: $? = 0
configure:5419: result: yes
configure:5423: checking termios.h presence
configure:5438: /usr/bin/gcc -E  conftest.c
configure:5444: $? = 0
configure:5458: result: yes
configure:5486: checking for termios.h
configure:5494: result: yes
configure:5382: checking sys/sockio.h usability
configure:5399: /usr/bin/gcc -c -g -O2  conftest.c >&5
configure:5405: $? = 0
configure:5419: result: yes
configure:5423: checking sys/sockio.h presence
configure:5438: /usr/bin/gcc -E  conftest.c
configure:5444: $? = 0
configure:5458: result: yes
configure:5486: checking for sys/sockio.h
configure:5494: result: yes
configure:5508: checking for library containing setsockopt
configure:5549: /usr/bin/gcc -o conftest -g -O2   conftest.c -lm  >&5
configure:5555: $? = 0
configure:5583: result: none required
configure:5591: checking for library containing gethostbyname
configure:5632: /usr/bin/gcc -o conftest -g -O2   conftest.c -lm  >&5
configure:5638: $? = 0
configure:5666: result: none required
configure:5718: checking for a Python interpreter with version >= 2.4
configure:5733: python -c import sys, string # split strings by '.' and convert to numeric. Append some zeros # because we need at least 4 digits for the hex conversion. minver = map(int, string.split('2.4', '.')) + [0, 0, 0] minverhex = 0 for i in xrange(0, 4): minverhex = (minverhex << 8) + minver[i] sys.exit(sys.hexversion < minverhex)
configure:5736: $? = 0
configure:5743: result: python
configure:5751: checking for python
configure:5769: found /usr/bin/python
configure:5781: result: /usr/bin/python
configure:5809: checking for python version
configure:5816: result: 2.7
configure:5828: checking for python platform
configure:5835: result: darwin
configure:5842: checking for python script directory
configure:5850: result: ${prefix}/lib/python2.7/site-packages
configure:5859: checking for python extension module directory
configure:5867: result: ${exec_prefix}/lib/python2.7/site-packages
configure:5934: checking openssl/ssl.h usability
configure:5951: /usr/bin/gcc -c -g -O2  conftest.c >&5
configure:5957: $? = 0
configure:5971: result: yes
configure:5975: checking openssl/ssl.h presence
configure:5990: /usr/bin/gcc -E  conftest.c
configure:5996: $? = 0
configure:6010: result: yes
configure:6038: checking for openssl/ssl.h
configure:6045: result: yes
configure:6067: checking for BIO_int_ctrl in -lcrypto
configure:6102: /usr/bin/gcc -o conftest -g -O2   conftest.c -lcrypto  -lm  >&5
configure:6108: $? = 0
configure:6126: result: yes
configure:6145: checking for SSL_new in -lssl
configure:6180: /usr/bin/gcc -o conftest -g -O2   conftest.c -lssl  -lcrypto  -lm  >&5
configure:6186: $? = 0
configure:6204: result: yes
configure:6253: checking pcap.h usability
configure:6270: /usr/bin/gcc -c -g -O2  conftest.c >&5
configure:6276: $? = 0
configure:6290: result: yes
configure:6294: checking pcap.h presence
configure:6309: /usr/bin/gcc -E  conftest.c
configure:6315: $? = 0
configure:6329: result: yes
configure:6357: checking for pcap.h
configure:6364: result: yes
configure:6370: checking for pcap_datalink in -lpcap
configure:6405: /usr/bin/gcc -o conftest -g -O2   conftest.c -lpcap  -lm  >&5
configure:6411: $? = 0
configure:6429: result: yes
configure:6671: checking if libpcap version is recent enough
configure:6707: /usr/bin/gcc -o conftest -g -O2   conftest.c -lm  -lpcap >&5
conftest.c: In function 'main':
conftest.c:31: warning: incompatible implicit declaration of built-in function 'exit'
configure:6710: $? = 0
configure:6716: ./conftest
configure:6719: $? = 0
configure:6721: result: yes
configure:6810: checking pcre.h usability
configure:6827: /usr/bin/gcc -c -g -O2  conftest.c >&5
configure:6833: $? = 0
configure:6847: result: yes
configure:6851: checking pcre.h presence
configure:6866: /usr/bin/gcc -E  conftest.c
configure:6872: $? = 0
configure:6886: result: yes
configure:6914: checking for pcre.h
configure:6921: result: yes
configure:6926: checking for pcre_version in -lpcre
configure:6961: /usr/bin/gcc -o conftest -g -O2   conftest.c -lpcre  -lm  >&5
configure:6967: $? = 0
configure:6985: result: yes
configure:7220: checking pcre/pcre.h usability
configure:7237: /usr/bin/gcc -c -g -O2  conftest.c >&5
conftest.c:58:23: error: pcre/pcre.h: No such file or directory
configure:7243: $? = 1
configure: failed program was:
| /* confdefs.h.  */
| #define PACKAGE_NAME ""
| #define PACKAGE_TARNAME ""
| #define PACKAGE_VERSION ""
| #define PACKAGE_STRING ""
| #define PACKAGE_BUGREPORT ""
| #define MACOSX 1
| #define HAVE_LIBM 1
| #define STDC_HEADERS 1
| #define HAVE_SYS_TYPES_H 1
| #define HAVE_SYS_STAT_H 1
| #define HAVE_STDLIB_H 1
| #define HAVE_STRING_H 1
| #define HAVE_MEMORY_H 1
| #define HAVE_STRINGS_H 1
| #define HAVE_INTTYPES_H 1
| #define HAVE_STDINT_H 1
| #define HAVE_UNISTD_H 1
| #define HAVE_PWD_H 1
| #define HAVE_TERMIOS_H 1
| #define HAVE_SYS_SOCKIO_H 1
| #define HAVE_OPENSSL 1
| #define HAVE_LIBPCAP 1
| /* end confdefs.h.  */
| #include <stdio.h>
| #ifdef HAVE_SYS_TYPES_H
| # include <sys/types.h>
| #endif
| #ifdef HAVE_SYS_STAT_H
| # include <sys/stat.h>
| #endif
| #ifdef STDC_HEADERS
| # include <stdlib.h>
| # include <stddef.h>
| #else
| # ifdef HAVE_STDLIB_H
| #  include <stdlib.h>
| # endif
| #endif
| #ifdef HAVE_STRING_H
| # if !defined STDC_HEADERS && defined HAVE_MEMORY_H
| #  include <memory.h>
| # endif
| # include <string.h>
| #endif
| #ifdef HAVE_STRINGS_H
| # include <strings.h>
| #endif
| #ifdef HAVE_INTTYPES_H
| # include <inttypes.h>
| #endif
| #ifdef HAVE_STDINT_H
| # include <stdint.h>
| #endif
| #ifdef HAVE_UNISTD_H
| # include <unistd.h>
| #endif
| #include <pcre/pcre.h>
configure:7257: result: no
configure:7261: checking pcre/pcre.h presence
configure:7276: /usr/bin/gcc -E  conftest.c
conftest.c:25:23: error: pcre/pcre.h: No such file or directory
configure:7282: $? = 1
configure: failed program was:
| /* confdefs.h.  */
| #define PACKAGE_NAME ""
| #define PACKAGE_TARNAME ""
| #define PACKAGE_VERSION ""
| #define PACKAGE_STRING ""
| #define PACKAGE_BUGREPORT ""
| #define MACOSX 1
| #define HAVE_LIBM 1
| #define STDC_HEADERS 1
| #define HAVE_SYS_TYPES_H 1
| #define HAVE_SYS_STAT_H 1
| #define HAVE_STDLIB_H 1
| #define HAVE_STRING_H 1
| #define HAVE_MEMORY_H 1
| #define HAVE_STRINGS_H 1
| #define HAVE_INTTYPES_H 1
| #define HAVE_STDINT_H 1
| #define HAVE_UNISTD_H 1
| #define HAVE_PWD_H 1
| #define HAVE_TERMIOS_H 1
| #define HAVE_SYS_SOCKIO_H 1
| #define HAVE_OPENSSL 1
| #define HAVE_LIBPCAP 1
| /* end confdefs.h.  */
| #include <pcre/pcre.h>
configure:7296: result: no
configure:7324: checking for pcre/pcre.h
configure:7332: result: no
configure:7855: checking if sockaddr{} has sa_len member
configure:7883: /usr/bin/gcc -c -g -O2 -Ilibdnet-stripped/include  conftest.c >&5
configure:7889: $? = 0
configure:7904: result: yes
configure:7914: checking whether byte ordering is bigendian
configure:7947: /usr/bin/gcc -c -g -O2 -Ilibdnet-stripped/include  conftest.c >&5
configure:7953: $? = 0
configure:7985: /usr/bin/gcc -c -g -O2 -Ilibdnet-stripped/include  conftest.c >&5
conftest.c: In function 'main':
conftest.c:33: error: 'not' undeclared (first use in this function)
conftest.c:33: error: (Each undeclared identifier is reported only once
conftest.c:33: error: for each function it appears in.)
conftest.c:33: error: expected ';' before 'big'
configure:7991: $? = 1
configure: failed program was:
| /* confdefs.h.  */
| #define PACKAGE_NAME ""
| #define PACKAGE_TARNAME ""
| #define PACKAGE_VERSION ""
| #define PACKAGE_STRING ""
| #define PACKAGE_BUGREPORT ""
| #define MACOSX 1
| #define HAVE_LIBM 1
| #define STDC_HEADERS 1
| #define HAVE_SYS_TYPES_H 1
| #define HAVE_SYS_STAT_H 1
| #define HAVE_STDLIB_H 1
| #define HAVE_STRING_H 1
| #define HAVE_MEMORY_H 1
| #define HAVE_STRINGS_H 1
| #define HAVE_INTTYPES_H 1
| #define HAVE_STDINT_H 1
| #define HAVE_UNISTD_H 1
| #define HAVE_PWD_H 1
| #define HAVE_TERMIOS_H 1
| #define HAVE_SYS_SOCKIO_H 1
| #define HAVE_OPENSSL 1
| #define HAVE_LIBPCAP 1
| #define HAVE_SOCKADDR_SA_LEN 1
| /* end confdefs.h.  */
| #include <sys/types.h>
| #include <sys/param.h>
| 
| int
| main ()
| {
| #if BYTE_ORDER != BIG_ENDIAN
|  not big endian
| #endif
| 
|   ;
|   return 0;
| }
configure:8131: result: no
configure:8151: checking if struct in_addr is a wacky huge structure (some Sun boxes)
configure:8175: /usr/bin/gcc -c -g -O2 -Ilibdnet-stripped/include  conftest.c >&5
conftest.c: In function 'main':
conftest.c:30: error: 'struct in_addr' has no member named '_S_un'
configure:8181: $? = 1
configure: failed program was:
| /* confdefs.h.  */
| #define PACKAGE_NAME ""
| #define PACKAGE_TARNAME ""
| #define PACKAGE_VERSION ""
| #define PACKAGE_STRING ""
| #define PACKAGE_BUGREPORT ""
| #define MACOSX 1
| #define HAVE_LIBM 1
| #define STDC_HEADERS 1
| #define HAVE_SYS_TYPES_H 1
| #define HAVE_SYS_STAT_H 1
| #define HAVE_STDLIB_H 1
| #define HAVE_STRING_H 1
| #define HAVE_MEMORY_H 1
| #define HAVE_STRINGS_H 1
| #define HAVE_INTTYPES_H 1
| #define HAVE_STDINT_H 1
| #define HAVE_UNISTD_H 1
| #define HAVE_PWD_H 1
| #define HAVE_TERMIOS_H 1
| #define HAVE_SYS_SOCKIO_H 1
| #define HAVE_OPENSSL 1
| #define HAVE_LIBPCAP 1
| #define HAVE_SOCKADDR_SA_LEN 1
| /* end confdefs.h.  */
| #include <netinet/in.h>
| int
| main ()
| {
| struct in_addr i; i._S_un._S_addr;
|   ;
|   return 0;
| }
configure:8220: /usr/bin/gcc -c -g -O2 -Ilibdnet-stripped/include  conftest.c >&5
conftest.c: In function 'main':
conftest.c:31: error: 'struct in_addr' has no member named 'S_un'
configure:8226: $? = 1
configure: failed program was:
| /* confdefs.h.  */
| #define PACKAGE_NAME ""
| #define PACKAGE_TARNAME ""
| #define PACKAGE_VERSION ""
| #define PACKAGE_STRING ""
| #define PACKAGE_BUGREPORT ""
| #define MACOSX 1
| #define HAVE_LIBM 1
| #define STDC_HEADERS 1
| #define HAVE_SYS_TYPES_H 1
| #define HAVE_SYS_STAT_H 1
| #define HAVE_STDLIB_H 1
| #define HAVE_STRING_H 1
| #define HAVE_MEMORY_H 1
| #define HAVE_STRINGS_H 1
| #define HAVE_INTTYPES_H 1
| #define HAVE_STDINT_H 1
| #define HAVE_UNISTD_H 1
| #define HAVE_PWD_H 1
| #define HAVE_TERMIOS_H 1
| #define HAVE_SYS_SOCKIO_H 1
| #define HAVE_OPENSSL 1
| #define HAVE_LIBPCAP 1
| #define HAVE_SOCKADDR_SA_LEN 1
| /* end confdefs.h.  */
| #include <sys/types.h>
| #include <netinet/in.h>
| int
| main ()
| {
| struct in_addr i; i.S_un.S_addr;
|   ;
|   return 0;
| }
configure:8243: result: no
configure:8252: checking if struct icmp exists
configure:8287: /usr/bin/gcc -c -g -O2 -Ilibdnet-stripped/include  conftest.c >&5
conftest.c:35:44: error: netinet/ip_icmp.h: No such file or directory
conftest.c: In function 'main':
conftest.c:40: error: invalid application of 'sizeof' to incomplete type 'struct icmp' 
configure:8293: $? = 1
configure: failed program was:
| /* confdefs.h.  */
| #define PACKAGE_NAME ""
| #define PACKAGE_TARNAME ""
| #define PACKAGE_VERSION ""
| #define PACKAGE_STRING ""
| #define PACKAGE_BUGREPORT ""
| #define MACOSX 1
| #define HAVE_LIBM 1
| #define STDC_HEADERS 1
| #define HAVE_SYS_TYPES_H 1
| #define HAVE_SYS_STAT_H 1
| #define HAVE_STDLIB_H 1
| #define HAVE_STRING_H 1
| #define HAVE_MEMORY_H 1
| #define HAVE_STRINGS_H 1
| #define HAVE_INTTYPES_H 1
| #define HAVE_STDINT_H 1
| #define HAVE_UNISTD_H 1
| #define HAVE_PWD_H 1
| #define HAVE_TERMIOS_H 1
| #define HAVE_SYS_SOCKIO_H 1
| #define HAVE_OPENSSL 1
| #define HAVE_LIBPCAP 1
| #define HAVE_SOCKADDR_SA_LEN 1
| /* end confdefs.h.  */
| 
|                #include <sys/types.h>
|                #include <sys/param.h>
|                #include <netinet/in_systm.h>
|                #include <netinet/in.h>
|                #define __USE_BSD
|                #define __FAVOR_BSD
|                #define _BSD_SOURCE
|                #include <netinet/ip.h>
|                #include <netinet/ip_icmp.h>
| int
| main ()
| {
| unsigned int i = sizeof(struct icmp)
|   ;
|   return 0;
| }
configure:8308: result: no
configure:8317: checking if struct ip exists
configure:8351: /usr/bin/gcc -c -g -O2 -Ilibdnet-stripped/include  conftest.c >&5
configure:8357: $? = 0
configure:8372: result: yes
configure:8381: checking if struct ip has ip_sum member
configure:8416: /usr/bin/gcc -c -g -O2 -Ilibdnet-stripped/include  conftest.c >&5
conftest.c:36:44: error: netinet/ip_icmp.h: No such file or directory
configure:8422: $? = 1
configure: failed program was:
| /* confdefs.h.  */
| #define PACKAGE_NAME ""
| #define PACKAGE_TARNAME ""
| #define PACKAGE_VERSION ""
| #define PACKAGE_STRING ""
| #define PACKAGE_BUGREPORT ""
| #define MACOSX 1
| #define HAVE_LIBM 1
| #define STDC_HEADERS 1
| #define HAVE_SYS_TYPES_H 1
| #define HAVE_SYS_STAT_H 1
| #define HAVE_STDLIB_H 1
| #define HAVE_STRING_H 1
| #define HAVE_MEMORY_H 1
| #define HAVE_STRINGS_H 1
| #define HAVE_INTTYPES_H 1
| #define HAVE_STDINT_H 1
| #define HAVE_UNISTD_H 1
| #define HAVE_PWD_H 1
| #define HAVE_TERMIOS_H 1
| #define HAVE_SYS_SOCKIO_H 1
| #define HAVE_OPENSSL 1
| #define HAVE_LIBPCAP 1
| #define HAVE_SOCKADDR_SA_LEN 1
| #define HAVE_STRUCT_IP 1
| /* end confdefs.h.  */
| 
|                #include <sys/types.h>
|                #include <sys/param.h>
|                #include <netinet/in_systm.h>
|                #include <netinet/in.h>
|                #define __USE_BSD
|                #define __FAVOR_BSD
|                #define _BSD_SOURCE
|                #include <netinet/ip.h>
|                #include <netinet/ip_icmp.h>
| int
| main ()
| {
| unsigned int i = sizeof(((struct ip *)0)->ip_sum)
|   ;
|   return 0;
| }
configure:8437: result: no
configure:8450: checking for strerror
configure:8506: /usr/bin/gcc -o conftest -g -O2 -Ilibdnet-stripped/include   conftest.c -lm  >&5
configure:8512: $? = 0
configure:8530: result: yes
configure:8547: checking for type of 6th argument to recvfrom()
configure:8578: /usr/bin/g++ -c -DNOLUA -no-cpp-precomp -g -O2 -Wall  -fno-strict-aliasing -Ilibdnet-stripped/include  conftest.cpp >&5
configure:8584: $? = 0
configure:8608: result: socklen_t
configure:8782: creating ./config.status

## ---------------------- ##
## Running config.status. ##
## ---------------------- ##

This file was extended by config.status, which was
generated by GNU Autoconf 2.61.  Invocation command line was

  CONFIG_FILES    = 
  CONFIG_HEADERS  = 
  CONFIG_LINKS    = 
  CONFIG_COMMANDS = 
  $ ./config.status 

on Chriss-iPhone

config.status:661: creating Makefile
config.status:796: WARNING:  Makefile.in seems to ignore the --datarootdir setting
config.status:661: creating nmap_config.h
configure:9948: === configuring in libdnet-stripped (/var/mobile/nmap-4.76/libdnet-stripped)
configure:10051: running /bin/sh ./configure '--prefix=/usr/local'  '--without-liblua' 'CC=/usr/bin/gcc' 'CXX=/usr/bin/g++' --cache-file=/dev/null --srcdir=.
configure:9948: === configuring in nbase (/var/mobile/nmap-4.76/nbase)
configure:10051: running /bin/sh ./configure '--prefix=/usr/local'  '--without-liblua' 'CC=/usr/bin/gcc' 'CXX=/usr/bin/g++' --cache-file=/dev/null --srcdir=.
configure:9948: === configuring in nsock/src (/var/mobile/nmap-4.76/nsock/src)
configure:10051: running /bin/sh ./configure '--prefix=/usr/local'  '--without-liblua' 'CC=/usr/bin/gcc' 'CXX=/usr/bin/g++' --cache-file=/dev/null --srcdir=.

## ---------------- ##
## Cache variables. ##
## ---------------- ##

ac_cv_build=arm64-apple-darwin14.0.0
ac_cv_c_bigendian=no
ac_cv_c_compiler_gnu=yes
ac_cv_c_inline=inline
ac_cv_cxx_compiler_gnu=yes
ac_cv_env_CCC_set=
ac_cv_env_CCC_value=
ac_cv_env_CC_set=set
ac_cv_env_CC_value=/usr/bin/gcc
ac_cv_env_CFLAGS_set=
ac_cv_env_CFLAGS_value=
ac_cv_env_CPPFLAGS_set=
ac_cv_env_CPPFLAGS_value=
ac_cv_env_CPP_set=
ac_cv_env_CPP_value=
ac_cv_env_CXXFLAGS_set=
ac_cv_env_CXXFLAGS_value=
ac_cv_env_CXX_set=set
ac_cv_env_CXX_value=/usr/bin/g++
ac_cv_env_LDFLAGS_set=
ac_cv_env_LDFLAGS_value=
ac_cv_env_LIBS_set=
ac_cv_env_LIBS_value=
ac_cv_env_build_alias_set=
ac_cv_env_build_alias_value=
ac_cv_env_host_alias_set=
ac_cv_env_host_alias_value=
ac_cv_env_target_alias_set=
ac_cv_env_target_alias_value=
ac_cv_func_strerror=yes
ac_cv_header_inttypes_h=yes
ac_cv_header_memory_h=yes
ac_cv_header_openssl_ssl_h=yes
ac_cv_header_pcap_h=yes
ac_cv_header_pcre_h=yes
ac_cv_header_pcre_pcre_h=no
ac_cv_header_pwd_h=yes
ac_cv_header_stdc=yes
ac_cv_header_stdint_h=yes
ac_cv_header_stdlib_h=yes
ac_cv_header_string_h=yes
ac_cv_header_strings_h=yes
ac_cv_header_sys_sockio_h=yes
ac_cv_header_sys_stat_h=yes
ac_cv_header_sys_types_h=yes
ac_cv_header_termios_h=yes
ac_cv_header_unistd_h=yes
ac_cv_host=arm64-apple-darwin14.0.0
ac_cv_ip_has_ip_sum=no
ac_cv_lib_crypto_BIO_int_ctrl=yes
ac_cv_lib_m_main=yes
ac_cv_lib_pcap_pcap_datalink=yes
ac_cv_lib_pcre_pcre_version=yes
ac_cv_lib_ssl_SSL_new=yes
ac_cv_objext=o
ac_cv_path_EGREP='/bin/grep -E'
ac_cv_path_GREP=/bin/grep
ac_cv_path_PYTHON=/usr/bin/python
ac_cv_path_ac_pt_STRIP=/usr/bin/strip
ac_cv_path_install='/usr/bin/install -c'
ac_cv_prog_CPP='/usr/bin/gcc -E'
ac_cv_prog_ac_ct_CC=/usr/bin/gcc
ac_cv_prog_cc_c89=
ac_cv_prog_cc_g=yes
ac_cv_prog_cxx_g=yes
ac_cv_search_gethostbyname='none required'
ac_cv_search_setsockopt='none required'
ac_cv_sockaddr_has_sa_len=yes
ac_cv_struct_icmp_exists=no
ac_cv_struct_ip_exists=yes
am_cv_pathless_PYTHON=python
am_cv_python_platform=darwin
am_cv_python_pyexecdir='${exec_prefix}/lib/python2.7/site-packages'
am_cv_python_pythondir='${prefix}/lib/python2.7/site-packages'
am_cv_python_version=2.7

## ----------------- ##
## Output variables. ##
## ----------------- ##

BUILDZENMAP='build-zenmap'
CC='/usr/bin/gcc'
CFLAGS='-g -O2'
COMPAT_OBJS=''
COMPAT_SRCS=''
CPP='/usr/bin/gcc -E'
CPPFLAGS='-Ilibdnet-stripped/include  -Inbase -Insock/include'
CXX='/usr/bin/g++'
CXXFLAGS='-DNOLUA -no-cpp-precomp -g -O2 -Wall  -fno-strict-aliasing'
DEFS='-DHAVE_CONFIG_H'
DNET_BUILD='dnet_build'
DNET_CLEAN='dnet_clean'
DNET_DEPENDS='libdnet-stripped/src/.libs/libdnet.a'
DNET_DIST_CLEAN='dnet_dist_clean'
ECHO_C=''
ECHO_N='-n'
ECHO_T=''
EGREP='/bin/grep -E'
EXEEXT=''
GREP='/bin/grep'
INSTALLNSE=''
INSTALLZENMAP='install-zenmap'
INSTALL_DATA='${INSTALL} -m 644'
INSTALL_PROGRAM='${INSTALL}'
INSTALL_SCRIPT='${INSTALL}'
LDFLAGS=' -Lnbase -Lnsock/src/'
LIBDNETDIR='libdnet-stripped'
LIBDNET_LIBS='libdnet-stripped/src/.libs/libdnet.a'
LIBLUADIR='liblua'
LIBLUA_LIBS=''
LIBNBASE_LIBS='-lnbase'
LIBNSOCK_LIBS='-lnsock'
LIBOBJS=''
LIBPCAP_LIBS='-lpcap'
LIBPCREDIR='libpcre'
LIBPCRE_LIBS='-lpcre'
LIBS='-lm '
LTLIBOBJS=''
LUA_BUILD=''
LUA_CFLAGS='-DLUA_USE_MACOSX'
LUA_CLEAN=''
LUA_DEPENDS=''
LUA_DIST_CLEAN=''
NBASEDIR='nbase'
NBASE_BUILD='nbase_build'
NSOCKDIR='nsock'
NSOCK_BUILD='nsock_build'
OBJEXT='o'
OPENSSL_LIBS='-lssl -lcrypto'
PACKAGE_BUGREPORT=''
PACKAGE_NAME=''
PACKAGE_STRING=''
PACKAGE_TARNAME=''
PACKAGE_VERSION=''
PATH_SEPARATOR=':'
PCAP_BUILD=''
PCAP_CLEAN=''
PCAP_DEPENDS=''
PCAP_DIST_CLEAN=''
PCRE_BUILD=''
PCRE_CLEAN=''
PCRE_DEPENDS=''
PCRE_DIST_CLEAN=''
PYTHON='/usr/bin/python'
PYTHON_EXEC_PREFIX='${exec_prefix}'
PYTHON_PLATFORM='darwin'
PYTHON_PREFIX='${prefix}'
PYTHON_VERSION='2.7'
SHELL='/bin/sh'
STRIP='/usr/bin/strip'
UNINSTALLZENMAP='uninstall-zenmap'
ZENMAP_CLEAN='zenmap_clean'
ZENMAP_DIST_CLEAN='zenmap_dist_clean'
ac_ct_CC='/usr/bin/gcc'
ac_ct_CXX=''
bindir='${exec_prefix}/bin'
build='arm64-apple-darwin14.0.0'
build_alias=''
build_cpu='arm64'
build_os='darwin14.0.0'
build_vendor='apple'
datadir='${datarootdir}'
datarootdir='${prefix}/share'
docdir='${datarootdir}/doc/${PACKAGE}'
dvidir='${docdir}'
exec_prefix='${prefix}'
host='arm64-apple-darwin14.0.0'
host_alias=''
host_cpu='arm64'
host_os='darwin14.0.0'
host_vendor='apple'
htmldir='${docdir}'
includedir='${prefix}/include'
infodir='${datarootdir}/info'
libdir='${exec_prefix}/lib'
libexecdir='${exec_prefix}/libexec'
libpcapdir='libpcap'
localedir='${datarootdir}/locale'
localstatedir='${prefix}/var'
mandir='${datarootdir}/man'
oldincludedir='/usr/include'
pcredir='libpcre'
pdfdir='${docdir}'
pkgpyexecdir='${pyexecdir}/'
pkgpythondir='${pythondir}/'
prefix='/usr/local'
program_transform_name='s,x,x,'
psdir='${docdir}'
pyexecdir='${exec_prefix}/lib/python2.7/site-packages'
pythondir='${prefix}/lib/python2.7/site-packages'
sbindir='${exec_prefix}/sbin'
sharedstatedir='${prefix}/com'
subdirs=' libdnet-stripped nbase nsock/src'
sysconfdir='${prefix}/etc'
target_alias=''

## ----------- ##
## confdefs.h. ##
## ----------- ##

#define PACKAGE_NAME ""
#define PACKAGE_TARNAME ""
#define PACKAGE_VERSION ""
#define PACKAGE_STRING ""
#define PACKAGE_BUGREPORT ""
#define MACOSX 1
#define HAVE_LIBM 1
#define STDC_HEADERS 1
#define HAVE_SYS_TYPES_H 1
#define HAVE_SYS_STAT_H 1
#define HAVE_STDLIB_H 1
#define HAVE_STRING_H 1
#define HAVE_MEMORY_H 1
#define HAVE_STRINGS_H 1
#define HAVE_INTTYPES_H 1
#define HAVE_STDINT_H 1
#define HAVE_UNISTD_H 1
#define HAVE_PWD_H 1
#define HAVE_TERMIOS_H 1
#define HAVE_SYS_SOCKIO_H 1
#define HAVE_OPENSSL 1
#define HAVE_LIBPCAP 1
#define HAVE_SOCKADDR_SA_LEN 1
#define HAVE_STRUCT_IP 1
#define HAVE_STRERROR 1
#define recvfrom6_t socklen_t

configure: exit 0
