This file contains any messages produced by compilers while
running configure, to aid debugging if configure makes a mistake.

It was created by libart-lgpl configure 2.3.20, which was
generated by GNU Autoconf 2.61.  Invocation command line was

  $ ./configure 

## --------- ##
## Platform. ##
## --------- ##

hostname = Chriss-iPad
uname -m = iPad1,1
uname -r = 11.0.0
uname -s = Darwin
uname -v = Darwin Kernel Version 11.0.0: Sun Apr  8 21:51:26 PDT 2012; root:xnu-1878.11.10~1/RELEASE_ARM_S5L8930X

/usr/bin/uname -p = unknown
/bin/uname -X     = unknown

/bin/arch              = unknown
/usr/bin/arch -k       = unknown
/usr/convex/getsysinfo = unknown
/usr/bin/hostinfo      = Mach kernel version:
	 Darwin Kernel Version 11.0.0: Sun Apr  8 21:51:26 PDT 2012; root:xnu-1878.11.10~1/RELEASE_ARM_S5L8930X
Kernel configured for a single processor only.
1 processor is physically available.
1 processor is logically available.
Processor type: armv7 (arm v7)
Processor active: 0
Primary memory available: 246.98 megabytes
Default processor set: 38 tasks, 237 threads, 1 processors
Load average: 2.08, Mach factor: 0.25
/bin/machine           = unknown
/usr/bin/oslevel       = unknown
/bin/universe          = unknown

PATH: /usr/local/sbin
PATH: /usr/local/bin
PATH: /usr/sbin
PATH: /usr/bin
PATH: /sbin
PATH: /bin
PATH: /usr/bin/X11
PATH: /usr/games
PATH: /usr/local/Gambit-C/bin
PATH: /home/chris/apache-ant-1.7.1/bin


## ----------- ##
## Core tests. ##
## ----------- ##

configure:2017: checking for a BSD-compatible install
configure:2073: result: /usr/bin/install -c
configure:2084: checking whether build environment is sane
configure:2127: result: yes
configure:2155: checking for a thread-safe mkdir -p
configure:2194: result: /bin/mkdir -p
configure:2207: checking for gawk
configure:2223: found /usr/bin/gawk
configure:2234: result: gawk
configure:2245: checking whether make sets $(MAKE)
configure:2266: result: yes
configure:2511: checking for gcc
configure:2538: result: /usr/bin/gcc
configure:2776: checking for C compiler version
configure:2783: /usr/bin/gcc --version >&5
gcc (GCC) 4.2.1 (Based on Apple Inc. build 5555)
Copyright (C) 2007 Free Software Foundation, Inc.
This is free software; see the source for copying conditions.  There is NO
warranty; not even for MERCHANTABILITY or FITNESS FOR A PARTICULAR PURPOSE.

configure:2786: $? = 0
configure:2793: /usr/bin/gcc -v >&5
Using built-in specs.
Target: arm-apple-darwin9
Configured with: ../llvm-gcc-4.2/configure --build=x86_64-unknown-linux-gnu --host=arm-apple-darwin9 --enable-static=no --enable-shared=yes --prefix=/usr --localstatedir=/var/cache/iphone-gcc --enable-languages=c,c++,objc,obj-c++ --enable-wchar_t=no --with-gxx-include-dir=/usr/include/c++/4.0.0
Thread model: posix
gcc version 4.2.1 (Based on Apple Inc. build 5555)
configure:2796: $? = 0
configure:2803: /usr/bin/gcc -V >&5
gcc: '-V' option must have argument
configure:2806: $? = 1
configure:2829: checking for C compiler default output file name
configure:2856: /usr/bin/gcc    conftest.c  >&5
configure:2859: $? = 0
configure:2897: result: a.out
configure:2914: checking whether the C compiler works
configure:2924: ./a.out
./configure: line 2925: 59202 Killed: 9               ./$ac_file
configure:2927: $? = 137
configure:2939: result: yes
configure:2946: checking whether we are cross compiling
configure:2948: result: no
configure:2951: checking for suffix of executables
configure:2958: /usr/bin/gcc -o conftest    conftest.c  >&5
configure:2961: $? = 0
configure:2985: result: 
configure:2991: checking for suffix of object files
configure:3017: /usr/bin/gcc -c   conftest.c >&5
configure:3020: $? = 0
configure:3043: result: o
configure:3047: checking whether we are using the GNU C compiler
configure:3076: /usr/bin/gcc -c   conftest.c >&5
configure:3082: $? = 0
configure:3099: result: yes
configure:3104: checking whether /usr/bin/gcc accepts -g
configure:3134: /usr/bin/gcc -c -g  conftest.c >&5
configure:3140: $? = 0
configure:3239: result: yes
configure:3256: checking for /usr/bin/gcc option to accept ISO C89
configure:3330: /usr/bin/gcc  -c -g -O2  conftest.c >&5
configure:3336: $? = 0
configure:3359: result: none needed
configure:3388: checking for style of include used by make
configure:3416: result: GNU
configure:3441: checking dependency style of /usr/bin/gcc
configure:3532: result: gcc3
configure:3552: checking how to run the C preprocessor
configure:3592: /usr/bin/gcc -E  conftest.c
configure:3598: $? = 0
configure:3629: /usr/bin/gcc -E  conftest.c
conftest.c:10:28: error: ac_nonexistent.h: No such file or directory
configure:3635: $? = 1
configure: failed program was:
| /* confdefs.h.  */
| #define PACKAGE_NAME "libart-lgpl"
| #define PACKAGE_TARNAME "libart_lgpl"
| #define PACKAGE_VERSION "2.3.20"
| #define PACKAGE_STRING "libart-lgpl 2.3.20"
| #define PACKAGE_BUGREPORT "http://bugzilla.gnome.org/enter_bug.cgi?product=libart"
| #define PACKAGE "libart_lgpl"
| #define VERSION "2.3.20"
| /* end confdefs.h.  */
| #include <ac_nonexistent.h>
configure:3668: result: /usr/bin/gcc -E
configure:3697: /usr/bin/gcc -E  conftest.c
configure:3703: $? = 0
configure:3734: /usr/bin/gcc -E  conftest.c
conftest.c:10:28: error: ac_nonexistent.h: No such file or directory
configure:3740: $? = 1
configure: failed program was:
| /* confdefs.h.  */
| #define PACKAGE_NAME "libart-lgpl"
| #define PACKAGE_TARNAME "libart_lgpl"
| #define PACKAGE_VERSION "2.3.20"
| #define PACKAGE_STRING "libart-lgpl 2.3.20"
| #define PACKAGE_BUGREPORT "http://bugzilla.gnome.org/enter_bug.cgi?product=libart"
| #define PACKAGE "libart_lgpl"
| #define VERSION "2.3.20"
| /* end confdefs.h.  */
| #include <ac_nonexistent.h>
configure:3857: checking build system type
configure:3875: result: arm-apple-darwin11.0.0
configure:3897: checking host system type
configure:3912: result: arm-apple-darwin11.0.0
configure:3934: checking for a sed that does not truncate output
configure:3990: result: /bin/sed
configure:3993: checking for grep that handles long lines and -e
configure:4067: result: /bin/grep
configure:4072: checking for egrep
configure:4150: result: /bin/grep -E
configure:4166: checking for ld used by /usr/bin/gcc
configure:4233: result: /usr/bin/ld
configure:4242: checking if the linker (/usr/bin/ld) is GNU ld
configure:4257: result: no
configure:4262: checking for /usr/bin/ld option to reload object files
configure:4269: result: -r
configure:4287: checking for BSD-compatible nm
configure:4336: result: /usr/bin/nm -p
configure:4340: checking whether ln -s works
configure:4344: result: yes
configure:4351: checking how to recognize dependent libraries
configure:4537: result: pass_all
configure:5065: checking for ANSI C header files
configure:5095: /usr/bin/gcc -c -g -O2  conftest.c >&5
configure:5101: $? = 0
configure:5200: /usr/bin/gcc -o conftest -g -O2   conftest.c  >&5
configure:5203: $? = 0
configure:5209: ./conftest
./configure: line 5210: 59531 Killed: 9               ./conftest$ac_exeext
configure:5212: $? = 137
configure: program exited with status 137
configure: failed program was:
| /* confdefs.h.  */
| #define PACKAGE_NAME "libart-lgpl"
| #define PACKAGE_TARNAME "libart_lgpl"
| #define PACKAGE_VERSION "2.3.20"
| #define PACKAGE_STRING "libart-lgpl 2.3.20"
| #define PACKAGE_BUGREPORT "http://bugzilla.gnome.org/enter_bug.cgi?product=libart"
| #define PACKAGE "libart_lgpl"
| #define VERSION "2.3.20"
| /* end confdefs.h.  */
| #include <ctype.h>
| #include <stdlib.h>
| #if ((' ' & 0x0FF) == 0x020)
| # define ISLOWER(c) ('a' <= (c) && (c) <= 'z')
| # define TOUPPER(c) (ISLOWER(c) ? 'A' + ((c) - 'a') : (c))
| #else
| # define ISLOWER(c) 		   (('a' <= (c) && (c) <= 'i') 		     || ('j' <= (c) && (c) <= 'r') 		     || ('s' <= (c) && (c) <= 'z'))
| # define TOUPPER(c) (ISLOWER(c) ? ((c) | 0x40) : (c))
| #endif
| 
| #define XOR(e, f) (((e) && !(f)) || (!(e) && (f)))
| int
| main ()
| {
|   int i;
|   for (i = 0; i < 256; i++)
|     if (XOR (islower (i), ISLOWER (i))
| 	|| toupper (i) != TOUPPER (i))
|       return 2;
|   return 0;
| }
configure:5229: result: no
configure:5253: checking for sys/types.h
configure:5274: /usr/bin/gcc -c -g -O2  conftest.c >&5
configure:5280: $? = 0
configure:5296: result: yes
configure:5253: checking for sys/stat.h
configure:5274: /usr/bin/gcc -c -g -O2  conftest.c >&5
configure:5280: $? = 0
configure:5296: result: yes
configure:5253: checking for stdlib.h
configure:5274: /usr/bin/gcc -c -g -O2  conftest.c >&5
configure:5280: $? = 0
configure:5296: result: yes
configure:5253: checking for string.h
configure:5274: /usr/bin/gcc -c -g -O2  conftest.c >&5
configure:5280: $? = 0
configure:5296: result: yes
configure:5253: checking for memory.h
configure:5274: /usr/bin/gcc -c -g -O2  conftest.c >&5
configure:5280: $? = 0
configure:5296: result: yes
configure:5253: checking for strings.h
configure:5274: /usr/bin/gcc -c -g -O2  conftest.c >&5
configure:5280: $? = 0
configure:5296: result: yes
configure:5253: checking for inttypes.h
configure:5274: /usr/bin/gcc -c -g -O2  conftest.c >&5
configure:5280: $? = 0
configure:5296: result: yes
configure:5253: checking for stdint.h
configure:5274: /usr/bin/gcc -c -g -O2  conftest.c >&5
configure:5280: $? = 0
configure:5296: result: yes
configure:5253: checking for unistd.h
configure:5274: /usr/bin/gcc -c -g -O2  conftest.c >&5
configure:5280: $? = 0
configure:5296: result: yes
configure:5323: checking dlfcn.h usability
configure:5340: /usr/bin/gcc -c -g -O2  conftest.c >&5
configure:5346: $? = 0
configure:5360: result: yes
configure:5364: checking dlfcn.h presence
configure:5379: /usr/bin/gcc -E  conftest.c
configure:5385: $? = 0
configure:5399: result: yes
configure:5432: checking for dlfcn.h
configure:5440: result: yes
configure:5511: checking for g++
configure:5527: found /usr/bin/g++
configure:5538: result: g++
configure:5569: checking for C++ compiler version
configure:5576: g++ --version >&5
g++ (GCC) 4.2.1 (Based on Apple Inc. build 5555)
Copyright (C) 2007 Free Software Foundation, Inc.
This is free software; see the source for copying conditions.  There is NO
warranty; not even for MERCHANTABILITY or FITNESS FOR A PARTICULAR PURPOSE.

configure:5579: $? = 0
configure:5586: g++ -v >&5
Using built-in specs.
Target: arm-apple-darwin9
Configured with: ../llvm-gcc-4.2/configure --build=x86_64-unknown-linux-gnu --host=arm-apple-darwin9 --enable-static=no --enable-shared=yes --prefix=/usr --localstatedir=/var/cache/iphone-gcc --enable-languages=c,c++,objc,obj-c++ --enable-wchar_t=no --with-gxx-include-dir=/usr/include/c++/4.0.0
Thread model: posix
gcc version 4.2.1 (Based on Apple Inc. build 5555)
configure:5589: $? = 0
configure:5596: g++ -V >&5
g++: '-V' option must have argument
configure:5599: $? = 1
configure:5602: checking whether we are using the GNU C++ compiler
configure:5631: g++ -c   conftest.cpp >&5
configure:5637: $? = 0
configure:5654: result: yes
configure:5659: checking whether g++ accepts -g
configure:5689: g++ -c -g  conftest.cpp >&5
configure:5695: $? = 0
configure:5794: result: yes
configure:5819: checking dependency style of g++
configure:5910: result: gcc3
configure:5935: checking how to run the C++ preprocessor
configure:5971: g++ -E  conftest.cpp
configure:5977: $? = 0
configure:6008: g++ -E  conftest.cpp
conftest.cpp:20:28: error: ac_nonexistent.h: No such file or directory
configure:6014: $? = 1
configure: failed program was:
| /* confdefs.h.  */
| #define PACKAGE_NAME "libart-lgpl"
| #define PACKAGE_TARNAME "libart_lgpl"
| #define PACKAGE_VERSION "2.3.20"
| #define PACKAGE_STRING "libart-lgpl 2.3.20"
| #define PACKAGE_BUGREPORT "http://bugzilla.gnome.org/enter_bug.cgi?product=libart"
| #define PACKAGE "libart_lgpl"
| #define VERSION "2.3.20"
| #define HAVE_SYS_TYPES_H 1
| #define HAVE_SYS_STAT_H 1
| #define HAVE_STDLIB_H 1
| #define HAVE_STRING_H 1
| #define HAVE_MEMORY_H 1
| #define HAVE_STRINGS_H 1
| #define HAVE_INTTYPES_H 1
| #define HAVE_STDINT_H 1
| #define HAVE_UNISTD_H 1
| #define HAVE_DLFCN_H 1
| /* end confdefs.h.  */
| #include <ac_nonexistent.h>
configure:6047: result: g++ -E
configure:6076: g++ -E  conftest.cpp
configure:6082: $? = 0
configure:6113: g++ -E  conftest.cpp
conftest.cpp:20:28: error: ac_nonexistent.h: No such file or directory
configure:6119: $? = 1
configure: failed program was:
| /* confdefs.h.  */
| #define PACKAGE_NAME "libart-lgpl"
| #define PACKAGE_TARNAME "libart_lgpl"
| #define PACKAGE_VERSION "2.3.20"
| #define PACKAGE_STRING "libart-lgpl 2.3.20"
| #define PACKAGE_BUGREPORT "http://bugzilla.gnome.org/enter_bug.cgi?product=libart"
| #define PACKAGE "libart_lgpl"
| #define VERSION "2.3.20"
| #define HAVE_SYS_TYPES_H 1
| #define HAVE_SYS_STAT_H 1
| #define HAVE_STDLIB_H 1
| #define HAVE_STRING_H 1
| #define HAVE_MEMORY_H 1
| #define HAVE_STRINGS_H 1
| #define HAVE_INTTYPES_H 1
| #define HAVE_STDINT_H 1
| #define HAVE_UNISTD_H 1
| #define HAVE_DLFCN_H 1
| /* end confdefs.h.  */
| #include <ac_nonexistent.h>
configure:6212: checking for g77
configure:6242: result: no
configure:6212: checking for xlf
configure:6242: result: no
configure:6212: checking for f77
configure:6242: result: no
configure:6212: checking for frt
configure:6242: result: no
configure:6212: checking for pgf77
configure:6242: result: no
configure:6212: checking for cf77
configure:6242: result: no
configure:6212: checking for fort77
configure:6242: result: no
configure:6212: checking for fl32
configure:6242: result: no
configure:6212: checking for af77
configure:6242: result: no
configure:6212: checking for xlf90
configure:6242: result: no
configure:6212: checking for f90
configure:6242: result: no
configure:6212: checking for pgf90
configure:6242: result: no
configure:6212: checking for pghpf
configure:6242: result: no
configure:6212: checking for epcf90
configure:6242: result: no
configure:6212: checking for gfortran
configure:6228: found /usr/bin/gfortran
configure:6239: result: gfortran
configure:6269: checking for Fortran 77 compiler version
configure:6276: gfortran --version >&5
GNU Fortran (GCC) 4.2.1 (Based on Apple Inc. build 5555)
Copyright (C) 2007 Free Software Foundation, Inc.

GNU Fortran comes with NO WARRANTY, to the extent permitted by law.
You may redistribute copies of GNU Fortran
under the terms of the GNU General Public License.
For more information about these matters, see the file named COPYING

configure:6279: $? = 0
configure:6286: gfortran -v >&5
Using built-in specs.
Target: arm-apple-darwin9
Configured with: ../../src/gcc/configure --prefix=/usr --host=arm-apple-darwin9 --enable-languages=c,c++,objc,obj-c++,fortran,java --target=arm-apple-darwin9 --build=i486-pc-linux-gnu --enable-wchat_t=no --with-gxx-include-dir=/usr/include/c++/4.2.1
Thread model: posix
gcc version 4.2.1 (Based on Apple Inc. build 5555)
configure:6289: $? = 0
configure:6296: gfortran -V >&5
gfortran: '-V' option must have argument
configure:6299: $? = 1
configure:6307: checking whether we are using the GNU Fortran 77 compiler
configure:6326: gfortran -c  conftest.F >&5
gfortran: error trying to exec 'f951': execvp: No such file or directory
configure:6332: $? = 1
configure: failed program was:
|       program main
| #ifndef __GNUC__
|        choke me
| #endif
| 
|       end
configure:6349: result: no
configure:6355: checking whether gfortran accepts -g
configure:6372: gfortran -c -g conftest.f >&5
gfortran: error trying to exec 'f951': execvp: No such file or directory
configure:6378: $? = 1
configure: failed program was:
|       program main
| 
|       end
configure:6394: result: no
configure:6424: checking the maximum length of command line arguments
configure:6536: result: 196608
configure:6548: checking command to parse /usr/bin/nm -p output from /usr/bin/gcc object
configure:6653: /usr/bin/gcc -c -g -O2  conftest.c >&5
configure:6656: $? = 0
configure:6660: /usr/bin/nm -p conftest.o \| sed -n -e 's/^.*[ 	]\([BCDEGRST][BCDEGRST]*\)[ 	][ 	]*\([_A-Za-z][_A-Za-z0-9]*\)$/\1 \2 \2/p' \> conftest.nm
configure:6663: $? = 0
cannot find nm_test_var in conftest.nm
configure:6653: /usr/bin/gcc -c -g -O2  conftest.c >&5
configure:6656: $? = 0
configure:6660: /usr/bin/nm -p conftest.o \| sed -n -e 's/^.*[ 	]\([BCDEGRST][BCDEGRST]*\)[ 	][ 	]*_\([_A-Za-z][_A-Za-z0-9]*\)$/\1 _\2 \2/p' \> conftest.nm
configure:6663: $? = 0
configure:6715: /usr/bin/gcc -o conftest -g -O2   conftest.c conftstm.o >&5
configure:6718: $? = 0
configure:6756: result: ok
configure:6760: checking for objdir
configure:6775: result: .libs
configure:6867: checking for ar
configure:6883: found /usr/bin/ar
configure:6894: result: ar
configure:6963: checking for ranlib
configure:6979: found /usr/bin/ranlib
configure:6990: result: ranlib
configure:7059: checking for strip
configure:7075: found /usr/bin/strip
configure:7086: result: strip
configure:7372: checking if /usr/bin/gcc supports -fno-rtti -fno-exceptions
configure:7395: /usr/bin/gcc -c -g -O2  -fno-rtti -fno-exceptions conftest.c >&5
cc1: warning: command line option "-fno-rtti" is valid for C++/ObjC++ but not for C
configure:7399: $? = 0
configure:7407: result: no
configure:7422: checking for /usr/bin/gcc option to produce PIC
configure:7654: result: -fno-common
configure:7662: checking if /usr/bin/gcc PIC flag -fno-common works
configure:7685: /usr/bin/gcc -c -g -O2  -fno-common -DPIC conftest.c >&5
configure:7689: $? = 0
configure:7697: result: yes
configure:7725: checking if /usr/bin/gcc static flag -static works
configure:7753: result: no
configure:7763: checking if /usr/bin/gcc supports -c -o file.o
configure:7789: /usr/bin/gcc -c -g -O2  -o out/conftest2.o conftest.c >&5
configure:7793: $? = 0
configure:7810: result: yes
configure:7836: checking whether the /usr/bin/gcc linker (/usr/bin/ld) supports shared libraries
configure:8816: result: yes
configure:8883: checking dynamic linker characteristics
configure:9487: result: darwin11.0.0 dyld
configure:9496: checking how to hardcode library paths into programs
configure:9521: result: immediate
configure:9535: checking whether stripping libraries is possible
configure:9549: result: yes
configure:10342: checking if libtool supports shared libraries
configure:10344: result: yes
configure:10347: checking whether to build shared libraries
configure:10368: result: yes
configure:10371: checking whether to build static libraries
configure:10375: result: yes
configure:10468: creating libtool
configure:11056: checking for ld used by g++
configure:11123: result: /usr/bin/ld
configure:11132: checking if the linker (/usr/bin/ld) is GNU ld
configure:11147: result: no
configure:11198: checking whether the g++ linker (/usr/bin/ld) supports shared libraries
configure:12172: result: yes
configure:12190: g++ -c -g -O2  conftest.cpp >&5
configure:12193: $? = 0
configure:12345: checking for g++ option to produce PIC
configure:12629: result: -fno-common
configure:12637: checking if g++ PIC flag -fno-common works
configure:12660: g++ -c -g -O2  -fno-common -DPIC conftest.cpp >&5
configure:12664: $? = 0
configure:12672: result: yes
configure:12700: checking if g++ static flag -static works
configure:12728: result: no
configure:12738: checking if g++ supports -c -o file.o
configure:12764: g++ -c -g -O2  -o out/conftest2.o conftest.cpp >&5
configure:12768: $? = 0
configure:12785: result: yes
configure:12811: checking whether the g++ linker (/usr/bin/ld) supports shared libraries
configure:12836: result: yes
configure:12903: checking dynamic linker characteristics
configure:13455: result: darwin11.0.0 dyld
configure:13464: checking how to hardcode library paths into programs
configure:13489: result: immediate
configure:14023: checking if libtool supports shared libraries
configure:14025: result: yes
configure:14028: checking whether to build shared libraries
configure:14048: result: yes
configure:14051: checking whether to build static libraries
configure:14055: result: yes
configure:14065: checking for gfortran option to produce PIC
configure:14297: result: -fno-common
configure:14305: checking if gfortran PIC flag -fno-common works
configure:14328: gfortran -c  -fno-common conftest.f >&5
gfortran: error trying to exec 'f951': execvp: No such file or directory
configure:14332: $? = 1
configure:14340: result: no
configure:14368: checking if gfortran static flag -static works
configure:14396: result: no
configure:14406: checking if gfortran supports -c -o file.o
configure:14432: gfortran -c  -o out/conftest2.o conftest.f >&5
gfortran: error trying to exec 'f951': execvp: No such file or directory
configure:14436: $? = 1
configure:14453: result: no
configure:14479: checking whether the gfortran linker (/usr/bin/ld) supports shared libraries
configure:15439: result: yes
configure:15506: checking dynamic linker characteristics
configure:16058: result: darwin11.0.0 dyld
configure:16067: checking how to hardcode library paths into programs
configure:16092: result: immediate
configure:19665: checking whether to enable maintainer-specific portions of Makefiles
configure:19674: result: no
configure:19688: checking for some Win32 platform
configure:19698: result: no
configure:19709: checking for native Win32
configure:19719: result: no
configure:19805: checking for working alloca.h
configure:19832: /usr/bin/gcc -o conftest -g -O2 -Wall -Wmissing-prototypes   conftest.c  >&5
configure:19838: $? = 0
configure:19855: result: yes
configure:19865: checking for alloca
configure:19912: /usr/bin/gcc -o conftest -g -O2 -Wall -Wmissing-prototypes   conftest.c  >&5
configure:19918: $? = 0
configure:19935: result: yes
configure:20163: checking whether byte ordering is bigendian
configure:20196: /usr/bin/gcc -c -g -O2 -Wall -Wmissing-prototypes  conftest.c >&5
configure:20202: $? = 0
configure:20234: /usr/bin/gcc -c -g -O2 -Wall -Wmissing-prototypes  conftest.c >&5
conftest.c: In function 'main':
conftest.c:29: error: 'not' undeclared (first use in this function)
conftest.c:29: error: (Each undeclared identifier is reported only once
conftest.c:29: error: for each function it appears in.)
conftest.c:29: error: expected ';' before 'big'
configure:20240: $? = 1
configure: failed program was:
| /* confdefs.h.  */
| #define PACKAGE_NAME "libart-lgpl"
| #define PACKAGE_TARNAME "libart_lgpl"
| #define PACKAGE_VERSION "2.3.20"
| #define PACKAGE_STRING "libart-lgpl 2.3.20"
| #define PACKAGE_BUGREPORT "http://bugzilla.gnome.org/enter_bug.cgi?product=libart"
| #define PACKAGE "libart_lgpl"
| #define VERSION "2.3.20"
| #define HAVE_SYS_TYPES_H 1
| #define HAVE_SYS_STAT_H 1
| #define HAVE_STDLIB_H 1
| #define HAVE_STRING_H 1
| #define HAVE_MEMORY_H 1
| #define HAVE_STRINGS_H 1
| #define HAVE_INTTYPES_H 1
| #define HAVE_STDINT_H 1
| #define HAVE_UNISTD_H 1
| #define HAVE_DLFCN_H 1
| #define HAVE_ALLOCA_H 1
| #define HAVE_ALLOCA 1
| /* end confdefs.h.  */
| #include <sys/types.h>
| #include <sys/param.h>
| 
| int
| main ()
| {
| #if BYTE_ORDER != BIG_ENDIAN
|  not big endian
| #endif
| 
|   ;
|   return 0;
| }
configure:20380: result: no
configure:20555: creating ./config.status

## ---------------------- ##
## Running config.status. ##
## ---------------------- ##

This file was extended by libart-lgpl config.status 2.3.20, which was
generated by GNU Autoconf 2.61.  Invocation command line was

  CONFIG_FILES    = 
  CONFIG_HEADERS  = 
  CONFIG_LINKS    = 
  CONFIG_COMMANDS = 
  $ ./config.status 

on Chriss-iPad

config.status:686: creating libart-features.h
config.status:686: creating Makefile
config.status:686: creating libart-2.0.pc
config.status:686: creating libart-2.0-uninstalled.pc
config.status:686: creating libart-zip
config.status:686: creating libart-config
config.status:686: creating config.h
config.status:914: config.h is unchanged
config.status:960: executing depfiles commands

## ---------------- ##
## Cache variables. ##
## ---------------- ##

ac_cv_build=arm-apple-darwin11.0.0
ac_cv_c_bigendian=no
ac_cv_c_compiler_gnu=yes
ac_cv_cxx_compiler_gnu=yes
ac_cv_env_CCC_set=
ac_cv_env_CCC_value=
ac_cv_env_CC_set=set
ac_cv_env_CC_value=/usr/bin/gcc
ac_cv_env_CFLAGS_set=
ac_cv_env_CFLAGS_value=
ac_cv_env_CPPFLAGS_set=
ac_cv_env_CPPFLAGS_value=
ac_cv_env_CPP_set=
ac_cv_env_CPP_value=
ac_cv_env_CXXCPP_set=
ac_cv_env_CXXCPP_value=
ac_cv_env_CXXFLAGS_set=
ac_cv_env_CXXFLAGS_value=
ac_cv_env_CXX_set=
ac_cv_env_CXX_value=
ac_cv_env_F77_set=
ac_cv_env_F77_value=
ac_cv_env_FFLAGS_set=
ac_cv_env_FFLAGS_value=
ac_cv_env_LDFLAGS_set=
ac_cv_env_LDFLAGS_value=
ac_cv_env_LIBS_set=
ac_cv_env_LIBS_value=
ac_cv_env_build_alias_set=
ac_cv_env_build_alias_value=
ac_cv_env_host_alias_set=
ac_cv_env_host_alias_value=
ac_cv_env_target_alias_set=
ac_cv_env_target_alias_value=
ac_cv_f77_compiler_gnu=no
ac_cv_func_alloca_works=yes
ac_cv_header_dlfcn_h=yes
ac_cv_header_inttypes_h=yes
ac_cv_header_memory_h=yes
ac_cv_header_stdc=no
ac_cv_header_stdint_h=yes
ac_cv_header_stdlib_h=yes
ac_cv_header_string_h=yes
ac_cv_header_strings_h=yes
ac_cv_header_sys_stat_h=yes
ac_cv_header_sys_types_h=yes
ac_cv_header_unistd_h=yes
ac_cv_host=arm-apple-darwin11.0.0
ac_cv_objext=o
ac_cv_path_EGREP='/bin/grep -E'
ac_cv_path_GREP=/bin/grep
ac_cv_path_install='/usr/bin/install -c'
ac_cv_path_mkdir=/bin/mkdir
ac_cv_prog_AWK=gawk
ac_cv_prog_CPP='/usr/bin/gcc -E'
ac_cv_prog_CXXCPP='g++ -E'
ac_cv_prog_ac_ct_AR=ar
ac_cv_prog_ac_ct_CC=/usr/bin/gcc
ac_cv_prog_ac_ct_CXX=g++
ac_cv_prog_ac_ct_F77=gfortran
ac_cv_prog_ac_ct_RANLIB=ranlib
ac_cv_prog_ac_ct_STRIP=strip
ac_cv_prog_cc_c89=
ac_cv_prog_cc_g=yes
ac_cv_prog_cxx_g=yes
ac_cv_prog_f77_g=no
ac_cv_prog_make_make_set=yes
ac_cv_working_alloca_h=yes
am_cv_CC_dependencies_compiler_type=gcc3
am_cv_CXX_dependencies_compiler_type=gcc3
lt_cv_deplibs_check_method=pass_all
lt_cv_file_magic_cmd='$MAGIC_CMD'
lt_cv_file_magic_test_file=
lt_cv_ld_reload_flag=-r
lt_cv_objdir=.libs
lt_cv_path_LD=/usr/bin/ld
lt_cv_path_LDCXX=/usr/bin/ld
lt_cv_path_NM='/usr/bin/nm -p'
lt_cv_path_SED=/bin/sed
lt_cv_prog_compiler_c_o=yes
lt_cv_prog_compiler_c_o_CXX=yes
lt_cv_prog_compiler_c_o_F77=no
lt_cv_prog_compiler_rtti_exceptions=no
lt_cv_prog_gnu_ld=no
lt_cv_prog_gnu_ldcxx=no
lt_cv_sys_global_symbol_pipe='sed -n -e '\''s/^.*[ 	]\([BCDEGRST][BCDEGRST]*\)[ 	][ 	]*_\([_A-Za-z][_A-Za-z0-9]*\)$/\1 _\2 \2/p'\'''
lt_cv_sys_global_symbol_to_c_name_address='sed -n -e '\''s/^: \([^ ]*\) $/  {\"\1\", (lt_ptr) 0},/p'\'' -e '\''s/^[BCDEGRST] \([^ ]*\) \([^ ]*\)$/  {"\2", (lt_ptr) \&\2},/p'\'''
lt_cv_sys_global_symbol_to_cdecl='sed -n -e '\''s/^. .* \(.*\)$/extern int \1;/p'\'''
lt_cv_sys_max_cmd_len=196608
lt_lt_cv_prog_compiler_c_o='"yes"'
lt_lt_cv_prog_compiler_c_o_CXX='"yes"'
lt_lt_cv_prog_compiler_c_o_F77='"no"'
lt_lt_cv_sys_global_symbol_pipe='"sed -n -e '\''s/^.*[ 	]\\([BCDEGRST][BCDEGRST]*\\)[ 	][ 	]*_\\([_A-Za-z][_A-Za-z0-9]*\\)\$/\\1 _\\2 \\2/p'\''"'
lt_lt_cv_sys_global_symbol_to_c_name_address='"sed -n -e '\''s/^: \\([^ ]*\\) \$/  {\\\"\\1\\\", (lt_ptr) 0},/p'\'' -e '\''s/^[BCDEGRST] \\([^ ]*\\) \\([^ ]*\\)\$/  {\"\\2\", (lt_ptr) \\&\\2},/p'\''"'
lt_lt_cv_sys_global_symbol_to_cdecl='"sed -n -e '\''s/^. .* \\(.*\\)\$/extern int \\1;/p'\''"'

## ----------------- ##
## Output variables. ##
## ----------------- ##

ACLOCAL='${SHELL} /home/chris/libart_lgpl-2.3.20/missing --run aclocal-1.10'
ALLOCA=''
AMDEPBACKSLASH='\'
AMDEP_FALSE='#'
AMDEP_TRUE=''
AMTAR='${SHELL} /home/chris/libart_lgpl-2.3.20/missing --run tar'
AR='ar'
AS='as'
AUTOCONF='${SHELL} /home/chris/libart_lgpl-2.3.20/missing --run autoconf'
AUTOHEADER='${SHELL} /home/chris/libart_lgpl-2.3.20/missing --run autoheader'
AUTOMAKE='${SHELL} /home/chris/libart_lgpl-2.3.20/missing --run automake-1.10'
AWK='gawk'
CC='/usr/bin/gcc'
CCDEPMODE='depmode=gcc3'
CFLAGS='-g -O2 -Wall -Wmissing-prototypes'
CPP='/usr/bin/gcc -E'
CPPFLAGS=''
CXX='g++'
CXXCPP='g++ -E'
CXXDEPMODE='depmode=gcc3'
CXXFLAGS='-g -O2'
CYGPATH_W='echo'
DEFS='-DHAVE_CONFIG_H'
DEPDIR='.deps'
DLLTOOL='dlltool'
ECHO='echo'
ECHO_C=''
ECHO_N='-n'
ECHO_T=''
EGREP='/bin/grep -E'
EXEEXT=''
F77='gfortran'
FFLAGS=''
GREP='/bin/grep'
INSTALL_DATA='${INSTALL} -m 644'
INSTALL_PROGRAM='${INSTALL}'
INSTALL_SCRIPT='${INSTALL}'
INSTALL_STRIP_PROGRAM='$(install_sh) -c -s'
LDFLAGS=''
LIBART_MAJOR_VERSION='2'
LIBART_MICRO_VERSION='20'
LIBART_MINOR_VERSION='3'
LIBART_VERSION='2.3.20'
LIBART_VERSION_INFO='5:20:3'
LIBOBJS=''
LIBS=''
LIBTOOL='$(SHELL) $(top_builddir)/libtool'
LN_S='ln -s'
LTLIBOBJS=''
MAINT='#'
MAINTAINER_MODE_FALSE=''
MAINTAINER_MODE_TRUE='#'
MAKEINFO='${SHELL} /home/chris/libart_lgpl-2.3.20/missing --run makeinfo'
MS_LIB_AVAILABLE_FALSE=''
MS_LIB_AVAILABLE_TRUE='#'
OBJDUMP='objdump'
OBJEXT='o'
OS_WIN32_FALSE=''
OS_WIN32_TRUE='#'
PACKAGE='libart_lgpl'
PACKAGE_BUGREPORT='http://bugzilla.gnome.org/enter_bug.cgi?product=libart'
PACKAGE_NAME='libart-lgpl'
PACKAGE_STRING='libart-lgpl 2.3.20'
PACKAGE_TARNAME='libart_lgpl'
PACKAGE_VERSION='2.3.20'
PATH_SEPARATOR=':'
PLATFORM_WIN32_FALSE=''
PLATFORM_WIN32_TRUE='#'
RANLIB='ranlib'
SED='/bin/sed'
SET_MAKE=''
SHELL='/bin/sh'
STRIP='strip'
VERSION='2.3.20'
ac_ct_CC='/usr/bin/gcc'
ac_ct_CXX='g++'
ac_ct_F77='gfortran'
am__fastdepCC_FALSE='#'
am__fastdepCC_TRUE=''
am__fastdepCXX_FALSE='#'
am__fastdepCXX_TRUE=''
am__include='include'
am__isrc=''
am__leading_dot='.'
am__quote=''
am__tar='${AMTAR} chof - "$$tardir"'
am__untar='${AMTAR} xf -'
bindir='${exec_prefix}/bin'
build='arm-apple-darwin11.0.0'
build_alias=''
build_cpu='arm'
build_os='darwin11.0.0'
build_vendor='apple'
datadir='${datarootdir}'
datarootdir='${prefix}/share'
docdir='${datarootdir}/doc/${PACKAGE_TARNAME}'
dvidir='${docdir}'
exec_prefix='${prefix}'
host='arm-apple-darwin11.0.0'
host_alias=''
host_cpu='arm'
host_os='darwin11.0.0'
host_vendor='apple'
htmldir='${docdir}'
includedir='${prefix}/include'
infodir='${datarootdir}/info'
install_sh='$(SHELL) /home/chris/libart_lgpl-2.3.20/install-sh'
libdir='${exec_prefix}/lib'
libexecdir='${exec_prefix}/libexec'
localedir='${datarootdir}/locale'
localstatedir='${prefix}/var'
mandir='${datarootdir}/man'
mkdir_p='/bin/mkdir -p'
ms_librarian=''
oldincludedir='/usr/include'
pdfdir='${docdir}'
prefix='/usr/local'
program_transform_name='s,x,x,'
psdir='${docdir}'
sbindir='${exec_prefix}/sbin'
sharedstatedir='${prefix}/com'
sysconfdir='${prefix}/etc'
target_alias=''

## ----------- ##
## confdefs.h. ##
## ----------- ##

#define PACKAGE_NAME "libart-lgpl"
#define PACKAGE_TARNAME "libart_lgpl"
#define PACKAGE_VERSION "2.3.20"
#define PACKAGE_STRING "libart-lgpl 2.3.20"
#define PACKAGE_BUGREPORT "http://bugzilla.gnome.org/enter_bug.cgi?product=libart"
#define PACKAGE "libart_lgpl"
#define VERSION "2.3.20"
#define HAVE_SYS_TYPES_H 1
#define HAVE_SYS_STAT_H 1
#define HAVE_STDLIB_H 1
#define HAVE_STRING_H 1
#define HAVE_MEMORY_H 1
#define HAVE_STRINGS_H 1
#define HAVE_INTTYPES_H 1
#define HAVE_STDINT_H 1
#define HAVE_UNISTD_H 1
#define HAVE_DLFCN_H 1
#define HAVE_ALLOCA_H 1
#define HAVE_ALLOCA 1

configure: exit 0
