This file contains any messages produced by compilers while
running configure, to aid debugging if configure makes a mistake.

It was created by gdk-pixbuf configure 2.24.0, which was
generated by GNU Autoconf 2.68.  Invocation command line was

  $ ./configure 

## --------- ##
## Platform. ##
## --------- ##

hostname = Chriss-iPad
uname -m = iPad1,1
uname -r = 10.4.0
uname -s = Darwin
uname -v = Darwin Kernel Version 10.4.0: Wed Oct 20 20:14:45 PDT 2010; root:xnu-1504.58.28~3/RELEASE_ARM_S5L8930X

/usr/bin/uname -p = unknown
/bin/uname -X     = unknown

/bin/arch              = unknown
/usr/bin/arch -k       = unknown
/usr/convex/getsysinfo = unknown
/usr/bin/hostinfo      = Mach kernel version:
	 Darwin Kernel Version 10.4.0: Wed Oct 20 20:14:45 PDT 2010; root:xnu-1504.58.28~3/RELEASE_ARM_S5L8930X
Kernel configured for a single processor only.
1 processor is physically available.
1 processor is logically available.
Processor type: armv7 (arm v7)
Processor active: 0
Primary memory available: 247.00 megabytes
Default processor set: 31 tasks, 242 threads, 1 processors
Load average: 2.98, Mach factor: 0.25
/bin/machine           = unknown
/usr/bin/oslevel       = unknown
/bin/universe          = unknown

PATH: /usr/local/sbin
PATH: /usr/local/bin
PATH: /usr/sbin
PATH: /usr/bin
PATH: /sbin
PATH: /bin
PATH: /usr/bin/X11
PATH: /usr/games
PATH: /var/mobile/ocaml-3.12.0/bin


## ----------- ##
## Core tests. ##
## ----------- ##

configure:2498: checking for a BSD-compatible install
configure:2566: result: /usr/bin/install -c
configure:2577: checking whether build environment is sane
configure:2627: result: yes
configure:2768: checking for a thread-safe mkdir -p
configure:2807: result: /bin/mkdir -p
configure:2820: checking for gawk
configure:2836: found /usr/bin/gawk
configure:2847: result: gawk
configure:2858: checking whether make sets $(MAKE)
configure:2880: result: yes
configure:2946: checking how to create a ustar tar archive
configure:2959: tar --version
tar (GNU tar) 1.22
Copyright (C) 2009 Free Software Foundation, Inc.
License GPLv3+: GNU GPL version 3 or later <http://gnu.org/licenses/gpl.html>.
This is free software: you are free to change and redistribute it.
There is NO WARRANTY, to the extent permitted by law.

Written by John Gilmore and Jay Fenlason.
configure:2962: $? = 0
configure:3002: tardir=conftest.dir && eval tar --format=ustar -chf - "$tardir" >conftest.tar
configure:3005: $? = 0
configure:3009: tar -xf - <conftest.tar
configure:3012: $? = 0
configure:3025: result: gnutar
configure:3033: checking whether to disable maintainer-specific portions of Makefiles
configure:3042: result: yes
configure:3159: checking for gcc
configure:3186: result: /usr/bin/gcc
configure:3415: checking for C compiler version
configure:3424: /usr/bin/gcc --version >&5
gcc (GCC) 4.2.1 (Based on Apple Inc. build 5555)
Copyright (C) 2007 Free Software Foundation, Inc.
This is free software; see the source for copying conditions.  There is NO
warranty; not even for MERCHANTABILITY or FITNESS FOR A PARTICULAR PURPOSE.

configure:3435: $? = 0
configure:3424: /usr/bin/gcc -v >&5
Using built-in specs.
Target: arm-apple-darwin9
Configured with: ../llvm-gcc-4.2/configure --build=x86_64-unknown-linux-gnu --host=arm-apple-darwin9 --enable-static=no --enable-shared=yes --prefix=/usr --localstatedir=/var/cache/iphone-gcc --enable-languages=c,c++,objc,obj-c++ --enable-wchar_t=no --with-gxx-include-dir=/usr/include/c++/4.0.0
Thread model: posix
gcc version 4.2.1 (Based on Apple Inc. build 5555)
configure:3435: $? = 0
configure:3424: /usr/bin/gcc -V >&5
gcc: '-V' option must have argument
configure:3435: $? = 1
configure:3424: /usr/bin/gcc -qversion >&5
gcc: no input files
configure:3435: $? = 1
configure:3455: checking whether the C compiler works
configure:3477: /usr/bin/gcc    conftest.c  >&5
configure:3481: $? = 0
configure:3529: result: yes
configure:3532: checking for C compiler default output file name
configure:3534: result: a.out
configure:3540: checking for suffix of executables
configure:3547: /usr/bin/gcc -o conftest    conftest.c  >&5
configure:3551: $? = 0
configure:3573: result: 
configure:3595: checking whether we are cross compiling
configure:3603: /usr/bin/gcc -o conftest    conftest.c  >&5
configure:3607: $? = 0
configure:3614: ./conftest
configure:3618: $? = 0
configure:3633: result: no
configure:3638: checking for suffix of object files
configure:3660: /usr/bin/gcc -c   conftest.c >&5
configure:3664: $? = 0
configure:3685: result: o
configure:3689: checking whether we are using the GNU C compiler
configure:3708: /usr/bin/gcc -c   conftest.c >&5
configure:3708: $? = 0
configure:3717: result: yes
configure:3726: checking whether /usr/bin/gcc accepts -g
configure:3746: /usr/bin/gcc -c -g  conftest.c >&5
configure:3746: $? = 0
configure:3787: result: yes
configure:3804: checking for /usr/bin/gcc option to accept ISO C89
configure:3868: /usr/bin/gcc  -c -g -O2  conftest.c >&5
configure:3868: $? = 0
configure:3881: result: none needed
configure:3912: checking for style of include used by make
configure:3940: result: GNU
configure:3965: checking dependency style of /usr/bin/gcc
configure:4075: result: gcc3
configure:4091: checking whether /usr/bin/gcc and cc understand -c and -o together
configure:4122: /usr/bin/gcc -c conftest.c -o conftest2.o >&5
configure:4126: $? = 0
configure:4132: /usr/bin/gcc -c conftest.c -o conftest2.o >&5
configure:4136: $? = 0
configure:4147: cc -c conftest.c >&5
configure:4151: $? = 0
configure:4159: cc -c conftest.c -o conftest2.o >&5
configure:4163: $? = 0
configure:4169: cc -c conftest.c -o conftest2.o >&5
configure:4173: $? = 0
configure:4191: result: yes
configure:4205: checking for /usr/bin/gcc option to accept ISO C99
configure:4354: /usr/bin/gcc  -c -g -O2  conftest.c >&5
conftest.c:59: error: expected ';', ',' or ')' before 'text'
conftest.c: In function 'main':
conftest.c:113: error: nested functions are disabled, use -fnested-functions to re-enable
conftest.c:113: error: expected '=', ',', ';', 'asm' or '__attribute__' before 'newvar'
conftest.c:113: error: 'newvar' undeclared (first use in this function)
conftest.c:113: error: (Each undeclared identifier is reported only once
conftest.c:113: error: for each function it appears in.)
conftest.c:123: error: 'for' loop initial declaration used outside C99 mode
configure:4354: $? = 1
configure: failed program was:
| /* confdefs.h */
| #define PACKAGE_NAME "gdk-pixbuf"
| #define PACKAGE_TARNAME "gdk-pixbuf"
| #define PACKAGE_VERSION "2.24.0"
| #define PACKAGE_STRING "gdk-pixbuf 2.24.0"
| #define PACKAGE_BUGREPORT "http://bugzilla.gnome.org/enter_bug.cgi?product=gdk-pixbuf"
| #define PACKAGE_URL ""
| /* end confdefs.h.  */
| #include <stdarg.h>
| #include <stdbool.h>
| #include <stdlib.h>
| #include <wchar.h>
| #include <stdio.h>
| 
| // Check varargs macros.  These examples are taken from C99 6.10.3.5.
| #define debug(...) fprintf (stderr, __VA_ARGS__)
| #define showlist(...) puts (#__VA_ARGS__)
| #define report(test,...) ((test) ? puts (#test) : printf (__VA_ARGS__))
| static void
| test_varargs_macros (void)
| {
|   int x = 1234;
|   int y = 5678;
|   debug ("Flag");
|   debug ("X = %d\n", x);
|   showlist (The first, second, and third items.);
|   report (x>y, "x is %d but y is %d", x, y);
| }
| 
| // Check long long types.
| #define BIG64 18446744073709551615ull
| #define BIG32 4294967295ul
| #define BIG_OK (BIG64 / BIG32 == 4294967297ull && BIG64 % BIG32 == 0)
| #if !BIG_OK
|   your preprocessor is broken;
| #endif
| #if BIG_OK
| #else
|   your preprocessor is broken;
| #endif
| static long long int bignum = -9223372036854775807LL;
| static unsigned long long int ubignum = BIG64;
| 
| struct incomplete_array
| {
|   int datasize;
|   double data[];
| };
| 
| struct named_init {
|   int number;
|   const wchar_t *name;
|   double average;
| };
| 
| typedef const char *ccp;
| 
| static inline int
| test_restrict (ccp restrict text)
| {
|   // See if C++-style comments work.
|   // Iterate through items via the restricted pointer.
|   // Also check for declarations in for loops.
|   for (unsigned int i = 0; *(text+i) != '\0'; ++i)
|     continue;
|   return 0;
| }
| 
| // Check varargs and va_copy.
| static void
| test_varargs (const char *format, ...)
| {
|   va_list args;
|   va_start (args, format);
|   va_list args_copy;
|   va_copy (args_copy, args);
| 
|   const char *str;
|   int number;
|   float fnumber;
| 
|   while (*format)
|     {
|       switch (*format++)
| 	{
| 	case 's': // string
| 	  str = va_arg (args_copy, const char *);
| 	  break;
| 	case 'd': // int
| 	  number = va_arg (args_copy, int);
| 	  break;
| 	case 'f': // float
| 	  fnumber = va_arg (args_copy, double);
| 	  break;
| 	default:
| 	  break;
| 	}
|     }
|   va_end (args_copy);
|   va_end (args);
| }
| 
| int
| main ()
| {
| 
|   // Check bool.
|   _Bool success = false;
| 
|   // Check restrict.
|   if (test_restrict ("String literal") == 0)
|     success = true;
|   char *restrict newvar = "Another string";
| 
|   // Check varargs.
|   test_varargs ("s, d' f .", "string", 65, 34.234);
|   test_varargs_macros ();
| 
|   // Check flexible array members.
|   struct incomplete_array *ia =
|     malloc (sizeof (struct incomplete_array) + (sizeof (double) * 10));
|   ia->datasize = 10;
|   for (int i = 0; i < ia->datasize; ++i)
|     ia->data[i] = i * 1.234;
| 
|   // Check named initializers.
|   struct named_init ni = {
|     .number = 34,
|     .name = L"Test wide string",
|     .average = 543.34343,
|   };
| 
|   ni.number = 58;
| 
|   int dynamic_array[ni.number];
|   dynamic_array[ni.number - 1] = 543;
| 
|   // work around unused variable warnings
|   return (!success || bignum == 0LL || ubignum == 0uLL || newvar[0] == 'x'
| 	  || dynamic_array[ni.number - 1] != 543);
| 
|   ;
|   return 0;
| }
configure:4354: /usr/bin/gcc -std=gnu99 -c -g -O2  conftest.c >&5
configure:4354: $? = 0
configure:4374: result: -std=gnu99
configure:4476: checking for /usr/bin/gcc -std=gnu99 option to accept ISO Standard C
configure:4490: result: -std=gnu99
configure:4495: checking whether make sets $(MAKE)
configure:4517: result: yes
configure:4579: checking for pkg-config
configure:4597: found /usr/bin/pkg-config
configure:4609: result: /usr/bin/pkg-config
configure:4634: checking pkg-config is at least version 0.9.0
configure:4637: result: yes
configure:4650: checking build system type
configure:4664: result: arm-apple-darwin10.4.0
configure:4684: checking host system type
configure:4697: result: arm-apple-darwin10.4.0
configure:4719: checking for native Win32
configure:4739: result: no
configure:4811: checking how to print strings
configure:4838: result: printf
configure:4859: checking for a sed that does not truncate output
configure:4923: result: /bin/sed
configure:4941: checking for grep that handles long lines and -e
configure:4999: result: /bin/grep
configure:5004: checking for egrep
configure:5066: result: /bin/grep -E
configure:5071: checking for fgrep
configure:5133: result: /bin/grep -F
configure:5168: checking for ld used by /usr/bin/gcc -std=gnu99
configure:5235: result: /usr/bin/ld
configure:5242: checking if the linker (/usr/bin/ld) is GNU ld
configure:5257: result: no
configure:5269: checking for BSD- or MS-compatible name lister (nm)
configure:5318: result: /usr/bin/nm -p
configure:5448: checking the name lister (/usr/bin/nm -p) interface
configure:5455: /usr/bin/gcc -std=gnu99 -c -g -O2  conftest.c >&5
configure:5458: /usr/bin/nm -p "conftest.o"
configure:5461: output
00000000 D _some_variable
configure:5468: result: BSD nm
configure:5471: checking whether ln -s works
configure:5475: result: yes
configure:5483: checking the maximum length of command line arguments
configure:5608: result: 196608
configure:5625: checking whether the shell understands some XSI constructs
configure:5635: result: yes
configure:5639: checking whether the shell understands "+="
configure:5645: result: yes
configure:5680: checking how to convert arm-apple-darwin10.4.0 file names to arm-apple-darwin10.4.0 format
configure:5720: result: func_convert_file_noop
configure:5727: checking how to convert arm-apple-darwin10.4.0 file names to toolchain format
configure:5747: result: func_convert_file_noop
configure:5754: checking for /usr/bin/ld option to reload object files
configure:5761: result: -r
configure:5835: checking for objdump
configure:5851: found /usr/bin/objdump
configure:5862: result: objdump
configure:5891: checking how to recognize dependent libraries
configure:6093: result: pass_all
configure:6178: checking for dlltool
configure:6208: result: no
configure:6235: checking how to associate runtime and link libraries
configure:6262: result: printf %s\n
configure:6323: checking for ar
configure:6339: found /usr/bin/ar
configure:6350: result: ar
configure:6387: checking for archiver @FILE support
configure:6404: /usr/bin/gcc -std=gnu99 -c -g -O2  conftest.c >&5
configure:6404: $? = 0
configure:6407: ar cru libconftest.a @conftest.lst >&5
ar: @conftest.lst: No such file or directory
configure:6410: $? = 1
configure:6430: result: no
configure:6488: checking for strip
configure:6504: found /usr/bin/strip
configure:6515: result: strip
configure:6587: checking for ranlib
configure:6603: found /usr/bin/ranlib
configure:6614: result: ranlib
configure:6716: checking command to parse /usr/bin/nm -p output from /usr/bin/gcc -std=gnu99 object
configure:6835: /usr/bin/gcc -std=gnu99 -c -g -O2  conftest.c >&5
configure:6838: $? = 0
configure:6842: /usr/bin/nm -p conftest.o \| sed -n -e 's/^.*[ ]\([BCDEGRST][BCDEGRST]*\)[ ][ ]*\([_A-Za-z][_A-Za-z0-9]*\)$/\1 \2 \2/p' | sed '/ __gnu_lto/d' \> conftest.nm
configure:6845: $? = 0
cannot find nm_test_var in conftest.nm
configure:6835: /usr/bin/gcc -std=gnu99 -c -g -O2  conftest.c >&5
configure:6838: $? = 0
configure:6842: /usr/bin/nm -p conftest.o \| sed -n -e 's/^.*[ ]\([BCDEGRST][BCDEGRST]*\)[ ][ ]*_\([_A-Za-z][_A-Za-z0-9]*\)$/\1 _\2 \2/p' | sed '/ __gnu_lto/d' \> conftest.nm
configure:6845: $? = 0
configure:6911: /usr/bin/gcc -std=gnu99 -o conftest -g -O2   conftest.c conftstm.o >&5
configure:6914: $? = 0
configure:6952: result: ok
configure:6989: checking for sysroot
configure:7019: result: no
configure:7262: checking for mt
configure:7292: result: no
configure:7312: checking if : is a manifest tool
configure:7318: : '-?'
configure:7326: result: no
configure:7382: checking for dsymutil
configure:7412: result: no
configure:7474: checking for nmedit
configure:7490: found /usr/bin/nmedit
configure:7501: result: nmedit
configure:7566: checking for lipo
configure:7582: found /usr/bin/lipo
configure:7593: result: lipo
configure:7658: checking for otool
configure:7674: found /usr/bin/otool
configure:7685: result: otool
configure:7750: checking for otool64
configure:7766: found /usr/bin/otool64
configure:7777: result: otool64
configure:7825: checking for -single_module linker flag
/usr/bin/gcc -std=gnu99 -g -O2  -o libconftest.dylib -dynamiclib -Wl,-single_module conftest.c
configure:7852: result: yes
configure:7854: checking for -exported_symbols_list linker flag
configure:7874: /usr/bin/gcc -std=gnu99 -o conftest -g -O2   -Wl,-exported_symbols_list,conftest.sym conftest.c  >&5
configure:7874: $? = 0
configure:7884: result: yes
configure:7886: checking for -force_load linker flag
/usr/bin/gcc -std=gnu99 -g -O2 -c -o conftest.o conftest.c
ar cru libconftest.a conftest.o
ranlib libconftest.a
/usr/bin/gcc -std=gnu99 -g -O2  -o conftest conftest.c -Wl,-force_load,./libconftest.a
ld: unknown option: -force_load
collect2: ld returned 1 exit status
configure:7916: result: no
configure:7958: checking how to run the C preprocessor
configure:7989: /usr/bin/gcc -std=gnu99 -E  conftest.c
configure:7989: $? = 0
configure:8003: /usr/bin/gcc -std=gnu99 -E  conftest.c
conftest.c:9:28: error: ac_nonexistent.h: No such file or directory
configure:8003: $? = 1
configure: failed program was:
| /* confdefs.h */
| #define PACKAGE_NAME "gdk-pixbuf"
| #define PACKAGE_TARNAME "gdk-pixbuf"
| #define PACKAGE_VERSION "2.24.0"
| #define PACKAGE_STRING "gdk-pixbuf 2.24.0"
| #define PACKAGE_BUGREPORT "http://bugzilla.gnome.org/enter_bug.cgi?product=gdk-pixbuf"
| #define PACKAGE_URL ""
| /* end confdefs.h.  */
| #include <ac_nonexistent.h>
configure:8028: result: /usr/bin/gcc -std=gnu99 -E
configure:8048: /usr/bin/gcc -std=gnu99 -E  conftest.c
configure:8048: $? = 0
configure:8062: /usr/bin/gcc -std=gnu99 -E  conftest.c
conftest.c:9:28: error: ac_nonexistent.h: No such file or directory
configure:8062: $? = 1
configure: failed program was:
| /* confdefs.h */
| #define PACKAGE_NAME "gdk-pixbuf"
| #define PACKAGE_TARNAME "gdk-pixbuf"
| #define PACKAGE_VERSION "2.24.0"
| #define PACKAGE_STRING "gdk-pixbuf 2.24.0"
| #define PACKAGE_BUGREPORT "http://bugzilla.gnome.org/enter_bug.cgi?product=gdk-pixbuf"
| #define PACKAGE_URL ""
| /* end confdefs.h.  */
| #include <ac_nonexistent.h>
configure:8091: checking for ANSI C header files
configure:8111: /usr/bin/gcc -std=gnu99 -c -g -O2  conftest.c >&5
configure:8111: $? = 0
configure:8184: /usr/bin/gcc -std=gnu99 -o conftest -g -O2   conftest.c  >&5
configure:8184: $? = 0
configure:8184: ./conftest
configure:8184: $? = 0
configure:8195: result: yes
configure:8208: checking for sys/types.h
configure:8208: /usr/bin/gcc -std=gnu99 -c -g -O2  conftest.c >&5
configure:8208: $? = 0
configure:8208: result: yes
configure:8208: checking for sys/stat.h
configure:8208: /usr/bin/gcc -std=gnu99 -c -g -O2  conftest.c >&5
configure:8208: $? = 0
configure:8208: result: yes
configure:8208: checking for stdlib.h
configure:8208: /usr/bin/gcc -std=gnu99 -c -g -O2  conftest.c >&5
configure:8208: $? = 0
configure:8208: result: yes
configure:8208: checking for string.h
configure:8208: /usr/bin/gcc -std=gnu99 -c -g -O2  conftest.c >&5
configure:8208: $? = 0
configure:8208: result: yes
configure:8208: checking for memory.h
configure:8208: /usr/bin/gcc -std=gnu99 -c -g -O2  conftest.c >&5
configure:8208: $? = 0
configure:8208: result: yes
configure:8208: checking for strings.h
configure:8208: /usr/bin/gcc -std=gnu99 -c -g -O2  conftest.c >&5
configure:8208: $? = 0
configure:8208: result: yes
configure:8208: checking for inttypes.h
configure:8208: /usr/bin/gcc -std=gnu99 -c -g -O2  conftest.c >&5
configure:8208: $? = 0
configure:8208: result: yes
configure:8208: checking for stdint.h
configure:8208: /usr/bin/gcc -std=gnu99 -c -g -O2  conftest.c >&5
configure:8208: $? = 0
configure:8208: result: yes
configure:8208: checking for unistd.h
configure:8208: /usr/bin/gcc -std=gnu99 -c -g -O2  conftest.c >&5
configure:8208: $? = 0
configure:8208: result: yes
configure:8222: checking for dlfcn.h
configure:8222: /usr/bin/gcc -std=gnu99 -c -g -O2  conftest.c >&5
configure:8222: $? = 0
configure:8222: result: yes
configure:8706: checking for objdir
configure:8721: result: .libs
configure:8992: checking if /usr/bin/gcc -std=gnu99 supports -fno-rtti -fno-exceptions
configure:9010: /usr/bin/gcc -std=gnu99 -c -g -O2  -fno-rtti -fno-exceptions conftest.c >&5
cc1: warning: command line option "-fno-rtti" is valid for C++/ObjC++ but not for C
configure:9014: $? = 0
configure:9027: result: no
configure:9337: checking for /usr/bin/gcc -std=gnu99 option to produce PIC
configure:9344: result: -fno-common -DPIC
configure:9352: checking if /usr/bin/gcc -std=gnu99 PIC flag -fno-common -DPIC works
configure:9370: /usr/bin/gcc -std=gnu99 -c -g -O2  -fno-common -DPIC -DPIC conftest.c >&5
configure:9374: $? = 0
configure:9387: result: yes
configure:9416: checking if /usr/bin/gcc -std=gnu99 static flag -static works
configure:9444: result: no
configure:9459: checking if /usr/bin/gcc -std=gnu99 supports -c -o file.o
configure:9480: /usr/bin/gcc -std=gnu99 -c -g -O2  -o out/conftest2.o conftest.c >&5
configure:9484: $? = 0
configure:9506: result: yes
configure:9514: checking if /usr/bin/gcc -std=gnu99 supports -c -o file.o
configure:9561: result: yes
configure:9594: checking whether the /usr/bin/gcc -std=gnu99 linker (/usr/bin/ld) supports shared libraries
configure:10752: result: yes
configure:10997: checking dynamic linker characteristics
configure:11737: result: darwin10.4.0 dyld
configure:11844: checking how to hardcode library paths into programs
configure:11869: result: immediate
configure:12409: checking whether stripping libraries is possible
configure:12423: result: yes
configure:12449: checking if libtool supports shared libraries
configure:12451: result: yes
configure:12454: checking whether to build shared libraries
configure:12475: result: yes
configure:12478: checking whether to build static libraries
configure:12482: result: no
configure:12519: creating ./config.lt

## ------------------ ##
## Running config.lt. ##
## ------------------ ##
config.lt:635: creating libtool
configure:13913: checking for special C compiler options needed for large files
configure:13958: result: no
configure:13964: checking for _FILE_OFFSET_BITS value needed for large files
configure:13989: /usr/bin/gcc -std=gnu99 -c -g -O2  conftest.c >&5
configure:13989: $? = 0
configure:14021: result: no
configure:14114: checking dependency style of /usr/bin/gcc -std=gnu99
configure:14222: result: gcc3
configure:14239: checking for nm
configure:14270: result: /usr/bin/nm -p
configure:14279: checking for some Win32 platform
configure:14288: result: no
configure:14501: checking whether build environment is sane
configure:14551: result: yes
configure:14622: checking for BASE_DEPENDENCIES
configure:14629: $PKG_CONFIG --exists --print-errors "glib-2.0 >= 2.27.2"
configure:14632: $? = 0
configure:14645: $PKG_CONFIG --exists --print-errors "glib-2.0 >= 2.27.2"
configure:14648: $? = 0
configure:14707: result: yes
configure:14731: checking Whether to write dependencies into .pc files
configure:14748: result: no
configure:14767: checking for perl5
configure:14800: result: no
configure:14767: checking for perl
configure:14785: found /usr/bin/perl
configure:14797: result: /usr/bin/perl
configure:14818: checking for sigsetjmp
configure:14834: /usr/bin/gcc -std=gnu99 -o conftest -g -O2 -Wall  -DG_DISABLE_SINGLE_INCLUDES  conftest.c  >&5
configure:14834: $? = 0
configure:14841: result: yes
configure:14852: checking whether NLS is requested
configure:14861: result: yes
configure:14902: checking for msgfmt
configure: trying /usr/local/bin/msgfmt...
dyld: Library not loaded: /usr/local/lib/libgettextlib-0.18.1.dylib
  Referenced from: /usr/local/bin/msgfmt
  Reason: image not found
configure: trying /usr/bin/msgfmt...
0 translated messages.
configure:14934: result: /usr/bin/msgfmt
configure:14943: checking for gmsgfmt
configure:14974: result: /usr/bin/msgfmt
configure:15025: checking for xgettext
configure: trying /usr/local/bin/xgettext...
dyld: Library not loaded: /usr/local/lib/libgettextlib-0.18.1.dylib
  Referenced from: /usr/local/bin/xgettext
  Reason: image not found
configure: trying /usr/bin/xgettext...
/usr/bin/xgettext: warning: file `/dev/null' extension `' is unknown; will try C
configure:15057: result: /usr/bin/xgettext
configure:15103: checking for msgmerge
configure: trying /usr/local/bin/msgmerge...
dyld: Library not loaded: /usr/local/lib/libgettextlib-0.18.1.dylib
  Referenced from: /usr/local/bin/msgmerge
  Reason: image not found
configure: trying /usr/bin/msgmerge...
configure:15137: result: no
configure:15191: checking for ld used by GCC
configure:15255: result: /usr/bin/ld
configure:15262: checking if the linker (/usr/bin/ld) is GNU ld
configure:15275: result: no
configure:15282: checking for shared library run path origin
configure:15295: result: done
configure:15796: checking for CFPreferencesCopyAppValue
configure:15814: /usr/bin/gcc -std=gnu99 -o conftest -g -O2 -Wall  -DG_DISABLE_SINGLE_INCLUDES  conftest.c  -Wl,-framework -Wl,CoreFoundation >&5
ld: framework not found CoreFoundation
collect2: ld returned 1 exit status
configure:15814: $? = 1
configure: failed program was:
| /* confdefs.h */
| #define PACKAGE_NAME "gdk-pixbuf"
| #define PACKAGE_TARNAME "gdk-pixbuf"
| #define PACKAGE_VERSION "2.24.0"
| #define PACKAGE_STRING "gdk-pixbuf 2.24.0"
| #define PACKAGE_BUGREPORT "http://bugzilla.gnome.org/enter_bug.cgi?product=gdk-pixbuf"
| #define PACKAGE_URL ""
| #define STDC_HEADERS 1
| #define HAVE_SYS_TYPES_H 1
| #define HAVE_SYS_STAT_H 1
| #define HAVE_STDLIB_H 1
| #define HAVE_STRING_H 1
| #define HAVE_MEMORY_H 1
| #define HAVE_STRINGS_H 1
| #define HAVE_INTTYPES_H 1
| #define HAVE_STDINT_H 1
| #define HAVE_UNISTD_H 1
| #define HAVE_DLFCN_H 1
| #define LT_OBJDIR ".libs/"
| #define HAVE_SIGSETJMP 1
| /* end confdefs.h.  */
| #include <CoreFoundation/CFPreferences.h>
| int
| main ()
| {
| CFPreferencesCopyAppValue(NULL, NULL)
|   ;
|   return 0;
| }
configure:15823: result: no
configure:15830: checking for CFLocaleCopyCurrent
configure:15848: /usr/bin/gcc -std=gnu99 -o conftest -g -O2 -Wall  -DG_DISABLE_SINGLE_INCLUDES  conftest.c  -Wl,-framework -Wl,CoreFoundation >&5
ld: framework not found CoreFoundation
collect2: ld returned 1 exit status
configure:15848: $? = 1
configure: failed program was:
| /* confdefs.h */
| #define PACKAGE_NAME "gdk-pixbuf"
| #define PACKAGE_TARNAME "gdk-pixbuf"
| #define PACKAGE_VERSION "2.24.0"
| #define PACKAGE_STRING "gdk-pixbuf 2.24.0"
| #define PACKAGE_BUGREPORT "http://bugzilla.gnome.org/enter_bug.cgi?product=gdk-pixbuf"
| #define PACKAGE_URL ""
| #define STDC_HEADERS 1
| #define HAVE_SYS_TYPES_H 1
| #define HAVE_SYS_STAT_H 1
| #define HAVE_STDLIB_H 1
| #define HAVE_STRING_H 1
| #define HAVE_MEMORY_H 1
| #define HAVE_STRINGS_H 1
| #define HAVE_INTTYPES_H 1
| #define HAVE_STDINT_H 1
| #define HAVE_UNISTD_H 1
| #define HAVE_DLFCN_H 1
| #define LT_OBJDIR ".libs/"
| #define HAVE_SIGSETJMP 1
| /* end confdefs.h.  */
| #include <CoreFoundation/CFLocale.h>
| int
| main ()
| {
| CFLocaleCopyCurrent();
|   ;
|   return 0;
| }
configure:15857: result: no
configure:15906: checking for GNU gettext in libc
configure:15926: /usr/bin/gcc -std=gnu99 -o conftest -g -O2 -Wall  -DG_DISABLE_SINGLE_INCLUDES  conftest.c  >&5
Undefined symbols:
  "__nl_msg_cat_cntr", referenced from:
      __nl_msg_cat_cntr$non_lazy_ptr in ccRZnTE2.o
  "__nl_domain_bindings", referenced from:
      __nl_domain_bindings$non_lazy_ptr in ccRZnTE2.o
  "_libintl_bindtextdomain", referenced from:
      _main in ccRZnTE2.o
  "_libintl_gettext", referenced from:
      _main in ccRZnTE2.o
ld: symbol(s) not found
collect2: ld returned 1 exit status
configure:15926: $? = 1
configure: failed program was:
| /* confdefs.h */
| #define PACKAGE_NAME "gdk-pixbuf"
| #define PACKAGE_TARNAME "gdk-pixbuf"
| #define PACKAGE_VERSION "2.24.0"
| #define PACKAGE_STRING "gdk-pixbuf 2.24.0"
| #define PACKAGE_BUGREPORT "http://bugzilla.gnome.org/enter_bug.cgi?product=gdk-pixbuf"
| #define PACKAGE_URL ""
| #define STDC_HEADERS 1
| #define HAVE_SYS_TYPES_H 1
| #define HAVE_SYS_STAT_H 1
| #define HAVE_STDLIB_H 1
| #define HAVE_STRING_H 1
| #define HAVE_MEMORY_H 1
| #define HAVE_STRINGS_H 1
| #define HAVE_INTTYPES_H 1
| #define HAVE_STDINT_H 1
| #define HAVE_UNISTD_H 1
| #define HAVE_DLFCN_H 1
| #define LT_OBJDIR ".libs/"
| #define HAVE_SIGSETJMP 1
| /* end confdefs.h.  */
| #include <libintl.h>
| 
| extern int _nl_msg_cat_cntr;
| extern int *_nl_domain_bindings;
| int
| main ()
| {
| bindtextdomain ("", "");
| return * gettext ("") + _nl_msg_cat_cntr + *_nl_domain_bindings
|   ;
|   return 0;
| }
configure:15935: result: no
configure:15969: checking for iconv
configure:15991: /usr/bin/gcc -std=gnu99 -o conftest -g -O2 -Wall  -DG_DISABLE_SINGLE_INCLUDES -I/usr/local/include  conftest.c  >&5
Undefined symbols:
  "_iconv", referenced from:
      _main in ccY2yOj7.o
  "_iconv_close", referenced from:
      _main in ccY2yOj7.o
  "_iconv_open", referenced from:
      _main in ccY2yOj7.o
ld: symbol(s) not found
collect2: ld returned 1 exit status
configure:15991: $? = 1
configure: failed program was:
| /* confdefs.h */
| #define PACKAGE_NAME "gdk-pixbuf"
| #define PACKAGE_TARNAME "gdk-pixbuf"
| #define PACKAGE_VERSION "2.24.0"
| #define PACKAGE_STRING "gdk-pixbuf 2.24.0"
| #define PACKAGE_BUGREPORT "http://bugzilla.gnome.org/enter_bug.cgi?product=gdk-pixbuf"
| #define PACKAGE_URL ""
| #define STDC_HEADERS 1
| #define HAVE_SYS_TYPES_H 1
| #define HAVE_SYS_STAT_H 1
| #define HAVE_STDLIB_H 1
| #define HAVE_STRING_H 1
| #define HAVE_MEMORY_H 1
| #define HAVE_STRINGS_H 1
| #define HAVE_INTTYPES_H 1
| #define HAVE_STDINT_H 1
| #define HAVE_UNISTD_H 1
| #define HAVE_DLFCN_H 1
| #define LT_OBJDIR ".libs/"
| #define HAVE_SIGSETJMP 1
| /* end confdefs.h.  */
| #include <stdlib.h>
| #include <iconv.h>
| int
| main ()
| {
| iconv_t cd = iconv_open("","");
|        iconv(cd,NULL,NULL,NULL,NULL);
|        iconv_close(cd);
|   ;
|   return 0;
| }
configure:16013: /usr/bin/gcc -std=gnu99 -o conftest -g -O2 -Wall  -DG_DISABLE_SINGLE_INCLUDES -I/usr/local/include  conftest.c  -L/usr/local/lib -liconv >&5
Undefined symbols:
  "_iconv", referenced from:
      _main in ccvo6BtY.o
  "_iconv_close", referenced from:
      _main in ccvo6BtY.o
  "_iconv_open", referenced from:
      _main in ccvo6BtY.o
ld: symbol(s) not found
collect2: ld returned 1 exit status
configure:16013: $? = 1
configure: failed program was:
| /* confdefs.h */
| #define PACKAGE_NAME "gdk-pixbuf"
| #define PACKAGE_TARNAME "gdk-pixbuf"
| #define PACKAGE_VERSION "2.24.0"
| #define PACKAGE_STRING "gdk-pixbuf 2.24.0"
| #define PACKAGE_BUGREPORT "http://bugzilla.gnome.org/enter_bug.cgi?product=gdk-pixbuf"
| #define PACKAGE_URL ""
| #define STDC_HEADERS 1
| #define HAVE_SYS_TYPES_H 1
| #define HAVE_SYS_STAT_H 1
| #define HAVE_STDLIB_H 1
| #define HAVE_STRING_H 1
| #define HAVE_MEMORY_H 1
| #define HAVE_STRINGS_H 1
| #define HAVE_INTTYPES_H 1
| #define HAVE_STDINT_H 1
| #define HAVE_UNISTD_H 1
| #define HAVE_DLFCN_H 1
| #define LT_OBJDIR ".libs/"
| #define HAVE_SIGSETJMP 1
| /* end confdefs.h.  */
| #include <stdlib.h>
| #include <iconv.h>
| int
| main ()
| {
| iconv_t cd = iconv_open("","");
|          iconv(cd,NULL,NULL,NULL,NULL);
|          iconv_close(cd);
|   ;
|   return 0;
| }
configure:16023: result: no, consider installing GNU libiconv
configure:16577: checking for GNU gettext in libintl
configure:16605: /usr/bin/gcc -std=gnu99 -o conftest -g -O2 -Wall  -DG_DISABLE_SINGLE_INCLUDES -I/usr/local/include  conftest.c  -L/usr/local/lib -lintl -lc >&5
configure:16605: $? = 0
configure:16646: result: yes
configure:16681: checking whether to use NLS
configure:16683: result: yes
configure:16686: checking where the gettext function comes from
configure:16697: result: external libintl
configure:16705: checking how to link with libintl
configure:16707: result: -L/usr/local/lib -lintl -lc
configure:16763: checking for extra flags to get ANSI library prototypes
configure:16778: /usr/bin/gcc -std=gnu99 -o conftest -g -O2 -Wall  -DG_DISABLE_SINGLE_INCLUDES -I/usr/local/include  conftest.c  -lm >&5
configure:16778: $? = 0
configure:16778: ./conftest
configure:16778: $? = 0
configure:16779: result: none needed
configure:16814: checking for the BeOS
configure:16823: result: no
configure:16832: checking for HP-UX
configure:16841: result: no
configure:16846: checking for extra flags for POSIX compliance
configure:16859: /usr/bin/gcc -std=gnu99 -c -g -O2 -Wall  -DG_DISABLE_SINGLE_INCLUDES -I/usr/local/include conftest.c >&5
conftest.c: In function 'main':
conftest.c:30: warning: unused variable 'dir'
configure:16859: $? = 0
configure:16860: result: none needed
configure:16979: checking for pkg-config
configure:17009: result: /usr/bin/pkg-config
configure:17034: checking pkg-config is at least version 0.16
configure:17037: result: yes
configure:17054: checking for GLIB - version >= 2.27.2
configure:17168: /usr/bin/gcc -std=gnu99 -o conftest -g -O2 -Wall -D_REENTRANT -I/usr/local/include/glib-2.0 -I/usr/local/lib/glib-2.0/include    -DG_DISABLE_SINGLE_INCLUDES -I/usr/local/include  conftest.c -L/usr/local/lib -lgobject-2.0 -lgmodule-2.0 -lgthread-2.0 -lglib-2.0 -lintl    >&5
configure:17168: $? = 0
configure:17168: ./conftest
configure:17168: $? = 0
configure:17182: result: yes (version 2.29.14)
configure:17265: checking for bind_textdomain_codeset
configure:17265: /usr/bin/gcc -std=gnu99 -o conftest -DGDK_PIXBUF_DISABLE_DEPRECATED -g -O2 -Wall  -DG_DISABLE_SINGLE_INCLUDES -I/usr/local/include  conftest.c  -L/usr/local/lib -lgobject-2.0 -lgmodule-2.0 -lgthread-2.0 -lglib-2.0 -lintl   >&5
configure:17265: $? = 0
configure:17265: result: yes
configure:17278: checking for unistd.h
configure:17278: result: yes
configure:17296: checking for ANSI C header files
configure:17400: result: yes
configure:17410: checking for an ANSI C-conforming const
configure:17475: /usr/bin/gcc -std=gnu99 -c -DGDK_PIXBUF_DISABLE_DEPRECATED -g -O2 -Wall  -DG_DISABLE_SINGLE_INCLUDES -I/usr/local/include conftest.c >&5
conftest.c: In function 'main':
conftest.c:59: warning: 't' is used uninitialized in this function
conftest.c:75: warning: 'b' is used uninitialized in this function
conftest.c:81: warning: 'cs[0]' is used uninitialized in this function
configure:17475: $? = 0
configure:17482: result: yes
configure:17508: checking whether to build gmodulized gdk-pixbuf
configure:17523: result: yes
configure:17525: checking whether dynamic modules work
configure:17549: result: yes
configure:17600: checking for TIFFReadRGBAImageOriented in -ltiff
configure:17625: /usr/bin/gcc -std=gnu99 -o conftest -DGDK_PIXBUF_DISABLE_DEPRECATED -g -O2 -Wall  -DG_DISABLE_SINGLE_INCLUDES -I/usr/local/include  conftest.c -ltiff -lm  >&5
configure:17625: $? = 0
configure:17634: result: yes
configure:17637: checking tiffio.h usability
configure:17637: /usr/bin/gcc -std=gnu99 -c -DGDK_PIXBUF_DISABLE_DEPRECATED -g -O2 -Wall  -DG_DISABLE_SINGLE_INCLUDES -I/usr/local/include conftest.c >&5
configure:17637: $? = 0
configure:17637: result: yes
configure:17637: checking tiffio.h presence
configure:17637: /usr/bin/gcc -std=gnu99 -E  -DG_DISABLE_SINGLE_INCLUDES -I/usr/local/include conftest.c
configure:17637: $? = 0
configure:17637: result: yes
configure:17637: checking for tiffio.h
configure:17637: result: yes
configure:17761: checking for jpeg_destroy_decompress in -ljpeg
configure:17786: /usr/bin/gcc -std=gnu99 -o conftest -DGDK_PIXBUF_DISABLE_DEPRECATED -g -O2 -Wall  -DG_DISABLE_SINGLE_INCLUDES -I/usr/local/include  conftest.c -ljpeg   >&5
configure:17786: $? = 0
configure:17795: result: yes
configure:17806: checking for jpeglib.h
configure:17816: /usr/bin/gcc -std=gnu99 -E  -DG_DISABLE_SINGLE_INCLUDES -I/usr/local/include conftest.c
configure:17816: $? = 0
configure:17822: result: yes
configure:17826: checking for jpeg_simple_progression in -ljpeg
configure:17851: /usr/bin/gcc -std=gnu99 -o conftest -DGDK_PIXBUF_DISABLE_DEPRECATED -g -O2 -Wall  -DG_DISABLE_SINGLE_INCLUDES -I/usr/local/include  conftest.c -ljpeg   >&5
configure:17851: $? = 0
configure:17860: result: yes
configure:17888: checking for libpng15
configure:17898: result: no
configure:17888: checking for libpng14
configure:17891: result: yes
configure:18064: checking pixbuf loaders to build
configure:18108: result: 
configure:18291: checking if gio can sniff png
configure:18336: /usr/bin/gcc -std=gnu99 -o conftest -D_REENTRANT -I/usr/local/include/glib-2.0 -I/usr/local/lib/glib-2.0/include    -DG_DISABLE_SINGLE_INCLUDES -I/usr/local/include  conftest.c -L/usr/local/lib -lgio-2.0 -lgobject-2.0 -lgmodule-2.0 -lgthread-2.0 -lglib-2.0 -lintl   >&5
configure:18336: $? = 0
configure:18336: ./conftest
configure:18336: $? = 1
configure: program exited with status 1
configure: failed program was:
| /* confdefs.h */
| #define PACKAGE_NAME "gdk-pixbuf"
| #define PACKAGE_TARNAME "gdk-pixbuf"
| #define PACKAGE_VERSION "2.24.0"
| #define PACKAGE_STRING "gdk-pixbuf 2.24.0"
| #define PACKAGE_BUGREPORT "http://bugzilla.gnome.org/enter_bug.cgi?product=gdk-pixbuf"
| #define PACKAGE_URL ""
| #define STDC_HEADERS 1
| #define HAVE_SYS_TYPES_H 1
| #define HAVE_SYS_STAT_H 1
| #define HAVE_STDLIB_H 1
| #define HAVE_STRING_H 1
| #define HAVE_MEMORY_H 1
| #define HAVE_STRINGS_H 1
| #define HAVE_INTTYPES_H 1
| #define HAVE_STDINT_H 1
| #define HAVE_UNISTD_H 1
| #define HAVE_DLFCN_H 1
| #define LT_OBJDIR ".libs/"
| #define HAVE_SIGSETJMP 1
| #define ENABLE_NLS 1
| #define HAVE_GETTEXT 1
| #define HAVE_DCGETTEXT 1
| #define GETTEXT_PACKAGE "gdk-pixbuf"
| #define HAVE_BIND_TEXTDOMAIN_CODESET 1
| #define HAVE_UNISTD_H 1
| #define HAVE_UNISTD_H 1
| #define STDC_HEADERS 1
| #define USE_GMODULE 1
| #define HAVE_PROGRESSIVE_JPEG 1
| /* end confdefs.h.  */
| 
|   #include <gio/gio.h>
|   static const gsize data_size = 159;
|   static const guint8 data[] =
|   {
|     0x89, 0x50, 0x4e, 0x47, 0x0d, 0x0a, 0x1a, 0x0a, 0x00, 0x00, 0x00, 0x0d,
|     0x49, 0x48, 0x44, 0x52, 0x00, 0x00, 0x00, 0x01, 0x00, 0x00, 0x00, 0x01,
|     0x08, 0x02, 0x00, 0x00, 0x00, 0x90, 0x77, 0x53, 0xde, 0x00, 0x00, 0x00,
|     0x01, 0x73, 0x52, 0x47, 0x42, 0x00, 0xae, 0xce, 0x1c, 0xe9, 0x00, 0x00,
|     0x00, 0x09, 0x70, 0x48, 0x59, 0x73, 0x00, 0x00, 0x0b, 0x13, 0x00, 0x00,
|     0x0b, 0x13, 0x01, 0x00, 0x9a, 0x9c, 0x18, 0x00, 0x00, 0x00, 0x07, 0x74,
|     0x49, 0x4d, 0x45, 0x07, 0xd8, 0x07, 0x0f, 0x10, 0x08, 0x15, 0x61, 0xd8,
|     0x35, 0x37, 0x00, 0x00, 0x00, 0x19, 0x74, 0x45, 0x58, 0x74, 0x43, 0x6f,
|     0x6d, 0x6d, 0x65, 0x6e, 0x74, 0x00, 0x43, 0x72, 0x65, 0x61, 0x74, 0x65,
|     0x64, 0x20, 0x77, 0x69, 0x74, 0x68, 0x20, 0x47, 0x49, 0x4d, 0x50, 0x57,
|     0x81, 0x0e, 0x17, 0x00, 0x00, 0x00, 0x0c, 0x49, 0x44, 0x41, 0x54, 0x08,
|     0xd7, 0x63, 0xf8, 0xff, 0xff, 0x3f, 0x00, 0x05, 0xfe, 0x02, 0xfe, 0xdc,
|     0xcc, 0x59, 0xe7, 0x00, 0x00, 0x00, 0x00, 0x49, 0x45, 0x4e, 0x44, 0xae,
|     0x42, 0x60, 0x82
|   };
|   int
|   main (int argc, char **argv)
|   {
|     char *content_type;
|     char *image_png;
|     g_type_init ();
|     content_type = g_content_type_guess (NULL, data, data_size, NULL);
|     image_png = g_content_type_from_mime_type ("image/png");
|     return !!g_strcmp0 (content_type, image_png);
|   }
configure:18348: result: no
configure:18410: checking sys/systeminfo.h usability
configure:18410: /usr/bin/gcc -std=gnu99 -c -DGDK_PIXBUF_DISABLE_DEPRECATED -g -O2 -Wall  -DG_DISABLE_SINGLE_INCLUDES -I/usr/local/include conftest.c >&5
conftest.c:65:28: error: sys/systeminfo.h: No such file or directory
configure:18410: $? = 1
configure: failed program was:
| /* confdefs.h */
| #define PACKAGE_NAME "gdk-pixbuf"
| #define PACKAGE_TARNAME "gdk-pixbuf"
| #define PACKAGE_VERSION "2.24.0"
| #define PACKAGE_STRING "gdk-pixbuf 2.24.0"
| #define PACKAGE_BUGREPORT "http://bugzilla.gnome.org/enter_bug.cgi?product=gdk-pixbuf"
| #define PACKAGE_URL ""
| #define STDC_HEADERS 1
| #define HAVE_SYS_TYPES_H 1
| #define HAVE_SYS_STAT_H 1
| #define HAVE_STDLIB_H 1
| #define HAVE_STRING_H 1
| #define HAVE_MEMORY_H 1
| #define HAVE_STRINGS_H 1
| #define HAVE_INTTYPES_H 1
| #define HAVE_STDINT_H 1
| #define HAVE_UNISTD_H 1
| #define HAVE_DLFCN_H 1
| #define LT_OBJDIR ".libs/"
| #define HAVE_SIGSETJMP 1
| #define ENABLE_NLS 1
| #define HAVE_GETTEXT 1
| #define HAVE_DCGETTEXT 1
| #define GETTEXT_PACKAGE "gdk-pixbuf"
| #define HAVE_BIND_TEXTDOMAIN_CODESET 1
| #define HAVE_UNISTD_H 1
| #define HAVE_UNISTD_H 1
| #define STDC_HEADERS 1
| #define USE_GMODULE 1
| #define HAVE_PROGRESSIVE_JPEG 1
| /* end confdefs.h.  */
| #include <stdio.h>
| #ifdef HAVE_SYS_TYPES_H
| # include <sys/types.h>
| #endif
| #ifdef HAVE_SYS_STAT_H
| # include <sys/stat.h>
| #endif
| #ifdef STDC_HEADERS
| # include <stdlib.h>
| # include <stddef.h>
| #else
| # ifdef HAVE_STDLIB_H
| #  include <stdlib.h>
| # endif
| #endif
| #ifdef HAVE_STRING_H
| # if !defined STDC_HEADERS && defined HAVE_MEMORY_H
| #  include <memory.h>
| # endif
| # include <string.h>
| #endif
| #ifdef HAVE_STRINGS_H
| # include <strings.h>
| #endif
| #ifdef HAVE_INTTYPES_H
| # include <inttypes.h>
| #endif
| #ifdef HAVE_STDINT_H
| # include <stdint.h>
| #endif
| #ifdef HAVE_UNISTD_H
| # include <unistd.h>
| #endif
| #include <sys/systeminfo.h>
configure:18410: result: no
configure:18410: checking sys/systeminfo.h presence
configure:18410: /usr/bin/gcc -std=gnu99 -E  -DG_DISABLE_SINGLE_INCLUDES -I/usr/local/include conftest.c
conftest.c:32:28: error: sys/systeminfo.h: No such file or directory
configure:18410: $? = 1
configure: failed program was:
| /* confdefs.h */
| #define PACKAGE_NAME "gdk-pixbuf"
| #define PACKAGE_TARNAME "gdk-pixbuf"
| #define PACKAGE_VERSION "2.24.0"
| #define PACKAGE_STRING "gdk-pixbuf 2.24.0"
| #define PACKAGE_BUGREPORT "http://bugzilla.gnome.org/enter_bug.cgi?product=gdk-pixbuf"
| #define PACKAGE_URL ""
| #define STDC_HEADERS 1
| #define HAVE_SYS_TYPES_H 1
| #define HAVE_SYS_STAT_H 1
| #define HAVE_STDLIB_H 1
| #define HAVE_STRING_H 1
| #define HAVE_MEMORY_H 1
| #define HAVE_STRINGS_H 1
| #define HAVE_INTTYPES_H 1
| #define HAVE_STDINT_H 1
| #define HAVE_UNISTD_H 1
| #define HAVE_DLFCN_H 1
| #define LT_OBJDIR ".libs/"
| #define HAVE_SIGSETJMP 1
| #define ENABLE_NLS 1
| #define HAVE_GETTEXT 1
| #define HAVE_DCGETTEXT 1
| #define GETTEXT_PACKAGE "gdk-pixbuf"
| #define HAVE_BIND_TEXTDOMAIN_CODESET 1
| #define HAVE_UNISTD_H 1
| #define HAVE_UNISTD_H 1
| #define STDC_HEADERS 1
| #define USE_GMODULE 1
| #define HAVE_PROGRESSIVE_JPEG 1
| /* end confdefs.h.  */
| #include <sys/systeminfo.h>
configure:18410: result: no
configure:18410: checking for sys/systeminfo.h
configure:18410: result: no
configure:18418: checking sys/sysinfo.h usability
configure:18418: /usr/bin/gcc -std=gnu99 -c -DGDK_PIXBUF_DISABLE_DEPRECATED -g -O2 -Wall  -DG_DISABLE_SINGLE_INCLUDES -I/usr/local/include conftest.c >&5
conftest.c:65:25: error: sys/sysinfo.h: No such file or directory
configure:18418: $? = 1
configure: failed program was:
| /* confdefs.h */
| #define PACKAGE_NAME "gdk-pixbuf"
| #define PACKAGE_TARNAME "gdk-pixbuf"
| #define PACKAGE_VERSION "2.24.0"
| #define PACKAGE_STRING "gdk-pixbuf 2.24.0"
| #define PACKAGE_BUGREPORT "http://bugzilla.gnome.org/enter_bug.cgi?product=gdk-pixbuf"
| #define PACKAGE_URL ""
| #define STDC_HEADERS 1
| #define HAVE_SYS_TYPES_H 1
| #define HAVE_SYS_STAT_H 1
| #define HAVE_STDLIB_H 1
| #define HAVE_STRING_H 1
| #define HAVE_MEMORY_H 1
| #define HAVE_STRINGS_H 1
| #define HAVE_INTTYPES_H 1
| #define HAVE_STDINT_H 1
| #define HAVE_UNISTD_H 1
| #define HAVE_DLFCN_H 1
| #define LT_OBJDIR ".libs/"
| #define HAVE_SIGSETJMP 1
| #define ENABLE_NLS 1
| #define HAVE_GETTEXT 1
| #define HAVE_DCGETTEXT 1
| #define GETTEXT_PACKAGE "gdk-pixbuf"
| #define HAVE_BIND_TEXTDOMAIN_CODESET 1
| #define HAVE_UNISTD_H 1
| #define HAVE_UNISTD_H 1
| #define STDC_HEADERS 1
| #define USE_GMODULE 1
| #define HAVE_PROGRESSIVE_JPEG 1
| /* end confdefs.h.  */
| #include <stdio.h>
| #ifdef HAVE_SYS_TYPES_H
| # include <sys/types.h>
| #endif
| #ifdef HAVE_SYS_STAT_H
| # include <sys/stat.h>
| #endif
| #ifdef STDC_HEADERS
| # include <stdlib.h>
| # include <stddef.h>
| #else
| # ifdef HAVE_STDLIB_H
| #  include <stdlib.h>
| # endif
| #endif
| #ifdef HAVE_STRING_H
| # if !defined STDC_HEADERS && defined HAVE_MEMORY_H
| #  include <memory.h>
| # endif
| # include <string.h>
| #endif
| #ifdef HAVE_STRINGS_H
| # include <strings.h>
| #endif
| #ifdef HAVE_INTTYPES_H
| # include <inttypes.h>
| #endif
| #ifdef HAVE_STDINT_H
| # include <stdint.h>
| #endif
| #ifdef HAVE_UNISTD_H
| # include <unistd.h>
| #endif
| #include <sys/sysinfo.h>
configure:18418: result: no
configure:18418: checking sys/sysinfo.h presence
configure:18418: /usr/bin/gcc -std=gnu99 -E  -DG_DISABLE_SINGLE_INCLUDES -I/usr/local/include conftest.c
conftest.c:32:25: error: sys/sysinfo.h: No such file or directory
configure:18418: $? = 1
configure: failed program was:
| /* confdefs.h */
| #define PACKAGE_NAME "gdk-pixbuf"
| #define PACKAGE_TARNAME "gdk-pixbuf"
| #define PACKAGE_VERSION "2.24.0"
| #define PACKAGE_STRING "gdk-pixbuf 2.24.0"
| #define PACKAGE_BUGREPORT "http://bugzilla.gnome.org/enter_bug.cgi?product=gdk-pixbuf"
| #define PACKAGE_URL ""
| #define STDC_HEADERS 1
| #define HAVE_SYS_TYPES_H 1
| #define HAVE_SYS_STAT_H 1
| #define HAVE_STDLIB_H 1
| #define HAVE_STRING_H 1
| #define HAVE_MEMORY_H 1
| #define HAVE_STRINGS_H 1
| #define HAVE_INTTYPES_H 1
| #define HAVE_STDINT_H 1
| #define HAVE_UNISTD_H 1
| #define HAVE_DLFCN_H 1
| #define LT_OBJDIR ".libs/"
| #define HAVE_SIGSETJMP 1
| #define ENABLE_NLS 1
| #define HAVE_GETTEXT 1
| #define HAVE_DCGETTEXT 1
| #define GETTEXT_PACKAGE "gdk-pixbuf"
| #define HAVE_BIND_TEXTDOMAIN_CODESET 1
| #define HAVE_UNISTD_H 1
| #define HAVE_UNISTD_H 1
| #define STDC_HEADERS 1
| #define USE_GMODULE 1
| #define HAVE_PROGRESSIVE_JPEG 1
| /* end confdefs.h.  */
| #include <sys/sysinfo.h>
configure:18418: result: no
configure:18418: checking for sys/sysinfo.h
configure:18418: result: no
configure:18427: checking for mediaLib 2.3
configure:18432: checking for mlib_ImageSetStruct in -lmlib
configure:18457: /usr/bin/gcc -std=gnu99 -o conftest -DGDK_PIXBUF_DISABLE_DEPRECATED -g -O2 -Wall  -DG_DISABLE_SINGLE_INCLUDES -I/usr/local/include  conftest.c -lmlib   >&5
ld: library not found for -lmlib
collect2: ld returned 1 exit status
configure:18457: $? = 1
configure: failed program was:
| /* confdefs.h */
| #define PACKAGE_NAME "gdk-pixbuf"
| #define PACKAGE_TARNAME "gdk-pixbuf"
| #define PACKAGE_VERSION "2.24.0"
| #define PACKAGE_STRING "gdk-pixbuf 2.24.0"
| #define PACKAGE_BUGREPORT "http://bugzilla.gnome.org/enter_bug.cgi?product=gdk-pixbuf"
| #define PACKAGE_URL ""
| #define STDC_HEADERS 1
| #define HAVE_SYS_TYPES_H 1
| #define HAVE_SYS_STAT_H 1
| #define HAVE_STDLIB_H 1
| #define HAVE_STRING_H 1
| #define HAVE_MEMORY_H 1
| #define HAVE_STRINGS_H 1
| #define HAVE_INTTYPES_H 1
| #define HAVE_STDINT_H 1
| #define HAVE_UNISTD_H 1
| #define HAVE_DLFCN_H 1
| #define LT_OBJDIR ".libs/"
| #define HAVE_SIGSETJMP 1
| #define ENABLE_NLS 1
| #define HAVE_GETTEXT 1
| #define HAVE_DCGETTEXT 1
| #define GETTEXT_PACKAGE "gdk-pixbuf"
| #define HAVE_BIND_TEXTDOMAIN_CODESET 1
| #define HAVE_UNISTD_H 1
| #define HAVE_UNISTD_H 1
| #define STDC_HEADERS 1
| #define USE_GMODULE 1
| #define HAVE_PROGRESSIVE_JPEG 1
| /* end confdefs.h.  */
| 
| /* Override any GCC internal prototype to avoid an error.
|    Use char because int might match the return type of a GCC
|    builtin and then its argument prototype would still apply.  */
| #ifdef __cplusplus
| extern "C"
| #endif
| char mlib_ImageSetStruct ();
| int
| main ()
| {
| return mlib_ImageSetStruct ();
|   ;
|   return 0;
| }
configure:18466: result: no
configure:18555: checking for x86 platform
configure:18564: result: no
configure:18742: checking for GDK_PIXBUF_XLIB_DEP
configure:18749: $PKG_CONFIG --exists --print-errors "x11 gobject-2.0"
configure:18752: $? = 0
configure:18765: $PKG_CONFIG --exists --print-errors "x11 gobject-2.0"
configure:18768: $? = 0
configure:18827: result: yes
configure:18876: checking for gobject-introspection
configure:18907: $PKG_CONFIG --exists --print-errors "gobject-introspection-1.0 >= 0.9.3"
Package gobject-introspection-1.0 was not found in the pkg-config search path.
Perhaps you should add the directory containing `gobject-introspection-1.0.pc'
to the PKG_CONFIG_PATH environment variable
No package 'gobject-introspection-1.0' found
configure:18910: $? = 1
configure:18921: result: no
configure:18968: checking for gtkdoc-check
configure:19001: result: no
configure:19010: checking for gtkdoc-rebase
configure:19043: result: no
configure:19054: checking for gtkdoc-mkpdf
configure:19087: result: no
configure:19216: checking whether to build gtk-doc documentation
configure:19218: result: no
configure:19285: checking for db2html
configure:19313: result: false
configure:19404: checking for -Bsymbolic-functions linker flag
configure:19418: /usr/bin/gcc -std=gnu99 -o conftest -DGDK_PIXBUF_DISABLE_DEPRECATED -g -O2 -Wall  -DG_DISABLE_SINGLE_INCLUDES -I/usr/local/include -Wl,-Bsymbolic-functions conftest.c  >&5
conftest.c: In function 'main':
conftest.c:36: error: nested functions are disabled, use -fnested-functions to re-enable
conftest.c:36: warning: 'main' is normally a non-static function
configure:19418: $? = 1
configure: failed program was:
| /* confdefs.h */
| #define PACKAGE_NAME "gdk-pixbuf"
| #define PACKAGE_TARNAME "gdk-pixbuf"
| #define PACKAGE_VERSION "2.24.0"
| #define PACKAGE_STRING "gdk-pixbuf 2.24.0"
| #define PACKAGE_BUGREPORT "http://bugzilla.gnome.org/enter_bug.cgi?product=gdk-pixbuf"
| #define PACKAGE_URL ""
| #define STDC_HEADERS 1
| #define HAVE_SYS_TYPES_H 1
| #define HAVE_SYS_STAT_H 1
| #define HAVE_STDLIB_H 1
| #define HAVE_STRING_H 1
| #define HAVE_MEMORY_H 1
| #define HAVE_STRINGS_H 1
| #define HAVE_INTTYPES_H 1
| #define HAVE_STDINT_H 1
| #define HAVE_UNISTD_H 1
| #define HAVE_DLFCN_H 1
| #define LT_OBJDIR ".libs/"
| #define HAVE_SIGSETJMP 1
| #define ENABLE_NLS 1
| #define HAVE_GETTEXT 1
| #define HAVE_DCGETTEXT 1
| #define GETTEXT_PACKAGE "gdk-pixbuf"
| #define HAVE_BIND_TEXTDOMAIN_CODESET 1
| #define HAVE_UNISTD_H 1
| #define HAVE_UNISTD_H 1
| #define STDC_HEADERS 1
| #define USE_GMODULE 1
| #define HAVE_PROGRESSIVE_JPEG 1
| /* end confdefs.h.  */
| 
| int
| main ()
| {
| int main (void) { return 0; }
|   ;
|   return 0;
| }
configure:19423: result: no
configure:19761: creating ./config.status

## ---------------------- ##
## Running config.status. ##
## ---------------------- ##

This file was extended by gdk-pixbuf config.status 2.24.0, which was
generated by GNU Autoconf 2.68.  Invocation command line was

  CONFIG_FILES    = 
  CONFIG_HEADERS  = 
  CONFIG_LINKS    = 
  CONFIG_COMMANDS = 
  $ ./config.status 

on Chriss-iPad

config.status:1297: creating Makefile
config.status:1297: creating gdk-pixbuf-2.0.pc
config.status:1297: creating gdk-pixbuf-2.0-uninstalled.pc
config.status:1297: creating gdk-pixbuf/Makefile
config.status:1297: creating gdk-pixbuf/gdk_pixbuf.rc
config.status:1297: creating gdk-pixbuf/gdk-pixbuf-features.h
config.status:1297: creating gdk-pixbuf/pixops/Makefile
config.status:1297: creating build/Makefile
config.status:1297: creating build/win32/Makefile
config.status:1297: creating build/win32/vs9/Makefile
config.status:1297: creating build/win32/vs10/Makefile
config.status:1297: creating docs/Makefile
config.status:1297: creating docs/reference/Makefile
config.status:1297: creating docs/reference/gdk-pixbuf/Makefile
config.status:1297: creating docs/reference/gdk-pixbuf/version.xml
config.status:1297: creating po/Makefile.in
config.status:1297: creating tests/Makefile
config.status:1297: creating contrib/Makefile
config.status:1297: creating contrib/gdk-pixbuf-xlib/Makefile
config.status:1297: creating contrib/gdk-pixbuf-xlib/gdk-pixbuf-xlib-2.0.pc
config.status:1297: creating config.h.win32
config.status:1297: creating config.h
config.status:1526: executing depfiles commands
config.status:1526: executing libtool commands
config.status:1526: executing po-directories commands

## ---------------- ##
## Cache variables. ##
## ---------------- ##

ac_cv_build=arm-apple-darwin10.4.0
ac_cv_c_compiler_gnu=yes
ac_cv_c_const=yes
ac_cv_env_BASE_DEPENDENCIES_CFLAGS_set=
ac_cv_env_BASE_DEPENDENCIES_CFLAGS_value=
ac_cv_env_BASE_DEPENDENCIES_LIBS_set=
ac_cv_env_BASE_DEPENDENCIES_LIBS_value=
ac_cv_env_CCASFLAGS_set=
ac_cv_env_CCASFLAGS_value=
ac_cv_env_CCAS_set=
ac_cv_env_CCAS_value=
ac_cv_env_CC_set=set
ac_cv_env_CC_value=/usr/bin/gcc
ac_cv_env_CFLAGS_set=
ac_cv_env_CFLAGS_value=
ac_cv_env_CPPFLAGS_set=
ac_cv_env_CPPFLAGS_value=
ac_cv_env_CPP_set=
ac_cv_env_CPP_value=
ac_cv_env_GDK_PIXBUF_XLIB_DEP_CFLAGS_set=
ac_cv_env_GDK_PIXBUF_XLIB_DEP_CFLAGS_value=
ac_cv_env_GDK_PIXBUF_XLIB_DEP_LIBS_set=
ac_cv_env_GDK_PIXBUF_XLIB_DEP_LIBS_value=
ac_cv_env_GTKDOC_DEPS_CFLAGS_set=
ac_cv_env_GTKDOC_DEPS_CFLAGS_value=
ac_cv_env_GTKDOC_DEPS_LIBS_set=
ac_cv_env_GTKDOC_DEPS_LIBS_value=
ac_cv_env_LDFLAGS_set=
ac_cv_env_LDFLAGS_value=
ac_cv_env_LIBS_set=
ac_cv_env_LIBS_value=
ac_cv_env_PKG_CONFIG_LIBDIR_set=
ac_cv_env_PKG_CONFIG_LIBDIR_value=
ac_cv_env_PKG_CONFIG_PATH_set=set
ac_cv_env_PKG_CONFIG_PATH_value=/usr/local/lib/pkgconfig:/usr/lib/pkgconfig
ac_cv_env_PKG_CONFIG_set=
ac_cv_env_PKG_CONFIG_value=
ac_cv_env_build_alias_set=
ac_cv_env_build_alias_value=
ac_cv_env_host_alias_set=
ac_cv_env_host_alias_value=
ac_cv_env_target_alias_set=
ac_cv_env_target_alias_value=
ac_cv_func_bind_textdomain_codeset=yes
ac_cv_header_dlfcn_h=yes
ac_cv_header_inttypes_h=yes
ac_cv_header_memory_h=yes
ac_cv_header_stdc=yes
ac_cv_header_stdint_h=yes
ac_cv_header_stdlib_h=yes
ac_cv_header_string_h=yes
ac_cv_header_strings_h=yes
ac_cv_header_sys_stat_h=yes
ac_cv_header_sys_sysinfo_h=no
ac_cv_header_sys_systeminfo_h=no
ac_cv_header_sys_types_h=yes
ac_cv_header_tiffio_h=yes
ac_cv_header_unistd_h=yes
ac_cv_host=arm-apple-darwin10.4.0
ac_cv_lib_jpeg_jpeg_destroy_decompress=yes
ac_cv_lib_jpeg_jpeg_simple_progression=yes
ac_cv_lib_mlib_mlib_ImageSetStruct=no
ac_cv_lib_tiff_TIFFReadRGBAImageOriented=yes
ac_cv_objext=o
ac_cv_path_EGREP='/bin/grep -E'
ac_cv_path_FGREP='/bin/grep -F'
ac_cv_path_GMSGFMT=/usr/bin/msgfmt
ac_cv_path_GREP=/bin/grep
ac_cv_path_MSGFMT=/usr/bin/msgfmt
ac_cv_path_MSGMERGE=:
ac_cv_path_NM='/usr/bin/nm -p'
ac_cv_path_PERL=/usr/bin/perl
ac_cv_path_SED=/bin/sed
ac_cv_path_XGETTEXT=/usr/bin/xgettext
ac_cv_path_ac_pt_PKG_CONFIG=/usr/bin/pkg-config
ac_cv_path_install='/usr/bin/install -c'
ac_cv_path_mkdir=/bin/mkdir
ac_cv_prog_AWK=gawk
ac_cv_prog_CPP='/usr/bin/gcc -std=gnu99 -E'
ac_cv_prog_DB2HTML=false
ac_cv_prog_ac_ct_AR=ar
ac_cv_prog_ac_ct_CC=/usr/bin/gcc
ac_cv_prog_ac_ct_LIPO=lipo
ac_cv_prog_ac_ct_NMEDIT=nmedit
ac_cv_prog_ac_ct_OBJDUMP=objdump
ac_cv_prog_ac_ct_OTOOL64=otool64
ac_cv_prog_ac_ct_OTOOL=otool
ac_cv_prog_ac_ct_RANLIB=ranlib
ac_cv_prog_ac_ct_STRIP=strip
ac_cv_prog_cc__usr_bin_gcc_c_o=yes
ac_cv_prog_cc_c89=
ac_cv_prog_cc_c99=-std=gnu99
ac_cv_prog_cc_g=yes
ac_cv_prog_cc_stdc=-std=gnu99
ac_cv_prog_make_make_set=yes
ac_cv_sys_file_offset_bits=no
ac_cv_sys_largefile_CC=no
acl_cv_hardcode_direct=no
acl_cv_hardcode_libdir_flag_spec=
acl_cv_hardcode_libdir_separator=
acl_cv_hardcode_minus_L=no
acl_cv_libext=a
acl_cv_libname_spec='lib$name'
acl_cv_library_names_spec='$libname$shrext'
acl_cv_path_LD=/usr/bin/ld
acl_cv_prog_gnu_ld=no
acl_cv_rpath=done
acl_cv_shlibext=dylib
acl_cv_wl=-Wl,
am_cv_CCAS_dependencies_compiler_type=gcc3
am_cv_CC_dependencies_compiler_type=gcc3
am_cv_func_iconv='no, consider installing GNU libiconv'
am_cv_lib_iconv=no
am_cv_prog_tar_ustar=gnutar
gt_cv_func_CFLocaleCopyCurrent=no
gt_cv_func_CFPreferencesCopyAppValue=no
gt_cv_func_gnugettext1_libc=no
gt_cv_func_gnugettext1_libintl=yes
lt_cv_apple_cc_single_mod=yes
lt_cv_ar_at_file=no
lt_cv_deplibs_check_method=pass_all
lt_cv_file_magic_cmd='$MAGIC_CMD'
lt_cv_file_magic_test_file=
lt_cv_ld_exported_symbols_list=yes
lt_cv_ld_force_load=no
lt_cv_ld_reload_flag=-r
lt_cv_nm_interface='BSD nm'
lt_cv_objdir=.libs
lt_cv_path_LD=/usr/bin/ld
lt_cv_path_NM='/usr/bin/nm -p'
lt_cv_path_mainfest_tool=no
lt_cv_prog_compiler_c_o=yes
lt_cv_prog_compiler_pic='-fno-common -DPIC'
lt_cv_prog_compiler_pic_works=yes
lt_cv_prog_compiler_rtti_exceptions=no
lt_cv_prog_compiler_static_works=no
lt_cv_prog_gnu_ld=no
lt_cv_sharedlib_from_linklib_cmd='printf %s\n'
lt_cv_sys_global_symbol_pipe='sed -n -e '\''s/^.*[	 ]\([BCDEGRST][BCDEGRST]*\)[	 ][	 ]*_\([_A-Za-z][_A-Za-z0-9]*\)$/\1 _\2 \2/p'\'' | sed '\''/ __gnu_lto/d'\'''
lt_cv_sys_global_symbol_to_c_name_address='sed -n -e '\''s/^: \([^ ]*\)[ ]*$/  {\"\1\", (void *) 0},/p'\'' -e '\''s/^[BCDEGRST]* \([^ ]*\) \([^ ]*\)$/  {"\2", (void *) \&\2},/p'\'''
lt_cv_sys_global_symbol_to_c_name_address_lib_prefix='sed -n -e '\''s/^: \([^ ]*\)[ ]*$/  {\"\1\", (void *) 0},/p'\'' -e '\''s/^[BCDEGRST]* \([^ ]*\) \(lib[^ ]*\)$/  {"\2", (void *) \&\2},/p'\'' -e '\''s/^[BCDEGRST]* \([^ ]*\) \([^ ]*\)$/  {"lib\2", (void *) \&\2},/p'\'''
lt_cv_sys_global_symbol_to_cdecl='sed -n -e '\''s/^T .* \(.*\)$/extern int \1();/p'\'' -e '\''s/^[BCDEGRST]* .* \(.*\)$/extern char \1;/p'\'''
lt_cv_sys_max_cmd_len=196608
lt_cv_to_host_file_cmd=func_convert_file_noop
lt_cv_to_tool_file_cmd=func_convert_file_noop
pkg_cv_BASE_DEPENDENCIES_CFLAGS='-I/usr/local/include/glib-2.0 -I/usr/local/lib/glib-2.0/include  '
pkg_cv_BASE_DEPENDENCIES_LIBS='-L/usr/local/lib -lglib-2.0 -lintl  '
pkg_cv_GDK_PIXBUF_XLIB_DEP_CFLAGS='-D_REENTRANT -I/usr/local/include/glib-2.0 -I/usr/local/lib/glib-2.0/include  '
pkg_cv_GDK_PIXBUF_XLIB_DEP_LIBS='-L/usr/local/lib -lX11 -lgobject-2.0 -lgthread-2.0 -lglib-2.0 -lintl  '

## ----------------- ##
## Output variables. ##
## ----------------- ##

ACLOCAL='${SHELL} /home/chris/gdk-pixbuf-2.24.0/missing --run aclocal-1.11'
AMDEPBACKSLASH='\'
AMDEP_FALSE='#'
AMDEP_TRUE=''
AMTAR='${SHELL} /home/chris/gdk-pixbuf-2.24.0/missing --run tar'
AM_BACKSLASH='\'
AM_DEFAULT_VERBOSITY='1'
AR='ar'
AS='as'
AUTOCONF='${SHELL} /home/chris/gdk-pixbuf-2.24.0/missing --run autoconf'
AUTOHEADER='${SHELL} /home/chris/gdk-pixbuf-2.24.0/missing --run autoheader'
AUTOMAKE='${SHELL} /home/chris/gdk-pixbuf-2.24.0/missing --run automake-1.11'
AWK='gawk'
BASE_DEPENDENCIES_CFLAGS='-I/usr/local/include/glib-2.0 -I/usr/local/lib/glib-2.0/include  '
BASE_DEPENDENCIES_LIBS='-L/usr/local/lib -lglib-2.0 -lintl  '
BUILD_DYNAMIC_MODULES_FALSE='#'
BUILD_DYNAMIC_MODULES_TRUE=''
BUILD_GDIPLUS_LOADERS_FALSE=''
BUILD_GDIPLUS_LOADERS_TRUE='#'
CC='/usr/bin/gcc -std=gnu99'
CCAS='/usr/bin/gcc -std=gnu99'
CCASDEPMODE='depmode=gcc3'
CCASFLAGS='-g -O2'
CCDEPMODE='depmode=gcc3'
CFLAGS='-DGDK_PIXBUF_DISABLE_DEPRECATED -g -O2 -Wall'
CPP='/usr/bin/gcc -std=gnu99 -E'
CPPFLAGS=' -DG_DISABLE_SINGLE_INCLUDES -I/usr/local/include'
CROSS_COMPILING_FALSE=''
CROSS_COMPILING_TRUE='#'
CYGPATH_W='echo'
DB2HTML='false'
DEFS='-DHAVE_CONFIG_H'
DEPDIR='.deps'
DISABLE_EXPLICIT_DEPS_FALSE='#'
DISABLE_EXPLICIT_DEPS_TRUE=''
DLLTOOL='false'
DSYMUTIL=':'
DUMPBIN=''
ECHO_C=''
ECHO_N='-n'
ECHO_T=''
EGREP='/bin/grep -E'
ENABLE_GTK_DOC_FALSE=''
ENABLE_GTK_DOC_TRUE='#'
ENABLE_MAN_FALSE=''
ENABLE_MAN_TRUE='#'
EXEEXT=''
EXE_MANIFEST_ARCHITECTURE='X86'
FGREP='/bin/grep -F'
GDK_PIXBUF_API_VERSION='2.0'
GDK_PIXBUF_BINARY_VERSION='2.10.0'
GDK_PIXBUF_CSOURCE=''
GDK_PIXBUF_DEP_CFLAGS='-D_REENTRANT -I/usr/local/include/glib-2.0 -I/usr/local/lib/glib-2.0/include -I/usr/local/include/libpng14   '
GDK_PIXBUF_DEP_LIBS='-L/usr/local/lib -lgio-2.0 -lgobject-2.0 -lgmodule-2.0 -lgthread-2.0 -lglib-2.0 -lintl -lpng14    -lm '
GDK_PIXBUF_EXTRA_CFLAGS=''
GDK_PIXBUF_EXTRA_LIBS=' -lm '
GDK_PIXBUF_LINK_FLAGS=''
GDK_PIXBUF_MAJOR='2'
GDK_PIXBUF_MICRO='0'
GDK_PIXBUF_MINOR='24'
GDK_PIXBUF_PACKAGES='gmodule-no-export-2.0 gobject-2.0 gio-2.0'
GDK_PIXBUF_VERSION='2.24.0'
GDK_PIXBUF_XLIB_DEP_CFLAGS='-D_REENTRANT -I/usr/local/include/glib-2.0 -I/usr/local/lib/glib-2.0/include  '
GDK_PIXBUF_XLIB_DEP_LIBS='-L/usr/local/lib -lX11 -lgobject-2.0 -lgthread-2.0 -lglib-2.0 -lintl  '
GETTEXT_MACRO_VERSION='0.17'
GETTEXT_PACKAGE='gdk-pixbuf'
GLIB_CFLAGS='-D_REENTRANT -I/usr/local/include/glib-2.0 -I/usr/local/lib/glib-2.0/include  '
GLIB_GENMARSHAL='glib-genmarshal'
GLIB_LIBS='-L/usr/local/lib -lgobject-2.0 -lgmodule-2.0 -lgthread-2.0 -lglib-2.0 -lintl  '
GLIB_MKENUMS='glib-mkenums'
GMSGFMT='/usr/bin/msgfmt'
GMSGFMT_015='/usr/bin/msgfmt'
GOBJECT_QUERY='gobject-query'
GREP='/bin/grep'
GTKDOC_CHECK=''
GTKDOC_DEPS_CFLAGS=''
GTKDOC_DEPS_LIBS=''
GTKDOC_MKPDF=''
GTKDOC_REBASE='true'
GTK_DOC_BUILD_HTML_FALSE='#'
GTK_DOC_BUILD_HTML_TRUE=''
GTK_DOC_BUILD_PDF_FALSE=''
GTK_DOC_BUILD_PDF_TRUE='#'
GTK_DOC_USE_LIBTOOL_FALSE='#'
GTK_DOC_USE_LIBTOOL_TRUE=''
GTK_DOC_USE_REBASE_FALSE='#'
GTK_DOC_USE_REBASE_TRUE=''
GTK_UPDATE_ICON_CACHE=''
HAVE_DOCBOOK_FALSE=''
HAVE_DOCBOOK_TRUE='#'
HAVE_INTROSPECTION_FALSE=''
HAVE_INTROSPECTION_TRUE='#'
HAVE_JASPER_FALSE=''
HAVE_JASPER_TRUE='#'
HAVE_JPEG_FALSE='#'
HAVE_JPEG_TRUE=''
HAVE_PNG_FALSE='#'
HAVE_PNG_TRUE=''
HAVE_TIFF_FALSE='#'
HAVE_TIFF_TRUE=''
HTML_DIR='${datadir}/gtk-doc/html'
INCLUDED_LOADER_DEFINE=''
INCLUDED_LOADER_OBJ=''
INCLUDE_ANI_FALSE=''
INCLUDE_ANI_TRUE='#'
INCLUDE_BMP_FALSE=''
INCLUDE_BMP_TRUE='#'
INCLUDE_GDIPLUS_FALSE=''
INCLUDE_GDIPLUS_TRUE='#'
INCLUDE_GIF_FALSE=''
INCLUDE_GIF_TRUE='#'
INCLUDE_ICNS_FALSE=''
INCLUDE_ICNS_TRUE='#'
INCLUDE_ICO_FALSE=''
INCLUDE_ICO_TRUE='#'
INCLUDE_JASPER_FALSE=''
INCLUDE_JASPER_TRUE='#'
INCLUDE_JPEG_FALSE=''
INCLUDE_JPEG_TRUE='#'
INCLUDE_PCX_FALSE=''
INCLUDE_PCX_TRUE='#'
INCLUDE_PNG_FALSE=''
INCLUDE_PNG_TRUE='#'
INCLUDE_PNM_FALSE=''
INCLUDE_PNM_TRUE='#'
INCLUDE_QTIF_FALSE=''
INCLUDE_QTIF_TRUE='#'
INCLUDE_RAS_FALSE=''
INCLUDE_RAS_TRUE='#'
INCLUDE_TGA_FALSE=''
INCLUDE_TGA_TRUE='#'
INCLUDE_TIFF_FALSE=''
INCLUDE_TIFF_TRUE='#'
INCLUDE_WBMP_FALSE=''
INCLUDE_WBMP_TRUE='#'
INCLUDE_XBM_FALSE=''
INCLUDE_XBM_TRUE='#'
INCLUDE_XPM_FALSE=''
INCLUDE_XPM_TRUE='#'
INSTALL_DATA='${INSTALL} -m 644'
INSTALL_PROGRAM='${INSTALL}'
INSTALL_SCRIPT='${INSTALL}'
INSTALL_STRIP_PROGRAM='$(install_sh) -c -s'
INTLLIBS='-L/usr/local/lib -lintl -lc'
INTL_MACOSX_LIBS=''
INTROSPECTION_CFLAGS=''
INTROSPECTION_COMPILER=''
INTROSPECTION_GENERATE=''
INTROSPECTION_GIRDIR=''
INTROSPECTION_LIBS=''
INTROSPECTION_MAKEFILE=''
INTROSPECTION_SCANNER=''
INTROSPECTION_TYPELIBDIR=''
LD='/usr/bin/ld'
LDFLAGS=''
LIBICONV=''
LIBINTL='-L/usr/local/lib -lintl -lc'
LIBJASPER=''
LIBJPEG='-ljpeg'
LIBOBJS=''
LIBPNG='-L/usr/local/lib -lpng14  '
LIBS=''
LIBTIFF='-ltiff'
LIBTOOL='$(SHELL) $(top_builddir)/libtool'
LIBTOOL_EXPORT_OPTIONS='-export-symbols-regex "^[^_].*"'
LIB_EXE_MACHINE_FLAG='X86'
LIPO='lipo'
LN_S='ln -s'
LTLIBICONV=''
LTLIBINTL='-L/usr/local/lib -lintl -lc -R/usr/local/lib'
LTLIBOBJS=''
LT_CURRENT_MINUS_AGE='0'
LT_VERSION_INFO='2400:0:2400'
MAINT=''
MAINTAINER_MODE_FALSE='#'
MAINTAINER_MODE_TRUE=''
MAKEINFO='${SHELL} /home/chris/gdk-pixbuf-2.24.0/missing --run makeinfo'
MANIFEST_TOOL=':'
MATH_LIB='-lm'
MKDIR_P='/bin/mkdir -p'
MSGFMT='/usr/bin/msgfmt'
MSGFMT_015='/usr/bin/msgfmt'
MSGMERGE=':'
MS_LIB_AVAILABLE_FALSE=''
MS_LIB_AVAILABLE_TRUE='#'
NM='/usr/bin/nm -p'
NMEDIT='nmedit'
OBJDUMP='objdump'
OBJEXT='o'
OS_LINUX_FALSE=''
OS_LINUX_TRUE='#'
OS_UNIX_FALSE='#'
OS_UNIX_TRUE=''
OS_WIN32_FALSE=''
OS_WIN32_TRUE='#'
OTOOL64='otool64'
OTOOL='otool'
PACKAGE='gdk-pixbuf'
PACKAGE_BUGREPORT='http://bugzilla.gnome.org/enter_bug.cgi?product=gdk-pixbuf'
PACKAGE_NAME='gdk-pixbuf'
PACKAGE_STRING='gdk-pixbuf 2.24.0'
PACKAGE_TARNAME='gdk-pixbuf'
PACKAGE_URL=''
PACKAGE_VERSION='2.24.0'
PATH_SEPARATOR=':'
PERL='/usr/bin/perl'
PKG_CONFIG='/usr/bin/pkg-config'
PKG_CONFIG_LIBDIR=''
PKG_CONFIG_PATH='/usr/local/lib/pkgconfig:/usr/lib/pkgconfig'
PLATFORM_WIN32_FALSE=''
PLATFORM_WIN32_TRUE='#'
PNG_DEP_CFLAGS_PACKAGES='libpng14'
POSUB='po'
RANLIB='ranlib'
REBUILD=''
SED='/bin/sed'
SET_MAKE=''
SHELL='/bin/sh'
STRIP='strip'
USE_MEDIALIB25_FALSE=''
USE_MEDIALIB25_TRUE='#'
USE_MEDIALIB_FALSE=''
USE_MEDIALIB_TRUE='#'
USE_MMX_FALSE=''
USE_MMX_TRUE='#'
USE_NLS='yes'
USE_X11_FALSE='#'
USE_X11_TRUE=''
VERSION='2.24.0'
WINDRES=''
XGETTEXT='/usr/bin/xgettext'
XGETTEXT_015='/usr/bin/xgettext'
XGETTEXT_EXTRA_OPTIONS=''
XSLTPROC=''
ac_ct_AR='ar'
ac_ct_CC='/usr/bin/gcc'
ac_ct_DUMPBIN=''
am__EXEEXT_FALSE=''
am__EXEEXT_TRUE='#'
am__fastdepCCAS_FALSE='#'
am__fastdepCCAS_TRUE=''
am__fastdepCC_FALSE='#'
am__fastdepCC_TRUE=''
am__include='include'
am__isrc=''
am__leading_dot='.'
am__quote=''
am__tar='tar --format=ustar -chf - "$$tardir"'
am__untar='tar -xf -'
bindir='${exec_prefix}/bin'
build='arm-apple-darwin10.4.0'
build_alias=''
build_cpu='arm'
build_os='darwin10.4.0'
build_vendor='apple'
datadir='${datarootdir}'
datarootdir='${prefix}/share'
docdir='${datarootdir}/doc/${PACKAGE_TARNAME}'
dvidir='${docdir}'
exec_prefix='${prefix}'
host='arm-apple-darwin10.4.0'
host_alias=''
host_cpu='arm'
host_os='darwin10.4.0'
host_vendor='apple'
htmldir='${docdir}'
includedir='${prefix}/include'
infodir='${datarootdir}/info'
install_sh='${SHELL} /home/chris/gdk-pixbuf-2.24.0/install-sh'
libdir='${exec_prefix}/lib'
libexecdir='${exec_prefix}/libexec'
localedir='${datarootdir}/locale'
localstatedir='${prefix}/var'
mandir='${datarootdir}/man'
mkdir_p='/bin/mkdir -p'
ms_librarian=''
oldincludedir='/usr/include'
pdfdir='${docdir}'
prefix='/usr/local'
program_transform_name='s,x,x,'
psdir='${docdir}'
sbindir='${exec_prefix}/sbin'
sharedstatedir='${prefix}/com'
sysconfdir='${prefix}/etc'
target_alias=''

## ----------- ##
## confdefs.h. ##
## ----------- ##

/* confdefs.h */
#define PACKAGE_NAME "gdk-pixbuf"
#define PACKAGE_TARNAME "gdk-pixbuf"
#define PACKAGE_VERSION "2.24.0"
#define PACKAGE_STRING "gdk-pixbuf 2.24.0"
#define PACKAGE_BUGREPORT "http://bugzilla.gnome.org/enter_bug.cgi?product=gdk-pixbuf"
#define PACKAGE_URL ""
#define STDC_HEADERS 1
#define HAVE_SYS_TYPES_H 1
#define HAVE_SYS_STAT_H 1
#define HAVE_STDLIB_H 1
#define HAVE_STRING_H 1
#define HAVE_MEMORY_H 1
#define HAVE_STRINGS_H 1
#define HAVE_INTTYPES_H 1
#define HAVE_STDINT_H 1
#define HAVE_UNISTD_H 1
#define HAVE_DLFCN_H 1
#define LT_OBJDIR ".libs/"
#define HAVE_SIGSETJMP 1
#define ENABLE_NLS 1
#define HAVE_GETTEXT 1
#define HAVE_DCGETTEXT 1
#define GETTEXT_PACKAGE "gdk-pixbuf"
#define HAVE_BIND_TEXTDOMAIN_CODESET 1
#define HAVE_UNISTD_H 1
#define HAVE_UNISTD_H 1
#define STDC_HEADERS 1
#define USE_GMODULE 1
#define HAVE_PROGRESSIVE_JPEG 1

configure: exit 0
