This file contains any messages produced by compilers while
running configure, to aid debugging if configure makes a mistake.

It was created by gnome-paint configure 0.3, which was
generated by GNU Autoconf 2.65.  Invocation command line was

  $ ./configure 

## --------- ##
## Platform. ##
## --------- ##

hostname = Chriss-iPad
uname -m = iPad1,1
uname -r = 11.0.0
uname -s = Darwin
uname -v = Darwin Kernel Version 11.0.0: Sun Apr  8 21:51:26 PDT 2012; root:xnu-1878.11.10~1/RELEASE_ARM_S5L8930X

/usr/bin/uname -p = unknown
/bin/uname -X     = unknown

/bin/arch              = unknown
/usr/bin/arch -k       = unknown
/usr/convex/getsysinfo = unknown
/usr/bin/hostinfo      = Mach kernel version:
	 Darwin Kernel Version 11.0.0: Sun Apr  8 21:51:26 PDT 2012; root:xnu-1878.11.10~1/RELEASE_ARM_S5L8930X
Kernel configured for a single processor only.
1 processor is physically available.
1 processor is logically available.
Processor type: armv7 (arm v7)
Processor active: 0
Primary memory available: 246.98 megabytes
Default processor set: 36 tasks, 243 threads, 1 processors
Load average: 3.17, Mach factor: 0.22
/bin/machine           = unknown
/usr/bin/oslevel       = unknown
/bin/universe          = unknown

PATH: /usr/local/sbin
PATH: /usr/local/bin
PATH: /usr/sbin
PATH: /usr/bin
PATH: /sbin
PATH: /bin
PATH: /usr/bin/X11
PATH: /usr/games
PATH: /usr/local/Gambit-C/bin


## ----------- ##
## Core tests. ##
## ----------- ##

configure:2403: checking for a BSD-compatible install
configure:2471: result: /usr/bin/install -c
configure:2482: checking whether build environment is sane
configure:2532: result: yes
configure:2673: checking for a thread-safe mkdir -p
configure:2712: result: /bin/mkdir -p
configure:2725: checking for gawk
configure:2741: found /usr/bin/gawk
configure:2752: result: gawk
configure:2763: checking whether make sets $(MAKE)
configure:2785: result: yes
configure:2868: checking whether to enable maintainer-specific portions of Makefiles
configure:2877: result: no
configure:2903: checking for style of include used by make
configure:2931: result: GNU
configure:3001: checking for gcc
configure:3028: result: /usr/bin/gcc
configure:3257: checking for C compiler version
configure:3266: /usr/bin/gcc --version >&5
gcc (GCC) 4.2.1 (Based on Apple Inc. build 5555)
Copyright (C) 2007 Free Software Foundation, Inc.
This is free software; see the source for copying conditions.  There is NO
warranty; not even for MERCHANTABILITY or FITNESS FOR A PARTICULAR PURPOSE.

configure:3277: $? = 0
configure:3266: /usr/bin/gcc -v >&5
Using built-in specs.
Target: arm-apple-darwin9
Configured with: ../llvm-gcc-4.2/configure --build=x86_64-unknown-linux-gnu --host=arm-apple-darwin9 --enable-static=no --enable-shared=yes --prefix=/usr --localstatedir=/var/cache/iphone-gcc --enable-languages=c,c++,objc,obj-c++ --enable-wchar_t=no --with-gxx-include-dir=/usr/include/c++/4.0.0
Thread model: posix
gcc version 4.2.1 (Based on Apple Inc. build 5555)
configure:3277: $? = 0
configure:3266: /usr/bin/gcc -V >&5
gcc: '-V' option must have argument
configure:3277: $? = 1
configure:3266: /usr/bin/gcc -qversion >&5
gcc: no input files
configure:3277: $? = 1
configure:3297: checking whether the C compiler works
configure:3319: /usr/bin/gcc    conftest.c  >&5
configure:3323: $? = 0
configure:3372: result: yes
configure:3375: checking for C compiler default output file name
configure:3377: result: a.out
configure:3383: checking for suffix of executables
configure:3390: /usr/bin/gcc -o conftest    conftest.c  >&5
configure:3394: $? = 0
configure:3416: result: 
configure:3438: checking whether we are cross compiling
configure:3446: /usr/bin/gcc -o conftest    conftest.c  >&5
configure:3450: $? = 0
configure:3457: ./conftest
./configure: line 3459:   447 Killed: 9               ./conftest$ac_cv_exeext
configure:3461: $? = 137
configure:3473: result: no
configure:3478: checking for suffix of object files
configure:3500: /usr/bin/gcc -c   conftest.c >&5
configure:3504: $? = 0
configure:3525: result: o
configure:3529: checking whether we are using the GNU C compiler
configure:3548: /usr/bin/gcc -c   conftest.c >&5
configure:3548: $? = 0
configure:3557: result: yes
configure:3566: checking whether /usr/bin/gcc accepts -g
configure:3586: /usr/bin/gcc -c -g  conftest.c >&5
configure:3586: $? = 0
configure:3627: result: yes
configure:3644: checking for /usr/bin/gcc option to accept ISO C89
configure:3708: /usr/bin/gcc  -c -g -O2  conftest.c >&5
configure:3708: $? = 0
configure:3721: result: none needed
configure:3743: checking dependency style of /usr/bin/gcc
configure:3853: result: gcc3
configure:3869: checking for library containing strerror
configure:3900: /usr/bin/gcc -o conftest -g -O2   conftest.c  >&5
configure:3900: $? = 0
configure:3917: result: none required
configure:3973: checking for gcc
configure:4000: result: /usr/bin/gcc
configure:4229: checking for C compiler version
configure:4238: /usr/bin/gcc --version >&5
gcc (GCC) 4.2.1 (Based on Apple Inc. build 5555)
Copyright (C) 2007 Free Software Foundation, Inc.
This is free software; see the source for copying conditions.  There is NO
warranty; not even for MERCHANTABILITY or FITNESS FOR A PARTICULAR PURPOSE.

configure:4249: $? = 0
configure:4238: /usr/bin/gcc -v >&5
Using built-in specs.
Target: arm-apple-darwin9
Configured with: ../llvm-gcc-4.2/configure --build=x86_64-unknown-linux-gnu --host=arm-apple-darwin9 --enable-static=no --enable-shared=yes --prefix=/usr --localstatedir=/var/cache/iphone-gcc --enable-languages=c,c++,objc,obj-c++ --enable-wchar_t=no --with-gxx-include-dir=/usr/include/c++/4.0.0
Thread model: posix
gcc version 4.2.1 (Based on Apple Inc. build 5555)
configure:4249: $? = 0
configure:4238: /usr/bin/gcc -V >&5
gcc: '-V' option must have argument
configure:4249: $? = 1
configure:4238: /usr/bin/gcc -qversion >&5
gcc: no input files
configure:4249: $? = 1
configure:4253: checking whether we are using the GNU C compiler
configure:4281: result: yes
configure:4290: checking whether /usr/bin/gcc accepts -g
configure:4351: result: yes
configure:4368: checking for /usr/bin/gcc option to accept ISO C89
configure:4445: result: none needed
configure:4467: checking dependency style of /usr/bin/gcc
configure:4577: result: gcc3
configure:4640: checking for gcc
configure:4667: result: /usr/bin/gcc
configure:4896: checking for C compiler version
configure:4905: /usr/bin/gcc --version >&5
gcc (GCC) 4.2.1 (Based on Apple Inc. build 5555)
Copyright (C) 2007 Free Software Foundation, Inc.
This is free software; see the source for copying conditions.  There is NO
warranty; not even for MERCHANTABILITY or FITNESS FOR A PARTICULAR PURPOSE.

configure:4916: $? = 0
configure:4905: /usr/bin/gcc -v >&5
Using built-in specs.
Target: arm-apple-darwin9
Configured with: ../llvm-gcc-4.2/configure --build=x86_64-unknown-linux-gnu --host=arm-apple-darwin9 --enable-static=no --enable-shared=yes --prefix=/usr --localstatedir=/var/cache/iphone-gcc --enable-languages=c,c++,objc,obj-c++ --enable-wchar_t=no --with-gxx-include-dir=/usr/include/c++/4.0.0
Thread model: posix
gcc version 4.2.1 (Based on Apple Inc. build 5555)
configure:4916: $? = 0
configure:4905: /usr/bin/gcc -V >&5
gcc: '-V' option must have argument
configure:4916: $? = 1
configure:4905: /usr/bin/gcc -qversion >&5
gcc: no input files
configure:4916: $? = 1
configure:4920: checking whether we are using the GNU C compiler
configure:4948: result: yes
configure:4957: checking whether /usr/bin/gcc accepts -g
configure:5018: result: yes
configure:5035: checking for /usr/bin/gcc option to accept ISO C89
configure:5112: result: none needed
configure:5134: checking dependency style of /usr/bin/gcc
configure:5244: result: gcc3
configure:5267: checking how to run the C preprocessor
configure:5298: /usr/bin/gcc -E  conftest.c
configure:5298: $? = 0
configure:5312: /usr/bin/gcc -E  conftest.c
conftest.c:11:28: error: ac_nonexistent.h: No such file or directory
configure:5312: $? = 1
configure: failed program was:
| /* confdefs.h */
| #define PACKAGE_NAME "gnome-paint"
| #define PACKAGE_TARNAME "gnome-paint"
| #define PACKAGE_VERSION "0.3"
| #define PACKAGE_STRING "gnome-paint 0.3"
| #define PACKAGE_BUGREPORT "http://code.google.com/p/gnome-paint/"
| #define PACKAGE_URL ""
| #define PACKAGE "gnome-paint"
| #define VERSION "0.3"
| /* end confdefs.h.  */
| #include <ac_nonexistent.h>
configure:5337: result: /usr/bin/gcc -E
configure:5357: /usr/bin/gcc -E  conftest.c
configure:5357: $? = 0
configure:5371: /usr/bin/gcc -E  conftest.c
conftest.c:11:28: error: ac_nonexistent.h: No such file or directory
configure:5371: $? = 1
configure: failed program was:
| /* confdefs.h */
| #define PACKAGE_NAME "gnome-paint"
| #define PACKAGE_TARNAME "gnome-paint"
| #define PACKAGE_VERSION "0.3"
| #define PACKAGE_STRING "gnome-paint 0.3"
| #define PACKAGE_BUGREPORT "http://code.google.com/p/gnome-paint/"
| #define PACKAGE_URL ""
| #define PACKAGE "gnome-paint"
| #define VERSION "0.3"
| /* end confdefs.h.  */
| #include <ac_nonexistent.h>
configure:5400: checking for grep that handles long lines and -e
configure:5458: result: /bin/grep
configure:5463: checking for egrep
configure:5525: result: /bin/grep -E
configure:5530: checking for ANSI C header files
configure:5550: /usr/bin/gcc -c -g -O2  conftest.c >&5
configure:5550: $? = 0
configure:5623: /usr/bin/gcc -o conftest -g -O2   conftest.c  >&5
configure:5623: $? = 0
configure:5623: ./conftest
./configure: line 1804:   618 Killed: 9               ./conftest$ac_exeext
configure:5623: $? = 137
configure: program exited with status 137
configure: failed program was:
| /* confdefs.h */
| #define PACKAGE_NAME "gnome-paint"
| #define PACKAGE_TARNAME "gnome-paint"
| #define PACKAGE_VERSION "0.3"
| #define PACKAGE_STRING "gnome-paint 0.3"
| #define PACKAGE_BUGREPORT "http://code.google.com/p/gnome-paint/"
| #define PACKAGE_URL ""
| #define PACKAGE "gnome-paint"
| #define VERSION "0.3"
| /* end confdefs.h.  */
| #include <ctype.h>
| #include <stdlib.h>
| #if ((' ' & 0x0FF) == 0x020)
| # define ISLOWER(c) ('a' <= (c) && (c) <= 'z')
| # define TOUPPER(c) (ISLOWER(c) ? 'A' + ((c) - 'a') : (c))
| #else
| # define ISLOWER(c) 		   (('a' <= (c) && (c) <= 'i') 		     || ('j' <= (c) && (c) <= 'r') 		     || ('s' <= (c) && (c) <= 'z'))
| # define TOUPPER(c) (ISLOWER(c) ? ((c) | 0x40) : (c))
| #endif
| 
| #define XOR(e, f) (((e) && !(f)) || (!(e) && (f)))
| int
| main ()
| {
|   int i;
|   for (i = 0; i < 256; i++)
|     if (XOR (islower (i), ISLOWER (i))
| 	|| toupper (i) != TOUPPER (i))
|       return 2;
|   return 0;
| }
configure:5634: result: no
configure:5647: checking whether NLS is requested
configure:5656: result: yes
configure:5671: checking for intltool >= 0.35.0
configure:5678: result: 0.50.0 found
configure:5686: checking for intltool-update
configure:5704: found /usr/local/bin/intltool-update
configure:5716: result: /usr/local/bin/intltool-update
configure:5726: checking for intltool-merge
configure:5744: found /usr/local/bin/intltool-merge
configure:5756: result: /usr/local/bin/intltool-merge
configure:5766: checking for intltool-extract
configure:5784: found /usr/local/bin/intltool-extract
configure:5796: result: /usr/local/bin/intltool-extract
configure:5927: checking for xgettext
configure:5945: found /usr/local/bin/xgettext
configure:5957: result: /usr/local/bin/xgettext
configure:5967: checking for msgmerge
configure:5985: found /usr/local/bin/msgmerge
configure:5997: result: /usr/local/bin/msgmerge
configure:6007: checking for msgfmt
configure:6025: found /usr/local/bin/msgfmt
configure:6037: result: /usr/local/bin/msgfmt
configure:6047: checking for gmsgfmt
configure:6078: result: /usr/local/bin/msgfmt
configure:6098: checking for perl
configure:6116: found /usr/local/bin/perl
configure:6128: result: /usr/local/bin/perl
configure:6139: checking for perl >= 5.8.1
configure:6146: result: 5.10.0
configure:6150: checking for XML::Parser
configure:6153: result: ok
configure:6178: /usr/bin/gcc -o conftest -g -O2   conftest.c  >&5
Undefined symbols:
  "__nl_msg_cat_cntr", referenced from:
      __nl_msg_cat_cntr$non_lazy_ptr in cckPmxpb.o
ld: symbol(s) not found
collect2: ld returned 1 exit status
configure:6178: $? = 1
configure: failed program was:
| /* confdefs.h */
| #define PACKAGE_NAME "gnome-paint"
| #define PACKAGE_TARNAME "gnome-paint"
| #define PACKAGE_VERSION "0.3"
| #define PACKAGE_STRING "gnome-paint 0.3"
| #define PACKAGE_BUGREPORT "http://code.google.com/p/gnome-paint/"
| #define PACKAGE_URL ""
| #define PACKAGE "gnome-paint"
| #define VERSION "0.3"
| /* end confdefs.h.  */
| 
| int
| main ()
| {
| extern int _nl_msg_cat_cntr;
|                        return _nl_msg_cat_cntr
|   ;
|   return 0;
| }
configure:6217: checking for sys/types.h
configure:6217: /usr/bin/gcc -c -g -O2  conftest.c >&5
configure:6217: $? = 0
configure:6217: result: yes
configure:6217: checking for sys/stat.h
configure:6217: /usr/bin/gcc -c -g -O2  conftest.c >&5
configure:6217: $? = 0
configure:6217: result: yes
configure:6217: checking for stdlib.h
configure:6217: /usr/bin/gcc -c -g -O2  conftest.c >&5
configure:6217: $? = 0
configure:6217: result: yes
configure:6217: checking for string.h
configure:6217: /usr/bin/gcc -c -g -O2  conftest.c >&5
configure:6217: $? = 0
configure:6217: result: yes
configure:6217: checking for memory.h
configure:6217: /usr/bin/gcc -c -g -O2  conftest.c >&5
configure:6217: $? = 0
configure:6217: result: yes
configure:6217: checking for strings.h
configure:6217: /usr/bin/gcc -c -g -O2  conftest.c >&5
configure:6217: $? = 0
configure:6217: result: yes
configure:6217: checking for inttypes.h
configure:6217: /usr/bin/gcc -c -g -O2  conftest.c >&5
configure:6217: $? = 0
configure:6217: result: yes
configure:6217: checking for stdint.h
configure:6217: /usr/bin/gcc -c -g -O2  conftest.c >&5
configure:6217: $? = 0
configure:6217: result: yes
configure:6217: checking for unistd.h
configure:6217: /usr/bin/gcc -c -g -O2  conftest.c >&5
configure:6217: $? = 0
configure:6217: result: yes
configure:6233: checking locale.h usability
configure:6233: /usr/bin/gcc -c -g -O2  conftest.c >&5
configure:6233: $? = 0
configure:6233: result: yes
configure:6233: checking locale.h presence
configure:6233: /usr/bin/gcc -E  conftest.c
configure:6233: $? = 0
configure:6233: result: yes
configure:6233: checking for locale.h
configure:6233: result: yes
configure:6244: checking for LC_MESSAGES
configure:6260: /usr/bin/gcc -o conftest -g -O2   conftest.c  >&5
configure:6260: $? = 0
configure:6268: result: yes
configure:6285: checking libintl.h usability
configure:6285: /usr/bin/gcc -c -g -O2  conftest.c >&5
configure:6285: $? = 0
configure:6285: result: yes
configure:6285: checking libintl.h presence
configure:6285: /usr/bin/gcc -E  conftest.c
configure:6285: $? = 0
configure:6285: result: yes
configure:6285: checking for libintl.h
configure:6285: result: yes
configure:6293: checking for ngettext in libc
configure:6311: /usr/bin/gcc -o conftest -g -O2   conftest.c  >&5
Undefined symbols:
  "_libintl_ngettext", referenced from:
      _main in ccxnVUGt.o
ld: symbol(s) not found
collect2: ld returned 1 exit status
configure:6311: $? = 1
configure: failed program was:
| /* confdefs.h */
| #define PACKAGE_NAME "gnome-paint"
| #define PACKAGE_TARNAME "gnome-paint"
| #define PACKAGE_VERSION "0.3"
| #define PACKAGE_STRING "gnome-paint 0.3"
| #define PACKAGE_BUGREPORT "http://code.google.com/p/gnome-paint/"
| #define PACKAGE_URL ""
| #define PACKAGE "gnome-paint"
| #define VERSION "0.3"
| #define GETTEXT_PACKAGE "gnome_paint"
| #define HAVE_SYS_TYPES_H 1
| #define HAVE_SYS_STAT_H 1
| #define HAVE_STDLIB_H 1
| #define HAVE_STRING_H 1
| #define HAVE_MEMORY_H 1
| #define HAVE_STRINGS_H 1
| #define HAVE_INTTYPES_H 1
| #define HAVE_STDINT_H 1
| #define HAVE_UNISTD_H 1
| #define HAVE_LOCALE_H 1
| #define HAVE_LC_MESSAGES 1
| /* end confdefs.h.  */
| 
| #include <libintl.h>
| 
| int
| main ()
| {
| return !ngettext ("","", 1)
|   ;
|   return 0;
| }
configure:6320: result: no
configure:6376: checking for bindtextdomain in -lintl
configure:6401: /usr/bin/gcc -o conftest -g -O2   conftest.c -lintl   >&5
configure:6401: $? = 0
configure:6410: result: yes
configure:6413: checking for ngettext in -lintl
configure:6438: /usr/bin/gcc -o conftest -g -O2   conftest.c -lintl   >&5
configure:6438: $? = 0
configure:6447: result: yes
configure:6450: checking for dgettext in -lintl
configure:6475: /usr/bin/gcc -o conftest -g -O2   conftest.c -lintl   >&5
conftest.c:30: warning: conflicting types for built-in function 'dgettext'
configure:6475: $? = 0
configure:6484: result: yes
configure:6597: checking for bind_textdomain_codeset
configure:6597: /usr/bin/gcc -o conftest -g -O2   conftest.c  -lintl  >&5
configure:6597: $? = 0
configure:6597: result: yes
configure:6634: checking for msgfmt
configure:6661: result: /usr/local/bin/msgfmt
configure:6672: checking for dcgettext
configure:6672: /usr/bin/gcc -o conftest -g -O2   conftest.c  -lintl  >&5
conftest.c:48: warning: conflicting types for built-in function 'dcgettext'
configure:6672: $? = 0
configure:6672: result: yes
configure:6682: checking if msgfmt accepts -c
configure:6697: $MSGFMT -c -o /dev/null conftest.foo
configure:6700: $? = 0
configure:6702: result: yes
configure:6712: checking for gmsgfmt
configure:6743: result: /usr/local/bin/msgfmt
configure:6753: checking for xgettext
configure:6780: result: /usr/local/bin/xgettext
configure:6799: /usr/bin/gcc -o conftest -g -O2   conftest.c  -lintl  >&5
configure:6799: $? = 0
configure:6967: checking build system type
configure:6981: result: arm-apple-darwin11.0.0
configure:7001: checking host system type
configure:7014: result: arm-apple-darwin11.0.0
configure:7034: checking for a sed that does not truncate output
configure:7098: result: /bin/sed
configure:7116: checking for fgrep
configure:7178: result: /bin/grep -F
configure:7213: checking for ld used by /usr/bin/gcc
configure:7280: result: /usr/bin/ld
configure:7287: checking if the linker (/usr/bin/ld) is GNU ld
configure:7302: result: no
configure:7314: checking for BSD- or MS-compatible name lister (nm)
configure:7363: result: /usr/bin/nm -p
configure:7481: checking the name lister (/usr/bin/nm -p) interface
configure:7491: /usr/bin/gcc -c -g -O2  conftest.c >&5
configure:7494: /usr/bin/nm -p "conftest.o"
configure:7497: output
00000000 D _some_variable
configure:7501: result: BSD nm
configure:7504: checking whether ln -s works
configure:7508: result: yes
configure:7516: checking the maximum length of command line arguments
configure:7636: result: 196608
configure:7653: checking whether the shell understands some XSI constructs
configure:7663: result: yes
configure:7667: checking whether the shell understands "+="
configure:7673: result: yes
configure:7708: checking for /usr/bin/ld option to reload object files
configure:7715: result: -r
configure:7784: checking for objdump
configure:7800: found /usr/bin/objdump
configure:7811: result: objdump
configure:7843: checking how to recognize dependent libraries
configure:8039: result: pass_all
configure:8099: checking for ar
configure:8115: found /usr/bin/ar
configure:8126: result: ar
configure:8204: checking for strip
configure:8220: found /usr/bin/strip
configure:8231: result: strip
configure:8303: checking for ranlib
configure:8319: found /usr/bin/ranlib
configure:8330: result: ranlib
configure:8420: checking command to parse /usr/bin/nm -p output from /usr/bin/gcc object
configure:8538: /usr/bin/gcc -c -g -O2  conftest.c >&5
configure:8541: $? = 0
configure:8545: /usr/bin/nm -p conftest.o \| sed -n -e 's/^.*[	 ]\([BCDEGRST][BCDEGRST]*\)[	 ][	 ]*\([_A-Za-z][_A-Za-z0-9]*\)$/\1 \2 \2/p' \> conftest.nm
configure:8548: $? = 0
cannot find nm_test_var in conftest.nm
configure:8538: /usr/bin/gcc -c -g -O2  conftest.c >&5
configure:8541: $? = 0
configure:8545: /usr/bin/nm -p conftest.o \| sed -n -e 's/^.*[	 ]\([BCDEGRST][BCDEGRST]*\)[	 ][	 ]*_\([_A-Za-z][_A-Za-z0-9]*\)$/\1 _\2 \2/p' \> conftest.nm
configure:8548: $? = 0
configure:8602: /usr/bin/gcc -o conftest -g -O2   conftest.c conftstm.o >&5
configure:8605: $? = 0
configure:8643: result: ok
configure:8907: checking for dsymutil
configure:8937: result: no
configure:8999: checking for nmedit
configure:9015: found /usr/bin/nmedit
configure:9026: result: nmedit
configure:9091: checking for lipo
configure:9107: found /usr/bin/lipo
configure:9118: result: lipo
configure:9183: checking for otool
configure:9199: found /usr/bin/otool
configure:9210: result: otool
configure:9275: checking for otool64
configure:9291: found /usr/bin/otool64
configure:9302: result: otool64
configure:9350: checking for -single_module linker flag
/usr/bin/gcc -g -O2  -o libconftest.dylib -dynamiclib -Wl,-single_module conftest.c
configure:9377: result: yes
configure:9379: checking for -exported_symbols_list linker flag
configure:9399: /usr/bin/gcc -o conftest -g -O2   -Wl,-exported_symbols_list,conftest.sym conftest.c  >&5
configure:9399: $? = 0
configure:9409: result: yes
configure:9448: checking for dlfcn.h
configure:9448: /usr/bin/gcc -c -g -O2  conftest.c >&5
configure:9448: $? = 0
configure:9448: result: yes
configure:9632: checking for objdir
configure:9647: result: .libs
configure:9939: checking if /usr/bin/gcc supports -fno-rtti -fno-exceptions
configure:9960: /usr/bin/gcc -c -g -O2  -fno-rtti -fno-exceptions conftest.c >&5
cc1: warning: command line option "-fno-rtti" is valid for C++/ObjC++ but not for C
configure:9964: $? = 0
configure:9974: result: no
configure:9994: checking for /usr/bin/gcc option to produce PIC
configure:10266: result: -fno-common -DPIC
configure:10278: checking if /usr/bin/gcc PIC flag -fno-common -DPIC works
configure:10299: /usr/bin/gcc -c -g -O2  -fno-common -DPIC -DPIC conftest.c >&5
configure:10303: $? = 0
configure:10313: result: yes
configure:10337: checking if /usr/bin/gcc static flag -static works
configure:10365: result: no
configure:10380: checking if /usr/bin/gcc supports -c -o file.o
configure:10404: /usr/bin/gcc -c -g -O2  -o out/conftest2.o conftest.c >&5
configure:10408: $? = 0
configure:10427: result: yes
configure:10435: checking if /usr/bin/gcc supports -c -o file.o
configure:10482: result: yes
configure:10515: checking whether the /usr/bin/gcc linker (/usr/bin/ld) supports shared libraries
configure:11506: result: yes
configure:11745: checking dynamic linker characteristics
configure:12408: result: darwin11.0.0 dyld
configure:12510: checking how to hardcode library paths into programs
configure:12535: result: immediate
configure:13055: checking whether stripping libraries is possible
configure:13069: result: yes
configure:13095: checking if libtool supports shared libraries
configure:13097: result: yes
configure:13100: checking whether to build shared libraries
configure:13121: result: yes
configure:13124: checking whether to build static libraries
configure:13128: result: yes
configure:13215: checking for pkg-config
configure:13233: found /usr/local/bin/pkg-config
configure:13245: result: /usr/local/bin/pkg-config
configure:13270: checking pkg-config is at least version 0.9.0
configure:13273: result: yes
configure:13284: checking for GNOME_PAINT
configure:13292: $PKG_CONFIG --exists --print-errors "gtk+-2.0 >= 2.8"
configure:13295: $? = 0
configure:13310: $PKG_CONFIG --exists --print-errors "gtk+-2.0 >= 2.8"
configure:13313: $? = 0
configure:13368: result: yes
configure:13512: creating ./config.status

## ---------------------- ##
## Running config.status. ##
## ---------------------- ##

This file was extended by gnome-paint config.status 0.3, which was
generated by GNU Autoconf 2.65.  Invocation command line was

  CONFIG_FILES    = 
  CONFIG_HEADERS  = 
  CONFIG_LINKS    = 
  CONFIG_COMMANDS = 
  $ ./config.status 

on Chriss-iPad

config.status:1146: creating Makefile
config.status:1146: creating src/Makefile
config.status:1146: creating po/Makefile.in
config.status:1146: creating data/Makefile
config.status:1146: creating data/ui/Makefile
config.status:1146: creating data/icons/Makefile
config.status:1146: creating data/icons/16x16/Makefile
config.status:1146: creating data/icons/16x16/actions/Makefile
config.status:1146: creating data/icons/16x16/apps/Makefile
config.status:1146: creating data/desktop/Makefile
config.status:1146: creating data/desktop/gnome-paint.desktop.in
config.status:1146: creating config.h
config.status:1366: executing depfiles commands
config.status:1366: executing default-1 commands
config.status:1366: executing libtool commands
config.status:1366: executing po/stamp-it commands

## ---------------- ##
## Cache variables. ##
## ---------------- ##

ac_cv_build=arm-apple-darwin11.0.0
ac_cv_c_compiler_gnu=yes
ac_cv_env_CC_set=set
ac_cv_env_CC_value=/usr/bin/gcc
ac_cv_env_CFLAGS_set=
ac_cv_env_CFLAGS_value=
ac_cv_env_CPPFLAGS_set=
ac_cv_env_CPPFLAGS_value=
ac_cv_env_CPP_set=
ac_cv_env_CPP_value=
ac_cv_env_GNOME_PAINT_CFLAGS_set=
ac_cv_env_GNOME_PAINT_CFLAGS_value=
ac_cv_env_GNOME_PAINT_LIBS_set=
ac_cv_env_GNOME_PAINT_LIBS_value=
ac_cv_env_LDFLAGS_set=
ac_cv_env_LDFLAGS_value=
ac_cv_env_LIBS_set=
ac_cv_env_LIBS_value=
ac_cv_env_PKG_CONFIG_set=
ac_cv_env_PKG_CONFIG_value=
ac_cv_env_build_alias_set=
ac_cv_env_build_alias_value=
ac_cv_env_host_alias_set=
ac_cv_env_host_alias_value=
ac_cv_env_target_alias_set=
ac_cv_env_target_alias_value=
ac_cv_func_bind_textdomain_codeset=yes
ac_cv_func_dcgettext=yes
ac_cv_header_dlfcn_h=yes
ac_cv_header_inttypes_h=yes
ac_cv_header_libintl_h=yes
ac_cv_header_locale_h=yes
ac_cv_header_memory_h=yes
ac_cv_header_stdc=no
ac_cv_header_stdint_h=yes
ac_cv_header_stdlib_h=yes
ac_cv_header_string_h=yes
ac_cv_header_strings_h=yes
ac_cv_header_sys_stat_h=yes
ac_cv_header_sys_types_h=yes
ac_cv_header_unistd_h=yes
ac_cv_host=arm-apple-darwin11.0.0
ac_cv_lib_intl_bindtextdomain=yes
ac_cv_lib_intl_dgettext=yes
ac_cv_lib_intl_ngettext=yes
ac_cv_objext=o
ac_cv_path_EGREP='/bin/grep -E'
ac_cv_path_FGREP='/bin/grep -F'
ac_cv_path_GMSGFMT=/usr/local/bin/msgfmt
ac_cv_path_GREP=/bin/grep
ac_cv_path_INTLTOOL_EXTRACT=/usr/local/bin/intltool-extract
ac_cv_path_INTLTOOL_MERGE=/usr/local/bin/intltool-merge
ac_cv_path_INTLTOOL_PERL=/usr/local/bin/perl
ac_cv_path_INTLTOOL_UPDATE=/usr/local/bin/intltool-update
ac_cv_path_MSGFMT=/usr/local/bin/msgfmt
ac_cv_path_MSGMERGE=/usr/local/bin/msgmerge
ac_cv_path_SED=/bin/sed
ac_cv_path_XGETTEXT=/usr/local/bin/xgettext
ac_cv_path_ac_pt_PKG_CONFIG=/usr/local/bin/pkg-config
ac_cv_path_install='/usr/bin/install -c'
ac_cv_path_mkdir=/bin/mkdir
ac_cv_prog_AWK=gawk
ac_cv_prog_CPP='/usr/bin/gcc -E'
ac_cv_prog_ac_ct_AR=ar
ac_cv_prog_ac_ct_CC=/usr/bin/gcc
ac_cv_prog_ac_ct_LIPO=lipo
ac_cv_prog_ac_ct_NMEDIT=nmedit
ac_cv_prog_ac_ct_OBJDUMP=objdump
ac_cv_prog_ac_ct_OTOOL64=otool64
ac_cv_prog_ac_ct_OTOOL=otool
ac_cv_prog_ac_ct_RANLIB=ranlib
ac_cv_prog_ac_ct_STRIP=strip
ac_cv_prog_cc_c89=
ac_cv_prog_cc_g=yes
ac_cv_prog_make_make_set=yes
ac_cv_search_strerror='none required'
am_cv_CC_dependencies_compiler_type=gcc3
am_cv_prog_cc_stdc=
am_cv_val_LC_MESSAGES=yes
gt_cv_func_dgettext_libc=no
gt_cv_func_dgettext_libintl=yes
gt_cv_func_ngettext_libc=no
gt_cv_have_gettext=yes
lt_cv_apple_cc_single_mod=yes
lt_cv_deplibs_check_method=pass_all
lt_cv_file_magic_cmd='$MAGIC_CMD'
lt_cv_file_magic_test_file=
lt_cv_ld_exported_symbols_list=yes
lt_cv_ld_reload_flag=-r
lt_cv_nm_interface='BSD nm'
lt_cv_objdir=.libs
lt_cv_path_LD=/usr/bin/ld
lt_cv_path_NM='/usr/bin/nm -p'
lt_cv_prog_compiler_c_o=yes
lt_cv_prog_compiler_pic_works=yes
lt_cv_prog_compiler_rtti_exceptions=no
lt_cv_prog_compiler_static_works=no
lt_cv_prog_gnu_ld=no
lt_cv_sys_global_symbol_pipe='sed -n -e '\''s/^.*[	 ]\([BCDEGRST][BCDEGRST]*\)[	 ][	 ]*_\([_A-Za-z][_A-Za-z0-9]*\)$/\1 _\2 \2/p'\'''
lt_cv_sys_global_symbol_to_c_name_address='sed -n -e '\''s/^: \([^ ]*\) $/  {\"\1\", (void *) 0},/p'\'' -e '\''s/^[BCDEGRST]* \([^ ]*\) \([^ ]*\)$/  {"\2", (void *) \&\2},/p'\'''
lt_cv_sys_global_symbol_to_c_name_address_lib_prefix='sed -n -e '\''s/^: \([^ ]*\) $/  {\"\1\", (void *) 0},/p'\'' -e '\''s/^[BCDEGRST]* \([^ ]*\) \(lib[^ ]*\)$/  {"\2", (void *) \&\2},/p'\'' -e '\''s/^[BCDEGRST]* \([^ ]*\) \([^ ]*\)$/  {"lib\2", (void *) \&\2},/p'\'''
lt_cv_sys_global_symbol_to_cdecl='sed -n -e '\''s/^T .* \(.*\)$/extern int \1();/p'\'' -e '\''s/^[BCDEGRST]* .* \(.*\)$/extern char \1;/p'\'''
lt_cv_sys_max_cmd_len=196608
pkg_cv_GNOME_PAINT_CFLAGS='-D_REENTRANT -I/usr/local/include/gtk-2.0 -I/usr/local/lib/gtk-2.0/include -I/usr/local/include/atk-1.0 -I/usr/local/include/cairo -I/usr/local/include/gdk-pixbuf-2.0 -I/usr/local/include/pango-1.0 -I/usr/local/include/glib-2.0 -I/usr/local/lib/glib-2.0/include -I/usr/local/include/pixman-1 -I/usr/local/include/libpng14  '
pkg_cv_GNOME_PAINT_LIBS='-L/usr/local/lib -lgtk-x11-2.0 -lgdk-x11-2.0 -latk-1.0 -lgio-2.0 -lpangoft2-1.0 -lpangocairo-1.0 -lgdk_pixbuf-2.0 -lcairo -lpango-1.0 -lfreetype -lfontconfig -lgobject-2.0 -lgmodule-2.0 -lgthread-2.0 -lglib-2.0 -lintl  '

## ----------------- ##
## Output variables. ##
## ----------------- ##

ACLOCAL='${SHELL} /home/chris/gnome-paint-0.3/missing --run aclocal-1.11'
ALL_LINGUAS=''
AMDEPBACKSLASH='\'
AMDEP_FALSE='#'
AMDEP_TRUE=''
AMTAR='${SHELL} /home/chris/gnome-paint-0.3/missing --run tar'
AR='ar'
AUTOCONF='${SHELL} /home/chris/gnome-paint-0.3/missing --run autoconf'
AUTOHEADER='${SHELL} /home/chris/gnome-paint-0.3/missing --run autoheader'
AUTOMAKE='${SHELL} /home/chris/gnome-paint-0.3/missing --run automake-1.11'
AWK='gawk'
CATALOGS=''
CATOBJEXT='.gmo'
CC='/usr/bin/gcc'
CCDEPMODE='depmode=gcc3'
CFLAGS='-g -O2'
CPP='/usr/bin/gcc -E'
CPPFLAGS=''
CYGPATH_W='echo'
DATADIRNAME='share'
DEFS='-DHAVE_CONFIG_H'
DEPDIR='.deps'
DSYMUTIL=':'
DUMPBIN=''
ECHO_C=''
ECHO_N='-n'
ECHO_T=''
EGREP='/bin/grep -E'
EXEEXT=''
FGREP='/bin/grep -F'
GETTEXT_PACKAGE='gnome_paint'
GMOFILES=''
GMSGFMT='/usr/local/bin/msgfmt'
GNOME_PAINT_CFLAGS='-D_REENTRANT -I/usr/local/include/gtk-2.0 -I/usr/local/lib/gtk-2.0/include -I/usr/local/include/atk-1.0 -I/usr/local/include/cairo -I/usr/local/include/gdk-pixbuf-2.0 -I/usr/local/include/pango-1.0 -I/usr/local/include/glib-2.0 -I/usr/local/lib/glib-2.0/include -I/usr/local/include/pixman-1 -I/usr/local/include/libpng14  '
GNOME_PAINT_LIBS='-L/usr/local/lib -lgtk-x11-2.0 -lgdk-x11-2.0 -latk-1.0 -lgio-2.0 -lpangoft2-1.0 -lpangocairo-1.0 -lgdk_pixbuf-2.0 -lcairo -lpango-1.0 -lfreetype -lfontconfig -lgobject-2.0 -lgmodule-2.0 -lgthread-2.0 -lglib-2.0 -lintl  '
GREP='/bin/grep'
INSTALL_DATA='${INSTALL} -m 644'
INSTALL_PROGRAM='${INSTALL}'
INSTALL_SCRIPT='${INSTALL}'
INSTALL_STRIP_PROGRAM='$(install_sh) -c -s'
INSTOBJEXT='.mo'
INTLLIBS='-lintl '
INTLTOOL_CAVES_RULE='%.caves:     %.caves.in     $(INTLTOOL_MERGE) $(wildcard $(top_srcdir)/po/*.po) ; LC_ALL=C $(INTLTOOL_MERGE) -d -u -c $(top_builddir)/po/.intltool-merge-cache $(top_srcdir)/po $< $@'
INTLTOOL_DESKTOP_RULE='%.desktop:   %.desktop.in   $(INTLTOOL_MERGE) $(wildcard $(top_srcdir)/po/*.po) ; LC_ALL=C $(INTLTOOL_MERGE) -d -u -c $(top_builddir)/po/.intltool-merge-cache $(top_srcdir)/po $< $@'
INTLTOOL_DIRECTORY_RULE='%.directory: %.directory.in $(INTLTOOL_MERGE) $(wildcard $(top_srcdir)/po/*.po) ; LC_ALL=C $(INTLTOOL_MERGE) -d -u -c $(top_builddir)/po/.intltool-merge-cache $(top_srcdir)/po $< $@'
INTLTOOL_EXTRACT='/usr/local/bin/intltool-extract'
INTLTOOL_KBD_RULE='%.kbd:       %.kbd.in       $(INTLTOOL_MERGE) $(wildcard $(top_srcdir)/po/*.po) ; LC_ALL=C $(INTLTOOL_MERGE) -x -u -m -c $(top_builddir)/po/.intltool-merge-cache $(top_srcdir)/po $< $@'
INTLTOOL_KEYS_RULE='%.keys:      %.keys.in      $(INTLTOOL_MERGE) $(wildcard $(top_srcdir)/po/*.po) ; LC_ALL=C $(INTLTOOL_MERGE) -k -u -c $(top_builddir)/po/.intltool-merge-cache $(top_srcdir)/po $< $@'
INTLTOOL_MERGE='/usr/local/bin/intltool-merge'
INTLTOOL_OAF_RULE='%.oaf:       %.oaf.in       $(INTLTOOL_MERGE) $(wildcard $(top_srcdir)/po/*.po) ; LC_ALL=C $(INTLTOOL_MERGE) -o -p $(top_srcdir)/po $< $@'
INTLTOOL_PERL='/usr/local/bin/perl'
INTLTOOL_POLICY_RULE='%.policy:    %.policy.in    $(INTLTOOL_MERGE) $(wildcard $(top_srcdir)/po/*.po) ; LC_ALL=C $(INTLTOOL_MERGE) -x -u -c $(top_builddir)/po/.intltool-merge-cache $(top_srcdir)/po $< $@'
INTLTOOL_PONG_RULE='%.pong:      %.pong.in      $(INTLTOOL_MERGE) $(wildcard $(top_srcdir)/po/*.po) ; LC_ALL=C $(INTLTOOL_MERGE) -x -u -c $(top_builddir)/po/.intltool-merge-cache $(top_srcdir)/po $< $@'
INTLTOOL_PROP_RULE='%.prop:      %.prop.in      $(INTLTOOL_MERGE) $(wildcard $(top_srcdir)/po/*.po) ; LC_ALL=C $(INTLTOOL_MERGE) -d -u -c $(top_builddir)/po/.intltool-merge-cache $(top_srcdir)/po $< $@'
INTLTOOL_SCHEMAS_RULE='%.schemas:   %.schemas.in   $(INTLTOOL_MERGE) $(wildcard $(top_srcdir)/po/*.po) ; LC_ALL=C $(INTLTOOL_MERGE) -s -u -c $(top_builddir)/po/.intltool-merge-cache $(top_srcdir)/po $< $@'
INTLTOOL_SERVER_RULE='%.server:    %.server.in    $(INTLTOOL_MERGE) $(wildcard $(top_srcdir)/po/*.po) ; LC_ALL=C $(INTLTOOL_MERGE) -o -u -c $(top_builddir)/po/.intltool-merge-cache $(top_srcdir)/po $< $@'
INTLTOOL_SERVICE_RULE='%.service: %.service.in   $(INTLTOOL_MERGE) $(wildcard $(top_srcdir)/po/*.po) ; LC_ALL=C $(INTLTOOL_MERGE) -d -u -c $(top_builddir)/po/.intltool-merge-cache $(top_srcdir)/po $< $@'
INTLTOOL_SHEET_RULE='%.sheet:     %.sheet.in     $(INTLTOOL_MERGE) $(wildcard $(top_srcdir)/po/*.po) ; LC_ALL=C $(INTLTOOL_MERGE) -x -u -c $(top_builddir)/po/.intltool-merge-cache $(top_srcdir)/po $< $@'
INTLTOOL_SOUNDLIST_RULE='%.soundlist: %.soundlist.in $(INTLTOOL_MERGE) $(wildcard $(top_srcdir)/po/*.po) ; LC_ALL=C $(INTLTOOL_MERGE) -d -u -c $(top_builddir)/po/.intltool-merge-cache $(top_srcdir)/po $< $@'
INTLTOOL_THEME_RULE='%.theme:     %.theme.in     $(INTLTOOL_MERGE) $(wildcard $(top_srcdir)/po/*.po) ; LC_ALL=C $(INTLTOOL_MERGE) -d -u -c $(top_builddir)/po/.intltool-merge-cache $(top_srcdir)/po $< $@'
INTLTOOL_UI_RULE='%.ui:        %.ui.in        $(INTLTOOL_MERGE) $(wildcard $(top_srcdir)/po/*.po) ; LC_ALL=C $(INTLTOOL_MERGE) -x -u -c $(top_builddir)/po/.intltool-merge-cache $(top_srcdir)/po $< $@'
INTLTOOL_UPDATE='/usr/local/bin/intltool-update'
INTLTOOL_XAM_RULE='%.xam:       %.xml.in       $(INTLTOOL_MERGE) $(wildcard $(top_srcdir)/po/*.po) ; LC_ALL=C $(INTLTOOL_MERGE) -x -u -c $(top_builddir)/po/.intltool-merge-cache $(top_srcdir)/po $< $@'
INTLTOOL_XML_NOMERGE_RULE='%.xml:       %.xml.in       $(INTLTOOL_MERGE) ; LC_ALL=C $(INTLTOOL_MERGE) -x -u /tmp $< $@'
INTLTOOL_XML_RULE='%.xml:       %.xml.in       $(INTLTOOL_MERGE) $(wildcard $(top_srcdir)/po/*.po) ; LC_ALL=C $(INTLTOOL_MERGE) -x -u -c $(top_builddir)/po/.intltool-merge-cache $(top_srcdir)/po $< $@'
LD='/usr/bin/ld'
LDFLAGS=''
LIBOBJS=''
LIBS=''
LIBTOOL='$(SHELL) $(top_builddir)/libtool'
LIPO='lipo'
LN_S='ln -s'
LTLIBOBJS=''
MAINT='#'
MAINTAINER_MODE_FALSE=''
MAINTAINER_MODE_TRUE='#'
MAKEINFO='${SHELL} /home/chris/gnome-paint-0.3/missing --run makeinfo'
MKDIR_P='/bin/mkdir -p'
MKINSTALLDIRS='./mkinstalldirs'
MSGFMT='/usr/local/bin/msgfmt'
MSGFMT_OPTS='-c'
MSGMERGE='/usr/local/bin/msgmerge'
NM='/usr/bin/nm -p'
NMEDIT='nmedit'
OBJDUMP='objdump'
OBJEXT='o'
OTOOL64='otool64'
OTOOL='otool'
PACKAGE='gnome-paint'
PACKAGE_BUGREPORT='http://code.google.com/p/gnome-paint/'
PACKAGE_NAME='gnome-paint'
PACKAGE_STRING='gnome-paint 0.3'
PACKAGE_TARNAME='gnome-paint'
PACKAGE_URL=''
PACKAGE_VERSION='0.3'
PATH_SEPARATOR=':'
PKG_CONFIG='/usr/local/bin/pkg-config'
POFILES=''
POSUB='po'
PO_IN_DATADIR_FALSE=''
PO_IN_DATADIR_TRUE=''
RANLIB='ranlib'
SED='/bin/sed'
SET_MAKE=''
SHELL='/bin/sh'
STRIP='strip'
USE_NLS='yes'
VERSION='0.3'
XGETTEXT='/usr/local/bin/xgettext'
ac_ct_CC='/usr/bin/gcc'
ac_ct_DUMPBIN=''
am__EXEEXT_FALSE=''
am__EXEEXT_TRUE='#'
am__fastdepCC_FALSE='#'
am__fastdepCC_TRUE=''
am__include='include'
am__isrc=''
am__leading_dot='.'
am__quote=''
am__tar='${AMTAR} chof - "$$tardir"'
am__untar='${AMTAR} xf -'
bindir='${exec_prefix}/bin'
build='arm-apple-darwin11.0.0'
build_alias=''
build_cpu='arm'
build_os='darwin11.0.0'
build_vendor='apple'
datadir='${datarootdir}'
datarootdir='${prefix}/share'
docdir='${datarootdir}/doc/${PACKAGE_TARNAME}'
dvidir='${docdir}'
exec_prefix='${prefix}'
host='arm-apple-darwin11.0.0'
host_alias=''
host_cpu='arm'
host_os='darwin11.0.0'
host_vendor='apple'
htmldir='${docdir}'
includedir='${prefix}/include'
infodir='${datarootdir}/info'
install_sh='${SHELL} /home/chris/gnome-paint-0.3/install-sh'
libdir='${exec_prefix}/lib'
libexecdir='${exec_prefix}/libexec'
localedir='${datarootdir}/locale'
localstatedir='${prefix}/var'
lt_ECHO='echo'
mandir='${datarootdir}/man'
mkdir_p='/bin/mkdir -p'
oldincludedir='/usr/include'
pdfdir='${docdir}'
prefix='/usr/local'
program_transform_name='s,x,x,'
psdir='${docdir}'
sbindir='${exec_prefix}/sbin'
sharedstatedir='${prefix}/com'
sysconfdir='${prefix}/etc'
target_alias=''

## ----------- ##
## confdefs.h. ##
## ----------- ##

/* confdefs.h */
#define PACKAGE_NAME "gnome-paint"
#define PACKAGE_TARNAME "gnome-paint"
#define PACKAGE_VERSION "0.3"
#define PACKAGE_STRING "gnome-paint 0.3"
#define PACKAGE_BUGREPORT "http://code.google.com/p/gnome-paint/"
#define PACKAGE_URL ""
#define PACKAGE "gnome-paint"
#define VERSION "0.3"
#define GETTEXT_PACKAGE "gnome_paint"
#define HAVE_SYS_TYPES_H 1
#define HAVE_SYS_STAT_H 1
#define HAVE_STDLIB_H 1
#define HAVE_STRING_H 1
#define HAVE_MEMORY_H 1
#define HAVE_STRINGS_H 1
#define HAVE_INTTYPES_H 1
#define HAVE_STDINT_H 1
#define HAVE_UNISTD_H 1
#define HAVE_LOCALE_H 1
#define HAVE_LC_MESSAGES 1
#define HAVE_BIND_TEXTDOMAIN_CODESET 1
#define HAVE_GETTEXT 1
#define HAVE_DCGETTEXT 1
#define ENABLE_NLS 1
#define HAVE_DLFCN_H 1
#define LT_OBJDIR ".libs/"

configure: exit 0
