This file contains any messages produced by compilers while
running configure, to aid debugging if configure makes a mistake.

It was created by xorg-sgml-doctools configure 1.2, which was
generated by GNU Autoconf 2.61.  Invocation command line was

  $ ./configure 

## --------- ##
## Platform. ##
## --------- ##

hostname = Chriss-iPad
uname -m = iPad1,1
uname -r = 10.4.0
uname -s = Darwin
uname -v = Darwin Kernel Version 10.4.0: Wed Oct 20 20:14:45 PDT 2010; root:xnu-1504.58.28~3/RELEASE_ARM_S5L8930X

/usr/bin/uname -p = unknown
/bin/uname -X     = unknown

/bin/arch              = unknown
/usr/bin/arch -k       = unknown
/usr/convex/getsysinfo = unknown
/usr/bin/hostinfo      = Mach kernel version:
	 Darwin Kernel Version 10.4.0: Wed Oct 20 20:14:45 PDT 2010; root:xnu-1504.58.28~3/RELEASE_ARM_S5L8930X
Kernel configured for a single processor only.
1 processor is physically available.
1 processor is logically available.
Processor type: armv7 (arm v7)
Processor active: 0
Primary memory available: 247.00 megabytes
Default processor set: 36 tasks, 270 threads, 1 processors
Load average: 1.79, Mach factor: 0.24
/bin/machine           = unknown
/usr/bin/oslevel       = unknown
/bin/universe          = unknown

PATH: /usr/local/sbin
PATH: /usr/local/bin
PATH: /usr/sbin
PATH: /usr/bin
PATH: /sbin
PATH: /bin
PATH: /usr/bin/X11
PATH: /usr/games
PATH: /var/mobile/ocaml-3.12.0/bin


## ----------- ##
## Core tests. ##
## ----------- ##

configure:1705: checking for a BSD-compatible install
configure:1761: result: /usr/bin/install -c
configure:1772: checking whether build environment is sane
configure:1815: result: yes
configure:1880: checking for gawk
configure:1896: found /usr/bin/gawk
configure:1907: result: gawk
configure:1918: checking whether make sets $(MAKE)
configure:1939: result: yes
configure:2123: checking whether to enable maintainer-specific portions of Makefiles
configure:2132: result: no
configure:2161: checking for a BSD-compatible install
configure:2217: result: /usr/bin/install -c
configure:2408: creating ./config.status

## ---------------------- ##
## Running config.status. ##
## ---------------------- ##

This file was extended by xorg-sgml-doctools config.status 1.2, which was
generated by GNU Autoconf 2.61.  Invocation command line was

  CONFIG_FILES    = 
  CONFIG_HEADERS  = 
  CONFIG_LINKS    = 
  CONFIG_COMMANDS = 
  $ ./config.status 

on Chriss-iPad

config.status:589: creating Makefile

## ---------------- ##
## Cache variables. ##
## ---------------- ##

ac_cv_env_build_alias_set=
ac_cv_env_build_alias_value=
ac_cv_env_host_alias_set=
ac_cv_env_host_alias_value=
ac_cv_env_target_alias_set=
ac_cv_env_target_alias_value=
ac_cv_path_install='/usr/bin/install -c'
ac_cv_prog_AWK=gawk
ac_cv_prog_make_make_set=yes

## ----------------- ##
## Output variables. ##
## ----------------- ##

ACLOCAL='${SHELL} /private/var/chris/xorg/xorg-sgml-doctools-1.2/missing --run aclocal-1.9'
AMTAR='${SHELL} /private/var/chris/xorg/xorg-sgml-doctools-1.2/missing --run tar'
AUTOCONF='${SHELL} /private/var/chris/xorg/xorg-sgml-doctools-1.2/missing --run autoconf'
AUTOHEADER='${SHELL} /private/var/chris/xorg/xorg-sgml-doctools-1.2/missing --run autoheader'
AUTOMAKE='${SHELL} /private/var/chris/xorg/xorg-sgml-doctools-1.2/missing --run automake-1.9'
AWK='gawk'
CYGPATH_W='echo'
DEFS='-DPACKAGE_NAME=\"xorg-sgml-doctools\" -DPACKAGE_TARNAME=\"xorg-sgml-doctools\" -DPACKAGE_VERSION=\"1.2\" -DPACKAGE_STRING=\"xorg-sgml-doctools\ 1.2\" -DPACKAGE_BUGREPORT=\"https://bugs.freedesktop.org/enter_bug.cgi\?product=xorg\" -DPACKAGE=\"xorg-sgml-doctools\" -DVERSION=\"1.2\" -DPACKAGE_VERSION_MAJOR=1 -DPACKAGE_VERSION_MINOR=2 -DPACKAGE_VERSION_PATCHLEVEL=0'
ECHO_C=''
ECHO_N='-n'
ECHO_T=''
INSTALL_DATA='${INSTALL} -m 644'
INSTALL_PROGRAM='${INSTALL}'
INSTALL_SCRIPT='${INSTALL}'
INSTALL_STRIP_PROGRAM='${SHELL} $(install_sh) -c -s'
LIBOBJS=''
LIBS=''
LTLIBOBJS=''
MAINT='#'
MAINTAINER_MODE_FALSE=''
MAINTAINER_MODE_TRUE='#'
MAKEINFO='${SHELL} /private/var/chris/xorg/xorg-sgml-doctools-1.2/missing --run makeinfo'
PACKAGE='xorg-sgml-doctools'
PACKAGE_BUGREPORT='https://bugs.freedesktop.org/enter_bug.cgi?product=xorg'
PACKAGE_NAME='xorg-sgml-doctools'
PACKAGE_STRING='xorg-sgml-doctools 1.2'
PACKAGE_TARNAME='xorg-sgml-doctools'
PACKAGE_VERSION='1.2'
PATH_SEPARATOR=':'
SET_MAKE=''
SHELL='/bin/sh'
STRIP=''
VERSION='1.2'
am__leading_dot='.'
am__tar='${AMTAR} chof - "$$tardir"'
am__untar='${AMTAR} xf -'
bindir='${exec_prefix}/bin'
build_alias=''
datadir='${datarootdir}'
datarootdir='${prefix}/share'
docdir='${datarootdir}/doc/${PACKAGE_TARNAME}'
dvidir='${docdir}'
exec_prefix='${prefix}'
host_alias=''
htmldir='${docdir}'
includedir='${prefix}/include'
infodir='${datarootdir}/info'
install_sh='/private/var/chris/xorg/xorg-sgml-doctools-1.2/install-sh'
libdir='${exec_prefix}/lib'
libexecdir='${exec_prefix}/libexec'
localedir='${datarootdir}/locale'
localstatedir='${prefix}/var'
mandir='${datarootdir}/man'
mkdir_p='mkdir -p --'
oldincludedir='/usr/include'
pdfdir='${docdir}'
prefix='/usr/local'
program_transform_name='s,x,x,'
psdir='${docdir}'
sbindir='${exec_prefix}/sbin'
sharedstatedir='${prefix}/com'
sysconfdir='${prefix}/etc'
target_alias=''

## ----------- ##
## confdefs.h. ##
## ----------- ##

#define PACKAGE_NAME "xorg-sgml-doctools"
#define PACKAGE_TARNAME "xorg-sgml-doctools"
#define PACKAGE_VERSION "1.2"
#define PACKAGE_STRING "xorg-sgml-doctools 1.2"
#define PACKAGE_BUGREPORT "https://bugs.freedesktop.org/enter_bug.cgi?product=xorg"
#define PACKAGE "xorg-sgml-doctools"
#define VERSION "1.2"
#define PACKAGE_VERSION_MAJOR 1
#define PACKAGE_VERSION_MINOR 2
#define PACKAGE_VERSION_PATCHLEVEL 0

configure: exit 0
