This file contains any messages produced by compilers while
running configure, to aid debugging if configure makes a mistake.

It was created by intltool configure 0.50.0, which was
generated by GNU Autoconf 2.68.  Invocation command line was

  $ ./configure 

## --------- ##
## Platform. ##
## --------- ##

hostname = Chriss-iPad
uname -m = iPad1,1
uname -r = 10.4.0
uname -s = Darwin
uname -v = Darwin Kernel Version 10.4.0: Wed Oct 20 20:14:45 PDT 2010; root:xnu-1504.58.28~3/RELEASE_ARM_S5L8930X

/usr/bin/uname -p = unknown
/bin/uname -X     = unknown

/bin/arch              = unknown
/usr/bin/arch -k       = unknown
/usr/convex/getsysinfo = unknown
/usr/bin/hostinfo      = Mach kernel version:
	 Darwin Kernel Version 10.4.0: Wed Oct 20 20:14:45 PDT 2010; root:xnu-1504.58.28~3/RELEASE_ARM_S5L8930X
Kernel configured for a single processor only.
1 processor is physically available.
1 processor is logically available.
Processor type: armv7 (arm v7)
Processor active: 0
Primary memory available: 247.00 megabytes
Default processor set: 30 tasks, 226 threads, 1 processors
Load average: 1.55, Mach factor: 0.35
/bin/machine           = unknown
/usr/bin/oslevel       = unknown
/bin/universe          = unknown

PATH: /usr/local/sbin
PATH: /usr/local/bin
PATH: /usr/sbin
PATH: /usr/bin
PATH: /sbin
PATH: /bin
PATH: /usr/bin/X11
PATH: /usr/games
PATH: /var/mobile/ocaml-3.12.0/bin


## ----------- ##
## Core tests. ##
## ----------- ##

configure:1725: checking for a BSD-compatible install
configure:1793: result: /usr/bin/install -c
configure:1804: checking whether build environment is sane
configure:1854: result: yes
configure:1995: checking for a thread-safe mkdir -p
configure:2034: result: /bin/mkdir -p
configure:2047: checking for gawk
configure:2063: found /usr/bin/gawk
configure:2074: result: gawk
configure:2085: checking whether make sets $(MAKE)
configure:2107: result: yes
configure:2194: checking for perl
configure:2212: found /usr/local/bin/perl
configure:2224: result: /usr/local/bin/perl
configure:2235: checking for perl >= 5.8.1
configure:2242: result: 5.14.1
configure:2245: checking for XML::Parser
configure:2248: result: ok
configure:2408: creating ./config.status

## ---------------------- ##
## Running config.status. ##
## ---------------------- ##

This file was extended by intltool config.status 0.50.0, which was
generated by GNU Autoconf 2.68.  Invocation command line was

  CONFIG_FILES    = 
  CONFIG_HEADERS  = 
  CONFIG_LINKS    = 
  CONFIG_COMMANDS = 
  $ ./config.status 

on Chriss-iPad

config.status:759: creating Makefile
config.status:759: creating doc/Makefile
config.status:759: creating intltoolize
config.status:759: creating tests/Makefile
config.status:759: creating tests/cases/Makefile
config.status:759: creating tests/results/Makefile
config.status:759: creating tests/selftest.pl

## ---------------- ##
## Cache variables. ##
## ---------------- ##

ac_cv_env_build_alias_set=
ac_cv_env_build_alias_value=
ac_cv_env_host_alias_set=
ac_cv_env_host_alias_value=
ac_cv_env_target_alias_set=
ac_cv_env_target_alias_value=
ac_cv_path_PERL=/usr/local/bin/perl
ac_cv_path_install='/usr/bin/install -c'
ac_cv_path_mkdir=/bin/mkdir
ac_cv_prog_AWK=gawk
ac_cv_prog_make_make_set=yes

## ----------------- ##
## Output variables. ##
## ----------------- ##

ACLOCAL='${SHELL} /home/chris/intltool-0.50.0/missing --run aclocal-1.11'
AMTAR='${SHELL} /home/chris/intltool-0.50.0/missing --run tar'
AUTOCONF='${SHELL} /home/chris/intltool-0.50.0/missing --run autoconf'
AUTOHEADER='${SHELL} /home/chris/intltool-0.50.0/missing --run autoheader'
AUTOMAKE='${SHELL} /home/chris/intltool-0.50.0/missing --run automake-1.11'
AWK='gawk'
CYGPATH_W='echo'
DEFS='-DPACKAGE_NAME=\"intltool\" -DPACKAGE_TARNAME=\"intltool\" -DPACKAGE_VERSION=\"0.50.0\" -DPACKAGE_STRING=\"intltool\ 0.50.0\" -DPACKAGE_BUGREPORT=\"\" -DPACKAGE_URL=\"\" -DPACKAGE=\"intltool\" -DVERSION=\"0.50.0\"'
ECHO_C=''
ECHO_N='-n'
ECHO_T=''
INSTALL_DATA='${INSTALL} -m 644'
INSTALL_PROGRAM='${INSTALL}'
INSTALL_SCRIPT='${INSTALL}'
INSTALL_STRIP_PROGRAM='$(install_sh) -c -s'
LIBOBJS=''
LIBS=''
LTLIBOBJS=''
MAKEINFO='${SHELL} /home/chris/intltool-0.50.0/missing --run makeinfo'
MKDIR_P='/bin/mkdir -p'
PACKAGE='intltool'
PACKAGE_BUGREPORT=''
PACKAGE_NAME='intltool'
PACKAGE_STRING='intltool 0.50.0'
PACKAGE_TARNAME='intltool'
PACKAGE_URL=''
PACKAGE_VERSION='0.50.0'
PATH_SEPARATOR=':'
PERL='/usr/local/bin/perl'
SET_MAKE=''
SHELL='/bin/sh'
STRIP=''
VERSION='0.50.0'
aclocaldir='${datadir}/aclocal'
am__isrc=''
am__leading_dot='.'
am__tar='${AMTAR} chof - "$$tardir"'
am__untar='${AMTAR} xf -'
bindir='${exec_prefix}/bin'
build_alias=''
datadir='${datarootdir}'
datarootdir='${prefix}/share'
docdir='${datarootdir}/doc/${PACKAGE_TARNAME}'
dvidir='${docdir}'
exec_prefix='${prefix}'
host_alias=''
htmldir='${docdir}'
includedir='${prefix}/include'
infodir='${datarootdir}/info'
install_sh='${SHELL} /home/chris/intltool-0.50.0/install-sh'
libdir='${exec_prefix}/lib'
libexecdir='${exec_prefix}/libexec'
localedir='${datarootdir}/locale'
localstatedir='${prefix}/var'
mandir='${datarootdir}/man'
mkdir_p='/bin/mkdir -p'
oldincludedir='/usr/include'
pdfdir='${docdir}'
pkgdatadir='${datadir}/intltool'
prefix='/usr/local'
program_transform_name='s,x,x,'
psdir='${docdir}'
sbindir='${exec_prefix}/sbin'
sharedstatedir='${prefix}/com'
sysconfdir='${prefix}/etc'
target_alias=''

## ----------- ##
## confdefs.h. ##
## ----------- ##

/* confdefs.h */
#define PACKAGE_NAME "intltool"
#define PACKAGE_TARNAME "intltool"
#define PACKAGE_VERSION "0.50.0"
#define PACKAGE_STRING "intltool 0.50.0"
#define PACKAGE_BUGREPORT ""
#define PACKAGE_URL ""
#define PACKAGE "intltool"
#define VERSION "0.50.0"

configure: exit 0
