This file contains any messages produced by compilers while
running configure, to aid debugging if configure makes a mistake.

It was created by configure, which was
generated by GNU Autoconf 2.68.  Invocation command line was

  $ /home/chris/rox-filer-2.11/ROX-Filer/src/configure 

## --------- ##
## Platform. ##
## --------- ##

hostname = Chriss-iPad
uname -m = iPad1,1
uname -r = 11.0.0
uname -s = Darwin
uname -v = Darwin Kernel Version 11.0.0: Sun Apr  8 21:51:26 PDT 2012; root:xnu-1878.11.10~1/RELEASE_ARM_S5L8930X

/usr/bin/uname -p = unknown
/bin/uname -X     = unknown

/bin/arch              = unknown
/usr/bin/arch -k       = unknown
/usr/convex/getsysinfo = unknown
/usr/bin/hostinfo      = Mach kernel version:
	 Darwin Kernel Version 11.0.0: Sun Apr  8 21:51:26 PDT 2012; root:xnu-1878.11.10~1/RELEASE_ARM_S5L8930X
Kernel configured for a single processor only.
1 processor is physically available.
1 processor is logically available.
Processor type: armv7 (arm v7)
Processor active: 0
Primary memory available: 246.98 megabytes
Default processor set: 59 tasks, 293 threads, 1 processors
Load average: 2.50, Mach factor: 0.20
/bin/machine           = unknown
/usr/bin/oslevel       = unknown
/bin/universe          = unknown

PATH: /usr/local/sbin
PATH: /usr/local/bin
PATH: /usr/sbin
PATH: /usr/bin
PATH: /sbin
PATH: /bin
PATH: /usr/bin/X11
PATH: /usr/games
PATH: /usr/local/Gambit-C/bin


## ----------- ##
## Core tests. ##
## ----------- ##

configure:2190: checking for gcc
configure:2217: result: /usr/bin/gcc
configure:2446: checking for C compiler version
configure:2455: /usr/bin/gcc --version >&5
gcc (GCC) 4.2.1 (Based on Apple Inc. build 5555)
Copyright (C) 2007 Free Software Foundation, Inc.
This is free software; see the source for copying conditions.  There is NO
warranty; not even for MERCHANTABILITY or FITNESS FOR A PARTICULAR PURPOSE.

configure:2466: $? = 0
configure:2455: /usr/bin/gcc -v >&5
Using built-in specs.
Target: arm-apple-darwin9
Configured with: ../llvm-gcc-4.2/configure --build=x86_64-unknown-linux-gnu --host=arm-apple-darwin9 --enable-static=no --enable-shared=yes --prefix=/usr --localstatedir=/var/cache/iphone-gcc --enable-languages=c,c++,objc,obj-c++ --enable-wchar_t=no --with-gxx-include-dir=/usr/include/c++/4.0.0
Thread model: posix
gcc version 4.2.1 (Based on Apple Inc. build 5555)
configure:2466: $? = 0
configure:2455: /usr/bin/gcc -V >&5
gcc: '-V' option must have argument
configure:2466: $? = 1
configure:2455: /usr/bin/gcc -qversion >&5
gcc: no input files
configure:2466: $? = 1
configure:2486: checking whether the C compiler works
configure:2508: /usr/bin/gcc    conftest.c  >&5
configure:2512: $? = 0
configure:2560: result: yes
configure:2563: checking for C compiler default output file name
configure:2565: result: a.out
configure:2571: checking for suffix of executables
configure:2578: /usr/bin/gcc -o conftest    conftest.c  >&5
configure:2582: $? = 0
configure:2604: result: 
configure:2626: checking whether we are cross compiling
configure:2634: /usr/bin/gcc -o conftest    conftest.c  >&5
configure:2638: $? = 0
configure:2645: ./conftest
/home/chris/rox-filer-2.11/ROX-Filer/src/configure: line 2647: 10095 Killed: 9               ./conftest$ac_cv_exeext
configure:2649: $? = 137
configure:2661: result: no
configure:2666: checking for suffix of object files
configure:2688: /usr/bin/gcc -c   conftest.c >&5
configure:2692: $? = 0
configure:2713: result: o
configure:2717: checking whether we are using the GNU C compiler
configure:2736: /usr/bin/gcc -c   conftest.c >&5
configure:2736: $? = 0
configure:2745: result: yes
configure:2754: checking whether /usr/bin/gcc accepts -g
configure:2774: /usr/bin/gcc -c -g  conftest.c >&5
configure:2774: $? = 0
configure:2815: result: yes
configure:2832: checking for /usr/bin/gcc option to accept ISO C89
configure:2896: /usr/bin/gcc  -c -g -O2  conftest.c >&5
configure:2896: $? = 0
configure:2909: result: none needed
configure:2934: checking for GCC version
configure:2942: result: 4.2.1
configure:2960: checking whether to disable pointer sign warning
configure:2963: result: yes
configure:2970: checking whether to disable stack protector
configure:2973: result: yes
configure:2988: checking that pkg-config runs
configure:2991: result: yes
configure:3009: checking that gtk+-2.0 (version >= 2.12.0) is installed
configure:3012: result: yes
configure:3025: checking that libxml-2.0 (version >= 2.0.0) is installed
configure:3028: result: yes
configure:3041: checking that shared-mime-info (version >= 0.14) is installed
configure:3044: result: yes
configure:3063: checking if pango (version >= 1.1.2) is installed
configure:3068: result: yes; enabling better wrapping
configure:3081: checking how to run the C preprocessor
configure:3112: /usr/bin/gcc -E  conftest.c
configure:3112: $? = 0
configure:3126: /usr/bin/gcc -E  conftest.c
conftest.c:11:28: error: ac_nonexistent.h: No such file or directory
configure:3126: $? = 1
configure: failed program was:
| /* confdefs.h */
| #define PACKAGE_NAME ""
| #define PACKAGE_TARNAME ""
| #define PACKAGE_VERSION ""
| #define PACKAGE_STRING ""
| #define PACKAGE_BUGREPORT ""
| #define PACKAGE_URL ""
| #define GTK_VERSION "2.24.17"
| #define USE_PANGO_WRAP_WORD_CHAR 1
| /* end confdefs.h.  */
| #include <ac_nonexistent.h>
configure:3151: result: /usr/bin/gcc -E
configure:3171: /usr/bin/gcc -E  conftest.c
configure:3171: $? = 0
configure:3185: /usr/bin/gcc -E  conftest.c
conftest.c:11:28: error: ac_nonexistent.h: No such file or directory
configure:3185: $? = 1
configure: failed program was:
| /* confdefs.h */
| #define PACKAGE_NAME ""
| #define PACKAGE_TARNAME ""
| #define PACKAGE_VERSION ""
| #define PACKAGE_STRING ""
| #define PACKAGE_BUGREPORT ""
| #define PACKAGE_URL ""
| #define GTK_VERSION "2.24.17"
| #define USE_PANGO_WRAP_WORD_CHAR 1
| /* end confdefs.h.  */
| #include <ac_nonexistent.h>
configure:3214: checking for X
configure:3322: /usr/bin/gcc -E  conftest.c
configure:3322: $? = 0
configure:3353: /usr/bin/gcc -o conftest -g -O2 -Wall -Wmissing-prototypes -Wno-pointer-sign -fno-stack-protector   conftest.c -lX11  >&5
configure:3353: $? = 0
configure:3403: result: libraries , headers 
configure:3502: /usr/bin/gcc -o conftest -g -O2 -Wall -Wmissing-prototypes -Wno-pointer-sign -fno-stack-protector   conftest.c   -lX11 >&5
configure:3502: $? = 0
configure:3600: checking for gethostbyname
configure:3600: /usr/bin/gcc -o conftest -g -O2 -Wall -Wmissing-prototypes -Wno-pointer-sign -fno-stack-protector   conftest.c  >&5
configure:3600: $? = 0
configure:3600: result: yes
configure:3697: checking for connect
configure:3697: /usr/bin/gcc -o conftest -g -O2 -Wall -Wmissing-prototypes -Wno-pointer-sign -fno-stack-protector   conftest.c  >&5
configure:3697: $? = 0
configure:3697: result: yes
configure:3746: checking for remove
configure:3746: /usr/bin/gcc -o conftest -g -O2 -Wall -Wmissing-prototypes -Wno-pointer-sign -fno-stack-protector   conftest.c  >&5
configure:3746: $? = 0
configure:3746: result: yes
configure:3795: checking for shmat
configure:3795: /usr/bin/gcc -o conftest -g -O2 -Wall -Wmissing-prototypes -Wno-pointer-sign -fno-stack-protector   conftest.c  >&5
configure:3795: $? = 0
configure:3795: result: yes
configure:3853: checking for IceConnectionNumber in -lICE
configure:3878: /usr/bin/gcc -o conftest -g -O2 -Wall -Wmissing-prototypes -Wno-pointer-sign -fno-stack-protector   conftest.c -lICE   >&5
configure:3878: $? = 0
configure:3887: result: yes
configure:3903: checking whether file -b works
configure:3909: result: yes
configure:3916: checking for large file support
configure:3941: result: no
configure:3957: checking for dirent.h that defines DIR
configure:3976: /usr/bin/gcc -c -g -O2 -Wall -Wmissing-prototypes -Wno-pointer-sign -fno-stack-protector   conftest.c >&5
configure:3976: $? = 0
configure:3984: result: yes
configure:3997: checking for library containing opendir
configure:4028: /usr/bin/gcc -o conftest -g -O2 -Wall -Wmissing-prototypes -Wno-pointer-sign -fno-stack-protector    conftest.c   -lX11  >&5
configure:4028: $? = 0
configure:4045: result: none required
configure:4112: checking for grep that handles long lines and -e
configure:4170: result: /bin/grep
configure:4175: checking for egrep
configure:4237: result: /bin/grep -E
configure:4242: checking for ANSI C header files
configure:4262: /usr/bin/gcc -c -g -O2 -Wall -Wmissing-prototypes -Wno-pointer-sign -fno-stack-protector   conftest.c >&5
configure:4262: $? = 0
configure:4335: /usr/bin/gcc -o conftest -g -O2 -Wall -Wmissing-prototypes -Wno-pointer-sign -fno-stack-protector    conftest.c   -lX11  >&5
configure:4335: $? = 0
configure:4335: ./conftest
/home/chris/rox-filer-2.11/ROX-Filer/src/configure: line 1593: 10333 Killed: 9               ./conftest$ac_exeext
configure:4335: $? = 137
configure: program exited with status 137
configure: failed program was:
| /* confdefs.h */
| #define PACKAGE_NAME ""
| #define PACKAGE_TARNAME ""
| #define PACKAGE_VERSION ""
| #define PACKAGE_STRING ""
| #define PACKAGE_BUGREPORT ""
| #define PACKAGE_URL ""
| #define GTK_VERSION "2.24.17"
| #define USE_PANGO_WRAP_WORD_CHAR 1
| #define FILE_B_FLAG 1
| #define HAVE_DIRENT_H 1
| /* end confdefs.h.  */
| #include <ctype.h>
| #include <stdlib.h>
| #if ((' ' & 0x0FF) == 0x020)
| # define ISLOWER(c) ('a' <= (c) && (c) <= 'z')
| # define TOUPPER(c) (ISLOWER(c) ? 'A' + ((c) - 'a') : (c))
| #else
| # define ISLOWER(c) 		   (('a' <= (c) && (c) <= 'i') 		     || ('j' <= (c) && (c) <= 'r') 		     || ('s' <= (c) && (c) <= 'z'))
| # define TOUPPER(c) (ISLOWER(c) ? ((c) | 0x40) : (c))
| #endif
| 
| #define XOR(e, f) (((e) && !(f)) || (!(e) && (f)))
| int
| main ()
| {
|   int i;
|   for (i = 0; i < 256; i++)
|     if (XOR (islower (i), ISLOWER (i))
| 	|| toupper (i) != TOUPPER (i))
|       return 2;
|   return 0;
| }
configure:4346: result: no
configure:4354: checking for sys/wait.h that is POSIX.1 compatible
configure:4380: /usr/bin/gcc -c -g -O2 -Wall -Wmissing-prototypes -Wno-pointer-sign -fno-stack-protector   conftest.c >&5
configure:4380: $? = 0
configure:4387: result: yes
configure:4400: checking for sys/types.h
configure:4400: /usr/bin/gcc -c -g -O2 -Wall -Wmissing-prototypes -Wno-pointer-sign -fno-stack-protector   conftest.c >&5
configure:4400: $? = 0
configure:4400: result: yes
configure:4400: checking for sys/stat.h
configure:4400: /usr/bin/gcc -c -g -O2 -Wall -Wmissing-prototypes -Wno-pointer-sign -fno-stack-protector   conftest.c >&5
configure:4400: $? = 0
configure:4400: result: yes
configure:4400: checking for stdlib.h
configure:4400: /usr/bin/gcc -c -g -O2 -Wall -Wmissing-prototypes -Wno-pointer-sign -fno-stack-protector   conftest.c >&5
configure:4400: $? = 0
configure:4400: result: yes
configure:4400: checking for string.h
configure:4400: /usr/bin/gcc -c -g -O2 -Wall -Wmissing-prototypes -Wno-pointer-sign -fno-stack-protector   conftest.c >&5
configure:4400: $? = 0
configure:4400: result: yes
configure:4400: checking for memory.h
configure:4400: /usr/bin/gcc -c -g -O2 -Wall -Wmissing-prototypes -Wno-pointer-sign -fno-stack-protector   conftest.c >&5
configure:4400: $? = 0
configure:4400: result: yes
configure:4400: checking for strings.h
configure:4400: /usr/bin/gcc -c -g -O2 -Wall -Wmissing-prototypes -Wno-pointer-sign -fno-stack-protector   conftest.c >&5
configure:4400: $? = 0
configure:4400: result: yes
configure:4400: checking for inttypes.h
configure:4400: /usr/bin/gcc -c -g -O2 -Wall -Wmissing-prototypes -Wno-pointer-sign -fno-stack-protector   conftest.c >&5
configure:4400: $? = 0
configure:4400: result: yes
configure:4400: checking for stdint.h
configure:4400: /usr/bin/gcc -c -g -O2 -Wall -Wmissing-prototypes -Wno-pointer-sign -fno-stack-protector   conftest.c >&5
configure:4400: $? = 0
configure:4400: result: yes
configure:4400: checking for unistd.h
configure:4400: /usr/bin/gcc -c -g -O2 -Wall -Wmissing-prototypes -Wno-pointer-sign -fno-stack-protector   conftest.c >&5
configure:4400: $? = 0
configure:4400: result: yes
configure:4415: checking fcntl.h usability
configure:4415: /usr/bin/gcc -c -g -O2 -Wall -Wmissing-prototypes -Wno-pointer-sign -fno-stack-protector   conftest.c >&5
configure:4415: $? = 0
configure:4415: result: yes
configure:4415: checking fcntl.h presence
configure:4415: /usr/bin/gcc -E  conftest.c
configure:4415: $? = 0
configure:4415: result: yes
configure:4415: checking for fcntl.h
configure:4415: result: yes
configure:4415: checking sys/time.h usability
configure:4415: /usr/bin/gcc -c -g -O2 -Wall -Wmissing-prototypes -Wno-pointer-sign -fno-stack-protector   conftest.c >&5
configure:4415: $? = 0
configure:4415: result: yes
configure:4415: checking sys/time.h presence
configure:4415: /usr/bin/gcc -E  conftest.c
configure:4415: $? = 0
configure:4415: result: yes
configure:4415: checking for sys/time.h
configure:4415: result: yes
configure:4415: checking for unistd.h
configure:4415: result: yes
configure:4415: checking mntent.h usability
configure:4415: /usr/bin/gcc -c -g -O2 -Wall -Wmissing-prototypes -Wno-pointer-sign -fno-stack-protector   conftest.c >&5
conftest.c:59:20: error: mntent.h: No such file or directory
configure:4415: $? = 1
configure: failed program was:
| /* confdefs.h */
| #define PACKAGE_NAME ""
| #define PACKAGE_TARNAME ""
| #define PACKAGE_VERSION ""
| #define PACKAGE_STRING ""
| #define PACKAGE_BUGREPORT ""
| #define PACKAGE_URL ""
| #define GTK_VERSION "2.24.17"
| #define USE_PANGO_WRAP_WORD_CHAR 1
| #define FILE_B_FLAG 1
| #define HAVE_DIRENT_H 1
| #define HAVE_SYS_WAIT_H 1
| #define HAVE_SYS_TYPES_H 1
| #define HAVE_SYS_STAT_H 1
| #define HAVE_STDLIB_H 1
| #define HAVE_STRING_H 1
| #define HAVE_MEMORY_H 1
| #define HAVE_STRINGS_H 1
| #define HAVE_INTTYPES_H 1
| #define HAVE_STDINT_H 1
| #define HAVE_UNISTD_H 1
| #define HAVE_FCNTL_H 1
| #define HAVE_SYS_TIME_H 1
| #define HAVE_UNISTD_H 1
| /* end confdefs.h.  */
| #include <stdio.h>
| #ifdef HAVE_SYS_TYPES_H
| # include <sys/types.h>
| #endif
| #ifdef HAVE_SYS_STAT_H
| # include <sys/stat.h>
| #endif
| #ifdef STDC_HEADERS
| # include <stdlib.h>
| # include <stddef.h>
| #else
| # ifdef HAVE_STDLIB_H
| #  include <stdlib.h>
| # endif
| #endif
| #ifdef HAVE_STRING_H
| # if !defined STDC_HEADERS && defined HAVE_MEMORY_H
| #  include <memory.h>
| # endif
| # include <string.h>
| #endif
| #ifdef HAVE_STRINGS_H
| # include <strings.h>
| #endif
| #ifdef HAVE_INTTYPES_H
| # include <inttypes.h>
| #endif
| #ifdef HAVE_STDINT_H
| # include <stdint.h>
| #endif
| #ifdef HAVE_UNISTD_H
| # include <unistd.h>
| #endif
| #include <mntent.h>
configure:4415: result: no
configure:4415: checking mntent.h presence
configure:4415: /usr/bin/gcc -E  conftest.c
conftest.c:26:20: error: mntent.h: No such file or directory
configure:4415: $? = 1
configure: failed program was:
| /* confdefs.h */
| #define PACKAGE_NAME ""
| #define PACKAGE_TARNAME ""
| #define PACKAGE_VERSION ""
| #define PACKAGE_STRING ""
| #define PACKAGE_BUGREPORT ""
| #define PACKAGE_URL ""
| #define GTK_VERSION "2.24.17"
| #define USE_PANGO_WRAP_WORD_CHAR 1
| #define FILE_B_FLAG 1
| #define HAVE_DIRENT_H 1
| #define HAVE_SYS_WAIT_H 1
| #define HAVE_SYS_TYPES_H 1
| #define HAVE_SYS_STAT_H 1
| #define HAVE_STDLIB_H 1
| #define HAVE_STRING_H 1
| #define HAVE_MEMORY_H 1
| #define HAVE_STRINGS_H 1
| #define HAVE_INTTYPES_H 1
| #define HAVE_STDINT_H 1
| #define HAVE_UNISTD_H 1
| #define HAVE_FCNTL_H 1
| #define HAVE_SYS_TIME_H 1
| #define HAVE_UNISTD_H 1
| /* end confdefs.h.  */
| #include <mntent.h>
configure:4415: result: no
configure:4415: checking for mntent.h
configure:4415: result: no
configure:4415: checking sys/ucred.h usability
configure:4415: /usr/bin/gcc -c -g -O2 -Wall -Wmissing-prototypes -Wno-pointer-sign -fno-stack-protector   conftest.c >&5
configure:4415: $? = 0
configure:4415: result: yes
configure:4415: checking sys/ucred.h presence
configure:4415: /usr/bin/gcc -E  conftest.c
configure:4415: $? = 0
configure:4415: result: yes
configure:4415: checking for sys/ucred.h
configure:4415: result: yes
configure:4415: checking sys/mntent.h usability
configure:4415: /usr/bin/gcc -c -g -O2 -Wall -Wmissing-prototypes -Wno-pointer-sign -fno-stack-protector   conftest.c >&5
conftest.c:60:24: error: sys/mntent.h: No such file or directory
configure:4415: $? = 1
configure: failed program was:
| /* confdefs.h */
| #define PACKAGE_NAME ""
| #define PACKAGE_TARNAME ""
| #define PACKAGE_VERSION ""
| #define PACKAGE_STRING ""
| #define PACKAGE_BUGREPORT ""
| #define PACKAGE_URL ""
| #define GTK_VERSION "2.24.17"
| #define USE_PANGO_WRAP_WORD_CHAR 1
| #define FILE_B_FLAG 1
| #define HAVE_DIRENT_H 1
| #define HAVE_SYS_WAIT_H 1
| #define HAVE_SYS_TYPES_H 1
| #define HAVE_SYS_STAT_H 1
| #define HAVE_STDLIB_H 1
| #define HAVE_STRING_H 1
| #define HAVE_MEMORY_H 1
| #define HAVE_STRINGS_H 1
| #define HAVE_INTTYPES_H 1
| #define HAVE_STDINT_H 1
| #define HAVE_UNISTD_H 1
| #define HAVE_FCNTL_H 1
| #define HAVE_SYS_TIME_H 1
| #define HAVE_UNISTD_H 1
| #define HAVE_SYS_UCRED_H 1
| /* end confdefs.h.  */
| #include <stdio.h>
| #ifdef HAVE_SYS_TYPES_H
| # include <sys/types.h>
| #endif
| #ifdef HAVE_SYS_STAT_H
| # include <sys/stat.h>
| #endif
| #ifdef STDC_HEADERS
| # include <stdlib.h>
| # include <stddef.h>
| #else
| # ifdef HAVE_STDLIB_H
| #  include <stdlib.h>
| # endif
| #endif
| #ifdef HAVE_STRING_H
| # if !defined STDC_HEADERS && defined HAVE_MEMORY_H
| #  include <memory.h>
| # endif
| # include <string.h>
| #endif
| #ifdef HAVE_STRINGS_H
| # include <strings.h>
| #endif
| #ifdef HAVE_INTTYPES_H
| # include <inttypes.h>
| #endif
| #ifdef HAVE_STDINT_H
| # include <stdint.h>
| #endif
| #ifdef HAVE_UNISTD_H
| # include <unistd.h>
| #endif
| #include <sys/mntent.h>
configure:4415: result: no
configure:4415: checking sys/mntent.h presence
configure:4415: /usr/bin/gcc -E  conftest.c
conftest.c:27:24: error: sys/mntent.h: No such file or directory
configure:4415: $? = 1
configure: failed program was:
| /* confdefs.h */
| #define PACKAGE_NAME ""
| #define PACKAGE_TARNAME ""
| #define PACKAGE_VERSION ""
| #define PACKAGE_STRING ""
| #define PACKAGE_BUGREPORT ""
| #define PACKAGE_URL ""
| #define GTK_VERSION "2.24.17"
| #define USE_PANGO_WRAP_WORD_CHAR 1
| #define FILE_B_FLAG 1
| #define HAVE_DIRENT_H 1
| #define HAVE_SYS_WAIT_H 1
| #define HAVE_SYS_TYPES_H 1
| #define HAVE_SYS_STAT_H 1
| #define HAVE_STDLIB_H 1
| #define HAVE_STRING_H 1
| #define HAVE_MEMORY_H 1
| #define HAVE_STRINGS_H 1
| #define HAVE_INTTYPES_H 1
| #define HAVE_STDINT_H 1
| #define HAVE_UNISTD_H 1
| #define HAVE_FCNTL_H 1
| #define HAVE_SYS_TIME_H 1
| #define HAVE_UNISTD_H 1
| #define HAVE_SYS_UCRED_H 1
| /* end confdefs.h.  */
| #include <sys/mntent.h>
configure:4415: result: no
configure:4415: checking for sys/mntent.h
configure:4415: result: no
configure:4415: checking apsymbols.h usability
configure:4415: /usr/bin/gcc -c -g -O2 -Wall -Wmissing-prototypes -Wno-pointer-sign -fno-stack-protector   conftest.c >&5
conftest.c:60:23: error: apsymbols.h: No such file or directory
configure:4415: $? = 1
configure: failed program was:
| /* confdefs.h */
| #define PACKAGE_NAME ""
| #define PACKAGE_TARNAME ""
| #define PACKAGE_VERSION ""
| #define PACKAGE_STRING ""
| #define PACKAGE_BUGREPORT ""
| #define PACKAGE_URL ""
| #define GTK_VERSION "2.24.17"
| #define USE_PANGO_WRAP_WORD_CHAR 1
| #define FILE_B_FLAG 1
| #define HAVE_DIRENT_H 1
| #define HAVE_SYS_WAIT_H 1
| #define HAVE_SYS_TYPES_H 1
| #define HAVE_SYS_STAT_H 1
| #define HAVE_STDLIB_H 1
| #define HAVE_STRING_H 1
| #define HAVE_MEMORY_H 1
| #define HAVE_STRINGS_H 1
| #define HAVE_INTTYPES_H 1
| #define HAVE_STDINT_H 1
| #define HAVE_UNISTD_H 1
| #define HAVE_FCNTL_H 1
| #define HAVE_SYS_TIME_H 1
| #define HAVE_UNISTD_H 1
| #define HAVE_SYS_UCRED_H 1
| /* end confdefs.h.  */
| #include <stdio.h>
| #ifdef HAVE_SYS_TYPES_H
| # include <sys/types.h>
| #endif
| #ifdef HAVE_SYS_STAT_H
| # include <sys/stat.h>
| #endif
| #ifdef STDC_HEADERS
| # include <stdlib.h>
| # include <stddef.h>
| #else
| # ifdef HAVE_STDLIB_H
| #  include <stdlib.h>
| # endif
| #endif
| #ifdef HAVE_STRING_H
| # if !defined STDC_HEADERS && defined HAVE_MEMORY_H
| #  include <memory.h>
| # endif
| # include <string.h>
| #endif
| #ifdef HAVE_STRINGS_H
| # include <strings.h>
| #endif
| #ifdef HAVE_INTTYPES_H
| # include <inttypes.h>
| #endif
| #ifdef HAVE_STDINT_H
| # include <stdint.h>
| #endif
| #ifdef HAVE_UNISTD_H
| # include <unistd.h>
| #endif
| #include <apsymbols.h>
configure:4415: result: no
configure:4415: checking apsymbols.h presence
configure:4415: /usr/bin/gcc -E  conftest.c
conftest.c:27:23: error: apsymbols.h: No such file or directory
configure:4415: $? = 1
configure: failed program was:
| /* confdefs.h */
| #define PACKAGE_NAME ""
| #define PACKAGE_TARNAME ""
| #define PACKAGE_VERSION ""
| #define PACKAGE_STRING ""
| #define PACKAGE_BUGREPORT ""
| #define PACKAGE_URL ""
| #define GTK_VERSION "2.24.17"
| #define USE_PANGO_WRAP_WORD_CHAR 1
| #define FILE_B_FLAG 1
| #define HAVE_DIRENT_H 1
| #define HAVE_SYS_WAIT_H 1
| #define HAVE_SYS_TYPES_H 1
| #define HAVE_SYS_STAT_H 1
| #define HAVE_STDLIB_H 1
| #define HAVE_STRING_H 1
| #define HAVE_MEMORY_H 1
| #define HAVE_STRINGS_H 1
| #define HAVE_INTTYPES_H 1
| #define HAVE_STDINT_H 1
| #define HAVE_UNISTD_H 1
| #define HAVE_FCNTL_H 1
| #define HAVE_SYS_TIME_H 1
| #define HAVE_UNISTD_H 1
| #define HAVE_SYS_UCRED_H 1
| /* end confdefs.h.  */
| #include <apsymbols.h>
configure:4415: result: no
configure:4415: checking for apsymbols.h
configure:4415: result: no
configure:4415: checking apbuild/apsymbols.h usability
configure:4415: /usr/bin/gcc -c -g -O2 -Wall -Wmissing-prototypes -Wno-pointer-sign -fno-stack-protector   conftest.c >&5
conftest.c:60:31: error: apbuild/apsymbols.h: No such file or directory
configure:4415: $? = 1
configure: failed program was:
| /* confdefs.h */
| #define PACKAGE_NAME ""
| #define PACKAGE_TARNAME ""
| #define PACKAGE_VERSION ""
| #define PACKAGE_STRING ""
| #define PACKAGE_BUGREPORT ""
| #define PACKAGE_URL ""
| #define GTK_VERSION "2.24.17"
| #define USE_PANGO_WRAP_WORD_CHAR 1
| #define FILE_B_FLAG 1
| #define HAVE_DIRENT_H 1
| #define HAVE_SYS_WAIT_H 1
| #define HAVE_SYS_TYPES_H 1
| #define HAVE_SYS_STAT_H 1
| #define HAVE_STDLIB_H 1
| #define HAVE_STRING_H 1
| #define HAVE_MEMORY_H 1
| #define HAVE_STRINGS_H 1
| #define HAVE_INTTYPES_H 1
| #define HAVE_STDINT_H 1
| #define HAVE_UNISTD_H 1
| #define HAVE_FCNTL_H 1
| #define HAVE_SYS_TIME_H 1
| #define HAVE_UNISTD_H 1
| #define HAVE_SYS_UCRED_H 1
| /* end confdefs.h.  */
| #include <stdio.h>
| #ifdef HAVE_SYS_TYPES_H
| # include <sys/types.h>
| #endif
| #ifdef HAVE_SYS_STAT_H
| # include <sys/stat.h>
| #endif
| #ifdef STDC_HEADERS
| # include <stdlib.h>
| # include <stddef.h>
| #else
| # ifdef HAVE_STDLIB_H
| #  include <stdlib.h>
| # endif
| #endif
| #ifdef HAVE_STRING_H
| # if !defined STDC_HEADERS && defined HAVE_MEMORY_H
| #  include <memory.h>
| # endif
| # include <string.h>
| #endif
| #ifdef HAVE_STRINGS_H
| # include <strings.h>
| #endif
| #ifdef HAVE_INTTYPES_H
| # include <inttypes.h>
| #endif
| #ifdef HAVE_STDINT_H
| # include <stdint.h>
| #endif
| #ifdef HAVE_UNISTD_H
| # include <unistd.h>
| #endif
| #include <apbuild/apsymbols.h>
configure:4415: result: no
configure:4415: checking apbuild/apsymbols.h presence
configure:4415: /usr/bin/gcc -E  conftest.c
conftest.c:27:31: error: apbuild/apsymbols.h: No such file or directory
configure:4415: $? = 1
configure: failed program was:
| /* confdefs.h */
| #define PACKAGE_NAME ""
| #define PACKAGE_TARNAME ""
| #define PACKAGE_VERSION ""
| #define PACKAGE_STRING ""
| #define PACKAGE_BUGREPORT ""
| #define PACKAGE_URL ""
| #define GTK_VERSION "2.24.17"
| #define USE_PANGO_WRAP_WORD_CHAR 1
| #define FILE_B_FLAG 1
| #define HAVE_DIRENT_H 1
| #define HAVE_SYS_WAIT_H 1
| #define HAVE_SYS_TYPES_H 1
| #define HAVE_SYS_STAT_H 1
| #define HAVE_STDLIB_H 1
| #define HAVE_STRING_H 1
| #define HAVE_MEMORY_H 1
| #define HAVE_STRINGS_H 1
| #define HAVE_INTTYPES_H 1
| #define HAVE_STDINT_H 1
| #define HAVE_UNISTD_H 1
| #define HAVE_FCNTL_H 1
| #define HAVE_SYS_TIME_H 1
| #define HAVE_UNISTD_H 1
| #define HAVE_SYS_UCRED_H 1
| /* end confdefs.h.  */
| #include <apbuild/apsymbols.h>
configure:4415: result: no
configure:4415: checking for apbuild/apsymbols.h
configure:4415: result: no
configure:4415: checking sys/statvfs.h usability
configure:4415: /usr/bin/gcc -c -g -O2 -Wall -Wmissing-prototypes -Wno-pointer-sign -fno-stack-protector   conftest.c >&5
configure:4415: $? = 0
configure:4415: result: yes
configure:4415: checking sys/statvfs.h presence
configure:4415: /usr/bin/gcc -E  conftest.c
configure:4415: $? = 0
configure:4415: result: yes
configure:4415: checking for sys/statvfs.h
configure:4415: result: yes
configure:4415: checking sys/vfs.h usability
configure:4415: /usr/bin/gcc -c -g -O2 -Wall -Wmissing-prototypes -Wno-pointer-sign -fno-stack-protector   conftest.c >&5
conftest.c:61:21: error: sys/vfs.h: No such file or directory
configure:4415: $? = 1
configure: failed program was:
| /* confdefs.h */
| #define PACKAGE_NAME ""
| #define PACKAGE_TARNAME ""
| #define PACKAGE_VERSION ""
| #define PACKAGE_STRING ""
| #define PACKAGE_BUGREPORT ""
| #define PACKAGE_URL ""
| #define GTK_VERSION "2.24.17"
| #define USE_PANGO_WRAP_WORD_CHAR 1
| #define FILE_B_FLAG 1
| #define HAVE_DIRENT_H 1
| #define HAVE_SYS_WAIT_H 1
| #define HAVE_SYS_TYPES_H 1
| #define HAVE_SYS_STAT_H 1
| #define HAVE_STDLIB_H 1
| #define HAVE_STRING_H 1
| #define HAVE_MEMORY_H 1
| #define HAVE_STRINGS_H 1
| #define HAVE_INTTYPES_H 1
| #define HAVE_STDINT_H 1
| #define HAVE_UNISTD_H 1
| #define HAVE_FCNTL_H 1
| #define HAVE_SYS_TIME_H 1
| #define HAVE_UNISTD_H 1
| #define HAVE_SYS_UCRED_H 1
| #define HAVE_SYS_STATVFS_H 1
| /* end confdefs.h.  */
| #include <stdio.h>
| #ifdef HAVE_SYS_TYPES_H
| # include <sys/types.h>
| #endif
| #ifdef HAVE_SYS_STAT_H
| # include <sys/stat.h>
| #endif
| #ifdef STDC_HEADERS
| # include <stdlib.h>
| # include <stddef.h>
| #else
| # ifdef HAVE_STDLIB_H
| #  include <stdlib.h>
| # endif
| #endif
| #ifdef HAVE_STRING_H
| # if !defined STDC_HEADERS && defined HAVE_MEMORY_H
| #  include <memory.h>
| # endif
| # include <string.h>
| #endif
| #ifdef HAVE_STRINGS_H
| # include <strings.h>
| #endif
| #ifdef HAVE_INTTYPES_H
| # include <inttypes.h>
| #endif
| #ifdef HAVE_STDINT_H
| # include <stdint.h>
| #endif
| #ifdef HAVE_UNISTD_H
| # include <unistd.h>
| #endif
| #include <sys/vfs.h>
configure:4415: result: no
configure:4415: checking sys/vfs.h presence
configure:4415: /usr/bin/gcc -E  conftest.c
conftest.c:28:21: error: sys/vfs.h: No such file or directory
configure:4415: $? = 1
configure: failed program was:
| /* confdefs.h */
| #define PACKAGE_NAME ""
| #define PACKAGE_TARNAME ""
| #define PACKAGE_VERSION ""
| #define PACKAGE_STRING ""
| #define PACKAGE_BUGREPORT ""
| #define PACKAGE_URL ""
| #define GTK_VERSION "2.24.17"
| #define USE_PANGO_WRAP_WORD_CHAR 1
| #define FILE_B_FLAG 1
| #define HAVE_DIRENT_H 1
| #define HAVE_SYS_WAIT_H 1
| #define HAVE_SYS_TYPES_H 1
| #define HAVE_SYS_STAT_H 1
| #define HAVE_STDLIB_H 1
| #define HAVE_STRING_H 1
| #define HAVE_MEMORY_H 1
| #define HAVE_STRINGS_H 1
| #define HAVE_INTTYPES_H 1
| #define HAVE_STDINT_H 1
| #define HAVE_UNISTD_H 1
| #define HAVE_FCNTL_H 1
| #define HAVE_SYS_TIME_H 1
| #define HAVE_UNISTD_H 1
| #define HAVE_SYS_UCRED_H 1
| #define HAVE_SYS_STATVFS_H 1
| /* end confdefs.h.  */
| #include <sys/vfs.h>
configure:4415: result: no
configure:4415: checking for sys/vfs.h
configure:4415: result: no
configure:4415: checking wctype.h usability
configure:4415: /usr/bin/gcc -c -g -O2 -Wall -Wmissing-prototypes -Wno-pointer-sign -fno-stack-protector   conftest.c >&5
configure:4415: $? = 0
configure:4415: result: yes
configure:4415: checking wctype.h presence
configure:4415: /usr/bin/gcc -E  conftest.c
configure:4415: $? = 0
configure:4415: result: yes
configure:4415: checking for wctype.h
configure:4415: result: yes
configure:4415: checking libintl.h usability
configure:4415: /usr/bin/gcc -c -g -O2 -Wall -Wmissing-prototypes -Wno-pointer-sign -fno-stack-protector   conftest.c >&5
configure:4415: $? = 0
configure:4415: result: yes
configure:4415: checking libintl.h presence
configure:4415: /usr/bin/gcc -E  conftest.c
configure:4415: $? = 0
configure:4415: result: yes
configure:4415: checking for libintl.h
configure:4415: result: yes
configure:4415: checking sys/inotify.h usability
configure:4415: /usr/bin/gcc -c -g -O2 -Wall -Wmissing-prototypes -Wno-pointer-sign -fno-stack-protector   conftest.c >&5
conftest.c:63:25: error: sys/inotify.h: No such file or directory
configure:4415: $? = 1
configure: failed program was:
| /* confdefs.h */
| #define PACKAGE_NAME ""
| #define PACKAGE_TARNAME ""
| #define PACKAGE_VERSION ""
| #define PACKAGE_STRING ""
| #define PACKAGE_BUGREPORT ""
| #define PACKAGE_URL ""
| #define GTK_VERSION "2.24.17"
| #define USE_PANGO_WRAP_WORD_CHAR 1
| #define FILE_B_FLAG 1
| #define HAVE_DIRENT_H 1
| #define HAVE_SYS_WAIT_H 1
| #define HAVE_SYS_TYPES_H 1
| #define HAVE_SYS_STAT_H 1
| #define HAVE_STDLIB_H 1
| #define HAVE_STRING_H 1
| #define HAVE_MEMORY_H 1
| #define HAVE_STRINGS_H 1
| #define HAVE_INTTYPES_H 1
| #define HAVE_STDINT_H 1
| #define HAVE_UNISTD_H 1
| #define HAVE_FCNTL_H 1
| #define HAVE_SYS_TIME_H 1
| #define HAVE_UNISTD_H 1
| #define HAVE_SYS_UCRED_H 1
| #define HAVE_SYS_STATVFS_H 1
| #define HAVE_WCTYPE_H 1
| #define HAVE_LIBINTL_H 1
| /* end confdefs.h.  */
| #include <stdio.h>
| #ifdef HAVE_SYS_TYPES_H
| # include <sys/types.h>
| #endif
| #ifdef HAVE_SYS_STAT_H
| # include <sys/stat.h>
| #endif
| #ifdef STDC_HEADERS
| # include <stdlib.h>
| # include <stddef.h>
| #else
| # ifdef HAVE_STDLIB_H
| #  include <stdlib.h>
| # endif
| #endif
| #ifdef HAVE_STRING_H
| # if !defined STDC_HEADERS && defined HAVE_MEMORY_H
| #  include <memory.h>
| # endif
| # include <string.h>
| #endif
| #ifdef HAVE_STRINGS_H
| # include <strings.h>
| #endif
| #ifdef HAVE_INTTYPES_H
| # include <inttypes.h>
| #endif
| #ifdef HAVE_STDINT_H
| # include <stdint.h>
| #endif
| #ifdef HAVE_UNISTD_H
| # include <unistd.h>
| #endif
| #include <sys/inotify.h>
configure:4415: result: no
configure:4415: checking sys/inotify.h presence
configure:4415: /usr/bin/gcc -E  conftest.c
conftest.c:30:25: error: sys/inotify.h: No such file or directory
configure:4415: $? = 1
configure: failed program was:
| /* confdefs.h */
| #define PACKAGE_NAME ""
| #define PACKAGE_TARNAME ""
| #define PACKAGE_VERSION ""
| #define PACKAGE_STRING ""
| #define PACKAGE_BUGREPORT ""
| #define PACKAGE_URL ""
| #define GTK_VERSION "2.24.17"
| #define USE_PANGO_WRAP_WORD_CHAR 1
| #define FILE_B_FLAG 1
| #define HAVE_DIRENT_H 1
| #define HAVE_SYS_WAIT_H 1
| #define HAVE_SYS_TYPES_H 1
| #define HAVE_SYS_STAT_H 1
| #define HAVE_STDLIB_H 1
| #define HAVE_STRING_H 1
| #define HAVE_MEMORY_H 1
| #define HAVE_STRINGS_H 1
| #define HAVE_INTTYPES_H 1
| #define HAVE_STDINT_H 1
| #define HAVE_UNISTD_H 1
| #define HAVE_FCNTL_H 1
| #define HAVE_SYS_TIME_H 1
| #define HAVE_UNISTD_H 1
| #define HAVE_SYS_UCRED_H 1
| #define HAVE_SYS_STATVFS_H 1
| #define HAVE_WCTYPE_H 1
| #define HAVE_LIBINTL_H 1
| /* end confdefs.h.  */
| #include <sys/inotify.h>
configure:4415: result: no
configure:4415: checking for sys/inotify.h
configure:4415: result: no
configure:4426: checking X11/SM/SMlib.h usability
configure:4426: /usr/bin/gcc -c -g -O2 -Wall -Wmissing-prototypes -Wno-pointer-sign -fno-stack-protector   conftest.c >&5
configure:4426: $? = 0
configure:4426: result: yes
configure:4426: checking X11/SM/SMlib.h presence
configure:4426: /usr/bin/gcc -E  conftest.c
configure:4426: $? = 0
configure:4426: result: yes
configure:4426: checking for X11/SM/SMlib.h
configure:4426: result: yes
configure:4436: checking for an ANSI C-conforming const
configure:4501: /usr/bin/gcc -c -g -O2 -Wall -Wmissing-prototypes -Wno-pointer-sign -fno-stack-protector   conftest.c >&5
conftest.c: In function 'main':
conftest.c:59: warning: 't' is used uninitialized in this function
conftest.c:75: warning: 'b' is used uninitialized in this function
conftest.c:81: warning: 'cs[0]' is used uninitialized in this function
configure:4501: $? = 0
configure:4508: result: yes
configure:4516: checking for uid_t in sys/types.h
configure:4535: result: yes
configure:4546: checking for size_t
configure:4546: /usr/bin/gcc -c -g -O2 -Wall -Wmissing-prototypes -Wno-pointer-sign -fno-stack-protector   conftest.c >&5
configure:4546: $? = 0
configure:4546: /usr/bin/gcc -c -g -O2 -Wall -Wmissing-prototypes -Wno-pointer-sign -fno-stack-protector   conftest.c >&5
conftest.c: In function 'main':
conftest.c:66: error: expected expression before ')' token
configure:4546: $? = 1
configure: failed program was:
| /* confdefs.h */
| #define PACKAGE_NAME ""
| #define PACKAGE_TARNAME ""
| #define PACKAGE_VERSION ""
| #define PACKAGE_STRING ""
| #define PACKAGE_BUGREPORT ""
| #define PACKAGE_URL ""
| #define GTK_VERSION "2.24.17"
| #define USE_PANGO_WRAP_WORD_CHAR 1
| #define FILE_B_FLAG 1
| #define HAVE_DIRENT_H 1
| #define HAVE_SYS_WAIT_H 1
| #define HAVE_SYS_TYPES_H 1
| #define HAVE_SYS_STAT_H 1
| #define HAVE_STDLIB_H 1
| #define HAVE_STRING_H 1
| #define HAVE_MEMORY_H 1
| #define HAVE_STRINGS_H 1
| #define HAVE_INTTYPES_H 1
| #define HAVE_STDINT_H 1
| #define HAVE_UNISTD_H 1
| #define HAVE_FCNTL_H 1
| #define HAVE_SYS_TIME_H 1
| #define HAVE_UNISTD_H 1
| #define HAVE_SYS_UCRED_H 1
| #define HAVE_SYS_STATVFS_H 1
| #define HAVE_WCTYPE_H 1
| #define HAVE_LIBINTL_H 1
| /* end confdefs.h.  */
| #include <stdio.h>
| #ifdef HAVE_SYS_TYPES_H
| # include <sys/types.h>
| #endif
| #ifdef HAVE_SYS_STAT_H
| # include <sys/stat.h>
| #endif
| #ifdef STDC_HEADERS
| # include <stdlib.h>
| # include <stddef.h>
| #else
| # ifdef HAVE_STDLIB_H
| #  include <stdlib.h>
| # endif
| #endif
| #ifdef HAVE_STRING_H
| # if !defined STDC_HEADERS && defined HAVE_MEMORY_H
| #  include <memory.h>
| # endif
| # include <string.h>
| #endif
| #ifdef HAVE_STRINGS_H
| # include <strings.h>
| #endif
| #ifdef HAVE_INTTYPES_H
| # include <inttypes.h>
| #endif
| #ifdef HAVE_STDINT_H
| # include <stdint.h>
| #endif
| #ifdef HAVE_UNISTD_H
| # include <unistd.h>
| #endif
| int
| main ()
| {
| if (sizeof ((size_t)))
| 	    return 0;
|   ;
|   return 0;
| }
configure:4546: result: yes
configure:4561: checking for gethostname
configure:4561: /usr/bin/gcc -o conftest -g -O2 -Wall -Wmissing-prototypes -Wno-pointer-sign -fno-stack-protector    conftest.c   -lX11  >&5
configure:4561: $? = 0
configure:4561: result: yes
configure:4561: checking for unsetenv
configure:4561: /usr/bin/gcc -o conftest -g -O2 -Wall -Wmissing-prototypes -Wno-pointer-sign -fno-stack-protector    conftest.c   -lX11  >&5
configure:4561: $? = 0
configure:4561: result: yes
configure:4561: checking for mkdir
configure:4561: /usr/bin/gcc -o conftest -g -O2 -Wall -Wmissing-prototypes -Wno-pointer-sign -fno-stack-protector    conftest.c   -lX11  >&5
configure:4561: $? = 0
configure:4561: result: yes
configure:4561: checking for rmdir
configure:4561: /usr/bin/gcc -o conftest -g -O2 -Wall -Wmissing-prototypes -Wno-pointer-sign -fno-stack-protector    conftest.c   -lX11  >&5
configure:4561: $? = 0
configure:4561: result: yes
configure:4561: checking for strdup
configure:4561: /usr/bin/gcc -o conftest -g -O2 -Wall -Wmissing-prototypes -Wno-pointer-sign -fno-stack-protector    conftest.c   -lX11  >&5
conftest.c:57: warning: conflicting types for built-in function 'strdup'
configure:4561: $? = 0
configure:4561: result: yes
configure:4561: checking for strtol
configure:4561: /usr/bin/gcc -o conftest -g -O2 -Wall -Wmissing-prototypes -Wno-pointer-sign -fno-stack-protector    conftest.c   -lX11  >&5
configure:4561: $? = 0
configure:4561: result: yes
configure:4561: checking for statvfs
configure:4561: /usr/bin/gcc -o conftest -g -O2 -Wall -Wmissing-prototypes -Wno-pointer-sign -fno-stack-protector    conftest.c   -lX11  >&5
configure:4561: $? = 0
configure:4561: result: yes
configure:4561: checking for statfs
configure:4561: /usr/bin/gcc -o conftest -g -O2 -Wall -Wmissing-prototypes -Wno-pointer-sign -fno-stack-protector    conftest.c   -lX11  >&5
configure:4561: $? = 0
configure:4561: result: yes
configure:4561: checking for mbrtowc
configure:4561: /usr/bin/gcc -o conftest -g -O2 -Wall -Wmissing-prototypes -Wno-pointer-sign -fno-stack-protector    conftest.c   -lX11  >&5
configure:4561: $? = 0
configure:4561: result: yes
configure:4570: checking for gettext in -lintl
configure:4595: /usr/bin/gcc -o conftest -g -O2 -Wall -Wmissing-prototypes -Wno-pointer-sign -fno-stack-protector    conftest.c -lintl    -lX11  >&5
conftest.c:46: warning: conflicting types for built-in function 'gettext'
configure:4595: $? = 0
configure:4604: result: yes
configure:4616: checking for getopt_long in -lgnugetopt
configure:4641: /usr/bin/gcc -o conftest -g -O2 -Wall -Wmissing-prototypes -Wno-pointer-sign -fno-stack-protector    conftest.c -lgnugetopt  -lintl   -lX11  >&5
ld: library not found for -lgnugetopt
collect2: ld returned 1 exit status
configure:4641: $? = 1
configure: failed program was:
| /* confdefs.h */
| #define PACKAGE_NAME ""
| #define PACKAGE_TARNAME ""
| #define PACKAGE_VERSION ""
| #define PACKAGE_STRING ""
| #define PACKAGE_BUGREPORT ""
| #define PACKAGE_URL ""
| #define GTK_VERSION "2.24.17"
| #define USE_PANGO_WRAP_WORD_CHAR 1
| #define FILE_B_FLAG 1
| #define HAVE_DIRENT_H 1
| #define HAVE_SYS_WAIT_H 1
| #define HAVE_SYS_TYPES_H 1
| #define HAVE_SYS_STAT_H 1
| #define HAVE_STDLIB_H 1
| #define HAVE_STRING_H 1
| #define HAVE_MEMORY_H 1
| #define HAVE_STRINGS_H 1
| #define HAVE_INTTYPES_H 1
| #define HAVE_STDINT_H 1
| #define HAVE_UNISTD_H 1
| #define HAVE_FCNTL_H 1
| #define HAVE_SYS_TIME_H 1
| #define HAVE_UNISTD_H 1
| #define HAVE_SYS_UCRED_H 1
| #define HAVE_SYS_STATVFS_H 1
| #define HAVE_WCTYPE_H 1
| #define HAVE_LIBINTL_H 1
| #define HAVE_GETHOSTNAME 1
| #define HAVE_UNSETENV 1
| #define HAVE_MKDIR 1
| #define HAVE_RMDIR 1
| #define HAVE_STRDUP 1
| #define HAVE_STRTOL 1
| #define HAVE_STATVFS 1
| #define HAVE_STATFS 1
| #define HAVE_MBRTOWC 1
| #define HAVE_LIBINTL 1
| /* end confdefs.h.  */
| 
| /* Override any GCC internal prototype to avoid an error.
|    Use char because int might match the return type of a GCC
|    builtin and then its argument prototype would still apply.  */
| #ifdef __cplusplus
| extern "C"
| #endif
| char getopt_long ();
| int
| main ()
| {
| return getopt_long ();
|   ;
|   return 0;
| }
configure:4650: result: no
configure:4663: checking for getopt_long
configure:4663: /usr/bin/gcc -o conftest -g -O2 -Wall -Wmissing-prototypes -Wno-pointer-sign -fno-stack-protector    conftest.c -lintl   -lX11  >&5
configure:4663: $? = 0
configure:4663: result: yes
configure:4676: checking for attropen
configure:4676: /usr/bin/gcc -o conftest -g -O2 -Wall -Wmissing-prototypes -Wno-pointer-sign -fno-stack-protector    conftest.c -lintl   -lX11  >&5
Undefined symbols:
  "_attropen", referenced from:
      _main in ccTbpUYS.o
ld: symbol(s) not found
collect2: ld returned 1 exit status
configure:4676: $? = 1
configure: failed program was:
| /* confdefs.h */
| #define PACKAGE_NAME ""
| #define PACKAGE_TARNAME ""
| #define PACKAGE_VERSION ""
| #define PACKAGE_STRING ""
| #define PACKAGE_BUGREPORT ""
| #define PACKAGE_URL ""
| #define GTK_VERSION "2.24.17"
| #define USE_PANGO_WRAP_WORD_CHAR 1
| #define FILE_B_FLAG 1
| #define HAVE_DIRENT_H 1
| #define HAVE_SYS_WAIT_H 1
| #define HAVE_SYS_TYPES_H 1
| #define HAVE_SYS_STAT_H 1
| #define HAVE_STDLIB_H 1
| #define HAVE_STRING_H 1
| #define HAVE_MEMORY_H 1
| #define HAVE_STRINGS_H 1
| #define HAVE_INTTYPES_H 1
| #define HAVE_STDINT_H 1
| #define HAVE_UNISTD_H 1
| #define HAVE_FCNTL_H 1
| #define HAVE_SYS_TIME_H 1
| #define HAVE_UNISTD_H 1
| #define HAVE_SYS_UCRED_H 1
| #define HAVE_SYS_STATVFS_H 1
| #define HAVE_WCTYPE_H 1
| #define HAVE_LIBINTL_H 1
| #define HAVE_GETHOSTNAME 1
| #define HAVE_UNSETENV 1
| #define HAVE_MKDIR 1
| #define HAVE_RMDIR 1
| #define HAVE_STRDUP 1
| #define HAVE_STRTOL 1
| #define HAVE_STATVFS 1
| #define HAVE_STATFS 1
| #define HAVE_MBRTOWC 1
| #define HAVE_LIBINTL 1
| #define HAVE_GETOPT_LONG 1
| /* end confdefs.h.  */
| /* Define attropen to an innocuous variant, in case <limits.h> declares attropen.
|    For example, HP-UX 11i <limits.h> declares gettimeofday.  */
| #define attropen innocuous_attropen
| 
| /* System header to define __stub macros and hopefully few prototypes,
|     which can conflict with char attropen (); below.
|     Prefer <limits.h> to <assert.h> if __STDC__ is defined, since
|     <limits.h> exists even on freestanding compilers.  */
| 
| #ifdef __STDC__
| # include <limits.h>
| #else
| # include <assert.h>
| #endif
| 
| #undef attropen
| 
| /* Override any GCC internal prototype to avoid an error.
|    Use char because int might match the return type of a GCC
|    builtin and then its argument prototype would still apply.  */
| #ifdef __cplusplus
| extern "C"
| #endif
| char attropen ();
| /* The GNU C library defines this for functions which it implements
|     to always fail with ENOSYS.  Some functions are actually named
|     something starting with __ and the normal name is an alias.  */
| #if defined __stub_attropen || defined __stub___attropen
| choke me
| #endif
| 
| int
| main ()
| {
| return attropen ();
|   ;
|   return 0;
| }
configure:4676: result: no
configure:4676: checking for getxattr
configure:4676: /usr/bin/gcc -o conftest -g -O2 -Wall -Wmissing-prototypes -Wno-pointer-sign -fno-stack-protector    conftest.c -lintl   -lX11  >&5
configure:4676: $? = 0
configure:4676: result: yes
configure:4688: checking attr/xattr.h usability
configure:4688: /usr/bin/gcc -c -g -O2 -Wall -Wmissing-prototypes -Wno-pointer-sign -fno-stack-protector   conftest.c >&5
conftest.c:75:24: error: attr/xattr.h: No such file or directory
configure:4688: $? = 1
configure: failed program was:
| /* confdefs.h */
| #define PACKAGE_NAME ""
| #define PACKAGE_TARNAME ""
| #define PACKAGE_VERSION ""
| #define PACKAGE_STRING ""
| #define PACKAGE_BUGREPORT ""
| #define PACKAGE_URL ""
| #define GTK_VERSION "2.24.17"
| #define USE_PANGO_WRAP_WORD_CHAR 1
| #define FILE_B_FLAG 1
| #define HAVE_DIRENT_H 1
| #define HAVE_SYS_WAIT_H 1
| #define HAVE_SYS_TYPES_H 1
| #define HAVE_SYS_STAT_H 1
| #define HAVE_STDLIB_H 1
| #define HAVE_STRING_H 1
| #define HAVE_MEMORY_H 1
| #define HAVE_STRINGS_H 1
| #define HAVE_INTTYPES_H 1
| #define HAVE_STDINT_H 1
| #define HAVE_UNISTD_H 1
| #define HAVE_FCNTL_H 1
| #define HAVE_SYS_TIME_H 1
| #define HAVE_UNISTD_H 1
| #define HAVE_SYS_UCRED_H 1
| #define HAVE_SYS_STATVFS_H 1
| #define HAVE_WCTYPE_H 1
| #define HAVE_LIBINTL_H 1
| #define HAVE_GETHOSTNAME 1
| #define HAVE_UNSETENV 1
| #define HAVE_MKDIR 1
| #define HAVE_RMDIR 1
| #define HAVE_STRDUP 1
| #define HAVE_STRTOL 1
| #define HAVE_STATVFS 1
| #define HAVE_STATFS 1
| #define HAVE_MBRTOWC 1
| #define HAVE_LIBINTL 1
| #define HAVE_GETOPT_LONG 1
| #define HAVE_GETXATTR 1
| /* end confdefs.h.  */
| #include <stdio.h>
| #ifdef HAVE_SYS_TYPES_H
| # include <sys/types.h>
| #endif
| #ifdef HAVE_SYS_STAT_H
| # include <sys/stat.h>
| #endif
| #ifdef STDC_HEADERS
| # include <stdlib.h>
| # include <stddef.h>
| #else
| # ifdef HAVE_STDLIB_H
| #  include <stdlib.h>
| # endif
| #endif
| #ifdef HAVE_STRING_H
| # if !defined STDC_HEADERS && defined HAVE_MEMORY_H
| #  include <memory.h>
| # endif
| # include <string.h>
| #endif
| #ifdef HAVE_STRINGS_H
| # include <strings.h>
| #endif
| #ifdef HAVE_INTTYPES_H
| # include <inttypes.h>
| #endif
| #ifdef HAVE_STDINT_H
| # include <stdint.h>
| #endif
| #ifdef HAVE_UNISTD_H
| # include <unistd.h>
| #endif
| #include <attr/xattr.h>
configure:4688: result: no
configure:4688: checking attr/xattr.h presence
configure:4688: /usr/bin/gcc -E  conftest.c
conftest.c:42:24: error: attr/xattr.h: No such file or directory
configure:4688: $? = 1
configure: failed program was:
| /* confdefs.h */
| #define PACKAGE_NAME ""
| #define PACKAGE_TARNAME ""
| #define PACKAGE_VERSION ""
| #define PACKAGE_STRING ""
| #define PACKAGE_BUGREPORT ""
| #define PACKAGE_URL ""
| #define GTK_VERSION "2.24.17"
| #define USE_PANGO_WRAP_WORD_CHAR 1
| #define FILE_B_FLAG 1
| #define HAVE_DIRENT_H 1
| #define HAVE_SYS_WAIT_H 1
| #define HAVE_SYS_TYPES_H 1
| #define HAVE_SYS_STAT_H 1
| #define HAVE_STDLIB_H 1
| #define HAVE_STRING_H 1
| #define HAVE_MEMORY_H 1
| #define HAVE_STRINGS_H 1
| #define HAVE_INTTYPES_H 1
| #define HAVE_STDINT_H 1
| #define HAVE_UNISTD_H 1
| #define HAVE_FCNTL_H 1
| #define HAVE_SYS_TIME_H 1
| #define HAVE_UNISTD_H 1
| #define HAVE_SYS_UCRED_H 1
| #define HAVE_SYS_STATVFS_H 1
| #define HAVE_WCTYPE_H 1
| #define HAVE_LIBINTL_H 1
| #define HAVE_GETHOSTNAME 1
| #define HAVE_UNSETENV 1
| #define HAVE_MKDIR 1
| #define HAVE_RMDIR 1
| #define HAVE_STRDUP 1
| #define HAVE_STRTOL 1
| #define HAVE_STATVFS 1
| #define HAVE_STATFS 1
| #define HAVE_MBRTOWC 1
| #define HAVE_LIBINTL 1
| #define HAVE_GETOPT_LONG 1
| #define HAVE_GETXATTR 1
| /* end confdefs.h.  */
| #include <attr/xattr.h>
configure:4688: result: no
configure:4688: checking for attr/xattr.h
configure:4688: result: no
configure:4688: checking sys/xattr.h usability
configure:4688: /usr/bin/gcc -c -g -O2 -Wall -Wmissing-prototypes -Wno-pointer-sign -fno-stack-protector   conftest.c >&5
configure:4688: $? = 0
configure:4688: result: yes
configure:4688: checking sys/xattr.h presence
configure:4688: /usr/bin/gcc -E  conftest.c
configure:4688: $? = 0
configure:4688: result: yes
configure:4688: checking for sys/xattr.h
configure:4688: result: yes
configure:4699: checking extracting version information
configure:4708: result: version 2.11
configure:4827: creating ./config.status

## ---------------------- ##
## Running config.status. ##
## ---------------------- ##

This file was extended by config.status, which was
generated by GNU Autoconf 2.68.  Invocation command line was

  CONFIG_FILES    = 
  CONFIG_HEADERS  = 
  CONFIG_LINKS    = 
  CONFIG_COMMANDS = 
  $ ./config.status 

on Chriss-iPad

config.status:843: creating Makefile
config.status:843: creating config.h

## ---------------- ##
## Cache variables. ##
## ---------------- ##

ac_cv_c_compiler_gnu=yes
ac_cv_c_const=yes
ac_cv_env_CC_set=set
ac_cv_env_CC_value=/usr/bin/gcc
ac_cv_env_CFLAGS_set=
ac_cv_env_CFLAGS_value=
ac_cv_env_CPPFLAGS_set=
ac_cv_env_CPPFLAGS_value=
ac_cv_env_CPP_set=
ac_cv_env_CPP_value=
ac_cv_env_LDFLAGS_set=
ac_cv_env_LDFLAGS_value=
ac_cv_env_LIBS_set=
ac_cv_env_LIBS_value=
ac_cv_env_XMKMF_set=
ac_cv_env_XMKMF_value=
ac_cv_env_build_alias_set=
ac_cv_env_build_alias_value=
ac_cv_env_host_alias_set=
ac_cv_env_host_alias_value=
ac_cv_env_target_alias_set=
ac_cv_env_target_alias_value=
ac_cv_func_attropen=no
ac_cv_func_connect=yes
ac_cv_func_gethostbyname=yes
ac_cv_func_gethostname=yes
ac_cv_func_getopt_long=yes
ac_cv_func_getxattr=yes
ac_cv_func_mbrtowc=yes
ac_cv_func_mkdir=yes
ac_cv_func_remove=yes
ac_cv_func_rmdir=yes
ac_cv_func_shmat=yes
ac_cv_func_statfs=yes
ac_cv_func_statvfs=yes
ac_cv_func_strdup=yes
ac_cv_func_strtol=yes
ac_cv_func_unsetenv=yes
ac_cv_have_x='have_x=yes	ac_x_includes='\'''\''	ac_x_libraries='\'''\'''
ac_cv_header_X11_SM_SMlib_h=yes
ac_cv_header_apbuild_apsymbols_h=no
ac_cv_header_apsymbols_h=no
ac_cv_header_attr_xattr_h=no
ac_cv_header_dirent_dirent_h=yes
ac_cv_header_fcntl_h=yes
ac_cv_header_inttypes_h=yes
ac_cv_header_libintl_h=yes
ac_cv_header_memory_h=yes
ac_cv_header_mntent_h=no
ac_cv_header_stdc=no
ac_cv_header_stdint_h=yes
ac_cv_header_stdlib_h=yes
ac_cv_header_string_h=yes
ac_cv_header_strings_h=yes
ac_cv_header_sys_inotify_h=no
ac_cv_header_sys_mntent_h=no
ac_cv_header_sys_stat_h=yes
ac_cv_header_sys_statvfs_h=yes
ac_cv_header_sys_time_h=yes
ac_cv_header_sys_types_h=yes
ac_cv_header_sys_ucred_h=yes
ac_cv_header_sys_vfs_h=no
ac_cv_header_sys_wait_h=yes
ac_cv_header_sys_xattr_h=yes
ac_cv_header_unistd_h=yes
ac_cv_header_wctype_h=yes
ac_cv_lib_ICE_IceConnectionNumber=yes
ac_cv_lib_gnugetopt_getopt_long=no
ac_cv_lib_intl_gettext=yes
ac_cv_objext=o
ac_cv_path_EGREP='/bin/grep -E'
ac_cv_path_GREP=/bin/grep
ac_cv_prog_CPP='/usr/bin/gcc -E'
ac_cv_prog_ac_ct_CC=/usr/bin/gcc
ac_cv_prog_cc_c89=
ac_cv_prog_cc_g=yes
ac_cv_search_opendir='none required'
ac_cv_type_size_t=yes
ac_cv_type_uid_t=yes

## ----------------- ##
## Output variables. ##
## ----------------- ##

CC='/usr/bin/gcc'
CFLAGS='-g -O2 -Wall -Wmissing-prototypes -Wno-pointer-sign -fno-stack-protector '
CPP='/usr/bin/gcc -E'
CPPFLAGS=''
DEFS='-DHAVE_CONFIG_H'
ECHO_C=''
ECHO_N='-n'
ECHO_T=''
EGREP='/bin/grep -E'
EXEEXT=''
GREP='/bin/grep'
LDFLAGS=''
LFS_CFLAGS=''
LFS_LDFLAGS=''
LFS_LIBS=''
LIBOBJS=''
LIBS='-lintl   -lX11 '
LTLIBOBJS=''
OBJEXT='o'
PACKAGE_BUGREPORT=''
PACKAGE_NAME=''
PACKAGE_STRING=''
PACKAGE_TARNAME=''
PACKAGE_URL=''
PACKAGE_VERSION=''
PATH_SEPARATOR=':'
PKG_CONFIG='pkg-config'
SHELL='/bin/sh'
XMKMF=''
X_CFLAGS=''
X_EXTRA_LIBS=''
X_LIBS=''
X_PRE_LIBS=' -lSM -lICE'
ac_ct_CC='/usr/bin/gcc'
bindir='${exec_prefix}/bin'
build_alias=''
datadir='${datarootdir}'
datarootdir='${prefix}/share'
docdir='${datarootdir}/doc/${PACKAGE}'
dvidir='${docdir}'
exec_prefix='${prefix}'
host_alias=''
htmldir='${docdir}'
includedir='${prefix}/include'
infodir='${datarootdir}/info'
libdir='${exec_prefix}/lib'
libexecdir='${exec_prefix}/libexec'
localedir='${datarootdir}/locale'
localstatedir='${prefix}/var'
mandir='${datarootdir}/man'
oldincludedir='/usr/include'
pdfdir='${docdir}'
prefix='/usr/local'
program_transform_name='s,x,x,'
psdir='${docdir}'
sbindir='${exec_prefix}/sbin'
sharedstatedir='${prefix}/com'
sysconfdir='${prefix}/etc'
target_alias=''

## ----------- ##
## confdefs.h. ##
## ----------- ##

/* confdefs.h */
#define PACKAGE_NAME ""
#define PACKAGE_TARNAME ""
#define PACKAGE_VERSION ""
#define PACKAGE_STRING ""
#define PACKAGE_BUGREPORT ""
#define PACKAGE_URL ""
#define GTK_VERSION "2.24.17"
#define USE_PANGO_WRAP_WORD_CHAR 1
#define FILE_B_FLAG 1
#define HAVE_DIRENT_H 1
#define HAVE_SYS_WAIT_H 1
#define HAVE_SYS_TYPES_H 1
#define HAVE_SYS_STAT_H 1
#define HAVE_STDLIB_H 1
#define HAVE_STRING_H 1
#define HAVE_MEMORY_H 1
#define HAVE_STRINGS_H 1
#define HAVE_INTTYPES_H 1
#define HAVE_STDINT_H 1
#define HAVE_UNISTD_H 1
#define HAVE_FCNTL_H 1
#define HAVE_SYS_TIME_H 1
#define HAVE_UNISTD_H 1
#define HAVE_SYS_UCRED_H 1
#define HAVE_SYS_STATVFS_H 1
#define HAVE_WCTYPE_H 1
#define HAVE_LIBINTL_H 1
#define HAVE_GETHOSTNAME 1
#define HAVE_UNSETENV 1
#define HAVE_MKDIR 1
#define HAVE_RMDIR 1
#define HAVE_STRDUP 1
#define HAVE_STRTOL 1
#define HAVE_STATVFS 1
#define HAVE_STATFS 1
#define HAVE_MBRTOWC 1
#define HAVE_LIBINTL 1
#define HAVE_GETOPT_LONG 1
#define HAVE_GETXATTR 1
#define HAVE_SYS_XATTR_H 1
#define VERSION "2.11"

configure: exit 0
