This file contains any messages produced by compilers while
running configure, to aid debugging if configure makes a mistake.

It was created by configure, which was
generated by GNU Autoconf 2.63.  Invocation command line was

  $ ./configure 

## --------- ##
## Platform. ##
## --------- ##

hostname = Chriss-iPad
uname -m = iPad1,1
uname -r = 10.4.0
uname -s = Darwin
uname -v = Darwin Kernel Version 10.4.0: Wed Oct 20 20:14:45 PDT 2010; root:xnu-1504.58.28~3/RELEASE_ARM_S5L8930X

/usr/bin/uname -p = unknown
/bin/uname -X     = unknown

/bin/arch              = unknown
/usr/bin/arch -k       = unknown
/usr/convex/getsysinfo = unknown
/usr/bin/hostinfo      = Mach kernel version:
	 Darwin Kernel Version 10.4.0: Wed Oct 20 20:14:45 PDT 2010; root:xnu-1504.58.28~3/RELEASE_ARM_S5L8930X
Kernel configured for a single processor only.
1 processor is physically available.
1 processor is logically available.
Processor type: armv7 (arm v7)
Processor active: 0
Primary memory available: 247.00 megabytes
Default processor set: 45 tasks, 255 threads, 1 processors
Load average: 1.71, Mach factor: 0.32
/bin/machine           = unknown
/usr/bin/oslevel       = unknown
/bin/universe          = unknown

PATH: /usr/local/sbin
PATH: /usr/local/bin
PATH: /usr/sbin
PATH: /usr/bin
PATH: /sbin
PATH: /bin
PATH: /usr/bin/X11
PATH: /usr/games
PATH: /var/mobile/ocaml-3.12.0/bin


## ----------- ##
## Core tests. ##
## ----------- ##

configure:1914: checking for a BSD-compatible install
configure:1982: result: /usr/bin/install -c
configure:1993: checking whether build environment is sane
configure:2036: result: yes
configure:2098: checking for gawk
configure:2114: found /usr/bin/gawk
configure:2125: result: gawk
configure:2136: checking whether make sets $(MAKE)
configure:2158: result: yes
configure:2341: checking whether to enable maintainer-specific portions of Makefiles
configure:2350: result: no
configure:2381: checking for style of include used by make
configure:2409: result: GNU
configure:2482: checking for gcc
configure:2509: result: /usr/bin/gcc
configure:2741: checking for C compiler version
configure:2749: /usr/bin/gcc --version >&5
gcc (GCC) 4.2.1 (Based on Apple Inc. build 5555)
Copyright (C) 2007 Free Software Foundation, Inc.
This is free software; see the source for copying conditions.  There is NO
warranty; not even for MERCHANTABILITY or FITNESS FOR A PARTICULAR PURPOSE.

configure:2753: $? = 0
configure:2760: /usr/bin/gcc -v >&5
Using built-in specs.
Target: arm-apple-darwin9
Configured with: ../llvm-gcc-4.2/configure --build=x86_64-unknown-linux-gnu --host=arm-apple-darwin9 --enable-static=no --enable-shared=yes --prefix=/usr --localstatedir=/var/cache/iphone-gcc --enable-languages=c,c++,objc,obj-c++ --enable-wchar_t=no --with-gxx-include-dir=/usr/include/c++/4.0.0
Thread model: posix
gcc version 4.2.1 (Based on Apple Inc. build 5555)
configure:2764: $? = 0
configure:2771: /usr/bin/gcc -V >&5
gcc: '-V' option must have argument
configure:2775: $? = 1
configure:2798: checking for C compiler default output file name
configure:2820: /usr/bin/gcc    conftest.c  >&5
configure:2824: $? = 0
configure:2862: result: a.out
configure:2881: checking whether the C compiler works
configure:2891: ./a.out
configure:2895: $? = 0
configure:2914: result: yes
configure:2921: checking whether we are cross compiling
configure:2923: result: no
configure:2926: checking for suffix of executables
configure:2933: /usr/bin/gcc -o conftest    conftest.c  >&5
configure:2937: $? = 0
configure:2963: result: 
configure:2969: checking for suffix of object files
configure:2995: /usr/bin/gcc -c   conftest.c >&5
configure:2999: $? = 0
configure:3024: result: o
configure:3028: checking whether we are using the GNU C compiler
configure:3057: /usr/bin/gcc -c   conftest.c >&5
configure:3064: $? = 0
configure:3081: result: yes
configure:3090: checking whether /usr/bin/gcc accepts -g
configure:3120: /usr/bin/gcc -c -g  conftest.c >&5
configure:3127: $? = 0
configure:3228: result: yes
configure:3245: checking for /usr/bin/gcc option to accept ISO C89
configure:3319: /usr/bin/gcc  -c -g -O2  conftest.c >&5
configure:3326: $? = 0
configure:3349: result: none needed
configure:3369: checking dependency style of /usr/bin/gcc
configure:3459: result: gcc3
configure:3477: checking for library containing strerror
configure:3518: /usr/bin/gcc -o conftest -g -O2   conftest.c  >&5
configure:3525: $? = 0
configure:3556: result: none required
configure:3612: checking for gcc
configure:3639: result: /usr/bin/gcc
configure:3871: checking for C compiler version
configure:3879: /usr/bin/gcc --version >&5
gcc (GCC) 4.2.1 (Based on Apple Inc. build 5555)
Copyright (C) 2007 Free Software Foundation, Inc.
This is free software; see the source for copying conditions.  There is NO
warranty; not even for MERCHANTABILITY or FITNESS FOR A PARTICULAR PURPOSE.

configure:3883: $? = 0
configure:3890: /usr/bin/gcc -v >&5
Using built-in specs.
Target: arm-apple-darwin9
Configured with: ../llvm-gcc-4.2/configure --build=x86_64-unknown-linux-gnu --host=arm-apple-darwin9 --enable-static=no --enable-shared=yes --prefix=/usr --localstatedir=/var/cache/iphone-gcc --enable-languages=c,c++,objc,obj-c++ --enable-wchar_t=no --with-gxx-include-dir=/usr/include/c++/4.0.0
Thread model: posix
gcc version 4.2.1 (Based on Apple Inc. build 5555)
configure:3894: $? = 0
configure:3901: /usr/bin/gcc -V >&5
gcc: '-V' option must have argument
configure:3905: $? = 1
configure:3908: checking whether we are using the GNU C compiler
configure:3961: result: yes
configure:3970: checking whether /usr/bin/gcc accepts -g
configure:4108: result: yes
configure:4125: checking for /usr/bin/gcc option to accept ISO C89
configure:4229: result: none needed
configure:4249: checking dependency style of /usr/bin/gcc
configure:4339: result: gcc3
configure:4404: checking for gcc
configure:4431: result: /usr/bin/gcc
configure:4663: checking for C compiler version
configure:4671: /usr/bin/gcc --version >&5
gcc (GCC) 4.2.1 (Based on Apple Inc. build 5555)
Copyright (C) 2007 Free Software Foundation, Inc.
This is free software; see the source for copying conditions.  There is NO
warranty; not even for MERCHANTABILITY or FITNESS FOR A PARTICULAR PURPOSE.

configure:4675: $? = 0
configure:4682: /usr/bin/gcc -v >&5
Using built-in specs.
Target: arm-apple-darwin9
Configured with: ../llvm-gcc-4.2/configure --build=x86_64-unknown-linux-gnu --host=arm-apple-darwin9 --enable-static=no --enable-shared=yes --prefix=/usr --localstatedir=/var/cache/iphone-gcc --enable-languages=c,c++,objc,obj-c++ --enable-wchar_t=no --with-gxx-include-dir=/usr/include/c++/4.0.0
Thread model: posix
gcc version 4.2.1 (Based on Apple Inc. build 5555)
configure:4686: $? = 0
configure:4693: /usr/bin/gcc -V >&5
gcc: '-V' option must have argument
configure:4697: $? = 1
configure:4700: checking whether we are using the GNU C compiler
configure:4753: result: yes
configure:4762: checking whether /usr/bin/gcc accepts -g
configure:4900: result: yes
configure:4917: checking for /usr/bin/gcc option to accept ISO C89
configure:5021: result: none needed
configure:5041: checking dependency style of /usr/bin/gcc
configure:5131: result: gcc3
configure:5156: checking how to run the C preprocessor
configure:5196: /usr/bin/gcc -E  conftest.c
configure:5203: $? = 0
configure:5234: /usr/bin/gcc -E  conftest.c
conftest.c:10:28: error: ac_nonexistent.h: No such file or directory
configure:5241: $? = 1
configure: failed program was:
| /* confdefs.h.  */
| #define PACKAGE_NAME ""
| #define PACKAGE_TARNAME ""
| #define PACKAGE_VERSION ""
| #define PACKAGE_STRING ""
| #define PACKAGE_BUGREPORT ""
| #define PACKAGE "gxmessage"
| #define VERSION "2.12.4"
| /* end confdefs.h.  */
| #include <ac_nonexistent.h>
configure:5274: result: /usr/bin/gcc -E
configure:5303: /usr/bin/gcc -E  conftest.c
configure:5310: $? = 0
configure:5341: /usr/bin/gcc -E  conftest.c
conftest.c:10:28: error: ac_nonexistent.h: No such file or directory
configure:5348: $? = 1
configure: failed program was:
| /* confdefs.h.  */
| #define PACKAGE_NAME ""
| #define PACKAGE_TARNAME ""
| #define PACKAGE_VERSION ""
| #define PACKAGE_STRING ""
| #define PACKAGE_BUGREPORT ""
| #define PACKAGE "gxmessage"
| #define VERSION "2.12.4"
| /* end confdefs.h.  */
| #include <ac_nonexistent.h>
configure:5388: checking for grep that handles long lines and -e
configure:5448: result: /bin/grep
configure:5453: checking for egrep
configure:5517: result: /bin/grep -E
configure:5522: checking for ANSI C header files
configure:5552: /usr/bin/gcc -c -g -O2  conftest.c >&5
configure:5559: $? = 0
configure:5658: /usr/bin/gcc -o conftest -g -O2   conftest.c  >&5
configure:5662: $? = 0
configure:5668: ./conftest
configure:5672: $? = 0
configure:5690: result: yes
configure:5715: checking for sys/types.h
configure:5736: /usr/bin/gcc -c -g -O2  conftest.c >&5
configure:5743: $? = 0
configure:5760: result: yes
configure:5715: checking for sys/stat.h
configure:5736: /usr/bin/gcc -c -g -O2  conftest.c >&5
configure:5743: $? = 0
configure:5760: result: yes
configure:5715: checking for stdlib.h
configure:5736: /usr/bin/gcc -c -g -O2  conftest.c >&5
configure:5743: $? = 0
configure:5760: result: yes
configure:5715: checking for string.h
configure:5736: /usr/bin/gcc -c -g -O2  conftest.c >&5
configure:5743: $? = 0
configure:5760: result: yes
configure:5715: checking for memory.h
configure:5736: /usr/bin/gcc -c -g -O2  conftest.c >&5
configure:5743: $? = 0
configure:5760: result: yes
configure:5715: checking for strings.h
configure:5736: /usr/bin/gcc -c -g -O2  conftest.c >&5
configure:5743: $? = 0
configure:5760: result: yes
configure:5715: checking for inttypes.h
configure:5736: /usr/bin/gcc -c -g -O2  conftest.c >&5
configure:5743: $? = 0
configure:5760: result: yes
configure:5715: checking for stdint.h
configure:5736: /usr/bin/gcc -c -g -O2  conftest.c >&5
configure:5743: $? = 0
configure:5760: result: yes
configure:5715: checking for unistd.h
configure:5736: /usr/bin/gcc -c -g -O2  conftest.c >&5
configure:5743: $? = 0
configure:5760: result: yes
configure:5791: checking locale.h usability
configure:5808: /usr/bin/gcc -c -g -O2  conftest.c >&5
configure:5815: $? = 0
configure:5829: result: yes
configure:5833: checking locale.h presence
configure:5848: /usr/bin/gcc -E  conftest.c
configure:5855: $? = 0
configure:5869: result: yes
configure:5897: checking for locale.h
configure:5906: result: yes
configure:5922: checking for LC_MESSAGES
configure:5948: /usr/bin/gcc -o conftest -g -O2   conftest.c  >&5
configure:5955: $? = 0
configure:5975: result: yes
configure:6004: checking libintl.h usability
configure:6021: /usr/bin/gcc -c -g -O2  conftest.c >&5
configure:6028: $? = 0
configure:6042: result: yes
configure:6046: checking libintl.h presence
configure:6061: /usr/bin/gcc -E  conftest.c
configure:6068: $? = 0
configure:6082: result: yes
configure:6110: checking for libintl.h
configure:6117: result: yes
configure:6128: checking for ngettext in libc
configure:6156: /usr/bin/gcc -o conftest -g -O2   conftest.c  >&5
Undefined symbols:
  "_libintl_ngettext", referenced from:
      _main in ccNymJKe.o
ld: symbol(s) not found
collect2: ld returned 1 exit status
configure:6163: $? = 1
configure: failed program was:
| /* confdefs.h.  */
| #define PACKAGE_NAME ""
| #define PACKAGE_TARNAME ""
| #define PACKAGE_VERSION ""
| #define PACKAGE_STRING ""
| #define PACKAGE_BUGREPORT ""
| #define PACKAGE "gxmessage"
| #define VERSION "2.12.4"
| #define STDC_HEADERS 1
| #define HAVE_SYS_TYPES_H 1
| #define HAVE_SYS_STAT_H 1
| #define HAVE_STDLIB_H 1
| #define HAVE_STRING_H 1
| #define HAVE_MEMORY_H 1
| #define HAVE_STRINGS_H 1
| #define HAVE_INTTYPES_H 1
| #define HAVE_STDINT_H 1
| #define HAVE_UNISTD_H 1
| #define HAVE_LOCALE_H 1
| #define HAVE_LC_MESSAGES 1
| /* end confdefs.h.  */
| 
| #include <libintl.h>
| 
| int
| main ()
| {
| return !ngettext ("","", 1)
|   ;
|   return 0;
| }
configure:6184: result: no
configure:6359: checking for bindtextdomain in -lintl
configure:6394: /usr/bin/gcc -o conftest -g -O2   conftest.c -lintl   >&5
configure:6401: $? = 0
configure:6422: result: yes
configure:6425: checking for ngettext in -lintl
configure:6460: /usr/bin/gcc -o conftest -g -O2   conftest.c -lintl   >&5
configure:6467: $? = 0
configure:6488: result: yes
configure:6491: checking for dgettext in -lintl
configure:6526: /usr/bin/gcc -o conftest -g -O2   conftest.c -lintl   >&5
conftest.c:29: warning: conflicting types for built-in function 'dgettext'
configure:6533: $? = 0
configure:6554: result: yes
configure:6727: checking for bind_textdomain_codeset
configure:6783: /usr/bin/gcc -o conftest -g -O2   conftest.c  -lintl  >&5
configure:6790: $? = 0
configure:6812: result: yes
configure:6854: checking for msgfmt
configure:6881: result: /usr/local/bin/msgfmt
configure:6894: checking for dcgettext
configure:6950: /usr/bin/gcc -o conftest -g -O2   conftest.c  -lintl  >&5
conftest.c:47: warning: conflicting types for built-in function 'dcgettext'
configure:6957: $? = 0
configure:6979: result: yes
configure:6992: checking if msgfmt accepts -c
configure:7007: $MSGFMT -c -o /dev/null conftest.foo
configure:7010: $? = 0
configure:7012: result: yes
configure:7022: checking for gmsgfmt
configure:7053: result: /usr/local/bin/msgfmt
configure:7063: checking for xgettext
configure:7090: result: /usr/local/bin/xgettext
configure:7119: /usr/bin/gcc -o conftest -g -O2   conftest.c  -lintl  >&5
configure:7126: $? = 0
configure:7360: checking whether NLS is requested
configure:7369: result: yes
configure:7386: checking for intltool >= 0.40.0
configure:7393: result: 0.50.0 found
configure:7403: checking for intltool-update
configure:7421: found /usr/local/bin/intltool-update
configure:7433: result: /usr/local/bin/intltool-update
configure:7443: checking for intltool-merge
configure:7461: found /usr/local/bin/intltool-merge
configure:7473: result: /usr/local/bin/intltool-merge
configure:7483: checking for intltool-extract
configure:7501: found /usr/local/bin/intltool-extract
configure:7513: result: /usr/local/bin/intltool-extract
configure:7646: checking for xgettext
configure:7676: result: /usr/local/bin/xgettext
configure:7686: checking for msgmerge
configure:7704: found /usr/local/bin/msgmerge
configure:7716: result: /usr/local/bin/msgmerge
configure:7726: checking for msgfmt
configure:7756: result: /usr/local/bin/msgfmt
configure:7766: checking for gmsgfmt
configure:7797: result: /usr/local/bin/msgfmt
configure:7821: checking for perl
configure:7839: found /usr/local/bin/perl
configure:7851: result: /usr/local/bin/perl
configure:7864: checking for perl >= 5.8.1
configure:7873: result: 5.14.1
configure:7877: checking for XML::Parser
configure:7880: result: ok
configure:8107: checking for pkg-config
configure:8125: found /usr/bin/pkg-config
configure:8137: result: /usr/bin/pkg-config
configure:8162: checking pkg-config is at least version 0.9.0
configure:8165: result: yes
configure:8176: checking for PACKAGE
configure:8184: $PKG_CONFIG --exists --print-errors "gtk+-2.0 >= 2.12.0"
configure:8187: $? = 0
configure:8202: $PKG_CONFIG --exists --print-errors "gtk+-2.0 >= 2.12.0"
configure:8205: $? = 0
configure:8283: result: yes
configure:8431: creating ./config.status

## ---------------------- ##
## Running config.status. ##
## ---------------------- ##

This file was extended by config.status, which was
generated by GNU Autoconf 2.63.  Invocation command line was

  CONFIG_FILES    = 
  CONFIG_HEADERS  = 
  CONFIG_LINKS    = 
  CONFIG_COMMANDS = 
  $ ./config.status 

on Chriss-iPad

config.status:846: creating doc/Makefile
config.status:846: creating po/Makefile.in
config.status:846: creating Makefile
config.status:846: creating config.h
config.status:1113: executing depfiles commands
config.status:1113: executing default-1 commands
config.status:1113: executing po/stamp-it commands

## ---------------- ##
## Cache variables. ##
## ---------------- ##

ac_cv_c_compiler_gnu=yes
ac_cv_env_CC_set=set
ac_cv_env_CC_value=/usr/bin/gcc
ac_cv_env_CFLAGS_set=
ac_cv_env_CFLAGS_value=
ac_cv_env_CPPFLAGS_set=
ac_cv_env_CPPFLAGS_value=
ac_cv_env_CPP_set=
ac_cv_env_CPP_value=
ac_cv_env_LDFLAGS_set=
ac_cv_env_LDFLAGS_value=
ac_cv_env_LIBS_set=
ac_cv_env_LIBS_value=
ac_cv_env_PACKAGE_CFLAGS_set=
ac_cv_env_PACKAGE_CFLAGS_value=
ac_cv_env_PACKAGE_LIBS_set=
ac_cv_env_PACKAGE_LIBS_value=
ac_cv_env_PKG_CONFIG_set=
ac_cv_env_PKG_CONFIG_value=
ac_cv_env_build_alias_set=
ac_cv_env_build_alias_value=
ac_cv_env_host_alias_set=
ac_cv_env_host_alias_value=
ac_cv_env_target_alias_set=
ac_cv_env_target_alias_value=
ac_cv_func_bind_textdomain_codeset=yes
ac_cv_func_dcgettext=yes
ac_cv_header_inttypes_h=yes
ac_cv_header_libintl_h=yes
ac_cv_header_locale_h=yes
ac_cv_header_memory_h=yes
ac_cv_header_stdc=yes
ac_cv_header_stdint_h=yes
ac_cv_header_stdlib_h=yes
ac_cv_header_string_h=yes
ac_cv_header_strings_h=yes
ac_cv_header_sys_stat_h=yes
ac_cv_header_sys_types_h=yes
ac_cv_header_unistd_h=yes
ac_cv_lib_intl_bindtextdomain=yes
ac_cv_lib_intl_dgettext=yes
ac_cv_lib_intl_ngettext=yes
ac_cv_objext=o
ac_cv_path_EGREP='/bin/grep -E'
ac_cv_path_GMSGFMT=/usr/local/bin/msgfmt
ac_cv_path_GREP=/bin/grep
ac_cv_path_INTLTOOL_EXTRACT=/usr/local/bin/intltool-extract
ac_cv_path_INTLTOOL_MERGE=/usr/local/bin/intltool-merge
ac_cv_path_INTLTOOL_PERL=/usr/local/bin/perl
ac_cv_path_INTLTOOL_UPDATE=/usr/local/bin/intltool-update
ac_cv_path_MSGFMT=/usr/local/bin/msgfmt
ac_cv_path_MSGMERGE=/usr/local/bin/msgmerge
ac_cv_path_XGETTEXT=/usr/local/bin/xgettext
ac_cv_path_ac_pt_PKG_CONFIG=/usr/bin/pkg-config
ac_cv_path_install='/usr/bin/install -c'
ac_cv_prog_AWK=gawk
ac_cv_prog_CPP='/usr/bin/gcc -E'
ac_cv_prog_ac_ct_CC=/usr/bin/gcc
ac_cv_prog_cc_c89=
ac_cv_prog_cc_g=yes
ac_cv_prog_make_make_set=yes
ac_cv_search_strerror='none required'
am_cv_CC_dependencies_compiler_type=gcc3
am_cv_prog_cc_stdc=
am_cv_val_LC_MESSAGES=yes
gt_cv_func_dgettext_libc=no
gt_cv_func_dgettext_libintl=yes
gt_cv_func_ngettext_libc=no
gt_cv_have_gettext=yes
pkg_cv_PACKAGE_CFLAGS='-D_REENTRANT -I/usr/local/include/gtk-2.0 -I/usr/local/lib/gtk-2.0/include -I/usr/local/include/atk-1.0 -I/usr/local/include/cairo -I/usr/local/include/gdk-pixbuf-2.0 -I/usr/local/include/pango-1.0 -I/usr/local/lib/glib-2.0/include -I/usr/local/include/pixman-1 -I/usr/local/include/freetype2 -I/usr/local/include/libpng14  '
pkg_cv_PACKAGE_LIBS='-L/usr/local/lib -lgtk-x11-2.0 -lgdk-x11-2.0 -latk-1.0 -lgio-2.0 -lpangoft2-1.0 -lpangocairo-1.0 -lgdk_pixbuf-2.0 -lcairo -lpango-1.0 -lfreetype -lfontconfig -lgobject-2.0 -lgmodule-2.0 -lgthread-2.0 -lglib-2.0 -lintl  '

## ----------------- ##
## Output variables. ##
## ----------------- ##

ACLOCAL='${SHELL} /home/chris/gxmessage-2.12.4/missing --run aclocal-1.9'
ALL_LINGUAS=''
AMDEPBACKSLASH='\'
AMDEP_FALSE='#'
AMDEP_TRUE=''
AMTAR='${SHELL} /home/chris/gxmessage-2.12.4/missing --run tar'
AUTOCONF='${SHELL} /home/chris/gxmessage-2.12.4/missing --run autoconf'
AUTOHEADER='${SHELL} /home/chris/gxmessage-2.12.4/missing --run autoheader'
AUTOMAKE='${SHELL} /home/chris/gxmessage-2.12.4/missing --run automake-1.9'
AWK='gawk'
CATALOGS=''
CATOBJEXT='.gmo'
CC='/usr/bin/gcc'
CCDEPMODE='depmode=gcc3'
CFLAGS='-g -O2'
CPP='/usr/bin/gcc -E'
CPPFLAGS=''
CYGPATH_W='echo'
DATADIRNAME='share'
DEFS='-DHAVE_CONFIG_H'
DEPDIR='.deps'
ECHO_C=''
ECHO_N='-n'
ECHO_T=''
EGREP='/bin/grep -E'
EXEEXT=''
GETTEXT_PACKAGE='gxmessage'
GMOFILES=''
GMSGFMT='/usr/local/bin/msgfmt'
GREP='/bin/grep'
INSTALL_DATA='${INSTALL} -m 644'
INSTALL_PROGRAM='${INSTALL}'
INSTALL_SCRIPT='${INSTALL}'
INSTALL_STRIP_PROGRAM='${SHELL} $(install_sh) -c -s'
INSTOBJEXT='.mo'
INTLLIBS='-lintl '
INTLTOOL_CAVES_RULE='%.caves:     %.caves.in     $(INTLTOOL_MERGE) $(wildcard $(top_srcdir)/po/*.po) ; LC_ALL=C $(INTLTOOL_MERGE) -d -u -c $(top_builddir)/po/.intltool-merge-cache $(top_srcdir)/po $< $@'
INTLTOOL_DESKTOP_RULE='%.desktop:   %.desktop.in   $(INTLTOOL_MERGE) $(wildcard $(top_srcdir)/po/*.po) ; LC_ALL=C $(INTLTOOL_MERGE) -d -u -c $(top_builddir)/po/.intltool-merge-cache $(top_srcdir)/po $< $@'
INTLTOOL_DIRECTORY_RULE='%.directory: %.directory.in $(INTLTOOL_MERGE) $(wildcard $(top_srcdir)/po/*.po) ; LC_ALL=C $(INTLTOOL_MERGE) -d -u -c $(top_builddir)/po/.intltool-merge-cache $(top_srcdir)/po $< $@'
INTLTOOL_EXTRACT='/usr/local/bin/intltool-extract'
INTLTOOL_KBD_RULE='%.kbd:       %.kbd.in       $(INTLTOOL_MERGE) $(wildcard $(top_srcdir)/po/*.po) ; LC_ALL=C $(INTLTOOL_MERGE) -x -u -m -c $(top_builddir)/po/.intltool-merge-cache $(top_srcdir)/po $< $@'
INTLTOOL_KEYS_RULE='%.keys:      %.keys.in      $(INTLTOOL_MERGE) $(wildcard $(top_srcdir)/po/*.po) ; LC_ALL=C $(INTLTOOL_MERGE) -k -u -c $(top_builddir)/po/.intltool-merge-cache $(top_srcdir)/po $< $@'
INTLTOOL_MERGE='/usr/local/bin/intltool-merge'
INTLTOOL_OAF_RULE='%.oaf:       %.oaf.in       $(INTLTOOL_MERGE) $(wildcard $(top_srcdir)/po/*.po) ; LC_ALL=C $(INTLTOOL_MERGE) -o -p $(top_srcdir)/po $< $@'
INTLTOOL_PERL='/usr/local/bin/perl'
INTLTOOL_POLICY_RULE='%.policy:    %.policy.in    $(INTLTOOL_MERGE) $(wildcard $(top_srcdir)/po/*.po) ; LC_ALL=C $(INTLTOOL_MERGE) -x -u -c $(top_builddir)/po/.intltool-merge-cache $(top_srcdir)/po $< $@'
INTLTOOL_PONG_RULE='%.pong:      %.pong.in      $(INTLTOOL_MERGE) $(wildcard $(top_srcdir)/po/*.po) ; LC_ALL=C $(INTLTOOL_MERGE) -x -u -c $(top_builddir)/po/.intltool-merge-cache $(top_srcdir)/po $< $@'
INTLTOOL_PROP_RULE='%.prop:      %.prop.in      $(INTLTOOL_MERGE) $(wildcard $(top_srcdir)/po/*.po) ; LC_ALL=C $(INTLTOOL_MERGE) -d -u -c $(top_builddir)/po/.intltool-merge-cache $(top_srcdir)/po $< $@'
INTLTOOL_SCHEMAS_RULE='%.schemas:   %.schemas.in   $(INTLTOOL_MERGE) $(wildcard $(top_srcdir)/po/*.po) ; LC_ALL=C $(INTLTOOL_MERGE) -s -u -c $(top_builddir)/po/.intltool-merge-cache $(top_srcdir)/po $< $@'
INTLTOOL_SERVER_RULE='%.server:    %.server.in    $(INTLTOOL_MERGE) $(wildcard $(top_srcdir)/po/*.po) ; LC_ALL=C $(INTLTOOL_MERGE) -o -u -c $(top_builddir)/po/.intltool-merge-cache $(top_srcdir)/po $< $@'
INTLTOOL_SERVICE_RULE='%.service: %.service.in   $(INTLTOOL_MERGE) $(wildcard $(top_srcdir)/po/*.po) ; LC_ALL=C $(INTLTOOL_MERGE) -d -u -c $(top_builddir)/po/.intltool-merge-cache $(top_srcdir)/po $< $@'
INTLTOOL_SHEET_RULE='%.sheet:     %.sheet.in     $(INTLTOOL_MERGE) $(wildcard $(top_srcdir)/po/*.po) ; LC_ALL=C $(INTLTOOL_MERGE) -x -u -c $(top_builddir)/po/.intltool-merge-cache $(top_srcdir)/po $< $@'
INTLTOOL_SOUNDLIST_RULE='%.soundlist: %.soundlist.in $(INTLTOOL_MERGE) $(wildcard $(top_srcdir)/po/*.po) ; LC_ALL=C $(INTLTOOL_MERGE) -d -u -c $(top_builddir)/po/.intltool-merge-cache $(top_srcdir)/po $< $@'
INTLTOOL_THEME_RULE='%.theme:     %.theme.in     $(INTLTOOL_MERGE) $(wildcard $(top_srcdir)/po/*.po) ; LC_ALL=C $(INTLTOOL_MERGE) -d -u -c $(top_builddir)/po/.intltool-merge-cache $(top_srcdir)/po $< $@'
INTLTOOL_UI_RULE='%.ui:        %.ui.in        $(INTLTOOL_MERGE) $(wildcard $(top_srcdir)/po/*.po) ; LC_ALL=C $(INTLTOOL_MERGE) -x -u -c $(top_builddir)/po/.intltool-merge-cache $(top_srcdir)/po $< $@'
INTLTOOL_UPDATE='/usr/local/bin/intltool-update'
INTLTOOL_XAM_RULE='%.xam:       %.xml.in       $(INTLTOOL_MERGE) $(wildcard $(top_srcdir)/po/*.po) ; LC_ALL=C $(INTLTOOL_MERGE) -x -u -c $(top_builddir)/po/.intltool-merge-cache $(top_srcdir)/po $< $@'
INTLTOOL_XML_NOMERGE_RULE='%.xml:       %.xml.in       $(INTLTOOL_MERGE) ; LC_ALL=C $(INTLTOOL_MERGE) -x -u /tmp $< $@'
INTLTOOL_XML_RULE='%.xml:       %.xml.in       $(INTLTOOL_MERGE) $(wildcard $(top_srcdir)/po/*.po) ; LC_ALL=C $(INTLTOOL_MERGE) -x -u -c $(top_builddir)/po/.intltool-merge-cache $(top_srcdir)/po $< $@'
LDFLAGS=''
LIBOBJS=''
LIBS=''
LTLIBOBJS=''
MAINT='#'
MAINTAINER_MODE_FALSE=''
MAINTAINER_MODE_TRUE='#'
MAKEINFO='${SHELL} /home/chris/gxmessage-2.12.4/missing --run makeinfo'
MKINSTALLDIRS='./mkinstalldirs'
MSGFMT='/usr/local/bin/msgfmt'
MSGFMT_OPTS='-c'
MSGMERGE='/usr/local/bin/msgmerge'
OBJEXT='o'
PACKAGE='gxmessage'
PACKAGE_BUGREPORT=''
PACKAGE_CFLAGS='-D_REENTRANT -I/usr/local/include/gtk-2.0 -I/usr/local/lib/gtk-2.0/include -I/usr/local/include/atk-1.0 -I/usr/local/include/cairo -I/usr/local/include/gdk-pixbuf-2.0 -I/usr/local/include/pango-1.0 -I/usr/local/lib/glib-2.0/include -I/usr/local/include/pixman-1 -I/usr/local/include/freetype2 -I/usr/local/include/libpng14  '
PACKAGE_LIBS='-L/usr/local/lib -lgtk-x11-2.0 -lgdk-x11-2.0 -latk-1.0 -lgio-2.0 -lpangoft2-1.0 -lpangocairo-1.0 -lgdk_pixbuf-2.0 -lcairo -lpango-1.0 -lfreetype -lfontconfig -lgobject-2.0 -lgmodule-2.0 -lgthread-2.0 -lglib-2.0 -lintl  '
PACKAGE_NAME=''
PACKAGE_STRING=''
PACKAGE_TARNAME=''
PACKAGE_VERSION=''
PATH_SEPARATOR=':'
PKG_CONFIG='/usr/bin/pkg-config'
POFILES=''
POSUB='po'
PO_IN_DATADIR_FALSE=''
PO_IN_DATADIR_TRUE=''
SET_MAKE=''
SHELL='/bin/sh'
STRIP=''
USE_NLS='yes'
VERSION='2.12.4'
XGETTEXT='/usr/local/bin/xgettext'
ac_ct_CC='/usr/bin/gcc'
am__fastdepCC_FALSE='#'
am__fastdepCC_TRUE=''
am__include='include'
am__leading_dot='.'
am__quote=''
am__tar='${AMTAR} chof - "$$tardir"'
am__untar='${AMTAR} xf -'
bindir='${exec_prefix}/bin'
build_alias=''
datadir='${datarootdir}'
datarootdir='${prefix}/share'
docdir='${datarootdir}/doc/${PACKAGE}'
dvidir='${docdir}'
exec_prefix='${prefix}'
host_alias=''
htmldir='${docdir}'
includedir='${prefix}/include'
infodir='${datarootdir}/info'
install_sh='/home/chris/gxmessage-2.12.4/install-sh'
libdir='${exec_prefix}/lib'
libexecdir='${exec_prefix}/libexec'
localedir='${datarootdir}/locale'
localstatedir='${prefix}/var'
mandir='${datarootdir}/man'
mkdir_p='mkdir -p --'
oldincludedir='/usr/include'
pdfdir='${docdir}'
prefix='/usr/local'
program_transform_name='s,x,x,'
psdir='${docdir}'
sbindir='${exec_prefix}/sbin'
sharedstatedir='${prefix}/com'
sysconfdir='${prefix}/etc'
target_alias=''

## ----------- ##
## confdefs.h. ##
## ----------- ##

#define PACKAGE_NAME ""
#define PACKAGE_TARNAME ""
#define PACKAGE_VERSION ""
#define PACKAGE_STRING ""
#define PACKAGE_BUGREPORT ""
#define PACKAGE "gxmessage"
#define VERSION "2.12.4"
#define STDC_HEADERS 1
#define HAVE_SYS_TYPES_H 1
#define HAVE_SYS_STAT_H 1
#define HAVE_STDLIB_H 1
#define HAVE_STRING_H 1
#define HAVE_MEMORY_H 1
#define HAVE_STRINGS_H 1
#define HAVE_INTTYPES_H 1
#define HAVE_STDINT_H 1
#define HAVE_UNISTD_H 1
#define HAVE_LOCALE_H 1
#define HAVE_LC_MESSAGES 1
#define HAVE_BIND_TEXTDOMAIN_CODESET 1
#define HAVE_GETTEXT 1
#define HAVE_DCGETTEXT 1
#define ENABLE_NLS 1
#define GETTEXT_PACKAGE "gxmessage"

configure: exit 0
