This file contains any messages produced by compilers while
running configure, to aid debugging if configure makes a mistake.

It was created by x2 configure 1.1.0, which was
generated by GNU Autoconf 2.68.  Invocation command line was

  $ ./configure 

## --------- ##
## Platform. ##
## --------- ##

hostname = Chriss-iPad
uname -m = iPad1,1
uname -r = 11.0.0
uname -s = Darwin
uname -v = Darwin Kernel Version 11.0.0: Sun Apr  8 21:51:26 PDT 2012; root:xnu-1878.11.10~1/RELEASE_ARM_S5L8930X

/usr/bin/uname -p = unknown
/bin/uname -X     = unknown

/bin/arch              = unknown
/usr/bin/arch -k       = unknown
/usr/convex/getsysinfo = unknown
/usr/bin/hostinfo      = Mach kernel version:
	 Darwin Kernel Version 11.0.0: Sun Apr  8 21:51:26 PDT 2012; root:xnu-1878.11.10~1/RELEASE_ARM_S5L8930X
Kernel configured for a single processor only.
1 processor is physically available.
1 processor is logically available.
Processor type: armv7 (arm v7)
Processor active: 0
Primary memory available: 246.98 megabytes
Default processor set: 34 tasks, 255 threads, 1 processors
Load average: 4.19, Mach factor: 0.18
/bin/machine           = unknown
/usr/bin/oslevel       = unknown
/bin/universe          = unknown

PATH: /usr/local/sbin
PATH: /usr/local/bin
PATH: /usr/sbin
PATH: /usr/bin
PATH: /sbin
PATH: /bin
PATH: /usr/bin/X11
PATH: /usr/games
PATH: /usr/local/Gambit-C/bin


## ----------- ##
## Core tests. ##
## ----------- ##

configure:2204: checking for gcc
configure:2231: result: /usr/bin/gcc
configure:2460: checking for C compiler version
configure:2469: /usr/bin/gcc --version >&5
gcc (GCC) 4.2.1 (Based on Apple Inc. build 5555)
Copyright (C) 2007 Free Software Foundation, Inc.
This is free software; see the source for copying conditions.  There is NO
warranty; not even for MERCHANTABILITY or FITNESS FOR A PARTICULAR PURPOSE.

configure:2480: $? = 0
configure:2469: /usr/bin/gcc -v >&5
Using built-in specs.
Target: arm-apple-darwin9
Configured with: ../llvm-gcc-4.2/configure --build=x86_64-unknown-linux-gnu --host=arm-apple-darwin9 --enable-static=no --enable-shared=yes --prefix=/usr --localstatedir=/var/cache/iphone-gcc --enable-languages=c,c++,objc,obj-c++ --enable-wchar_t=no --with-gxx-include-dir=/usr/include/c++/4.0.0
Thread model: posix
gcc version 4.2.1 (Based on Apple Inc. build 5555)
configure:2480: $? = 0
configure:2469: /usr/bin/gcc -V >&5
gcc: '-V' option must have argument
configure:2480: $? = 1
configure:2469: /usr/bin/gcc -qversion >&5
gcc: no input files
configure:2480: $? = 1
configure:2500: checking whether the C compiler works
configure:2522: /usr/bin/gcc    conftest.c  >&5
configure:2526: $? = 0
configure:2574: result: yes
configure:2577: checking for C compiler default output file name
configure:2579: result: a.out
configure:2585: checking for suffix of executables
configure:2592: /usr/bin/gcc -o conftest    conftest.c  >&5
configure:2596: $? = 0
configure:2618: result: 
configure:2640: checking whether we are cross compiling
configure:2648: /usr/bin/gcc -o conftest    conftest.c  >&5
configure:2652: $? = 0
configure:2659: ./conftest
./configure: line 2661: 18344 Killed: 9               ./conftest$ac_cv_exeext
configure:2663: $? = 137
configure:2675: result: no
configure:2680: checking for suffix of object files
configure:2702: /usr/bin/gcc -c   conftest.c >&5
configure:2706: $? = 0
configure:2727: result: o
configure:2731: checking whether we are using the GNU C compiler
configure:2750: /usr/bin/gcc -c   conftest.c >&5
configure:2750: $? = 0
configure:2759: result: yes
configure:2768: checking whether /usr/bin/gcc accepts -g
configure:2788: /usr/bin/gcc -c -g  conftest.c >&5
configure:2788: $? = 0
configure:2829: result: yes
configure:2846: checking for /usr/bin/gcc option to accept ISO C89
configure:2910: /usr/bin/gcc  -c -g -O2  conftest.c >&5
configure:2910: $? = 0
configure:2923: result: none needed
configure:2986: checking for a BSD-compatible install
configure:3054: result: /usr/bin/install -c
configure:3069: checking for main in -lX11
configure:3088: /usr/bin/gcc -o conftest -g -O2   conftest.c -lX11   >&5
configure:3088: $? = 0
configure:3097: result: yes
configure:3109: checking for main in -lcairo
configure:3128: /usr/bin/gcc -o conftest -g -O2   conftest.c -lcairo  -lX11  >&5
configure:3128: $? = 0
configure:3137: result: yes
configure:3149: checking for main in -lfontconfig
configure:3168: /usr/bin/gcc -o conftest -g -O2   conftest.c -lfontconfig  -lcairo -lX11  >&5
configure:3168: $? = 0
configure:3177: result: yes
configure:3189: checking for main in -lfreetype
configure:3208: /usr/bin/gcc -o conftest -g -O2   conftest.c -lfreetype  -lfontconfig -lcairo -lX11  >&5
configure:3208: $? = 0
configure:3217: result: yes
configure:3229: checking for main in -lm
configure:3248: /usr/bin/gcc -o conftest -g -O2   conftest.c -lm  -lfreetype -lfontconfig -lcairo -lX11  >&5
configure:3248: $? = 0
configure:3257: result: yes
configure:3269: checking for main in -lpng14
configure:3288: /usr/bin/gcc -o conftest -g -O2   conftest.c -lpng14  -lm -lfreetype -lfontconfig -lcairo -lX11  >&5
configure:3288: $? = 0
configure:3297: result: yes
configure:3309: checking for main in -lrt
configure:3328: /usr/bin/gcc -o conftest -g -O2   conftest.c -lrt  -lpng14 -lm -lfreetype -lfontconfig -lcairo -lX11  >&5
ld: library not found for -lrt
collect2: ld returned 1 exit status
configure:3328: $? = 1
configure: failed program was:
| /* confdefs.h */
| #define PACKAGE_NAME "x2"
| #define PACKAGE_TARNAME "x2"
| #define PACKAGE_VERSION "1.1.0"
| #define PACKAGE_STRING "x2 1.1.0"
| #define PACKAGE_BUGREPORT "neilmunro@gmail.com"
| #define PACKAGE_URL ""
| #define HAVE_LIBX11 1
| #define HAVE_LIBCAIRO 1
| #define HAVE_LIBFONTCONFIG 1
| #define HAVE_LIBFREETYPE 1
| #define HAVE_LIBM 1
| #define HAVE_LIBPNG14 1
| /* end confdefs.h.  */
| 
| 
| int
| main ()
| {
| return main ();
|   ;
|   return 0;
| }
configure:3337: result: no
configure:3349: checking for main in -lvte
configure:3368: /usr/bin/gcc -o conftest -g -O2   conftest.c -lvte  -lpng14 -lm -lfreetype -lfontconfig -lcairo -lX11  >&5
configure:3368: $? = 0
configure:3377: result: yes
configure:3395: checking how to run the C preprocessor
configure:3426: /usr/bin/gcc -E  conftest.c
configure:3426: $? = 0
configure:3440: /usr/bin/gcc -E  conftest.c
conftest.c:16:28: error: ac_nonexistent.h: No such file or directory
configure:3440: $? = 1
configure: failed program was:
| /* confdefs.h */
| #define PACKAGE_NAME "x2"
| #define PACKAGE_TARNAME "x2"
| #define PACKAGE_VERSION "1.1.0"
| #define PACKAGE_STRING "x2 1.1.0"
| #define PACKAGE_BUGREPORT "neilmunro@gmail.com"
| #define PACKAGE_URL ""
| #define HAVE_LIBX11 1
| #define HAVE_LIBCAIRO 1
| #define HAVE_LIBFONTCONFIG 1
| #define HAVE_LIBFREETYPE 1
| #define HAVE_LIBM 1
| #define HAVE_LIBPNG14 1
| #define HAVE_LIBVTE 1
| /* end confdefs.h.  */
| #include <ac_nonexistent.h>
configure:3465: result: /usr/bin/gcc -E
configure:3485: /usr/bin/gcc -E  conftest.c
configure:3485: $? = 0
configure:3499: /usr/bin/gcc -E  conftest.c
conftest.c:16:28: error: ac_nonexistent.h: No such file or directory
configure:3499: $? = 1
configure: failed program was:
| /* confdefs.h */
| #define PACKAGE_NAME "x2"
| #define PACKAGE_TARNAME "x2"
| #define PACKAGE_VERSION "1.1.0"
| #define PACKAGE_STRING "x2 1.1.0"
| #define PACKAGE_BUGREPORT "neilmunro@gmail.com"
| #define PACKAGE_URL ""
| #define HAVE_LIBX11 1
| #define HAVE_LIBCAIRO 1
| #define HAVE_LIBFONTCONFIG 1
| #define HAVE_LIBFREETYPE 1
| #define HAVE_LIBM 1
| #define HAVE_LIBPNG14 1
| #define HAVE_LIBVTE 1
| /* end confdefs.h.  */
| #include <ac_nonexistent.h>
configure:3528: checking for grep that handles long lines and -e
configure:3586: result: /bin/grep
configure:3591: checking for egrep
configure:3653: result: /bin/grep -E
configure:3658: checking for ANSI C header files
configure:3678: /usr/bin/gcc -c -g -O2  conftest.c >&5
configure:3678: $? = 0
configure:3751: /usr/bin/gcc -o conftest -g -O2   conftest.c -lvte -lpng14 -lm -lfreetype -lfontconfig -lcairo -lX11  >&5
configure:3751: $? = 0
configure:3751: ./conftest
./configure: line 1629: 18547 Killed: 9               ./conftest$ac_exeext
configure:3751: $? = 137
configure: program exited with status 137
configure: failed program was:
| /* confdefs.h */
| #define PACKAGE_NAME "x2"
| #define PACKAGE_TARNAME "x2"
| #define PACKAGE_VERSION "1.1.0"
| #define PACKAGE_STRING "x2 1.1.0"
| #define PACKAGE_BUGREPORT "neilmunro@gmail.com"
| #define PACKAGE_URL ""
| #define HAVE_LIBX11 1
| #define HAVE_LIBCAIRO 1
| #define HAVE_LIBFONTCONFIG 1
| #define HAVE_LIBFREETYPE 1
| #define HAVE_LIBM 1
| #define HAVE_LIBPNG14 1
| #define HAVE_LIBVTE 1
| /* end confdefs.h.  */
| #include <ctype.h>
| #include <stdlib.h>
| #if ((' ' & 0x0FF) == 0x020)
| # define ISLOWER(c) ('a' <= (c) && (c) <= 'z')
| # define TOUPPER(c) (ISLOWER(c) ? 'A' + ((c) - 'a') : (c))
| #else
| # define ISLOWER(c) 		   (('a' <= (c) && (c) <= 'i') 		     || ('j' <= (c) && (c) <= 'r') 		     || ('s' <= (c) && (c) <= 'z'))
| # define TOUPPER(c) (ISLOWER(c) ? ((c) | 0x40) : (c))
| #endif
| 
| #define XOR(e, f) (((e) && !(f)) || (!(e) && (f)))
| int
| main ()
| {
|   int i;
|   for (i = 0; i < 256; i++)
|     if (XOR (islower (i), ISLOWER (i))
| 	|| toupper (i) != TOUPPER (i))
|       return 2;
|   return 0;
| }
configure:3762: result: no
configure:3775: checking for sys/types.h
configure:3775: /usr/bin/gcc -c -g -O2  conftest.c >&5
configure:3775: $? = 0
configure:3775: result: yes
configure:3775: checking for sys/stat.h
configure:3775: /usr/bin/gcc -c -g -O2  conftest.c >&5
configure:3775: $? = 0
configure:3775: result: yes
configure:3775: checking for stdlib.h
configure:3775: /usr/bin/gcc -c -g -O2  conftest.c >&5
configure:3775: $? = 0
configure:3775: result: yes
configure:3775: checking for string.h
configure:3775: /usr/bin/gcc -c -g -O2  conftest.c >&5
configure:3775: $? = 0
configure:3775: result: yes
configure:3775: checking for memory.h
configure:3775: /usr/bin/gcc -c -g -O2  conftest.c >&5
configure:3775: $? = 0
configure:3775: result: yes
configure:3775: checking for strings.h
configure:3775: /usr/bin/gcc -c -g -O2  conftest.c >&5
configure:3775: $? = 0
configure:3775: result: yes
configure:3775: checking for inttypes.h
configure:3775: /usr/bin/gcc -c -g -O2  conftest.c >&5
configure:3775: $? = 0
configure:3775: result: yes
configure:3775: checking for stdint.h
configure:3775: /usr/bin/gcc -c -g -O2  conftest.c >&5
configure:3775: $? = 0
configure:3775: result: yes
configure:3775: checking for unistd.h
configure:3775: /usr/bin/gcc -c -g -O2  conftest.c >&5
configure:3775: $? = 0
configure:3775: result: yes
configure:3790: checking for stdlib.h
configure:3790: result: yes
configure:3790: checking for string.h
configure:3790: result: yes
configure:3790: checking for unistd.h
configure:3790: result: yes
configure:3854: checking for pkg-config
configure:3872: found /usr/local/bin/pkg-config
configure:3884: result: /usr/local/bin/pkg-config
configure:3909: checking pkg-config is at least version 0.9.0
configure:3912: result: yes
configure:3922: checking for GTK
configure:3929: $PKG_CONFIG --exists --print-errors "gtk+-2.0"
configure:3932: $? = 0
configure:3946: $PKG_CONFIG --exists --print-errors "gtk+-2.0"
configure:3949: $? = 0
configure:4007: result: yes
configure:4013: checking for GTKSOURCEVIEW
configure:4020: $PKG_CONFIG --exists --print-errors "gtksourceview-2.0 >= 2.9.7"
configure:4023: $? = 0
configure:4037: $PKG_CONFIG --exists --print-errors "gtksourceview-2.0 >= 2.9.7"
configure:4040: $? = 0
configure:4098: result: yes
configure:4104: checking for ANSI C header files
configure:4208: result: no
configure:4220: checking for stdlib.h
configure:4220: result: yes
configure:4232: checking for size_t
configure:4232: /usr/bin/gcc -c -g -O2  conftest.c >&5
configure:4232: $? = 0
configure:4232: /usr/bin/gcc -c -g -O2  conftest.c >&5
conftest.c: In function 'main':
conftest.c:65: error: expected expression before ')' token
configure:4232: $? = 1
configure: failed program was:
| /* confdefs.h */
| #define PACKAGE_NAME "x2"
| #define PACKAGE_TARNAME "x2"
| #define PACKAGE_VERSION "1.1.0"
| #define PACKAGE_STRING "x2 1.1.0"
| #define PACKAGE_BUGREPORT "neilmunro@gmail.com"
| #define PACKAGE_URL ""
| #define HAVE_LIBX11 1
| #define HAVE_LIBCAIRO 1
| #define HAVE_LIBFONTCONFIG 1
| #define HAVE_LIBFREETYPE 1
| #define HAVE_LIBM 1
| #define HAVE_LIBPNG14 1
| #define HAVE_LIBVTE 1
| #define HAVE_SYS_TYPES_H 1
| #define HAVE_SYS_STAT_H 1
| #define HAVE_STDLIB_H 1
| #define HAVE_STRING_H 1
| #define HAVE_MEMORY_H 1
| #define HAVE_STRINGS_H 1
| #define HAVE_INTTYPES_H 1
| #define HAVE_STDINT_H 1
| #define HAVE_UNISTD_H 1
| #define HAVE_STDLIB_H 1
| #define HAVE_STRING_H 1
| #define HAVE_UNISTD_H 1
| #define HAVE_STDLIB_H 1
| /* end confdefs.h.  */
| #include <stdio.h>
| #ifdef HAVE_SYS_TYPES_H
| # include <sys/types.h>
| #endif
| #ifdef HAVE_SYS_STAT_H
| # include <sys/stat.h>
| #endif
| #ifdef STDC_HEADERS
| # include <stdlib.h>
| # include <stddef.h>
| #else
| # ifdef HAVE_STDLIB_H
| #  include <stdlib.h>
| # endif
| #endif
| #ifdef HAVE_STRING_H
| # if !defined STDC_HEADERS && defined HAVE_MEMORY_H
| #  include <memory.h>
| # endif
| # include <string.h>
| #endif
| #ifdef HAVE_STRINGS_H
| # include <strings.h>
| #endif
| #ifdef HAVE_INTTYPES_H
| # include <inttypes.h>
| #endif
| #ifdef HAVE_STDINT_H
| # include <stdint.h>
| #endif
| #ifdef HAVE_UNISTD_H
| # include <unistd.h>
| #endif
| int
| main ()
| {
| if (sizeof ((size_t)))
| 	    return 0;
|   ;
|   return 0;
| }
configure:4232: result: yes
configure:4248: checking for getcwd
configure:4248: /usr/bin/gcc -o conftest -g -O2   conftest.c -lvte -lpng14 -lm -lfreetype -lfontconfig -lcairo -lX11  >&5
configure:4248: $? = 0
configure:4248: result: yes
configure:4248: checking for pathconf
configure:4248: /usr/bin/gcc -o conftest -g -O2   conftest.c -lvte -lpng14 -lm -lfreetype -lfontconfig -lcairo -lX11  >&5
configure:4248: $? = 0
configure:4248: result: yes
configure:4374: creating ./config.status

## ---------------------- ##
## Running config.status. ##
## ---------------------- ##

This file was extended by x2 config.status 1.1.0, which was
generated by GNU Autoconf 2.68.  Invocation command line was

  CONFIG_FILES    = 
  CONFIG_HEADERS  = 
  CONFIG_LINKS    = 
  CONFIG_COMMANDS = 
  $ ./config.status 

on Chriss-iPad

config.status:839: creating Makefile
config.status:839: creating src/Makefile
config.status:839: creating config.h

## ---------------- ##
## Cache variables. ##
## ---------------- ##

ac_cv_c_compiler_gnu=yes
ac_cv_env_CC_set=set
ac_cv_env_CC_value=/usr/bin/gcc
ac_cv_env_CFLAGS_set=
ac_cv_env_CFLAGS_value=
ac_cv_env_CPPFLAGS_set=
ac_cv_env_CPPFLAGS_value=
ac_cv_env_CPP_set=
ac_cv_env_CPP_value=
ac_cv_env_GTKSOURCEVIEW_CFLAGS_set=
ac_cv_env_GTKSOURCEVIEW_CFLAGS_value=
ac_cv_env_GTKSOURCEVIEW_LIBS_set=
ac_cv_env_GTKSOURCEVIEW_LIBS_value=
ac_cv_env_GTK_CFLAGS_set=
ac_cv_env_GTK_CFLAGS_value=
ac_cv_env_GTK_LIBS_set=
ac_cv_env_GTK_LIBS_value=
ac_cv_env_LDFLAGS_set=
ac_cv_env_LDFLAGS_value=
ac_cv_env_LIBS_set=
ac_cv_env_LIBS_value=
ac_cv_env_PKG_CONFIG_LIBDIR_set=
ac_cv_env_PKG_CONFIG_LIBDIR_value=
ac_cv_env_PKG_CONFIG_PATH_set=set
ac_cv_env_PKG_CONFIG_PATH_value=/usr/local/lib/pkgconfig:/usr/lib/pkgconfig
ac_cv_env_PKG_CONFIG_set=
ac_cv_env_PKG_CONFIG_value=
ac_cv_env_build_alias_set=
ac_cv_env_build_alias_value=
ac_cv_env_host_alias_set=
ac_cv_env_host_alias_value=
ac_cv_env_target_alias_set=
ac_cv_env_target_alias_value=
ac_cv_func_getcwd=yes
ac_cv_func_pathconf=yes
ac_cv_header_inttypes_h=yes
ac_cv_header_memory_h=yes
ac_cv_header_stdc=no
ac_cv_header_stdint_h=yes
ac_cv_header_stdlib_h=yes
ac_cv_header_string_h=yes
ac_cv_header_strings_h=yes
ac_cv_header_sys_stat_h=yes
ac_cv_header_sys_types_h=yes
ac_cv_header_unistd_h=yes
ac_cv_lib_X11_main=yes
ac_cv_lib_cairo_main=yes
ac_cv_lib_fontconfig_main=yes
ac_cv_lib_freetype_main=yes
ac_cv_lib_m_main=yes
ac_cv_lib_png14_main=yes
ac_cv_lib_rt_main=no
ac_cv_lib_vte_main=yes
ac_cv_objext=o
ac_cv_path_EGREP='/bin/grep -E'
ac_cv_path_GREP=/bin/grep
ac_cv_path_ac_pt_PKG_CONFIG=/usr/local/bin/pkg-config
ac_cv_path_install='/usr/bin/install -c'
ac_cv_prog_CPP='/usr/bin/gcc -E'
ac_cv_prog_ac_ct_CC=/usr/bin/gcc
ac_cv_prog_cc_c89=
ac_cv_prog_cc_g=yes
ac_cv_type_size_t=yes
pkg_cv_GTKSOURCEVIEW_CFLAGS='-D_REENTRANT -I/usr/local/include/gtksourceview-2.0 -I/usr/local/include/libxml2 -I/usr/local/include/gtk-2.0 -I/usr/local/lib/gtk-2.0/include -I/usr/local/include/atk-1.0 -I/usr/local/include/cairo -I/usr/local/include/gdk-pixbuf-2.0 -I/usr/local/include/pango-1.0 -I/usr/local/include/glib-2.0 -I/usr/local/lib/glib-2.0/include -I/usr/local/include/pixman-1 -I/usr/local/include/libpng14  '
pkg_cv_GTKSOURCEVIEW_LIBS='-L/usr/local/lib -lgtksourceview-2.0 -lgtk-x11-2.0 -lgdk-x11-2.0 -latk-1.0 -lgio-2.0 -lpangoft2-1.0 -lpangocairo-1.0 -lgdk_pixbuf-2.0 -lcairo -lpango-1.0 -lfreetype -lfontconfig -lgobject-2.0 -lgmodule-2.0 -lgthread-2.0 -lglib-2.0 -lintl  '
pkg_cv_GTK_CFLAGS='-D_REENTRANT -I/usr/local/include/gtk-2.0 -I/usr/local/lib/gtk-2.0/include -I/usr/local/include/atk-1.0 -I/usr/local/include/cairo -I/usr/local/include/gdk-pixbuf-2.0 -I/usr/local/include/pango-1.0 -I/usr/local/include/glib-2.0 -I/usr/local/lib/glib-2.0/include -I/usr/local/include/pixman-1 -I/usr/local/include/libpng14  '
pkg_cv_GTK_LIBS='-L/usr/local/lib -lgtk-x11-2.0 -lgdk-x11-2.0 -latk-1.0 -lgio-2.0 -lpangoft2-1.0 -lpangocairo-1.0 -lgdk_pixbuf-2.0 -lcairo -lpango-1.0 -lfreetype -lfontconfig -lgobject-2.0 -lgmodule-2.0 -lgthread-2.0 -lglib-2.0 -lintl  '

## ----------------- ##
## Output variables. ##
## ----------------- ##

CC='/usr/bin/gcc'
CFLAGS='-g -O2'
CPP='/usr/bin/gcc -E'
CPPFLAGS=''
DEFS='-DHAVE_CONFIG_H'
ECHO_C=''
ECHO_N='-n'
ECHO_T=''
EGREP='/bin/grep -E'
EXEEXT=''
GREP='/bin/grep'
GTKSOURCEVIEW_CFLAGS='-D_REENTRANT -I/usr/local/include/gtksourceview-2.0 -I/usr/local/include/libxml2 -I/usr/local/include/gtk-2.0 -I/usr/local/lib/gtk-2.0/include -I/usr/local/include/atk-1.0 -I/usr/local/include/cairo -I/usr/local/include/gdk-pixbuf-2.0 -I/usr/local/include/pango-1.0 -I/usr/local/include/glib-2.0 -I/usr/local/lib/glib-2.0/include -I/usr/local/include/pixman-1 -I/usr/local/include/libpng14  '
GTKSOURCEVIEW_LIBS='-L/usr/local/lib -lgtksourceview-2.0 -lgtk-x11-2.0 -lgdk-x11-2.0 -latk-1.0 -lgio-2.0 -lpangoft2-1.0 -lpangocairo-1.0 -lgdk_pixbuf-2.0 -lcairo -lpango-1.0 -lfreetype -lfontconfig -lgobject-2.0 -lgmodule-2.0 -lgthread-2.0 -lglib-2.0 -lintl  '
GTK_CFLAGS='-D_REENTRANT -I/usr/local/include/gtk-2.0 -I/usr/local/lib/gtk-2.0/include -I/usr/local/include/atk-1.0 -I/usr/local/include/cairo -I/usr/local/include/gdk-pixbuf-2.0 -I/usr/local/include/pango-1.0 -I/usr/local/include/glib-2.0 -I/usr/local/lib/glib-2.0/include -I/usr/local/include/pixman-1 -I/usr/local/include/libpng14  '
GTK_LIBS='-L/usr/local/lib -lgtk-x11-2.0 -lgdk-x11-2.0 -latk-1.0 -lgio-2.0 -lpangoft2-1.0 -lpangocairo-1.0 -lgdk_pixbuf-2.0 -lcairo -lpango-1.0 -lfreetype -lfontconfig -lgobject-2.0 -lgmodule-2.0 -lgthread-2.0 -lglib-2.0 -lintl  '
INSTALL_DATA='${INSTALL} -m 644'
INSTALL_PROGRAM='${INSTALL}'
INSTALL_SCRIPT='${INSTALL}'
LDFLAGS=''
LIBOBJS=''
LIBS='-lvte -lpng14 -lm -lfreetype -lfontconfig -lcairo -lX11 '
LTLIBOBJS=''
OBJEXT='o'
PACKAGE_BUGREPORT='neilmunro@gmail.com'
PACKAGE_NAME='x2'
PACKAGE_STRING='x2 1.1.0'
PACKAGE_TARNAME='x2'
PACKAGE_URL=''
PACKAGE_VERSION='1.1.0'
PATH_SEPARATOR=':'
PKG_CONFIG='/usr/local/bin/pkg-config'
PKG_CONFIG_LIBDIR=''
PKG_CONFIG_PATH='/usr/local/lib/pkgconfig:/usr/lib/pkgconfig'
SHELL='/bin/sh'
ac_ct_CC='/usr/bin/gcc'
bindir='${exec_prefix}/bin'
build_alias=''
datadir='${datarootdir}'
datarootdir='${prefix}/share'
docdir='${datarootdir}/doc/${PACKAGE_TARNAME}'
dvidir='${docdir}'
exec_prefix='${prefix}'
host_alias=''
htmldir='${docdir}'
includedir='${prefix}/include'
infodir='${datarootdir}/info'
libdir='${exec_prefix}/lib'
libexecdir='${exec_prefix}/libexec'
localedir='${datarootdir}/locale'
localstatedir='${prefix}/var'
mandir='${datarootdir}/man'
oldincludedir='/usr/include'
pdfdir='${docdir}'
prefix='/usr/local'
program_transform_name='s,x,x,'
psdir='${docdir}'
sbindir='${exec_prefix}/sbin'
sharedstatedir='${prefix}/com'
sysconfdir='${prefix}/etc'
target_alias=''

## ----------- ##
## confdefs.h. ##
## ----------- ##

/* confdefs.h */
#define PACKAGE_NAME "x2"
#define PACKAGE_TARNAME "x2"
#define PACKAGE_VERSION "1.1.0"
#define PACKAGE_STRING "x2 1.1.0"
#define PACKAGE_BUGREPORT "neilmunro@gmail.com"
#define PACKAGE_URL ""
#define HAVE_LIBX11 1
#define HAVE_LIBCAIRO 1
#define HAVE_LIBFONTCONFIG 1
#define HAVE_LIBFREETYPE 1
#define HAVE_LIBM 1
#define HAVE_LIBPNG14 1
#define HAVE_LIBVTE 1
#define HAVE_SYS_TYPES_H 1
#define HAVE_SYS_STAT_H 1
#define HAVE_STDLIB_H 1
#define HAVE_STRING_H 1
#define HAVE_MEMORY_H 1
#define HAVE_STRINGS_H 1
#define HAVE_INTTYPES_H 1
#define HAVE_STDINT_H 1
#define HAVE_UNISTD_H 1
#define HAVE_STDLIB_H 1
#define HAVE_STRING_H 1
#define HAVE_UNISTD_H 1
#define HAVE_STDLIB_H 1
#define HAVE_GETCWD 1
#define HAVE_PATHCONF 1

configure: exit 0
