This file contains any messages produced by compilers while
running configure, to aid debugging if configure makes a mistake.

It was created by libICE configure 1.0.4, which was
generated by GNU Autoconf 2.61.  Invocation command line was

  $ ./configure 

## --------- ##
## Platform. ##
## --------- ##

hostname = Chriss-iPad
uname -m = iPad1,1
uname -r = 10.4.0
uname -s = Darwin
uname -v = Darwin Kernel Version 10.4.0: Wed Oct 20 20:14:45 PDT 2010; root:xnu-1504.58.28~3/RELEASE_ARM_S5L8930X

/usr/bin/uname -p = unknown
/bin/uname -X     = unknown

/bin/arch              = unknown
/usr/bin/arch -k       = unknown
/usr/convex/getsysinfo = unknown
/usr/bin/hostinfo      = Mach kernel version:
	 Darwin Kernel Version 10.4.0: Wed Oct 20 20:14:45 PDT 2010; root:xnu-1504.58.28~3/RELEASE_ARM_S5L8930X
Kernel configured for a single processor only.
1 processor is physically available.
1 processor is logically available.
Processor type: armv7 (arm v7)
Processor active: 0
Primary memory available: 247.00 megabytes
Default processor set: 35 tasks, 230 threads, 1 processors
Load average: 1.74, Mach factor: 0.28
/bin/machine           = unknown
/usr/bin/oslevel       = unknown
/bin/universe          = unknown

PATH: /usr/local/sbin
PATH: /usr/local/bin
PATH: /usr/sbin
PATH: /usr/bin
PATH: /sbin
PATH: /bin
PATH: /usr/bin/X11
PATH: /usr/games
PATH: /var/mobile/ocaml-3.12.0/bin


## ----------- ##
## Core tests. ##
## ----------- ##

configure:2018: checking for a BSD-compatible install
configure:2074: result: /usr/bin/install -c
configure:2085: checking whether build environment is sane
configure:2128: result: yes
configure:2156: checking for a thread-safe mkdir -p
configure:2195: result: /bin/mkdir -p
configure:2208: checking for gawk
configure:2224: found /usr/bin/gawk
configure:2235: result: gawk
configure:2246: checking whether make sets $(MAKE)
configure:2267: result: yes
configure:2456: checking whether to enable maintainer-specific portions of Makefiles
configure:2465: result: no
configure:2562: checking build system type
configure:2580: result: arm-apple-darwin10.4.0
configure:2602: checking host system type
configure:2617: result: arm-apple-darwin10.4.0
configure:2651: checking for style of include used by make
configure:2679: result: GNU
configure:2749: checking for gcc
configure:2776: result: /usr/bin/gcc
configure:3014: checking for C compiler version
configure:3021: /usr/bin/gcc --version >&5
gcc (GCC) 4.2.1 (Based on Apple Inc. build 5555)
Copyright (C) 2007 Free Software Foundation, Inc.
This is free software; see the source for copying conditions.  There is NO
warranty; not even for MERCHANTABILITY or FITNESS FOR A PARTICULAR PURPOSE.

configure:3024: $? = 0
configure:3031: /usr/bin/gcc -v >&5
Using built-in specs.
Target: arm-apple-darwin9
Configured with: ../llvm-gcc-4.2/configure --build=x86_64-unknown-linux-gnu --host=arm-apple-darwin9 --enable-static=no --enable-shared=yes --prefix=/usr --localstatedir=/var/cache/iphone-gcc --enable-languages=c,c++,objc,obj-c++ --enable-wchar_t=no --with-gxx-include-dir=/usr/include/c++/4.0.0
Thread model: posix
gcc version 4.2.1 (Based on Apple Inc. build 5555)
configure:3034: $? = 0
configure:3041: /usr/bin/gcc -V >&5
gcc: '-V' option must have argument
configure:3044: $? = 1
configure:3067: checking for C compiler default output file name
configure:3094: /usr/bin/gcc    conftest.c  >&5
configure:3097: $? = 0
configure:3135: result: a.out
configure:3152: checking whether the C compiler works
configure:3162: ./a.out
configure:3165: $? = 0
configure:3182: result: yes
configure:3189: checking whether we are cross compiling
configure:3191: result: no
configure:3194: checking for suffix of executables
configure:3201: /usr/bin/gcc -o conftest    conftest.c  >&5
configure:3204: $? = 0
configure:3228: result: 
configure:3234: checking for suffix of object files
configure:3260: /usr/bin/gcc -c   conftest.c >&5
configure:3263: $? = 0
configure:3286: result: o
configure:3290: checking whether we are using the GNU C compiler
configure:3319: /usr/bin/gcc -c   conftest.c >&5
configure:3325: $? = 0
configure:3342: result: yes
configure:3347: checking whether /usr/bin/gcc accepts -g
configure:3377: /usr/bin/gcc -c -g  conftest.c >&5
configure:3383: $? = 0
configure:3482: result: yes
configure:3499: checking for /usr/bin/gcc option to accept ISO C89
configure:3573: /usr/bin/gcc  -c -g -O2  conftest.c >&5
configure:3579: $? = 0
configure:3602: result: none needed
configure:3622: checking dependency style of /usr/bin/gcc
configure:3713: result: gcc3
configure:3728: checking for a sed that does not truncate output
configure:3782: result: /bin/sed
configure:3785: checking for grep that handles long lines and -e
configure:3859: result: /bin/grep
configure:3864: checking for egrep
configure:3942: result: /bin/grep -E
configure:3958: checking for ld used by /usr/bin/gcc
configure:4025: result: /usr/bin/ld
configure:4034: checking if the linker (/usr/bin/ld) is GNU ld
configure:4049: result: no
configure:4054: checking for /usr/bin/ld option to reload object files
configure:4061: result: -r
configure:4079: checking for BSD-compatible nm
configure:4128: result: /usr/bin/nm -p
configure:4132: checking whether ln -s works
configure:4136: result: yes
configure:4143: checking how to recognise dependent libraries
configure:4319: result: pass_all
configure:4553: checking how to run the C preprocessor
configure:4593: /usr/bin/gcc -E  conftest.c
configure:4599: $? = 0
configure:4630: /usr/bin/gcc -E  conftest.c
conftest.c:10:28: error: ac_nonexistent.h: No such file or directory
configure:4636: $? = 1
configure: failed program was:
| /* confdefs.h.  */
| #define PACKAGE_NAME "libICE"
| #define PACKAGE_TARNAME "libICE"
| #define PACKAGE_VERSION "1.0.4"
| #define PACKAGE_STRING "libICE 1.0.4"
| #define PACKAGE_BUGREPORT "https://bugs.freedesktop.org/enter_bug.cgi?product=xorg"
| #define PACKAGE "libICE"
| #define VERSION "1.0.4"
| /* end confdefs.h.  */
| #include <ac_nonexistent.h>
configure:4669: result: /usr/bin/gcc -E
configure:4698: /usr/bin/gcc -E  conftest.c
configure:4704: $? = 0
configure:4735: /usr/bin/gcc -E  conftest.c
conftest.c:10:28: error: ac_nonexistent.h: No such file or directory
configure:4741: $? = 1
configure: failed program was:
| /* confdefs.h.  */
| #define PACKAGE_NAME "libICE"
| #define PACKAGE_TARNAME "libICE"
| #define PACKAGE_VERSION "1.0.4"
| #define PACKAGE_STRING "libICE 1.0.4"
| #define PACKAGE_BUGREPORT "https://bugs.freedesktop.org/enter_bug.cgi?product=xorg"
| #define PACKAGE "libICE"
| #define VERSION "1.0.4"
| /* end confdefs.h.  */
| #include <ac_nonexistent.h>
configure:4779: checking for ANSI C header files
configure:4809: /usr/bin/gcc -c -g -O2  conftest.c >&5
configure:4815: $? = 0
configure:4914: /usr/bin/gcc -o conftest -g -O2   conftest.c  >&5
configure:4917: $? = 0
configure:4923: ./conftest
configure:4926: $? = 0
configure:4943: result: yes
configure:4967: checking for sys/types.h
configure:4988: /usr/bin/gcc -c -g -O2  conftest.c >&5
configure:4994: $? = 0
configure:5010: result: yes
configure:4967: checking for sys/stat.h
configure:4988: /usr/bin/gcc -c -g -O2  conftest.c >&5
configure:4994: $? = 0
configure:5010: result: yes
configure:4967: checking for stdlib.h
configure:4988: /usr/bin/gcc -c -g -O2  conftest.c >&5
configure:4994: $? = 0
configure:5010: result: yes
configure:4967: checking for string.h
configure:4988: /usr/bin/gcc -c -g -O2  conftest.c >&5
configure:4994: $? = 0
configure:5010: result: yes
configure:4967: checking for memory.h
configure:4988: /usr/bin/gcc -c -g -O2  conftest.c >&5
configure:4994: $? = 0
configure:5010: result: yes
configure:4967: checking for strings.h
configure:4988: /usr/bin/gcc -c -g -O2  conftest.c >&5
configure:4994: $? = 0
configure:5010: result: yes
configure:4967: checking for inttypes.h
configure:4988: /usr/bin/gcc -c -g -O2  conftest.c >&5
configure:4994: $? = 0
configure:5010: result: yes
configure:4967: checking for stdint.h
configure:4988: /usr/bin/gcc -c -g -O2  conftest.c >&5
configure:4994: $? = 0
configure:5010: result: yes
configure:4967: checking for unistd.h
configure:4988: /usr/bin/gcc -c -g -O2  conftest.c >&5
configure:4994: $? = 0
configure:5010: result: yes
configure:5037: checking dlfcn.h usability
configure:5054: /usr/bin/gcc -c -g -O2  conftest.c >&5
configure:5060: $? = 0
configure:5074: result: yes
configure:5078: checking dlfcn.h presence
configure:5093: /usr/bin/gcc -E  conftest.c
configure:5099: $? = 0
configure:5113: result: yes
configure:5146: checking for dlfcn.h
configure:5154: result: yes
configure:5225: checking for g++
configure:5241: found /usr/bin/g++
configure:5252: result: g++
configure:5283: checking for C++ compiler version
configure:5290: g++ --version >&5
g++ (GCC) 4.2.1 (Based on Apple Inc. build 5555)
Copyright (C) 2007 Free Software Foundation, Inc.
This is free software; see the source for copying conditions.  There is NO
warranty; not even for MERCHANTABILITY or FITNESS FOR A PARTICULAR PURPOSE.

configure:5293: $? = 0
configure:5300: g++ -v >&5
Using built-in specs.
Target: arm-apple-darwin9
Configured with: ../llvm-gcc-4.2/configure --build=x86_64-unknown-linux-gnu --host=arm-apple-darwin9 --enable-static=no --enable-shared=yes --prefix=/usr --localstatedir=/var/cache/iphone-gcc --enable-languages=c,c++,objc,obj-c++ --enable-wchar_t=no --with-gxx-include-dir=/usr/include/c++/4.0.0
Thread model: posix
gcc version 4.2.1 (Based on Apple Inc. build 5555)
configure:5303: $? = 0
configure:5310: g++ -V >&5
g++: '-V' option must have argument
configure:5313: $? = 1
configure:5316: checking whether we are using the GNU C++ compiler
configure:5345: g++ -c   conftest.cpp >&5
configure:5351: $? = 0
configure:5368: result: yes
configure:5373: checking whether g++ accepts -g
configure:5403: g++ -c -g  conftest.cpp >&5
configure:5409: $? = 0
configure:5508: result: yes
configure:5533: checking dependency style of g++
configure:5624: result: gcc3
configure:5649: checking how to run the C++ preprocessor
configure:5685: g++ -E  conftest.cpp
configure:5691: $? = 0
configure:5722: g++ -E  conftest.cpp
conftest.cpp:21:28: error: ac_nonexistent.h: No such file or directory
configure:5728: $? = 1
configure: failed program was:
| /* confdefs.h.  */
| #define PACKAGE_NAME "libICE"
| #define PACKAGE_TARNAME "libICE"
| #define PACKAGE_VERSION "1.0.4"
| #define PACKAGE_STRING "libICE 1.0.4"
| #define PACKAGE_BUGREPORT "https://bugs.freedesktop.org/enter_bug.cgi?product=xorg"
| #define PACKAGE "libICE"
| #define VERSION "1.0.4"
| #define STDC_HEADERS 1
| #define HAVE_SYS_TYPES_H 1
| #define HAVE_SYS_STAT_H 1
| #define HAVE_STDLIB_H 1
| #define HAVE_STRING_H 1
| #define HAVE_MEMORY_H 1
| #define HAVE_STRINGS_H 1
| #define HAVE_INTTYPES_H 1
| #define HAVE_STDINT_H 1
| #define HAVE_UNISTD_H 1
| #define HAVE_DLFCN_H 1
| /* end confdefs.h.  */
| #include <ac_nonexistent.h>
configure:5761: result: g++ -E
configure:5790: g++ -E  conftest.cpp
configure:5796: $? = 0
configure:5827: g++ -E  conftest.cpp
conftest.cpp:21:28: error: ac_nonexistent.h: No such file or directory
configure:5833: $? = 1
configure: failed program was:
| /* confdefs.h.  */
| #define PACKAGE_NAME "libICE"
| #define PACKAGE_TARNAME "libICE"
| #define PACKAGE_VERSION "1.0.4"
| #define PACKAGE_STRING "libICE 1.0.4"
| #define PACKAGE_BUGREPORT "https://bugs.freedesktop.org/enter_bug.cgi?product=xorg"
| #define PACKAGE "libICE"
| #define VERSION "1.0.4"
| #define STDC_HEADERS 1
| #define HAVE_SYS_TYPES_H 1
| #define HAVE_SYS_STAT_H 1
| #define HAVE_STDLIB_H 1
| #define HAVE_STRING_H 1
| #define HAVE_MEMORY_H 1
| #define HAVE_STRINGS_H 1
| #define HAVE_INTTYPES_H 1
| #define HAVE_STDINT_H 1
| #define HAVE_UNISTD_H 1
| #define HAVE_DLFCN_H 1
| /* end confdefs.h.  */
| #include <ac_nonexistent.h>
configure:5926: checking for g77
configure:5956: result: no
configure:5926: checking for xlf
configure:5956: result: no
configure:5926: checking for f77
configure:5956: result: no
configure:5926: checking for frt
configure:5956: result: no
configure:5926: checking for pgf77
configure:5956: result: no
configure:5926: checking for cf77
configure:5956: result: no
configure:5926: checking for fort77
configure:5956: result: no
configure:5926: checking for fl32
configure:5956: result: no
configure:5926: checking for af77
configure:5956: result: no
configure:5926: checking for xlf90
configure:5956: result: no
configure:5926: checking for f90
configure:5956: result: no
configure:5926: checking for pgf90
configure:5956: result: no
configure:5926: checking for pghpf
configure:5956: result: no
configure:5926: checking for epcf90
configure:5956: result: no
configure:5926: checking for gfortran
configure:5956: result: no
configure:5926: checking for g95
configure:5956: result: no
configure:5926: checking for xlf95
configure:5956: result: no
configure:5926: checking for f95
configure:5956: result: no
configure:5926: checking for fort
configure:5956: result: no
configure:5926: checking for ifort
configure:5956: result: no
configure:5926: checking for ifc
configure:5956: result: no
configure:5926: checking for efc
configure:5956: result: no
configure:5926: checking for pgf95
configure:5956: result: no
configure:5926: checking for lf95
configure:5956: result: no
configure:5926: checking for ftn
configure:5956: result: no
configure:5983: checking for Fortran 77 compiler version
configure:5990:  --version >&5
./configure: line 5991: --version: command not found
configure:5993: $? = 127
configure:6000:  -v >&5
./configure: line 6001: -v: command not found
configure:6003: $? = 127
configure:6010:  -V >&5
./configure: line 6011: -V: command not found
configure:6013: $? = 127
configure:6021: checking whether we are using the GNU Fortran 77 compiler
configure:6040:  -c  conftest.F >&5
./configure: line 6041: -c: command not found
configure:6046: $? = 127
configure: failed program was:
|       program main
| #ifndef __GNUC__
|        choke me
| #endif
| 
|       end
configure:6063: result: no
configure:6069: checking whether  accepts -g
configure:6086:  -c -g conftest.f >&5
./configure: line 6087: -c: command not found
configure:6092: $? = 127
configure: failed program was:
|       program main
| 
|       end
configure:6108: result: no
configure:6138: checking the maximum length of command line arguments
configure:6247: result: 196608
configure:6258: checking command to parse /usr/bin/nm -p output from /usr/bin/gcc object
configure:6363: /usr/bin/gcc -c -g -O2  conftest.c >&5
configure:6366: $? = 0
configure:6370: /usr/bin/nm -p conftest.o \| sed -n -e 's/^.*[ 	]\([BCDEGRST][BCDEGRST]*\)[ 	][ 	]*\([_A-Za-z][_A-Za-z0-9]*\)$/\1 \2 \2/p' \> conftest.nm
configure:6373: $? = 0
cannot find nm_test_var in conftest.nm
configure:6363: /usr/bin/gcc -c -g -O2  conftest.c >&5
configure:6366: $? = 0
configure:6370: /usr/bin/nm -p conftest.o \| sed -n -e 's/^.*[ 	]\([BCDEGRST][BCDEGRST]*\)[ 	][ 	]*_\([_A-Za-z][_A-Za-z0-9]*\)$/\1 _\2 \2/p' \> conftest.nm
configure:6373: $? = 0
configure:6425: /usr/bin/gcc -o conftest -g -O2   conftest.c conftstm.o >&5
configure:6428: $? = 0
configure:6466: result: ok
configure:6470: checking for objdir
configure:6485: result: .libs
configure:6577: checking for ar
configure:6593: found /usr/bin/ar
configure:6604: result: ar
configure:6673: checking for ranlib
configure:6689: found /usr/bin/ranlib
configure:6700: result: ranlib
configure:6769: checking for strip
configure:6785: found /usr/bin/strip
configure:6796: result: strip
configure:7082: checking if /usr/bin/gcc supports -fno-rtti -fno-exceptions
configure:7099: /usr/bin/gcc -c -g -O2  -fno-rtti -fno-exceptions conftest.c >&5
cc1: warning: command line option "-fno-rtti" is valid for C++/ObjC++ but not for C
configure:7103: $? = 0
configure:7117: result: no
configure:7132: checking for /usr/bin/gcc option to produce PIC
configure:7342: result: -fno-common
configure:7350: checking if /usr/bin/gcc PIC flag -fno-common works
configure:7367: /usr/bin/gcc -c -g -O2  -fno-common -DPIC conftest.c >&5
configure:7371: $? = 0
configure:7385: result: yes
configure:7413: checking if /usr/bin/gcc static flag -static works
configure:7441: result: no
configure:7451: checking if /usr/bin/gcc supports -c -o file.o
configure:7471: /usr/bin/gcc -c -g -O2  -o out/conftest2.o conftest.c >&5
configure:7475: $? = 0
configure:7498: result: yes
configure:7524: checking whether the /usr/bin/gcc linker (/usr/bin/ld) supports shared libraries
configure:8478: result: yes
configure:8545: checking dynamic linker characteristics
configure:9133: result: darwin10.4.0 dyld
configure:9142: checking how to hardcode library paths into programs
configure:9167: result: immediate
configure:9181: checking whether stripping libraries is possible
configure:9194: result: yes
configure:9987: checking if libtool supports shared libraries
configure:9989: result: yes
configure:9992: checking whether to build shared libraries
configure:10013: result: yes
configure:10016: checking whether to build static libraries
configure:10020: result: yes
configure:10112: creating libtool
configure:10700: checking for ld used by g++
configure:10767: result: /usr/bin/ld
configure:10776: checking if the linker (/usr/bin/ld) is GNU ld
configure:10791: result: no
configure:10842: checking whether the g++ linker (/usr/bin/ld) supports shared libraries
configure:11776: result: yes
configure:11794: g++ -c -g -O2  conftest.cpp >&5
configure:11797: $? = 0
configure:11916: checking for g++ option to produce PIC
configure:12190: result: -fno-common
configure:12198: checking if g++ PIC flag -fno-common works
configure:12215: g++ -c -g -O2  -fno-common -DPIC conftest.cpp >&5
configure:12219: $? = 0
configure:12233: result: yes
configure:12261: checking if g++ static flag -static works
configure:12289: result: no
configure:12299: checking if g++ supports -c -o file.o
configure:12319: g++ -c -g -O2  -o out/conftest2.o conftest.cpp >&5
configure:12323: $? = 0
configure:12346: result: yes
configure:12372: checking whether the g++ linker (/usr/bin/ld) supports shared libraries
configure:12397: result: yes
configure:12464: checking dynamic linker characteristics
configure:13052: result: darwin10.4.0 dyld
configure:13061: checking how to hardcode library paths into programs
configure:13086: result: immediate
configure:19274: checking for gcc
configure:19301: result: /usr/bin/gcc
configure:19539: checking for C compiler version
configure:19546: /usr/bin/gcc --version >&5
gcc (GCC) 4.2.1 (Based on Apple Inc. build 5555)
Copyright (C) 2007 Free Software Foundation, Inc.
This is free software; see the source for copying conditions.  There is NO
warranty; not even for MERCHANTABILITY or FITNESS FOR A PARTICULAR PURPOSE.

configure:19549: $? = 0
configure:19556: /usr/bin/gcc -v >&5
Using built-in specs.
Target: arm-apple-darwin9
Configured with: ../llvm-gcc-4.2/configure --build=x86_64-unknown-linux-gnu --host=arm-apple-darwin9 --enable-static=no --enable-shared=yes --prefix=/usr --localstatedir=/var/cache/iphone-gcc --enable-languages=c,c++,objc,obj-c++ --enable-wchar_t=no --with-gxx-include-dir=/usr/include/c++/4.0.0
Thread model: posix
gcc version 4.2.1 (Based on Apple Inc. build 5555)
configure:19559: $? = 0
configure:19566: /usr/bin/gcc -V >&5
gcc: '-V' option must have argument
configure:19569: $? = 1
configure:19572: checking whether we are using the GNU C compiler
configure:19624: result: yes
configure:19629: checking whether /usr/bin/gcc accepts -g
configure:19764: result: yes
configure:19781: checking for /usr/bin/gcc option to accept ISO C89
configure:19884: result: none needed
configure:19904: checking dependency style of /usr/bin/gcc
configure:19995: result: gcc3
configure:20061: checking for pkg-config
configure:20079: found /usr/bin/pkg-config
configure:20091: result: /usr/bin/pkg-config
configure:20120: checking pkg-config is at least version 0.9.0
configure:20123: result: yes
configure:20134: checking for ICE
configure:20139: $PKG_CONFIG --exists --print-errors "xproto"
configure:20142: $? = 0
configure:20153: $PKG_CONFIG --exists --print-errors "xproto"
configure:20156: $? = 0
configure:20211: result: yes
configure:20220: checking for XTRANS
configure:20225: $PKG_CONFIG --exists --print-errors "xtrans"
configure:20228: $? = 0
configure:20239: $PKG_CONFIG --exists --print-errors "xtrans"
configure:20242: $? = 0
configure:20297: result: yes
configure:20305: checking return type of signal handlers
configure:20333: /usr/bin/gcc -c -g -O2  conftest.c >&5
conftest.c: In function 'main':
conftest.c:27: error: void value not ignored as it ought to be
configure:20339: $? = 1
configure: failed program was:
| /* confdefs.h.  */
| #define PACKAGE_NAME "libICE"
| #define PACKAGE_TARNAME "libICE"
| #define PACKAGE_VERSION "1.0.4"
| #define PACKAGE_STRING "libICE 1.0.4"
| #define PACKAGE_BUGREPORT "https://bugs.freedesktop.org/enter_bug.cgi?product=xorg"
| #define PACKAGE "libICE"
| #define VERSION "1.0.4"
| #define STDC_HEADERS 1
| #define HAVE_SYS_TYPES_H 1
| #define HAVE_SYS_STAT_H 1
| #define HAVE_STDLIB_H 1
| #define HAVE_STRING_H 1
| #define HAVE_MEMORY_H 1
| #define HAVE_STRINGS_H 1
| #define HAVE_INTTYPES_H 1
| #define HAVE_STDINT_H 1
| #define HAVE_UNISTD_H 1
| #define HAVE_DLFCN_H 1
| /* end confdefs.h.  */
| #include <sys/types.h>
| #include <signal.h>
| 
| int
| main ()
| {
| return *(signal (0, 0)) (0) == 1;
|   ;
|   return 0;
| }
configure:20354: result: void
configure:20379: checking if Xtrans should support UNIX socket connections
configure:20388: result: yes
configure:20390: checking if Xtrans should support TCP socket connections
configure:20392: result: yes
configure:20402: checking for library containing socket
configure:20443: /usr/bin/gcc -o conftest -g -O2   conftest.c  >&5
configure:20449: $? = 0
configure:20477: result: none required
configure:20485: checking for library containing gethostbyname
configure:20526: /usr/bin/gcc -o conftest -g -O2   conftest.c  >&5
configure:20532: $? = 0
configure:20560: result: none required
configure:20574: checking for getaddrinfo
configure:20630: /usr/bin/gcc -o conftest -g -O2   conftest.c  >&5
configure:20636: $? = 0
configure:20653: result: yes
configure:20663: checking if IPv6 support should be built
configure:20672: result: yes
configure:20676: checking for struct sockaddr_in.sin_len
configure:20709: /usr/bin/gcc -c -g -O2  conftest.c >&5
configure:20715: $? = 0
configure:20777: result: yes
configure:20800: checking if Xtrans should support os-specific local connections
configure:20802: result: no
configure:20822: checking for ANSI C header files
configure:20986: result: yes
configure:21270: creating ./config.status

## ---------------------- ##
## Running config.status. ##
## ---------------------- ##

This file was extended by libICE config.status 1.0.4, which was
generated by GNU Autoconf 2.61.  Invocation command line was

  CONFIG_FILES    = 
  CONFIG_HEADERS  = 
  CONFIG_LINKS    = 
  CONFIG_COMMANDS = 
  $ ./config.status 

on Chriss-iPad

config.status:678: creating Makefile
config.status:678: creating src/Makefile
config.status:678: creating ice.pc
config.status:678: creating config.h
config.status:915: config.h is unchanged
config.status:961: executing depfiles commands

## ---------------- ##
## Cache variables. ##
## ---------------- ##

ac_cv_build=arm-apple-darwin10.4.0
ac_cv_c_compiler_gnu=yes
ac_cv_cxx_compiler_gnu=yes
ac_cv_env_CCC_set=
ac_cv_env_CCC_value=
ac_cv_env_CC_set=set
ac_cv_env_CC_value=/usr/bin/gcc
ac_cv_env_CFLAGS_set=
ac_cv_env_CFLAGS_value=
ac_cv_env_CPPFLAGS_set=
ac_cv_env_CPPFLAGS_value=
ac_cv_env_CPP_set=
ac_cv_env_CPP_value=
ac_cv_env_CXXCPP_set=
ac_cv_env_CXXCPP_value=
ac_cv_env_CXXFLAGS_set=
ac_cv_env_CXXFLAGS_value=
ac_cv_env_CXX_set=
ac_cv_env_CXX_value=
ac_cv_env_F77_set=
ac_cv_env_F77_value=
ac_cv_env_FFLAGS_set=
ac_cv_env_FFLAGS_value=
ac_cv_env_ICE_CFLAGS_set=
ac_cv_env_ICE_CFLAGS_value=
ac_cv_env_ICE_LIBS_set=
ac_cv_env_ICE_LIBS_value=
ac_cv_env_LDFLAGS_set=
ac_cv_env_LDFLAGS_value=
ac_cv_env_LIBS_set=
ac_cv_env_LIBS_value=
ac_cv_env_PKG_CONFIG_set=
ac_cv_env_PKG_CONFIG_value=
ac_cv_env_XTRANS_CFLAGS_set=
ac_cv_env_XTRANS_CFLAGS_value=
ac_cv_env_XTRANS_LIBS_set=
ac_cv_env_XTRANS_LIBS_value=
ac_cv_env_build_alias_set=
ac_cv_env_build_alias_value=
ac_cv_env_host_alias_set=
ac_cv_env_host_alias_value=
ac_cv_env_target_alias_set=
ac_cv_env_target_alias_value=
ac_cv_f77_compiler_gnu=no
ac_cv_func_getaddrinfo=yes
ac_cv_header_dlfcn_h=yes
ac_cv_header_inttypes_h=yes
ac_cv_header_memory_h=yes
ac_cv_header_stdc=yes
ac_cv_header_stdint_h=yes
ac_cv_header_stdlib_h=yes
ac_cv_header_string_h=yes
ac_cv_header_strings_h=yes
ac_cv_header_sys_stat_h=yes
ac_cv_header_sys_types_h=yes
ac_cv_header_unistd_h=yes
ac_cv_host=arm-apple-darwin10.4.0
ac_cv_member_struct_sockaddr_in_sin_len=yes
ac_cv_objext=o
ac_cv_path_EGREP='/bin/grep -E'
ac_cv_path_GREP=/bin/grep
ac_cv_path_ac_pt_PKG_CONFIG=/usr/bin/pkg-config
ac_cv_path_install='/usr/bin/install -c'
ac_cv_path_mkdir=/bin/mkdir
ac_cv_prog_AWK=gawk
ac_cv_prog_CPP='/usr/bin/gcc -E'
ac_cv_prog_CXXCPP='g++ -E'
ac_cv_prog_ac_ct_AR=ar
ac_cv_prog_ac_ct_CC=/usr/bin/gcc
ac_cv_prog_ac_ct_CXX=g++
ac_cv_prog_ac_ct_RANLIB=ranlib
ac_cv_prog_ac_ct_STRIP=strip
ac_cv_prog_cc_c89=
ac_cv_prog_cc_g=yes
ac_cv_prog_cxx_g=yes
ac_cv_prog_f77_g=no
ac_cv_prog_make_make_set=yes
ac_cv_search_gethostbyname='none required'
ac_cv_search_socket='none required'
ac_cv_type_signal=void
am_cv_CC_dependencies_compiler_type=gcc3
am_cv_CXX_dependencies_compiler_type=gcc3
lt_cv_deplibs_check_method=pass_all
lt_cv_file_magic_cmd='$MAGIC_CMD'
lt_cv_file_magic_test_file=
lt_cv_ld_reload_flag=-r
lt_cv_objdir=.libs
lt_cv_path_LD=/usr/bin/ld
lt_cv_path_LDCXX=/usr/bin/ld
lt_cv_path_NM='/usr/bin/nm -p'
lt_cv_path_SED=/bin/sed
lt_cv_prog_compiler_c_o=yes
lt_cv_prog_compiler_c_o_CXX=yes
lt_cv_prog_compiler_rtti_exceptions=no
lt_cv_prog_gnu_ld=no
lt_cv_prog_gnu_ldcxx=no
lt_cv_sys_global_symbol_pipe='sed -n -e '\''s/^.*[ 	]\([BCDEGRST][BCDEGRST]*\)[ 	][ 	]*_\([_A-Za-z][_A-Za-z0-9]*\)$/\1 _\2 \2/p'\'''
lt_cv_sys_global_symbol_to_c_name_address='sed -n -e '\''s/^: \([^ ]*\) $/  {\"\1\", (lt_ptr) 0},/p'\'' -e '\''s/^[BCDEGRST] \([^ ]*\) \([^ ]*\)$/  {"\2", (lt_ptr) \&\2},/p'\'''
lt_cv_sys_global_symbol_to_cdecl='sed -n -e '\''s/^. .* \(.*\)$/extern int \1;/p'\'''
lt_cv_sys_max_cmd_len=196608
lt_lt_cv_prog_compiler_c_o='"yes"'
lt_lt_cv_prog_compiler_c_o_CXX='"yes"'
lt_lt_cv_sys_global_symbol_pipe='"sed -n -e '\''s/^.*[ 	]\\([BCDEGRST][BCDEGRST]*\\)[ 	][ 	]*_\\([_A-Za-z][_A-Za-z0-9]*\\)\$/\\1 _\\2 \\2/p'\''"'
lt_lt_cv_sys_global_symbol_to_c_name_address='"sed -n -e '\''s/^: \\([^ ]*\\) \$/  {\\\"\\1\\\", (lt_ptr) 0},/p'\'' -e '\''s/^[BCDEGRST] \\([^ ]*\\) \\([^ ]*\\)\$/  {\"\\2\", (lt_ptr) \\&\\2},/p'\''"'
lt_lt_cv_sys_global_symbol_to_cdecl='"sed -n -e '\''s/^. .* \\(.*\\)\$/extern int \\1;/p'\''"'
pkg_cv_ICE_CFLAGS=' '
pkg_cv_ICE_LIBS=' '
pkg_cv_XTRANS_CFLAGS='-D_BSD_SOURCE -DHAS_FCHOWN -DHAS_STICKY_DIR_BIT  '
pkg_cv_XTRANS_LIBS=' '

## ----------------- ##
## Output variables. ##
## ----------------- ##

ACLOCAL='${SHELL} /home/chris/xorg/installed/libICE-1.0.4/missing --run aclocal-1.10'
AMDEPBACKSLASH='\'
AMDEP_FALSE='#'
AMDEP_TRUE=''
AMTAR='${SHELL} /home/chris/xorg/installed/libICE-1.0.4/missing --run tar'
AR='ar'
AUTOCONF='${SHELL} /home/chris/xorg/installed/libICE-1.0.4/missing --run autoconf'
AUTOHEADER='${SHELL} /home/chris/xorg/installed/libICE-1.0.4/missing --run autoheader'
AUTOMAKE='${SHELL} /home/chris/xorg/installed/libICE-1.0.4/missing --run automake-1.10'
AWK='gawk'
CC='/usr/bin/gcc'
CCDEPMODE='depmode=gcc3'
CFLAGS='-Wall -Wpointer-arith -Wstrict-prototypes 	-Wmissing-prototypes -Wmissing-declarations 	-Wnested-externs -fno-strict-aliasing -g -O2'
CPP='/usr/bin/gcc -E'
CPPFLAGS=''
CXX='g++'
CXXCPP='g++ -E'
CXXDEPMODE='depmode=gcc3'
CXXFLAGS='-g -O2'
CYGPATH_W='echo'
DEFS='-DHAVE_CONFIG_H'
DEPDIR='.deps'
ECHO='echo'
ECHO_C=''
ECHO_N='-n'
ECHO_T=''
EGREP='/bin/grep -E'
EXEEXT=''
F77=''
FFLAGS=''
GREP='/bin/grep'
ICE_CFLAGS=' '
ICE_LIBS=' '
INSTALL_DATA='${INSTALL} -m 644'
INSTALL_PROGRAM='${INSTALL}'
INSTALL_SCRIPT='${INSTALL}'
INSTALL_STRIP_PROGRAM='$(install_sh) -c -s'
LDFLAGS=''
LIBOBJS=''
LIBS=''
LIBTOOL='$(SHELL) $(top_builddir)/libtool'
LINT='no'
LINTLIB=''
LINT_FALSE=''
LINT_FLAGS='   -D_BSD_SOURCE -DHAS_FCHOWN -DHAS_STICKY_DIR_BIT  '
LINT_TRUE='#'
LN_S='ln -s'
LTLIBOBJS=''
MAINT='#'
MAINTAINER_MODE_FALSE=''
MAINTAINER_MODE_TRUE='#'
MAKEINFO='${SHELL} /home/chris/xorg/installed/libICE-1.0.4/missing --run makeinfo'
MAKE_LINT_LIB_FALSE=''
MAKE_LINT_LIB_TRUE='#'
OBJEXT='o'
PACKAGE='libICE'
PACKAGE_BUGREPORT='https://bugs.freedesktop.org/enter_bug.cgi?product=xorg'
PACKAGE_NAME='libICE'
PACKAGE_STRING='libICE 1.0.4'
PACKAGE_TARNAME='libICE'
PACKAGE_VERSION='1.0.4'
PATH_SEPARATOR=':'
PKG_CONFIG='/usr/bin/pkg-config'
RANLIB='ranlib'
SET_MAKE=''
SHELL='/bin/sh'
STRIP='strip'
VERSION='1.0.4'
XTRANS_CFLAGS='-D_BSD_SOURCE -DHAS_FCHOWN -DHAS_STICKY_DIR_BIT  '
XTRANS_LIBS=' '
ac_ct_CC='/usr/bin/gcc'
ac_ct_CXX='g++'
ac_ct_F77=''
am__fastdepCC_FALSE='#'
am__fastdepCC_TRUE=''
am__fastdepCXX_FALSE='#'
am__fastdepCXX_TRUE=''
am__include='include'
am__isrc=''
am__leading_dot='.'
am__quote=''
am__tar='${AMTAR} chof - "$$tardir"'
am__untar='${AMTAR} xf -'
bindir='${exec_prefix}/bin'
build='arm-apple-darwin10.4.0'
build_alias=''
build_cpu='arm'
build_os='darwin10.4.0'
build_vendor='apple'
datadir='${datarootdir}'
datarootdir='${prefix}/share'
docdir='${datarootdir}/doc/${PACKAGE_TARNAME}'
dvidir='${docdir}'
exec_prefix='${prefix}'
host='arm-apple-darwin10.4.0'
host_alias=''
host_cpu='arm'
host_os='darwin10.4.0'
host_vendor='apple'
htmldir='${docdir}'
includedir='${prefix}/include'
infodir='${datarootdir}/info'
install_sh='$(SHELL) /home/chris/xorg/installed/libICE-1.0.4/install-sh'
libdir='${exec_prefix}/lib'
libexecdir='${exec_prefix}/libexec'
localedir='${datarootdir}/locale'
localstatedir='${prefix}/var'
mandir='${datarootdir}/man'
mkdir_p='/bin/mkdir -p'
oldincludedir='/usr/include'
pdfdir='${docdir}'
prefix='/usr/local'
program_transform_name='s,x,x,'
psdir='${docdir}'
sbindir='${exec_prefix}/sbin'
sharedstatedir='${prefix}/com'
sysconfdir='${prefix}/etc'
target_alias=''

## ----------- ##
## confdefs.h. ##
## ----------- ##

#define PACKAGE_NAME "libICE"
#define PACKAGE_TARNAME "libICE"
#define PACKAGE_VERSION "1.0.4"
#define PACKAGE_STRING "libICE 1.0.4"
#define PACKAGE_BUGREPORT "https://bugs.freedesktop.org/enter_bug.cgi?product=xorg"
#define PACKAGE "libICE"
#define VERSION "1.0.4"
#define STDC_HEADERS 1
#define HAVE_SYS_TYPES_H 1
#define HAVE_SYS_STAT_H 1
#define HAVE_STDLIB_H 1
#define HAVE_STRING_H 1
#define HAVE_MEMORY_H 1
#define HAVE_STRINGS_H 1
#define HAVE_INTTYPES_H 1
#define HAVE_STDINT_H 1
#define HAVE_UNISTD_H 1
#define HAVE_DLFCN_H 1
#define RETSIGTYPE void
#define UNIXCONN 1
#define TCPCONN 1
#define IPv6 1
#define BSD44SOCKETS 1
#define ICE_t 1
#define STDC_HEADERS 1
#define PACKAGE_VERSION_MAJOR 1
#define PACKAGE_VERSION_MINOR 0
#define PACKAGE_VERSION_PATCHLEVEL 4

configure: exit 0
