This file contains any messages produced by compilers while
running configure, to aid debugging if configure makes a mistake.

It was created by pango configure 1.29.1, which was
generated by GNU Autoconf 2.68.  Invocation command line was

  $ ./configure 

## --------- ##
## Platform. ##
## --------- ##

hostname = Chriss-iPad
uname -m = iPad1,1
uname -r = 10.4.0
uname -s = Darwin
uname -v = Darwin Kernel Version 10.4.0: Wed Oct 20 20:14:45 PDT 2010; root:xnu-1504.58.28~3/RELEASE_ARM_S5L8930X

/usr/bin/uname -p = unknown
/bin/uname -X     = unknown

/bin/arch              = unknown
/usr/bin/arch -k       = unknown
/usr/convex/getsysinfo = unknown
/usr/bin/hostinfo      = Mach kernel version:
	 Darwin Kernel Version 10.4.0: Wed Oct 20 20:14:45 PDT 2010; root:xnu-1504.58.28~3/RELEASE_ARM_S5L8930X
Kernel configured for a single processor only.
1 processor is physically available.
1 processor is logically available.
Processor type: armv7 (arm v7)
Processor active: 0
Primary memory available: 247.00 megabytes
Default processor set: 37 tasks, 252 threads, 1 processors
Load average: 1.43, Mach factor: 0.37
/bin/machine           = unknown
/usr/bin/oslevel       = unknown
/bin/universe          = unknown

PATH: /usr/local/sbin
PATH: /usr/local/bin
PATH: /usr/sbin
PATH: /usr/bin
PATH: /sbin
PATH: /bin
PATH: /usr/bin/X11
PATH: /usr/games
PATH: /var/mobile/ocaml-3.12.0/bin


## ----------- ##
## Core tests. ##
## ----------- ##

configure:2632: checking for a BSD-compatible install
configure:2700: result: /usr/bin/install -c
configure:2711: checking whether build environment is sane
configure:2761: result: yes
configure:2902: checking for a thread-safe mkdir -p
configure:2941: result: /bin/mkdir -p
configure:2954: checking for gawk
configure:2970: found /usr/bin/gawk
configure:2981: result: gawk
configure:2992: checking whether make sets $(MAKE)
configure:3014: result: yes
configure:3160: checking build system type
configure:3174: result: arm-apple-darwin10.4.0
configure:3194: checking host system type
configure:3207: result: arm-apple-darwin10.4.0
configure:3228: checking for native Win32
configure:3246: result: no
configure:3308: checking for gcc
configure:3335: result: /usr/bin/gcc
configure:3564: checking for C compiler version
configure:3573: /usr/bin/gcc --version >&5
gcc (GCC) 4.2.1 (Based on Apple Inc. build 5555)
Copyright (C) 2007 Free Software Foundation, Inc.
This is free software; see the source for copying conditions.  There is NO
warranty; not even for MERCHANTABILITY or FITNESS FOR A PARTICULAR PURPOSE.

configure:3584: $? = 0
configure:3573: /usr/bin/gcc -v >&5
Using built-in specs.
Target: arm-apple-darwin9
Configured with: ../llvm-gcc-4.2/configure --build=x86_64-unknown-linux-gnu --host=arm-apple-darwin9 --enable-static=no --enable-shared=yes --prefix=/usr --localstatedir=/var/cache/iphone-gcc --enable-languages=c,c++,objc,obj-c++ --enable-wchar_t=no --with-gxx-include-dir=/usr/include/c++/4.0.0
Thread model: posix
gcc version 4.2.1 (Based on Apple Inc. build 5555)
configure:3584: $? = 0
configure:3573: /usr/bin/gcc -V >&5
gcc: '-V' option must have argument
configure:3584: $? = 1
configure:3573: /usr/bin/gcc -qversion >&5
gcc: no input files
configure:3584: $? = 1
configure:3604: checking whether the C compiler works
configure:3626: /usr/bin/gcc    conftest.c  >&5
configure:3630: $? = 0
configure:3678: result: yes
configure:3681: checking for C compiler default output file name
configure:3683: result: a.out
configure:3689: checking for suffix of executables
configure:3696: /usr/bin/gcc -o conftest    conftest.c  >&5
configure:3700: $? = 0
configure:3722: result: 
configure:3744: checking whether we are cross compiling
configure:3752: /usr/bin/gcc -o conftest    conftest.c  >&5
configure:3756: $? = 0
configure:3763: ./conftest
configure:3767: $? = 0
configure:3782: result: no
configure:3787: checking for suffix of object files
configure:3809: /usr/bin/gcc -c   conftest.c >&5
configure:3813: $? = 0
configure:3834: result: o
configure:3838: checking whether we are using the GNU C compiler
configure:3857: /usr/bin/gcc -c   conftest.c >&5
configure:3857: $? = 0
configure:3866: result: yes
configure:3875: checking whether /usr/bin/gcc accepts -g
configure:3895: /usr/bin/gcc -c -g  conftest.c >&5
configure:3895: $? = 0
configure:3936: result: yes
configure:3953: checking for /usr/bin/gcc option to accept ISO C89
configure:4017: /usr/bin/gcc  -c -g -O2  conftest.c >&5
configure:4017: $? = 0
configure:4030: result: none needed
configure:4061: checking for style of include used by make
configure:4089: result: GNU
configure:4114: checking dependency style of /usr/bin/gcc
configure:4224: result: gcc3
configure:4244: checking for c++
configure:4260: found /usr/bin/c++
configure:4271: result: c++
configure:4402: checking for C++ compiler version
configure:4411: c++ --version >&5
c++ (GCC) 4.2.1 (Based on Apple Inc. build 5555)
Copyright (C) 2007 Free Software Foundation, Inc.
This is free software; see the source for copying conditions.  There is NO
warranty; not even for MERCHANTABILITY or FITNESS FOR A PARTICULAR PURPOSE.

configure:4422: $? = 0
configure:4411: c++ -v >&5
Using built-in specs.
Target: arm-apple-darwin9
Configured with: ../llvm-gcc-4.2/configure --build=x86_64-unknown-linux-gnu --host=arm-apple-darwin9 --enable-static=no --enable-shared=yes --prefix=/usr --localstatedir=/var/cache/iphone-gcc --enable-languages=c,c++,objc,obj-c++ --enable-wchar_t=no --with-gxx-include-dir=/usr/include/c++/4.0.0
Thread model: posix
gcc version 4.2.1 (Based on Apple Inc. build 5555)
configure:4422: $? = 0
configure:4411: c++ -V >&5
c++: '-V' option must have argument
configure:4422: $? = 1
configure:4411: c++ -qversion >&5
c++: no input files
configure:4422: $? = 1
configure:4426: checking whether we are using the GNU C++ compiler
configure:4445: c++ -c   conftest.cpp >&5
configure:4445: $? = 0
configure:4454: result: yes
configure:4463: checking whether c++ accepts -g
configure:4483: c++ -c -g  conftest.cpp >&5
configure:4483: $? = 0
configure:4524: result: yes
configure:4549: checking dependency style of c++
configure:4659: result: gcc3
configure:4686: c++ -c -g -O2  conftest.cpp >&5
configure:4686: $? = 0
configure:4823: checking for C++ compiler version
configure:4832: c++ --version >&5
c++ (GCC) 4.2.1 (Based on Apple Inc. build 5555)
Copyright (C) 2007 Free Software Foundation, Inc.
This is free software; see the source for copying conditions.  There is NO
warranty; not even for MERCHANTABILITY or FITNESS FOR A PARTICULAR PURPOSE.

configure:4843: $? = 0
configure:4832: c++ -v >&5
Using built-in specs.
Target: arm-apple-darwin9
Configured with: ../llvm-gcc-4.2/configure --build=x86_64-unknown-linux-gnu --host=arm-apple-darwin9 --enable-static=no --enable-shared=yes --prefix=/usr --localstatedir=/var/cache/iphone-gcc --enable-languages=c,c++,objc,obj-c++ --enable-wchar_t=no --with-gxx-include-dir=/usr/include/c++/4.0.0
Thread model: posix
gcc version 4.2.1 (Based on Apple Inc. build 5555)
configure:4843: $? = 0
configure:4832: c++ -V >&5
c++: '-V' option must have argument
configure:4843: $? = 1
configure:4832: c++ -qversion >&5
c++: no input files
configure:4843: $? = 1
configure:4847: checking whether we are using the GNU C++ compiler
configure:4875: result: yes
configure:4884: checking whether c++ accepts -g
configure:4945: result: yes
configure:4970: checking dependency style of c++
configure:5080: result: gcc3
configure:5099: checking for mprotect
configure:5099: /usr/bin/gcc -o conftest -g -O2   conftest.c  >&5
configure:5099: $? = 0
configure:5099: result: yes
configure:5099: checking for sysconf
configure:5099: /usr/bin/gcc -o conftest -g -O2   conftest.c  >&5
configure:5099: $? = 0
configure:5099: result: yes
configure:5099: checking for getpagesize
configure:5099: /usr/bin/gcc -o conftest -g -O2   conftest.c  >&5
configure:5099: $? = 0
configure:5099: result: yes
configure:5113: checking how to run the C preprocessor
configure:5144: /usr/bin/gcc -E  conftest.c
configure:5144: $? = 0
configure:5158: /usr/bin/gcc -E  conftest.c
conftest.c:20:28: error: ac_nonexistent.h: No such file or directory
configure:5158: $? = 1
configure: failed program was:
| /* confdefs.h */
| #define PACKAGE_NAME "pango"
| #define PACKAGE_TARNAME "pango"
| #define PACKAGE_VERSION "1.29.1"
| #define PACKAGE_STRING "pango 1.29.1"
| #define PACKAGE_BUGREPORT "http://bugzilla.gnome.org/enter_bug.cgi?product=pango"
| #define PACKAGE_URL ""
| #define PACKAGE "pango"
| #define VERSION "1.29.1"
| #define MODULE_VERSION "1.6.0"
| #define PANGO_BINARY_AGE 2901
| #define PANGO_INTERFACE_AGE 0
| #define PANGO_VERSION_MAJOR 1
| #define PANGO_VERSION_MINOR 29
| #define PANGO_VERSION_MICRO 1
| #define HAVE_MPROTECT 1
| #define HAVE_SYSCONF 1
| #define HAVE_GETPAGESIZE 1
| /* end confdefs.h.  */
| #include <ac_nonexistent.h>
configure:5183: result: /usr/bin/gcc -E
configure:5203: /usr/bin/gcc -E  conftest.c
configure:5203: $? = 0
configure:5217: /usr/bin/gcc -E  conftest.c
conftest.c:20:28: error: ac_nonexistent.h: No such file or directory
configure:5217: $? = 1
configure: failed program was:
| /* confdefs.h */
| #define PACKAGE_NAME "pango"
| #define PACKAGE_TARNAME "pango"
| #define PACKAGE_VERSION "1.29.1"
| #define PACKAGE_STRING "pango 1.29.1"
| #define PACKAGE_BUGREPORT "http://bugzilla.gnome.org/enter_bug.cgi?product=pango"
| #define PACKAGE_URL ""
| #define PACKAGE "pango"
| #define VERSION "1.29.1"
| #define MODULE_VERSION "1.6.0"
| #define PANGO_BINARY_AGE 2901
| #define PANGO_INTERFACE_AGE 0
| #define PANGO_VERSION_MAJOR 1
| #define PANGO_VERSION_MINOR 29
| #define PANGO_VERSION_MICRO 1
| #define HAVE_MPROTECT 1
| #define HAVE_SYSCONF 1
| #define HAVE_GETPAGESIZE 1
| /* end confdefs.h.  */
| #include <ac_nonexistent.h>
configure:5246: checking for grep that handles long lines and -e
configure:5304: result: /bin/grep
configure:5309: checking for egrep
configure:5371: result: /bin/grep -E
configure:5376: checking for ANSI C header files
configure:5396: /usr/bin/gcc -c -g -O2  conftest.c >&5
configure:5396: $? = 0
configure:5469: /usr/bin/gcc -o conftest -g -O2   conftest.c  >&5
configure:5469: $? = 0
configure:5469: ./conftest
configure:5469: $? = 0
configure:5480: result: yes
configure:5493: checking for sys/types.h
configure:5493: /usr/bin/gcc -c -g -O2  conftest.c >&5
configure:5493: $? = 0
configure:5493: result: yes
configure:5493: checking for sys/stat.h
configure:5493: /usr/bin/gcc -c -g -O2  conftest.c >&5
configure:5493: $? = 0
configure:5493: result: yes
configure:5493: checking for stdlib.h
configure:5493: /usr/bin/gcc -c -g -O2  conftest.c >&5
configure:5493: $? = 0
configure:5493: result: yes
configure:5493: checking for string.h
configure:5493: /usr/bin/gcc -c -g -O2  conftest.c >&5
configure:5493: $? = 0
configure:5493: result: yes
configure:5493: checking for memory.h
configure:5493: /usr/bin/gcc -c -g -O2  conftest.c >&5
configure:5493: $? = 0
configure:5493: result: yes
configure:5493: checking for strings.h
configure:5493: /usr/bin/gcc -c -g -O2  conftest.c >&5
configure:5493: $? = 0
configure:5493: result: yes
configure:5493: checking for inttypes.h
configure:5493: /usr/bin/gcc -c -g -O2  conftest.c >&5
configure:5493: $? = 0
configure:5493: result: yes
configure:5493: checking for stdint.h
configure:5493: /usr/bin/gcc -c -g -O2  conftest.c >&5
configure:5493: $? = 0
configure:5493: result: yes
configure:5493: checking for unistd.h
configure:5493: /usr/bin/gcc -c -g -O2  conftest.c >&5
configure:5493: $? = 0
configure:5493: result: yes
configure:5508: checking for unistd.h
configure:5508: result: yes
configure:5508: checking sys/mman.h usability
configure:5508: /usr/bin/gcc -c -g -O2  conftest.c >&5
configure:5508: $? = 0
configure:5508: result: yes
configure:5508: checking sys/mman.h presence
configure:5508: /usr/bin/gcc -E  conftest.c
configure:5508: $? = 0
configure:5508: result: yes
configure:5508: checking for sys/mman.h
configure:5508: result: yes
configure:5921: checking how to print strings
configure:5948: result: printf
configure:5969: checking for a sed that does not truncate output
configure:6033: result: /bin/sed
configure:6051: checking for fgrep
configure:6113: result: /bin/grep -F
configure:6148: checking for ld used by /usr/bin/gcc
configure:6215: result: /usr/bin/ld
configure:6222: checking if the linker (/usr/bin/ld) is GNU ld
configure:6237: result: no
configure:6249: checking for BSD- or MS-compatible name lister (nm)
configure:6298: result: /usr/bin/nm -p
configure:6428: checking the name lister (/usr/bin/nm -p) interface
configure:6435: /usr/bin/gcc -c -g -O2  conftest.c >&5
configure:6438: /usr/bin/nm -p "conftest.o"
configure:6441: output
00000000 D _some_variable
configure:6448: result: BSD nm
configure:6451: checking whether ln -s works
configure:6455: result: yes
configure:6463: checking the maximum length of command line arguments
configure:6588: result: 196608
configure:6605: checking whether the shell understands some XSI constructs
configure:6615: result: yes
configure:6619: checking whether the shell understands "+="
configure:6625: result: yes
configure:6660: checking how to convert arm-apple-darwin10.4.0 file names to arm-apple-darwin10.4.0 format
configure:6700: result: func_convert_file_noop
configure:6707: checking how to convert arm-apple-darwin10.4.0 file names to toolchain format
configure:6727: result: func_convert_file_noop
configure:6734: checking for /usr/bin/ld option to reload object files
configure:6741: result: -r
configure:6815: checking for objdump
configure:6842: result: objdump
configure:6871: checking how to recognize dependent libraries
configure:7073: result: pass_all
configure:7158: checking for dlltool
configure:7185: result: dlltool
configure:7215: checking how to associate runtime and link libraries
configure:7242: result: printf %s\n
configure:7302: checking for ar
configure:7318: found /usr/bin/ar
configure:7329: result: ar
configure:7366: checking for archiver @FILE support
configure:7383: /usr/bin/gcc -c -g -O2  conftest.c >&5
configure:7383: $? = 0
configure:7386: ar cru libconftest.a @conftest.lst >&5
ar: @conftest.lst: No such file or directory
configure:7389: $? = 1
configure:7409: result: no
configure:7467: checking for strip
configure:7483: found /usr/bin/strip
configure:7494: result: strip
configure:7566: checking for ranlib
configure:7582: found /usr/bin/ranlib
configure:7593: result: ranlib
configure:7695: checking command to parse /usr/bin/nm -p output from /usr/bin/gcc object
configure:7814: /usr/bin/gcc -c -g -O2  conftest.c >&5
configure:7817: $? = 0
configure:7821: /usr/bin/nm -p conftest.o \| sed -n -e 's/^.*[ ]\([BCDEGRST][BCDEGRST]*\)[ ][ ]*\([_A-Za-z][_A-Za-z0-9]*\)$/\1 \2 \2/p' | sed '/ __gnu_lto/d' \> conftest.nm
configure:7824: $? = 0
cannot find nm_test_var in conftest.nm
configure:7814: /usr/bin/gcc -c -g -O2  conftest.c >&5
configure:7817: $? = 0
configure:7821: /usr/bin/nm -p conftest.o \| sed -n -e 's/^.*[ ]\([BCDEGRST][BCDEGRST]*\)[ ][ ]*_\([_A-Za-z][_A-Za-z0-9]*\)$/\1 _\2 \2/p' | sed '/ __gnu_lto/d' \> conftest.nm
configure:7824: $? = 0
configure:7890: /usr/bin/gcc -o conftest -g -O2   conftest.c conftstm.o >&5
configure:7893: $? = 0
configure:7931: result: ok
configure:7968: checking for sysroot
configure:7998: result: no
configure:8241: checking for mt
configure:8271: result: no
configure:8291: checking if : is a manifest tool
configure:8297: : '-?'
configure:8305: result: no
configure:8361: checking for dsymutil
configure:8391: result: no
configure:8453: checking for nmedit
configure:8469: found /usr/bin/nmedit
configure:8480: result: nmedit
configure:8545: checking for lipo
configure:8561: found /usr/bin/lipo
configure:8572: result: lipo
configure:8637: checking for otool
configure:8653: found /usr/bin/otool
configure:8664: result: otool
configure:8729: checking for otool64
configure:8745: found /usr/bin/otool64
configure:8756: result: otool64
configure:8804: checking for -single_module linker flag
/usr/bin/gcc -g -O2  -o libconftest.dylib -dynamiclib -Wl,-single_module conftest.c
configure:8831: result: yes
configure:8833: checking for -exported_symbols_list linker flag
configure:8853: /usr/bin/gcc -o conftest -g -O2   -Wl,-exported_symbols_list,conftest.sym conftest.c  >&5
configure:8853: $? = 0
configure:8863: result: yes
configure:8865: checking for -force_load linker flag
/usr/bin/gcc -g -O2 -c -o conftest.o conftest.c
ar cru libconftest.a conftest.o
ranlib libconftest.a
/usr/bin/gcc -g -O2  -o conftest conftest.c -Wl,-force_load,./libconftest.a
ld: unknown option: -force_load
collect2: ld returned 1 exit status
configure:8895: result: no
configure:8934: checking for dlfcn.h
configure:8934: /usr/bin/gcc -c -g -O2  conftest.c >&5
configure:8934: $? = 0
configure:8934: result: yes
configure:9099: checking for objdir
configure:9114: result: .libs
configure:9381: checking if /usr/bin/gcc supports -fno-rtti -fno-exceptions
configure:9399: /usr/bin/gcc -c -g -O2  -fno-rtti -fno-exceptions conftest.c >&5
cc1: warning: command line option "-fno-rtti" is valid for C++/ObjC++ but not for C
configure:9403: $? = 0
configure:9416: result: no
configure:9726: checking for /usr/bin/gcc option to produce PIC
configure:9733: result: -fno-common -DPIC
configure:9741: checking if /usr/bin/gcc PIC flag -fno-common -DPIC works
configure:9759: /usr/bin/gcc -c -g -O2  -fno-common -DPIC -DPIC conftest.c >&5
configure:9763: $? = 0
configure:9776: result: yes
configure:9805: checking if /usr/bin/gcc static flag -static works
configure:9833: result: no
configure:9848: checking if /usr/bin/gcc supports -c -o file.o
configure:9869: /usr/bin/gcc -c -g -O2  -o out/conftest2.o conftest.c >&5
configure:9873: $? = 0
configure:9895: result: yes
configure:9903: checking if /usr/bin/gcc supports -c -o file.o
configure:9950: result: yes
configure:9983: checking whether the /usr/bin/gcc linker (/usr/bin/ld) supports shared libraries
configure:11141: result: yes
configure:11386: checking dynamic linker characteristics
configure:12126: result: darwin10.4.0 dyld
configure:12233: checking how to hardcode library paths into programs
configure:12258: result: immediate
configure:12798: checking whether stripping libraries is possible
configure:12812: result: yes
configure:12838: checking if libtool supports shared libraries
configure:12840: result: yes
configure:12843: checking whether to build shared libraries
configure:12864: result: yes
configure:12867: checking whether to build static libraries
configure:12871: result: no
configure:12894: checking how to run the C++ preprocessor
configure:12921: c++ -E  conftest.cpp
configure:12921: $? = 0
configure:12935: c++ -E  conftest.cpp
conftest.cpp:34:28: error: ac_nonexistent.h: No such file or directory
configure:12935: $? = 1
configure: failed program was:
| /* confdefs.h */
| #define PACKAGE_NAME "pango"
| #define PACKAGE_TARNAME "pango"
| #define PACKAGE_VERSION "1.29.1"
| #define PACKAGE_STRING "pango 1.29.1"
| #define PACKAGE_BUGREPORT "http://bugzilla.gnome.org/enter_bug.cgi?product=pango"
| #define PACKAGE_URL ""
| #define PACKAGE "pango"
| #define VERSION "1.29.1"
| #define MODULE_VERSION "1.6.0"
| #define PANGO_BINARY_AGE 2901
| #define PANGO_INTERFACE_AGE 0
| #define PANGO_VERSION_MAJOR 1
| #define PANGO_VERSION_MINOR 29
| #define PANGO_VERSION_MICRO 1
| #define HAVE_MPROTECT 1
| #define HAVE_SYSCONF 1
| #define HAVE_GETPAGESIZE 1
| #define STDC_HEADERS 1
| #define HAVE_SYS_TYPES_H 1
| #define HAVE_SYS_STAT_H 1
| #define HAVE_STDLIB_H 1
| #define HAVE_STRING_H 1
| #define HAVE_MEMORY_H 1
| #define HAVE_STRINGS_H 1
| #define HAVE_INTTYPES_H 1
| #define HAVE_STDINT_H 1
| #define HAVE_UNISTD_H 1
| #define HAVE_UNISTD_H 1
| #define HAVE_SYS_MMAN_H 1
| #define HAVE_DLFCN_H 1
| #define LT_OBJDIR ".libs/"
| /* end confdefs.h.  */
| #include <ac_nonexistent.h>
configure:12960: result: c++ -E
configure:12980: c++ -E  conftest.cpp
configure:12980: $? = 0
configure:12994: c++ -E  conftest.cpp
conftest.cpp:34:28: error: ac_nonexistent.h: No such file or directory
configure:12994: $? = 1
configure: failed program was:
| /* confdefs.h */
| #define PACKAGE_NAME "pango"
| #define PACKAGE_TARNAME "pango"
| #define PACKAGE_VERSION "1.29.1"
| #define PACKAGE_STRING "pango 1.29.1"
| #define PACKAGE_BUGREPORT "http://bugzilla.gnome.org/enter_bug.cgi?product=pango"
| #define PACKAGE_URL ""
| #define PACKAGE "pango"
| #define VERSION "1.29.1"
| #define MODULE_VERSION "1.6.0"
| #define PANGO_BINARY_AGE 2901
| #define PANGO_INTERFACE_AGE 0
| #define PANGO_VERSION_MAJOR 1
| #define PANGO_VERSION_MINOR 29
| #define PANGO_VERSION_MICRO 1
| #define HAVE_MPROTECT 1
| #define HAVE_SYSCONF 1
| #define HAVE_GETPAGESIZE 1
| #define STDC_HEADERS 1
| #define HAVE_SYS_TYPES_H 1
| #define HAVE_SYS_STAT_H 1
| #define HAVE_STDLIB_H 1
| #define HAVE_STRING_H 1
| #define HAVE_MEMORY_H 1
| #define HAVE_STRINGS_H 1
| #define HAVE_INTTYPES_H 1
| #define HAVE_STDINT_H 1
| #define HAVE_UNISTD_H 1
| #define HAVE_UNISTD_H 1
| #define HAVE_SYS_MMAN_H 1
| #define HAVE_DLFCN_H 1
| #define LT_OBJDIR ".libs/"
| /* end confdefs.h.  */
| #include <ac_nonexistent.h>
configure:13164: checking for ld used by c++
configure:13231: result: /usr/bin/ld
configure:13238: checking if the linker (/usr/bin/ld) is GNU ld
configure:13253: result: no
configure:13308: checking whether the c++ linker (/usr/bin/ld) supports shared libraries
configure:14312: result: yes
configure:14347: c++ -c -g -O2 -fno-rtti -fno-exceptions  conftest.cpp >&5
configure:14350: $? = 0
configure:14870: checking for c++ option to produce PIC
configure:14877: result: -fno-common -DPIC
configure:14885: checking if c++ PIC flag -fno-common -DPIC works
configure:14903: c++ -c -g -O2 -fno-rtti -fno-exceptions  -fno-common -DPIC -DPIC conftest.cpp >&5
configure:14907: $? = 0
configure:14920: result: yes
configure:14943: checking if c++ static flag -static works
configure:14971: result: no
configure:14983: checking if c++ supports -c -o file.o
configure:15004: c++ -c -g -O2 -fno-rtti -fno-exceptions  -o out/conftest2.o conftest.cpp >&5
configure:15008: $? = 0
configure:15030: result: yes
configure:15035: checking if c++ supports -c -o file.o
configure:15082: result: yes
configure:15112: checking whether the c++ linker (/usr/bin/ld) supports shared libraries
configure:15146: result: yes
configure:15289: checking dynamic linker characteristics
configure:15963: result: darwin10.4.0 dyld
configure:16016: checking how to hardcode library paths into programs
configure:16041: result: immediate
configure:16101: creating ./config.lt

## ------------------ ##
## Running config.lt. ##
## ------------------ ##
config.lt:692: creating libtool
configure:17758: checking for some Win32 platform
configure:17768: result: no
configure:17972: checking for X
configure:18080: /usr/bin/gcc -E  conftest.c
configure:18080: $? = 0
configure:18111: /usr/bin/gcc -o conftest -g -O2 -Wall   conftest.c -lX11  >&5
configure:18111: $? = 0
configure:18161: result: libraries , headers 
configure:18260: /usr/bin/gcc -o conftest -g -O2 -Wall   conftest.c   -lX11 >&5
configure:18260: $? = 0
configure:18358: checking for gethostbyname
configure:18358: /usr/bin/gcc -o conftest -g -O2 -Wall   conftest.c  >&5
configure:18358: $? = 0
configure:18358: result: yes
configure:18455: checking for connect
configure:18455: /usr/bin/gcc -o conftest -g -O2 -Wall   conftest.c  >&5
configure:18455: $? = 0
configure:18455: result: yes
configure:18504: checking for remove
configure:18504: /usr/bin/gcc -o conftest -g -O2 -Wall   conftest.c  >&5
configure:18504: $? = 0
configure:18504: result: yes
configure:18553: checking for shmat
configure:18553: /usr/bin/gcc -o conftest -g -O2 -Wall   conftest.c  >&5
configure:18553: $? = 0
configure:18553: result: yes
configure:18611: checking for IceConnectionNumber in -lICE
configure:18636: /usr/bin/gcc -o conftest -g -O2 -Wall   conftest.c -lICE   >&5
configure:18636: $? = 0
configure:18645: result: yes
configure:18737: checking for pkg-config
configure:18755: found /usr/bin/pkg-config
configure:18767: result: /usr/bin/pkg-config
configure:18792: checking pkg-config is at least version 0.9.0
configure:18795: result: yes
configure:18805: checking for FONTCONFIG
configure:18812: $PKG_CONFIG --exists --print-errors "fontconfig >= 2.5.0"
configure:18815: $? = 0
configure:18828: $PKG_CONFIG --exists --print-errors "fontconfig >= 2.5.0"
configure:18831: $? = 0
configure:18870: result: yes
configure:18883: checking for FREETYPE
configure:18890: $PKG_CONFIG --exists --print-errors "freetype2"
configure:18893: $? = 0
configure:18906: $PKG_CONFIG --exists --print-errors "freetype2"
configure:18909: $? = 0
configure:18948: result: yes
configure:18976: checking for XFT
configure:18983: $PKG_CONFIG --exists --print-errors "xft >= 2.0.0 xrender"
configure:18986: $? = 0
configure:18999: $PKG_CONFIG --exists --print-errors "xft >= 2.0.0 xrender"
configure:19002: $? = 0
configure:19041: result: yes
configure:19129: checking Carbon/Carbon.h usability
configure:19129: /usr/bin/gcc -c -g -O2 -Wall  conftest.c >&5
conftest.c:70:27: error: Carbon/Carbon.h: No such file or directory
configure:19129: $? = 1
configure: failed program was:
| /* confdefs.h */
| #define PACKAGE_NAME "pango"
| #define PACKAGE_TARNAME "pango"
| #define PACKAGE_VERSION "1.29.1"
| #define PACKAGE_STRING "pango 1.29.1"
| #define PACKAGE_BUGREPORT "http://bugzilla.gnome.org/enter_bug.cgi?product=pango"
| #define PACKAGE_URL ""
| #define PACKAGE "pango"
| #define VERSION "1.29.1"
| #define MODULE_VERSION "1.6.0"
| #define PANGO_BINARY_AGE 2901
| #define PANGO_INTERFACE_AGE 0
| #define PANGO_VERSION_MAJOR 1
| #define PANGO_VERSION_MINOR 29
| #define PANGO_VERSION_MICRO 1
| #define HAVE_MPROTECT 1
| #define HAVE_SYSCONF 1
| #define HAVE_GETPAGESIZE 1
| #define STDC_HEADERS 1
| #define HAVE_SYS_TYPES_H 1
| #define HAVE_SYS_STAT_H 1
| #define HAVE_STDLIB_H 1
| #define HAVE_STRING_H 1
| #define HAVE_MEMORY_H 1
| #define HAVE_STRINGS_H 1
| #define HAVE_INTTYPES_H 1
| #define HAVE_STDINT_H 1
| #define HAVE_UNISTD_H 1
| #define HAVE_UNISTD_H 1
| #define HAVE_SYS_MMAN_H 1
| #define HAVE_DLFCN_H 1
| #define LT_OBJDIR ".libs/"
| #define HAVE_X 1
| #define HAVE_FREETYPE 1
| #define HAVE_XFT 1
| /* end confdefs.h.  */
| #include <stdio.h>
| #ifdef HAVE_SYS_TYPES_H
| # include <sys/types.h>
| #endif
| #ifdef HAVE_SYS_STAT_H
| # include <sys/stat.h>
| #endif
| #ifdef STDC_HEADERS
| # include <stdlib.h>
| # include <stddef.h>
| #else
| # ifdef HAVE_STDLIB_H
| #  include <stdlib.h>
| # endif
| #endif
| #ifdef HAVE_STRING_H
| # if !defined STDC_HEADERS && defined HAVE_MEMORY_H
| #  include <memory.h>
| # endif
| # include <string.h>
| #endif
| #ifdef HAVE_STRINGS_H
| # include <strings.h>
| #endif
| #ifdef HAVE_INTTYPES_H
| # include <inttypes.h>
| #endif
| #ifdef HAVE_STDINT_H
| # include <stdint.h>
| #endif
| #ifdef HAVE_UNISTD_H
| # include <unistd.h>
| #endif
| #include <Carbon/Carbon.h>
configure:19129: result: no
configure:19129: checking Carbon/Carbon.h presence
configure:19129: /usr/bin/gcc -E  conftest.c
conftest.c:37:27: error: Carbon/Carbon.h: No such file or directory
configure:19129: $? = 1
configure: failed program was:
| /* confdefs.h */
| #define PACKAGE_NAME "pango"
| #define PACKAGE_TARNAME "pango"
| #define PACKAGE_VERSION "1.29.1"
| #define PACKAGE_STRING "pango 1.29.1"
| #define PACKAGE_BUGREPORT "http://bugzilla.gnome.org/enter_bug.cgi?product=pango"
| #define PACKAGE_URL ""
| #define PACKAGE "pango"
| #define VERSION "1.29.1"
| #define MODULE_VERSION "1.6.0"
| #define PANGO_BINARY_AGE 2901
| #define PANGO_INTERFACE_AGE 0
| #define PANGO_VERSION_MAJOR 1
| #define PANGO_VERSION_MINOR 29
| #define PANGO_VERSION_MICRO 1
| #define HAVE_MPROTECT 1
| #define HAVE_SYSCONF 1
| #define HAVE_GETPAGESIZE 1
| #define STDC_HEADERS 1
| #define HAVE_SYS_TYPES_H 1
| #define HAVE_SYS_STAT_H 1
| #define HAVE_STDLIB_H 1
| #define HAVE_STRING_H 1
| #define HAVE_MEMORY_H 1
| #define HAVE_STRINGS_H 1
| #define HAVE_INTTYPES_H 1
| #define HAVE_STDINT_H 1
| #define HAVE_UNISTD_H 1
| #define HAVE_UNISTD_H 1
| #define HAVE_SYS_MMAN_H 1
| #define HAVE_DLFCN_H 1
| #define LT_OBJDIR ".libs/"
| #define HAVE_X 1
| #define HAVE_FREETYPE 1
| #define HAVE_XFT 1
| /* end confdefs.h.  */
| #include <Carbon/Carbon.h>
configure:19129: result: no
configure:19129: checking for Carbon/Carbon.h
configure:19129: result: no
configure:19142: checking for CoreText availability
configure:19157: /usr/bin/gcc -o conftest -g -O2 -Wall   conftest.c  -framework ApplicationServices >&5
conftest.c:37:27: error: Carbon/Carbon.h: No such file or directory
conftest.c: In function 'main':
conftest.c:41: warning: implicit declaration of function 'CTGetCoreTextVersion'
configure:19157: $? = 1
configure: failed program was:
| /* confdefs.h */
| #define PACKAGE_NAME "pango"
| #define PACKAGE_TARNAME "pango"
| #define PACKAGE_VERSION "1.29.1"
| #define PACKAGE_STRING "pango 1.29.1"
| #define PACKAGE_BUGREPORT "http://bugzilla.gnome.org/enter_bug.cgi?product=pango"
| #define PACKAGE_URL ""
| #define PACKAGE "pango"
| #define VERSION "1.29.1"
| #define MODULE_VERSION "1.6.0"
| #define PANGO_BINARY_AGE 2901
| #define PANGO_INTERFACE_AGE 0
| #define PANGO_VERSION_MAJOR 1
| #define PANGO_VERSION_MINOR 29
| #define PANGO_VERSION_MICRO 1
| #define HAVE_MPROTECT 1
| #define HAVE_SYSCONF 1
| #define HAVE_GETPAGESIZE 1
| #define STDC_HEADERS 1
| #define HAVE_SYS_TYPES_H 1
| #define HAVE_SYS_STAT_H 1
| #define HAVE_STDLIB_H 1
| #define HAVE_STRING_H 1
| #define HAVE_MEMORY_H 1
| #define HAVE_STRINGS_H 1
| #define HAVE_INTTYPES_H 1
| #define HAVE_STDINT_H 1
| #define HAVE_UNISTD_H 1
| #define HAVE_UNISTD_H 1
| #define HAVE_SYS_MMAN_H 1
| #define HAVE_DLFCN_H 1
| #define LT_OBJDIR ".libs/"
| #define HAVE_X 1
| #define HAVE_FREETYPE 1
| #define HAVE_XFT 1
| /* end confdefs.h.  */
| #include <Carbon/Carbon.h>
| int
| main ()
| {
| CTGetCoreTextVersion ();
|   ;
|   return 0;
| }
configure:19172: result: no
configure:19199: checking for CAIRO
configure:19206: $PKG_CONFIG --exists --print-errors "cairo >= $cairo_required"
configure:19209: $? = 0
configure:19222: $PKG_CONFIG --exists --print-errors "cairo >= $cairo_required"
configure:19225: $? = 0
configure:19264: result: yes
configure:19280: $PKG_CONFIG --exists --print-errors "cairo-ft >= $cairo_required"
configure:19283: $? = 0
configure:19320: $PKG_CONFIG --exists --print-errors "cairo-quartz-font >= $cairo_required"
Package cairo-quartz-font was not found in the pkg-config search path.
Perhaps you should add the directory containing `cairo-quartz-font.pc'
to the PKG_CONFIG_PATH environment variable
No package 'cairo-quartz-font' found
configure:19323: $? = 1
configure:19338: checking which cairo font backends could be used
configure:19341: result: freetype 
configure:19356: $PKG_CONFIG --exists --print-errors "cairo-png >= $cairo_required"
configure:19359: $? = 0
configure:19372: $PKG_CONFIG --exists --print-errors "cairo-ps >= $cairo_required"
configure:19375: $? = 0
configure:19388: $PKG_CONFIG --exists --print-errors "cairo-pdf >= $cairo_required"
configure:19391: $? = 0
configure:19404: $PKG_CONFIG --exists --print-errors "cairo-xlib >= $cairo_required"
configure:19407: $? = 0
configure:19508: checking for GLIB
configure:19515: $PKG_CONFIG --exists --print-errors "$GLIB_MODULES"
configure:19518: $? = 0
configure:19531: $PKG_CONFIG --exists --print-errors "$GLIB_MODULES"
configure:19534: $? = 0
configure:19575: result: yes
configure:19603: checking for LIBTHAI
configure:19610: $PKG_CONFIG --exists --print-errors "libthai >= $LIBTHAI_REQUIRED_VERSION"
Package libthai was not found in the pkg-config search path.
Perhaps you should add the directory containing `libthai.pc'
to the PKG_CONFIG_PATH environment variable
No package 'libthai' found
configure:19613: $? = 1
configure:19626: $PKG_CONFIG --exists --print-errors "libthai >= $LIBTHAI_REQUIRED_VERSION"
Package libthai was not found in the pkg-config search path.
Perhaps you should add the directory containing `libthai.pc'
to the PKG_CONFIG_PATH environment variable
No package 'libthai' found
configure:19629: $? = 1
configure:19642: result: no
No package 'libthai' found
configure:19658: result: no
configure:19688: checking for gobject-introspection
configure:19719: $PKG_CONFIG --exists --print-errors "gobject-introspection-1.0 >= 0.9.5"
Package gobject-introspection-1.0 was not found in the pkg-config search path.
Perhaps you should add the directory containing `gobject-introspection-1.0.pc'
to the PKG_CONFIG_PATH environment variable
No package 'gobject-introspection-1.0' found
configure:19722: $? = 1
configure:19733: result: no
configure:19793: checking modules to link statically
configure:19809: result: 
configure:19823: checking dynamic modules to build
configure:19839: result: arabic-fc,arabic-lang,basic-fc,basic-win32,basic-x,basic-atsui,basic-coretext,hangul-fc,hebrew-fc,indic-fc,indic-lang,khmer-fc,syriac-fc,thai-fc,tibetan-fc (those built into Pango will be excluded)
configure:20150: checking for flockfile
configure:20150: /usr/bin/gcc -o conftest -g -O2 -Wall   conftest.c  >&5
configure:20150: $? = 0
configure:20150: result: yes
configure:20150: checking for strtok_r
configure:20150: /usr/bin/gcc -o conftest -g -O2 -Wall   conftest.c  >&5
configure:20150: $? = 0
configure:20150: result: yes
configure:20173: checking for gtkdoc-check
configure:20206: result: no
configure:20215: checking for gtkdoc-rebase
configure:20248: result: no
configure:20259: checking for gtkdoc-mkpdf
configure:20292: result: no
configure:20330: checking whether to build gtk-doc documentation
configure:20332: result: no
configure:20636: checking Whether to write dependencies into .pc files
configure:20653: result: no
configure:20708: checking for dirent.h that defines DIR
configure:20727: /usr/bin/gcc -c -g -O2 -Wall  conftest.c >&5
configure:20727: $? = 0
configure:20735: result: yes
configure:20748: checking for library containing opendir
configure:20779: /usr/bin/gcc -o conftest -g -O2 -Wall   conftest.c  >&5
configure:20779: $? = 0
configure:20796: result: none required
configure:20865: checking for unistd.h
configure:20865: result: yes
configure:21269: creating ./config.status

## ---------------------- ##
## Running config.status. ##
## ---------------------- ##

This file was extended by pango config.status 1.29.1, which was
generated by GNU Autoconf 2.68.  Invocation command line was

  CONFIG_FILES    = 
  CONFIG_HEADERS  = 
  CONFIG_LINKS    = 
  CONFIG_COMMANDS = 
  $ ./config.status 

on Chriss-iPad

config.status:1421: creating Makefile
config.status:1421: creating pango/Makefile
config.status:1421: creating pango/mini-fribidi/Makefile
config.status:1421: creating pango/opentype/Makefile
config.status:1421: creating pango/pango.rc
config.status:1421: creating pango/pangoft2.rc
config.status:1421: creating pango/pangowin32.rc
config.status:1421: creating pango/pangocairo.rc
config.status:1421: creating pango/pangox.rc
config.status:1421: creating pango/pangoxft.rc
config.status:1421: creating pango-view/Makefile
config.status:1421: creating modules/Makefile
config.status:1421: creating modules/arabic/Makefile
config.status:1421: creating modules/basic/Makefile
config.status:1421: creating modules/hangul/Makefile
config.status:1421: creating modules/hebrew/Makefile
config.status:1421: creating modules/indic/Makefile
config.status:1421: creating modules/khmer/Makefile
config.status:1421: creating modules/syriac/Makefile
config.status:1421: creating modules/thai/Makefile
config.status:1421: creating modules/tibetan/Makefile
config.status:1421: creating examples/Makefile
config.status:1421: creating docs/Makefile
config.status:1421: creating docs/version.xml
config.status:1421: creating tools/Makefile
config.status:1421: creating tests/Makefile
config.status:1421: creating build/Makefile
config.status:1421: creating build/win32/Makefile
config.status:1421: creating build/win32/vs9/Makefile
config.status:1421: creating pango.pc
config.status:1421: creating pangox.pc
config.status:1421: creating pangowin32.pc
config.status:1421: creating pangoft2.pc
config.status:1421: creating pangoxft.pc
config.status:1421: creating pangocairo.pc
config.status:1421: creating pango-uninstalled.pc
config.status:1421: creating pangox-uninstalled.pc
config.status:1421: creating pangowin32-uninstalled.pc
config.status:1421: creating pangoft2-uninstalled.pc
config.status:1421: creating pangoxft-uninstalled.pc
config.status:1421: creating pangocairo-uninstalled.pc
config.status:1421: creating pango-zip.sh
config.status:1421: creating config.h.win32
config.status:1421: creating tests/runtests.sh
config.status:1421: creating config.h
config.status:1650: executing depfiles commands
config.status:1650: executing libtool commands
config.status:1650: executing pango/module-defs.h commands
config.status:1650: executing pango/module-defs-x.c commands
config.status:1650: executing pango/module-defs-fc.c commands
config.status:1650: executing pango/module-defs-win32.c commands
config.status:1650: executing pango/module-defs-atsui.c commands
config.status:1650: executing pango/module-defs-coretext.c commands
config.status:1650: executing pango/module-defs-lang.c commands
config.status:1650: executing pango/pango-features.h commands
config.status:2743: creating pango/pango-features.h
config.status:2763: pango/pango-features.h is unchanged

## ---------------- ##
## Cache variables. ##
## ---------------- ##

ac_cv_build=arm-apple-darwin10.4.0
ac_cv_c_compiler_gnu=yes
ac_cv_cxx_compiler_gnu=yes
ac_cv_env_CAIRO_CFLAGS_set=
ac_cv_env_CAIRO_CFLAGS_value=
ac_cv_env_CAIRO_LIBS_set=
ac_cv_env_CAIRO_LIBS_value=
ac_cv_env_CCC_set=
ac_cv_env_CCC_value=
ac_cv_env_CC_set=set
ac_cv_env_CC_value=/usr/bin/gcc
ac_cv_env_CFLAGS_set=
ac_cv_env_CFLAGS_value=
ac_cv_env_CPPFLAGS_set=
ac_cv_env_CPPFLAGS_value=
ac_cv_env_CPP_set=
ac_cv_env_CPP_value=
ac_cv_env_CXXCPP_set=
ac_cv_env_CXXCPP_value=
ac_cv_env_CXXFLAGS_set=
ac_cv_env_CXXFLAGS_value=
ac_cv_env_CXX_set=
ac_cv_env_CXX_value=
ac_cv_env_FONTCONFIG_CFLAGS_set=
ac_cv_env_FONTCONFIG_CFLAGS_value=
ac_cv_env_FONTCONFIG_LIBS_set=
ac_cv_env_FONTCONFIG_LIBS_value=
ac_cv_env_FREETYPE_CFLAGS_set=
ac_cv_env_FREETYPE_CFLAGS_value=
ac_cv_env_FREETYPE_LIBS_set=
ac_cv_env_FREETYPE_LIBS_value=
ac_cv_env_GLIB_CFLAGS_set=
ac_cv_env_GLIB_CFLAGS_value=
ac_cv_env_GLIB_LIBS_set=
ac_cv_env_GLIB_LIBS_value=
ac_cv_env_LDFLAGS_set=
ac_cv_env_LDFLAGS_value=
ac_cv_env_LIBS_set=
ac_cv_env_LIBS_value=
ac_cv_env_LIBTHAI_CFLAGS_set=
ac_cv_env_LIBTHAI_CFLAGS_value=
ac_cv_env_LIBTHAI_LIBS_set=
ac_cv_env_LIBTHAI_LIBS_value=
ac_cv_env_PKG_CONFIG_LIBDIR_set=
ac_cv_env_PKG_CONFIG_LIBDIR_value=
ac_cv_env_PKG_CONFIG_PATH_set=set
ac_cv_env_PKG_CONFIG_PATH_value=/usr/local/lib/pkgconfig:/usr/lib/pkgconfig
ac_cv_env_PKG_CONFIG_set=
ac_cv_env_PKG_CONFIG_value=
ac_cv_env_XFT_CFLAGS_set=
ac_cv_env_XFT_CFLAGS_value=
ac_cv_env_XFT_LIBS_set=
ac_cv_env_XFT_LIBS_value=
ac_cv_env_XMKMF_set=
ac_cv_env_XMKMF_value=
ac_cv_env_build_alias_set=
ac_cv_env_build_alias_value=
ac_cv_env_host_alias_set=
ac_cv_env_host_alias_value=
ac_cv_env_target_alias_set=
ac_cv_env_target_alias_value=
ac_cv_func_connect=yes
ac_cv_func_flockfile=yes
ac_cv_func_gethostbyname=yes
ac_cv_func_getpagesize=yes
ac_cv_func_mprotect=yes
ac_cv_func_remove=yes
ac_cv_func_shmat=yes
ac_cv_func_strtok_r=yes
ac_cv_func_sysconf=yes
ac_cv_have_x='have_x=yes	ac_x_includes='\'''\''	ac_x_libraries='\'''\'''
ac_cv_header_Carbon_Carbon_h=no
ac_cv_header_dirent_dirent_h=yes
ac_cv_header_dlfcn_h=yes
ac_cv_header_inttypes_h=yes
ac_cv_header_memory_h=yes
ac_cv_header_stdc=yes
ac_cv_header_stdint_h=yes
ac_cv_header_stdlib_h=yes
ac_cv_header_string_h=yes
ac_cv_header_strings_h=yes
ac_cv_header_sys_mman_h=yes
ac_cv_header_sys_stat_h=yes
ac_cv_header_sys_types_h=yes
ac_cv_header_unistd_h=yes
ac_cv_host=arm-apple-darwin10.4.0
ac_cv_lib_ICE_IceConnectionNumber=yes
ac_cv_objext=o
ac_cv_path_EGREP='/bin/grep -E'
ac_cv_path_FGREP='/bin/grep -F'
ac_cv_path_GREP=/bin/grep
ac_cv_path_SED=/bin/sed
ac_cv_path_ac_pt_PKG_CONFIG=/usr/bin/pkg-config
ac_cv_path_install='/usr/bin/install -c'
ac_cv_path_mkdir=/bin/mkdir
ac_cv_prog_AWK=gawk
ac_cv_prog_CPP='/usr/bin/gcc -E'
ac_cv_prog_CXX=c++
ac_cv_prog_CXXCPP='c++ -E'
ac_cv_prog_ac_ct_AR=ar
ac_cv_prog_ac_ct_CC=/usr/bin/gcc
ac_cv_prog_ac_ct_DLLTOOL=dlltool
ac_cv_prog_ac_ct_LIPO=lipo
ac_cv_prog_ac_ct_NMEDIT=nmedit
ac_cv_prog_ac_ct_OBJDUMP=objdump
ac_cv_prog_ac_ct_OTOOL64=otool64
ac_cv_prog_ac_ct_OTOOL=otool
ac_cv_prog_ac_ct_RANLIB=ranlib
ac_cv_prog_ac_ct_STRIP=strip
ac_cv_prog_cc_c89=
ac_cv_prog_cc_g=yes
ac_cv_prog_cxx_g=yes
ac_cv_prog_make_make_set=yes
ac_cv_search_opendir='none required'
am_cv_CC_dependencies_compiler_type=gcc3
am_cv_CXX_dependencies_compiler_type=gcc3
lt_cv_apple_cc_single_mod=yes
lt_cv_ar_at_file=no
lt_cv_deplibs_check_method=pass_all
lt_cv_file_magic_cmd='$MAGIC_CMD'
lt_cv_file_magic_test_file=
lt_cv_ld_exported_symbols_list=yes
lt_cv_ld_force_load=no
lt_cv_ld_reload_flag=-r
lt_cv_nm_interface='BSD nm'
lt_cv_objdir=.libs
lt_cv_path_LD=/usr/bin/ld
lt_cv_path_LDCXX=/usr/bin/ld
lt_cv_path_NM='/usr/bin/nm -p'
lt_cv_path_mainfest_tool=no
lt_cv_prog_compiler_c_o=yes
lt_cv_prog_compiler_c_o_CXX=yes
lt_cv_prog_compiler_pic='-fno-common -DPIC'
lt_cv_prog_compiler_pic_CXX='-fno-common -DPIC'
lt_cv_prog_compiler_pic_works=yes
lt_cv_prog_compiler_pic_works_CXX=yes
lt_cv_prog_compiler_rtti_exceptions=no
lt_cv_prog_compiler_static_works=no
lt_cv_prog_compiler_static_works_CXX=no
lt_cv_prog_gnu_ld=no
lt_cv_prog_gnu_ldcxx=no
lt_cv_sharedlib_from_linklib_cmd='printf %s\n'
lt_cv_sys_global_symbol_pipe='sed -n -e '\''s/^.*[	 ]\([BCDEGRST][BCDEGRST]*\)[	 ][	 ]*_\([_A-Za-z][_A-Za-z0-9]*\)$/\1 _\2 \2/p'\'' | sed '\''/ __gnu_lto/d'\'''
lt_cv_sys_global_symbol_to_c_name_address='sed -n -e '\''s/^: \([^ ]*\)[ ]*$/  {\"\1\", (void *) 0},/p'\'' -e '\''s/^[BCDEGRST]* \([^ ]*\) \([^ ]*\)$/  {"\2", (void *) \&\2},/p'\'''
lt_cv_sys_global_symbol_to_c_name_address_lib_prefix='sed -n -e '\''s/^: \([^ ]*\)[ ]*$/  {\"\1\", (void *) 0},/p'\'' -e '\''s/^[BCDEGRST]* \([^ ]*\) \(lib[^ ]*\)$/  {"\2", (void *) \&\2},/p'\'' -e '\''s/^[BCDEGRST]* \([^ ]*\) \([^ ]*\)$/  {"lib\2", (void *) \&\2},/p'\'''
lt_cv_sys_global_symbol_to_cdecl='sed -n -e '\''s/^T .* \(.*\)$/extern int \1();/p'\'' -e '\''s/^[BCDEGRST]* .* \(.*\)$/extern char \1;/p'\'''
lt_cv_sys_max_cmd_len=196608
lt_cv_to_host_file_cmd=func_convert_file_noop
lt_cv_to_tool_file_cmd=func_convert_file_noop
pkg_cv_CAIRO_CFLAGS='-D_REENTRANT -I/usr/local/include/cairo -I/usr/local/include/glib-2.0 -I/usr/local/lib/glib-2.0/include -I/usr/local/include/pixman-1 -I/usr/local/include/freetype2 -I/usr/local/include/libpng14  '
pkg_cv_CAIRO_LIBS='-L/usr/local/lib -lcairo  '
pkg_cv_FONTCONFIG_CFLAGS=' '
pkg_cv_FONTCONFIG_LIBS='-L/usr/local/lib -lfontconfig  '
pkg_cv_FREETYPE_CFLAGS='-I/usr/local/include/freetype2  '
pkg_cv_FREETYPE_LIBS='-L/usr/local/lib -lfreetype  '
pkg_cv_GLIB_CFLAGS='-D_REENTRANT -I/usr/local/include/glib-2.0 -I/usr/local/lib/glib-2.0/include  '
pkg_cv_GLIB_LIBS='-L/usr/local/lib -lgobject-2.0 -lgthread-2.0 -lgmodule-2.0 -lglib-2.0 -lintl  '
pkg_cv_XFT_CFLAGS='-I/usr/local/include/freetype2  '
pkg_cv_XFT_LIBS='-L/usr/local/lib -lXft -lfreetype -lz -lfontconfig -lXrender -lX11  '

## ----------------- ##
## Output variables. ##
## ----------------- ##

ACLOCAL='${SHELL} /home/chris/pango-1.29.1/missing --run aclocal-1.11 '
AMDEPBACKSLASH='\'
AMDEP_FALSE='#'
AMDEP_TRUE=''
AMTAR='${SHELL} /home/chris/pango-1.29.1/missing --run tar'
AM_BACKSLASH='\'
AM_DEFAULT_VERBOSITY='0'
AR='ar'
AS='as'
AUTOCONF='${SHELL} /home/chris/pango-1.29.1/missing --run autoconf'
AUTOHEADER='${SHELL} /home/chris/pango-1.29.1/missing --run autoheader'
AUTOMAKE='${SHELL} /home/chris/pango-1.29.1/missing --run automake-1.11'
AWK='gawk'
CAIRO_CFLAGS='-D_REENTRANT -I/usr/local/include/cairo -I/usr/local/include/glib-2.0 -I/usr/local/lib/glib-2.0/include -I/usr/local/include/pixman-1 -I/usr/local/include/freetype2 -I/usr/local/include/libpng14  '
CAIRO_LIBS='-L/usr/local/lib -lcairo  '
CAIRO_PREFIX='/usr/local'
CC='/usr/bin/gcc'
CCDEPMODE='depmode=gcc3'
CFLAGS='-g -O2 -Wall'
CPP='/usr/bin/gcc -E'
CPPFLAGS=''
CROSS_COMPILING_FALSE=''
CROSS_COMPILING_TRUE='#'
CXX='c++'
CXXCPP='c++ -E'
CXXDEPMODE='depmode=gcc3'
CXXFLAGS='-g -O2 -fno-rtti -fno-exceptions'
CYGPATH_W='echo'
DEFS='-DHAVE_CONFIG_H'
DEPDIR='.deps'
DISABLE_EXPLICIT_DEPS_FALSE='#'
DISABLE_EXPLICIT_DEPS_TRUE=''
DLLTOOL='dlltool'
DSYMUTIL=':'
DUMPBIN=''
DYNAMIC_ARABIC_FC_FALSE='#'
DYNAMIC_ARABIC_FC_TRUE=''
DYNAMIC_ARABIC_LANG_FALSE='#'
DYNAMIC_ARABIC_LANG_TRUE=''
DYNAMIC_BASIC_ATSUI_FALSE='#'
DYNAMIC_BASIC_ATSUI_TRUE=''
DYNAMIC_BASIC_CORE_TEXT_FALSE='#'
DYNAMIC_BASIC_CORE_TEXT_TRUE=''
DYNAMIC_BASIC_FC_FALSE='#'
DYNAMIC_BASIC_FC_TRUE=''
DYNAMIC_BASIC_WIN32_FALSE='#'
DYNAMIC_BASIC_WIN32_TRUE=''
DYNAMIC_BASIC_X_FALSE='#'
DYNAMIC_BASIC_X_TRUE=''
DYNAMIC_HANGUL_FC_FALSE='#'
DYNAMIC_HANGUL_FC_TRUE=''
DYNAMIC_HEBREW_FC_FALSE='#'
DYNAMIC_HEBREW_FC_TRUE=''
DYNAMIC_INDIC_FC_FALSE='#'
DYNAMIC_INDIC_FC_TRUE=''
DYNAMIC_INDIC_LANG_FALSE='#'
DYNAMIC_INDIC_LANG_TRUE=''
DYNAMIC_KHMER_FC_FALSE='#'
DYNAMIC_KHMER_FC_TRUE=''
DYNAMIC_SYRIAC_FC_FALSE='#'
DYNAMIC_SYRIAC_FC_TRUE=''
DYNAMIC_THAI_FC_FALSE='#'
DYNAMIC_THAI_FC_TRUE=''
DYNAMIC_THAI_LANG_FALSE=''
DYNAMIC_THAI_LANG_TRUE='#'
DYNAMIC_TIBETAN_FC_FALSE='#'
DYNAMIC_TIBETAN_FC_TRUE=''
ECHO_C=''
ECHO_N='-n'
ECHO_T=''
EGREP='/bin/grep -E'
ENABLE_DOC_CROSS_REFERENCES_FALSE='#'
ENABLE_DOC_CROSS_REFERENCES_TRUE=''
ENABLE_GTK_DOC_FALSE=''
ENABLE_GTK_DOC_TRUE='#'
ENABLE_MAN_FALSE=''
ENABLE_MAN_TRUE='#'
EXEEXT=''
FGREP='/bin/grep -F'
FONTCONFIG_CFLAGS=' '
FONTCONFIG_LIBS='-L/usr/local/lib -lfontconfig  '
FREETYPE_CFLAGS='-I/usr/local/include/freetype2    '
FREETYPE_LIBS='-L/usr/local/lib -lfreetype   -L/usr/local/lib -lfontconfig  '
GLIB_CFLAGS='-D_REENTRANT -I/usr/local/include/glib-2.0 -I/usr/local/lib/glib-2.0/include  '
GLIB_LIBS='-L/usr/local/lib -lgobject-2.0 -lgthread-2.0 -lgmodule-2.0 -lglib-2.0 -lintl  '
GLIB_MKENUMS='glib-mkenums'
GLIB_PREFIX='/usr/local'
GREP='/bin/grep'
GTKDOC_CHECK=''
GTKDOC_MKPDF=''
GTKDOC_REBASE='true'
GTK_DOC_BUILD_HTML_FALSE='#'
GTK_DOC_BUILD_HTML_TRUE=''
GTK_DOC_BUILD_PDF_FALSE=''
GTK_DOC_BUILD_PDF_TRUE='#'
GTK_DOC_USE_LIBTOOL_FALSE='#'
GTK_DOC_USE_LIBTOOL_TRUE=''
GTK_DOC_USE_REBASE_FALSE='#'
GTK_DOC_USE_REBASE_TRUE=''
HAVE_CAIRO_ATSUI_FALSE=''
HAVE_CAIRO_ATSUI_TRUE='#'
HAVE_CAIRO_FALSE='#'
HAVE_CAIRO_FREETYPE_FALSE='#'
HAVE_CAIRO_FREETYPE_TRUE=''
HAVE_CAIRO_PDF_FALSE='#'
HAVE_CAIRO_PDF_TRUE=''
HAVE_CAIRO_PNG_FALSE='#'
HAVE_CAIRO_PNG_TRUE=''
HAVE_CAIRO_PS_FALSE='#'
HAVE_CAIRO_PS_TRUE=''
HAVE_CAIRO_TRUE=''
HAVE_CAIRO_WIN32_FALSE=''
HAVE_CAIRO_WIN32_TRUE='#'
HAVE_CAIRO_XLIB_FALSE='#'
HAVE_CAIRO_XLIB_TRUE=''
HAVE_CORE_TEXT_FALSE=''
HAVE_CORE_TEXT_TRUE='#'
HAVE_CXX_FALSE='#'
HAVE_CXX_TRUE=''
HAVE_DYNAMIC_MODULES_FALSE='#'
HAVE_DYNAMIC_MODULES_TRUE=''
HAVE_FREETYPE_FALSE='#'
HAVE_FREETYPE_TRUE=''
HAVE_INCLUDED_MODULES_FALSE=''
HAVE_INCLUDED_MODULES_TRUE='#'
HAVE_INTROSPECTION_FALSE=''
HAVE_INTROSPECTION_TRUE='#'
HAVE_WIN32_FALSE=''
HAVE_WIN32_TRUE='#'
HAVE_XFT_FALSE='#'
HAVE_XFT_TRUE=''
HAVE_X_FALSE='#'
HAVE_X_TRUE=''
HTML_DIR='${datadir}/gtk-doc/html'
INCLUDED_ATSUI_MODULES=''
INCLUDED_CORE_TEXT_MODULES=''
INCLUDED_FC_MODULES=''
INCLUDED_LANG_MODULES=''
INCLUDED_WIN32_MODULES=''
INCLUDED_X_MODULES=''
INCLUDE_ARABIC_FC_FALSE=''
INCLUDE_ARABIC_FC_TRUE='#'
INCLUDE_ARABIC_LANG_FALSE=''
INCLUDE_ARABIC_LANG_TRUE='#'
INCLUDE_BASIC_ATSUI_FALSE=''
INCLUDE_BASIC_ATSUI_TRUE='#'
INCLUDE_BASIC_CORE_TEXT_FALSE=''
INCLUDE_BASIC_CORE_TEXT_TRUE='#'
INCLUDE_BASIC_FC_FALSE=''
INCLUDE_BASIC_FC_TRUE='#'
INCLUDE_BASIC_WIN32_FALSE=''
INCLUDE_BASIC_WIN32_TRUE='#'
INCLUDE_BASIC_X_FALSE=''
INCLUDE_BASIC_X_TRUE='#'
INCLUDE_HANGUL_FC_FALSE=''
INCLUDE_HANGUL_FC_TRUE='#'
INCLUDE_HEBREW_FC_FALSE=''
INCLUDE_HEBREW_FC_TRUE='#'
INCLUDE_INDIC_FC_FALSE=''
INCLUDE_INDIC_FC_TRUE='#'
INCLUDE_INDIC_LANG_FALSE=''
INCLUDE_INDIC_LANG_TRUE='#'
INCLUDE_KHMER_FC_FALSE=''
INCLUDE_KHMER_FC_TRUE='#'
INCLUDE_SYRIAC_FC_FALSE=''
INCLUDE_SYRIAC_FC_TRUE='#'
INCLUDE_THAI_FC_FALSE=''
INCLUDE_THAI_FC_TRUE='#'
INCLUDE_THAI_LANG_FALSE=''
INCLUDE_THAI_LANG_TRUE='#'
INCLUDE_TIBETAN_FC_FALSE=''
INCLUDE_TIBETAN_FC_TRUE='#'
INSTALL_DATA='${INSTALL} -m 644'
INSTALL_PROGRAM='${INSTALL}'
INSTALL_SCRIPT='${INSTALL}'
INSTALL_STRIP_PROGRAM='$(install_sh) -c -s'
INTROSPECTION_CFLAGS=''
INTROSPECTION_COMPILER=''
INTROSPECTION_GENERATE=''
INTROSPECTION_GIRDIR=''
INTROSPECTION_LIBS=''
INTROSPECTION_MAKEFILE=''
INTROSPECTION_SCANNER=''
INTROSPECTION_TYPELIBDIR=''
LD='/usr/bin/ld'
LDFLAGS=''
LIBOBJS=''
LIBRARY_LIBTOOL_OPTIONS='-version-info 2901:0:2901 -export-symbols-regex "^pango_.*"'
LIBS=''
LIBTHAI_CFLAGS=''
LIBTHAI_LIBS=''
LIBTOOL='$(SHELL) $(top_builddir)/libtool'
LIB_EXE_MACHINE_FLAG=''
LIPO='lipo'
LN_S='ln -s'
LTLIBOBJS=''
MAKEINFO='${SHELL} /home/chris/pango-1.29.1/missing --run makeinfo'
MANIFEST_TOOL=':'
MKDIR_P='/bin/mkdir -p'
MODULE_LIBTOOL_OPTIONS='-export-dynamic -avoid-version -export-symbols-regex "^script_engine_.*"'
MS_LIB_AVAILABLE_FALSE=''
MS_LIB_AVAILABLE_TRUE='#'
NM='/usr/bin/nm -p'
NMEDIT='nmedit'
OBJDUMP='objdump'
OBJEXT='o'
OS_WIN32_FALSE=''
OS_WIN32_TRUE='#'
OTOOL64='otool64'
OTOOL='otool'
PACKAGE='pango'
PACKAGE_BUGREPORT='http://bugzilla.gnome.org/enter_bug.cgi?product=pango'
PACKAGE_NAME='pango'
PACKAGE_STRING='pango 1.29.1'
PACKAGE_TARNAME='pango'
PACKAGE_URL=''
PACKAGE_VERSION='1.29.1'
PANGO_API_VERSION='1.0'
PANGO_BINARY_AGE='2901'
PANGO_CURRENT_MINUS_AGE='0'
PANGO_DEBUG_FLAGS='-DPANGO_ENABLE_DEBUG'
PANGO_INTERFACE_AGE='0'
PANGO_MODULE_VERSION='1.6.0'
PANGO_VERSION='1.29.1'
PANGO_VERSION_MAJOR='1'
PANGO_VERSION_MICRO='1'
PANGO_VERSION_MINOR='29'
PATH_SEPARATOR=':'
PKGCONFIG_CAIRO_REQUIRES=''
PKGCONFIG_MATH_LIBS=''
PKG_CONFIG='/usr/bin/pkg-config'
PKG_CONFIG_LIBDIR=''
PKG_CONFIG_PATH='/usr/local/lib/pkgconfig:/usr/lib/pkgconfig'
PLATFORM_WIN32_FALSE=''
PLATFORM_WIN32_TRUE='#'
RANLIB='ranlib'
SED='/bin/sed'
SET_MAKE=''
SHELL='/bin/sh'
STRIP='strip'
VERSION='1.29.1'
WIN32_LIBS=''
WINDRES=''
XFT_CFLAGS='-I/usr/local/include/freetype2  '
XFT_LIBS='-L/usr/local/lib -lXft -lfreetype -lz -lfontconfig -lXrender -lX11  '
XMKMF=''
XMLCATALOG=''
XML_CATALOG_FILE=''
XSLTPROC=''
X_CFLAGS=''
X_EXTRA_LIBS=''
X_LIBS=' -lX11'
X_PRE_LIBS=' -lSM -lICE'
ac_ct_AR='ar'
ac_ct_CC='/usr/bin/gcc'
ac_ct_CXX=''
ac_ct_DUMPBIN=''
am__EXEEXT_FALSE=''
am__EXEEXT_TRUE='#'
am__fastdepCC_FALSE='#'
am__fastdepCC_TRUE=''
am__fastdepCXX_FALSE='#'
am__fastdepCXX_TRUE=''
am__include='include'
am__isrc=''
am__leading_dot='.'
am__quote=''
am__tar='${AMTAR} chof - "$$tardir"'
am__untar='${AMTAR} xf -'
bindir='${exec_prefix}/bin'
build='arm-apple-darwin10.4.0'
build_alias=''
build_cpu='arm'
build_os='darwin10.4.0'
build_vendor='apple'
datadir='${datarootdir}'
datarootdir='${prefix}/share'
docdir='${datarootdir}/doc/${PACKAGE_TARNAME}'
dvidir='${docdir}'
exec_prefix='${prefix}'
host='arm-apple-darwin10.4.0'
host_alias=''
host_cpu='arm'
host_os='darwin10.4.0'
host_vendor='apple'
htmldir='${docdir}'
includedir='${prefix}/include'
infodir='${datarootdir}/info'
install_sh='${SHELL} /home/chris/pango-1.29.1/install-sh'
libdir='${exec_prefix}/lib'
libexecdir='${exec_prefix}/libexec'
localedir='${datarootdir}/locale'
localstatedir='${prefix}/var'
mandir='${datarootdir}/man'
mkdir_p='/bin/mkdir -p'
ms_librarian=''
oldincludedir='/usr/include'
pdfdir='${docdir}'
prefix='/usr/local'
program_transform_name='s,x,x,'
psdir='${docdir}'
sbindir='${exec_prefix}/sbin'
sharedstatedir='${prefix}/com'
sysconfdir='${prefix}/etc'
target_alias=''

## ----------- ##
## confdefs.h. ##
## ----------- ##

/* confdefs.h */
#define PACKAGE_NAME "pango"
#define PACKAGE_TARNAME "pango"
#define PACKAGE_VERSION "1.29.1"
#define PACKAGE_STRING "pango 1.29.1"
#define PACKAGE_BUGREPORT "http://bugzilla.gnome.org/enter_bug.cgi?product=pango"
#define PACKAGE_URL ""
#define PACKAGE "pango"
#define VERSION "1.29.1"
#define MODULE_VERSION "1.6.0"
#define PANGO_BINARY_AGE 2901
#define PANGO_INTERFACE_AGE 0
#define PANGO_VERSION_MAJOR 1
#define PANGO_VERSION_MINOR 29
#define PANGO_VERSION_MICRO 1
#define HAVE_MPROTECT 1
#define HAVE_SYSCONF 1
#define HAVE_GETPAGESIZE 1
#define STDC_HEADERS 1
#define HAVE_SYS_TYPES_H 1
#define HAVE_SYS_STAT_H 1
#define HAVE_STDLIB_H 1
#define HAVE_STRING_H 1
#define HAVE_MEMORY_H 1
#define HAVE_STRINGS_H 1
#define HAVE_INTTYPES_H 1
#define HAVE_STDINT_H 1
#define HAVE_UNISTD_H 1
#define HAVE_UNISTD_H 1
#define HAVE_SYS_MMAN_H 1
#define HAVE_DLFCN_H 1
#define LT_OBJDIR ".libs/"
#define HAVE_X 1
#define HAVE_FREETYPE 1
#define HAVE_XFT 1
#define HAVE_CAIRO_FREETYPE 1
#define HAVE_CAIRO 1
#define HAVE_CAIRO_PNG 1
#define HAVE_CAIRO_PS 1
#define HAVE_CAIRO_PDF 1
#define HAVE_CAIRO_XLIB 1
#define HAVE_FLOCKFILE 1
#define HAVE_STRTOK_R 1
#define HAVE_DIRENT_H 1
#define HAVE_UNISTD_H 1

configure: exit 0
