This file contains any messages produced by compilers while
running configure, to aid debugging if configure makes a mistake.

It was created by configure, which was
generated by GNU Autoconf 2.59.  Invocation command line was

  $ ./configure 

## --------- ##
## Platform. ##
## --------- ##

hostname = Chriss-iPad
uname -m = iPad1,1
uname -r = 10.4.0
uname -s = Darwin
uname -v = Darwin Kernel Version 10.4.0: Wed Oct 20 20:14:45 PDT 2010; root:xnu-1504.58.28~3/RELEASE_ARM_S5L8930X

/usr/bin/uname -p = unknown
/bin/uname -X     = unknown

/bin/arch              = unknown
/usr/bin/arch -k       = unknown
/usr/convex/getsysinfo = unknown
hostinfo               = Mach kernel version:
	 Darwin Kernel Version 10.4.0: Wed Oct 20 20:14:45 PDT 2010; root:xnu-1504.58.28~3/RELEASE_ARM_S5L8930X
Kernel configured for a single processor only.
1 processor is physically available.
1 processor is logically available.
Processor type: armv7 (arm v7)
Processor active: 0
Primary memory available: 247.00 megabytes
Default processor set: 37 tasks, 248 threads, 1 processors
Load average: 1.56, Mach factor: 0.43
/bin/machine           = unknown
/usr/bin/oslevel       = unknown
/bin/universe          = unknown

PATH: /usr/local/sbin
PATH: /usr/local/bin
PATH: /usr/sbin
PATH: /usr/bin
PATH: /sbin
PATH: /bin
PATH: /usr/bin/X11
PATH: /usr/games
PATH: /usr/local/Gambit-C/bin


## ----------- ##
## Core tests. ##
## ----------- ##

configure:1307: checking for a BSD-compatible install
configure:1362: result: /usr/bin/install -c
configure:1373: checking whether build environment is sane
configure:1416: result: yes
configure:1431: checking whether make sets $(MAKE)
configure:1451: result: yes
configure:1483: checking for working aclocal-1.4
configure:1494: result: missing
configure:1498: checking for working autoconf
configure:1505: result: found
configure:1513: checking for working automake-1.4
configure:1524: result: missing
configure:1528: checking for working autoheader
configure:1535: result: found
configure:1543: checking for working makeinfo
configure:1550: result: found
configure:1611: checking for gcc
configure:1637: result: /usr/bin/gcc
configure:1881: checking for C compiler version
configure:1884: /usr/bin/gcc --version </dev/null >&5
gcc (GCC) 4.2.1 (Based on Apple Inc. build 5555)
Copyright (C) 2007 Free Software Foundation, Inc.
This is free software; see the source for copying conditions.  There is NO
warranty; not even for MERCHANTABILITY or FITNESS FOR A PARTICULAR PURPOSE.

configure:1887: $? = 0
configure:1889: /usr/bin/gcc -v </dev/null >&5
Using built-in specs.
Target: arm-apple-darwin9
Configured with: ../llvm-gcc-4.2/configure --build=x86_64-unknown-linux-gnu --host=arm-apple-darwin9 --enable-static=no --enable-shared=yes --prefix=/usr --localstatedir=/var/cache/iphone-gcc --enable-languages=c,c++,objc,obj-c++ --enable-wchar_t=no --with-gxx-include-dir=/usr/include/c++/4.0.0
Thread model: posix
gcc version 4.2.1 (Based on Apple Inc. build 5555)
configure:1892: $? = 0
configure:1894: /usr/bin/gcc -V </dev/null >&5
gcc: '-V' option must have argument
configure:1897: $? = 1
configure:1920: checking for C compiler default output file name
configure:1923: /usr/bin/gcc    conftest.c  >&5
configure:1926: $? = 0
configure:1972: result: a.out
configure:1977: checking whether the C compiler works
configure:1983: ./a.out
configure:1986: $? = 0
configure:2003: result: yes
configure:2010: checking whether we are cross compiling
configure:2012: result: no
configure:2015: checking for suffix of executables
configure:2017: /usr/bin/gcc -o conftest    conftest.c  >&5
configure:2020: $? = 0
configure:2045: result: 
configure:2051: checking for suffix of object files
configure:2072: /usr/bin/gcc -c   conftest.c >&5
configure:2075: $? = 0
configure:2097: result: o
configure:2101: checking whether we are using the GNU C compiler
configure:2125: /usr/bin/gcc -c   conftest.c >&5
configure:2131: $? = 0
configure:2134: test -z 			 || test ! -s conftest.err
configure:2137: $? = 0
configure:2140: test -s conftest.o
configure:2143: $? = 0
configure:2156: result: yes
configure:2162: checking whether /usr/bin/gcc accepts -g
configure:2183: /usr/bin/gcc -c -g  conftest.c >&5
configure:2189: $? = 0
configure:2192: test -z 			 || test ! -s conftest.err
configure:2195: $? = 0
configure:2198: test -s conftest.o
configure:2201: $? = 0
configure:2212: result: yes
configure:2229: checking for /usr/bin/gcc option to accept ANSI C
configure:2299: /usr/bin/gcc  -c -g -O2  conftest.c >&5
configure:2305: $? = 0
configure:2308: test -z 			 || test ! -s conftest.err
configure:2311: $? = 0
configure:2314: test -s conftest.o
configure:2317: $? = 0
configure:2335: result: none needed
configure:2353: /usr/bin/gcc -c -g -O2  conftest.c >&5
conftest.c:2: error: expected '=', ',', ';', 'asm' or '__attribute__' before 'me'
configure:2359: $? = 1
configure: failed program was:
| #ifndef __cplusplus
|   choke me
| #endif
configure:2493: checking for /usr/bin/gcc option to accept ANSI C
configure:2555: /usr/bin/gcc  -c -g -O2  conftest.c >&5
configure:2561: $? = 0
configure:2564: test -z 			 || test ! -s conftest.err
configure:2567: $? = 0
configure:2570: test -s conftest.o
configure:2573: $? = 0
configure:2588: result: none needed
configure:2599: checking for an ANSI C-conforming const
configure:2666: /usr/bin/gcc -c -g -O2  conftest.c >&5
configure:2672: $? = 0
configure:2675: test -z 			 || test ! -s conftest.err
configure:2678: $? = 0
configure:2681: test -s conftest.o
configure:2684: $? = 0
configure:2695: result: yes
configure:2719: checking for a BSD-compatible install
configure:2774: result: /usr/bin/install -c
configure:2785: checking whether make sets $(MAKE)
configure:2805: result: yes
configure:2815: checking whether to enable maintainer-specific portions of Makefiles
configure:2824: result: no
configure:2838: checking if malloc debugging is wanted
configure:2859: result: no
configure:2905: checking for imlib2-config
configure:2923: found /usr/local/bin/imlib2-config
configure:2936: result: /usr/local/bin/imlib2-config
configure:2943: checking for imlib2 - version >= 1.0.0
configure:3001: result: yes
configure:3065: checking for giblib-config
configure:3083: found /usr/local/bin/giblib-config
configure:3096: result: /usr/local/bin/giblib-config
configure:3103: checking for giblib - version >= 1.2.4
configure:3161: result: yes
configure:3196: checking for XMissingExtension in -lXext
configure:3226: /usr/bin/gcc -o conftest -I/usr/X11R6/include -g -O2   conftest.c -lXext  -L/usr/X11R6/lib  -lm -ljpeg >&5
configure:3232: $? = 0
configure:3235: test -z 			 || test ! -s conftest.err
configure:3238: $? = 0
configure:3241: test -s conftest
configure:3244: $? = 0
configure:3257: result: yes
configure:3271: checking for XineramaQueryScreens in -lXinerama
configure:3301: /usr/bin/gcc -o conftest -I/usr/X11R6/include -g -O2   conftest.c -lXinerama  -lXext -L/usr/X11R6/lib  -lm -ljpeg >&5
configure:3307: $? = 0
configure:3310: test -z 			 || test ! -s conftest.err
configure:3313: $? = 0
configure:3316: test -s conftest
configure:3319: $? = 0
configure:3332: result: yes
configure:3348: checking for jpeg_destroy_decompress in -ljpeg
configure:3378: /usr/bin/gcc -o conftest -I/usr/X11R6/include -g -O2   conftest.c -ljpeg  -lXinerama -lXext -L/usr/X11R6/lib  -lm -ljpeg >&5
configure:3384: $? = 0
configure:3387: test -z 			 || test ! -s conftest.err
configure:3390: $? = 0
configure:3393: test -s conftest
configure:3396: $? = 0
configure:3409: result: yes
configure:3521: creating ./config.status

## ---------------------- ##
## Running config.status. ##
## ---------------------- ##

This file was extended by config.status, which was
generated by GNU Autoconf 2.59.  Invocation command line was

  CONFIG_FILES    = 
  CONFIG_HEADERS  = 
  CONFIG_LINKS    = 
  CONFIG_COMMANDS = 
  $ ./config.status 

on Chriss-iPad

config.status:723: creating Makefile
config.status:723: creating feh.spec
config.status:723: creating cam/Makefile
config.status:723: creating src/Makefile
config.status:723: creating src/ttfonts/Makefile
config.status:789: creating src/config.h
config.status:1039: executing default-1 commands

## ---------------- ##
## Cache variables. ##
## ---------------- ##

ac_cv_c_compiler_gnu=yes
ac_cv_c_const=yes
ac_cv_env_CC_set=set
ac_cv_env_CC_value=/usr/bin/gcc
ac_cv_env_CFLAGS_set=
ac_cv_env_CFLAGS_value=
ac_cv_env_CPPFLAGS_set=
ac_cv_env_CPPFLAGS_value=
ac_cv_env_LDFLAGS_set=
ac_cv_env_LDFLAGS_value=
ac_cv_env_build_alias_set=
ac_cv_env_build_alias_value=
ac_cv_env_host_alias_set=
ac_cv_env_host_alias_value=
ac_cv_env_target_alias_set=
ac_cv_env_target_alias_value=
ac_cv_exeext=
ac_cv_lib_Xext_XMissingExtension=yes
ac_cv_lib_Xinerama_XineramaQueryScreens=yes
ac_cv_lib_jpeg_jpeg_destroy_decompress=yes
ac_cv_objext=o
ac_cv_path_GIBLIB_CONFIG=/usr/local/bin/giblib-config
ac_cv_path_IMLIB2_CONFIG=/usr/local/bin/imlib2-config
ac_cv_path_install='/usr/bin/install -c'
ac_cv_prog_ac_ct_CC=/usr/bin/gcc
ac_cv_prog_cc_g=yes
ac_cv_prog_cc_stdc=
ac_cv_prog_make_make_set=yes
am_cv_prog_cc_stdc=

## ----------------- ##
## Output variables. ##
## ----------------- ##

ACLOCAL='/home/chris/feh-1.3.4/missing aclocal-1.4'
AUTOCONF='autoconf'
AUTOHEADER='autoheader'
AUTOMAKE='/home/chris/feh-1.3.4/missing automake-1.4'
CC='/usr/bin/gcc'
CFLAGS='-I/usr/X11R6/include -g -O2'
CPPFLAGS=''
DEFS='-DHAVE_CONFIG_H'
ECHO_C=''
ECHO_N='-n'
ECHO_T=''
EXEEXT=''
GIBLIB_CFLAGS='-I/usr/local/include -I/usr/local/include/giblib -I/usr/local/include'
GIBLIB_CONFIG='/usr/local/bin/giblib-config'
GIBLIB_LIBS='-L/usr/local/lib -lgiblib -L/usr/local/lib -lImlib2 -L/usr/local/lib -lfreetype -lz -L/usr/X11R6/lib -lX11 -lXext -lm'
HAVE_XINERAMA=''
IMLIB2_CFLAGS='-I/usr/local/include'
IMLIB2_CONFIG='/usr/local/bin/imlib2-config'
IMLIB2_LIBS='-L/usr/local/lib -lImlib2 -L/usr/local/lib -lfreetype -lz -L/usr/X11R6/lib -lX11 -lXext -lm'
IMLIB_CFLAGS='-I/usr/local/include'
IMLIB_LIBS='-L/usr/local/lib -lImlib2 -L/usr/local/lib -lfreetype -lz -L/usr/X11R6/lib -lX11 -lXext -lm'
INSTALL_DATA='${INSTALL} -m 644'
INSTALL_PROGRAM='${INSTALL}'
INSTALL_SCRIPT='${INSTALL}'
LDFLAGS=''
LIBOBJS=''
LIBS='-ljpeg -lXinerama -lXext -L/usr/X11R6/lib  -lm -ljpeg'
LTLIBOBJS=''
MAINT='#'
MAINTAINER_MODE_FALSE=''
MAINTAINER_MODE_TRUE='#'
MAKEINFO='makeinfo'
OBJEXT='o'
PACKAGE='feh'
PACKAGE_BUGREPORT=''
PACKAGE_NAME=''
PACKAGE_STRING=''
PACKAGE_TARNAME=''
PACKAGE_VERSION=''
PATH_SEPARATOR=':'
SET_MAKE=''
SHELL='/bin/sh'
VERSION='1.3.4'
XINERAMA_LIBS=''
ac_ct_CC='/usr/bin/gcc'
bindir='${exec_prefix}/bin'
build_alias=''
datadir='${prefix}/share'
exec_prefix='${prefix}'
host_alias=''
includedir='${prefix}/include'
infodir='${prefix}/info'
libdir='${exec_prefix}/lib'
libexecdir='${exec_prefix}/libexec'
localstatedir='${prefix}/var'
mandir='${prefix}/man'
oldincludedir='/usr/include'
prefix='/usr/local'
program_transform_name='s,x,x,'
sbindir='${exec_prefix}/sbin'
sharedstatedir='${prefix}/com'
sysconfdir='${prefix}/etc'
target_alias=''

## ----------- ##
## confdefs.h. ##
## ----------- ##

#define HAVE_LIBJPEG 1
#define HAVE_LIBXEXT 1
#define HAVE_LIBXINERAMA 1
#define PACKAGE "feh"
#define PACKAGE_BUGREPORT ""
#define PACKAGE_NAME ""
#define PACKAGE_STRING ""
#define PACKAGE_TARNAME ""
#define PACKAGE_VERSION ""
#define VERSION "1.3.4"

configure: exit 0
