This file contains any messages produced by compilers while
running configure, to aid debugging if configure makes a mistake.

It was created by groff configure 1.21, which was
generated by GNU Autoconf 2.67.  Invocation command line was

  $ ./configure 

## --------- ##
## Platform. ##
## --------- ##

hostname = Chriss-iPad
uname -m = iPad1,1
uname -r = 10.4.0
uname -s = Darwin
uname -v = Darwin Kernel Version 10.4.0: Wed Oct 20 20:14:45 PDT 2010; root:xnu-1504.58.28~3/RELEASE_ARM_S5L8930X

/usr/bin/uname -p = unknown
/bin/uname -X     = unknown

/bin/arch              = unknown
/usr/bin/arch -k       = unknown
/usr/convex/getsysinfo = unknown
/usr/bin/hostinfo      = Mach kernel version:
	 Darwin Kernel Version 10.4.0: Wed Oct 20 20:14:45 PDT 2010; root:xnu-1504.58.28~3/RELEASE_ARM_S5L8930X
Kernel configured for a single processor only.
1 processor is physically available.
1 processor is logically available.
Processor type: armv7 (arm v7)
Processor active: 0
Primary memory available: 247.00 megabytes
Default processor set: 29 tasks, 217 threads, 1 processors
Load average: 1.42, Mach factor: 0.37
/bin/machine           = unknown
/usr/bin/oslevel       = unknown
/bin/universe          = unknown

PATH: /usr/local/sbin
PATH: /usr/local/bin
PATH: /usr/sbin
PATH: /usr/bin
PATH: /sbin
PATH: /bin
PATH: /usr/bin/X11
PATH: /usr/games
PATH: /var/mobile/ocaml-3.12.0/bin
PATH: /usr/local/Gambit-C/bin


## ----------- ##
## Core tests. ##
## ----------- ##

configure:2398: checking for gcc
configure:2425: result: /usr/bin/gcc
configure:2654: checking for C compiler version
configure:2663: /usr/bin/gcc --version >&5
gcc (GCC) 4.2.1 (Based on Apple Inc. build 5555)
Copyright (C) 2007 Free Software Foundation, Inc.
This is free software; see the source for copying conditions.  There is NO
warranty; not even for MERCHANTABILITY or FITNESS FOR A PARTICULAR PURPOSE.

configure:2674: $? = 0
configure:2663: /usr/bin/gcc -v >&5
Using built-in specs.
Target: arm-apple-darwin9
Configured with: ../llvm-gcc-4.2/configure --build=x86_64-unknown-linux-gnu --host=arm-apple-darwin9 --enable-static=no --enable-shared=yes --prefix=/usr --localstatedir=/var/cache/iphone-gcc --enable-languages=c,c++,objc,obj-c++ --enable-wchar_t=no --with-gxx-include-dir=/usr/include/c++/4.0.0
Thread model: posix
gcc version 4.2.1 (Based on Apple Inc. build 5555)
configure:2674: $? = 0
configure:2663: /usr/bin/gcc -V >&5
gcc: '-V' option must have argument
configure:2674: $? = 1
configure:2663: /usr/bin/gcc -qversion >&5
gcc: no input files
configure:2674: $? = 1
configure:2694: checking whether the C compiler works
configure:2716: /usr/bin/gcc    conftest.c  >&5
configure:2720: $? = 0
configure:2768: result: yes
configure:2771: checking for C compiler default output file name
configure:2773: result: a.out
configure:2779: checking for suffix of executables
configure:2786: /usr/bin/gcc -o conftest    conftest.c  >&5
configure:2790: $? = 0
configure:2812: result: 
configure:2834: checking whether we are cross compiling
configure:2842: /usr/bin/gcc -o conftest    conftest.c  >&5
configure:2846: $? = 0
configure:2853: ./conftest
configure:2857: $? = 0
configure:2872: result: no
configure:2877: checking for suffix of object files
configure:2899: /usr/bin/gcc -c   conftest.c >&5
configure:2903: $? = 0
configure:2924: result: o
configure:2928: checking whether we are using the GNU C compiler
configure:2947: /usr/bin/gcc -c   conftest.c >&5
configure:2947: $? = 0
configure:2956: result: yes
configure:2965: checking whether /usr/bin/gcc accepts -g
configure:2985: /usr/bin/gcc -c -g  conftest.c >&5
configure:2985: $? = 0
configure:3026: result: yes
configure:3043: checking for /usr/bin/gcc option to accept ISO C89
configure:3107: /usr/bin/gcc  -c -g -O2  conftest.c >&5
configure:3107: $? = 0
configure:3120: result: none needed
configure:3146: checking how to run the C preprocessor
configure:3177: /usr/bin/gcc -E  conftest.c
configure:3177: $? = 0
configure:3191: /usr/bin/gcc -E  conftest.c
conftest.c:9:28: error: ac_nonexistent.h: No such file or directory
configure:3191: $? = 1
configure: failed program was:
| /* confdefs.h */
| #define PACKAGE_NAME "groff"
| #define PACKAGE_TARNAME "groff-1.21"
| #define PACKAGE_VERSION "1.21"
| #define PACKAGE_STRING "groff 1.21"
| #define PACKAGE_BUGREPORT "bug-groff@gnu.org"
| #define PACKAGE_URL ""
| /* end confdefs.h.  */
| #include <ac_nonexistent.h>
configure:3216: result: /usr/bin/gcc -E
configure:3236: /usr/bin/gcc -E  conftest.c
configure:3236: $? = 0
configure:3250: /usr/bin/gcc -E  conftest.c
conftest.c:9:28: error: ac_nonexistent.h: No such file or directory
configure:3250: $? = 1
configure: failed program was:
| /* confdefs.h */
| #define PACKAGE_NAME "groff"
| #define PACKAGE_TARNAME "groff-1.21"
| #define PACKAGE_VERSION "1.21"
| #define PACKAGE_STRING "groff 1.21"
| #define PACKAGE_BUGREPORT "bug-groff@gnu.org"
| #define PACKAGE_URL ""
| /* end confdefs.h.  */
| #include <ac_nonexistent.h>
configure:3279: checking for grep that handles long lines and -e
configure:3337: result: /bin/grep
configure:3342: checking for egrep
configure:3404: result: /bin/grep -E
configure:3409: checking for ANSI C header files
configure:3429: /usr/bin/gcc -c -g -O2  conftest.c >&5
configure:3429: $? = 0
configure:3502: /usr/bin/gcc -o conftest -g -O2   conftest.c  >&5
configure:3502: $? = 0
configure:3502: ./conftest
configure:3502: $? = 0
configure:3513: result: yes
configure:3526: checking for sys/types.h
configure:3526: /usr/bin/gcc -c -g -O2  conftest.c >&5
configure:3526: $? = 0
configure:3526: result: yes
configure:3526: checking for sys/stat.h
configure:3526: /usr/bin/gcc -c -g -O2  conftest.c >&5
configure:3526: $? = 0
configure:3526: result: yes
configure:3526: checking for stdlib.h
configure:3526: /usr/bin/gcc -c -g -O2  conftest.c >&5
configure:3526: $? = 0
configure:3526: result: yes
configure:3526: checking for string.h
configure:3526: /usr/bin/gcc -c -g -O2  conftest.c >&5
configure:3526: $? = 0
configure:3526: result: yes
configure:3526: checking for memory.h
configure:3526: /usr/bin/gcc -c -g -O2  conftest.c >&5
configure:3526: $? = 0
configure:3526: result: yes
configure:3526: checking for strings.h
configure:3526: /usr/bin/gcc -c -g -O2  conftest.c >&5
configure:3526: $? = 0
configure:3526: result: yes
configure:3526: checking for inttypes.h
configure:3526: /usr/bin/gcc -c -g -O2  conftest.c >&5
configure:3526: $? = 0
configure:3526: result: yes
configure:3526: checking for stdint.h
configure:3526: /usr/bin/gcc -c -g -O2  conftest.c >&5
configure:3526: $? = 0
configure:3526: result: yes
configure:3526: checking for unistd.h
configure:3526: /usr/bin/gcc -c -g -O2  conftest.c >&5
configure:3526: $? = 0
configure:3526: result: yes
configure:3539: checking minix/config.h usability
configure:3539: /usr/bin/gcc -c -g -O2  conftest.c >&5
conftest.c:52:26: error: minix/config.h: No such file or directory
configure:3539: $? = 1
configure: failed program was:
| /* confdefs.h */
| #define PACKAGE_NAME "groff"
| #define PACKAGE_TARNAME "groff-1.21"
| #define PACKAGE_VERSION "1.21"
| #define PACKAGE_STRING "groff 1.21"
| #define PACKAGE_BUGREPORT "bug-groff@gnu.org"
| #define PACKAGE_URL ""
| #define STDC_HEADERS 1
| #define HAVE_SYS_TYPES_H 1
| #define HAVE_SYS_STAT_H 1
| #define HAVE_STDLIB_H 1
| #define HAVE_STRING_H 1
| #define HAVE_MEMORY_H 1
| #define HAVE_STRINGS_H 1
| #define HAVE_INTTYPES_H 1
| #define HAVE_STDINT_H 1
| #define HAVE_UNISTD_H 1
| /* end confdefs.h.  */
| #include <stdio.h>
| #ifdef HAVE_SYS_TYPES_H
| # include <sys/types.h>
| #endif
| #ifdef HAVE_SYS_STAT_H
| # include <sys/stat.h>
| #endif
| #ifdef STDC_HEADERS
| # include <stdlib.h>
| # include <stddef.h>
| #else
| # ifdef HAVE_STDLIB_H
| #  include <stdlib.h>
| # endif
| #endif
| #ifdef HAVE_STRING_H
| # if !defined STDC_HEADERS && defined HAVE_MEMORY_H
| #  include <memory.h>
| # endif
| # include <string.h>
| #endif
| #ifdef HAVE_STRINGS_H
| # include <strings.h>
| #endif
| #ifdef HAVE_INTTYPES_H
| # include <inttypes.h>
| #endif
| #ifdef HAVE_STDINT_H
| # include <stdint.h>
| #endif
| #ifdef HAVE_UNISTD_H
| # include <unistd.h>
| #endif
| #include <minix/config.h>
configure:3539: result: no
configure:3539: checking minix/config.h presence
configure:3539: /usr/bin/gcc -E  conftest.c
conftest.c:19:26: error: minix/config.h: No such file or directory
configure:3539: $? = 1
configure: failed program was:
| /* confdefs.h */
| #define PACKAGE_NAME "groff"
| #define PACKAGE_TARNAME "groff-1.21"
| #define PACKAGE_VERSION "1.21"
| #define PACKAGE_STRING "groff 1.21"
| #define PACKAGE_BUGREPORT "bug-groff@gnu.org"
| #define PACKAGE_URL ""
| #define STDC_HEADERS 1
| #define HAVE_SYS_TYPES_H 1
| #define HAVE_SYS_STAT_H 1
| #define HAVE_STDLIB_H 1
| #define HAVE_STRING_H 1
| #define HAVE_MEMORY_H 1
| #define HAVE_STRINGS_H 1
| #define HAVE_INTTYPES_H 1
| #define HAVE_STDINT_H 1
| #define HAVE_UNISTD_H 1
| /* end confdefs.h.  */
| #include <minix/config.h>
configure:3539: result: no
configure:3539: checking for minix/config.h
configure:3539: result: no
configure:3560: checking whether it is safe to define __EXTENSIONS__
configure:3578: /usr/bin/gcc -c -g -O2  conftest.c >&5
configure:3578: $? = 0
configure:3585: result: yes
configure:3649: checking for gcc
configure:3676: result: /usr/bin/gcc
configure:3905: checking for C compiler version
configure:3914: /usr/bin/gcc --version >&5
gcc (GCC) 4.2.1 (Based on Apple Inc. build 5555)
Copyright (C) 2007 Free Software Foundation, Inc.
This is free software; see the source for copying conditions.  There is NO
warranty; not even for MERCHANTABILITY or FITNESS FOR A PARTICULAR PURPOSE.

configure:3925: $? = 0
configure:3914: /usr/bin/gcc -v >&5
Using built-in specs.
Target: arm-apple-darwin9
Configured with: ../llvm-gcc-4.2/configure --build=x86_64-unknown-linux-gnu --host=arm-apple-darwin9 --enable-static=no --enable-shared=yes --prefix=/usr --localstatedir=/var/cache/iphone-gcc --enable-languages=c,c++,objc,obj-c++ --enable-wchar_t=no --with-gxx-include-dir=/usr/include/c++/4.0.0
Thread model: posix
gcc version 4.2.1 (Based on Apple Inc. build 5555)
configure:3925: $? = 0
configure:3914: /usr/bin/gcc -V >&5
gcc: '-V' option must have argument
configure:3925: $? = 1
configure:3914: /usr/bin/gcc -qversion >&5
gcc: no input files
configure:3925: $? = 1
configure:3929: checking whether we are using the GNU C compiler
configure:3957: result: yes
configure:3966: checking whether /usr/bin/gcc accepts -g
configure:4027: result: yes
configure:4044: checking for /usr/bin/gcc option to accept ISO C89
configure:4121: result: none needed
configure:4199: checking for g++
configure:4215: found /usr/bin/g++
configure:4226: result: g++
configure:4253: checking for C++ compiler version
configure:4262: g++ --version >&5
g++ (GCC) 4.2.1 (Based on Apple Inc. build 5555)
Copyright (C) 2007 Free Software Foundation, Inc.
This is free software; see the source for copying conditions.  There is NO
warranty; not even for MERCHANTABILITY or FITNESS FOR A PARTICULAR PURPOSE.

configure:4273: $? = 0
configure:4262: g++ -v >&5
Using built-in specs.
Target: arm-apple-darwin9
Configured with: ../llvm-gcc-4.2/configure --build=x86_64-unknown-linux-gnu --host=arm-apple-darwin9 --enable-static=no --enable-shared=yes --prefix=/usr --localstatedir=/var/cache/iphone-gcc --enable-languages=c,c++,objc,obj-c++ --enable-wchar_t=no --with-gxx-include-dir=/usr/include/c++/4.0.0
Thread model: posix
gcc version 4.2.1 (Based on Apple Inc. build 5555)
configure:4273: $? = 0
configure:4262: g++ -V >&5
g++: '-V' option must have argument
configure:4273: $? = 1
configure:4262: g++ -qversion >&5
g++: no input files
configure:4273: $? = 1
configure:4277: checking whether we are using the GNU C++ compiler
configure:4296: g++ -c   conftest.cpp >&5
configure:4296: $? = 0
configure:4305: result: yes
configure:4314: checking whether g++ accepts -g
configure:4334: g++ -c -g  conftest.cpp >&5
configure:4334: $? = 0
configure:4375: result: yes
configure:4407: checking that C++ compiler can compile simple program
configure:4425: g++ -o conftest -g -O2   conftest.cpp  >&5
configure:4425: $? = 0
configure:4425: ./conftest
configure:4425: $? = 0
configure:4426: result: yes
configure:4439: checking that C++ static constructors and destructors are called
configure:4471: g++ -o conftest -g -O2   conftest.cpp  >&5
configure:4471: $? = 0
configure:4471: ./conftest
configure:4471: $? = 0
configure:4472: result: yes
configure:4484: checking that header files support C++
configure:4507: g++ -o conftest -g -O2   conftest.cpp  >&5
configure:4507: $? = 0
configure:4508: result: yes
configure:4525: checking whether character set is EBCDIC
configure:4549: /usr/bin/gcc -c -g -O2  conftest.c >&5
conftest.c:31: error: expected '=', ',', ';', 'asm' or '__attribute__' before 'an'
configure:4549: $? = 1
configure: failed program was:
| /* confdefs.h */
| #define PACKAGE_NAME "groff"
| #define PACKAGE_TARNAME "groff-1.21"
| #define PACKAGE_VERSION "1.21"
| #define PACKAGE_STRING "groff 1.21"
| #define PACKAGE_BUGREPORT "bug-groff@gnu.org"
| #define PACKAGE_URL ""
| #define STDC_HEADERS 1
| #define HAVE_SYS_TYPES_H 1
| #define HAVE_SYS_STAT_H 1
| #define HAVE_STDLIB_H 1
| #define HAVE_STRING_H 1
| #define HAVE_MEMORY_H 1
| #define HAVE_STRINGS_H 1
| #define HAVE_INTTYPES_H 1
| #define HAVE_STDINT_H 1
| #define HAVE_UNISTD_H 1
| #define __EXTENSIONS__ 1
| #define _ALL_SOURCE 1
| #define _GNU_SOURCE 1
| #define _POSIX_PTHREAD_SEMANTICS 1
| #define _TANDEM_SOURCE 1
| /* end confdefs.h.  */
| 
| 
| 
| /* Treat any failure as ASCII for compatibility with existing art.
|    Use compile-time rather than run-time tests for cross-compiler
|    tolerance. */
| #if '0' != 240
| make an error "Character set is not EBCDIC"
| #endif
| 
| 
| int
| main ()
| {
| 
|   ;
|   return 0;
| }
| 
configure:4561: result: no
configure:4580: checking for X
configure:4688: /usr/bin/gcc -E  conftest.c
configure:4688: $? = 0
configure:4719: /usr/bin/gcc -o conftest -g -O2   conftest.c -lX11  >&5
configure:4719: $? = 0
configure:4769: result: libraries , headers 
configure:4868: /usr/bin/gcc -o conftest -g -O2   conftest.c   -lX11 >&5
configure:4868: $? = 0
configure:4966: checking for gethostbyname
configure:4966: /usr/bin/gcc -o conftest -g -O2   conftest.c  >&5
configure:4966: $? = 0
configure:4966: result: yes
configure:5063: checking for connect
configure:5063: /usr/bin/gcc -o conftest -g -O2   conftest.c  >&5
configure:5063: $? = 0
configure:5063: result: yes
configure:5112: checking for remove
configure:5112: /usr/bin/gcc -o conftest -g -O2   conftest.c  >&5
configure:5112: $? = 0
configure:5112: result: yes
configure:5161: checking for shmat
configure:5161: /usr/bin/gcc -o conftest -g -O2   conftest.c  >&5
configure:5161: $? = 0
configure:5161: result: yes
configure:5219: checking for IceConnectionNumber in -lICE
configure:5244: /usr/bin/gcc -o conftest -g -O2   conftest.c -lICE   >&5
configure:5244: $? = 0
configure:5253: result: yes
configure:5274: checking for Xaw library and header files
configure:5294: /usr/bin/gcc -o conftest -g -O2     conftest.c   -lSM -lICE -lX11  -lXaw >&5
configure:5294: $? = 0
configure:5295: result: yes
configure:5306: checking for Xmu library and header files
configure:5326: /usr/bin/gcc -o conftest -g -O2     conftest.c   -lSM -lICE -lX11  -lXaw -lXmu >&5
configure:5326: $? = 0
configure:5327: result: yes
configure:5454: checking for lpr
configure:5484: result: no
configure:5496: checking for lp
configure:5526: result: no
configure:5589: checking for command to use for printing PostScript files
configure:5591: result: 
configure:5595: checking for command to use for printing dvi files
configure:5605: result: 
configure:5607: checking for egrep
configure:5669: result: /bin/grep -E
configure:5676: checking for perl
configure:5694: found /usr/local/bin/perl
configure:5707: result: /usr/local/bin/perl
configure:5719: checking for byacc
configure:5749: result: no
configure:5719: checking for bison
configure:5735: found /usr/bin/bison
configure:5746: result: bison -y
configure:5761: checking for makeinfo
configure:5777: found /usr/local/bin/makeinfo
configure:5788: result: makeinfo
configure:5799: checking for makeinfo version
configure:5804: result: 4.13
configure:5876: checking for ranlib
configure:5892: found /usr/bin/ranlib
configure:5903: result: ranlib
configure:5961: checking for install-info
configure:5977: found /usr/local/bin/install-info
configure:5988: result: install-info
configure:6014: checking for a BSD-compatible install
configure:6082: result: /usr/bin/install -c
configure:6093: checking whether ln -s works
configure:6097: result: yes
configure:6107: checking for csh hash hack
configure:6123: result: no
configure:6135: checking stddef.h usability
configure:6135: /usr/bin/gcc -c -g -O2  conftest.c >&5
configure:6135: $? = 0
configure:6135: result: yes
configure:6135: checking stddef.h presence
configure:6135: /usr/bin/gcc -E  conftest.c
configure:6135: $? = 0
configure:6135: result: yes
configure:6135: checking for stddef.h
configure:6135: result: yes
configure:6135: checking for stdlib.h
configure:6135: result: yes
configure:6135: checking for unistd.h
configure:6135: result: yes
configure:6135: checking dirent.h usability
configure:6135: /usr/bin/gcc -c -g -O2  conftest.c >&5
configure:6135: $? = 0
configure:6135: result: yes
configure:6135: checking dirent.h presence
configure:6135: /usr/bin/gcc -E  conftest.c
configure:6135: $? = 0
configure:6135: result: yes
configure:6135: checking for dirent.h
configure:6135: result: yes
configure:6135: checking limits.h usability
configure:6135: /usr/bin/gcc -c -g -O2  conftest.c >&5
configure:6135: $? = 0
configure:6135: result: yes
configure:6135: checking limits.h presence
configure:6135: /usr/bin/gcc -E  conftest.c
configure:6135: $? = 0
configure:6135: result: yes
configure:6135: checking for limits.h
configure:6135: result: yes
configure:6135: checking sys/dir.h usability
configure:6135: /usr/bin/gcc -c -g -O2  conftest.c >&5
conftest.c:62:21: error: sys/dir.h: No such file or directory
configure:6135: $? = 1
configure: failed program was:
| /* confdefs.h */
| #define PACKAGE_NAME "groff"
| #define PACKAGE_TARNAME "groff-1.21"
| #define PACKAGE_VERSION "1.21"
| #define PACKAGE_STRING "groff 1.21"
| #define PACKAGE_BUGREPORT "bug-groff@gnu.org"
| #define PACKAGE_URL ""
| #define STDC_HEADERS 1
| #define HAVE_SYS_TYPES_H 1
| #define HAVE_SYS_STAT_H 1
| #define HAVE_STDLIB_H 1
| #define HAVE_STRING_H 1
| #define HAVE_MEMORY_H 1
| #define HAVE_STRINGS_H 1
| #define HAVE_INTTYPES_H 1
| #define HAVE_STDINT_H 1
| #define HAVE_UNISTD_H 1
| #define __EXTENSIONS__ 1
| #define _ALL_SOURCE 1
| #define _GNU_SOURCE 1
| #define _POSIX_PTHREAD_SEMANTICS 1
| #define _TANDEM_SOURCE 1
| #define HAVE_STDDEF_H 1
| #define HAVE_STDLIB_H 1
| #define HAVE_UNISTD_H 1
| #define HAVE_DIRENT_H 1
| #define HAVE_LIMITS_H 1
| /* end confdefs.h.  */
| #include <stdio.h>
| #ifdef HAVE_SYS_TYPES_H
| # include <sys/types.h>
| #endif
| #ifdef HAVE_SYS_STAT_H
| # include <sys/stat.h>
| #endif
| #ifdef STDC_HEADERS
| # include <stdlib.h>
| # include <stddef.h>
| #else
| # ifdef HAVE_STDLIB_H
| #  include <stdlib.h>
| # endif
| #endif
| #ifdef HAVE_STRING_H
| # if !defined STDC_HEADERS && defined HAVE_MEMORY_H
| #  include <memory.h>
| # endif
| # include <string.h>
| #endif
| #ifdef HAVE_STRINGS_H
| # include <strings.h>
| #endif
| #ifdef HAVE_INTTYPES_H
| # include <inttypes.h>
| #endif
| #ifdef HAVE_STDINT_H
| # include <stdint.h>
| #endif
| #ifdef HAVE_UNISTD_H
| # include <unistd.h>
| #endif
| #include <sys/dir.h>
configure:6135: result: no
configure:6135: checking sys/dir.h presence
configure:6135: /usr/bin/gcc -E  conftest.c
conftest.c:29:21: error: sys/dir.h: No such file or directory
configure:6135: $? = 1
configure: failed program was:
| /* confdefs.h */
| #define PACKAGE_NAME "groff"
| #define PACKAGE_TARNAME "groff-1.21"
| #define PACKAGE_VERSION "1.21"
| #define PACKAGE_STRING "groff 1.21"
| #define PACKAGE_BUGREPORT "bug-groff@gnu.org"
| #define PACKAGE_URL ""
| #define STDC_HEADERS 1
| #define HAVE_SYS_TYPES_H 1
| #define HAVE_SYS_STAT_H 1
| #define HAVE_STDLIB_H 1
| #define HAVE_STRING_H 1
| #define HAVE_MEMORY_H 1
| #define HAVE_STRINGS_H 1
| #define HAVE_INTTYPES_H 1
| #define HAVE_STDINT_H 1
| #define HAVE_UNISTD_H 1
| #define __EXTENSIONS__ 1
| #define _ALL_SOURCE 1
| #define _GNU_SOURCE 1
| #define _POSIX_PTHREAD_SEMANTICS 1
| #define _TANDEM_SOURCE 1
| #define HAVE_STDDEF_H 1
| #define HAVE_STDLIB_H 1
| #define HAVE_UNISTD_H 1
| #define HAVE_DIRENT_H 1
| #define HAVE_LIMITS_H 1
| /* end confdefs.h.  */
| #include <sys/dir.h>
configure:6135: result: no
configure:6135: checking for sys/dir.h
configure:6135: result: no
configure:6135: checking for string.h
configure:6135: result: yes
configure:6135: checking for strings.h
configure:6135: result: yes
configure:6135: checking math.h usability
configure:6135: /usr/bin/gcc -c -g -O2  conftest.c >&5
configure:6135: $? = 0
configure:6135: result: yes
configure:6135: checking math.h presence
configure:6135: /usr/bin/gcc -E  conftest.c
configure:6135: $? = 0
configure:6135: result: yes
configure:6135: checking for math.h
configure:6135: result: yes
configure:6135: checking sys/time.h usability
configure:6135: /usr/bin/gcc -c -g -O2  conftest.c >&5
configure:6135: $? = 0
configure:6135: result: yes
configure:6135: checking sys/time.h presence
configure:6135: /usr/bin/gcc -E  conftest.c
configure:6135: $? = 0
configure:6135: result: yes
configure:6135: checking for sys/time.h
configure:6135: result: yes
configure:6135: checking direct.h usability
configure:6135: /usr/bin/gcc -c -g -O2  conftest.c >&5
conftest.c:66:20: error: direct.h: No such file or directory
configure:6135: $? = 1
configure: failed program was:
| /* confdefs.h */
| #define PACKAGE_NAME "groff"
| #define PACKAGE_TARNAME "groff-1.21"
| #define PACKAGE_VERSION "1.21"
| #define PACKAGE_STRING "groff 1.21"
| #define PACKAGE_BUGREPORT "bug-groff@gnu.org"
| #define PACKAGE_URL ""
| #define STDC_HEADERS 1
| #define HAVE_SYS_TYPES_H 1
| #define HAVE_SYS_STAT_H 1
| #define HAVE_STDLIB_H 1
| #define HAVE_STRING_H 1
| #define HAVE_MEMORY_H 1
| #define HAVE_STRINGS_H 1
| #define HAVE_INTTYPES_H 1
| #define HAVE_STDINT_H 1
| #define HAVE_UNISTD_H 1
| #define __EXTENSIONS__ 1
| #define _ALL_SOURCE 1
| #define _GNU_SOURCE 1
| #define _POSIX_PTHREAD_SEMANTICS 1
| #define _TANDEM_SOURCE 1
| #define HAVE_STDDEF_H 1
| #define HAVE_STDLIB_H 1
| #define HAVE_UNISTD_H 1
| #define HAVE_DIRENT_H 1
| #define HAVE_LIMITS_H 1
| #define HAVE_STRING_H 1
| #define HAVE_STRINGS_H 1
| #define HAVE_MATH_H 1
| #define HAVE_SYS_TIME_H 1
| /* end confdefs.h.  */
| #include <stdio.h>
| #ifdef HAVE_SYS_TYPES_H
| # include <sys/types.h>
| #endif
| #ifdef HAVE_SYS_STAT_H
| # include <sys/stat.h>
| #endif
| #ifdef STDC_HEADERS
| # include <stdlib.h>
| # include <stddef.h>
| #else
| # ifdef HAVE_STDLIB_H
| #  include <stdlib.h>
| # endif
| #endif
| #ifdef HAVE_STRING_H
| # if !defined STDC_HEADERS && defined HAVE_MEMORY_H
| #  include <memory.h>
| # endif
| # include <string.h>
| #endif
| #ifdef HAVE_STRINGS_H
| # include <strings.h>
| #endif
| #ifdef HAVE_INTTYPES_H
| # include <inttypes.h>
| #endif
| #ifdef HAVE_STDINT_H
| # include <stdint.h>
| #endif
| #ifdef HAVE_UNISTD_H
| # include <unistd.h>
| #endif
| #include <direct.h>
configure:6135: result: no
configure:6135: checking direct.h presence
configure:6135: /usr/bin/gcc -E  conftest.c
conftest.c:33:20: error: direct.h: No such file or directory
configure:6135: $? = 1
configure: failed program was:
| /* confdefs.h */
| #define PACKAGE_NAME "groff"
| #define PACKAGE_TARNAME "groff-1.21"
| #define PACKAGE_VERSION "1.21"
| #define PACKAGE_STRING "groff 1.21"
| #define PACKAGE_BUGREPORT "bug-groff@gnu.org"
| #define PACKAGE_URL ""
| #define STDC_HEADERS 1
| #define HAVE_SYS_TYPES_H 1
| #define HAVE_SYS_STAT_H 1
| #define HAVE_STDLIB_H 1
| #define HAVE_STRING_H 1
| #define HAVE_MEMORY_H 1
| #define HAVE_STRINGS_H 1
| #define HAVE_INTTYPES_H 1
| #define HAVE_STDINT_H 1
| #define HAVE_UNISTD_H 1
| #define __EXTENSIONS__ 1
| #define _ALL_SOURCE 1
| #define _GNU_SOURCE 1
| #define _POSIX_PTHREAD_SEMANTICS 1
| #define _TANDEM_SOURCE 1
| #define HAVE_STDDEF_H 1
| #define HAVE_STDLIB_H 1
| #define HAVE_UNISTD_H 1
| #define HAVE_DIRENT_H 1
| #define HAVE_LIMITS_H 1
| #define HAVE_STRING_H 1
| #define HAVE_STRINGS_H 1
| #define HAVE_MATH_H 1
| #define HAVE_SYS_TIME_H 1
| /* end confdefs.h.  */
| #include <direct.h>
configure:6135: result: no
configure:6135: checking for direct.h
configure:6135: result: no
configure:6135: checking process.h usability
configure:6135: /usr/bin/gcc -c -g -O2  conftest.c >&5
conftest.c:66:21: error: process.h: No such file or directory
configure:6135: $? = 1
configure: failed program was:
| /* confdefs.h */
| #define PACKAGE_NAME "groff"
| #define PACKAGE_TARNAME "groff-1.21"
| #define PACKAGE_VERSION "1.21"
| #define PACKAGE_STRING "groff 1.21"
| #define PACKAGE_BUGREPORT "bug-groff@gnu.org"
| #define PACKAGE_URL ""
| #define STDC_HEADERS 1
| #define HAVE_SYS_TYPES_H 1
| #define HAVE_SYS_STAT_H 1
| #define HAVE_STDLIB_H 1
| #define HAVE_STRING_H 1
| #define HAVE_MEMORY_H 1
| #define HAVE_STRINGS_H 1
| #define HAVE_INTTYPES_H 1
| #define HAVE_STDINT_H 1
| #define HAVE_UNISTD_H 1
| #define __EXTENSIONS__ 1
| #define _ALL_SOURCE 1
| #define _GNU_SOURCE 1
| #define _POSIX_PTHREAD_SEMANTICS 1
| #define _TANDEM_SOURCE 1
| #define HAVE_STDDEF_H 1
| #define HAVE_STDLIB_H 1
| #define HAVE_UNISTD_H 1
| #define HAVE_DIRENT_H 1
| #define HAVE_LIMITS_H 1
| #define HAVE_STRING_H 1
| #define HAVE_STRINGS_H 1
| #define HAVE_MATH_H 1
| #define HAVE_SYS_TIME_H 1
| /* end confdefs.h.  */
| #include <stdio.h>
| #ifdef HAVE_SYS_TYPES_H
| # include <sys/types.h>
| #endif
| #ifdef HAVE_SYS_STAT_H
| # include <sys/stat.h>
| #endif
| #ifdef STDC_HEADERS
| # include <stdlib.h>
| # include <stddef.h>
| #else
| # ifdef HAVE_STDLIB_H
| #  include <stdlib.h>
| # endif
| #endif
| #ifdef HAVE_STRING_H
| # if !defined STDC_HEADERS && defined HAVE_MEMORY_H
| #  include <memory.h>
| # endif
| # include <string.h>
| #endif
| #ifdef HAVE_STRINGS_H
| # include <strings.h>
| #endif
| #ifdef HAVE_INTTYPES_H
| # include <inttypes.h>
| #endif
| #ifdef HAVE_STDINT_H
| # include <stdint.h>
| #endif
| #ifdef HAVE_UNISTD_H
| # include <unistd.h>
| #endif
| #include <process.h>
configure:6135: result: no
configure:6135: checking process.h presence
configure:6135: /usr/bin/gcc -E  conftest.c
conftest.c:33:21: error: process.h: No such file or directory
configure:6135: $? = 1
configure: failed program was:
| /* confdefs.h */
| #define PACKAGE_NAME "groff"
| #define PACKAGE_TARNAME "groff-1.21"
| #define PACKAGE_VERSION "1.21"
| #define PACKAGE_STRING "groff 1.21"
| #define PACKAGE_BUGREPORT "bug-groff@gnu.org"
| #define PACKAGE_URL ""
| #define STDC_HEADERS 1
| #define HAVE_SYS_TYPES_H 1
| #define HAVE_SYS_STAT_H 1
| #define HAVE_STDLIB_H 1
| #define HAVE_STRING_H 1
| #define HAVE_MEMORY_H 1
| #define HAVE_STRINGS_H 1
| #define HAVE_INTTYPES_H 1
| #define HAVE_STDINT_H 1
| #define HAVE_UNISTD_H 1
| #define __EXTENSIONS__ 1
| #define _ALL_SOURCE 1
| #define _GNU_SOURCE 1
| #define _POSIX_PTHREAD_SEMANTICS 1
| #define _TANDEM_SOURCE 1
| #define HAVE_STDDEF_H 1
| #define HAVE_STDLIB_H 1
| #define HAVE_UNISTD_H 1
| #define HAVE_DIRENT_H 1
| #define HAVE_LIMITS_H 1
| #define HAVE_STRING_H 1
| #define HAVE_STRINGS_H 1
| #define HAVE_MATH_H 1
| #define HAVE_SYS_TIME_H 1
| /* end confdefs.h.  */
| #include <process.h>
configure:6135: result: no
configure:6135: checking for process.h
configure:6135: result: no
configure:6145: checking for ISC 3.x or 4.x
configure:6155: result: no
configure:6158: checking whether -D_POSIX_SOURCE is necessary
configure:6184: g++ -c -g -O2  conftest.cpp >&5
conftest.cpp:37: error: declaration of C function 'void fileno(int)' conflicts with
/home/chris/sdk2/stdio.h:316: error: previous declaration 'int fileno(FILE*)' here
configure:6184: $? = 1
configure: failed program was:
| /* confdefs.h */
| #define PACKAGE_NAME "groff"
| #define PACKAGE_TARNAME "groff-1.21"
| #define PACKAGE_VERSION "1.21"
| #define PACKAGE_STRING "groff 1.21"
| #define PACKAGE_BUGREPORT "bug-groff@gnu.org"
| #define PACKAGE_URL ""
| #define STDC_HEADERS 1
| #define HAVE_SYS_TYPES_H 1
| #define HAVE_SYS_STAT_H 1
| #define HAVE_STDLIB_H 1
| #define HAVE_STRING_H 1
| #define HAVE_MEMORY_H 1
| #define HAVE_STRINGS_H 1
| #define HAVE_INTTYPES_H 1
| #define HAVE_STDINT_H 1
| #define HAVE_UNISTD_H 1
| #define __EXTENSIONS__ 1
| #define _ALL_SOURCE 1
| #define _GNU_SOURCE 1
| #define _POSIX_PTHREAD_SEMANTICS 1
| #define _TANDEM_SOURCE 1
| #define HAVE_STDDEF_H 1
| #define HAVE_STDLIB_H 1
| #define HAVE_UNISTD_H 1
| #define HAVE_DIRENT_H 1
| #define HAVE_LIMITS_H 1
| #define HAVE_STRING_H 1
| #define HAVE_STRINGS_H 1
| #define HAVE_MATH_H 1
| #define HAVE_SYS_TIME_H 1
| /* end confdefs.h.  */
| 
| 
| 
| #include <stdio.h>
| extern "C" { void fileno(int); }
| 
| 
| int
| main ()
| {
| 
|   ;
|   return 0;
| }
| 
configure:6191: result: no
configure:6209: checking for return type of srand
configure:6229: g++ -c -g -O2  conftest.cpp >&5
configure:6229: $? = 0
configure:6230: result: void
configure:6246: checking whether gettimeofday must be declared
configure:6298: g++ -c -g -O2  conftest.cpp >&5
configure:6298: $? = 0
configure:6306: result: no
configure:6319: checking whether hypot must be declared
configure:6371: g++ -c -g -O2  conftest.cpp >&5
configure:6371: $? = 0
configure:6379: result: no
configure:6392: checking whether popen must be declared
configure:6444: g++ -c -g -O2  conftest.cpp >&5
configure:6444: $? = 0
configure:6452: result: no
configure:6465: checking whether pclose must be declared
configure:6517: g++ -c -g -O2  conftest.cpp >&5
configure:6517: $? = 0
configure:6525: result: no
configure:6538: checking whether putenv must be declared
configure:6590: g++ -c -g -O2  conftest.cpp >&5
configure:6590: $? = 0
configure:6598: result: no
configure:6611: checking whether rand must be declared
configure:6663: g++ -c -g -O2  conftest.cpp >&5
configure:6663: $? = 0
configure:6671: result: no
configure:6684: checking whether snprintf must be declared
configure:6736: g++ -c -g -O2  conftest.cpp >&5
configure:6736: $? = 0
configure:6744: result: no
configure:6757: checking whether srand must be declared
configure:6809: g++ -c -g -O2  conftest.cpp >&5
configure:6809: $? = 0
configure:6817: result: no
configure:6830: checking whether strcasecmp must be declared
configure:6882: g++ -c -g -O2  conftest.cpp >&5
configure:6882: $? = 0
configure:6890: result: no
configure:6903: checking whether strncasecmp must be declared
configure:6955: g++ -c -g -O2  conftest.cpp >&5
configure:6955: $? = 0
configure:6963: result: no
configure:6976: checking whether vfprintf must be declared
configure:7028: g++ -c -g -O2  conftest.cpp >&5
configure:7028: $? = 0
configure:7036: result: no
configure:7049: checking whether vsnprintf must be declared
configure:7101: g++ -c -g -O2  conftest.cpp >&5
configure:7101: $? = 0
configure:7109: result: no
configure:7128: checking for sys_nerr in <errno.h>, <stdio.h>, or <stdlib.h>
configure:7154: g++ -c -g -O2  conftest.cpp >&5
configure:7154: $? = 0
configure:7155: result: yes
configure:7171: checking for sys_errlist in <errno.h>, <stdio.h>, or <stdlib.h>
configure:7197: /usr/bin/gcc -c -g -O2  conftest.c >&5
configure:7197: $? = 0
configure:7198: result: yes
configure:7214: checking C++ <osfcn.h>
configure:7238: g++ -c -g -O2  conftest.cpp >&5
conftest.cpp:39:19: error: osfcn.h: No such file or directory
conftest.cpp: In function 'int main()':
conftest.cpp:47: error: 'read' was not declared in this scope
conftest.cpp:48: error: 'open' was not declared in this scope
configure:7238: $? = 1
configure: failed program was:
| /* confdefs.h */
| #define PACKAGE_NAME "groff"
| #define PACKAGE_TARNAME "groff-1.21"
| #define PACKAGE_VERSION "1.21"
| #define PACKAGE_STRING "groff 1.21"
| #define PACKAGE_BUGREPORT "bug-groff@gnu.org"
| #define PACKAGE_URL ""
| #define STDC_HEADERS 1
| #define HAVE_SYS_TYPES_H 1
| #define HAVE_SYS_STAT_H 1
| #define HAVE_STDLIB_H 1
| #define HAVE_STRING_H 1
| #define HAVE_MEMORY_H 1
| #define HAVE_STRINGS_H 1
| #define HAVE_INTTYPES_H 1
| #define HAVE_STDINT_H 1
| #define HAVE_UNISTD_H 1
| #define __EXTENSIONS__ 1
| #define _ALL_SOURCE 1
| #define _GNU_SOURCE 1
| #define _POSIX_PTHREAD_SEMANTICS 1
| #define _TANDEM_SOURCE 1
| #define HAVE_STDDEF_H 1
| #define HAVE_STDLIB_H 1
| #define HAVE_UNISTD_H 1
| #define HAVE_DIRENT_H 1
| #define HAVE_LIMITS_H 1
| #define HAVE_STRING_H 1
| #define HAVE_STRINGS_H 1
| #define HAVE_MATH_H 1
| #define HAVE_SYS_TIME_H 1
| #define RET_TYPE_SRAND_IS_VOID 1
| #define HAVE_SYS_NERR 1
| #define HAVE_SYS_ERRLIST 1
| /* end confdefs.h.  */
| 
| 
| 
| #include <osfcn.h>
| 
| 
| int
| main ()
| {
| 
| 
| read(0, 0, 0);
| open(0, 0);
| 
| 
|   ;
|   return 0;
| }
| 
configure:7245: result: no
configure:7261: checking C++ <limits.h>
configure:7286: g++ -c -g -O2  conftest.cpp >&5
configure:7286: $? = 0
configure:7287: result: yes
configure:7309: checking C++ <inttypes.h>
configure:7333: g++ -c -g -O2  conftest.cpp >&5
configure:7333: $? = 0
configure:7342: result: yes
configure:7358: checking for unsigned long long
configure:7383: g++ -o conftest -g -O2   conftest.cpp  >&5
configure:7383: $? = 0
configure:7390: result: yes
configure:7416: checking for declaration of time_t
configure:7440: g++ -c -g -O2  conftest.cpp >&5
configure:7440: $? = 0
configure:7441: result: yes
configure:7457: checking for return type of signal handlers
configure:7490: /usr/bin/gcc -c -g -O2  conftest.c >&5
conftest.c:46: error: expected identifier or '(' before string constant
configure:7490: $? = 1
configure: failed program was:
| /* confdefs.h */
| #define PACKAGE_NAME "groff"
| #define PACKAGE_TARNAME "groff-1.21"
| #define PACKAGE_VERSION "1.21"
| #define PACKAGE_STRING "groff 1.21"
| #define PACKAGE_BUGREPORT "bug-groff@gnu.org"
| #define PACKAGE_URL ""
| #define STDC_HEADERS 1
| #define HAVE_SYS_TYPES_H 1
| #define HAVE_SYS_STAT_H 1
| #define HAVE_STDLIB_H 1
| #define HAVE_STRING_H 1
| #define HAVE_MEMORY_H 1
| #define HAVE_STRINGS_H 1
| #define HAVE_INTTYPES_H 1
| #define HAVE_STDINT_H 1
| #define HAVE_UNISTD_H 1
| #define __EXTENSIONS__ 1
| #define _ALL_SOURCE 1
| #define _GNU_SOURCE 1
| #define _POSIX_PTHREAD_SEMANTICS 1
| #define _TANDEM_SOURCE 1
| #define HAVE_STDDEF_H 1
| #define HAVE_STDLIB_H 1
| #define HAVE_UNISTD_H 1
| #define HAVE_DIRENT_H 1
| #define HAVE_LIMITS_H 1
| #define HAVE_STRING_H 1
| #define HAVE_STRINGS_H 1
| #define HAVE_MATH_H 1
| #define HAVE_SYS_TIME_H 1
| #define RET_TYPE_SRAND_IS_VOID 1
| #define HAVE_SYS_NERR 1
| #define HAVE_SYS_ERRLIST 1
| #define HAVE_CC_LIMITS_H 1
| #define HAVE_CC_INTTYPES_H 1
| /* end confdefs.h.  */
| 
| 
| 
| #include <sys/types.h>
| #include <signal.h>
| #ifdef signal
| # undef signal
| #endif
| extern "C" void (*signal (int, void (*)(int)))(int);
| 
| 
| int
| main ()
| {
| 
| 
| int i;
| 
| 
|   ;
|   return 0;
| }
| 
configure:7490: /usr/bin/gcc -c -g -O2  conftest.c >&5
conftest.c:46: error: expected identifier or '(' before string constant
configure:7490: $? = 1
configure: failed program was:
| /* confdefs.h */
| #define PACKAGE_NAME "groff"
| #define PACKAGE_TARNAME "groff-1.21"
| #define PACKAGE_VERSION "1.21"
| #define PACKAGE_STRING "groff 1.21"
| #define PACKAGE_BUGREPORT "bug-groff@gnu.org"
| #define PACKAGE_URL ""
| #define STDC_HEADERS 1
| #define HAVE_SYS_TYPES_H 1
| #define HAVE_SYS_STAT_H 1
| #define HAVE_STDLIB_H 1
| #define HAVE_STRING_H 1
| #define HAVE_MEMORY_H 1
| #define HAVE_STRINGS_H 1
| #define HAVE_INTTYPES_H 1
| #define HAVE_STDINT_H 1
| #define HAVE_UNISTD_H 1
| #define __EXTENSIONS__ 1
| #define _ALL_SOURCE 1
| #define _GNU_SOURCE 1
| #define _POSIX_PTHREAD_SEMANTICS 1
| #define _TANDEM_SOURCE 1
| #define HAVE_STDDEF_H 1
| #define HAVE_STDLIB_H 1
| #define HAVE_UNISTD_H 1
| #define HAVE_DIRENT_H 1
| #define HAVE_LIMITS_H 1
| #define HAVE_STRING_H 1
| #define HAVE_STRINGS_H 1
| #define HAVE_MATH_H 1
| #define HAVE_SYS_TIME_H 1
| #define RET_TYPE_SRAND_IS_VOID 1
| #define HAVE_SYS_NERR 1
| #define HAVE_SYS_ERRLIST 1
| #define HAVE_CC_LIMITS_H 1
| #define HAVE_CC_INTTYPES_H 1
| /* end confdefs.h.  */
| 
| 
| 
| #include <sys/types.h>
| #include <signal.h>
| #ifdef signal
| # undef signal
| #endif
| extern "C" void (*signal (int, void (*)(int)) throw ())(int);
| 
| 
| int
| main ()
| {
| 
| 
| int i;
| 
| 
|   ;
|   return 0;
| }
| 
configure:7490: /usr/bin/gcc -c -g -O2  conftest.c >&5
configure:7490: $? = 0
configure:7499: result: void
configure:7511: checking struct exception
configure:7534: /usr/bin/gcc -c -g -O2  conftest.c >&5
conftest.c: In function 'main':
conftest.c:50: error: storage size of 'e' isn't known
configure:7534: $? = 1
configure: failed program was:
| /* confdefs.h */
| #define PACKAGE_NAME "groff"
| #define PACKAGE_TARNAME "groff-1.21"
| #define PACKAGE_VERSION "1.21"
| #define PACKAGE_STRING "groff 1.21"
| #define PACKAGE_BUGREPORT "bug-groff@gnu.org"
| #define PACKAGE_URL ""
| #define STDC_HEADERS 1
| #define HAVE_SYS_TYPES_H 1
| #define HAVE_SYS_STAT_H 1
| #define HAVE_STDLIB_H 1
| #define HAVE_STRING_H 1
| #define HAVE_MEMORY_H 1
| #define HAVE_STRINGS_H 1
| #define HAVE_INTTYPES_H 1
| #define HAVE_STDINT_H 1
| #define HAVE_UNISTD_H 1
| #define __EXTENSIONS__ 1
| #define _ALL_SOURCE 1
| #define _GNU_SOURCE 1
| #define _POSIX_PTHREAD_SEMANTICS 1
| #define _TANDEM_SOURCE 1
| #define HAVE_STDDEF_H 1
| #define HAVE_STDLIB_H 1
| #define HAVE_UNISTD_H 1
| #define HAVE_DIRENT_H 1
| #define HAVE_LIMITS_H 1
| #define HAVE_STRING_H 1
| #define HAVE_STRINGS_H 1
| #define HAVE_MATH_H 1
| #define HAVE_SYS_TIME_H 1
| #define RET_TYPE_SRAND_IS_VOID 1
| #define HAVE_SYS_NERR 1
| #define HAVE_SYS_ERRLIST 1
| #define HAVE_CC_LIMITS_H 1
| #define HAVE_CC_INTTYPES_H 1
| #define RETSIGTYPE void
| /* end confdefs.h.  */
| 
| 
| 
| #include <math.h>
| 
| 
| int
| main ()
| {
| 
| 
| struct exception e;
| 
| 
|   ;
|   return 0;
| }
| 
configure:7541: result: no
configure:7547: checking whether byte ordering is bigendian
configure:7562: /usr/bin/gcc -c -g -O2  conftest.c >&5
configure:7562: $? = 0
configure:7607: /usr/bin/gcc -c -g -O2  conftest.c >&5
configure:7607: $? = 0
configure:7625: /usr/bin/gcc -c -g -O2  conftest.c >&5
conftest.c: In function 'main':
conftest.c:46: error: 'not' undeclared (first use in this function)
conftest.c:46: error: (Each undeclared identifier is reported only once
conftest.c:46: error: for each function it appears in.)
conftest.c:46: error: expected ';' before 'big'
configure:7625: $? = 1
configure: failed program was:
| /* confdefs.h */
| #define PACKAGE_NAME "groff"
| #define PACKAGE_TARNAME "groff-1.21"
| #define PACKAGE_VERSION "1.21"
| #define PACKAGE_STRING "groff 1.21"
| #define PACKAGE_BUGREPORT "bug-groff@gnu.org"
| #define PACKAGE_URL ""
| #define STDC_HEADERS 1
| #define HAVE_SYS_TYPES_H 1
| #define HAVE_SYS_STAT_H 1
| #define HAVE_STDLIB_H 1
| #define HAVE_STRING_H 1
| #define HAVE_MEMORY_H 1
| #define HAVE_STRINGS_H 1
| #define HAVE_INTTYPES_H 1
| #define HAVE_STDINT_H 1
| #define HAVE_UNISTD_H 1
| #define __EXTENSIONS__ 1
| #define _ALL_SOURCE 1
| #define _GNU_SOURCE 1
| #define _POSIX_PTHREAD_SEMANTICS 1
| #define _TANDEM_SOURCE 1
| #define HAVE_STDDEF_H 1
| #define HAVE_STDLIB_H 1
| #define HAVE_UNISTD_H 1
| #define HAVE_DIRENT_H 1
| #define HAVE_LIMITS_H 1
| #define HAVE_STRING_H 1
| #define HAVE_STRINGS_H 1
| #define HAVE_MATH_H 1
| #define HAVE_SYS_TIME_H 1
| #define RET_TYPE_SRAND_IS_VOID 1
| #define HAVE_SYS_NERR 1
| #define HAVE_SYS_ERRLIST 1
| #define HAVE_CC_LIMITS_H 1
| #define HAVE_CC_INTTYPES_H 1
| #define RETSIGTYPE void
| /* end confdefs.h.  */
| #include <sys/types.h>
| 		#include <sys/param.h>
| 
| int
| main ()
| {
| #if BYTE_ORDER != BIG_ENDIAN
| 		 not big endian
| 		#endif
| 
|   ;
|   return 0;
| }
configure:7753: result: no
configure:7773: checking for main in -lc
configure:7792: /usr/bin/gcc -o conftest -g -O2   conftest.c -lc   >&5
configure:7792: $? = 0
configure:7801: result: yes
configure:7808: checking for sin in -lm
configure:7833: /usr/bin/gcc -o conftest -g -O2   conftest.c -lm   >&5
conftest.c:46: warning: conflicting types for built-in function 'sin'
configure:7833: $? = 0
configure:7842: result: yes
configure:7853: checking build system type
configure:7867: result: arm-apple-darwin10.4.0
configure:7887: checking host system type
configure:7900: result: arm-apple-darwin10.4.0
configure:7960: checking for ld used by GCC
configure:8024: result: /usr/bin/ld
configure:8031: checking if the linker (/usr/bin/ld) is GNU ld
configure:8044: result: no
configure:8051: checking for shared library run path origin
configure:8064: result: done
configure:8638: checking for iconv
configure:8660: /usr/bin/gcc -o conftest -g -O2 -I/usr/local/include  conftest.c  >&5
Undefined symbols:
  "_iconv", referenced from:
      _main in cc2KLVbI.o
  "_iconv_close", referenced from:
      _main in cc2KLVbI.o
  "_iconv_open", referenced from:
      _main in cc2KLVbI.o
ld: symbol(s) not found
collect2: ld returned 1 exit status
configure:8660: $? = 1
configure: failed program was:
| /* confdefs.h */
| #define PACKAGE_NAME "groff"
| #define PACKAGE_TARNAME "groff-1.21"
| #define PACKAGE_VERSION "1.21"
| #define PACKAGE_STRING "groff 1.21"
| #define PACKAGE_BUGREPORT "bug-groff@gnu.org"
| #define PACKAGE_URL ""
| #define STDC_HEADERS 1
| #define HAVE_SYS_TYPES_H 1
| #define HAVE_SYS_STAT_H 1
| #define HAVE_STDLIB_H 1
| #define HAVE_STRING_H 1
| #define HAVE_MEMORY_H 1
| #define HAVE_STRINGS_H 1
| #define HAVE_INTTYPES_H 1
| #define HAVE_STDINT_H 1
| #define HAVE_UNISTD_H 1
| #define __EXTENSIONS__ 1
| #define _ALL_SOURCE 1
| #define _GNU_SOURCE 1
| #define _POSIX_PTHREAD_SEMANTICS 1
| #define _TANDEM_SOURCE 1
| #define HAVE_STDDEF_H 1
| #define HAVE_STDLIB_H 1
| #define HAVE_UNISTD_H 1
| #define HAVE_DIRENT_H 1
| #define HAVE_LIMITS_H 1
| #define HAVE_STRING_H 1
| #define HAVE_STRINGS_H 1
| #define HAVE_MATH_H 1
| #define HAVE_SYS_TIME_H 1
| #define RET_TYPE_SRAND_IS_VOID 1
| #define HAVE_SYS_NERR 1
| #define HAVE_SYS_ERRLIST 1
| #define HAVE_CC_LIMITS_H 1
| #define HAVE_CC_INTTYPES_H 1
| #define RETSIGTYPE void
| /* end confdefs.h.  */
| #include <stdlib.h>
| #include <iconv.h>
| int
| main ()
| {
| iconv_t cd = iconv_open("","");
|        iconv(cd,NULL,NULL,NULL,NULL);
|        iconv_close(cd);
|   ;
|   return 0;
| }
configure:8682: /usr/bin/gcc -o conftest -g -O2 -I/usr/local/include  conftest.c  -L/usr/local/lib -liconv >&5
Undefined symbols:
  "_iconv", referenced from:
      _main in ccziSfaI.o
  "_iconv_close", referenced from:
      _main in ccziSfaI.o
  "_iconv_open", referenced from:
      _main in ccziSfaI.o
ld: symbol(s) not found
collect2: ld returned 1 exit status
configure:8682: $? = 1
configure: failed program was:
| /* confdefs.h */
| #define PACKAGE_NAME "groff"
| #define PACKAGE_TARNAME "groff-1.21"
| #define PACKAGE_VERSION "1.21"
| #define PACKAGE_STRING "groff 1.21"
| #define PACKAGE_BUGREPORT "bug-groff@gnu.org"
| #define PACKAGE_URL ""
| #define STDC_HEADERS 1
| #define HAVE_SYS_TYPES_H 1
| #define HAVE_SYS_STAT_H 1
| #define HAVE_STDLIB_H 1
| #define HAVE_STRING_H 1
| #define HAVE_MEMORY_H 1
| #define HAVE_STRINGS_H 1
| #define HAVE_INTTYPES_H 1
| #define HAVE_STDINT_H 1
| #define HAVE_UNISTD_H 1
| #define __EXTENSIONS__ 1
| #define _ALL_SOURCE 1
| #define _GNU_SOURCE 1
| #define _POSIX_PTHREAD_SEMANTICS 1
| #define _TANDEM_SOURCE 1
| #define HAVE_STDDEF_H 1
| #define HAVE_STDLIB_H 1
| #define HAVE_UNISTD_H 1
| #define HAVE_DIRENT_H 1
| #define HAVE_LIMITS_H 1
| #define HAVE_STRING_H 1
| #define HAVE_STRINGS_H 1
| #define HAVE_MATH_H 1
| #define HAVE_SYS_TIME_H 1
| #define RET_TYPE_SRAND_IS_VOID 1
| #define HAVE_SYS_NERR 1
| #define HAVE_SYS_ERRLIST 1
| #define HAVE_CC_LIMITS_H 1
| #define HAVE_CC_INTTYPES_H 1
| #define RETSIGTYPE void
| /* end confdefs.h.  */
| #include <stdlib.h>
| #include <iconv.h>
| int
| main ()
| {
| iconv_t cd = iconv_open("","");
|          iconv(cd,NULL,NULL,NULL,NULL);
|          iconv_close(cd);
|   ;
|   return 0;
| }
configure:8692: result: no, consider installing GNU libiconv
configure:8873: checking for stdlib.h
configure:8873: result: yes
configure:8873: checking for unistd.h
configure:8873: result: yes
configure:8873: checking for sys/param.h
configure:8873: /usr/bin/gcc -c -g -O2  conftest.c >&5
configure:8873: $? = 0
configure:8873: result: yes
configure:8893: checking for getpagesize
configure:8893: /usr/bin/gcc -o conftest -g -O2   conftest.c  >&5
configure:8893: $? = 0
configure:8893: result: yes
configure:8902: checking for working mmap
configure:9049: /usr/bin/gcc -o conftest -g -O2   conftest.c  >&5
configure:9049: $? = 0
configure:9049: ./conftest
configure:9049: $? = 0
configure:9059: result: yes
configure:9070: checking for fmod
configure:9070: /usr/bin/gcc -o conftest -g -O2   conftest.c  -lc -lm >&5
conftest.c:67: warning: conflicting types for built-in function 'fmod'
configure:9070: $? = 0
configure:9070: result: yes
configure:9083: checking for getcwd
configure:9083: /usr/bin/gcc -o conftest -g -O2   conftest.c  -lc -lm >&5
configure:9083: $? = 0
configure:9083: result: yes
configure:9096: checking for putenv
configure:9096: /usr/bin/gcc -o conftest -g -O2   conftest.c  -lc -lm >&5
configure:9096: $? = 0
configure:9096: result: yes
configure:9109: checking for snprintf
configure:9109: /usr/bin/gcc -o conftest -g -O2   conftest.c  -lc -lm >&5
conftest.c:70: warning: conflicting types for built-in function 'snprintf'
configure:9109: $? = 0
configure:9109: result: yes
configure:9122: checking for strcasecmp
configure:9122: /usr/bin/gcc -o conftest -g -O2   conftest.c  -lc -lm >&5
conftest.c:71: warning: conflicting types for built-in function 'strcasecmp'
configure:9122: $? = 0
configure:9122: result: yes
configure:9135: checking for strerror
configure:9135: /usr/bin/gcc -o conftest -g -O2   conftest.c  -lc -lm >&5
configure:9135: $? = 0
configure:9135: result: yes
configure:9148: checking for strncasecmp
configure:9148: /usr/bin/gcc -o conftest -g -O2   conftest.c  -lc -lm >&5
conftest.c:73: warning: conflicting types for built-in function 'strncasecmp'
configure:9148: $? = 0
configure:9148: result: yes
configure:9161: checking for strtol
configure:9161: /usr/bin/gcc -o conftest -g -O2   conftest.c  -lc -lm >&5
configure:9161: $? = 0
configure:9161: result: yes
configure:9178: checking for vsnprintf
configure:9178: /usr/bin/gcc -o conftest -g -O2   conftest.c  -lc -lm >&5
conftest.c:75: warning: conflicting types for built-in function 'vsnprintf'
configure:9178: $? = 0
configure:9178: result: yes
configure:9198: checking for gettimeofday
configure:9198: /usr/bin/gcc -o conftest -g -O2   conftest.c  >&5
configure:9198: $? = 0
configure:9198: result: yes
configure:9198: checking for isatty
configure:9198: /usr/bin/gcc -o conftest -g -O2   conftest.c  >&5
configure:9198: $? = 0
configure:9198: result: yes
configure:9198: checking for kill
configure:9198: /usr/bin/gcc -o conftest -g -O2   conftest.c  >&5
configure:9198: $? = 0
configure:9198: result: yes
configure:9198: checking for rename
configure:9198: /usr/bin/gcc -o conftest -g -O2   conftest.c  >&5
configure:9198: $? = 0
configure:9198: result: yes
configure:9198: checking for setlocale
configure:9198: /usr/bin/gcc -o conftest -g -O2   conftest.c  >&5
configure:9198: $? = 0
configure:9198: result: yes
configure:9198: checking for strsep
configure:9198: /usr/bin/gcc -o conftest -g -O2   conftest.c  >&5
configure:9198: $? = 0
configure:9198: result: yes
configure:9207: checking for mkstemp
configure:9239: g++ -o conftest -g -O2   conftest.cpp  >&5
configure:9239: $? = 0
configure:9240: result: yes
configure:9263: checking whether sys_siglist is declared
configure:9263: /usr/bin/gcc -c -g -O2  conftest.c >&5
conftest.c: In function 'main':
conftest.c:100: error: 'sys_siglist' undeclared (first use in this function)
conftest.c:100: error: (Each undeclared identifier is reported only once
conftest.c:100: error: for each function it appears in.)
configure:9263: $? = 1
configure: failed program was:
| /* confdefs.h */
| #define PACKAGE_NAME "groff"
| #define PACKAGE_TARNAME "groff-1.21"
| #define PACKAGE_VERSION "1.21"
| #define PACKAGE_STRING "groff 1.21"
| #define PACKAGE_BUGREPORT "bug-groff@gnu.org"
| #define PACKAGE_URL ""
| #define STDC_HEADERS 1
| #define HAVE_SYS_TYPES_H 1
| #define HAVE_SYS_STAT_H 1
| #define HAVE_STDLIB_H 1
| #define HAVE_STRING_H 1
| #define HAVE_MEMORY_H 1
| #define HAVE_STRINGS_H 1
| #define HAVE_INTTYPES_H 1
| #define HAVE_STDINT_H 1
| #define HAVE_UNISTD_H 1
| #define __EXTENSIONS__ 1
| #define _ALL_SOURCE 1
| #define _GNU_SOURCE 1
| #define _POSIX_PTHREAD_SEMANTICS 1
| #define _TANDEM_SOURCE 1
| #define HAVE_STDDEF_H 1
| #define HAVE_STDLIB_H 1
| #define HAVE_UNISTD_H 1
| #define HAVE_DIRENT_H 1
| #define HAVE_LIMITS_H 1
| #define HAVE_STRING_H 1
| #define HAVE_STRINGS_H 1
| #define HAVE_MATH_H 1
| #define HAVE_SYS_TIME_H 1
| #define RET_TYPE_SRAND_IS_VOID 1
| #define HAVE_SYS_NERR 1
| #define HAVE_SYS_ERRLIST 1
| #define HAVE_CC_LIMITS_H 1
| #define HAVE_CC_INTTYPES_H 1
| #define RETSIGTYPE void
| #define HAVE_STDLIB_H 1
| #define HAVE_UNISTD_H 1
| #define HAVE_SYS_PARAM_H 1
| #define HAVE_GETPAGESIZE 1
| #define HAVE_MMAP 1
| #define HAVE_FMOD 1
| #define HAVE_GETCWD 1
| #define HAVE_PUTENV 1
| #define HAVE_SNPRINTF 1
| #define HAVE_STRCASECMP 1
| #define HAVE_STRERROR 1
| #define HAVE_STRNCASECMP 1
| #define HAVE_STRTOL 1
| #define HAVE_VSNPRINTF 1
| #define HAVE_GETTIMEOFDAY 1
| #define HAVE_ISATTY 1
| #define HAVE_KILL 1
| #define HAVE_RENAME 1
| #define HAVE_SETLOCALE 1
| #define HAVE_STRSEP 1
| #define HAVE_MKSTEMP 1
| /* end confdefs.h.  */
| #include <stdio.h>
| #ifdef HAVE_SYS_TYPES_H
| # include <sys/types.h>
| #endif
| #ifdef HAVE_SYS_STAT_H
| # include <sys/stat.h>
| #endif
| #ifdef STDC_HEADERS
| # include <stdlib.h>
| # include <stddef.h>
| #else
| # ifdef HAVE_STDLIB_H
| #  include <stdlib.h>
| # endif
| #endif
| #ifdef HAVE_STRING_H
| # if !defined STDC_HEADERS && defined HAVE_MEMORY_H
| #  include <memory.h>
| # endif
| # include <string.h>
| #endif
| #ifdef HAVE_STRINGS_H
| # include <strings.h>
| #endif
| #ifdef HAVE_INTTYPES_H
| # include <inttypes.h>
| #endif
| #ifdef HAVE_STDINT_H
| # include <stdint.h>
| #endif
| #ifdef HAVE_UNISTD_H
| # include <unistd.h>
| #endif
| int
| main ()
| {
| #ifndef sys_siglist
| #ifdef __cplusplus
|   (void) sys_siglist;
| #else
|   (void) sys_siglist;
| #endif
| #endif
| 
|   ;
|   return 0;
| }
configure:9263: result: no
configure:9273: checking whether getc_unlocked is declared
configure:9273: /usr/bin/gcc -c -g -O2  conftest.c >&5
configure:9273: $? = 0
configure:9273: result: yes
configure:9285: checking for nl_langinfo and CODESET
configure:9301: /usr/bin/gcc -o conftest -g -O2   conftest.c  >&5
configure:9301: $? = 0
configure:9310: result: yes
configure:9326: checking whether ANSI array delete syntax is supported
configure:9346: g++ -c -g -O2  conftest.cpp >&5
configure:9346: $? = 0
configure:9347: result: yes
configure:9369: checking traditional preprocessor
configure:9392: g++ -c -g -O2  conftest.cpp >&5
conftest.cpp: In function 'int main()':
conftest.cpp:74: error: expected initializer before 'bar'
configure:9392: $? = 1
configure: failed program was:
| /* confdefs.h */
| #define PACKAGE_NAME "groff"
| #define PACKAGE_TARNAME "groff-1.21"
| #define PACKAGE_VERSION "1.21"
| #define PACKAGE_STRING "groff 1.21"
| #define PACKAGE_BUGREPORT "bug-groff@gnu.org"
| #define PACKAGE_URL ""
| #define STDC_HEADERS 1
| #define HAVE_SYS_TYPES_H 1
| #define HAVE_SYS_STAT_H 1
| #define HAVE_STDLIB_H 1
| #define HAVE_STRING_H 1
| #define HAVE_MEMORY_H 1
| #define HAVE_STRINGS_H 1
| #define HAVE_INTTYPES_H 1
| #define HAVE_STDINT_H 1
| #define HAVE_UNISTD_H 1
| #define __EXTENSIONS__ 1
| #define _ALL_SOURCE 1
| #define _GNU_SOURCE 1
| #define _POSIX_PTHREAD_SEMANTICS 1
| #define _TANDEM_SOURCE 1
| #define HAVE_STDDEF_H 1
| #define HAVE_STDLIB_H 1
| #define HAVE_UNISTD_H 1
| #define HAVE_DIRENT_H 1
| #define HAVE_LIMITS_H 1
| #define HAVE_STRING_H 1
| #define HAVE_STRINGS_H 1
| #define HAVE_MATH_H 1
| #define HAVE_SYS_TIME_H 1
| #define RET_TYPE_SRAND_IS_VOID 1
| #define HAVE_SYS_NERR 1
| #define HAVE_SYS_ERRLIST 1
| #define HAVE_CC_LIMITS_H 1
| #define HAVE_CC_INTTYPES_H 1
| #define RETSIGTYPE void
| #define HAVE_STDLIB_H 1
| #define HAVE_UNISTD_H 1
| #define HAVE_SYS_PARAM_H 1
| #define HAVE_GETPAGESIZE 1
| #define HAVE_MMAP 1
| #define HAVE_FMOD 1
| #define HAVE_GETCWD 1
| #define HAVE_PUTENV 1
| #define HAVE_SNPRINTF 1
| #define HAVE_STRCASECMP 1
| #define HAVE_STRERROR 1
| #define HAVE_STRNCASECMP 1
| #define HAVE_STRTOL 1
| #define HAVE_VSNPRINTF 1
| #define HAVE_GETTIMEOFDAY 1
| #define HAVE_ISATTY 1
| #define HAVE_KILL 1
| #define HAVE_RENAME 1
| #define HAVE_SETLOCALE 1
| #define HAVE_STRSEP 1
| #define HAVE_MKSTEMP 1
| #define HAVE_DECL_SYS_SIGLIST 0
| #define HAVE_DECL_GETC_UNLOCKED 1
| #define HAVE_LANGINFO_CODESET 1
| /* end confdefs.h.  */
| 
| 
| 
| #define name2(a, b) a/**/b
| 
| 
| int
| main ()
| {
| 
| 
| int name2(foo, bar);
| 
| 
|   ;
|   return 0;
| }
| 
configure:9399: result: no
configure:9411: checking w_coredump
configure:9448: /usr/bin/gcc -o conftest -g -O2   conftest.c  >&5
conftest.c: In function 'main':
conftest.c:76: error: expected ';' before '{' token
configure:9448: $? = 1
configure: program exited with status 1
configure: failed program was:
| /* confdefs.h */
| #define PACKAGE_NAME "groff"
| #define PACKAGE_TARNAME "groff-1.21"
| #define PACKAGE_VERSION "1.21"
| #define PACKAGE_STRING "groff 1.21"
| #define PACKAGE_BUGREPORT "bug-groff@gnu.org"
| #define PACKAGE_URL ""
| #define STDC_HEADERS 1
| #define HAVE_SYS_TYPES_H 1
| #define HAVE_SYS_STAT_H 1
| #define HAVE_STDLIB_H 1
| #define HAVE_STRING_H 1
| #define HAVE_MEMORY_H 1
| #define HAVE_STRINGS_H 1
| #define HAVE_INTTYPES_H 1
| #define HAVE_STDINT_H 1
| #define HAVE_UNISTD_H 1
| #define __EXTENSIONS__ 1
| #define _ALL_SOURCE 1
| #define _GNU_SOURCE 1
| #define _POSIX_PTHREAD_SEMANTICS 1
| #define _TANDEM_SOURCE 1
| #define HAVE_STDDEF_H 1
| #define HAVE_STDLIB_H 1
| #define HAVE_UNISTD_H 1
| #define HAVE_DIRENT_H 1
| #define HAVE_LIMITS_H 1
| #define HAVE_STRING_H 1
| #define HAVE_STRINGS_H 1
| #define HAVE_MATH_H 1
| #define HAVE_SYS_TIME_H 1
| #define RET_TYPE_SRAND_IS_VOID 1
| #define HAVE_SYS_NERR 1
| #define HAVE_SYS_ERRLIST 1
| #define HAVE_CC_LIMITS_H 1
| #define HAVE_CC_INTTYPES_H 1
| #define RETSIGTYPE void
| #define HAVE_STDLIB_H 1
| #define HAVE_UNISTD_H 1
| #define HAVE_SYS_PARAM_H 1
| #define HAVE_GETPAGESIZE 1
| #define HAVE_MMAP 1
| #define HAVE_FMOD 1
| #define HAVE_GETCWD 1
| #define HAVE_PUTENV 1
| #define HAVE_SNPRINTF 1
| #define HAVE_STRCASECMP 1
| #define HAVE_STRERROR 1
| #define HAVE_STRNCASECMP 1
| #define HAVE_STRTOL 1
| #define HAVE_VSNPRINTF 1
| #define HAVE_GETTIMEOFDAY 1
| #define HAVE_ISATTY 1
| #define HAVE_KILL 1
| #define HAVE_RENAME 1
| #define HAVE_SETLOCALE 1
| #define HAVE_STRSEP 1
| #define HAVE_MKSTEMP 1
| #define HAVE_DECL_SYS_SIGLIST 0
| #define HAVE_DECL_GETC_UNLOCKED 1
| #define HAVE_LANGINFO_CODESET 1
| /* end confdefs.h.  */
| 
| 
| 
| #include <sys/types.h>
| #include <sys/wait.h>
| 
| 
| int
| main ()
| {
| 
| 
| main()
| {
| #ifdef WCOREFLAG
|   exit(1);
| #else
|   int i = 0;
|   ((union wait *)&i)->w_coredump = 1;
|   exit(i != 0200);
| #endif
| }
| 
| 
|   ;
|   return 0;
| }
| 
configure:9455: result: no
configure:9464: checking default value for grops -b option
configure:9467: result: 0
configure:9470: checking default paper size
configure:9524: result: letter
configure:9527: checking for existing troff installation
configure:9534: result: no
configure:9539: checking for prefix of system macro packages
configure:9556: result: 
configure:9560: checking which system macro packages should be made available
configure:9603: result: 
configure:9606: checking separator character to use in groff search paths
configure:9633: /usr/bin/gcc -c -g -O2  conftest.c >&5
configure:9633: $? = 0
configure:9639: result: :
configure:9706: checking for gs
configure:9736: result: no
configure:9706: checking for gswin32c
configure:9736: result: no
configure:9706: checking for gsos2
configure:9736: result: no
configure:9767: checking for pnmcut
configure:9795: result: missing
configure:9807: checking for pnmcrop
configure:9835: result: missing
configure:9847: checking for pnmtopng
configure:9875: result: missing
configure:9887: checking for psselect
configure:9915: result: missing
configure:9927: checking for pnmtops
configure:9955: result: missing
configure:9995: WARNING: missing programs:

  The programs
     `pnmcut', `pnmcrop', `pnmtopng', `psselect', `pnmtops' and `gs'
  cannot be found in the PATH.
  Consequently, groff's HTML backend (grohtml) will not work properly;
  therefore, it will neither be possible to prepare, nor to install,
  documentation in HTML format.
     
configure:10073: checking for gawk
configure:10089: found /usr/bin/gawk
configure:10100: result: gawk
configure:10151: WARNING: missing program:

  The program `gs' cannot be found in the PATH.
  Consequently, groff's PDF formatter (pdfroff) will not work properly;
  therefore, it will neither be possible to prepare, nor to install,
  documentation in PDF format.
     
configure:10163: checking whether pnmtops can handle the -nosetpage option
configure:10170: result: no
configure:10176: checking whether we are using the GNU C Library 2.1 or newer
conftest.c:64:22: error: features.h: No such file or directory
configure:10203: result: no
configure:10322: creating ./config.status

## ---------------------- ##
## Running config.status. ##
## ---------------------- ##

This file was extended by groff config.status 1.21, which was
generated by GNU Autoconf 2.67.  Invocation command line was

  CONFIG_FILES    = 
  CONFIG_HEADERS  = 
  CONFIG_LINKS    = 
  CONFIG_COMMANDS = 
  $ ./config.status 

on Chriss-iPad

config.status:921: creating stamp-h
config.status:921: creating Makefile
config.status:921: creating doc/Makefile
config.status:921: creating src/utils/xtotroff/Makefile
config.status:921: creating contrib/gdiffmk/tests/runtests
config.status:921: creating test-groff
config.status:921: creating src/include/config.h
configure:11529:

  The application resource files for gxditview will be installed as

    /usr/X11/lib/X11/app-defaults/GXditview

  and

    /usr/X11/lib/X11/app-defaults/GXditview-color

  (existing files will be saved by appending `.old' to the file
  name).

  To install them into a different directory, say, `/etc/gxditview',
  add `--with-appresdir=/etc/gxditview' to the configure script
  command line options and rerun it.  The environment variable
  `APPLRESDIR' must then be set to `/etc/' (note the trailing slash),
  omitting the `gxditview' part which is automatically appended by
  the X11 searching routines for resource files.  More details can be
  found in the X(7) manual page.
       

## ---------------- ##
## Cache variables. ##
## ---------------- ##[]

ac_cv_build=arm-apple-darwin10.4.0
ac_cv_c_bigendian=no
ac_cv_c_compiler_gnu=yes
ac_cv_cxx_compiler_gnu=yes
ac_cv_env_CCC_set=
ac_cv_env_CCC_value=
ac_cv_env_CC_set=set
ac_cv_env_CC_value=/usr/bin/gcc
ac_cv_env_CFLAGS_set=
ac_cv_env_CFLAGS_value=
ac_cv_env_CPPFLAGS_set=
ac_cv_env_CPPFLAGS_value=
ac_cv_env_CPP_set=
ac_cv_env_CPP_value=
ac_cv_env_CXXFLAGS_set=
ac_cv_env_CXXFLAGS_value=
ac_cv_env_CXX_set=
ac_cv_env_CXX_value=
ac_cv_env_LDFLAGS_set=
ac_cv_env_LDFLAGS_value=
ac_cv_env_LIBS_set=
ac_cv_env_LIBS_value=
ac_cv_env_XMKMF_set=
ac_cv_env_XMKMF_value=
ac_cv_env_build_alias_set=
ac_cv_env_build_alias_value=
ac_cv_env_host_alias_set=
ac_cv_env_host_alias_value=
ac_cv_env_target_alias_set=
ac_cv_env_target_alias_value=
ac_cv_func_connect=yes
ac_cv_func_fmod=yes
ac_cv_func_getcwd=yes
ac_cv_func_gethostbyname=yes
ac_cv_func_getpagesize=yes
ac_cv_func_gettimeofday=yes
ac_cv_func_isatty=yes
ac_cv_func_kill=yes
ac_cv_func_mmap_fixed_mapped=yes
ac_cv_func_putenv=yes
ac_cv_func_remove=yes
ac_cv_func_rename=yes
ac_cv_func_setlocale=yes
ac_cv_func_shmat=yes
ac_cv_func_snprintf=yes
ac_cv_func_strcasecmp=yes
ac_cv_func_strerror=yes
ac_cv_func_strncasecmp=yes
ac_cv_func_strsep=yes
ac_cv_func_strtol=yes
ac_cv_func_vsnprintf=yes
ac_cv_gnu_library_2_1=no
ac_cv_have_decl_getc_unlocked=yes
ac_cv_have_decl_sys_siglist=no
ac_cv_have_x='have_x=yes	ac_x_includes='\'''\''	ac_x_libraries='\'''\'''
ac_cv_header_direct_h=no
ac_cv_header_dirent_h=yes
ac_cv_header_inttypes_h=yes
ac_cv_header_limits_h=yes
ac_cv_header_math_h=yes
ac_cv_header_memory_h=yes
ac_cv_header_minix_config_h=no
ac_cv_header_process_h=no
ac_cv_header_stdc=yes
ac_cv_header_stddef_h=yes
ac_cv_header_stdint_h=yes
ac_cv_header_stdlib_h=yes
ac_cv_header_string_h=yes
ac_cv_header_strings_h=yes
ac_cv_header_sys_dir_h=no
ac_cv_header_sys_param_h=yes
ac_cv_header_sys_stat_h=yes
ac_cv_header_sys_time_h=yes
ac_cv_header_sys_types_h=yes
ac_cv_header_unistd_h=yes
ac_cv_host=arm-apple-darwin10.4.0
ac_cv_lib_ICE_IceConnectionNumber=yes
ac_cv_lib_c_main=yes
ac_cv_lib_m_sin=yes
ac_cv_objext=o
ac_cv_path_EGREP='/bin/grep -E'
ac_cv_path_GREP=/bin/grep
ac_cv_path_PERLPATH=/usr/local/bin/perl
ac_cv_path_install='/usr/bin/install -c'
ac_cv_prog_CPP='/usr/bin/gcc -E'
ac_cv_prog_INSTALL_INFO=install-info
ac_cv_prog_MAKEINFO=makeinfo
ac_cv_prog_YACC='bison -y'
ac_cv_prog_ac_ct_AWK=gawk
ac_cv_prog_ac_ct_CC=/usr/bin/gcc
ac_cv_prog_ac_ct_CXX=g++
ac_cv_prog_ac_ct_RANLIB=ranlib
ac_cv_prog_cc_c89=
ac_cv_prog_cc_g=yes
ac_cv_prog_cxx_g=yes
ac_cv_prog_pnmcrop=missing
ac_cv_prog_pnmcut=missing
ac_cv_prog_pnmtopng=missing
ac_cv_prog_pnmtops=missing
ac_cv_prog_psselect=missing
ac_cv_safe_to_define___extensions__=yes
acl_cv_hardcode_direct=no
acl_cv_hardcode_libdir_flag_spec=
acl_cv_hardcode_libdir_separator=
acl_cv_hardcode_minus_L=no
acl_cv_libext=a
acl_cv_libname_spec='lib$name'
acl_cv_library_names_spec='$libname$shrext'
acl_cv_path_LD=/usr/bin/ld
acl_cv_prog_gnu_ld=no
acl_cv_rpath=done
acl_cv_shlibext=dylib
acl_cv_wl=-Wl,
am_cv_func_iconv='no, consider installing GNU libiconv'
am_cv_langinfo_codeset=yes
am_cv_lib_iconv=no
groff_cv_decl_needed_gettimeofday=no
groff_cv_decl_needed_hypot=no
groff_cv_decl_needed_pclose=no
groff_cv_decl_needed_popen=no
groff_cv_decl_needed_putenv=no
groff_cv_decl_needed_rand=no
groff_cv_decl_needed_snprintf=no
groff_cv_decl_needed_srand=no
groff_cv_decl_needed_strcasecmp=no
groff_cv_decl_needed_strncasecmp=no
groff_cv_decl_needed_vfprintf=no
groff_cv_decl_needed_vsnprintf=no
groff_cv_ebcdic=no
groff_cv_header_inttypes_h=yes
groff_cv_type_unsigned_long_long=yes

## ----------------- ##
## Output variables. ##
## ----------------- ##[]

ALT_AWK_PROGS='gawk mawk nawk awk'
ALT_GHOSTSCRIPT_PROGS='gs gswin32c gsos2'
AWK='gawk'
BROKEN_SPOOLER_FLAGS='0'
CC='/usr/bin/gcc'
CFLAGS='-g -O2'
CPP='/usr/bin/gcc -E'
CPPFLAGS=''
CXX='g++'
CXXFLAGS='-g -O2'
DEFS='-DHAVE_CONFIG_H'
DVIPRINT=''
ECHO_C=''
ECHO_N='-n'
ECHO_T=''
EGREP='/bin/grep -E'
EXEEXT=''
GHOSTSCRIPT='missing'
GLIBC21='no'
GREP='/bin/grep'
GROFF_PATH_SEPARATOR=':'
INSTALL_DATA='${INSTALL} -m 644'
INSTALL_INFO='install-info'
INSTALL_PROGRAM='${INSTALL}'
INSTALL_SCRIPT='${INSTALL}'
LDFLAGS=''
LIBC='-lc'
LIBEXT='a'
LIBICONV=''
LIBM='-lm'
LIBOBJS=''
LIBS=''
LN_S='ln -s'
LP=''
LPQ=''
LPR=''
LTLIBICONV=''
LTLIBOBJS=''
MAKEINFO='makeinfo'
OBJEXT='o'
OTHERDEVDIRS='font/devlj4 font/devlbp'
PACKAGE_BUGREPORT='bug-groff@gnu.org'
PACKAGE_NAME='groff'
PACKAGE_STRING='groff 1.21'
PACKAGE_TARNAME='groff-1.21'
PACKAGE_URL=''
PACKAGE_VERSION='1.21'
PAGE='letter'
PATH_SEPARATOR=':'
PERLPATH='/usr/local/bin/perl'
PSPRINT=''
RANLIB='ranlib'
SHELL='/bin/sh'
SH_SCRIPT_SED_CMD='1s/a/a/'
TTYDEVDIRS='font/devascii font/devlatin1'
XDEVDIRS='font/devX75 font/devX75-12 font/devX100 font/devX100-12'
XLIBDIRS='src/libs/libxutil'
XMKMF=''
XPROGDIRS='src/devices/xditview src/utils/xtotroff'
X_CFLAGS=''
X_EXTRA_LIBS=''
X_LIBS=''
X_PRE_LIBS=' -lSM -lICE'
YACC='bison -y'
ac_ct_AWK='gawk'
ac_ct_CC='/usr/bin/gcc'
ac_ct_CXX='g++'
ac_ct_GHOSTSCRIPT=''
appresdir='/usr/X11/lib/X11/app-defaults'
bindir='${exec_prefix}/bin'
build='arm-apple-darwin10.4.0'
build_alias=''
build_cpu='arm'
build_os='darwin10.4.0'
build_vendor='apple'
datadir='${datarootdir}'
datarootdir='${prefix}/share'
docdir='${datarootdir}/doc/${PACKAGE_TARNAME}'
dvidir='${docdir}'
exec_prefix='${prefix}'
g=''
host='arm-apple-darwin10.4.0'
host_alias=''
host_cpu='arm'
host_os='darwin10.4.0'
host_vendor='apple'
htmldir='${docdir}'
includedir='${prefix}/include'
infodir='${datarootdir}/info'
libdir='${exec_prefix}/lib'
libexecdir='${exec_prefix}/libexec'
localedir='${datarootdir}/locale'
localstatedir='${prefix}/var'
make_html=''
make_install_html=''
make_install_pdfdoc=''
make_pdfdoc=''
mandir='${datarootdir}/man'
oldincludedir='/usr/include'
pdfdir='${docdir}'
pnmcrop='missing'
pnmcut='missing'
pnmtopng='missing'
pnmtops='missing'
pnmtops_nosetpage='pnmtops'
prefix='/usr/local'
program_transform_name='s,x,x,'
psdir='${docdir}'
psselect='missing'
sbindir='${exec_prefix}/sbin'
sharedstatedir='${prefix}/com'
sys_tmac_prefix=''
sysconfdir='${prefix}/etc'
target_alias=''
tmac_wrap=''

## ----------- ##
## confdefs.h. ##
## ----------- ##[]

/* confdefs.h */
#define PACKAGE_NAME "groff"
#define PACKAGE_TARNAME "groff-1.21"
#define PACKAGE_VERSION "1.21"
#define PACKAGE_STRING "groff 1.21"
#define PACKAGE_BUGREPORT "bug-groff@gnu.org"
#define PACKAGE_URL ""
#define STDC_HEADERS 1
#define HAVE_SYS_TYPES_H 1
#define HAVE_SYS_STAT_H 1
#define HAVE_STDLIB_H 1
#define HAVE_STRING_H 1
#define HAVE_MEMORY_H 1
#define HAVE_STRINGS_H 1
#define HAVE_INTTYPES_H 1
#define HAVE_STDINT_H 1
#define HAVE_UNISTD_H 1
#define __EXTENSIONS__ 1
#define _ALL_SOURCE 1
#define _GNU_SOURCE 1
#define _POSIX_PTHREAD_SEMANTICS 1
#define _TANDEM_SOURCE 1
#define HAVE_STDDEF_H 1
#define HAVE_STDLIB_H 1
#define HAVE_UNISTD_H 1
#define HAVE_DIRENT_H 1
#define HAVE_LIMITS_H 1
#define HAVE_STRING_H 1
#define HAVE_STRINGS_H 1
#define HAVE_MATH_H 1
#define HAVE_SYS_TIME_H 1
#define RET_TYPE_SRAND_IS_VOID 1
#define HAVE_SYS_NERR 1
#define HAVE_SYS_ERRLIST 1
#define HAVE_CC_LIMITS_H 1
#define HAVE_CC_INTTYPES_H 1
#define RETSIGTYPE void
#define HAVE_STDLIB_H 1
#define HAVE_UNISTD_H 1
#define HAVE_SYS_PARAM_H 1
#define HAVE_GETPAGESIZE 1
#define HAVE_MMAP 1
#define HAVE_FMOD 1
#define HAVE_GETCWD 1
#define HAVE_PUTENV 1
#define HAVE_SNPRINTF 1
#define HAVE_STRCASECMP 1
#define HAVE_STRERROR 1
#define HAVE_STRNCASECMP 1
#define HAVE_STRTOL 1
#define HAVE_VSNPRINTF 1
#define HAVE_GETTIMEOFDAY 1
#define HAVE_ISATTY 1
#define HAVE_KILL 1
#define HAVE_RENAME 1
#define HAVE_SETLOCALE 1
#define HAVE_STRSEP 1
#define HAVE_MKSTEMP 1
#define HAVE_DECL_SYS_SIGLIST 0
#define HAVE_DECL_GETC_UNLOCKED 1
#define HAVE_LANGINFO_CODESET 1

configure: exit 0
