This file contains any messages produced by compilers while
running configure, to aid debugging if configure makes a mistake.

configure:600: checking for a BSD compatible install
configure:653: checking whether build environment is sane
configure:710: checking whether make sets ${MAKE}
configure:756: checking for working aclocal
configure:769: checking for working autoconf
configure:782: checking for working automake
configure:795: checking for working autoheader
configure:808: checking for working makeinfo
configure:835: checking for gcc
configure:948: checking whether the C compiler (/usr/bin/gcc  ) works
configure:964: /usr/bin/gcc -o conftest    conftest.c  1>&5
configure:990: checking whether the C compiler (/usr/bin/gcc  ) is a cross-compiler
configure:995: checking whether we are using GNU C
configure:1023: checking whether /usr/bin/gcc accepts -g
configure:1071: checking how to run the C preprocessor
configure:1151: checking for ANSI C header files
configure:1256: checking whether /usr/bin/gcc needs -traditional
configure:1304: checking for EMX
configure:1336: checking for OpenWatcom
configure:1367: checking for typeof
configure:1400: checking for long long
configure:1432: checking for pointer comparison bug
configure:1478: checking for maxint conversion bug
configure:1529: checking for dirent.h that defines DIR
configure:1567: checking for opendir in -ldir
configure:1650: checking for sys/wait.h that is POSIX.1 compatible
configure:1695: checking for fcntl.h
configure:1735: checking for limits.h
configure:1775: checking for sys/ioctl.h
configure:1815: checking for sys/time.h
configure:1855: checking for time.h
configure:1895: checking for unistd.h
configure:1935: checking for math.h
configure:1975: checking for ieee.h
configure:2015: checking for endian.h
configure:2055: checking for values.h
configure:2095: checking for sigaction.h
configure:2135: checking for netinet/in_systm.h
configure:2175: checking for netinet/in_system.h
configure:2215: checking for netinet/ip.h
configure:2255: checking for arpa/inet.h
configure:2295: checking for netinet/dhcp.h
configure:2335: checking for net/socket.h
configure:2375: checking for sys/select.h
configure:2415: checking for sys/resource.h
configure:2455: checking for sys/utsname.h
configure:2495: checking for sys/un.h
configure:2535: checking for sys/fmutex.h
configure:2575: checking for sys/cygwin.h
configure:2615: checking for interix/interix.h
configure:2655: checking for io.h
configure:2695: checking for setjmp.h
configure:2735: checking for langinfo.h
configure:2775: checking for pwd.h
configure:2815: checking for grp.h
configure:2855: checking for malloc.h
configure:2895: checking for alloca.h
configure:2935: checking for umalloc.h
configure:2973: checking for working const
configure:3048: checking for inline
configure:3088: checking for size_t
configure:3121: checking for socklen_t
configure:3161: checking whether time.h and sys/time.h may both be included
configure:3196: checking whether struct tm is in sys/time.h or time.h
configure:3239: checking size of short
configure:3278: checking size of unsigned short
configure:3317: checking size of int
configure:3356: checking size of unsigned
configure:3395: checking size of long
configure:3434: checking size of unsigned long
configure:3473: checking for big endian
configure:3510: checking for little endian
configure:3561: checking if rename can replace existing files
configure:3613: checking return type of signal handlers
configure:3654: checking for strftime
configure:3750: checking for vprintf
configure:3857: checking for calloc
configure:3912: checking for mkdir
configure:3967: checking for select
configure:4022: checking for chmod
configure:4077: checking for getpid
configure:4132: checking for setpgid
configure:4187: checking for popen
configure:4242: checking for uname
configure:4297: checking for getpagesize
configure:4352: checking for strptime
configure:4407: checking for getpwuid
configure:4462: checking for getgrgid
configure:4517: checking for sigfillset
configure:4572: checking for getrlimit
configure:4627: checking for setrlimit
configure:4682: checking for setlocale
configure:4737: checking for nl_langinfo
configure:4792: checking for _heapmin
configure:4847: checking for _ucreate
configure:4902: checking for _uopen
configure:4957: checking for _udestroy
configure:5012: checking for _udefault
configure:5068: checking for snprintf
configure:5123: checking for raise
configure:5178: checking for gettimeofday
configure:5233: checking for tempnam
configure:5288: checking for strtol
configure:5343: checking for strtoul
configure:5398: checking for strtoq
configure:5453: checking for strtoll
configure:5507: checking for strlen
configure:5541: checking for strcpy
configure:5575: checking for strchr
configure:5609: checking for strrchr
configure:5643: checking for strcmp
configure:5677: checking for strncmp
configure:5711: checking for strcspn
configure:5745: checking for strstr
configure:5779: checking for memmove
configure:5813: checking for strerror
configure:5847: checking for sigsetjmp/siglongjmp
configure:5890: checking for socket
configure:6040: checking for setsockopt
configure:6142: checking for gethostbyname
configure:6340: checking for gethostbyaddr
configure:6395: checking for dhcp_option
configure:6451: checking for herror
configure:6506: checking for cfmakeraw
configure:6562: checking for cygwin_conv_to_full_win32_path
configure:6617: checking for cygwin_conv_path
configure:6673: checking for unixpath2win
configure:6728: checking for winpath2unix
configure:6782: checking for requested debug level
configure:6805: checking if you want to use graphics
configure:6815: checking if you want to enable UTF-8 terminal
configure:6834: checking for pow in -lm
configure:6853: /usr/bin/gcc -o conftest -g -O2   conftest.c -lm   1>&5
configure:6846: warning: conflicting types for built-in function 'pow'
configure:6939: checking for gpm.h
configure:6976: checking for Gpm_Open in -lgpm
configure:7028: checking for OS/2 threads
configure:7077: checking for atheos/threads.h
configure:7116: checking for spawn_thread
configure:7171: checking for resume_thread
configure:7227: checking for MouOpen
configure:7282: checking for _read_kbd
configure:7336: checking for XFree for OS/2
configure:7528: checking for pkg-config
configure:7572: checking for openssl
configure:7579: checking OPENSSL_CFLAGS
configure:7584: checking OPENSSL_LIBS
configure:7613: checking for OpenSSL
configure:7624: /usr/bin/gcc -o conftest -g -O2     conftest.c -lssl -lcrypto   -lm  1>&5
configure:7891: checking for zlib.h
configure:7928: checking for inflate in -lz
configure:7987: checking for bzlib.h
configure:8024: checking for BZ2_bzDecompress in -lbz2
configure:8084: checking for lzma.h
configure:8121: checking for lzma_auto_decoder in -llzma
configure:8277: checking for svgalib
configure:8289: /usr/bin/gcc -o conftest -g -O2     conftest.c -lvga -llzma -lz -lssl -lcrypto   -lm  1>&5
configure:8283:17: error: vga.h: No such file or directory
configure: failed program was:
#line 8282 "configure"
#include "confdefs.h"
#include <vga.h>
int main() {
vga_setmode(0)
; return 0; }
configure:8320: checking for linux/fb.h
configure:8330: /usr/bin/gcc -E    conftest.c >/dev/null 2>conftest.out
configure:8326:22: error: linux/fb.h: No such file or directory
configure: failed program was:
#line 8325 "configure"
#include "confdefs.h"
#include <linux/fb.h>
configure:8360: checking for linux/kd.h
configure:8370: /usr/bin/gcc -E    conftest.c >/dev/null 2>conftest.out
configure:8366:22: error: linux/kd.h: No such file or directory
configure: failed program was:
#line 8365 "configure"
#include "confdefs.h"
#include <linux/kd.h>
configure:8400: checking for linux/vt.h
configure:8410: /usr/bin/gcc -E    conftest.c >/dev/null 2>conftest.out
configure:8406:22: error: linux/vt.h: No such file or directory
configure: failed program was:
#line 8405 "configure"
#include "confdefs.h"
#include <linux/vt.h>
configure:8440: checking for sys/mman.h
configure:8450: /usr/bin/gcc -E    conftest.c >/dev/null 2>conftest.out
configure:8489: checking for directfb-config
configure:8656: checking for X
configure:8723: /usr/bin/gcc -E    conftest.c >/dev/null 2>conftest.out
configure:8799: /usr/bin/gcc -o conftest -g -O2     conftest.c -lXt -llzma -lz -lssl -lcrypto   -lm  1>&5
configure:9181: checking for X11/Xlib.h
configure:9191: /usr/bin/gcc -E    conftest.c >/dev/null 2>conftest.out
configure:9181: checking for X11/X.h
configure:9191: /usr/bin/gcc -E    conftest.c >/dev/null 2>conftest.out
configure:9181: checking for X11/Xutil.h
configure:9191: /usr/bin/gcc -E    conftest.c >/dev/null 2>conftest.out
configure:9181: checking for X11/Xatom.h
configure:9191: /usr/bin/gcc -E    conftest.c >/dev/null 2>conftest.out
configure:9181: checking for X11/Xlocale.h
configure:9191: /usr/bin/gcc -E    conftest.c >/dev/null 2>conftest.out
configure:9181: checking for X11/keysymdef.h
configure:9191: /usr/bin/gcc -E    conftest.c >/dev/null 2>conftest.out
configure:9221: checking for XOpenDisplay
configure:9249: /usr/bin/gcc -o conftest -g -O2     conftest.c -lX11 -llzma -lz -lssl -lcrypto   -lm  1>&5
configure:9289: checking for pmshell
configure:9306: /usr/bin/gcc -o conftest -g -O2     conftest.c -lX11 -llzma -lz -lssl -lcrypto   -lm  1>&5
configure:9297:20: error: os2.h: No such file or directory
configure:9298:27: error: sys/fmutex.h: No such file or directory
configure: In function 'main':
configure:9300: error: '_fmutex' undeclared (first use in this function)
configure:9300: error: (Each undeclared identifier is reported only once
configure:9300: error: for each function it appears in.)
configure:9300: error: expected ';' before 'mutex'
configure:9301: error: 'NULLHANDLE' undeclared (first use in this function)
configure:9301: error: 'NULL' undeclared (first use in this function)
configure: failed program was:
#line 9294 "configure"
#include "confdefs.h"
#define INCL_WIN
			#define INCL_GPI
			#include <os2.h>
			#include <sys/fmutex.h>
int main() {
_fmutex mutex;
			WinDrawText(NULLHANDLE, -1, NULL, NULL, 0, 0, 0),
			GpiSetPel(NULLHANDLE, NULL)
; return 0; }
configure:9337: checking for gui/view.h
configure:9347: /usr/bin/gcc -E    conftest.cpp >/dev/null 2>conftest.out
configure:9343:22: error: gui/view.h: No such file or directory
configure: failed program was:
#line 9342 "configure"
#include "confdefs.h"
#include <gui/view.h>
configure:9377: checking for gui/window.h
configure:9387: /usr/bin/gcc -E    conftest.cpp >/dev/null 2>conftest.out
configure:9383:24: error: gui/window.h: No such file or directory
configure: failed program was:
#line 9382 "configure"
#include "confdefs.h"
#include <gui/window.h>
configure:9417: checking for gui/desktop.h
configure:9427: /usr/bin/gcc -E    conftest.cpp >/dev/null 2>conftest.out
configure:9423:25: error: gui/desktop.h: No such file or directory
configure: failed program was:
#line 9422 "configure"
#include "confdefs.h"
#include <gui/desktop.h>
configure:9457: checking for gui/bitmap.h
configure:9467: /usr/bin/gcc -E    conftest.cpp >/dev/null 2>conftest.out
configure:9463:24: error: gui/bitmap.h: No such file or directory
configure: failed program was:
#line 9462 "configure"
#include "confdefs.h"
#include <gui/bitmap.h>
configure:9497: checking for util/locker.h
configure:9507: /usr/bin/gcc -E    conftest.cpp >/dev/null 2>conftest.out
configure:9503:25: error: util/locker.h: No such file or directory
configure: failed program was:
#line 9502 "configure"
#include "confdefs.h"
#include <util/locker.h>
configure:9537: checking for util/application.h
configure:9547: /usr/bin/gcc -E    conftest.cpp >/dev/null 2>conftest.out
configure:9543:30: error: util/application.h: No such file or directory
configure: failed program was:
#line 9542 "configure"
#include "confdefs.h"
#include <util/application.h>
configure:9977: checking for libpng >= 1.0.0
configure:9984: checking LIBPNG_CFLAGS
configure:9989: checking LIBPNG_LIBS
configure:10118: checking for png.h
configure:10128: /usr/bin/gcc -E    -I/usr/local/include/libpng14   conftest.c >/dev/null 2>conftest.out
configure:10118: checking for libpng/png.h
configure:10128: /usr/bin/gcc -E    -I/usr/local/include/libpng14   conftest.c >/dev/null 2>conftest.out
configure:10124:24: error: libpng/png.h: No such file or directory
configure: failed program was:
#line 10123 "configure"
#include "confdefs.h"
#include <libpng/png.h>
configure:10157: checking for png_create_info_struct
configure:10185: /usr/bin/gcc -o conftest -g -O2    -I/usr/local/include/libpng14    conftest.c -L/usr/local/lib -lpng14   -lX11 -llzma -lz -lssl -lcrypto   -lm  1>&5
configure:10265: checking for png_set_rgb_to_gray
configure:10293: /usr/bin/gcc -o conftest -g -O2    -I/usr/local/include/libpng14    conftest.c -L/usr/local/lib -lpng14   -lX11 -llzma -lz -lssl -lcrypto   -lm  1>&5
configure:10320: checking for png_get_image_width
configure:10348: /usr/bin/gcc -o conftest -g -O2    -I/usr/local/include/libpng14    conftest.c -L/usr/local/lib -lpng14   -lX11 -llzma -lz -lssl -lcrypto   -lm  1>&5
configure:10320: checking for png_get_image_height
configure:10348: /usr/bin/gcc -o conftest -g -O2    -I/usr/local/include/libpng14    conftest.c -L/usr/local/lib -lpng14   -lX11 -llzma -lz -lssl -lcrypto   -lm  1>&5
configure:10320: checking for png_get_gAMA
configure:10348: /usr/bin/gcc -o conftest -g -O2    -I/usr/local/include/libpng14    conftest.c -L/usr/local/lib -lpng14   -lX11 -llzma -lz -lssl -lcrypto   -lm  1>&5
configure:10320: checking for png_get_color_type
configure:10348: /usr/bin/gcc -o conftest -g -O2    -I/usr/local/include/libpng14    conftest.c -L/usr/local/lib -lpng14   -lX11 -llzma -lz -lssl -lcrypto   -lm  1>&5
configure:10320: checking for png_get_bit_depth
configure:10348: /usr/bin/gcc -o conftest -g -O2    -I/usr/local/include/libpng14    conftest.c -L/usr/local/lib -lpng14   -lX11 -llzma -lz -lssl -lcrypto   -lm  1>&5
configure:10320: checking for png_set_strip_alpha
configure:10348: /usr/bin/gcc -o conftest -g -O2    -I/usr/local/include/libpng14    conftest.c -L/usr/local/lib -lpng14   -lX11 -llzma -lz -lssl -lcrypto   -lm  1>&5
configure:10320: checking for png_get_valid
configure:10348: /usr/bin/gcc -o conftest -g -O2    -I/usr/local/include/libpng14    conftest.c -L/usr/local/lib -lpng14   -lX11 -llzma -lz -lssl -lcrypto   -lm  1>&5
configure:10320: checking for png_get_sRGB
configure:10348: /usr/bin/gcc -o conftest -g -O2    -I/usr/local/include/libpng14    conftest.c -L/usr/local/lib -lpng14   -lX11 -llzma -lz -lssl -lcrypto   -lm  1>&5
configure:10384: checking if you can include both setjmp.h and png.h
configure:10397: /usr/bin/gcc -c -g -O2    -I/usr/local/include/libpng14   conftest.c 1>&5
configure:10431: checking for jpeglib.h
configure:10441: /usr/bin/gcc -E    -I/usr/local/include/libpng14   conftest.c >/dev/null 2>conftest.out
configure:10468: checking for jpeg_destroy_decompress in -ljpeg
configure:10487: /usr/bin/gcc -o conftest -g -O2    -I/usr/local/include/libpng14    conftest.c -ljpeg  -L/usr/local/lib -lpng14   -lX11 -llzma -lz -lssl -lcrypto   -lm  1>&5
configure:10585: checking for tiffio.h
configure:10595: /usr/bin/gcc -E    -I/usr/local/include/libpng14   conftest.c >/dev/null 2>conftest.out
configure:10622: checking for TIFFClientOpen in -ltiff
configure:10641: /usr/bin/gcc -o conftest -g -O2    -I/usr/local/include/libpng14    conftest.c -ltiff  -ljpeg -L/usr/local/lib -lpng14   -lX11 -llzma -lz -lssl -lcrypto   -lm  1>&5
ld warning: duplicate dylib /usr/local/lib/libz.1.dylib
