This file contains any messages produced by compilers while
running configure, to aid debugging if configure makes a mistake.

It was created by xkbutils configure 1.0.1, which was
generated by GNU Autoconf 2.59.  Invocation command line was

  $ ./configure 

## --------- ##
## Platform. ##
## --------- ##

hostname = Chriss-iPad
uname -m = iPad1,1
uname -r = 10.4.0
uname -s = Darwin
uname -v = Darwin Kernel Version 10.4.0: Wed Oct 20 20:14:45 PDT 2010; root:xnu-1504.58.28~3/RELEASE_ARM_S5L8930X

/usr/bin/uname -p = unknown
/bin/uname -X     = unknown

/bin/arch              = unknown
/usr/bin/arch -k       = unknown
/usr/convex/getsysinfo = unknown
hostinfo               = Mach kernel version:
	 Darwin Kernel Version 10.4.0: Wed Oct 20 20:14:45 PDT 2010; root:xnu-1504.58.28~3/RELEASE_ARM_S5L8930X
Kernel configured for a single processor only.
1 processor is physically available.
1 processor is logically available.
Processor type: armv7 (arm v7)
Processor active: 0
Primary memory available: 247.00 megabytes
Default processor set: 36 tasks, 252 threads, 1 processors
Load average: 2.69, Mach factor: 0.37
/bin/machine           = unknown
/usr/bin/oslevel       = unknown
/bin/universe          = unknown

PATH: /usr/local/sbin
PATH: /usr/local/bin
PATH: /usr/sbin
PATH: /usr/bin
PATH: /sbin
PATH: /bin
PATH: /usr/bin/X11
PATH: /usr/games
PATH: /var/mobile/ocaml-3.12.0/bin


## ----------- ##
## Core tests. ##
## ----------- ##

configure:1347: checking for a BSD-compatible install
configure:1402: result: /usr/bin/install -c
configure:1413: checking whether build environment is sane
configure:1456: result: yes
configure:1489: checking for gawk
configure:1505: found /usr/bin/gawk
configure:1515: result: gawk
configure:1525: checking whether make sets $(MAKE)
configure:1545: result: yes
configure:1709: checking whether to enable maintainer-specific portions of Makefiles
configure:1718: result: no
configure:1783: checking for gcc
configure:1809: result: /usr/bin/gcc
configure:2053: checking for C compiler version
configure:2056: /usr/bin/gcc --version </dev/null >&5
gcc (GCC) 4.2.1 (Based on Apple Inc. build 5555)
Copyright (C) 2007 Free Software Foundation, Inc.
This is free software; see the source for copying conditions.  There is NO
warranty; not even for MERCHANTABILITY or FITNESS FOR A PARTICULAR PURPOSE.

configure:2059: $? = 0
configure:2061: /usr/bin/gcc -v </dev/null >&5
Using built-in specs.
Target: arm-apple-darwin9
Configured with: ../llvm-gcc-4.2/configure --build=x86_64-unknown-linux-gnu --host=arm-apple-darwin9 --enable-static=no --enable-shared=yes --prefix=/usr --localstatedir=/var/cache/iphone-gcc --enable-languages=c,c++,objc,obj-c++ --enable-wchar_t=no --with-gxx-include-dir=/usr/include/c++/4.0.0
Thread model: posix
gcc version 4.2.1 (Based on Apple Inc. build 5555)
configure:2064: $? = 0
configure:2066: /usr/bin/gcc -V </dev/null >&5
gcc: '-V' option must have argument
configure:2069: $? = 1
configure:2092: checking for C compiler default output file name
configure:2095: /usr/bin/gcc    conftest.c  >&5
configure:2098: $? = 0
configure:2144: result: a.out
configure:2149: checking whether the C compiler works
configure:2155: ./a.out
configure:2158: $? = 0
configure:2175: result: yes
configure:2182: checking whether we are cross compiling
configure:2184: result: no
configure:2187: checking for suffix of executables
configure:2189: /usr/bin/gcc -o conftest    conftest.c  >&5
configure:2192: $? = 0
configure:2217: result: 
configure:2223: checking for suffix of object files
configure:2244: /usr/bin/gcc -c   conftest.c >&5
configure:2247: $? = 0
configure:2269: result: o
configure:2273: checking whether we are using the GNU C compiler
configure:2297: /usr/bin/gcc -c   conftest.c >&5
configure:2303: $? = 0
configure:2307: test -z 
			 || test ! -s conftest.err
configure:2310: $? = 0
configure:2313: test -s conftest.o
configure:2316: $? = 0
configure:2329: result: yes
configure:2335: checking whether /usr/bin/gcc accepts -g
configure:2356: /usr/bin/gcc -c -g  conftest.c >&5
configure:2362: $? = 0
configure:2366: test -z 
			 || test ! -s conftest.err
configure:2369: $? = 0
configure:2372: test -s conftest.o
configure:2375: $? = 0
configure:2386: result: yes
configure:2403: checking for /usr/bin/gcc option to accept ANSI C
configure:2473: /usr/bin/gcc  -c -g -O2  conftest.c >&5
configure:2479: $? = 0
configure:2483: test -z 
			 || test ! -s conftest.err
configure:2486: $? = 0
configure:2489: test -s conftest.o
configure:2492: $? = 0
configure:2510: result: none needed
configure:2528: /usr/bin/gcc -c -g -O2  conftest.c >&5
conftest.c:2: error: expected '=', ',', ';', 'asm' or '__attribute__' before 'me'
configure:2534: $? = 1
configure: failed program was:
| #ifndef __cplusplus
|   choke me
| #endif
configure:2678: checking for style of include used by make
configure:2706: result: GNU
configure:2734: checking dependency style of /usr/bin/gcc
configure:2817: result: gcc3
configure:2847: checking for a BSD-compatible install
configure:2902: result: /usr/bin/install -c
configure:2963: checking for pkg-config
configure:2981: found /usr/bin/pkg-config
configure:2993: result: /usr/bin/pkg-config
configure:3008: checking pkg-config is at least version 0.9.0
configure:3011: result: yes
configure:3044: checking for TMP_XAW
configure:3052: $PKG_CONFIG --exists --print-errors "$TMP_CHECK1"
Package xaw8 was not found in the pkg-config search path.
Perhaps you should add the directory containing `xaw8.pc'
to the PKG_CONFIG_PATH environment variable
No package 'xaw8' found
configure:3055: $? = 1
configure:3070: $PKG_CONFIG --exists --print-errors "$TMP_CHECK1"
Package xaw8 was not found in the pkg-config search path.
Perhaps you should add the directory containing `xaw8.pc'
to the PKG_CONFIG_PATH environment variable
No package 'xaw8' found
configure:3073: $? = 1
No package 'xaw8' found
configure:3115: checking for TMP_XAW
configure:3123: $PKG_CONFIG --exists --print-errors "$TMP_CHECK2"
configure:3126: $? = 0
configure:3141: $PKG_CONFIG --exists --print-errors "$TMP_CHECK2"
configure:3144: $? = 0
configure:3178: result: yes
configure:3212: checking for XKBBELL
configure:3220: $PKG_CONFIG --exists --print-errors "xkbfile x11"
configure:3223: $? = 0
configure:3238: $PKG_CONFIG --exists --print-errors "xkbfile x11"
configure:3241: $? = 0
configure:3317: result: yes
configure:3349: checking for TMP_XAW
configure:3412: result: yes
configure:3662: creating ./config.status

## ---------------------- ##
## Running config.status. ##
## ---------------------- ##

This file was extended by xkbutils config.status 1.0.1, which was
generated by GNU Autoconf 2.59.  Invocation command line was

  CONFIG_FILES    = 
  CONFIG_HEADERS  = 
  CONFIG_LINKS    = 
  CONFIG_COMMANDS = 
  $ ./config.status 

on Chriss-iPad

config.status:699: creating Makefile
config.status:803: creating config.h
config.status:1069: executing depfiles commands

## ---------------- ##
## Cache variables. ##
## ---------------- ##

ac_cv_c_compiler_gnu=yes
ac_cv_env_CC_set=set
ac_cv_env_CC_value=/usr/bin/gcc
ac_cv_env_CFLAGS_set=
ac_cv_env_CFLAGS_value=
ac_cv_env_CPPFLAGS_set=
ac_cv_env_CPPFLAGS_value=
ac_cv_env_LDFLAGS_set=
ac_cv_env_LDFLAGS_value=
ac_cv_env_PKG_CONFIG_set=
ac_cv_env_PKG_CONFIG_value=
ac_cv_env_TMP_XAW_CFLAGS_set=
ac_cv_env_TMP_XAW_CFLAGS_value=
ac_cv_env_TMP_XAW_LIBS_set=
ac_cv_env_TMP_XAW_LIBS_value=
ac_cv_env_XKBBELL_CFLAGS_set=
ac_cv_env_XKBBELL_CFLAGS_value=
ac_cv_env_XKBBELL_LIBS_set=
ac_cv_env_XKBBELL_LIBS_value=
ac_cv_env_build_alias_set=
ac_cv_env_build_alias_value=
ac_cv_env_host_alias_set=
ac_cv_env_host_alias_value=
ac_cv_env_target_alias_set=
ac_cv_env_target_alias_value=
ac_cv_exeext=
ac_cv_objext=o
ac_cv_path_ac_pt_PKG_CONFIG=/usr/bin/pkg-config
ac_cv_path_install='/usr/bin/install -c'
ac_cv_prog_AWK=gawk
ac_cv_prog_ac_ct_CC=/usr/bin/gcc
ac_cv_prog_cc_g=yes
ac_cv_prog_cc_stdc=
ac_cv_prog_make_make_set=yes
am_cv_CC_dependencies_compiler_type=gcc3
pkg_cv_TMP_XAW_CFLAGS=' '
pkg_cv_TMP_XAW_LIBS='-L/usr/local/lib -lXaw7 -lXmu -lXt -lX11 -lSM -lICE  '
pkg_cv_XKBBELL_CFLAGS=' '
pkg_cv_XKBBELL_LIBS='-L/usr/local/lib -lxkbfile -lX11  '

## ----------------- ##
## Output variables. ##
## ----------------- ##

ACLOCAL='${SHELL} /home/chris/xorg/xkbutils-1.0.1/missing --run aclocal-1.7'
AMDEPBACKSLASH='\'
AMDEP_FALSE='#'
AMDEP_TRUE=''
AMTAR='${SHELL} /home/chris/xorg/xkbutils-1.0.1/missing --run tar'
AUTOCONF='${SHELL} /home/chris/xorg/xkbutils-1.0.1/missing --run autoconf'
AUTOHEADER='${SHELL} /home/chris/xorg/xkbutils-1.0.1/missing --run autoheader'
AUTOMAKE='${SHELL} /home/chris/xorg/xkbutils-1.0.1/missing --run automake-1.7'
AWK='gawk'
CC='/usr/bin/gcc'
CCDEPMODE='depmode=gcc3'
CFLAGS='-g -O2'
CPPFLAGS=''
CYGPATH_W='echo'
DEFS='-DHAVE_CONFIG_H'
DEPDIR='.deps'
ECHO_C=''
ECHO_N='-n'
ECHO_T=''
EXEEXT=''
INSTALL_DATA='${INSTALL} -m 644'
INSTALL_PROGRAM='${INSTALL}'
INSTALL_SCRIPT='${INSTALL}'
INSTALL_STRIP_PROGRAM='${SHELL} $(install_sh) -c -s'
LDFLAGS=''
LIBOBJS=''
LIBS=''
LTLIBOBJS=''
MAINT='#'
MAINTAINER_MODE_FALSE=''
MAINTAINER_MODE_TRUE='#'
MAKEINFO='${SHELL} /home/chris/xorg/xkbutils-1.0.1/missing --run makeinfo'
OBJEXT='o'
PACKAGE='xkbutils'
PACKAGE_BUGREPORT='https://bugs.freedesktop.org/enter_bug.cgi?product=xorg'
PACKAGE_NAME='xkbutils'
PACKAGE_STRING='xkbutils 1.0.1'
PACKAGE_TARNAME='xkbutils'
PACKAGE_VERSION='1.0.1'
PATH_SEPARATOR=':'
PKG_CONFIG='/usr/bin/pkg-config'
SET_MAKE=''
SHELL='/bin/sh'
STRIP=''
TMP_XAW_CFLAGS=' '
TMP_XAW_LIBS='-L/usr/local/lib -lXaw7 -lXmu -lXt -lX11 -lSM -lICE  '
VERSION='1.0.1'
XAW_USE_XPRINT_FALSE='#'
XAW_USE_XPRINT_TRUE=''
XKBBELL_CFLAGS=' '
XKBBELL_LIBS='-L/usr/local/lib -lxkbfile -lX11  '
XKBVLEDS_CFLAGS=' '
XKBVLEDS_LIBS='-L/usr/local/lib -lXaw7 -lXmu -lXt -lX11 -lSM -lICE  '
XKBWATCH_CFLAGS=' '
XKBWATCH_LIBS='-L/usr/local/lib -lXaw7 -lXmu -lXt -lX11 -lSM -lICE  '
ac_ct_CC='/usr/bin/gcc'
ac_ct_STRIP=''
ac_pt_PKG_CONFIG='/usr/bin/pkg-config'
am__fastdepCC_FALSE='#'
am__fastdepCC_TRUE=''
am__include='include'
am__leading_dot='.'
am__quote=''
bindir='${exec_prefix}/bin'
build_alias=''
datadir='${prefix}/share'
exec_prefix='${prefix}'
host_alias=''
includedir='${prefix}/include'
infodir='${prefix}/info'
install_sh='/home/chris/xorg/xkbutils-1.0.1/install-sh'
libdir='${exec_prefix}/lib'
libexecdir='${exec_prefix}/libexec'
localstatedir='${prefix}/var'
mandir='${prefix}/man'
oldincludedir='/usr/include'
prefix='/usr/local'
program_transform_name='s,x,x,'
sbindir='${exec_prefix}/sbin'
sharedstatedir='${prefix}/com'
sysconfdir='${prefix}/etc'
target_alias=''

## ----------- ##
## confdefs.h. ##
## ----------- ##

#define PACKAGE "xkbutils"
#define PACKAGE_BUGREPORT "https://bugs.freedesktop.org/enter_bug.cgi?product=xorg"
#define PACKAGE_NAME "xkbutils"
#define PACKAGE_STRING "xkbutils 1.0.1"
#define PACKAGE_TARNAME "xkbutils"
#define PACKAGE_VERSION "1.0.1"
#define VERSION "1.0.1"

configure: exit 0
