This file contains any messages produced by compilers while
running configure, to aid debugging if configure makes a mistake.

It was created by libXau configure 1.0.4, which was
generated by GNU Autoconf 2.61.  Invocation command line was

  $ ./configure 

## --------- ##
## Platform. ##
## --------- ##

hostname = Chriss-iPad
uname -m = iPad1,1
uname -r = 10.4.0
uname -s = Darwin
uname -v = Darwin Kernel Version 10.4.0: Wed Oct 20 20:14:45 PDT 2010; root:xnu-1504.58.28~3/RELEASE_ARM_S5L8930X

/usr/bin/uname -p = unknown
/bin/uname -X     = unknown

/bin/arch              = unknown
/usr/bin/arch -k       = unknown
/usr/convex/getsysinfo = unknown
/usr/bin/hostinfo      = Mach kernel version:
	 Darwin Kernel Version 10.4.0: Wed Oct 20 20:14:45 PDT 2010; root:xnu-1504.58.28~3/RELEASE_ARM_S5L8930X
Kernel configured for a single processor only.
1 processor is physically available.
1 processor is logically available.
Processor type: armv7 (arm v7)
Processor active: 0
Primary memory available: 247.00 megabytes
Default processor set: 37 tasks, 238 threads, 1 processors
Load average: 2.16, Mach factor: 0.26
/bin/machine           = unknown
/usr/bin/oslevel       = unknown
/bin/universe          = unknown

PATH: /usr/local/sbin
PATH: /usr/local/bin
PATH: /usr/sbin
PATH: /usr/bin
PATH: /sbin
PATH: /bin
PATH: /usr/bin/X11
PATH: /usr/games
PATH: /var/mobile/ocaml-3.12.0/bin


## ----------- ##
## Core tests. ##
## ----------- ##

configure:2021: checking for a BSD-compatible install
configure:2077: result: /usr/bin/install -c
configure:2088: checking whether build environment is sane
configure:2131: result: yes
configure:2159: checking for a thread-safe mkdir -p
configure:2198: result: /bin/mkdir -p
configure:2211: checking for gawk
configure:2227: found /usr/bin/gawk
configure:2238: result: gawk
configure:2249: checking whether make sets $(MAKE)
configure:2270: result: yes
configure:2458: checking whether to enable maintainer-specific portions of Makefiles
configure:2467: result: no
configure:2490: checking if xorg-macros used to generate configure is at least 1.1
configure:2505: result: yes, 1.1.6
configure:2557: checking for gcc
configure:2584: result: /usr/bin/gcc
configure:2822: checking for C compiler version
configure:2829: /usr/bin/gcc --version >&5
gcc (GCC) 4.2.1 (Based on Apple Inc. build 5555)
Copyright (C) 2007 Free Software Foundation, Inc.
This is free software; see the source for copying conditions.  There is NO
warranty; not even for MERCHANTABILITY or FITNESS FOR A PARTICULAR PURPOSE.

configure:2832: $? = 0
configure:2839: /usr/bin/gcc -v >&5
Using built-in specs.
Target: arm-apple-darwin9
Configured with: ../llvm-gcc-4.2/configure --build=x86_64-unknown-linux-gnu --host=arm-apple-darwin9 --enable-static=no --enable-shared=yes --prefix=/usr --localstatedir=/var/cache/iphone-gcc --enable-languages=c,c++,objc,obj-c++ --enable-wchar_t=no --with-gxx-include-dir=/usr/include/c++/4.0.0
Thread model: posix
gcc version 4.2.1 (Based on Apple Inc. build 5555)
configure:2842: $? = 0
configure:2849: /usr/bin/gcc -V >&5
gcc: '-V' option must have argument
configure:2852: $? = 1
configure:2875: checking for C compiler default output file name
configure:2902: /usr/bin/gcc    conftest.c  >&5
configure:2905: $? = 0
configure:2943: result: a.out
configure:2960: checking whether the C compiler works
configure:2970: ./a.out
configure:2973: $? = 0
configure:2990: result: yes
configure:2997: checking whether we are cross compiling
configure:2999: result: no
configure:3002: checking for suffix of executables
configure:3009: /usr/bin/gcc -o conftest    conftest.c  >&5
configure:3012: $? = 0
configure:3036: result: 
configure:3042: checking for suffix of object files
configure:3068: /usr/bin/gcc -c   conftest.c >&5
configure:3071: $? = 0
configure:3094: result: o
configure:3098: checking whether we are using the GNU C compiler
configure:3127: /usr/bin/gcc -c   conftest.c >&5
configure:3133: $? = 0
configure:3150: result: yes
configure:3155: checking whether /usr/bin/gcc accepts -g
configure:3185: /usr/bin/gcc -c -g  conftest.c >&5
configure:3191: $? = 0
configure:3290: result: yes
configure:3307: checking for /usr/bin/gcc option to accept ISO C89
configure:3381: /usr/bin/gcc  -c -g -O2  conftest.c >&5
configure:3387: $? = 0
configure:3410: result: none needed
configure:3439: checking for style of include used by make
configure:3467: result: GNU
configure:3492: checking dependency style of /usr/bin/gcc
configure:3583: result: gcc3
configure:3611: checking for a BSD-compatible install
configure:3667: result: /usr/bin/install -c
configure:3678: checking whether ln -s works
configure:3682: result: yes
configure:3769: checking build system type
configure:3787: result: arm-apple-darwin10.4.0
configure:3809: checking host system type
configure:3824: result: arm-apple-darwin10.4.0
configure:3846: checking for a sed that does not truncate output
configure:3900: result: /bin/sed
configure:3903: checking for grep that handles long lines and -e
configure:3977: result: /bin/grep
configure:3982: checking for egrep
configure:4060: result: /bin/grep -E
configure:4076: checking for ld used by /usr/bin/gcc
configure:4143: result: /usr/bin/ld
configure:4152: checking if the linker (/usr/bin/ld) is GNU ld
configure:4167: result: no
configure:4172: checking for /usr/bin/ld option to reload object files
configure:4179: result: -r
configure:4197: checking for BSD-compatible nm
configure:4246: result: /usr/bin/nm -p
configure:4250: checking how to recognise dependent libraries
configure:4426: result: pass_all
configure:4950: checking how to run the C preprocessor
configure:4990: /usr/bin/gcc -E  conftest.c
configure:4996: $? = 0
configure:5027: /usr/bin/gcc -E  conftest.c
conftest.c:10:28: error: ac_nonexistent.h: No such file or directory
configure:5033: $? = 1
configure: failed program was:
| /* confdefs.h.  */
| #define PACKAGE_NAME "libXau"
| #define PACKAGE_TARNAME "libXau"
| #define PACKAGE_VERSION "1.0.4"
| #define PACKAGE_STRING "libXau 1.0.4"
| #define PACKAGE_BUGREPORT "https://bugs.freedesktop.org/enter_bug.cgi?product=xorg"
| #define PACKAGE "libXau"
| #define VERSION "1.0.4"
| /* end confdefs.h.  */
| #include <ac_nonexistent.h>
configure:5066: result: /usr/bin/gcc -E
configure:5095: /usr/bin/gcc -E  conftest.c
configure:5101: $? = 0
configure:5132: /usr/bin/gcc -E  conftest.c
conftest.c:10:28: error: ac_nonexistent.h: No such file or directory
configure:5138: $? = 1
configure: failed program was:
| /* confdefs.h.  */
| #define PACKAGE_NAME "libXau"
| #define PACKAGE_TARNAME "libXau"
| #define PACKAGE_VERSION "1.0.4"
| #define PACKAGE_STRING "libXau 1.0.4"
| #define PACKAGE_BUGREPORT "https://bugs.freedesktop.org/enter_bug.cgi?product=xorg"
| #define PACKAGE "libXau"
| #define VERSION "1.0.4"
| /* end confdefs.h.  */
| #include <ac_nonexistent.h>
configure:5176: checking for ANSI C header files
configure:5206: /usr/bin/gcc -c -g -O2  conftest.c >&5
configure:5212: $? = 0
configure:5311: /usr/bin/gcc -o conftest -g -O2   conftest.c  >&5
configure:5314: $? = 0
configure:5320: ./conftest
configure:5323: $? = 0
configure:5340: result: yes
configure:5364: checking for sys/types.h
configure:5385: /usr/bin/gcc -c -g -O2  conftest.c >&5
configure:5391: $? = 0
configure:5407: result: yes
configure:5364: checking for sys/stat.h
configure:5385: /usr/bin/gcc -c -g -O2  conftest.c >&5
configure:5391: $? = 0
configure:5407: result: yes
configure:5364: checking for stdlib.h
configure:5385: /usr/bin/gcc -c -g -O2  conftest.c >&5
configure:5391: $? = 0
configure:5407: result: yes
configure:5364: checking for string.h
configure:5385: /usr/bin/gcc -c -g -O2  conftest.c >&5
configure:5391: $? = 0
configure:5407: result: yes
configure:5364: checking for memory.h
configure:5385: /usr/bin/gcc -c -g -O2  conftest.c >&5
configure:5391: $? = 0
configure:5407: result: yes
configure:5364: checking for strings.h
configure:5385: /usr/bin/gcc -c -g -O2  conftest.c >&5
configure:5391: $? = 0
configure:5407: result: yes
configure:5364: checking for inttypes.h
configure:5385: /usr/bin/gcc -c -g -O2  conftest.c >&5
configure:5391: $? = 0
configure:5407: result: yes
configure:5364: checking for stdint.h
configure:5385: /usr/bin/gcc -c -g -O2  conftest.c >&5
configure:5391: $? = 0
configure:5407: result: yes
configure:5364: checking for unistd.h
configure:5385: /usr/bin/gcc -c -g -O2  conftest.c >&5
configure:5391: $? = 0
configure:5407: result: yes
configure:5434: checking dlfcn.h usability
configure:5451: /usr/bin/gcc -c -g -O2  conftest.c >&5
configure:5457: $? = 0
configure:5471: result: yes
configure:5475: checking dlfcn.h presence
configure:5490: /usr/bin/gcc -E  conftest.c
configure:5496: $? = 0
configure:5510: result: yes
configure:5543: checking for dlfcn.h
configure:5551: result: yes
configure:5622: checking for g++
configure:5638: found /usr/bin/g++
configure:5649: result: g++
configure:5680: checking for C++ compiler version
configure:5687: g++ --version >&5
g++ (GCC) 4.2.1 (Based on Apple Inc. build 5555)
Copyright (C) 2007 Free Software Foundation, Inc.
This is free software; see the source for copying conditions.  There is NO
warranty; not even for MERCHANTABILITY or FITNESS FOR A PARTICULAR PURPOSE.

configure:5690: $? = 0
configure:5697: g++ -v >&5
Using built-in specs.
Target: arm-apple-darwin9
Configured with: ../llvm-gcc-4.2/configure --build=x86_64-unknown-linux-gnu --host=arm-apple-darwin9 --enable-static=no --enable-shared=yes --prefix=/usr --localstatedir=/var/cache/iphone-gcc --enable-languages=c,c++,objc,obj-c++ --enable-wchar_t=no --with-gxx-include-dir=/usr/include/c++/4.0.0
Thread model: posix
gcc version 4.2.1 (Based on Apple Inc. build 5555)
configure:5700: $? = 0
configure:5707: g++ -V >&5
g++: '-V' option must have argument
configure:5710: $? = 1
configure:5713: checking whether we are using the GNU C++ compiler
configure:5742: g++ -c   conftest.cpp >&5
configure:5748: $? = 0
configure:5765: result: yes
configure:5770: checking whether g++ accepts -g
configure:5800: g++ -c -g  conftest.cpp >&5
configure:5806: $? = 0
configure:5905: result: yes
configure:5930: checking dependency style of g++
configure:6021: result: gcc3
configure:6046: checking how to run the C++ preprocessor
configure:6082: g++ -E  conftest.cpp
configure:6088: $? = 0
configure:6119: g++ -E  conftest.cpp
conftest.cpp:21:28: error: ac_nonexistent.h: No such file or directory
configure:6125: $? = 1
configure: failed program was:
| /* confdefs.h.  */
| #define PACKAGE_NAME "libXau"
| #define PACKAGE_TARNAME "libXau"
| #define PACKAGE_VERSION "1.0.4"
| #define PACKAGE_STRING "libXau 1.0.4"
| #define PACKAGE_BUGREPORT "https://bugs.freedesktop.org/enter_bug.cgi?product=xorg"
| #define PACKAGE "libXau"
| #define VERSION "1.0.4"
| #define STDC_HEADERS 1
| #define HAVE_SYS_TYPES_H 1
| #define HAVE_SYS_STAT_H 1
| #define HAVE_STDLIB_H 1
| #define HAVE_STRING_H 1
| #define HAVE_MEMORY_H 1
| #define HAVE_STRINGS_H 1
| #define HAVE_INTTYPES_H 1
| #define HAVE_STDINT_H 1
| #define HAVE_UNISTD_H 1
| #define HAVE_DLFCN_H 1
| /* end confdefs.h.  */
| #include <ac_nonexistent.h>
configure:6158: result: g++ -E
configure:6187: g++ -E  conftest.cpp
configure:6193: $? = 0
configure:6224: g++ -E  conftest.cpp
conftest.cpp:21:28: error: ac_nonexistent.h: No such file or directory
configure:6230: $? = 1
configure: failed program was:
| /* confdefs.h.  */
| #define PACKAGE_NAME "libXau"
| #define PACKAGE_TARNAME "libXau"
| #define PACKAGE_VERSION "1.0.4"
| #define PACKAGE_STRING "libXau 1.0.4"
| #define PACKAGE_BUGREPORT "https://bugs.freedesktop.org/enter_bug.cgi?product=xorg"
| #define PACKAGE "libXau"
| #define VERSION "1.0.4"
| #define STDC_HEADERS 1
| #define HAVE_SYS_TYPES_H 1
| #define HAVE_SYS_STAT_H 1
| #define HAVE_STDLIB_H 1
| #define HAVE_STRING_H 1
| #define HAVE_MEMORY_H 1
| #define HAVE_STRINGS_H 1
| #define HAVE_INTTYPES_H 1
| #define HAVE_STDINT_H 1
| #define HAVE_UNISTD_H 1
| #define HAVE_DLFCN_H 1
| /* end confdefs.h.  */
| #include <ac_nonexistent.h>
configure:6323: checking for g77
configure:6353: result: no
configure:6323: checking for xlf
configure:6353: result: no
configure:6323: checking for f77
configure:6353: result: no
configure:6323: checking for frt
configure:6353: result: no
configure:6323: checking for pgf77
configure:6353: result: no
configure:6323: checking for cf77
configure:6353: result: no
configure:6323: checking for fort77
configure:6353: result: no
configure:6323: checking for fl32
configure:6353: result: no
configure:6323: checking for af77
configure:6353: result: no
configure:6323: checking for xlf90
configure:6353: result: no
configure:6323: checking for f90
configure:6353: result: no
configure:6323: checking for pgf90
configure:6353: result: no
configure:6323: checking for pghpf
configure:6353: result: no
configure:6323: checking for epcf90
configure:6353: result: no
configure:6323: checking for gfortran
configure:6353: result: no
configure:6323: checking for g95
configure:6353: result: no
configure:6323: checking for xlf95
configure:6353: result: no
configure:6323: checking for f95
configure:6353: result: no
configure:6323: checking for fort
configure:6353: result: no
configure:6323: checking for ifort
configure:6353: result: no
configure:6323: checking for ifc
configure:6353: result: no
configure:6323: checking for efc
configure:6353: result: no
configure:6323: checking for pgf95
configure:6353: result: no
configure:6323: checking for lf95
configure:6353: result: no
configure:6323: checking for ftn
configure:6353: result: no
configure:6380: checking for Fortran 77 compiler version
configure:6387:  --version >&5
./configure: line 6388: --version: command not found
configure:6390: $? = 127
configure:6397:  -v >&5
./configure: line 6398: -v: command not found
configure:6400: $? = 127
configure:6407:  -V >&5
./configure: line 6408: -V: command not found
configure:6410: $? = 127
configure:6418: checking whether we are using the GNU Fortran 77 compiler
configure:6437:  -c  conftest.F >&5
./configure: line 6438: -c: command not found
configure:6443: $? = 127
configure: failed program was:
|       program main
| #ifndef __GNUC__
|        choke me
| #endif
| 
|       end
configure:6460: result: no
configure:6466: checking whether  accepts -g
configure:6483:  -c -g conftest.f >&5
./configure: line 6484: -c: command not found
configure:6489: $? = 127
configure: failed program was:
|       program main
| 
|       end
configure:6505: result: no
configure:6535: checking the maximum length of command line arguments
configure:6644: result: 196608
configure:6655: checking command to parse /usr/bin/nm -p output from /usr/bin/gcc object
configure:6760: /usr/bin/gcc -c -g -O2  conftest.c >&5
configure:6763: $? = 0
configure:6767: /usr/bin/nm -p conftest.o \| sed -n -e 's/^.*[ 	]\([BCDEGRST][BCDEGRST]*\)[ 	][ 	]*\([_A-Za-z][_A-Za-z0-9]*\)$/\1 \2 \2/p' \> conftest.nm
configure:6770: $? = 0
cannot find nm_test_var in conftest.nm
configure:6760: /usr/bin/gcc -c -g -O2  conftest.c >&5
configure:6763: $? = 0
configure:6767: /usr/bin/nm -p conftest.o \| sed -n -e 's/^.*[ 	]\([BCDEGRST][BCDEGRST]*\)[ 	][ 	]*_\([_A-Za-z][_A-Za-z0-9]*\)$/\1 _\2 \2/p' \> conftest.nm
configure:6770: $? = 0
configure:6822: /usr/bin/gcc -o conftest -g -O2   conftest.c conftstm.o >&5
configure:6825: $? = 0
configure:6863: result: ok
configure:6867: checking for objdir
configure:6882: result: .libs
configure:6974: checking for ar
configure:6990: found /usr/bin/ar
configure:7001: result: ar
configure:7070: checking for ranlib
configure:7086: found /usr/bin/ranlib
configure:7097: result: ranlib
configure:7166: checking for strip
configure:7182: found /usr/bin/strip
configure:7193: result: strip
configure:7479: checking if /usr/bin/gcc supports -fno-rtti -fno-exceptions
configure:7497: /usr/bin/gcc -c -g -O2  -fno-rtti -fno-exceptions conftest.c >&5
cc1: warning: command line option "-fno-rtti" is valid for C++/ObjC++ but not for C
configure:7501: $? = 0
configure:7514: result: no
configure:7529: checking for /usr/bin/gcc option to produce PIC
configure:7739: result: -fno-common
configure:7747: checking if /usr/bin/gcc PIC flag -fno-common works
configure:7765: /usr/bin/gcc -c -g -O2  -fno-common -DPIC conftest.c >&5
configure:7769: $? = 0
configure:7782: result: yes
configure:7810: checking if /usr/bin/gcc static flag -static works
configure:7838: result: no
configure:7848: checking if /usr/bin/gcc supports -c -o file.o
configure:7869: /usr/bin/gcc -c -g -O2  -o out/conftest2.o conftest.c >&5
configure:7873: $? = 0
configure:7895: result: yes
configure:7921: checking whether the /usr/bin/gcc linker (/usr/bin/ld) supports shared libraries
configure:8875: result: yes
configure:8942: checking dynamic linker characteristics
configure:9530: result: darwin10.4.0 dyld
configure:9539: checking how to hardcode library paths into programs
configure:9564: result: immediate
configure:9578: checking whether stripping libraries is possible
configure:9591: result: yes
configure:10384: checking if libtool supports shared libraries
configure:10386: result: yes
configure:10389: checking whether to build shared libraries
configure:10410: result: yes
configure:10413: checking whether to build static libraries
configure:10417: result: yes
configure:10509: creating libtool
configure:11097: checking for ld used by g++
configure:11164: result: /usr/bin/ld
configure:11173: checking if the linker (/usr/bin/ld) is GNU ld
configure:11188: result: no
configure:11239: checking whether the g++ linker (/usr/bin/ld) supports shared libraries
configure:12173: result: yes
configure:12191: g++ -c -g -O2  conftest.cpp >&5
configure:12194: $? = 0
configure:12313: checking for g++ option to produce PIC
configure:12587: result: -fno-common
configure:12595: checking if g++ PIC flag -fno-common works
configure:12613: g++ -c -g -O2  -fno-common -DPIC conftest.cpp >&5
configure:12617: $? = 0
configure:12630: result: yes
configure:12658: checking if g++ static flag -static works
configure:12686: result: no
configure:12696: checking if g++ supports -c -o file.o
configure:12717: g++ -c -g -O2  -o out/conftest2.o conftest.cpp >&5
configure:12721: $? = 0
configure:12743: result: yes
configure:12769: checking whether the g++ linker (/usr/bin/ld) supports shared libraries
configure:12794: result: yes
configure:12861: checking dynamic linker characteristics
configure:13449: result: darwin10.4.0 dyld
configure:13458: checking how to hardcode library paths into programs
configure:13483: result: immediate
configure:19623: checking whether make sets $(MAKE)
configure:19644: result: yes
configure:19703: checking for pkg-config
configure:19721: found /usr/bin/pkg-config
configure:19733: result: /usr/bin/pkg-config
configure:19762: checking pkg-config is at least version 0.9.0
configure:19765: result: yes
configure:19776: checking for XAU
configure:19781: $PKG_CONFIG --exists --print-errors "xproto"
configure:19784: $? = 0
configure:19795: $PKG_CONFIG --exists --print-errors "xproto"
configure:19798: $? = 0
configure:19853: result: yes
configure:19884: checking for gethostbyname_r in -lc
configure:19919: /usr/bin/gcc -o conftest -g -O2   conftest.c -lc   >&5
Undefined symbols:
  "_gethostbyname_r", referenced from:
      _main in ccWzd1Oa.o
ld: symbol(s) not found
collect2: ld returned 1 exit status
configure:19925: $? = 1
configure: failed program was:
| /* confdefs.h.  */
| #define PACKAGE_NAME "libXau"
| #define PACKAGE_TARNAME "libXau"
| #define PACKAGE_VERSION "1.0.4"
| #define PACKAGE_STRING "libXau 1.0.4"
| #define PACKAGE_BUGREPORT "https://bugs.freedesktop.org/enter_bug.cgi?product=xorg"
| #define PACKAGE "libXau"
| #define VERSION "1.0.4"
| #define STDC_HEADERS 1
| #define HAVE_SYS_TYPES_H 1
| #define HAVE_SYS_STAT_H 1
| #define HAVE_STDLIB_H 1
| #define HAVE_STRING_H 1
| #define HAVE_MEMORY_H 1
| #define HAVE_STRINGS_H 1
| #define HAVE_INTTYPES_H 1
| #define HAVE_STDINT_H 1
| #define HAVE_UNISTD_H 1
| #define HAVE_DLFCN_H 1
| #define XTHREADS 1
| /* end confdefs.h.  */
| 
| /* Override any GCC internal prototype to avoid an error.
|    Use char because int might match the return type of a GCC
|    builtin and then its argument prototype would still apply.  */
| #ifdef __cplusplus
| extern "C"
| #endif
| char gethostbyname_r ();
| int
| main ()
| {
| return gethostbyname_r ();
|   ;
|   return 0;
| }
configure:19943: result: no
configure:19950: checking for gethostbyname_r in -lnsl
configure:19985: /usr/bin/gcc -o conftest -g -O2   conftest.c -lnsl   >&5
ld: library not found for -lnsl
collect2: ld returned 1 exit status
configure:19991: $? = 1
configure: failed program was:
| /* confdefs.h.  */
| #define PACKAGE_NAME "libXau"
| #define PACKAGE_TARNAME "libXau"
| #define PACKAGE_VERSION "1.0.4"
| #define PACKAGE_STRING "libXau 1.0.4"
| #define PACKAGE_BUGREPORT "https://bugs.freedesktop.org/enter_bug.cgi?product=xorg"
| #define PACKAGE "libXau"
| #define VERSION "1.0.4"
| #define STDC_HEADERS 1
| #define HAVE_SYS_TYPES_H 1
| #define HAVE_SYS_STAT_H 1
| #define HAVE_STDLIB_H 1
| #define HAVE_STRING_H 1
| #define HAVE_MEMORY_H 1
| #define HAVE_STRINGS_H 1
| #define HAVE_INTTYPES_H 1
| #define HAVE_STDINT_H 1
| #define HAVE_UNISTD_H 1
| #define HAVE_DLFCN_H 1
| #define XTHREADS 1
| /* end confdefs.h.  */
| 
| /* Override any GCC internal prototype to avoid an error.
|    Use char because int might match the return type of a GCC
|    builtin and then its argument prototype would still apply.  */
| #ifdef __cplusplus
| extern "C"
| #endif
| char gethostbyname_r ();
| int
| main ()
| {
| return gethostbyname_r ();
|   ;
|   return 0;
| }
configure:20009: result: no
configure:20375: creating ./config.status

## ---------------------- ##
## Running config.status. ##
## ---------------------- ##

This file was extended by libXau config.status 1.0.4, which was
generated by GNU Autoconf 2.61.  Invocation command line was

  CONFIG_FILES    = 
  CONFIG_HEADERS  = 
  CONFIG_LINKS    = 
  CONFIG_COMMANDS = 
  $ ./config.status 

on Chriss-iPad

config.status:692: creating Makefile
config.status:692: creating xau.pc
config.status:692: creating config.h
config.status:923: config.h is unchanged
config.status:969: executing depfiles commands

## ---------------- ##
## Cache variables. ##
## ---------------- ##

ac_cv_build=arm-apple-darwin10.4.0
ac_cv_c_compiler_gnu=yes
ac_cv_cxx_compiler_gnu=yes
ac_cv_env_CCC_set=
ac_cv_env_CCC_value=
ac_cv_env_CC_set=set
ac_cv_env_CC_value=/usr/bin/gcc
ac_cv_env_CFLAGS_set=
ac_cv_env_CFLAGS_value=
ac_cv_env_CPPFLAGS_set=
ac_cv_env_CPPFLAGS_value=
ac_cv_env_CPP_set=
ac_cv_env_CPP_value=
ac_cv_env_CXXCPP_set=
ac_cv_env_CXXCPP_value=
ac_cv_env_CXXFLAGS_set=
ac_cv_env_CXXFLAGS_value=
ac_cv_env_CXX_set=
ac_cv_env_CXX_value=
ac_cv_env_F77_set=
ac_cv_env_F77_value=
ac_cv_env_FFLAGS_set=
ac_cv_env_FFLAGS_value=
ac_cv_env_LDFLAGS_set=
ac_cv_env_LDFLAGS_value=
ac_cv_env_LIBS_set=
ac_cv_env_LIBS_value=
ac_cv_env_PKG_CONFIG_set=
ac_cv_env_PKG_CONFIG_value=
ac_cv_env_XAU_CFLAGS_set=
ac_cv_env_XAU_CFLAGS_value=
ac_cv_env_XAU_LIBS_set=
ac_cv_env_XAU_LIBS_value=
ac_cv_env_build_alias_set=
ac_cv_env_build_alias_value=
ac_cv_env_host_alias_set=
ac_cv_env_host_alias_value=
ac_cv_env_target_alias_set=
ac_cv_env_target_alias_value=
ac_cv_f77_compiler_gnu=no
ac_cv_header_dlfcn_h=yes
ac_cv_header_inttypes_h=yes
ac_cv_header_memory_h=yes
ac_cv_header_stdc=yes
ac_cv_header_stdint_h=yes
ac_cv_header_stdlib_h=yes
ac_cv_header_string_h=yes
ac_cv_header_strings_h=yes
ac_cv_header_sys_stat_h=yes
ac_cv_header_sys_types_h=yes
ac_cv_header_unistd_h=yes
ac_cv_host=arm-apple-darwin10.4.0
ac_cv_lib_c_gethostbyname_r=no
ac_cv_lib_nsl_gethostbyname_r=no
ac_cv_objext=o
ac_cv_path_EGREP='/bin/grep -E'
ac_cv_path_GREP=/bin/grep
ac_cv_path_ac_pt_PKG_CONFIG=/usr/bin/pkg-config
ac_cv_path_install='/usr/bin/install -c'
ac_cv_path_mkdir=/bin/mkdir
ac_cv_prog_AWK=gawk
ac_cv_prog_CPP='/usr/bin/gcc -E'
ac_cv_prog_CXXCPP='g++ -E'
ac_cv_prog_ac_ct_AR=ar
ac_cv_prog_ac_ct_CC=/usr/bin/gcc
ac_cv_prog_ac_ct_CXX=g++
ac_cv_prog_ac_ct_RANLIB=ranlib
ac_cv_prog_ac_ct_STRIP=strip
ac_cv_prog_cc_c89=
ac_cv_prog_cc_g=yes
ac_cv_prog_cxx_g=yes
ac_cv_prog_f77_g=no
ac_cv_prog_make_make_set=yes
am_cv_CC_dependencies_compiler_type=gcc3
am_cv_CXX_dependencies_compiler_type=gcc3
lt_cv_deplibs_check_method=pass_all
lt_cv_file_magic_cmd='$MAGIC_CMD'
lt_cv_file_magic_test_file=
lt_cv_ld_reload_flag=-r
lt_cv_objdir=.libs
lt_cv_path_LD=/usr/bin/ld
lt_cv_path_LDCXX=/usr/bin/ld
lt_cv_path_NM='/usr/bin/nm -p'
lt_cv_path_SED=/bin/sed
lt_cv_prog_compiler_c_o=yes
lt_cv_prog_compiler_c_o_CXX=yes
lt_cv_prog_compiler_rtti_exceptions=no
lt_cv_prog_gnu_ld=no
lt_cv_prog_gnu_ldcxx=no
lt_cv_sys_global_symbol_pipe='sed -n -e '\''s/^.*[ 	]\([BCDEGRST][BCDEGRST]*\)[ 	][ 	]*_\([_A-Za-z][_A-Za-z0-9]*\)$/\1 _\2 \2/p'\'''
lt_cv_sys_global_symbol_to_c_name_address='sed -n -e '\''s/^: \([^ ]*\) $/  {\"\1\", (lt_ptr) 0},/p'\'' -e '\''s/^[BCDEGRST] \([^ ]*\) \([^ ]*\)$/  {"\2", (lt_ptr) \&\2},/p'\'''
lt_cv_sys_global_symbol_to_cdecl='sed -n -e '\''s/^. .* \(.*\)$/extern int \1;/p'\'''
lt_cv_sys_max_cmd_len=196608
lt_lt_cv_prog_compiler_c_o='"yes"'
lt_lt_cv_prog_compiler_c_o_CXX='"yes"'
lt_lt_cv_sys_global_symbol_pipe='"sed -n -e '\''s/^.*[ 	]\\([BCDEGRST][BCDEGRST]*\\)[ 	][ 	]*_\\([_A-Za-z][_A-Za-z0-9]*\\)\$/\\1 _\\2 \\2/p'\''"'
lt_lt_cv_sys_global_symbol_to_c_name_address='"sed -n -e '\''s/^: \\([^ ]*\\) \$/  {\\\"\\1\\\", (lt_ptr) 0},/p'\'' -e '\''s/^[BCDEGRST] \\([^ ]*\\) \\([^ ]*\\)\$/  {\"\\2\", (lt_ptr) \\&\\2},/p'\''"'
lt_lt_cv_sys_global_symbol_to_cdecl='"sed -n -e '\''s/^. .* \\(.*\\)\$/extern int \\1;/p'\''"'
pkg_cv_XAU_CFLAGS=' '
pkg_cv_XAU_LIBS=' '

## ----------------- ##
## Output variables. ##
## ----------------- ##

ACLOCAL='${SHELL} /home/chris/xorg/libXau-1.0.4/missing --run aclocal-1.10'
ADMIN_MAN_DIR='$(mandir)/man$(ADMIN_MAN_SUFFIX)'
ADMIN_MAN_SUFFIX='8'
AMDEPBACKSLASH='\'
AMDEP_FALSE='#'
AMDEP_TRUE=''
AMTAR='${SHELL} /home/chris/xorg/libXau-1.0.4/missing --run tar'
APP_MAN_DIR='$(mandir)/man$(APP_MAN_SUFFIX)'
APP_MAN_SUFFIX='1'
AR='ar'
AS='as'
AUTOCONF='${SHELL} /home/chris/xorg/libXau-1.0.4/missing --run autoconf'
AUTOHEADER='${SHELL} /home/chris/xorg/libXau-1.0.4/missing --run autoheader'
AUTOMAKE='${SHELL} /home/chris/xorg/libXau-1.0.4/missing --run automake-1.10'
AWK='gawk'
CC='/usr/bin/gcc'
CCDEPMODE='depmode=gcc3'
CFLAGS='-g -O2'
CPP='/usr/bin/gcc -E'
CPPFLAGS=''
CXX='g++'
CXXCPP='g++ -E'
CXXDEPMODE='depmode=gcc3'
CXXFLAGS='-g -O2'
CYGPATH_W='echo'
DEFS='-DHAVE_CONFIG_H'
DEPDIR='.deps'
DLLTOOL='dlltool'
DRIVER_MAN_DIR='$(mandir)/man$(DRIVER_MAN_SUFFIX)'
DRIVER_MAN_SUFFIX='4'
ECHO='echo'
ECHO_C=''
ECHO_N='-n'
ECHO_T=''
EGREP='/bin/grep -E'
EXEEXT=''
F77=''
FFLAGS=''
FILE_MAN_DIR='$(mandir)/man$(FILE_MAN_SUFFIX)'
FILE_MAN_SUFFIX='5'
GREP='/bin/grep'
INSTALL_DATA='${INSTALL} -m 644'
INSTALL_PROGRAM='${INSTALL}'
INSTALL_SCRIPT='${INSTALL}'
INSTALL_STRIP_PROGRAM='$(install_sh) -c -s'
KERBEROS_FALSE=''
KERBEROS_TRUE='#'
LDFLAGS=''
LIBOBJS=''
LIBS=''
LIBTOOL='$(SHELL) $(top_builddir)/libtool'
LIB_MAN_DIR='$(mandir)/man$(LIB_MAN_SUFFIX)'
LIB_MAN_SUFFIX='3'
LINT='no'
LINTLIB=''
LINT_FALSE=''
LINT_FLAGS='   '
LINT_TRUE='#'
LN_S='ln -s'
LTLIBOBJS=''
MAINT='#'
MAINTAINER_MODE_FALSE=''
MAINTAINER_MODE_TRUE='#'
MAKEINFO='${SHELL} /home/chris/xorg/libXau-1.0.4/missing --run makeinfo'
MAKE_LINT_LIB_FALSE=''
MAKE_LINT_LIB_TRUE='#'
MISC_MAN_DIR='$(mandir)/man$(MISC_MAN_SUFFIX)'
MISC_MAN_SUFFIX='7'
OBJDUMP='objdump'
OBJEXT='o'
PACKAGE='libXau'
PACKAGE_BUGREPORT='https://bugs.freedesktop.org/enter_bug.cgi?product=xorg'
PACKAGE_NAME='libXau'
PACKAGE_STRING='libXau 1.0.4'
PACKAGE_TARNAME='libXau'
PACKAGE_VERSION='1.0.4'
PATH_SEPARATOR=':'
PKG_CONFIG='/usr/bin/pkg-config'
RANLIB='ranlib'
SET_MAKE=''
SHELL='/bin/sh'
STRIP='strip'
VERSION='1.0.4'
XAU_CFLAGS='-Wall -Wpointer-arith -Wstrict-prototypes 	-Wmissing-prototypes -Wmissing-declarations 	-Wnested-externs -fno-strict-aliasing   '
XAU_LIBS=' '
ac_ct_CC='/usr/bin/gcc'
ac_ct_CXX='g++'
ac_ct_F77=''
am__fastdepCC_FALSE='#'
am__fastdepCC_TRUE=''
am__fastdepCXX_FALSE='#'
am__fastdepCXX_TRUE=''
am__include='include'
am__isrc=''
am__leading_dot='.'
am__quote=''
am__tar='${AMTAR} chof - "$$tardir"'
am__untar='${AMTAR} xf -'
bindir='${exec_prefix}/bin'
build='arm-apple-darwin10.4.0'
build_alias=''
build_cpu='arm'
build_os='darwin10.4.0'
build_vendor='apple'
datadir='${datarootdir}'
datarootdir='${prefix}/share'
docdir='${datarootdir}/doc/${PACKAGE_TARNAME}'
dvidir='${docdir}'
exec_prefix='${prefix}'
host='arm-apple-darwin10.4.0'
host_alias=''
host_cpu='arm'
host_os='darwin10.4.0'
host_vendor='apple'
htmldir='${docdir}'
includedir='${prefix}/include'
infodir='${datarootdir}/info'
install_sh='$(SHELL) /home/chris/xorg/libXau-1.0.4/install-sh'
libdir='${exec_prefix}/lib'
libexecdir='${exec_prefix}/libexec'
localedir='${datarootdir}/locale'
localstatedir='${prefix}/var'
mandir='${datarootdir}/man'
mkdir_p='/bin/mkdir -p'
oldincludedir='/usr/include'
pdfdir='${docdir}'
prefix='/usr/local'
program_transform_name='s,x,x,'
psdir='${docdir}'
sbindir='${exec_prefix}/sbin'
sharedstatedir='${prefix}/com'
sysconfdir='${prefix}/etc'
target_alias=''

## ----------- ##
## confdefs.h. ##
## ----------- ##

#define PACKAGE_NAME "libXau"
#define PACKAGE_TARNAME "libXau"
#define PACKAGE_VERSION "1.0.4"
#define PACKAGE_STRING "libXau 1.0.4"
#define PACKAGE_BUGREPORT "https://bugs.freedesktop.org/enter_bug.cgi?product=xorg"
#define PACKAGE "libXau"
#define VERSION "1.0.4"
#define STDC_HEADERS 1
#define HAVE_SYS_TYPES_H 1
#define HAVE_SYS_STAT_H 1
#define HAVE_STDLIB_H 1
#define HAVE_STRING_H 1
#define HAVE_MEMORY_H 1
#define HAVE_STRINGS_H 1
#define HAVE_INTTYPES_H 1
#define HAVE_STDINT_H 1
#define HAVE_UNISTD_H 1
#define HAVE_DLFCN_H 1
#define XTHREADS 1
#define PACKAGE_VERSION_MAJOR 1
#define PACKAGE_VERSION_MINOR 0
#define PACKAGE_VERSION_PATCHLEVEL 4

configure: exit 0
