This file contains any messages produced by compilers while
running configure, to aid debugging if configure makes a mistake.

It was created by libatomic_ops configure 7.2alpha6, which was
generated by GNU Autoconf 2.68.  Invocation command line was

  $ ./configure --disable-option-checking --prefix=/usr/local CC=/usr/bin/gcc --cache-file=/dev/null --srcdir=.

## --------- ##
## Platform. ##
## --------- ##

hostname = Chriss-iPad
uname -m = iPad1,1
uname -r = 10.4.0
uname -s = Darwin
uname -v = Darwin Kernel Version 10.4.0: Wed Oct 20 20:14:45 PDT 2010; root:xnu-1504.58.28~3/RELEASE_ARM_S5L8930X

/usr/bin/uname -p = unknown
/bin/uname -X     = unknown

/bin/arch              = unknown
/usr/bin/arch -k       = unknown
/usr/convex/getsysinfo = unknown
/usr/bin/hostinfo      = Mach kernel version:
	 Darwin Kernel Version 10.4.0: Wed Oct 20 20:14:45 PDT 2010; root:xnu-1504.58.28~3/RELEASE_ARM_S5L8930X
Kernel configured for a single processor only.
1 processor is physically available.
1 processor is logically available.
Processor type: armv7 (arm v7)
Processor active: 0
Primary memory available: 247.00 megabytes
Default processor set: 38 tasks, 277 threads, 1 processors
Load average: 1.86, Mach factor: 0.26
/bin/machine           = unknown
/usr/bin/oslevel       = unknown
/bin/universe          = unknown

PATH: /usr/local/sbin
PATH: /usr/local/bin
PATH: /usr/sbin
PATH: /usr/bin
PATH: /sbin
PATH: /bin
PATH: /usr/bin/X11
PATH: /usr/games
PATH: /var/mobile/ocaml-3.12.0/bin
PATH: /usr/local/Gambit-C/bin


## ----------- ##
## Core tests. ##
## ----------- ##

configure:2089: checking build system type
configure:2103: result: arm-apple-darwin10.4.0
configure:2123: checking host system type
configure:2136: result: arm-apple-darwin10.4.0
configure:2156: checking target system type
configure:2169: result: arm-apple-darwin10.4.0
configure:2212: checking for a BSD-compatible install
configure:2280: result: /usr/bin/install -c
configure:2291: checking whether build environment is sane
configure:2341: result: yes
configure:2482: checking for a thread-safe mkdir -p
configure:2521: result: /bin/mkdir -p
configure:2534: checking for gawk
configure:2550: found /usr/bin/gawk
configure:2561: result: gawk
configure:2572: checking whether make sets $(MAKE)
configure:2594: result: yes
configure:2717: checking for ranlib
configure:2733: found /usr/bin/ranlib
configure:2744: result: ranlib
configure:2783: checking for style of include used by make
configure:2811: result: GNU
configure:2881: checking for gcc
configure:2908: result: /usr/bin/gcc
configure:3137: checking for C compiler version
configure:3146: /usr/bin/gcc --version >&5
gcc (GCC) 4.2.1 (Based on Apple Inc. build 5555)
Copyright (C) 2007 Free Software Foundation, Inc.
This is free software; see the source for copying conditions.  There is NO
warranty; not even for MERCHANTABILITY or FITNESS FOR A PARTICULAR PURPOSE.

configure:3157: $? = 0
configure:3146: /usr/bin/gcc -v >&5
Using built-in specs.
Target: arm-apple-darwin9
Configured with: ../llvm-gcc-4.2/configure --build=x86_64-unknown-linux-gnu --host=arm-apple-darwin9 --enable-static=no --enable-shared=yes --prefix=/usr --localstatedir=/var/cache/iphone-gcc --enable-languages=c,c++,objc,obj-c++ --enable-wchar_t=no --with-gxx-include-dir=/usr/include/c++/4.0.0
Thread model: posix
gcc version 4.2.1 (Based on Apple Inc. build 5555)
configure:3157: $? = 0
configure:3146: /usr/bin/gcc -V >&5
gcc: '-V' option must have argument
configure:3157: $? = 1
configure:3146: /usr/bin/gcc -qversion >&5
gcc: no input files
configure:3157: $? = 1
configure:3177: checking whether the C compiler works
configure:3199: /usr/bin/gcc    conftest.c  >&5
configure:3203: $? = 0
configure:3251: result: yes
configure:3254: checking for C compiler default output file name
configure:3256: result: a.out
configure:3262: checking for suffix of executables
configure:3269: /usr/bin/gcc -o conftest    conftest.c  >&5
configure:3273: $? = 0
configure:3295: result: 
configure:3317: checking whether we are cross compiling
configure:3325: /usr/bin/gcc -o conftest    conftest.c  >&5
configure:3329: $? = 0
configure:3336: ./conftest
configure:3340: $? = 0
configure:3355: result: no
configure:3360: checking for suffix of object files
configure:3382: /usr/bin/gcc -c   conftest.c >&5
configure:3386: $? = 0
configure:3407: result: o
configure:3411: checking whether we are using the GNU C compiler
configure:3430: /usr/bin/gcc -c   conftest.c >&5
configure:3430: $? = 0
configure:3439: result: yes
configure:3448: checking whether /usr/bin/gcc accepts -g
configure:3468: /usr/bin/gcc -c -g  conftest.c >&5
configure:3468: $? = 0
configure:3509: result: yes
configure:3526: checking for /usr/bin/gcc option to accept ISO C89
configure:3590: /usr/bin/gcc  -c -g -O2  conftest.c >&5
configure:3590: $? = 0
configure:3603: result: none needed
configure:3625: checking dependency style of /usr/bin/gcc
configure:3735: result: gcc3
configure:3751: checking whether /usr/bin/gcc and cc understand -c and -o together
configure:3782: /usr/bin/gcc -c conftest.c -o conftest2.o >&5
configure:3786: $? = 0
configure:3792: /usr/bin/gcc -c conftest.c -o conftest2.o >&5
configure:3796: $? = 0
configure:3807: cc -c conftest.c >&5
configure:3811: $? = 0
configure:3819: cc -c conftest.c -o conftest2.o >&5
configure:3823: $? = 0
configure:3829: cc -c conftest.c -o conftest2.o >&5
configure:3833: $? = 0
configure:3851: result: yes
configure:3885: checking dependency style of /usr/bin/gcc
configure:3993: result: gcc3
configure:4016: checking how to run the C preprocessor
configure:4047: /usr/bin/gcc -E  conftest.c
configure:4047: $? = 0
configure:4061: /usr/bin/gcc -E  conftest.c
conftest.c:11:28: error: ac_nonexistent.h: No such file or directory
configure:4061: $? = 1
configure: failed program was:
| /* confdefs.h */
| #define PACKAGE_NAME "libatomic_ops"
| #define PACKAGE_TARNAME "libatomic_ops"
| #define PACKAGE_VERSION "7.2alpha6"
| #define PACKAGE_STRING "libatomic_ops 7.2alpha6"
| #define PACKAGE_BUGREPORT ""
| #define PACKAGE_URL ""
| #define PACKAGE "libatomic_ops"
| #define VERSION "7.2alpha6"
| /* end confdefs.h.  */
| #include <ac_nonexistent.h>
configure:4086: result: /usr/bin/gcc -E
configure:4106: /usr/bin/gcc -E  conftest.c
configure:4106: $? = 0
configure:4120: /usr/bin/gcc -E  conftest.c
conftest.c:11:28: error: ac_nonexistent.h: No such file or directory
configure:4120: $? = 1
configure: failed program was:
| /* confdefs.h */
| #define PACKAGE_NAME "libatomic_ops"
| #define PACKAGE_TARNAME "libatomic_ops"
| #define PACKAGE_VERSION "7.2alpha6"
| #define PACKAGE_STRING "libatomic_ops 7.2alpha6"
| #define PACKAGE_BUGREPORT ""
| #define PACKAGE_URL ""
| #define PACKAGE "libatomic_ops"
| #define VERSION "7.2alpha6"
| /* end confdefs.h.  */
| #include <ac_nonexistent.h>
configure:4149: checking for grep that handles long lines and -e
configure:4207: result: /bin/grep
configure:4212: checking for egrep
configure:4274: result: /bin/grep -E
configure:4279: checking for ANSI C header files
configure:4299: /usr/bin/gcc -c -g -O2  conftest.c >&5
configure:4299: $? = 0
configure:4372: /usr/bin/gcc -o conftest -g -O2   conftest.c  >&5
configure:4372: $? = 0
configure:4372: ./conftest
configure:4372: $? = 0
configure:4383: result: yes
configure:4396: checking for sys/types.h
configure:4396: /usr/bin/gcc -c -g -O2  conftest.c >&5
configure:4396: $? = 0
configure:4396: result: yes
configure:4396: checking for sys/stat.h
configure:4396: /usr/bin/gcc -c -g -O2  conftest.c >&5
configure:4396: $? = 0
configure:4396: result: yes
configure:4396: checking for stdlib.h
configure:4396: /usr/bin/gcc -c -g -O2  conftest.c >&5
configure:4396: $? = 0
configure:4396: result: yes
configure:4396: checking for string.h
configure:4396: /usr/bin/gcc -c -g -O2  conftest.c >&5
configure:4396: $? = 0
configure:4396: result: yes
configure:4396: checking for memory.h
configure:4396: /usr/bin/gcc -c -g -O2  conftest.c >&5
configure:4396: $? = 0
configure:4396: result: yes
configure:4396: checking for strings.h
configure:4396: /usr/bin/gcc -c -g -O2  conftest.c >&5
configure:4396: $? = 0
configure:4396: result: yes
configure:4396: checking for inttypes.h
configure:4396: /usr/bin/gcc -c -g -O2  conftest.c >&5
configure:4396: $? = 0
configure:4396: result: yes
configure:4396: checking for stdint.h
configure:4396: /usr/bin/gcc -c -g -O2  conftest.c >&5
configure:4396: $? = 0
configure:4396: result: yes
configure:4396: checking for unistd.h
configure:4396: /usr/bin/gcc -c -g -O2  conftest.c >&5
configure:4396: $? = 0
configure:4396: result: yes
configure:4414: checking for stdlib.h
configure:4414: result: yes
configure:4414: checking for unistd.h
configure:4414: result: yes
configure:4414: checking for sys/param.h
configure:4414: /usr/bin/gcc -c -g -O2  conftest.c >&5
configure:4414: $? = 0
configure:4414: result: yes
configure:4434: checking for getpagesize
configure:4434: /usr/bin/gcc -o conftest -g -O2   conftest.c  >&5
configure:4434: $? = 0
configure:4434: result: yes
configure:4443: checking for working mmap
configure:4590: /usr/bin/gcc -o conftest -g -O2   conftest.c  >&5
configure:4590: $? = 0
configure:4590: ./conftest
configure:4590: $? = 0
configure:4600: result: yes
configure:4611: checking for ANSI C header files
configure:4715: result: yes
configure:4728: checking Determining PIC compiler flag
configure:4731: result: -fPIC
configure:4775: checking for pthread_self in -lpthread
configure:4800: /usr/bin/gcc -o conftest -g -O2 -DNDEBUG   conftest.c -lpthread   >&5
configure:4800: $? = 0
configure:4809: result: yes
configure:4983: creating ./config.status

## ---------------------- ##
## Running config.status. ##
## ---------------------- ##

This file was extended by libatomic_ops config.status 7.2alpha6, which was
generated by GNU Autoconf 2.68.  Invocation command line was

  CONFIG_FILES    = 
  CONFIG_HEADERS  = 
  CONFIG_LINKS    = 
  CONFIG_COMMANDS = 
  $ ./config.status 

on Chriss-iPad

config.status:899: creating Makefile
config.status:899: creating src/Makefile
config.status:899: creating src/atomic_ops/Makefile
config.status:899: creating src/atomic_ops/sysdeps/Makefile
config.status:899: creating doc/Makefile
config.status:899: creating tests/Makefile
config.status:899: creating src/config.h
config.status:1128: executing depfiles commands
config.status:1128: executing default commands

## ---------------- ##
## Cache variables. ##
## ---------------- ##

ac_cv_build=arm-apple-darwin10.4.0
ac_cv_c_compiler_gnu=yes
ac_cv_env_CCASFLAGS_set=
ac_cv_env_CCASFLAGS_value=
ac_cv_env_CCAS_set=
ac_cv_env_CCAS_value=
ac_cv_env_CC_set=set
ac_cv_env_CC_value=/usr/bin/gcc
ac_cv_env_CFLAGS_set=
ac_cv_env_CFLAGS_value=
ac_cv_env_CPPFLAGS_set=
ac_cv_env_CPPFLAGS_value=
ac_cv_env_CPP_set=
ac_cv_env_CPP_value=
ac_cv_env_LDFLAGS_set=
ac_cv_env_LDFLAGS_value=
ac_cv_env_LIBS_set=
ac_cv_env_LIBS_value=
ac_cv_env_build_alias_set=
ac_cv_env_build_alias_value=
ac_cv_env_host_alias_set=
ac_cv_env_host_alias_value=
ac_cv_env_target_alias_set=
ac_cv_env_target_alias_value=
ac_cv_func_getpagesize=yes
ac_cv_func_mmap_fixed_mapped=yes
ac_cv_header_inttypes_h=yes
ac_cv_header_memory_h=yes
ac_cv_header_stdc=yes
ac_cv_header_stdint_h=yes
ac_cv_header_stdlib_h=yes
ac_cv_header_string_h=yes
ac_cv_header_strings_h=yes
ac_cv_header_sys_param_h=yes
ac_cv_header_sys_stat_h=yes
ac_cv_header_sys_types_h=yes
ac_cv_header_unistd_h=yes
ac_cv_host=arm-apple-darwin10.4.0
ac_cv_lib_pthread_pthread_self=yes
ac_cv_objext=o
ac_cv_path_EGREP='/bin/grep -E'
ac_cv_path_GREP=/bin/grep
ac_cv_path_install='/usr/bin/install -c'
ac_cv_path_mkdir=/bin/mkdir
ac_cv_prog_AWK=gawk
ac_cv_prog_CPP='/usr/bin/gcc -E'
ac_cv_prog_ac_ct_CC=/usr/bin/gcc
ac_cv_prog_ac_ct_RANLIB=ranlib
ac_cv_prog_cc__usr_bin_gcc_c_o=yes
ac_cv_prog_cc_c89=
ac_cv_prog_cc_g=yes
ac_cv_prog_make_make_set=yes
ac_cv_target=arm-apple-darwin10.4.0
am_cv_CCAS_dependencies_compiler_type=gcc3
am_cv_CC_dependencies_compiler_type=gcc3

## ----------------- ##
## Output variables. ##
## ----------------- ##

ACLOCAL='${SHELL} /home/chris/gc-7.2alpha6/libatomic_ops/missing --run aclocal-1.11'
AMDEPBACKSLASH='\'
AMDEP_FALSE='#'
AMDEP_TRUE=''
AMTAR='${SHELL} /home/chris/gc-7.2alpha6/libatomic_ops/missing --run tar'
AUTOCONF='${SHELL} /home/chris/gc-7.2alpha6/libatomic_ops/missing --run autoconf'
AUTOHEADER='${SHELL} /home/chris/gc-7.2alpha6/libatomic_ops/missing --run autoheader'
AUTOMAKE='${SHELL} /home/chris/gc-7.2alpha6/libatomic_ops/missing --run automake-1.11'
AWK='gawk'
CC='/usr/bin/gcc'
CCAS='/usr/bin/gcc'
CCASDEPMODE='depmode=gcc3'
CCASFLAGS='-g -O2'
CCDEPMODE='depmode=gcc3'
CFLAGS='-g -O2 -DNDEBUG'
CPP='/usr/bin/gcc -E'
CPPFLAGS=''
CYGPATH_W='echo'
DEFS='-DHAVE_CONFIG_H'
DEPDIR='.deps'
ECHO_C=''
ECHO_N='-n'
ECHO_T=''
EGREP='/bin/grep -E'
EXEEXT=''
GREP='/bin/grep'
INSTALL_DATA='${INSTALL} -m 644'
INSTALL_PROGRAM='${INSTALL}'
INSTALL_SCRIPT='${INSTALL}'
INSTALL_STRIP_PROGRAM='$(install_sh) -c -s'
LDFLAGS=''
LIBOBJS=''
LIBS=''
LTLIBOBJS=''
MAKEINFO='${SHELL} /home/chris/gc-7.2alpha6/libatomic_ops/missing --run makeinfo'
MKDIR_P='/bin/mkdir -p'
NEED_ASM_FALSE=''
NEED_ASM_TRUE='#'
OBJEXT='o'
PACKAGE='libatomic_ops'
PACKAGE_BUGREPORT=''
PACKAGE_NAME='libatomic_ops'
PACKAGE_STRING='libatomic_ops 7.2alpha6'
PACKAGE_TARNAME='libatomic_ops'
PACKAGE_URL=''
PACKAGE_VERSION='7.2alpha6'
PATH_SEPARATOR=':'
PICFLAG='-fPIC'
RANLIB='ranlib'
SET_MAKE=''
SHELL='/bin/sh'
STRIP=''
THREADDLLIBS=''
VERSION='7.2alpha6'
ac_ct_CC='/usr/bin/gcc'
am__EXEEXT_FALSE=''
am__EXEEXT_TRUE='#'
am__fastdepCCAS_FALSE='#'
am__fastdepCCAS_TRUE=''
am__fastdepCC_FALSE='#'
am__fastdepCC_TRUE=''
am__include='include'
am__isrc=''
am__leading_dot='.'
am__quote=''
am__tar='${AMTAR} chof - "$$tardir"'
am__untar='${AMTAR} xf -'
bindir='${exec_prefix}/bin'
build='arm-apple-darwin10.4.0'
build_alias=''
build_cpu='arm'
build_os='darwin10.4.0'
build_vendor='apple'
datadir='${datarootdir}'
datarootdir='${prefix}/share'
docdir='${datarootdir}/doc/${PACKAGE_TARNAME}'
dvidir='${docdir}'
exec_prefix='${prefix}'
host='arm-apple-darwin10.4.0'
host_alias=''
host_cpu='arm'
host_os='darwin10.4.0'
host_vendor='apple'
htmldir='${docdir}'
includedir='${prefix}/include'
infodir='${datarootdir}/info'
install_sh='${SHELL} /home/chris/gc-7.2alpha6/libatomic_ops/install-sh'
libdir='${exec_prefix}/lib'
libexecdir='${exec_prefix}/libexec'
localedir='${datarootdir}/locale'
localstatedir='${prefix}/var'
mandir='${datarootdir}/man'
mkdir_p='/bin/mkdir -p'
oldincludedir='/usr/include'
pdfdir='${docdir}'
prefix='/usr/local'
program_transform_name='s,x,x,'
psdir='${docdir}'
sbindir='${exec_prefix}/sbin'
sharedstatedir='${prefix}/com'
sysconfdir='${prefix}/etc'
target='arm-apple-darwin10.4.0'
target_alias=''
target_cpu='arm'
target_os='darwin10.4.0'
target_vendor='apple'

## ----------- ##
## confdefs.h. ##
## ----------- ##

/* confdefs.h */
#define PACKAGE_NAME "libatomic_ops"
#define PACKAGE_TARNAME "libatomic_ops"
#define PACKAGE_VERSION "7.2alpha6"
#define PACKAGE_STRING "libatomic_ops 7.2alpha6"
#define PACKAGE_BUGREPORT ""
#define PACKAGE_URL ""
#define PACKAGE "libatomic_ops"
#define VERSION "7.2alpha6"
#define STDC_HEADERS 1
#define HAVE_SYS_TYPES_H 1
#define HAVE_SYS_STAT_H 1
#define HAVE_STDLIB_H 1
#define HAVE_STRING_H 1
#define HAVE_MEMORY_H 1
#define HAVE_STRINGS_H 1
#define HAVE_INTTYPES_H 1
#define HAVE_STDINT_H 1
#define HAVE_UNISTD_H 1
#define HAVE_STDLIB_H 1
#define HAVE_UNISTD_H 1
#define HAVE_SYS_PARAM_H 1
#define HAVE_GETPAGESIZE 1
#define HAVE_MMAP 1
#define STDC_HEADERS 1
#define _REENTRANT 1

configure: exit 0
