This file contains any messages produced by compilers while
running configure, to aid debugging if configure makes a mistake.

It was created by gnome-pty-helper configure 1.95.0, which was
generated by GNU Autoconf 2.65.  Invocation command line was

  $ ./configure --disable-option-checking --prefix=/usr/local --disable-Bsymbolic CC=/usr/bin/gcc --cache-file=/dev/null --srcdir=.

## --------- ##
## Platform. ##
## --------- ##

hostname = Chriss-iPad
uname -m = iPad1,1
uname -r = 11.0.0
uname -s = Darwin
uname -v = Darwin Kernel Version 11.0.0: Sun Apr  8 21:51:26 PDT 2012; root:xnu-1878.11.10~1/RELEASE_ARM_S5L8930X

/usr/bin/uname -p = unknown
/bin/uname -X     = unknown

/bin/arch              = unknown
/usr/bin/arch -k       = unknown
/usr/convex/getsysinfo = unknown
/usr/bin/hostinfo      = Mach kernel version:
	 Darwin Kernel Version 11.0.0: Sun Apr  8 21:51:26 PDT 2012; root:xnu-1878.11.10~1/RELEASE_ARM_S5L8930X
Kernel configured for a single processor only.
1 processor is physically available.
1 processor is logically available.
Processor type: armv7 (arm v7)
Processor active: 0
Primary memory available: 246.98 megabytes
Default processor set: 34 tasks, 237 threads, 1 processors
Load average: 2.66, Mach factor: 0.23
/bin/machine           = unknown
/usr/bin/oslevel       = unknown
/bin/universe          = unknown

PATH: /usr/local/sbin
PATH: /usr/local/bin
PATH: /usr/sbin
PATH: /usr/bin
PATH: /sbin
PATH: /bin
PATH: /usr/bin/X11
PATH: /usr/games
PATH: /usr/local/Gambit-C/bin


## ----------- ##
## Core tests. ##
## ----------- ##

configure:2167: checking for a BSD-compatible install
configure:2235: result: /usr/bin/install -c
configure:2246: checking whether build environment is sane
configure:2296: result: yes
configure:2437: checking for a thread-safe mkdir -p
configure:2476: result: /bin/mkdir -p
configure:2489: checking for gawk
configure:2505: found /usr/bin/gawk
configure:2516: result: gawk
configure:2527: checking whether make sets $(MAKE)
configure:2549: result: yes
configure:2646: checking for style of include used by make
configure:2674: result: GNU
configure:2744: checking for gcc
configure:2771: result: /usr/bin/gcc
configure:3000: checking for C compiler version
configure:3009: /usr/bin/gcc --version >&5
gcc (GCC) 4.2.1 (Based on Apple Inc. build 5555)
Copyright (C) 2007 Free Software Foundation, Inc.
This is free software; see the source for copying conditions.  There is NO
warranty; not even for MERCHANTABILITY or FITNESS FOR A PARTICULAR PURPOSE.

configure:3020: $? = 0
configure:3009: /usr/bin/gcc -v >&5
Using built-in specs.
Target: arm-apple-darwin9
Configured with: ../llvm-gcc-4.2/configure --build=x86_64-unknown-linux-gnu --host=arm-apple-darwin9 --enable-static=no --enable-shared=yes --prefix=/usr --localstatedir=/var/cache/iphone-gcc --enable-languages=c,c++,objc,obj-c++ --enable-wchar_t=no --with-gxx-include-dir=/usr/include/c++/4.0.0
Thread model: posix
gcc version 4.2.1 (Based on Apple Inc. build 5555)
configure:3020: $? = 0
configure:3009: /usr/bin/gcc -V >&5
gcc: '-V' option must have argument
configure:3020: $? = 1
configure:3009: /usr/bin/gcc -qversion >&5
gcc: no input files
configure:3020: $? = 1
configure:3040: checking whether the C compiler works
configure:3062: /usr/bin/gcc    conftest.c  >&5
configure:3066: $? = 0
configure:3115: result: yes
configure:3118: checking for C compiler default output file name
configure:3120: result: a.out
configure:3126: checking for suffix of executables
configure:3133: /usr/bin/gcc -o conftest    conftest.c  >&5
configure:3137: $? = 0
configure:3159: result: 
configure:3181: checking whether we are cross compiling
configure:3189: /usr/bin/gcc -o conftest    conftest.c  >&5
configure:3193: $? = 0
configure:3200: ./conftest
./configure: line 3202:  9678 Killed: 9               ./conftest$ac_cv_exeext
configure:3204: $? = 137
configure:3216: result: no
configure:3221: checking for suffix of object files
configure:3243: /usr/bin/gcc -c   conftest.c >&5
configure:3247: $? = 0
configure:3268: result: o
configure:3272: checking whether we are using the GNU C compiler
configure:3291: /usr/bin/gcc -c   conftest.c >&5
configure:3291: $? = 0
configure:3300: result: yes
configure:3309: checking whether /usr/bin/gcc accepts -g
configure:3329: /usr/bin/gcc -c -g  conftest.c >&5
configure:3329: $? = 0
configure:3370: result: yes
configure:3387: checking for /usr/bin/gcc option to accept ISO C89
configure:3451: /usr/bin/gcc  -c -g -O2  conftest.c >&5
configure:3451: $? = 0
configure:3464: result: none needed
configure:3486: checking dependency style of /usr/bin/gcc
configure:3596: result: gcc3
configure:3612: checking for library containing strerror
configure:3643: /usr/bin/gcc -o conftest -g -O2   conftest.c  >&5
configure:3643: $? = 0
configure:3660: result: none required
configure:3716: checking for gcc
configure:3743: result: /usr/bin/gcc
configure:3972: checking for C compiler version
configure:3981: /usr/bin/gcc --version >&5
gcc (GCC) 4.2.1 (Based on Apple Inc. build 5555)
Copyright (C) 2007 Free Software Foundation, Inc.
This is free software; see the source for copying conditions.  There is NO
warranty; not even for MERCHANTABILITY or FITNESS FOR A PARTICULAR PURPOSE.

configure:3992: $? = 0
configure:3981: /usr/bin/gcc -v >&5
Using built-in specs.
Target: arm-apple-darwin9
Configured with: ../llvm-gcc-4.2/configure --build=x86_64-unknown-linux-gnu --host=arm-apple-darwin9 --enable-static=no --enable-shared=yes --prefix=/usr --localstatedir=/var/cache/iphone-gcc --enable-languages=c,c++,objc,obj-c++ --enable-wchar_t=no --with-gxx-include-dir=/usr/include/c++/4.0.0
Thread model: posix
gcc version 4.2.1 (Based on Apple Inc. build 5555)
configure:3992: $? = 0
configure:3981: /usr/bin/gcc -V >&5
gcc: '-V' option must have argument
configure:3992: $? = 1
configure:3981: /usr/bin/gcc -qversion >&5
gcc: no input files
configure:3992: $? = 1
configure:3996: checking whether we are using the GNU C compiler
configure:4024: result: yes
configure:4033: checking whether /usr/bin/gcc accepts -g
configure:4094: result: yes
configure:4111: checking for /usr/bin/gcc option to accept ISO C89
configure:4188: result: none needed
configure:4210: checking dependency style of /usr/bin/gcc
configure:4320: result: gcc3
configure:4340: checking how to run the C preprocessor
configure:4371: /usr/bin/gcc -E  conftest.c
configure:4371: $? = 0
configure:4385: /usr/bin/gcc -E  conftest.c
conftest.c:11:28: error: ac_nonexistent.h: No such file or directory
configure:4385: $? = 1
configure: failed program was:
| /* confdefs.h */
| #define PACKAGE_NAME "gnome-pty-helper"
| #define PACKAGE_TARNAME "gnome-pty-helper"
| #define PACKAGE_VERSION "1.95.0"
| #define PACKAGE_STRING "gnome-pty-helper 1.95.0"
| #define PACKAGE_BUGREPORT "http://bugzilla.gnome.org/enter_bug.cgi?product=vte"
| #define PACKAGE_URL ""
| #define PACKAGE "gnome-pty-helper"
| #define VERSION "1.95.0"
| /* end confdefs.h.  */
| #include <ac_nonexistent.h>
configure:4410: result: /usr/bin/gcc -E
configure:4430: /usr/bin/gcc -E  conftest.c
configure:4430: $? = 0
configure:4444: /usr/bin/gcc -E  conftest.c
conftest.c:11:28: error: ac_nonexistent.h: No such file or directory
configure:4444: $? = 1
configure: failed program was:
| /* confdefs.h */
| #define PACKAGE_NAME "gnome-pty-helper"
| #define PACKAGE_TARNAME "gnome-pty-helper"
| #define PACKAGE_VERSION "1.95.0"
| #define PACKAGE_STRING "gnome-pty-helper 1.95.0"
| #define PACKAGE_BUGREPORT "http://bugzilla.gnome.org/enter_bug.cgi?product=vte"
| #define PACKAGE_URL ""
| #define PACKAGE "gnome-pty-helper"
| #define VERSION "1.95.0"
| /* end confdefs.h.  */
| #include <ac_nonexistent.h>
configure:4473: checking for grep that handles long lines and -e
configure:4531: result: /bin/grep
configure:4536: checking for egrep
configure:4598: result: /bin/grep -E
configure:4603: checking for ANSI C header files
configure:4623: /usr/bin/gcc -c -g -O2  conftest.c >&5
configure:4623: $? = 0
configure:4697: /usr/bin/gcc -o conftest -g -O2   conftest.c  >&5
configure:4697: $? = 0
configure:4697: ./conftest
./configure: line 1568:  9833 Killed: 9               ./conftest$ac_exeext
configure:4697: $? = 137
configure: program exited with status 137
configure: failed program was:
| /* confdefs.h */
| #define PACKAGE_NAME "gnome-pty-helper"
| #define PACKAGE_TARNAME "gnome-pty-helper"
| #define PACKAGE_VERSION "1.95.0"
| #define PACKAGE_STRING "gnome-pty-helper 1.95.0"
| #define PACKAGE_BUGREPORT "http://bugzilla.gnome.org/enter_bug.cgi?product=vte"
| #define PACKAGE_URL ""
| #define PACKAGE "gnome-pty-helper"
| #define VERSION "1.95.0"
| /* end confdefs.h.  */
| #include <ctype.h>
| #include <stdlib.h>
| #if ((' ' & 0x0FF) == 0x020)
| # define ISLOWER(c) ('a' <= (c) && (c) <= 'z')
| # define TOUPPER(c) (ISLOWER(c) ? 'A' + ((c) - 'a') : (c))
| #else
| # define ISLOWER(c) 		   (('a' <= (c) && (c) <= 'i') 		     || ('j' <= (c) && (c) <= 'r') 		     || ('s' <= (c) && (c) <= 'z'))
| # define TOUPPER(c) (ISLOWER(c) ? ((c) | 0x40) : (c))
| #endif
| 
| #define XOR(e, f) (((e) && !(f)) || (!(e) && (f)))
| int
| main ()
| {
|   int i;
|   for (i = 0; i < 256; i++)
|     if (XOR (islower (i), ISLOWER (i))
| 	|| toupper (i) != TOUPPER (i))
|       return 2;
|   return 0;
| }
configure:4708: result: no
configure:4764: checking for gcc
configure:4791: result: /usr/bin/gcc
configure:5020: checking for C compiler version
configure:5029: /usr/bin/gcc --version >&5
gcc (GCC) 4.2.1 (Based on Apple Inc. build 5555)
Copyright (C) 2007 Free Software Foundation, Inc.
This is free software; see the source for copying conditions.  There is NO
warranty; not even for MERCHANTABILITY or FITNESS FOR A PARTICULAR PURPOSE.

configure:5040: $? = 0
configure:5029: /usr/bin/gcc -v >&5
Using built-in specs.
Target: arm-apple-darwin9
Configured with: ../llvm-gcc-4.2/configure --build=x86_64-unknown-linux-gnu --host=arm-apple-darwin9 --enable-static=no --enable-shared=yes --prefix=/usr --localstatedir=/var/cache/iphone-gcc --enable-languages=c,c++,objc,obj-c++ --enable-wchar_t=no --with-gxx-include-dir=/usr/include/c++/4.0.0
Thread model: posix
gcc version 4.2.1 (Based on Apple Inc. build 5555)
configure:5040: $? = 0
configure:5029: /usr/bin/gcc -V >&5
gcc: '-V' option must have argument
configure:5040: $? = 1
configure:5029: /usr/bin/gcc -qversion >&5
gcc: no input files
configure:5040: $? = 1
configure:5044: checking whether we are using the GNU C compiler
configure:5072: result: yes
configure:5081: checking whether /usr/bin/gcc accepts -g
configure:5142: result: yes
configure:5159: checking for /usr/bin/gcc option to accept ISO C89
configure:5236: result: none needed
configure:5258: checking dependency style of /usr/bin/gcc
configure:5368: result: gcc3
configure:5391: checking whether to disable maintainer-specific portions of Makefiles
configure:5400: result: yes
configure:5419: checking for sys/types.h
configure:5419: /usr/bin/gcc -c -g -O2  conftest.c >&5
configure:5419: $? = 0
configure:5419: result: yes
configure:5419: checking for sys/stat.h
configure:5419: /usr/bin/gcc -c -g -O2  conftest.c >&5
configure:5419: $? = 0
configure:5419: result: yes
configure:5419: checking for stdlib.h
configure:5419: /usr/bin/gcc -c -g -O2  conftest.c >&5
configure:5419: $? = 0
configure:5419: result: yes
configure:5419: checking for string.h
configure:5419: /usr/bin/gcc -c -g -O2  conftest.c >&5
configure:5419: $? = 0
configure:5419: result: yes
configure:5419: checking for memory.h
configure:5419: /usr/bin/gcc -c -g -O2  conftest.c >&5
configure:5419: $? = 0
configure:5419: result: yes
configure:5419: checking for strings.h
configure:5419: /usr/bin/gcc -c -g -O2  conftest.c >&5
configure:5419: $? = 0
configure:5419: result: yes
configure:5419: checking for inttypes.h
configure:5419: /usr/bin/gcc -c -g -O2  conftest.c >&5
configure:5419: $? = 0
configure:5419: result: yes
configure:5419: checking for stdint.h
configure:5419: /usr/bin/gcc -c -g -O2  conftest.c >&5
configure:5419: $? = 0
configure:5419: result: yes
configure:5419: checking for unistd.h
configure:5419: /usr/bin/gcc -c -g -O2  conftest.c >&5
configure:5419: $? = 0
configure:5419: result: yes
configure:5435: checking sys/syslimits.h usability
configure:5435: /usr/bin/gcc -c -g -O2  conftest.c >&5
configure:5435: $? = 0
configure:5435: result: yes
configure:5435: checking sys/syslimits.h presence
configure:5435: /usr/bin/gcc -E  conftest.c
configure:5435: $? = 0
configure:5435: result: yes
configure:5435: checking for sys/syslimits.h
configure:5435: result: yes
configure:5435: checking sys/time.h usability
configure:5435: /usr/bin/gcc -c -g -O2  conftest.c >&5
configure:5435: $? = 0
configure:5435: result: yes
configure:5435: checking sys/time.h presence
configure:5435: /usr/bin/gcc -E  conftest.c
configure:5435: $? = 0
configure:5435: result: yes
configure:5435: checking for sys/time.h
configure:5435: result: yes
configure:5435: checking for sys/types.h
configure:5435: result: yes
configure:5435: checking sys/un.h usability
configure:5435: /usr/bin/gcc -c -g -O2  conftest.c >&5
configure:5435: $? = 0
configure:5435: result: yes
configure:5435: checking sys/un.h presence
configure:5435: /usr/bin/gcc -E  conftest.c
configure:5435: $? = 0
configure:5435: result: yes
configure:5435: checking for sys/un.h
configure:5435: result: yes
configure:5435: checking alloca.h usability
configure:5435: /usr/bin/gcc -c -g -O2  conftest.c >&5
configure:5435: $? = 0
configure:5435: result: yes
configure:5435: checking alloca.h presence
configure:5435: /usr/bin/gcc -E  conftest.c
configure:5435: $? = 0
configure:5435: result: yes
configure:5435: checking for alloca.h
configure:5435: result: yes
configure:5435: checking lastlog.h usability
configure:5435: /usr/bin/gcc -c -g -O2  conftest.c >&5
conftest.c:58:21: error: lastlog.h: No such file or directory
configure:5435: $? = 1
configure: failed program was:
| /* confdefs.h */
| #define PACKAGE_NAME "gnome-pty-helper"
| #define PACKAGE_TARNAME "gnome-pty-helper"
| #define PACKAGE_VERSION "1.95.0"
| #define PACKAGE_STRING "gnome-pty-helper 1.95.0"
| #define PACKAGE_BUGREPORT "http://bugzilla.gnome.org/enter_bug.cgi?product=vte"
| #define PACKAGE_URL ""
| #define PACKAGE "gnome-pty-helper"
| #define VERSION "1.95.0"
| #define HAVE_SYS_TYPES_H 1
| #define HAVE_SYS_STAT_H 1
| #define HAVE_STDLIB_H 1
| #define HAVE_STRING_H 1
| #define HAVE_MEMORY_H 1
| #define HAVE_STRINGS_H 1
| #define HAVE_INTTYPES_H 1
| #define HAVE_STDINT_H 1
| #define HAVE_UNISTD_H 1
| #define HAVE_SYS_SYSLIMITS_H 1
| #define HAVE_SYS_TIME_H 1
| #define HAVE_SYS_TYPES_H 1
| #define HAVE_SYS_UN_H 1
| #define HAVE_ALLOCA_H 1
| /* end confdefs.h.  */
| #include <stdio.h>
| #ifdef HAVE_SYS_TYPES_H
| # include <sys/types.h>
| #endif
| #ifdef HAVE_SYS_STAT_H
| # include <sys/stat.h>
| #endif
| #ifdef STDC_HEADERS
| # include <stdlib.h>
| # include <stddef.h>
| #else
| # ifdef HAVE_STDLIB_H
| #  include <stdlib.h>
| # endif
| #endif
| #ifdef HAVE_STRING_H
| # if !defined STDC_HEADERS && defined HAVE_MEMORY_H
| #  include <memory.h>
| # endif
| # include <string.h>
| #endif
| #ifdef HAVE_STRINGS_H
| # include <strings.h>
| #endif
| #ifdef HAVE_INTTYPES_H
| # include <inttypes.h>
| #endif
| #ifdef HAVE_STDINT_H
| # include <stdint.h>
| #endif
| #ifdef HAVE_UNISTD_H
| # include <unistd.h>
| #endif
| #include <lastlog.h>
configure:5435: result: no
configure:5435: checking lastlog.h presence
configure:5435: /usr/bin/gcc -E  conftest.c
conftest.c:25:21: error: lastlog.h: No such file or directory
configure:5435: $? = 1
configure: failed program was:
| /* confdefs.h */
| #define PACKAGE_NAME "gnome-pty-helper"
| #define PACKAGE_TARNAME "gnome-pty-helper"
| #define PACKAGE_VERSION "1.95.0"
| #define PACKAGE_STRING "gnome-pty-helper 1.95.0"
| #define PACKAGE_BUGREPORT "http://bugzilla.gnome.org/enter_bug.cgi?product=vte"
| #define PACKAGE_URL ""
| #define PACKAGE "gnome-pty-helper"
| #define VERSION "1.95.0"
| #define HAVE_SYS_TYPES_H 1
| #define HAVE_SYS_STAT_H 1
| #define HAVE_STDLIB_H 1
| #define HAVE_STRING_H 1
| #define HAVE_MEMORY_H 1
| #define HAVE_STRINGS_H 1
| #define HAVE_INTTYPES_H 1
| #define HAVE_STDINT_H 1
| #define HAVE_UNISTD_H 1
| #define HAVE_SYS_SYSLIMITS_H 1
| #define HAVE_SYS_TIME_H 1
| #define HAVE_SYS_TYPES_H 1
| #define HAVE_SYS_UN_H 1
| #define HAVE_ALLOCA_H 1
| /* end confdefs.h.  */
| #include <lastlog.h>
configure:5435: result: no
configure:5435: checking for lastlog.h
configure:5435: result: no
configure:5435: checking libutil.h usability
configure:5435: /usr/bin/gcc -c -g -O2  conftest.c >&5
conftest.c:58:21: error: libutil.h: No such file or directory
configure:5435: $? = 1
configure: failed program was:
| /* confdefs.h */
| #define PACKAGE_NAME "gnome-pty-helper"
| #define PACKAGE_TARNAME "gnome-pty-helper"
| #define PACKAGE_VERSION "1.95.0"
| #define PACKAGE_STRING "gnome-pty-helper 1.95.0"
| #define PACKAGE_BUGREPORT "http://bugzilla.gnome.org/enter_bug.cgi?product=vte"
| #define PACKAGE_URL ""
| #define PACKAGE "gnome-pty-helper"
| #define VERSION "1.95.0"
| #define HAVE_SYS_TYPES_H 1
| #define HAVE_SYS_STAT_H 1
| #define HAVE_STDLIB_H 1
| #define HAVE_STRING_H 1
| #define HAVE_MEMORY_H 1
| #define HAVE_STRINGS_H 1
| #define HAVE_INTTYPES_H 1
| #define HAVE_STDINT_H 1
| #define HAVE_UNISTD_H 1
| #define HAVE_SYS_SYSLIMITS_H 1
| #define HAVE_SYS_TIME_H 1
| #define HAVE_SYS_TYPES_H 1
| #define HAVE_SYS_UN_H 1
| #define HAVE_ALLOCA_H 1
| /* end confdefs.h.  */
| #include <stdio.h>
| #ifdef HAVE_SYS_TYPES_H
| # include <sys/types.h>
| #endif
| #ifdef HAVE_SYS_STAT_H
| # include <sys/stat.h>
| #endif
| #ifdef STDC_HEADERS
| # include <stdlib.h>
| # include <stddef.h>
| #else
| # ifdef HAVE_STDLIB_H
| #  include <stdlib.h>
| # endif
| #endif
| #ifdef HAVE_STRING_H
| # if !defined STDC_HEADERS && defined HAVE_MEMORY_H
| #  include <memory.h>
| # endif
| # include <string.h>
| #endif
| #ifdef HAVE_STRINGS_H
| # include <strings.h>
| #endif
| #ifdef HAVE_INTTYPES_H
| # include <inttypes.h>
| #endif
| #ifdef HAVE_STDINT_H
| # include <stdint.h>
| #endif
| #ifdef HAVE_UNISTD_H
| # include <unistd.h>
| #endif
| #include <libutil.h>
configure:5435: result: no
configure:5435: checking libutil.h presence
configure:5435: /usr/bin/gcc -E  conftest.c
conftest.c:25:21: error: libutil.h: No such file or directory
configure:5435: $? = 1
configure: failed program was:
| /* confdefs.h */
| #define PACKAGE_NAME "gnome-pty-helper"
| #define PACKAGE_TARNAME "gnome-pty-helper"
| #define PACKAGE_VERSION "1.95.0"
| #define PACKAGE_STRING "gnome-pty-helper 1.95.0"
| #define PACKAGE_BUGREPORT "http://bugzilla.gnome.org/enter_bug.cgi?product=vte"
| #define PACKAGE_URL ""
| #define PACKAGE "gnome-pty-helper"
| #define VERSION "1.95.0"
| #define HAVE_SYS_TYPES_H 1
| #define HAVE_SYS_STAT_H 1
| #define HAVE_STDLIB_H 1
| #define HAVE_STRING_H 1
| #define HAVE_MEMORY_H 1
| #define HAVE_STRINGS_H 1
| #define HAVE_INTTYPES_H 1
| #define HAVE_STDINT_H 1
| #define HAVE_UNISTD_H 1
| #define HAVE_SYS_SYSLIMITS_H 1
| #define HAVE_SYS_TIME_H 1
| #define HAVE_SYS_TYPES_H 1
| #define HAVE_SYS_UN_H 1
| #define HAVE_ALLOCA_H 1
| /* end confdefs.h.  */
| #include <libutil.h>
configure:5435: result: no
configure:5435: checking for libutil.h
configure:5435: result: no
configure:5435: checking paths.h usability
configure:5435: /usr/bin/gcc -c -g -O2  conftest.c >&5
configure:5435: $? = 0
configure:5435: result: yes
configure:5435: checking paths.h presence
configure:5435: /usr/bin/gcc -E  conftest.c
configure:5435: $? = 0
configure:5435: result: yes
configure:5435: checking for paths.h
configure:5435: result: yes
configure:5435: checking pty.h usability
configure:5435: /usr/bin/gcc -c -g -O2  conftest.c >&5
conftest.c:59:17: error: pty.h: No such file or directory
configure:5435: $? = 1
configure: failed program was:
| /* confdefs.h */
| #define PACKAGE_NAME "gnome-pty-helper"
| #define PACKAGE_TARNAME "gnome-pty-helper"
| #define PACKAGE_VERSION "1.95.0"
| #define PACKAGE_STRING "gnome-pty-helper 1.95.0"
| #define PACKAGE_BUGREPORT "http://bugzilla.gnome.org/enter_bug.cgi?product=vte"
| #define PACKAGE_URL ""
| #define PACKAGE "gnome-pty-helper"
| #define VERSION "1.95.0"
| #define HAVE_SYS_TYPES_H 1
| #define HAVE_SYS_STAT_H 1
| #define HAVE_STDLIB_H 1
| #define HAVE_STRING_H 1
| #define HAVE_MEMORY_H 1
| #define HAVE_STRINGS_H 1
| #define HAVE_INTTYPES_H 1
| #define HAVE_STDINT_H 1
| #define HAVE_UNISTD_H 1
| #define HAVE_SYS_SYSLIMITS_H 1
| #define HAVE_SYS_TIME_H 1
| #define HAVE_SYS_TYPES_H 1
| #define HAVE_SYS_UN_H 1
| #define HAVE_ALLOCA_H 1
| #define HAVE_PATHS_H 1
| /* end confdefs.h.  */
| #include <stdio.h>
| #ifdef HAVE_SYS_TYPES_H
| # include <sys/types.h>
| #endif
| #ifdef HAVE_SYS_STAT_H
| # include <sys/stat.h>
| #endif
| #ifdef STDC_HEADERS
| # include <stdlib.h>
| # include <stddef.h>
| #else
| # ifdef HAVE_STDLIB_H
| #  include <stdlib.h>
| # endif
| #endif
| #ifdef HAVE_STRING_H
| # if !defined STDC_HEADERS && defined HAVE_MEMORY_H
| #  include <memory.h>
| # endif
| # include <string.h>
| #endif
| #ifdef HAVE_STRINGS_H
| # include <strings.h>
| #endif
| #ifdef HAVE_INTTYPES_H
| # include <inttypes.h>
| #endif
| #ifdef HAVE_STDINT_H
| # include <stdint.h>
| #endif
| #ifdef HAVE_UNISTD_H
| # include <unistd.h>
| #endif
| #include <pty.h>
configure:5435: result: no
configure:5435: checking pty.h presence
configure:5435: /usr/bin/gcc -E  conftest.c
conftest.c:26:17: error: pty.h: No such file or directory
configure:5435: $? = 1
configure: failed program was:
| /* confdefs.h */
| #define PACKAGE_NAME "gnome-pty-helper"
| #define PACKAGE_TARNAME "gnome-pty-helper"
| #define PACKAGE_VERSION "1.95.0"
| #define PACKAGE_STRING "gnome-pty-helper 1.95.0"
| #define PACKAGE_BUGREPORT "http://bugzilla.gnome.org/enter_bug.cgi?product=vte"
| #define PACKAGE_URL ""
| #define PACKAGE "gnome-pty-helper"
| #define VERSION "1.95.0"
| #define HAVE_SYS_TYPES_H 1
| #define HAVE_SYS_STAT_H 1
| #define HAVE_STDLIB_H 1
| #define HAVE_STRING_H 1
| #define HAVE_MEMORY_H 1
| #define HAVE_STRINGS_H 1
| #define HAVE_INTTYPES_H 1
| #define HAVE_STDINT_H 1
| #define HAVE_UNISTD_H 1
| #define HAVE_SYS_SYSLIMITS_H 1
| #define HAVE_SYS_TIME_H 1
| #define HAVE_SYS_TYPES_H 1
| #define HAVE_SYS_UN_H 1
| #define HAVE_ALLOCA_H 1
| #define HAVE_PATHS_H 1
| /* end confdefs.h.  */
| #include <pty.h>
configure:5435: result: no
configure:5435: checking for pty.h
configure:5435: result: no
configure:5435: checking stropts.h usability
configure:5435: /usr/bin/gcc -c -g -O2  conftest.c >&5
conftest.c:59:21: error: stropts.h: No such file or directory
configure:5435: $? = 1
configure: failed program was:
| /* confdefs.h */
| #define PACKAGE_NAME "gnome-pty-helper"
| #define PACKAGE_TARNAME "gnome-pty-helper"
| #define PACKAGE_VERSION "1.95.0"
| #define PACKAGE_STRING "gnome-pty-helper 1.95.0"
| #define PACKAGE_BUGREPORT "http://bugzilla.gnome.org/enter_bug.cgi?product=vte"
| #define PACKAGE_URL ""
| #define PACKAGE "gnome-pty-helper"
| #define VERSION "1.95.0"
| #define HAVE_SYS_TYPES_H 1
| #define HAVE_SYS_STAT_H 1
| #define HAVE_STDLIB_H 1
| #define HAVE_STRING_H 1
| #define HAVE_MEMORY_H 1
| #define HAVE_STRINGS_H 1
| #define HAVE_INTTYPES_H 1
| #define HAVE_STDINT_H 1
| #define HAVE_UNISTD_H 1
| #define HAVE_SYS_SYSLIMITS_H 1
| #define HAVE_SYS_TIME_H 1
| #define HAVE_SYS_TYPES_H 1
| #define HAVE_SYS_UN_H 1
| #define HAVE_ALLOCA_H 1
| #define HAVE_PATHS_H 1
| /* end confdefs.h.  */
| #include <stdio.h>
| #ifdef HAVE_SYS_TYPES_H
| # include <sys/types.h>
| #endif
| #ifdef HAVE_SYS_STAT_H
| # include <sys/stat.h>
| #endif
| #ifdef STDC_HEADERS
| # include <stdlib.h>
| # include <stddef.h>
| #else
| # ifdef HAVE_STDLIB_H
| #  include <stdlib.h>
| # endif
| #endif
| #ifdef HAVE_STRING_H
| # if !defined STDC_HEADERS && defined HAVE_MEMORY_H
| #  include <memory.h>
| # endif
| # include <string.h>
| #endif
| #ifdef HAVE_STRINGS_H
| # include <strings.h>
| #endif
| #ifdef HAVE_INTTYPES_H
| # include <inttypes.h>
| #endif
| #ifdef HAVE_STDINT_H
| # include <stdint.h>
| #endif
| #ifdef HAVE_UNISTD_H
| # include <unistd.h>
| #endif
| #include <stropts.h>
configure:5435: result: no
configure:5435: checking stropts.h presence
configure:5435: /usr/bin/gcc -E  conftest.c
conftest.c:26:21: error: stropts.h: No such file or directory
configure:5435: $? = 1
configure: failed program was:
| /* confdefs.h */
| #define PACKAGE_NAME "gnome-pty-helper"
| #define PACKAGE_TARNAME "gnome-pty-helper"
| #define PACKAGE_VERSION "1.95.0"
| #define PACKAGE_STRING "gnome-pty-helper 1.95.0"
| #define PACKAGE_BUGREPORT "http://bugzilla.gnome.org/enter_bug.cgi?product=vte"
| #define PACKAGE_URL ""
| #define PACKAGE "gnome-pty-helper"
| #define VERSION "1.95.0"
| #define HAVE_SYS_TYPES_H 1
| #define HAVE_SYS_STAT_H 1
| #define HAVE_STDLIB_H 1
| #define HAVE_STRING_H 1
| #define HAVE_MEMORY_H 1
| #define HAVE_STRINGS_H 1
| #define HAVE_INTTYPES_H 1
| #define HAVE_STDINT_H 1
| #define HAVE_UNISTD_H 1
| #define HAVE_SYS_SYSLIMITS_H 1
| #define HAVE_SYS_TIME_H 1
| #define HAVE_SYS_TYPES_H 1
| #define HAVE_SYS_UN_H 1
| #define HAVE_ALLOCA_H 1
| #define HAVE_PATHS_H 1
| /* end confdefs.h.  */
| #include <stropts.h>
configure:5435: result: no
configure:5435: checking for stropts.h
configure:5435: result: no
configure:5435: checking termios.h usability
configure:5435: /usr/bin/gcc -c -g -O2  conftest.c >&5
configure:5435: $? = 0
configure:5435: result: yes
configure:5435: checking termios.h presence
configure:5435: /usr/bin/gcc -E  conftest.c
configure:5435: $? = 0
configure:5435: result: yes
configure:5435: checking for termios.h
configure:5435: result: yes
configure:5435: checking ttyent.h usability
configure:5435: /usr/bin/gcc -c -g -O2  conftest.c >&5
configure:5435: $? = 0
configure:5435: result: yes
configure:5435: checking ttyent.h presence
configure:5435: /usr/bin/gcc -E  conftest.c
configure:5435: $? = 0
configure:5435: result: yes
configure:5435: checking for ttyent.h
configure:5435: result: yes
configure:5435: checking util.h usability
configure:5435: /usr/bin/gcc -c -g -O2  conftest.c >&5
configure:5435: $? = 0
configure:5435: result: yes
configure:5435: checking util.h presence
configure:5435: /usr/bin/gcc -E  conftest.c
configure:5435: $? = 0
configure:5435: result: yes
configure:5435: checking for util.h
configure:5435: result: yes
configure:5435: checking utmp.h usability
configure:5435: /usr/bin/gcc -c -g -O2  conftest.c >&5
configure:5435: $? = 0
configure:5435: result: yes
configure:5435: checking utmp.h presence
configure:5435: /usr/bin/gcc -E  conftest.c
configure:5435: $? = 0
configure:5435: result: yes
configure:5435: checking for utmp.h
configure:5435: result: yes
configure:5435: checking utmpx.h usability
configure:5435: /usr/bin/gcc -c -g -O2  conftest.c >&5
configure:5435: $? = 0
configure:5435: result: yes
configure:5435: checking utmpx.h presence
configure:5435: /usr/bin/gcc -E  conftest.c
configure:5435: $? = 0
configure:5435: result: yes
configure:5435: checking for utmpx.h
configure:5435: result: yes
configure:5435: checking for pty.h
configure:5435: result: no
configure:5435: checking for util.h
configure:5435: result: yes
configure:5435: checking for libutil.h
configure:5435: result: no
configure:5435: checking for ttyent.h
configure:5435: result: yes
configure:5447: checking for grantpt in -lc
configure:5472: /usr/bin/gcc -o conftest -g -O2   conftest.c -lc   >&5
configure:5472: $? = 0
configure:5481: result: yes
configure:5533: checking for openpty in -lc
configure:5558: /usr/bin/gcc -o conftest -g -O2   conftest.c -lc   >&5
configure:5558: $? = 0
configure:5567: result: yes
configure:5619: checking for sendmsg in -lc
configure:5644: /usr/bin/gcc -o conftest -g -O2   conftest.c -lc   >&5
configure:5644: $? = 0
configure:5653: result: yes
configure:5703: checking for endutent
configure:5703: /usr/bin/gcc -o conftest -g -O2   conftest.c  >&5
Undefined symbols:
  "_endutent", referenced from:
      _main in ccuz0Hya.o
ld: symbol(s) not found
collect2: ld returned 1 exit status
configure:5703: $? = 1
configure: failed program was:
| /* confdefs.h */
| #define PACKAGE_NAME "gnome-pty-helper"
| #define PACKAGE_TARNAME "gnome-pty-helper"
| #define PACKAGE_VERSION "1.95.0"
| #define PACKAGE_STRING "gnome-pty-helper 1.95.0"
| #define PACKAGE_BUGREPORT "http://bugzilla.gnome.org/enter_bug.cgi?product=vte"
| #define PACKAGE_URL ""
| #define PACKAGE "gnome-pty-helper"
| #define VERSION "1.95.0"
| #define HAVE_SYS_TYPES_H 1
| #define HAVE_SYS_STAT_H 1
| #define HAVE_STDLIB_H 1
| #define HAVE_STRING_H 1
| #define HAVE_MEMORY_H 1
| #define HAVE_STRINGS_H 1
| #define HAVE_INTTYPES_H 1
| #define HAVE_STDINT_H 1
| #define HAVE_UNISTD_H 1
| #define HAVE_SYS_SYSLIMITS_H 1
| #define HAVE_SYS_TIME_H 1
| #define HAVE_SYS_TYPES_H 1
| #define HAVE_SYS_UN_H 1
| #define HAVE_ALLOCA_H 1
| #define HAVE_PATHS_H 1
| #define HAVE_TERMIOS_H 1
| #define HAVE_TTYENT_H 1
| #define HAVE_UTIL_H 1
| #define HAVE_UTMP_H 1
| #define HAVE_UTMPX_H 1
| #define HAVE_UTIL_H 1
| #define HAVE_TTYENT_H 1
| /* end confdefs.h.  */
| /* Define endutent to an innocuous variant, in case <limits.h> declares endutent.
|    For example, HP-UX 11i <limits.h> declares gettimeofday.  */
| #define endutent innocuous_endutent
| 
| /* System header to define __stub macros and hopefully few prototypes,
|     which can conflict with char endutent (); below.
|     Prefer <limits.h> to <assert.h> if __STDC__ is defined, since
|     <limits.h> exists even on freestanding compilers.  */
| 
| #ifdef __STDC__
| # include <limits.h>
| #else
| # include <assert.h>
| #endif
| 
| #undef endutent
| 
| /* Override any GCC internal prototype to avoid an error.
|    Use char because int might match the return type of a GCC
|    builtin and then its argument prototype would still apply.  */
| #ifdef __cplusplus
| extern "C"
| #endif
| char endutent ();
| /* The GNU C library defines this for functions which it implements
|     to always fail with ENOSYS.  Some functions are actually named
|     something starting with __ and the normal name is an alias.  */
| #if defined __stub_endutent || defined __stub___endutent
| choke me
| #endif
| 
| int
| main ()
| {
| return endutent ();
|   ;
|   return 0;
| }
configure:5703: result: no
configure:5703: checking for fcntl
configure:5703: /usr/bin/gcc -o conftest -g -O2   conftest.c  >&5
configure:5703: $? = 0
configure:5703: result: yes
configure:5703: checking for forkpty
configure:5703: /usr/bin/gcc -o conftest -g -O2   conftest.c  >&5
configure:5703: $? = 0
configure:5703: result: yes
configure:5703: checking for getttyent
configure:5703: /usr/bin/gcc -o conftest -g -O2   conftest.c  >&5
configure:5703: $? = 0
configure:5703: result: yes
configure:5703: checking for getutent
configure:5703: /usr/bin/gcc -o conftest -g -O2   conftest.c  >&5
Undefined symbols:
  "_getutent", referenced from:
      _main in ccH0a1Tw.o
ld: symbol(s) not found
collect2: ld returned 1 exit status
configure:5703: $? = 1
configure: failed program was:
| /* confdefs.h */
| #define PACKAGE_NAME "gnome-pty-helper"
| #define PACKAGE_TARNAME "gnome-pty-helper"
| #define PACKAGE_VERSION "1.95.0"
| #define PACKAGE_STRING "gnome-pty-helper 1.95.0"
| #define PACKAGE_BUGREPORT "http://bugzilla.gnome.org/enter_bug.cgi?product=vte"
| #define PACKAGE_URL ""
| #define PACKAGE "gnome-pty-helper"
| #define VERSION "1.95.0"
| #define HAVE_SYS_TYPES_H 1
| #define HAVE_SYS_STAT_H 1
| #define HAVE_STDLIB_H 1
| #define HAVE_STRING_H 1
| #define HAVE_MEMORY_H 1
| #define HAVE_STRINGS_H 1
| #define HAVE_INTTYPES_H 1
| #define HAVE_STDINT_H 1
| #define HAVE_UNISTD_H 1
| #define HAVE_SYS_SYSLIMITS_H 1
| #define HAVE_SYS_TIME_H 1
| #define HAVE_SYS_TYPES_H 1
| #define HAVE_SYS_UN_H 1
| #define HAVE_ALLOCA_H 1
| #define HAVE_PATHS_H 1
| #define HAVE_TERMIOS_H 1
| #define HAVE_TTYENT_H 1
| #define HAVE_UTIL_H 1
| #define HAVE_UTMP_H 1
| #define HAVE_UTMPX_H 1
| #define HAVE_UTIL_H 1
| #define HAVE_TTYENT_H 1
| #define HAVE_FCNTL 1
| #define HAVE_FORKPTY 1
| #define HAVE_GETTTYENT 1
| /* end confdefs.h.  */
| /* Define getutent to an innocuous variant, in case <limits.h> declares getutent.
|    For example, HP-UX 11i <limits.h> declares gettimeofday.  */
| #define getutent innocuous_getutent
| 
| /* System header to define __stub macros and hopefully few prototypes,
|     which can conflict with char getutent (); below.
|     Prefer <limits.h> to <assert.h> if __STDC__ is defined, since
|     <limits.h> exists even on freestanding compilers.  */
| 
| #ifdef __STDC__
| # include <limits.h>
| #else
| # include <assert.h>
| #endif
| 
| #undef getutent
| 
| /* Override any GCC internal prototype to avoid an error.
|    Use char because int might match the return type of a GCC
|    builtin and then its argument prototype would still apply.  */
| #ifdef __cplusplus
| extern "C"
| #endif
| char getutent ();
| /* The GNU C library defines this for functions which it implements
|     to always fail with ENOSYS.  Some functions are actually named
|     something starting with __ and the normal name is an alias.  */
| #if defined __stub_getutent || defined __stub___getutent
| choke me
| #endif
| 
| int
| main ()
| {
| return getutent ();
|   ;
|   return 0;
| }
configure:5703: result: no
configure:5703: checking for getutmpx
configure:5703: /usr/bin/gcc -o conftest -g -O2   conftest.c  >&5
Undefined symbols:
  "_getutmpx", referenced from:
      _main in ccXSSLe1.o
ld: symbol(s) not found
collect2: ld returned 1 exit status
configure:5703: $? = 1
configure: failed program was:
| /* confdefs.h */
| #define PACKAGE_NAME "gnome-pty-helper"
| #define PACKAGE_TARNAME "gnome-pty-helper"
| #define PACKAGE_VERSION "1.95.0"
| #define PACKAGE_STRING "gnome-pty-helper 1.95.0"
| #define PACKAGE_BUGREPORT "http://bugzilla.gnome.org/enter_bug.cgi?product=vte"
| #define PACKAGE_URL ""
| #define PACKAGE "gnome-pty-helper"
| #define VERSION "1.95.0"
| #define HAVE_SYS_TYPES_H 1
| #define HAVE_SYS_STAT_H 1
| #define HAVE_STDLIB_H 1
| #define HAVE_STRING_H 1
| #define HAVE_MEMORY_H 1
| #define HAVE_STRINGS_H 1
| #define HAVE_INTTYPES_H 1
| #define HAVE_STDINT_H 1
| #define HAVE_UNISTD_H 1
| #define HAVE_SYS_SYSLIMITS_H 1
| #define HAVE_SYS_TIME_H 1
| #define HAVE_SYS_TYPES_H 1
| #define HAVE_SYS_UN_H 1
| #define HAVE_ALLOCA_H 1
| #define HAVE_PATHS_H 1
| #define HAVE_TERMIOS_H 1
| #define HAVE_TTYENT_H 1
| #define HAVE_UTIL_H 1
| #define HAVE_UTMP_H 1
| #define HAVE_UTMPX_H 1
| #define HAVE_UTIL_H 1
| #define HAVE_TTYENT_H 1
| #define HAVE_FCNTL 1
| #define HAVE_FORKPTY 1
| #define HAVE_GETTTYENT 1
| /* end confdefs.h.  */
| /* Define getutmpx to an innocuous variant, in case <limits.h> declares getutmpx.
|    For example, HP-UX 11i <limits.h> declares gettimeofday.  */
| #define getutmpx innocuous_getutmpx
| 
| /* System header to define __stub macros and hopefully few prototypes,
|     which can conflict with char getutmpx (); below.
|     Prefer <limits.h> to <assert.h> if __STDC__ is defined, since
|     <limits.h> exists even on freestanding compilers.  */
| 
| #ifdef __STDC__
| # include <limits.h>
| #else
| # include <assert.h>
| #endif
| 
| #undef getutmpx
| 
| /* Override any GCC internal prototype to avoid an error.
|    Use char because int might match the return type of a GCC
|    builtin and then its argument prototype would still apply.  */
| #ifdef __cplusplus
| extern "C"
| #endif
| char getutmpx ();
| /* The GNU C library defines this for functions which it implements
|     to always fail with ENOSYS.  Some functions are actually named
|     something starting with __ and the normal name is an alias.  */
| #if defined __stub_getutmpx || defined __stub___getutmpx
| choke me
| #endif
| 
| int
| main ()
| {
| return getutmpx ();
|   ;
|   return 0;
| }
configure:5703: result: no
configure:5703: checking for grantpt
configure:5703: /usr/bin/gcc -o conftest -g -O2   conftest.c  >&5
configure:5703: $? = 0
configure:5703: result: yes
configure:5703: checking for flock
configure:5703: /usr/bin/gcc -o conftest -g -O2   conftest.c  >&5
configure:5703: $? = 0
configure:5703: result: yes
configure:5703: checking for login_tty
configure:5703: /usr/bin/gcc -o conftest -g -O2   conftest.c  >&5
configure:5703: $? = 0
configure:5703: result: yes
configure:5703: checking for openpty
configure:5703: /usr/bin/gcc -o conftest -g -O2   conftest.c  >&5
configure:5703: $? = 0
configure:5703: result: yes
configure:5703: checking for revoke
configure:5703: /usr/bin/gcc -o conftest -g -O2   conftest.c  >&5
configure:5703: $? = 0
configure:5703: result: yes
configure:5703: checking for sendmsg
configure:5703: /usr/bin/gcc -o conftest -g -O2   conftest.c  >&5
configure:5703: $? = 0
configure:5703: result: yes
configure:5703: checking for seteuid
configure:5703: /usr/bin/gcc -o conftest -g -O2   conftest.c  >&5
configure:5703: $? = 0
configure:5703: result: yes
configure:5703: checking for setreuid
configure:5703: /usr/bin/gcc -o conftest -g -O2   conftest.c  >&5
configure:5703: $? = 0
configure:5703: result: yes
configure:5703: checking for setutent
configure:5703: /usr/bin/gcc -o conftest -g -O2   conftest.c  >&5
Undefined symbols:
  "_setutent", referenced from:
      _main in ccdv6tRH.o
ld: symbol(s) not found
collect2: ld returned 1 exit status
configure:5703: $? = 1
configure: failed program was:
| /* confdefs.h */
| #define PACKAGE_NAME "gnome-pty-helper"
| #define PACKAGE_TARNAME "gnome-pty-helper"
| #define PACKAGE_VERSION "1.95.0"
| #define PACKAGE_STRING "gnome-pty-helper 1.95.0"
| #define PACKAGE_BUGREPORT "http://bugzilla.gnome.org/enter_bug.cgi?product=vte"
| #define PACKAGE_URL ""
| #define PACKAGE "gnome-pty-helper"
| #define VERSION "1.95.0"
| #define HAVE_SYS_TYPES_H 1
| #define HAVE_SYS_STAT_H 1
| #define HAVE_STDLIB_H 1
| #define HAVE_STRING_H 1
| #define HAVE_MEMORY_H 1
| #define HAVE_STRINGS_H 1
| #define HAVE_INTTYPES_H 1
| #define HAVE_STDINT_H 1
| #define HAVE_UNISTD_H 1
| #define HAVE_SYS_SYSLIMITS_H 1
| #define HAVE_SYS_TIME_H 1
| #define HAVE_SYS_TYPES_H 1
| #define HAVE_SYS_UN_H 1
| #define HAVE_ALLOCA_H 1
| #define HAVE_PATHS_H 1
| #define HAVE_TERMIOS_H 1
| #define HAVE_TTYENT_H 1
| #define HAVE_UTIL_H 1
| #define HAVE_UTMP_H 1
| #define HAVE_UTMPX_H 1
| #define HAVE_UTIL_H 1
| #define HAVE_TTYENT_H 1
| #define HAVE_FCNTL 1
| #define HAVE_FORKPTY 1
| #define HAVE_GETTTYENT 1
| #define HAVE_GRANTPT 1
| #define HAVE_FLOCK 1
| #define HAVE_LOGIN_TTY 1
| #define HAVE_OPENPTY 1
| #define HAVE_REVOKE 1
| #define HAVE_SENDMSG 1
| #define HAVE_SETEUID 1
| #define HAVE_SETREUID 1
| /* end confdefs.h.  */
| /* Define setutent to an innocuous variant, in case <limits.h> declares setutent.
|    For example, HP-UX 11i <limits.h> declares gettimeofday.  */
| #define setutent innocuous_setutent
| 
| /* System header to define __stub macros and hopefully few prototypes,
|     which can conflict with char setutent (); below.
|     Prefer <limits.h> to <assert.h> if __STDC__ is defined, since
|     <limits.h> exists even on freestanding compilers.  */
| 
| #ifdef __STDC__
| # include <limits.h>
| #else
| # include <assert.h>
| #endif
| 
| #undef setutent
| 
| /* Override any GCC internal prototype to avoid an error.
|    Use char because int might match the return type of a GCC
|    builtin and then its argument prototype would still apply.  */
| #ifdef __cplusplus
| extern "C"
| #endif
| char setutent ();
| /* The GNU C library defines this for functions which it implements
|     to always fail with ENOSYS.  Some functions are actually named
|     something starting with __ and the normal name is an alias.  */
| #if defined __stub_setutent || defined __stub___setutent
| choke me
| #endif
| 
| int
| main ()
| {
| return setutent ();
|   ;
|   return 0;
| }
configure:5703: result: no
configure:5703: checking for strrchr
configure:5703: /usr/bin/gcc -o conftest -g -O2   conftest.c  >&5
conftest.c:67: warning: conflicting types for built-in function 'strrchr'
configure:5703: $? = 0
configure:5703: result: yes
configure:5703: checking for updwtmp
configure:5703: /usr/bin/gcc -o conftest -g -O2   conftest.c  >&5
Undefined symbols:
  "_updwtmp", referenced from:
      _main in ccB35IaC.o
ld: symbol(s) not found
collect2: ld returned 1 exit status
configure:5703: $? = 1
configure: failed program was:
| /* confdefs.h */
| #define PACKAGE_NAME "gnome-pty-helper"
| #define PACKAGE_TARNAME "gnome-pty-helper"
| #define PACKAGE_VERSION "1.95.0"
| #define PACKAGE_STRING "gnome-pty-helper 1.95.0"
| #define PACKAGE_BUGREPORT "http://bugzilla.gnome.org/enter_bug.cgi?product=vte"
| #define PACKAGE_URL ""
| #define PACKAGE "gnome-pty-helper"
| #define VERSION "1.95.0"
| #define HAVE_SYS_TYPES_H 1
| #define HAVE_SYS_STAT_H 1
| #define HAVE_STDLIB_H 1
| #define HAVE_STRING_H 1
| #define HAVE_MEMORY_H 1
| #define HAVE_STRINGS_H 1
| #define HAVE_INTTYPES_H 1
| #define HAVE_STDINT_H 1
| #define HAVE_UNISTD_H 1
| #define HAVE_SYS_SYSLIMITS_H 1
| #define HAVE_SYS_TIME_H 1
| #define HAVE_SYS_TYPES_H 1
| #define HAVE_SYS_UN_H 1
| #define HAVE_ALLOCA_H 1
| #define HAVE_PATHS_H 1
| #define HAVE_TERMIOS_H 1
| #define HAVE_TTYENT_H 1
| #define HAVE_UTIL_H 1
| #define HAVE_UTMP_H 1
| #define HAVE_UTMPX_H 1
| #define HAVE_UTIL_H 1
| #define HAVE_TTYENT_H 1
| #define HAVE_FCNTL 1
| #define HAVE_FORKPTY 1
| #define HAVE_GETTTYENT 1
| #define HAVE_GRANTPT 1
| #define HAVE_FLOCK 1
| #define HAVE_LOGIN_TTY 1
| #define HAVE_OPENPTY 1
| #define HAVE_REVOKE 1
| #define HAVE_SENDMSG 1
| #define HAVE_SETEUID 1
| #define HAVE_SETREUID 1
| #define HAVE_STRRCHR 1
| /* end confdefs.h.  */
| /* Define updwtmp to an innocuous variant, in case <limits.h> declares updwtmp.
|    For example, HP-UX 11i <limits.h> declares gettimeofday.  */
| #define updwtmp innocuous_updwtmp
| 
| /* System header to define __stub macros and hopefully few prototypes,
|     which can conflict with char updwtmp (); below.
|     Prefer <limits.h> to <assert.h> if __STDC__ is defined, since
|     <limits.h> exists even on freestanding compilers.  */
| 
| #ifdef __STDC__
| # include <limits.h>
| #else
| # include <assert.h>
| #endif
| 
| #undef updwtmp
| 
| /* Override any GCC internal prototype to avoid an error.
|    Use char because int might match the return type of a GCC
|    builtin and then its argument prototype would still apply.  */
| #ifdef __cplusplus
| extern "C"
| #endif
| char updwtmp ();
| /* The GNU C library defines this for functions which it implements
|     to always fail with ENOSYS.  Some functions are actually named
|     something starting with __ and the normal name is an alias.  */
| #if defined __stub_updwtmp || defined __stub___updwtmp
| choke me
| #endif
| 
| int
| main ()
| {
| return updwtmp ();
|   ;
|   return 0;
| }
configure:5703: result: no
configure:5703: checking for updwtmpx
configure:5703: /usr/bin/gcc -o conftest -g -O2   conftest.c  >&5
Undefined symbols:
  "_updwtmpx", referenced from:
      _main in ccCQHJyE.o
ld: symbol(s) not found
collect2: ld returned 1 exit status
configure:5703: $? = 1
configure: failed program was:
| /* confdefs.h */
| #define PACKAGE_NAME "gnome-pty-helper"
| #define PACKAGE_TARNAME "gnome-pty-helper"
| #define PACKAGE_VERSION "1.95.0"
| #define PACKAGE_STRING "gnome-pty-helper 1.95.0"
| #define PACKAGE_BUGREPORT "http://bugzilla.gnome.org/enter_bug.cgi?product=vte"
| #define PACKAGE_URL ""
| #define PACKAGE "gnome-pty-helper"
| #define VERSION "1.95.0"
| #define HAVE_SYS_TYPES_H 1
| #define HAVE_SYS_STAT_H 1
| #define HAVE_STDLIB_H 1
| #define HAVE_STRING_H 1
| #define HAVE_MEMORY_H 1
| #define HAVE_STRINGS_H 1
| #define HAVE_INTTYPES_H 1
| #define HAVE_STDINT_H 1
| #define HAVE_UNISTD_H 1
| #define HAVE_SYS_SYSLIMITS_H 1
| #define HAVE_SYS_TIME_H 1
| #define HAVE_SYS_TYPES_H 1
| #define HAVE_SYS_UN_H 1
| #define HAVE_ALLOCA_H 1
| #define HAVE_PATHS_H 1
| #define HAVE_TERMIOS_H 1
| #define HAVE_TTYENT_H 1
| #define HAVE_UTIL_H 1
| #define HAVE_UTMP_H 1
| #define HAVE_UTMPX_H 1
| #define HAVE_UTIL_H 1
| #define HAVE_TTYENT_H 1
| #define HAVE_FCNTL 1
| #define HAVE_FORKPTY 1
| #define HAVE_GETTTYENT 1
| #define HAVE_GRANTPT 1
| #define HAVE_FLOCK 1
| #define HAVE_LOGIN_TTY 1
| #define HAVE_OPENPTY 1
| #define HAVE_REVOKE 1
| #define HAVE_SENDMSG 1
| #define HAVE_SETEUID 1
| #define HAVE_SETREUID 1
| #define HAVE_STRRCHR 1
| /* end confdefs.h.  */
| /* Define updwtmpx to an innocuous variant, in case <limits.h> declares updwtmpx.
|    For example, HP-UX 11i <limits.h> declares gettimeofday.  */
| #define updwtmpx innocuous_updwtmpx
| 
| /* System header to define __stub macros and hopefully few prototypes,
|     which can conflict with char updwtmpx (); below.
|     Prefer <limits.h> to <assert.h> if __STDC__ is defined, since
|     <limits.h> exists even on freestanding compilers.  */
| 
| #ifdef __STDC__
| # include <limits.h>
| #else
| # include <assert.h>
| #endif
| 
| #undef updwtmpx
| 
| /* Override any GCC internal prototype to avoid an error.
|    Use char because int might match the return type of a GCC
|    builtin and then its argument prototype would still apply.  */
| #ifdef __cplusplus
| extern "C"
| #endif
| char updwtmpx ();
| /* The GNU C library defines this for functions which it implements
|     to always fail with ENOSYS.  Some functions are actually named
|     something starting with __ and the normal name is an alias.  */
| #if defined __stub_updwtmpx || defined __stub___updwtmpx
| choke me
| #endif
| 
| int
| main ()
| {
| return updwtmpx ();
|   ;
|   return 0;
| }
configure:5703: result: no
configure:5703: checking for utmpname
configure:5703: /usr/bin/gcc -o conftest -g -O2   conftest.c  >&5
Undefined symbols:
  "_utmpname", referenced from:
      _main in cctwpcji.o
ld: symbol(s) not found
collect2: ld returned 1 exit status
configure:5703: $? = 1
configure: failed program was:
| /* confdefs.h */
| #define PACKAGE_NAME "gnome-pty-helper"
| #define PACKAGE_TARNAME "gnome-pty-helper"
| #define PACKAGE_VERSION "1.95.0"
| #define PACKAGE_STRING "gnome-pty-helper 1.95.0"
| #define PACKAGE_BUGREPORT "http://bugzilla.gnome.org/enter_bug.cgi?product=vte"
| #define PACKAGE_URL ""
| #define PACKAGE "gnome-pty-helper"
| #define VERSION "1.95.0"
| #define HAVE_SYS_TYPES_H 1
| #define HAVE_SYS_STAT_H 1
| #define HAVE_STDLIB_H 1
| #define HAVE_STRING_H 1
| #define HAVE_MEMORY_H 1
| #define HAVE_STRINGS_H 1
| #define HAVE_INTTYPES_H 1
| #define HAVE_STDINT_H 1
| #define HAVE_UNISTD_H 1
| #define HAVE_SYS_SYSLIMITS_H 1
| #define HAVE_SYS_TIME_H 1
| #define HAVE_SYS_TYPES_H 1
| #define HAVE_SYS_UN_H 1
| #define HAVE_ALLOCA_H 1
| #define HAVE_PATHS_H 1
| #define HAVE_TERMIOS_H 1
| #define HAVE_TTYENT_H 1
| #define HAVE_UTIL_H 1
| #define HAVE_UTMP_H 1
| #define HAVE_UTMPX_H 1
| #define HAVE_UTIL_H 1
| #define HAVE_TTYENT_H 1
| #define HAVE_FCNTL 1
| #define HAVE_FORKPTY 1
| #define HAVE_GETTTYENT 1
| #define HAVE_GRANTPT 1
| #define HAVE_FLOCK 1
| #define HAVE_LOGIN_TTY 1
| #define HAVE_OPENPTY 1
| #define HAVE_REVOKE 1
| #define HAVE_SENDMSG 1
| #define HAVE_SETEUID 1
| #define HAVE_SETREUID 1
| #define HAVE_STRRCHR 1
| /* end confdefs.h.  */
| /* Define utmpname to an innocuous variant, in case <limits.h> declares utmpname.
|    For example, HP-UX 11i <limits.h> declares gettimeofday.  */
| #define utmpname innocuous_utmpname
| 
| /* System header to define __stub macros and hopefully few prototypes,
|     which can conflict with char utmpname (); below.
|     Prefer <limits.h> to <assert.h> if __STDC__ is defined, since
|     <limits.h> exists even on freestanding compilers.  */
| 
| #ifdef __STDC__
| # include <limits.h>
| #else
| # include <assert.h>
| #endif
| 
| #undef utmpname
| 
| /* Override any GCC internal prototype to avoid an error.
|    Use char because int might match the return type of a GCC
|    builtin and then its argument prototype would still apply.  */
| #ifdef __cplusplus
| extern "C"
| #endif
| char utmpname ();
| /* The GNU C library defines this for functions which it implements
|     to always fail with ENOSYS.  Some functions are actually named
|     something starting with __ and the normal name is an alias.  */
| #if defined __stub_utmpname || defined __stub___utmpname
| choke me
| #endif
| 
| int
| main ()
| {
| return utmpname ();
|   ;
|   return 0;
| }
configure:5703: result: no
configure:5703: checking for utmpxname
configure:5703: /usr/bin/gcc -o conftest -g -O2   conftest.c  >&5
configure:5703: $? = 0
configure:5703: result: yes
configure:5718: checking for sys/time.h
configure:5718: result: yes
configure:5718: checking for utmp.h
configure:5718: result: yes
configure:5718: checking for utmpx.h
configure:5718: result: yes
configure:5729: checking whether time.h and sys/time.h may both be included
configure:5749: /usr/bin/gcc -c -g -O2  conftest.c >&5
configure:5749: $? = 0
configure:5756: result: yes
configure:5775: checking for ut_host field in the utmp structure
configure:5803: /usr/bin/gcc -c -g -O2  conftest.c >&5
In file included from conftest.c:65:
/home/chris/sdk2/utmpx.h:153: error: 'utmp' is unavailable (declared at /home/chris/sdk2/utmp.h:97)
/home/chris/sdk2/utmpx.h:154: error: 'utmp' is unavailable (declared at /home/chris/sdk2/utmp.h:97)
configure:5803: $? = 1
configure: failed program was:
| /* confdefs.h */
| #define PACKAGE_NAME "gnome-pty-helper"
| #define PACKAGE_TARNAME "gnome-pty-helper"
| #define PACKAGE_VERSION "1.95.0"
| #define PACKAGE_STRING "gnome-pty-helper 1.95.0"
| #define PACKAGE_BUGREPORT "http://bugzilla.gnome.org/enter_bug.cgi?product=vte"
| #define PACKAGE_URL ""
| #define PACKAGE "gnome-pty-helper"
| #define VERSION "1.95.0"
| #define HAVE_SYS_TYPES_H 1
| #define HAVE_SYS_STAT_H 1
| #define HAVE_STDLIB_H 1
| #define HAVE_STRING_H 1
| #define HAVE_MEMORY_H 1
| #define HAVE_STRINGS_H 1
| #define HAVE_INTTYPES_H 1
| #define HAVE_STDINT_H 1
| #define HAVE_UNISTD_H 1
| #define HAVE_SYS_SYSLIMITS_H 1
| #define HAVE_SYS_TIME_H 1
| #define HAVE_SYS_TYPES_H 1
| #define HAVE_SYS_UN_H 1
| #define HAVE_ALLOCA_H 1
| #define HAVE_PATHS_H 1
| #define HAVE_TERMIOS_H 1
| #define HAVE_TTYENT_H 1
| #define HAVE_UTIL_H 1
| #define HAVE_UTMP_H 1
| #define HAVE_UTMPX_H 1
| #define HAVE_UTIL_H 1
| #define HAVE_TTYENT_H 1
| #define HAVE_FCNTL 1
| #define HAVE_FORKPTY 1
| #define HAVE_GETTTYENT 1
| #define HAVE_GRANTPT 1
| #define HAVE_FLOCK 1
| #define HAVE_LOGIN_TTY 1
| #define HAVE_OPENPTY 1
| #define HAVE_REVOKE 1
| #define HAVE_SENDMSG 1
| #define HAVE_SETEUID 1
| #define HAVE_SETREUID 1
| #define HAVE_STRRCHR 1
| #define HAVE_UTMPXNAME 1
| #define HAVE_SYS_TIME_H 1
| #define HAVE_UTMP_H 1
| #define HAVE_UTMPX_H 1
| #define TIME_WITH_SYS_TIME 1
| #define UTMP struct utmpx
| /* end confdefs.h.  */
| #ifdef TIME_WITH_SYS_TIME
| #include <sys/time.h>
| #include <time.h>
| #else
| #ifdef HAVE_SYS_TIME_H
| #include <sys/time.h>
| #else
| #include <time.h>
| #endif
| #endif
| #ifdef HAVE_UTMP_H
| #include <utmp.h>
| #endif
| #ifdef HAVE_UTMPX_H
| #include <utmpx.h>
| #endif
| int
| main ()
| {
| UTMP ut; char *p; p=ut.ut_host;
|   ;
|   return 0;
| }
configure:5814: result: no
configure:5817: checking for ut_pid field in the utmp structure
configure:5845: /usr/bin/gcc -c -g -O2  conftest.c >&5
In file included from conftest.c:65:
/home/chris/sdk2/utmpx.h:153: error: 'utmp' is unavailable (declared at /home/chris/sdk2/utmp.h:97)
/home/chris/sdk2/utmpx.h:154: error: 'utmp' is unavailable (declared at /home/chris/sdk2/utmp.h:97)
configure:5845: $? = 1
configure: failed program was:
| /* confdefs.h */
| #define PACKAGE_NAME "gnome-pty-helper"
| #define PACKAGE_TARNAME "gnome-pty-helper"
| #define PACKAGE_VERSION "1.95.0"
| #define PACKAGE_STRING "gnome-pty-helper 1.95.0"
| #define PACKAGE_BUGREPORT "http://bugzilla.gnome.org/enter_bug.cgi?product=vte"
| #define PACKAGE_URL ""
| #define PACKAGE "gnome-pty-helper"
| #define VERSION "1.95.0"
| #define HAVE_SYS_TYPES_H 1
| #define HAVE_SYS_STAT_H 1
| #define HAVE_STDLIB_H 1
| #define HAVE_STRING_H 1
| #define HAVE_MEMORY_H 1
| #define HAVE_STRINGS_H 1
| #define HAVE_INTTYPES_H 1
| #define HAVE_STDINT_H 1
| #define HAVE_UNISTD_H 1
| #define HAVE_SYS_SYSLIMITS_H 1
| #define HAVE_SYS_TIME_H 1
| #define HAVE_SYS_TYPES_H 1
| #define HAVE_SYS_UN_H 1
| #define HAVE_ALLOCA_H 1
| #define HAVE_PATHS_H 1
| #define HAVE_TERMIOS_H 1
| #define HAVE_TTYENT_H 1
| #define HAVE_UTIL_H 1
| #define HAVE_UTMP_H 1
| #define HAVE_UTMPX_H 1
| #define HAVE_UTIL_H 1
| #define HAVE_TTYENT_H 1
| #define HAVE_FCNTL 1
| #define HAVE_FORKPTY 1
| #define HAVE_GETTTYENT 1
| #define HAVE_GRANTPT 1
| #define HAVE_FLOCK 1
| #define HAVE_LOGIN_TTY 1
| #define HAVE_OPENPTY 1
| #define HAVE_REVOKE 1
| #define HAVE_SENDMSG 1
| #define HAVE_SETEUID 1
| #define HAVE_SETREUID 1
| #define HAVE_STRRCHR 1
| #define HAVE_UTMPXNAME 1
| #define HAVE_SYS_TIME_H 1
| #define HAVE_UTMP_H 1
| #define HAVE_UTMPX_H 1
| #define TIME_WITH_SYS_TIME 1
| #define UTMP struct utmpx
| /* end confdefs.h.  */
| #ifdef TIME_WITH_SYS_TIME
| #include <sys/time.h>
| #include <time.h>
| #else
| #ifdef HAVE_SYS_TIME_H
| #include <sys/time.h>
| #else
| #include <time.h>
| #endif
| #endif
| #ifdef HAVE_UTMP_H
| #include <utmp.h>
| #endif
| #ifdef HAVE_UTMPX_H
| #include <utmpx.h>
| #endif
| int
| main ()
| {
| UTMP ut; int i; i=ut.ut_pid;
|   ;
|   return 0;
| }
configure:5856: result: no
configure:5859: checking for ut_id field in the utmp structure
configure:5887: /usr/bin/gcc -c -g -O2  conftest.c >&5
In file included from conftest.c:65:
/home/chris/sdk2/utmpx.h:153: error: 'utmp' is unavailable (declared at /home/chris/sdk2/utmp.h:97)
/home/chris/sdk2/utmpx.h:154: error: 'utmp' is unavailable (declared at /home/chris/sdk2/utmp.h:97)
configure:5887: $? = 1
configure: failed program was:
| /* confdefs.h */
| #define PACKAGE_NAME "gnome-pty-helper"
| #define PACKAGE_TARNAME "gnome-pty-helper"
| #define PACKAGE_VERSION "1.95.0"
| #define PACKAGE_STRING "gnome-pty-helper 1.95.0"
| #define PACKAGE_BUGREPORT "http://bugzilla.gnome.org/enter_bug.cgi?product=vte"
| #define PACKAGE_URL ""
| #define PACKAGE "gnome-pty-helper"
| #define VERSION "1.95.0"
| #define HAVE_SYS_TYPES_H 1
| #define HAVE_SYS_STAT_H 1
| #define HAVE_STDLIB_H 1
| #define HAVE_STRING_H 1
| #define HAVE_MEMORY_H 1
| #define HAVE_STRINGS_H 1
| #define HAVE_INTTYPES_H 1
| #define HAVE_STDINT_H 1
| #define HAVE_UNISTD_H 1
| #define HAVE_SYS_SYSLIMITS_H 1
| #define HAVE_SYS_TIME_H 1
| #define HAVE_SYS_TYPES_H 1
| #define HAVE_SYS_UN_H 1
| #define HAVE_ALLOCA_H 1
| #define HAVE_PATHS_H 1
| #define HAVE_TERMIOS_H 1
| #define HAVE_TTYENT_H 1
| #define HAVE_UTIL_H 1
| #define HAVE_UTMP_H 1
| #define HAVE_UTMPX_H 1
| #define HAVE_UTIL_H 1
| #define HAVE_TTYENT_H 1
| #define HAVE_FCNTL 1
| #define HAVE_FORKPTY 1
| #define HAVE_GETTTYENT 1
| #define HAVE_GRANTPT 1
| #define HAVE_FLOCK 1
| #define HAVE_LOGIN_TTY 1
| #define HAVE_OPENPTY 1
| #define HAVE_REVOKE 1
| #define HAVE_SENDMSG 1
| #define HAVE_SETEUID 1
| #define HAVE_SETREUID 1
| #define HAVE_STRRCHR 1
| #define HAVE_UTMPXNAME 1
| #define HAVE_SYS_TIME_H 1
| #define HAVE_UTMP_H 1
| #define HAVE_UTMPX_H 1
| #define TIME_WITH_SYS_TIME 1
| #define UTMP struct utmpx
| /* end confdefs.h.  */
| #ifdef TIME_WITH_SYS_TIME
| #include <sys/time.h>
| #include <time.h>
| #else
| #ifdef HAVE_SYS_TIME_H
| #include <sys/time.h>
| #else
| #include <time.h>
| #endif
| #endif
| #ifdef HAVE_UTMP_H
| #include <utmp.h>
| #endif
| #ifdef HAVE_UTMPX_H
| #include <utmpx.h>
| #endif
| int
| main ()
| {
| UTMP ut; char *p; p=ut.ut_id;
|   ;
|   return 0;
| }
configure:5898: result: no
configure:5901: checking for ut_name field in the utmp structure
configure:5929: /usr/bin/gcc -c -g -O2  conftest.c >&5
In file included from conftest.c:65:
/home/chris/sdk2/utmpx.h:153: error: 'utmp' is unavailable (declared at /home/chris/sdk2/utmp.h:97)
/home/chris/sdk2/utmpx.h:154: error: 'utmp' is unavailable (declared at /home/chris/sdk2/utmp.h:97)
conftest.c: In function 'main':
conftest.c:70: error: 'struct utmpx' has no member named 'ut_name'
configure:5929: $? = 1
configure: failed program was:
| /* confdefs.h */
| #define PACKAGE_NAME "gnome-pty-helper"
| #define PACKAGE_TARNAME "gnome-pty-helper"
| #define PACKAGE_VERSION "1.95.0"
| #define PACKAGE_STRING "gnome-pty-helper 1.95.0"
| #define PACKAGE_BUGREPORT "http://bugzilla.gnome.org/enter_bug.cgi?product=vte"
| #define PACKAGE_URL ""
| #define PACKAGE "gnome-pty-helper"
| #define VERSION "1.95.0"
| #define HAVE_SYS_TYPES_H 1
| #define HAVE_SYS_STAT_H 1
| #define HAVE_STDLIB_H 1
| #define HAVE_STRING_H 1
| #define HAVE_MEMORY_H 1
| #define HAVE_STRINGS_H 1
| #define HAVE_INTTYPES_H 1
| #define HAVE_STDINT_H 1
| #define HAVE_UNISTD_H 1
| #define HAVE_SYS_SYSLIMITS_H 1
| #define HAVE_SYS_TIME_H 1
| #define HAVE_SYS_TYPES_H 1
| #define HAVE_SYS_UN_H 1
| #define HAVE_ALLOCA_H 1
| #define HAVE_PATHS_H 1
| #define HAVE_TERMIOS_H 1
| #define HAVE_TTYENT_H 1
| #define HAVE_UTIL_H 1
| #define HAVE_UTMP_H 1
| #define HAVE_UTMPX_H 1
| #define HAVE_UTIL_H 1
| #define HAVE_TTYENT_H 1
| #define HAVE_FCNTL 1
| #define HAVE_FORKPTY 1
| #define HAVE_GETTTYENT 1
| #define HAVE_GRANTPT 1
| #define HAVE_FLOCK 1
| #define HAVE_LOGIN_TTY 1
| #define HAVE_OPENPTY 1
| #define HAVE_REVOKE 1
| #define HAVE_SENDMSG 1
| #define HAVE_SETEUID 1
| #define HAVE_SETREUID 1
| #define HAVE_STRRCHR 1
| #define HAVE_UTMPXNAME 1
| #define HAVE_SYS_TIME_H 1
| #define HAVE_UTMP_H 1
| #define HAVE_UTMPX_H 1
| #define TIME_WITH_SYS_TIME 1
| #define UTMP struct utmpx
| /* end confdefs.h.  */
| #ifdef TIME_WITH_SYS_TIME
| #include <sys/time.h>
| #include <time.h>
| #else
| #ifdef HAVE_SYS_TIME_H
| #include <sys/time.h>
| #else
| #include <time.h>
| #endif
| #endif
| #ifdef HAVE_UTMP_H
| #include <utmp.h>
| #endif
| #ifdef HAVE_UTMPX_H
| #include <utmpx.h>
| #endif
| int
| main ()
| {
| UTMP ut; char *p; p=ut.ut_name;
|   ;
|   return 0;
| }
configure:5940: result: no
configure:5943: checking for ut_type field in the utmp structure
configure:5971: /usr/bin/gcc -c -g -O2  conftest.c >&5
In file included from conftest.c:65:
/home/chris/sdk2/utmpx.h:153: error: 'utmp' is unavailable (declared at /home/chris/sdk2/utmp.h:97)
/home/chris/sdk2/utmpx.h:154: error: 'utmp' is unavailable (declared at /home/chris/sdk2/utmp.h:97)
configure:5971: $? = 1
configure: failed program was:
| /* confdefs.h */
| #define PACKAGE_NAME "gnome-pty-helper"
| #define PACKAGE_TARNAME "gnome-pty-helper"
| #define PACKAGE_VERSION "1.95.0"
| #define PACKAGE_STRING "gnome-pty-helper 1.95.0"
| #define PACKAGE_BUGREPORT "http://bugzilla.gnome.org/enter_bug.cgi?product=vte"
| #define PACKAGE_URL ""
| #define PACKAGE "gnome-pty-helper"
| #define VERSION "1.95.0"
| #define HAVE_SYS_TYPES_H 1
| #define HAVE_SYS_STAT_H 1
| #define HAVE_STDLIB_H 1
| #define HAVE_STRING_H 1
| #define HAVE_MEMORY_H 1
| #define HAVE_STRINGS_H 1
| #define HAVE_INTTYPES_H 1
| #define HAVE_STDINT_H 1
| #define HAVE_UNISTD_H 1
| #define HAVE_SYS_SYSLIMITS_H 1
| #define HAVE_SYS_TIME_H 1
| #define HAVE_SYS_TYPES_H 1
| #define HAVE_SYS_UN_H 1
| #define HAVE_ALLOCA_H 1
| #define HAVE_PATHS_H 1
| #define HAVE_TERMIOS_H 1
| #define HAVE_TTYENT_H 1
| #define HAVE_UTIL_H 1
| #define HAVE_UTMP_H 1
| #define HAVE_UTMPX_H 1
| #define HAVE_UTIL_H 1
| #define HAVE_TTYENT_H 1
| #define HAVE_FCNTL 1
| #define HAVE_FORKPTY 1
| #define HAVE_GETTTYENT 1
| #define HAVE_GRANTPT 1
| #define HAVE_FLOCK 1
| #define HAVE_LOGIN_TTY 1
| #define HAVE_OPENPTY 1
| #define HAVE_REVOKE 1
| #define HAVE_SENDMSG 1
| #define HAVE_SETEUID 1
| #define HAVE_SETREUID 1
| #define HAVE_STRRCHR 1
| #define HAVE_UTMPXNAME 1
| #define HAVE_SYS_TIME_H 1
| #define HAVE_UTMP_H 1
| #define HAVE_UTMPX_H 1
| #define TIME_WITH_SYS_TIME 1
| #define UTMP struct utmpx
| /* end confdefs.h.  */
| #ifdef TIME_WITH_SYS_TIME
| #include <sys/time.h>
| #include <time.h>
| #else
| #ifdef HAVE_SYS_TIME_H
| #include <sys/time.h>
| #else
| #include <time.h>
| #endif
| #endif
| #ifdef HAVE_UTMP_H
| #include <utmp.h>
| #endif
| #ifdef HAVE_UTMPX_H
| #include <utmpx.h>
| #endif
| int
| main ()
| {
| UTMP ut; int i; i=(int) ut.ut_type;
|   ;
|   return 0;
| }
configure:5982: result: no
configure:5985: checking for ut_exit.e_termination field in the utmp structure
configure:6013: /usr/bin/gcc -c -g -O2  conftest.c >&5
In file included from conftest.c:65:
/home/chris/sdk2/utmpx.h:153: error: 'utmp' is unavailable (declared at /home/chris/sdk2/utmp.h:97)
/home/chris/sdk2/utmpx.h:154: error: 'utmp' is unavailable (declared at /home/chris/sdk2/utmp.h:97)
conftest.c: In function 'main':
conftest.c:70: error: 'struct utmpx' has no member named 'ut_exit'
configure:6013: $? = 1
configure: failed program was:
| /* confdefs.h */
| #define PACKAGE_NAME "gnome-pty-helper"
| #define PACKAGE_TARNAME "gnome-pty-helper"
| #define PACKAGE_VERSION "1.95.0"
| #define PACKAGE_STRING "gnome-pty-helper 1.95.0"
| #define PACKAGE_BUGREPORT "http://bugzilla.gnome.org/enter_bug.cgi?product=vte"
| #define PACKAGE_URL ""
| #define PACKAGE "gnome-pty-helper"
| #define VERSION "1.95.0"
| #define HAVE_SYS_TYPES_H 1
| #define HAVE_SYS_STAT_H 1
| #define HAVE_STDLIB_H 1
| #define HAVE_STRING_H 1
| #define HAVE_MEMORY_H 1
| #define HAVE_STRINGS_H 1
| #define HAVE_INTTYPES_H 1
| #define HAVE_STDINT_H 1
| #define HAVE_UNISTD_H 1
| #define HAVE_SYS_SYSLIMITS_H 1
| #define HAVE_SYS_TIME_H 1
| #define HAVE_SYS_TYPES_H 1
| #define HAVE_SYS_UN_H 1
| #define HAVE_ALLOCA_H 1
| #define HAVE_PATHS_H 1
| #define HAVE_TERMIOS_H 1
| #define HAVE_TTYENT_H 1
| #define HAVE_UTIL_H 1
| #define HAVE_UTMP_H 1
| #define HAVE_UTMPX_H 1
| #define HAVE_UTIL_H 1
| #define HAVE_TTYENT_H 1
| #define HAVE_FCNTL 1
| #define HAVE_FORKPTY 1
| #define HAVE_GETTTYENT 1
| #define HAVE_GRANTPT 1
| #define HAVE_FLOCK 1
| #define HAVE_LOGIN_TTY 1
| #define HAVE_OPENPTY 1
| #define HAVE_REVOKE 1
| #define HAVE_SENDMSG 1
| #define HAVE_SETEUID 1
| #define HAVE_SETREUID 1
| #define HAVE_STRRCHR 1
| #define HAVE_UTMPXNAME 1
| #define HAVE_SYS_TIME_H 1
| #define HAVE_UTMP_H 1
| #define HAVE_UTMPX_H 1
| #define TIME_WITH_SYS_TIME 1
| #define UTMP struct utmpx
| /* end confdefs.h.  */
| #ifdef TIME_WITH_SYS_TIME
| #include <sys/time.h>
| #include <time.h>
| #else
| #ifdef HAVE_SYS_TIME_H
| #include <sys/time.h>
| #else
| #include <time.h>
| #endif
| #endif
| #ifdef HAVE_UTMP_H
| #include <utmp.h>
| #endif
| #ifdef HAVE_UTMPX_H
| #include <utmpx.h>
| #endif
| int
| main ()
| {
| UTMP ut; ut.ut_exit.e_termination=0;
|   ;
|   return 0;
| }
configure:6024: result: no
configure:6027: checking for ut_user field in the utmp structure
configure:6055: /usr/bin/gcc -c -g -O2  conftest.c >&5
In file included from conftest.c:65:
/home/chris/sdk2/utmpx.h:153: error: 'utmp' is unavailable (declared at /home/chris/sdk2/utmp.h:97)
/home/chris/sdk2/utmpx.h:154: error: 'utmp' is unavailable (declared at /home/chris/sdk2/utmp.h:97)
configure:6055: $? = 1
configure: failed program was:
| /* confdefs.h */
| #define PACKAGE_NAME "gnome-pty-helper"
| #define PACKAGE_TARNAME "gnome-pty-helper"
| #define PACKAGE_VERSION "1.95.0"
| #define PACKAGE_STRING "gnome-pty-helper 1.95.0"
| #define PACKAGE_BUGREPORT "http://bugzilla.gnome.org/enter_bug.cgi?product=vte"
| #define PACKAGE_URL ""
| #define PACKAGE "gnome-pty-helper"
| #define VERSION "1.95.0"
| #define HAVE_SYS_TYPES_H 1
| #define HAVE_SYS_STAT_H 1
| #define HAVE_STDLIB_H 1
| #define HAVE_STRING_H 1
| #define HAVE_MEMORY_H 1
| #define HAVE_STRINGS_H 1
| #define HAVE_INTTYPES_H 1
| #define HAVE_STDINT_H 1
| #define HAVE_UNISTD_H 1
| #define HAVE_SYS_SYSLIMITS_H 1
| #define HAVE_SYS_TIME_H 1
| #define HAVE_SYS_TYPES_H 1
| #define HAVE_SYS_UN_H 1
| #define HAVE_ALLOCA_H 1
| #define HAVE_PATHS_H 1
| #define HAVE_TERMIOS_H 1
| #define HAVE_TTYENT_H 1
| #define HAVE_UTIL_H 1
| #define HAVE_UTMP_H 1
| #define HAVE_UTMPX_H 1
| #define HAVE_UTIL_H 1
| #define HAVE_TTYENT_H 1
| #define HAVE_FCNTL 1
| #define HAVE_FORKPTY 1
| #define HAVE_GETTTYENT 1
| #define HAVE_GRANTPT 1
| #define HAVE_FLOCK 1
| #define HAVE_LOGIN_TTY 1
| #define HAVE_OPENPTY 1
| #define HAVE_REVOKE 1
| #define HAVE_SENDMSG 1
| #define HAVE_SETEUID 1
| #define HAVE_SETREUID 1
| #define HAVE_STRRCHR 1
| #define HAVE_UTMPXNAME 1
| #define HAVE_SYS_TIME_H 1
| #define HAVE_UTMP_H 1
| #define HAVE_UTMPX_H 1
| #define TIME_WITH_SYS_TIME 1
| #define UTMP struct utmpx
| /* end confdefs.h.  */
| #ifdef TIME_WITH_SYS_TIME
| #include <sys/time.h>
| #include <time.h>
| #else
| #ifdef HAVE_SYS_TIME_H
| #include <sys/time.h>
| #else
| #include <time.h>
| #endif
| #endif
| #ifdef HAVE_UTMP_H
| #include <utmp.h>
| #endif
| #ifdef HAVE_UTMPX_H
| #include <utmpx.h>
| #endif
| int
| main ()
| {
| UTMP ut; char *p; p=ut.ut_user;
|   ;
|   return 0;
| }
configure:6066: result: no
configure:6069: checking for ut_time field in the utmp structure
configure:6097: /usr/bin/gcc -c -g -O2  conftest.c >&5
In file included from conftest.c:65:
/home/chris/sdk2/utmpx.h:153: error: 'utmp' is unavailable (declared at /home/chris/sdk2/utmp.h:97)
/home/chris/sdk2/utmpx.h:154: error: 'utmp' is unavailable (declared at /home/chris/sdk2/utmp.h:97)
conftest.c: In function 'main':
conftest.c:70: error: 'struct utmpx' has no member named 'ut_time'
configure:6097: $? = 1
configure: failed program was:
| /* confdefs.h */
| #define PACKAGE_NAME "gnome-pty-helper"
| #define PACKAGE_TARNAME "gnome-pty-helper"
| #define PACKAGE_VERSION "1.95.0"
| #define PACKAGE_STRING "gnome-pty-helper 1.95.0"
| #define PACKAGE_BUGREPORT "http://bugzilla.gnome.org/enter_bug.cgi?product=vte"
| #define PACKAGE_URL ""
| #define PACKAGE "gnome-pty-helper"
| #define VERSION "1.95.0"
| #define HAVE_SYS_TYPES_H 1
| #define HAVE_SYS_STAT_H 1
| #define HAVE_STDLIB_H 1
| #define HAVE_STRING_H 1
| #define HAVE_MEMORY_H 1
| #define HAVE_STRINGS_H 1
| #define HAVE_INTTYPES_H 1
| #define HAVE_STDINT_H 1
| #define HAVE_UNISTD_H 1
| #define HAVE_SYS_SYSLIMITS_H 1
| #define HAVE_SYS_TIME_H 1
| #define HAVE_SYS_TYPES_H 1
| #define HAVE_SYS_UN_H 1
| #define HAVE_ALLOCA_H 1
| #define HAVE_PATHS_H 1
| #define HAVE_TERMIOS_H 1
| #define HAVE_TTYENT_H 1
| #define HAVE_UTIL_H 1
| #define HAVE_UTMP_H 1
| #define HAVE_UTMPX_H 1
| #define HAVE_UTIL_H 1
| #define HAVE_TTYENT_H 1
| #define HAVE_FCNTL 1
| #define HAVE_FORKPTY 1
| #define HAVE_GETTTYENT 1
| #define HAVE_GRANTPT 1
| #define HAVE_FLOCK 1
| #define HAVE_LOGIN_TTY 1
| #define HAVE_OPENPTY 1
| #define HAVE_REVOKE 1
| #define HAVE_SENDMSG 1
| #define HAVE_SETEUID 1
| #define HAVE_SETREUID 1
| #define HAVE_STRRCHR 1
| #define HAVE_UTMPXNAME 1
| #define HAVE_SYS_TIME_H 1
| #define HAVE_UTMP_H 1
| #define HAVE_UTMPX_H 1
| #define TIME_WITH_SYS_TIME 1
| #define UTMP struct utmpx
| /* end confdefs.h.  */
| #ifdef TIME_WITH_SYS_TIME
| #include <sys/time.h>
| #include <time.h>
| #else
| #ifdef HAVE_SYS_TIME_H
| #include <sys/time.h>
| #else
| #include <time.h>
| #endif
| #endif
| #ifdef HAVE_UTMP_H
| #include <utmp.h>
| #endif
| #ifdef HAVE_UTMPX_H
| #include <utmpx.h>
| #endif
| int
| main ()
| {
| UTMP ut; ut.ut_time=0;
|   ;
|   return 0;
| }
configure:6108: result: no
configure:6111: checking for ut_tv field in the utmp structure
configure:6139: /usr/bin/gcc -c -g -O2  conftest.c >&5
In file included from conftest.c:65:
/home/chris/sdk2/utmpx.h:153: error: 'utmp' is unavailable (declared at /home/chris/sdk2/utmp.h:97)
/home/chris/sdk2/utmpx.h:154: error: 'utmp' is unavailable (declared at /home/chris/sdk2/utmp.h:97)
configure:6139: $? = 1
configure: failed program was:
| /* confdefs.h */
| #define PACKAGE_NAME "gnome-pty-helper"
| #define PACKAGE_TARNAME "gnome-pty-helper"
| #define PACKAGE_VERSION "1.95.0"
| #define PACKAGE_STRING "gnome-pty-helper 1.95.0"
| #define PACKAGE_BUGREPORT "http://bugzilla.gnome.org/enter_bug.cgi?product=vte"
| #define PACKAGE_URL ""
| #define PACKAGE "gnome-pty-helper"
| #define VERSION "1.95.0"
| #define HAVE_SYS_TYPES_H 1
| #define HAVE_SYS_STAT_H 1
| #define HAVE_STDLIB_H 1
| #define HAVE_STRING_H 1
| #define HAVE_MEMORY_H 1
| #define HAVE_STRINGS_H 1
| #define HAVE_INTTYPES_H 1
| #define HAVE_STDINT_H 1
| #define HAVE_UNISTD_H 1
| #define HAVE_SYS_SYSLIMITS_H 1
| #define HAVE_SYS_TIME_H 1
| #define HAVE_SYS_TYPES_H 1
| #define HAVE_SYS_UN_H 1
| #define HAVE_ALLOCA_H 1
| #define HAVE_PATHS_H 1
| #define HAVE_TERMIOS_H 1
| #define HAVE_TTYENT_H 1
| #define HAVE_UTIL_H 1
| #define HAVE_UTMP_H 1
| #define HAVE_UTMPX_H 1
| #define HAVE_UTIL_H 1
| #define HAVE_TTYENT_H 1
| #define HAVE_FCNTL 1
| #define HAVE_FORKPTY 1
| #define HAVE_GETTTYENT 1
| #define HAVE_GRANTPT 1
| #define HAVE_FLOCK 1
| #define HAVE_LOGIN_TTY 1
| #define HAVE_OPENPTY 1
| #define HAVE_REVOKE 1
| #define HAVE_SENDMSG 1
| #define HAVE_SETEUID 1
| #define HAVE_SETREUID 1
| #define HAVE_STRRCHR 1
| #define HAVE_UTMPXNAME 1
| #define HAVE_SYS_TIME_H 1
| #define HAVE_UTMP_H 1
| #define HAVE_UTMPX_H 1
| #define TIME_WITH_SYS_TIME 1
| #define UTMP struct utmpx
| /* end confdefs.h.  */
| #ifdef TIME_WITH_SYS_TIME
| #include <sys/time.h>
| #include <time.h>
| #else
| #ifdef HAVE_SYS_TIME_H
| #include <sys/time.h>
| #else
| #include <time.h>
| #endif
| #endif
| #ifdef HAVE_UTMP_H
| #include <utmp.h>
| #endif
| #ifdef HAVE_UTMPX_H
| #include <utmpx.h>
| #endif
| int
| main ()
| {
| UTMP ut; ut.ut_tv.tv_sec=0; ut.ut_tv.tv_usec=0;
|   ;
|   return 0;
| }
configure:6150: result: no
configure:6153: checking for ut_syslen field in the utmp structure
configure:6181: /usr/bin/gcc -c -g -O2  conftest.c >&5
In file included from conftest.c:65:
/home/chris/sdk2/utmpx.h:153: error: 'utmp' is unavailable (declared at /home/chris/sdk2/utmp.h:97)
/home/chris/sdk2/utmpx.h:154: error: 'utmp' is unavailable (declared at /home/chris/sdk2/utmp.h:97)
conftest.c: In function 'main':
conftest.c:70: error: 'struct utmpx' has no member named 'ut_syslen'
configure:6181: $? = 1
configure: failed program was:
| /* confdefs.h */
| #define PACKAGE_NAME "gnome-pty-helper"
| #define PACKAGE_TARNAME "gnome-pty-helper"
| #define PACKAGE_VERSION "1.95.0"
| #define PACKAGE_STRING "gnome-pty-helper 1.95.0"
| #define PACKAGE_BUGREPORT "http://bugzilla.gnome.org/enter_bug.cgi?product=vte"
| #define PACKAGE_URL ""
| #define PACKAGE "gnome-pty-helper"
| #define VERSION "1.95.0"
| #define HAVE_SYS_TYPES_H 1
| #define HAVE_SYS_STAT_H 1
| #define HAVE_STDLIB_H 1
| #define HAVE_STRING_H 1
| #define HAVE_MEMORY_H 1
| #define HAVE_STRINGS_H 1
| #define HAVE_INTTYPES_H 1
| #define HAVE_STDINT_H 1
| #define HAVE_UNISTD_H 1
| #define HAVE_SYS_SYSLIMITS_H 1
| #define HAVE_SYS_TIME_H 1
| #define HAVE_SYS_TYPES_H 1
| #define HAVE_SYS_UN_H 1
| #define HAVE_ALLOCA_H 1
| #define HAVE_PATHS_H 1
| #define HAVE_TERMIOS_H 1
| #define HAVE_TTYENT_H 1
| #define HAVE_UTIL_H 1
| #define HAVE_UTMP_H 1
| #define HAVE_UTMPX_H 1
| #define HAVE_UTIL_H 1
| #define HAVE_TTYENT_H 1
| #define HAVE_FCNTL 1
| #define HAVE_FORKPTY 1
| #define HAVE_GETTTYENT 1
| #define HAVE_GRANTPT 1
| #define HAVE_FLOCK 1
| #define HAVE_LOGIN_TTY 1
| #define HAVE_OPENPTY 1
| #define HAVE_REVOKE 1
| #define HAVE_SENDMSG 1
| #define HAVE_SETEUID 1
| #define HAVE_SETREUID 1
| #define HAVE_STRRCHR 1
| #define HAVE_UTMPXNAME 1
| #define HAVE_SYS_TIME_H 1
| #define HAVE_UTMP_H 1
| #define HAVE_UTMPX_H 1
| #define TIME_WITH_SYS_TIME 1
| #define UTMP struct utmpx
| /* end confdefs.h.  */
| #ifdef TIME_WITH_SYS_TIME
| #include <sys/time.h>
| #include <time.h>
| #else
| #ifdef HAVE_SYS_TIME_H
| #include <sys/time.h>
| #else
| #include <time.h>
| #endif
| #endif
| #ifdef HAVE_UTMP_H
| #include <utmp.h>
| #endif
| #ifdef HAVE_UTMPX_H
| #include <utmpx.h>
| #endif
| int
| main ()
| {
| UTMP ut; ut.ut_syslen=0;
|   ;
|   return 0;
| }
configure:6192: result: no
configure:6199: checking for stropts.h
configure:6199: result: no
configure:6234: checking build system type
configure:6248: result: arm-apple-darwin11.0.0
configure:6268: checking host system type
configure:6281: result: arm-apple-darwin11.0.0
configure:6448: creating ./config.status

## ---------------------- ##
## Running config.status. ##
## ---------------------- ##

This file was extended by gnome-pty-helper config.status 1.95.0, which was
generated by GNU Autoconf 2.65.  Invocation command line was

  CONFIG_FILES    = 
  CONFIG_HEADERS  = 
  CONFIG_LINKS    = 
  CONFIG_COMMANDS = 
  $ ./config.status 

on Chriss-iPad

config.status:891: creating Makefile
config.status:891: creating config.h
config.status:1063: config.h is unchanged
config.status:1111: executing depfiles commands

## ---------------- ##
## Cache variables. ##
## ---------------- ##

ac_cv_build=arm-apple-darwin11.0.0
ac_cv_c_compiler_gnu=yes
ac_cv_env_CC_set=set
ac_cv_env_CC_value=/usr/bin/gcc
ac_cv_env_CFLAGS_set=
ac_cv_env_CFLAGS_value=
ac_cv_env_CPPFLAGS_set=
ac_cv_env_CPPFLAGS_value=
ac_cv_env_CPP_set=
ac_cv_env_CPP_value=
ac_cv_env_LDFLAGS_set=
ac_cv_env_LDFLAGS_value=
ac_cv_env_LIBS_set=
ac_cv_env_LIBS_value=
ac_cv_env_build_alias_set=
ac_cv_env_build_alias_value=
ac_cv_env_host_alias_set=
ac_cv_env_host_alias_value=
ac_cv_env_target_alias_set=
ac_cv_env_target_alias_value=
ac_cv_func_endutent=no
ac_cv_func_fcntl=yes
ac_cv_func_flock=yes
ac_cv_func_forkpty=yes
ac_cv_func_getttyent=yes
ac_cv_func_getutent=no
ac_cv_func_getutmpx=no
ac_cv_func_grantpt=yes
ac_cv_func_login_tty=yes
ac_cv_func_openpty=yes
ac_cv_func_revoke=yes
ac_cv_func_sendmsg=yes
ac_cv_func_seteuid=yes
ac_cv_func_setreuid=yes
ac_cv_func_setutent=no
ac_cv_func_strrchr=yes
ac_cv_func_updwtmp=no
ac_cv_func_updwtmpx=no
ac_cv_func_utmpname=no
ac_cv_func_utmpxname=yes
ac_cv_header_alloca_h=yes
ac_cv_header_inttypes_h=yes
ac_cv_header_lastlog_h=no
ac_cv_header_libutil_h=no
ac_cv_header_memory_h=yes
ac_cv_header_paths_h=yes
ac_cv_header_pty_h=no
ac_cv_header_stdc=no
ac_cv_header_stdint_h=yes
ac_cv_header_stdlib_h=yes
ac_cv_header_string_h=yes
ac_cv_header_strings_h=yes
ac_cv_header_stropts_h=no
ac_cv_header_sys_stat_h=yes
ac_cv_header_sys_syslimits_h=yes
ac_cv_header_sys_time_h=yes
ac_cv_header_sys_types_h=yes
ac_cv_header_sys_un_h=yes
ac_cv_header_termios_h=yes
ac_cv_header_time=yes
ac_cv_header_ttyent_h=yes
ac_cv_header_unistd_h=yes
ac_cv_header_util_h=yes
ac_cv_header_utmp_h=yes
ac_cv_header_utmpx_h=yes
ac_cv_host=arm-apple-darwin11.0.0
ac_cv_lib_c_grantpt=yes
ac_cv_lib_c_openpty=yes
ac_cv_lib_c_sendmsg=yes
ac_cv_objext=o
ac_cv_path_EGREP='/bin/grep -E'
ac_cv_path_GREP=/bin/grep
ac_cv_path_install='/usr/bin/install -c'
ac_cv_path_mkdir=/bin/mkdir
ac_cv_prog_AWK=gawk
ac_cv_prog_CPP='/usr/bin/gcc -E'
ac_cv_prog_ac_ct_CC=/usr/bin/gcc
ac_cv_prog_cc_c89=
ac_cv_prog_cc_g=yes
ac_cv_prog_make_make_set=yes
ac_cv_search_strerror='none required'
am_cv_CC_dependencies_compiler_type=gcc3
am_cv_prog_cc_stdc=

## ----------------- ##
## Output variables. ##
## ----------------- ##

ACLOCAL='${SHELL} /home/chris/vte-0.29.1/gnome-pty-helper/missing --run aclocal-1.11'
AMDEPBACKSLASH='\'
AMDEP_FALSE='#'
AMDEP_TRUE=''
AMTAR='${SHELL} /home/chris/vte-0.29.1/gnome-pty-helper/missing --run tar'
AUTOCONF='${SHELL} /home/chris/vte-0.29.1/gnome-pty-helper/missing --run autoconf'
AUTOHEADER='${SHELL} /home/chris/vte-0.29.1/gnome-pty-helper/missing --run autoheader'
AUTOMAKE='${SHELL} /home/chris/vte-0.29.1/gnome-pty-helper/missing --run automake-1.11'
AWK='gawk'
CC='/usr/bin/gcc'
CCDEPMODE='depmode=gcc3'
CFLAGS='-g -O2'
CPP='/usr/bin/gcc -E'
CPPFLAGS=''
CYGPATH_W='echo'
DEFS='-DHAVE_CONFIG_H'
DEPDIR='.deps'
ECHO_C=''
ECHO_N='-n'
ECHO_T=''
EGREP='/bin/grep -E'
EXEEXT=''
GREP='/bin/grep'
INSTALL_DATA='${INSTALL} -m 644'
INSTALL_PROGRAM='${INSTALL}'
INSTALL_SCRIPT='${INSTALL}'
INSTALL_STRIP_PROGRAM='$(install_sh) -c -s'
LDFLAGS=''
LIBOBJS=''
LIBS=''
LTLIBOBJS=''
MAINT=''
MAINTAINER_MODE_FALSE='#'
MAINTAINER_MODE_TRUE=''
MAKEINFO='${SHELL} /home/chris/vte-0.29.1/gnome-pty-helper/missing --run makeinfo'
MKDIR_P='/bin/mkdir -p'
OBJEXT='o'
PACKAGE='gnome-pty-helper'
PACKAGE_BUGREPORT='http://bugzilla.gnome.org/enter_bug.cgi?product=vte'
PACKAGE_NAME='gnome-pty-helper'
PACKAGE_STRING='gnome-pty-helper 1.95.0'
PACKAGE_TARNAME='gnome-pty-helper'
PACKAGE_URL=''
PACKAGE_VERSION='1.95.0'
PATH_SEPARATOR=':'
SET_MAKE=''
SHELL='/bin/sh'
STRIP=''
VERSION='1.95.0'
ac_ct_CC='/usr/bin/gcc'
am__EXEEXT_FALSE=''
am__EXEEXT_TRUE='#'
am__fastdepCC_FALSE='#'
am__fastdepCC_TRUE=''
am__include='include'
am__isrc=''
am__leading_dot='.'
am__quote=''
am__tar='${AMTAR} chof - "$$tardir"'
am__untar='${AMTAR} xf -'
bindir='${exec_prefix}/bin'
build='arm-apple-darwin11.0.0'
build_alias=''
build_cpu='arm'
build_os='darwin11.0.0'
build_vendor='apple'
datadir='${datarootdir}'
datarootdir='${prefix}/share'
docdir='${datarootdir}/doc/${PACKAGE_TARNAME}'
dvidir='${docdir}'
exec_prefix='${prefix}'
host='arm-apple-darwin11.0.0'
host_alias=''
host_cpu='arm'
host_os='darwin11.0.0'
host_vendor='apple'
htmldir='${docdir}'
includedir='${prefix}/include'
infodir='${datarootdir}/info'
install_sh='${SHELL} /home/chris/vte-0.29.1/gnome-pty-helper/install-sh'
libdir='${exec_prefix}/lib'
libexecdir='${exec_prefix}/libexec'
localedir='${datarootdir}/locale'
localstatedir='${prefix}/var'
mandir='${datarootdir}/man'
mkdir_p='/bin/mkdir -p'
oldincludedir='/usr/include'
pdfdir='${docdir}'
prefix='/usr/local'
program_transform_name='s,x,x,'
psdir='${docdir}'
sbindir='${exec_prefix}/sbin'
sharedstatedir='${prefix}/com'
sysconfdir='${prefix}/etc'
target_alias=''

## ----------- ##
## confdefs.h. ##
## ----------- ##

/* confdefs.h */
#define PACKAGE_NAME "gnome-pty-helper"
#define PACKAGE_TARNAME "gnome-pty-helper"
#define PACKAGE_VERSION "1.95.0"
#define PACKAGE_STRING "gnome-pty-helper 1.95.0"
#define PACKAGE_BUGREPORT "http://bugzilla.gnome.org/enter_bug.cgi?product=vte"
#define PACKAGE_URL ""
#define PACKAGE "gnome-pty-helper"
#define VERSION "1.95.0"
#define HAVE_SYS_TYPES_H 1
#define HAVE_SYS_STAT_H 1
#define HAVE_STDLIB_H 1
#define HAVE_STRING_H 1
#define HAVE_MEMORY_H 1
#define HAVE_STRINGS_H 1
#define HAVE_INTTYPES_H 1
#define HAVE_STDINT_H 1
#define HAVE_UNISTD_H 1
#define HAVE_SYS_SYSLIMITS_H 1
#define HAVE_SYS_TIME_H 1
#define HAVE_SYS_TYPES_H 1
#define HAVE_SYS_UN_H 1
#define HAVE_ALLOCA_H 1
#define HAVE_PATHS_H 1
#define HAVE_TERMIOS_H 1
#define HAVE_TTYENT_H 1
#define HAVE_UTIL_H 1
#define HAVE_UTMP_H 1
#define HAVE_UTMPX_H 1
#define HAVE_UTIL_H 1
#define HAVE_TTYENT_H 1
#define HAVE_FCNTL 1
#define HAVE_FORKPTY 1
#define HAVE_GETTTYENT 1
#define HAVE_GRANTPT 1
#define HAVE_FLOCK 1
#define HAVE_LOGIN_TTY 1
#define HAVE_OPENPTY 1
#define HAVE_REVOKE 1
#define HAVE_SENDMSG 1
#define HAVE_SETEUID 1
#define HAVE_SETREUID 1
#define HAVE_STRRCHR 1
#define HAVE_UTMPXNAME 1
#define HAVE_SYS_TIME_H 1
#define HAVE_UTMP_H 1
#define HAVE_UTMPX_H 1
#define TIME_WITH_SYS_TIME 1
#define UTMP struct utmpx

configure: exit 0
