This file contains any messages produced by compilers while
running configure, to aid debugging if configure makes a mistake.

It was created by configure, which was
generated by GNU Autoconf 2.63.  Invocation command line was

  $ ./configure 

## --------- ##
## Platform. ##
## --------- ##

hostname = Chriss-iPad
uname -m = iPad1,1
uname -r = 10.4.0
uname -s = Darwin
uname -v = Darwin Kernel Version 10.4.0: Wed Oct 20 20:14:45 PDT 2010; root:xnu-1504.58.28~3/RELEASE_ARM_S5L8930X

/usr/bin/uname -p = unknown
/bin/uname -X     = unknown

/bin/arch              = unknown
/usr/bin/arch -k       = unknown
/usr/convex/getsysinfo = unknown
/usr/bin/hostinfo      = Mach kernel version:
	 Darwin Kernel Version 10.4.0: Wed Oct 20 20:14:45 PDT 2010; root:xnu-1504.58.28~3/RELEASE_ARM_S5L8930X
Kernel configured for a single processor only.
1 processor is physically available.
1 processor is logically available.
Processor type: armv7 (arm v7)
Processor active: 0
Primary memory available: 247.00 megabytes
Default processor set: 50 tasks, 261 threads, 1 processors
Load average: 3.04, Mach factor: 0.29
/bin/machine           = unknown
/usr/bin/oslevel       = unknown
/bin/universe          = unknown

PATH: /usr/local/sbin
PATH: /usr/local/bin
PATH: /usr/sbin
PATH: /usr/bin
PATH: /sbin
PATH: /bin
PATH: /usr/bin/X11
PATH: /usr/games
PATH: /var/mobile/ocaml-3.12.0/bin


## ----------- ##
## Core tests. ##
## ----------- ##

configure:2166: checking build system type
configure:2184: result: arm-apple-darwin10.4.0
configure:2206: checking host system type
configure:2221: result: arm-apple-darwin10.4.0
configure:2272: checking for a BSD-compatible install
configure:2340: result: /usr/bin/install -c
configure:2351: checking whether build environment is sane
configure:2411: result: yes
configure:2552: checking for a thread-safe mkdir -p
configure:2591: result: /bin/mkdir -p
configure:2604: checking for gawk
configure:2620: found /usr/bin/gawk
configure:2631: result: gawk
configure:2642: checking whether make sets $(MAKE)
configure:2664: result: yes
configure:2747: checking whether to enable maintainer-specific portions of Makefiles
configure:2756: result: no
configure:2782: checking for style of include used by make
configure:2810: result: GNU
configure:2880: checking for gcc
configure:2907: result: /usr/bin/gcc
configure:3139: checking for C compiler version
configure:3147: /usr/bin/gcc --version >&5
gcc (GCC) 4.2.1 (Based on Apple Inc. build 5555)
Copyright (C) 2007 Free Software Foundation, Inc.
This is free software; see the source for copying conditions.  There is NO
warranty; not even for MERCHANTABILITY or FITNESS FOR A PARTICULAR PURPOSE.

configure:3151: $? = 0
configure:3158: /usr/bin/gcc -v >&5
Using built-in specs.
Target: arm-apple-darwin9
Configured with: ../llvm-gcc-4.2/configure --build=x86_64-unknown-linux-gnu --host=arm-apple-darwin9 --enable-static=no --enable-shared=yes --prefix=/usr --localstatedir=/var/cache/iphone-gcc --enable-languages=c,c++,objc,obj-c++ --enable-wchar_t=no --with-gxx-include-dir=/usr/include/c++/4.0.0
Thread model: posix
gcc version 4.2.1 (Based on Apple Inc. build 5555)
configure:3162: $? = 0
configure:3169: /usr/bin/gcc -V >&5
gcc: '-V' option must have argument
configure:3173: $? = 1
configure:3196: checking for C compiler default output file name
configure:3218: /usr/bin/gcc    conftest.c  >&5
configure:3222: $? = 0
configure:3260: result: a.out
configure:3279: checking whether the C compiler works
configure:3289: ./a.out
configure:3293: $? = 0
configure:3312: result: yes
configure:3319: checking whether we are cross compiling
configure:3321: result: no
configure:3324: checking for suffix of executables
configure:3331: /usr/bin/gcc -o conftest    conftest.c  >&5
configure:3335: $? = 0
configure:3361: result: 
configure:3367: checking for suffix of object files
configure:3393: /usr/bin/gcc -c   conftest.c >&5
configure:3397: $? = 0
configure:3422: result: o
configure:3426: checking whether we are using the GNU C compiler
configure:3455: /usr/bin/gcc -c   conftest.c >&5
configure:3462: $? = 0
configure:3479: result: yes
configure:3488: checking whether /usr/bin/gcc accepts -g
configure:3518: /usr/bin/gcc -c -g  conftest.c >&5
configure:3525: $? = 0
configure:3626: result: yes
configure:3643: checking for /usr/bin/gcc option to accept ISO C89
configure:3717: /usr/bin/gcc  -c -g -O2  conftest.c >&5
configure:3724: $? = 0
configure:3747: result: none needed
configure:3767: checking dependency style of /usr/bin/gcc
configure:3877: result: gcc3
configure:3893: checking for library containing strerror
configure:3934: /usr/bin/gcc -o conftest -g -O2   conftest.c  >&5
configure:3941: $? = 0
configure:3972: result: none required
configure:4028: checking for gcc
configure:4055: result: /usr/bin/gcc
configure:4287: checking for C compiler version
configure:4295: /usr/bin/gcc --version >&5
gcc (GCC) 4.2.1 (Based on Apple Inc. build 5555)
Copyright (C) 2007 Free Software Foundation, Inc.
This is free software; see the source for copying conditions.  There is NO
warranty; not even for MERCHANTABILITY or FITNESS FOR A PARTICULAR PURPOSE.

configure:4299: $? = 0
configure:4306: /usr/bin/gcc -v >&5
Using built-in specs.
Target: arm-apple-darwin9
Configured with: ../llvm-gcc-4.2/configure --build=x86_64-unknown-linux-gnu --host=arm-apple-darwin9 --enable-static=no --enable-shared=yes --prefix=/usr --localstatedir=/var/cache/iphone-gcc --enable-languages=c,c++,objc,obj-c++ --enable-wchar_t=no --with-gxx-include-dir=/usr/include/c++/4.0.0
Thread model: posix
gcc version 4.2.1 (Based on Apple Inc. build 5555)
configure:4310: $? = 0
configure:4317: /usr/bin/gcc -V >&5
gcc: '-V' option must have argument
configure:4321: $? = 1
configure:4324: checking whether we are using the GNU C compiler
configure:4377: result: yes
configure:4386: checking whether /usr/bin/gcc accepts -g
configure:4524: result: yes
configure:4541: checking for /usr/bin/gcc option to accept ISO C89
configure:4645: result: none needed
configure:4665: checking dependency style of /usr/bin/gcc
configure:4775: result: gcc3
configure:4795: checking how to run the C preprocessor
configure:4835: /usr/bin/gcc -E  conftest.c
configure:4842: $? = 0
configure:4873: /usr/bin/gcc -E  conftest.c
conftest.c:10:28: error: ac_nonexistent.h: No such file or directory
configure:4880: $? = 1
configure: failed program was:
| /* confdefs.h.  */
| #define PACKAGE_NAME ""
| #define PACKAGE_TARNAME ""
| #define PACKAGE_VERSION ""
| #define PACKAGE_STRING ""
| #define PACKAGE_BUGREPORT ""
| #define PACKAGE "enchant"
| #define VERSION "1.6.0"
| /* end confdefs.h.  */
| #include <ac_nonexistent.h>
configure:4913: result: /usr/bin/gcc -E
configure:4942: /usr/bin/gcc -E  conftest.c
configure:4949: $? = 0
configure:4980: /usr/bin/gcc -E  conftest.c
conftest.c:10:28: error: ac_nonexistent.h: No such file or directory
configure:4987: $? = 1
configure: failed program was:
| /* confdefs.h.  */
| #define PACKAGE_NAME ""
| #define PACKAGE_TARNAME ""
| #define PACKAGE_VERSION ""
| #define PACKAGE_STRING ""
| #define PACKAGE_BUGREPORT ""
| #define PACKAGE "enchant"
| #define VERSION "1.6.0"
| /* end confdefs.h.  */
| #include <ac_nonexistent.h>
configure:5040: checking for a BSD-compatible install
configure:5108: result: /usr/bin/install -c
configure:5119: checking whether ln -s works
configure:5123: result: yes
configure:5130: checking whether make sets $(MAKE)
configure:5152: result: yes
configure:5162: checking for grep that handles long lines and -e
configure:5222: result: /bin/grep
configure:5227: checking for egrep
configure:5291: result: /bin/grep -E
configure:5296: checking for ANSI C header files
configure:5326: /usr/bin/gcc -c -g -O2  conftest.c >&5
configure:5333: $? = 0
configure:5432: /usr/bin/gcc -o conftest -g -O2   conftest.c  >&5
configure:5436: $? = 0
configure:5442: ./conftest
configure:5446: $? = 0
configure:5464: result: yes
configure:5802: checking for a sed that does not truncate output
configure:5868: result: /bin/sed
configure:5886: checking for fgrep
configure:5950: result: /bin/grep -F
configure:5985: checking for ld used by /usr/bin/gcc
configure:6052: result: /usr/bin/ld
configure:6061: checking if the linker (/usr/bin/ld) is GNU ld
configure:6076: result: no
configure:6088: checking for BSD- or MS-compatible name lister (nm)
configure:6137: result: /usr/bin/nm -p
configure:6255: checking the name lister (/usr/bin/nm -p) interface
configure:6262: /usr/bin/gcc -c -g -O2  conftest.c >&5
configure:6265: /usr/bin/nm -p "conftest.o"
configure:6268: output
00000000 D _some_variable
configure:6275: result: BSD nm
configure:6279: checking the maximum length of command line arguments
configure:6399: result: 196608
configure:6416: checking whether the shell understands some XSI constructs
configure:6426: result: yes
configure:6430: checking whether the shell understands "+="
configure:6436: result: yes
configure:6471: checking for /usr/bin/ld option to reload object files
configure:6478: result: -r
configure:6547: checking for objdump
configure:6574: result: objdump
configure:6603: checking how to recognize dependent libraries
configure:6799: result: pass_all
configure:6859: checking for ar
configure:6875: found /usr/bin/ar
configure:6886: result: ar
configure:6964: checking for strip
configure:6980: found /usr/bin/strip
configure:6991: result: strip
configure:7063: checking for ranlib
configure:7079: found /usr/bin/ranlib
configure:7090: result: ranlib
configure:7180: checking command to parse /usr/bin/nm -p output from /usr/bin/gcc object
configure:7298: /usr/bin/gcc -c -g -O2  conftest.c >&5
configure:7301: $? = 0
configure:7305: /usr/bin/nm -p conftest.o \| sed -n -e 's/^.*[	 ]\([BCDEGRST][BCDEGRST]*\)[	 ][	 ]*\([_A-Za-z][_A-Za-z0-9]*\)$/\1 \2 \2/p' \> conftest.nm
configure:7308: $? = 0
cannot find nm_test_var in conftest.nm
configure:7298: /usr/bin/gcc -c -g -O2  conftest.c >&5
configure:7301: $? = 0
configure:7305: /usr/bin/nm -p conftest.o \| sed -n -e 's/^.*[	 ]\([BCDEGRST][BCDEGRST]*\)[	 ][	 ]*_\([_A-Za-z][_A-Za-z0-9]*\)$/\1 _\2 \2/p' \> conftest.nm
configure:7308: $? = 0
configure:7362: /usr/bin/gcc -o conftest -g -O2   conftest.c conftstm.o >&5
configure:7365: $? = 0
configure:7403: result: ok
configure:7696: checking for dsymutil
configure:7726: result: no
configure:7788: checking for nmedit
configure:7804: found /usr/bin/nmedit
configure:7815: result: nmedit
configure:7880: checking for lipo
configure:7896: found /usr/bin/lipo
configure:7907: result: lipo
configure:7972: checking for otool
configure:7988: found /usr/bin/otool
configure:7999: result: otool
configure:8064: checking for otool64
configure:8080: found /usr/bin/otool64
configure:8091: result: otool64
configure:8139: checking for -single_module linker flag
/usr/bin/gcc -g -O2  -o libconftest.dylib -dynamiclib -Wl,-single_module conftest.c
configure:8166: result: yes
configure:8168: checking for -exported_symbols_list linker flag
configure:8198: /usr/bin/gcc -o conftest -g -O2   -Wl,-exported_symbols_list,conftest.sym conftest.c  >&5
configure:8205: $? = 0
configure:8227: result: yes
configure:8278: checking for sys/types.h
configure:8299: /usr/bin/gcc -c -g -O2  conftest.c >&5
configure:8306: $? = 0
configure:8323: result: yes
configure:8278: checking for sys/stat.h
configure:8299: /usr/bin/gcc -c -g -O2  conftest.c >&5
configure:8306: $? = 0
configure:8323: result: yes
configure:8278: checking for stdlib.h
configure:8299: /usr/bin/gcc -c -g -O2  conftest.c >&5
configure:8306: $? = 0
configure:8323: result: yes
configure:8278: checking for string.h
configure:8299: /usr/bin/gcc -c -g -O2  conftest.c >&5
configure:8306: $? = 0
configure:8323: result: yes
configure:8278: checking for memory.h
configure:8299: /usr/bin/gcc -c -g -O2  conftest.c >&5
configure:8306: $? = 0
configure:8323: result: yes
configure:8278: checking for strings.h
configure:8299: /usr/bin/gcc -c -g -O2  conftest.c >&5
configure:8306: $? = 0
configure:8323: result: yes
configure:8278: checking for inttypes.h
configure:8299: /usr/bin/gcc -c -g -O2  conftest.c >&5
configure:8306: $? = 0
configure:8323: result: yes
configure:8278: checking for stdint.h
configure:8299: /usr/bin/gcc -c -g -O2  conftest.c >&5
configure:8306: $? = 0
configure:8323: result: yes
configure:8278: checking for unistd.h
configure:8299: /usr/bin/gcc -c -g -O2  conftest.c >&5
configure:8306: $? = 0
configure:8323: result: yes
configure:8341: checking for dlfcn.h
configure:8362: /usr/bin/gcc -c -g -O2  conftest.c >&5
configure:8369: $? = 0
configure:8386: result: yes
configure:8570: checking for objdir
configure:8585: result: .libs
configure:8877: checking if /usr/bin/gcc supports -fno-rtti -fno-exceptions
configure:8895: /usr/bin/gcc -c -g -O2  -fno-rtti -fno-exceptions conftest.c >&5
cc1: warning: command line option "-fno-rtti" is valid for C++/ObjC++ but not for C
configure:8899: $? = 0
configure:8912: result: no
configure:8932: checking for /usr/bin/gcc option to produce PIC
configure:9204: result: -fno-common -DPIC
configure:9216: checking if /usr/bin/gcc PIC flag -fno-common -DPIC works
configure:9234: /usr/bin/gcc -c -g -O2  -fno-common -DPIC -DPIC conftest.c >&5
configure:9238: $? = 0
configure:9251: result: yes
configure:9275: checking if /usr/bin/gcc static flag -static works
configure:9303: result: no
configure:9318: checking if /usr/bin/gcc supports -c -o file.o
configure:9339: /usr/bin/gcc -c -g -O2  -o out/conftest2.o conftest.c >&5
configure:9343: $? = 0
configure:9365: result: yes
configure:9373: checking if /usr/bin/gcc supports -c -o file.o
configure:9420: result: yes
configure:9453: checking whether the /usr/bin/gcc linker (/usr/bin/ld) supports shared libraries
configure:10527: result: yes
configure:10766: checking dynamic linker characteristics
configure:11452: result: darwin10.4.0 dyld
configure:11554: checking how to hardcode library paths into programs
configure:11579: result: immediate
configure:12412: checking whether stripping libraries is possible
configure:12426: result: yes
configure:12452: checking if libtool supports shared libraries
configure:12454: result: yes
configure:12457: checking whether to build shared libraries
configure:12478: result: yes
configure:12481: checking whether to build static libraries
configure:12485: result: yes
configure:12521: checking for ssize_t
configure:12548: /usr/bin/gcc -c -g -O2  conftest.c >&5
configure:12555: $? = 0
configure:12570: result: yes
configure:12581: checking for an ANSI C-conforming const
configure:12656: /usr/bin/gcc -c -g -O2  conftest.c >&5
configure:12663: $? = 0
configure:12678: result: yes
configure:12694: checking for flock
configure:12750: /usr/bin/gcc -o conftest -g -O2   conftest.c  >&5
configure:12757: $? = 0
configure:12779: result: yes
configure:12694: checking for lockf
configure:12750: /usr/bin/gcc -o conftest -g -O2   conftest.c  >&5
configure:12757: $? = 0
configure:12779: result: yes
configure:12851: checking for g++
configure:12867: found /usr/bin/g++
configure:12878: result: g++
configure:12905: checking for C++ compiler version
configure:12913: g++ --version >&5
g++ (GCC) 4.2.1 (Based on Apple Inc. build 5555)
Copyright (C) 2007 Free Software Foundation, Inc.
This is free software; see the source for copying conditions.  There is NO
warranty; not even for MERCHANTABILITY or FITNESS FOR A PARTICULAR PURPOSE.

configure:12917: $? = 0
configure:12924: g++ -v >&5
Using built-in specs.
Target: arm-apple-darwin9
Configured with: ../llvm-gcc-4.2/configure --build=x86_64-unknown-linux-gnu --host=arm-apple-darwin9 --enable-static=no --enable-shared=yes --prefix=/usr --localstatedir=/var/cache/iphone-gcc --enable-languages=c,c++,objc,obj-c++ --enable-wchar_t=no --with-gxx-include-dir=/usr/include/c++/4.0.0
Thread model: posix
gcc version 4.2.1 (Based on Apple Inc. build 5555)
configure:12928: $? = 0
configure:12935: g++ -V >&5
g++: '-V' option must have argument
configure:12939: $? = 1
configure:12942: checking whether we are using the GNU C++ compiler
configure:12971: g++ -c   conftest.cpp >&5
configure:12978: $? = 0
configure:12995: result: yes
configure:13004: checking whether g++ accepts -g
configure:13034: g++ -c -g  conftest.cpp >&5
configure:13041: $? = 0
configure:13142: result: yes
configure:13167: checking dependency style of g++
configure:13277: result: gcc3
configure:13405: checking for C++ compiler version
configure:13413: g++ --version >&5
g++ (GCC) 4.2.1 (Based on Apple Inc. build 5555)
Copyright (C) 2007 Free Software Foundation, Inc.
This is free software; see the source for copying conditions.  There is NO
warranty; not even for MERCHANTABILITY or FITNESS FOR A PARTICULAR PURPOSE.

configure:13417: $? = 0
configure:13424: g++ -v >&5
Using built-in specs.
Target: arm-apple-darwin9
Configured with: ../llvm-gcc-4.2/configure --build=x86_64-unknown-linux-gnu --host=arm-apple-darwin9 --enable-static=no --enable-shared=yes --prefix=/usr --localstatedir=/var/cache/iphone-gcc --enable-languages=c,c++,objc,obj-c++ --enable-wchar_t=no --with-gxx-include-dir=/usr/include/c++/4.0.0
Thread model: posix
gcc version 4.2.1 (Based on Apple Inc. build 5555)
configure:13428: $? = 0
configure:13435: g++ -V >&5
g++: '-V' option must have argument
configure:13439: $? = 1
configure:13442: checking whether we are using the GNU C++ compiler
configure:13495: result: yes
configure:13504: checking whether g++ accepts -g
configure:13642: result: yes
configure:13667: checking dependency style of g++
configure:13777: result: gcc3
configure:13800: checking how to run the C++ preprocessor
configure:13836: g++ -E  conftest.cpp
configure:13843: $? = 0
configure:13874: g++ -E  conftest.cpp
conftest.cpp:24:28: error: ac_nonexistent.h: No such file or directory
configure:13881: $? = 1
configure: failed program was:
| /* confdefs.h.  */
| #define PACKAGE_NAME ""
| #define PACKAGE_TARNAME ""
| #define PACKAGE_VERSION ""
| #define PACKAGE_STRING ""
| #define PACKAGE_BUGREPORT ""
| #define PACKAGE "enchant"
| #define VERSION "1.6.0"
| #define STDC_HEADERS 1
| #define HAVE_SYS_TYPES_H 1
| #define HAVE_SYS_STAT_H 1
| #define HAVE_STDLIB_H 1
| #define HAVE_STRING_H 1
| #define HAVE_MEMORY_H 1
| #define HAVE_STRINGS_H 1
| #define HAVE_INTTYPES_H 1
| #define HAVE_STDINT_H 1
| #define HAVE_UNISTD_H 1
| #define HAVE_DLFCN_H 1
| #define LT_OBJDIR ".libs/"
| #define HAVE_FLOCK 1
| #define HAVE_LOCKF 1
| /* end confdefs.h.  */
| #include <ac_nonexistent.h>
configure:13914: result: g++ -E
configure:13943: g++ -E  conftest.cpp
configure:13950: $? = 0
configure:13981: g++ -E  conftest.cpp
conftest.cpp:24:28: error: ac_nonexistent.h: No such file or directory
configure:13988: $? = 1
configure: failed program was:
| /* confdefs.h.  */
| #define PACKAGE_NAME ""
| #define PACKAGE_TARNAME ""
| #define PACKAGE_VERSION ""
| #define PACKAGE_STRING ""
| #define PACKAGE_BUGREPORT ""
| #define PACKAGE "enchant"
| #define VERSION "1.6.0"
| #define STDC_HEADERS 1
| #define HAVE_SYS_TYPES_H 1
| #define HAVE_SYS_STAT_H 1
| #define HAVE_STDLIB_H 1
| #define HAVE_STRING_H 1
| #define HAVE_MEMORY_H 1
| #define HAVE_STRINGS_H 1
| #define HAVE_INTTYPES_H 1
| #define HAVE_STDINT_H 1
| #define HAVE_UNISTD_H 1
| #define HAVE_DLFCN_H 1
| #define LT_OBJDIR ".libs/"
| #define HAVE_FLOCK 1
| #define HAVE_LOCKF 1
| /* end confdefs.h.  */
| #include <ac_nonexistent.h>
configure:14164: checking for ld used by g++
configure:14231: result: /usr/bin/ld
configure:14240: checking if the linker (/usr/bin/ld) is GNU ld
configure:14255: result: no
configure:14310: checking whether the g++ linker (/usr/bin/ld) supports shared libraries
configure:15285: result: yes
configure:15313: g++ -c -g -O2  conftest.cpp >&5
configure:15316: $? = 0
configure:15498: checking for g++ option to produce PIC
configure:15815: result: -fno-common -DPIC
configure:15824: checking if g++ PIC flag -fno-common -DPIC works
configure:15842: g++ -c -g -O2  -fno-common -DPIC -DPIC conftest.cpp >&5
configure:15846: $? = 0
configure:15859: result: yes
configure:15880: checking if g++ static flag -static works
configure:15908: result: no
configure:15920: checking if g++ supports -c -o file.o
configure:15941: g++ -c -g -O2  -o out/conftest2.o conftest.cpp >&5
configure:15945: $? = 0
configure:15967: result: yes
configure:15972: checking if g++ supports -c -o file.o
configure:16019: result: yes
configure:16049: checking whether the g++ linker (/usr/bin/ld) supports shared libraries
configure:16075: result: yes
configure:16212: checking dynamic linker characteristics
configure:16846: result: darwin10.4.0 dyld
configure:16897: checking how to hardcode library paths into programs
configure:16922: result: immediate
configure:16972: checking for pkg-config
configure:16990: found /usr/bin/pkg-config
configure:17003: result: /usr/bin/pkg-config
configure:17116: checking pkg-config is at least version 0.9.0
configure:17119: result: yes
configure:17130: checking for ENCHANT
configure:17137: $PKG_CONFIG --exists --print-errors "glib-2.0 >= 2.6 gmodule-2.0"
configure:17140: $? = 0
configure:17153: $PKG_CONFIG --exists --print-errors "glib-2.0 >= 2.6 gmodule-2.0"
configure:17156: $? = 0
configure:17233: result: yes
configure:17258: checking for supported C warning flags
configure:17280: checking whether /usr/bin/gcc supports -Wall
configure:17295: /usr/bin/gcc -c -g -O2 -Wall  conftest.c >&5
configure:17302: $? = 0
configure:17323: result: yes
configure:17280: checking whether /usr/bin/gcc supports -Wextra
configure:17295: /usr/bin/gcc -c -g -O2 -Wextra  conftest.c >&5
configure:17302: $? = 0
configure:17323: result: yes
configure:17280: checking whether /usr/bin/gcc supports -Wsign-compare
configure:17295: /usr/bin/gcc -c -g -O2 -Wsign-compare  conftest.c >&5
configure:17302: $? = 0
configure:17323: result: yes
configure:17280: checking whether /usr/bin/gcc supports -Werror-implicit-function-declaration
configure:17295: /usr/bin/gcc -c -g -O2 -Werror-implicit-function-declaration  conftest.c >&5
configure:17302: $? = 0
configure:17323: result: yes
configure:17280: checking whether /usr/bin/gcc supports -Wpointer-arith
configure:17295: /usr/bin/gcc -c -g -O2 -Wpointer-arith  conftest.c >&5
configure:17302: $? = 0
configure:17323: result: yes
configure:17280: checking whether /usr/bin/gcc supports -Wwrite-strings
configure:17295: /usr/bin/gcc -c -g -O2 -Wwrite-strings  conftest.c >&5
configure:17302: $? = 0
configure:17323: result: yes
configure:17280: checking whether /usr/bin/gcc supports -Wstrict-prototypes
configure:17295: /usr/bin/gcc -c -g -O2 -Wstrict-prototypes  conftest.c >&5
configure:17302: $? = 0
configure:17323: result: yes
configure:17280: checking whether /usr/bin/gcc supports -Wmissing-prototypes
configure:17295: /usr/bin/gcc -c -g -O2 -Wmissing-prototypes  conftest.c >&5
configure:17302: $? = 0
configure:17323: result: yes
configure:17280: checking whether /usr/bin/gcc supports -Wmissing-declarations
configure:17295: /usr/bin/gcc -c -g -O2 -Wmissing-declarations  conftest.c >&5
configure:17302: $? = 0
configure:17323: result: yes
configure:17280: checking whether /usr/bin/gcc supports -Wnested-externs
configure:17295: /usr/bin/gcc -c -g -O2 -Wnested-externs  conftest.c >&5
configure:17302: $? = 0
configure:17323: result: yes
configure:17280: checking whether /usr/bin/gcc supports -Wpacked
configure:17295: /usr/bin/gcc -c -g -O2 -Wpacked  conftest.c >&5
configure:17302: $? = 0
configure:17323: result: yes
configure:17280: checking whether /usr/bin/gcc supports -Wswitch-enum
configure:17295: /usr/bin/gcc -c -g -O2 -Wswitch-enum  conftest.c >&5
configure:17302: $? = 0
configure:17323: result: yes
configure:17280: checking whether /usr/bin/gcc supports -Wmissing-format-attribute
configure:17295: /usr/bin/gcc -c -g -O2 -Wmissing-format-attribute  conftest.c >&5
configure:17302: $? = 0
configure:17323: result: yes
configure:17280: checking whether /usr/bin/gcc supports -Wstrict-aliasing=2
configure:17295: /usr/bin/gcc -c -g -O2 -Wstrict-aliasing=2  conftest.c >&5
configure:17302: $? = 0
configure:17323: result: yes
configure:17280: checking whether /usr/bin/gcc supports -Winit-self
configure:17295: /usr/bin/gcc -c -g -O2 -Winit-self  conftest.c >&5
configure:17302: $? = 0
configure:17323: result: yes
configure:17280: checking whether /usr/bin/gcc supports -Wunsafe-loop-optimizations
configure:17295: /usr/bin/gcc -c -g -O2 -Wunsafe-loop-optimizations  conftest.c >&5
configure:17302: $? = 0
configure:17323: result: yes
configure:17280: checking whether /usr/bin/gcc supports -Wdeclaration-after-statement
configure:17295: /usr/bin/gcc -c -g -O2 -Wdeclaration-after-statement  conftest.c >&5
configure:17302: $? = 0
configure:17323: result: yes
configure:17280: checking whether /usr/bin/gcc supports -Wold-style-definition
configure:17295: /usr/bin/gcc -c -g -O2 -Wold-style-definition  conftest.c >&5
configure:17302: $? = 0
configure:17323: result: yes
configure:17280: checking whether /usr/bin/gcc supports -Wno-missing-field-initializers
configure:17295: /usr/bin/gcc -c -g -O2 -Wno-missing-field-initializers  conftest.c >&5
configure:17302: $? = 0
configure:17323: result: yes
configure:17280: checking whether /usr/bin/gcc supports -Wno-unused-parameter
configure:17295: /usr/bin/gcc -c -g -O2 -Wno-unused-parameter  conftest.c >&5
configure:17302: $? = 0
configure:17323: result: yes
configure:17280: checking whether /usr/bin/gcc supports -Wno-attributes
configure:17295: /usr/bin/gcc -c -g -O2 -Wno-attributes  conftest.c >&5
configure:17302: $? = 0
configure:17323: result: yes
configure:17280: checking whether /usr/bin/gcc supports -Wno-long-long
configure:17295: /usr/bin/gcc -c -g -O2 -Wno-long-long  conftest.c >&5
configure:17302: $? = 0
configure:17323: result: yes
configure:17280: checking whether /usr/bin/gcc supports -Winline
configure:17295: /usr/bin/gcc -c -g -O2 -Winline  conftest.c >&5
configure:17302: $? = 0
configure:17323: result: yes
configure:17280: checking whether /usr/bin/gcc supports -fno-strict-aliasing
configure:17295: /usr/bin/gcc -c -g -O2 -fno-strict-aliasing  conftest.c >&5
configure:17302: $? = 0
configure:17323: result: yes
configure:17331: checking which C warning flags were supported
configure:17334: result:  -Wall -Wextra -Wsign-compare -Werror-implicit-function-declaration -Wpointer-arith -Wwrite-strings -Wstrict-prototypes -Wmissing-prototypes -Wmissing-declarations -Wnested-externs -Wpacked -Wswitch-enum -Wmissing-format-attribute -Wstrict-aliasing=2 -Winit-self -Wunsafe-loop-optimizations -Wdeclaration-after-statement -Wold-style-definition -Wno-missing-field-initializers -Wno-unused-parameter -Wno-attributes -Wno-long-long -Winline -fno-strict-aliasing
configure:17351: checking for supported C++ warning flags
configure:17373: checking whether g++ supports -Wall
configure:17394: g++ -c -g -O2 -Wall  conftest.cpp >&5
configure:17401: $? = 0
configure:17422: result: yes
configure:17373: checking whether g++ supports -Wextra
configure:17394: g++ -c -g -O2 -Wextra  conftest.cpp >&5
configure:17401: $? = 0
configure:17422: result: yes
configure:17373: checking whether g++ supports -Wsign-compare
configure:17394: g++ -c -g -O2 -Wsign-compare  conftest.cpp >&5
configure:17401: $? = 0
configure:17422: result: yes
configure:17373: checking whether g++ supports -Wpointer-arith
configure:17394: g++ -c -g -O2 -Wpointer-arith  conftest.cpp >&5
configure:17401: $? = 0
configure:17422: result: yes
configure:17373: checking whether g++ supports -Wwrite-strings
configure:17394: g++ -c -g -O2 -Wwrite-strings  conftest.cpp >&5
configure:17401: $? = 0
configure:17422: result: yes
configure:17373: checking whether g++ supports -Wpacked
configure:17394: g++ -c -g -O2 -Wpacked  conftest.cpp >&5
configure:17401: $? = 0
configure:17422: result: yes
configure:17373: checking whether g++ supports -Wswitch-enum
configure:17394: g++ -c -g -O2 -Wswitch-enum  conftest.cpp >&5
configure:17401: $? = 0
configure:17422: result: yes
configure:17373: checking whether g++ supports -Wmissing-format-attribute
configure:17394: g++ -c -g -O2 -Wmissing-format-attribute  conftest.cpp >&5
configure:17401: $? = 0
configure:17422: result: yes
configure:17373: checking whether g++ supports -Wstrict-aliasing=2
configure:17394: g++ -c -g -O2 -Wstrict-aliasing=2  conftest.cpp >&5
configure:17401: $? = 0
configure:17422: result: yes
configure:17373: checking whether g++ supports -Winit-self
configure:17394: g++ -c -g -O2 -Winit-self  conftest.cpp >&5
configure:17401: $? = 0
configure:17422: result: yes
configure:17373: checking whether g++ supports -Wunsafe-loop-optimizations
configure:17394: g++ -c -g -O2 -Wunsafe-loop-optimizations  conftest.cpp >&5
configure:17401: $? = 0
configure:17422: result: yes
configure:17373: checking whether g++ supports -Wno-missing-field-initializers
configure:17394: g++ -c -g -O2 -Wno-missing-field-initializers  conftest.cpp >&5
configure:17401: $? = 0
configure:17422: result: yes
configure:17373: checking whether g++ supports -Wno-unused-parameter
configure:17394: g++ -c -g -O2 -Wno-unused-parameter  conftest.cpp >&5
configure:17401: $? = 0
configure:17422: result: yes
configure:17373: checking whether g++ supports -Wno-attributes
configure:17394: g++ -c -g -O2 -Wno-attributes  conftest.cpp >&5
configure:17401: $? = 0
configure:17422: result: yes
configure:17373: checking whether g++ supports -Wno-long-long
configure:17394: g++ -c -g -O2 -Wno-long-long  conftest.cpp >&5
configure:17401: $? = 0
configure:17422: result: yes
configure:17373: checking whether g++ supports -Winline
configure:17394: g++ -c -g -O2 -Winline  conftest.cpp >&5
configure:17401: $? = 0
configure:17422: result: yes
configure:17373: checking whether g++ supports -fno-strict-aliasing
configure:17394: g++ -c -g -O2 -fno-strict-aliasing  conftest.cpp >&5
configure:17401: $? = 0
configure:17422: result: yes
configure:17436: checking which C++ warning flags were supported
configure:17439: result:  -Wall -Wextra -Wsign-compare -Wpointer-arith -Wwrite-strings -Wpacked -Wswitch-enum -Wmissing-format-attribute -Wstrict-aliasing=2 -Winit-self -Wunsafe-loop-optimizations -Wno-missing-field-initializers -Wno-unused-parameter -Wno-attributes -Wno-long-long -Winline -fno-strict-aliasing
configure:17449: checking for native Win32
configure:17463: result: no
configure:17537: checking locale.h usability
configure:17554: /usr/bin/gcc -c -g -O2  conftest.c >&5
configure:17561: $? = 0
configure:17575: result: yes
configure:17579: checking locale.h presence
configure:17594: /usr/bin/gcc -E  conftest.c
configure:17601: $? = 0
configure:17615: result: yes
configure:17643: checking for locale.h
configure:17652: result: yes
configure:17668: checking for LC_MESSAGES
configure:17694: /usr/bin/gcc -o conftest -g -O2   conftest.c  >&5
configure:17701: $? = 0
configure:17721: result: yes
configure:17824: checking for MYSPELL
configure:17847: $PKG_CONFIG --exists --print-errors "hunspell"
Package hunspell was not found in the pkg-config search path.
Perhaps you should add the directory containing `hunspell.pc'
to the PKG_CONFIG_PATH environment variable
No package 'hunspell' found
configure:17850: $? = 1
No package 'hunspell' found
configure:17877: result: no
configure:17937: checking for aspell
configure:17965: result: no
configure:17991: WARNING: Didn't find aspell >= 0.50.0 and no explicit path aspell specified. Guessing at /usr/local
configure:17997: checking For aspell headers in /usr/local/include
configure:18434: result: no
configure:18486: checking for voikko_init in -lvoikko
configure:18521: /usr/bin/gcc -o conftest -g -O2   conftest.c -lvoikko   >&5
ld: library not found for -lvoikko
collect2: ld returned 1 exit status
configure:18528: $? = 1
configure: failed program was:
| /* confdefs.h.  */
| #define PACKAGE_NAME ""
| #define PACKAGE_TARNAME ""
| #define PACKAGE_VERSION ""
| #define PACKAGE_STRING ""
| #define PACKAGE_BUGREPORT ""
| #define PACKAGE "enchant"
| #define VERSION "1.6.0"
| #define STDC_HEADERS 1
| #define HAVE_SYS_TYPES_H 1
| #define HAVE_SYS_STAT_H 1
| #define HAVE_STDLIB_H 1
| #define HAVE_STRING_H 1
| #define HAVE_MEMORY_H 1
| #define HAVE_STRINGS_H 1
| #define HAVE_INTTYPES_H 1
| #define HAVE_STDINT_H 1
| #define HAVE_UNISTD_H 1
| #define HAVE_DLFCN_H 1
| #define LT_OBJDIR ".libs/"
| #define HAVE_FLOCK 1
| #define HAVE_LOCKF 1
| #define HAVE_LOCALE_H 1
| #define HAVE_LC_MESSAGES 1
| /* end confdefs.h.  */
| 
| /* Override any GCC internal prototype to avoid an error.
|    Use char because int might match the return type of a GCC
|    builtin and then its argument prototype would still apply.  */
| #ifdef __cplusplus
| extern "C"
| #endif
| char voikko_init ();
| int
| main ()
| {
| return voikko_init ();
|   ;
|   return 0;
| }
configure:18549: result: no
configure:18589: checking for USPELL
configure:18596: $PKG_CONFIG --exists --print-errors "libuspell >= 1.1.0"
Package libuspell was not found in the pkg-config search path.
Perhaps you should add the directory containing `libuspell.pc'
to the PKG_CONFIG_PATH environment variable
No package 'libuspell' found
configure:18599: $? = 1
configure:18612: $PKG_CONFIG --exists --print-errors "libuspell >= 1.1.0"
Package libuspell was not found in the pkg-config search path.
Perhaps you should add the directory containing `libuspell.pc'
to the PKG_CONFIG_PATH environment variable
No package 'libuspell' found
configure:18615: $? = 1
No package 'libuspell' found
configure:18642: result: no
configure:18711: checking for hspell_get_dictionary_path in -lhspell
configure:18746: /usr/bin/gcc -o conftest -g -O2   conftest.c -lhspell -lz  >&5
ld: library not found for -lhspell
collect2: ld returned 1 exit status
configure:18753: $? = 1
configure: failed program was:
| /* confdefs.h.  */
| #define PACKAGE_NAME ""
| #define PACKAGE_TARNAME ""
| #define PACKAGE_VERSION ""
| #define PACKAGE_STRING ""
| #define PACKAGE_BUGREPORT ""
| #define PACKAGE "enchant"
| #define VERSION "1.6.0"
| #define STDC_HEADERS 1
| #define HAVE_SYS_TYPES_H 1
| #define HAVE_SYS_STAT_H 1
| #define HAVE_STDLIB_H 1
| #define HAVE_STRING_H 1
| #define HAVE_MEMORY_H 1
| #define HAVE_STRINGS_H 1
| #define HAVE_INTTYPES_H 1
| #define HAVE_STDINT_H 1
| #define HAVE_UNISTD_H 1
| #define HAVE_DLFCN_H 1
| #define LT_OBJDIR ".libs/"
| #define HAVE_FLOCK 1
| #define HAVE_LOCKF 1
| #define HAVE_LOCALE_H 1
| #define HAVE_LC_MESSAGES 1
| /* end confdefs.h.  */
| 
| /* Override any GCC internal prototype to avoid an error.
|    Use char because int might match the return type of a GCC
|    builtin and then its argument prototype would still apply.  */
| #ifdef __cplusplus
| extern "C"
| #endif
| char hspell_get_dictionary_path ();
| int
| main ()
| {
| return hspell_get_dictionary_path ();
|   ;
|   return 0;
| }
configure:18774: result: no
configure:18810: checking For DBus-Glib >= 0.62
configure:19101: creating ./config.status

## ---------------------- ##
## Running config.status. ##
## ---------------------- ##

This file was extended by config.status, which was
generated by GNU Autoconf 2.63.  Invocation command line was

  CONFIG_FILES    = 
  CONFIG_HEADERS  = 
  CONFIG_LINKS    = 
  CONFIG_COMMANDS = 
  $ ./config.status 

on Chriss-iPad

config.status:1041: creating Makefile
config.status:1041: creating enchant.pc
config.status:1041: creating enchant-uninstalled.pc
config.status:1041: creating enchant.spec
config.status:1041: creating src/libenchant.rc
config.status:1041: creating src/Makefile
config.status:1041: creating src/aspell/Makefile
config.status:1041: creating src/ispell/Makefile
config.status:1041: creating src/uspell/Makefile
config.status:1041: creating src/myspell/Makefile
config.status:1041: creating src/hspell/Makefile
config.status:1041: creating src/applespell/Makefile
config.status:1041: creating src/voikko/Makefile
config.status:1041: creating src/zemberek/Makefile
config.status:1041: creating tests/Makefile
config.status:1041: creating tests/ispell
config.status:1041: creating doc/Makefile
config.status:1041: creating data/Makefile
config.status:1041: creating autopackage/default.apspec
config.status:1252: executing depfiles commands
config.status:1252: executing libtool commands

## ---------------- ##
## Cache variables. ##
## ---------------- ##

ac_cv_build=arm-apple-darwin10.4.0
ac_cv_c_compiler_gnu=yes
ac_cv_c_const=yes
ac_cv_cxx_compiler_gnu=yes
ac_cv_env_CCC_set=
ac_cv_env_CCC_value=
ac_cv_env_CC_set=set
ac_cv_env_CC_value=/usr/bin/gcc
ac_cv_env_CFLAGS_set=
ac_cv_env_CFLAGS_value=
ac_cv_env_CPPFLAGS_set=
ac_cv_env_CPPFLAGS_value=
ac_cv_env_CPP_set=
ac_cv_env_CPP_value=
ac_cv_env_CXXCPP_set=
ac_cv_env_CXXCPP_value=
ac_cv_env_CXXFLAGS_set=
ac_cv_env_CXXFLAGS_value=
ac_cv_env_CXX_set=
ac_cv_env_CXX_value=
ac_cv_env_ENCHANT_CFLAGS_set=
ac_cv_env_ENCHANT_CFLAGS_value=
ac_cv_env_ENCHANT_LIBS_set=
ac_cv_env_ENCHANT_LIBS_value=
ac_cv_env_LDFLAGS_set=
ac_cv_env_LDFLAGS_value=
ac_cv_env_LIBS_set=
ac_cv_env_LIBS_value=
ac_cv_env_MYSPELL_CFLAGS_set=
ac_cv_env_MYSPELL_CFLAGS_value=
ac_cv_env_MYSPELL_LIBS_set=
ac_cv_env_MYSPELL_LIBS_value=
ac_cv_env_PKG_CONFIG_set=
ac_cv_env_PKG_CONFIG_value=
ac_cv_env_USPELL_CFLAGS_set=
ac_cv_env_USPELL_CFLAGS_value=
ac_cv_env_USPELL_LIBS_set=
ac_cv_env_USPELL_LIBS_value=
ac_cv_env_build_alias_set=
ac_cv_env_build_alias_value=
ac_cv_env_host_alias_set=
ac_cv_env_host_alias_value=
ac_cv_env_target_alias_set=
ac_cv_env_target_alias_value=
ac_cv_func_flock=yes
ac_cv_func_lockf=yes
ac_cv_header_dlfcn_h=yes
ac_cv_header_inttypes_h=yes
ac_cv_header_locale_h=yes
ac_cv_header_memory_h=yes
ac_cv_header_stdc=yes
ac_cv_header_stdint_h=yes
ac_cv_header_stdlib_h=yes
ac_cv_header_string_h=yes
ac_cv_header_strings_h=yes
ac_cv_header_sys_stat_h=yes
ac_cv_header_sys_types_h=yes
ac_cv_header_unistd_h=yes
ac_cv_host=arm-apple-darwin10.4.0
ac_cv_lib_hspell_hspell_get_dictionary_path=no
ac_cv_lib_voikko_voikko_init=no
ac_cv_objext=o
ac_cv_path_EGREP='/bin/grep -E'
ac_cv_path_FGREP='/bin/grep -F'
ac_cv_path_GREP=/bin/grep
ac_cv_path_PKG_CONFIG=/usr/bin/pkg-config
ac_cv_path_SED=/bin/sed
ac_cv_path_install='/usr/bin/install -c'
ac_cv_path_mkdir=/bin/mkdir
ac_cv_prog_AWK=gawk
ac_cv_prog_CPP='/usr/bin/gcc -E'
ac_cv_prog_CXXCPP='g++ -E'
ac_cv_prog_HAVE_ASPELL=no
ac_cv_prog_ac_ct_AR=ar
ac_cv_prog_ac_ct_CC=/usr/bin/gcc
ac_cv_prog_ac_ct_CXX=g++
ac_cv_prog_ac_ct_LIPO=lipo
ac_cv_prog_ac_ct_NMEDIT=nmedit
ac_cv_prog_ac_ct_OBJDUMP=objdump
ac_cv_prog_ac_ct_OTOOL64=otool64
ac_cv_prog_ac_ct_OTOOL=otool
ac_cv_prog_ac_ct_RANLIB=ranlib
ac_cv_prog_ac_ct_STRIP=strip
ac_cv_prog_cc_c89=
ac_cv_prog_cc_g=yes
ac_cv_prog_cxx_g=yes
ac_cv_prog_make_make_set=yes
ac_cv_search_strerror='none required'
am_cv_CC_dependencies_compiler_type=gcc3
am_cv_CXX_dependencies_compiler_type=gcc3
am_cv_val_LC_MESSAGES=yes
enchant_cv_warn_cflags=' -Wall -Wextra -Wsign-compare -Werror-implicit-function-declaration -Wpointer-arith -Wwrite-strings -Wstrict-prototypes -Wmissing-prototypes -Wmissing-declarations -Wnested-externs -Wpacked -Wswitch-enum -Wmissing-format-attribute -Wstrict-aliasing=2 -Winit-self -Wunsafe-loop-optimizations -Wdeclaration-after-statement -Wold-style-definition -Wno-missing-field-initializers -Wno-unused-parameter -Wno-attributes -Wno-long-long -Winline -fno-strict-aliasing'
enchant_cv_warn_maybe='-Wall -Wextra -Wsign-compare -Werror-implicit-function-declaration -Wpointer-arith -Wwrite-strings -Wstrict-prototypes -Wmissing-prototypes -Wmissing-declarations -Wnested-externs -Wpacked -Wswitch-enum -Wmissing-format-attribute -Wstrict-aliasing=2 -Winit-self -Wunsafe-loop-optimizations -Wdeclaration-after-statement -Wold-style-definition -Wno-missing-field-initializers -Wno-unused-parameter -Wno-attributes -Wno-long-long -Winline -fno-strict-aliasing'
enchant_cxx_cv_warn_cflags=' -Wall -Wextra -Wsign-compare -Wpointer-arith -Wwrite-strings -Wpacked -Wswitch-enum -Wmissing-format-attribute -Wstrict-aliasing=2 -Winit-self -Wunsafe-loop-optimizations -Wno-missing-field-initializers -Wno-unused-parameter -Wno-attributes -Wno-long-long -Winline -fno-strict-aliasing'
enchant_cxx_cv_warn_maybe='-Wall -Wextra -Wsign-compare -Wpointer-arith -Wwrite-strings -Wpacked -Wswitch-enum -Wmissing-format-attribute -Wstrict-aliasing=2 -Winit-self -Wunsafe-loop-optimizations -Wno-missing-field-initializers -Wno-unused-parameter -Wno-attributes -Wno-long-long -Winline -fno-strict-aliasing'
gt_cv_ssize_t=yes
lt_cv_apple_cc_single_mod=yes
lt_cv_deplibs_check_method=pass_all
lt_cv_file_magic_cmd='$MAGIC_CMD'
lt_cv_file_magic_test_file=
lt_cv_ld_exported_symbols_list=yes
lt_cv_ld_reload_flag=-r
lt_cv_nm_interface='BSD nm'
lt_cv_objdir=.libs
lt_cv_path_LD=/usr/bin/ld
lt_cv_path_LDCXX=/usr/bin/ld
lt_cv_path_NM='/usr/bin/nm -p'
lt_cv_prog_compiler_c_o=yes
lt_cv_prog_compiler_c_o_CXX=yes
lt_cv_prog_compiler_pic_works=yes
lt_cv_prog_compiler_pic_works_CXX=yes
lt_cv_prog_compiler_rtti_exceptions=no
lt_cv_prog_compiler_static_works=no
lt_cv_prog_compiler_static_works_CXX=no
lt_cv_prog_gnu_ld=no
lt_cv_prog_gnu_ldcxx=no
lt_cv_sys_global_symbol_pipe='sed -n -e '\''s/^.*[	 ]\([BCDEGRST][BCDEGRST]*\)[	 ][	 ]*_\([_A-Za-z][_A-Za-z0-9]*\)$/\1 _\2 \2/p'\'''
lt_cv_sys_global_symbol_to_c_name_address='sed -n -e '\''s/^: \([^ ]*\) $/  {\"\1\", (void *) 0},/p'\'' -e '\''s/^[BCDEGRST]* \([^ ]*\) \([^ ]*\)$/  {"\2", (void *) \&\2},/p'\'''
lt_cv_sys_global_symbol_to_c_name_address_lib_prefix='sed -n -e '\''s/^: \([^ ]*\) $/  {\"\1\", (void *) 0},/p'\'' -e '\''s/^[BCDEGRST]* \([^ ]*\) \(lib[^ ]*\)$/  {"\2", (void *) \&\2},/p'\'' -e '\''s/^[BCDEGRST]* \([^ ]*\) \([^ ]*\)$/  {"lib\2", (void *) \&\2},/p'\'''
lt_cv_sys_global_symbol_to_cdecl='sed -n -e '\''s/^T .* \(.*\)$/extern int \1();/p'\'' -e '\''s/^[BCDEGRST]* .* \(.*\)$/extern char \1;/p'\'''
lt_cv_sys_max_cmd_len=196608
pkg_cv_ENCHANT_CFLAGS='-D_REENTRANT -I/usr/local/include/glib-2.0 -I/usr/local/lib/glib-2.0/include  '
pkg_cv_ENCHANT_LIBS='-L/usr/local/lib -lgmodule-2.0 -lglib-2.0 -lintl  '
pkg_cv_MYSPELL_CFLAGS=' -DENCHANT_MYSPELL_DICT_DIR='\''"${datarootdir}/myspell/dicts"'\'''

## ----------------- ##
## Output variables. ##
## ----------------- ##

ACLOCAL='${SHELL} /home/chris/enchant-1.6.0/missing --run aclocal-1.11'
AMDEPBACKSLASH='\'
AMDEP_FALSE='#'
AMDEP_TRUE=''
AMTAR='${SHELL} /home/chris/enchant-1.6.0/missing --run tar'
AR='ar'
AS='as'
ASPELL_CFLAGS=''
ASPELL_INC=''
ASPELL_LIBS='-L/usr/local/lib -laspell'
AUTOCONF='${SHELL} /home/chris/enchant-1.6.0/missing --run autoconf'
AUTOHEADER='${SHELL} /home/chris/enchant-1.6.0/missing --run autoheader'
AUTOMAKE='${SHELL} /home/chris/enchant-1.6.0/missing --run automake-1.11'
AWK='gawk'
CC='/usr/bin/gcc'
CCDEPMODE='depmode=gcc3'
CC_WARN_CFLAGS=' -Wall -Wextra -Wsign-compare -Werror-implicit-function-declaration -Wpointer-arith -Wwrite-strings -Wstrict-prototypes -Wmissing-prototypes -Wmissing-declarations -Wnested-externs -Wpacked -Wswitch-enum -Wmissing-format-attribute -Wstrict-aliasing=2 -Winit-self -Wunsafe-loop-optimizations -Wdeclaration-after-statement -Wold-style-definition -Wno-missing-field-initializers -Wno-unused-parameter -Wno-attributes -Wno-long-long -Winline -fno-strict-aliasing'
CFLAGS='-g -O2'
CPP='/usr/bin/gcc -E'
CPPFLAGS=''
CXX='g++'
CXXCPP='g++ -E'
CXXDEPMODE='depmode=gcc3'
CXXFLAGS='-g -O2'
CXX_WARN_CFLAGS=' -Wall -Wextra -Wsign-compare -Wpointer-arith -Wwrite-strings -Wpacked -Wswitch-enum -Wmissing-format-attribute -Wstrict-aliasing=2 -Winit-self -Wunsafe-loop-optimizations -Wno-missing-field-initializers -Wno-unused-parameter -Wno-attributes -Wno-long-long -Winline -fno-strict-aliasing'
CYGPATH_W='echo'
DEFS='-DPACKAGE_NAME=\"\" -DPACKAGE_TARNAME=\"\" -DPACKAGE_VERSION=\"\" -DPACKAGE_STRING=\"\" -DPACKAGE_BUGREPORT=\"\" -DPACKAGE=\"enchant\" -DVERSION=\"1.6.0\" -DSTDC_HEADERS=1 -DHAVE_SYS_TYPES_H=1 -DHAVE_SYS_STAT_H=1 -DHAVE_STDLIB_H=1 -DHAVE_STRING_H=1 -DHAVE_MEMORY_H=1 -DHAVE_STRINGS_H=1 -DHAVE_INTTYPES_H=1 -DHAVE_STDINT_H=1 -DHAVE_UNISTD_H=1 -DHAVE_DLFCN_H=1 -DLT_OBJDIR=\".libs/\" -DHAVE_FLOCK=1 -DHAVE_LOCKF=1 -DHAVE_LOCALE_H=1 -DHAVE_LC_MESSAGES=1'
DEPDIR='.deps'
DLLTOOL='dlltool'
DSYMUTIL=':'
DUMPBIN=''
ECHO_C=''
ECHO_N='-n'
ECHO_T=''
EGREP='/bin/grep -E'
ENCHANT_CFLAGS='-D_REENTRANT -I/usr/local/include/glib-2.0 -I/usr/local/lib/glib-2.0/include   -DENCHANT_PREFIX_DIR='\''"NONE"'\'''
ENCHANT_LIBS='-L/usr/local/lib -lgmodule-2.0 -lglib-2.0 -lintl  '
ENCHANT_MAJOR_VERSION='1'
ENCHANT_MICRO_VERSION='0'
ENCHANT_MINOR_VERSION='6'
ENCHANT_WIN32_RESOURCE=''
EXEEXT=''
FGREP='/bin/grep -F'
GREP='/bin/grep'
HAVE_ASPELL='no'
HSPELL_CFLAGS=''
HSPELL_LIBS=' -lhspell -lz'
INSTALL_DATA='${INSTALL} -m 644'
INSTALL_PROGRAM='${INSTALL}'
INSTALL_SCRIPT='${INSTALL}'
INSTALL_STRIP_PROGRAM='$(install_sh) -c -s'
ISPELL_CFLAGS='-DENCHANT_ISPELL_DICT_DIR='\''"${datarootdir}/enchant/ispell"'\'''
LD='/usr/bin/ld'
LDFLAGS=''
LIBOBJS=''
LIBS=''
LIBTOOL='$(SHELL) $(top_builddir)/libtool'
LIPO='lipo'
LN_S='ln -s'
LTLIBOBJS=''
MAINT='#'
MAINTAINER_MODE_FALSE=''
MAINTAINER_MODE_TRUE='#'
MAKEINFO='${SHELL} /home/chris/enchant-1.6.0/missing --run makeinfo'
MKDIR_P='/bin/mkdir -p'
MYSPELL_CFLAGS=' -DENCHANT_MYSPELL_DICT_DIR='\''"${datarootdir}/myspell/dicts"'\'''
MYSPELL_LIBS=''
NM='/usr/bin/nm -p'
NMEDIT='nmedit'
OBJDUMP='objdump'
OBJEXT='o'
OS_WIN32_FALSE=''
OS_WIN32_TRUE='#'
OTOOL64='otool64'
OTOOL='otool'
PACKAGE='enchant'
PACKAGE_BUGREPORT=''
PACKAGE_NAME=''
PACKAGE_STRING=''
PACKAGE_TARNAME=''
PACKAGE_VERSION=''
PATH_SEPARATOR=':'
PKG_CONFIG='/usr/bin/pkg-config'
RANLIB='ranlib'
SED='/bin/sed'
SET_MAKE=''
SHELL='/bin/sh'
SOCKET_LIBS=''
STRIP='strip'
USPELL_CFLAGS=' -DENCHANT_USPELL_DICT_DIR='\''"${datarootdir}/uspell"'\'''
USPELL_LIBS=''
VERSION='1.6.0'
VERSION_INFO='7:0:6'
VOIKKO_INC=''
VOIKKO_LIBS='-lvoikko'
WITH_ASPELL_FALSE=''
WITH_ASPELL_TRUE='#'
WITH_BINRELOC_FALSE=''
WITH_BINRELOC_TRUE='#'
WITH_CXX_FALSE='#'
WITH_CXX_TRUE=''
WITH_HSPELL_FALSE=''
WITH_HSPELL_TRUE='#'
WITH_ISPELL_FALSE='#'
WITH_ISPELL_TRUE=''
WITH_MYSPELL_FALSE='#'
WITH_MYSPELL_TRUE=''
WITH_SYSTEM_MYSPELL_FALSE=''
WITH_SYSTEM_MYSPELL_TRUE='#'
WITH_USPELL_FALSE=''
WITH_USPELL_TRUE='#'
WITH_VOIKKO_FALSE=''
WITH_VOIKKO_TRUE='#'
WITH_ZEMBEREK_FALSE=''
WITH_ZEMBEREK_TRUE='#'
ZEMBEREK_CFLAGS='-D_REENTRANT -I/usr/local/include/dbus-1.0 -I/usr/local/include/glib-2.0 -I/usr/local/lib/glib-2.0/include -I/usr/include/dbus-1.0 -I/usr/lib/dbus-1.0/include  '
ZEMBEREK_LIBS='-L/usr/local/lib -ldbus-glib-1 -ldbus-1 -lpthread -lgobject-2.0 -lgthread-2.0 -lglib-2.0 -lintl  '
ac_ct_CC='/usr/bin/gcc'
ac_ct_CXX='g++'
ac_ct_DUMPBIN=''
am__EXEEXT_FALSE=''
am__EXEEXT_TRUE='#'
am__fastdepCC_FALSE='#'
am__fastdepCC_TRUE=''
am__fastdepCXX_FALSE='#'
am__fastdepCXX_TRUE=''
am__include='include'
am__isrc=''
am__leading_dot='.'
am__quote=''
am__tar='${AMTAR} chof - "$$tardir"'
am__untar='${AMTAR} xf -'
bindir='${exec_prefix}/bin'
build='arm-apple-darwin10.4.0'
build_alias=''
build_cpu='arm'
build_os='darwin10.4.0'
build_vendor='apple'
datadir='${datarootdir}'
datarootdir='${prefix}/share'
docdir='${datarootdir}/doc/${PACKAGE}'
dvidir='${docdir}'
exec_prefix='${prefix}'
host='arm-apple-darwin10.4.0'
host_alias=''
host_cpu='arm'
host_os='darwin10.4.0'
host_vendor='apple'
htmldir='${docdir}'
includedir='${prefix}/include'
infodir='${datarootdir}/info'
install_sh='${SHELL} /home/chris/enchant-1.6.0/install-sh'
libdir='${exec_prefix}/lib'
libexecdir='${exec_prefix}/libexec'
localedir='${datarootdir}/locale'
localstatedir='${prefix}/var'
lt_ECHO='echo'
mandir='${datarootdir}/man'
mkdir_p='/bin/mkdir -p'
oldincludedir='/usr/include'
pdfdir='${docdir}'
prefix='/usr/local'
program_transform_name='s,x,x,'
psdir='${docdir}'
sbindir='${exec_prefix}/sbin'
sharedstatedir='${prefix}/com'
sysconfdir='${prefix}/etc'
target_alias=''

## ----------- ##
## confdefs.h. ##
## ----------- ##

#define PACKAGE_NAME ""
#define PACKAGE_TARNAME ""
#define PACKAGE_VERSION ""
#define PACKAGE_STRING ""
#define PACKAGE_BUGREPORT ""
#define PACKAGE "enchant"
#define VERSION "1.6.0"
#define STDC_HEADERS 1
#define HAVE_SYS_TYPES_H 1
#define HAVE_SYS_STAT_H 1
#define HAVE_STDLIB_H 1
#define HAVE_STRING_H 1
#define HAVE_MEMORY_H 1
#define HAVE_STRINGS_H 1
#define HAVE_INTTYPES_H 1
#define HAVE_STDINT_H 1
#define HAVE_UNISTD_H 1
#define HAVE_DLFCN_H 1
#define LT_OBJDIR ".libs/"
#define HAVE_FLOCK 1
#define HAVE_LOCKF 1
#define HAVE_LOCALE_H 1
#define HAVE_LC_MESSAGES 1

configure: exit 0
