This file contains any messages produced by compilers while
running configure, to aid debugging if configure makes a mistake.

It was created by libXxf86dga configure 1.0.2, which was
generated by GNU Autoconf 2.61.  Invocation command line was

  $ ./configure 

## --------- ##
## Platform. ##
## --------- ##

hostname = Chriss-iPad
uname -m = iPad1,1
uname -r = 10.4.0
uname -s = Darwin
uname -v = Darwin Kernel Version 10.4.0: Wed Oct 20 20:14:45 PDT 2010; root:xnu-1504.58.28~3/RELEASE_ARM_S5L8930X

/usr/bin/uname -p = unknown
/bin/uname -X     = unknown

/bin/arch              = unknown
/usr/bin/arch -k       = unknown
/usr/convex/getsysinfo = unknown
/usr/bin/hostinfo      = Mach kernel version:
	 Darwin Kernel Version 10.4.0: Wed Oct 20 20:14:45 PDT 2010; root:xnu-1504.58.28~3/RELEASE_ARM_S5L8930X
Kernel configured for a single processor only.
1 processor is physically available.
1 processor is logically available.
Processor type: armv7 (arm v7)
Processor active: 0
Primary memory available: 247.00 megabytes
Default processor set: 35 tasks, 248 threads, 1 processors
Load average: 2.60, Mach factor: 0.27
/bin/machine           = unknown
/usr/bin/oslevel       = unknown
/bin/universe          = unknown

PATH: /usr/local/sbin
PATH: /usr/local/bin
PATH: /usr/sbin
PATH: /usr/bin
PATH: /sbin
PATH: /bin
PATH: /usr/bin/X11
PATH: /usr/games
PATH: /var/mobile/ocaml-3.12.0/bin


## ----------- ##
## Core tests. ##
## ----------- ##

configure:2012: checking for a BSD-compatible install
configure:2068: result: /usr/bin/install -c
configure:2079: checking whether build environment is sane
configure:2122: result: yes
configure:2150: checking for a thread-safe mkdir -p
configure:2189: result: /bin/mkdir -p
configure:2202: checking for gawk
configure:2218: found /usr/bin/gawk
configure:2229: result: gawk
configure:2240: checking whether make sets $(MAKE)
configure:2261: result: yes
configure:2449: checking whether to enable maintainer-specific portions of Makefiles
configure:2458: result: no
configure:2524: checking for gcc
configure:2551: result: /usr/bin/gcc
configure:2789: checking for C compiler version
configure:2796: /usr/bin/gcc --version >&5
gcc (GCC) 4.2.1 (Based on Apple Inc. build 5555)
Copyright (C) 2007 Free Software Foundation, Inc.
This is free software; see the source for copying conditions.  There is NO
warranty; not even for MERCHANTABILITY or FITNESS FOR A PARTICULAR PURPOSE.

configure:2799: $? = 0
configure:2806: /usr/bin/gcc -v >&5
Using built-in specs.
Target: arm-apple-darwin9
Configured with: ../llvm-gcc-4.2/configure --build=x86_64-unknown-linux-gnu --host=arm-apple-darwin9 --enable-static=no --enable-shared=yes --prefix=/usr --localstatedir=/var/cache/iphone-gcc --enable-languages=c,c++,objc,obj-c++ --enable-wchar_t=no --with-gxx-include-dir=/usr/include/c++/4.0.0
Thread model: posix
gcc version 4.2.1 (Based on Apple Inc. build 5555)
configure:2809: $? = 0
configure:2816: /usr/bin/gcc -V >&5
gcc: '-V' option must have argument
configure:2819: $? = 1
configure:2842: checking for C compiler default output file name
configure:2869: /usr/bin/gcc    conftest.c  >&5
configure:2872: $? = 0
configure:2910: result: a.out
configure:2927: checking whether the C compiler works
configure:2937: ./a.out
configure:2940: $? = 0
configure:2957: result: yes
configure:2964: checking whether we are cross compiling
configure:2966: result: no
configure:2969: checking for suffix of executables
configure:2976: /usr/bin/gcc -o conftest    conftest.c  >&5
configure:2979: $? = 0
configure:3003: result: 
configure:3009: checking for suffix of object files
configure:3035: /usr/bin/gcc -c   conftest.c >&5
configure:3038: $? = 0
configure:3061: result: o
configure:3065: checking whether we are using the GNU C compiler
configure:3094: /usr/bin/gcc -c   conftest.c >&5
configure:3100: $? = 0
configure:3117: result: yes
configure:3122: checking whether /usr/bin/gcc accepts -g
configure:3152: /usr/bin/gcc -c -g  conftest.c >&5
configure:3158: $? = 0
configure:3257: result: yes
configure:3274: checking for /usr/bin/gcc option to accept ISO C89
configure:3348: /usr/bin/gcc  -c -g -O2  conftest.c >&5
configure:3354: $? = 0
configure:3377: result: none needed
configure:3406: checking for style of include used by make
configure:3434: result: GNU
configure:3459: checking dependency style of /usr/bin/gcc
configure:3550: result: gcc3
configure:3643: checking build system type
configure:3661: result: arm-apple-darwin10.4.0
configure:3683: checking host system type
configure:3698: result: arm-apple-darwin10.4.0
configure:3720: checking for a sed that does not truncate output
configure:3774: result: /bin/sed
configure:3777: checking for grep that handles long lines and -e
configure:3851: result: /bin/grep
configure:3856: checking for egrep
configure:3934: result: /bin/grep -E
configure:3950: checking for ld used by /usr/bin/gcc
configure:4017: result: /usr/bin/ld
configure:4026: checking if the linker (/usr/bin/ld) is GNU ld
configure:4041: result: no
configure:4046: checking for /usr/bin/ld option to reload object files
configure:4053: result: -r
configure:4071: checking for BSD-compatible nm
configure:4120: result: /usr/bin/nm -p
configure:4124: checking whether ln -s works
configure:4128: result: yes
configure:4135: checking how to recognise dependent libraries
configure:4311: result: pass_all
configure:4545: checking how to run the C preprocessor
configure:4585: /usr/bin/gcc -E  conftest.c
configure:4591: $? = 0
configure:4622: /usr/bin/gcc -E  conftest.c
conftest.c:10:28: error: ac_nonexistent.h: No such file or directory
configure:4628: $? = 1
configure: failed program was:
| /* confdefs.h.  */
| #define PACKAGE_NAME "libXxf86dga"
| #define PACKAGE_TARNAME "libXxf86dga"
| #define PACKAGE_VERSION "1.0.2"
| #define PACKAGE_STRING "libXxf86dga 1.0.2"
| #define PACKAGE_BUGREPORT "https://bugs.freedesktop.org/enter_bug.cgi?product=xorg"
| #define PACKAGE "libXxf86dga"
| #define VERSION "1.0.2"
| /* end confdefs.h.  */
| #include <ac_nonexistent.h>
configure:4661: result: /usr/bin/gcc -E
configure:4690: /usr/bin/gcc -E  conftest.c
configure:4696: $? = 0
configure:4727: /usr/bin/gcc -E  conftest.c
conftest.c:10:28: error: ac_nonexistent.h: No such file or directory
configure:4733: $? = 1
configure: failed program was:
| /* confdefs.h.  */
| #define PACKAGE_NAME "libXxf86dga"
| #define PACKAGE_TARNAME "libXxf86dga"
| #define PACKAGE_VERSION "1.0.2"
| #define PACKAGE_STRING "libXxf86dga 1.0.2"
| #define PACKAGE_BUGREPORT "https://bugs.freedesktop.org/enter_bug.cgi?product=xorg"
| #define PACKAGE "libXxf86dga"
| #define VERSION "1.0.2"
| /* end confdefs.h.  */
| #include <ac_nonexistent.h>
configure:4771: checking for ANSI C header files
configure:4801: /usr/bin/gcc -c -g -O2  conftest.c >&5
configure:4807: $? = 0
configure:4906: /usr/bin/gcc -o conftest -g -O2   conftest.c  >&5
configure:4909: $? = 0
configure:4915: ./conftest
configure:4918: $? = 0
configure:4935: result: yes
configure:4959: checking for sys/types.h
configure:4980: /usr/bin/gcc -c -g -O2  conftest.c >&5
configure:4986: $? = 0
configure:5002: result: yes
configure:4959: checking for sys/stat.h
configure:4980: /usr/bin/gcc -c -g -O2  conftest.c >&5
configure:4986: $? = 0
configure:5002: result: yes
configure:4959: checking for stdlib.h
configure:4980: /usr/bin/gcc -c -g -O2  conftest.c >&5
configure:4986: $? = 0
configure:5002: result: yes
configure:4959: checking for string.h
configure:4980: /usr/bin/gcc -c -g -O2  conftest.c >&5
configure:4986: $? = 0
configure:5002: result: yes
configure:4959: checking for memory.h
configure:4980: /usr/bin/gcc -c -g -O2  conftest.c >&5
configure:4986: $? = 0
configure:5002: result: yes
configure:4959: checking for strings.h
configure:4980: /usr/bin/gcc -c -g -O2  conftest.c >&5
configure:4986: $? = 0
configure:5002: result: yes
configure:4959: checking for inttypes.h
configure:4980: /usr/bin/gcc -c -g -O2  conftest.c >&5
configure:4986: $? = 0
configure:5002: result: yes
configure:4959: checking for stdint.h
configure:4980: /usr/bin/gcc -c -g -O2  conftest.c >&5
configure:4986: $? = 0
configure:5002: result: yes
configure:4959: checking for unistd.h
configure:4980: /usr/bin/gcc -c -g -O2  conftest.c >&5
configure:4986: $? = 0
configure:5002: result: yes
configure:5029: checking dlfcn.h usability
configure:5046: /usr/bin/gcc -c -g -O2  conftest.c >&5
configure:5052: $? = 0
configure:5066: result: yes
configure:5070: checking dlfcn.h presence
configure:5085: /usr/bin/gcc -E  conftest.c
configure:5091: $? = 0
configure:5105: result: yes
configure:5138: checking for dlfcn.h
configure:5146: result: yes
configure:5217: checking for g++
configure:5233: found /usr/bin/g++
configure:5244: result: g++
configure:5275: checking for C++ compiler version
configure:5282: g++ --version >&5
g++ (GCC) 4.2.1 (Based on Apple Inc. build 5555)
Copyright (C) 2007 Free Software Foundation, Inc.
This is free software; see the source for copying conditions.  There is NO
warranty; not even for MERCHANTABILITY or FITNESS FOR A PARTICULAR PURPOSE.

configure:5285: $? = 0
configure:5292: g++ -v >&5
Using built-in specs.
Target: arm-apple-darwin9
Configured with: ../llvm-gcc-4.2/configure --build=x86_64-unknown-linux-gnu --host=arm-apple-darwin9 --enable-static=no --enable-shared=yes --prefix=/usr --localstatedir=/var/cache/iphone-gcc --enable-languages=c,c++,objc,obj-c++ --enable-wchar_t=no --with-gxx-include-dir=/usr/include/c++/4.0.0
Thread model: posix
gcc version 4.2.1 (Based on Apple Inc. build 5555)
configure:5295: $? = 0
configure:5302: g++ -V >&5
g++: '-V' option must have argument
configure:5305: $? = 1
configure:5308: checking whether we are using the GNU C++ compiler
configure:5337: g++ -c   conftest.cpp >&5
configure:5343: $? = 0
configure:5360: result: yes
configure:5365: checking whether g++ accepts -g
configure:5395: g++ -c -g  conftest.cpp >&5
configure:5401: $? = 0
configure:5500: result: yes
configure:5525: checking dependency style of g++
configure:5616: result: gcc3
configure:5641: checking how to run the C++ preprocessor
configure:5677: g++ -E  conftest.cpp
configure:5683: $? = 0
configure:5714: g++ -E  conftest.cpp
conftest.cpp:21:28: error: ac_nonexistent.h: No such file or directory
configure:5720: $? = 1
configure: failed program was:
| /* confdefs.h.  */
| #define PACKAGE_NAME "libXxf86dga"
| #define PACKAGE_TARNAME "libXxf86dga"
| #define PACKAGE_VERSION "1.0.2"
| #define PACKAGE_STRING "libXxf86dga 1.0.2"
| #define PACKAGE_BUGREPORT "https://bugs.freedesktop.org/enter_bug.cgi?product=xorg"
| #define PACKAGE "libXxf86dga"
| #define VERSION "1.0.2"
| #define STDC_HEADERS 1
| #define HAVE_SYS_TYPES_H 1
| #define HAVE_SYS_STAT_H 1
| #define HAVE_STDLIB_H 1
| #define HAVE_STRING_H 1
| #define HAVE_MEMORY_H 1
| #define HAVE_STRINGS_H 1
| #define HAVE_INTTYPES_H 1
| #define HAVE_STDINT_H 1
| #define HAVE_UNISTD_H 1
| #define HAVE_DLFCN_H 1
| /* end confdefs.h.  */
| #include <ac_nonexistent.h>
configure:5753: result: g++ -E
configure:5782: g++ -E  conftest.cpp
configure:5788: $? = 0
configure:5819: g++ -E  conftest.cpp
conftest.cpp:21:28: error: ac_nonexistent.h: No such file or directory
configure:5825: $? = 1
configure: failed program was:
| /* confdefs.h.  */
| #define PACKAGE_NAME "libXxf86dga"
| #define PACKAGE_TARNAME "libXxf86dga"
| #define PACKAGE_VERSION "1.0.2"
| #define PACKAGE_STRING "libXxf86dga 1.0.2"
| #define PACKAGE_BUGREPORT "https://bugs.freedesktop.org/enter_bug.cgi?product=xorg"
| #define PACKAGE "libXxf86dga"
| #define VERSION "1.0.2"
| #define STDC_HEADERS 1
| #define HAVE_SYS_TYPES_H 1
| #define HAVE_SYS_STAT_H 1
| #define HAVE_STDLIB_H 1
| #define HAVE_STRING_H 1
| #define HAVE_MEMORY_H 1
| #define HAVE_STRINGS_H 1
| #define HAVE_INTTYPES_H 1
| #define HAVE_STDINT_H 1
| #define HAVE_UNISTD_H 1
| #define HAVE_DLFCN_H 1
| /* end confdefs.h.  */
| #include <ac_nonexistent.h>
configure:5918: checking for g77
configure:5948: result: no
configure:5918: checking for xlf
configure:5948: result: no
configure:5918: checking for f77
configure:5948: result: no
configure:5918: checking for frt
configure:5948: result: no
configure:5918: checking for pgf77
configure:5948: result: no
configure:5918: checking for cf77
configure:5948: result: no
configure:5918: checking for fort77
configure:5948: result: no
configure:5918: checking for fl32
configure:5948: result: no
configure:5918: checking for af77
configure:5948: result: no
configure:5918: checking for xlf90
configure:5948: result: no
configure:5918: checking for f90
configure:5948: result: no
configure:5918: checking for pgf90
configure:5948: result: no
configure:5918: checking for pghpf
configure:5948: result: no
configure:5918: checking for epcf90
configure:5948: result: no
configure:5918: checking for gfortran
configure:5948: result: no
configure:5918: checking for g95
configure:5948: result: no
configure:5918: checking for xlf95
configure:5948: result: no
configure:5918: checking for f95
configure:5948: result: no
configure:5918: checking for fort
configure:5948: result: no
configure:5918: checking for ifort
configure:5948: result: no
configure:5918: checking for ifc
configure:5948: result: no
configure:5918: checking for efc
configure:5948: result: no
configure:5918: checking for pgf95
configure:5948: result: no
configure:5918: checking for lf95
configure:5948: result: no
configure:5918: checking for ftn
configure:5948: result: no
configure:5975: checking for Fortran 77 compiler version
configure:5982:  --version >&5
./configure: line 5983: --version: command not found
configure:5985: $? = 127
configure:5992:  -v >&5
./configure: line 5993: -v: command not found
configure:5995: $? = 127
configure:6002:  -V >&5
./configure: line 6003: -V: command not found
configure:6005: $? = 127
configure:6013: checking whether we are using the GNU Fortran 77 compiler
configure:6032:  -c  conftest.F >&5
./configure: line 6033: -c: command not found
configure:6038: $? = 127
configure: failed program was:
|       program main
| #ifndef __GNUC__
|        choke me
| #endif
| 
|       end
configure:6055: result: no
configure:6061: checking whether  accepts -g
configure:6078:  -c -g conftest.f >&5
./configure: line 6079: -c: command not found
configure:6084: $? = 127
configure: failed program was:
|       program main
| 
|       end
configure:6100: result: no
configure:6130: checking the maximum length of command line arguments
configure:6239: result: 196608
configure:6250: checking command to parse /usr/bin/nm -p output from /usr/bin/gcc object
configure:6355: /usr/bin/gcc -c -g -O2  conftest.c >&5
configure:6358: $? = 0
configure:6362: /usr/bin/nm -p conftest.o \| sed -n -e 's/^.*[ 	]\([BCDEGRST][BCDEGRST]*\)[ 	][ 	]*\([_A-Za-z][_A-Za-z0-9]*\)$/\1 \2 \2/p' \> conftest.nm
configure:6365: $? = 0
cannot find nm_test_var in conftest.nm
configure:6355: /usr/bin/gcc -c -g -O2  conftest.c >&5
configure:6358: $? = 0
configure:6362: /usr/bin/nm -p conftest.o \| sed -n -e 's/^.*[ 	]\([BCDEGRST][BCDEGRST]*\)[ 	][ 	]*_\([_A-Za-z][_A-Za-z0-9]*\)$/\1 _\2 \2/p' \> conftest.nm
configure:6365: $? = 0
configure:6417: /usr/bin/gcc -o conftest -g -O2   conftest.c conftstm.o >&5
configure:6420: $? = 0
configure:6458: result: ok
configure:6462: checking for objdir
configure:6477: result: .libs
configure:6569: checking for ar
configure:6585: found /usr/bin/ar
configure:6596: result: ar
configure:6665: checking for ranlib
configure:6681: found /usr/bin/ranlib
configure:6692: result: ranlib
configure:6761: checking for strip
configure:6777: found /usr/bin/strip
configure:6788: result: strip
configure:7074: checking if /usr/bin/gcc supports -fno-rtti -fno-exceptions
configure:7092: /usr/bin/gcc -c -g -O2  -fno-rtti -fno-exceptions conftest.c >&5
cc1: warning: command line option "-fno-rtti" is valid for C++/ObjC++ but not for C
configure:7096: $? = 0
configure:7109: result: no
configure:7124: checking for /usr/bin/gcc option to produce PIC
configure:7334: result: -fno-common
configure:7342: checking if /usr/bin/gcc PIC flag -fno-common works
configure:7360: /usr/bin/gcc -c -g -O2  -fno-common -DPIC conftest.c >&5
configure:7364: $? = 0
configure:7377: result: yes
configure:7405: checking if /usr/bin/gcc static flag -static works
configure:7433: result: no
configure:7443: checking if /usr/bin/gcc supports -c -o file.o
configure:7464: /usr/bin/gcc -c -g -O2  -o out/conftest2.o conftest.c >&5
configure:7468: $? = 0
configure:7490: result: yes
configure:7516: checking whether the /usr/bin/gcc linker (/usr/bin/ld) supports shared libraries
configure:8470: result: yes
configure:8537: checking dynamic linker characteristics
configure:9125: result: darwin10.4.0 dyld
configure:9134: checking how to hardcode library paths into programs
configure:9159: result: immediate
configure:9173: checking whether stripping libraries is possible
configure:9186: result: yes
configure:9979: checking if libtool supports shared libraries
configure:9981: result: yes
configure:9984: checking whether to build shared libraries
configure:10005: result: yes
configure:10008: checking whether to build static libraries
configure:10012: result: yes
configure:10104: creating libtool
configure:10692: checking for ld used by g++
configure:10759: result: /usr/bin/ld
configure:10768: checking if the linker (/usr/bin/ld) is GNU ld
configure:10783: result: no
configure:10834: checking whether the g++ linker (/usr/bin/ld) supports shared libraries
configure:11768: result: yes
configure:11786: g++ -c -g -O2  conftest.cpp >&5
configure:11789: $? = 0
configure:11908: checking for g++ option to produce PIC
configure:12182: result: -fno-common
configure:12190: checking if g++ PIC flag -fno-common works
configure:12208: g++ -c -g -O2  -fno-common -DPIC conftest.cpp >&5
configure:12212: $? = 0
configure:12225: result: yes
configure:12253: checking if g++ static flag -static works
configure:12281: result: no
configure:12291: checking if g++ supports -c -o file.o
configure:12312: g++ -c -g -O2  -o out/conftest2.o conftest.cpp >&5
configure:12316: $? = 0
configure:12338: result: yes
configure:12364: checking whether the g++ linker (/usr/bin/ld) supports shared libraries
configure:12389: result: yes
configure:12456: checking dynamic linker characteristics
configure:13044: result: darwin10.4.0 dyld
configure:13053: checking how to hardcode library paths into programs
configure:13078: result: immediate
configure:19269: checking for pkg-config
configure:19287: found /usr/bin/pkg-config
configure:19299: result: /usr/bin/pkg-config
configure:19328: checking pkg-config is at least version 0.9.0
configure:19331: result: yes
configure:19342: checking for XXF86DGA
configure:19350: $PKG_CONFIG --exists --print-errors "xproto x11 xextproto xext xf86dgaproto >= 2.0.3"
configure:19353: $? = 0
configure:19368: $PKG_CONFIG --exists --print-errors "xproto x11 xextproto xext xf86dgaproto >= 2.0.3"
configure:19371: $? = 0
configure:19447: result: yes
configure:19461: checking whether malloc(0) returns NULL
configure:19491: /usr/bin/gcc -o conftest -g -O2   conftest.c  >&5
conftest.c:2: warning: conflicting types for built-in function 'malloc'
conftest.c:4: warning: conflicting types for built-in function 'calloc'
conftest.c: In function 'main':
conftest.c:11: warning: incompatible implicit declaration of built-in function 'exit'
configure:19494: $? = 0
configure:19500: ./conftest
configure:19503: $? = 1
configure: program exited with status 1
configure: failed program was:
| 
| char *malloc();
| char *realloc();
| char *calloc();
| main() {
|     char *m0, *r0, *c0, *p;
|     m0 = malloc(0);
|     p = malloc(10);
|     r0 = realloc(p,0);
|     c0 = calloc(0);
|     exit(m0 == 0 || r0 == 0 || c0 == 0 ? 0 : 1);
| }
configure:19519: result: no
configure:19777: creating ./config.status

## ---------------------- ##
## Running config.status. ##
## ---------------------- ##

This file was extended by libXxf86dga config.status 1.0.2, which was
generated by GNU Autoconf 2.61.  Invocation command line was

  CONFIG_FILES    = 
  CONFIG_HEADERS  = 
  CONFIG_LINKS    = 
  CONFIG_COMMANDS = 
  $ ./config.status 

on Chriss-iPad

config.status:685: creating Makefile
config.status:685: creating src/Makefile
config.status:685: creating man/Makefile
config.status:685: creating xxf86dga.pc
config.status:685: creating src/config.h
config.status:961: executing depfiles commands

## ---------------- ##
## Cache variables. ##
## ---------------- ##

ac_cv_build=arm-apple-darwin10.4.0
ac_cv_c_compiler_gnu=yes
ac_cv_cxx_compiler_gnu=yes
ac_cv_env_CCC_set=
ac_cv_env_CCC_value=
ac_cv_env_CC_set=set
ac_cv_env_CC_value=/usr/bin/gcc
ac_cv_env_CFLAGS_set=
ac_cv_env_CFLAGS_value=
ac_cv_env_CPPFLAGS_set=
ac_cv_env_CPPFLAGS_value=
ac_cv_env_CPP_set=
ac_cv_env_CPP_value=
ac_cv_env_CXXCPP_set=
ac_cv_env_CXXCPP_value=
ac_cv_env_CXXFLAGS_set=
ac_cv_env_CXXFLAGS_value=
ac_cv_env_CXX_set=
ac_cv_env_CXX_value=
ac_cv_env_F77_set=
ac_cv_env_F77_value=
ac_cv_env_FFLAGS_set=
ac_cv_env_FFLAGS_value=
ac_cv_env_LDFLAGS_set=
ac_cv_env_LDFLAGS_value=
ac_cv_env_LIBS_set=
ac_cv_env_LIBS_value=
ac_cv_env_PKG_CONFIG_set=
ac_cv_env_PKG_CONFIG_value=
ac_cv_env_XXF86DGA_CFLAGS_set=
ac_cv_env_XXF86DGA_CFLAGS_value=
ac_cv_env_XXF86DGA_LIBS_set=
ac_cv_env_XXF86DGA_LIBS_value=
ac_cv_env_build_alias_set=
ac_cv_env_build_alias_value=
ac_cv_env_host_alias_set=
ac_cv_env_host_alias_value=
ac_cv_env_target_alias_set=
ac_cv_env_target_alias_value=
ac_cv_f77_compiler_gnu=no
ac_cv_header_dlfcn_h=yes
ac_cv_header_inttypes_h=yes
ac_cv_header_memory_h=yes
ac_cv_header_stdc=yes
ac_cv_header_stdint_h=yes
ac_cv_header_stdlib_h=yes
ac_cv_header_string_h=yes
ac_cv_header_strings_h=yes
ac_cv_header_sys_stat_h=yes
ac_cv_header_sys_types_h=yes
ac_cv_header_unistd_h=yes
ac_cv_host=arm-apple-darwin10.4.0
ac_cv_objext=o
ac_cv_path_EGREP='/bin/grep -E'
ac_cv_path_GREP=/bin/grep
ac_cv_path_ac_pt_PKG_CONFIG=/usr/bin/pkg-config
ac_cv_path_install='/usr/bin/install -c'
ac_cv_path_mkdir=/bin/mkdir
ac_cv_prog_AWK=gawk
ac_cv_prog_CPP='/usr/bin/gcc -E'
ac_cv_prog_CXXCPP='g++ -E'
ac_cv_prog_ac_ct_AR=ar
ac_cv_prog_ac_ct_CC=/usr/bin/gcc
ac_cv_prog_ac_ct_CXX=g++
ac_cv_prog_ac_ct_RANLIB=ranlib
ac_cv_prog_ac_ct_STRIP=strip
ac_cv_prog_cc_c89=
ac_cv_prog_cc_g=yes
ac_cv_prog_cxx_g=yes
ac_cv_prog_f77_g=no
ac_cv_prog_make_make_set=yes
am_cv_CC_dependencies_compiler_type=gcc3
am_cv_CXX_dependencies_compiler_type=gcc3
lt_cv_deplibs_check_method=pass_all
lt_cv_file_magic_cmd='$MAGIC_CMD'
lt_cv_file_magic_test_file=
lt_cv_ld_reload_flag=-r
lt_cv_objdir=.libs
lt_cv_path_LD=/usr/bin/ld
lt_cv_path_LDCXX=/usr/bin/ld
lt_cv_path_NM='/usr/bin/nm -p'
lt_cv_path_SED=/bin/sed
lt_cv_prog_compiler_c_o=yes
lt_cv_prog_compiler_c_o_CXX=yes
lt_cv_prog_compiler_rtti_exceptions=no
lt_cv_prog_gnu_ld=no
lt_cv_prog_gnu_ldcxx=no
lt_cv_sys_global_symbol_pipe='sed -n -e '\''s/^.*[ 	]\([BCDEGRST][BCDEGRST]*\)[ 	][ 	]*_\([_A-Za-z][_A-Za-z0-9]*\)$/\1 _\2 \2/p'\'''
lt_cv_sys_global_symbol_to_c_name_address='sed -n -e '\''s/^: \([^ ]*\) $/  {\"\1\", (lt_ptr) 0},/p'\'' -e '\''s/^[BCDEGRST] \([^ ]*\) \([^ ]*\)$/  {"\2", (lt_ptr) \&\2},/p'\'''
lt_cv_sys_global_symbol_to_cdecl='sed -n -e '\''s/^. .* \(.*\)$/extern int \1;/p'\'''
lt_cv_sys_max_cmd_len=196608
lt_lt_cv_prog_compiler_c_o='"yes"'
lt_lt_cv_prog_compiler_c_o_CXX='"yes"'
lt_lt_cv_sys_global_symbol_pipe='"sed -n -e '\''s/^.*[ 	]\\([BCDEGRST][BCDEGRST]*\\)[ 	][ 	]*_\\([_A-Za-z][_A-Za-z0-9]*\\)\$/\\1 _\\2 \\2/p'\''"'
lt_lt_cv_sys_global_symbol_to_c_name_address='"sed -n -e '\''s/^: \\([^ ]*\\) \$/  {\\\"\\1\\\", (lt_ptr) 0},/p'\'' -e '\''s/^[BCDEGRST] \\([^ ]*\\) \\([^ ]*\\)\$/  {\"\\2\", (lt_ptr) \\&\\2},/p'\''"'
lt_lt_cv_sys_global_symbol_to_cdecl='"sed -n -e '\''s/^. .* \\(.*\\)\$/extern int \\1;/p'\''"'
pkg_cv_XXF86DGA_CFLAGS=' '
pkg_cv_XXF86DGA_LIBS='-L/usr/local/lib -lX11 -lXext  '

## ----------------- ##
## Output variables. ##
## ----------------- ##

ACLOCAL='${SHELL} /home/chris/xorg/libXxf86dga-1.0.2/missing --run aclocal-1.10'
ADMIN_MAN_DIR='$(mandir)/man$(ADMIN_MAN_SUFFIX)'
ADMIN_MAN_SUFFIX='8'
AMDEPBACKSLASH='\'
AMDEP_FALSE='#'
AMDEP_TRUE=''
AMTAR='${SHELL} /home/chris/xorg/libXxf86dga-1.0.2/missing --run tar'
APP_MAN_DIR='$(mandir)/man$(APP_MAN_SUFFIX)'
APP_MAN_SUFFIX='1'
AR='ar'
AUTOCONF='${SHELL} /home/chris/xorg/libXxf86dga-1.0.2/missing --run autoconf'
AUTOHEADER='${SHELL} /home/chris/xorg/libXxf86dga-1.0.2/missing --run autoheader'
AUTOMAKE='${SHELL} /home/chris/xorg/libXxf86dga-1.0.2/missing --run automake-1.10'
AWK='gawk'
CC='/usr/bin/gcc'
CCDEPMODE='depmode=gcc3'
CFLAGS='-g -O2'
CPP='/usr/bin/gcc -E'
CPPFLAGS=''
CXX='g++'
CXXCPP='g++ -E'
CXXDEPMODE='depmode=gcc3'
CXXFLAGS='-g -O2'
CYGPATH_W='echo'
DEFS='-DHAVE_CONFIG_H'
DEPDIR='.deps'
DRIVER_MAN_DIR='$(mandir)/man$(DRIVER_MAN_SUFFIX)'
DRIVER_MAN_SUFFIX='4'
ECHO='echo'
ECHO_C=''
ECHO_N='-n'
ECHO_T=''
EGREP='/bin/grep -E'
EXEEXT=''
F77=''
FFLAGS=''
FILE_MAN_DIR='$(mandir)/man$(FILE_MAN_SUFFIX)'
FILE_MAN_SUFFIX='5'
GREP='/bin/grep'
INSTALL_DATA='${INSTALL} -m 644'
INSTALL_PROGRAM='${INSTALL}'
INSTALL_SCRIPT='${INSTALL}'
INSTALL_STRIP_PROGRAM='$(install_sh) -c -s'
LDFLAGS=''
LIBOBJS=''
LIBS=''
LIBTOOL='$(SHELL) $(top_builddir)/libtool'
LIB_MAN_DIR='$(mandir)/man$(LIB_MAN_SUFFIX)'
LIB_MAN_SUFFIX='3'
LN_S='ln -s'
LTLIBOBJS=''
MAINT='#'
MAINTAINER_MODE_FALSE=''
MAINTAINER_MODE_TRUE='#'
MAKEINFO='${SHELL} /home/chris/xorg/libXxf86dga-1.0.2/missing --run makeinfo'
MALLOC_ZERO_CFLAGS=''
MISC_MAN_DIR='$(mandir)/man$(MISC_MAN_SUFFIX)'
MISC_MAN_SUFFIX='7'
OBJEXT='o'
PACKAGE='libXxf86dga'
PACKAGE_BUGREPORT='https://bugs.freedesktop.org/enter_bug.cgi?product=xorg'
PACKAGE_NAME='libXxf86dga'
PACKAGE_STRING='libXxf86dga 1.0.2'
PACKAGE_TARNAME='libXxf86dga'
PACKAGE_VERSION='1.0.2'
PATH_SEPARATOR=':'
PKG_CONFIG='/usr/bin/pkg-config'
RANLIB='ranlib'
SET_MAKE=''
SHELL='/bin/sh'
STRIP='strip'
VERSION='1.0.2'
XMALLOC_ZERO_CFLAGS=''
XTMALLOC_ZERO_CFLAGS=''
XXF86DGA_CFLAGS=' '
XXF86DGA_LIBS='-L/usr/local/lib -lX11 -lXext  '
ac_ct_CC='/usr/bin/gcc'
ac_ct_CXX='g++'
ac_ct_F77=''
am__fastdepCC_FALSE='#'
am__fastdepCC_TRUE=''
am__fastdepCXX_FALSE='#'
am__fastdepCXX_TRUE=''
am__include='include'
am__isrc=''
am__leading_dot='.'
am__quote=''
am__tar='${AMTAR} chof - "$$tardir"'
am__untar='${AMTAR} xf -'
bindir='${exec_prefix}/bin'
build='arm-apple-darwin10.4.0'
build_alias=''
build_cpu='arm'
build_os='darwin10.4.0'
build_vendor='apple'
datadir='${datarootdir}'
datarootdir='${prefix}/share'
docdir='${datarootdir}/doc/${PACKAGE_TARNAME}'
dvidir='${docdir}'
exec_prefix='${prefix}'
host='arm-apple-darwin10.4.0'
host_alias=''
host_cpu='arm'
host_os='darwin10.4.0'
host_vendor='apple'
htmldir='${docdir}'
includedir='${prefix}/include'
infodir='${datarootdir}/info'
install_sh='$(SHELL) /home/chris/xorg/libXxf86dga-1.0.2/install-sh'
libdir='${exec_prefix}/lib'
libexecdir='${exec_prefix}/libexec'
localedir='${datarootdir}/locale'
localstatedir='${prefix}/var'
mandir='${datarootdir}/man'
mkdir_p='/bin/mkdir -p'
oldincludedir='/usr/include'
pdfdir='${docdir}'
prefix='/usr/local'
program_transform_name='s,x,x,'
psdir='${docdir}'
sbindir='${exec_prefix}/sbin'
sharedstatedir='${prefix}/com'
sysconfdir='${prefix}/etc'
target_alias=''

## ----------- ##
## confdefs.h. ##
## ----------- ##

#define PACKAGE_NAME "libXxf86dga"
#define PACKAGE_TARNAME "libXxf86dga"
#define PACKAGE_VERSION "1.0.2"
#define PACKAGE_STRING "libXxf86dga 1.0.2"
#define PACKAGE_BUGREPORT "https://bugs.freedesktop.org/enter_bug.cgi?product=xorg"
#define PACKAGE "libXxf86dga"
#define VERSION "1.0.2"
#define STDC_HEADERS 1
#define HAVE_SYS_TYPES_H 1
#define HAVE_SYS_STAT_H 1
#define HAVE_STDLIB_H 1
#define HAVE_STRING_H 1
#define HAVE_MEMORY_H 1
#define HAVE_STRINGS_H 1
#define HAVE_INTTYPES_H 1
#define HAVE_STDINT_H 1
#define HAVE_UNISTD_H 1
#define HAVE_DLFCN_H 1
#define PACKAGE_VERSION_MAJOR 1
#define PACKAGE_VERSION_MINOR 0
#define PACKAGE_VERSION_PATCHLEVEL 2

configure: exit 0
