This file contains any messages produced by compilers while
running configure, to aid debugging if configure makes a mistake.

It was created by configure, which was
generated by GNU Autoconf 2.63.  Invocation command line was

  $ ./configure 

## --------- ##
## Platform. ##
## --------- ##

hostname = Chriss-iPad
uname -m = iPad1,1
uname -r = 11.0.0
uname -s = Darwin
uname -v = Darwin Kernel Version 11.0.0: Sun Apr  8 21:51:26 PDT 2012; root:xnu-1878.11.10~1/RELEASE_ARM_S5L8930X

/usr/bin/uname -p = unknown
/bin/uname -X     = unknown

/bin/arch              = unknown
/usr/bin/arch -k       = unknown
/usr/convex/getsysinfo = unknown
/usr/bin/hostinfo      = Mach kernel version:
	 Darwin Kernel Version 11.0.0: Sun Apr  8 21:51:26 PDT 2012; root:xnu-1878.11.10~1/RELEASE_ARM_S5L8930X
Kernel configured for a single processor only.
1 processor is physically available.
1 processor is logically available.
Processor type: armv7 (arm v7)
Processor active: 0
Primary memory available: 246.98 megabytes
Default processor set: 37 tasks, 247 threads, 1 processors
Load average: 3.69, Mach factor: 0.21
/bin/machine           = unknown
/usr/bin/oslevel       = unknown
/bin/universe          = unknown

PATH: /usr/local/sbin
PATH: /usr/local/bin
PATH: /usr/sbin
PATH: /usr/bin
PATH: /sbin
PATH: /bin
PATH: /usr/bin/X11
PATH: /usr/games
PATH: /usr/local/Gambit-C/bin


## ----------- ##
## Core tests. ##
## ----------- ##

configure:1893: checking for a BSD-compatible install
configure:1961: result: /usr/bin/install -c
configure:1972: checking whether build environment is sane
configure:2032: result: yes
configure:2173: checking for a thread-safe mkdir -p
configure:2212: result: /bin/mkdir -p
configure:2225: checking for gawk
configure:2241: found /usr/bin/gawk
configure:2252: result: gawk
configure:2263: checking whether make sets $(MAKE)
configure:2285: result: yes
configure:2370: checking whether to enable maintainer-specific portions of Makefiles
configure:2379: result: no
configure:2405: checking for style of include used by make
configure:2433: result: GNU
configure:2503: checking for gcc
configure:2530: result: /usr/bin/gcc
configure:2762: checking for C compiler version
configure:2770: /usr/bin/gcc --version >&5
gcc (GCC) 4.2.1 (Based on Apple Inc. build 5555)
Copyright (C) 2007 Free Software Foundation, Inc.
This is free software; see the source for copying conditions.  There is NO
warranty; not even for MERCHANTABILITY or FITNESS FOR A PARTICULAR PURPOSE.

configure:2774: $? = 0
configure:2781: /usr/bin/gcc -v >&5
Using built-in specs.
Target: arm-apple-darwin9
Configured with: ../llvm-gcc-4.2/configure --build=x86_64-unknown-linux-gnu --host=arm-apple-darwin9 --enable-static=no --enable-shared=yes --prefix=/usr --localstatedir=/var/cache/iphone-gcc --enable-languages=c,c++,objc,obj-c++ --enable-wchar_t=no --with-gxx-include-dir=/usr/include/c++/4.0.0
Thread model: posix
gcc version 4.2.1 (Based on Apple Inc. build 5555)
configure:2785: $? = 0
configure:2792: /usr/bin/gcc -V >&5
gcc: '-V' option must have argument
configure:2796: $? = 1
configure:2819: checking for C compiler default output file name
configure:2841: /usr/bin/gcc    conftest.c  >&5
configure:2845: $? = 0
configure:2883: result: a.out
configure:2902: checking whether the C compiler works
configure:2912: ./a.out
./configure: line 2914: 14426 Killed: 9               ./$ac_file
configure:2916: $? = 137
configure:2928: result: yes
configure:2935: checking whether we are cross compiling
configure:2937: result: no
configure:2940: checking for suffix of executables
configure:2947: /usr/bin/gcc -o conftest    conftest.c  >&5
configure:2951: $? = 0
configure:2977: result: 
configure:2983: checking for suffix of object files
configure:3009: /usr/bin/gcc -c   conftest.c >&5
configure:3013: $? = 0
configure:3038: result: o
configure:3042: checking whether we are using the GNU C compiler
configure:3071: /usr/bin/gcc -c   conftest.c >&5
configure:3078: $? = 0
configure:3095: result: yes
configure:3104: checking whether /usr/bin/gcc accepts -g
configure:3134: /usr/bin/gcc -c -g  conftest.c >&5
configure:3141: $? = 0
configure:3242: result: yes
configure:3259: checking for /usr/bin/gcc option to accept ISO C89
configure:3333: /usr/bin/gcc  -c -g -O2  conftest.c >&5
configure:3340: $? = 0
configure:3363: result: none needed
configure:3383: checking dependency style of /usr/bin/gcc
configure:3493: result: gcc3
configure:3509: checking for library containing strerror
configure:3550: /usr/bin/gcc -o conftest -g -O2   conftest.c  >&5
configure:3557: $? = 0
configure:3588: result: none required
configure:3644: checking for gcc
configure:3671: result: /usr/bin/gcc
configure:3903: checking for C compiler version
configure:3911: /usr/bin/gcc --version >&5
gcc (GCC) 4.2.1 (Based on Apple Inc. build 5555)
Copyright (C) 2007 Free Software Foundation, Inc.
This is free software; see the source for copying conditions.  There is NO
warranty; not even for MERCHANTABILITY or FITNESS FOR A PARTICULAR PURPOSE.

configure:3915: $? = 0
configure:3922: /usr/bin/gcc -v >&5
Using built-in specs.
Target: arm-apple-darwin9
Configured with: ../llvm-gcc-4.2/configure --build=x86_64-unknown-linux-gnu --host=arm-apple-darwin9 --enable-static=no --enable-shared=yes --prefix=/usr --localstatedir=/var/cache/iphone-gcc --enable-languages=c,c++,objc,obj-c++ --enable-wchar_t=no --with-gxx-include-dir=/usr/include/c++/4.0.0
Thread model: posix
gcc version 4.2.1 (Based on Apple Inc. build 5555)
configure:3926: $? = 0
configure:3933: /usr/bin/gcc -V >&5
gcc: '-V' option must have argument
configure:3937: $? = 1
configure:3940: checking whether we are using the GNU C compiler
configure:3993: result: yes
configure:4002: checking whether /usr/bin/gcc accepts -g
configure:4140: result: yes
configure:4157: checking for /usr/bin/gcc option to accept ISO C89
configure:4261: result: none needed
configure:4281: checking dependency style of /usr/bin/gcc
configure:4391: result: gcc3
configure:4454: checking for gcc
configure:4481: result: /usr/bin/gcc
configure:4713: checking for C compiler version
configure:4721: /usr/bin/gcc --version >&5
gcc (GCC) 4.2.1 (Based on Apple Inc. build 5555)
Copyright (C) 2007 Free Software Foundation, Inc.
This is free software; see the source for copying conditions.  There is NO
warranty; not even for MERCHANTABILITY or FITNESS FOR A PARTICULAR PURPOSE.

configure:4725: $? = 0
configure:4732: /usr/bin/gcc -v >&5
Using built-in specs.
Target: arm-apple-darwin9
Configured with: ../llvm-gcc-4.2/configure --build=x86_64-unknown-linux-gnu --host=arm-apple-darwin9 --enable-static=no --enable-shared=yes --prefix=/usr --localstatedir=/var/cache/iphone-gcc --enable-languages=c,c++,objc,obj-c++ --enable-wchar_t=no --with-gxx-include-dir=/usr/include/c++/4.0.0
Thread model: posix
gcc version 4.2.1 (Based on Apple Inc. build 5555)
configure:4736: $? = 0
configure:4743: /usr/bin/gcc -V >&5
gcc: '-V' option must have argument
configure:4747: $? = 1
configure:4750: checking whether we are using the GNU C compiler
configure:4803: result: yes
configure:4812: checking whether /usr/bin/gcc accepts -g
configure:4950: result: yes
configure:4967: checking for /usr/bin/gcc option to accept ISO C89
configure:5071: result: none needed
configure:5091: checking dependency style of /usr/bin/gcc
configure:5201: result: gcc3
configure:5262: checking for ranlib
configure:5278: found /usr/bin/ranlib
configure:5289: result: ranlib
configure:5316: checking how to run the C preprocessor
configure:5356: /usr/bin/gcc -E  conftest.c
configure:5363: $? = 0
configure:5394: /usr/bin/gcc -E  conftest.c
conftest.c:10:28: error: ac_nonexistent.h: No such file or directory
configure:5401: $? = 1
configure: failed program was:
| /* confdefs.h.  */
| #define PACKAGE_NAME ""
| #define PACKAGE_TARNAME ""
| #define PACKAGE_VERSION ""
| #define PACKAGE_STRING ""
| #define PACKAGE_BUGREPORT ""
| #define PACKAGE "xournal"
| #define VERSION "0.4.5"
| /* end confdefs.h.  */
| #include <ac_nonexistent.h>
configure:5434: result: /usr/bin/gcc -E
configure:5463: /usr/bin/gcc -E  conftest.c
configure:5470: $? = 0
configure:5501: /usr/bin/gcc -E  conftest.c
conftest.c:10:28: error: ac_nonexistent.h: No such file or directory
configure:5508: $? = 1
configure: failed program was:
| /* confdefs.h.  */
| #define PACKAGE_NAME ""
| #define PACKAGE_TARNAME ""
| #define PACKAGE_VERSION ""
| #define PACKAGE_STRING ""
| #define PACKAGE_BUGREPORT ""
| #define PACKAGE "xournal"
| #define VERSION "0.4.5"
| /* end confdefs.h.  */
| #include <ac_nonexistent.h>
configure:5548: checking for grep that handles long lines and -e
configure:5608: result: /bin/grep
configure:5613: checking for egrep
configure:5677: result: /bin/grep -E
configure:5682: checking for ANSI C header files
configure:5712: /usr/bin/gcc -c -g -O2  conftest.c >&5
configure:5719: $? = 0
configure:5818: /usr/bin/gcc -o conftest -g -O2   conftest.c  >&5
configure:5822: $? = 0
configure:5828: ./conftest
./configure: line 5830: 14668 Killed: 9               ./conftest$ac_exeext
configure:5832: $? = 137
configure: program exited with status 137
configure: failed program was:
| /* confdefs.h.  */
| #define PACKAGE_NAME ""
| #define PACKAGE_TARNAME ""
| #define PACKAGE_VERSION ""
| #define PACKAGE_STRING ""
| #define PACKAGE_BUGREPORT ""
| #define PACKAGE "xournal"
| #define VERSION "0.4.5"
| /* end confdefs.h.  */
| #include <ctype.h>
| #include <stdlib.h>
| #if ((' ' & 0x0FF) == 0x020)
| # define ISLOWER(c) ('a' <= (c) && (c) <= 'z')
| # define TOUPPER(c) (ISLOWER(c) ? 'A' + ((c) - 'a') : (c))
| #else
| # define ISLOWER(c) 		   (('a' <= (c) && (c) <= 'i') 		     || ('j' <= (c) && (c) <= 'r') 		     || ('s' <= (c) && (c) <= 'z'))
| # define TOUPPER(c) (ISLOWER(c) ? ((c) | 0x40) : (c))
| #endif
| 
| #define XOR(e, f) (((e) && !(f)) || (!(e) && (f)))
| int
| main ()
| {
|   int i;
|   for (i = 0; i < 256; i++)
|     if (XOR (islower (i), ISLOWER (i))
| 	|| toupper (i) != TOUPPER (i))
|       return 2;
|   return 0;
| }
configure:5850: result: no
configure:5911: checking for pkg-config
configure:5929: found /usr/local/bin/pkg-config
configure:5941: result: /usr/local/bin/pkg-config
configure:5966: checking pkg-config is at least version 0.9.0
configure:5969: result: yes
configure:5980: checking for PACKAGE
configure:5987: $PKG_CONFIG --exists --print-errors "$pkg_modules"
configure:5990: $? = 0
configure:6003: $PKG_CONFIG --exists --print-errors "$pkg_modules"
configure:6006: $? = 0
configure:6083: result: yes
configure:6113: checking for sys/types.h
configure:6134: /usr/bin/gcc -c -g -O2  conftest.c >&5
configure:6141: $? = 0
configure:6158: result: yes
configure:6113: checking for sys/stat.h
configure:6134: /usr/bin/gcc -c -g -O2  conftest.c >&5
configure:6141: $? = 0
configure:6158: result: yes
configure:6113: checking for stdlib.h
configure:6134: /usr/bin/gcc -c -g -O2  conftest.c >&5
configure:6141: $? = 0
configure:6158: result: yes
configure:6113: checking for string.h
configure:6134: /usr/bin/gcc -c -g -O2  conftest.c >&5
configure:6141: $? = 0
configure:6158: result: yes
configure:6113: checking for memory.h
configure:6134: /usr/bin/gcc -c -g -O2  conftest.c >&5
configure:6141: $? = 0
configure:6158: result: yes
configure:6113: checking for strings.h
configure:6134: /usr/bin/gcc -c -g -O2  conftest.c >&5
configure:6141: $? = 0
configure:6158: result: yes
configure:6113: checking for inttypes.h
configure:6134: /usr/bin/gcc -c -g -O2  conftest.c >&5
configure:6141: $? = 0
configure:6158: result: yes
configure:6113: checking for stdint.h
configure:6134: /usr/bin/gcc -c -g -O2  conftest.c >&5
configure:6141: $? = 0
configure:6158: result: yes
configure:6113: checking for unistd.h
configure:6134: /usr/bin/gcc -c -g -O2  conftest.c >&5
configure:6141: $? = 0
configure:6158: result: yes
configure:6189: checking locale.h usability
configure:6206: /usr/bin/gcc -c -g -O2  conftest.c >&5
configure:6213: $? = 0
configure:6227: result: yes
configure:6231: checking locale.h presence
configure:6246: /usr/bin/gcc -E  conftest.c
configure:6253: $? = 0
configure:6267: result: yes
configure:6295: checking for locale.h
configure:6304: result: yes
configure:6320: checking for LC_MESSAGES
configure:6346: /usr/bin/gcc -o conftest -g -O2   conftest.c  >&5
configure:6353: $? = 0
configure:6373: result: yes
configure:6402: checking libintl.h usability
configure:6419: /usr/bin/gcc -c -g -O2  conftest.c >&5
configure:6426: $? = 0
configure:6440: result: yes
configure:6444: checking libintl.h presence
configure:6459: /usr/bin/gcc -E  conftest.c
configure:6466: $? = 0
configure:6480: result: yes
configure:6508: checking for libintl.h
configure:6515: result: yes
configure:6526: checking for ngettext in libc
configure:6554: /usr/bin/gcc -o conftest -g -O2   conftest.c  >&5
Undefined symbols:
  "_libintl_ngettext", referenced from:
      _main in cccYIN01.o
ld: symbol(s) not found
collect2: ld returned 1 exit status
configure:6561: $? = 1
configure: failed program was:
| /* confdefs.h.  */
| #define PACKAGE_NAME ""
| #define PACKAGE_TARNAME ""
| #define PACKAGE_VERSION ""
| #define PACKAGE_STRING ""
| #define PACKAGE_BUGREPORT ""
| #define PACKAGE "xournal"
| #define VERSION "0.4.5"
| #define GETTEXT_PACKAGE "xournal"
| #define HAVE_SYS_TYPES_H 1
| #define HAVE_SYS_STAT_H 1
| #define HAVE_STDLIB_H 1
| #define HAVE_STRING_H 1
| #define HAVE_MEMORY_H 1
| #define HAVE_STRINGS_H 1
| #define HAVE_INTTYPES_H 1
| #define HAVE_STDINT_H 1
| #define HAVE_UNISTD_H 1
| #define HAVE_LOCALE_H 1
| #define HAVE_LC_MESSAGES 1
| /* end confdefs.h.  */
| 
| #include <libintl.h>
| 
| int
| main ()
| {
| return !ngettext ("","", 1)
|   ;
|   return 0;
| }
configure:6582: result: no
configure:6757: checking for bindtextdomain in -lintl
configure:6792: /usr/bin/gcc -o conftest -g -O2   conftest.c -lintl   >&5
configure:6799: $? = 0
configure:6820: result: yes
configure:6823: checking for ngettext in -lintl
configure:6858: /usr/bin/gcc -o conftest -g -O2   conftest.c -lintl   >&5
configure:6865: $? = 0
configure:6886: result: yes
configure:6889: checking for dgettext in -lintl
configure:6924: /usr/bin/gcc -o conftest -g -O2   conftest.c -lintl   >&5
conftest.c:29: warning: conflicting types for built-in function 'dgettext'
configure:6931: $? = 0
configure:6952: result: yes
configure:7125: checking for bind_textdomain_codeset
configure:7181: /usr/bin/gcc -o conftest -g -O2   conftest.c  -lintl  >&5
configure:7188: $? = 0
configure:7210: result: yes
configure:7252: checking for msgfmt
configure:7279: result: /usr/local/bin/msgfmt
configure:7292: checking for dcgettext
configure:7348: /usr/bin/gcc -o conftest -g -O2   conftest.c  -lintl  >&5
conftest.c:47: warning: conflicting types for built-in function 'dcgettext'
configure:7355: $? = 0
configure:7377: result: yes
configure:7390: checking if msgfmt accepts -c
configure:7405: $MSGFMT -c -o /dev/null conftest.foo
configure:7408: $? = 0
configure:7410: result: yes
configure:7420: checking for gmsgfmt
configure:7451: result: /usr/local/bin/msgfmt
configure:7461: checking for xgettext
configure:7488: result: /usr/local/bin/xgettext
configure:7517: /usr/bin/gcc -o conftest -g -O2   conftest.c  -lintl  >&5
configure:7524: $? = 0
configure:7700: checking for catalogs to be installed
configure:7725: result:  ca fr
configure:7905: creating ./config.status

## ---------------------- ##
## Running config.status. ##
## ---------------------- ##

This file was extended by config.status, which was
generated by GNU Autoconf 2.63.  Invocation command line was

  CONFIG_FILES    = 
  CONFIG_HEADERS  = 
  CONFIG_LINKS    = 
  CONFIG_COMMANDS = 
  $ ./config.status 

on Chriss-iPad

config.status:810: creating Makefile
config.status:810: creating src/Makefile
config.status:810: creating src/ttsubset/Makefile
config.status:810: creating po/Makefile.in
config.status:810: creating config.h
config.status:1084: executing depfiles commands
config.status:1084: executing default-1 commands

## ---------------- ##
## Cache variables. ##
## ---------------- ##

ac_cv_c_compiler_gnu=yes
ac_cv_env_CC_set=set
ac_cv_env_CC_value=/usr/bin/gcc
ac_cv_env_CFLAGS_set=
ac_cv_env_CFLAGS_value=
ac_cv_env_CPPFLAGS_set=
ac_cv_env_CPPFLAGS_value=
ac_cv_env_CPP_set=
ac_cv_env_CPP_value=
ac_cv_env_LDFLAGS_set=
ac_cv_env_LDFLAGS_value=
ac_cv_env_LIBS_set=
ac_cv_env_LIBS_value=
ac_cv_env_PACKAGE_CFLAGS_set=
ac_cv_env_PACKAGE_CFLAGS_value=
ac_cv_env_PACKAGE_LIBS_set=
ac_cv_env_PACKAGE_LIBS_value=
ac_cv_env_PKG_CONFIG_set=
ac_cv_env_PKG_CONFIG_value=
ac_cv_env_build_alias_set=
ac_cv_env_build_alias_value=
ac_cv_env_host_alias_set=
ac_cv_env_host_alias_value=
ac_cv_env_target_alias_set=
ac_cv_env_target_alias_value=
ac_cv_func_bind_textdomain_codeset=yes
ac_cv_func_dcgettext=yes
ac_cv_header_inttypes_h=yes
ac_cv_header_libintl_h=yes
ac_cv_header_locale_h=yes
ac_cv_header_memory_h=yes
ac_cv_header_stdc=no
ac_cv_header_stdint_h=yes
ac_cv_header_stdlib_h=yes
ac_cv_header_string_h=yes
ac_cv_header_strings_h=yes
ac_cv_header_sys_stat_h=yes
ac_cv_header_sys_types_h=yes
ac_cv_header_unistd_h=yes
ac_cv_lib_intl_bindtextdomain=yes
ac_cv_lib_intl_dgettext=yes
ac_cv_lib_intl_ngettext=yes
ac_cv_objext=o
ac_cv_path_EGREP='/bin/grep -E'
ac_cv_path_GMSGFMT=/usr/local/bin/msgfmt
ac_cv_path_GREP=/bin/grep
ac_cv_path_MSGFMT=/usr/local/bin/msgfmt
ac_cv_path_XGETTEXT=/usr/local/bin/xgettext
ac_cv_path_ac_pt_PKG_CONFIG=/usr/local/bin/pkg-config
ac_cv_path_install='/usr/bin/install -c'
ac_cv_path_mkdir=/bin/mkdir
ac_cv_prog_AWK=gawk
ac_cv_prog_CPP='/usr/bin/gcc -E'
ac_cv_prog_ac_ct_CC=/usr/bin/gcc
ac_cv_prog_ac_ct_RANLIB=ranlib
ac_cv_prog_cc_c89=
ac_cv_prog_cc_g=yes
ac_cv_prog_make_make_set=yes
ac_cv_search_strerror='none required'
am_cv_CC_dependencies_compiler_type=gcc3
am_cv_prog_cc_stdc=
am_cv_val_LC_MESSAGES=yes
gt_cv_func_dgettext_libc=no
gt_cv_func_dgettext_libintl=yes
gt_cv_func_ngettext_libc=no
gt_cv_have_gettext=yes
pkg_cv_PACKAGE_CFLAGS='-D_REENTRANT -I/usr/local/include/gtk-2.0 -I/usr/local/lib/gtk-2.0/include -I/usr/local/include/atk-1.0 -I/usr/local/include/cairo -I/usr/local/include/gdk-pixbuf-2.0 -I/usr/local/include/pango-1.0 -I/usr/local/include/glib-2.0 -I/usr/local/lib/glib-2.0/include -I/usr/local/include/pixman-1 -I/usr/local/include/libpng14 -I/usr/local/include/libgnomecanvas-2.0 -I/usr/local/include/gail-1.0 -I/usr/local/include/libart-2.0 -I/usr/local/include/poppler/glib -I/usr/local/include/poppler  '
pkg_cv_PACKAGE_LIBS='-L/usr/local/lib -lgnomecanvas-2 -lart_lgpl_2 -lgtk-x11-2.0 -latk-1.0 -lgio-2.0 -lpangoft2-1.0 -lfreetype -lfontconfig -lpoppler-glib -lgdk-x11-2.0 -lpoppler -lpangocairo-1.0 -lgdk_pixbuf-2.0 -lpango-1.0 -lcairo -lgmodule-2.0 -lgobject-2.0 -lgthread-2.0 -lglib-2.0 -lintl  '

## ----------------- ##
## Output variables. ##
## ----------------- ##

ACLOCAL='${SHELL} /home/chris/xournal-0.4.5/missing --run aclocal-1.11'
AMDEPBACKSLASH='\'
AMDEP_FALSE='#'
AMDEP_TRUE=''
AMTAR='${SHELL} /home/chris/xournal-0.4.5/missing --run tar'
AUTOCONF='${SHELL} /home/chris/xournal-0.4.5/missing --run autoconf'
AUTOHEADER='${SHELL} /home/chris/xournal-0.4.5/missing --run autoheader'
AUTOMAKE='${SHELL} /home/chris/xournal-0.4.5/missing --run automake-1.11'
AWK='gawk'
CATALOGS=' ca.gmo fr.gmo'
CATOBJEXT='.gmo'
CC='/usr/bin/gcc'
CCDEPMODE='depmode=gcc3'
CFLAGS='-g -O2'
CPP='/usr/bin/gcc -E'
CPPFLAGS=''
CYGPATH_W='echo'
DATADIRNAME='share'
DEFS='-DHAVE_CONFIG_H'
DEPDIR='.deps'
ECHO_C=''
ECHO_N='-n'
ECHO_T=''
EGREP='/bin/grep -E'
EXEEXT=''
GETTEXT_PACKAGE='xournal'
GMOFILES=' ca.gmo fr.gmo'
GMSGFMT='/usr/local/bin/msgfmt'
GREP='/bin/grep'
INSTALL_DATA='${INSTALL} -m 644'
INSTALL_PROGRAM='${INSTALL}'
INSTALL_SCRIPT='${INSTALL}'
INSTALL_STRIP_PROGRAM='$(install_sh) -c -s'
INSTOBJEXT='.mo'
INTLLIBS='-lintl '
LDFLAGS=''
LIBOBJS=''
LIBS=''
LTLIBOBJS=''
MAINT='#'
MAINTAINER_MODE_FALSE=''
MAINTAINER_MODE_TRUE='#'
MAKEINFO='${SHELL} /home/chris/xournal-0.4.5/missing --run makeinfo'
MKDIR_P='/bin/mkdir -p'
MKINSTALLDIRS='./mkinstalldirs'
MSGFMT='/usr/local/bin/msgfmt'
MSGFMT_OPTS='-c'
OBJEXT='o'
PACKAGE='xournal'
PACKAGE_BUGREPORT=''
PACKAGE_CFLAGS='-D_REENTRANT -I/usr/local/include/gtk-2.0 -I/usr/local/lib/gtk-2.0/include -I/usr/local/include/atk-1.0 -I/usr/local/include/cairo -I/usr/local/include/gdk-pixbuf-2.0 -I/usr/local/include/pango-1.0 -I/usr/local/include/glib-2.0 -I/usr/local/lib/glib-2.0/include -I/usr/local/include/pixman-1 -I/usr/local/include/libpng14 -I/usr/local/include/libgnomecanvas-2.0 -I/usr/local/include/gail-1.0 -I/usr/local/include/libart-2.0 -I/usr/local/include/poppler/glib -I/usr/local/include/poppler  '
PACKAGE_LIBS='-L/usr/local/lib -lgnomecanvas-2 -lart_lgpl_2 -lgtk-x11-2.0 -latk-1.0 -lgio-2.0 -lpangoft2-1.0 -lfreetype -lfontconfig -lpoppler-glib -lgdk-x11-2.0 -lpoppler -lpangocairo-1.0 -lgdk_pixbuf-2.0 -lpango-1.0 -lcairo -lgmodule-2.0 -lgobject-2.0 -lgthread-2.0 -lglib-2.0 -lintl  '
PACKAGE_NAME=''
PACKAGE_STRING=''
PACKAGE_TARNAME=''
PACKAGE_VERSION=''
PATH_SEPARATOR=':'
PKG_CONFIG='/usr/local/bin/pkg-config'
POFILES=' ca.po fr.po'
POSUB='po'
PO_IN_DATADIR_FALSE=''
PO_IN_DATADIR_TRUE=''
RANLIB='ranlib'
SET_MAKE=''
SHELL='/bin/sh'
STRIP=''
USE_NLS='yes'
VERSION='0.4.5'
XGETTEXT='/usr/local/bin/xgettext'
ac_ct_CC='/usr/bin/gcc'
am__EXEEXT_FALSE=''
am__EXEEXT_TRUE='#'
am__fastdepCC_FALSE='#'
am__fastdepCC_TRUE=''
am__include='include'
am__isrc=''
am__leading_dot='.'
am__quote=''
am__tar='${AMTAR} chof - "$$tardir"'
am__untar='${AMTAR} xf -'
bindir='${exec_prefix}/bin'
build_alias=''
datadir='${datarootdir}'
datarootdir='${prefix}/share'
docdir='${datarootdir}/doc/${PACKAGE}'
dvidir='${docdir}'
exec_prefix='${prefix}'
host_alias=''
htmldir='${docdir}'
includedir='${prefix}/include'
infodir='${datarootdir}/info'
install_sh='${SHELL} /home/chris/xournal-0.4.5/install-sh'
libdir='${exec_prefix}/lib'
libexecdir='${exec_prefix}/libexec'
localedir='${datarootdir}/locale'
localstatedir='${prefix}/var'
mandir='${datarootdir}/man'
mkdir_p='/bin/mkdir -p'
oldincludedir='/usr/include'
pdfdir='${docdir}'
prefix='/usr/local'
program_transform_name='s,x,x,'
psdir='${docdir}'
sbindir='${exec_prefix}/sbin'
sharedstatedir='${prefix}/com'
sysconfdir='${prefix}/etc'
target_alias=''

## ----------- ##
## confdefs.h. ##
## ----------- ##

#define PACKAGE_NAME ""
#define PACKAGE_TARNAME ""
#define PACKAGE_VERSION ""
#define PACKAGE_STRING ""
#define PACKAGE_BUGREPORT ""
#define PACKAGE "xournal"
#define VERSION "0.4.5"
#define GETTEXT_PACKAGE "xournal"
#define HAVE_SYS_TYPES_H 1
#define HAVE_SYS_STAT_H 1
#define HAVE_STDLIB_H 1
#define HAVE_STRING_H 1
#define HAVE_MEMORY_H 1
#define HAVE_STRINGS_H 1
#define HAVE_INTTYPES_H 1
#define HAVE_STDINT_H 1
#define HAVE_UNISTD_H 1
#define HAVE_LOCALE_H 1
#define HAVE_LC_MESSAGES 1
#define HAVE_BIND_TEXTDOMAIN_CODESET 1
#define HAVE_GETTEXT 1
#define HAVE_DCGETTEXT 1
#define ENABLE_NLS 1

configure: exit 0
