This file contains any messages produced by compilers while
running configure, to aid debugging if configure makes a mistake.

It was created by libXres configure 1.0.3, which was
generated by GNU Autoconf 2.60.  Invocation command line was

  $ ./configure 

## --------- ##
## Platform. ##
## --------- ##

hostname = Chriss-iPad
uname -m = iPad1,1
uname -r = 10.4.0
uname -s = Darwin
uname -v = Darwin Kernel Version 10.4.0: Wed Oct 20 20:14:45 PDT 2010; root:xnu-1504.58.28~3/RELEASE_ARM_S5L8930X

/usr/bin/uname -p = unknown
/bin/uname -X     = unknown

/bin/arch              = unknown
/usr/bin/arch -k       = unknown
/usr/convex/getsysinfo = unknown
/usr/bin/hostinfo      = Mach kernel version:
	 Darwin Kernel Version 10.4.0: Wed Oct 20 20:14:45 PDT 2010; root:xnu-1504.58.28~3/RELEASE_ARM_S5L8930X
Kernel configured for a single processor only.
1 processor is physically available.
1 processor is logically available.
Processor type: armv7 (arm v7)
Processor active: 0
Primary memory available: 247.00 megabytes
Default processor set: 36 tasks, 230 threads, 1 processors
Load average: 1.48, Mach factor: 0.38
/bin/machine           = unknown
/usr/bin/oslevel       = unknown
/bin/universe          = unknown

PATH: /usr/local/sbin
PATH: /usr/local/bin
PATH: /usr/sbin
PATH: /usr/bin
PATH: /sbin
PATH: /bin
PATH: /usr/bin/X11
PATH: /usr/games
PATH: /var/mobile/ocaml-3.12.0/bin


## ----------- ##
## Core tests. ##
## ----------- ##

configure:2001: checking for a BSD-compatible install
configure:2057: result: /usr/bin/install -c
configure:2068: checking whether build environment is sane
configure:2111: result: yes
configure:2176: checking for gawk
configure:2192: found /usr/bin/gawk
configure:2203: result: gawk
configure:2214: checking whether make sets $(MAKE)
configure:2235: result: yes
configure:2495: checking for gcc
configure:2522: result: /usr/bin/gcc
configure:2760: checking for C compiler version
configure:2767: /usr/bin/gcc --version >&5
gcc (GCC) 4.2.1 (Based on Apple Inc. build 5555)
Copyright (C) 2007 Free Software Foundation, Inc.
This is free software; see the source for copying conditions.  There is NO
warranty; not even for MERCHANTABILITY or FITNESS FOR A PARTICULAR PURPOSE.

configure:2770: $? = 0
configure:2777: /usr/bin/gcc -v >&5
Using built-in specs.
Target: arm-apple-darwin9
Configured with: ../llvm-gcc-4.2/configure --build=x86_64-unknown-linux-gnu --host=arm-apple-darwin9 --enable-static=no --enable-shared=yes --prefix=/usr --localstatedir=/var/cache/iphone-gcc --enable-languages=c,c++,objc,obj-c++ --enable-wchar_t=no --with-gxx-include-dir=/usr/include/c++/4.0.0
Thread model: posix
gcc version 4.2.1 (Based on Apple Inc. build 5555)
configure:2780: $? = 0
configure:2787: /usr/bin/gcc -V >&5
gcc: '-V' option must have argument
configure:2790: $? = 1
configure:2813: checking for C compiler default output file name
configure:2840: /usr/bin/gcc    conftest.c  >&5
configure:2843: $? = 0
configure:2889: result: a.out
configure:2894: checking whether the C compiler works
configure:2904: ./a.out
configure:2907: $? = 0
configure:2924: result: yes
configure:2931: checking whether we are cross compiling
configure:2933: result: no
configure:2936: checking for suffix of executables
configure:2943: /usr/bin/gcc -o conftest    conftest.c  >&5
configure:2946: $? = 0
configure:2970: result: 
configure:2976: checking for suffix of object files
configure:3002: /usr/bin/gcc -c   conftest.c >&5
configure:3005: $? = 0
configure:3028: result: o
configure:3032: checking whether we are using the GNU C compiler
configure:3061: /usr/bin/gcc -c   conftest.c >&5
configure:3067: $? = 0
configure:3074: test -z "$ac_c_werror_flag" || test ! -s conftest.err
configure:3077: $? = 0
configure:3084: test -s conftest.o
configure:3087: $? = 0
configure:3101: result: yes
configure:3106: checking whether /usr/bin/gcc accepts -g
configure:3136: /usr/bin/gcc -c -g  conftest.c >&5
configure:3142: $? = 0
configure:3149: test -z "$ac_c_werror_flag" || test ! -s conftest.err
configure:3152: $? = 0
configure:3159: test -s conftest.o
configure:3162: $? = 0
configure:3292: result: yes
configure:3309: checking for /usr/bin/gcc option to accept ISO C89
configure:3383: /usr/bin/gcc  -c -g -O2  conftest.c >&5
configure:3389: $? = 0
configure:3396: test -z "$ac_c_werror_flag" || test ! -s conftest.err
configure:3399: $? = 0
configure:3406: test -s conftest.o
configure:3409: $? = 0
configure:3429: result: none needed
configure:3458: checking for style of include used by make
configure:3486: result: GNU
configure:3514: checking dependency style of /usr/bin/gcc
configure:3604: result: gcc3
configure:3699: checking build system type
configure:3717: result: arm-apple-darwin10.4.0
configure:3739: checking host system type
configure:3754: result: arm-apple-darwin10.4.0
configure:3776: checking for a sed that does not truncate output
configure:3830: result: /bin/sed
configure:3833: checking for grep that handles long lines and -e
configure:3907: result: /bin/grep
configure:3912: checking for egrep
configure:3990: result: /bin/grep -E
configure:4006: checking for ld used by /usr/bin/gcc
configure:4073: result: /usr/bin/ld
configure:4082: checking if the linker (/usr/bin/ld) is GNU ld
configure:4097: result: no
configure:4102: checking for /usr/bin/ld option to reload object files
configure:4109: result: -r
configure:4127: checking for BSD-compatible nm
configure:4176: result: /usr/bin/nm -p
configure:4180: checking whether ln -s works
configure:4184: result: yes
configure:4191: checking how to recognise dependent libraries
configure:4367: result: pass_all
configure:4617: checking how to run the C preprocessor
configure:4657: /usr/bin/gcc -E  conftest.c
configure:4663: $? = 0
configure:4701: /usr/bin/gcc -E  conftest.c
conftest.c:10:28: error: ac_nonexistent.h: No such file or directory
configure:4707: $? = 1
configure: failed program was:
| /* confdefs.h.  */
| #define PACKAGE_NAME "libXres"
| #define PACKAGE_TARNAME "libXres"
| #define PACKAGE_VERSION "1.0.3"
| #define PACKAGE_STRING "libXres 1.0.3"
| #define PACKAGE_BUGREPORT "https://bugs.freedesktop.org/enter_bug.cgi?product=xorg"
| #define PACKAGE "libXres"
| #define VERSION "1.0.3"
| /* end confdefs.h.  */
| #include <ac_nonexistent.h>
configure:4747: result: /usr/bin/gcc -E
configure:4776: /usr/bin/gcc -E  conftest.c
configure:4782: $? = 0
configure:4820: /usr/bin/gcc -E  conftest.c
conftest.c:10:28: error: ac_nonexistent.h: No such file or directory
configure:4826: $? = 1
configure: failed program was:
| /* confdefs.h.  */
| #define PACKAGE_NAME "libXres"
| #define PACKAGE_TARNAME "libXres"
| #define PACKAGE_VERSION "1.0.3"
| #define PACKAGE_STRING "libXres 1.0.3"
| #define PACKAGE_BUGREPORT "https://bugs.freedesktop.org/enter_bug.cgi?product=xorg"
| #define PACKAGE "libXres"
| #define VERSION "1.0.3"
| /* end confdefs.h.  */
| #include <ac_nonexistent.h>
configure:4871: checking for ANSI C header files
configure:4901: /usr/bin/gcc -c -g -O2  conftest.c >&5
configure:4907: $? = 0
configure:4914: test -z "$ac_c_werror_flag" || test ! -s conftest.err
configure:4917: $? = 0
configure:4924: test -s conftest.o
configure:4927: $? = 0
configure:5023: /usr/bin/gcc -o conftest -g -O2   conftest.c  >&5
configure:5026: $? = 0
configure:5032: ./conftest
configure:5035: $? = 0
configure:5052: result: yes
configure:5076: checking for sys/types.h
configure:5097: /usr/bin/gcc -c -g -O2  conftest.c >&5
configure:5103: $? = 0
configure:5110: test -z "$ac_c_werror_flag" || test ! -s conftest.err
configure:5113: $? = 0
configure:5120: test -s conftest.o
configure:5123: $? = 0
configure:5136: result: yes
configure:5076: checking for sys/stat.h
configure:5097: /usr/bin/gcc -c -g -O2  conftest.c >&5
configure:5103: $? = 0
configure:5110: test -z "$ac_c_werror_flag" || test ! -s conftest.err
configure:5113: $? = 0
configure:5120: test -s conftest.o
configure:5123: $? = 0
configure:5136: result: yes
configure:5076: checking for stdlib.h
configure:5097: /usr/bin/gcc -c -g -O2  conftest.c >&5
configure:5103: $? = 0
configure:5110: test -z "$ac_c_werror_flag" || test ! -s conftest.err
configure:5113: $? = 0
configure:5120: test -s conftest.o
configure:5123: $? = 0
configure:5136: result: yes
configure:5076: checking for string.h
configure:5097: /usr/bin/gcc -c -g -O2  conftest.c >&5
configure:5103: $? = 0
configure:5110: test -z "$ac_c_werror_flag" || test ! -s conftest.err
configure:5113: $? = 0
configure:5120: test -s conftest.o
configure:5123: $? = 0
configure:5136: result: yes
configure:5076: checking for memory.h
configure:5097: /usr/bin/gcc -c -g -O2  conftest.c >&5
configure:5103: $? = 0
configure:5110: test -z "$ac_c_werror_flag" || test ! -s conftest.err
configure:5113: $? = 0
configure:5120: test -s conftest.o
configure:5123: $? = 0
configure:5136: result: yes
configure:5076: checking for strings.h
configure:5097: /usr/bin/gcc -c -g -O2  conftest.c >&5
configure:5103: $? = 0
configure:5110: test -z "$ac_c_werror_flag" || test ! -s conftest.err
configure:5113: $? = 0
configure:5120: test -s conftest.o
configure:5123: $? = 0
configure:5136: result: yes
configure:5076: checking for inttypes.h
configure:5097: /usr/bin/gcc -c -g -O2  conftest.c >&5
configure:5103: $? = 0
configure:5110: test -z "$ac_c_werror_flag" || test ! -s conftest.err
configure:5113: $? = 0
configure:5120: test -s conftest.o
configure:5123: $? = 0
configure:5136: result: yes
configure:5076: checking for stdint.h
configure:5097: /usr/bin/gcc -c -g -O2  conftest.c >&5
configure:5103: $? = 0
configure:5110: test -z "$ac_c_werror_flag" || test ! -s conftest.err
configure:5113: $? = 0
configure:5120: test -s conftest.o
configure:5123: $? = 0
configure:5136: result: yes
configure:5076: checking for unistd.h
configure:5097: /usr/bin/gcc -c -g -O2  conftest.c >&5
configure:5103: $? = 0
configure:5110: test -z "$ac_c_werror_flag" || test ! -s conftest.err
configure:5113: $? = 0
configure:5120: test -s conftest.o
configure:5123: $? = 0
configure:5136: result: yes
configure:5163: checking dlfcn.h usability
configure:5180: /usr/bin/gcc -c -g -O2  conftest.c >&5
configure:5186: $? = 0
configure:5193: test -z "$ac_c_werror_flag" || test ! -s conftest.err
configure:5196: $? = 0
configure:5203: test -s conftest.o
configure:5206: $? = 0
configure:5217: result: yes
configure:5221: checking dlfcn.h presence
configure:5236: /usr/bin/gcc -E  conftest.c
configure:5242: $? = 0
configure:5263: result: yes
configure:5296: checking for dlfcn.h
configure:5304: result: yes
configure:5375: checking for g++
configure:5391: found /usr/bin/g++
configure:5402: result: g++
configure:5433: checking for C++ compiler version
configure:5440: g++ --version >&5
g++ (GCC) 4.2.1 (Based on Apple Inc. build 5555)
Copyright (C) 2007 Free Software Foundation, Inc.
This is free software; see the source for copying conditions.  There is NO
warranty; not even for MERCHANTABILITY or FITNESS FOR A PARTICULAR PURPOSE.

configure:5443: $? = 0
configure:5450: g++ -v >&5
Using built-in specs.
Target: arm-apple-darwin9
Configured with: ../llvm-gcc-4.2/configure --build=x86_64-unknown-linux-gnu --host=arm-apple-darwin9 --enable-static=no --enable-shared=yes --prefix=/usr --localstatedir=/var/cache/iphone-gcc --enable-languages=c,c++,objc,obj-c++ --enable-wchar_t=no --with-gxx-include-dir=/usr/include/c++/4.0.0
Thread model: posix
gcc version 4.2.1 (Based on Apple Inc. build 5555)
configure:5453: $? = 0
configure:5460: g++ -V >&5
g++: '-V' option must have argument
configure:5463: $? = 1
configure:5466: checking whether we are using the GNU C++ compiler
configure:5495: g++ -c   conftest.cpp >&5
configure:5501: $? = 0
configure:5508: test -z "$ac_cxx_werror_flag" || test ! -s conftest.err
configure:5511: $? = 0
configure:5518: test -s conftest.o
configure:5521: $? = 0
configure:5535: result: yes
configure:5540: checking whether g++ accepts -g
configure:5570: g++ -c -g  conftest.cpp >&5
configure:5576: $? = 0
configure:5583: test -z "$ac_cxx_werror_flag" || test ! -s conftest.err
configure:5586: $? = 0
configure:5593: test -s conftest.o
configure:5596: $? = 0
configure:5726: result: yes
configure:5751: checking dependency style of g++
configure:5841: result: gcc3
configure:5868: checking how to run the C++ preprocessor
configure:5904: g++ -E  conftest.cpp
configure:5910: $? = 0
configure:5948: g++ -E  conftest.cpp
conftest.cpp:21:28: error: ac_nonexistent.h: No such file or directory
configure:5954: $? = 1
configure: failed program was:
| /* confdefs.h.  */
| #define PACKAGE_NAME "libXres"
| #define PACKAGE_TARNAME "libXres"
| #define PACKAGE_VERSION "1.0.3"
| #define PACKAGE_STRING "libXres 1.0.3"
| #define PACKAGE_BUGREPORT "https://bugs.freedesktop.org/enter_bug.cgi?product=xorg"
| #define PACKAGE "libXres"
| #define VERSION "1.0.3"
| #define STDC_HEADERS 1
| #define HAVE_SYS_TYPES_H 1
| #define HAVE_SYS_STAT_H 1
| #define HAVE_STDLIB_H 1
| #define HAVE_STRING_H 1
| #define HAVE_MEMORY_H 1
| #define HAVE_STRINGS_H 1
| #define HAVE_INTTYPES_H 1
| #define HAVE_STDINT_H 1
| #define HAVE_UNISTD_H 1
| #define HAVE_DLFCN_H 1
| /* end confdefs.h.  */
| #include <ac_nonexistent.h>
configure:5994: result: g++ -E
configure:6023: g++ -E  conftest.cpp
configure:6029: $? = 0
configure:6067: g++ -E  conftest.cpp
conftest.cpp:21:28: error: ac_nonexistent.h: No such file or directory
configure:6073: $? = 1
configure: failed program was:
| /* confdefs.h.  */
| #define PACKAGE_NAME "libXres"
| #define PACKAGE_TARNAME "libXres"
| #define PACKAGE_VERSION "1.0.3"
| #define PACKAGE_STRING "libXres 1.0.3"
| #define PACKAGE_BUGREPORT "https://bugs.freedesktop.org/enter_bug.cgi?product=xorg"
| #define PACKAGE "libXres"
| #define VERSION "1.0.3"
| #define STDC_HEADERS 1
| #define HAVE_SYS_TYPES_H 1
| #define HAVE_SYS_STAT_H 1
| #define HAVE_STDLIB_H 1
| #define HAVE_STRING_H 1
| #define HAVE_MEMORY_H 1
| #define HAVE_STRINGS_H 1
| #define HAVE_INTTYPES_H 1
| #define HAVE_STDINT_H 1
| #define HAVE_UNISTD_H 1
| #define HAVE_DLFCN_H 1
| /* end confdefs.h.  */
| #include <ac_nonexistent.h>
configure:6173: checking for g77
configure:6203: result: no
configure:6173: checking for f77
configure:6203: result: no
configure:6173: checking for xlf
configure:6203: result: no
configure:6173: checking for frt
configure:6203: result: no
configure:6173: checking for pgf77
configure:6203: result: no
configure:6173: checking for cf77
configure:6203: result: no
configure:6173: checking for fort77
configure:6203: result: no
configure:6173: checking for fl32
configure:6203: result: no
configure:6173: checking for af77
configure:6203: result: no
configure:6173: checking for f90
configure:6203: result: no
configure:6173: checking for xlf90
configure:6203: result: no
configure:6173: checking for pgf90
configure:6203: result: no
configure:6173: checking for pghpf
configure:6203: result: no
configure:6173: checking for epcf90
configure:6203: result: no
configure:6173: checking for gfortran
configure:6203: result: no
configure:6173: checking for g95
configure:6203: result: no
configure:6173: checking for f95
configure:6203: result: no
configure:6173: checking for fort
configure:6203: result: no
configure:6173: checking for xlf95
configure:6203: result: no
configure:6173: checking for ifort
configure:6203: result: no
configure:6173: checking for ifc
configure:6203: result: no
configure:6173: checking for efc
configure:6203: result: no
configure:6173: checking for pgf95
configure:6203: result: no
configure:6173: checking for lf95
configure:6203: result: no
configure:6173: checking for ftn
configure:6203: result: no
configure:6230: checking for Fortran 77 compiler version
configure:6237:  --version >&5
./configure: line 6238: --version: command not found
configure:6240: $? = 127
configure:6247:  -v >&5
./configure: line 6248: -v: command not found
configure:6250: $? = 127
configure:6257:  -V >&5
./configure: line 6258: -V: command not found
configure:6260: $? = 127
configure:6268: checking whether we are using the GNU Fortran 77 compiler
configure:6287:  -c  conftest.F >&5
./configure: line 6288: -c: command not found
configure:6293: $? = 127
configure: failed program was:
|       program main
| #ifndef __GNUC__
|        choke me
| #endif
| 
|       end
configure:6327: result: no
configure:6333: checking whether  accepts -g
configure:6350:  -c -g conftest.f >&5
./configure: line 6351: -c: command not found
configure:6356: $? = 127
configure: failed program was:
|       program main
| 
|       end
configure:6389: result: no
configure:6419: checking the maximum length of command line arguments
configure:6528: result: 196608
configure:6539: checking command to parse /usr/bin/nm -p output from /usr/bin/gcc object
configure:6644: /usr/bin/gcc -c -g -O2  conftest.c >&5
configure:6647: $? = 0
configure:6651: /usr/bin/nm -p conftest.o \| sed -n -e 's/^.*[ 	]\([BCDEGRST][BCDEGRST]*\)[ 	][ 	]*\([_A-Za-z][_A-Za-z0-9]*\)$/\1 \2 \2/p' \> conftest.nm
configure:6654: $? = 0
cannot find nm_test_var in conftest.nm
configure:6644: /usr/bin/gcc -c -g -O2  conftest.c >&5
configure:6647: $? = 0
configure:6651: /usr/bin/nm -p conftest.o \| sed -n -e 's/^.*[ 	]\([BCDEGRST][BCDEGRST]*\)[ 	][ 	]*_\([_A-Za-z][_A-Za-z0-9]*\)$/\1 _\2 \2/p' \> conftest.nm
configure:6654: $? = 0
configure:6706: /usr/bin/gcc -o conftest -g -O2   conftest.c conftstm.o >&5
configure:6709: $? = 0
configure:6747: result: ok
configure:6751: checking for objdir
configure:6766: result: .libs
configure:6858: checking for ar
configure:6874: found /usr/bin/ar
configure:6885: result: ar
configure:6954: checking for ranlib
configure:6970: found /usr/bin/ranlib
configure:6981: result: ranlib
configure:7050: checking for strip
configure:7066: found /usr/bin/strip
configure:7077: result: strip
configure:7363: checking if /usr/bin/gcc supports -fno-rtti -fno-exceptions
configure:7381: /usr/bin/gcc -c -g -O2  -fno-rtti -fno-exceptions conftest.c >&5
cc1: warning: command line option "-fno-rtti" is valid for C++/ObjC++ but not for C
configure:7385: $? = 0
configure:7398: result: no
configure:7413: checking for /usr/bin/gcc option to produce PIC
configure:7623: result: -fno-common
configure:7631: checking if /usr/bin/gcc PIC flag -fno-common works
configure:7649: /usr/bin/gcc -c -g -O2  -fno-common -DPIC conftest.c >&5
configure:7653: $? = 0
configure:7666: result: yes
configure:7694: checking if /usr/bin/gcc static flag -static works
configure:7722: result: no
configure:7732: checking if /usr/bin/gcc supports -c -o file.o
configure:7753: /usr/bin/gcc -c -g -O2  -o out/conftest2.o conftest.c >&5
configure:7757: $? = 0
configure:7779: result: yes
configure:7805: checking whether the /usr/bin/gcc linker (/usr/bin/ld) supports shared libraries
configure:8792: result: yes
configure:8859: checking dynamic linker characteristics
configure:9435: result: darwin10.4.0 dyld
configure:9444: checking how to hardcode library paths into programs
configure:9469: result: immediate
configure:9483: checking whether stripping libraries is possible
configure:9496: result: yes
configure:10401: checking if libtool supports shared libraries
configure:10403: result: yes
configure:10406: checking whether to build shared libraries
configure:10427: result: yes
configure:10430: checking whether to build static libraries
configure:10434: result: yes
configure:10526: creating libtool
configure:11114: checking for ld used by g++
configure:11181: result: /usr/bin/ld
configure:11190: checking if the linker (/usr/bin/ld) is GNU ld
configure:11205: result: no
configure:11256: checking whether the g++ linker (/usr/bin/ld) supports shared libraries
configure:12222: result: yes
configure:12240: g++ -c -g -O2  conftest.cpp >&5
configure:12243: $? = 0
configure:12362: checking for g++ option to produce PIC
configure:12636: result: -fno-common
configure:12644: checking if g++ PIC flag -fno-common works
configure:12662: g++ -c -g -O2  -fno-common -DPIC conftest.cpp >&5
configure:12666: $? = 0
configure:12679: result: yes
configure:12707: checking if g++ static flag -static works
configure:12735: result: no
configure:12745: checking if g++ supports -c -o file.o
configure:12766: g++ -c -g -O2  -o out/conftest2.o conftest.cpp >&5
configure:12770: $? = 0
configure:12792: result: yes
configure:12818: checking whether the g++ linker (/usr/bin/ld) supports shared libraries
configure:12846: result: yes
configure:12913: checking dynamic linker characteristics
configure:13489: result: darwin10.4.0 dyld
configure:13498: checking how to hardcode library paths into programs
configure:13523: result: immediate
configure:19756: checking for pkg-config
configure:19774: found /usr/bin/pkg-config
configure:19786: result: /usr/bin/pkg-config
configure:19815: checking pkg-config is at least version 0.9.0
configure:19818: result: yes
configure:19829: checking for XRES
configure:19837: $PKG_CONFIG --exists --print-errors "x11 xext xextproto"
configure:19840: $? = 0
configure:19855: $PKG_CONFIG --exists --print-errors "x11 xext xextproto"
configure:19858: $? = 0
configure:19934: result: yes
configure:19948: checking for RESOURCEEXT
configure:19956: $PKG_CONFIG --exists --print-errors "resourceproto >= $RES_VERSION"
configure:19959: $? = 0
configure:19974: $PKG_CONFIG --exists --print-errors "resourceproto >= $RES_VERSION"
configure:19977: $? = 0
configure:20053: result: yes
configure:20077: checking whether malloc(0) returns NULL
configure:20107: /usr/bin/gcc -o conftest -Wall -Wpointer-arith -Wstrict-prototypes 	-Wmissing-prototypes -Wmissing-declarations 	-Wnested-externs -fno-strict-aliasing -g -O2   conftest.c  >&5
conftest.c:2: warning: function declaration isn't a prototype
conftest.c:2: warning: conflicting types for built-in function 'malloc'
conftest.c:3: warning: function declaration isn't a prototype
conftest.c:4: warning: function declaration isn't a prototype
conftest.c:4: warning: conflicting types for built-in function 'calloc'
conftest.c:5: warning: return type defaults to 'int'
conftest.c:5: warning: function declaration isn't a prototype
conftest.c: In function 'main':
conftest.c:11: warning: implicit declaration of function 'exit'
conftest.c:11: warning: incompatible implicit declaration of built-in function 'exit'
configure:20110: $? = 0
configure:20116: ./conftest
configure:20119: $? = 1
configure: program exited with status 1
configure: failed program was:
| 
| char *malloc();
| char *realloc();
| char *calloc();
| main() {
|     char *m0, *r0, *c0, *p;
|     m0 = malloc(0);
|     p = malloc(10);
|     r0 = realloc(p,0);
|     c0 = calloc(0);
|     exit(m0 == 0 || r0 == 0 || c0 == 0 ? 0 : 1);
| }
configure:20135: result: no
configure:20386: creating ./config.status

## ---------------------- ##
## Running config.status. ##
## ---------------------- ##

This file was extended by libXres config.status 1.0.3, which was
generated by GNU Autoconf 2.60.  Invocation command line was

  CONFIG_FILES    = 
  CONFIG_HEADERS  = 
  CONFIG_LINKS    = 
  CONFIG_COMMANDS = 
  $ ./config.status 

on Chriss-iPad

config.status:674: creating Makefile
config.status:674: creating src/Makefile
config.status:674: creating man/Makefile
config.status:674: creating xres.pc
config.status:674: creating config.h
config.status:898: config.h is unchanged
config.status:944: executing depfiles commands

## ---------------- ##
## Cache variables. ##
## ---------------- ##

ac_cv_build=arm-apple-darwin10.4.0
ac_cv_c_compiler_gnu=yes
ac_cv_cxx_compiler_gnu=yes
ac_cv_env_CCC_set=
ac_cv_env_CCC_value=
ac_cv_env_CC_set=set
ac_cv_env_CC_value=/usr/bin/gcc
ac_cv_env_CFLAGS_set=
ac_cv_env_CFLAGS_value=
ac_cv_env_CPPFLAGS_set=
ac_cv_env_CPPFLAGS_value=
ac_cv_env_CPP_set=
ac_cv_env_CPP_value=
ac_cv_env_CXXCPP_set=
ac_cv_env_CXXCPP_value=
ac_cv_env_CXXFLAGS_set=
ac_cv_env_CXXFLAGS_value=
ac_cv_env_CXX_set=
ac_cv_env_CXX_value=
ac_cv_env_F77_set=
ac_cv_env_F77_value=
ac_cv_env_FFLAGS_set=
ac_cv_env_FFLAGS_value=
ac_cv_env_LDFLAGS_set=
ac_cv_env_LDFLAGS_value=
ac_cv_env_PKG_CONFIG_set=
ac_cv_env_PKG_CONFIG_value=
ac_cv_env_RESOURCEEXT_CFLAGS_set=
ac_cv_env_RESOURCEEXT_CFLAGS_value=
ac_cv_env_RESOURCEEXT_LIBS_set=
ac_cv_env_RESOURCEEXT_LIBS_value=
ac_cv_env_XRES_CFLAGS_set=
ac_cv_env_XRES_CFLAGS_value=
ac_cv_env_XRES_LIBS_set=
ac_cv_env_XRES_LIBS_value=
ac_cv_env_build_alias_set=
ac_cv_env_build_alias_value=
ac_cv_env_host_alias_set=
ac_cv_env_host_alias_value=
ac_cv_env_target_alias_set=
ac_cv_env_target_alias_value=
ac_cv_f77_compiler_gnu=no
ac_cv_header_dlfcn_h=yes
ac_cv_header_inttypes_h=yes
ac_cv_header_memory_h=yes
ac_cv_header_stdc=yes
ac_cv_header_stdint_h=yes
ac_cv_header_stdlib_h=yes
ac_cv_header_string_h=yes
ac_cv_header_strings_h=yes
ac_cv_header_sys_stat_h=yes
ac_cv_header_sys_types_h=yes
ac_cv_header_unistd_h=yes
ac_cv_host=arm-apple-darwin10.4.0
ac_cv_objext=o
ac_cv_path_EGREP='/bin/grep -E'
ac_cv_path_GREP=/bin/grep
ac_cv_path_ac_pt_PKG_CONFIG=/usr/bin/pkg-config
ac_cv_path_install='/usr/bin/install -c'
ac_cv_prog_AWK=gawk
ac_cv_prog_CPP='/usr/bin/gcc -E'
ac_cv_prog_CXXCPP='g++ -E'
ac_cv_prog_ac_ct_AR=ar
ac_cv_prog_ac_ct_CC=/usr/bin/gcc
ac_cv_prog_ac_ct_CXX=g++
ac_cv_prog_ac_ct_RANLIB=ranlib
ac_cv_prog_ac_ct_STRIP=strip
ac_cv_prog_cc_c89=
ac_cv_prog_cc_g=yes
ac_cv_prog_cxx_g=yes
ac_cv_prog_f77_g=no
ac_cv_prog_make_make_set=yes
am_cv_CC_dependencies_compiler_type=gcc3
am_cv_CXX_dependencies_compiler_type=gcc3
lt_cv_deplibs_check_method=pass_all
lt_cv_file_magic_cmd='$MAGIC_CMD'
lt_cv_file_magic_test_file=
lt_cv_ld_reload_flag=-r
lt_cv_objdir=.libs
lt_cv_path_LD=/usr/bin/ld
lt_cv_path_LDCXX=/usr/bin/ld
lt_cv_path_NM='/usr/bin/nm -p'
lt_cv_path_SED=/bin/sed
lt_cv_prog_compiler_c_o=yes
lt_cv_prog_compiler_c_o_CXX=yes
lt_cv_prog_compiler_rtti_exceptions=no
lt_cv_prog_gnu_ld=no
lt_cv_prog_gnu_ldcxx=no
lt_cv_sys_global_symbol_pipe='sed -n -e '\''s/^.*[ 	]\([BCDEGRST][BCDEGRST]*\)[ 	][ 	]*_\([_A-Za-z][_A-Za-z0-9]*\)$/\1 _\2 \2/p'\'''
lt_cv_sys_global_symbol_to_c_name_address='sed -n -e '\''s/^: \([^ ]*\) $/  {\"\1\", (lt_ptr) 0},/p'\'' -e '\''s/^[BCDEGRST] \([^ ]*\) \([^ ]*\)$/  {"\2", (lt_ptr) \&\2},/p'\'''
lt_cv_sys_global_symbol_to_cdecl='sed -n -e '\''s/^. .* \(.*\)$/extern int \1;/p'\'''
lt_cv_sys_max_cmd_len=196608
lt_lt_cv_prog_compiler_c_o='"yes"'
lt_lt_cv_prog_compiler_c_o_CXX='"yes"'
lt_lt_cv_sys_global_symbol_pipe='"sed -n -e '\''s/^.*[ 	]\\([BCDEGRST][BCDEGRST]*\\)[ 	][ 	]*_\\([_A-Za-z][_A-Za-z0-9]*\\)\$/\\1 _\\2 \\2/p'\''"'
lt_lt_cv_sys_global_symbol_to_c_name_address='"sed -n -e '\''s/^: \\([^ ]*\\) \$/  {\\\"\\1\\\", (lt_ptr) 0},/p'\'' -e '\''s/^[BCDEGRST] \\([^ ]*\\) \\([^ ]*\\)\$/  {\"\\2\", (lt_ptr) \\&\\2},/p'\''"'
lt_lt_cv_sys_global_symbol_to_cdecl='"sed -n -e '\''s/^. .* \\(.*\\)\$/extern int \\1;/p'\''"'
pkg_cv_RESOURCEEXT_CFLAGS=' '
pkg_cv_RESOURCEEXT_LIBS=' '
pkg_cv_XRES_CFLAGS=' '
pkg_cv_XRES_LIBS='-L/usr/local/lib -lX11 -lXext  '

## ----------------- ##
## Output variables. ##
## ----------------- ##

ACLOCAL='${SHELL} /home/chris/xorg/libXres-1.0.3/missing --run aclocal-1.9'
ADMIN_MAN_DIR='$(mandir)/man$(ADMIN_MAN_SUFFIX)'
ADMIN_MAN_SUFFIX='8'
AMCMDECHO='echo'
AMDEPBACKSLASH='\'
AMDEPSHOWCMDSAT=''
AMDEP_FALSE='#'
AMDEP_TRUE=''
AMPRETTYECHO='true'
AMSHOWCMDSAT=''
AMTAR='${SHELL} /home/chris/xorg/libXres-1.0.3/missing --run tar'
APP_MAN_DIR='$(mandir)/man$(APP_MAN_SUFFIX)'
APP_MAN_SUFFIX='1'
AR='ar'
AUTOCONF='${SHELL} /home/chris/xorg/libXres-1.0.3/missing --run autoconf'
AUTOHEADER='${SHELL} /home/chris/xorg/libXres-1.0.3/missing --run autoheader'
AUTOMAKE='${SHELL} /home/chris/xorg/libXres-1.0.3/missing --run automake-1.9'
AWK='gawk'
CC='/usr/bin/gcc'
CCDEPMODE='depmode=gcc3'
CFLAGS='-Wall -Wpointer-arith -Wstrict-prototypes 	-Wmissing-prototypes -Wmissing-declarations 	-Wnested-externs -fno-strict-aliasing -g -O2'
CPP='/usr/bin/gcc -E'
CPPFLAGS=''
CXX='g++'
CXXCPP='g++ -E'
CXXDEPMODE='depmode=gcc3'
CXXFLAGS='-g -O2'
CYGPATH_W='echo'
DEFS='-DHAVE_CONFIG_H'
DEPDIR='.deps'
DRIVER_MAN_DIR='$(mandir)/man$(DRIVER_MAN_SUFFIX)'
DRIVER_MAN_SUFFIX='4'
ECHO='echo'
ECHO_C=''
ECHO_N='-n'
ECHO_T=''
EGREP='/bin/grep -E'
EXEEXT=''
F77=''
FFLAGS=''
FILE_MAN_DIR='$(mandir)/man$(FILE_MAN_SUFFIX)'
FILE_MAN_SUFFIX='5'
GREP='/bin/grep'
INSTALL_DATA='${INSTALL} -m 644'
INSTALL_PROGRAM='${INSTALL}'
INSTALL_SCRIPT='${INSTALL}'
INSTALL_STRIP_PROGRAM='${SHELL} $(install_sh) -c -s'
LDFLAGS=''
LIBOBJS=''
LIBS=''
LIBTOOL='$(SHELL) $(top_builddir)/libtool'
LIB_MAN_DIR='$(mandir)/man$(LIB_MAN_SUFFIX)'
LIB_MAN_SUFFIX='3'
LN_S='ln -s'
LTLIBOBJS=''
LT_QUIET=''
MAKEINFO='${SHELL} /home/chris/xorg/libXres-1.0.3/missing --run makeinfo'
MALLOC_ZERO_CFLAGS=''
MISC_MAN_DIR='$(mandir)/man$(MISC_MAN_SUFFIX)'
MISC_MAN_SUFFIX='7'
OBJEXT='o'
PACKAGE='libXres'
PACKAGE_BUGREPORT='https://bugs.freedesktop.org/enter_bug.cgi?product=xorg'
PACKAGE_NAME='libXres'
PACKAGE_STRING='libXres 1.0.3'
PACKAGE_TARNAME='libXres'
PACKAGE_VERSION='1.0.3'
PATH_SEPARATOR=':'
PKG_CONFIG='/usr/bin/pkg-config'
RANLIB='ranlib'
RESOURCEEXT_CFLAGS=' '
RESOURCEEXT_LIBS=' '
SET_MAKE=''
SHELL='/bin/sh'
STRIP='strip'
VERSION='1.0.3'
XMALLOC_ZERO_CFLAGS=''
XRES_CFLAGS=' '
XRES_LIBS='-L/usr/local/lib -lX11 -lXext  '
XTMALLOC_ZERO_CFLAGS=''
ac_ct_CC='/usr/bin/gcc'
ac_ct_CXX='g++'
ac_ct_F77=''
am__fastdepCC_FALSE='#'
am__fastdepCC_TRUE=''
am__fastdepCXX_FALSE='#'
am__fastdepCXX_TRUE=''
am__include='include'
am__leading_dot='.'
am__quote=''
am__tar='${AMTAR} chof - "$$tardir"'
am__untar='${AMTAR} xf -'
bindir='${exec_prefix}/bin'
build='arm-apple-darwin10.4.0'
build_alias=''
build_cpu='arm'
build_os='darwin10.4.0'
build_vendor='apple'
datadir='${datarootdir}'
datarootdir='${prefix}/share'
docdir='${datarootdir}/doc/${PACKAGE_TARNAME}'
dvidir='${docdir}'
exec_prefix='${prefix}'
host='arm-apple-darwin10.4.0'
host_alias=''
host_cpu='arm'
host_os='darwin10.4.0'
host_vendor='apple'
htmldir='${docdir}'
includedir='${prefix}/include'
infodir='${datarootdir}/info'
install_sh='/home/chris/xorg/libXres-1.0.3/install-sh'
libdir='${exec_prefix}/lib'
libexecdir='${exec_prefix}/libexec'
localedir='${datarootdir}/locale'
localstatedir='${prefix}/var'
mandir='${datarootdir}/man'
mkdir_p='mkdir -p --'
oldincludedir='/usr/include'
pdfdir='${docdir}'
prefix='/usr/local'
program_transform_name='s,x,x,'
psdir='${docdir}'
sbindir='${exec_prefix}/sbin'
sharedstatedir='${prefix}/com'
sysconfdir='${prefix}/etc'
target_alias=''

## ----------- ##
## confdefs.h. ##
## ----------- ##

#define PACKAGE_NAME "libXres"
#define PACKAGE_TARNAME "libXres"
#define PACKAGE_VERSION "1.0.3"
#define PACKAGE_STRING "libXres 1.0.3"
#define PACKAGE_BUGREPORT "https://bugs.freedesktop.org/enter_bug.cgi?product=xorg"
#define PACKAGE "libXres"
#define VERSION "1.0.3"
#define STDC_HEADERS 1
#define HAVE_SYS_TYPES_H 1
#define HAVE_SYS_STAT_H 1
#define HAVE_STDLIB_H 1
#define HAVE_STRING_H 1
#define HAVE_MEMORY_H 1
#define HAVE_STRINGS_H 1
#define HAVE_INTTYPES_H 1
#define HAVE_STDINT_H 1
#define HAVE_UNISTD_H 1
#define HAVE_DLFCN_H 1
#define PACKAGE_VERSION_MAJOR 
#define PACKAGE_VERSION_MINOR 0
#define PACKAGE_VERSION_PATCHLEVEL 0

configure: exit 0
