This file contains any messages produced by compilers while
running configure, to aid debugging if configure makes a mistake.

It was created by gtk+ configure 3.2.1, which was
generated by GNU Autoconf 2.68.  Invocation command line was

  $ ./configure --enable-x11-backend --enable-broadway-backend

## --------- ##
## Platform. ##
## --------- ##

hostname = Chriss-iPad
uname -m = iPad1,1
uname -r = 11.0.0
uname -s = Darwin
uname -v = Darwin Kernel Version 11.0.0: Sun Apr  8 21:51:26 PDT 2012; root:xnu-1878.11.10~1/RELEASE_ARM_S5L8930X

/usr/bin/uname -p = unknown
/bin/uname -X     = unknown

/bin/arch              = unknown
/usr/bin/arch -k       = unknown
/usr/convex/getsysinfo = unknown
/usr/bin/hostinfo      = Mach kernel version:
	 Darwin Kernel Version 11.0.0: Sun Apr  8 21:51:26 PDT 2012; root:xnu-1878.11.10~1/RELEASE_ARM_S5L8930X
Kernel configured for a single processor only.
1 processor is physically available.
1 processor is logically available.
Processor type: armv7 (arm v7)
Processor active: 0
Primary memory available: 246.98 megabytes
Default processor set: 34 tasks, 235 threads, 1 processors
Load average: 1.89, Mach factor: 0.09
/bin/machine           = unknown
/usr/bin/oslevel       = unknown
/bin/universe          = unknown

PATH: /usr/local/sbin
PATH: /usr/local/bin
PATH: /usr/sbin
PATH: /usr/bin
PATH: /sbin
PATH: /bin
PATH: /usr/bin/X11
PATH: /usr/games
PATH: /usr/local/Gambit-C/bin
PATH: /home/chris/apache-ant-1.7.1/bin


## ----------- ##
## Core tests. ##
## ----------- ##

configure:2817: checking for a BSD-compatible install
configure:2885: result: /usr/bin/install -c
configure:2896: checking whether build environment is sane
configure:2946: result: yes
configure:3087: checking for a thread-safe mkdir -p
configure:3126: result: /bin/mkdir -p
configure:3139: checking for gawk
configure:3155: found /usr/bin/gawk
configure:3166: result: gawk
configure:3177: checking whether make sets $(MAKE)
configure:3199: result: yes
configure:3265: checking how to create a ustar tar archive
configure:3278: tar --version
tar (GNU tar) 1.22
Copyright (C) 2009 Free Software Foundation, Inc.
License GPLv3+: GNU GPL version 3 or later <http://gnu.org/licenses/gpl.html>.
This is free software: you are free to change and redistribute it.
There is NO WARRANTY, to the extent permitted by law.

Written by John Gilmore and Jay Fenlason.
configure:3281: $? = 0
configure:3321: tardir=conftest.dir && eval tar --format=ustar -chf - "$tardir" >conftest.tar
configure:3324: $? = 0
configure:3328: tar -xf - <conftest.tar
configure:3331: $? = 0
configure:3344: result: gnutar
configure:3352: checking whether to disable maintainer-specific portions of Makefiles
configure:3361: result: yes
configure:3493: checking for gcc
configure:3520: result: /usr/bin/gcc
configure:3749: checking for C compiler version
configure:3758: /usr/bin/gcc --version >&5
gcc (GCC) 4.2.1 (Based on Apple Inc. build 5555)
Copyright (C) 2007 Free Software Foundation, Inc.
This is free software; see the source for copying conditions.  There is NO
warranty; not even for MERCHANTABILITY or FITNESS FOR A PARTICULAR PURPOSE.

configure:3769: $? = 0
configure:3758: /usr/bin/gcc -v >&5
Using built-in specs.
Target: arm-apple-darwin9
Configured with: ../llvm-gcc-4.2/configure --build=x86_64-unknown-linux-gnu --host=arm-apple-darwin9 --enable-static=no --enable-shared=yes --prefix=/usr --localstatedir=/var/cache/iphone-gcc --enable-languages=c,c++,objc,obj-c++ --enable-wchar_t=no --with-gxx-include-dir=/usr/include/c++/4.0.0
Thread model: posix
gcc version 4.2.1 (Based on Apple Inc. build 5555)
configure:3769: $? = 0
configure:3758: /usr/bin/gcc -V >&5
gcc: '-V' option must have argument
configure:3769: $? = 1
configure:3758: /usr/bin/gcc -qversion >&5
gcc: no input files
configure:3769: $? = 1
configure:3789: checking whether the C compiler works
configure:3811: /usr/bin/gcc    conftest.c  >&5
configure:3815: $? = 0
configure:3863: result: yes
configure:3866: checking for C compiler default output file name
configure:3868: result: a.out
configure:3874: checking for suffix of executables
configure:3881: /usr/bin/gcc -o conftest    conftest.c  >&5
configure:3885: $? = 0
configure:3907: result: 
configure:3929: checking whether we are cross compiling
configure:3937: /usr/bin/gcc -o conftest    conftest.c  >&5
configure:3941: $? = 0
configure:3948: ./conftest
./configure: line 3950: 21772 Killed: 9               ./conftest$ac_cv_exeext
configure:3952: $? = 137
configure:3964: result: no
configure:3969: checking for suffix of object files
configure:3991: /usr/bin/gcc -c   conftest.c >&5
configure:3995: $? = 0
configure:4016: result: o
configure:4020: checking whether we are using the GNU C compiler
configure:4039: /usr/bin/gcc -c   conftest.c >&5
configure:4039: $? = 0
configure:4048: result: yes
configure:4057: checking whether /usr/bin/gcc accepts -g
configure:4077: /usr/bin/gcc -c -g  conftest.c >&5
configure:4077: $? = 0
configure:4118: result: yes
configure:4135: checking for /usr/bin/gcc option to accept ISO C89
configure:4199: /usr/bin/gcc  -c -g -O2  conftest.c >&5
configure:4199: $? = 0
configure:4212: result: none needed
configure:4243: checking for style of include used by make
configure:4271: result: GNU
configure:4296: checking dependency style of /usr/bin/gcc
configure:4406: result: gcc3
configure:4422: checking whether /usr/bin/gcc and cc understand -c and -o together
configure:4453: /usr/bin/gcc -c conftest.c -o conftest2.o >&5
configure:4457: $? = 0
configure:4463: /usr/bin/gcc -c conftest.c -o conftest2.o >&5
configure:4467: $? = 0
configure:4478: cc -c conftest.c >&5
configure:4482: $? = 0
configure:4490: cc -c conftest.c -o conftest2.o >&5
configure:4494: $? = 0
configure:4500: cc -c conftest.c -o conftest2.o >&5
configure:4504: $? = 0
configure:4522: result: yes
configure:4536: checking for /usr/bin/gcc option to accept ISO C99
configure:4685: /usr/bin/gcc  -c -g -O2  conftest.c >&5
conftest.c:59: error: expected ';', ',' or ')' before 'text'
conftest.c: In function 'main':
conftest.c:113: error: nested functions are disabled, use -fnested-functions to re-enable
conftest.c:113: error: expected '=', ',', ';', 'asm' or '__attribute__' before 'newvar'
conftest.c:113: error: 'newvar' undeclared (first use in this function)
conftest.c:113: error: (Each undeclared identifier is reported only once
conftest.c:113: error: for each function it appears in.)
conftest.c:123: error: 'for' loop initial declaration used outside C99 mode
configure:4685: $? = 1
configure: failed program was:
| /* confdefs.h */
| #define PACKAGE_NAME "gtk+"
| #define PACKAGE_TARNAME "gtk+"
| #define PACKAGE_VERSION "3.2.1"
| #define PACKAGE_STRING "gtk+ 3.2.1"
| #define PACKAGE_BUGREPORT "http://bugzilla.gnome.org/enter_bug.cgi?product=gtk%2B"
| #define PACKAGE_URL ""
| /* end confdefs.h.  */
| #include <stdarg.h>
| #include <stdbool.h>
| #include <stdlib.h>
| #include <wchar.h>
| #include <stdio.h>
| 
| // Check varargs macros.  These examples are taken from C99 6.10.3.5.
| #define debug(...) fprintf (stderr, __VA_ARGS__)
| #define showlist(...) puts (#__VA_ARGS__)
| #define report(test,...) ((test) ? puts (#test) : printf (__VA_ARGS__))
| static void
| test_varargs_macros (void)
| {
|   int x = 1234;
|   int y = 5678;
|   debug ("Flag");
|   debug ("X = %d\n", x);
|   showlist (The first, second, and third items.);
|   report (x>y, "x is %d but y is %d", x, y);
| }
| 
| // Check long long types.
| #define BIG64 18446744073709551615ull
| #define BIG32 4294967295ul
| #define BIG_OK (BIG64 / BIG32 == 4294967297ull && BIG64 % BIG32 == 0)
| #if !BIG_OK
|   your preprocessor is broken;
| #endif
| #if BIG_OK
| #else
|   your preprocessor is broken;
| #endif
| static long long int bignum = -9223372036854775807LL;
| static unsigned long long int ubignum = BIG64;
| 
| struct incomplete_array
| {
|   int datasize;
|   double data[];
| };
| 
| struct named_init {
|   int number;
|   const wchar_t *name;
|   double average;
| };
| 
| typedef const char *ccp;
| 
| static inline int
| test_restrict (ccp restrict text)
| {
|   // See if C++-style comments work.
|   // Iterate through items via the restricted pointer.
|   // Also check for declarations in for loops.
|   for (unsigned int i = 0; *(text+i) != '\0'; ++i)
|     continue;
|   return 0;
| }
| 
| // Check varargs and va_copy.
| static void
| test_varargs (const char *format, ...)
| {
|   va_list args;
|   va_start (args, format);
|   va_list args_copy;
|   va_copy (args_copy, args);
| 
|   const char *str;
|   int number;
|   float fnumber;
| 
|   while (*format)
|     {
|       switch (*format++)
| 	{
| 	case 's': // string
| 	  str = va_arg (args_copy, const char *);
| 	  break;
| 	case 'd': // int
| 	  number = va_arg (args_copy, int);
| 	  break;
| 	case 'f': // float
| 	  fnumber = va_arg (args_copy, double);
| 	  break;
| 	default:
| 	  break;
| 	}
|     }
|   va_end (args_copy);
|   va_end (args);
| }
| 
| int
| main ()
| {
| 
|   // Check bool.
|   _Bool success = false;
| 
|   // Check restrict.
|   if (test_restrict ("String literal") == 0)
|     success = true;
|   char *restrict newvar = "Another string";
| 
|   // Check varargs.
|   test_varargs ("s, d' f .", "string", 65, 34.234);
|   test_varargs_macros ();
| 
|   // Check flexible array members.
|   struct incomplete_array *ia =
|     malloc (sizeof (struct incomplete_array) + (sizeof (double) * 10));
|   ia->datasize = 10;
|   for (int i = 0; i < ia->datasize; ++i)
|     ia->data[i] = i * 1.234;
| 
|   // Check named initializers.
|   struct named_init ni = {
|     .number = 34,
|     .name = L"Test wide string",
|     .average = 543.34343,
|   };
| 
|   ni.number = 58;
| 
|   int dynamic_array[ni.number];
|   dynamic_array[ni.number - 1] = 543;
| 
|   // work around unused variable warnings
|   return (!success || bignum == 0LL || ubignum == 0uLL || newvar[0] == 'x'
| 	  || dynamic_array[ni.number - 1] != 543);
| 
|   ;
|   return 0;
| }
configure:4685: /usr/bin/gcc -std=gnu99 -c -g -O2  conftest.c >&5
configure:4685: $? = 0
configure:4705: result: -std=gnu99
configure:4807: checking for /usr/bin/gcc -std=gnu99 option to accept ISO Standard C
configure:4821: result: -std=gnu99
configure:4826: checking whether make sets $(MAKE)
configure:4848: result: yes
configure:4871: checking build system type
configure:4885: result: arm-apple-darwin11.0.0
configure:4905: checking host system type
configure:4918: result: arm-apple-darwin11.0.0
configure:4940: checking for native Win32
configure:4960: result: no
configure:5024: checking for c++
configure:5040: found /usr/bin/c++
configure:5051: result: c++
configure:5194: checking for C++ compiler version
configure:5203: c++ --version >&5
c++ (GCC) 4.2.1 (Based on Apple Inc. build 5555)
Copyright (C) 2007 Free Software Foundation, Inc.
This is free software; see the source for copying conditions.  There is NO
warranty; not even for MERCHANTABILITY or FITNESS FOR A PARTICULAR PURPOSE.

configure:5214: $? = 0
configure:5203: c++ -v >&5
Using built-in specs.
Target: arm-apple-darwin9
Configured with: ../llvm-gcc-4.2/configure --build=x86_64-unknown-linux-gnu --host=arm-apple-darwin9 --enable-static=no --enable-shared=yes --prefix=/usr --localstatedir=/var/cache/iphone-gcc --enable-languages=c,c++,objc,obj-c++ --enable-wchar_t=no --with-gxx-include-dir=/usr/include/c++/4.0.0
Thread model: posix
gcc version 4.2.1 (Based on Apple Inc. build 5555)
configure:5214: $? = 0
configure:5203: c++ -V >&5
c++: '-V' option must have argument
configure:5214: $? = 1
configure:5203: c++ -qversion >&5
c++: no input files
configure:5214: $? = 1
configure:5218: checking whether we are using the GNU C++ compiler
configure:5237: c++ -c   conftest.cpp >&5
configure:5237: $? = 0
configure:5246: result: yes
configure:5255: checking whether c++ accepts -g
configure:5275: c++ -c -g  conftest.cpp >&5
configure:5275: $? = 0
configure:5316: result: yes
configure:5341: checking dependency style of c++
configure:5451: result: gcc3
configure:5478: c++ -c -g -O2  conftest.cpp >&5
configure:5478: $? = 0
configure:5506: c++ -c -g -O2 -x objective-c++  conftest.cpp >&5
configure:5506: $? = 0
configure:5588: checking how to print strings
configure:5615: result: printf
configure:5636: checking for a sed that does not truncate output
configure:5700: result: /bin/sed
configure:5718: checking for grep that handles long lines and -e
configure:5776: result: /bin/grep
configure:5781: checking for egrep
configure:5843: result: /bin/grep -E
configure:5848: checking for fgrep
configure:5910: result: /bin/grep -F
configure:5945: checking for ld used by /usr/bin/gcc -std=gnu99
configure:6012: result: /usr/bin/ld
configure:6019: checking if the linker (/usr/bin/ld) is GNU ld
configure:6034: result: no
configure:6046: checking for BSD- or MS-compatible name lister (nm)
configure:6095: result: /usr/bin/nm -p
configure:6225: checking the name lister (/usr/bin/nm -p) interface
configure:6232: /usr/bin/gcc -std=gnu99 -c -g -O2  conftest.c >&5
configure:6235: /usr/bin/nm -p "conftest.o"
configure:6238: output
00000000 D _some_variable
configure:6245: result: BSD nm
configure:6248: checking whether ln -s works
configure:6252: result: yes
configure:6260: checking the maximum length of command line arguments
configure:6385: result: 196608
configure:6402: checking whether the shell understands some XSI constructs
configure:6412: result: yes
configure:6416: checking whether the shell understands "+="
configure:6422: result: yes
configure:6457: checking how to convert arm-apple-darwin11.0.0 file names to arm-apple-darwin11.0.0 format
configure:6497: result: func_convert_file_noop
configure:6504: checking how to convert arm-apple-darwin11.0.0 file names to toolchain format
configure:6524: result: func_convert_file_noop
configure:6531: checking for /usr/bin/ld option to reload object files
configure:6538: result: -r
configure:6612: checking for objdump
configure:6628: found /usr/bin/objdump
configure:6639: result: objdump
configure:6668: checking how to recognize dependent libraries
configure:6870: result: pass_all
configure:6955: checking for dlltool
configure:6985: result: no
configure:7012: checking how to associate runtime and link libraries
configure:7039: result: printf %s\n
configure:7100: checking for ar
configure:7116: found /usr/bin/ar
configure:7127: result: ar
configure:7164: checking for archiver @FILE support
configure:7181: /usr/bin/gcc -std=gnu99 -c -g -O2  conftest.c >&5
configure:7181: $? = 0
configure:7184: ar cru libconftest.a @conftest.lst >&5
ar: @conftest.lst: No such file or directory
configure:7187: $? = 1
configure:7207: result: no
configure:7265: checking for strip
configure:7281: found /usr/bin/strip
configure:7292: result: strip
configure:7364: checking for ranlib
configure:7380: found /usr/bin/ranlib
configure:7391: result: ranlib
configure:7493: checking command to parse /usr/bin/nm -p output from /usr/bin/gcc -std=gnu99 object
configure:7612: /usr/bin/gcc -std=gnu99 -c -g -O2  conftest.c >&5
configure:7615: $? = 0
configure:7619: /usr/bin/nm -p conftest.o \| sed -n -e 's/^.*[ ]\([BCDEGRST][BCDEGRST]*\)[ ][ ]*\([_A-Za-z][_A-Za-z0-9]*\)$/\1 \2 \2/p' | sed '/ __gnu_lto/d' \> conftest.nm
configure:7622: $? = 0
cannot find nm_test_var in conftest.nm
configure:7612: /usr/bin/gcc -std=gnu99 -c -g -O2  conftest.c >&5
configure:7615: $? = 0
configure:7619: /usr/bin/nm -p conftest.o \| sed -n -e 's/^.*[ ]\([BCDEGRST][BCDEGRST]*\)[ ][ ]*_\([_A-Za-z][_A-Za-z0-9]*\)$/\1 _\2 \2/p' | sed '/ __gnu_lto/d' \> conftest.nm
configure:7622: $? = 0
configure:7688: /usr/bin/gcc -std=gnu99 -o conftest -g -O2   conftest.c conftstm.o >&5
configure:7691: $? = 0
configure:7729: result: ok
configure:7766: checking for sysroot
configure:7796: result: no
configure:8039: checking for mt
configure:8069: result: no
configure:8089: checking if : is a manifest tool
configure:8095: : '-?'
configure:8103: result: no
configure:8159: checking for dsymutil
configure:8189: result: no
configure:8251: checking for nmedit
configure:8267: found /usr/bin/nmedit
configure:8278: result: nmedit
configure:8343: checking for lipo
configure:8359: found /usr/bin/lipo
configure:8370: result: lipo
configure:8435: checking for otool
configure:8451: found /usr/bin/otool
configure:8462: result: otool
configure:8527: checking for otool64
configure:8543: found /usr/bin/otool64
configure:8554: result: otool64
configure:8602: checking for -single_module linker flag
/usr/bin/gcc -std=gnu99 -g -O2  -o libconftest.dylib -dynamiclib -Wl,-single_module conftest.c
configure:8629: result: yes
configure:8631: checking for -exported_symbols_list linker flag
configure:8651: /usr/bin/gcc -std=gnu99 -o conftest -g -O2   -Wl,-exported_symbols_list,conftest.sym conftest.c  >&5
configure:8651: $? = 0
configure:8661: result: yes
configure:8663: checking for -force_load linker flag
/usr/bin/gcc -std=gnu99 -g -O2 -c -o conftest.o conftest.c
ar cru libconftest.a conftest.o
ranlib libconftest.a
/usr/bin/gcc -std=gnu99 -g -O2  -o conftest conftest.c -Wl,-force_load,./libconftest.a
ld: unknown option: -force_load
collect2: ld returned 1 exit status
configure:8693: result: no
configure:8735: checking how to run the C preprocessor
configure:8766: /usr/bin/gcc -std=gnu99 -E  conftest.c
configure:8766: $? = 0
configure:8780: /usr/bin/gcc -std=gnu99 -E  conftest.c
conftest.c:10:28: error: ac_nonexistent.h: No such file or directory
configure:8780: $? = 1
configure: failed program was:
| /* confdefs.h */
| #define PACKAGE_NAME "gtk+"
| #define PACKAGE_TARNAME "gtk+"
| #define PACKAGE_VERSION "3.2.1"
| #define PACKAGE_STRING "gtk+ 3.2.1"
| #define PACKAGE_BUGREPORT "http://bugzilla.gnome.org/enter_bug.cgi?product=gtk%2B"
| #define PACKAGE_URL ""
| #define GETTEXT_PACKAGE "gtk30"
| /* end confdefs.h.  */
| #include <ac_nonexistent.h>
configure:8805: result: /usr/bin/gcc -std=gnu99 -E
configure:8825: /usr/bin/gcc -std=gnu99 -E  conftest.c
configure:8825: $? = 0
configure:8839: /usr/bin/gcc -std=gnu99 -E  conftest.c
conftest.c:10:28: error: ac_nonexistent.h: No such file or directory
configure:8839: $? = 1
configure: failed program was:
| /* confdefs.h */
| #define PACKAGE_NAME "gtk+"
| #define PACKAGE_TARNAME "gtk+"
| #define PACKAGE_VERSION "3.2.1"
| #define PACKAGE_STRING "gtk+ 3.2.1"
| #define PACKAGE_BUGREPORT "http://bugzilla.gnome.org/enter_bug.cgi?product=gtk%2B"
| #define PACKAGE_URL ""
| #define GETTEXT_PACKAGE "gtk30"
| /* end confdefs.h.  */
| #include <ac_nonexistent.h>
configure:8868: checking for ANSI C header files
configure:8888: /usr/bin/gcc -std=gnu99 -c -g -O2  conftest.c >&5
configure:8888: $? = 0
configure:8961: /usr/bin/gcc -std=gnu99 -o conftest -g -O2   conftest.c  >&5
configure:8961: $? = 0
configure:8961: ./conftest
./configure: line 2063: 22275 Killed: 9               ./conftest$ac_exeext
configure:8961: $? = 137
configure: program exited with status 137
configure: failed program was:
| /* confdefs.h */
| #define PACKAGE_NAME "gtk+"
| #define PACKAGE_TARNAME "gtk+"
| #define PACKAGE_VERSION "3.2.1"
| #define PACKAGE_STRING "gtk+ 3.2.1"
| #define PACKAGE_BUGREPORT "http://bugzilla.gnome.org/enter_bug.cgi?product=gtk%2B"
| #define PACKAGE_URL ""
| #define GETTEXT_PACKAGE "gtk30"
| /* end confdefs.h.  */
| #include <ctype.h>
| #include <stdlib.h>
| #if ((' ' & 0x0FF) == 0x020)
| # define ISLOWER(c) ('a' <= (c) && (c) <= 'z')
| # define TOUPPER(c) (ISLOWER(c) ? 'A' + ((c) - 'a') : (c))
| #else
| # define ISLOWER(c) 		   (('a' <= (c) && (c) <= 'i') 		     || ('j' <= (c) && (c) <= 'r') 		     || ('s' <= (c) && (c) <= 'z'))
| # define TOUPPER(c) (ISLOWER(c) ? ((c) | 0x40) : (c))
| #endif
| 
| #define XOR(e, f) (((e) && !(f)) || (!(e) && (f)))
| int
| main ()
| {
|   int i;
|   for (i = 0; i < 256; i++)
|     if (XOR (islower (i), ISLOWER (i))
| 	|| toupper (i) != TOUPPER (i))
|       return 2;
|   return 0;
| }
configure:8972: result: no
configure:8985: checking for sys/types.h
configure:8985: /usr/bin/gcc -std=gnu99 -c -g -O2  conftest.c >&5
configure:8985: $? = 0
configure:8985: result: yes
configure:8985: checking for sys/stat.h
configure:8985: /usr/bin/gcc -std=gnu99 -c -g -O2  conftest.c >&5
configure:8985: $? = 0
configure:8985: result: yes
configure:8985: checking for stdlib.h
configure:8985: /usr/bin/gcc -std=gnu99 -c -g -O2  conftest.c >&5
configure:8985: $? = 0
configure:8985: result: yes
configure:8985: checking for string.h
configure:8985: /usr/bin/gcc -std=gnu99 -c -g -O2  conftest.c >&5
configure:8985: $? = 0
configure:8985: result: yes
configure:8985: checking for memory.h
configure:8985: /usr/bin/gcc -std=gnu99 -c -g -O2  conftest.c >&5
configure:8985: $? = 0
configure:8985: result: yes
configure:8985: checking for strings.h
configure:8985: /usr/bin/gcc -std=gnu99 -c -g -O2  conftest.c >&5
configure:8985: $? = 0
configure:8985: result: yes
configure:8985: checking for inttypes.h
configure:8985: /usr/bin/gcc -std=gnu99 -c -g -O2  conftest.c >&5
configure:8985: $? = 0
configure:8985: result: yes
configure:8985: checking for stdint.h
configure:8985: /usr/bin/gcc -std=gnu99 -c -g -O2  conftest.c >&5
configure:8985: $? = 0
configure:8985: result: yes
configure:8985: checking for unistd.h
configure:8985: /usr/bin/gcc -std=gnu99 -c -g -O2  conftest.c >&5
configure:8985: $? = 0
configure:8985: result: yes
configure:8999: checking for dlfcn.h
configure:8999: /usr/bin/gcc -std=gnu99 -c -g -O2  conftest.c >&5
configure:8999: $? = 0
configure:8999: result: yes
configure:9493: checking for objdir
configure:9508: result: .libs
configure:9779: checking if /usr/bin/gcc -std=gnu99 supports -fno-rtti -fno-exceptions
configure:9797: /usr/bin/gcc -std=gnu99 -c -g -O2  -fno-rtti -fno-exceptions conftest.c >&5
cc1: warning: command line option "-fno-rtti" is valid for C++/ObjC++ but not for C
configure:9801: $? = 0
configure:9814: result: no
configure:10124: checking for /usr/bin/gcc -std=gnu99 option to produce PIC
configure:10131: result: -fno-common -DPIC
configure:10139: checking if /usr/bin/gcc -std=gnu99 PIC flag -fno-common -DPIC works
configure:10157: /usr/bin/gcc -std=gnu99 -c -g -O2  -fno-common -DPIC -DPIC conftest.c >&5
configure:10161: $? = 0
configure:10174: result: yes
configure:10203: checking if /usr/bin/gcc -std=gnu99 static flag -static works
configure:10231: result: no
configure:10246: checking if /usr/bin/gcc -std=gnu99 supports -c -o file.o
configure:10267: /usr/bin/gcc -std=gnu99 -c -g -O2  -o out/conftest2.o conftest.c >&5
configure:10271: $? = 0
configure:10293: result: yes
configure:10301: checking if /usr/bin/gcc -std=gnu99 supports -c -o file.o
configure:10348: result: yes
configure:10381: checking whether the /usr/bin/gcc -std=gnu99 linker (/usr/bin/ld) supports shared libraries
configure:11539: result: yes
configure:11784: checking dynamic linker characteristics
configure:12524: result: darwin11.0.0 dyld
configure:12631: checking how to hardcode library paths into programs
configure:12656: result: immediate
configure:13196: checking whether stripping libraries is possible
configure:13210: result: yes
configure:13236: checking if libtool supports shared libraries
configure:13238: result: yes
configure:13241: checking whether to build shared libraries
configure:13262: result: yes
configure:13265: checking whether to build static libraries
configure:13269: result: no
configure:13292: checking how to run the C++ preprocessor
configure:13319: c++ -E  conftest.cpp
configure:13319: $? = 0
configure:13333: c++ -E  conftest.cpp
conftest.cpp:21:28: error: ac_nonexistent.h: No such file or directory
configure:13333: $? = 1
configure: failed program was:
| /* confdefs.h */
| #define PACKAGE_NAME "gtk+"
| #define PACKAGE_TARNAME "gtk+"
| #define PACKAGE_VERSION "3.2.1"
| #define PACKAGE_STRING "gtk+ 3.2.1"
| #define PACKAGE_BUGREPORT "http://bugzilla.gnome.org/enter_bug.cgi?product=gtk%2B"
| #define PACKAGE_URL ""
| #define GETTEXT_PACKAGE "gtk30"
| #define HAVE_SYS_TYPES_H 1
| #define HAVE_SYS_STAT_H 1
| #define HAVE_STDLIB_H 1
| #define HAVE_STRING_H 1
| #define HAVE_MEMORY_H 1
| #define HAVE_STRINGS_H 1
| #define HAVE_INTTYPES_H 1
| #define HAVE_STDINT_H 1
| #define HAVE_UNISTD_H 1
| #define HAVE_DLFCN_H 1
| #define LT_OBJDIR ".libs/"
| /* end confdefs.h.  */
| #include <ac_nonexistent.h>
configure:13358: result: c++ -E
configure:13378: c++ -E  conftest.cpp
configure:13378: $? = 0
configure:13392: c++ -E  conftest.cpp
conftest.cpp:21:28: error: ac_nonexistent.h: No such file or directory
configure:13392: $? = 1
configure: failed program was:
| /* confdefs.h */
| #define PACKAGE_NAME "gtk+"
| #define PACKAGE_TARNAME "gtk+"
| #define PACKAGE_VERSION "3.2.1"
| #define PACKAGE_STRING "gtk+ 3.2.1"
| #define PACKAGE_BUGREPORT "http://bugzilla.gnome.org/enter_bug.cgi?product=gtk%2B"
| #define PACKAGE_URL ""
| #define GETTEXT_PACKAGE "gtk30"
| #define HAVE_SYS_TYPES_H 1
| #define HAVE_SYS_STAT_H 1
| #define HAVE_STDLIB_H 1
| #define HAVE_STRING_H 1
| #define HAVE_MEMORY_H 1
| #define HAVE_STRINGS_H 1
| #define HAVE_INTTYPES_H 1
| #define HAVE_STDINT_H 1
| #define HAVE_UNISTD_H 1
| #define HAVE_DLFCN_H 1
| #define LT_OBJDIR ".libs/"
| /* end confdefs.h.  */
| #include <ac_nonexistent.h>
configure:13562: checking for ld used by c++
configure:13629: result: /usr/bin/ld
configure:13636: checking if the linker (/usr/bin/ld) is GNU ld
configure:13651: result: no
configure:13706: checking whether the c++ linker (/usr/bin/ld) supports shared libraries
configure:14710: result: yes
configure:14745: c++ -c -g -O2  conftest.cpp >&5
configure:14748: $? = 0
configure:15268: checking for c++ option to produce PIC
configure:15275: result: -fno-common -DPIC
configure:15283: checking if c++ PIC flag -fno-common -DPIC works
configure:15301: c++ -c -g -O2  -fno-common -DPIC -DPIC conftest.cpp >&5
configure:15305: $? = 0
configure:15318: result: yes
configure:15341: checking if c++ static flag -static works
configure:15369: result: no
configure:15381: checking if c++ supports -c -o file.o
configure:15402: c++ -c -g -O2  -o out/conftest2.o conftest.cpp >&5
configure:15406: $? = 0
configure:15428: result: yes
configure:15433: checking if c++ supports -c -o file.o
configure:15480: result: yes
configure:15510: checking whether the c++ linker (/usr/bin/ld) supports shared libraries
configure:15544: result: yes
configure:15687: checking dynamic linker characteristics
configure:16361: result: darwin11.0.0 dyld
configure:16414: checking how to hardcode library paths into programs
configure:16439: result: immediate
configure:16500: creating ./config.lt

## ------------------ ##
## Running config.lt. ##
## ------------------ ##
config.lt:692: creating libtool
configure:18165: checking for special C compiler options needed for large files
configure:18210: result: no
configure:18216: checking for _FILE_OFFSET_BITS value needed for large files
configure:18241: /usr/bin/gcc -std=gnu99 -c -g -O2  conftest.c >&5
configure:18241: $? = 0
configure:18273: result: no
configure:18366: checking dependency style of /usr/bin/gcc -std=gnu99
configure:18474: result: gcc3
configure:18491: checking for nm
configure:18522: result: /usr/bin/nm -p
configure:18531: checking for some Win32 platform
configure:18541: result: no
configure:19008: checking whether build environment is sane
configure:19058: result: yes
configure:19180: checking for pkg-config
configure:19198: found /usr/local/bin/pkg-config
configure:19210: result: /usr/local/bin/pkg-config
configure:19235: checking pkg-config is at least version 0.9.0
configure:19238: result: yes
configure:19248: checking for BASE_DEPENDENCIES
configure:19255: $PKG_CONFIG --exists --print-errors "glib-2.0 >= 2.29.14    atk >= 2.1.5    pango >= 1.29.0    cairo >= 1.10.0    cairo-gobject >= 1.10.0    gdk-pixbuf-2.0 >= 2.23.5"
configure:19258: $? = 0
configure:19271: $PKG_CONFIG --exists --print-errors "glib-2.0 >= 2.29.14    atk >= 2.1.5    pango >= 1.29.0    cairo >= 1.10.0    cairo-gobject >= 1.10.0    gdk-pixbuf-2.0 >= 2.23.5"
configure:19274: $? = 0
configure:19333: result: yes
configure:19340: checking for CAIRO_BACKEND
configure:19347: $PKG_CONFIG --exists --print-errors "$cairo_backends"
configure:19350: $? = 0
configure:19363: $PKG_CONFIG --exists --print-errors "$cairo_backends"
configure:19366: $? = 0
configure:19425: result: yes
configure:19449: checking Whether to write dependencies into .pc files
configure:19466: result: no
configure:19485: checking for perl5
configure:19518: result: no
configure:19485: checking for perl
configure:19503: found /usr/local/bin/perl
configure:19515: result: /usr/local/bin/perl
configure:19530: checking for indent
configure:19560: result: no
configure:19577: checking for lstat
configure:19577: /usr/bin/gcc -std=gnu99 -o conftest -g -O2 -Wall  -DG_DISABLE_SINGLE_INCLUDES -DATK_DISABLE_SINGLE_INCLUDES  conftest.c  >&5
configure:19577: $? = 0
configure:19577: result: yes
configure:19577: checking for mkstemp
configure:19577: /usr/bin/gcc -std=gnu99 -o conftest -g -O2 -Wall  -DG_DISABLE_SINGLE_INCLUDES -DATK_DISABLE_SINGLE_INCLUDES  conftest.c  >&5
configure:19577: $? = 0
configure:19577: result: yes
configure:19577: checking for flockfile
configure:19577: /usr/bin/gcc -std=gnu99 -o conftest -g -O2 -Wall  -DG_DISABLE_SINGLE_INCLUDES -DATK_DISABLE_SINGLE_INCLUDES  conftest.c  >&5
configure:19577: $? = 0
configure:19577: result: yes
configure:19577: checking for getc_unlocked
configure:19577: /usr/bin/gcc -std=gnu99 -o conftest -g -O2 -Wall  -DG_DISABLE_SINGLE_INCLUDES -DATK_DISABLE_SINGLE_INCLUDES  conftest.c  >&5
configure:19577: $? = 0
configure:19577: result: yes
configure:19588: checking for localtime_r
configure:19588: /usr/bin/gcc -std=gnu99 -o conftest -g -O2 -Wall  -DG_DISABLE_SINGLE_INCLUDES -DATK_DISABLE_SINGLE_INCLUDES  conftest.c  >&5
configure:19588: $? = 0
configure:19588: result: yes
configure:19599: checking for _NL_TIME_FIRST_WEEKDAY
configure:19613: /usr/bin/gcc -std=gnu99 -o conftest -g -O2 -Wall  -DG_DISABLE_SINGLE_INCLUDES -DATK_DISABLE_SINGLE_INCLUDES  conftest.c  >&5
conftest.c: In function 'main':
conftest.c:32: error: '_NL_TIME_FIRST_WEEKDAY' undeclared (first use in this function)
conftest.c:32: error: (Each undeclared identifier is reported only once
conftest.c:32: error: for each function it appears in.)
configure:19613: $? = 1
configure: failed program was:
| /* confdefs.h */
| #define PACKAGE_NAME "gtk+"
| #define PACKAGE_TARNAME "gtk+"
| #define PACKAGE_VERSION "3.2.1"
| #define PACKAGE_STRING "gtk+ 3.2.1"
| #define PACKAGE_BUGREPORT "http://bugzilla.gnome.org/enter_bug.cgi?product=gtk%2B"
| #define PACKAGE_URL ""
| #define GETTEXT_PACKAGE "gtk30"
| #define HAVE_SYS_TYPES_H 1
| #define HAVE_SYS_STAT_H 1
| #define HAVE_STDLIB_H 1
| #define HAVE_STRING_H 1
| #define HAVE_MEMORY_H 1
| #define HAVE_STRINGS_H 1
| #define HAVE_INTTYPES_H 1
| #define HAVE_STDINT_H 1
| #define HAVE_UNISTD_H 1
| #define HAVE_DLFCN_H 1
| #define LT_OBJDIR ".libs/"
| #define GTK_COMPILED_WITH_DEBUGGING "minimum"
| #define HAVE_LSTAT 1
| #define HAVE_MKSTEMP 1
| #define HAVE_FLOCKFILE 1
| #define HAVE_GETC_UNLOCKED 1
| #define HAVE_LOCALTIME_R 1
| /* end confdefs.h.  */
| #include <langinfo.h>
| int
| main ()
| {
| char c;
|                                   c = *((unsigned char *)  nl_langinfo(_NL_TIME_FIRST_WEEKDAY));
|   ;
|   return 0;
| }
configure:19620: result: no
configure:19629: checking for _NL_MEASUREMENT_MEASUREMENT
configure:19643: /usr/bin/gcc -std=gnu99 -o conftest -g -O2 -Wall  -DG_DISABLE_SINGLE_INCLUDES -DATK_DISABLE_SINGLE_INCLUDES  conftest.c  >&5
conftest.c: In function 'main':
conftest.c:32: error: '_NL_MEASUREMENT_MEASUREMENT' undeclared (first use in this function)
conftest.c:32: error: (Each undeclared identifier is reported only once
conftest.c:32: error: for each function it appears in.)
configure:19643: $? = 1
configure: failed program was:
| /* confdefs.h */
| #define PACKAGE_NAME "gtk+"
| #define PACKAGE_TARNAME "gtk+"
| #define PACKAGE_VERSION "3.2.1"
| #define PACKAGE_STRING "gtk+ 3.2.1"
| #define PACKAGE_BUGREPORT "http://bugzilla.gnome.org/enter_bug.cgi?product=gtk%2B"
| #define PACKAGE_URL ""
| #define GETTEXT_PACKAGE "gtk30"
| #define HAVE_SYS_TYPES_H 1
| #define HAVE_SYS_STAT_H 1
| #define HAVE_STDLIB_H 1
| #define HAVE_STRING_H 1
| #define HAVE_MEMORY_H 1
| #define HAVE_STRINGS_H 1
| #define HAVE_INTTYPES_H 1
| #define HAVE_STDINT_H 1
| #define HAVE_UNISTD_H 1
| #define HAVE_DLFCN_H 1
| #define LT_OBJDIR ".libs/"
| #define GTK_COMPILED_WITH_DEBUGGING "minimum"
| #define HAVE_LSTAT 1
| #define HAVE_MKSTEMP 1
| #define HAVE_FLOCKFILE 1
| #define HAVE_GETC_UNLOCKED 1
| #define HAVE_LOCALTIME_R 1
| /* end confdefs.h.  */
| #include <langinfo.h>
| int
| main ()
| {
| char c;
|                                   c = *((unsigned char *)  nl_langinfo(_NL_MEASUREMENT_MEASUREMENT));
|   ;
|   return 0;
| }
configure:19650: result: no
configure:19659: checking for _NL_PAPER_HEIGHT
configure:19673: /usr/bin/gcc -std=gnu99 -o conftest -g -O2 -Wall  -DG_DISABLE_SINGLE_INCLUDES -DATK_DISABLE_SINGLE_INCLUDES  conftest.c  >&5
conftest.c: In function 'main':
conftest.c:32: error: '_NL_PAPER_HEIGHT' undeclared (first use in this function)
conftest.c:32: error: (Each undeclared identifier is reported only once
conftest.c:32: error: for each function it appears in.)
configure:19673: $? = 1
configure: failed program was:
| /* confdefs.h */
| #define PACKAGE_NAME "gtk+"
| #define PACKAGE_TARNAME "gtk+"
| #define PACKAGE_VERSION "3.2.1"
| #define PACKAGE_STRING "gtk+ 3.2.1"
| #define PACKAGE_BUGREPORT "http://bugzilla.gnome.org/enter_bug.cgi?product=gtk%2B"
| #define PACKAGE_URL ""
| #define GETTEXT_PACKAGE "gtk30"
| #define HAVE_SYS_TYPES_H 1
| #define HAVE_SYS_STAT_H 1
| #define HAVE_STDLIB_H 1
| #define HAVE_STRING_H 1
| #define HAVE_MEMORY_H 1
| #define HAVE_STRINGS_H 1
| #define HAVE_INTTYPES_H 1
| #define HAVE_STDINT_H 1
| #define HAVE_UNISTD_H 1
| #define HAVE_DLFCN_H 1
| #define LT_OBJDIR ".libs/"
| #define GTK_COMPILED_WITH_DEBUGGING "minimum"
| #define HAVE_LSTAT 1
| #define HAVE_MKSTEMP 1
| #define HAVE_FLOCKFILE 1
| #define HAVE_GETC_UNLOCKED 1
| #define HAVE_LOCALTIME_R 1
| /* end confdefs.h.  */
| #include <langinfo.h>
| int
| main ()
| {
| char c;
|                                   c = *((unsigned char *)  nl_langinfo(_NL_PAPER_HEIGHT));
|   ;
|   return 0;
| }
configure:19680: result: no
configure:19689: checking for _NL_PAPER_WIDTH
configure:19703: /usr/bin/gcc -std=gnu99 -o conftest -g -O2 -Wall  -DG_DISABLE_SINGLE_INCLUDES -DATK_DISABLE_SINGLE_INCLUDES  conftest.c  >&5
conftest.c: In function 'main':
conftest.c:32: error: '_NL_PAPER_WIDTH' undeclared (first use in this function)
conftest.c:32: error: (Each undeclared identifier is reported only once
conftest.c:32: error: for each function it appears in.)
configure:19703: $? = 1
configure: failed program was:
| /* confdefs.h */
| #define PACKAGE_NAME "gtk+"
| #define PACKAGE_TARNAME "gtk+"
| #define PACKAGE_VERSION "3.2.1"
| #define PACKAGE_STRING "gtk+ 3.2.1"
| #define PACKAGE_BUGREPORT "http://bugzilla.gnome.org/enter_bug.cgi?product=gtk%2B"
| #define PACKAGE_URL ""
| #define GETTEXT_PACKAGE "gtk30"
| #define HAVE_SYS_TYPES_H 1
| #define HAVE_SYS_STAT_H 1
| #define HAVE_STDLIB_H 1
| #define HAVE_STRING_H 1
| #define HAVE_MEMORY_H 1
| #define HAVE_STRINGS_H 1
| #define HAVE_INTTYPES_H 1
| #define HAVE_STDINT_H 1
| #define HAVE_UNISTD_H 1
| #define HAVE_DLFCN_H 1
| #define LT_OBJDIR ".libs/"
| #define GTK_COMPILED_WITH_DEBUGGING "minimum"
| #define HAVE_LSTAT 1
| #define HAVE_MKSTEMP 1
| #define HAVE_FLOCKFILE 1
| #define HAVE_GETC_UNLOCKED 1
| #define HAVE_LOCALTIME_R 1
| /* end confdefs.h.  */
| #include <langinfo.h>
| int
| main ()
| {
| char c;
|                                   c = *((unsigned char *)  nl_langinfo(_NL_PAPER_WIDTH));
|   ;
|   return 0;
| }
configure:19710: result: no
configure:19723: checking locale.h usability
configure:19723: /usr/bin/gcc -std=gnu99 -c -g -O2 -Wall  -DG_DISABLE_SINGLE_INCLUDES -DATK_DISABLE_SINGLE_INCLUDES conftest.c >&5
configure:19723: $? = 0
configure:19723: result: yes
configure:19723: checking locale.h presence
configure:19723: /usr/bin/gcc -std=gnu99 -E  -DG_DISABLE_SINGLE_INCLUDES -DATK_DISABLE_SINGLE_INCLUDES conftest.c
configure:19723: $? = 0
configure:19723: result: yes
configure:19723: checking for locale.h
configure:19723: result: yes
configure:19734: checking for LC_MESSAGES
configure:19750: /usr/bin/gcc -std=gnu99 -o conftest -g -O2 -Wall  -DG_DISABLE_SINGLE_INCLUDES -DATK_DISABLE_SINGLE_INCLUDES  conftest.c  >&5
configure:19750: $? = 0
configure:19758: result: yes
configure:19775: checking libintl.h usability
configure:19775: /usr/bin/gcc -std=gnu99 -c -g -O2 -Wall  -DG_DISABLE_SINGLE_INCLUDES -DATK_DISABLE_SINGLE_INCLUDES conftest.c >&5
configure:19775: $? = 0
configure:19775: result: yes
configure:19775: checking libintl.h presence
configure:19775: /usr/bin/gcc -std=gnu99 -E  -DG_DISABLE_SINGLE_INCLUDES -DATK_DISABLE_SINGLE_INCLUDES conftest.c
configure:19775: $? = 0
configure:19775: result: yes
configure:19775: checking for libintl.h
configure:19775: result: yes
configure:19783: checking for ngettext in libc
configure:19801: /usr/bin/gcc -std=gnu99 -o conftest -g -O2 -Wall  -DG_DISABLE_SINGLE_INCLUDES -DATK_DISABLE_SINGLE_INCLUDES  conftest.c  >&5
Undefined symbols:
  "_libintl_ngettext", referenced from:
      _main in ccKN1T6b.o
ld: symbol(s) not found
collect2: ld returned 1 exit status
configure:19801: $? = 1
configure: failed program was:
| /* confdefs.h */
| #define PACKAGE_NAME "gtk+"
| #define PACKAGE_TARNAME "gtk+"
| #define PACKAGE_VERSION "3.2.1"
| #define PACKAGE_STRING "gtk+ 3.2.1"
| #define PACKAGE_BUGREPORT "http://bugzilla.gnome.org/enter_bug.cgi?product=gtk%2B"
| #define PACKAGE_URL ""
| #define GETTEXT_PACKAGE "gtk30"
| #define HAVE_SYS_TYPES_H 1
| #define HAVE_SYS_STAT_H 1
| #define HAVE_STDLIB_H 1
| #define HAVE_STRING_H 1
| #define HAVE_MEMORY_H 1
| #define HAVE_STRINGS_H 1
| #define HAVE_INTTYPES_H 1
| #define HAVE_STDINT_H 1
| #define HAVE_UNISTD_H 1
| #define HAVE_DLFCN_H 1
| #define LT_OBJDIR ".libs/"
| #define GTK_COMPILED_WITH_DEBUGGING "minimum"
| #define HAVE_LSTAT 1
| #define HAVE_MKSTEMP 1
| #define HAVE_FLOCKFILE 1
| #define HAVE_GETC_UNLOCKED 1
| #define HAVE_LOCALTIME_R 1
| #define HAVE_LOCALE_H 1
| #define HAVE_LC_MESSAGES 1
| /* end confdefs.h.  */
| 
| #include <libintl.h>
| 
| int
| main ()
| {
| return !ngettext ("","", 1)
|   ;
|   return 0;
| }
configure:19810: result: no
configure:19866: checking for bindtextdomain in -lintl
configure:19891: /usr/bin/gcc -std=gnu99 -o conftest -g -O2 -Wall  -DG_DISABLE_SINGLE_INCLUDES -DATK_DISABLE_SINGLE_INCLUDES  conftest.c -lintl   >&5
configure:19891: $? = 0
configure:19900: result: yes
configure:19903: checking for ngettext in -lintl
configure:19928: /usr/bin/gcc -std=gnu99 -o conftest -g -O2 -Wall  -DG_DISABLE_SINGLE_INCLUDES -DATK_DISABLE_SINGLE_INCLUDES  conftest.c -lintl   >&5
configure:19928: $? = 0
configure:19937: result: yes
configure:19940: checking for dgettext in -lintl
configure:19965: /usr/bin/gcc -std=gnu99 -o conftest -g -O2 -Wall  -DG_DISABLE_SINGLE_INCLUDES -DATK_DISABLE_SINGLE_INCLUDES  conftest.c -lintl   >&5
conftest.c:36: warning: conflicting types for built-in function 'dgettext'
configure:19965: $? = 0
configure:19974: result: yes
configure:20087: checking for bind_textdomain_codeset
configure:20087: /usr/bin/gcc -std=gnu99 -o conftest -g -O2 -Wall  -DG_DISABLE_SINGLE_INCLUDES -DATK_DISABLE_SINGLE_INCLUDES  conftest.c  -lintl  >&5
configure:20087: $? = 0
configure:20087: result: yes
configure:20124: checking for msgfmt
configure:20151: result: /usr/local/bin/msgfmt
configure:20162: checking for dcgettext
configure:20162: /usr/bin/gcc -std=gnu99 -o conftest -g -O2 -Wall  -DG_DISABLE_SINGLE_INCLUDES -DATK_DISABLE_SINGLE_INCLUDES  conftest.c  -lintl  >&5
conftest.c:54: warning: conflicting types for built-in function 'dcgettext'
configure:20162: $? = 0
configure:20162: result: yes
configure:20172: checking if msgfmt accepts -c
configure:20187: $MSGFMT -c -o /dev/null conftest.foo
configure:20190: $? = 137
configure:20194: result: no
configure: failed input was:
| 
| msgid ""
| msgstr ""
| "Content-Type: text/plain; charset=UTF-8\n"
| "Project-Id-Version: test 1.0\n"
| "PO-Revision-Date: 2007-02-15 12:01+0100\n"
| "Last-Translator: test <foo@bar.xx>\n"
| "Language-Team: C <LL@li.org>\n"
| "MIME-Version: 1.0\n"
| "Content-Transfer-Encoding: 8bit\n"
| 
configure:20202: checking for gmsgfmt
configure:20233: result: /usr/local/bin/msgfmt
configure:20243: checking for xgettext
configure:20270: result: /usr/local/bin/xgettext
configure:20289: /usr/bin/gcc -std=gnu99 -o conftest -g -O2 -Wall  -DG_DISABLE_SINGLE_INCLUDES -DATK_DISABLE_SINGLE_INCLUDES  conftest.c  -lintl  >&5
configure:20289: $? = 0
configure:20338: result: found xgettext program is not GNU xgettext; ignore it
configure:20371: checking for catalogs to be installed
configure:20396: result:  af am ang ar as ast az az_IR be be@latin bg bn bn_IN br bs ca ca@valencia crh cs cy da de dz el en en_CA en_GB en@shaw eo es et eu fa fi fr ga gl gu he hi hr hu hy ia id io is it ja ka kg kk kn ko ku lg li lt lv mai mi mk ml mn mr ms my nb nds ne nl nn nso oc or pa pl ps pt pt_BR ro ru rw si sk sl sq sr sr@ije sr@latin sv ta te th tk tr tt ug uk ur uz uz@cyrillic vi wa xh yi zh_CN zh_HK zh_TW
configure:20467: checking for extra flags to get ANSI library prototypes
configure:20481: /usr/bin/gcc -std=gnu99 -o conftest -g -O2 -Wall  -DG_DISABLE_SINGLE_INCLUDES -DATK_DISABLE_SINGLE_INCLUDES  conftest.c  -lintl  -lm >&5
configure:20481: $? = 0
configure:20481: ./conftest
./configure: line 2063: 23867 Killed: 9               ./conftest$ac_exeext
configure:20481: $? = 137
configure: program exited with status 137
configure: failed program was:
| /* confdefs.h */
| #define PACKAGE_NAME "gtk+"
| #define PACKAGE_TARNAME "gtk+"
| #define PACKAGE_VERSION "3.2.1"
| #define PACKAGE_STRING "gtk+ 3.2.1"
| #define PACKAGE_BUGREPORT "http://bugzilla.gnome.org/enter_bug.cgi?product=gtk%2B"
| #define PACKAGE_URL ""
| #define GETTEXT_PACKAGE "gtk30"
| #define HAVE_SYS_TYPES_H 1
| #define HAVE_SYS_STAT_H 1
| #define HAVE_STDLIB_H 1
| #define HAVE_STRING_H 1
| #define HAVE_MEMORY_H 1
| #define HAVE_STRINGS_H 1
| #define HAVE_INTTYPES_H 1
| #define HAVE_STDINT_H 1
| #define HAVE_UNISTD_H 1
| #define HAVE_DLFCN_H 1
| #define LT_OBJDIR ".libs/"
| #define GTK_COMPILED_WITH_DEBUGGING "minimum"
| #define HAVE_LSTAT 1
| #define HAVE_MKSTEMP 1
| #define HAVE_FLOCKFILE 1
| #define HAVE_GETC_UNLOCKED 1
| #define HAVE_LOCALTIME_R 1
| #define HAVE_LOCALE_H 1
| #define HAVE_LC_MESSAGES 1
| #define HAVE_BIND_TEXTDOMAIN_CODESET 1
| #define HAVE_GETTEXT 1
| #define HAVE_DCGETTEXT 1
| #define ENABLE_NLS 1
| #define GTK_LOCALEDIR "/usr/local/share/locale"
| /* end confdefs.h.  */
| #include <math.h>
|                                 int main (void) { return (log(1) != log(1.)); }
configure:20495: /usr/bin/gcc -std=gnu99 -o conftest -g -O2 -Wall -std1  -DG_DISABLE_SINGLE_INCLUDES -DATK_DISABLE_SINGLE_INCLUDES  conftest.c  -lintl  -lm >&5
cc1: error: unrecognized command line option "-std1"
configure:20495: $? = 1
configure: program exited with status 1
configure: failed program was:
| /* confdefs.h */
| #define PACKAGE_NAME "gtk+"
| #define PACKAGE_TARNAME "gtk+"
| #define PACKAGE_VERSION "3.2.1"
| #define PACKAGE_STRING "gtk+ 3.2.1"
| #define PACKAGE_BUGREPORT "http://bugzilla.gnome.org/enter_bug.cgi?product=gtk%2B"
| #define PACKAGE_URL ""
| #define GETTEXT_PACKAGE "gtk30"
| #define HAVE_SYS_TYPES_H 1
| #define HAVE_SYS_STAT_H 1
| #define HAVE_STDLIB_H 1
| #define HAVE_STRING_H 1
| #define HAVE_MEMORY_H 1
| #define HAVE_STRINGS_H 1
| #define HAVE_INTTYPES_H 1
| #define HAVE_STDINT_H 1
| #define HAVE_UNISTD_H 1
| #define HAVE_DLFCN_H 1
| #define LT_OBJDIR ".libs/"
| #define GTK_COMPILED_WITH_DEBUGGING "minimum"
| #define HAVE_LSTAT 1
| #define HAVE_MKSTEMP 1
| #define HAVE_FLOCKFILE 1
| #define HAVE_GETC_UNLOCKED 1
| #define HAVE_LOCALTIME_R 1
| #define HAVE_LOCALE_H 1
| #define HAVE_LC_MESSAGES 1
| #define HAVE_BIND_TEXTDOMAIN_CODESET 1
| #define HAVE_GETTEXT 1
| #define HAVE_DCGETTEXT 1
| #define ENABLE_NLS 1
| #define GTK_LOCALEDIR "/usr/local/share/locale"
| /* end confdefs.h.  */
| #include <math.h>
|                                                int main (void) { return (log(1) != log(1.)); }
configure:20499: result: 
configure:20502: WARNING: No ANSI prototypes found in library. (-std1 did not work.)
configure:20517: checking for the BeOS
configure:20526: result: no
configure:20535: checking for HP-UX
configure:20544: result: no
configure:20638: checking for pkg-config
configure:20668: result: /usr/local/bin/pkg-config
configure:20693: checking pkg-config is at least version 0.16
configure:20696: result: yes
configure:20713: checking for GLIB - version >= 2.29.14
configure:20827: /usr/bin/gcc -std=gnu99 -o conftest -g -O2 -Wall -D_REENTRANT -I/usr/local/lib/glib-2.0/include    -DG_DISABLE_SINGLE_INCLUDES -DATK_DISABLE_SINGLE_INCLUDES  conftest.c -L/usr/local/lib -lgobject-2.0 -lgmodule-2.0 -lgthread-2.0 -lglib-2.0 -lintl    -lintl  >&5
configure:20827: $? = 0
configure:20827: ./conftest
./configure: line 2063: 23905 Killed: 9               ./conftest$ac_exeext
configure:20827: $? = 137
configure: program exited with status 137
configure: failed program was:
| /* confdefs.h */
| #define PACKAGE_NAME "gtk+"
| #define PACKAGE_TARNAME "gtk+"
| #define PACKAGE_VERSION "3.2.1"
| #define PACKAGE_STRING "gtk+ 3.2.1"
| #define PACKAGE_BUGREPORT "http://bugzilla.gnome.org/enter_bug.cgi?product=gtk%2B"
| #define PACKAGE_URL ""
| #define GETTEXT_PACKAGE "gtk30"
| #define HAVE_SYS_TYPES_H 1
| #define HAVE_SYS_STAT_H 1
| #define HAVE_STDLIB_H 1
| #define HAVE_STRING_H 1
| #define HAVE_MEMORY_H 1
| #define HAVE_STRINGS_H 1
| #define HAVE_INTTYPES_H 1
| #define HAVE_STDINT_H 1
| #define HAVE_UNISTD_H 1
| #define HAVE_DLFCN_H 1
| #define LT_OBJDIR ".libs/"
| #define GTK_COMPILED_WITH_DEBUGGING "minimum"
| #define HAVE_LSTAT 1
| #define HAVE_MKSTEMP 1
| #define HAVE_FLOCKFILE 1
| #define HAVE_GETC_UNLOCKED 1
| #define HAVE_LOCALTIME_R 1
| #define HAVE_LOCALE_H 1
| #define HAVE_LC_MESSAGES 1
| #define HAVE_BIND_TEXTDOMAIN_CODESET 1
| #define HAVE_GETTEXT 1
| #define HAVE_DCGETTEXT 1
| #define ENABLE_NLS 1
| #define GTK_LOCALEDIR "/usr/local/share/locale"
| /* end confdefs.h.  */
| 
| #include <glib.h>
| #include <stdio.h>
| #include <stdlib.h>
| 
| int
| main ()
| {
|   unsigned int major, minor, micro;
|   char *tmp_version;
| 
|   fclose (fopen ("conf.glibtest", "w"));
| 
|   /* HP/UX 9 (%@#!) writes to sscanf strings */
|   tmp_version = g_strdup("2.29.14");
|   if (sscanf(tmp_version, "%u.%u.%u", &major, &minor, &micro) != 3) {
|      printf("%s, bad version string\n", "2.29.14");
|      exit(1);
|    }
| 
|   if ((glib_major_version != 2) ||
|       (glib_minor_version != 29) ||
|       (glib_micro_version != 14))
|     {
|       printf("\n*** 'pkg-config --modversion glib-2.0' returned %d.%d.%d, but GLIB (%d.%d.%d)\n",
|              2, 29, 14,
|              glib_major_version, glib_minor_version, glib_micro_version);
|       printf ("*** was found! If pkg-config was correct, then it is best\n");
|       printf ("*** to remove the old version of GLib. You may also be able to fix the error\n");
|       printf("*** by modifying your LD_LIBRARY_PATH enviroment variable, or by editing\n");
|       printf("*** /etc/ld.so.conf. Make sure you have run ldconfig if that is\n");
|       printf("*** required on your system.\n");
|       printf("*** If pkg-config was wrong, set the environment variable PKG_CONFIG_PATH\n");
|       printf("*** to point to the correct configuration files\n");
|     }
|   else if ((glib_major_version != GLIB_MAJOR_VERSION) ||
| 	   (glib_minor_version != GLIB_MINOR_VERSION) ||
|            (glib_micro_version != GLIB_MICRO_VERSION))
|     {
|       printf("*** GLIB header files (version %d.%d.%d) do not match\n",
| 	     GLIB_MAJOR_VERSION, GLIB_MINOR_VERSION, GLIB_MICRO_VERSION);
|       printf("*** library (version %d.%d.%d)\n",
| 	     glib_major_version, glib_minor_version, glib_micro_version);
|     }
|   else
|     {
|       if ((glib_major_version > major) ||
|         ((glib_major_version == major) && (glib_minor_version > minor)) ||
|         ((glib_major_version == major) && (glib_minor_version == minor) && (glib_micro_version >= micro)))
|       {
|         return 0;
|        }
|      else
|       {
|         printf("\n*** An old version of GLIB (%u.%u.%u) was found.\n",
|                glib_major_version, glib_minor_version, glib_micro_version);
|         printf("*** You need a version of GLIB newer than %u.%u.%u. The latest version of\n",
| 	       major, minor, micro);
|         printf("*** GLIB is always available from ftp://ftp.gtk.org.\n");
|         printf("***\n");
|         printf("*** If you have already installed a sufficiently new version, this error\n");
|         printf("*** probably means that the wrong copy of the pkg-config shell script is\n");
|         printf("*** being found. The easiest way to fix this is to remove the old version\n");
|         printf("*** of GLIB, but you can also set the PKG_CONFIG environment to point to the\n");
|         printf("*** correct copy of pkg-config. (In this case, you will have to\n");
|         printf("*** modify your LD_LIBRARY_PATH enviroment variable, or edit /etc/ld.so.conf\n");
|         printf("*** so that the correct libraries are found at run-time))\n");
|       }
|     }
|   return 1;
| }
| 
configure:20845: result: no
configure:20874: /usr/bin/gcc -std=gnu99 -o conftest -g -O2 -Wall -D_REENTRANT -I/usr/local/lib/glib-2.0/include    -DG_DISABLE_SINGLE_INCLUDES -DATK_DISABLE_SINGLE_INCLUDES  conftest.c  -lintl  -L/usr/local/lib -lgobject-2.0 -lgmodule-2.0 -lgthread-2.0 -lglib-2.0 -lintl   >&5
configure:20874: $? = 0
configure:20899: error: 
*** GLIB 2.29.14 or better is required. The latest version of
*** GLIB is always available from ftp://ftp.gtk.org/pub/gtk/.

## ---------------- ##
## Cache variables. ##
## ---------------- ##

ac_cv_build=arm-apple-darwin11.0.0
ac_cv_c_compiler_gnu=yes
ac_cv_cxx_compiler_gnu=yes
ac_cv_env_BASE_DEPENDENCIES_CFLAGS_set=
ac_cv_env_BASE_DEPENDENCIES_CFLAGS_value=
ac_cv_env_BASE_DEPENDENCIES_LIBS_set=
ac_cv_env_BASE_DEPENDENCIES_LIBS_value=
ac_cv_env_CAIRO_BACKEND_CFLAGS_set=
ac_cv_env_CAIRO_BACKEND_CFLAGS_value=
ac_cv_env_CAIRO_BACKEND_LIBS_set=
ac_cv_env_CAIRO_BACKEND_LIBS_value=
ac_cv_env_CCASFLAGS_set=
ac_cv_env_CCASFLAGS_value=
ac_cv_env_CCAS_set=
ac_cv_env_CCAS_value=
ac_cv_env_CCC_set=
ac_cv_env_CCC_value=
ac_cv_env_CC_set=set
ac_cv_env_CC_value=/usr/bin/gcc
ac_cv_env_CFLAGS_set=
ac_cv_env_CFLAGS_value=
ac_cv_env_COLORD_CFLAGS_set=
ac_cv_env_COLORD_CFLAGS_value=
ac_cv_env_COLORD_LIBS_set=
ac_cv_env_COLORD_LIBS_value=
ac_cv_env_CPPFLAGS_set=
ac_cv_env_CPPFLAGS_value=
ac_cv_env_CPP_set=
ac_cv_env_CPP_value=
ac_cv_env_CXXCPP_set=
ac_cv_env_CXXCPP_value=
ac_cv_env_CXXFLAGS_set=
ac_cv_env_CXXFLAGS_value=
ac_cv_env_CXX_set=
ac_cv_env_CXX_value=
ac_cv_env_GTKDOC_DEPS_CFLAGS_set=
ac_cv_env_GTKDOC_DEPS_CFLAGS_value=
ac_cv_env_GTKDOC_DEPS_LIBS_set=
ac_cv_env_GTKDOC_DEPS_LIBS_value=
ac_cv_env_LDFLAGS_set=
ac_cv_env_LDFLAGS_value=
ac_cv_env_LIBS_set=
ac_cv_env_LIBS_value=
ac_cv_env_PKG_CONFIG_LIBDIR_set=
ac_cv_env_PKG_CONFIG_LIBDIR_value=
ac_cv_env_PKG_CONFIG_PATH_set=set
ac_cv_env_PKG_CONFIG_PATH_value=/usr/local/lib/pkgconfig:/usr/lib/pkgconfig
ac_cv_env_PKG_CONFIG_set=
ac_cv_env_PKG_CONFIG_value=
ac_cv_env_XMKMF_set=
ac_cv_env_XMKMF_value=
ac_cv_env_build_alias_set=
ac_cv_env_build_alias_value=
ac_cv_env_host_alias_set=
ac_cv_env_host_alias_value=
ac_cv_env_target_alias_set=
ac_cv_env_target_alias_value=
ac_cv_func_bind_textdomain_codeset=yes
ac_cv_func_dcgettext=yes
ac_cv_func_flockfile=yes
ac_cv_func_getc_unlocked=yes
ac_cv_func_localtime_r=yes
ac_cv_func_lstat=yes
ac_cv_func_mkstemp=yes
ac_cv_header_dlfcn_h=yes
ac_cv_header_inttypes_h=yes
ac_cv_header_libintl_h=yes
ac_cv_header_locale_h=yes
ac_cv_header_memory_h=yes
ac_cv_header_stdc=no
ac_cv_header_stdint_h=yes
ac_cv_header_stdlib_h=yes
ac_cv_header_string_h=yes
ac_cv_header_strings_h=yes
ac_cv_header_sys_stat_h=yes
ac_cv_header_sys_types_h=yes
ac_cv_header_unistd_h=yes
ac_cv_host=arm-apple-darwin11.0.0
ac_cv_lib_intl_bindtextdomain=yes
ac_cv_lib_intl_dgettext=yes
ac_cv_lib_intl_ngettext=yes
ac_cv_objext=o
ac_cv_path_EGREP='/bin/grep -E'
ac_cv_path_FGREP='/bin/grep -F'
ac_cv_path_GMSGFMT=/usr/local/bin/msgfmt
ac_cv_path_GREP=/bin/grep
ac_cv_path_MSGFMT=/usr/local/bin/msgfmt
ac_cv_path_NM='/usr/bin/nm -p'
ac_cv_path_PERL=/usr/local/bin/perl
ac_cv_path_SED=/bin/sed
ac_cv_path_XGETTEXT=/usr/local/bin/xgettext
ac_cv_path_ac_pt_PKG_CONFIG=/usr/local/bin/pkg-config
ac_cv_path_install='/usr/bin/install -c'
ac_cv_path_mkdir=/bin/mkdir
ac_cv_prog_AWK=gawk
ac_cv_prog_CPP='/usr/bin/gcc -std=gnu99 -E'
ac_cv_prog_CXXCPP='c++ -E'
ac_cv_prog_ac_ct_AR=ar
ac_cv_prog_ac_ct_CC=/usr/bin/gcc
ac_cv_prog_ac_ct_CXX=c++
ac_cv_prog_ac_ct_LIPO=lipo
ac_cv_prog_ac_ct_NMEDIT=nmedit
ac_cv_prog_ac_ct_OBJDUMP=objdump
ac_cv_prog_ac_ct_OTOOL64=otool64
ac_cv_prog_ac_ct_OTOOL=otool
ac_cv_prog_ac_ct_RANLIB=ranlib
ac_cv_prog_ac_ct_STRIP=strip
ac_cv_prog_cc__usr_bin_gcc_c_o=yes
ac_cv_prog_cc_c89=
ac_cv_prog_cc_c99=-std=gnu99
ac_cv_prog_cc_g=yes
ac_cv_prog_cc_stdc=-std=gnu99
ac_cv_prog_cxx_g=yes
ac_cv_prog_make_make_set=yes
ac_cv_sys_file_offset_bits=no
ac_cv_sys_largefile_CC=no
am_cv_CCAS_dependencies_compiler_type=gcc3
am_cv_CC_dependencies_compiler_type=gcc3
am_cv_CXX_dependencies_compiler_type=gcc3
am_cv_prog_tar_ustar=gnutar
am_cv_val_LC_MESSAGES=yes
gt_cv_func_dgettext_libc=no
gt_cv_func_dgettext_libintl=yes
gt_cv_func_ngettext_libc=no
gt_cv_have_gettext=yes
lt_cv_apple_cc_single_mod=yes
lt_cv_ar_at_file=no
lt_cv_deplibs_check_method=pass_all
lt_cv_file_magic_cmd='$MAGIC_CMD'
lt_cv_file_magic_test_file=
lt_cv_ld_exported_symbols_list=yes
lt_cv_ld_force_load=no
lt_cv_ld_reload_flag=-r
lt_cv_nm_interface='BSD nm'
lt_cv_objdir=.libs
lt_cv_path_LD=/usr/bin/ld
lt_cv_path_LDCXX=/usr/bin/ld
lt_cv_path_NM='/usr/bin/nm -p'
lt_cv_path_mainfest_tool=no
lt_cv_prog_compiler_c_o=yes
lt_cv_prog_compiler_c_o_CXX=yes
lt_cv_prog_compiler_pic='-fno-common -DPIC'
lt_cv_prog_compiler_pic_CXX='-fno-common -DPIC'
lt_cv_prog_compiler_pic_works=yes
lt_cv_prog_compiler_pic_works_CXX=yes
lt_cv_prog_compiler_rtti_exceptions=no
lt_cv_prog_compiler_static_works=no
lt_cv_prog_compiler_static_works_CXX=no
lt_cv_prog_gnu_ld=no
lt_cv_prog_gnu_ldcxx=no
lt_cv_sharedlib_from_linklib_cmd='printf %s\n'
lt_cv_sys_global_symbol_pipe='sed -n -e '\''s/^.*[	 ]\([BCDEGRST][BCDEGRST]*\)[	 ][	 ]*_\([_A-Za-z][_A-Za-z0-9]*\)$/\1 _\2 \2/p'\'' | sed '\''/ __gnu_lto/d'\'''
lt_cv_sys_global_symbol_to_c_name_address='sed -n -e '\''s/^: \([^ ]*\)[ ]*$/  {\"\1\", (void *) 0},/p'\'' -e '\''s/^[BCDEGRST]* \([^ ]*\) \([^ ]*\)$/  {"\2", (void *) \&\2},/p'\'''
lt_cv_sys_global_symbol_to_c_name_address_lib_prefix='sed -n -e '\''s/^: \([^ ]*\)[ ]*$/  {\"\1\", (void *) 0},/p'\'' -e '\''s/^[BCDEGRST]* \([^ ]*\) \(lib[^ ]*\)$/  {"\2", (void *) \&\2},/p'\'' -e '\''s/^[BCDEGRST]* \([^ ]*\) \([^ ]*\)$/  {"lib\2", (void *) \&\2},/p'\'''
lt_cv_sys_global_symbol_to_cdecl='sed -n -e '\''s/^T .* \(.*\)$/extern int \1();/p'\'' -e '\''s/^[BCDEGRST]* .* \(.*\)$/extern char \1;/p'\'''
lt_cv_sys_max_cmd_len=196608
lt_cv_to_host_file_cmd=func_convert_file_noop
lt_cv_to_tool_file_cmd=func_convert_file_noop
pkg_cv_BASE_DEPENDENCIES_CFLAGS='-D_REENTRANT -I/usr/local/lib/glib-2.0/include -I/usr/local/include/atk-1.0 -I/usr/local/include/pango-1.0 -I/usr/local/include/cairo -I/usr/local/include/pixman-1 -I/usr/local/include/libpng14 -I/usr/local/include/gdk-pixbuf-2.0  '
pkg_cv_BASE_DEPENDENCIES_LIBS='-L/usr/local/lib -latk-1.0 -lpango-1.0 -lgmodule-2.0 -lcairo-gobject -lcairo -lgdk_pixbuf-2.0 -lgobject-2.0 -lgthread-2.0 -lglib-2.0 -lintl  '
pkg_cv_CAIRO_BACKEND_CFLAGS='-D_REENTRANT -I/usr/local/include/cairo -I/usr/local/lib/glib-2.0/include -I/usr/local/include/pixman-1 -I/usr/local/include/libpng14  '
pkg_cv_CAIRO_BACKEND_LIBS='-L/usr/local/lib -lX11 -lcairo  '

## ----------------- ##
## Output variables. ##
## ----------------- ##

ACLOCAL='${SHELL} /home/chris/gtk+-3.2.1/build-aux/missing --run aclocal-1.11'
AMDEPBACKSLASH='\'
AMDEP_FALSE='#'
AMDEP_TRUE=''
AMTAR='${SHELL} /home/chris/gtk+-3.2.1/build-aux/missing --run tar'
AM_BACKSLASH='\'
AM_DEFAULT_VERBOSITY='0'
AR='ar'
AS='as'
ATK_PREFIX=''
ATK_REQUIRED_VERSION='2.1.5'
AUTOCONF='${SHELL} /home/chris/gtk+-3.2.1/build-aux/missing --run autoconf'
AUTOHEADER='${SHELL} /home/chris/gtk+-3.2.1/build-aux/missing --run autoheader'
AUTOMAKE='${SHELL} /home/chris/gtk+-3.2.1/build-aux/missing --run automake-1.11'
AWK='gawk'
BASE_DEPENDENCIES_CFLAGS='-D_REENTRANT -I/usr/local/lib/glib-2.0/include -I/usr/local/include/atk-1.0 -I/usr/local/include/pango-1.0 -I/usr/local/include/cairo -I/usr/local/include/pixman-1 -I/usr/local/include/libpng14 -I/usr/local/include/gdk-pixbuf-2.0  '
BASE_DEPENDENCIES_LIBS='-L/usr/local/lib -latk-1.0 -lpango-1.0 -lgmodule-2.0 -lcairo-gobject -lcairo -lgdk_pixbuf-2.0 -lgobject-2.0 -lgthread-2.0 -lglib-2.0 -lintl  '
BUILD_DYNAMIC_MODULES_FALSE=''
BUILD_DYNAMIC_MODULES_TRUE=''
BUILD_ICON_CACHE_FALSE='#'
BUILD_ICON_CACHE_TRUE=''
CAIRO_BACKEND_CFLAGS='-D_REENTRANT -I/usr/local/include/cairo -I/usr/local/lib/glib-2.0/include -I/usr/local/include/pixman-1 -I/usr/local/include/libpng14  '
CAIRO_BACKEND_LIBS='-L/usr/local/lib -lX11 -lcairo  '
CAIRO_PREFIX=''
CAIRO_REQUIRED_VERSION='1.10.0'
CATALOGS=' af.gmo am.gmo ang.gmo ar.gmo as.gmo ast.gmo az.gmo az_IR.gmo be.gmo be@latin.gmo bg.gmo bn.gmo bn_IN.gmo br.gmo bs.gmo ca.gmo ca@valencia.gmo crh.gmo cs.gmo cy.gmo da.gmo de.gmo dz.gmo el.gmo en.gmo en_CA.gmo en_GB.gmo en@shaw.gmo eo.gmo es.gmo et.gmo eu.gmo fa.gmo fi.gmo fr.gmo ga.gmo gl.gmo gu.gmo he.gmo hi.gmo hr.gmo hu.gmo hy.gmo ia.gmo id.gmo io.gmo is.gmo it.gmo ja.gmo ka.gmo kg.gmo kk.gmo kn.gmo ko.gmo ku.gmo lg.gmo li.gmo lt.gmo lv.gmo mai.gmo mi.gmo mk.gmo ml.gmo mn.gmo mr.gmo ms.gmo my.gmo nb.gmo nds.gmo ne.gmo nl.gmo nn.gmo nso.gmo oc.gmo or.gmo pa.gmo pl.gmo ps.gmo pt.gmo pt_BR.gmo ro.gmo ru.gmo rw.gmo si.gmo sk.gmo sl.gmo sq.gmo sr.gmo sr@ije.gmo sr@latin.gmo sv.gmo ta.gmo te.gmo th.gmo tk.gmo tr.gmo tt.gmo ug.gmo uk.gmo ur.gmo uz.gmo uz@cyrillic.gmo vi.gmo wa.gmo xh.gmo yi.gmo zh_CN.gmo zh_HK.gmo zh_TW.gmo'
CATOBJEXT='.gmo'
CC='/usr/bin/gcc -std=gnu99'
CCAS='/usr/bin/gcc -std=gnu99'
CCASDEPMODE='depmode=gcc3'
CCASFLAGS='-g -O2'
CCDEPMODE='depmode=gcc3'
CFLAGS='-g -O2 -Wall'
COLORD_CFLAGS=''
COLORD_LIBS=''
CPP='/usr/bin/gcc -std=gnu99 -E'
CPPFLAGS=' -DG_DISABLE_SINGLE_INCLUDES -DATK_DISABLE_SINGLE_INCLUDES'
CROSS_COMPILING_FALSE=''
CROSS_COMPILING_TRUE=''
CUPS_API_MAJOR=''
CUPS_API_MINOR=''
CUPS_CFLAGS=''
CUPS_CONFIG=''
CUPS_LIBS=''
CXX='c++'
CXXCPP='c++ -E'
CXXDEPMODE='depmode=gcc3'
CXXFLAGS='-g -O2'
CYGPATH_W='echo'
DATADIRNAME='share'
DB2HTML=''
DEFS=''
DEPDIR='.deps'
DISABLE_EXPLICIT_DEPS_FALSE='#'
DISABLE_EXPLICIT_DEPS_TRUE=''
DLLTOOL='false'
DSYMUTIL=':'
DUMPBIN=''
ECHO_C=''
ECHO_N='-n'
ECHO_T=''
EGREP='/bin/grep -E'
ENABLE_GTK_DOC_FALSE=''
ENABLE_GTK_DOC_TRUE=''
ENABLE_MAN_FALSE=''
ENABLE_MAN_TRUE=''
ENABLE_PACKAGEKIT_FALSE=''
ENABLE_PACKAGEKIT_TRUE=''
EXEEXT=''
EXE_MANIFEST_ARCHITECTURE='X86'
FGREP='/bin/grep -F'
GAIL_INET_LIBS=''
GAIL_LT_CURRENT_MINUS_AGE='0'
GAIL_LT_VERSION_INFO='0:0:0'
GDK_BACKENDS='x11 broadway'
GDK_DEP_CFLAGS=''
GDK_DEP_LIBS=''
GDK_EXTRA_CFLAGS=''
GDK_EXTRA_LIBS=' -lz'
GDK_PACKAGES=''
GDK_PIXBUF_CSOURCE=''
GDK_PIXBUF_LIBS=''
GDK_PIXBUF_REQUIRED_VERSION='2.23.5'
GETTEXT_PACKAGE='gtk30'
GLIB_CFLAGS=''
GLIB_COMPILE_SCHEMAS=''
GLIB_GENMARSHAL=''
GLIB_LIBS=''
GLIB_MKENUMS=''
GLIB_PREFIX=''
GLIB_REQUIRED_VERSION='2.29.14'
GMOFILES=' af.gmo am.gmo ang.gmo ar.gmo as.gmo ast.gmo az.gmo az_IR.gmo be.gmo be@latin.gmo bg.gmo bn.gmo bn_IN.gmo br.gmo bs.gmo ca.gmo ca@valencia.gmo crh.gmo cs.gmo cy.gmo da.gmo de.gmo dz.gmo el.gmo en.gmo en_CA.gmo en_GB.gmo en@shaw.gmo eo.gmo es.gmo et.gmo eu.gmo fa.gmo fi.gmo fr.gmo ga.gmo gl.gmo gu.gmo he.gmo hi.gmo hr.gmo hu.gmo hy.gmo ia.gmo id.gmo io.gmo is.gmo it.gmo ja.gmo ka.gmo kg.gmo kk.gmo kn.gmo ko.gmo ku.gmo lg.gmo li.gmo lt.gmo lv.gmo mai.gmo mi.gmo mk.gmo ml.gmo mn.gmo mr.gmo ms.gmo my.gmo nb.gmo nds.gmo ne.gmo nl.gmo nn.gmo nso.gmo oc.gmo or.gmo pa.gmo pl.gmo ps.gmo pt.gmo pt_BR.gmo ro.gmo ru.gmo rw.gmo si.gmo sk.gmo sl.gmo sq.gmo sr.gmo sr@ije.gmo sr@latin.gmo sv.gmo ta.gmo te.gmo th.gmo tk.gmo tr.gmo tt.gmo ug.gmo uk.gmo ur.gmo uz.gmo uz@cyrillic.gmo vi.gmo wa.gmo xh.gmo yi.gmo zh_CN.gmo zh_HK.gmo zh_TW.gmo'
GMSGFMT='/usr/local/bin/msgfmt'
GOBJECT_QUERY=''
GREP='/bin/grep'
GSETTINGS_DISABLE_SCHEMAS_COMPILE=''
GSETTINGS_RULES=''
GTKDOC_CHECK=''
GTKDOC_DEPS_CFLAGS=''
GTKDOC_DEPS_LIBS=''
GTKDOC_MKPDF=''
GTKDOC_REBASE=''
GTK_API_VERSION='3.0'
GTK_BINARY_AGE='201'
GTK_BINARY_VERSION='3.0.0'
GTK_DEBUG_FLAGS='-DG_DISABLE_CAST_CHECKS'
GTK_DEP_CFLAGS=''
GTK_DEP_LIBS=''
GTK_DOC_BUILD_HTML_FALSE=''
GTK_DOC_BUILD_HTML_TRUE=''
GTK_DOC_BUILD_PDF_FALSE=''
GTK_DOC_BUILD_PDF_TRUE=''
GTK_DOC_USE_LIBTOOL_FALSE=''
GTK_DOC_USE_LIBTOOL_TRUE=''
GTK_DOC_USE_REBASE_FALSE=''
GTK_DOC_USE_REBASE_TRUE=''
GTK_EXTRA_CFLAGS=''
GTK_EXTRA_LIBS=''
GTK_INTERFACE_AGE='1'
GTK_LINK_FLAGS=''
GTK_MAJOR_VERSION='3'
GTK_MICRO_VERSION='1'
GTK_MINOR_VERSION='2'
GTK_PACKAGES=''
GTK_UPDATE_ICON_CACHE=''
GTK_VERSION='3.2.1'
GTK_XIM_FLAGS=''
HAVE_COLORD_FALSE=''
HAVE_COLORD_TRUE=''
HAVE_CUPS_FALSE=''
HAVE_CUPS_TRUE=''
HAVE_CXX_FALSE='#'
HAVE_CXX_TRUE=''
HAVE_DOCBOOK_FALSE=''
HAVE_DOCBOOK_TRUE=''
HAVE_HTTP_AUTHSTRING=''
HAVE_INCLUDED_IMMMODULES_FALSE=''
HAVE_INCLUDED_IMMMODULES_TRUE=''
HAVE_INTROSPECTION_FALSE=''
HAVE_INTROSPECTION_TRUE=''
HAVE_OBJC_FALSE='#'
HAVE_OBJC_TRUE=''
HAVE_PAPI_CUPS_FALSE=''
HAVE_PAPI_CUPS_TRUE=''
HAVE_PAPI_FALSE=''
HAVE_PAPI_TRUE=''
HAVE_X11R6_FALSE=''
HAVE_X11R6_TRUE=''
HTML_DIR=''
INCLUDED_IMMODULE_DEFINE=''
INCLUDED_IMMODULE_OBJ=''
INCLUDE_IM_AM_ET_FALSE=''
INCLUDE_IM_AM_ET_TRUE=''
INCLUDE_IM_CEDILLA_FALSE=''
INCLUDE_IM_CEDILLA_TRUE=''
INCLUDE_IM_CYRILLIC_TRANSLIT_FALSE=''
INCLUDE_IM_CYRILLIC_TRANSLIT_TRUE=''
INCLUDE_IM_IME_FALSE=''
INCLUDE_IM_IME_TRUE=''
INCLUDE_IM_INUKTITUT_FALSE=''
INCLUDE_IM_INUKTITUT_TRUE=''
INCLUDE_IM_IPA_FALSE=''
INCLUDE_IM_IPA_TRUE=''
INCLUDE_IM_MULTIPRESS_FALSE=''
INCLUDE_IM_MULTIPRESS_TRUE=''
INCLUDE_IM_THAI_FALSE=''
INCLUDE_IM_THAI_TRUE=''
INCLUDE_IM_TI_ER_FALSE=''
INCLUDE_IM_TI_ER_TRUE=''
INCLUDE_IM_TI_ET_FALSE=''
INCLUDE_IM_TI_ET_TRUE=''
INCLUDE_IM_VIQR_FALSE=''
INCLUDE_IM_VIQR_TRUE=''
INCLUDE_IM_XIM_FALSE=''
INCLUDE_IM_XIM_TRUE=''
INDENT=''
INSTALL_DATA='${INSTALL} -m 644'
INSTALL_PROGRAM='${INSTALL}'
INSTALL_SCRIPT='${INSTALL}'
INSTALL_STRIP_PROGRAM='$(install_sh) -c -s'
INSTOBJEXT='.mo'
INTLLIBS='-lintl '
INTROSPECTION_CFLAGS=''
INTROSPECTION_COMPILER=''
INTROSPECTION_GENERATE=''
INTROSPECTION_GIRDIR=''
INTROSPECTION_LIBS=''
INTROSPECTION_MAKEFILE=''
INTROSPECTION_REQUIRED_VERSION='0.10.1'
INTROSPECTION_SCANNER=''
INTROSPECTION_TYPELIBDIR=''
LD='/usr/bin/ld'
LDFLAGS=''
LIBOBJS=''
LIBS=' -lintl '
LIBTOOL='$(SHELL) $(top_builddir)/libtool'
LIBTOOL_EXPORT_OPTIONS='-export-symbols-regex "^[^_].*"'
LIB_EXE_MACHINE_FLAG='X86'
LIPO='lipo'
LN_S='ln -s'
LTLIBOBJS=''
LT_CURRENT_MINUS_AGE='0'
LT_VERSION_INFO='200:1:200'
MAINT=''
MAINTAINER_MODE_FALSE='#'
MAINTAINER_MODE_TRUE=''
MAKEINFO='${SHELL} /home/chris/gtk+-3.2.1/build-aux/missing --run makeinfo'
MANIFEST_TOOL=':'
MATH_LIB='-lm'
MKDIR_P='/bin/mkdir -p'
MKINSTALLDIRS='build-aux/mkinstalldirs'
MSGFMT='/usr/local/bin/msgfmt'
MSGFMT_OPTS=''
MS_LIB_AVAILABLE_FALSE=''
MS_LIB_AVAILABLE_TRUE='#'
NM='/usr/bin/nm -p'
NMEDIT='nmedit'
OBJDUMP='objdump'
OBJEXT='o'
OS_LINUX_FALSE=''
OS_LINUX_TRUE='#'
OS_UNIX_FALSE='#'
OS_UNIX_TRUE=''
OS_WIN32_FALSE=''
OS_WIN32_TRUE='#'
OTOOL64='otool64'
OTOOL='otool'
PACKAGE='gtk+'
PACKAGE_BUGREPORT='http://bugzilla.gnome.org/enter_bug.cgi?product=gtk%2B'
PACKAGE_NAME='gtk+'
PACKAGE_STRING='gtk+ 3.2.1'
PACKAGE_TARNAME='gtk+'
PACKAGE_URL=''
PACKAGE_VERSION='3.2.1'
PANGO_PREFIX=''
PANGO_REQUIRED_VERSION='1.29.0'
PATH_SEPARATOR=':'
PERL='/usr/local/bin/perl'
PKG_CONFIG='/usr/local/bin/pkg-config'
PKG_CONFIG_LIBDIR=''
PKG_CONFIG_PATH='/usr/local/lib/pkgconfig:/usr/lib/pkgconfig'
PLATFORM_WIN32_FALSE=''
PLATFORM_WIN32_TRUE='#'
POFILES=' af.po am.po ang.po ar.po as.po ast.po az.po az_IR.po be.po be@latin.po bg.po bn.po bn_IN.po br.po bs.po ca.po ca@valencia.po crh.po cs.po cy.po da.po de.po dz.po el.po en.po en_CA.po en_GB.po en@shaw.po eo.po es.po et.po eu.po fa.po fi.po fr.po ga.po gl.po gu.po he.po hi.po hr.po hu.po hy.po ia.po id.po io.po is.po it.po ja.po ka.po kg.po kk.po kn.po ko.po ku.po lg.po li.po lt.po lv.po mai.po mi.po mk.po ml.po mn.po mr.po ms.po my.po nb.po nds.po ne.po nl.po nn.po nso.po oc.po or.po pa.po pl.po ps.po pt.po pt_BR.po ro.po ru.po rw.po si.po sk.po sl.po sq.po sr.po sr@ije.po sr@latin.po sv.po ta.po te.po th.po tk.po tr.po tt.po ug.po uk.po ur.po uz.po uz@cyrillic.po vi.po wa.po xh.po yi.po zh_CN.po zh_HK.po zh_TW.po'
POSUB='po'
PO_IN_DATADIR_FALSE=''
PO_IN_DATADIR_TRUE=''
RANLIB='ranlib'
REBUILD=''
SED='/bin/sed'
SET_MAKE=''
SHELL='/bin/sh'
STRIP='strip'
TEST_PRINT_BACKEND_FALSE=''
TEST_PRINT_BACKEND_TRUE=''
USE_BROADWAY_FALSE='#'
USE_BROADWAY_TRUE=''
USE_EXTERNAL_ICON_CACHE_FALSE=''
USE_EXTERNAL_ICON_CACHE_TRUE=''
USE_NLS='yes'
USE_QUARTZ_FALSE=''
USE_QUARTZ_TRUE='#'
USE_WAYLAND_FALSE=''
USE_WAYLAND_TRUE='#'
USE_WIN32_FALSE=''
USE_WIN32_TRUE='#'
USE_X11_FALSE=''
USE_X11_TRUE=''
VERSION='3.2.1'
WINDRES=''
XGETTEXT=':'
XINPUT_2_FALSE=''
XINPUT_2_TRUE=''
XINPUT_XFREE_FALSE=''
XINPUT_XFREE_TRUE=''
XMKMF=''
XMLCATALOG=''
XML_CATALOG_FILE=''
XSLTPROC=''
X_CFLAGS=''
X_EXTRA_LIBS=''
X_LIBS=''
X_PRE_LIBS=''
ac_ct_AR='ar'
ac_ct_CC='/usr/bin/gcc'
ac_ct_CXX='c++'
ac_ct_DUMPBIN=''
am__EXEEXT_FALSE=''
am__EXEEXT_TRUE=''
am__fastdepCCAS_FALSE='#'
am__fastdepCCAS_TRUE=''
am__fastdepCC_FALSE='#'
am__fastdepCC_TRUE=''
am__fastdepCXX_FALSE='#'
am__fastdepCXX_TRUE=''
am__include='include'
am__isrc=''
am__leading_dot='.'
am__quote=''
am__tar='tar --format=ustar -chf - "$$tardir"'
am__untar='tar -xf -'
bindir='${exec_prefix}/bin'
build='arm-apple-darwin11.0.0'
build_alias=''
build_cpu='arm'
build_os='darwin11.0.0'
build_vendor='apple'
datadir='${datarootdir}'
datarootdir='${prefix}/share'
docdir='${datarootdir}/doc/${PACKAGE_TARNAME}'
dvidir='${docdir}'
exec_prefix='NONE'
gsettingsschemadir=''
host='arm-apple-darwin11.0.0'
host_alias=''
host_cpu='arm'
host_os='darwin11.0.0'
host_vendor='apple'
htmldir='${docdir}'
includedir='${prefix}/include'
infodir='${datarootdir}/info'
install_sh='${SHELL} /home/chris/gtk+-3.2.1/build-aux/install-sh'
libdir='${exec_prefix}/lib'
libexecdir='${exec_prefix}/libexec'
localedir='/usr/local/share/locale'
localstatedir='${prefix}/var'
mandir='${datarootdir}/man'
mkdir_p='/bin/mkdir -p'
ms_librarian=''
oldincludedir='/usr/include'
pdfdir='${docdir}'
prefix='NONE'
program_transform_name='s,x,x,'
psdir='${docdir}'
sbindir='${exec_prefix}/sbin'
sharedstatedir='${prefix}/com'
sysconfdir='${prefix}/etc'
target_alias=''

## ----------- ##
## confdefs.h. ##
## ----------- ##

/* confdefs.h */
#define PACKAGE_NAME "gtk+"
#define PACKAGE_TARNAME "gtk+"
#define PACKAGE_VERSION "3.2.1"
#define PACKAGE_STRING "gtk+ 3.2.1"
#define PACKAGE_BUGREPORT "http://bugzilla.gnome.org/enter_bug.cgi?product=gtk%2B"
#define PACKAGE_URL ""
#define GETTEXT_PACKAGE "gtk30"
#define HAVE_SYS_TYPES_H 1
#define HAVE_SYS_STAT_H 1
#define HAVE_STDLIB_H 1
#define HAVE_STRING_H 1
#define HAVE_MEMORY_H 1
#define HAVE_STRINGS_H 1
#define HAVE_INTTYPES_H 1
#define HAVE_STDINT_H 1
#define HAVE_UNISTD_H 1
#define HAVE_DLFCN_H 1
#define LT_OBJDIR ".libs/"
#define GTK_COMPILED_WITH_DEBUGGING "minimum"
#define HAVE_LSTAT 1
#define HAVE_MKSTEMP 1
#define HAVE_FLOCKFILE 1
#define HAVE_GETC_UNLOCKED 1
#define HAVE_LOCALTIME_R 1
#define HAVE_LOCALE_H 1
#define HAVE_LC_MESSAGES 1
#define HAVE_BIND_TEXTDOMAIN_CODESET 1
#define HAVE_GETTEXT 1
#define HAVE_DCGETTEXT 1
#define ENABLE_NLS 1
#define GTK_LOCALEDIR "/usr/local/share/locale"

configure: exit 1
