This file contains any messages produced by compilers while
running configure, to aid debugging if configure makes a mistake.

It was created by libXpm configure 3.5.9, which was
generated by GNU Autoconf 2.68.  Invocation command line was

  $ ./configure 

## --------- ##
## Platform. ##
## --------- ##

hostname = Chriss-iPad
uname -m = iPad1,1
uname -r = 10.4.0
uname -s = Darwin
uname -v = Darwin Kernel Version 10.4.0: Wed Oct 20 20:14:45 PDT 2010; root:xnu-1504.58.28~3/RELEASE_ARM_S5L8930X

/usr/bin/uname -p = unknown
/bin/uname -X     = unknown

/bin/arch              = unknown
/usr/bin/arch -k       = unknown
/usr/convex/getsysinfo = unknown
/usr/bin/hostinfo      = Mach kernel version:
	 Darwin Kernel Version 10.4.0: Wed Oct 20 20:14:45 PDT 2010; root:xnu-1504.58.28~3/RELEASE_ARM_S5L8930X
Kernel configured for a single processor only.
1 processor is physically available.
1 processor is logically available.
Processor type: armv7 (arm v7)
Processor active: 0
Primary memory available: 247.00 megabytes
Default processor set: 36 tasks, 262 threads, 1 processors
Load average: 1.93, Mach factor: 0.28
/bin/machine           = unknown
/usr/bin/oslevel       = unknown
/bin/universe          = unknown

PATH: /usr/local/sbin
PATH: /usr/local/bin
PATH: /usr/sbin
PATH: /usr/bin
PATH: /sbin
PATH: /bin
PATH: /usr/bin/X11
PATH: /usr/games
PATH: /var/mobile/ocaml-3.12.0/bin


## ----------- ##
## Core tests. ##
## ----------- ##

configure:2236: checking for a BSD-compatible install
configure:2304: result: /usr/bin/install -c
configure:2315: checking whether build environment is sane
configure:2365: result: yes
configure:2506: checking for a thread-safe mkdir -p
configure:2545: result: /bin/mkdir -p
configure:2558: checking for gawk
configure:2574: found /usr/bin/gawk
configure:2585: result: gawk
configure:2596: checking whether make sets $(MAKE)
configure:2618: result: yes
configure:2699: checking whether to enable maintainer-specific portions of Makefiles
configure:2708: result: no
configure:2752: checking build system type
configure:2766: result: arm-apple-darwin10.4.0
configure:2786: checking host system type
configure:2799: result: arm-apple-darwin10.4.0
configure:2840: checking how to print strings
configure:2867: result: printf
configure:2900: checking for style of include used by make
configure:2928: result: GNU
configure:2998: checking for gcc
configure:3025: result: /usr/bin/gcc
configure:3254: checking for C compiler version
configure:3263: /usr/bin/gcc --version >&5
gcc (GCC) 4.2.1 (Based on Apple Inc. build 5555)
Copyright (C) 2007 Free Software Foundation, Inc.
This is free software; see the source for copying conditions.  There is NO
warranty; not even for MERCHANTABILITY or FITNESS FOR A PARTICULAR PURPOSE.

configure:3274: $? = 0
configure:3263: /usr/bin/gcc -v >&5
Using built-in specs.
Target: arm-apple-darwin9
Configured with: ../llvm-gcc-4.2/configure --build=x86_64-unknown-linux-gnu --host=arm-apple-darwin9 --enable-static=no --enable-shared=yes --prefix=/usr --localstatedir=/var/cache/iphone-gcc --enable-languages=c,c++,objc,obj-c++ --enable-wchar_t=no --with-gxx-include-dir=/usr/include/c++/4.0.0
Thread model: posix
gcc version 4.2.1 (Based on Apple Inc. build 5555)
configure:3274: $? = 0
configure:3263: /usr/bin/gcc -V >&5
gcc: '-V' option must have argument
configure:3274: $? = 1
configure:3263: /usr/bin/gcc -qversion >&5
gcc: no input files
configure:3274: $? = 1
configure:3294: checking whether the C compiler works
configure:3316: /usr/bin/gcc    conftest.c  >&5
configure:3320: $? = 0
configure:3368: result: yes
configure:3371: checking for C compiler default output file name
configure:3373: result: a.out
configure:3379: checking for suffix of executables
configure:3386: /usr/bin/gcc -o conftest    conftest.c  >&5
configure:3390: $? = 0
configure:3412: result: 
configure:3434: checking whether we are cross compiling
configure:3442: /usr/bin/gcc -o conftest    conftest.c  >&5
configure:3446: $? = 0
configure:3453: ./conftest
configure:3457: $? = 0
configure:3472: result: no
configure:3477: checking for suffix of object files
configure:3499: /usr/bin/gcc -c   conftest.c >&5
configure:3503: $? = 0
configure:3524: result: o
configure:3528: checking whether we are using the GNU C compiler
configure:3547: /usr/bin/gcc -c   conftest.c >&5
configure:3547: $? = 0
configure:3556: result: yes
configure:3565: checking whether /usr/bin/gcc accepts -g
configure:3585: /usr/bin/gcc -c -g  conftest.c >&5
configure:3585: $? = 0
configure:3626: result: yes
configure:3643: checking for /usr/bin/gcc option to accept ISO C89
configure:3707: /usr/bin/gcc  -c -g -O2  conftest.c >&5
configure:3707: $? = 0
configure:3720: result: none needed
configure:3742: checking dependency style of /usr/bin/gcc
configure:3852: result: gcc3
configure:3867: checking for a sed that does not truncate output
configure:3931: result: /bin/sed
configure:3949: checking for grep that handles long lines and -e
configure:4007: result: /bin/grep
configure:4012: checking for egrep
configure:4074: result: /bin/grep -E
configure:4079: checking for fgrep
configure:4141: result: /bin/grep -F
configure:4176: checking for ld used by /usr/bin/gcc
configure:4243: result: /usr/bin/ld
configure:4250: checking if the linker (/usr/bin/ld) is GNU ld
configure:4265: result: no
configure:4277: checking for BSD- or MS-compatible name lister (nm)
configure:4326: result: /usr/bin/nm -p
configure:4456: checking the name lister (/usr/bin/nm -p) interface
configure:4463: /usr/bin/gcc -c -g -O2  conftest.c >&5
configure:4466: /usr/bin/nm -p "conftest.o"
configure:4469: output
00000000 D _some_variable
configure:4476: result: BSD nm
configure:4479: checking whether ln -s works
configure:4483: result: yes
configure:4491: checking the maximum length of command line arguments
configure:4616: result: 196608
configure:4633: checking whether the shell understands some XSI constructs
configure:4643: result: yes
configure:4647: checking whether the shell understands "+="
configure:4653: result: yes
configure:4688: checking for /usr/bin/ld option to reload object files
configure:4695: result: -r
configure:4764: checking for objdump
configure:4780: found /usr/bin/objdump
configure:4791: result: objdump
configure:4823: checking how to recognize dependent libraries
configure:5025: result: pass_all
configure:5085: checking for ar
configure:5101: found /usr/bin/ar
configure:5112: result: ar
configure:5190: checking for strip
configure:5206: found /usr/bin/strip
configure:5217: result: strip
configure:5289: checking for ranlib
configure:5305: found /usr/bin/ranlib
configure:5316: result: ranlib
configure:5418: checking command to parse /usr/bin/nm -p output from /usr/bin/gcc object
configure:5536: /usr/bin/gcc -c -g -O2  conftest.c >&5
configure:5539: $? = 0
configure:5543: /usr/bin/nm -p conftest.o \| sed -n -e 's/^.*[ ]\([BCDEGRST][BCDEGRST]*\)[ ][ ]*\([_A-Za-z][_A-Za-z0-9]*\)$/\1 \2 \2/p' \> conftest.nm
configure:5546: $? = 0
cannot find nm_test_var in conftest.nm
configure:5536: /usr/bin/gcc -c -g -O2  conftest.c >&5
configure:5539: $? = 0
configure:5543: /usr/bin/nm -p conftest.o \| sed -n -e 's/^.*[ ]\([BCDEGRST][BCDEGRST]*\)[ ][ ]*_\([_A-Za-z][_A-Za-z0-9]*\)$/\1 _\2 \2/p' \> conftest.nm
configure:5546: $? = 0
configure:5600: /usr/bin/gcc -o conftest -g -O2   conftest.c conftstm.o >&5
configure:5603: $? = 0
configure:5641: result: ok
configure:5906: checking for dsymutil
configure:5936: result: no
configure:5998: checking for nmedit
configure:6014: found /usr/bin/nmedit
configure:6025: result: nmedit
configure:6090: checking for lipo
configure:6106: found /usr/bin/lipo
configure:6117: result: lipo
configure:6182: checking for otool
configure:6198: found /usr/bin/otool
configure:6209: result: otool
configure:6274: checking for otool64
configure:6290: found /usr/bin/otool64
configure:6301: result: otool64
configure:6349: checking for -single_module linker flag
/usr/bin/gcc -g -O2  -o libconftest.dylib -dynamiclib -Wl,-single_module conftest.c
configure:6376: result: yes
configure:6378: checking for -exported_symbols_list linker flag
configure:6398: /usr/bin/gcc -o conftest -g -O2   -Wl,-exported_symbols_list,conftest.sym conftest.c  >&5
configure:6398: $? = 0
configure:6408: result: yes
configure:6410: checking for -force_load linker flag
/usr/bin/gcc -g -O2 -c -o conftest.o conftest.c
ar cru libconftest.a conftest.o
ranlib libconftest.a
/usr/bin/gcc -g -O2  -o conftest conftest.c -Wl,-force_load,./libconftest.a
ld: unknown option: -force_load
collect2: ld returned 1 exit status
configure:6440: result: no
configure:6482: checking how to run the C preprocessor
configure:6513: /usr/bin/gcc -E  conftest.c
configure:6513: $? = 0
configure:6527: /usr/bin/gcc -E  conftest.c
conftest.c:11:28: error: ac_nonexistent.h: No such file or directory
configure:6527: $? = 1
configure: failed program was:
| /* confdefs.h */
| #define PACKAGE_NAME "libXpm"
| #define PACKAGE_TARNAME "libXpm"
| #define PACKAGE_VERSION "3.5.9"
| #define PACKAGE_STRING "libXpm 3.5.9"
| #define PACKAGE_BUGREPORT "https://bugs.freedesktop.org/enter_bug.cgi?product=xorg"
| #define PACKAGE_URL ""
| #define PACKAGE "libXpm"
| #define VERSION "3.5.9"
| /* end confdefs.h.  */
| #include <ac_nonexistent.h>
configure:6552: result: /usr/bin/gcc -E
configure:6572: /usr/bin/gcc -E  conftest.c
configure:6572: $? = 0
configure:6586: /usr/bin/gcc -E  conftest.c
conftest.c:11:28: error: ac_nonexistent.h: No such file or directory
configure:6586: $? = 1
configure: failed program was:
| /* confdefs.h */
| #define PACKAGE_NAME "libXpm"
| #define PACKAGE_TARNAME "libXpm"
| #define PACKAGE_VERSION "3.5.9"
| #define PACKAGE_STRING "libXpm 3.5.9"
| #define PACKAGE_BUGREPORT "https://bugs.freedesktop.org/enter_bug.cgi?product=xorg"
| #define PACKAGE_URL ""
| #define PACKAGE "libXpm"
| #define VERSION "3.5.9"
| /* end confdefs.h.  */
| #include <ac_nonexistent.h>
configure:6615: checking for ANSI C header files
configure:6635: /usr/bin/gcc -c -g -O2  conftest.c >&5
configure:6635: $? = 0
configure:6708: /usr/bin/gcc -o conftest -g -O2   conftest.c  >&5
configure:6708: $? = 0
configure:6708: ./conftest
configure:6708: $? = 0
configure:6719: result: yes
configure:6732: checking for sys/types.h
configure:6732: /usr/bin/gcc -c -g -O2  conftest.c >&5
configure:6732: $? = 0
configure:6732: result: yes
configure:6732: checking for sys/stat.h
configure:6732: /usr/bin/gcc -c -g -O2  conftest.c >&5
configure:6732: $? = 0
configure:6732: result: yes
configure:6732: checking for stdlib.h
configure:6732: /usr/bin/gcc -c -g -O2  conftest.c >&5
configure:6732: $? = 0
configure:6732: result: yes
configure:6732: checking for string.h
configure:6732: /usr/bin/gcc -c -g -O2  conftest.c >&5
configure:6732: $? = 0
configure:6732: result: yes
configure:6732: checking for memory.h
configure:6732: /usr/bin/gcc -c -g -O2  conftest.c >&5
configure:6732: $? = 0
configure:6732: result: yes
configure:6732: checking for strings.h
configure:6732: /usr/bin/gcc -c -g -O2  conftest.c >&5
configure:6732: $? = 0
configure:6732: result: yes
configure:6732: checking for inttypes.h
configure:6732: /usr/bin/gcc -c -g -O2  conftest.c >&5
configure:6732: $? = 0
configure:6732: result: yes
configure:6732: checking for stdint.h
configure:6732: /usr/bin/gcc -c -g -O2  conftest.c >&5
configure:6732: $? = 0
configure:6732: result: yes
configure:6732: checking for unistd.h
configure:6732: /usr/bin/gcc -c -g -O2  conftest.c >&5
configure:6732: $? = 0
configure:6732: result: yes
configure:6746: checking for dlfcn.h
configure:6746: /usr/bin/gcc -c -g -O2  conftest.c >&5
configure:6746: $? = 0
configure:6746: result: yes
configure:6933: checking for objdir
configure:6948: result: .libs
configure:7215: checking if /usr/bin/gcc supports -fno-rtti -fno-exceptions
configure:7233: /usr/bin/gcc -c -g -O2  -fno-rtti -fno-exceptions conftest.c >&5
cc1: warning: command line option "-fno-rtti" is valid for C++/ObjC++ but not for C
configure:7237: $? = 0
configure:7250: result: no
configure:7270: checking for /usr/bin/gcc option to produce PIC
configure:7555: result: -fno-common -DPIC
configure:7567: checking if /usr/bin/gcc PIC flag -fno-common -DPIC works
configure:7585: /usr/bin/gcc -c -g -O2  -fno-common -DPIC -DPIC conftest.c >&5
configure:7589: $? = 0
configure:7602: result: yes
configure:7626: checking if /usr/bin/gcc static flag -static works
configure:7654: result: no
configure:7669: checking if /usr/bin/gcc supports -c -o file.o
configure:7690: /usr/bin/gcc -c -g -O2  -o out/conftest2.o conftest.c >&5
configure:7694: $? = 0
configure:7716: result: yes
configure:7724: checking if /usr/bin/gcc supports -c -o file.o
configure:7771: result: yes
configure:7804: checking whether the /usr/bin/gcc linker (/usr/bin/ld) supports shared libraries
configure:8879: result: yes
configure:9124: checking dynamic linker characteristics
configure:9801: result: darwin10.4.0 dyld
configure:9908: checking how to hardcode library paths into programs
configure:9933: result: immediate
configure:10473: checking whether stripping libraries is possible
configure:10487: result: yes
configure:10513: checking if libtool supports shared libraries
configure:10515: result: yes
configure:10518: checking whether to build shared libraries
configure:10539: result: yes
configure:10542: checking whether to build static libraries
configure:10546: result: yes
configure:10594: checking for /usr/bin/gcc option to accept ISO C99
configure:10743: /usr/bin/gcc  -c -g -O2  conftest.c >&5
conftest.c:73: error: expected ';', ',' or ')' before 'text'
conftest.c: In function 'main':
conftest.c:127: error: nested functions are disabled, use -fnested-functions to re-enable
conftest.c:127: error: expected '=', ',', ';', 'asm' or '__attribute__' before 'newvar'
conftest.c:127: error: 'newvar' undeclared (first use in this function)
conftest.c:127: error: (Each undeclared identifier is reported only once
conftest.c:127: error: for each function it appears in.)
conftest.c:137: error: 'for' loop initial declaration used outside C99 mode
configure:10743: $? = 1
configure: failed program was:
| /* confdefs.h */
| #define PACKAGE_NAME "libXpm"
| #define PACKAGE_TARNAME "libXpm"
| #define PACKAGE_VERSION "3.5.9"
| #define PACKAGE_STRING "libXpm 3.5.9"
| #define PACKAGE_BUGREPORT "https://bugs.freedesktop.org/enter_bug.cgi?product=xorg"
| #define PACKAGE_URL ""
| #define PACKAGE "libXpm"
| #define VERSION "3.5.9"
| #define STDC_HEADERS 1
| #define HAVE_SYS_TYPES_H 1
| #define HAVE_SYS_STAT_H 1
| #define HAVE_STDLIB_H 1
| #define HAVE_STRING_H 1
| #define HAVE_MEMORY_H 1
| #define HAVE_STRINGS_H 1
| #define HAVE_INTTYPES_H 1
| #define HAVE_STDINT_H 1
| #define HAVE_UNISTD_H 1
| #define HAVE_DLFCN_H 1
| #define LT_OBJDIR ".libs/"
| /* end confdefs.h.  */
| #include <stdarg.h>
| #include <stdbool.h>
| #include <stdlib.h>
| #include <wchar.h>
| #include <stdio.h>
| 
| // Check varargs macros.  These examples are taken from C99 6.10.3.5.
| #define debug(...) fprintf (stderr, __VA_ARGS__)
| #define showlist(...) puts (#__VA_ARGS__)
| #define report(test,...) ((test) ? puts (#test) : printf (__VA_ARGS__))
| static void
| test_varargs_macros (void)
| {
|   int x = 1234;
|   int y = 5678;
|   debug ("Flag");
|   debug ("X = %d\n", x);
|   showlist (The first, second, and third items.);
|   report (x>y, "x is %d but y is %d", x, y);
| }
| 
| // Check long long types.
| #define BIG64 18446744073709551615ull
| #define BIG32 4294967295ul
| #define BIG_OK (BIG64 / BIG32 == 4294967297ull && BIG64 % BIG32 == 0)
| #if !BIG_OK
|   your preprocessor is broken;
| #endif
| #if BIG_OK
| #else
|   your preprocessor is broken;
| #endif
| static long long int bignum = -9223372036854775807LL;
| static unsigned long long int ubignum = BIG64;
| 
| struct incomplete_array
| {
|   int datasize;
|   double data[];
| };
| 
| struct named_init {
|   int number;
|   const wchar_t *name;
|   double average;
| };
| 
| typedef const char *ccp;
| 
| static inline int
| test_restrict (ccp restrict text)
| {
|   // See if C++-style comments work.
|   // Iterate through items via the restricted pointer.
|   // Also check for declarations in for loops.
|   for (unsigned int i = 0; *(text+i) != '\0'; ++i)
|     continue;
|   return 0;
| }
| 
| // Check varargs and va_copy.
| static void
| test_varargs (const char *format, ...)
| {
|   va_list args;
|   va_start (args, format);
|   va_list args_copy;
|   va_copy (args_copy, args);
| 
|   const char *str;
|   int number;
|   float fnumber;
| 
|   while (*format)
|     {
|       switch (*format++)
| 	{
| 	case 's': // string
| 	  str = va_arg (args_copy, const char *);
| 	  break;
| 	case 'd': // int
| 	  number = va_arg (args_copy, int);
| 	  break;
| 	case 'f': // float
| 	  fnumber = va_arg (args_copy, double);
| 	  break;
| 	default:
| 	  break;
| 	}
|     }
|   va_end (args_copy);
|   va_end (args);
| }
| 
| int
| main ()
| {
| 
|   // Check bool.
|   _Bool success = false;
| 
|   // Check restrict.
|   if (test_restrict ("String literal") == 0)
|     success = true;
|   char *restrict newvar = "Another string";
| 
|   // Check varargs.
|   test_varargs ("s, d' f .", "string", 65, 34.234);
|   test_varargs_macros ();
| 
|   // Check flexible array members.
|   struct incomplete_array *ia =
|     malloc (sizeof (struct incomplete_array) + (sizeof (double) * 10));
|   ia->datasize = 10;
|   for (int i = 0; i < ia->datasize; ++i)
|     ia->data[i] = i * 1.234;
| 
|   // Check named initializers.
|   struct named_init ni = {
|     .number = 34,
|     .name = L"Test wide string",
|     .average = 543.34343,
|   };
| 
|   ni.number = 58;
| 
|   int dynamic_array[ni.number];
|   dynamic_array[ni.number - 1] = 543;
| 
|   // work around unused variable warnings
|   return (!success || bignum == 0LL || ubignum == 0uLL || newvar[0] == 'x'
| 	  || dynamic_array[ni.number - 1] != 543);
| 
|   ;
|   return 0;
| }
configure:10743: /usr/bin/gcc -std=gnu99 -c -g -O2  conftest.c >&5
configure:10743: $? = 0
configure:10763: result: -std=gnu99
configure:10820: checking for pkg-config
configure:10838: found /usr/bin/pkg-config
configure:10850: result: /usr/bin/pkg-config
configure:10875: checking pkg-config is at least version 0.9.0
configure:10878: result: yes
configure:11100: checking for strlcat
configure:11100: /usr/bin/gcc -std=gnu99 -o conftest -g -O2   conftest.c  >&5
configure:11100: $? = 0
configure:11100: result: yes
configure:11113: checking for XPM
configure:11120: $PKG_CONFIG --exists --print-errors "xproto x11"
configure:11123: $? = 0
configure:11136: $PKG_CONFIG --exists --print-errors "xproto x11"
configure:11139: $? = 0
configure:11193: result: yes
configure:11199: checking for SXPM
configure:11206: $PKG_CONFIG --exists --print-errors "xt xext xextproto"
configure:11209: $? = 0
configure:11222: $PKG_CONFIG --exists --print-errors "xt xext xextproto"
configure:11225: $? = 0
configure:11260: result: yes
configure:11274: checking for library containing gettext
configure:11305: /usr/bin/gcc -std=gnu99 -o conftest -g -O2   conftest.c  >&5
conftest.c:34: warning: conflicting types for built-in function 'gettext'
Undefined symbols:
  "_gettext", referenced from:
      _main in ccQwy68S.o
ld: symbol(s) not found
collect2: ld returned 1 exit status
configure:11305: $? = 1
configure: failed program was:
| /* confdefs.h */
| #define PACKAGE_NAME "libXpm"
| #define PACKAGE_TARNAME "libXpm"
| #define PACKAGE_VERSION "3.5.9"
| #define PACKAGE_STRING "libXpm 3.5.9"
| #define PACKAGE_BUGREPORT "https://bugs.freedesktop.org/enter_bug.cgi?product=xorg"
| #define PACKAGE_URL ""
| #define PACKAGE "libXpm"
| #define VERSION "3.5.9"
| #define STDC_HEADERS 1
| #define HAVE_SYS_TYPES_H 1
| #define HAVE_SYS_STAT_H 1
| #define HAVE_STDLIB_H 1
| #define HAVE_STRING_H 1
| #define HAVE_MEMORY_H 1
| #define HAVE_STRINGS_H 1
| #define HAVE_INTTYPES_H 1
| #define HAVE_STDINT_H 1
| #define HAVE_UNISTD_H 1
| #define HAVE_DLFCN_H 1
| #define LT_OBJDIR ".libs/"
| #define PACKAGE_VERSION_MAJOR 3
| #define PACKAGE_VERSION_MINOR 5
| #define PACKAGE_VERSION_PATCHLEVEL 9
| #define HAVE_STRLCAT 1
| /* end confdefs.h.  */
| 
| /* Override any GCC internal prototype to avoid an error.
|    Use char because int might match the return type of a GCC
|    builtin and then its argument prototype would still apply.  */
| #ifdef __cplusplus
| extern "C"
| #endif
| char gettext ();
| int
| main ()
| {
| return gettext ();
|   ;
|   return 0;
| }
configure:11305: /usr/bin/gcc -std=gnu99 -o conftest -g -O2   conftest.c -lintl   >&5
conftest.c:34: warning: conflicting types for built-in function 'gettext'
configure:11305: $? = 0
configure:11322: result: -lintl
configure:11332: checking where to install localized messages
configure:11364: result: /usr/local/share/locale
configure:11541: creating ./config.status

## ---------------------- ##
## Running config.status. ##
## ---------------------- ##

This file was extended by libXpm config.status 3.5.9, which was
generated by GNU Autoconf 2.68.  Invocation command line was

  CONFIG_FILES    = 
  CONFIG_HEADERS  = 
  CONFIG_LINKS    = 
  CONFIG_COMMANDS = 
  $ ./config.status 

on Chriss-iPad

config.status:1122: creating Makefile
config.status:1122: creating doc/Makefile
config.status:1122: creating include/Makefile
config.status:1122: creating src/Makefile
config.status:1122: creating sxpm/Makefile
config.status:1122: creating cxpm/Makefile
config.status:1122: creating xpm.pc
config.status:1122: creating config.h
config.status:1351: executing depfiles commands
config.status:1351: executing libtool commands

## ---------------- ##
## Cache variables. ##
## ---------------- ##

ac_cv_build=arm-apple-darwin10.4.0
ac_cv_c_compiler_gnu=yes
ac_cv_env_CC_set=set
ac_cv_env_CC_value=/usr/bin/gcc
ac_cv_env_CFLAGS_set=
ac_cv_env_CFLAGS_value=
ac_cv_env_CPPFLAGS_set=
ac_cv_env_CPPFLAGS_value=
ac_cv_env_CPP_set=
ac_cv_env_CPP_value=
ac_cv_env_LDFLAGS_set=
ac_cv_env_LDFLAGS_value=
ac_cv_env_LIBS_set=
ac_cv_env_LIBS_value=
ac_cv_env_PKG_CONFIG_set=
ac_cv_env_PKG_CONFIG_value=
ac_cv_env_SXPM_CFLAGS_set=
ac_cv_env_SXPM_CFLAGS_value=
ac_cv_env_SXPM_LIBS_set=
ac_cv_env_SXPM_LIBS_value=
ac_cv_env_XPM_CFLAGS_set=
ac_cv_env_XPM_CFLAGS_value=
ac_cv_env_XPM_LIBS_set=
ac_cv_env_XPM_LIBS_value=
ac_cv_env_build_alias_set=
ac_cv_env_build_alias_value=
ac_cv_env_host_alias_set=
ac_cv_env_host_alias_value=
ac_cv_env_target_alias_set=
ac_cv_env_target_alias_value=
ac_cv_func_strlcat=yes
ac_cv_header_dlfcn_h=yes
ac_cv_header_inttypes_h=yes
ac_cv_header_memory_h=yes
ac_cv_header_stdc=yes
ac_cv_header_stdint_h=yes
ac_cv_header_stdlib_h=yes
ac_cv_header_string_h=yes
ac_cv_header_strings_h=yes
ac_cv_header_sys_stat_h=yes
ac_cv_header_sys_types_h=yes
ac_cv_header_unistd_h=yes
ac_cv_host=arm-apple-darwin10.4.0
ac_cv_objext=o
ac_cv_path_EGREP='/bin/grep -E'
ac_cv_path_FGREP='/bin/grep -F'
ac_cv_path_GREP=/bin/grep
ac_cv_path_SED=/bin/sed
ac_cv_path_ac_pt_PKG_CONFIG=/usr/bin/pkg-config
ac_cv_path_install='/usr/bin/install -c'
ac_cv_path_mkdir=/bin/mkdir
ac_cv_prog_AWK=gawk
ac_cv_prog_CPP='/usr/bin/gcc -E'
ac_cv_prog_ac_ct_AR=ar
ac_cv_prog_ac_ct_CC=/usr/bin/gcc
ac_cv_prog_ac_ct_LIPO=lipo
ac_cv_prog_ac_ct_NMEDIT=nmedit
ac_cv_prog_ac_ct_OBJDUMP=objdump
ac_cv_prog_ac_ct_OTOOL64=otool64
ac_cv_prog_ac_ct_OTOOL=otool
ac_cv_prog_ac_ct_RANLIB=ranlib
ac_cv_prog_ac_ct_STRIP=strip
ac_cv_prog_cc_c89=
ac_cv_prog_cc_c99=-std=gnu99
ac_cv_prog_cc_g=yes
ac_cv_prog_make_make_set=yes
ac_cv_search_gettext=-lintl
am_cv_CC_dependencies_compiler_type=gcc3
lt_cv_apple_cc_single_mod=yes
lt_cv_deplibs_check_method=pass_all
lt_cv_file_magic_cmd='$MAGIC_CMD'
lt_cv_file_magic_test_file=
lt_cv_ld_exported_symbols_list=yes
lt_cv_ld_force_load=no
lt_cv_ld_reload_flag=-r
lt_cv_nm_interface='BSD nm'
lt_cv_objdir=.libs
lt_cv_path_LD=/usr/bin/ld
lt_cv_path_NM='/usr/bin/nm -p'
lt_cv_prog_compiler_c_o=yes
lt_cv_prog_compiler_pic_works=yes
lt_cv_prog_compiler_rtti_exceptions=no
lt_cv_prog_compiler_static_works=no
lt_cv_prog_gnu_ld=no
lt_cv_sys_global_symbol_pipe='sed -n -e '\''s/^.*[	 ]\([BCDEGRST][BCDEGRST]*\)[	 ][	 ]*_\([_A-Za-z][_A-Za-z0-9]*\)$/\1 _\2 \2/p'\'''
lt_cv_sys_global_symbol_to_c_name_address='sed -n -e '\''s/^: \([^ ]*\) $/  {\"\1\", (void *) 0},/p'\'' -e '\''s/^[BCDEGRST]* \([^ ]*\) \([^ ]*\)$/  {"\2", (void *) \&\2},/p'\'''
lt_cv_sys_global_symbol_to_c_name_address_lib_prefix='sed -n -e '\''s/^: \([^ ]*\) $/  {\"\1\", (void *) 0},/p'\'' -e '\''s/^[BCDEGRST]* \([^ ]*\) \(lib[^ ]*\)$/  {"\2", (void *) \&\2},/p'\'' -e '\''s/^[BCDEGRST]* \([^ ]*\) \([^ ]*\)$/  {"lib\2", (void *) \&\2},/p'\'''
lt_cv_sys_global_symbol_to_cdecl='sed -n -e '\''s/^T .* \(.*\)$/extern int \1();/p'\'' -e '\''s/^[BCDEGRST]* .* \(.*\)$/extern char \1;/p'\'''
lt_cv_sys_max_cmd_len=196608
pkg_cv_SXPM_CFLAGS=' '
pkg_cv_SXPM_LIBS='-lXt -lX11 -lSM -lICE -lXext  '
pkg_cv_XPM_CFLAGS=' '
pkg_cv_XPM_LIBS='-lX11  '

## ----------------- ##
## Output variables. ##
## ----------------- ##

ACLOCAL='${SHELL} /home/chris/libXpm-3.5.9/missing --run aclocal-1.11'
ADMIN_MAN_DIR='$(mandir)/man$(ADMIN_MAN_SUFFIX)'
ADMIN_MAN_SUFFIX='8'
AMDEPBACKSLASH='\'
AMDEP_FALSE='#'
AMDEP_TRUE=''
AMTAR='${SHELL} /home/chris/libXpm-3.5.9/missing --run tar'
AM_BACKSLASH='\'
AM_DEFAULT_VERBOSITY='0'
APP_MAN_DIR='$(mandir)/man$(APP_MAN_SUFFIX)'
APP_MAN_SUFFIX='1'
AR='ar'
AUTOCONF='${SHELL} /home/chris/libXpm-3.5.9/missing --run autoconf'
AUTOHEADER='${SHELL} /home/chris/libXpm-3.5.9/missing --run autoheader'
AUTOMAKE='${SHELL} /home/chris/libXpm-3.5.9/missing --run automake-1.11'
AWK='gawk'
BUILD_SXPM_FALSE='#'
BUILD_SXPM_TRUE=''
CC='/usr/bin/gcc -std=gnu99'
CCDEPMODE='depmode=gcc3'
CFLAGS='-g -O2'
CHANGELOG_CMD='(GIT_DIR=$(top_srcdir)/.git git log > $(top_srcdir)/.changelog.tmp && mv $(top_srcdir)/.changelog.tmp $(top_srcdir)/ChangeLog) || (rm -f $(top_srcdir)/.changelog.tmp; touch $(top_srcdir)/ChangeLog; echo '\''git directory not found: installing possibly empty changelog.'\'' >&2)'
CPP='/usr/bin/gcc -E'
CPPFLAGS=''
CWARNFLAGS='-Wall -Wpointer-arith -Wstrict-prototypes -Wmissing-prototypes -Wmissing-declarations -Wnested-externs -fno-strict-aliasing -Wbad-function-cast -Wformat=2 -Wold-style-definition -Wdeclaration-after-statement '
CYGPATH_W='echo'
DEFS='-DHAVE_CONFIG_H'
DEPDIR='.deps'
DRIVER_MAN_DIR='$(mandir)/man$(DRIVER_MAN_SUFFIX)'
DRIVER_MAN_SUFFIX='4'
DSYMUTIL=':'
DUMPBIN=''
ECHO_C=''
ECHO_N='-n'
ECHO_T=''
EGREP='/bin/grep -E'
EXEEXT=''
FGREP='/bin/grep -F'
FILE_MAN_DIR='$(mandir)/man$(FILE_MAN_SUFFIX)'
FILE_MAN_SUFFIX='5'
GREP='/bin/grep'
INSTALL_CMD='(cp -f /INSTALL $(top_srcdir)/.INSTALL.tmp && mv $(top_srcdir)/.INSTALL.tmp $(top_srcdir)/INSTALL) || (rm -f $(top_srcdir)/.INSTALL.tmp; touch $(top_srcdir)/INSTALL; echo '\''util-macros "pkgdatadir" from xorg-macros.pc not found: installing possibly empty INSTALL.'\'' >&2)'
INSTALL_DATA='${INSTALL} -m 644'
INSTALL_PROGRAM='${INSTALL}'
INSTALL_SCRIPT='${INSTALL}'
INSTALL_STRIP_PROGRAM='$(install_sh) -c -s'
LD='/usr/bin/ld'
LDFLAGS=''
LIBOBJS=''
LIBS='-lintl '
LIBTOOL='$(SHELL) $(top_builddir)/libtool'
LIB_MAN_DIR='$(mandir)/man$(LIB_MAN_SUFFIX)'
LIB_MAN_SUFFIX='3'
LIPO='lipo'
LN_S='ln -s'
LOCALEDIR='/usr/local/share/locale'
LTLIBOBJS=''
MAINT='#'
MAINTAINER_MODE_FALSE=''
MAINTAINER_MODE_TRUE='#'
MAKEINFO='${SHELL} /home/chris/libXpm-3.5.9/missing --run makeinfo'
MAN_SUBSTS='	-e '\''s|__vendorversion__|"$(PACKAGE_STRING)" "$(XORG_MAN_PAGE)"|'\'' 	-e '\''s|__xorgversion__|"$(PACKAGE_STRING)" "$(XORG_MAN_PAGE)"|'\'' 	-e '\''s|__xservername__|Xorg|g'\'' 	-e '\''s|__xconfigfile__|xorg.conf|g'\'' 	-e '\''s|__projectroot__|$(prefix)|g'\'' 	-e '\''s|__apploaddir__|$(appdefaultdir)|g'\'' 	-e '\''s|__appmansuffix__|$(APP_MAN_SUFFIX)|g'\'' 	-e '\''s|__drivermansuffix__|$(DRIVER_MAN_SUFFIX)|g'\'' 	-e '\''s|__adminmansuffix__|$(ADMIN_MAN_SUFFIX)|g'\'' 	-e '\''s|__libmansuffix__|$(LIB_MAN_SUFFIX)|g'\'' 	-e '\''s|__miscmansuffix__|$(MISC_MAN_SUFFIX)|g'\'' 	-e '\''s|__filemansuffix__|$(FILE_MAN_SUFFIX)|g'\'''
MISC_MAN_DIR='$(mandir)/man$(MISC_MAN_SUFFIX)'
MISC_MAN_SUFFIX='7'
MKDIR_P='/bin/mkdir -p'
NM='/usr/bin/nm -p'
NMEDIT='nmedit'
OBJDUMP='objdump'
OBJEXT='o'
OTOOL64='otool64'
OTOOL='otool'
PACKAGE='libXpm'
PACKAGE_BUGREPORT='https://bugs.freedesktop.org/enter_bug.cgi?product=xorg'
PACKAGE_NAME='libXpm'
PACKAGE_STRING='libXpm 3.5.9'
PACKAGE_TARNAME='libXpm'
PACKAGE_URL=''
PACKAGE_VERSION='3.5.9'
PATH_SEPARATOR=':'
PKG_CONFIG='/usr/bin/pkg-config'
RANLIB='ranlib'
SED='/bin/sed'
SET_MAKE=''
SHELL='/bin/sh'
STRIP='strip'
SXPM_CFLAGS=' '
SXPM_LIBS='-lXt -lX11 -lSM -lICE -lXext  '
USE_GETTEXT_FALSE='#'
USE_GETTEXT_TRUE=''
VERSION='3.5.9'
XORG_MAN_PAGE='X Version 11'
XPM_CFLAGS=' '
XPM_LIBS='-lX11  '
ac_ct_CC='/usr/bin/gcc'
ac_ct_DUMPBIN=''
am__EXEEXT_FALSE=''
am__EXEEXT_TRUE='#'
am__fastdepCC_FALSE='#'
am__fastdepCC_TRUE=''
am__include='include'
am__isrc=''
am__leading_dot='.'
am__quote=''
am__tar='${AMTAR} chof - "$$tardir"'
am__untar='${AMTAR} xf -'
bindir='${exec_prefix}/bin'
build='arm-apple-darwin10.4.0'
build_alias=''
build_cpu='arm'
build_os='darwin10.4.0'
build_vendor='apple'
datadir='${datarootdir}'
datarootdir='${prefix}/share'
docdir='${datarootdir}/doc/${PACKAGE_TARNAME}'
dvidir='${docdir}'
exec_prefix='${prefix}'
host='arm-apple-darwin10.4.0'
host_alias=''
host_cpu='arm'
host_os='darwin10.4.0'
host_vendor='apple'
htmldir='${docdir}'
includedir='${prefix}/include'
infodir='${datarootdir}/info'
install_sh='${SHELL} /home/chris/libXpm-3.5.9/install-sh'
libdir='${exec_prefix}/lib'
libexecdir='${exec_prefix}/libexec'
localedir='${datarootdir}/locale'
localstatedir='${prefix}/var'
mandir='${datarootdir}/man'
mkdir_p='/bin/mkdir -p'
oldincludedir='/usr/include'
pdfdir='${docdir}'
prefix='/usr/local'
program_transform_name='s,x,x,'
psdir='${docdir}'
sbindir='${exec_prefix}/sbin'
sharedstatedir='${prefix}/com'
sysconfdir='${prefix}/etc'
target_alias=''

## ----------- ##
## confdefs.h. ##
## ----------- ##

/* confdefs.h */
#define PACKAGE_NAME "libXpm"
#define PACKAGE_TARNAME "libXpm"
#define PACKAGE_VERSION "3.5.9"
#define PACKAGE_STRING "libXpm 3.5.9"
#define PACKAGE_BUGREPORT "https://bugs.freedesktop.org/enter_bug.cgi?product=xorg"
#define PACKAGE_URL ""
#define PACKAGE "libXpm"
#define VERSION "3.5.9"
#define STDC_HEADERS 1
#define HAVE_SYS_TYPES_H 1
#define HAVE_SYS_STAT_H 1
#define HAVE_STDLIB_H 1
#define HAVE_STRING_H 1
#define HAVE_MEMORY_H 1
#define HAVE_STRINGS_H 1
#define HAVE_INTTYPES_H 1
#define HAVE_STDINT_H 1
#define HAVE_UNISTD_H 1
#define HAVE_DLFCN_H 1
#define LT_OBJDIR ".libs/"
#define PACKAGE_VERSION_MAJOR 3
#define PACKAGE_VERSION_MINOR 5
#define PACKAGE_VERSION_PATCHLEVEL 9
#define HAVE_STRLCAT 1
#define LOCALEDIR "/usr/local/share/locale"
#define USE_GETTEXT 1
#define STAT_ZFILE 1

configure: exit 0
