This file contains any messages produced by compilers while
running configure, to aid debugging if configure makes a mistake.

It was created by libXScrnSaver configure 1.1.3, which was
generated by GNU Autoconf 2.61.  Invocation command line was

  $ ./configure 

## --------- ##
## Platform. ##
## --------- ##

hostname = Chriss-iPad
uname -m = iPad1,1
uname -r = 10.4.0
uname -s = Darwin
uname -v = Darwin Kernel Version 10.4.0: Wed Oct 20 20:14:45 PDT 2010; root:xnu-1504.58.28~3/RELEASE_ARM_S5L8930X

/usr/bin/uname -p = unknown
/bin/uname -X     = unknown

/bin/arch              = unknown
/usr/bin/arch -k       = unknown
/usr/convex/getsysinfo = unknown
/usr/bin/hostinfo      = Mach kernel version:
	 Darwin Kernel Version 10.4.0: Wed Oct 20 20:14:45 PDT 2010; root:xnu-1504.58.28~3/RELEASE_ARM_S5L8930X
Kernel configured for a single processor only.
1 processor is physically available.
1 processor is logically available.
Processor type: armv7 (arm v7)
Processor active: 0
Primary memory available: 247.00 megabytes
Default processor set: 33 tasks, 235 threads, 1 processors
Load average: 2.53, Mach factor: 0.27
/bin/machine           = unknown
/usr/bin/oslevel       = unknown
/bin/universe          = unknown

PATH: /usr/local/sbin
PATH: /usr/local/bin
PATH: /usr/sbin
PATH: /usr/bin
PATH: /sbin
PATH: /bin
PATH: /usr/bin/X11
PATH: /usr/games
PATH: /var/mobile/ocaml-3.12.0/bin


## ----------- ##
## Core tests. ##
## ----------- ##

configure:2022: checking for a BSD-compatible install
configure:2078: result: /usr/bin/install -c
configure:2089: checking whether build environment is sane
configure:2132: result: yes
configure:2160: checking for a thread-safe mkdir -p
configure:2199: result: /bin/mkdir -p
configure:2212: checking for gawk
configure:2228: found /usr/bin/gawk
configure:2239: result: gawk
configure:2250: checking whether make sets $(MAKE)
configure:2271: result: yes
configure:2459: checking whether to enable maintainer-specific portions of Makefiles
configure:2468: result: no
configure:2491: checking if xorg-macros used to generate configure is at least 1.1
configure:2506: result: yes, 1.1.6
configure:2559: checking for gcc
configure:2586: result: /usr/bin/gcc
configure:2824: checking for C compiler version
configure:2831: /usr/bin/gcc --version >&5
gcc (GCC) 4.2.1 (Based on Apple Inc. build 5555)
Copyright (C) 2007 Free Software Foundation, Inc.
This is free software; see the source for copying conditions.  There is NO
warranty; not even for MERCHANTABILITY or FITNESS FOR A PARTICULAR PURPOSE.

configure:2834: $? = 0
configure:2841: /usr/bin/gcc -v >&5
Using built-in specs.
Target: arm-apple-darwin9
Configured with: ../llvm-gcc-4.2/configure --build=x86_64-unknown-linux-gnu --host=arm-apple-darwin9 --enable-static=no --enable-shared=yes --prefix=/usr --localstatedir=/var/cache/iphone-gcc --enable-languages=c,c++,objc,obj-c++ --enable-wchar_t=no --with-gxx-include-dir=/usr/include/c++/4.0.0
Thread model: posix
gcc version 4.2.1 (Based on Apple Inc. build 5555)
configure:2844: $? = 0
configure:2851: /usr/bin/gcc -V >&5
gcc: '-V' option must have argument
configure:2854: $? = 1
configure:2877: checking for C compiler default output file name
configure:2904: /usr/bin/gcc    conftest.c  >&5
configure:2907: $? = 0
configure:2945: result: a.out
configure:2962: checking whether the C compiler works
configure:2972: ./a.out
configure:2975: $? = 0
configure:2992: result: yes
configure:2999: checking whether we are cross compiling
configure:3001: result: no
configure:3004: checking for suffix of executables
configure:3011: /usr/bin/gcc -o conftest    conftest.c  >&5
configure:3014: $? = 0
configure:3038: result: 
configure:3044: checking for suffix of object files
configure:3070: /usr/bin/gcc -c   conftest.c >&5
configure:3073: $? = 0
configure:3096: result: o
configure:3100: checking whether we are using the GNU C compiler
configure:3129: /usr/bin/gcc -c   conftest.c >&5
configure:3135: $? = 0
configure:3152: result: yes
configure:3157: checking whether /usr/bin/gcc accepts -g
configure:3187: /usr/bin/gcc -c -g  conftest.c >&5
configure:3193: $? = 0
configure:3292: result: yes
configure:3309: checking for /usr/bin/gcc option to accept ISO C89
configure:3383: /usr/bin/gcc  -c -g -O2  conftest.c >&5
configure:3389: $? = 0
configure:3412: result: none needed
configure:3441: checking for style of include used by make
configure:3469: result: GNU
configure:3494: checking dependency style of /usr/bin/gcc
configure:3585: result: gcc3
configure:3678: checking build system type
configure:3696: result: arm-apple-darwin10.4.0
configure:3718: checking host system type
configure:3733: result: arm-apple-darwin10.4.0
configure:3755: checking for a sed that does not truncate output
configure:3809: result: /bin/sed
configure:3812: checking for grep that handles long lines and -e
configure:3886: result: /bin/grep
configure:3891: checking for egrep
configure:3969: result: /bin/grep -E
configure:3985: checking for ld used by /usr/bin/gcc
configure:4052: result: /usr/bin/ld
configure:4061: checking if the linker (/usr/bin/ld) is GNU ld
configure:4076: result: no
configure:4081: checking for /usr/bin/ld option to reload object files
configure:4088: result: -r
configure:4106: checking for BSD-compatible nm
configure:4155: result: /usr/bin/nm -p
configure:4159: checking whether ln -s works
configure:4163: result: yes
configure:4170: checking how to recognise dependent libraries
configure:4346: result: pass_all
configure:4580: checking how to run the C preprocessor
configure:4620: /usr/bin/gcc -E  conftest.c
configure:4626: $? = 0
configure:4657: /usr/bin/gcc -E  conftest.c
conftest.c:10:28: error: ac_nonexistent.h: No such file or directory
configure:4663: $? = 1
configure: failed program was:
| /* confdefs.h.  */
| #define PACKAGE_NAME "libXScrnSaver"
| #define PACKAGE_TARNAME "libXScrnSaver"
| #define PACKAGE_VERSION "1.1.3"
| #define PACKAGE_STRING "libXScrnSaver 1.1.3"
| #define PACKAGE_BUGREPORT "https://bugs.freedesktop.org/enter_bug.cgi?product=xorg"
| #define PACKAGE "libXScrnSaver"
| #define VERSION "1.1.3"
| /* end confdefs.h.  */
| #include <ac_nonexistent.h>
configure:4696: result: /usr/bin/gcc -E
configure:4725: /usr/bin/gcc -E  conftest.c
configure:4731: $? = 0
configure:4762: /usr/bin/gcc -E  conftest.c
conftest.c:10:28: error: ac_nonexistent.h: No such file or directory
configure:4768: $? = 1
configure: failed program was:
| /* confdefs.h.  */
| #define PACKAGE_NAME "libXScrnSaver"
| #define PACKAGE_TARNAME "libXScrnSaver"
| #define PACKAGE_VERSION "1.1.3"
| #define PACKAGE_STRING "libXScrnSaver 1.1.3"
| #define PACKAGE_BUGREPORT "https://bugs.freedesktop.org/enter_bug.cgi?product=xorg"
| #define PACKAGE "libXScrnSaver"
| #define VERSION "1.1.3"
| /* end confdefs.h.  */
| #include <ac_nonexistent.h>
configure:4806: checking for ANSI C header files
configure:4836: /usr/bin/gcc -c -g -O2  conftest.c >&5
configure:4842: $? = 0
configure:4941: /usr/bin/gcc -o conftest -g -O2   conftest.c  >&5
configure:4944: $? = 0
configure:4950: ./conftest
configure:4953: $? = 0
configure:4970: result: yes
configure:4994: checking for sys/types.h
configure:5015: /usr/bin/gcc -c -g -O2  conftest.c >&5
configure:5021: $? = 0
configure:5037: result: yes
configure:4994: checking for sys/stat.h
configure:5015: /usr/bin/gcc -c -g -O2  conftest.c >&5
configure:5021: $? = 0
configure:5037: result: yes
configure:4994: checking for stdlib.h
configure:5015: /usr/bin/gcc -c -g -O2  conftest.c >&5
configure:5021: $? = 0
configure:5037: result: yes
configure:4994: checking for string.h
configure:5015: /usr/bin/gcc -c -g -O2  conftest.c >&5
configure:5021: $? = 0
configure:5037: result: yes
configure:4994: checking for memory.h
configure:5015: /usr/bin/gcc -c -g -O2  conftest.c >&5
configure:5021: $? = 0
configure:5037: result: yes
configure:4994: checking for strings.h
configure:5015: /usr/bin/gcc -c -g -O2  conftest.c >&5
configure:5021: $? = 0
configure:5037: result: yes
configure:4994: checking for inttypes.h
configure:5015: /usr/bin/gcc -c -g -O2  conftest.c >&5
configure:5021: $? = 0
configure:5037: result: yes
configure:4994: checking for stdint.h
configure:5015: /usr/bin/gcc -c -g -O2  conftest.c >&5
configure:5021: $? = 0
configure:5037: result: yes
configure:4994: checking for unistd.h
configure:5015: /usr/bin/gcc -c -g -O2  conftest.c >&5
configure:5021: $? = 0
configure:5037: result: yes
configure:5064: checking dlfcn.h usability
configure:5081: /usr/bin/gcc -c -g -O2  conftest.c >&5
configure:5087: $? = 0
configure:5101: result: yes
configure:5105: checking dlfcn.h presence
configure:5120: /usr/bin/gcc -E  conftest.c
configure:5126: $? = 0
configure:5140: result: yes
configure:5173: checking for dlfcn.h
configure:5181: result: yes
configure:5252: checking for g++
configure:5268: found /usr/bin/g++
configure:5279: result: g++
configure:5310: checking for C++ compiler version
configure:5317: g++ --version >&5
g++ (GCC) 4.2.1 (Based on Apple Inc. build 5555)
Copyright (C) 2007 Free Software Foundation, Inc.
This is free software; see the source for copying conditions.  There is NO
warranty; not even for MERCHANTABILITY or FITNESS FOR A PARTICULAR PURPOSE.

configure:5320: $? = 0
configure:5327: g++ -v >&5
Using built-in specs.
Target: arm-apple-darwin9
Configured with: ../llvm-gcc-4.2/configure --build=x86_64-unknown-linux-gnu --host=arm-apple-darwin9 --enable-static=no --enable-shared=yes --prefix=/usr --localstatedir=/var/cache/iphone-gcc --enable-languages=c,c++,objc,obj-c++ --enable-wchar_t=no --with-gxx-include-dir=/usr/include/c++/4.0.0
Thread model: posix
gcc version 4.2.1 (Based on Apple Inc. build 5555)
configure:5330: $? = 0
configure:5337: g++ -V >&5
g++: '-V' option must have argument
configure:5340: $? = 1
configure:5343: checking whether we are using the GNU C++ compiler
configure:5372: g++ -c   conftest.cpp >&5
configure:5378: $? = 0
configure:5395: result: yes
configure:5400: checking whether g++ accepts -g
configure:5430: g++ -c -g  conftest.cpp >&5
configure:5436: $? = 0
configure:5535: result: yes
configure:5560: checking dependency style of g++
configure:5651: result: gcc3
configure:5676: checking how to run the C++ preprocessor
configure:5712: g++ -E  conftest.cpp
configure:5718: $? = 0
configure:5749: g++ -E  conftest.cpp
conftest.cpp:21:28: error: ac_nonexistent.h: No such file or directory
configure:5755: $? = 1
configure: failed program was:
| /* confdefs.h.  */
| #define PACKAGE_NAME "libXScrnSaver"
| #define PACKAGE_TARNAME "libXScrnSaver"
| #define PACKAGE_VERSION "1.1.3"
| #define PACKAGE_STRING "libXScrnSaver 1.1.3"
| #define PACKAGE_BUGREPORT "https://bugs.freedesktop.org/enter_bug.cgi?product=xorg"
| #define PACKAGE "libXScrnSaver"
| #define VERSION "1.1.3"
| #define STDC_HEADERS 1
| #define HAVE_SYS_TYPES_H 1
| #define HAVE_SYS_STAT_H 1
| #define HAVE_STDLIB_H 1
| #define HAVE_STRING_H 1
| #define HAVE_MEMORY_H 1
| #define HAVE_STRINGS_H 1
| #define HAVE_INTTYPES_H 1
| #define HAVE_STDINT_H 1
| #define HAVE_UNISTD_H 1
| #define HAVE_DLFCN_H 1
| /* end confdefs.h.  */
| #include <ac_nonexistent.h>
configure:5788: result: g++ -E
configure:5817: g++ -E  conftest.cpp
configure:5823: $? = 0
configure:5854: g++ -E  conftest.cpp
conftest.cpp:21:28: error: ac_nonexistent.h: No such file or directory
configure:5860: $? = 1
configure: failed program was:
| /* confdefs.h.  */
| #define PACKAGE_NAME "libXScrnSaver"
| #define PACKAGE_TARNAME "libXScrnSaver"
| #define PACKAGE_VERSION "1.1.3"
| #define PACKAGE_STRING "libXScrnSaver 1.1.3"
| #define PACKAGE_BUGREPORT "https://bugs.freedesktop.org/enter_bug.cgi?product=xorg"
| #define PACKAGE "libXScrnSaver"
| #define VERSION "1.1.3"
| #define STDC_HEADERS 1
| #define HAVE_SYS_TYPES_H 1
| #define HAVE_SYS_STAT_H 1
| #define HAVE_STDLIB_H 1
| #define HAVE_STRING_H 1
| #define HAVE_MEMORY_H 1
| #define HAVE_STRINGS_H 1
| #define HAVE_INTTYPES_H 1
| #define HAVE_STDINT_H 1
| #define HAVE_UNISTD_H 1
| #define HAVE_DLFCN_H 1
| /* end confdefs.h.  */
| #include <ac_nonexistent.h>
configure:5953: checking for g77
configure:5983: result: no
configure:5953: checking for xlf
configure:5983: result: no
configure:5953: checking for f77
configure:5983: result: no
configure:5953: checking for frt
configure:5983: result: no
configure:5953: checking for pgf77
configure:5983: result: no
configure:5953: checking for cf77
configure:5983: result: no
configure:5953: checking for fort77
configure:5983: result: no
configure:5953: checking for fl32
configure:5983: result: no
configure:5953: checking for af77
configure:5983: result: no
configure:5953: checking for xlf90
configure:5983: result: no
configure:5953: checking for f90
configure:5983: result: no
configure:5953: checking for pgf90
configure:5983: result: no
configure:5953: checking for pghpf
configure:5983: result: no
configure:5953: checking for epcf90
configure:5983: result: no
configure:5953: checking for gfortran
configure:5983: result: no
configure:5953: checking for g95
configure:5983: result: no
configure:5953: checking for xlf95
configure:5983: result: no
configure:5953: checking for f95
configure:5983: result: no
configure:5953: checking for fort
configure:5983: result: no
configure:5953: checking for ifort
configure:5983: result: no
configure:5953: checking for ifc
configure:5983: result: no
configure:5953: checking for efc
configure:5983: result: no
configure:5953: checking for pgf95
configure:5983: result: no
configure:5953: checking for lf95
configure:5983: result: no
configure:5953: checking for ftn
configure:5983: result: no
configure:6010: checking for Fortran 77 compiler version
configure:6017:  --version >&5
./configure: line 6018: --version: command not found
configure:6020: $? = 127
configure:6027:  -v >&5
./configure: line 6028: -v: command not found
configure:6030: $? = 127
configure:6037:  -V >&5
./configure: line 6038: -V: command not found
configure:6040: $? = 127
configure:6048: checking whether we are using the GNU Fortran 77 compiler
configure:6067:  -c  conftest.F >&5
./configure: line 6068: -c: command not found
configure:6073: $? = 127
configure: failed program was:
|       program main
| #ifndef __GNUC__
|        choke me
| #endif
| 
|       end
configure:6090: result: no
configure:6096: checking whether  accepts -g
configure:6113:  -c -g conftest.f >&5
./configure: line 6114: -c: command not found
configure:6119: $? = 127
configure: failed program was:
|       program main
| 
|       end
configure:6135: result: no
configure:6165: checking the maximum length of command line arguments
configure:6274: result: 196608
configure:6285: checking command to parse /usr/bin/nm -p output from /usr/bin/gcc object
configure:6390: /usr/bin/gcc -c -g -O2  conftest.c >&5
configure:6393: $? = 0
configure:6397: /usr/bin/nm -p conftest.o \| sed -n -e 's/^.*[ 	]\([BCDEGRST][BCDEGRST]*\)[ 	][ 	]*\([_A-Za-z][_A-Za-z0-9]*\)$/\1 \2 \2/p' \> conftest.nm
configure:6400: $? = 0
cannot find nm_test_var in conftest.nm
configure:6390: /usr/bin/gcc -c -g -O2  conftest.c >&5
configure:6393: $? = 0
configure:6397: /usr/bin/nm -p conftest.o \| sed -n -e 's/^.*[ 	]\([BCDEGRST][BCDEGRST]*\)[ 	][ 	]*_\([_A-Za-z][_A-Za-z0-9]*\)$/\1 _\2 \2/p' \> conftest.nm
configure:6400: $? = 0
configure:6452: /usr/bin/gcc -o conftest -g -O2   conftest.c conftstm.o >&5
configure:6455: $? = 0
configure:6493: result: ok
configure:6497: checking for objdir
configure:6512: result: .libs
configure:6604: checking for ar
configure:6620: found /usr/bin/ar
configure:6631: result: ar
configure:6700: checking for ranlib
configure:6716: found /usr/bin/ranlib
configure:6727: result: ranlib
configure:6796: checking for strip
configure:6812: found /usr/bin/strip
configure:6823: result: strip
configure:7109: checking if /usr/bin/gcc supports -fno-rtti -fno-exceptions
configure:7127: /usr/bin/gcc -c -g -O2  -fno-rtti -fno-exceptions conftest.c >&5
cc1: warning: command line option "-fno-rtti" is valid for C++/ObjC++ but not for C
configure:7131: $? = 0
configure:7144: result: no
configure:7159: checking for /usr/bin/gcc option to produce PIC
configure:7369: result: -fno-common
configure:7377: checking if /usr/bin/gcc PIC flag -fno-common works
configure:7395: /usr/bin/gcc -c -g -O2  -fno-common -DPIC conftest.c >&5
configure:7399: $? = 0
configure:7412: result: yes
configure:7440: checking if /usr/bin/gcc static flag -static works
configure:7468: result: no
configure:7478: checking if /usr/bin/gcc supports -c -o file.o
configure:7499: /usr/bin/gcc -c -g -O2  -o out/conftest2.o conftest.c >&5
configure:7503: $? = 0
configure:7525: result: yes
configure:7551: checking whether the /usr/bin/gcc linker (/usr/bin/ld) supports shared libraries
configure:8505: result: yes
configure:8572: checking dynamic linker characteristics
configure:9160: result: darwin10.4.0 dyld
configure:9169: checking how to hardcode library paths into programs
configure:9194: result: immediate
configure:9208: checking whether stripping libraries is possible
configure:9221: result: yes
configure:10014: checking if libtool supports shared libraries
configure:10016: result: yes
configure:10019: checking whether to build shared libraries
configure:10040: result: yes
configure:10043: checking whether to build static libraries
configure:10047: result: yes
configure:10139: creating libtool
configure:10727: checking for ld used by g++
configure:10794: result: /usr/bin/ld
configure:10803: checking if the linker (/usr/bin/ld) is GNU ld
configure:10818: result: no
configure:10869: checking whether the g++ linker (/usr/bin/ld) supports shared libraries
configure:11803: result: yes
configure:11821: g++ -c -g -O2  conftest.cpp >&5
configure:11824: $? = 0
configure:11943: checking for g++ option to produce PIC
configure:12217: result: -fno-common
configure:12225: checking if g++ PIC flag -fno-common works
configure:12243: g++ -c -g -O2  -fno-common -DPIC conftest.cpp >&5
configure:12247: $? = 0
configure:12260: result: yes
configure:12288: checking if g++ static flag -static works
configure:12316: result: no
configure:12326: checking if g++ supports -c -o file.o
configure:12347: g++ -c -g -O2  -o out/conftest2.o conftest.cpp >&5
configure:12351: $? = 0
configure:12373: result: yes
configure:12399: checking whether the g++ linker (/usr/bin/ld) supports shared libraries
configure:12424: result: yes
configure:12491: checking dynamic linker characteristics
configure:13079: result: darwin10.4.0 dyld
configure:13088: checking how to hardcode library paths into programs
configure:13113: result: immediate
configure:19304: checking for pkg-config
configure:19322: found /usr/bin/pkg-config
configure:19334: result: /usr/bin/pkg-config
configure:19363: checking pkg-config is at least version 0.9.0
configure:19366: result: yes
configure:19377: checking for XSCRNSAVER
configure:19382: $PKG_CONFIG --exists --print-errors "x11 xext xextproto scrnsaverproto >= 1.1"
configure:19385: $? = 0
configure:19396: $PKG_CONFIG --exists --print-errors "x11 xext xextproto scrnsaverproto >= 1.1"
configure:19399: $? = 0
configure:19454: result: yes
configure:19545: checking whether malloc(0) returns NULL
configure:19575: /usr/bin/gcc -o conftest -g -O2   conftest.c  >&5
conftest.c:2: warning: conflicting types for built-in function 'malloc'
conftest.c:4: warning: conflicting types for built-in function 'calloc'
conftest.c: In function 'main':
conftest.c:11: warning: incompatible implicit declaration of built-in function 'exit'
configure:19578: $? = 0
configure:19584: ./conftest
configure:19587: $? = 1
configure: program exited with status 1
configure: failed program was:
| 
| char *malloc();
| char *realloc();
| char *calloc();
| main() {
|     char *m0, *r0, *c0, *p;
|     m0 = malloc(0);
|     p = malloc(10);
|     r0 = realloc(p,0);
|     c0 = calloc(0);
|     exit(m0 == 0 || r0 == 0 || c0 == 0 ? 0 : 1);
| }
configure:19603: result: no
configure:19875: creating ./config.status

## ---------------------- ##
## Running config.status. ##
## ---------------------- ##

This file was extended by libXScrnSaver config.status 1.1.3, which was
generated by GNU Autoconf 2.61.  Invocation command line was

  CONFIG_FILES    = 
  CONFIG_HEADERS  = 
  CONFIG_LINKS    = 
  CONFIG_COMMANDS = 
  $ ./config.status 

on Chriss-iPad

config.status:692: creating Makefile
config.status:692: creating src/Makefile
config.status:692: creating man/Makefile
config.status:692: creating xscrnsaver.pc
config.status:692: creating config.h
config.status:968: executing depfiles commands

## ---------------- ##
## Cache variables. ##
## ---------------- ##

ac_cv_build=arm-apple-darwin10.4.0
ac_cv_c_compiler_gnu=yes
ac_cv_cxx_compiler_gnu=yes
ac_cv_env_CCC_set=
ac_cv_env_CCC_value=
ac_cv_env_CC_set=set
ac_cv_env_CC_value=/usr/bin/gcc
ac_cv_env_CFLAGS_set=
ac_cv_env_CFLAGS_value=
ac_cv_env_CPPFLAGS_set=
ac_cv_env_CPPFLAGS_value=
ac_cv_env_CPP_set=
ac_cv_env_CPP_value=
ac_cv_env_CXXCPP_set=
ac_cv_env_CXXCPP_value=
ac_cv_env_CXXFLAGS_set=
ac_cv_env_CXXFLAGS_value=
ac_cv_env_CXX_set=
ac_cv_env_CXX_value=
ac_cv_env_F77_set=
ac_cv_env_F77_value=
ac_cv_env_FFLAGS_set=
ac_cv_env_FFLAGS_value=
ac_cv_env_LDFLAGS_set=
ac_cv_env_LDFLAGS_value=
ac_cv_env_LIBS_set=
ac_cv_env_LIBS_value=
ac_cv_env_PKG_CONFIG_set=
ac_cv_env_PKG_CONFIG_value=
ac_cv_env_XSCRNSAVER_CFLAGS_set=
ac_cv_env_XSCRNSAVER_CFLAGS_value=
ac_cv_env_XSCRNSAVER_LIBS_set=
ac_cv_env_XSCRNSAVER_LIBS_value=
ac_cv_env_build_alias_set=
ac_cv_env_build_alias_value=
ac_cv_env_host_alias_set=
ac_cv_env_host_alias_value=
ac_cv_env_target_alias_set=
ac_cv_env_target_alias_value=
ac_cv_f77_compiler_gnu=no
ac_cv_header_dlfcn_h=yes
ac_cv_header_inttypes_h=yes
ac_cv_header_memory_h=yes
ac_cv_header_stdc=yes
ac_cv_header_stdint_h=yes
ac_cv_header_stdlib_h=yes
ac_cv_header_string_h=yes
ac_cv_header_strings_h=yes
ac_cv_header_sys_stat_h=yes
ac_cv_header_sys_types_h=yes
ac_cv_header_unistd_h=yes
ac_cv_host=arm-apple-darwin10.4.0
ac_cv_objext=o
ac_cv_path_EGREP='/bin/grep -E'
ac_cv_path_GREP=/bin/grep
ac_cv_path_ac_pt_PKG_CONFIG=/usr/bin/pkg-config
ac_cv_path_install='/usr/bin/install -c'
ac_cv_path_mkdir=/bin/mkdir
ac_cv_prog_AWK=gawk
ac_cv_prog_CPP='/usr/bin/gcc -E'
ac_cv_prog_CXXCPP='g++ -E'
ac_cv_prog_ac_ct_AR=ar
ac_cv_prog_ac_ct_CC=/usr/bin/gcc
ac_cv_prog_ac_ct_CXX=g++
ac_cv_prog_ac_ct_RANLIB=ranlib
ac_cv_prog_ac_ct_STRIP=strip
ac_cv_prog_cc_c89=
ac_cv_prog_cc_g=yes
ac_cv_prog_cxx_g=yes
ac_cv_prog_f77_g=no
ac_cv_prog_make_make_set=yes
am_cv_CC_dependencies_compiler_type=gcc3
am_cv_CXX_dependencies_compiler_type=gcc3
lt_cv_deplibs_check_method=pass_all
lt_cv_file_magic_cmd='$MAGIC_CMD'
lt_cv_file_magic_test_file=
lt_cv_ld_reload_flag=-r
lt_cv_objdir=.libs
lt_cv_path_LD=/usr/bin/ld
lt_cv_path_LDCXX=/usr/bin/ld
lt_cv_path_NM='/usr/bin/nm -p'
lt_cv_path_SED=/bin/sed
lt_cv_prog_compiler_c_o=yes
lt_cv_prog_compiler_c_o_CXX=yes
lt_cv_prog_compiler_rtti_exceptions=no
lt_cv_prog_gnu_ld=no
lt_cv_prog_gnu_ldcxx=no
lt_cv_sys_global_symbol_pipe='sed -n -e '\''s/^.*[ 	]\([BCDEGRST][BCDEGRST]*\)[ 	][ 	]*_\([_A-Za-z][_A-Za-z0-9]*\)$/\1 _\2 \2/p'\'''
lt_cv_sys_global_symbol_to_c_name_address='sed -n -e '\''s/^: \([^ ]*\) $/  {\"\1\", (lt_ptr) 0},/p'\'' -e '\''s/^[BCDEGRST] \([^ ]*\) \([^ ]*\)$/  {"\2", (lt_ptr) \&\2},/p'\'''
lt_cv_sys_global_symbol_to_cdecl='sed -n -e '\''s/^. .* \(.*\)$/extern int \1;/p'\'''
lt_cv_sys_max_cmd_len=196608
lt_lt_cv_prog_compiler_c_o='"yes"'
lt_lt_cv_prog_compiler_c_o_CXX='"yes"'
lt_lt_cv_sys_global_symbol_pipe='"sed -n -e '\''s/^.*[ 	]\\([BCDEGRST][BCDEGRST]*\\)[ 	][ 	]*_\\([_A-Za-z][_A-Za-z0-9]*\\)\$/\\1 _\\2 \\2/p'\''"'
lt_lt_cv_sys_global_symbol_to_c_name_address='"sed -n -e '\''s/^: \\([^ ]*\\) \$/  {\\\"\\1\\\", (lt_ptr) 0},/p'\'' -e '\''s/^[BCDEGRST] \\([^ ]*\\) \\([^ ]*\\)\$/  {\"\\2\", (lt_ptr) \\&\\2},/p'\''"'
lt_lt_cv_sys_global_symbol_to_cdecl='"sed -n -e '\''s/^. .* \\(.*\\)\$/extern int \\1;/p'\''"'
pkg_cv_XSCRNSAVER_CFLAGS=' '
pkg_cv_XSCRNSAVER_LIBS='-L/usr/local/lib -lX11 -lXext  '

## ----------------- ##
## Output variables. ##
## ----------------- ##

ACLOCAL='${SHELL} /home/chris/xorg/libXScrnSaver-1.1.3/missing --run aclocal-1.10'
ADMIN_MAN_DIR='$(mandir)/man$(ADMIN_MAN_SUFFIX)'
ADMIN_MAN_SUFFIX='8'
AMDEPBACKSLASH='\'
AMDEP_FALSE='#'
AMDEP_TRUE=''
AMTAR='${SHELL} /home/chris/xorg/libXScrnSaver-1.1.3/missing --run tar'
APP_MAN_DIR='$(mandir)/man$(APP_MAN_SUFFIX)'
APP_MAN_SUFFIX='1'
AR='ar'
AUTOCONF='${SHELL} /home/chris/xorg/libXScrnSaver-1.1.3/missing --run autoconf'
AUTOHEADER='${SHELL} /home/chris/xorg/libXScrnSaver-1.1.3/missing --run autoheader'
AUTOMAKE='${SHELL} /home/chris/xorg/libXScrnSaver-1.1.3/missing --run automake-1.10'
AWK='gawk'
CC='/usr/bin/gcc'
CCDEPMODE='depmode=gcc3'
CFLAGS='-g -O2'
CPP='/usr/bin/gcc -E'
CPPFLAGS=''
CXX='g++'
CXXCPP='g++ -E'
CXXDEPMODE='depmode=gcc3'
CXXFLAGS='-g -O2'
CYGPATH_W='echo'
DEFS='-DHAVE_CONFIG_H'
DEPDIR='.deps'
DRIVER_MAN_DIR='$(mandir)/man$(DRIVER_MAN_SUFFIX)'
DRIVER_MAN_SUFFIX='4'
ECHO='echo'
ECHO_C=''
ECHO_N='-n'
ECHO_T=''
EGREP='/bin/grep -E'
EXEEXT=''
F77=''
FFLAGS=''
FILE_MAN_DIR='$(mandir)/man$(FILE_MAN_SUFFIX)'
FILE_MAN_SUFFIX='5'
GREP='/bin/grep'
INSTALL_DATA='${INSTALL} -m 644'
INSTALL_PROGRAM='${INSTALL}'
INSTALL_SCRIPT='${INSTALL}'
INSTALL_STRIP_PROGRAM='$(install_sh) -c -s'
LDFLAGS=''
LIBOBJS=''
LIBS=''
LIBTOOL='$(SHELL) $(top_builddir)/libtool'
LIB_MAN_DIR='$(mandir)/man$(LIB_MAN_SUFFIX)'
LIB_MAN_SUFFIX='3'
LINT='no'
LINTLIB=''
LINT_FALSE=''
LINT_FLAGS=''
LINT_TRUE='#'
LN_S='ln -s'
LTLIBOBJS=''
MAINT='#'
MAINTAINER_MODE_FALSE=''
MAINTAINER_MODE_TRUE='#'
MAKEINFO='${SHELL} /home/chris/xorg/libXScrnSaver-1.1.3/missing --run makeinfo'
MAKE_LINT_LIB_FALSE=''
MAKE_LINT_LIB_TRUE='#'
MALLOC_ZERO_CFLAGS=''
MISC_MAN_DIR='$(mandir)/man$(MISC_MAN_SUFFIX)'
MISC_MAN_SUFFIX='7'
OBJEXT='o'
PACKAGE='libXScrnSaver'
PACKAGE_BUGREPORT='https://bugs.freedesktop.org/enter_bug.cgi?product=xorg'
PACKAGE_NAME='libXScrnSaver'
PACKAGE_STRING='libXScrnSaver 1.1.3'
PACKAGE_TARNAME='libXScrnSaver'
PACKAGE_VERSION='1.1.3'
PATH_SEPARATOR=':'
PKG_CONFIG='/usr/bin/pkg-config'
RANLIB='ranlib'
SET_MAKE=''
SHELL='/bin/sh'
STRIP='strip'
VERSION='1.1.3'
XMALLOC_ZERO_CFLAGS=''
XSCRNSAVER_CFLAGS=' '
XSCRNSAVER_LIBS='-L/usr/local/lib -lX11 -lXext  '
XTMALLOC_ZERO_CFLAGS=''
ac_ct_CC='/usr/bin/gcc'
ac_ct_CXX='g++'
ac_ct_F77=''
am__fastdepCC_FALSE='#'
am__fastdepCC_TRUE=''
am__fastdepCXX_FALSE='#'
am__fastdepCXX_TRUE=''
am__include='include'
am__isrc=''
am__leading_dot='.'
am__quote=''
am__tar='${AMTAR} chof - "$$tardir"'
am__untar='${AMTAR} xf -'
bindir='${exec_prefix}/bin'
build='arm-apple-darwin10.4.0'
build_alias=''
build_cpu='arm'
build_os='darwin10.4.0'
build_vendor='apple'
datadir='${datarootdir}'
datarootdir='${prefix}/share'
docdir='${datarootdir}/doc/${PACKAGE_TARNAME}'
dvidir='${docdir}'
exec_prefix='${prefix}'
host='arm-apple-darwin10.4.0'
host_alias=''
host_cpu='arm'
host_os='darwin10.4.0'
host_vendor='apple'
htmldir='${docdir}'
includedir='${prefix}/include'
infodir='${datarootdir}/info'
install_sh='$(SHELL) /home/chris/xorg/libXScrnSaver-1.1.3/install-sh'
libdir='${exec_prefix}/lib'
libexecdir='${exec_prefix}/libexec'
localedir='${datarootdir}/locale'
localstatedir='${prefix}/var'
mandir='${datarootdir}/man'
mkdir_p='/bin/mkdir -p'
oldincludedir='/usr/include'
pdfdir='${docdir}'
prefix='/usr/local'
program_transform_name='s,x,x,'
psdir='${docdir}'
sbindir='${exec_prefix}/sbin'
sharedstatedir='${prefix}/com'
sysconfdir='${prefix}/etc'
target_alias=''

## ----------- ##
## confdefs.h. ##
## ----------- ##

#define PACKAGE_NAME "libXScrnSaver"
#define PACKAGE_TARNAME "libXScrnSaver"
#define PACKAGE_VERSION "1.1.3"
#define PACKAGE_STRING "libXScrnSaver 1.1.3"
#define PACKAGE_BUGREPORT "https://bugs.freedesktop.org/enter_bug.cgi?product=xorg"
#define PACKAGE "libXScrnSaver"
#define VERSION "1.1.3"
#define STDC_HEADERS 1
#define HAVE_SYS_TYPES_H 1
#define HAVE_SYS_STAT_H 1
#define HAVE_STDLIB_H 1
#define HAVE_STRING_H 1
#define HAVE_MEMORY_H 1
#define HAVE_STRINGS_H 1
#define HAVE_INTTYPES_H 1
#define HAVE_STDINT_H 1
#define HAVE_UNISTD_H 1
#define HAVE_DLFCN_H 1
#define PACKAGE_VERSION_MAJOR 1
#define PACKAGE_VERSION_MINOR 1
#define PACKAGE_VERSION_PATCHLEVEL 3

configure: exit 0
