This file contains any messages produced by compilers while
running configure, to aid debugging if configure makes a mistake.

It was created by configure, which was
generated by GNU Autoconf 2.52.  Invocation command line was

  $ ./configure 

## ---------- ##
## Platform.  ##
## ---------- ##

hostname = Chriss-iPad
uname -m = iPad1,1
uname -r = 11.0.0
uname -s = Darwin
uname -v = Darwin Kernel Version 11.0.0: Sun Apr  8 21:51:26 PDT 2012; root:xnu-1878.11.10~1/RELEASE_ARM_S5L8930X

/usr/bin/uname -p = unknown
/bin/uname -X     = unknown

/bin/arch              = unknown
/usr/bin/arch -k       = unknown
/usr/convex/getsysinfo = unknown
hostinfo               = Mach kernel version:
	 Darwin Kernel Version 11.0.0: Sun Apr  8 21:51:26 PDT 2012; root:xnu-1878.11.10~1/RELEASE_ARM_S5L8930X
Kernel configured for a single processor only.
1 processor is physically available.
1 processor is logically available.
Processor type: armv7 (arm v7)
Processor active: 0
Primary memory available: 246.98 megabytes
Default processor set: 48 tasks, 289 threads, 1 processors
Load average: 4.28, Mach factor: 0.19
/bin/machine           = unknown
/usr/bin/oslevel       = unknown
/bin/universe          = unknown

PATH = /usr/local/sbin:/usr/local/bin:/usr/sbin:/usr/bin:/sbin:/bin:/usr/bin/X11:/usr/games:/usr/local/Gambit-C/bin

## ------------ ##
## Core tests.  ##
## ------------ ##

configure:1131: PATH=".;."; conftest.sh
./configure: line 1132: conftest.sh: command not found
configure:1134: $? = 127
configure:1184: checking for a BSD compatible install
configure:1233: result: /usr/bin/install -c
configure:1244: checking whether build environment is sane
configure:1287: result: yes
configure:1302: checking whether make sets ${MAKE}
configure:1322: result: yes
configure:1350: checking for working aclocal
configure:1357: result: found
configure:1365: checking for working autoconf
configure:1372: result: found
configure:1380: checking for working automake
configure:1387: result: found
configure:1395: checking for working autoheader
configure:1402: result: found
configure:1410: checking for working makeinfo
configure:1417: result: found
configure:1425: checking whether to enable maintainer-specific portions of Makefiles
configure:1434: result: no
configure:1486: checking for perl
configure:1503: found /usr/local/bin/perl
configure:1514: result: /usr/local/bin/perl
configure:1583: checking for gcc
configure:1606: result: /usr/bin/gcc
configure:1834: checking for C compiler version
configure:1837: /usr/bin/gcc --version </dev/null >&5
gcc (GCC) 4.2.1 (Based on Apple Inc. build 5555)
Copyright (C) 2007 Free Software Foundation, Inc.
This is free software; see the source for copying conditions.  There is NO
warranty; not even for MERCHANTABILITY or FITNESS FOR A PARTICULAR PURPOSE.

configure:1840: $? = 0
configure:1842: /usr/bin/gcc -v </dev/null >&5
Using built-in specs.
Target: arm-apple-darwin9
Configured with: ../llvm-gcc-4.2/configure --build=x86_64-unknown-linux-gnu --host=arm-apple-darwin9 --enable-static=no --enable-shared=yes --prefix=/usr --localstatedir=/var/cache/iphone-gcc --enable-languages=c,c++,objc,obj-c++ --enable-wchar_t=no --with-gxx-include-dir=/usr/include/c++/4.0.0
Thread model: posix
gcc version 4.2.1 (Based on Apple Inc. build 5555)
configure:1845: $? = 0
configure:1847: /usr/bin/gcc -V </dev/null >&5
gcc: '-V' option must have argument
configure:1850: $? = 1
configure:1870: checking for C compiler default output
configure:1873: /usr/bin/gcc    conftest.c  >&5
configure:1876: $? = 0
configure:1905: result: a.out
configure:1910: checking whether the C compiler works
configure:1916: ./a.out
./configure: line 1917: 25760 Killed: 9               ./$ac_file
configure:1919: $? = 137
configure:1934: result: yes
configure:1941: checking whether we are cross compiling
configure:1943: result: no
configure:1946: checking for executable suffix
configure:1948: /usr/bin/gcc -o conftest    conftest.c  >&5
configure:1951: $? = 0
configure:1973: result: 
configure:1979: checking for object suffix
configure:1997: /usr/bin/gcc -c   conftest.c >&5
configure:2000: $? = 0
configure:2019: result: o
configure:2023: checking whether we are using the GNU C compiler
configure:2044: /usr/bin/gcc -c   conftest.c >&5
configure:2047: $? = 0
configure:2050: test -s conftest.o
configure:2053: $? = 0
configure:2065: result: yes
configure:2071: checking whether /usr/bin/gcc accepts -g
configure:2089: /usr/bin/gcc -c -g  conftest.c >&5
configure:2092: $? = 0
configure:2095: test -s conftest.o
configure:2098: $? = 0
configure:2108: result: yes
configure:2135: /usr/bin/gcc -c -g -O2  conftest.c >&5
conftest.c:2: error: expected '=', ',', ';', 'asm' or '__attribute__' before 'me'
configure:2138: $? = 1
configure: failed program was:
#ifndef __cplusplus
  choke me
#endif
configure:2236: checking for strerror in -lcposix
configure:2263: /usr/bin/gcc -o conftest -g -O2   conftest.c -lcposix   >&5
ld: library not found for -lcposix
collect2: ld returned 1 exit status
configure:2266: $? = 1
configure: failed program was:
#line 2244 "configure"
#include "confdefs.h"

/* Override any gcc2 internal prototype to avoid an error.  */
#ifdef __cplusplus
extern "C"
#endif
/* We use char because int might match the return type of a gcc2
   builtin and then its argument prototype would still apply.  */
char strerror ();
int
main ()
{
strerror ();
  ;
  return 0;
}
configure:2283: result: no
configure:2332: checking for gcc
configure:2355: result: /usr/bin/gcc
configure:2583: checking for C compiler version
configure:2586: /usr/bin/gcc --version </dev/null >&5
gcc (GCC) 4.2.1 (Based on Apple Inc. build 5555)
Copyright (C) 2007 Free Software Foundation, Inc.
This is free software; see the source for copying conditions.  There is NO
warranty; not even for MERCHANTABILITY or FITNESS FOR A PARTICULAR PURPOSE.

configure:2589: $? = 0
configure:2591: /usr/bin/gcc -v </dev/null >&5
Using built-in specs.
Target: arm-apple-darwin9
Configured with: ../llvm-gcc-4.2/configure --build=x86_64-unknown-linux-gnu --host=arm-apple-darwin9 --enable-static=no --enable-shared=yes --prefix=/usr --localstatedir=/var/cache/iphone-gcc --enable-languages=c,c++,objc,obj-c++ --enable-wchar_t=no --with-gxx-include-dir=/usr/include/c++/4.0.0
Thread model: posix
gcc version 4.2.1 (Based on Apple Inc. build 5555)
configure:2594: $? = 0
configure:2596: /usr/bin/gcc -V </dev/null >&5
gcc: '-V' option must have argument
configure:2599: $? = 1
configure:2602: checking whether we are using the GNU C compiler
configure:2644: result: yes
configure:2650: checking whether /usr/bin/gcc accepts -g
configure:2687: result: yes
configure:2714: /usr/bin/gcc -c -g -O2  conftest.c >&5
conftest.c:2: error: expected '=', ',', ';', 'asm' or '__attribute__' before 'me'
configure:2717: $? = 1
configure: failed program was:
#ifndef __cplusplus
  choke me
#endif
configure:2820: checking how to run the C preprocessor
configure:2846: /usr/bin/gcc -E  conftest.c
configure:2852: $? = 0
configure:2879: /usr/bin/gcc -E  conftest.c
configure:2876:28: error: ac_nonexistent.h: No such file or directory
configure:2885: $? = 1
configure: failed program was:
#line 2875 "configure"
#include "confdefs.h"
#include <ac_nonexistent.h>
configure:2922: result: /usr/bin/gcc -E
configure:2937: /usr/bin/gcc -E  conftest.c
configure:2943: $? = 0
configure:2970: /usr/bin/gcc -E  conftest.c
configure:2967:28: error: ac_nonexistent.h: No such file or directory
configure:2976: $? = 1
configure: failed program was:
#line 2966 "configure"
#include "confdefs.h"
#include <ac_nonexistent.h>
configure:3015: checking for ANSI C header files
configure:3029: /usr/bin/gcc -E  conftest.c
configure:3035: $? = 0
configure:3122: /usr/bin/gcc -o conftest -g -O2   conftest.c  >&5
configure: In function 'main':
configure:3114: warning: incompatible implicit declaration of built-in function 'exit'
configure:3125: $? = 0
configure:3127: ./conftest
./configure: line 3125: 25943 Killed: 9               ./conftest$ac_exeext
configure:3130: $? = 137
configure: program exited with status 137
configure: failed program was:
#line 3096 "configure"
#include "confdefs.h"
#include <ctype.h>
#if ((' ' & 0x0FF) == 0x020)
# define ISLOWER(c) ('a' <= (c) && (c) <= 'z')
# define TOUPPER(c) (ISLOWER(c) ? 'A' + ((c) - 'a') : (c))
#else
# define ISLOWER(c) (('a' <= (c) && (c) <= 'i')                      || ('j' <= (c) && (c) <= 'r')                      || ('s' <= (c) && (c) <= 'z'))
# define TOUPPER(c) (ISLOWER(c) ? ((c) | 0x40) : (c))
#endif

#define XOR(e, f) (((e) && !(f)) || (!(e) && (f)))
int
main ()
{
  int i;
  for (i = 0; i < 256; i++)
    if (XOR (islower (i), ISLOWER (i))
        || toupper (i) != TOUPPER (i))
      exit(2);
  exit (0);
}
configure:3143: result: no
configure:3225: checking build system type
configure:3243: result: arm-apple-darwin11.0.0
configure:3250: checking host system type
configure:3264: result: arm-apple-darwin11.0.0
configure:3292: checking for ld used by GCC
configure:3355: result: /usr/bin/ld
configure:3364: checking if the linker (/usr/bin/ld) is GNU ld
configure:3376: result: no
configure:3380: checking for /usr/bin/ld option to reload object files
configure:3387: result: -r
configure:3392: checking for BSD-compatible nm
configure:3428: result: /usr/bin/nm -p
configure:3431: checking whether ln -s works
configure:3435: result: yes
configure:3442: checking how to recognise dependant libraries
configure:3620: result: file_magic Mach-O dynamically linked shared library
configure:3626: checking command to parse /usr/bin/nm -p output
configure:3707: /usr/bin/gcc -c -g -O2  conftest.c >&5
configure:3710: $? = 0
configure:3714: /usr/bin/nm -p conftest.o \| sed -n -e 's/^.*[ 	]\([BCDEGRST][BCDEGRST]*\)[ 	][ 	]*\(\)\([_A-Za-z][_A-Za-z0-9]*\)$/\1 \2\3 \3/p' \> conftest.nm
configure:3717: $? = 0
cannot find nm_test_var in conftest.nm
configure:3707: /usr/bin/gcc -c -g -O2  conftest.c >&5
configure:3710: $? = 0
configure:3714: /usr/bin/nm -p conftest.o \| sed -n -e 's/^.*[ 	]\([BCDEGRST][BCDEGRST]*\)[ 	][ 	]*\(_\)\([_A-Za-z][_A-Za-z0-9]*\)$/\1 \2\3 \3/p' \> conftest.nm
configure:3717: $? = 0
configure:3769: /usr/bin/gcc -o conftest -g -O2   conftest.c conftstm.o >&5
configure:3772: $? = 0
configure:3816: result: ok
configure:3823: checking for dlfcn.h
configure:3833: /usr/bin/gcc -E  conftest.c
configure:3839: $? = 0
configure:3858: result: yes
configure:4045: checking for ranlib
configure:4060: found /usr/bin/ranlib
configure:4069: result: ranlib
configure:4119: checking for strip
configure:4134: found /usr/bin/strip
configure:4143: result: strip
configure:4345: checking for objdir
configure:4356: result: .libs
configure:4371: checking for /usr/bin/gcc option to produce PIC
configure:4521: result: -fno-common
configure:4525: checking if /usr/bin/gcc PIC flag -fno-common works
configure:4545: /usr/bin/gcc -c -g -O2 -fno-common -DPIC  conftest.c >&5
configure:4548: $? = 0
configure:4551: test -s conftest.o
configure:4554: $? = 0
configure:4590: result: yes
configure:4606: checking if /usr/bin/gcc static flag -static works
configure:4627: /usr/bin/gcc -o conftest -g -O2   -static conftest.c  >&5
collect2: ld terminated with signal 5 [Trace/BPT trap: 5]
dyld: lazy symbol binding failed: Symbol not found: _map_fd
  Referenced from: /usr/bin/ld_classic
  Expected in: /usr/lib/libSystem.B.dylib

dyld: Symbol not found: _map_fd
  Referenced from: /usr/bin/ld_classic
  Expected in: /usr/lib/libSystem.B.dylib

configure:4630: $? = 1
configure: failed program was:
#line 4615 "configure"
#include "confdefs.h"

int
main ()
{

  ;
  return 0;
}
configure:4650: result: no
configure:4661: checking if /usr/bin/gcc supports -c -o file.o
configure:4681: /usr/bin/gcc -c -g -O2 -o out/conftest2.o  conftest.c >&5
configure:4705: result: yes
configure:4710: checking if /usr/bin/gcc supports -c -o file.lo
configure:4734: /usr/bin/gcc -c -g -O2 -c -o conftest.lo  conftest.c >&5
configure:4737: $? = 0
configure:4740: test -s conftest.lo
configure:4743: $? = 0
configure:4764: result: yes
configure:4795: checking if /usr/bin/gcc supports -fno-rtti -fno-exceptions
configure:4814: /usr/bin/gcc -c -g -O2 -fno-rtti -fno-exceptions -c conftest.c  conftest.c >&5
cc1: warning: command line option "-fno-rtti" is valid for C++/ObjC++ but not for C
cc1: warning: command line option "-fno-rtti" is valid for C++/ObjC++ but not for C
configure:4817: $? = 0
configure:4820: test -s conftest.o
configure:4823: $? = 0
configure:4839: result: yes
configure:4850: checking whether the linker (/usr/bin/ld) supports shared libraries
configure:5530: result: yes
configure:5535: checking how to hardcode library paths into programs
configure:5559: result: unsupported
configure:5564: checking whether stripping libraries is possible
configure:5572: result: no
configure:5580: checking dynamic linker characteristics
configure:5973: result: darwin11.0.0 dyld
configure:5978: checking if libtool supports shared libraries
configure:5980: result: yes
configure:5983: checking whether to build shared libraries
configure:6004: result: yes
configure:6007: checking whether to build static libraries
configure:6011: result: yes
configure:7239: checking for bison
configure:7254: found /usr/bin/bison
configure:7262: result: bison -y
configure:7277: checking for xrdb
configure:7294: found /usr/local/bin/xrdb
configure:7305: result: /usr/local/bin/xrdb
configure:7360: checking for ranlib
configure:7384: result: ranlib
configure:7396: checking for /usr/bin/gcc option to accept ANSI C
configure:7453: /usr/bin/gcc  -c -g -O2  conftest.c >&5
configure:7456: $? = 0
configure:7459: test -s conftest.o
configure:7462: $? = 0
configure:7479: result: none needed
configure:7487: checking for an ANSI C-conforming const
configure:7551: /usr/bin/gcc -c -g -O2  conftest.c >&5
configure:7554: $? = 0
configure:7557: test -s conftest.o
configure:7560: $? = 0
configure:7570: result: yes
configure:7580: checking for inline
configure:7597: /usr/bin/gcc -c -g -O2  conftest.c >&5
configure:7600: $? = 0
configure:7603: test -s conftest.o
configure:7606: $? = 0
configure:7617: result: inline
configure:7638: checking for sys/types.h
configure:7650: /usr/bin/gcc -c -g -O2  conftest.c >&5
configure:7653: $? = 0
configure:7656: test -s conftest.o
configure:7659: $? = 0
configure:7669: result: yes
configure:7638: checking for sys/stat.h
configure:7650: /usr/bin/gcc -c -g -O2  conftest.c >&5
configure:7653: $? = 0
configure:7656: test -s conftest.o
configure:7659: $? = 0
configure:7669: result: yes
configure:7638: checking for stdlib.h
configure:7650: /usr/bin/gcc -c -g -O2  conftest.c >&5
configure:7653: $? = 0
configure:7656: test -s conftest.o
configure:7659: $? = 0
configure:7669: result: yes
configure:7638: checking for string.h
configure:7650: /usr/bin/gcc -c -g -O2  conftest.c >&5
configure:7653: $? = 0
configure:7656: test -s conftest.o
configure:7659: $? = 0
configure:7669: result: yes
configure:7638: checking for memory.h
configure:7650: /usr/bin/gcc -c -g -O2  conftest.c >&5
configure:7653: $? = 0
configure:7656: test -s conftest.o
configure:7659: $? = 0
configure:7669: result: yes
configure:7638: checking for strings.h
configure:7650: /usr/bin/gcc -c -g -O2  conftest.c >&5
configure:7653: $? = 0
configure:7656: test -s conftest.o
configure:7659: $? = 0
configure:7669: result: yes
configure:7638: checking for inttypes.h
configure:7650: /usr/bin/gcc -c -g -O2  conftest.c >&5
configure:7653: $? = 0
configure:7656: test -s conftest.o
configure:7659: $? = 0
configure:7669: result: yes
configure:7638: checking for stdint.h
configure:7650: /usr/bin/gcc -c -g -O2  conftest.c >&5
configure:7653: $? = 0
configure:7656: test -s conftest.o
configure:7659: $? = 0
configure:7669: result: yes
configure:7638: checking for unistd.h
configure:7650: /usr/bin/gcc -c -g -O2  conftest.c >&5
configure:7653: $? = 0
configure:7656: test -s conftest.o
configure:7659: $? = 0
configure:7669: result: yes
configure:7679: checking for off_t
configure:7700: /usr/bin/gcc -c -g -O2  conftest.c >&5
configure:7703: $? = 0
configure:7706: test -s conftest.o
configure:7709: $? = 0
configure:7719: result: yes
configure:7731: checking for size_t
configure:7752: /usr/bin/gcc -c -g -O2  conftest.c >&5
configure:7755: $? = 0
configure:7758: test -s conftest.o
configure:7761: $? = 0
configure:7771: result: yes
configure:7785: checking for working alloca.h
configure:7803: /usr/bin/gcc -o conftest -g -O2   conftest.c  >&5
configure:7806: $? = 0
configure:7809: test -s conftest
configure:7812: $? = 0
configure:7822: result: yes
configure:7832: checking for alloca
configure:7870: /usr/bin/gcc -o conftest -g -O2   conftest.c  >&5
configure:7873: $? = 0
configure:7876: test -s conftest
configure:7879: $? = 0
configure:7889: result: yes
configure:8073: checking for stdlib.h
configure:8108: result: yes
configure:8073: checking for unistd.h
configure:8108: result: yes
configure:8121: checking for getpagesize
configure:8158: /usr/bin/gcc -o conftest -g -O2   conftest.c  >&5
configure:8161: $? = 0
configure:8164: test -s conftest
configure:8167: $? = 0
configure:8177: result: yes
configure:8187: checking for working mmap
configure:8323: /usr/bin/gcc -o conftest -g -O2   conftest.c  >&5
configure:8326: $? = 0
configure:8328: ./conftest
./configure: line 8326: 26718 Killed: 9               ./conftest$ac_exeext
configure:8331: $? = 137
configure: program exited with status 137
configure: failed program was:
#line 8196 "configure"
#include "confdefs.h"
#include <stdio.h>
#if HAVE_SYS_TYPES_H
# include <sys/types.h>
#endif
#if HAVE_SYS_STAT_H
# include <sys/stat.h>
#endif
#if STDC_HEADERS
# include <stdlib.h>
# include <stddef.h>
#else
# if HAVE_STDLIB_H
#  include <stdlib.h>
# endif
#endif
#if HAVE_STRING_H
# if !STDC_HEADERS && HAVE_MEMORY_H
#  include <memory.h>
# endif
# include <string.h>
#endif
#if HAVE_STRINGS_H
# include <strings.h>
#endif
#if HAVE_INTTYPES_H
# include <inttypes.h>
#else
# if HAVE_STDINT_H
#  include <stdint.h>
# endif
#endif
#if HAVE_UNISTD_H
# include <unistd.h>
#endif
/* Thanks to Mike Haertel and Jim Avera for this test.
   Here is a matrix of mmap possibilities:
	mmap private not fixed
	mmap private fixed at somewhere currently unmapped
	mmap private fixed at somewhere already mapped
	mmap shared not fixed
	mmap shared fixed at somewhere currently unmapped
	mmap shared fixed at somewhere already mapped
   For private mappings, we should verify that changes cannot be read()
   back from the file, nor mmap's back from the file at a different
   address.  (There have been systems where private was not correctly
   implemented like the infamous i386 svr4.0, and systems where the
   VM page cache was not coherent with the file system buffer cache
   like early versions of FreeBSD and possibly contemporary NetBSD.)
   For shared mappings, we should conversely verify that changes get
   propogated back to all the places they're supposed to be.

   Grep wants private fixed already mapped.
   The main things grep needs to know about mmap are:
   * does it exist and is it safe to write into the mmap'd area
   * how to use it (BSD variants)  */

#include <fcntl.h>
#include <sys/mman.h>

#if !STDC_HEADERS && !HAVE_STDLIB_H
char *malloc ();
#endif

/* This mess was copied from the GNU getpagesize.h.  */
#if !HAVE_GETPAGESIZE
/* Assume that all systems that can run configure have sys/param.h.  */
# if !HAVE_SYS_PARAM_H
#  define HAVE_SYS_PARAM_H 1
# endif

# ifdef _SC_PAGESIZE
#  define getpagesize() sysconf(_SC_PAGESIZE)
# else /* no _SC_PAGESIZE */
#  if HAVE_SYS_PARAM_H
#   include <sys/param.h>
#   ifdef EXEC_PAGESIZE
#    define getpagesize() EXEC_PAGESIZE
#   else /* no EXEC_PAGESIZE */
#    ifdef NBPG
#     define getpagesize() NBPG * CLSIZE
#     ifndef CLSIZE
#      define CLSIZE 1
#     endif /* no CLSIZE */
#    else /* no NBPG */
#     ifdef NBPC
#      define getpagesize() NBPC
#     else /* no NBPC */
#      ifdef PAGESIZE
#       define getpagesize() PAGESIZE
#      endif /* PAGESIZE */
#     endif /* no NBPC */
#    endif /* no NBPG */
#   endif /* no EXEC_PAGESIZE */
#  else /* no HAVE_SYS_PARAM_H */
#   define getpagesize() 8192	/* punt totally */
#  endif /* no HAVE_SYS_PARAM_H */
# endif /* no _SC_PAGESIZE */

#endif /* no HAVE_GETPAGESIZE */

int
main ()
{
  char *data, *data2, *data3;
  int i, pagesize;
  int fd;

  pagesize = getpagesize ();

  /* First, make a file with some known garbage in it. */
  data = (char *) malloc (pagesize);
  if (!data)
    exit (1);
  for (i = 0; i < pagesize; ++i)
    *(data + i) = rand ();
  umask (0);
  fd = creat ("conftest.mmap", 0600);
  if (fd < 0)
    exit (1);
  if (write (fd, data, pagesize) != pagesize)
    exit (1);
  close (fd);

  /* Next, try to mmap the file at a fixed address which already has
     something else allocated at it.  If we can, also make sure that
     we see the same garbage.  */
  fd = open ("conftest.mmap", O_RDWR);
  if (fd < 0)
    exit (1);
  data2 = (char *) malloc (2 * pagesize);
  if (!data2)
    exit (1);
  data2 += (pagesize - ((int) data2 & (pagesize - 1))) & (pagesize - 1);
  if (data2 != mmap (data2, pagesize, PROT_READ | PROT_WRITE,
                     MAP_PRIVATE | MAP_FIXED, fd, 0L))
    exit (1);
  for (i = 0; i < pagesize; ++i)
    if (*(data + i) != *(data2 + i))
      exit (1);

  /* Finally, make sure that changes to the mapped area do not
     percolate back to the file as seen by read().  (This is a bug on
     some variants of i386 svr4.0.)  */
  for (i = 0; i < pagesize; ++i)
    *(data2 + i) = *(data2 + i) + 1;
  data3 = (char *) malloc (pagesize);
  if (!data3)
    exit (1);
  if (read (fd, data3, pagesize) != pagesize)
    exit (1);
  for (i = 0; i < pagesize; ++i)
    if (*(data + i) != *(data3 + i))
      exit (1);
  close (fd);
  exit (0);
}
configure:8343: result: no
configure:8358: checking for argz.h
configure:8368: /usr/bin/gcc -E  conftest.c
configure:8365:18: error: argz.h: No such file or directory
configure:8374: $? = 1
configure: failed program was:
#line 8364 "configure"
#include "confdefs.h"
#include <argz.h>
configure:8393: result: no
configure:8358: checking for limits.h
configure:8368: /usr/bin/gcc -E  conftest.c
configure:8374: $? = 0
configure:8393: result: yes
configure:8358: checking for locale.h
configure:8368: /usr/bin/gcc -E  conftest.c
configure:8374: $? = 0
configure:8393: result: yes
configure:8358: checking for nl_types.h
configure:8368: /usr/bin/gcc -E  conftest.c
configure:8374: $? = 0
configure:8393: result: yes
configure:8358: checking for malloc.h
configure:8368: /usr/bin/gcc -E  conftest.c
configure:8365:20: error: malloc.h: No such file or directory
configure:8374: $? = 1
configure: failed program was:
#line 8364 "configure"
#include "confdefs.h"
#include <malloc.h>
configure:8393: result: no
configure:8358: checking for string.h
configure:8393: result: yes
configure:8358: checking for unistd.h
configure:8393: result: yes
configure:8358: checking for sys/param.h
configure:8368: /usr/bin/gcc -E  conftest.c
configure:8374: $? = 0
configure:8393: result: yes
configure:8407: checking for getcwd
configure:8444: /usr/bin/gcc -o conftest -g -O2   conftest.c  >&5
configure:8447: $? = 0
configure:8450: test -s conftest
configure:8453: $? = 0
configure:8463: result: yes
configure:8407: checking for munmap
configure:8444: /usr/bin/gcc -o conftest -g -O2   conftest.c  >&5
configure:8447: $? = 0
configure:8450: test -s conftest
configure:8453: $? = 0
configure:8463: result: yes
configure:8407: checking for putenv
configure:8444: /usr/bin/gcc -o conftest -g -O2   conftest.c  >&5
configure:8447: $? = 0
configure:8450: test -s conftest
configure:8453: $? = 0
configure:8463: result: yes
configure:8407: checking for setenv
configure:8444: /usr/bin/gcc -o conftest -g -O2   conftest.c  >&5
configure:8447: $? = 0
configure:8450: test -s conftest
configure:8453: $? = 0
configure:8463: result: yes
configure:8407: checking for setlocale
configure:8444: /usr/bin/gcc -o conftest -g -O2   conftest.c  >&5
configure:8447: $? = 0
configure:8450: test -s conftest
configure:8453: $? = 0
configure:8463: result: yes
configure:8407: checking for strchr
configure:8444: /usr/bin/gcc -o conftest -g -O2   conftest.c  >&5
configure:8423: warning: conflicting types for built-in function 'strchr'
configure:8447: $? = 0
configure:8450: test -s conftest
configure:8453: $? = 0
configure:8463: result: yes
configure:8407: checking for strcasecmp
configure:8444: /usr/bin/gcc -o conftest -g -O2   conftest.c  >&5
configure:8423: warning: conflicting types for built-in function 'strcasecmp'
configure:8447: $? = 0
configure:8450: test -s conftest
configure:8453: $? = 0
configure:8463: result: yes
configure:8407: checking for strdup
configure:8444: /usr/bin/gcc -o conftest -g -O2   conftest.c  >&5
configure:8423: warning: conflicting types for built-in function 'strdup'
configure:8447: $? = 0
configure:8450: test -s conftest
configure:8453: $? = 0
configure:8463: result: yes
configure:8407: checking for __argz_count
configure:8444: /usr/bin/gcc -o conftest -g -O2   conftest.c  >&5
Undefined symbols:
  "___argz_count", referenced from:
      ___argz_count$non_lazy_ptr in ccKsgljB.o
ld: symbol(s) not found
collect2: ld returned 1 exit status
configure:8447: $? = 1
configure: failed program was:
#line 8413 "configure"
#include "confdefs.h"
/* System header to define __stub macros and hopefully few prototypes,
    which can conflict with char __argz_count (); below.  */
#include <assert.h>
/* Override any gcc2 internal prototype to avoid an error.  */
#ifdef __cplusplus
extern "C"
#endif
/* We use char because int might match the return type of a gcc2
   builtin and then its argument prototype would still apply.  */
char __argz_count ();
char (*f) ();

int
main ()
{
/* The GNU C library defines this for functions which it implements
    to always fail with ENOSYS.  Some functions are actually named
    something starting with __ and the normal name is an alias.  */
#if defined (__stub___argz_count) || defined (__stub_____argz_count)
choke me
#else
f = __argz_count;
#endif

  ;
  return 0;
}
configure:8463: result: no
configure:8407: checking for __argz_stringify
configure:8444: /usr/bin/gcc -o conftest -g -O2   conftest.c  >&5
Undefined symbols:
  "___argz_stringify", referenced from:
      ___argz_stringify$non_lazy_ptr in ccvJqMn1.o
ld: symbol(s) not found
collect2: ld returned 1 exit status
configure:8447: $? = 1
configure: failed program was:
#line 8413 "configure"
#include "confdefs.h"
/* System header to define __stub macros and hopefully few prototypes,
    which can conflict with char __argz_stringify (); below.  */
#include <assert.h>
/* Override any gcc2 internal prototype to avoid an error.  */
#ifdef __cplusplus
extern "C"
#endif
/* We use char because int might match the return type of a gcc2
   builtin and then its argument prototype would still apply.  */
char __argz_stringify ();
char (*f) ();

int
main ()
{
/* The GNU C library defines this for functions which it implements
    to always fail with ENOSYS.  Some functions are actually named
    something starting with __ and the normal name is an alias.  */
#if defined (__stub___argz_stringify) || defined (__stub_____argz_stringify)
choke me
#else
f = __argz_stringify;
#endif

  ;
  return 0;
}
configure:8463: result: no
configure:8407: checking for __argz_next
configure:8444: /usr/bin/gcc -o conftest -g -O2   conftest.c  >&5
Undefined symbols:
  "___argz_next", referenced from:
      ___argz_next$non_lazy_ptr in cchLKTle.o
ld: symbol(s) not found
collect2: ld returned 1 exit status
configure:8447: $? = 1
configure: failed program was:
#line 8413 "configure"
#include "confdefs.h"
/* System header to define __stub macros and hopefully few prototypes,
    which can conflict with char __argz_next (); below.  */
#include <assert.h>
/* Override any gcc2 internal prototype to avoid an error.  */
#ifdef __cplusplus
extern "C"
#endif
/* We use char because int might match the return type of a gcc2
   builtin and then its argument prototype would still apply.  */
char __argz_next ();
char (*f) ();

int
main ()
{
/* The GNU C library defines this for functions which it implements
    to always fail with ENOSYS.  Some functions are actually named
    something starting with __ and the normal name is an alias.  */
#if defined (__stub___argz_next) || defined (__stub_____argz_next)
choke me
#else
f = __argz_next;
#endif

  ;
  return 0;
}
configure:8463: result: no
configure:8474: checking for LC_MESSAGES
configure:8492: /usr/bin/gcc -o conftest -g -O2   conftest.c  >&5
configure:8495: $? = 0
configure:8498: test -s conftest
configure:8501: $? = 0
configure:8511: result: yes
configure:8532: checking for libintl.h
configure:8542: /usr/bin/gcc -E  conftest.c
configure:8548: $? = 0
configure:8567: result: yes
configure:8570: checking for dgettext in libc
configure:8588: /usr/bin/gcc -o conftest -g -O2   conftest.c  >&5
Undefined symbols:
  "_libintl_dgettext", referenced from:
      _main in cc949vTu.o
ld: symbol(s) not found
collect2: ld returned 1 exit status
configure:8591: $? = 1
configure: failed program was:
#line 8576 "configure"
#include "confdefs.h"
#include <libintl.h>
int
main ()
{
return (int) dgettext ("","")
  ;
  return 0;
}
configure:8607: result: no
configure:8614: checking for bindtextdomain in -lintl
configure:8641: /usr/bin/gcc -o conftest -g -O2   conftest.c -lintl   >&5
configure:8644: $? = 0
configure:8647: test -s conftest
configure:8650: $? = 0
configure:8661: result: yes
configure:8664: checking for dgettext in -lintl
configure:8691: /usr/bin/gcc -o conftest -g -O2   conftest.c -lintl   >&5
configure:8680: warning: conflicting types for built-in function 'dgettext'
configure:8694: $? = 0
configure:8697: test -s conftest
configure:8700: $? = 0
configure:8711: result: yes
configure:8720: checking if -liconv is needed to use gettext
configure:8722: result: 
configure:8724: checking for dcgettext in -lintl
configure:8751: /usr/bin/gcc -o conftest -g -O2   conftest.c -lintl -liconv  >&5
configure:8740: warning: conflicting types for built-in function 'dcgettext'
configure:8754: $? = 0
configure:8757: test -s conftest
configure:8760: $? = 0
configure:8771: result: yes
configure:8796: checking for msgfmt
configure:8823: result: /usr/local/bin/msgfmt
configure:8834: checking for dcgettext
configure:8871: /usr/bin/gcc -o conftest -g -O2   conftest.c  -lintl -liconv >&5
configure:8850: warning: conflicting types for built-in function 'dcgettext'
configure:8874: $? = 0
configure:8877: test -s conftest
configure:8880: $? = 0
configure:8890: result: yes
configure:8902: checking for gmsgfmt
configure:8931: result: /usr/local/bin/msgfmt
configure:8940: checking for xgettext
configure:8967: result: /usr/local/bin/xgettext
configure:8988: /usr/bin/gcc -o conftest -g -O2   conftest.c  -lintl -liconv >&5
configure:8991: $? = 0
configure:8994: test -s conftest
configure:8997: $? = 0
configure:9060: checking for catalogs to be installed
configure:9069: result:  az bg ca es fi fr gl hu it ja ko ms nn no pl pt ru sk sl sv ta tr uk vi zh_CN zh_TW
configure:9186: checking whether gcc understands -Wsign-promo
configure:9201: /usr/bin/gcc -c -Wall -Wunused -Wchar-subscripts -Wmissing-declarations -Wmissing-prototypes -Wnested-externs -Wpointer-arith -g -O2 -Wsign-promo  conftest.c >&5
cc1: warning: command line option "-Wsign-promo" is valid for C++/ObjC++ but not for C
configure:9204: $? = 0
configure:9207: test -s conftest.o
configure:9210: $? = 0
configure:9220: result: yes
configure:9186: checking whether gcc understands -Wno-sign-compare
configure:9201: /usr/bin/gcc -c -Wall -Wunused -Wchar-subscripts -Wmissing-declarations -Wmissing-prototypes -Wnested-externs -Wpointer-arith -g -O2 -Wno-sign-compare  conftest.c >&5
configure:9204: $? = 0
configure:9207: test -s conftest.o
configure:9210: $? = 0
configure:9220: result: yes
configure:9240: checking what warning flags to pass to the C compiler
configure:9242: result: -Wall -Wunused -Wchar-subscripts -Wmissing-declarations -Wmissing-prototypes -Wnested-externs -Wpointer-arith -Wsign-promo -Wno-sign-compare
configure:9253: checking what language compliance flags to pass to the C compiler
configure:9268: result: 
configure:9273: checking for dladdr
configure:9296: /usr/bin/gcc -c -g -O2  conftest.c >&5
configure:9299: $? = 0
configure:9302: test -s conftest.o
configure:9305: $? = 0
configure:9315: result: found
configure:9337: checking for pkg-config
configure:9354: found /usr/local/bin/pkg-config
configure:9366: result: /usr/local/bin/pkg-config
configure:9383: checking for 	ORBit-2.0 >= 2.4.0 	ORBit-CosNaming-2.0 >= 2.4.0 	glib-2.0 >= 2.0.1 	gobject-2.0 >= 2.0.1 	gthread-2.0 >= 2.0.1 	bonobo-activation-2.0 >= 1.0.0
configure:9456: error: Library requirements (	ORBit-2.0 >= 2.4.0 	ORBit-CosNaming-2.0 >= 2.4.0 	glib-2.0 >= 2.0.1 	gobject-2.0 >= 2.0.1 	gthread-2.0 >= 2.0.1 	bonobo-activation-2.0 >= 1.0.0) not met; consider adjusting the PKG_CONFIG_PATH environment variable if your libraries are in a nonstandard prefix so pkg-config can find them.

## ----------------- ##
## Cache variables.  ##
## ----------------- ##

ac_cv_build=arm-apple-darwin11.0.0
ac_cv_build_alias=arm-apple-darwin11.0.0
ac_cv_c_compiler_gnu=yes
ac_cv_c_const=yes
ac_cv_c_inline=inline
ac_cv_env_CC_set=set
ac_cv_env_CC_value=/usr/bin/gcc
ac_cv_env_CFLAGS_set=
ac_cv_env_CFLAGS_value=
ac_cv_env_CPPFLAGS_set=
ac_cv_env_CPPFLAGS_value=
ac_cv_env_CPP_set=
ac_cv_env_CPP_value=
ac_cv_env_LDFLAGS_set=
ac_cv_env_LDFLAGS_value=
ac_cv_env_build_alias_set=
ac_cv_env_build_alias_value=
ac_cv_env_host_alias_set=
ac_cv_env_host_alias_value=
ac_cv_env_target_alias_set=
ac_cv_env_target_alias_value=
ac_cv_func___argz_count=no
ac_cv_func___argz_next=no
ac_cv_func___argz_stringify=no
ac_cv_func_alloca_works=yes
ac_cv_func_dcgettext=yes
ac_cv_func_getcwd=yes
ac_cv_func_getpagesize=yes
ac_cv_func_mmap_fixed_mapped=no
ac_cv_func_munmap=yes
ac_cv_func_putenv=yes
ac_cv_func_setenv=yes
ac_cv_func_setlocale=yes
ac_cv_func_strcasecmp=yes
ac_cv_func_strchr=yes
ac_cv_func_strdup=yes
ac_cv_header_argz_h=no
ac_cv_header_dlfcn_h=yes
ac_cv_header_inttypes_h=yes
ac_cv_header_libintl_h=yes
ac_cv_header_limits_h=yes
ac_cv_header_locale_h=yes
ac_cv_header_malloc_h=no
ac_cv_header_memory_h=yes
ac_cv_header_nl_types_h=yes
ac_cv_header_stdc=no
ac_cv_header_stdint_h=yes
ac_cv_header_stdlib_h=yes
ac_cv_header_string_h=yes
ac_cv_header_strings_h=yes
ac_cv_header_sys_param_h=yes
ac_cv_header_sys_stat_h=yes
ac_cv_header_sys_types_h=yes
ac_cv_header_unistd_h=yes
ac_cv_host=arm-apple-darwin11.0.0
ac_cv_host_alias=arm-apple-darwin11.0.0
ac_cv_lib_cposix_strerror=no
ac_cv_lib_intl_bindtextdomain=yes
ac_cv_lib_intl_dcgettext=yes
ac_cv_lib_intl_dgettext=yes
ac_cv_objext=o
ac_cv_path_GMSGFMT=/usr/local/bin/msgfmt
ac_cv_path_INTLTOOL_PERL=/usr/local/bin/perl
ac_cv_path_MSGFMT=/usr/local/bin/msgfmt
ac_cv_path_PATH_TO_XRDB=/usr/local/bin/xrdb
ac_cv_path_PKG_CONFIG=/usr/local/bin/pkg-config
ac_cv_path_XGETTEXT=/usr/local/bin/xgettext
ac_cv_path_install='/usr/bin/install -c'
ac_cv_prog_CPP='/usr/bin/gcc -E'
ac_cv_prog_YACC='bison -y'
ac_cv_prog_ac_ct_CC=/usr/bin/gcc
ac_cv_prog_ac_ct_RANLIB=ranlib
ac_cv_prog_ac_ct_STRIP=strip
ac_cv_prog_cc_g=yes
ac_cv_prog_cc_stdc=
ac_cv_prog_make_make_set=yes
ac_cv_type_off_t=yes
ac_cv_type_size_t=yes
ac_cv_working_alloca_h=yes
am_cv_val_LC_MESSAGES=yes
gt_cv_func_dgettext_libc=no
gt_cv_func_dgettext_libintl=yes
lt_cv_compiler_c_o=yes
lt_cv_compiler_o_lo=yes
lt_cv_deplibs_check_method='file_magic Mach-O dynamically linked shared library'
lt_cv_file_magic_cmd='/usr/bin/file -L'
lt_cv_file_magic_test_file=/usr/lib/libSystem.dylib
lt_cv_global_symbol_to_c_name_address='sed -n -e '\''s/^: \([^ ]*\) $/  {\"\1\", (lt_ptr) 0},/p'\'' -e '\''s/^[BCDEGRST] \([^ ]*\) \([^ ]*\)$/  {"\2", (lt_ptr) \&\2},/p'\'''
lt_cv_global_symbol_to_cdecl='sed -n -e '\''s/^. .* \(.*\)$/extern char \1;/p'\'''
lt_cv_ld_reload_flag=-r
lt_cv_path_LD=/usr/bin/ld
lt_cv_path_NM='/usr/bin/nm -p'
lt_cv_prog_cc_can_build_shared=yes
lt_cv_prog_cc_no_builtin=
lt_cv_prog_cc_pic=' -fno-common'
lt_cv_prog_cc_pic_works=yes
lt_cv_prog_cc_shlib=
lt_cv_prog_cc_static=
lt_cv_prog_cc_static_works=no
lt_cv_prog_cc_wl=-Wl,
lt_cv_prog_gnu_ld=no
lt_cv_sys_global_symbol_pipe='sed -n -e '\''s/^.*[ 	]\([BCDEGRST][BCDEGRST]*\)[ 	][ 	]*\(_\)\([_A-Za-z][_A-Za-z0-9]*\)$/\1 \2\3 \3/p'\'''
lt_cv_sys_path_separator=:
nls_cv_force_use_gnu_gettext=no
nls_cv_header_intl=
nls_cv_header_libgt=
nls_cv_use_gnu_gettext=no

## ------------ ##
## confdefs.h.  ##
## ------------ ##

#define PACKAGE "libbonobo"
#define VERSION "2.0.0"
#define HAVE_DLFCN_H 1
#define GETTEXT_PACKAGE "libbonobo-2.0"
#define HAVE_SYS_TYPES_H 1
#define HAVE_SYS_STAT_H 1
#define HAVE_STDLIB_H 1
#define HAVE_STRING_H 1
#define HAVE_MEMORY_H 1
#define HAVE_STRINGS_H 1
#define HAVE_INTTYPES_H 1
#define HAVE_STDINT_H 1
#define HAVE_UNISTD_H 1
#define HAVE_ALLOCA_H 1
#define HAVE_ALLOCA 1
#define HAVE_STDLIB_H 1
#define HAVE_UNISTD_H 1
#define HAVE_GETPAGESIZE 1
#define HAVE_LIMITS_H 1
#define HAVE_LOCALE_H 1
#define HAVE_NL_TYPES_H 1
#define HAVE_STRING_H 1
#define HAVE_UNISTD_H 1
#define HAVE_SYS_PARAM_H 1
#define HAVE_GETCWD 1
#define HAVE_MUNMAP 1
#define HAVE_PUTENV 1
#define HAVE_SETENV 1
#define HAVE_SETLOCALE 1
#define HAVE_STRCHR 1
#define HAVE_STRCASECMP 1
#define HAVE_STRDUP 1
#define HAVE_LC_MESSAGES 1
#define HAVE_GETTEXT 1
#define HAVE_DCGETTEXT 1
#define ENABLE_NLS 1
#define HAVE_DLADDR $have_dladdr


configure: exit 1
