This file contains any messages produced by compilers while
running configure, to aid debugging if configure makes a mistake.

It was created by configure, which was
generated by GNU Autoconf 2.61.  Invocation command line was

  $ ./configure 

## --------- ##
## Platform. ##
## --------- ##

hostname = Chriss-iPad
uname -m = iPad1,1
uname -r = 10.4.0
uname -s = Darwin
uname -v = Darwin Kernel Version 10.4.0: Wed Oct 20 20:14:45 PDT 2010; root:xnu-1504.58.28~3/RELEASE_ARM_S5L8930X

/usr/bin/uname -p = unknown
/bin/uname -X     = unknown

/bin/arch              = unknown
/usr/bin/arch -k       = unknown
/usr/convex/getsysinfo = unknown
/usr/bin/hostinfo      = Mach kernel version:
	 Darwin Kernel Version 10.4.0: Wed Oct 20 20:14:45 PDT 2010; root:xnu-1504.58.28~3/RELEASE_ARM_S5L8930X
Kernel configured for a single processor only.
1 processor is physically available.
1 processor is logically available.
Processor type: armv7 (arm v7)
Processor active: 0
Primary memory available: 247.00 megabytes
Default processor set: 41 tasks, 248 threads, 1 processors
Load average: 1.00, Mach factor: 0.47
/bin/machine           = unknown
/usr/bin/oslevel       = unknown
/bin/universe          = unknown

PATH: /usr/local/sbin
PATH: /usr/local/bin
PATH: /usr/sbin
PATH: /usr/bin
PATH: /sbin
PATH: /bin
PATH: /usr/bin/X11
PATH: /usr/games
PATH: /var/mobile/ocaml-3.12.0/bin


## ----------- ##
## Core tests. ##
## ----------- ##

configure:2006: checking for a BSD-compatible install
configure:2062: result: /usr/bin/install -c
configure:2073: checking whether build environment is sane
configure:2116: result: yes
configure:2181: checking for gawk
configure:2197: found /usr/bin/gawk
configure:2208: result: gawk
configure:2219: checking whether make sets $(MAKE)
configure:2240: result: yes
configure:2472: checking for gcc
configure:2499: result: /usr/bin/gcc
configure:2737: checking for C compiler version
configure:2744: /usr/bin/gcc --version >&5
gcc (GCC) 4.2.1 (Based on Apple Inc. build 5555)
Copyright (C) 2007 Free Software Foundation, Inc.
This is free software; see the source for copying conditions.  There is NO
warranty; not even for MERCHANTABILITY or FITNESS FOR A PARTICULAR PURPOSE.

configure:2747: $? = 0
configure:2754: /usr/bin/gcc -v >&5
Using built-in specs.
Target: arm-apple-darwin9
Configured with: ../llvm-gcc-4.2/configure --build=x86_64-unknown-linux-gnu --host=arm-apple-darwin9 --enable-static=no --enable-shared=yes --prefix=/usr --localstatedir=/var/cache/iphone-gcc --enable-languages=c,c++,objc,obj-c++ --enable-wchar_t=no --with-gxx-include-dir=/usr/include/c++/4.0.0
Thread model: posix
gcc version 4.2.1 (Based on Apple Inc. build 5555)
configure:2757: $? = 0
configure:2764: /usr/bin/gcc -V >&5
gcc: '-V' option must have argument
configure:2767: $? = 1
configure:2790: checking for C compiler default output file name
configure:2817: /usr/bin/gcc    conftest.c  >&5
configure:2820: $? = 0
configure:2858: result: a.out
configure:2875: checking whether the C compiler works
configure:2885: ./a.out
configure:2888: $? = 0
configure:2905: result: yes
configure:2912: checking whether we are cross compiling
configure:2914: result: no
configure:2917: checking for suffix of executables
configure:2924: /usr/bin/gcc -o conftest    conftest.c  >&5
configure:2927: $? = 0
configure:2951: result: 
configure:2957: checking for suffix of object files
configure:2983: /usr/bin/gcc -c   conftest.c >&5
configure:2986: $? = 0
configure:3009: result: o
configure:3013: checking whether we are using the GNU C compiler
configure:3042: /usr/bin/gcc -c   conftest.c >&5
configure:3048: $? = 0
configure:3065: result: yes
configure:3070: checking whether /usr/bin/gcc accepts -g
configure:3100: /usr/bin/gcc -c -g  conftest.c >&5
configure:3106: $? = 0
configure:3205: result: yes
configure:3222: checking for /usr/bin/gcc option to accept ISO C89
configure:3296: /usr/bin/gcc  -c -g -O2  conftest.c >&5
configure:3302: $? = 0
configure:3325: result: none needed
configure:3354: checking for style of include used by make
configure:3382: result: GNU
configure:3410: checking dependency style of /usr/bin/gcc
configure:3500: result: gcc3
configure:3575: checking for g++
configure:3591: found /usr/bin/g++
configure:3602: result: g++
configure:3633: checking for C++ compiler version
configure:3640: g++ --version >&5
g++ (GCC) 4.2.1 (Based on Apple Inc. build 5555)
Copyright (C) 2007 Free Software Foundation, Inc.
This is free software; see the source for copying conditions.  There is NO
warranty; not even for MERCHANTABILITY or FITNESS FOR A PARTICULAR PURPOSE.

configure:3643: $? = 0
configure:3650: g++ -v >&5
Using built-in specs.
Target: arm-apple-darwin9
Configured with: ../llvm-gcc-4.2/configure --build=x86_64-unknown-linux-gnu --host=arm-apple-darwin9 --enable-static=no --enable-shared=yes --prefix=/usr --localstatedir=/var/cache/iphone-gcc --enable-languages=c,c++,objc,obj-c++ --enable-wchar_t=no --with-gxx-include-dir=/usr/include/c++/4.0.0
Thread model: posix
gcc version 4.2.1 (Based on Apple Inc. build 5555)
configure:3653: $? = 0
configure:3660: g++ -V >&5
g++: '-V' option must have argument
configure:3663: $? = 1
configure:3666: checking whether we are using the GNU C++ compiler
configure:3695: g++ -c   conftest.cpp >&5
configure:3701: $? = 0
configure:3718: result: yes
configure:3723: checking whether g++ accepts -g
configure:3753: g++ -c -g  conftest.cpp >&5
configure:3759: $? = 0
configure:3858: result: yes
configure:3883: checking dependency style of g++
configure:3973: result: gcc3
configure:4003: checking for a BSD-compatible install
configure:4059: result: /usr/bin/install -c
configure:4148: checking build system type
configure:4166: result: arm-apple-darwin10.4.0
configure:4188: checking host system type
configure:4203: result: arm-apple-darwin10.4.0
configure:4225: checking for a sed that does not truncate output
configure:4281: result: /bin/sed
configure:4284: checking for grep that handles long lines and -e
configure:4358: result: /bin/grep
configure:4363: checking for egrep
configure:4441: result: /bin/grep -E
configure:4457: checking for ld used by /usr/bin/gcc
configure:4524: result: /usr/bin/ld
configure:4533: checking if the linker (/usr/bin/ld) is GNU ld
configure:4548: result: no
configure:4553: checking for /usr/bin/ld option to reload object files
configure:4560: result: -r
configure:4578: checking for BSD-compatible nm
configure:4627: result: /usr/bin/nm -p
configure:4631: checking whether ln -s works
configure:4635: result: yes
configure:4642: checking how to recognize dependent libraries
configure:4828: result: pass_all
configure:5069: checking how to run the C preprocessor
configure:5109: /usr/bin/gcc -E  conftest.c
configure:5115: $? = 0
configure:5146: /usr/bin/gcc -E  conftest.c
conftest.c:8:28: error: ac_nonexistent.h: No such file or directory
configure:5152: $? = 1
configure: failed program was:
| /* confdefs.h.  */
| #define PACKAGE_NAME ""
| #define PACKAGE_TARNAME ""
| #define PACKAGE_VERSION ""
| #define PACKAGE_STRING ""
| #define PACKAGE_BUGREPORT ""
| /* end confdefs.h.  */
| #include <ac_nonexistent.h>
configure:5185: result: /usr/bin/gcc -E
configure:5214: /usr/bin/gcc -E  conftest.c
configure:5220: $? = 0
configure:5251: /usr/bin/gcc -E  conftest.c
conftest.c:8:28: error: ac_nonexistent.h: No such file or directory
configure:5257: $? = 1
configure: failed program was:
| /* confdefs.h.  */
| #define PACKAGE_NAME ""
| #define PACKAGE_TARNAME ""
| #define PACKAGE_VERSION ""
| #define PACKAGE_STRING ""
| #define PACKAGE_BUGREPORT ""
| /* end confdefs.h.  */
| #include <ac_nonexistent.h>
configure:5295: checking for ANSI C header files
configure:5325: /usr/bin/gcc -c -g -O2  conftest.c >&5
configure:5331: $? = 0
configure:5430: /usr/bin/gcc -o conftest -g -O2   conftest.c  >&5
configure:5433: $? = 0
configure:5439: ./conftest
configure:5442: $? = 0
configure:5459: result: yes
configure:5483: checking for sys/types.h
configure:5504: /usr/bin/gcc -c -g -O2  conftest.c >&5
configure:5510: $? = 0
configure:5526: result: yes
configure:5483: checking for sys/stat.h
configure:5504: /usr/bin/gcc -c -g -O2  conftest.c >&5
configure:5510: $? = 0
configure:5526: result: yes
configure:5483: checking for stdlib.h
configure:5504: /usr/bin/gcc -c -g -O2  conftest.c >&5
configure:5510: $? = 0
configure:5526: result: yes
configure:5483: checking for string.h
configure:5504: /usr/bin/gcc -c -g -O2  conftest.c >&5
configure:5510: $? = 0
configure:5526: result: yes
configure:5483: checking for memory.h
configure:5504: /usr/bin/gcc -c -g -O2  conftest.c >&5
configure:5510: $? = 0
configure:5526: result: yes
configure:5483: checking for strings.h
configure:5504: /usr/bin/gcc -c -g -O2  conftest.c >&5
configure:5510: $? = 0
configure:5526: result: yes
configure:5483: checking for inttypes.h
configure:5504: /usr/bin/gcc -c -g -O2  conftest.c >&5
configure:5510: $? = 0
configure:5526: result: yes
configure:5483: checking for stdint.h
configure:5504: /usr/bin/gcc -c -g -O2  conftest.c >&5
configure:5510: $? = 0
configure:5526: result: yes
configure:5483: checking for unistd.h
configure:5504: /usr/bin/gcc -c -g -O2  conftest.c >&5
configure:5510: $? = 0
configure:5526: result: yes
configure:5553: checking dlfcn.h usability
configure:5570: /usr/bin/gcc -c -g -O2  conftest.c >&5
configure:5576: $? = 0
configure:5590: result: yes
configure:5594: checking dlfcn.h presence
configure:5609: /usr/bin/gcc -E  conftest.c
configure:5615: $? = 0
configure:5629: result: yes
configure:5657: checking for dlfcn.h
configure:5665: result: yes
configure:5688: checking how to run the C++ preprocessor
configure:5724: g++ -E  conftest.cpp
configure:5730: $? = 0
configure:5761: g++ -E  conftest.cpp
conftest.cpp:19:28: error: ac_nonexistent.h: No such file or directory
configure:5767: $? = 1
configure: failed program was:
| /* confdefs.h.  */
| #define PACKAGE_NAME ""
| #define PACKAGE_TARNAME ""
| #define PACKAGE_VERSION ""
| #define PACKAGE_STRING ""
| #define PACKAGE_BUGREPORT ""
| #define STDC_HEADERS 1
| #define HAVE_SYS_TYPES_H 1
| #define HAVE_SYS_STAT_H 1
| #define HAVE_STDLIB_H 1
| #define HAVE_STRING_H 1
| #define HAVE_MEMORY_H 1
| #define HAVE_STRINGS_H 1
| #define HAVE_INTTYPES_H 1
| #define HAVE_STDINT_H 1
| #define HAVE_UNISTD_H 1
| #define HAVE_DLFCN_H 1
| /* end confdefs.h.  */
| #include <ac_nonexistent.h>
configure:5800: result: g++ -E
configure:5829: g++ -E  conftest.cpp
configure:5835: $? = 0
configure:5866: g++ -E  conftest.cpp
conftest.cpp:19:28: error: ac_nonexistent.h: No such file or directory
configure:5872: $? = 1
configure: failed program was:
| /* confdefs.h.  */
| #define PACKAGE_NAME ""
| #define PACKAGE_TARNAME ""
| #define PACKAGE_VERSION ""
| #define PACKAGE_STRING ""
| #define PACKAGE_BUGREPORT ""
| #define STDC_HEADERS 1
| #define HAVE_SYS_TYPES_H 1
| #define HAVE_SYS_STAT_H 1
| #define HAVE_STDLIB_H 1
| #define HAVE_STRING_H 1
| #define HAVE_MEMORY_H 1
| #define HAVE_STRINGS_H 1
| #define HAVE_INTTYPES_H 1
| #define HAVE_STDINT_H 1
| #define HAVE_UNISTD_H 1
| #define HAVE_DLFCN_H 1
| /* end confdefs.h.  */
| #include <ac_nonexistent.h>
configure:5965: checking for g77
configure:5995: result: no
configure:5965: checking for xlf
configure:5995: result: no
configure:5965: checking for f77
configure:5995: result: no
configure:5965: checking for frt
configure:5995: result: no
configure:5965: checking for pgf77
configure:5995: result: no
configure:5965: checking for cf77
configure:5995: result: no
configure:5965: checking for fort77
configure:5995: result: no
configure:5965: checking for fl32
configure:5995: result: no
configure:5965: checking for af77
configure:5995: result: no
configure:5965: checking for xlf90
configure:5995: result: no
configure:5965: checking for f90
configure:5995: result: no
configure:5965: checking for pgf90
configure:5995: result: no
configure:5965: checking for pghpf
configure:5995: result: no
configure:5965: checking for epcf90
configure:5995: result: no
configure:5965: checking for gfortran
configure:5995: result: no
configure:5965: checking for g95
configure:5995: result: no
configure:5965: checking for xlf95
configure:5995: result: no
configure:5965: checking for f95
configure:5995: result: no
configure:5965: checking for fort
configure:5995: result: no
configure:5965: checking for ifort
configure:5995: result: no
configure:5965: checking for ifc
configure:5995: result: no
configure:5965: checking for efc
configure:5995: result: no
configure:5965: checking for pgf95
configure:5995: result: no
configure:5965: checking for lf95
configure:5995: result: no
configure:5965: checking for ftn
configure:5995: result: no
configure:6022: checking for Fortran 77 compiler version
configure:6029:  --version >&5
./configure: line 6030: --version: command not found
configure:6032: $? = 127
configure:6039:  -v >&5
./configure: line 6040: -v: command not found
configure:6042: $? = 127
configure:6049:  -V >&5
./configure: line 6050: -V: command not found
configure:6052: $? = 127
configure:6060: checking whether we are using the GNU Fortran 77 compiler
configure:6079:  -c  conftest.F >&5
./configure: line 6080: -c: command not found
configure:6085: $? = 127
configure: failed program was:
|       program main
| #ifndef __GNUC__
|        choke me
| #endif
| 
|       end
configure:6102: result: no
configure:6108: checking whether  accepts -g
configure:6125:  -c -g conftest.f >&5
./configure: line 6126: -c: command not found
configure:6131: $? = 127
configure: failed program was:
|       program main
| 
|       end
configure:6147: result: no
configure:6177: checking the maximum length of command line arguments
configure:6286: result: 196608
configure:6298: checking command to parse /usr/bin/nm -p output from /usr/bin/gcc object
configure:6403: g++ -c -g -O2  conftest.cpp >&5
configure:6406: $? = 0
configure:6410: /usr/bin/nm -p conftest.o \| sed -n -e 's/^.*[ 	]\([BCDEGRST][BCDEGRST]*\)[ 	][ 	]*\([_A-Za-z][_A-Za-z0-9]*\)$/\1 \2 \2/p' \> conftest.nm
configure:6413: $? = 0
cannot find nm_test_var in conftest.nm
configure:6403: g++ -c -g -O2  conftest.cpp >&5
configure:6406: $? = 0
configure:6410: /usr/bin/nm -p conftest.o \| sed -n -e 's/^.*[ 	]\([BCDEGRST][BCDEGRST]*\)[ 	][ 	]*_\([_A-Za-z][_A-Za-z0-9]*\)$/\1 _\2 \2/p' \> conftest.nm
configure:6413: $? = 0
configure:6465: g++ -o conftest -g -O2   conftest.cpp conftstm.o >&5
configure:6468: $? = 0
configure:6506: result: ok
configure:6510: checking for objdir
configure:6525: result: .libs
configure:6617: checking for ar
configure:6633: found /usr/bin/ar
configure:6644: result: ar
configure:6713: checking for ranlib
configure:6729: found /usr/bin/ranlib
configure:6740: result: ranlib
configure:6809: checking for strip
configure:6825: found /usr/bin/strip
configure:6836: result: strip
configure:7073: checking for correct ltmain.sh version
configure:7123: result: yes
configure:7183: checking if /usr/bin/gcc supports -fno-rtti -fno-exceptions
configure:7201: /usr/bin/gcc -c -g -O2  -fno-rtti -fno-exceptions conftest.c >&5
cc1: warning: command line option "-fno-rtti" is valid for C++/ObjC++ but not for C
configure:7205: $? = 0
configure:7218: result: no
configure:7233: checking for /usr/bin/gcc option to produce PIC
configure:7465: result: -fno-common
configure:7473: checking if /usr/bin/gcc PIC flag -fno-common works
configure:7491: /usr/bin/gcc -c -g -O2  -fno-common -DPIC conftest.c >&5
configure:7495: $? = 0
configure:7508: result: yes
configure:7536: checking if /usr/bin/gcc static flag -static works
configure:7564: result: no
configure:7574: checking if /usr/bin/gcc supports -c -o file.o
configure:7595: /usr/bin/gcc -c -g -O2  -o out/conftest2.o conftest.c >&5
configure:7599: $? = 0
configure:7621: result: yes
configure:7647: checking whether the /usr/bin/gcc linker (/usr/bin/ld) supports shared libraries
configure:8623: result: yes
configure:8690: checking dynamic linker characteristics
configure:9305: result: darwin10.4.0 dyld
configure:9314: checking how to hardcode library paths into programs
configure:9339: result: immediate
configure:9353: checking whether stripping libraries is possible
configure:9367: result: yes
configure:10160: checking if libtool supports shared libraries
configure:10162: result: yes
configure:10165: checking whether to build shared libraries
configure:10186: result: yes
configure:10189: checking whether to build static libraries
configure:10193: result: yes
configure:10285: creating libtool
configure:10873: checking for ld used by g++
configure:10940: result: /usr/bin/ld
configure:10949: checking if the linker (/usr/bin/ld) is GNU ld
configure:10964: result: no
configure:11015: checking whether the g++ linker (/usr/bin/ld) supports shared libraries
configure:11985: result: yes
configure:12003: g++ -c -g -O2  conftest.cpp >&5
configure:12006: $? = 0
configure:12158: checking for g++ option to produce PIC
configure:12442: result: -fno-common
configure:12450: checking if g++ PIC flag -fno-common works
configure:12468: g++ -c -g -O2  -fno-common -DPIC conftest.cpp >&5
configure:12472: $? = 0
configure:12485: result: yes
configure:12513: checking if g++ static flag -static works
configure:12541: result: no
configure:12551: checking if g++ supports -c -o file.o
configure:12572: g++ -c -g -O2  -o out/conftest2.o conftest.cpp >&5
configure:12576: $? = 0
configure:12598: result: yes
configure:12624: checking whether the g++ linker (/usr/bin/ld) supports shared libraries
configure:12649: result: yes
configure:12716: checking dynamic linker characteristics
configure:13279: result: darwin10.4.0 dyld
configure:13288: checking how to hardcode library paths into programs
configure:13313: result: immediate
configure:19501: checking for ANSI C header files
configure:19665: result: yes
configure:19697: checking fcntl.h usability
configure:19714: g++ -c -g -O2  conftest.cpp >&5
configure:19720: $? = 0
configure:19734: result: yes
configure:19738: checking fcntl.h presence
configure:19753: g++ -E  conftest.cpp
configure:19759: $? = 0
configure:19773: result: yes
configure:19801: checking for fcntl.h
configure:19809: result: yes
configure:19697: checking signal.h usability
configure:19714: g++ -c -g -O2  conftest.cpp >&5
configure:19720: $? = 0
configure:19734: result: yes
configure:19738: checking signal.h presence
configure:19753: g++ -E  conftest.cpp
configure:19759: $? = 0
configure:19773: result: yes
configure:19801: checking for signal.h
configure:19809: result: yes
configure:19697: checking sys/select.h usability
configure:19714: g++ -c -g -O2  conftest.cpp >&5
configure:19720: $? = 0
configure:19734: result: yes
configure:19738: checking sys/select.h presence
configure:19753: g++ -E  conftest.cpp
configure:19759: $? = 0
configure:19773: result: yes
configure:19801: checking for sys/select.h
configure:19809: result: yes
configure:19697: checking sys/signal.h usability
configure:19714: g++ -c -g -O2  conftest.cpp >&5
configure:19720: $? = 0
configure:19734: result: yes
configure:19738: checking sys/signal.h presence
configure:19753: g++ -E  conftest.cpp
configure:19759: $? = 0
configure:19773: result: yes
configure:19801: checking for sys/signal.h
configure:19809: result: yes
configure:19687: checking for sys/stat.h
configure:19693: result: yes
configure:19697: checking sys/time.h usability
configure:19714: g++ -c -g -O2  conftest.cpp >&5
configure:19720: $? = 0
configure:19734: result: yes
configure:19738: checking sys/time.h presence
configure:19753: g++ -E  conftest.cpp
configure:19759: $? = 0
configure:19773: result: yes
configure:19801: checking for sys/time.h
configure:19809: result: yes
configure:19687: checking for sys/types.h
configure:19693: result: yes
configure:19697: checking sys/wait.h usability
configure:19714: g++ -c -g -O2  conftest.cpp >&5
configure:19720: $? = 0
configure:19734: result: yes
configure:19738: checking sys/wait.h presence
configure:19753: g++ -E  conftest.cpp
configure:19759: $? = 0
configure:19773: result: yes
configure:19801: checking for sys/wait.h
configure:19809: result: yes
configure:19837: checking sstream usability
configure:19854: g++ -c -g -O2  conftest.cpp >&5
configure:19860: $? = 0
configure:19874: result: yes
configure:19878: checking sstream presence
configure:19893: g++ -E  conftest.cpp
configure:19899: $? = 0
configure:19913: result: yes
configure:19941: checking for sstream
configure:19949: result: yes
configure:20110: checking whether time.h and sys/time.h may both be included
configure:20140: g++ -c -g -O2  conftest.cpp >&5
configure:20146: $? = 0
configure:20161: result: yes
configure:20171: checking return type of signal handlers
configure:20199: g++ -c -g -O2  conftest.cpp >&5
conftest.cpp: In function 'int main()':
conftest.cpp:36: error: void value not ignored as it ought to be
configure:20205: $? = 1
configure: failed program was:
| /* confdefs.h.  */
| #define PACKAGE_NAME ""
| #define PACKAGE_TARNAME ""
| #define PACKAGE_VERSION ""
| #define PACKAGE_STRING ""
| #define PACKAGE_BUGREPORT ""
| #define STDC_HEADERS 1
| #define HAVE_SYS_TYPES_H 1
| #define HAVE_SYS_STAT_H 1
| #define HAVE_STDLIB_H 1
| #define HAVE_STRING_H 1
| #define HAVE_MEMORY_H 1
| #define HAVE_STRINGS_H 1
| #define HAVE_INTTYPES_H 1
| #define HAVE_STDINT_H 1
| #define HAVE_UNISTD_H 1
| #define HAVE_DLFCN_H 1
| #define STDC_HEADERS 1
| #define HAVE_FCNTL_H 1
| #define HAVE_SIGNAL_H 1
| #define HAVE_SYS_SELECT_H 1
| #define HAVE_SYS_SIGNAL_H 1
| #define HAVE_SYS_STAT_H 1
| #define HAVE_SYS_TIME_H 1
| #define HAVE_SYS_TYPES_H 1
| #define HAVE_SYS_WAIT_H 1
| #define HAVE_SSTREAM 1
| #define TIME_WITH_SYS_TIME 1
| /* end confdefs.h.  */
| #include <sys/types.h>
| #include <signal.h>
| 
| int
| main ()
| {
| return *(signal (0, 0)) (0) == 1;
|   ;
|   return 0;
| }
configure:20220: result: void
configure:20234: checking for sigaction
configure:20290: g++ -o conftest -g -O2   conftest.cpp  >&5
configure:20296: $? = 0
configure:20314: result: yes
configure:20234: checking for strcasestr
configure:20290: g++ -o conftest -g -O2   conftest.cpp  >&5
configure:20296: $? = 0
configure:20314: result: yes
configure:20325: checking for X
configure:20440: g++ -E  conftest.cpp
configure:20446: $? = 0
configure:20495: g++ -o conftest -g -O2   conftest.cpp -lX11  >&5
configure:20501: $? = 0
configure:20560: result: libraries , headers 
configure:20721: g++ -o conftest -g -O2   conftest.cpp   -lX11 >&5
configure:20727: $? = 0
configure:20884: checking for gethostbyname
configure:20940: g++ -o conftest -g -O2   conftest.cpp  >&5
configure:20946: $? = 0
configure:20963: result: yes
configure:21108: checking for connect
configure:21164: g++ -o conftest -g -O2   conftest.cpp  >&5
configure:21170: $? = 0
configure:21187: result: yes
configure:21259: checking for remove
configure:21315: g++ -o conftest -g -O2   conftest.cpp  >&5
configure:21321: $? = 0
configure:21338: result: yes
configure:21410: checking for shmat
configure:21466: g++ -o conftest -g -O2   conftest.cpp  >&5
configure:21472: $? = 0
configure:21489: result: yes
configure:21570: checking for IceConnectionNumber in -lICE
configure:21605: g++ -o conftest -g -O2   conftest.cpp -lICE   >&5
configure:21611: $? = 0
configure:21629: result: yes
configure:21653: checking for XOpenDisplay in -lX11
configure:21688: g++ -o conftest -g -O2       -lSM -lICE conftest.cpp -lX11    >&5
configure:21694: $? = 0
configure:21712: result: yes
configure:21729: checking whether to build support for the XShape extension
configure:21739: result: yes
configure:21741: checking for XShapeCombineShape in -lXext
configure:21776: g++ -o conftest -g -O2       -lSM -lICE conftest.cpp -lXext    -lX11  >&5
configure:21782: $? = 0
configure:21800: result: yes
configure:21803: checking for X11/extensions/shape.h
configure:21829: g++ -o conftest -g -O2       -lSM -lICE conftest.cpp   -lX11  >&5
configure:21835: $? = 0
configure:21841: result: yes
configure:21872: checking whether to have Xpm (pixmap themes) support
configure:21955: result: yes
configure:21957: checking for XpmReadFileToPixmap in -lXpm
configure:21992: g++ -o conftest -g -O2        -lSM -lICE conftest.cpp -lXpm    -lX11  -lXext >&5
configure:21998: $? = 0
configure:22016: result: yes
configure:22044: checking whether to include verbose debugging code
configure:22057: result: no
configure:22065: checking whether to have Xrender (transparent) support
configure:22147: result: yes
configure:22149: checking for XRenderCreatePicture in -lXrender
configure:22184: g++ -o conftest -g -O2         -lSM -lICE conftest.cpp -lXrender    -lX11  -lXext -lXpm >&5
configure:22190: $? = 0
configure:22208: result: yes
configure:22224: checking whether to have Xft support
configure:22258: result: yes
configure:22277: checking for pkg-config
configure:22295: found /usr/bin/pkg-config
configure:22308: result: /usr/bin/pkg-config
configure:22418: checking Xft UTF-8 support
configure:22443: g++ -o conftest -g -O2    -I/usr/local/include/freetype2        -lSM -lICE conftest.cpp   -lX11  -lXext -lXpm -lXrender -L/usr/local/lib -lXft -lXrender -lfontconfig -lfreetype -lX11   >&5
configure:22449: $? = 0
configure:22460: result: yes
configure:22487: checking whether to have Xmb (multibyte font, utf-8) support
configure:22506: result: yes
configure:22539: checking for libpng-config
configure:22557: found /usr/local/bin/libpng-config
configure:22570: result: /usr/local/bin/libpng-config
configure:22752: checking whether to have Imlib2 (pixmap themes) support
configure:22762: result: yes
configure:22797: checking for imlib2-config
configure:22815: found /usr/local/bin/imlib2-config
configure:22828: result: /usr/local/bin/imlib2-config
configure:22836: checking for imlib2 - version >= 1.0.0
configure:22894: result: yes
configure:22947: result: 
configure:22949: result: 	fbdesk version 1.4.1 configured successfully.
configure:22951: result: 
configure:22953: result: Using 'NONE' for installation.
configure:22955: result: Using 'g++' for C++ compiler.
configure:22957: result: Building with '-g -O2    -I/usr/local/include/freetype2   -I/usr/local/include/libpng14 -I/usr/local/include' for C++ compiler flags.
configure:22959: result: Building with '  -lX11  -lXext -lXpm -lXrender -L/usr/local/lib -lXft -lXrender -lfontconfig -lfreetype -lX11   -lpng14 -L/usr/local/lib -lImlib2 -L/usr/local/lib -lfreetype -lz -L/usr/X11R6/lib -lX11 -lXext -lm' for linker flags.
configure:22961: result: 
configure:23125: creating ./config.status

## ---------------------- ##
## Running config.status. ##
## ---------------------- ##

This file was extended by config.status, which was
generated by GNU Autoconf 2.61.  Invocation command line was

  CONFIG_FILES    = 
  CONFIG_HEADERS  = 
  CONFIG_LINKS    = 
  CONFIG_COMMANDS = 
  $ ./config.status 

on Chriss-iPad

config.status:685: creating Makefile
config.status:685: creating version.h
config.status:685: creating src/Makefile
config.status:685: creating src/FbTk/Makefile
config.status:685: creating config.h
config.status:926: config.h is unchanged
config.status:972: executing depfiles commands

## ---------------- ##
## Cache variables. ##
## ---------------- ##

ac_cv_build=arm-apple-darwin10.4.0
ac_cv_c_compiler_gnu=yes
ac_cv_cxx_compiler_gnu=yes
ac_cv_env_CCC_set=
ac_cv_env_CCC_value=
ac_cv_env_CC_set=set
ac_cv_env_CC_value=/usr/bin/gcc
ac_cv_env_CFLAGS_set=
ac_cv_env_CFLAGS_value=
ac_cv_env_CPPFLAGS_set=
ac_cv_env_CPPFLAGS_value=
ac_cv_env_CPP_set=
ac_cv_env_CPP_value=
ac_cv_env_CXXCPP_set=
ac_cv_env_CXXCPP_value=
ac_cv_env_CXXFLAGS_set=
ac_cv_env_CXXFLAGS_value=
ac_cv_env_CXX_set=
ac_cv_env_CXX_value=
ac_cv_env_F77_set=
ac_cv_env_F77_value=
ac_cv_env_FFLAGS_set=
ac_cv_env_FFLAGS_value=
ac_cv_env_LDFLAGS_set=
ac_cv_env_LDFLAGS_value=
ac_cv_env_LIBS_set=
ac_cv_env_LIBS_value=
ac_cv_env_XMKMF_set=
ac_cv_env_XMKMF_value=
ac_cv_env_build_alias_set=
ac_cv_env_build_alias_value=
ac_cv_env_host_alias_set=
ac_cv_env_host_alias_value=
ac_cv_env_target_alias_set=
ac_cv_env_target_alias_value=
ac_cv_f77_compiler_gnu=no
ac_cv_func_connect=yes
ac_cv_func_gethostbyname=yes
ac_cv_func_remove=yes
ac_cv_func_shmat=yes
ac_cv_func_sigaction=yes
ac_cv_func_strcasestr=yes
ac_cv_have_x='have_x=yes	ac_x_includes='\'''\''	ac_x_libraries='\'''\'''
ac_cv_header_dlfcn_h=yes
ac_cv_header_fcntl_h=yes
ac_cv_header_inttypes_h=yes
ac_cv_header_memory_h=yes
ac_cv_header_signal_h=yes
ac_cv_header_sstream=yes
ac_cv_header_stdc=yes
ac_cv_header_stdint_h=yes
ac_cv_header_stdlib_h=yes
ac_cv_header_string_h=yes
ac_cv_header_strings_h=yes
ac_cv_header_sys_select_h=yes
ac_cv_header_sys_signal_h=yes
ac_cv_header_sys_stat_h=yes
ac_cv_header_sys_time_h=yes
ac_cv_header_sys_types_h=yes
ac_cv_header_sys_wait_h=yes
ac_cv_header_time=yes
ac_cv_header_unistd_h=yes
ac_cv_host=arm-apple-darwin10.4.0
ac_cv_lib_ICE_IceConnectionNumber=yes
ac_cv_lib_X11_XOpenDisplay=yes
ac_cv_lib_Xext_XShapeCombineShape=yes
ac_cv_lib_Xpm_XpmReadFileToPixmap=yes
ac_cv_lib_Xrender_XRenderCreatePicture=yes
ac_cv_objext=o
ac_cv_path_EGREP='/bin/grep -E'
ac_cv_path_GREP=/bin/grep
ac_cv_path_IMLIB2_CONFIG=/usr/local/bin/imlib2-config
ac_cv_path_LIBPNG_CONFIG=/usr/local/bin/libpng-config
ac_cv_path_PKG_CONFIG=/usr/bin/pkg-config
ac_cv_path_install='/usr/bin/install -c'
ac_cv_prog_AWK=gawk
ac_cv_prog_CPP='/usr/bin/gcc -E'
ac_cv_prog_CXXCPP='g++ -E'
ac_cv_prog_ac_ct_AR=ar
ac_cv_prog_ac_ct_CC=/usr/bin/gcc
ac_cv_prog_ac_ct_CXX=g++
ac_cv_prog_ac_ct_RANLIB=ranlib
ac_cv_prog_ac_ct_STRIP=strip
ac_cv_prog_cc_c89=
ac_cv_prog_cc_g=yes
ac_cv_prog_cxx_g=yes
ac_cv_prog_f77_g=no
ac_cv_prog_make_make_set=yes
ac_cv_type_signal=void
am_cv_CC_dependencies_compiler_type=gcc3
am_cv_CXX_dependencies_compiler_type=gcc3
lt_cv_deplibs_check_method=pass_all
lt_cv_file_magic_cmd='$MAGIC_CMD'
lt_cv_file_magic_test_file=
lt_cv_ld_reload_flag=-r
lt_cv_objdir=.libs
lt_cv_path_LD=/usr/bin/ld
lt_cv_path_LDCXX=/usr/bin/ld
lt_cv_path_NM='/usr/bin/nm -p'
lt_cv_path_SED=/bin/sed
lt_cv_prog_compiler_c_o=yes
lt_cv_prog_compiler_c_o_CXX=yes
lt_cv_prog_compiler_rtti_exceptions=no
lt_cv_prog_gnu_ld=no
lt_cv_prog_gnu_ldcxx=no
lt_cv_sys_global_symbol_pipe='sed -n -e '\''s/^.*[ 	]\([BCDEGRST][BCDEGRST]*\)[ 	][ 	]*_\([_A-Za-z][_A-Za-z0-9]*\)$/\1 _\2 \2/p'\'''
lt_cv_sys_global_symbol_to_c_name_address='sed -n -e '\''s/^: \([^ ]*\) $/  {\"\1\", (lt_ptr) 0},/p'\'' -e '\''s/^[BCDEGRST] \([^ ]*\) \([^ ]*\)$/  {"\2", (lt_ptr) \&\2},/p'\'''
lt_cv_sys_global_symbol_to_cdecl='sed -n -e '\''s/^. .* \(.*\)$/extern int \1;/p'\'''
lt_cv_sys_max_cmd_len=196608
lt_lt_cv_prog_compiler_c_o='"yes"'
lt_lt_cv_prog_compiler_c_o_CXX='"yes"'
lt_lt_cv_sys_global_symbol_pipe='"sed -n -e '\''s/^.*[ 	]\\([BCDEGRST][BCDEGRST]*\\)[ 	][ 	]*_\\([_A-Za-z][_A-Za-z0-9]*\\)\$/\\1 _\\2 \\2/p'\''"'
lt_lt_cv_sys_global_symbol_to_c_name_address='"sed -n -e '\''s/^: \\([^ ]*\\) \$/  {\\\"\\1\\\", (lt_ptr) 0},/p'\'' -e '\''s/^[BCDEGRST] \\([^ ]*\\) \\([^ ]*\\)\$/  {\"\\2\", (lt_ptr) \\&\\2},/p'\''"'
lt_lt_cv_sys_global_symbol_to_cdecl='"sed -n -e '\''s/^. .* \\(.*\\)\$/extern int \\1;/p'\''"'

## ----------------- ##
## Output variables. ##
## ----------------- ##

ACLOCAL='${SHELL} /home/chris/fbdesk-1.4.1/missing --run aclocal-1.9'
AMDEPBACKSLASH='\'
AMDEP_FALSE='#'
AMDEP_TRUE=''
AMTAR='${SHELL} /home/chris/fbdesk-1.4.1/missing --run tar'
AR='ar'
AUTOCONF='${SHELL} /home/chris/fbdesk-1.4.1/missing --run autoconf'
AUTOHEADER='${SHELL} /home/chris/fbdesk-1.4.1/missing --run autoheader'
AUTOMAKE='${SHELL} /home/chris/fbdesk-1.4.1/missing --run automake-1.9'
AWK='gawk'
CC='/usr/bin/gcc'
CCDEPMODE='depmode=gcc3'
CFLAGS='-g -O2  -I/usr/local/include/freetype2  '
CPP='/usr/bin/gcc -E'
CPPFLAGS=''
CXX='g++'
CXXCPP='g++ -E'
CXXDEPMODE='depmode=gcc3'
CXXFLAGS='-g -O2    -I/usr/local/include/freetype2   -I/usr/local/include/libpng14 -I/usr/local/include'
CYGPATH_W='echo'
DEBUG=''
DEFS='-DHAVE_CONFIG_H'
DEPDIR='.deps'
ECHO='echo'
ECHO_C=''
ECHO_N='-n'
ECHO_T=''
EGREP='/bin/grep -E'
EXEEXT=''
F77=''
FFLAGS=''
GREP='/bin/grep'
IMLIB2_CFLAGS='-I/usr/local/include'
IMLIB2_CONFIG='/usr/local/bin/imlib2-config'
IMLIB2_FALSE='#'
IMLIB2_LIBS='-L/usr/local/lib -lImlib2 -L/usr/local/lib -lfreetype -lz -L/usr/X11R6/lib -lX11 -lXext -lm'
IMLIB2_TRUE=''
INSTALL_DATA='${INSTALL} -m 644'
INSTALL_PROGRAM='${INSTALL}'
INSTALL_SCRIPT='${INSTALL}'
INSTALL_STRIP_PROGRAM='${SHELL} $(install_sh) -c -s'
LDFLAGS='    -lSM -lICE'
LIBOBJS=''
LIBPNG_CONFIG='/usr/local/bin/libpng-config'
LIBS='  -lX11  -lXext -lXpm -lXrender -L/usr/local/lib -lXft -lXrender -lfontconfig -lfreetype -lX11   -lpng14 -L/usr/local/lib -lImlib2 -L/usr/local/lib -lfreetype -lz -L/usr/X11R6/lib -lX11 -lXext -lm'
LIBTOOL='$(SHELL) $(top_builddir)/libtool'
LN_S='ln -s'
LTLIBOBJS=''
MAKEINFO='${SHELL} /home/chris/fbdesk-1.4.1/missing --run makeinfo'
MULTIBYTE_FALSE='#'
MULTIBYTE_TRUE=''
OBJEXT='o'
PACKAGE='fbdesk'
PACKAGE_BUGREPORT=''
PACKAGE_NAME=''
PACKAGE_STRING=''
PACKAGE_TARNAME=''
PACKAGE_VERSION=''
PATH_SEPARATOR=':'
PKG_CONFIG='/usr/bin/pkg-config'
PNG_FALSE='#'
PNG_TRUE=''
RANLIB='ranlib'
SED='/bin/sed'
SET_MAKE=''
SHAPE=''
SHELL='/bin/sh'
STRIP='strip'
VERSION='1.4.1'
XFT_FALSE='#'
XFT_TRUE=''
XMKMF=''
XPM_FALSE='#'
XPM_TRUE=''
X_CFLAGS=''
X_EXTRA_LIBS=''
X_LIBS=''
X_PRE_LIBS=' -lSM -lICE'
ac_ct_CC='/usr/bin/gcc'
ac_ct_CXX='g++'
ac_ct_F77=''
am__fastdepCC_FALSE='#'
am__fastdepCC_TRUE=''
am__fastdepCXX_FALSE='#'
am__fastdepCXX_TRUE=''
am__include='include'
am__leading_dot='.'
am__quote=''
am__tar='${AMTAR} chof - "$$tardir"'
am__untar='${AMTAR} xf -'
bindir='${exec_prefix}/bin'
build='arm-apple-darwin10.4.0'
build_alias=''
build_cpu='arm'
build_os='darwin10.4.0'
build_vendor='apple'
datadir='${datarootdir}'
datarootdir='${prefix}/share'
docdir='${datarootdir}/doc/${PACKAGE}'
dvidir='${docdir}'
exec_prefix='${prefix}'
host='arm-apple-darwin10.4.0'
host_alias=''
host_cpu='arm'
host_os='darwin10.4.0'
host_vendor='apple'
htmldir='${docdir}'
includedir='${prefix}/include'
infodir='${datarootdir}/info'
install_sh='/home/chris/fbdesk-1.4.1/install-sh'
libdir='${exec_prefix}/lib'
libexecdir='${exec_prefix}/libexec'
localedir='${datarootdir}/locale'
localstatedir='${prefix}/var'
mandir='${datarootdir}/man'
mkdir_p='mkdir -p --'
oldincludedir='/usr/include'
pdfdir='${docdir}'
prefix='/usr/local'
program_transform_name='s,x,x,'
psdir='${docdir}'
sbindir='${exec_prefix}/sbin'
sharedstatedir='${prefix}/com'
sysconfdir='${prefix}/etc'
target_alias=''

## ----------- ##
## confdefs.h. ##
## ----------- ##

#define PACKAGE_NAME ""
#define PACKAGE_TARNAME ""
#define PACKAGE_VERSION ""
#define PACKAGE_STRING ""
#define PACKAGE_BUGREPORT ""
#define STDC_HEADERS 1
#define HAVE_SYS_TYPES_H 1
#define HAVE_SYS_STAT_H 1
#define HAVE_STDLIB_H 1
#define HAVE_STRING_H 1
#define HAVE_MEMORY_H 1
#define HAVE_STRINGS_H 1
#define HAVE_INTTYPES_H 1
#define HAVE_STDINT_H 1
#define HAVE_UNISTD_H 1
#define HAVE_DLFCN_H 1
#define STDC_HEADERS 1
#define HAVE_FCNTL_H 1
#define HAVE_SIGNAL_H 1
#define HAVE_SYS_SELECT_H 1
#define HAVE_SYS_SIGNAL_H 1
#define HAVE_SYS_STAT_H 1
#define HAVE_SYS_TIME_H 1
#define HAVE_SYS_TYPES_H 1
#define HAVE_SYS_WAIT_H 1
#define HAVE_SSTREAM 1
#define TIME_WITH_SYS_TIME 1
#define RETSIGTYPE void
#define HAVE_SIGACTION 1
#define HAVE_STRCASESTR 1
#define HAVE_SHAPE 1
#define HAVE_XPM 1
#define HAVE_XRENDER 1
#define USE_XFT 1
#define HAVE_XFT_UTF8_STRING 1
#define USE_XMB 1
#define HAVE_PNG 1
#define HAVE_IMLIB2

configure: exit 0
