   0  $accept : %entry% $end

   1  main : text EOF
   2       | EOF

   3  text : text_element_list

   4  text_element_list : text_element
   5                    | text_element text_element_list

   6  ele_ref_kind : ELE_REF
   7               | VAL_REF
   8               | TYP_REF
   9               | EXC_REF
  10               | MOD_REF
  11               | MODT_REF
  12               | CLA_REF
  13               | CLT_REF
  14               | ATT_REF
  15               | MET_REF
  16               | SEC_REF

  17  text_element : Title text END
  18               | BOLD text END
  19               | ITALIC text END
  20               | CUSTOM text END
  21               | EMP text END
  22               | SUPERSCRIPT text END
  23               | SUBSCRIPT text END
  24               | CENTER text END
  25               | LEFT text END
  26               | RIGHT text END
  27               | LIST list END
  28               | ENUM list END
  29               | CODE string END_CODE
  30               | CODE_PRE string END_CODE_PRE
  31               | ele_ref_kind string END
  32               | LBRACE ele_ref_kind string END text END
  33               | MOD_LIST_REF string END
  34               | INDEX_LIST
  35               | VERB string END_VERB
  36               | LATEX string END_TARGET
  37               | Target string END_TARGET
  38               | LINK string END text END
  39               | BLANK_LINE
  40               | BEGIN_SHORTCUT_LIST_ITEM shortcut_list END_SHORTCUT_LIST
  41               | BEGIN_SHORTCUT_LIST_ITEM shortcut_list EOF
  42               | BEGIN_SHORTCUT_ENUM_ITEM shortcut_enum END_SHORTCUT_LIST
  43               | BEGIN_SHORTCUT_ENUM_ITEM shortcut_enum EOF
  44               | string

  45  list : string
  46       | string list
  47       | list string
  48       | item
  49       | item list

  50  item : ITEM text END

  51  shortcut_list : text shortcut_list2
  52                | text

  53  shortcut_list2 : SHORTCUT_LIST_ITEM shortcut_list

  54  shortcut_enum : text shortcut_enum2
  55                | text

  56  shortcut_enum2 : SHORTCUT_ENUM_ITEM shortcut_enum

  57  string : Char
  58         | Char string

  59  %entry% : '\001' main

state 0
	$accept : . %entry% $end  (0)

	'\001'  shift 1
	.  error

	%entry%  goto 2


state 1
	%entry% : '\001' . main  (59)

	Title  shift 3
	BOLD  shift 4
	EMP  shift 5
	CENTER  shift 6
	LEFT  shift 7
	RIGHT  shift 8
	ITALIC  shift 9
	CUSTOM  shift 10
	LIST  shift 11
	ENUM  shift 12
	LINK  shift 13
	CODE  shift 14
	CODE_PRE  shift 15
	VERB  shift 16
	LATEX  shift 17
	Target  shift 18
	LBRACE  shift 19
	ELE_REF  shift 20
	VAL_REF  shift 21
	TYP_REF  shift 22
	EXC_REF  shift 23
	MOD_REF  shift 24
	MODT_REF  shift 25
	CLA_REF  shift 26
	CLT_REF  shift 27
	ATT_REF  shift 28
	MET_REF  shift 29
	SEC_REF  shift 30
	MOD_LIST_REF  shift 31
	INDEX_LIST  shift 32
	SUPERSCRIPT  shift 33
	SUBSCRIPT  shift 34
	BEGIN_SHORTCUT_LIST_ITEM  shift 35
	BEGIN_SHORTCUT_ENUM_ITEM  shift 36
	BLANK_LINE  shift 37
	EOF  shift 38
	Char  shift 39
	.  error

	main  goto 40
	text  goto 41
	text_element_list  goto 42
	text_element  goto 43
	ele_ref_kind  goto 44
	string  goto 45


state 2
	$accept : %entry% . $end  (0)

	$end  accept


state 3
	text_element : Title . text END  (17)

	Title  shift 3
	BOLD  shift 4
	EMP  shift 5
	CENTER  shift 6
	LEFT  shift 7
	RIGHT  shift 8
	ITALIC  shift 9
	CUSTOM  shift 10
	LIST  shift 11
	ENUM  shift 12
	LINK  shift 13
	CODE  shift 14
	CODE_PRE  shift 15
	VERB  shift 16
	LATEX  shift 17
	Target  shift 18
	LBRACE  shift 19
	ELE_REF  shift 20
	VAL_REF  shift 21
	TYP_REF  shift 22
	EXC_REF  shift 23
	MOD_REF  shift 24
	MODT_REF  shift 25
	CLA_REF  shift 26
	CLT_REF  shift 27
	ATT_REF  shift 28
	MET_REF  shift 29
	SEC_REF  shift 30
	MOD_LIST_REF  shift 31
	INDEX_LIST  shift 32
	SUPERSCRIPT  shift 33
	SUBSCRIPT  shift 34
	BEGIN_SHORTCUT_LIST_ITEM  shift 35
	BEGIN_SHORTCUT_ENUM_ITEM  shift 36
	BLANK_LINE  shift 37
	Char  shift 39
	.  error

	text  goto 46
	text_element_list  goto 42
	text_element  goto 43
	ele_ref_kind  goto 44
	string  goto 45


state 4
	text_element : BOLD . text END  (18)

	Title  shift 3
	BOLD  shift 4
	EMP  shift 5
	CENTER  shift 6
	LEFT  shift 7
	RIGHT  shift 8
	ITALIC  shift 9
	CUSTOM  shift 10
	LIST  shift 11
	ENUM  shift 12
	LINK  shift 13
	CODE  shift 14
	CODE_PRE  shift 15
	VERB  shift 16
	LATEX  shift 17
	Target  shift 18
	LBRACE  shift 19
	ELE_REF  shift 20
	VAL_REF  shift 21
	TYP_REF  shift 22
	EXC_REF  shift 23
	MOD_REF  shift 24
	MODT_REF  shift 25
	CLA_REF  shift 26
	CLT_REF  shift 27
	ATT_REF  shift 28
	MET_REF  shift 29
	SEC_REF  shift 30
	MOD_LIST_REF  shift 31
	INDEX_LIST  shift 32
	SUPERSCRIPT  shift 33
	SUBSCRIPT  shift 34
	BEGIN_SHORTCUT_LIST_ITEM  shift 35
	BEGIN_SHORTCUT_ENUM_ITEM  shift 36
	BLANK_LINE  shift 37
	Char  shift 39
	.  error

	text  goto 47
	text_element_list  goto 42
	text_element  goto 43
	ele_ref_kind  goto 44
	string  goto 45


state 5
	text_element : EMP . text END  (21)

	Title  shift 3
	BOLD  shift 4
	EMP  shift 5
	CENTER  shift 6
	LEFT  shift 7
	RIGHT  shift 8
	ITALIC  shift 9
	CUSTOM  shift 10
	LIST  shift 11
	ENUM  shift 12
	LINK  shift 13
	CODE  shift 14
	CODE_PRE  shift 15
	VERB  shift 16
	LATEX  shift 17
	Target  shift 18
	LBRACE  shift 19
	ELE_REF  shift 20
	VAL_REF  shift 21
	TYP_REF  shift 22
	EXC_REF  shift 23
	MOD_REF  shift 24
	MODT_REF  shift 25
	CLA_REF  shift 26
	CLT_REF  shift 27
	ATT_REF  shift 28
	MET_REF  shift 29
	SEC_REF  shift 30
	MOD_LIST_REF  shift 31
	INDEX_LIST  shift 32
	SUPERSCRIPT  shift 33
	SUBSCRIPT  shift 34
	BEGIN_SHORTCUT_LIST_ITEM  shift 35
	BEGIN_SHORTCUT_ENUM_ITEM  shift 36
	BLANK_LINE  shift 37
	Char  shift 39
	.  error

	text  goto 48
	text_element_list  goto 42
	text_element  goto 43
	ele_ref_kind  goto 44
	string  goto 45


state 6
	text_element : CENTER . text END  (24)

	Title  shift 3
	BOLD  shift 4
	EMP  shift 5
	CENTER  shift 6
	LEFT  shift 7
	RIGHT  shift 8
	ITALIC  shift 9
	CUSTOM  shift 10
	LIST  shift 11
	ENUM  shift 12
	LINK  shift 13
	CODE  shift 14
	CODE_PRE  shift 15
	VERB  shift 16
	LATEX  shift 17
	Target  shift 18
	LBRACE  shift 19
	ELE_REF  shift 20
	VAL_REF  shift 21
	TYP_REF  shift 22
	EXC_REF  shift 23
	MOD_REF  shift 24
	MODT_REF  shift 25
	CLA_REF  shift 26
	CLT_REF  shift 27
	ATT_REF  shift 28
	MET_REF  shift 29
	SEC_REF  shift 30
	MOD_LIST_REF  shift 31
	INDEX_LIST  shift 32
	SUPERSCRIPT  shift 33
	SUBSCRIPT  shift 34
	BEGIN_SHORTCUT_LIST_ITEM  shift 35
	BEGIN_SHORTCUT_ENUM_ITEM  shift 36
	BLANK_LINE  shift 37
	Char  shift 39
	.  error

	text  goto 49
	text_element_list  goto 42
	text_element  goto 43
	ele_ref_kind  goto 44
	string  goto 45


state 7
	text_element : LEFT . text END  (25)

	Title  shift 3
	BOLD  shift 4
	EMP  shift 5
	CENTER  shift 6
	LEFT  shift 7
	RIGHT  shift 8
	ITALIC  shift 9
	CUSTOM  shift 10
	LIST  shift 11
	ENUM  shift 12
	LINK  shift 13
	CODE  shift 14
	CODE_PRE  shift 15
	VERB  shift 16
	LATEX  shift 17
	Target  shift 18
	LBRACE  shift 19
	ELE_REF  shift 20
	VAL_REF  shift 21
	TYP_REF  shift 22
	EXC_REF  shift 23
	MOD_REF  shift 24
	MODT_REF  shift 25
	CLA_REF  shift 26
	CLT_REF  shift 27
	ATT_REF  shift 28
	MET_REF  shift 29
	SEC_REF  shift 30
	MOD_LIST_REF  shift 31
	INDEX_LIST  shift 32
	SUPERSCRIPT  shift 33
	SUBSCRIPT  shift 34
	BEGIN_SHORTCUT_LIST_ITEM  shift 35
	BEGIN_SHORTCUT_ENUM_ITEM  shift 36
	BLANK_LINE  shift 37
	Char  shift 39
	.  error

	text  goto 50
	text_element_list  goto 42
	text_element  goto 43
	ele_ref_kind  goto 44
	string  goto 45


state 8
	text_element : RIGHT . text END  (26)

	Title  shift 3
	BOLD  shift 4
	EMP  shift 5
	CENTER  shift 6
	LEFT  shift 7
	RIGHT  shift 8
	ITALIC  shift 9
	CUSTOM  shift 10
	LIST  shift 11
	ENUM  shift 12
	LINK  shift 13
	CODE  shift 14
	CODE_PRE  shift 15
	VERB  shift 16
	LATEX  shift 17
	Target  shift 18
	LBRACE  shift 19
	ELE_REF  shift 20
	VAL_REF  shift 21
	TYP_REF  shift 22
	EXC_REF  shift 23
	MOD_REF  shift 24
	MODT_REF  shift 25
	CLA_REF  shift 26
	CLT_REF  shift 27
	ATT_REF  shift 28
	MET_REF  shift 29
	SEC_REF  shift 30
	MOD_LIST_REF  shift 31
	INDEX_LIST  shift 32
	SUPERSCRIPT  shift 33
	SUBSCRIPT  shift 34
	BEGIN_SHORTCUT_LIST_ITEM  shift 35
	BEGIN_SHORTCUT_ENUM_ITEM  shift 36
	BLANK_LINE  shift 37
	Char  shift 39
	.  error

	text  goto 51
	text_element_list  goto 42
	text_element  goto 43
	ele_ref_kind  goto 44
	string  goto 45


state 9
	text_element : ITALIC . text END  (19)

	Title  shift 3
	BOLD  shift 4
	EMP  shift 5
	CENTER  shift 6
	LEFT  shift 7
	RIGHT  shift 8
	ITALIC  shift 9
	CUSTOM  shift 10
	LIST  shift 11
	ENUM  shift 12
	LINK  shift 13
	CODE  shift 14
	CODE_PRE  shift 15
	VERB  shift 16
	LATEX  shift 17
	Target  shift 18
	LBRACE  shift 19
	ELE_REF  shift 20
	VAL_REF  shift 21
	TYP_REF  shift 22
	EXC_REF  shift 23
	MOD_REF  shift 24
	MODT_REF  shift 25
	CLA_REF  shift 26
	CLT_REF  shift 27
	ATT_REF  shift 28
	MET_REF  shift 29
	SEC_REF  shift 30
	MOD_LIST_REF  shift 31
	INDEX_LIST  shift 32
	SUPERSCRIPT  shift 33
	SUBSCRIPT  shift 34
	BEGIN_SHORTCUT_LIST_ITEM  shift 35
	BEGIN_SHORTCUT_ENUM_ITEM  shift 36
	BLANK_LINE  shift 37
	Char  shift 39
	.  error

	text  goto 52
	text_element_list  goto 42
	text_element  goto 43
	ele_ref_kind  goto 44
	string  goto 45


state 10
	text_element : CUSTOM . text END  (20)

	Title  shift 3
	BOLD  shift 4
	EMP  shift 5
	CENTER  shift 6
	LEFT  shift 7
	RIGHT  shift 8
	ITALIC  shift 9
	CUSTOM  shift 10
	LIST  shift 11
	ENUM  shift 12
	LINK  shift 13
	CODE  shift 14
	CODE_PRE  shift 15
	VERB  shift 16
	LATEX  shift 17
	Target  shift 18
	LBRACE  shift 19
	ELE_REF  shift 20
	VAL_REF  shift 21
	TYP_REF  shift 22
	EXC_REF  shift 23
	MOD_REF  shift 24
	MODT_REF  shift 25
	CLA_REF  shift 26
	CLT_REF  shift 27
	ATT_REF  shift 28
	MET_REF  shift 29
	SEC_REF  shift 30
	MOD_LIST_REF  shift 31
	INDEX_LIST  shift 32
	SUPERSCRIPT  shift 33
	SUBSCRIPT  shift 34
	BEGIN_SHORTCUT_LIST_ITEM  shift 35
	BEGIN_SHORTCUT_ENUM_ITEM  shift 36
	BLANK_LINE  shift 37
	Char  shift 39
	.  error

	text  goto 53
	text_element_list  goto 42
	text_element  goto 43
	ele_ref_kind  goto 44
	string  goto 45


state 11
	text_element : LIST . list END  (27)

	ITEM  shift 54
	Char  shift 39
	.  error

	list  goto 55
	string  goto 56
	item  goto 57


state 12
	text_element : ENUM . list END  (28)

	ITEM  shift 54
	Char  shift 39
	.  error

	list  goto 58
	string  goto 56
	item  goto 57


state 13
	text_element : LINK . string END text END  (38)

	Char  shift 39
	.  error

	string  goto 59


state 14
	text_element : CODE . string END_CODE  (29)

	Char  shift 39
	.  error

	string  goto 60


state 15
	text_element : CODE_PRE . string END_CODE_PRE  (30)

	Char  shift 39
	.  error

	string  goto 61


state 16
	text_element : VERB . string END_VERB  (35)

	Char  shift 39
	.  error

	string  goto 62


state 17
	text_element : LATEX . string END_TARGET  (36)

	Char  shift 39
	.  error

	string  goto 63


state 18
	text_element : Target . string END_TARGET  (37)

	Char  shift 39
	.  error

	string  goto 64


state 19
	text_element : LBRACE . ele_ref_kind string END text END  (32)

	ELE_REF  shift 20
	VAL_REF  shift 21
	TYP_REF  shift 22
	EXC_REF  shift 23
	MOD_REF  shift 24
	MODT_REF  shift 25
	CLA_REF  shift 26
	CLT_REF  shift 27
	ATT_REF  shift 28
	MET_REF  shift 29
	SEC_REF  shift 30
	.  error

	ele_ref_kind  goto 65


state 20
	ele_ref_kind : ELE_REF .  (6)

	.  reduce 6


state 21
	ele_ref_kind : VAL_REF .  (7)

	.  reduce 7


state 22
	ele_ref_kind : TYP_REF .  (8)

	.  reduce 8


state 23
	ele_ref_kind : EXC_REF .  (9)

	.  reduce 9


state 24
	ele_ref_kind : MOD_REF .  (10)

	.  reduce 10


state 25
	ele_ref_kind : MODT_REF .  (11)

	.  reduce 11


state 26
	ele_ref_kind : CLA_REF .  (12)

	.  reduce 12


state 27
	ele_ref_kind : CLT_REF .  (13)

	.  reduce 13


state 28
	ele_ref_kind : ATT_REF .  (14)

	.  reduce 14


state 29
	ele_ref_kind : MET_REF .  (15)

	.  reduce 15


state 30
	ele_ref_kind : SEC_REF .  (16)

	.  reduce 16


state 31
	text_element : MOD_LIST_REF . string END  (33)

	Char  shift 39
	.  error

	string  goto 66


state 32
	text_element : INDEX_LIST .  (34)

	.  reduce 34


state 33
	text_element : SUPERSCRIPT . text END  (22)

	Title  shift 3
	BOLD  shift 4
	EMP  shift 5
	CENTER  shift 6
	LEFT  shift 7
	RIGHT  shift 8
	ITALIC  shift 9
	CUSTOM  shift 10
	LIST  shift 11
	ENUM  shift 12
	LINK  shift 13
	CODE  shift 14
	CODE_PRE  shift 15
	VERB  shift 16
	LATEX  shift 17
	Target  shift 18
	LBRACE  shift 19
	ELE_REF  shift 20
	VAL_REF  shift 21
	TYP_REF  shift 22
	EXC_REF  shift 23
	MOD_REF  shift 24
	MODT_REF  shift 25
	CLA_REF  shift 26
	CLT_REF  shift 27
	ATT_REF  shift 28
	MET_REF  shift 29
	SEC_REF  shift 30
	MOD_LIST_REF  shift 31
	INDEX_LIST  shift 32
	SUPERSCRIPT  shift 33
	SUBSCRIPT  shift 34
	BEGIN_SHORTCUT_LIST_ITEM  shift 35
	BEGIN_SHORTCUT_ENUM_ITEM  shift 36
	BLANK_LINE  shift 37
	Char  shift 39
	.  error

	text  goto 67
	text_element_list  goto 42
	text_element  goto 43
	ele_ref_kind  goto 44
	string  goto 45


state 34
	text_element : SUBSCRIPT . text END  (23)

	Title  shift 3
	BOLD  shift 4
	EMP  shift 5
	CENTER  shift 6
	LEFT  shift 7
	RIGHT  shift 8
	ITALIC  shift 9
	CUSTOM  shift 10
	LIST  shift 11
	ENUM  shift 12
	LINK  shift 13
	CODE  shift 14
	CODE_PRE  shift 15
	VERB  shift 16
	LATEX  shift 17
	Target  shift 18
	LBRACE  shift 19
	ELE_REF  shift 20
	VAL_REF  shift 21
	TYP_REF  shift 22
	EXC_REF  shift 23
	MOD_REF  shift 24
	MODT_REF  shift 25
	CLA_REF  shift 26
	CLT_REF  shift 27
	ATT_REF  shift 28
	MET_REF  shift 29
	SEC_REF  shift 30
	MOD_LIST_REF  shift 31
	INDEX_LIST  shift 32
	SUPERSCRIPT  shift 33
	SUBSCRIPT  shift 34
	BEGIN_SHORTCUT_LIST_ITEM  shift 35
	BEGIN_SHORTCUT_ENUM_ITEM  shift 36
	BLANK_LINE  shift 37
	Char  shift 39
	.  error

	text  goto 68
	text_element_list  goto 42
	text_element  goto 43
	ele_ref_kind  goto 44
	string  goto 45


state 35
	text_element : BEGIN_SHORTCUT_LIST_ITEM . shortcut_list END_SHORTCUT_LIST  (40)
	text_element : BEGIN_SHORTCUT_LIST_ITEM . shortcut_list EOF  (41)

	Title  shift 3
	BOLD  shift 4
	EMP  shift 5
	CENTER  shift 6
	LEFT  shift 7
	RIGHT  shift 8
	ITALIC  shift 9
	CUSTOM  shift 10
	LIST  shift 11
	ENUM  shift 12
	LINK  shift 13
	CODE  shift 14
	CODE_PRE  shift 15
	VERB  shift 16
	LATEX  shift 17
	Target  shift 18
	LBRACE  shift 19
	ELE_REF  shift 20
	VAL_REF  shift 21
	TYP_REF  shift 22
	EXC_REF  shift 23
	MOD_REF  shift 24
	MODT_REF  shift 25
	CLA_REF  shift 26
	CLT_REF  shift 27
	ATT_REF  shift 28
	MET_REF  shift 29
	SEC_REF  shift 30
	MOD_LIST_REF  shift 31
	INDEX_LIST  shift 32
	SUPERSCRIPT  shift 33
	SUBSCRIPT  shift 34
	BEGIN_SHORTCUT_LIST_ITEM  shift 35
	BEGIN_SHORTCUT_ENUM_ITEM  shift 36
	BLANK_LINE  shift 37
	Char  shift 39
	.  error

	text  goto 69
	text_element_list  goto 42
	text_element  goto 43
	ele_ref_kind  goto 44
	string  goto 45
	shortcut_list  goto 70


state 36
	text_element : BEGIN_SHORTCUT_ENUM_ITEM . shortcut_enum END_SHORTCUT_LIST  (42)
	text_element : BEGIN_SHORTCUT_ENUM_ITEM . shortcut_enum EOF  (43)

	Title  shift 3
	BOLD  shift 4
	EMP  shift 5
	CENTER  shift 6
	LEFT  shift 7
	RIGHT  shift 8
	ITALIC  shift 9
	CUSTOM  shift 10
	LIST  shift 11
	ENUM  shift 12
	LINK  shift 13
	CODE  shift 14
	CODE_PRE  shift 15
	VERB  shift 16
	LATEX  shift 17
	Target  shift 18
	LBRACE  shift 19
	ELE_REF  shift 20
	VAL_REF  shift 21
	TYP_REF  shift 22
	EXC_REF  shift 23
	MOD_REF  shift 24
	MODT_REF  shift 25
	CLA_REF  shift 26
	CLT_REF  shift 27
	ATT_REF  shift 28
	MET_REF  shift 29
	SEC_REF  shift 30
	MOD_LIST_REF  shift 31
	INDEX_LIST  shift 32
	SUPERSCRIPT  shift 33
	SUBSCRIPT  shift 34
	BEGIN_SHORTCUT_LIST_ITEM  shift 35
	BEGIN_SHORTCUT_ENUM_ITEM  shift 36
	BLANK_LINE  shift 37
	Char  shift 39
	.  error

	text  goto 71
	text_element_list  goto 42
	text_element  goto 43
	ele_ref_kind  goto 44
	string  goto 45
	shortcut_enum  goto 72


state 37
	text_element : BLANK_LINE .  (39)

	.  reduce 39


state 38
	main : EOF .  (2)

	.  reduce 2


39: shift/reduce conflict (shift 39, reduce 57) on Char
state 39
	string : Char .  (57)
	string : Char . string  (58)

	Char  shift 39
	END  reduce 57
	Title  reduce 57
	BOLD  reduce 57
	EMP  reduce 57
	CENTER  reduce 57
	LEFT  reduce 57
	RIGHT  reduce 57
	ITALIC  reduce 57
	CUSTOM  reduce 57
	LIST  reduce 57
	ENUM  reduce 57
	ITEM  reduce 57
	LINK  reduce 57
	CODE  reduce 57
	END_CODE  reduce 57
	CODE_PRE  reduce 57
	END_CODE_PRE  reduce 57
	VERB  reduce 57
	END_VERB  reduce 57
	LATEX  reduce 57
	Target  reduce 57
	END_TARGET  reduce 57
	LBRACE  reduce 57
	ELE_REF  reduce 57
	VAL_REF  reduce 57
	TYP_REF  reduce 57
	EXC_REF  reduce 57
	MOD_REF  reduce 57
	MODT_REF  reduce 57
	CLA_REF  reduce 57
	CLT_REF  reduce 57
	ATT_REF  reduce 57
	MET_REF  reduce 57
	SEC_REF  reduce 57
	MOD_LIST_REF  reduce 57
	INDEX_LIST  reduce 57
	SUPERSCRIPT  reduce 57
	SUBSCRIPT  reduce 57
	BEGIN_SHORTCUT_LIST_ITEM  reduce 57
	BEGIN_SHORTCUT_ENUM_ITEM  reduce 57
	SHORTCUT_LIST_ITEM  reduce 57
	SHORTCUT_ENUM_ITEM  reduce 57
	END_SHORTCUT_LIST  reduce 57
	BLANK_LINE  reduce 57
	EOF  reduce 57

	string  goto 73


state 40
	%entry% : '\001' main .  (59)

	.  reduce 59


state 41
	main : text . EOF  (1)

	EOF  shift 74
	.  error


state 42
	text : text_element_list .  (3)

	.  reduce 3


state 43
	text_element_list : text_element .  (4)
	text_element_list : text_element . text_element_list  (5)

	Title  shift 3
	BOLD  shift 4
	EMP  shift 5
	CENTER  shift 6
	LEFT  shift 7
	RIGHT  shift 8
	ITALIC  shift 9
	CUSTOM  shift 10
	LIST  shift 11
	ENUM  shift 12
	LINK  shift 13
	CODE  shift 14
	CODE_PRE  shift 15
	VERB  shift 16
	LATEX  shift 17
	Target  shift 18
	LBRACE  shift 19
	ELE_REF  shift 20
	VAL_REF  shift 21
	TYP_REF  shift 22
	EXC_REF  shift 23
	MOD_REF  shift 24
	MODT_REF  shift 25
	CLA_REF  shift 26
	CLT_REF  shift 27
	ATT_REF  shift 28
	MET_REF  shift 29
	SEC_REF  shift 30
	MOD_LIST_REF  shift 31
	INDEX_LIST  shift 32
	SUPERSCRIPT  shift 33
	SUBSCRIPT  shift 34
	BEGIN_SHORTCUT_LIST_ITEM  shift 35
	BEGIN_SHORTCUT_ENUM_ITEM  shift 36
	BLANK_LINE  shift 37
	Char  shift 39
	END  reduce 4
	SHORTCUT_LIST_ITEM  reduce 4
	SHORTCUT_ENUM_ITEM  reduce 4
	END_SHORTCUT_LIST  reduce 4
	EOF  reduce 4

	text_element_list  goto 75
	text_element  goto 43
	ele_ref_kind  goto 44
	string  goto 45


state 44
	text_element : ele_ref_kind . string END  (31)

	Char  shift 39
	.  error

	string  goto 76


state 45
	text_element : string .  (44)

	.  reduce 44


state 46
	text_element : Title text . END  (17)

	END  shift 77
	.  error


state 47
	text_element : BOLD text . END  (18)

	END  shift 78
	.  error


state 48
	text_element : EMP text . END  (21)

	END  shift 79
	.  error


state 49
	text_element : CENTER text . END  (24)

	END  shift 80
	.  error


state 50
	text_element : LEFT text . END  (25)

	END  shift 81
	.  error


state 51
	text_element : RIGHT text . END  (26)

	END  shift 82
	.  error


state 52
	text_element : ITALIC text . END  (19)

	END  shift 83
	.  error


state 53
	text_element : CUSTOM text . END  (20)

	END  shift 84
	.  error


state 54
	item : ITEM . text END  (50)

	Title  shift 3
	BOLD  shift 4
	EMP  shift 5
	CENTER  shift 6
	LEFT  shift 7
	RIGHT  shift 8
	ITALIC  shift 9
	CUSTOM  shift 10
	LIST  shift 11
	ENUM  shift 12
	LINK  shift 13
	CODE  shift 14
	CODE_PRE  shift 15
	VERB  shift 16
	LATEX  shift 17
	Target  shift 18
	LBRACE  shift 19
	ELE_REF  shift 20
	VAL_REF  shift 21
	TYP_REF  shift 22
	EXC_REF  shift 23
	MOD_REF  shift 24
	MODT_REF  shift 25
	CLA_REF  shift 26
	CLT_REF  shift 27
	ATT_REF  shift 28
	MET_REF  shift 29
	SEC_REF  shift 30
	MOD_LIST_REF  shift 31
	INDEX_LIST  shift 32
	SUPERSCRIPT  shift 33
	SUBSCRIPT  shift 34
	BEGIN_SHORTCUT_LIST_ITEM  shift 35
	BEGIN_SHORTCUT_ENUM_ITEM  shift 36
	BLANK_LINE  shift 37
	Char  shift 39
	.  error

	text  goto 85
	text_element_list  goto 42
	text_element  goto 43
	ele_ref_kind  goto 44
	string  goto 45


state 55
	text_element : LIST list . END  (27)
	list : list . string  (47)

	END  shift 86
	Char  shift 39
	.  error

	string  goto 87


56: shift/reduce conflict (shift 39, reduce 45) on Char
state 56
	list : string .  (45)
	list : string . list  (46)

	ITEM  shift 54
	Char  shift 39
	END  reduce 45

	list  goto 88
	string  goto 56
	item  goto 57


57: shift/reduce conflict (shift 39, reduce 48) on Char
state 57
	list : item .  (48)
	list : item . list  (49)

	ITEM  shift 54
	Char  shift 39
	END  reduce 48

	list  goto 89
	string  goto 56
	item  goto 57


state 58
	text_element : ENUM list . END  (28)
	list : list . string  (47)

	END  shift 90
	Char  shift 39
	.  error

	string  goto 87


state 59
	text_element : LINK string . END text END  (38)

	END  shift 91
	.  error


state 60
	text_element : CODE string . END_CODE  (29)

	END_CODE  shift 92
	.  error


state 61
	text_element : CODE_PRE string . END_CODE_PRE  (30)

	END_CODE_PRE  shift 93
	.  error


state 62
	text_element : VERB string . END_VERB  (35)

	END_VERB  shift 94
	.  error


state 63
	text_element : LATEX string . END_TARGET  (36)

	END_TARGET  shift 95
	.  error


state 64
	text_element : Target string . END_TARGET  (37)

	END_TARGET  shift 96
	.  error


state 65
	text_element : LBRACE ele_ref_kind . string END text END  (32)

	Char  shift 39
	.  error

	string  goto 97


state 66
	text_element : MOD_LIST_REF string . END  (33)

	END  shift 98
	.  error


state 67
	text_element : SUPERSCRIPT text . END  (22)

	END  shift 99
	.  error


state 68
	text_element : SUBSCRIPT text . END  (23)

	END  shift 100
	.  error


state 69
	shortcut_list : text . shortcut_list2  (51)
	shortcut_list : text .  (52)

	SHORTCUT_LIST_ITEM  shift 101
	END_SHORTCUT_LIST  reduce 52
	EOF  reduce 52

	shortcut_list2  goto 102


state 70
	text_element : BEGIN_SHORTCUT_LIST_ITEM shortcut_list . END_SHORTCUT_LIST  (40)
	text_element : BEGIN_SHORTCUT_LIST_ITEM shortcut_list . EOF  (41)

	END_SHORTCUT_LIST  shift 103
	EOF  shift 104
	.  error


state 71
	shortcut_enum : text . shortcut_enum2  (54)
	shortcut_enum : text .  (55)

	SHORTCUT_ENUM_ITEM  shift 105
	END_SHORTCUT_LIST  reduce 55
	EOF  reduce 55

	shortcut_enum2  goto 106


state 72
	text_element : BEGIN_SHORTCUT_ENUM_ITEM shortcut_enum . END_SHORTCUT_LIST  (42)
	text_element : BEGIN_SHORTCUT_ENUM_ITEM shortcut_enum . EOF  (43)

	END_SHORTCUT_LIST  shift 107
	EOF  shift 108
	.  error


state 73
	string : Char string .  (58)

	.  reduce 58


state 74
	main : text EOF .  (1)

	.  reduce 1


state 75
	text_element_list : text_element text_element_list .  (5)

	.  reduce 5


state 76
	text_element : ele_ref_kind string . END  (31)

	END  shift 109
	.  error


state 77
	text_element : Title text END .  (17)

	.  reduce 17


state 78
	text_element : BOLD text END .  (18)

	.  reduce 18


state 79
	text_element : EMP text END .  (21)

	.  reduce 21


state 80
	text_element : CENTER text END .  (24)

	.  reduce 24


state 81
	text_element : LEFT text END .  (25)

	.  reduce 25


state 82
	text_element : RIGHT text END .  (26)

	.  reduce 26


state 83
	text_element : ITALIC text END .  (19)

	.  reduce 19


state 84
	text_element : CUSTOM text END .  (20)

	.  reduce 20


state 85
	item : ITEM text . END  (50)

	END  shift 110
	.  error


state 86
	text_element : LIST list END .  (27)

	.  reduce 27


state 87
	list : list string .  (47)

	.  reduce 47


88: shift/reduce conflict (shift 39, reduce 46) on Char
state 88
	list : string list .  (46)
	list : list . string  (47)

	Char  shift 39
	END  reduce 46

	string  goto 87


89: shift/reduce conflict (shift 39, reduce 49) on Char
state 89
	list : list . string  (47)
	list : item list .  (49)

	Char  shift 39
	END  reduce 49

	string  goto 87


state 90
	text_element : ENUM list END .  (28)

	.  reduce 28


state 91
	text_element : LINK string END . text END  (38)

	Title  shift 3
	BOLD  shift 4
	EMP  shift 5
	CENTER  shift 6
	LEFT  shift 7
	RIGHT  shift 8
	ITALIC  shift 9
	CUSTOM  shift 10
	LIST  shift 11
	ENUM  shift 12
	LINK  shift 13
	CODE  shift 14
	CODE_PRE  shift 15
	VERB  shift 16
	LATEX  shift 17
	Target  shift 18
	LBRACE  shift 19
	ELE_REF  shift 20
	VAL_REF  shift 21
	TYP_REF  shift 22
	EXC_REF  shift 23
	MOD_REF  shift 24
	MODT_REF  shift 25
	CLA_REF  shift 26
	CLT_REF  shift 27
	ATT_REF  shift 28
	MET_REF  shift 29
	SEC_REF  shift 30
	MOD_LIST_REF  shift 31
	INDEX_LIST  shift 32
	SUPERSCRIPT  shift 33
	SUBSCRIPT  shift 34
	BEGIN_SHORTCUT_LIST_ITEM  shift 35
	BEGIN_SHORTCUT_ENUM_ITEM  shift 36
	BLANK_LINE  shift 37
	Char  shift 39
	.  error

	text  goto 111
	text_element_list  goto 42
	text_element  goto 43
	ele_ref_kind  goto 44
	string  goto 45


state 92
	text_element : CODE string END_CODE .  (29)

	.  reduce 29


state 93
	text_element : CODE_PRE string END_CODE_PRE .  (30)

	.  reduce 30


state 94
	text_element : VERB string END_VERB .  (35)

	.  reduce 35


state 95
	text_element : LATEX string END_TARGET .  (36)

	.  reduce 36


state 96
	text_element : Target string END_TARGET .  (37)

	.  reduce 37


state 97
	text_element : LBRACE ele_ref_kind string . END text END  (32)

	END  shift 112
	.  error


state 98
	text_element : MOD_LIST_REF string END .  (33)

	.  reduce 33


state 99
	text_element : SUPERSCRIPT text END .  (22)

	.  reduce 22


state 100
	text_element : SUBSCRIPT text END .  (23)

	.  reduce 23


state 101
	shortcut_list2 : SHORTCUT_LIST_ITEM . shortcut_list  (53)

	Title  shift 3
	BOLD  shift 4
	EMP  shift 5
	CENTER  shift 6
	LEFT  shift 7
	RIGHT  shift 8
	ITALIC  shift 9
	CUSTOM  shift 10
	LIST  shift 11
	ENUM  shift 12
	LINK  shift 13
	CODE  shift 14
	CODE_PRE  shift 15
	VERB  shift 16
	LATEX  shift 17
	Target  shift 18
	LBRACE  shift 19
	ELE_REF  shift 20
	VAL_REF  shift 21
	TYP_REF  shift 22
	EXC_REF  shift 23
	MOD_REF  shift 24
	MODT_REF  shift 25
	CLA_REF  shift 26
	CLT_REF  shift 27
	ATT_REF  shift 28
	MET_REF  shift 29
	SEC_REF  shift 30
	MOD_LIST_REF  shift 31
	INDEX_LIST  shift 32
	SUPERSCRIPT  shift 33
	SUBSCRIPT  shift 34
	BEGIN_SHORTCUT_LIST_ITEM  shift 35
	BEGIN_SHORTCUT_ENUM_ITEM  shift 36
	BLANK_LINE  shift 37
	Char  shift 39
	.  error

	text  goto 69
	text_element_list  goto 42
	text_element  goto 43
	ele_ref_kind  goto 44
	string  goto 45
	shortcut_list  goto 113


state 102
	shortcut_list : text shortcut_list2 .  (51)

	.  reduce 51


state 103
	text_element : BEGIN_SHORTCUT_LIST_ITEM shortcut_list END_SHORTCUT_LIST .  (40)

	.  reduce 40


state 104
	text_element : BEGIN_SHORTCUT_LIST_ITEM shortcut_list EOF .  (41)

	.  reduce 41


state 105
	shortcut_enum2 : SHORTCUT_ENUM_ITEM . shortcut_enum  (56)

	Title  shift 3
	BOLD  shift 4
	EMP  shift 5
	CENTER  shift 6
	LEFT  shift 7
	RIGHT  shift 8
	ITALIC  shift 9
	CUSTOM  shift 10
	LIST  shift 11
	ENUM  shift 12
	LINK  shift 13
	CODE  shift 14
	CODE_PRE  shift 15
	VERB  shift 16
	LATEX  shift 17
	Target  shift 18
	LBRACE  shift 19
	ELE_REF  shift 20
	VAL_REF  shift 21
	TYP_REF  shift 22
	EXC_REF  shift 23
	MOD_REF  shift 24
	MODT_REF  shift 25
	CLA_REF  shift 26
	CLT_REF  shift 27
	ATT_REF  shift 28
	MET_REF  shift 29
	SEC_REF  shift 30
	MOD_LIST_REF  shift 31
	INDEX_LIST  shift 32
	SUPERSCRIPT  shift 33
	SUBSCRIPT  shift 34
	BEGIN_SHORTCUT_LIST_ITEM  shift 35
	BEGIN_SHORTCUT_ENUM_ITEM  shift 36
	BLANK_LINE  shift 37
	Char  shift 39
	.  error

	text  goto 71
	text_element_list  goto 42
	text_element  goto 43
	ele_ref_kind  goto 44
	string  goto 45
	shortcut_enum  goto 114


state 106
	shortcut_enum : text shortcut_enum2 .  (54)

	.  reduce 54


state 107
	text_element : BEGIN_SHORTCUT_ENUM_ITEM shortcut_enum END_SHORTCUT_LIST .  (42)

	.  reduce 42


state 108
	text_element : BEGIN_SHORTCUT_ENUM_ITEM shortcut_enum EOF .  (43)

	.  reduce 43


state 109
	text_element : ele_ref_kind string END .  (31)

	.  reduce 31


state 110
	item : ITEM text END .  (50)

	.  reduce 50


state 111
	text_element : LINK string END text . END  (38)

	END  shift 115
	.  error


state 112
	text_element : LBRACE ele_ref_kind string END . text END  (32)

	Title  shift 3
	BOLD  shift 4
	EMP  shift 5
	CENTER  shift 6
	LEFT  shift 7
	RIGHT  shift 8
	ITALIC  shift 9
	CUSTOM  shift 10
	LIST  shift 11
	ENUM  shift 12
	LINK  shift 13
	CODE  shift 14
	CODE_PRE  shift 15
	VERB  shift 16
	LATEX  shift 17
	Target  shift 18
	LBRACE  shift 19
	ELE_REF  shift 20
	VAL_REF  shift 21
	TYP_REF  shift 22
	EXC_REF  shift 23
	MOD_REF  shift 24
	MODT_REF  shift 25
	CLA_REF  shift 26
	CLT_REF  shift 27
	ATT_REF  shift 28
	MET_REF  shift 29
	SEC_REF  shift 30
	MOD_LIST_REF  shift 31
	INDEX_LIST  shift 32
	SUPERSCRIPT  shift 33
	SUBSCRIPT  shift 34
	BEGIN_SHORTCUT_LIST_ITEM  shift 35
	BEGIN_SHORTCUT_ENUM_ITEM  shift 36
	BLANK_LINE  shift 37
	Char  shift 39
	.  error

	text  goto 116
	text_element_list  goto 42
	text_element  goto 43
	ele_ref_kind  goto 44
	string  goto 45


state 113
	shortcut_list2 : SHORTCUT_LIST_ITEM shortcut_list .  (53)

	.  reduce 53


state 114
	shortcut_enum2 : SHORTCUT_ENUM_ITEM shortcut_enum .  (56)

	.  reduce 56


state 115
	text_element : LINK string END text END .  (38)

	.  reduce 38


state 116
	text_element : LBRACE ele_ref_kind string END text . END  (32)

	END  shift 117
	.  error


state 117
	text_element : LBRACE ele_ref_kind string END text END .  (32)

	.  reduce 32


State 39 contains 1 shift/reduce conflict.
State 56 contains 1 shift/reduce conflict.
State 57 contains 1 shift/reduce conflict.
State 88 contains 1 shift/reduce conflict.
State 89 contains 1 shift/reduce conflict.


49 terminals, 14 nonterminals
60 grammar rules, 118 states
