   0  $accept : %entry% $end

   1  see_info : see_ref Desc

   2  see_ref : See_url
   3          | See_file
   4          | See_doc

   5  main : Description
   6       | EOF

   7  info_part2 : element_list EOF

   8  element_list : element
   9               | element element_list

  10  element : param
  11          | author
  12          | version
  13          | see
  14          | since
  15          | before
  16          | deprecated
  17          | raise_exc
  18          | return
  19          | custom

  20  param : T_PARAM Desc

  21  author : T_AUTHOR Desc

  22  version : T_VERSION Desc

  23  see : T_SEE Desc

  24  since : T_SINCE Desc

  25  before : T_BEFORE Desc

  26  deprecated : T_DEPRECATED Desc

  27  raise_exc : T_RAISES Desc

  28  return : T_RETURN Desc

  29  custom : T_CUSTOM Desc

  30  %entry% : '\001' main
  31          | '\002' info_part2
  32          | '\003' see_info

state 0
	$accept : . %entry% $end  (0)

	'\001'  shift 1
	'\002'  shift 2
	'\003'  shift 3
	.  error

	%entry%  goto 4


state 1
	%entry% : '\001' . main  (30)

	Description  shift 5
	EOF  shift 6
	.  error

	main  goto 7


state 2
	%entry% : '\002' . info_part2  (31)

	T_PARAM  shift 8
	T_AUTHOR  shift 9
	T_VERSION  shift 10
	T_SEE  shift 11
	T_SINCE  shift 12
	T_BEFORE  shift 13
	T_DEPRECATED  shift 14
	T_RAISES  shift 15
	T_RETURN  shift 16
	T_CUSTOM  shift 17
	.  error

	info_part2  goto 18
	element_list  goto 19
	element  goto 20
	param  goto 21
	author  goto 22
	version  goto 23
	see  goto 24
	since  goto 25
	before  goto 26
	deprecated  goto 27
	raise_exc  goto 28
	return  goto 29
	custom  goto 30


state 3
	%entry% : '\003' . see_info  (32)

	See_url  shift 31
	See_file  shift 32
	See_doc  shift 33
	.  error

	see_info  goto 34
	see_ref  goto 35


state 4
	$accept : %entry% . $end  (0)

	$end  accept


state 5
	main : Description .  (5)

	.  reduce 5


state 6
	main : EOF .  (6)

	.  reduce 6


state 7
	%entry% : '\001' main .  (30)

	.  reduce 30


state 8
	param : T_PARAM . Desc  (20)

	Desc  shift 36
	.  error


state 9
	author : T_AUTHOR . Desc  (21)

	Desc  shift 37
	.  error


state 10
	version : T_VERSION . Desc  (22)

	Desc  shift 38
	.  error


state 11
	see : T_SEE . Desc  (23)

	Desc  shift 39
	.  error


state 12
	since : T_SINCE . Desc  (24)

	Desc  shift 40
	.  error


state 13
	before : T_BEFORE . Desc  (25)

	Desc  shift 41
	.  error


state 14
	deprecated : T_DEPRECATED . Desc  (26)

	Desc  shift 42
	.  error


state 15
	raise_exc : T_RAISES . Desc  (27)

	Desc  shift 43
	.  error


state 16
	return : T_RETURN . Desc  (28)

	Desc  shift 44
	.  error


state 17
	custom : T_CUSTOM . Desc  (29)

	Desc  shift 45
	.  error


state 18
	%entry% : '\002' info_part2 .  (31)

	.  reduce 31


state 19
	info_part2 : element_list . EOF  (7)

	EOF  shift 46
	.  error


state 20
	element_list : element .  (8)
	element_list : element . element_list  (9)

	T_PARAM  shift 8
	T_AUTHOR  shift 9
	T_VERSION  shift 10
	T_SEE  shift 11
	T_SINCE  shift 12
	T_BEFORE  shift 13
	T_DEPRECATED  shift 14
	T_RAISES  shift 15
	T_RETURN  shift 16
	T_CUSTOM  shift 17
	EOF  reduce 8

	element_list  goto 47
	element  goto 20
	param  goto 21
	author  goto 22
	version  goto 23
	see  goto 24
	since  goto 25
	before  goto 26
	deprecated  goto 27
	raise_exc  goto 28
	return  goto 29
	custom  goto 30


state 21
	element : param .  (10)

	.  reduce 10


state 22
	element : author .  (11)

	.  reduce 11


state 23
	element : version .  (12)

	.  reduce 12


state 24
	element : see .  (13)

	.  reduce 13


state 25
	element : since .  (14)

	.  reduce 14


state 26
	element : before .  (15)

	.  reduce 15


state 27
	element : deprecated .  (16)

	.  reduce 16


state 28
	element : raise_exc .  (17)

	.  reduce 17


state 29
	element : return .  (18)

	.  reduce 18


state 30
	element : custom .  (19)

	.  reduce 19


state 31
	see_ref : See_url .  (2)

	.  reduce 2


state 32
	see_ref : See_file .  (3)

	.  reduce 3


state 33
	see_ref : See_doc .  (4)

	.  reduce 4


state 34
	%entry% : '\003' see_info .  (32)

	.  reduce 32


state 35
	see_info : see_ref . Desc  (1)

	Desc  shift 48
	.  error


state 36
	param : T_PARAM Desc .  (20)

	.  reduce 20


state 37
	author : T_AUTHOR Desc .  (21)

	.  reduce 21


state 38
	version : T_VERSION Desc .  (22)

	.  reduce 22


state 39
	see : T_SEE Desc .  (23)

	.  reduce 23


state 40
	since : T_SINCE Desc .  (24)

	.  reduce 24


state 41
	before : T_BEFORE Desc .  (25)

	.  reduce 25


state 42
	deprecated : T_DEPRECATED Desc .  (26)

	.  reduce 26


state 43
	raise_exc : T_RAISES Desc .  (27)

	.  reduce 27


state 44
	return : T_RETURN Desc .  (28)

	.  reduce 28


state 45
	custom : T_CUSTOM Desc .  (29)

	.  reduce 29


state 46
	info_part2 : element_list EOF .  (7)

	.  reduce 7


state 47
	element_list : element element_list .  (9)

	.  reduce 9


state 48
	see_info : see_ref Desc .  (1)

	.  reduce 1


21 terminals, 18 nonterminals
33 grammar rules, 49 states
