This file contains any messages produced by compilers while
running configure, to aid debugging if configure makes a mistake.

It was created by WindowsWMProto configure 1.0.3, which was
generated by GNU Autoconf 2.59.  Invocation command line was

  $ ./configure 

## --------- ##
## Platform. ##
## --------- ##

hostname = Chriss-iPad
uname -m = iPad1,1
uname -r = 10.4.0
uname -s = Darwin
uname -v = Darwin Kernel Version 10.4.0: Wed Oct 20 20:14:45 PDT 2010; root:xnu-1504.58.28~3/RELEASE_ARM_S5L8930X

/usr/bin/uname -p = unknown
/bin/uname -X     = unknown

/bin/arch              = unknown
/usr/bin/arch -k       = unknown
/usr/convex/getsysinfo = unknown
hostinfo               = Mach kernel version:
	 Darwin Kernel Version 10.4.0: Wed Oct 20 20:14:45 PDT 2010; root:xnu-1504.58.28~3/RELEASE_ARM_S5L8930X
Kernel configured for a single processor only.
1 processor is physically available.
1 processor is logically available.
Processor type: armv7 (arm v7)
Processor active: 0
Primary memory available: 247.00 megabytes
Default processor set: 31 tasks, 233 threads, 1 processors
Load average: 1.47, Mach factor: 0.52
/bin/machine           = unknown
/usr/bin/oslevel       = unknown
/bin/universe          = unknown

PATH: /usr/local/sbin
PATH: /usr/local/bin
PATH: /usr/sbin
PATH: /usr/bin
PATH: /sbin
PATH: /bin
PATH: /usr/bin/X11
PATH: /usr/games
PATH: /var/mobile/ocaml-3.12.0/bin


## ----------- ##
## Core tests. ##
## ----------- ##

configure:1282: checking for a BSD-compatible install
configure:1337: result: /usr/bin/install -c
configure:1348: checking whether build environment is sane
configure:1391: result: yes
configure:1424: checking for gawk
configure:1440: found /usr/bin/gawk
configure:1450: result: gawk
configure:1460: checking whether make sets $(MAKE)
configure:1480: result: yes
configure:1789: creating ./config.status

## ---------------------- ##
## Running config.status. ##
## ---------------------- ##

This file was extended by WindowsWMProto config.status 1.0.3, which was
generated by GNU Autoconf 2.59.  Invocation command line was

  CONFIG_FILES    = 
  CONFIG_HEADERS  = 
  CONFIG_LINKS    = 
  CONFIG_COMMANDS = 
  $ ./config.status 

on Chriss-iPad

config.status:649: creating Makefile
config.status:649: creating windowswmproto.pc

## ---------------- ##
## Cache variables. ##
## ---------------- ##

ac_cv_env_build_alias_set=
ac_cv_env_build_alias_value=
ac_cv_env_host_alias_set=
ac_cv_env_host_alias_value=
ac_cv_env_target_alias_set=
ac_cv_env_target_alias_value=
ac_cv_path_install='/usr/bin/install -c'
ac_cv_prog_AWK=gawk
ac_cv_prog_make_make_set=yes

## ----------------- ##
## Output variables. ##
## ----------------- ##

ACLOCAL='${SHELL} /home/chris/xorg/windowswmproto-1.0.3/missing --run aclocal-1.7'
AMTAR='${SHELL} /home/chris/xorg/windowswmproto-1.0.3/missing --run tar'
AUTOCONF='${SHELL} /home/chris/xorg/windowswmproto-1.0.3/missing --run autoconf'
AUTOHEADER='${SHELL} /home/chris/xorg/windowswmproto-1.0.3/missing --run autoheader'
AUTOMAKE='${SHELL} /home/chris/xorg/windowswmproto-1.0.3/missing --run automake-1.7'
AWK='gawk'
CYGPATH_W='echo'
DEFS='-DPACKAGE_NAME=\"WindowsWMProto\" -DPACKAGE_TARNAME=\"windowswmproto\" -DPACKAGE_VERSION=\"1.0.3\" -DPACKAGE_STRING=\"WindowsWMProto\ 1.0.3\" -DPACKAGE_BUGREPORT=\"https://bugs.freedesktop.org/enter_bug.cgi\?product=xorg\" -DPACKAGE=\"windowswmproto\" -DVERSION=\"1.0.3\" '
ECHO_C=''
ECHO_N='-n'
ECHO_T=''
INSTALL_DATA='${INSTALL} -m 644'
INSTALL_PROGRAM='${INSTALL}'
INSTALL_SCRIPT='${INSTALL}'
INSTALL_STRIP_PROGRAM='${SHELL} $(install_sh) -c -s'
LIBOBJS=''
LIBS=''
LTLIBOBJS=''
MAKEINFO='${SHELL} /home/chris/xorg/windowswmproto-1.0.3/missing --run makeinfo'
PACKAGE='windowswmproto'
PACKAGE_BUGREPORT='https://bugs.freedesktop.org/enter_bug.cgi?product=xorg'
PACKAGE_NAME='WindowsWMProto'
PACKAGE_STRING='WindowsWMProto 1.0.3'
PACKAGE_TARNAME='windowswmproto'
PACKAGE_VERSION='1.0.3'
PATH_SEPARATOR=':'
SET_MAKE=''
SHELL='/bin/sh'
STRIP=''
VERSION='1.0.3'
ac_ct_STRIP=''
am__leading_dot='.'
bindir='${exec_prefix}/bin'
build_alias=''
datadir='${prefix}/share'
exec_prefix='${prefix}'
host_alias=''
includedir='${prefix}/include'
infodir='${prefix}/info'
install_sh='/home/chris/xorg/windowswmproto-1.0.3/install-sh'
libdir='${exec_prefix}/lib'
libexecdir='${exec_prefix}/libexec'
localstatedir='${prefix}/var'
mandir='${prefix}/man'
oldincludedir='/usr/include'
prefix='/usr/local'
program_transform_name='s,x,x,'
sbindir='${exec_prefix}/sbin'
sharedstatedir='${prefix}/com'
sysconfdir='${prefix}/etc'
target_alias=''

## ----------- ##
## confdefs.h. ##
## ----------- ##

#define PACKAGE "windowswmproto"
#define PACKAGE_BUGREPORT "https://bugs.freedesktop.org/enter_bug.cgi?product=xorg"
#define PACKAGE_NAME "WindowsWMProto"
#define PACKAGE_STRING "WindowsWMProto 1.0.3"
#define PACKAGE_TARNAME "windowswmproto"
#define PACKAGE_VERSION "1.0.3"
#define VERSION "1.0.3"

configure: exit 0
