This file contains any messages produced by compilers while
running configure, to aid debugging if configure makes a mistake.

It was created by xkbcomp configure 1.0.5, which was
generated by GNU Autoconf 2.61.  Invocation command line was

  $ ./configure 

## --------- ##
## Platform. ##
## --------- ##

hostname = Chriss-iPad
uname -m = iPad1,1
uname -r = 10.4.0
uname -s = Darwin
uname -v = Darwin Kernel Version 10.4.0: Wed Oct 20 20:14:45 PDT 2010; root:xnu-1504.58.28~3/RELEASE_ARM_S5L8930X

/usr/bin/uname -p = unknown
/bin/uname -X     = unknown

/bin/arch              = unknown
/usr/bin/arch -k       = unknown
/usr/convex/getsysinfo = unknown
/usr/bin/hostinfo      = Mach kernel version:
	 Darwin Kernel Version 10.4.0: Wed Oct 20 20:14:45 PDT 2010; root:xnu-1504.58.28~3/RELEASE_ARM_S5L8930X
Kernel configured for a single processor only.
1 processor is physically available.
1 processor is logically available.
Processor type: armv7 (arm v7)
Processor active: 0
Primary memory available: 247.00 megabytes
Default processor set: 35 tasks, 249 threads, 1 processors
Load average: 2.30, Mach factor: 0.29
/bin/machine           = unknown
/usr/bin/oslevel       = unknown
/bin/universe          = unknown

PATH: /usr/local/sbin
PATH: /usr/local/bin
PATH: /usr/sbin
PATH: /usr/bin
PATH: /sbin
PATH: /bin
PATH: /usr/bin/X11
PATH: /usr/games
PATH: /var/mobile/ocaml-3.12.0/bin


## ----------- ##
## Core tests. ##
## ----------- ##

configure:1786: checking for a BSD-compatible install
configure:1842: result: /usr/bin/install -c
configure:1853: checking whether build environment is sane
configure:1896: result: yes
configure:1924: checking for a thread-safe mkdir -p
configure:1963: result: /bin/mkdir -p
configure:1976: checking for gawk
configure:1992: found /usr/bin/gawk
configure:2003: result: gawk
configure:2014: checking whether make sets $(MAKE)
configure:2035: result: yes
configure:2223: checking whether to enable maintainer-specific portions of Makefiles
configure:2232: result: no
configure:2297: checking for gcc
configure:2324: result: /usr/bin/gcc
configure:2562: checking for C compiler version
configure:2569: /usr/bin/gcc --version >&5
gcc (GCC) 4.2.1 (Based on Apple Inc. build 5555)
Copyright (C) 2007 Free Software Foundation, Inc.
This is free software; see the source for copying conditions.  There is NO
warranty; not even for MERCHANTABILITY or FITNESS FOR A PARTICULAR PURPOSE.

configure:2572: $? = 0
configure:2579: /usr/bin/gcc -v >&5
Using built-in specs.
Target: arm-apple-darwin9
Configured with: ../llvm-gcc-4.2/configure --build=x86_64-unknown-linux-gnu --host=arm-apple-darwin9 --enable-static=no --enable-shared=yes --prefix=/usr --localstatedir=/var/cache/iphone-gcc --enable-languages=c,c++,objc,obj-c++ --enable-wchar_t=no --with-gxx-include-dir=/usr/include/c++/4.0.0
Thread model: posix
gcc version 4.2.1 (Based on Apple Inc. build 5555)
configure:2582: $? = 0
configure:2589: /usr/bin/gcc -V >&5
gcc: '-V' option must have argument
configure:2592: $? = 1
configure:2615: checking for C compiler default output file name
configure:2642: /usr/bin/gcc    conftest.c  >&5
configure:2645: $? = 0
configure:2683: result: a.out
configure:2700: checking whether the C compiler works
configure:2710: ./a.out
configure:2713: $? = 0
configure:2730: result: yes
configure:2737: checking whether we are cross compiling
configure:2739: result: no
configure:2742: checking for suffix of executables
configure:2749: /usr/bin/gcc -o conftest    conftest.c  >&5
configure:2752: $? = 0
configure:2776: result: 
configure:2782: checking for suffix of object files
configure:2808: /usr/bin/gcc -c   conftest.c >&5
configure:2811: $? = 0
configure:2834: result: o
configure:2838: checking whether we are using the GNU C compiler
configure:2867: /usr/bin/gcc -c   conftest.c >&5
configure:2873: $? = 0
configure:2890: result: yes
configure:2895: checking whether /usr/bin/gcc accepts -g
configure:2925: /usr/bin/gcc -c -g  conftest.c >&5
configure:2931: $? = 0
configure:3030: result: yes
configure:3047: checking for /usr/bin/gcc option to accept ISO C89
configure:3121: /usr/bin/gcc  -c -g -O2  conftest.c >&5
configure:3127: $? = 0
configure:3150: result: none needed
configure:3179: checking for style of include used by make
configure:3207: result: GNU
configure:3232: checking dependency style of /usr/bin/gcc
configure:3323: result: gcc3
configure:3342: checking for bison
configure:3358: found /usr/bin/bison
configure:3369: result: bison -y
configure:3394: checking for a BSD-compatible install
configure:3450: result: /usr/bin/install -c
configure:3512: checking for pkg-config
configure:3530: found /usr/bin/pkg-config
configure:3542: result: /usr/bin/pkg-config
configure:3571: checking pkg-config is at least version 0.9.0
configure:3574: result: yes
configure:3585: checking for XKBCOMP
configure:3593: $PKG_CONFIG --exists --print-errors "x11 xkbfile"
configure:3596: $? = 0
configure:3611: $PKG_CONFIG --exists --print-errors "x11 xkbfile"
configure:3614: $? = 0
configure:3690: result: yes
configure:3703: checking build system type
configure:3721: result: arm-apple-darwin10.4.0
configure:3743: checking host system type
configure:3758: result: arm-apple-darwin10.4.0
configure:4014: creating ./config.status

## ---------------------- ##
## Running config.status. ##
## ---------------------- ##

This file was extended by xkbcomp config.status 1.0.5, which was
generated by GNU Autoconf 2.61.  Invocation command line was

  CONFIG_FILES    = 
  CONFIG_HEADERS  = 
  CONFIG_LINKS    = 
  CONFIG_COMMANDS = 
  $ ./config.status 

on Chriss-iPad

config.status:663: creating Makefile
config.status:663: creating config.h
config.status:882: config.h is unchanged
config.status:929: executing depfiles commands

## ---------------- ##
## Cache variables. ##
## ---------------- ##

ac_cv_build=arm-apple-darwin10.4.0
ac_cv_c_compiler_gnu=yes
ac_cv_env_CC_set=set
ac_cv_env_CC_value=/usr/bin/gcc
ac_cv_env_CFLAGS_set=
ac_cv_env_CFLAGS_value=
ac_cv_env_CPPFLAGS_set=
ac_cv_env_CPPFLAGS_value=
ac_cv_env_LDFLAGS_set=
ac_cv_env_LDFLAGS_value=
ac_cv_env_LIBS_set=
ac_cv_env_LIBS_value=
ac_cv_env_PKG_CONFIG_set=
ac_cv_env_PKG_CONFIG_value=
ac_cv_env_XKBCOMP_CFLAGS_set=
ac_cv_env_XKBCOMP_CFLAGS_value=
ac_cv_env_XKBCOMP_LIBS_set=
ac_cv_env_XKBCOMP_LIBS_value=
ac_cv_env_YACC_set=
ac_cv_env_YACC_value=
ac_cv_env_YFLAGS_set=
ac_cv_env_YFLAGS_value=
ac_cv_env_build_alias_set=
ac_cv_env_build_alias_value=
ac_cv_env_host_alias_set=
ac_cv_env_host_alias_value=
ac_cv_env_target_alias_set=
ac_cv_env_target_alias_value=
ac_cv_host=arm-apple-darwin10.4.0
ac_cv_objext=o
ac_cv_path_ac_pt_PKG_CONFIG=/usr/bin/pkg-config
ac_cv_path_install='/usr/bin/install -c'
ac_cv_path_mkdir=/bin/mkdir
ac_cv_prog_AWK=gawk
ac_cv_prog_YACC='bison -y'
ac_cv_prog_ac_ct_CC=/usr/bin/gcc
ac_cv_prog_cc_c89=
ac_cv_prog_cc_g=yes
ac_cv_prog_make_make_set=yes
am_cv_CC_dependencies_compiler_type=gcc3
pkg_cv_XKBCOMP_CFLAGS=' '
pkg_cv_XKBCOMP_LIBS='-L/usr/local/lib -lX11 -lxkbfile  '

## ----------------- ##
## Output variables. ##
## ----------------- ##

ACLOCAL='${SHELL} /home/chris/xorg/xkbcomp-1.0.5/missing --run aclocal-1.10'
ADMIN_MAN_DIR='$(mandir)/man$(ADMIN_MAN_SUFFIX)'
ADMIN_MAN_SUFFIX='8'
AMDEPBACKSLASH='\'
AMDEP_FALSE='#'
AMDEP_TRUE=''
AMTAR='${SHELL} /home/chris/xorg/xkbcomp-1.0.5/missing --run tar'
APP_MAN_DIR='$(mandir)/man$(APP_MAN_SUFFIX)'
APP_MAN_SUFFIX='1'
AUTOCONF='${SHELL} /home/chris/xorg/xkbcomp-1.0.5/missing --run autoconf'
AUTOHEADER='${SHELL} /home/chris/xorg/xkbcomp-1.0.5/missing --run autoheader'
AUTOMAKE='${SHELL} /home/chris/xorg/xkbcomp-1.0.5/missing --run automake-1.10'
AWK='gawk'
CC='/usr/bin/gcc'
CCDEPMODE='depmode=gcc3'
CFLAGS='-g -O2'
CPPFLAGS=''
CYGPATH_W='echo'
DEFS='-DHAVE_CONFIG_H'
DEPDIR='.deps'
DRIVER_MAN_DIR='$(mandir)/man$(DRIVER_MAN_SUFFIX)'
DRIVER_MAN_SUFFIX='4'
ECHO_C=''
ECHO_N='-n'
ECHO_T=''
EXEEXT=''
FILE_MAN_DIR='$(mandir)/man$(FILE_MAN_SUFFIX)'
FILE_MAN_SUFFIX='5'
INSTALL_DATA='${INSTALL} -m 644'
INSTALL_PROGRAM='${INSTALL}'
INSTALL_SCRIPT='${INSTALL}'
INSTALL_STRIP_PROGRAM='$(install_sh) -c -s'
LDFLAGS=''
LIBOBJS=''
LIBS=''
LIB_MAN_DIR='$(mandir)/man$(LIB_MAN_SUFFIX)'
LIB_MAN_SUFFIX='3'
LTLIBOBJS=''
MAINT='#'
MAINTAINER_MODE_FALSE=''
MAINTAINER_MODE_TRUE='#'
MAKEINFO='${SHELL} /home/chris/xorg/xkbcomp-1.0.5/missing --run makeinfo'
MISC_MAN_DIR='$(mandir)/man$(MISC_MAN_SUFFIX)'
MISC_MAN_SUFFIX='7'
OBJEXT='o'
PACKAGE='xkbcomp'
PACKAGE_BUGREPORT='https://bugs.freedesktop.org/enter_bug.cgi?product=xorg'
PACKAGE_NAME='xkbcomp'
PACKAGE_STRING='xkbcomp 1.0.5'
PACKAGE_TARNAME='xkbcomp'
PACKAGE_VERSION='1.0.5'
PATH_SEPARATOR=':'
PKG_CONFIG='/usr/bin/pkg-config'
SET_MAKE=''
SHELL='/bin/sh'
STRIP=''
VERSION='1.0.5'
XKBCOMP_CFLAGS=' '
XKBCOMP_LIBS='-L/usr/local/lib -lX11 -lxkbfile  '
YACC='bison -y'
YFLAGS=''
ac_ct_CC='/usr/bin/gcc'
am__fastdepCC_FALSE='#'
am__fastdepCC_TRUE=''
am__include='include'
am__isrc=''
am__leading_dot='.'
am__quote=''
am__tar='${AMTAR} chof - "$$tardir"'
am__untar='${AMTAR} xf -'
bindir='${exec_prefix}/bin'
build='arm-apple-darwin10.4.0'
build_alias=''
build_cpu='arm'
build_os='darwin10.4.0'
build_vendor='apple'
datadir='${datarootdir}'
datarootdir='${prefix}/share'
docdir='${datarootdir}/doc/${PACKAGE_TARNAME}'
dvidir='${docdir}'
exec_prefix='${prefix}'
host='arm-apple-darwin10.4.0'
host_alias=''
host_cpu='arm'
host_os='darwin10.4.0'
host_vendor='apple'
htmldir='${docdir}'
includedir='${prefix}/include'
infodir='${datarootdir}/info'
install_sh='$(SHELL) /home/chris/xorg/xkbcomp-1.0.5/install-sh'
libdir='${exec_prefix}/lib'
libexecdir='${exec_prefix}/libexec'
localedir='${datarootdir}/locale'
localstatedir='${prefix}/var'
mandir='${datarootdir}/man'
mkdir_p='/bin/mkdir -p'
oldincludedir='/usr/include'
pdfdir='${docdir}'
prefix='/usr/local'
program_transform_name='s,x,x,'
psdir='${docdir}'
sbindir='${exec_prefix}/sbin'
sharedstatedir='${prefix}/com'
sysconfdir='${prefix}/etc'
target_alias=''

## ----------- ##
## confdefs.h. ##
## ----------- ##

#define PACKAGE_NAME "xkbcomp"
#define PACKAGE_TARNAME "xkbcomp"
#define PACKAGE_VERSION "1.0.5"
#define PACKAGE_STRING "xkbcomp 1.0.5"
#define PACKAGE_BUGREPORT "https://bugs.freedesktop.org/enter_bug.cgi?product=xorg"
#define PACKAGE "xkbcomp"
#define VERSION "1.0.5"
#define PACKAGE_VERSION_MAJOR 1
#define PACKAGE_VERSION_MINOR 0
#define PACKAGE_VERSION_PATCHLEVEL 5

configure: exit 0
