This file contains any messages produced by compilers while
running configure, to aid debugging if configure makes a mistake.

It was created by makedepend configure 1.0.1, which was
generated by GNU Autoconf 2.59.  Invocation command line was

  $ ./configure 

## --------- ##
## Platform. ##
## --------- ##

hostname = Chriss-iPad
uname -m = iPad1,1
uname -r = 10.4.0
uname -s = Darwin
uname -v = Darwin Kernel Version 10.4.0: Wed Oct 20 20:14:45 PDT 2010; root:xnu-1504.58.28~3/RELEASE_ARM_S5L8930X

/usr/bin/uname -p = unknown
/bin/uname -X     = unknown

/bin/arch              = unknown
/usr/bin/arch -k       = unknown
/usr/convex/getsysinfo = unknown
hostinfo               = Mach kernel version:
	 Darwin Kernel Version 10.4.0: Wed Oct 20 20:14:45 PDT 2010; root:xnu-1504.58.28~3/RELEASE_ARM_S5L8930X
Kernel configured for a single processor only.
1 processor is physically available.
1 processor is logically available.
Processor type: armv7 (arm v7)
Processor active: 0
Primary memory available: 247.00 megabytes
Default processor set: 46 tasks, 241 threads, 1 processors
Load average: 2.90, Mach factor: 0.25
/bin/machine           = unknown
/usr/bin/oslevel       = unknown
/bin/universe          = unknown

PATH: /usr/local/sbin
PATH: /usr/local/bin
PATH: /usr/sbin
PATH: /usr/bin
PATH: /sbin
PATH: /bin
PATH: /usr/bin/X11
PATH: /usr/games
PATH: /var/mobile/ocaml-3.12.0/bin


## ----------- ##
## Core tests. ##
## ----------- ##

configure:1335: checking for a BSD-compatible install
configure:1390: result: /usr/bin/install -c
configure:1401: checking whether build environment is sane
configure:1444: result: yes
configure:1509: checking for gawk
configure:1525: found /usr/bin/gawk
configure:1535: result: gawk
configure:1545: checking whether make sets $(MAKE)
configure:1565: result: yes
configure:1782: checking for gcc
configure:1808: result: /usr/bin/gcc
configure:2052: checking for C compiler version
configure:2055: /usr/bin/gcc --version </dev/null >&5
gcc (GCC) 4.2.1 (Based on Apple Inc. build 5555)
Copyright (C) 2007 Free Software Foundation, Inc.
This is free software; see the source for copying conditions.  There is NO
warranty; not even for MERCHANTABILITY or FITNESS FOR A PARTICULAR PURPOSE.

configure:2058: $? = 0
configure:2060: /usr/bin/gcc -v </dev/null >&5
Using built-in specs.
Target: arm-apple-darwin9
Configured with: ../llvm-gcc-4.2/configure --build=x86_64-unknown-linux-gnu --host=arm-apple-darwin9 --enable-static=no --enable-shared=yes --prefix=/usr --localstatedir=/var/cache/iphone-gcc --enable-languages=c,c++,objc,obj-c++ --enable-wchar_t=no --with-gxx-include-dir=/usr/include/c++/4.0.0
Thread model: posix
gcc version 4.2.1 (Based on Apple Inc. build 5555)
configure:2063: $? = 0
configure:2065: /usr/bin/gcc -V </dev/null >&5
gcc: '-V' option must have argument
configure:2068: $? = 1
configure:2091: checking for C compiler default output file name
configure:2094: /usr/bin/gcc    conftest.c  >&5
configure:2097: $? = 0
configure:2143: result: a.out
configure:2148: checking whether the C compiler works
configure:2154: ./a.out
configure:2157: $? = 0
configure:2174: result: yes
configure:2181: checking whether we are cross compiling
configure:2183: result: no
configure:2186: checking for suffix of executables
configure:2188: /usr/bin/gcc -o conftest    conftest.c  >&5
configure:2191: $? = 0
configure:2216: result: 
configure:2222: checking for suffix of object files
configure:2243: /usr/bin/gcc -c   conftest.c >&5
configure:2246: $? = 0
configure:2268: result: o
configure:2272: checking whether we are using the GNU C compiler
configure:2296: /usr/bin/gcc -c   conftest.c >&5
configure:2302: $? = 0
configure:2306: test -z 
			 || test ! -s conftest.err
configure:2309: $? = 0
configure:2312: test -s conftest.o
configure:2315: $? = 0
configure:2328: result: yes
configure:2334: checking whether /usr/bin/gcc accepts -g
configure:2355: /usr/bin/gcc -c -g  conftest.c >&5
configure:2361: $? = 0
configure:2365: test -z 
			 || test ! -s conftest.err
configure:2368: $? = 0
configure:2371: test -s conftest.o
configure:2374: $? = 0
configure:2385: result: yes
configure:2402: checking for /usr/bin/gcc option to accept ANSI C
configure:2472: /usr/bin/gcc  -c -g -O2  conftest.c >&5
configure:2478: $? = 0
configure:2482: test -z 
			 || test ! -s conftest.err
configure:2485: $? = 0
configure:2488: test -s conftest.o
configure:2491: $? = 0
configure:2509: result: none needed
configure:2527: /usr/bin/gcc -c -g -O2  conftest.c >&5
conftest.c:2: error: expected '=', ',', ';', 'asm' or '__attribute__' before 'me'
configure:2533: $? = 1
configure: failed program was:
| #ifndef __cplusplus
|   choke me
| #endif
configure:2677: checking for style of include used by make
configure:2705: result: GNU
configure:2733: checking dependency style of /usr/bin/gcc
configure:2823: result: gcc3
configure:2842: checking return type of signal handlers
configure:2873: /usr/bin/gcc -c -g -O2  conftest.c >&5
configure:2879: $? = 0
configure:2883: test -z 
			 || test ! -s conftest.err
configure:2886: $? = 0
configure:2889: test -s conftest.o
configure:2892: $? = 0
configure:2903: result: void
configure:2917: checking for rename
configure:2974: /usr/bin/gcc -o conftest -g -O2   conftest.c  >&5
configure:2980: $? = 0
configure:2984: test -z 
			 || test ! -s conftest.err
configure:2987: $? = 0
configure:2990: test -s conftest
configure:2993: $? = 0
configure:3005: result: yes
configure:2917: checking for fchmod
configure:2974: /usr/bin/gcc -o conftest -g -O2   conftest.c  >&5
configure:2980: $? = 0
configure:2984: test -z 
			 || test ! -s conftest.err
configure:2987: $? = 0
configure:2990: test -s conftest
configure:2993: $? = 0
configure:3005: result: yes
configure:3023: checking for special C compiler options needed for large files
configure:3122: result: no
configure:3128: checking for _FILE_OFFSET_BITS value needed for large files
configure:3159: /usr/bin/gcc -c -g -O2  conftest.c >&5
configure:3165: $? = 0
configure:3169: test -z 
			 || test ! -s conftest.err
configure:3172: $? = 0
configure:3175: test -s conftest.o
configure:3178: $? = 0
configure:3243: result: no
configure:3253: checking for _LARGE_FILES value needed for large files
configure:3284: /usr/bin/gcc -c -g -O2  conftest.c >&5
configure:3290: $? = 0
configure:3294: test -z 
			 || test ! -s conftest.err
configure:3297: $? = 0
configure:3300: test -s conftest.o
configure:3303: $? = 0
configure:3368: result: no
configure:3429: checking for pkg-config
configure:3447: found /usr/bin/pkg-config
configure:3459: result: /usr/bin/pkg-config
configure:3474: checking pkg-config is at least version 0.9.0
configure:3477: result: yes
configure:3488: checking for X
configure:3493: $PKG_CONFIG --exists --print-errors "xproto"
configure:3496: $? = 0
configure:3507: $PKG_CONFIG --exists --print-errors "xproto"
configure:3510: $? = 0
configure:3565: result: yes
configure:3577: checking build system type
configure:3595: result: arm-apple-darwin10.4.0
configure:3603: checking host system type
configure:3617: result: arm-apple-darwin10.4.0
configure:3846: creating ./config.status

## ---------------------- ##
## Running config.status. ##
## ---------------------- ##

This file was extended by makedepend config.status 1.0.1, which was
generated by GNU Autoconf 2.59.  Invocation command line was

  CONFIG_FILES    = 
  CONFIG_HEADERS  = 
  CONFIG_LINKS    = 
  CONFIG_COMMANDS = 
  $ ./config.status 

on Chriss-iPad

config.status:711: creating Makefile
config.status:815: creating makedepend-config.h
config.status:1093: executing depfiles commands

## ---------------- ##
## Cache variables. ##
## ---------------- ##

ac_cv_build=arm-apple-darwin10.4.0
ac_cv_build_alias=arm-apple-darwin10.4.0
ac_cv_c_compiler_gnu=yes
ac_cv_env_CC_set=set
ac_cv_env_CC_value=/usr/bin/gcc
ac_cv_env_CFLAGS_set=
ac_cv_env_CFLAGS_value=
ac_cv_env_CPPFLAGS_set=
ac_cv_env_CPPFLAGS_value=
ac_cv_env_LDFLAGS_set=
ac_cv_env_LDFLAGS_value=
ac_cv_env_PKG_CONFIG_set=
ac_cv_env_PKG_CONFIG_value=
ac_cv_env_X_CFLAGS_set=
ac_cv_env_X_CFLAGS_value=
ac_cv_env_X_LIBS_set=
ac_cv_env_X_LIBS_value=
ac_cv_env_build_alias_set=
ac_cv_env_build_alias_value=
ac_cv_env_host_alias_set=
ac_cv_env_host_alias_value=
ac_cv_env_target_alias_set=
ac_cv_env_target_alias_value=
ac_cv_exeext=
ac_cv_func_fchmod=yes
ac_cv_func_rename=yes
ac_cv_host=arm-apple-darwin10.4.0
ac_cv_host_alias=arm-apple-darwin10.4.0
ac_cv_objext=o
ac_cv_path_ac_pt_PKG_CONFIG=/usr/bin/pkg-config
ac_cv_path_install='/usr/bin/install -c'
ac_cv_prog_AWK=gawk
ac_cv_prog_ac_ct_CC=/usr/bin/gcc
ac_cv_prog_cc_g=yes
ac_cv_prog_cc_stdc=
ac_cv_prog_make_make_set=yes
ac_cv_sys_file_offset_bits=no
ac_cv_sys_large_files=no
ac_cv_sys_largefile_CC=no
ac_cv_type_signal=void
am_cv_CC_dependencies_compiler_type=gcc3
pkg_cv_X_CFLAGS=' '
pkg_cv_X_LIBS=' '

## ----------------- ##
## Output variables. ##
## ----------------- ##

ACLOCAL='${SHELL} /home/chris/xorg/makedepend-1.0.1/missing --run aclocal-1.9'
ADMIN_MAN_DIR='$(mandir)/man$(ADMIN_MAN_SUFFIX)'
ADMIN_MAN_SUFFIX='8'
AMDEPBACKSLASH='\'
AMDEP_FALSE='#'
AMDEP_TRUE=''
AMTAR='${SHELL} /home/chris/xorg/makedepend-1.0.1/missing --run tar'
APP_MAN_DIR='$(mandir)/man$(APP_MAN_SUFFIX)'
APP_MAN_SUFFIX='1'
AUTOCONF='${SHELL} /home/chris/xorg/makedepend-1.0.1/missing --run autoconf'
AUTOHEADER='${SHELL} /home/chris/xorg/makedepend-1.0.1/missing --run autoheader'
AUTOMAKE='${SHELL} /home/chris/xorg/makedepend-1.0.1/missing --run automake-1.9'
AWK='gawk'
CC='/usr/bin/gcc'
CCDEPMODE='depmode=gcc3'
CFLAGS='-g -O2'
CPPFLAGS=''
CYGPATH_W='echo'
DEFS='-DHAVE_CONFIG_H'
DEPDIR='.deps'
DRIVER_MAN_DIR='$(mandir)/man$(DRIVER_MAN_SUFFIX)'
DRIVER_MAN_SUFFIX='4'
ECHO_C=''
ECHO_N='-n'
ECHO_T=''
EXEEXT=''
FILE_MAN_DIR='$(mandir)/man$(FILE_MAN_SUFFIX)'
FILE_MAN_SUFFIX='5'
INSTALL_DATA='${INSTALL} -m 644'
INSTALL_PROGRAM='${INSTALL}'
INSTALL_SCRIPT='${INSTALL}'
INSTALL_STRIP_PROGRAM='${SHELL} $(install_sh) -c -s'
LDFLAGS=''
LIBOBJS=''
LIBS=''
LIB_MAN_DIR='$(mandir)/man$(LIB_MAN_SUFFIX)'
LIB_MAN_SUFFIX='3'
LTLIBOBJS=''
MAKEINFO='${SHELL} /home/chris/xorg/makedepend-1.0.1/missing --run makeinfo'
MISC_MAN_DIR='$(mandir)/man$(MISC_MAN_SUFFIX)'
MISC_MAN_SUFFIX='7'
OBJEXT='o'
PACKAGE='makedepend'
PACKAGE_BUGREPORT='https://bugs.freedesktop.org/enter_bug.cgi?product=xorg'
PACKAGE_NAME='makedepend'
PACKAGE_STRING='makedepend 1.0.1'
PACKAGE_TARNAME='makedepend'
PACKAGE_VERSION='1.0.1'
PATH_SEPARATOR=':'
PKG_CONFIG='/usr/bin/pkg-config'
SET_MAKE=''
SHELL='/bin/sh'
STRIP=''
VERSION='1.0.1'
X_CFLAGS=' '
X_LIBS=' '
ac_ct_CC='/usr/bin/gcc'
ac_ct_STRIP=''
ac_pt_PKG_CONFIG='/usr/bin/pkg-config'
am__fastdepCC_FALSE='#'
am__fastdepCC_TRUE=''
am__include='include'
am__leading_dot='.'
am__quote=''
am__tar='${AMTAR} chof - "$$tardir"'
am__untar='${AMTAR} xf -'
bindir='${exec_prefix}/bin'
build='arm-apple-darwin10.4.0'
build_alias=''
build_cpu='arm'
build_os='darwin10.4.0'
build_vendor='apple'
datadir='${prefix}/share'
exec_prefix='${prefix}'
host='arm-apple-darwin10.4.0'
host_alias=''
host_cpu='arm'
host_os='darwin10.4.0'
host_vendor='apple'
includedir='${prefix}/include'
infodir='${prefix}/info'
install_sh='/home/chris/xorg/makedepend-1.0.1/install-sh'
libdir='${exec_prefix}/lib'
libexecdir='${exec_prefix}/libexec'
localstatedir='${prefix}/var'
mandir='${prefix}/man'
mkdir_p='mkdir -p --'
oldincludedir='/usr/include'
prefix='/usr/local'
program_transform_name='s,x,x,'
sbindir='${exec_prefix}/sbin'
sharedstatedir='${prefix}/com'
sysconfdir='${prefix}/etc'
target_alias=''

## ----------- ##
## confdefs.h. ##
## ----------- ##

#define HAVE_FCHMOD 1
#define HAVE_RENAME 1
#define PACKAGE "makedepend"
#define PACKAGE_BUGREPORT "https://bugs.freedesktop.org/enter_bug.cgi?product=xorg"
#define PACKAGE_NAME "makedepend"
#define PACKAGE_STRING "makedepend 1.0.1"
#define PACKAGE_TARNAME "makedepend"
#define PACKAGE_VERSION "1.0.1"
#define PACKAGE_VERSION_MAJOR 1
#define PACKAGE_VERSION_MINOR 0
#define PACKAGE_VERSION_PATCHLEVEL 1
#define RETSIGTYPE void
#define VERSION "1.0.1"

configure: exit 0
