This file contains any messages produced by compilers while
running configure, to aid debugging if configure makes a mistake.

It was created by libXmu configure 1.0.4, which was
generated by GNU Autoconf 2.61.  Invocation command line was

  $ ./configure 

## --------- ##
## Platform. ##
## --------- ##

hostname = Chriss-iPad
uname -m = iPad1,1
uname -r = 10.4.0
uname -s = Darwin
uname -v = Darwin Kernel Version 10.4.0: Wed Oct 20 20:14:45 PDT 2010; root:xnu-1504.58.28~3/RELEASE_ARM_S5L8930X

/usr/bin/uname -p = unknown
/bin/uname -X     = unknown

/bin/arch              = unknown
/usr/bin/arch -k       = unknown
/usr/convex/getsysinfo = unknown
/usr/bin/hostinfo      = Mach kernel version:
	 Darwin Kernel Version 10.4.0: Wed Oct 20 20:14:45 PDT 2010; root:xnu-1504.58.28~3/RELEASE_ARM_S5L8930X
Kernel configured for a single processor only.
1 processor is physically available.
1 processor is logically available.
Processor type: armv7 (arm v7)
Processor active: 0
Primary memory available: 247.00 megabytes
Default processor set: 34 tasks, 228 threads, 1 processors
Load average: 1.78, Mach factor: 0.19
/bin/machine           = unknown
/usr/bin/oslevel       = unknown
/bin/universe          = unknown

PATH: /usr/local/sbin
PATH: /usr/local/bin
PATH: /usr/sbin
PATH: /usr/bin
PATH: /sbin
PATH: /bin
PATH: /usr/bin/X11
PATH: /usr/games
PATH: /var/mobile/ocaml-3.12.0/bin


## ----------- ##
## Core tests. ##
## ----------- ##

configure:2019: checking for a BSD-compatible install
configure:2075: result: /usr/bin/install -c
configure:2086: checking whether build environment is sane
configure:2129: result: yes
configure:2157: checking for a thread-safe mkdir -p
configure:2196: result: /bin/mkdir -p
configure:2209: checking for gawk
configure:2225: found /usr/bin/gawk
configure:2236: result: gawk
configure:2247: checking whether make sets $(MAKE)
configure:2268: result: yes
configure:2457: checking whether to enable maintainer-specific portions of Makefiles
configure:2466: result: no
configure:2489: checking if xorg-macros used to generate configure is at least 1.1
configure:2504: result: yes, 1.1.5
configure:2588: checking build system type
configure:2606: result: arm-apple-darwin10.4.0
configure:2628: checking host system type
configure:2643: result: arm-apple-darwin10.4.0
configure:2677: checking for style of include used by make
configure:2705: result: GNU
configure:2775: checking for gcc
configure:2802: result: /usr/bin/gcc
configure:3040: checking for C compiler version
configure:3047: /usr/bin/gcc --version >&5
gcc (GCC) 4.2.1 (Based on Apple Inc. build 5555)
Copyright (C) 2007 Free Software Foundation, Inc.
This is free software; see the source for copying conditions.  There is NO
warranty; not even for MERCHANTABILITY or FITNESS FOR A PARTICULAR PURPOSE.

configure:3050: $? = 0
configure:3057: /usr/bin/gcc -v >&5
Using built-in specs.
Target: arm-apple-darwin9
Configured with: ../llvm-gcc-4.2/configure --build=x86_64-unknown-linux-gnu --host=arm-apple-darwin9 --enable-static=no --enable-shared=yes --prefix=/usr --localstatedir=/var/cache/iphone-gcc --enable-languages=c,c++,objc,obj-c++ --enable-wchar_t=no --with-gxx-include-dir=/usr/include/c++/4.0.0
Thread model: posix
gcc version 4.2.1 (Based on Apple Inc. build 5555)
configure:3060: $? = 0
configure:3067: /usr/bin/gcc -V >&5
gcc: '-V' option must have argument
configure:3070: $? = 1
configure:3093: checking for C compiler default output file name
configure:3120: /usr/bin/gcc    conftest.c  >&5
configure:3123: $? = 0
configure:3161: result: a.out
configure:3178: checking whether the C compiler works
configure:3188: ./a.out
configure:3191: $? = 0
configure:3208: result: yes
configure:3215: checking whether we are cross compiling
configure:3217: result: no
configure:3220: checking for suffix of executables
configure:3227: /usr/bin/gcc -o conftest    conftest.c  >&5
configure:3230: $? = 0
configure:3254: result: 
configure:3260: checking for suffix of object files
configure:3286: /usr/bin/gcc -c   conftest.c >&5
configure:3289: $? = 0
configure:3312: result: o
configure:3316: checking whether we are using the GNU C compiler
configure:3345: /usr/bin/gcc -c   conftest.c >&5
configure:3351: $? = 0
configure:3368: result: yes
configure:3373: checking whether /usr/bin/gcc accepts -g
configure:3403: /usr/bin/gcc -c -g  conftest.c >&5
configure:3409: $? = 0
configure:3508: result: yes
configure:3525: checking for /usr/bin/gcc option to accept ISO C89
configure:3599: /usr/bin/gcc  -c -g -O2  conftest.c >&5
configure:3605: $? = 0
configure:3628: result: none needed
configure:3648: checking dependency style of /usr/bin/gcc
configure:3739: result: gcc3
configure:3754: checking for a sed that does not truncate output
configure:3808: result: /bin/sed
configure:3811: checking for grep that handles long lines and -e
configure:3885: result: /bin/grep
configure:3890: checking for egrep
configure:3968: result: /bin/grep -E
configure:3984: checking for ld used by /usr/bin/gcc
configure:4051: result: /usr/bin/ld
configure:4060: checking if the linker (/usr/bin/ld) is GNU ld
configure:4075: result: no
configure:4080: checking for /usr/bin/ld option to reload object files
configure:4087: result: -r
configure:4105: checking for BSD-compatible nm
configure:4154: result: /usr/bin/nm -p
configure:4158: checking whether ln -s works
configure:4162: result: yes
configure:4169: checking how to recognise dependent libraries
configure:4345: result: pass_all
configure:4579: checking how to run the C preprocessor
configure:4619: /usr/bin/gcc -E  conftest.c
configure:4625: $? = 0
configure:4656: /usr/bin/gcc -E  conftest.c
conftest.c:10:28: error: ac_nonexistent.h: No such file or directory
configure:4662: $? = 1
configure: failed program was:
| /* confdefs.h.  */
| #define PACKAGE_NAME "libXmu"
| #define PACKAGE_TARNAME "libXmu"
| #define PACKAGE_VERSION "1.0.4"
| #define PACKAGE_STRING "libXmu 1.0.4"
| #define PACKAGE_BUGREPORT "https://bugs.freedesktop.org/enter_bug.cgi?product=xorg"
| #define PACKAGE "libXmu"
| #define VERSION "1.0.4"
| /* end confdefs.h.  */
| #include <ac_nonexistent.h>
configure:4695: result: /usr/bin/gcc -E
configure:4724: /usr/bin/gcc -E  conftest.c
configure:4730: $? = 0
configure:4761: /usr/bin/gcc -E  conftest.c
conftest.c:10:28: error: ac_nonexistent.h: No such file or directory
configure:4767: $? = 1
configure: failed program was:
| /* confdefs.h.  */
| #define PACKAGE_NAME "libXmu"
| #define PACKAGE_TARNAME "libXmu"
| #define PACKAGE_VERSION "1.0.4"
| #define PACKAGE_STRING "libXmu 1.0.4"
| #define PACKAGE_BUGREPORT "https://bugs.freedesktop.org/enter_bug.cgi?product=xorg"
| #define PACKAGE "libXmu"
| #define VERSION "1.0.4"
| /* end confdefs.h.  */
| #include <ac_nonexistent.h>
configure:4805: checking for ANSI C header files
configure:4835: /usr/bin/gcc -c -g -O2  conftest.c >&5
configure:4841: $? = 0
configure:4940: /usr/bin/gcc -o conftest -g -O2   conftest.c  >&5
configure:4943: $? = 0
configure:4949: ./conftest
configure:4952: $? = 0
configure:4969: result: yes
configure:4993: checking for sys/types.h
configure:5014: /usr/bin/gcc -c -g -O2  conftest.c >&5
configure:5020: $? = 0
configure:5036: result: yes
configure:4993: checking for sys/stat.h
configure:5014: /usr/bin/gcc -c -g -O2  conftest.c >&5
configure:5020: $? = 0
configure:5036: result: yes
configure:4993: checking for stdlib.h
configure:5014: /usr/bin/gcc -c -g -O2  conftest.c >&5
configure:5020: $? = 0
configure:5036: result: yes
configure:4993: checking for string.h
configure:5014: /usr/bin/gcc -c -g -O2  conftest.c >&5
configure:5020: $? = 0
configure:5036: result: yes
configure:4993: checking for memory.h
configure:5014: /usr/bin/gcc -c -g -O2  conftest.c >&5
configure:5020: $? = 0
configure:5036: result: yes
configure:4993: checking for strings.h
configure:5014: /usr/bin/gcc -c -g -O2  conftest.c >&5
configure:5020: $? = 0
configure:5036: result: yes
configure:4993: checking for inttypes.h
configure:5014: /usr/bin/gcc -c -g -O2  conftest.c >&5
configure:5020: $? = 0
configure:5036: result: yes
configure:4993: checking for stdint.h
configure:5014: /usr/bin/gcc -c -g -O2  conftest.c >&5
configure:5020: $? = 0
configure:5036: result: yes
configure:4993: checking for unistd.h
configure:5014: /usr/bin/gcc -c -g -O2  conftest.c >&5
configure:5020: $? = 0
configure:5036: result: yes
configure:5063: checking dlfcn.h usability
configure:5080: /usr/bin/gcc -c -g -O2  conftest.c >&5
configure:5086: $? = 0
configure:5100: result: yes
configure:5104: checking dlfcn.h presence
configure:5119: /usr/bin/gcc -E  conftest.c
configure:5125: $? = 0
configure:5139: result: yes
configure:5172: checking for dlfcn.h
configure:5180: result: yes
configure:5251: checking for g++
configure:5267: found /usr/bin/g++
configure:5278: result: g++
configure:5309: checking for C++ compiler version
configure:5316: g++ --version >&5
g++ (GCC) 4.2.1 (Based on Apple Inc. build 5555)
Copyright (C) 2007 Free Software Foundation, Inc.
This is free software; see the source for copying conditions.  There is NO
warranty; not even for MERCHANTABILITY or FITNESS FOR A PARTICULAR PURPOSE.

configure:5319: $? = 0
configure:5326: g++ -v >&5
Using built-in specs.
Target: arm-apple-darwin9
Configured with: ../llvm-gcc-4.2/configure --build=x86_64-unknown-linux-gnu --host=arm-apple-darwin9 --enable-static=no --enable-shared=yes --prefix=/usr --localstatedir=/var/cache/iphone-gcc --enable-languages=c,c++,objc,obj-c++ --enable-wchar_t=no --with-gxx-include-dir=/usr/include/c++/4.0.0
Thread model: posix
gcc version 4.2.1 (Based on Apple Inc. build 5555)
configure:5329: $? = 0
configure:5336: g++ -V >&5
g++: '-V' option must have argument
configure:5339: $? = 1
configure:5342: checking whether we are using the GNU C++ compiler
configure:5371: g++ -c   conftest.cpp >&5
configure:5377: $? = 0
configure:5394: result: yes
configure:5399: checking whether g++ accepts -g
configure:5429: g++ -c -g  conftest.cpp >&5
configure:5435: $? = 0
configure:5534: result: yes
configure:5559: checking dependency style of g++
configure:5650: result: gcc3
configure:5675: checking how to run the C++ preprocessor
configure:5711: g++ -E  conftest.cpp
configure:5717: $? = 0
configure:5748: g++ -E  conftest.cpp
conftest.cpp:21:28: error: ac_nonexistent.h: No such file or directory
configure:5754: $? = 1
configure: failed program was:
| /* confdefs.h.  */
| #define PACKAGE_NAME "libXmu"
| #define PACKAGE_TARNAME "libXmu"
| #define PACKAGE_VERSION "1.0.4"
| #define PACKAGE_STRING "libXmu 1.0.4"
| #define PACKAGE_BUGREPORT "https://bugs.freedesktop.org/enter_bug.cgi?product=xorg"
| #define PACKAGE "libXmu"
| #define VERSION "1.0.4"
| #define STDC_HEADERS 1
| #define HAVE_SYS_TYPES_H 1
| #define HAVE_SYS_STAT_H 1
| #define HAVE_STDLIB_H 1
| #define HAVE_STRING_H 1
| #define HAVE_MEMORY_H 1
| #define HAVE_STRINGS_H 1
| #define HAVE_INTTYPES_H 1
| #define HAVE_STDINT_H 1
| #define HAVE_UNISTD_H 1
| #define HAVE_DLFCN_H 1
| /* end confdefs.h.  */
| #include <ac_nonexistent.h>
configure:5787: result: g++ -E
configure:5816: g++ -E  conftest.cpp
configure:5822: $? = 0
configure:5853: g++ -E  conftest.cpp
conftest.cpp:21:28: error: ac_nonexistent.h: No such file or directory
configure:5859: $? = 1
configure: failed program was:
| /* confdefs.h.  */
| #define PACKAGE_NAME "libXmu"
| #define PACKAGE_TARNAME "libXmu"
| #define PACKAGE_VERSION "1.0.4"
| #define PACKAGE_STRING "libXmu 1.0.4"
| #define PACKAGE_BUGREPORT "https://bugs.freedesktop.org/enter_bug.cgi?product=xorg"
| #define PACKAGE "libXmu"
| #define VERSION "1.0.4"
| #define STDC_HEADERS 1
| #define HAVE_SYS_TYPES_H 1
| #define HAVE_SYS_STAT_H 1
| #define HAVE_STDLIB_H 1
| #define HAVE_STRING_H 1
| #define HAVE_MEMORY_H 1
| #define HAVE_STRINGS_H 1
| #define HAVE_INTTYPES_H 1
| #define HAVE_STDINT_H 1
| #define HAVE_UNISTD_H 1
| #define HAVE_DLFCN_H 1
| /* end confdefs.h.  */
| #include <ac_nonexistent.h>
configure:5952: checking for g77
configure:5982: result: no
configure:5952: checking for xlf
configure:5982: result: no
configure:5952: checking for f77
configure:5982: result: no
configure:5952: checking for frt
configure:5982: result: no
configure:5952: checking for pgf77
configure:5982: result: no
configure:5952: checking for cf77
configure:5982: result: no
configure:5952: checking for fort77
configure:5982: result: no
configure:5952: checking for fl32
configure:5982: result: no
configure:5952: checking for af77
configure:5982: result: no
configure:5952: checking for xlf90
configure:5982: result: no
configure:5952: checking for f90
configure:5982: result: no
configure:5952: checking for pgf90
configure:5982: result: no
configure:5952: checking for pghpf
configure:5982: result: no
configure:5952: checking for epcf90
configure:5982: result: no
configure:5952: checking for gfortran
configure:5982: result: no
configure:5952: checking for g95
configure:5982: result: no
configure:5952: checking for xlf95
configure:5982: result: no
configure:5952: checking for f95
configure:5982: result: no
configure:5952: checking for fort
configure:5982: result: no
configure:5952: checking for ifort
configure:5982: result: no
configure:5952: checking for ifc
configure:5982: result: no
configure:5952: checking for efc
configure:5982: result: no
configure:5952: checking for pgf95
configure:5982: result: no
configure:5952: checking for lf95
configure:5982: result: no
configure:5952: checking for ftn
configure:5982: result: no
configure:6009: checking for Fortran 77 compiler version
configure:6016:  --version >&5
./configure: line 6017: --version: command not found
configure:6019: $? = 127
configure:6026:  -v >&5
./configure: line 6027: -v: command not found
configure:6029: $? = 127
configure:6036:  -V >&5
./configure: line 6037: -V: command not found
configure:6039: $? = 127
configure:6047: checking whether we are using the GNU Fortran 77 compiler
configure:6066:  -c  conftest.F >&5
./configure: line 6067: -c: command not found
configure:6072: $? = 127
configure: failed program was:
|       program main
| #ifndef __GNUC__
|        choke me
| #endif
| 
|       end
configure:6089: result: no
configure:6095: checking whether  accepts -g
configure:6112:  -c -g conftest.f >&5
./configure: line 6113: -c: command not found
configure:6118: $? = 127
configure: failed program was:
|       program main
| 
|       end
configure:6134: result: no
configure:6164: checking the maximum length of command line arguments
configure:6273: result: 196608
configure:6284: checking command to parse /usr/bin/nm -p output from /usr/bin/gcc object
configure:6389: /usr/bin/gcc -c -g -O2  conftest.c >&5
configure:6392: $? = 0
configure:6396: /usr/bin/nm -p conftest.o \| sed -n -e 's/^.*[ 	]\([BCDEGRST][BCDEGRST]*\)[ 	][ 	]*\([_A-Za-z][_A-Za-z0-9]*\)$/\1 \2 \2/p' \> conftest.nm
configure:6399: $? = 0
cannot find nm_test_var in conftest.nm
configure:6389: /usr/bin/gcc -c -g -O2  conftest.c >&5
configure:6392: $? = 0
configure:6396: /usr/bin/nm -p conftest.o \| sed -n -e 's/^.*[ 	]\([BCDEGRST][BCDEGRST]*\)[ 	][ 	]*_\([_A-Za-z][_A-Za-z0-9]*\)$/\1 _\2 \2/p' \> conftest.nm
configure:6399: $? = 0
configure:6451: /usr/bin/gcc -o conftest -g -O2   conftest.c conftstm.o >&5
configure:6454: $? = 0
configure:6492: result: ok
configure:6496: checking for objdir
configure:6511: result: .libs
configure:6603: checking for ar
configure:6619: found /usr/bin/ar
configure:6630: result: ar
configure:6699: checking for ranlib
configure:6715: found /usr/bin/ranlib
configure:6726: result: ranlib
configure:6795: checking for strip
configure:6811: found /usr/bin/strip
configure:6822: result: strip
configure:7108: checking if /usr/bin/gcc supports -fno-rtti -fno-exceptions
configure:7126: /usr/bin/gcc -c -g -O2  -fno-rtti -fno-exceptions conftest.c >&5
cc1: warning: command line option "-fno-rtti" is valid for C++/ObjC++ but not for C
configure:7130: $? = 0
configure:7143: result: no
configure:7158: checking for /usr/bin/gcc option to produce PIC
configure:7368: result: -fno-common
configure:7376: checking if /usr/bin/gcc PIC flag -fno-common works
configure:7394: /usr/bin/gcc -c -g -O2  -fno-common -DPIC conftest.c >&5
configure:7398: $? = 0
configure:7411: result: yes
configure:7439: checking if /usr/bin/gcc static flag -static works
configure:7467: result: no
configure:7477: checking if /usr/bin/gcc supports -c -o file.o
configure:7498: /usr/bin/gcc -c -g -O2  -o out/conftest2.o conftest.c >&5
configure:7502: $? = 0
configure:7524: result: yes
configure:7550: checking whether the /usr/bin/gcc linker (/usr/bin/ld) supports shared libraries
configure:8504: result: yes
configure:8571: checking dynamic linker characteristics
configure:9159: result: darwin10.4.0 dyld
configure:9168: checking how to hardcode library paths into programs
configure:9193: result: immediate
configure:9207: checking whether stripping libraries is possible
configure:9220: result: yes
configure:10013: checking if libtool supports shared libraries
configure:10015: result: yes
configure:10018: checking whether to build shared libraries
configure:10039: result: yes
configure:10042: checking whether to build static libraries
configure:10046: result: yes
configure:10138: creating libtool
configure:10726: checking for ld used by g++
configure:10793: result: /usr/bin/ld
configure:10802: checking if the linker (/usr/bin/ld) is GNU ld
configure:10817: result: no
configure:10868: checking whether the g++ linker (/usr/bin/ld) supports shared libraries
configure:11802: result: yes
configure:11820: g++ -c -g -O2  conftest.cpp >&5
configure:11823: $? = 0
configure:11942: checking for g++ option to produce PIC
configure:12216: result: -fno-common
configure:12224: checking if g++ PIC flag -fno-common works
configure:12242: g++ -c -g -O2  -fno-common -DPIC conftest.cpp >&5
configure:12246: $? = 0
configure:12259: result: yes
configure:12287: checking if g++ static flag -static works
configure:12315: result: no
configure:12325: checking if g++ supports -c -o file.o
configure:12346: g++ -c -g -O2  -o out/conftest2.o conftest.cpp >&5
configure:12350: $? = 0
configure:12372: result: yes
configure:12398: checking whether the g++ linker (/usr/bin/ld) supports shared libraries
configure:12423: result: yes
configure:12490: checking dynamic linker characteristics
configure:13078: result: darwin10.4.0 dyld
configure:13087: checking how to hardcode library paths into programs
configure:13112: result: immediate
configure:19300: checking for gcc
configure:19327: result: /usr/bin/gcc
configure:19565: checking for C compiler version
configure:19572: /usr/bin/gcc --version >&5
gcc (GCC) 4.2.1 (Based on Apple Inc. build 5555)
Copyright (C) 2007 Free Software Foundation, Inc.
This is free software; see the source for copying conditions.  There is NO
warranty; not even for MERCHANTABILITY or FITNESS FOR A PARTICULAR PURPOSE.

configure:19575: $? = 0
configure:19582: /usr/bin/gcc -v >&5
Using built-in specs.
Target: arm-apple-darwin9
Configured with: ../llvm-gcc-4.2/configure --build=x86_64-unknown-linux-gnu --host=arm-apple-darwin9 --enable-static=no --enable-shared=yes --prefix=/usr --localstatedir=/var/cache/iphone-gcc --enable-languages=c,c++,objc,obj-c++ --enable-wchar_t=no --with-gxx-include-dir=/usr/include/c++/4.0.0
Thread model: posix
gcc version 4.2.1 (Based on Apple Inc. build 5555)
configure:19585: $? = 0
configure:19592: /usr/bin/gcc -V >&5
gcc: '-V' option must have argument
configure:19595: $? = 1
configure:19598: checking whether we are using the GNU C compiler
configure:19650: result: yes
configure:19655: checking whether /usr/bin/gcc accepts -g
configure:19790: result: yes
configure:19807: checking for /usr/bin/gcc option to accept ISO C89
configure:19910: result: none needed
configure:19930: checking dependency style of /usr/bin/gcc
configure:20021: result: gcc3
configure:20087: checking for pkg-config
configure:20105: found /usr/bin/pkg-config
configure:20117: result: /usr/bin/pkg-config
configure:20146: checking pkg-config is at least version 0.9.0
configure:20149: result: yes
configure:20160: checking for XMU
configure:20165: $PKG_CONFIG --exists --print-errors "xt xext xextproto"
configure:20168: $? = 0
configure:20179: $PKG_CONFIG --exists --print-errors "xt xext xextproto"
configure:20182: $? = 0
configure:20237: result: yes
configure:20246: checking for XMUU
configure:20251: $PKG_CONFIG --exists --print-errors "x11"
configure:20254: $? = 0
configure:20265: $PKG_CONFIG --exists --print-errors "x11"
configure:20268: $? = 0
configure:20323: result: yes
configure:20332: checking return type of signal handlers
configure:20360: /usr/bin/gcc -c -g -O2  conftest.c >&5
conftest.c: In function 'main':
conftest.c:27: error: void value not ignored as it ought to be
configure:20366: $? = 1
configure: failed program was:
| /* confdefs.h.  */
| #define PACKAGE_NAME "libXmu"
| #define PACKAGE_TARNAME "libXmu"
| #define PACKAGE_VERSION "1.0.4"
| #define PACKAGE_STRING "libXmu 1.0.4"
| #define PACKAGE_BUGREPORT "https://bugs.freedesktop.org/enter_bug.cgi?product=xorg"
| #define PACKAGE "libXmu"
| #define VERSION "1.0.4"
| #define STDC_HEADERS 1
| #define HAVE_SYS_TYPES_H 1
| #define HAVE_SYS_STAT_H 1
| #define HAVE_STDLIB_H 1
| #define HAVE_STRING_H 1
| #define HAVE_MEMORY_H 1
| #define HAVE_STRINGS_H 1
| #define HAVE_INTTYPES_H 1
| #define HAVE_STDINT_H 1
| #define HAVE_UNISTD_H 1
| #define HAVE_DLFCN_H 1
| /* end confdefs.h.  */
| #include <sys/types.h>
| #include <signal.h>
| 
| int
| main ()
| {
| return *(signal (0, 0)) (0) == 1;
|   ;
|   return 0;
| }
configure:20381: result: void
configure:20406: checking if Xtrans should support UNIX socket connections
configure:20415: result: yes
configure:20417: checking if Xtrans should support TCP socket connections
configure:20419: result: yes
configure:20429: checking for library containing socket
configure:20470: /usr/bin/gcc -o conftest -g -O2   conftest.c  >&5
configure:20476: $? = 0
configure:20504: result: none required
configure:20512: checking for library containing gethostbyname
configure:20553: /usr/bin/gcc -o conftest -g -O2   conftest.c  >&5
configure:20559: $? = 0
configure:20587: result: none required
configure:20601: checking for getaddrinfo
configure:20657: /usr/bin/gcc -o conftest -g -O2   conftest.c  >&5
configure:20663: $? = 0
configure:20680: result: yes
configure:20690: checking if IPv6 support should be built
configure:20699: result: yes
configure:20703: checking for struct sockaddr_in.sin_len
configure:20736: /usr/bin/gcc -c -g -O2  conftest.c >&5
configure:20742: $? = 0
configure:20804: result: yes
configure:20827: checking if Xtrans should support os-specific local connections
configure:20829: result: no
configure:21135: creating ./config.status

## ---------------------- ##
## Running config.status. ##
## ---------------------- ##

This file was extended by libXmu config.status 1.0.4, which was
generated by GNU Autoconf 2.61.  Invocation command line was

  CONFIG_FILES    = 
  CONFIG_HEADERS  = 
  CONFIG_LINKS    = 
  CONFIG_COMMANDS = 
  $ ./config.status 

on Chriss-iPad

config.status:682: creating Makefile
config.status:682: creating include/Makefile
config.status:682: creating src/Makefile
config.status:682: creating xmu.pc
config.status:682: creating xmuu.pc
config.status:682: creating config.h
config.status:918: config.h is unchanged
config.status:964: executing depfiles commands

## ---------------- ##
## Cache variables. ##
## ---------------- ##

ac_cv_build=arm-apple-darwin10.4.0
ac_cv_c_compiler_gnu=yes
ac_cv_cxx_compiler_gnu=yes
ac_cv_env_CCC_set=
ac_cv_env_CCC_value=
ac_cv_env_CC_set=set
ac_cv_env_CC_value=/usr/bin/gcc
ac_cv_env_CFLAGS_set=
ac_cv_env_CFLAGS_value=
ac_cv_env_CPPFLAGS_set=
ac_cv_env_CPPFLAGS_value=
ac_cv_env_CPP_set=
ac_cv_env_CPP_value=
ac_cv_env_CXXCPP_set=
ac_cv_env_CXXCPP_value=
ac_cv_env_CXXFLAGS_set=
ac_cv_env_CXXFLAGS_value=
ac_cv_env_CXX_set=
ac_cv_env_CXX_value=
ac_cv_env_F77_set=
ac_cv_env_F77_value=
ac_cv_env_FFLAGS_set=
ac_cv_env_FFLAGS_value=
ac_cv_env_LDFLAGS_set=
ac_cv_env_LDFLAGS_value=
ac_cv_env_LIBS_set=
ac_cv_env_LIBS_value=
ac_cv_env_PKG_CONFIG_set=
ac_cv_env_PKG_CONFIG_value=
ac_cv_env_XMUU_CFLAGS_set=
ac_cv_env_XMUU_CFLAGS_value=
ac_cv_env_XMUU_LIBS_set=
ac_cv_env_XMUU_LIBS_value=
ac_cv_env_XMU_CFLAGS_set=
ac_cv_env_XMU_CFLAGS_value=
ac_cv_env_XMU_LIBS_set=
ac_cv_env_XMU_LIBS_value=
ac_cv_env_build_alias_set=
ac_cv_env_build_alias_value=
ac_cv_env_host_alias_set=
ac_cv_env_host_alias_value=
ac_cv_env_target_alias_set=
ac_cv_env_target_alias_value=
ac_cv_f77_compiler_gnu=no
ac_cv_func_getaddrinfo=yes
ac_cv_header_dlfcn_h=yes
ac_cv_header_inttypes_h=yes
ac_cv_header_memory_h=yes
ac_cv_header_stdc=yes
ac_cv_header_stdint_h=yes
ac_cv_header_stdlib_h=yes
ac_cv_header_string_h=yes
ac_cv_header_strings_h=yes
ac_cv_header_sys_stat_h=yes
ac_cv_header_sys_types_h=yes
ac_cv_header_unistd_h=yes
ac_cv_host=arm-apple-darwin10.4.0
ac_cv_member_struct_sockaddr_in_sin_len=yes
ac_cv_objext=o
ac_cv_path_EGREP='/bin/grep -E'
ac_cv_path_GREP=/bin/grep
ac_cv_path_ac_pt_PKG_CONFIG=/usr/bin/pkg-config
ac_cv_path_install='/usr/bin/install -c'
ac_cv_path_mkdir=/bin/mkdir
ac_cv_prog_AWK=gawk
ac_cv_prog_CPP='/usr/bin/gcc -E'
ac_cv_prog_CXXCPP='g++ -E'
ac_cv_prog_ac_ct_AR=ar
ac_cv_prog_ac_ct_CC=/usr/bin/gcc
ac_cv_prog_ac_ct_CXX=g++
ac_cv_prog_ac_ct_RANLIB=ranlib
ac_cv_prog_ac_ct_STRIP=strip
ac_cv_prog_cc_c89=
ac_cv_prog_cc_g=yes
ac_cv_prog_cxx_g=yes
ac_cv_prog_f77_g=no
ac_cv_prog_make_make_set=yes
ac_cv_search_gethostbyname='none required'
ac_cv_search_socket='none required'
ac_cv_type_signal=void
am_cv_CC_dependencies_compiler_type=gcc3
am_cv_CXX_dependencies_compiler_type=gcc3
lt_cv_deplibs_check_method=pass_all
lt_cv_file_magic_cmd='$MAGIC_CMD'
lt_cv_file_magic_test_file=
lt_cv_ld_reload_flag=-r
lt_cv_objdir=.libs
lt_cv_path_LD=/usr/bin/ld
lt_cv_path_LDCXX=/usr/bin/ld
lt_cv_path_NM='/usr/bin/nm -p'
lt_cv_path_SED=/bin/sed
lt_cv_prog_compiler_c_o=yes
lt_cv_prog_compiler_c_o_CXX=yes
lt_cv_prog_compiler_rtti_exceptions=no
lt_cv_prog_gnu_ld=no
lt_cv_prog_gnu_ldcxx=no
lt_cv_sys_global_symbol_pipe='sed -n -e '\''s/^.*[ 	]\([BCDEGRST][BCDEGRST]*\)[ 	][ 	]*_\([_A-Za-z][_A-Za-z0-9]*\)$/\1 _\2 \2/p'\'''
lt_cv_sys_global_symbol_to_c_name_address='sed -n -e '\''s/^: \([^ ]*\) $/  {\"\1\", (lt_ptr) 0},/p'\'' -e '\''s/^[BCDEGRST] \([^ ]*\) \([^ ]*\)$/  {"\2", (lt_ptr) \&\2},/p'\'''
lt_cv_sys_global_symbol_to_cdecl='sed -n -e '\''s/^. .* \(.*\)$/extern int \1;/p'\'''
lt_cv_sys_max_cmd_len=196608
lt_lt_cv_prog_compiler_c_o='"yes"'
lt_lt_cv_prog_compiler_c_o_CXX='"yes"'
lt_lt_cv_sys_global_symbol_pipe='"sed -n -e '\''s/^.*[ 	]\\([BCDEGRST][BCDEGRST]*\\)[ 	][ 	]*_\\([_A-Za-z][_A-Za-z0-9]*\\)\$/\\1 _\\2 \\2/p'\''"'
lt_lt_cv_sys_global_symbol_to_c_name_address='"sed -n -e '\''s/^: \\([^ ]*\\) \$/  {\\\"\\1\\\", (lt_ptr) 0},/p'\'' -e '\''s/^[BCDEGRST] \\([^ ]*\\) \\([^ ]*\\)\$/  {\"\\2\", (lt_ptr) \\&\\2},/p'\''"'
lt_lt_cv_sys_global_symbol_to_cdecl='"sed -n -e '\''s/^. .* \\(.*\\)\$/extern int \\1;/p'\''"'
pkg_cv_XMUU_CFLAGS=' '
pkg_cv_XMUU_LIBS='-L/usr/local/lib -lX11  '
pkg_cv_XMU_CFLAGS=' '
pkg_cv_XMU_LIBS='-L/usr/local/lib -lXt -lX11 -lSM -lICE -lXext  '

## ----------------- ##
## Output variables. ##
## ----------------- ##

ACLOCAL='${SHELL} /home/chris/xorg/installed/libXmu-1.0.4/missing --run aclocal-1.10'
AMDEPBACKSLASH='\'
AMDEP_FALSE='#'
AMDEP_TRUE=''
AMTAR='${SHELL} /home/chris/xorg/installed/libXmu-1.0.4/missing --run tar'
AR='ar'
AUTOCONF='${SHELL} /home/chris/xorg/installed/libXmu-1.0.4/missing --run autoconf'
AUTOHEADER='${SHELL} /home/chris/xorg/installed/libXmu-1.0.4/missing --run autoheader'
AUTOMAKE='${SHELL} /home/chris/xorg/installed/libXmu-1.0.4/missing --run automake-1.10'
AWK='gawk'
CC='/usr/bin/gcc'
CCDEPMODE='depmode=gcc3'
CFLAGS='-g -O2'
CPP='/usr/bin/gcc -E'
CPPFLAGS=''
CXX='g++'
CXXCPP='g++ -E'
CXXDEPMODE='depmode=gcc3'
CXXFLAGS='-g -O2'
CYGPATH_W='echo'
DEFS='-DHAVE_CONFIG_H'
DEPDIR='.deps'
ECHO='echo'
ECHO_C=''
ECHO_N='-n'
ECHO_T=''
EGREP='/bin/grep -E'
EXEEXT=''
F77=''
FFLAGS=''
GREP='/bin/grep'
HAS_SNPRINTF=''
INSTALL_DATA='${INSTALL} -m 644'
INSTALL_PROGRAM='${INSTALL}'
INSTALL_SCRIPT='${INSTALL}'
INSTALL_STRIP_PROGRAM='$(install_sh) -c -s'
LDFLAGS=''
LIBOBJS=''
LIBS=''
LIBTOOL='$(SHELL) $(top_builddir)/libtool'
LINT='no'
LINTLIB=''
LINTLIBUU=''
LINT_FALSE=''
LINT_FLAGS=''
LINT_TRUE='#'
LN_S='ln -s'
LTLIBOBJS=''
MAINT='#'
MAINTAINER_MODE_FALSE=''
MAINTAINER_MODE_TRUE='#'
MAKEINFO='${SHELL} /home/chris/xorg/installed/libXmu-1.0.4/missing --run makeinfo'
MAKE_LINT_LIB_FALSE=''
MAKE_LINT_LIB_TRUE='#'
OBJEXT='o'
PACKAGE='libXmu'
PACKAGE_BUGREPORT='https://bugs.freedesktop.org/enter_bug.cgi?product=xorg'
PACKAGE_NAME='libXmu'
PACKAGE_STRING='libXmu 1.0.4'
PACKAGE_TARNAME='libXmu'
PACKAGE_VERSION='1.0.4'
PATH_SEPARATOR=':'
PKG_CONFIG='/usr/bin/pkg-config'
RANLIB='ranlib'
SET_MAKE=''
SHELL='/bin/sh'
STRIP='strip'
VERSION='1.0.4'
XMUU_CFLAGS=' '
XMUU_LIBS='-L/usr/local/lib -lX11  '
XMU_CFLAGS='-Wall -Wpointer-arith -Wstrict-prototypes         -Wmissing-prototypes -Wmissing-declarations -Wnested-externs  '
XMU_LIBS='-L/usr/local/lib -lXt -lX11 -lSM -lICE -lXext  '
ac_ct_CC='/usr/bin/gcc'
ac_ct_CXX='g++'
ac_ct_F77=''
am__fastdepCC_FALSE='#'
am__fastdepCC_TRUE=''
am__fastdepCXX_FALSE='#'
am__fastdepCXX_TRUE=''
am__include='include'
am__isrc=''
am__leading_dot='.'
am__quote=''
am__tar='${AMTAR} chof - "$$tardir"'
am__untar='${AMTAR} xf -'
bindir='${exec_prefix}/bin'
build='arm-apple-darwin10.4.0'
build_alias=''
build_cpu='arm'
build_os='darwin10.4.0'
build_vendor='apple'
datadir='${datarootdir}'
datarootdir='${prefix}/share'
docdir='${datarootdir}/doc/${PACKAGE_TARNAME}'
dvidir='${docdir}'
exec_prefix='${prefix}'
host='arm-apple-darwin10.4.0'
host_alias=''
host_cpu='arm'
host_os='darwin10.4.0'
host_vendor='apple'
htmldir='${docdir}'
includedir='${prefix}/include'
infodir='${datarootdir}/info'
install_sh='$(SHELL) /home/chris/xorg/installed/libXmu-1.0.4/install-sh'
libdir='${exec_prefix}/lib'
libexecdir='${exec_prefix}/libexec'
localedir='${datarootdir}/locale'
localstatedir='${prefix}/var'
mandir='${datarootdir}/man'
mkdir_p='/bin/mkdir -p'
oldincludedir='/usr/include'
pdfdir='${docdir}'
prefix='/usr/local'
program_transform_name='s,x,x,'
psdir='${docdir}'
sbindir='${exec_prefix}/sbin'
sharedstatedir='${prefix}/com'
sysconfdir='${prefix}/etc'
target_alias=''

## ----------- ##
## confdefs.h. ##
## ----------- ##

#define PACKAGE_NAME "libXmu"
#define PACKAGE_TARNAME "libXmu"
#define PACKAGE_VERSION "1.0.4"
#define PACKAGE_STRING "libXmu 1.0.4"
#define PACKAGE_BUGREPORT "https://bugs.freedesktop.org/enter_bug.cgi?product=xorg"
#define PACKAGE "libXmu"
#define VERSION "1.0.4"
#define STDC_HEADERS 1
#define HAVE_SYS_TYPES_H 1
#define HAVE_SYS_STAT_H 1
#define HAVE_STDLIB_H 1
#define HAVE_STRING_H 1
#define HAVE_MEMORY_H 1
#define HAVE_STRINGS_H 1
#define HAVE_INTTYPES_H 1
#define HAVE_STDINT_H 1
#define HAVE_UNISTD_H 1
#define HAVE_DLFCN_H 1
#define RETSIGTYPE void
#define UNIXCONN 1
#define TCPCONN 1
#define IPv6 1
#define BSD44SOCKETS 1
#define HAS_SNPRINTF
#define PACKAGE_VERSION_MAJOR 1
#define PACKAGE_VERSION_MINOR 0
#define PACKAGE_VERSION_PATCHLEVEL 4

configure: exit 0
