This file contains any messages produced by compilers while
running configure, to aid debugging if configure makes a mistake.

It was created by avant-window-navigator configure 0.1.1, which was
generated by GNU Autoconf 2.59.  Invocation command line was

  $ ./configure 

## --------- ##
## Platform. ##
## --------- ##

hostname = Chriss-iPad
uname -m = iPad1,1
uname -r = 10.4.0
uname -s = Darwin
uname -v = Darwin Kernel Version 10.4.0: Wed Oct 20 20:14:45 PDT 2010; root:xnu-1504.58.28~3/RELEASE_ARM_S5L8930X

/usr/bin/uname -p = unknown
/bin/uname -X     = unknown

/bin/arch              = unknown
/usr/bin/arch -k       = unknown
/usr/convex/getsysinfo = unknown
hostinfo               = Mach kernel version:
	 Darwin Kernel Version 10.4.0: Wed Oct 20 20:14:45 PDT 2010; root:xnu-1504.58.28~3/RELEASE_ARM_S5L8930X
Kernel configured for a single processor only.
1 processor is physically available.
1 processor is logically available.
Processor type: armv7 (arm v7)
Processor active: 0
Primary memory available: 247.00 megabytes
Default processor set: 40 tasks, 250 threads, 1 processors
Load average: 2.32, Mach factor: 0.37
/bin/machine           = unknown
/usr/bin/oslevel       = unknown
/bin/universe          = unknown

PATH: /usr/local/sbin
PATH: /usr/local/bin
PATH: /usr/sbin
PATH: /usr/bin
PATH: /sbin
PATH: /bin
PATH: /usr/bin/X11
PATH: /usr/games
PATH: /var/mobile/ocaml-3.12.0/bin


## ----------- ##
## Core tests. ##
## ----------- ##

configure:1574: checking for a BSD-compatible install
configure:1629: result: /usr/bin/install -c
configure:1640: checking whether build environment is sane
configure:1683: result: yes
configure:1748: checking for gawk
configure:1764: found /usr/bin/gawk
configure:1774: result: gawk
configure:1784: checking whether make sets $(MAKE)
configure:1804: result: yes
configure:1967: checking how to create a ustar tar archive
configure:1980: tar --version
tar (GNU tar) 1.22
Copyright (C) 2009 Free Software Foundation, Inc.
License GPLv3+: GNU GPL version 3 or later <http://gnu.org/licenses/gpl.html>.
This is free software: you are free to change and redistribute it.
There is NO WARRANTY, to the extent permitted by law.

Written by John Gilmore and Jay Fenlason.
configure:1983: $? = 0
configure:2023: tardir=conftest.dir && eval tar --format=ustar -chf - "$tardir" >conftest.tar
configure:2026: $? = 0
configure:2030: tar -xf - <conftest.tar
configure:2033: $? = 0
configure:2046: result: gnutar
configure:2053: checking whether to enable maintainer-specific portions of Makefiles
configure:2062: result: no
configure:2093: checking for style of include used by make
configure:2121: result: GNU
configure:2192: checking for gcc
configure:2218: result: /usr/bin/gcc
configure:2462: checking for C compiler version
configure:2465: /usr/bin/gcc --version </dev/null >&5
gcc (GCC) 4.2.1 (Based on Apple Inc. build 5555)
Copyright (C) 2007 Free Software Foundation, Inc.
This is free software; see the source for copying conditions.  There is NO
warranty; not even for MERCHANTABILITY or FITNESS FOR A PARTICULAR PURPOSE.

configure:2468: $? = 0
configure:2470: /usr/bin/gcc -v </dev/null >&5
Using built-in specs.
Target: arm-apple-darwin9
Configured with: ../llvm-gcc-4.2/configure --build=x86_64-unknown-linux-gnu --host=arm-apple-darwin9 --enable-static=no --enable-shared=yes --prefix=/usr --localstatedir=/var/cache/iphone-gcc --enable-languages=c,c++,objc,obj-c++ --enable-wchar_t=no --with-gxx-include-dir=/usr/include/c++/4.0.0
Thread model: posix
gcc version 4.2.1 (Based on Apple Inc. build 5555)
configure:2473: $? = 0
configure:2475: /usr/bin/gcc -V </dev/null >&5
gcc: '-V' option must have argument
configure:2478: $? = 1
configure:2501: checking for C compiler default output file name
configure:2504: /usr/bin/gcc    conftest.c  >&5
configure:2507: $? = 0
configure:2553: result: a.out
configure:2558: checking whether the C compiler works
configure:2564: ./a.out
configure:2567: $? = 0
configure:2584: result: yes
configure:2591: checking whether we are cross compiling
configure:2593: result: no
configure:2596: checking for suffix of executables
configure:2598: /usr/bin/gcc -o conftest    conftest.c  >&5
configure:2601: $? = 0
configure:2626: result: 
configure:2632: checking for suffix of object files
configure:2653: /usr/bin/gcc -c   conftest.c >&5
configure:2656: $? = 0
configure:2678: result: o
configure:2682: checking whether we are using the GNU C compiler
configure:2706: /usr/bin/gcc -c   conftest.c >&5
configure:2712: $? = 0
configure:2716: test -z 
			 || test ! -s conftest.err
configure:2719: $? = 0
configure:2722: test -s conftest.o
configure:2725: $? = 0
configure:2738: result: yes
configure:2744: checking whether /usr/bin/gcc accepts -g
configure:2765: /usr/bin/gcc -c -g  conftest.c >&5
configure:2771: $? = 0
configure:2775: test -z 
			 || test ! -s conftest.err
configure:2778: $? = 0
configure:2781: test -s conftest.o
configure:2784: $? = 0
configure:2795: result: yes
configure:2812: checking for /usr/bin/gcc option to accept ANSI C
configure:2882: /usr/bin/gcc  -c -g -O2  conftest.c >&5
configure:2888: $? = 0
configure:2892: test -z 
			 || test ! -s conftest.err
configure:2895: $? = 0
configure:2898: test -s conftest.o
configure:2901: $? = 0
configure:2919: result: none needed
configure:2937: /usr/bin/gcc -c -g -O2  conftest.c >&5
conftest.c:2: error: expected '=', ',', ';', 'asm' or '__attribute__' before 'me'
configure:2943: $? = 1
configure: failed program was:
| #ifndef __cplusplus
|   choke me
| #endif
configure:3078: checking dependency style of /usr/bin/gcc
configure:3168: result: gcc3
configure:3186: checking for library containing strerror
configure:3216: /usr/bin/gcc -o conftest -g -O2   conftest.c  >&5
configure:3222: $? = 0
configure:3226: test -z 
			 || test ! -s conftest.err
configure:3229: $? = 0
configure:3232: test -s conftest
configure:3235: $? = 0
configure:3305: result: none required
configure:3358: checking for gcc
configure:3384: result: /usr/bin/gcc
configure:3628: checking for C compiler version
configure:3631: /usr/bin/gcc --version </dev/null >&5
gcc (GCC) 4.2.1 (Based on Apple Inc. build 5555)
Copyright (C) 2007 Free Software Foundation, Inc.
This is free software; see the source for copying conditions.  There is NO
warranty; not even for MERCHANTABILITY or FITNESS FOR A PARTICULAR PURPOSE.

configure:3634: $? = 0
configure:3636: /usr/bin/gcc -v </dev/null >&5
Using built-in specs.
Target: arm-apple-darwin9
Configured with: ../llvm-gcc-4.2/configure --build=x86_64-unknown-linux-gnu --host=arm-apple-darwin9 --enable-static=no --enable-shared=yes --prefix=/usr --localstatedir=/var/cache/iphone-gcc --enable-languages=c,c++,objc,obj-c++ --enable-wchar_t=no --with-gxx-include-dir=/usr/include/c++/4.0.0
Thread model: posix
gcc version 4.2.1 (Based on Apple Inc. build 5555)
configure:3639: $? = 0
configure:3641: /usr/bin/gcc -V </dev/null >&5
gcc: '-V' option must have argument
configure:3644: $? = 1
configure:3647: checking whether we are using the GNU C compiler
configure:3703: result: yes
configure:3709: checking whether /usr/bin/gcc accepts -g
configure:3760: result: yes
configure:3777: checking for /usr/bin/gcc option to accept ANSI C
configure:3884: result: none needed
configure:3902: /usr/bin/gcc -c -g -O2  conftest.c >&5
conftest.c:2: error: expected '=', ',', ';', 'asm' or '__attribute__' before 'me'
configure:3908: $? = 1
configure: failed program was:
| #ifndef __cplusplus
|   choke me
| #endif
configure:4043: checking dependency style of /usr/bin/gcc
configure:4133: result: gcc3
configure:4155: checking how to run the C preprocessor
configure:4190: /usr/bin/gcc -E  conftest.c
configure:4196: $? = 0
configure:4228: /usr/bin/gcc -E  conftest.c
conftest.c:11:28: error: ac_nonexistent.h: No such file or directory
configure:4234: $? = 1
configure: failed program was:
| /* confdefs.h.  */
| 
| #define PACKAGE_NAME "avant-window-navigator"
| #define PACKAGE_TARNAME "avant-window-navigator"
| #define PACKAGE_VERSION "0.1.1"
| #define PACKAGE_STRING "avant-window-navigator 0.1.1"
| #define PACKAGE_BUGREPORT ""
| #define PACKAGE "avant-window-navigator"
| #define VERSION "0.1.1"
| /* end confdefs.h.  */
| #include <ac_nonexistent.h>
configure:4273: result: /usr/bin/gcc -E
configure:4297: /usr/bin/gcc -E  conftest.c
configure:4303: $? = 0
configure:4335: /usr/bin/gcc -E  conftest.c
conftest.c:11:28: error: ac_nonexistent.h: No such file or directory
configure:4341: $? = 1
configure: failed program was:
| /* confdefs.h.  */
| 
| #define PACKAGE_NAME "avant-window-navigator"
| #define PACKAGE_TARNAME "avant-window-navigator"
| #define PACKAGE_VERSION "0.1.1"
| #define PACKAGE_STRING "avant-window-navigator 0.1.1"
| #define PACKAGE_BUGREPORT ""
| #define PACKAGE "avant-window-navigator"
| #define VERSION "0.1.1"
| /* end confdefs.h.  */
| #include <ac_nonexistent.h>
configure:4385: checking for egrep
configure:4395: result: grep -E
configure:4400: checking for ANSI C header files
configure:4425: /usr/bin/gcc -c -g -O2  conftest.c >&5
configure:4431: $? = 0
configure:4435: test -z 
			 || test ! -s conftest.err
configure:4438: $? = 0
configure:4441: test -s conftest.o
configure:4444: $? = 0
configure:4533: /usr/bin/gcc -o conftest -g -O2   conftest.c  >&5
conftest.c: In function 'main':
conftest.c:28: warning: incompatible implicit declaration of built-in function 'exit'
configure:4536: $? = 0
configure:4538: ./conftest
configure:4541: $? = 0
configure:4556: result: yes
configure:4644: checking build system type
configure:4662: result: arm-apple-darwin10.4.0
configure:4670: checking host system type
configure:4684: result: arm-apple-darwin10.4.0
configure:4692: checking for a sed that does not truncate output
configure:4748: result: /bin/sed
configure:4762: checking for ld used by /usr/bin/gcc
configure:4829: result: /usr/bin/ld
configure:4838: checking if the linker (/usr/bin/ld) is GNU ld
configure:4853: result: no
configure:4858: checking for /usr/bin/ld option to reload object files
configure:4865: result: -r
configure:4883: checking for BSD-compatible nm
configure:4932: result: /usr/bin/nm -p
configure:4936: checking whether ln -s works
configure:4940: result: yes
configure:4947: checking how to recognise dependent libraries
configure:5123: result: pass_all
configure:5368: checking for sys/types.h
configure:5384: /usr/bin/gcc -c -g -O2  conftest.c >&5
configure:5390: $? = 0
configure:5394: test -z 
			 || test ! -s conftest.err
configure:5397: $? = 0
configure:5400: test -s conftest.o
configure:5403: $? = 0
configure:5414: result: yes
configure:5368: checking for sys/stat.h
configure:5384: /usr/bin/gcc -c -g -O2  conftest.c >&5
configure:5390: $? = 0
configure:5394: test -z 
			 || test ! -s conftest.err
configure:5397: $? = 0
configure:5400: test -s conftest.o
configure:5403: $? = 0
configure:5414: result: yes
configure:5368: checking for stdlib.h
configure:5384: /usr/bin/gcc -c -g -O2  conftest.c >&5
configure:5390: $? = 0
configure:5394: test -z 
			 || test ! -s conftest.err
configure:5397: $? = 0
configure:5400: test -s conftest.o
configure:5403: $? = 0
configure:5414: result: yes
configure:5368: checking for string.h
configure:5384: /usr/bin/gcc -c -g -O2  conftest.c >&5
configure:5390: $? = 0
configure:5394: test -z 
			 || test ! -s conftest.err
configure:5397: $? = 0
configure:5400: test -s conftest.o
configure:5403: $? = 0
configure:5414: result: yes
configure:5368: checking for memory.h
configure:5384: /usr/bin/gcc -c -g -O2  conftest.c >&5
configure:5390: $? = 0
configure:5394: test -z 
			 || test ! -s conftest.err
configure:5397: $? = 0
configure:5400: test -s conftest.o
configure:5403: $? = 0
configure:5414: result: yes
configure:5368: checking for strings.h
configure:5384: /usr/bin/gcc -c -g -O2  conftest.c >&5
configure:5390: $? = 0
configure:5394: test -z 
			 || test ! -s conftest.err
configure:5397: $? = 0
configure:5400: test -s conftest.o
configure:5403: $? = 0
configure:5414: result: yes
configure:5368: checking for inttypes.h
configure:5384: /usr/bin/gcc -c -g -O2  conftest.c >&5
configure:5390: $? = 0
configure:5394: test -z 
			 || test ! -s conftest.err
configure:5397: $? = 0
configure:5400: test -s conftest.o
configure:5403: $? = 0
configure:5414: result: yes
configure:5368: checking for stdint.h
configure:5384: /usr/bin/gcc -c -g -O2  conftest.c >&5
configure:5390: $? = 0
configure:5394: test -z 
			 || test ! -s conftest.err
configure:5397: $? = 0
configure:5400: test -s conftest.o
configure:5403: $? = 0
configure:5414: result: yes
configure:5368: checking for unistd.h
configure:5384: /usr/bin/gcc -c -g -O2  conftest.c >&5
configure:5390: $? = 0
configure:5394: test -z 
			 || test ! -s conftest.err
configure:5397: $? = 0
configure:5400: test -s conftest.o
configure:5403: $? = 0
configure:5414: result: yes
configure:5440: checking dlfcn.h usability
configure:5452: /usr/bin/gcc -c -g -O2  conftest.c >&5
configure:5458: $? = 0
configure:5462: test -z 
			 || test ! -s conftest.err
configure:5465: $? = 0
configure:5468: test -s conftest.o
configure:5471: $? = 0
configure:5481: result: yes
configure:5485: checking dlfcn.h presence
configure:5495: /usr/bin/gcc -E  conftest.c
configure:5501: $? = 0
configure:5521: result: yes
configure:5556: checking for dlfcn.h
configure:5563: result: yes
configure:5628: checking for g++
configure:5644: found /usr/bin/g++
configure:5654: result: g++
configure:5670: checking for C++ compiler version
configure:5673: g++ --version </dev/null >&5
g++ (GCC) 4.2.1 (Based on Apple Inc. build 5555)
Copyright (C) 2007 Free Software Foundation, Inc.
This is free software; see the source for copying conditions.  There is NO
warranty; not even for MERCHANTABILITY or FITNESS FOR A PARTICULAR PURPOSE.

configure:5676: $? = 0
configure:5678: g++ -v </dev/null >&5
Using built-in specs.
Target: arm-apple-darwin9
Configured with: ../llvm-gcc-4.2/configure --build=x86_64-unknown-linux-gnu --host=arm-apple-darwin9 --enable-static=no --enable-shared=yes --prefix=/usr --localstatedir=/var/cache/iphone-gcc --enable-languages=c,c++,objc,obj-c++ --enable-wchar_t=no --with-gxx-include-dir=/usr/include/c++/4.0.0
Thread model: posix
gcc version 4.2.1 (Based on Apple Inc. build 5555)
configure:5681: $? = 0
configure:5683: g++ -V </dev/null >&5
g++: '-V' option must have argument
configure:5686: $? = 1
configure:5689: checking whether we are using the GNU C++ compiler
configure:5713: g++ -c   conftest.cc >&5
configure:5719: $? = 0
configure:5723: test -z 
			 || test ! -s conftest.err
configure:5726: $? = 0
configure:5729: test -s conftest.o
configure:5732: $? = 0
configure:5745: result: yes
configure:5751: checking whether g++ accepts -g
configure:5772: g++ -c -g  conftest.cc >&5
configure:5778: $? = 0
configure:5782: test -z 
			 || test ! -s conftest.err
configure:5785: $? = 0
configure:5788: test -s conftest.o
configure:5791: $? = 0
configure:5802: result: yes
configure:5844: g++ -c -g -O2  conftest.cc >&5
configure:5850: $? = 0
configure:5854: test -z 
			 || test ! -s conftest.err
configure:5857: $? = 0
configure:5860: test -s conftest.o
configure:5863: $? = 0
configure:5889: g++ -c -g -O2  conftest.cc >&5
conftest.cc: In function 'int main()':
conftest.cc:26: error: 'exit' was not declared in this scope
configure:5895: $? = 1
configure: failed program was:
| /* confdefs.h.  */
| 
| #define PACKAGE_NAME "avant-window-navigator"
| #define PACKAGE_TARNAME "avant-window-navigator"
| #define PACKAGE_VERSION "0.1.1"
| #define PACKAGE_STRING "avant-window-navigator 0.1.1"
| #define PACKAGE_BUGREPORT ""
| #define PACKAGE "avant-window-navigator"
| #define VERSION "0.1.1"
| #define STDC_HEADERS 1
| #define HAVE_SYS_TYPES_H 1
| #define HAVE_SYS_STAT_H 1
| #define HAVE_STDLIB_H 1
| #define HAVE_STRING_H 1
| #define HAVE_MEMORY_H 1
| #define HAVE_STRINGS_H 1
| #define HAVE_INTTYPES_H 1
| #define HAVE_STDINT_H 1
| #define HAVE_UNISTD_H 1
| #define HAVE_DLFCN_H 1
| /* end confdefs.h.  */
| 
| int
| main ()
| {
| exit (42);
|   ;
|   return 0;
| }
configure:5844: g++ -c -g -O2  conftest.cc >&5
conftest.cc:22: error: 'void std::exit(int)' should have been declared inside 'std'
In file included from conftest.cc:23:
/home/chris/sdk2/stdlib.h:159: error: declaration of 'void std::exit(int)' throws different exceptions
conftest.cc:22: error: from previous declaration 'void std::exit(int) throw ()'
configure:5850: $? = 1
configure: failed program was:
| /* confdefs.h.  */
| 
| #define PACKAGE_NAME "avant-window-navigator"
| #define PACKAGE_TARNAME "avant-window-navigator"
| #define PACKAGE_VERSION "0.1.1"
| #define PACKAGE_STRING "avant-window-navigator 0.1.1"
| #define PACKAGE_BUGREPORT ""
| #define PACKAGE "avant-window-navigator"
| #define VERSION "0.1.1"
| #define STDC_HEADERS 1
| #define HAVE_SYS_TYPES_H 1
| #define HAVE_SYS_STAT_H 1
| #define HAVE_STDLIB_H 1
| #define HAVE_STRING_H 1
| #define HAVE_MEMORY_H 1
| #define HAVE_STRINGS_H 1
| #define HAVE_INTTYPES_H 1
| #define HAVE_STDINT_H 1
| #define HAVE_UNISTD_H 1
| #define HAVE_DLFCN_H 1
| /* end confdefs.h.  */
| extern "C" void std::exit (int) throw (); using std::exit;
| #include <stdlib.h>
| int
| main ()
| {
| exit (42);
|   ;
|   return 0;
| }
configure:5844: g++ -c -g -O2  conftest.cc >&5
conftest.cc:22: error: 'void std::exit(int)' should have been declared inside 'std'
configure:5850: $? = 1
configure: failed program was:
| /* confdefs.h.  */
| 
| #define PACKAGE_NAME "avant-window-navigator"
| #define PACKAGE_TARNAME "avant-window-navigator"
| #define PACKAGE_VERSION "0.1.1"
| #define PACKAGE_STRING "avant-window-navigator 0.1.1"
| #define PACKAGE_BUGREPORT ""
| #define PACKAGE "avant-window-navigator"
| #define VERSION "0.1.1"
| #define STDC_HEADERS 1
| #define HAVE_SYS_TYPES_H 1
| #define HAVE_SYS_STAT_H 1
| #define HAVE_STDLIB_H 1
| #define HAVE_STRING_H 1
| #define HAVE_MEMORY_H 1
| #define HAVE_STRINGS_H 1
| #define HAVE_INTTYPES_H 1
| #define HAVE_STDINT_H 1
| #define HAVE_UNISTD_H 1
| #define HAVE_DLFCN_H 1
| /* end confdefs.h.  */
| extern "C" void std::exit (int); using std::exit;
| #include <stdlib.h>
| int
| main ()
| {
| exit (42);
|   ;
|   return 0;
| }
configure:5844: g++ -c -g -O2  conftest.cc >&5
In file included from conftest.cc:23:
/home/chris/sdk2/stdlib.h:159: error: declaration of 'void exit(int)' throws different exceptions
conftest.cc:22: error: from previous declaration 'void exit(int) throw ()'
configure:5850: $? = 1
configure: failed program was:
| /* confdefs.h.  */
| 
| #define PACKAGE_NAME "avant-window-navigator"
| #define PACKAGE_TARNAME "avant-window-navigator"
| #define PACKAGE_VERSION "0.1.1"
| #define PACKAGE_STRING "avant-window-navigator 0.1.1"
| #define PACKAGE_BUGREPORT ""
| #define PACKAGE "avant-window-navigator"
| #define VERSION "0.1.1"
| #define STDC_HEADERS 1
| #define HAVE_SYS_TYPES_H 1
| #define HAVE_SYS_STAT_H 1
| #define HAVE_STDLIB_H 1
| #define HAVE_STRING_H 1
| #define HAVE_MEMORY_H 1
| #define HAVE_STRINGS_H 1
| #define HAVE_INTTYPES_H 1
| #define HAVE_STDINT_H 1
| #define HAVE_UNISTD_H 1
| #define HAVE_DLFCN_H 1
| /* end confdefs.h.  */
| extern "C" void exit (int) throw ();
| #include <stdlib.h>
| int
| main ()
| {
| exit (42);
|   ;
|   return 0;
| }
configure:5844: g++ -c -g -O2  conftest.cc >&5
configure:5850: $? = 0
configure:5854: test -z 
			 || test ! -s conftest.err
configure:5857: $? = 0
configure:5860: test -s conftest.o
configure:5863: $? = 0
configure:5889: g++ -c -g -O2  conftest.cc >&5
configure:5895: $? = 0
configure:5899: test -z 
			 || test ! -s conftest.err
configure:5902: $? = 0
configure:5905: test -s conftest.o
configure:5908: $? = 0
configure:5933: checking dependency style of g++
configure:6023: result: gcc3
configure:6050: checking how to run the C++ preprocessor
configure:6081: g++ -E  conftest.cc
configure:6087: $? = 0
configure:6119: g++ -E  conftest.cc
conftest.cc:25:28: error: ac_nonexistent.h: No such file or directory
configure:6125: $? = 1
configure: failed program was:
| /* confdefs.h.  */
| 
| #define PACKAGE_NAME "avant-window-navigator"
| #define PACKAGE_TARNAME "avant-window-navigator"
| #define PACKAGE_VERSION "0.1.1"
| #define PACKAGE_STRING "avant-window-navigator 0.1.1"
| #define PACKAGE_BUGREPORT ""
| #define PACKAGE "avant-window-navigator"
| #define VERSION "0.1.1"
| #define STDC_HEADERS 1
| #define HAVE_SYS_TYPES_H 1
| #define HAVE_SYS_STAT_H 1
| #define HAVE_STDLIB_H 1
| #define HAVE_STRING_H 1
| #define HAVE_MEMORY_H 1
| #define HAVE_STRINGS_H 1
| #define HAVE_INTTYPES_H 1
| #define HAVE_STDINT_H 1
| #define HAVE_UNISTD_H 1
| #define HAVE_DLFCN_H 1
| #ifdef __cplusplus
| extern "C" void exit (int);
| #endif
| /* end confdefs.h.  */
| #include <ac_nonexistent.h>
configure:6164: result: g++ -E
configure:6188: g++ -E  conftest.cc
configure:6194: $? = 0
configure:6226: g++ -E  conftest.cc
conftest.cc:25:28: error: ac_nonexistent.h: No such file or directory
configure:6232: $? = 1
configure: failed program was:
| /* confdefs.h.  */
| 
| #define PACKAGE_NAME "avant-window-navigator"
| #define PACKAGE_TARNAME "avant-window-navigator"
| #define PACKAGE_VERSION "0.1.1"
| #define PACKAGE_STRING "avant-window-navigator 0.1.1"
| #define PACKAGE_BUGREPORT ""
| #define PACKAGE "avant-window-navigator"
| #define VERSION "0.1.1"
| #define STDC_HEADERS 1
| #define HAVE_SYS_TYPES_H 1
| #define HAVE_SYS_STAT_H 1
| #define HAVE_STDLIB_H 1
| #define HAVE_STRING_H 1
| #define HAVE_MEMORY_H 1
| #define HAVE_STRINGS_H 1
| #define HAVE_INTTYPES_H 1
| #define HAVE_STDINT_H 1
| #define HAVE_UNISTD_H 1
| #define HAVE_DLFCN_H 1
| #ifdef __cplusplus
| extern "C" void exit (int);
| #endif
| /* end confdefs.h.  */
| #include <ac_nonexistent.h>
configure:6329: checking for g77
configure:6358: result: no
configure:6329: checking for f77
configure:6358: result: no
configure:6329: checking for xlf
configure:6358: result: no
configure:6329: checking for frt
configure:6358: result: no
configure:6329: checking for pgf77
configure:6358: result: no
configure:6329: checking for fort77
configure:6358: result: no
configure:6329: checking for fl32
configure:6358: result: no
configure:6329: checking for af77
configure:6358: result: no
configure:6329: checking for f90
configure:6358: result: no
configure:6329: checking for xlf90
configure:6358: result: no
configure:6329: checking for pgf90
configure:6358: result: no
configure:6329: checking for epcf90
configure:6358: result: no
configure:6329: checking for f95
configure:6358: result: no
configure:6329: checking for fort
configure:6358: result: no
configure:6329: checking for xlf95
configure:6358: result: no
configure:6329: checking for ifc
configure:6358: result: no
configure:6329: checking for efc
configure:6358: result: no
configure:6329: checking for pgf95
configure:6358: result: no
configure:6329: checking for lf95
configure:6358: result: no
configure:6329: checking for gfortran
configure:6358: result: no
configure:6370: checking for Fortran 77 compiler version
configure:6373:  --version </dev/null >&5
./configure: line 6374: --version: command not found
configure:6376: $? = 127
configure:6378:  -v </dev/null >&5
./configure: line 6379: -v: command not found
configure:6381: $? = 127
configure:6383:  -V </dev/null >&5
./configure: line 6384: -V: command not found
configure:6386: $? = 127
configure:6394: checking whether we are using the GNU Fortran 77 compiler
configure:6408:  -c  conftest.F >&5
./configure: line 6409: -c: command not found
configure:6414: $? = 127
configure: failed program was:
|       program main
| #ifndef __GNUC__
|        choke me
| #endif
| 
|       end
configure:6440: result: no
configure:6446: checking whether  accepts -g
configure:6458:  -c -g conftest.f >&5
./configure: line 6459: -c: command not found
configure:6464: $? = 127
configure: failed program was:
|       program main
| 
|       end
configure:6489: result: no
configure:6519: checking the maximum length of command line arguments
configure:6628: result: 196608
configure:6639: checking command to parse /usr/bin/nm -p output from /usr/bin/gcc object
configure:6744: /usr/bin/gcc -c -g -O2  conftest.c >&5
configure:6747: $? = 0
configure:6751: /usr/bin/nm -p conftest.o \| sed -n -e 's/^.*[ 	]\([BCDEGRST][BCDEGRST]*\)[ 	][ 	]*\([_A-Za-z][_A-Za-z0-9]*\)$/\1 \2 \2/p' \> conftest.nm
configure:6754: $? = 0
cannot find nm_test_var in conftest.nm
configure:6744: /usr/bin/gcc -c -g -O2  conftest.c >&5
configure:6747: $? = 0
configure:6751: /usr/bin/nm -p conftest.o \| sed -n -e 's/^.*[ 	]\([BCDEGRST][BCDEGRST]*\)[ 	][ 	]*_\([_A-Za-z][_A-Za-z0-9]*\)$/\1 _\2 \2/p' \> conftest.nm
configure:6754: $? = 0
configure:6806: /usr/bin/gcc -o conftest -g -O2   conftest.c conftstm.o >&5
configure:6809: $? = 0
configure:6847: result: ok
configure:6851: checking for objdir
configure:6866: result: .libs
configure:6956: checking for ar
configure:6972: found /usr/bin/ar
configure:6983: result: ar
configure:7036: checking for ranlib
configure:7052: found /usr/bin/ranlib
configure:7063: result: ranlib
configure:7116: checking for strip
configure:7132: found /usr/bin/strip
configure:7143: result: strip
configure:7415: checking if /usr/bin/gcc supports -fno-rtti -fno-exceptions
configure:7433: /usr/bin/gcc -c -g -O2  -fno-rtti -fno-exceptions conftest.c >&5
cc1: warning: command line option "-fno-rtti" is valid for C++/ObjC++ but not for C
configure:7437: $? = 0
configure:7450: result: no
configure:7465: checking for /usr/bin/gcc option to produce PIC
configure:7675: result: -fno-common
configure:7683: checking if /usr/bin/gcc PIC flag -fno-common works
configure:7701: /usr/bin/gcc -c -g -O2  -fno-common -DPIC conftest.c >&5
configure:7705: $? = 0
configure:7718: result: yes
configure:7746: checking if /usr/bin/gcc static flag -static works
configure:7774: result: no
configure:7784: checking if /usr/bin/gcc supports -c -o file.o
configure:7805: /usr/bin/gcc -c -g -O2  -o out/conftest2.o conftest.c >&5
configure:7809: $? = 0
configure:7831: result: yes
configure:7857: checking whether the /usr/bin/gcc linker (/usr/bin/ld) supports shared libraries
configure:8815: result: yes
configure:8882: checking dynamic linker characteristics
configure:9491: result: darwin10.4.0 dyld
configure:9500: checking how to hardcode library paths into programs
configure:9525: result: immediate
configure:9539: checking whether stripping libraries is possible
configure:9552: result: yes
configure:10378: checking if libtool supports shared libraries
configure:10380: result: yes
configure:10383: checking whether to build shared libraries
configure:10404: result: yes
configure:10407: checking whether to build static libraries
configure:10411: result: yes
configure:10503: creating libtool
configure:11094: checking for ld used by g++
configure:11161: result: /usr/bin/ld
configure:11170: checking if the linker (/usr/bin/ld) is GNU ld
configure:11185: result: no
configure:11236: checking whether the g++ linker (/usr/bin/ld) supports shared libraries
configure:12174: result: yes
configure:12192: g++ -c -g -O2  conftest.cpp >&5
configure:12195: $? = 0
configure:12314: checking for g++ option to produce PIC
configure:12588: result: -fno-common
configure:12596: checking if g++ PIC flag -fno-common works
configure:12614: g++ -c -g -O2  -fno-common -DPIC conftest.cpp >&5
configure:12618: $? = 0
configure:12631: result: yes
configure:12659: checking if g++ static flag -static works
configure:12687: result: no
configure:12697: checking if g++ supports -c -o file.o
configure:12718: g++ -c -g -O2  -o out/conftest2.o conftest.cpp >&5
configure:12722: $? = 0
configure:12744: result: yes
configure:12770: checking whether the g++ linker (/usr/bin/ld) supports shared libraries
configure:12795: result: yes
configure:12862: checking dynamic linker characteristics
configure:13471: result: darwin10.4.0 dyld
configure:13480: checking how to hardcode library paths into programs
configure:13505: result: immediate
configure:19734: checking for intltool >= 0.34
configure:19741: result: 0.35.0 found
configure:19797: checking for perl
configure:19815: found /usr/local/bin/perl
configure:19827: result: /usr/local/bin/perl
configure:19845: checking for XML::Parser
configure:19848: result: ok
configure:19859: checking for iconv
configure:19877: found /usr/local/bin/iconv
configure:19890: result: /usr/local/bin/iconv
configure:19899: checking for msgfmt
configure:19917: found /usr/local/bin/msgfmt
configure:19930: result: /usr/local/bin/msgfmt
configure:19939: checking for msgmerge
configure:19957: found /usr/local/bin/msgmerge
configure:19970: result: /usr/local/bin/msgmerge
configure:19979: checking for xgettext
configure:19997: found /usr/local/bin/xgettext
configure:20010: result: /usr/local/bin/xgettext
configure:20043: checking locale.h usability
configure:20055: /usr/bin/gcc -c -g -O2 -Wall -pedantic -std=c99 -fno-strict-aliasing -fmessage-length=0 -D_FORTIFY_SOURCE=2  conftest.c >&5
configure:20061: $? = 0
configure:20065: test -z 
			 || test ! -s conftest.err
configure:20068: $? = 0
configure:20071: test -s conftest.o
configure:20074: $? = 0
configure:20084: result: yes
configure:20088: checking locale.h presence
configure:20098: /usr/bin/gcc -E  conftest.c
configure:20104: $? = 0
configure:20124: result: yes
configure:20159: checking for locale.h
configure:20166: result: yes
configure:20180: checking for LC_MESSAGES
configure:20201: /usr/bin/gcc -o conftest -g -O2 -Wall -pedantic -std=c99 -fno-strict-aliasing -fmessage-length=0 -D_FORTIFY_SOURCE=2   conftest.c  >&5
configure:20207: $? = 0
configure:20211: test -z 
			 || test ! -s conftest.err
configure:20214: $? = 0
configure:20217: test -s conftest
configure:20220: $? = 0
configure:20232: result: yes
configure:20261: checking libintl.h usability
configure:20273: /usr/bin/gcc -c -g -O2 -Wall -pedantic -std=c99 -fno-strict-aliasing -fmessage-length=0 -D_FORTIFY_SOURCE=2  conftest.c >&5
configure:20279: $? = 0
configure:20283: test -z 
			 || test ! -s conftest.err
configure:20286: $? = 0
configure:20289: test -s conftest.o
configure:20292: $? = 0
configure:20302: result: yes
configure:20306: checking libintl.h presence
configure:20316: /usr/bin/gcc -E  conftest.c
configure:20322: $? = 0
configure:20342: result: yes
configure:20377: checking for libintl.h
configure:20384: result: yes
configure:20395: checking for ngettext in libc
configure:20418: /usr/bin/gcc -o conftest -g -O2 -Wall -pedantic -std=c99 -fno-strict-aliasing -fmessage-length=0 -D_FORTIFY_SOURCE=2   conftest.c  >&5
Undefined symbols:
  "_libintl_ngettext", referenced from:
      _main in cculxGYz.o
ld: symbol(s) not found
collect2: ld returned 1 exit status
configure:20424: $? = 1
configure: failed program was:
| /* confdefs.h.  */
| 
| #define PACKAGE_NAME "avant-window-navigator"
| #define PACKAGE_TARNAME "avant-window-navigator"
| #define PACKAGE_VERSION "0.1.1"
| #define PACKAGE_STRING "avant-window-navigator 0.1.1"
| #define PACKAGE_BUGREPORT ""
| #define PACKAGE "avant-window-navigator"
| #define VERSION "0.1.1"
| #define STDC_HEADERS 1
| #define HAVE_SYS_TYPES_H 1
| #define HAVE_SYS_STAT_H 1
| #define HAVE_STDLIB_H 1
| #define HAVE_STRING_H 1
| #define HAVE_MEMORY_H 1
| #define HAVE_STRINGS_H 1
| #define HAVE_INTTYPES_H 1
| #define HAVE_STDINT_H 1
| #define HAVE_UNISTD_H 1
| #define HAVE_DLFCN_H 1
| #ifdef __cplusplus
| extern "C" void exit (int);
| #endif
| #define GETTEXT_PACKAGE "avant-window-navigator"
| #define HAVE_LOCALE_H 1
| #define HAVE_LC_MESSAGES 1
| /* end confdefs.h.  */
| 
| #include <libintl.h>
| 
| int
| main ()
| {
| return !ngettext ("","", 1)
|   ;
|   return 0;
| }
configure:20450: result: no
configure:20625: checking for bindtextdomain in -lintl
configure:20655: /usr/bin/gcc -o conftest -g -O2 -Wall -pedantic -std=c99 -fno-strict-aliasing -fmessage-length=0 -D_FORTIFY_SOURCE=2   conftest.c -lintl   >&5
configure:20661: $? = 0
configure:20665: test -z 
			 || test ! -s conftest.err
configure:20668: $? = 0
configure:20671: test -s conftest
configure:20674: $? = 0
configure:20687: result: yes
configure:20690: checking for ngettext in -lintl
configure:20720: /usr/bin/gcc -o conftest -g -O2 -Wall -pedantic -std=c99 -fno-strict-aliasing -fmessage-length=0 -D_FORTIFY_SOURCE=2   conftest.c -lintl   >&5
configure:20726: $? = 0
configure:20730: test -z 
			 || test ! -s conftest.err
configure:20733: $? = 0
configure:20736: test -s conftest
configure:20739: $? = 0
configure:20752: result: yes
configure:20755: checking for dgettext in -lintl
configure:20785: /usr/bin/gcc -o conftest -g -O2 -Wall -pedantic -std=c99 -fno-strict-aliasing -fmessage-length=0 -D_FORTIFY_SOURCE=2   conftest.c -lintl   >&5
configure:20791: $? = 0
configure:20795: test -z 
			 || test ! -s conftest.err
configure:20798: $? = 0
configure:20801: test -s conftest
configure:20804: $? = 0
configure:20817: result: yes
configure:20988: checking for bind_textdomain_codeset
configure:21045: /usr/bin/gcc -o conftest -g -O2 -Wall -pedantic -std=c99 -fno-strict-aliasing -fmessage-length=0 -D_FORTIFY_SOURCE=2   conftest.c  -lintl  >&5
configure:21051: $? = 0
configure:21055: test -z 
			 || test ! -s conftest.err
configure:21058: $? = 0
configure:21061: test -s conftest
configure:21064: $? = 0
configure:21076: result: yes
configure:21116: checking for msgfmt
configure:21143: result: /usr/local/bin/msgfmt
configure:21156: checking for dcgettext
configure:21213: /usr/bin/gcc -o conftest -g -O2 -Wall -pedantic -std=c99 -fno-strict-aliasing -fmessage-length=0 -D_FORTIFY_SOURCE=2   conftest.c  -lintl  >&5
configure:21219: $? = 0
configure:21223: test -z 
			 || test ! -s conftest.err
configure:21226: $? = 0
configure:21229: test -s conftest
configure:21232: $? = 0
configure:21244: result: yes
configure:21256: checking for gmsgfmt
configure:21287: result: /usr/local/bin/msgfmt
configure:21296: checking for xgettext
configure:21323: result: /usr/local/bin/xgettext
configure:21347: /usr/bin/gcc -o conftest -g -O2 -Wall -pedantic -std=c99 -fno-strict-aliasing -fmessage-length=0 -D_FORTIFY_SOURCE=2   conftest.c  -lintl  >&5
configure:21353: $? = 0
configure:21357: test -z 
			 || test ! -s conftest.err
configure:21360: $? = 0
configure:21363: test -s conftest
configure:21366: $? = 0
configure:21539: checking for catalogs to be installed
configure:21564: result:  en_GB
configure:21675: checking for pkg-config
configure:21693: found /usr/bin/pkg-config
configure:21705: result: /usr/bin/pkg-config
configure:21720: checking pkg-config is at least version 0.7
configure:21723: result: yes
configure:21741: checking for GLIB - version >= 2.8.0
configure:21860: /usr/bin/gcc -o conftest -g -O2 -Wall -pedantic -std=c99 -fno-strict-aliasing -fmessage-length=0 -D_FORTIFY_SOURCE=2 -D_REENTRANT -I/usr/local/include/glib-2.0 -I/usr/local/lib/glib-2.0/include     conftest.c -L/usr/local/lib -lgobject-2.0 -lgthread-2.0 -lglib-2.0 -lintl    >&5
configure:21863: $? = 0
configure:21865: ./conftest
configure:21868: $? = 0
configure:21886: result: yes (version 2.29.14)
configure:21985: checking for AWN
configure:21993: $PKG_CONFIG --exists --print-errors " $COMMON_MODULES libwnck-1.0 gconf-2.0"
configure:21996: $? = 0
configure:22011: $PKG_CONFIG --exists --print-errors " $COMMON_MODULES libwnck-1.0 gconf-2.0"
configure:22014: $? = 0
configure:22090: result: yes
configure:22100: checking for gconftool-2
configure:22118: found /usr/local/bin/gconftool-2
configure:22131: result: /usr/local/bin/gconftool-2
configure:22160: result: Using config source xml:merged:/usr/local/etc/gconf/gconf.xml.defaults for schema installation
configure:22175: result: Using $(sysconfdir)/gconf/schemas as install directory for schema files
configure:22343: creating ./config.status

## ---------------------- ##
## Running config.status. ##
## ---------------------- ##

This file was extended by avant-window-navigator config.status 0.1.1, which was
generated by GNU Autoconf 2.59.  Invocation command line was

  CONFIG_FILES    = 
  CONFIG_HEADERS  = 
  CONFIG_LINKS    = 
  CONFIG_COMMANDS = 
  $ ./config.status 

on Chriss-iPad

config.status:791: creating Makefile
config.status:791: creating avant-preferences/Makefile
config.status:791: creating src/Makefile
config.status:791: creating data/Makefile
config.status:791: creating data/active/Makefile
config.status:791: creating po/Makefile.in
config.status:895: creating config.h
config.status:1197: executing depfiles commands
config.status:1197: executing intltool commands
config.status:1197: executing default-1 commands
config.status:1197: executing po/stamp-it commands

## ---------------- ##
## Cache variables. ##
## ---------------- ##

ac_cv_build=arm-apple-darwin10.4.0
ac_cv_build_alias=arm-apple-darwin10.4.0
ac_cv_c_compiler_gnu=yes
ac_cv_cxx_compiler_gnu=yes
ac_cv_env_AWN_CFLAGS_set=
ac_cv_env_AWN_CFLAGS_value=
ac_cv_env_AWN_LIBS_set=
ac_cv_env_AWN_LIBS_value=
ac_cv_env_CC_set=set
ac_cv_env_CC_value=/usr/bin/gcc
ac_cv_env_CFLAGS_set=
ac_cv_env_CFLAGS_value=
ac_cv_env_CPPFLAGS_set=
ac_cv_env_CPPFLAGS_value=
ac_cv_env_CPP_set=
ac_cv_env_CPP_value=
ac_cv_env_CXXCPP_set=
ac_cv_env_CXXCPP_value=
ac_cv_env_CXXFLAGS_set=
ac_cv_env_CXXFLAGS_value=
ac_cv_env_CXX_set=
ac_cv_env_CXX_value=
ac_cv_env_F77_set=
ac_cv_env_F77_value=
ac_cv_env_FFLAGS_set=
ac_cv_env_FFLAGS_value=
ac_cv_env_LDFLAGS_set=
ac_cv_env_LDFLAGS_value=
ac_cv_env_PKG_CONFIG_set=
ac_cv_env_PKG_CONFIG_value=
ac_cv_env_build_alias_set=
ac_cv_env_build_alias_value=
ac_cv_env_host_alias_set=
ac_cv_env_host_alias_value=
ac_cv_env_target_alias_set=
ac_cv_env_target_alias_value=
ac_cv_exeext=
ac_cv_f77_compiler_gnu=no
ac_cv_func_bind_textdomain_codeset=yes
ac_cv_func_dcgettext=yes
ac_cv_header_dlfcn_h=yes
ac_cv_header_inttypes_h=yes
ac_cv_header_libintl_h=yes
ac_cv_header_locale_h=yes
ac_cv_header_memory_h=yes
ac_cv_header_stdc=yes
ac_cv_header_stdint_h=yes
ac_cv_header_stdlib_h=yes
ac_cv_header_string_h=yes
ac_cv_header_strings_h=yes
ac_cv_header_sys_stat_h=yes
ac_cv_header_sys_types_h=yes
ac_cv_header_unistd_h=yes
ac_cv_host=arm-apple-darwin10.4.0
ac_cv_host_alias=arm-apple-darwin10.4.0
ac_cv_lib_intl_bindtextdomain=yes
ac_cv_lib_intl_dgettext=yes
ac_cv_lib_intl_ngettext=yes
ac_cv_objext=o
ac_cv_path_GCONFTOOL=/usr/local/bin/gconftool-2
ac_cv_path_GMSGFMT=/usr/local/bin/msgfmt
ac_cv_path_INTLTOOL_ICONV=/usr/local/bin/iconv
ac_cv_path_INTLTOOL_MSGFMT=/usr/local/bin/msgfmt
ac_cv_path_INTLTOOL_MSGMERGE=/usr/local/bin/msgmerge
ac_cv_path_INTLTOOL_PERL=/usr/local/bin/perl
ac_cv_path_INTLTOOL_XGETTEXT=/usr/local/bin/xgettext
ac_cv_path_MSGFMT=/usr/local/bin/msgfmt
ac_cv_path_XGETTEXT=/usr/local/bin/xgettext
ac_cv_path_ac_pt_PKG_CONFIG=/usr/bin/pkg-config
ac_cv_path_install='/usr/bin/install -c'
ac_cv_prog_AWK=gawk
ac_cv_prog_CPP='/usr/bin/gcc -E'
ac_cv_prog_CXXCPP='g++ -E'
ac_cv_prog_ac_ct_AR=ar
ac_cv_prog_ac_ct_CC=/usr/bin/gcc
ac_cv_prog_ac_ct_CXX=g++
ac_cv_prog_ac_ct_RANLIB=ranlib
ac_cv_prog_ac_ct_STRIP=strip
ac_cv_prog_cc_g=yes
ac_cv_prog_cc_stdc=
ac_cv_prog_cxx_g=yes
ac_cv_prog_egrep='grep -E'
ac_cv_prog_f77_g=no
ac_cv_prog_make_make_set=yes
ac_cv_search_strerror='none required'
am_cv_CC_dependencies_compiler_type=gcc3
am_cv_CXX_dependencies_compiler_type=gcc3
am_cv_prog_tar_ustar=gnutar
am_cv_val_LC_MESSAGES=yes
gt_cv_func_dgettext_libc=no
gt_cv_func_dgettext_libintl=yes
gt_cv_func_ngettext_libc=no
gt_cv_have_gettext=yes
lt_cv_deplibs_check_method=pass_all
lt_cv_file_magic_cmd='$MAGIC_CMD'
lt_cv_file_magic_test_file=
lt_cv_ld_reload_flag=-r
lt_cv_objdir=.libs
lt_cv_path_LD=/usr/bin/ld
lt_cv_path_LDCXX=/usr/bin/ld
lt_cv_path_NM='/usr/bin/nm -p'
lt_cv_path_SED=/bin/sed
lt_cv_prog_compiler_c_o=yes
lt_cv_prog_compiler_c_o_CXX=yes
lt_cv_prog_compiler_rtti_exceptions=no
lt_cv_prog_gnu_ld=no
lt_cv_prog_gnu_ldcxx=no
lt_cv_sys_global_symbol_pipe='sed -n -e '\''s/^.*[ 	]\([BCDEGRST][BCDEGRST]*\)[ 	][ 	]*_\([_A-Za-z][_A-Za-z0-9]*\)$/\1 _\2 \2/p'\'''
lt_cv_sys_global_symbol_to_c_name_address='sed -n -e '\''s/^: \([^ ]*\) $/  {\"\1\", (lt_ptr) 0},/p'\'' -e '\''s/^[BCDEGRST] \([^ ]*\) \([^ ]*\)$/  {"\2", (lt_ptr) \&\2},/p'\'''
lt_cv_sys_global_symbol_to_cdecl='sed -n -e '\''s/^. .* \(.*\)$/extern int \1;/p'\'''
lt_cv_sys_max_cmd_len=196608
lt_lt_cv_prog_compiler_c_o='"yes"'
lt_lt_cv_prog_compiler_c_o_CXX='"yes"'
lt_lt_cv_sys_global_symbol_pipe='"sed -n -e '\''s/^.*[ 	]\\([BCDEGRST][BCDEGRST]*\\)[ 	][ 	]*_\\([_A-Za-z][_A-Za-z0-9]*\\)\$/\\1 _\\2 \\2/p'\''"'
lt_lt_cv_sys_global_symbol_to_c_name_address='"sed -n -e '\''s/^: \\([^ ]*\\) \$/  {\\\"\\1\\\", (lt_ptr) 0},/p'\'' -e '\''s/^[BCDEGRST] \\([^ ]*\\) \\([^ ]*\\)\$/  {\"\\2\", (lt_ptr) \\&\\2},/p'\''"'
lt_lt_cv_sys_global_symbol_to_cdecl='"sed -n -e '\''s/^. .* \\(.*\\)\$/extern int \\1;/p'\''"'
pkg_cv_AWN_CFLAGS='-D_REENTRANT -DORBIT2=1 -I/usr/local/include/glib-2.0 -I/usr/local/lib/glib-2.0/include -I/usr/local/include/gtk-2.0 -I/usr/local/lib/gtk-2.0/include -I/usr/local/include/atk-1.0 -I/usr/local/include/cairo -I/usr/local/include/gdk-pixbuf-2.0 -I/usr/local/include/pango-1.0 -I/usr/local/include/pixman-1 -I/usr/local/include/freetype2 -I/usr/local/include/libpng14 -I/usr/local/include/libwnck-1.0 -I/usr/local/include/startup-notification-1.0 -I/usr/local/include/gconf/2 -I/usr/local/include/orbit-2.0  '
pkg_cv_AWN_LIBS='-L/usr/local/lib -lwnck-1 -lgtk-x11-2.0 -lgdk-x11-2.0 -latk-1.0 -lgio-2.0 -lpangoft2-1.0 -lpangocairo-1.0 -lgdk_pixbuf-2.0 -lcairo -lpango-1.0 -lfreetype -lfontconfig -lgobject-2.0 -lgmodule-2.0 -lgthread-2.0 -lgconf-2 -lglib-2.0 -lintl  '

## ----------------- ##
## Output variables. ##
## ----------------- ##

ACLOCAL='${SHELL} /home/chris/avant-window-navigator-0.1.1/missing --run aclocal-1.9'
ACLOCAL_AMFLAGS='${ACLOCAL_FLAGS}'
ALL_LINGUAS='en_GB'
AMDEPBACKSLASH='\'
AMDEP_FALSE='#'
AMDEP_TRUE=''
AMTAR='${SHELL} /home/chris/avant-window-navigator-0.1.1/missing --run tar'
AR='ar'
AUTOCONF='${SHELL} /home/chris/avant-window-navigator-0.1.1/missing --run autoconf'
AUTOHEADER='${SHELL} /home/chris/avant-window-navigator-0.1.1/missing --run autoheader'
AUTOMAKE='${SHELL} /home/chris/avant-window-navigator-0.1.1/missing --run automake-1.9'
AWK='gawk'
AWN_CFLAGS='-D_REENTRANT -DORBIT2=1 -I/usr/local/include/glib-2.0 -I/usr/local/lib/glib-2.0/include -I/usr/local/include/gtk-2.0 -I/usr/local/lib/gtk-2.0/include -I/usr/local/include/atk-1.0 -I/usr/local/include/cairo -I/usr/local/include/gdk-pixbuf-2.0 -I/usr/local/include/pango-1.0 -I/usr/local/include/pixman-1 -I/usr/local/include/freetype2 -I/usr/local/include/libpng14 -I/usr/local/include/libwnck-1.0 -I/usr/local/include/startup-notification-1.0 -I/usr/local/include/gconf/2 -I/usr/local/include/orbit-2.0  '
AWN_LIBS='-L/usr/local/lib -lwnck-1 -lgtk-x11-2.0 -lgdk-x11-2.0 -latk-1.0 -lgio-2.0 -lpangoft2-1.0 -lpangocairo-1.0 -lgdk_pixbuf-2.0 -lcairo -lpango-1.0 -lfreetype -lfontconfig -lgobject-2.0 -lgmodule-2.0 -lgthread-2.0 -lgconf-2 -lglib-2.0 -lintl  '
CATALOGS=' en_GB.gmo'
CATOBJEXT='.gmo'
CC='/usr/bin/gcc'
CCDEPMODE='depmode=gcc3'
CFLAGS='-g -O2 -Wall -pedantic -std=c99 -fno-strict-aliasing -fmessage-length=0 -D_FORTIFY_SOURCE=2'
CPP='/usr/bin/gcc -E'
CPPFLAGS=''
CXX='g++'
CXXCPP='g++ -E'
CXXDEPMODE='depmode=gcc3'
CXXFLAGS='-g -O2'
CYGPATH_W='echo'
DATADIRNAME='share'
DEFS='-DHAVE_CONFIG_H'
DEPDIR='.deps'
ECHO='echo'
ECHO_C=''
ECHO_N='-n'
ECHO_T=''
EGREP='grep -E'
EXEEXT=''
F77=''
FFLAGS=''
GCONFTOOL='/usr/local/bin/gconftool-2'
GCONF_SCHEMAS_INSTALL_FALSE='#'
GCONF_SCHEMAS_INSTALL_TRUE=''
GCONF_SCHEMA_CONFIG_SOURCE='xml:merged:/usr/local/etc/gconf/gconf.xml.defaults'
GCONF_SCHEMA_FILE_DIR='$(sysconfdir)/gconf/schemas'
GETTEXT_PACKAGE='avant-window-navigator'
GLIB_CFLAGS='-D_REENTRANT -I/usr/local/include/glib-2.0 -I/usr/local/lib/glib-2.0/include  '
GLIB_GENMARSHAL='glib-genmarshal'
GLIB_LIBS='-L/usr/local/lib -lgobject-2.0 -lgthread-2.0 -lglib-2.0 -lintl  '
GLIB_MKENUMS='glib-mkenums'
GMOFILES=' en_GB.gmo'
GMSGFMT='/usr/local/bin/msgfmt'
GOBJECT_QUERY='gobject-query'
INSTALL_DATA='${INSTALL} -m 644'
INSTALL_PROGRAM='${INSTALL}'
INSTALL_SCRIPT='${INSTALL}'
INSTALL_STRIP_PROGRAM='${SHELL} $(install_sh) -c -s'
INSTOBJEXT='.mo'
INTLLIBS='-lintl '
INTLTOOL_CAVES_RULE='%.caves:     %.caves.in     $(INTLTOOL_MERGE) $(wildcard $(top_srcdir)/po/*.po) ; LC_ALL=C $(INTLTOOL_MERGE) -d -u -c $(top_builddir)/po/.intltool-merge-cache $(top_srcdir)/po $< $@'
INTLTOOL_DESKTOP_RULE='%.desktop:   %.desktop.in   $(INTLTOOL_MERGE) $(wildcard $(top_srcdir)/po/*.po) ; LC_ALL=C $(INTLTOOL_MERGE) -d -u -c $(top_builddir)/po/.intltool-merge-cache $(top_srcdir)/po $< $@'
INTLTOOL_DIRECTORY_RULE='%.directory: %.directory.in $(INTLTOOL_MERGE) $(wildcard $(top_srcdir)/po/*.po) ; LC_ALL=C $(INTLTOOL_MERGE) -d -u -c $(top_builddir)/po/.intltool-merge-cache $(top_srcdir)/po $< $@'
INTLTOOL_EXTRACT='$(top_builddir)/intltool-extract'
INTLTOOL_ICONV='/usr/local/bin/iconv'
INTLTOOL_KBD_RULE='%.kbd:       %.kbd.in       $(INTLTOOL_MERGE) $(wildcard $(top_srcdir)/po/*.po) ; LC_ALL=C $(INTLTOOL_MERGE) -x -u -m -c $(top_builddir)/po/.intltool-merge-cache $(top_srcdir)/po $< $@'
INTLTOOL_KEYS_RULE='%.keys:      %.keys.in      $(INTLTOOL_MERGE) $(wildcard $(top_srcdir)/po/*.po) ; LC_ALL=C $(INTLTOOL_MERGE) -k -u -c $(top_builddir)/po/.intltool-merge-cache $(top_srcdir)/po $< $@'
INTLTOOL_MERGE='$(top_builddir)/intltool-merge'
INTLTOOL_MSGFMT='/usr/local/bin/msgfmt'
INTLTOOL_MSGMERGE='/usr/local/bin/msgmerge'
INTLTOOL_OAF_RULE='%.oaf:       %.oaf.in       $(INTLTOOL_MERGE) $(wildcard $(top_srcdir)/po/*.po) ; LC_ALL=C $(INTLTOOL_MERGE) -o -p $(top_srcdir)/po $< $@'
INTLTOOL_PERL='/usr/local/bin/perl'
INTLTOOL_PONG_RULE='%.pong:      %.pong.in      $(INTLTOOL_MERGE) $(wildcard $(top_srcdir)/po/*.po) ; LC_ALL=C $(INTLTOOL_MERGE) -x -u -c $(top_builddir)/po/.intltool-merge-cache $(top_srcdir)/po $< $@'
INTLTOOL_PROP_RULE='%.prop:      %.prop.in      $(INTLTOOL_MERGE) $(wildcard $(top_srcdir)/po/*.po) ; LC_ALL=C $(INTLTOOL_MERGE) -d -u -c $(top_builddir)/po/.intltool-merge-cache $(top_srcdir)/po $< $@'
INTLTOOL_SCHEMAS_RULE='%.schemas:   %.schemas.in   $(INTLTOOL_MERGE) $(wildcard $(top_srcdir)/po/*.po) ; LC_ALL=C $(INTLTOOL_MERGE) -s -u -c $(top_builddir)/po/.intltool-merge-cache $(top_srcdir)/po $< $@'
INTLTOOL_SERVER_RULE='%.server:    %.server.in    $(INTLTOOL_MERGE) $(wildcard $(top_srcdir)/po/*.po) ; LC_ALL=C $(INTLTOOL_MERGE) -o -u -c $(top_builddir)/po/.intltool-merge-cache $(top_srcdir)/po $< $@'
INTLTOOL_SERVICE_RULE='%.service: %.service.in   $(INTLTOOL_MERGE) $(wildcard $(top_srcdir)/po/*.po) ; LC_ALL=C $(INTLTOOL_MERGE) -d -u -c $(top_builddir)/po/.intltool-merge-cache $(top_srcdir)/po $< $@'
INTLTOOL_SHEET_RULE='%.sheet:     %.sheet.in     $(INTLTOOL_MERGE) $(wildcard $(top_srcdir)/po/*.po) ; LC_ALL=C $(INTLTOOL_MERGE) -x -u -c $(top_builddir)/po/.intltool-merge-cache $(top_srcdir)/po $< $@'
INTLTOOL_SOUNDLIST_RULE='%.soundlist: %.soundlist.in $(INTLTOOL_MERGE) $(wildcard $(top_srcdir)/po/*.po) ; LC_ALL=C $(INTLTOOL_MERGE) -d -u -c $(top_builddir)/po/.intltool-merge-cache $(top_srcdir)/po $< $@'
INTLTOOL_THEME_RULE='%.theme:     %.theme.in     $(INTLTOOL_MERGE) $(wildcard $(top_srcdir)/po/*.po) ; LC_ALL=C $(INTLTOOL_MERGE) -d -u -c $(top_builddir)/po/.intltool-merge-cache $(top_srcdir)/po $< $@'
INTLTOOL_UI_RULE='%.ui:        %.ui.in        $(INTLTOOL_MERGE) $(wildcard $(top_srcdir)/po/*.po) ; LC_ALL=C $(INTLTOOL_MERGE) -x -u -c $(top_builddir)/po/.intltool-merge-cache $(top_srcdir)/po $< $@'
INTLTOOL_UPDATE='$(top_builddir)/intltool-update'
INTLTOOL_XAM_RULE='%.xam:       %.xml.in       $(INTLTOOL_MERGE) $(wildcard $(top_srcdir)/po/*.po) ; LC_ALL=C $(INTLTOOL_MERGE) -x -u -c $(top_builddir)/po/.intltool-merge-cache $(top_srcdir)/po $< $@'
INTLTOOL_XGETTEXT='/usr/local/bin/xgettext'
INTLTOOL_XML_NOMERGE_RULE='%.xml:       %.xml.in       $(INTLTOOL_MERGE) ; LC_ALL=C $(INTLTOOL_MERGE) -x -u /tmp $< $@'
INTLTOOL_XML_RULE='%.xml:       %.xml.in       $(INTLTOOL_MERGE) $(wildcard $(top_srcdir)/po/*.po) ; LC_ALL=C $(INTLTOOL_MERGE) -x -u -c $(top_builddir)/po/.intltool-merge-cache $(top_srcdir)/po $< $@'
LDFLAGS=''
LIBOBJS=''
LIBS=''
LIBTOOL='$(SHELL) $(top_builddir)/libtool'
LN_S='ln -s'
LTLIBOBJS=''
MAINT='#'
MAINTAINER_MODE_FALSE=''
MAINTAINER_MODE_TRUE='#'
MAKEINFO='${SHELL} /home/chris/avant-window-navigator-0.1.1/missing --run makeinfo'
MKINSTALLDIRS='./mkinstalldirs'
MSGFMT='/usr/local/bin/msgfmt'
OBJEXT='o'
PACKAGE='avant-window-navigator'
PACKAGE_BUGREPORT=''
PACKAGE_NAME='avant-window-navigator'
PACKAGE_STRING='avant-window-navigator 0.1.1'
PACKAGE_TARNAME='avant-window-navigator'
PACKAGE_VERSION='0.1.1'
PATH_SEPARATOR=':'
PKG_CONFIG='/usr/bin/pkg-config'
POFILES=' en_GB.po'
POSUB='po'
PO_IN_DATADIR_FALSE=''
PO_IN_DATADIR_TRUE=''
RANLIB='ranlib'
SED='/bin/sed'
SET_MAKE=''
SHELL='/bin/sh'
STRIP='strip'
USE_NLS='yes'
VERSION='0.1.1'
XGETTEXT='/usr/local/bin/xgettext'
ac_ct_AR='ar'
ac_ct_CC='/usr/bin/gcc'
ac_ct_CXX='g++'
ac_ct_F77=''
ac_ct_RANLIB='ranlib'
ac_ct_STRIP='strip'
ac_pt_PKG_CONFIG='/usr/bin/pkg-config'
am__fastdepCC_FALSE='#'
am__fastdepCC_TRUE=''
am__fastdepCXX_FALSE='#'
am__fastdepCXX_TRUE=''
am__include='include'
am__leading_dot='.'
am__quote=''
am__tar='tar --format=ustar -chf - "$$tardir"'
am__untar='tar -xf -'
bindir='${exec_prefix}/bin'
build='arm-apple-darwin10.4.0'
build_alias=''
build_cpu='arm'
build_os='darwin10.4.0'
build_vendor='apple'
datadir='${prefix}/share'
exec_prefix='${prefix}'
host='arm-apple-darwin10.4.0'
host_alias=''
host_cpu='arm'
host_os='darwin10.4.0'
host_vendor='apple'
includedir='${prefix}/include'
infodir='${prefix}/info'
install_sh='/home/chris/avant-window-navigator-0.1.1/install-sh'
libdir='${exec_prefix}/lib'
libexecdir='${exec_prefix}/libexec'
localstatedir='${prefix}/var'
mandir='${prefix}/man'
mkdir_p='mkdir -p --'
oldincludedir='/usr/include'
prefix='/usr/local'
program_transform_name='s,x,x,'
sbindir='${exec_prefix}/sbin'
sharedstatedir='${prefix}/com'
slicelocaledir='${prefix}/${DATADIRNAME}/locale'
sysconfdir='${prefix}/etc'
target_alias=''

## ----------- ##
## confdefs.h. ##
## ----------- ##

#define ENABLE_NLS 1
#define GETTEXT_PACKAGE "avant-window-navigator"
#define HAVE_BIND_TEXTDOMAIN_CODESET 1
#define HAVE_DCGETTEXT 1
#define HAVE_DLFCN_H 1
#define HAVE_GETTEXT 1
#define HAVE_INTTYPES_H 1
#define HAVE_LC_MESSAGES 1
#define HAVE_LOCALE_H 1
#define HAVE_MEMORY_H 1
#define HAVE_STDINT_H 1
#define HAVE_STDLIB_H 1
#define HAVE_STRINGS_H 1
#define HAVE_STRING_H 1
#define HAVE_SYS_STAT_H 1
#define HAVE_SYS_TYPES_H 1
#define HAVE_UNISTD_H 1
#define PACKAGE "avant-window-navigator"
#define PACKAGE_BUGREPORT ""
#define PACKAGE_NAME "avant-window-navigator"
#define PACKAGE_STRING "avant-window-navigator 0.1.1"
#define PACKAGE_TARNAME "avant-window-navigator"
#define PACKAGE_VERSION "0.1.1"
#define STDC_HEADERS 1
#define VERSION "0.1.1"
#endif
#ifdef __cplusplus
extern "C" void exit (int);

configure: exit 0
