This file contains any messages produced by compilers while
running configure, to aid debugging if configure makes a mistake.

It was created by configure, which was
generated by GNU Autoconf 2.68.  Invocation command line was

  $ ./configure --disable-option-checking --prefix=/usr/local CC=/usr/bin/gcc --cache-file=/dev/null --srcdir=.

## --------- ##
## Platform. ##
## --------- ##

hostname = Chriss-iPad
uname -m = iPad1,1
uname -r = 10.4.0
uname -s = Darwin
uname -v = Darwin Kernel Version 10.4.0: Wed Oct 20 20:14:45 PDT 2010; root:xnu-1504.58.28~3/RELEASE_ARM_S5L8930X

/usr/bin/uname -p = unknown
/bin/uname -X     = unknown

/bin/arch              = unknown
/usr/bin/arch -k       = unknown
/usr/convex/getsysinfo = unknown
/usr/bin/hostinfo      = Mach kernel version:
	 Darwin Kernel Version 10.4.0: Wed Oct 20 20:14:45 PDT 2010; root:xnu-1504.58.28~3/RELEASE_ARM_S5L8930X
Kernel configured for a single processor only.
1 processor is physically available.
1 processor is logically available.
Processor type: armv7 (arm v7)
Processor active: 0
Primary memory available: 247.00 megabytes
Default processor set: 32 tasks, 235 threads, 1 processors
Load average: 1.55, Mach factor: 0.33
/bin/machine           = unknown
/usr/bin/oslevel       = unknown
/bin/universe          = unknown

PATH: /usr/local/sbin
PATH: /usr/local/bin
PATH: /usr/sbin
PATH: /usr/bin
PATH: /sbin
PATH: /bin
PATH: /usr/bin/X11
PATH: /usr/games
PATH: /var/mobile/ocaml-3.12.0/bin


## ----------- ##
## Core tests. ##
## ----------- ##

configure:2172: checking whether make sets $(MAKE)
configure:2194: result: yes
configure:2255: checking for gcc
configure:2282: result: /usr/bin/gcc
configure:2511: checking for C compiler version
configure:2520: /usr/bin/gcc --version >&5
gcc (GCC) 4.2.1 (Based on Apple Inc. build 5555)
Copyright (C) 2007 Free Software Foundation, Inc.
This is free software; see the source for copying conditions.  There is NO
warranty; not even for MERCHANTABILITY or FITNESS FOR A PARTICULAR PURPOSE.

configure:2531: $? = 0
configure:2520: /usr/bin/gcc -v >&5
Using built-in specs.
Target: arm-apple-darwin9
Configured with: ../llvm-gcc-4.2/configure --build=x86_64-unknown-linux-gnu --host=arm-apple-darwin9 --enable-static=no --enable-shared=yes --prefix=/usr --localstatedir=/var/cache/iphone-gcc --enable-languages=c,c++,objc,obj-c++ --enable-wchar_t=no --with-gxx-include-dir=/usr/include/c++/4.0.0
Thread model: posix
gcc version 4.2.1 (Based on Apple Inc. build 5555)
configure:2531: $? = 0
configure:2520: /usr/bin/gcc -V >&5
gcc: '-V' option must have argument
configure:2531: $? = 1
configure:2520: /usr/bin/gcc -qversion >&5
gcc: no input files
configure:2531: $? = 1
configure:2551: checking whether the C compiler works
configure:2573: /usr/bin/gcc    conftest.c  >&5
configure:2577: $? = 0
configure:2625: result: yes
configure:2628: checking for C compiler default output file name
configure:2630: result: a.out
configure:2636: checking for suffix of executables
configure:2643: /usr/bin/gcc -o conftest    conftest.c  >&5
configure:2647: $? = 0
configure:2669: result: 
configure:2691: checking whether we are cross compiling
configure:2699: /usr/bin/gcc -o conftest    conftest.c  >&5
configure:2703: $? = 0
configure:2710: ./conftest
configure:2714: $? = 0
configure:2729: result: no
configure:2734: checking for suffix of object files
configure:2756: /usr/bin/gcc -c   conftest.c >&5
configure:2760: $? = 0
configure:2781: result: o
configure:2785: checking whether we are using the GNU C compiler
configure:2804: /usr/bin/gcc -c   conftest.c >&5
configure:2804: $? = 0
configure:2813: result: yes
configure:2822: checking whether /usr/bin/gcc accepts -g
configure:2842: /usr/bin/gcc -c -g  conftest.c >&5
configure:2842: $? = 0
configure:2883: result: yes
configure:2900: checking for /usr/bin/gcc option to accept ISO C89
configure:2964: /usr/bin/gcc  -c -g -O2  conftest.c >&5
configure:2964: $? = 0
configure:2977: result: none needed
configure:3002: checking how to run the C preprocessor
configure:3033: /usr/bin/gcc -E  conftest.c
configure:3033: $? = 0
configure:3047: /usr/bin/gcc -E  conftest.c
conftest.c:9:28: error: ac_nonexistent.h: No such file or directory
configure:3047: $? = 1
configure: failed program was:
| /* confdefs.h */
| #define PACKAGE_NAME ""
| #define PACKAGE_TARNAME ""
| #define PACKAGE_VERSION ""
| #define PACKAGE_STRING ""
| #define PACKAGE_BUGREPORT ""
| #define PACKAGE_URL ""
| /* end confdefs.h.  */
| #include <ac_nonexistent.h>
configure:3072: result: /usr/bin/gcc -E
configure:3092: /usr/bin/gcc -E  conftest.c
configure:3092: $? = 0
configure:3106: /usr/bin/gcc -E  conftest.c
conftest.c:9:28: error: ac_nonexistent.h: No such file or directory
configure:3106: $? = 1
configure: failed program was:
| /* confdefs.h */
| #define PACKAGE_NAME ""
| #define PACKAGE_TARNAME ""
| #define PACKAGE_VERSION ""
| #define PACKAGE_STRING ""
| #define PACKAGE_BUGREPORT ""
| #define PACKAGE_URL ""
| /* end confdefs.h.  */
| #include <ac_nonexistent.h>
configure:3148: checking for a BSD-compatible install
configure:3216: result: /usr/bin/install -c
configure:3233: checking build system type
configure:3247: result: arm-apple-darwin10.4.0
configure:3267: checking host system type
configure:3280: result: arm-apple-darwin10.4.0
configure:3303: checking whether to activate relocatable installation
configure:3318: result: no
configure:3352: checking whether ln -s works
configure:3356: result: yes
configure:3367: checking for grep that handles long lines and -e
configure:3425: result: /bin/grep
configure:3430: checking for egrep
configure:3492: result: /bin/grep -E
configure:3497: checking for ANSI C header files
configure:3517: /usr/bin/gcc -c -g -O2  conftest.c >&5
configure:3517: $? = 0
configure:3590: /usr/bin/gcc -o conftest -g -O2   conftest.c  >&5
configure:3590: $? = 0
configure:3590: ./conftest
configure:3590: $? = 0
configure:3601: result: yes
configure:3614: checking for sys/types.h
configure:3614: /usr/bin/gcc -c -g -O2  conftest.c >&5
configure:3614: $? = 0
configure:3614: result: yes
configure:3614: checking for sys/stat.h
configure:3614: /usr/bin/gcc -c -g -O2  conftest.c >&5
configure:3614: $? = 0
configure:3614: result: yes
configure:3614: checking for stdlib.h
configure:3614: /usr/bin/gcc -c -g -O2  conftest.c >&5
configure:3614: $? = 0
configure:3614: result: yes
configure:3614: checking for string.h
configure:3614: /usr/bin/gcc -c -g -O2  conftest.c >&5
configure:3614: $? = 0
configure:3614: result: yes
configure:3614: checking for memory.h
configure:3614: /usr/bin/gcc -c -g -O2  conftest.c >&5
configure:3614: $? = 0
configure:3614: result: yes
configure:3614: checking for strings.h
configure:3614: /usr/bin/gcc -c -g -O2  conftest.c >&5
configure:3614: $? = 0
configure:3614: result: yes
configure:3614: checking for inttypes.h
configure:3614: /usr/bin/gcc -c -g -O2  conftest.c >&5
configure:3614: $? = 0
configure:3614: result: yes
configure:3614: checking for stdint.h
configure:3614: /usr/bin/gcc -c -g -O2  conftest.c >&5
configure:3614: $? = 0
configure:3614: result: yes
configure:3614: checking for unistd.h
configure:3614: /usr/bin/gcc -c -g -O2  conftest.c >&5
configure:3614: $? = 0
configure:3614: result: yes
configure:3629: checking minix/config.h usability
configure:3629: /usr/bin/gcc -c -g -O2  conftest.c >&5
conftest.c:53:26: error: minix/config.h: No such file or directory
configure:3629: $? = 1
configure: failed program was:
| /* confdefs.h */
| #define PACKAGE_NAME ""
| #define PACKAGE_TARNAME ""
| #define PACKAGE_VERSION ""
| #define PACKAGE_STRING ""
| #define PACKAGE_BUGREPORT ""
| #define PACKAGE_URL ""
| #define INSTALLPREFIX "/usr/local"
| #define STDC_HEADERS 1
| #define HAVE_SYS_TYPES_H 1
| #define HAVE_SYS_STAT_H 1
| #define HAVE_STDLIB_H 1
| #define HAVE_STRING_H 1
| #define HAVE_MEMORY_H 1
| #define HAVE_STRINGS_H 1
| #define HAVE_INTTYPES_H 1
| #define HAVE_STDINT_H 1
| #define HAVE_UNISTD_H 1
| /* end confdefs.h.  */
| #include <stdio.h>
| #ifdef HAVE_SYS_TYPES_H
| # include <sys/types.h>
| #endif
| #ifdef HAVE_SYS_STAT_H
| # include <sys/stat.h>
| #endif
| #ifdef STDC_HEADERS
| # include <stdlib.h>
| # include <stddef.h>
| #else
| # ifdef HAVE_STDLIB_H
| #  include <stdlib.h>
| # endif
| #endif
| #ifdef HAVE_STRING_H
| # if !defined STDC_HEADERS && defined HAVE_MEMORY_H
| #  include <memory.h>
| # endif
| # include <string.h>
| #endif
| #ifdef HAVE_STRINGS_H
| # include <strings.h>
| #endif
| #ifdef HAVE_INTTYPES_H
| # include <inttypes.h>
| #endif
| #ifdef HAVE_STDINT_H
| # include <stdint.h>
| #endif
| #ifdef HAVE_UNISTD_H
| # include <unistd.h>
| #endif
| #include <minix/config.h>
configure:3629: result: no
configure:3629: checking minix/config.h presence
configure:3629: /usr/bin/gcc -E  conftest.c
conftest.c:20:26: error: minix/config.h: No such file or directory
configure:3629: $? = 1
configure: failed program was:
| /* confdefs.h */
| #define PACKAGE_NAME ""
| #define PACKAGE_TARNAME ""
| #define PACKAGE_VERSION ""
| #define PACKAGE_STRING ""
| #define PACKAGE_BUGREPORT ""
| #define PACKAGE_URL ""
| #define INSTALLPREFIX "/usr/local"
| #define STDC_HEADERS 1
| #define HAVE_SYS_TYPES_H 1
| #define HAVE_SYS_STAT_H 1
| #define HAVE_STDLIB_H 1
| #define HAVE_STRING_H 1
| #define HAVE_MEMORY_H 1
| #define HAVE_STRINGS_H 1
| #define HAVE_INTTYPES_H 1
| #define HAVE_STDINT_H 1
| #define HAVE_UNISTD_H 1
| /* end confdefs.h.  */
| #include <minix/config.h>
configure:3629: result: no
configure:3629: checking for minix/config.h
configure:3629: result: no
configure:3658: checking whether it is safe to define __EXTENSIONS__
configure:3676: /usr/bin/gcc -c -g -O2  conftest.c >&5
configure:3676: $? = 0
configure:3683: result: yes
configure:3751: checking how to print strings
configure:3778: result: printf
configure:3799: checking for a sed that does not truncate output
configure:3863: result: /bin/sed
configure:3881: checking for fgrep
configure:3943: result: /bin/grep -F
configure:3978: checking for ld used by /usr/bin/gcc
configure:4045: result: /usr/bin/ld
configure:4052: checking if the linker (/usr/bin/ld) is GNU ld
configure:4067: result: no
configure:4079: checking for BSD- or MS-compatible name lister (nm)
configure:4128: result: /usr/bin/nm -p
configure:4258: checking the name lister (/usr/bin/nm -p) interface
configure:4265: /usr/bin/gcc -c -g -O2  conftest.c >&5
configure:4268: /usr/bin/nm -p "conftest.o"
configure:4271: output
00000000 D _some_variable
configure:4278: result: BSD nm
configure:4282: checking the maximum length of command line arguments
configure:4407: result: 196608
configure:4424: checking whether the shell understands some XSI constructs
configure:4434: result: yes
configure:4438: checking whether the shell understands "+="
configure:4444: result: yes
configure:4479: checking how to convert arm-apple-darwin10.4.0 file names to arm-apple-darwin10.4.0 format
configure:4519: result: func_convert_file_noop
configure:4526: checking how to convert arm-apple-darwin10.4.0 file names to toolchain format
configure:4546: result: func_convert_file_noop
configure:4553: checking for /usr/bin/ld option to reload object files
configure:4560: result: -r
configure:4634: checking for objdump
configure:4650: found /usr/bin/objdump
configure:4661: result: objdump
configure:4690: checking how to recognize dependent libraries
configure:4892: result: pass_all
configure:4977: checking for dlltool
configure:5007: result: no
configure:5034: checking how to associate runtime and link libraries
configure:5061: result: printf %s\n
configure:5121: checking for ar
configure:5137: found /usr/bin/ar
configure:5148: result: ar
configure:5185: checking for archiver @FILE support
configure:5202: /usr/bin/gcc -c -g -O2  conftest.c >&5
configure:5202: $? = 0
configure:5205: ar cru libconftest.a @conftest.lst >&5
ar: @conftest.lst: No such file or directory
configure:5208: $? = 1
configure:5228: result: no
configure:5286: checking for strip
configure:5302: found /usr/bin/strip
configure:5313: result: strip
configure:5385: checking for ranlib
configure:5401: found /usr/bin/ranlib
configure:5412: result: ranlib
configure:5489: checking for gawk
configure:5505: found /usr/bin/gawk
configure:5516: result: gawk
configure:5556: checking command to parse /usr/bin/nm -p output from /usr/bin/gcc object
configure:5675: /usr/bin/gcc -c -g -O2  conftest.c >&5
configure:5678: $? = 0
configure:5682: /usr/bin/nm -p conftest.o \| sed -n -e 's/^.*[ ]\([BCDEGRST][BCDEGRST]*\)[ ][ ]*\([_A-Za-z][_A-Za-z0-9]*\)$/\1 \2 \2/p' | sed '/ __gnu_lto/d' \> conftest.nm
configure:5685: $? = 0
cannot find nm_test_var in conftest.nm
configure:5675: /usr/bin/gcc -c -g -O2  conftest.c >&5
configure:5678: $? = 0
configure:5682: /usr/bin/nm -p conftest.o \| sed -n -e 's/^.*[ ]\([BCDEGRST][BCDEGRST]*\)[ ][ ]*_\([_A-Za-z][_A-Za-z0-9]*\)$/\1 _\2 \2/p' | sed '/ __gnu_lto/d' \> conftest.nm
configure:5685: $? = 0
configure:5751: /usr/bin/gcc -o conftest -g -O2   conftest.c conftstm.o >&5
configure:5754: $? = 0
configure:5792: result: ok
configure:5829: checking for sysroot
configure:5859: result: no
configure:6102: checking for mt
configure:6132: result: no
configure:6152: checking if : is a manifest tool
configure:6158: : '-?'
configure:6166: result: no
configure:6222: checking for dsymutil
configure:6252: result: no
configure:6314: checking for nmedit
configure:6330: found /usr/bin/nmedit
configure:6341: result: nmedit
configure:6406: checking for lipo
configure:6422: found /usr/bin/lipo
configure:6433: result: lipo
configure:6498: checking for otool
configure:6514: found /usr/bin/otool
configure:6525: result: otool
configure:6590: checking for otool64
configure:6606: found /usr/bin/otool64
configure:6617: result: otool64
configure:6665: checking for -single_module linker flag
/usr/bin/gcc -g -O2  -o libconftest.dylib -dynamiclib -Wl,-single_module conftest.c
configure:6692: result: yes
configure:6694: checking for -exported_symbols_list linker flag
configure:6714: /usr/bin/gcc -o conftest -g -O2   -Wl,-exported_symbols_list,conftest.sym conftest.c  >&5
configure:6714: $? = 0
configure:6724: result: yes
configure:6726: checking for -force_load linker flag
/usr/bin/gcc -g -O2 -c -o conftest.o conftest.c
ar cru libconftest.a conftest.o
ranlib libconftest.a
/usr/bin/gcc -g -O2  -o conftest conftest.c -Wl,-force_load,./libconftest.a
ld: unknown option: -force_load
collect2: ld returned 1 exit status
configure:6756: result: no
configure:6795: checking for dlfcn.h
configure:6795: /usr/bin/gcc -c -g -O2  conftest.c >&5
configure:6795: $? = 0
configure:6795: result: yes
configure:7280: checking for objdir
configure:7295: result: .libs
configure:7566: checking if /usr/bin/gcc supports -fno-rtti -fno-exceptions
configure:7584: /usr/bin/gcc -c -g -O2  -fno-rtti -fno-exceptions conftest.c >&5
cc1: warning: command line option "-fno-rtti" is valid for C++/ObjC++ but not for C
configure:7588: $? = 0
configure:7601: result: no
configure:7911: checking for /usr/bin/gcc option to produce PIC
configure:7918: result: -fno-common -DPIC
configure:7926: checking if /usr/bin/gcc PIC flag -fno-common -DPIC works
configure:7944: /usr/bin/gcc -c -g -O2  -fno-common -DPIC -DPIC conftest.c >&5
configure:7948: $? = 0
configure:7961: result: yes
configure:7990: checking if /usr/bin/gcc static flag -static works
configure:8018: result: no
configure:8033: checking if /usr/bin/gcc supports -c -o file.o
configure:8054: /usr/bin/gcc -c -g -O2  -o out/conftest2.o conftest.c >&5
configure:8058: $? = 0
configure:8080: result: yes
configure:8088: checking if /usr/bin/gcc supports -c -o file.o
configure:8135: result: yes
configure:8168: checking whether the /usr/bin/gcc linker (/usr/bin/ld) supports shared libraries
configure:9326: result: yes
configure:9571: checking dynamic linker characteristics
configure:10307: result: darwin10.4.0 dyld
configure:10414: checking how to hardcode library paths into programs
configure:10439: result: immediate
configure:10979: checking whether stripping libraries is possible
configure:10993: result: yes
configure:11019: checking if libtool supports shared libraries
configure:11021: result: yes
configure:11024: checking whether to build shared libraries
configure:11045: result: yes
configure:11048: checking whether to build static libraries
configure:11052: result: no
configure:11092: checking whether the -Werror option is usable
configure:11111: /usr/bin/gcc -c -g -O2 -Werror  conftest.c >&5
configure:11111: $? = 0
configure:11120: result: yes
configure:11122: checking for simple visibility declarations
configure:11149: /usr/bin/gcc -c -g -O2 -fvisibility=hidden -Werror  conftest.c >&5
configure:11149: $? = 0
configure:11158: result: yes
configure:11335: creating ./config.status

## ---------------------- ##
## Running config.status. ##
## ---------------------- ##

This file was extended by config.status, which was
generated by GNU Autoconf 2.68.  Invocation command line was

  CONFIG_FILES    = 
  CONFIG_HEADERS  = 
  CONFIG_LINKS    = 
  CONFIG_COMMANDS = 
  $ ./config.status 

on Chriss-iPad

config.status:984: creating Makefile
config.status:1150: executing libtool commands

## ---------------- ##
## Cache variables. ##
## ---------------- ##

ac_cv_build=arm-apple-darwin10.4.0
ac_cv_c_compiler_gnu=yes
ac_cv_env_CC_set=set
ac_cv_env_CC_value=/usr/bin/gcc
ac_cv_env_CFLAGS_set=
ac_cv_env_CFLAGS_value=
ac_cv_env_CPPFLAGS_set=
ac_cv_env_CPPFLAGS_value=
ac_cv_env_CPP_set=
ac_cv_env_CPP_value=
ac_cv_env_LDFLAGS_set=
ac_cv_env_LDFLAGS_value=
ac_cv_env_LIBS_set=
ac_cv_env_LIBS_value=
ac_cv_env_build_alias_set=
ac_cv_env_build_alias_value=
ac_cv_env_host_alias_set=
ac_cv_env_host_alias_value=
ac_cv_env_target_alias_set=
ac_cv_env_target_alias_value=
ac_cv_header_dlfcn_h=yes
ac_cv_header_inttypes_h=yes
ac_cv_header_memory_h=yes
ac_cv_header_minix_config_h=no
ac_cv_header_stdc=yes
ac_cv_header_stdint_h=yes
ac_cv_header_stdlib_h=yes
ac_cv_header_string_h=yes
ac_cv_header_strings_h=yes
ac_cv_header_sys_stat_h=yes
ac_cv_header_sys_types_h=yes
ac_cv_header_unistd_h=yes
ac_cv_host=arm-apple-darwin10.4.0
ac_cv_objext=o
ac_cv_path_EGREP='/bin/grep -E'
ac_cv_path_FGREP='/bin/grep -F'
ac_cv_path_GREP=/bin/grep
ac_cv_path_SED=/bin/sed
ac_cv_path_install='/usr/bin/install -c'
ac_cv_prog_AWK=gawk
ac_cv_prog_CPP='/usr/bin/gcc -E'
ac_cv_prog_ac_ct_AR=ar
ac_cv_prog_ac_ct_CC=/usr/bin/gcc
ac_cv_prog_ac_ct_LIPO=lipo
ac_cv_prog_ac_ct_NMEDIT=nmedit
ac_cv_prog_ac_ct_OBJDUMP=objdump
ac_cv_prog_ac_ct_OTOOL64=otool64
ac_cv_prog_ac_ct_OTOOL=otool
ac_cv_prog_ac_ct_RANLIB=ranlib
ac_cv_prog_ac_ct_STRIP=strip
ac_cv_prog_cc_c89=
ac_cv_prog_cc_g=yes
ac_cv_prog_make_make_set=yes
ac_cv_safe_to_define___extensions__=yes
gl_cv_cc_vis_werror=yes
gl_cv_cc_visibility=yes
lt_cv_apple_cc_single_mod=yes
lt_cv_ar_at_file=no
lt_cv_deplibs_check_method=pass_all
lt_cv_file_magic_cmd='$MAGIC_CMD'
lt_cv_file_magic_test_file=
lt_cv_ld_exported_symbols_list=yes
lt_cv_ld_force_load=no
lt_cv_ld_reload_flag=-r
lt_cv_nm_interface='BSD nm'
lt_cv_objdir=.libs
lt_cv_path_LD=/usr/bin/ld
lt_cv_path_NM='/usr/bin/nm -p'
lt_cv_path_mainfest_tool=no
lt_cv_prog_compiler_c_o=yes
lt_cv_prog_compiler_pic='-fno-common -DPIC'
lt_cv_prog_compiler_pic_works=yes
lt_cv_prog_compiler_rtti_exceptions=no
lt_cv_prog_compiler_static_works=no
lt_cv_prog_gnu_ld=no
lt_cv_sharedlib_from_linklib_cmd='printf %s\n'
lt_cv_sys_global_symbol_pipe='sed -n -e '\''s/^.*[	 ]\([BCDEGRST][BCDEGRST]*\)[	 ][	 ]*_\([_A-Za-z][_A-Za-z0-9]*\)$/\1 _\2 \2/p'\'' | sed '\''/ __gnu_lto/d'\'''
lt_cv_sys_global_symbol_to_c_name_address='sed -n -e '\''s/^: \([^ ]*\)[ ]*$/  {\"\1\", (void *) 0},/p'\'' -e '\''s/^[BCDEGRST]* \([^ ]*\) \([^ ]*\)$/  {"\2", (void *) \&\2},/p'\'''
lt_cv_sys_global_symbol_to_c_name_address_lib_prefix='sed -n -e '\''s/^: \([^ ]*\)[ ]*$/  {\"\1\", (void *) 0},/p'\'' -e '\''s/^[BCDEGRST]* \([^ ]*\) \(lib[^ ]*\)$/  {"\2", (void *) \&\2},/p'\'' -e '\''s/^[BCDEGRST]* \([^ ]*\) \([^ ]*\)$/  {"lib\2", (void *) \&\2},/p'\'''
lt_cv_sys_global_symbol_to_cdecl='sed -n -e '\''s/^T .* \(.*\)$/extern int \1();/p'\'' -e '\''s/^[BCDEGRST]* .* \(.*\)$/extern char \1;/p'\'''
lt_cv_sys_max_cmd_len=196608
lt_cv_to_host_file_cmd=func_convert_file_noop
lt_cv_to_tool_file_cmd=func_convert_file_noop

## ----------------- ##
## Output variables. ##
## ----------------- ##

AR='ar'
AS='as'
AWK='gawk'
CC='/usr/bin/gcc'
CFLAGS='-g -O2'
CFLAG_VISIBILITY='-fvisibility=hidden'
CPP='/usr/bin/gcc -E'
CPPFLAGS=''
DEFS='-DPACKAGE_NAME=\"\" -DPACKAGE_TARNAME=\"\" -DPACKAGE_VERSION=\"\" -DPACKAGE_STRING=\"\" -DPACKAGE_BUGREPORT=\"\" -DPACKAGE_URL=\"\" -DINSTALLPREFIX=\"/usr/local\" -DSTDC_HEADERS=1 -DHAVE_SYS_TYPES_H=1 -DHAVE_SYS_STAT_H=1 -DHAVE_STDLIB_H=1 -DHAVE_STRING_H=1 -DHAVE_MEMORY_H=1 -DHAVE_STRINGS_H=1 -DHAVE_INTTYPES_H=1 -DHAVE_STDINT_H=1 -DHAVE_UNISTD_H=1 -D__EXTENSIONS__=1 -D_ALL_SOURCE=1 -D_GNU_SOURCE=1 -D_POSIX_PTHREAD_SEMANTICS=1 -D_TANDEM_SOURCE=1 -DHAVE_DLFCN_H=1 -DLT_OBJDIR=\".libs/\" -DHAVE_VISIBILITY=1'
DLLTOOL='false'
DSYMUTIL=':'
DUMPBIN=''
ECHO_C=''
ECHO_N='-n'
ECHO_T=''
EGREP='/bin/grep -E'
EXEEXT=''
FGREP='/bin/grep -F'
GREP='/bin/grep'
HAVE_VISIBILITY='1'
INSTALL_DATA='${INSTALL} -m 644'
INSTALL_PROGRAM='${INSTALL}'
INSTALL_SCRIPT='${INSTALL}'
LD='/usr/bin/ld'
LDFLAGS=''
LIBOBJS=''
LIBS=''
LIBTOOL='/bin/sh $(top_builddir)/libtool'
LIPO='lipo'
LN_S='ln -s'
LTLIBOBJS=''
MANIFEST_TOOL=':'
NM='/usr/bin/nm -p'
NMEDIT='nmedit'
OBJDUMP='objdump'
OBJEXT='o'
OTOOL64='otool64'
OTOOL='otool'
PACKAGE=''
PACKAGE_BUGREPORT=''
PACKAGE_NAME=''
PACKAGE_STRING=''
PACKAGE_TARNAME=''
PACKAGE_URL=''
PACKAGE_VERSION=''
PATH_SEPARATOR=':'
PLUGLIB=''
RANLIB='ranlib'
RELOCATABLE='no'
SED='/bin/sed'
SET_MAKE=''
SHELL='/bin/sh'
STRIP='strip'
VERSION=''
ac_ct_AR='ar'
ac_ct_CC='/usr/bin/gcc'
ac_ct_DUMPBIN=''
bindir='${exec_prefix}/bin'
build='arm-apple-darwin10.4.0'
build_alias=''
build_cpu='arm'
build_os='darwin10.4.0'
build_vendor='apple'
datadir='${datarootdir}'
datarootdir='${prefix}/share'
docdir='${datarootdir}/doc/${PACKAGE}'
dvidir='${docdir}'
exec_prefix='${prefix}'
host='arm-apple-darwin10.4.0'
host_alias=''
host_cpu='arm'
host_os='darwin10.4.0'
host_vendor='apple'
htmldir='${docdir}'
includedir='${prefix}/include'
infodir='${datarootdir}/info'
libdir='${exec_prefix}/lib'
libexecdir='${exec_prefix}/libexec'
localedir='${datarootdir}/locale'
localstatedir='${prefix}/var'
mandir='${datarootdir}/man'
oldincludedir='/usr/include'
pdfdir='${docdir}'
prefix='/usr/local'
program_transform_name='s,x,x,'
psdir='${docdir}'
sbindir='${exec_prefix}/sbin'
sharedstatedir='${prefix}/com'
sysconfdir='${prefix}/etc'
target_alias=''

## ----------- ##
## confdefs.h. ##
## ----------- ##

/* confdefs.h */
#define PACKAGE_NAME ""
#define PACKAGE_TARNAME ""
#define PACKAGE_VERSION ""
#define PACKAGE_STRING ""
#define PACKAGE_BUGREPORT ""
#define PACKAGE_URL ""
#define INSTALLPREFIX "/usr/local"
#define STDC_HEADERS 1
#define HAVE_SYS_TYPES_H 1
#define HAVE_SYS_STAT_H 1
#define HAVE_STDLIB_H 1
#define HAVE_STRING_H 1
#define HAVE_MEMORY_H 1
#define HAVE_STRINGS_H 1
#define HAVE_INTTYPES_H 1
#define HAVE_STDINT_H 1
#define HAVE_UNISTD_H 1
#define __EXTENSIONS__ 1
#define _ALL_SOURCE 1
#define _GNU_SOURCE 1
#define _POSIX_PTHREAD_SEMANTICS 1
#define _TANDEM_SOURCE 1
#define HAVE_DLFCN_H 1
#define LT_OBJDIR ".libs/"
#define HAVE_VISIBILITY 1

configure: exit 0
