This file contains any messages produced by compilers while
running configure, to aid debugging if configure makes a mistake.

It was created by xmessage configure 1.0.3, which was
generated by GNU Autoconf 2.65.  Invocation command line was

  $ ./configure 

## --------- ##
## Platform. ##
## --------- ##

hostname = Chriss-iPad
uname -m = iPad1,1
uname -r = 11.0.0
uname -s = Darwin
uname -v = Darwin Kernel Version 11.0.0: Sun Apr  8 21:51:26 PDT 2012; root:xnu-1878.11.10~1/RELEASE_ARM_S5L8930X

/usr/bin/uname -p = unknown
/bin/uname -X     = unknown

/bin/arch              = unknown
/usr/bin/arch -k       = unknown
/usr/convex/getsysinfo = unknown
/usr/bin/hostinfo      = Mach kernel version:
	 Darwin Kernel Version 11.0.0: Sun Apr  8 21:51:26 PDT 2012; root:xnu-1878.11.10~1/RELEASE_ARM_S5L8930X
Kernel configured for a single processor only.
1 processor is physically available.
1 processor is logically available.
Processor type: armv7 (arm v7)
Processor active: 0
Primary memory available: 246.98 megabytes
Default processor set: 34 tasks, 234 threads, 1 processors
Load average: 1.90, Mach factor: 0.22
/bin/machine           = unknown
/usr/bin/oslevel       = unknown
/bin/universe          = unknown

PATH: /usr/local/sbin
PATH: /usr/local/bin
PATH: /usr/sbin
PATH: /usr/bin
PATH: /sbin
PATH: /bin
PATH: /usr/bin/X11
PATH: /usr/games
PATH: /usr/local/Gambit-C/bin
PATH: /home/chris/apache-ant-1.7.1/bin


## ----------- ##
## Core tests. ##
## ----------- ##

configure:2052: checking for a BSD-compatible install
configure:2120: result: /usr/bin/install -c
configure:2131: checking whether build environment is sane
configure:2181: result: yes
configure:2322: checking for a thread-safe mkdir -p
configure:2361: result: /bin/mkdir -p
configure:2374: checking for gawk
configure:2390: found /usr/bin/gawk
configure:2401: result: gawk
configure:2412: checking whether make sets $(MAKE)
configure:2434: result: yes
configure:2515: checking whether to enable maintainer-specific portions of Makefiles
configure:2524: result: no
configure:2562: checking for style of include used by make
configure:2590: result: GNU
configure:2660: checking for gcc
configure:2687: result: /usr/bin/gcc
configure:2916: checking for C compiler version
configure:2925: /usr/bin/gcc --version >&5
gcc (GCC) 4.2.1 (Based on Apple Inc. build 5555)
Copyright (C) 2007 Free Software Foundation, Inc.
This is free software; see the source for copying conditions.  There is NO
warranty; not even for MERCHANTABILITY or FITNESS FOR A PARTICULAR PURPOSE.

configure:2936: $? = 0
configure:2925: /usr/bin/gcc -v >&5
Using built-in specs.
Target: arm-apple-darwin9
Configured with: ../llvm-gcc-4.2/configure --build=x86_64-unknown-linux-gnu --host=arm-apple-darwin9 --enable-static=no --enable-shared=yes --prefix=/usr --localstatedir=/var/cache/iphone-gcc --enable-languages=c,c++,objc,obj-c++ --enable-wchar_t=no --with-gxx-include-dir=/usr/include/c++/4.0.0
Thread model: posix
gcc version 4.2.1 (Based on Apple Inc. build 5555)
configure:2936: $? = 0
configure:2925: /usr/bin/gcc -V >&5
gcc: '-V' option must have argument
configure:2936: $? = 1
configure:2925: /usr/bin/gcc -qversion >&5
gcc: no input files
configure:2936: $? = 1
configure:2956: checking whether the C compiler works
configure:2978: /usr/bin/gcc    conftest.c  >&5
configure:2982: $? = 0
configure:3031: result: yes
configure:3034: checking for C compiler default output file name
configure:3036: result: a.out
configure:3042: checking for suffix of executables
configure:3049: /usr/bin/gcc -o conftest    conftest.c  >&5
configure:3053: $? = 0
configure:3075: result: 
configure:3097: checking whether we are cross compiling
configure:3105: /usr/bin/gcc -o conftest    conftest.c  >&5
configure:3109: $? = 0
configure:3116: ./conftest
./configure: line 3118:  1397 Killed: 9               ./conftest$ac_cv_exeext
configure:3120: $? = 137
configure:3131: result: no
configure:3136: checking for suffix of object files
configure:3158: /usr/bin/gcc -c   conftest.c >&5
configure:3162: $? = 0
configure:3183: result: o
configure:3187: checking whether we are using the GNU C compiler
configure:3206: /usr/bin/gcc -c   conftest.c >&5
configure:3206: $? = 0
configure:3215: result: yes
configure:3224: checking whether /usr/bin/gcc accepts -g
configure:3244: /usr/bin/gcc -c -g  conftest.c >&5
configure:3244: $? = 0
configure:3285: result: yes
configure:3302: checking for /usr/bin/gcc option to accept ISO C89
configure:3366: /usr/bin/gcc  -c -g -O2  conftest.c >&5
configure:3366: $? = 0
configure:3379: result: none needed
configure:3401: checking dependency style of /usr/bin/gcc
configure:3511: result: gcc3
configure:3532: checking how to run the C preprocessor
configure:3563: /usr/bin/gcc -E  conftest.c
configure:3563: $? = 0
configure:3577: /usr/bin/gcc -E  conftest.c
conftest.c:11:28: error: ac_nonexistent.h: No such file or directory
configure:3577: $? = 1
configure: failed program was:
| /* confdefs.h */
| #define PACKAGE_NAME "xmessage"
| #define PACKAGE_TARNAME "xmessage"
| #define PACKAGE_VERSION "1.0.3"
| #define PACKAGE_STRING "xmessage 1.0.3"
| #define PACKAGE_BUGREPORT "https://bugs.freedesktop.org/enter_bug.cgi?product=xorg"
| #define PACKAGE_URL ""
| #define PACKAGE "xmessage"
| #define VERSION "1.0.3"
| /* end confdefs.h.  */
| #include <ac_nonexistent.h>
configure:3602: result: /usr/bin/gcc -E
configure:3622: /usr/bin/gcc -E  conftest.c
configure:3622: $? = 0
configure:3636: /usr/bin/gcc -E  conftest.c
conftest.c:11:28: error: ac_nonexistent.h: No such file or directory
configure:3636: $? = 1
configure: failed program was:
| /* confdefs.h */
| #define PACKAGE_NAME "xmessage"
| #define PACKAGE_TARNAME "xmessage"
| #define PACKAGE_VERSION "1.0.3"
| #define PACKAGE_STRING "xmessage 1.0.3"
| #define PACKAGE_BUGREPORT "https://bugs.freedesktop.org/enter_bug.cgi?product=xorg"
| #define PACKAGE_URL ""
| #define PACKAGE "xmessage"
| #define VERSION "1.0.3"
| /* end confdefs.h.  */
| #include <ac_nonexistent.h>
configure:3665: checking for grep that handles long lines and -e
configure:3723: result: /bin/grep
configure:3728: checking for egrep
configure:3790: result: /bin/grep -E
configure:3795: checking for ANSI C header files
configure:3815: /usr/bin/gcc -c -g -O2  conftest.c >&5
configure:3815: $? = 0
configure:3888: /usr/bin/gcc -o conftest -g -O2   conftest.c  >&5
configure:3888: $? = 0
configure:3888: ./conftest
./configure: line 1614:  1520 Killed: 9               ./conftest$ac_exeext
configure:3888: $? = 137
configure: program exited with status 137
configure: failed program was:
| /* confdefs.h */
| #define PACKAGE_NAME "xmessage"
| #define PACKAGE_TARNAME "xmessage"
| #define PACKAGE_VERSION "1.0.3"
| #define PACKAGE_STRING "xmessage 1.0.3"
| #define PACKAGE_BUGREPORT "https://bugs.freedesktop.org/enter_bug.cgi?product=xorg"
| #define PACKAGE_URL ""
| #define PACKAGE "xmessage"
| #define VERSION "1.0.3"
| /* end confdefs.h.  */
| #include <ctype.h>
| #include <stdlib.h>
| #if ((' ' & 0x0FF) == 0x020)
| # define ISLOWER(c) ('a' <= (c) && (c) <= 'z')
| # define TOUPPER(c) (ISLOWER(c) ? 'A' + ((c) - 'a') : (c))
| #else
| # define ISLOWER(c) 		   (('a' <= (c) && (c) <= 'i') 		     || ('j' <= (c) && (c) <= 'r') 		     || ('s' <= (c) && (c) <= 'z'))
| # define TOUPPER(c) (ISLOWER(c) ? ((c) | 0x40) : (c))
| #endif
| 
| #define XOR(e, f) (((e) && !(f)) || (!(e) && (f)))
| int
| main ()
| {
|   int i;
|   for (i = 0; i < 256; i++)
|     if (XOR (islower (i), ISLOWER (i))
| 	|| toupper (i) != TOUPPER (i))
|       return 2;
|   return 0;
| }
configure:3899: result: no
configure:3912: checking for sys/types.h
configure:3912: /usr/bin/gcc -c -g -O2  conftest.c >&5
configure:3912: $? = 0
configure:3912: result: yes
configure:3912: checking for sys/stat.h
configure:3912: /usr/bin/gcc -c -g -O2  conftest.c >&5
configure:3912: $? = 0
configure:3912: result: yes
configure:3912: checking for stdlib.h
configure:3912: /usr/bin/gcc -c -g -O2  conftest.c >&5
configure:3912: $? = 0
configure:3912: result: yes
configure:3912: checking for string.h
configure:3912: /usr/bin/gcc -c -g -O2  conftest.c >&5
configure:3912: $? = 0
configure:3912: result: yes
configure:3912: checking for memory.h
configure:3912: /usr/bin/gcc -c -g -O2  conftest.c >&5
configure:3912: $? = 0
configure:3912: result: yes
configure:3912: checking for strings.h
configure:3912: /usr/bin/gcc -c -g -O2  conftest.c >&5
configure:3912: $? = 0
configure:3912: result: yes
configure:3912: checking for inttypes.h
configure:3912: /usr/bin/gcc -c -g -O2  conftest.c >&5
configure:3912: $? = 0
configure:3912: result: yes
configure:3912: checking for stdint.h
configure:3912: /usr/bin/gcc -c -g -O2  conftest.c >&5
configure:3912: $? = 0
configure:3912: result: yes
configure:3912: checking for unistd.h
configure:3912: /usr/bin/gcc -c -g -O2  conftest.c >&5
configure:3912: $? = 0
configure:3912: result: yes
configure:3925: checking for /usr/bin/gcc option to accept ISO C99
configure:4074: /usr/bin/gcc  -c -g -O2  conftest.c >&5
conftest.c:70: error: expected ';', ',' or ')' before 'text'
conftest.c: In function 'main':
conftest.c:124: error: nested functions are disabled, use -fnested-functions to re-enable
conftest.c:124: error: expected '=', ',', ';', 'asm' or '__attribute__' before 'newvar'
conftest.c:124: error: 'newvar' undeclared (first use in this function)
conftest.c:124: error: (Each undeclared identifier is reported only once
conftest.c:124: error: for each function it appears in.)
conftest.c:134: error: 'for' loop initial declaration used outside C99 mode
configure:4074: $? = 1
configure: failed program was:
| /* confdefs.h */
| #define PACKAGE_NAME "xmessage"
| #define PACKAGE_TARNAME "xmessage"
| #define PACKAGE_VERSION "1.0.3"
| #define PACKAGE_STRING "xmessage 1.0.3"
| #define PACKAGE_BUGREPORT "https://bugs.freedesktop.org/enter_bug.cgi?product=xorg"
| #define PACKAGE_URL ""
| #define PACKAGE "xmessage"
| #define VERSION "1.0.3"
| #define HAVE_SYS_TYPES_H 1
| #define HAVE_SYS_STAT_H 1
| #define HAVE_STDLIB_H 1
| #define HAVE_STRING_H 1
| #define HAVE_MEMORY_H 1
| #define HAVE_STRINGS_H 1
| #define HAVE_INTTYPES_H 1
| #define HAVE_STDINT_H 1
| #define HAVE_UNISTD_H 1
| /* end confdefs.h.  */
| #include <stdarg.h>
| #include <stdbool.h>
| #include <stdlib.h>
| #include <wchar.h>
| #include <stdio.h>
| 
| // Check varargs macros.  These examples are taken from C99 6.10.3.5.
| #define debug(...) fprintf (stderr, __VA_ARGS__)
| #define showlist(...) puts (#__VA_ARGS__)
| #define report(test,...) ((test) ? puts (#test) : printf (__VA_ARGS__))
| static void
| test_varargs_macros (void)
| {
|   int x = 1234;
|   int y = 5678;
|   debug ("Flag");
|   debug ("X = %d\n", x);
|   showlist (The first, second, and third items.);
|   report (x>y, "x is %d but y is %d", x, y);
| }
| 
| // Check long long types.
| #define BIG64 18446744073709551615ull
| #define BIG32 4294967295ul
| #define BIG_OK (BIG64 / BIG32 == 4294967297ull && BIG64 % BIG32 == 0)
| #if !BIG_OK
|   your preprocessor is broken;
| #endif
| #if BIG_OK
| #else
|   your preprocessor is broken;
| #endif
| static long long int bignum = -9223372036854775807LL;
| static unsigned long long int ubignum = BIG64;
| 
| struct incomplete_array
| {
|   int datasize;
|   double data[];
| };
| 
| struct named_init {
|   int number;
|   const wchar_t *name;
|   double average;
| };
| 
| typedef const char *ccp;
| 
| static inline int
| test_restrict (ccp restrict text)
| {
|   // See if C++-style comments work.
|   // Iterate through items via the restricted pointer.
|   // Also check for declarations in for loops.
|   for (unsigned int i = 0; *(text+i) != '\0'; ++i)
|     continue;
|   return 0;
| }
| 
| // Check varargs and va_copy.
| static void
| test_varargs (const char *format, ...)
| {
|   va_list args;
|   va_start (args, format);
|   va_list args_copy;
|   va_copy (args_copy, args);
| 
|   const char *str;
|   int number;
|   float fnumber;
| 
|   while (*format)
|     {
|       switch (*format++)
| 	{
| 	case 's': // string
| 	  str = va_arg (args_copy, const char *);
| 	  break;
| 	case 'd': // int
| 	  number = va_arg (args_copy, int);
| 	  break;
| 	case 'f': // float
| 	  fnumber = va_arg (args_copy, double);
| 	  break;
| 	default:
| 	  break;
| 	}
|     }
|   va_end (args_copy);
|   va_end (args);
| }
| 
| int
| main ()
| {
| 
|   // Check bool.
|   _Bool success = false;
| 
|   // Check restrict.
|   if (test_restrict ("String literal") == 0)
|     success = true;
|   char *restrict newvar = "Another string";
| 
|   // Check varargs.
|   test_varargs ("s, d' f .", "string", 65, 34.234);
|   test_varargs_macros ();
| 
|   // Check flexible array members.
|   struct incomplete_array *ia =
|     malloc (sizeof (struct incomplete_array) + (sizeof (double) * 10));
|   ia->datasize = 10;
|   for (int i = 0; i < ia->datasize; ++i)
|     ia->data[i] = i * 1.234;
| 
|   // Check named initializers.
|   struct named_init ni = {
|     .number = 34,
|     .name = L"Test wide string",
|     .average = 543.34343,
|   };
| 
|   ni.number = 58;
| 
|   int dynamic_array[ni.number];
|   dynamic_array[ni.number - 1] = 543;
| 
|   // work around unused variable warnings
|   return (!success || bignum == 0LL || ubignum == 0uLL || newvar[0] == 'x'
| 	  || dynamic_array[ni.number - 1] != 543);
| 
|   ;
|   return 0;
| }
configure:4074: /usr/bin/gcc -std=gnu99 -c -g -O2  conftest.c >&5
configure:4074: $? = 0
configure:4094: result: -std=gnu99
configure:4151: checking for pkg-config
configure:4169: found /usr/local/bin/pkg-config
configure:4181: result: /usr/local/bin/pkg-config
configure:4206: checking pkg-config is at least version 0.9.0
configure:4209: result: yes
configure:4222: checking build system type
configure:4236: result: arm-apple-darwin11.0.0
configure:4256: checking host system type
configure:4269: result: arm-apple-darwin11.0.0
configure:4544: checking for gcc
configure:4571: result: /usr/bin/gcc
configure:4800: checking for C compiler version
configure:4809: /usr/bin/gcc --version >&5
gcc (GCC) 4.2.1 (Based on Apple Inc. build 5555)
Copyright (C) 2007 Free Software Foundation, Inc.
This is free software; see the source for copying conditions.  There is NO
warranty; not even for MERCHANTABILITY or FITNESS FOR A PARTICULAR PURPOSE.

configure:4820: $? = 0
configure:4809: /usr/bin/gcc -v >&5
Using built-in specs.
Target: arm-apple-darwin9
Configured with: ../llvm-gcc-4.2/configure --build=x86_64-unknown-linux-gnu --host=arm-apple-darwin9 --enable-static=no --enable-shared=yes --prefix=/usr --localstatedir=/var/cache/iphone-gcc --enable-languages=c,c++,objc,obj-c++ --enable-wchar_t=no --with-gxx-include-dir=/usr/include/c++/4.0.0
Thread model: posix
gcc version 4.2.1 (Based on Apple Inc. build 5555)
configure:4820: $? = 0
configure:4809: /usr/bin/gcc -V >&5
gcc: '-V' option must have argument
configure:4820: $? = 1
configure:4809: /usr/bin/gcc -qversion >&5
gcc: no input files
configure:4820: $? = 1
configure:4824: checking whether we are using the GNU C compiler
configure:4852: result: yes
configure:4861: checking whether /usr/bin/gcc accepts -g
configure:4922: result: yes
configure:4939: checking for /usr/bin/gcc option to accept ISO C89
configure:5016: result: none needed
configure:5038: checking dependency style of /usr/bin/gcc
configure:5148: result: gcc3
configure:5169: checking for XMESSAGE
configure:5176: $PKG_CONFIG --exists --print-errors "xaw7"
configure:5179: $? = 0
configure:5192: $PKG_CONFIG --exists --print-errors "xaw7"
configure:5195: $? = 0
configure:5249: result: yes
configure:5256: checking for APPDEFS
configure:5263: $PKG_CONFIG --exists --print-errors "xt"
configure:5266: $? = 0
configure:5279: $PKG_CONFIG --exists --print-errors "xt"
configure:5282: $? = 0
configure:5336: result: yes
configure:5480: creating ./config.status

## ---------------------- ##
## Running config.status. ##
## ---------------------- ##

This file was extended by xmessage config.status 1.0.3, which was
generated by GNU Autoconf 2.65.  Invocation command line was

  CONFIG_FILES    = 
  CONFIG_HEADERS  = 
  CONFIG_LINKS    = 
  CONFIG_COMMANDS = 
  $ ./config.status 

on Chriss-iPad

config.status:889: creating Makefile
config.status:889: creating config.h
config.status:1109: executing depfiles commands

## ---------------- ##
## Cache variables. ##
## ---------------- ##

ac_cv_build=arm-apple-darwin11.0.0
ac_cv_c_compiler_gnu=yes
ac_cv_env_APPDEFS_CFLAGS_set=
ac_cv_env_APPDEFS_CFLAGS_value=
ac_cv_env_APPDEFS_LIBS_set=
ac_cv_env_APPDEFS_LIBS_value=
ac_cv_env_CC_set=set
ac_cv_env_CC_value=/usr/bin/gcc
ac_cv_env_CFLAGS_set=
ac_cv_env_CFLAGS_value=
ac_cv_env_CPPFLAGS_set=
ac_cv_env_CPPFLAGS_value=
ac_cv_env_CPP_set=
ac_cv_env_CPP_value=
ac_cv_env_LDFLAGS_set=
ac_cv_env_LDFLAGS_value=
ac_cv_env_LIBS_set=
ac_cv_env_LIBS_value=
ac_cv_env_PKG_CONFIG_set=
ac_cv_env_PKG_CONFIG_value=
ac_cv_env_XMESSAGE_CFLAGS_set=
ac_cv_env_XMESSAGE_CFLAGS_value=
ac_cv_env_XMESSAGE_LIBS_set=
ac_cv_env_XMESSAGE_LIBS_value=
ac_cv_env_build_alias_set=
ac_cv_env_build_alias_value=
ac_cv_env_host_alias_set=
ac_cv_env_host_alias_value=
ac_cv_env_target_alias_set=
ac_cv_env_target_alias_value=
ac_cv_header_inttypes_h=yes
ac_cv_header_memory_h=yes
ac_cv_header_stdc=no
ac_cv_header_stdint_h=yes
ac_cv_header_stdlib_h=yes
ac_cv_header_string_h=yes
ac_cv_header_strings_h=yes
ac_cv_header_sys_stat_h=yes
ac_cv_header_sys_types_h=yes
ac_cv_header_unistd_h=yes
ac_cv_host=arm-apple-darwin11.0.0
ac_cv_objext=o
ac_cv_path_EGREP='/bin/grep -E'
ac_cv_path_GREP=/bin/grep
ac_cv_path_ac_pt_PKG_CONFIG=/usr/local/bin/pkg-config
ac_cv_path_install='/usr/bin/install -c'
ac_cv_path_mkdir=/bin/mkdir
ac_cv_prog_AWK=gawk
ac_cv_prog_CPP='/usr/bin/gcc -E'
ac_cv_prog_ac_ct_CC=/usr/bin/gcc
ac_cv_prog_cc_c89=
ac_cv_prog_cc_c99=-std=gnu99
ac_cv_prog_cc_g=yes
ac_cv_prog_make_make_set=yes
am_cv_CC_dependencies_compiler_type=gcc3
pkg_cv_APPDEFS_CFLAGS=' '
pkg_cv_APPDEFS_LIBS='-L/usr/local/lib -lXt -lX11 -lSM -lICE  '
pkg_cv_XMESSAGE_CFLAGS=' '
pkg_cv_XMESSAGE_LIBS='-L/usr/local/lib -lXaw7 -lXt -lX11 -lSM -lICE  '

## ----------------- ##
## Output variables. ##
## ----------------- ##

ACLOCAL='${SHELL} /home/chris/xmessage-1.0.3/missing --run aclocal-1.11'
ADMIN_MAN_DIR='$(mandir)/man$(ADMIN_MAN_SUFFIX)'
ADMIN_MAN_SUFFIX='8'
AMDEPBACKSLASH='\'
AMDEP_FALSE='#'
AMDEP_TRUE=''
AMTAR='${SHELL} /home/chris/xmessage-1.0.3/missing --run tar'
AM_BACKSLASH='\'
AM_DEFAULT_VERBOSITY='0'
APPDEFS_CFLAGS=' '
APPDEFS_LIBS='-L/usr/local/lib -lXt -lX11 -lSM -lICE  '
APP_MAN_DIR='$(mandir)/man$(APP_MAN_SUFFIX)'
APP_MAN_SUFFIX='1'
AUTOCONF='${SHELL} /home/chris/xmessage-1.0.3/missing --run autoconf'
AUTOHEADER='${SHELL} /home/chris/xmessage-1.0.3/missing --run autoheader'
AUTOMAKE='${SHELL} /home/chris/xmessage-1.0.3/missing --run automake-1.11'
AWK='gawk'
CC='/usr/bin/gcc'
CCDEPMODE='depmode=gcc3'
CFLAGS='-g -O2'
CHANGELOG_CMD='(GIT_DIR=$(top_srcdir)/.git git log > $(top_srcdir)/.changelog.tmp && mv $(top_srcdir)/.changelog.tmp $(top_srcdir)/ChangeLog) || (rm -f $(top_srcdir)/.changelog.tmp; touch $(top_srcdir)/ChangeLog; echo '\''git directory not found: installing possibly empty changelog.'\'' >&2)'
CPP='/usr/bin/gcc -E'
CPPFLAGS=''
CWARNFLAGS='-Wall -Wpointer-arith -Wstrict-prototypes -Wmissing-prototypes -Wmissing-declarations -Wnested-externs -fno-strict-aliasing -Wbad-function-cast -Wold-style-definition -Wdeclaration-after-statement '
CYGPATH_W='echo'
DEFS='-DHAVE_CONFIG_H'
DEPDIR='.deps'
DRIVER_MAN_DIR='$(mandir)/man$(DRIVER_MAN_SUFFIX)'
DRIVER_MAN_SUFFIX='4'
ECHO_C=''
ECHO_N='-n'
ECHO_T=''
EGREP='/bin/grep -E'
EXEEXT=''
FILE_MAN_DIR='$(mandir)/man$(FILE_MAN_SUFFIX)'
FILE_MAN_SUFFIX='5'
GREP='/bin/grep'
INSTALL_CMD='(cp -f /usr/local/share/util-macros/INSTALL $(top_srcdir)/.INSTALL.tmp && mv $(top_srcdir)/.INSTALL.tmp $(top_srcdir)/INSTALL) || (rm -f $(top_srcdir)/.INSTALL.tmp; touch $(top_srcdir)/INSTALL; echo '\''util-macros "pkgdatadir" from xorg-macros.pc not found: installing possibly empty INSTALL.'\'' >&2)'
INSTALL_DATA='${INSTALL} -m 644'
INSTALL_PROGRAM='${INSTALL}'
INSTALL_SCRIPT='${INSTALL}'
INSTALL_STRIP_PROGRAM='$(install_sh) -c -s'
LDFLAGS=''
LIBOBJS=''
LIBS=''
LIB_MAN_DIR='$(mandir)/man$(LIB_MAN_SUFFIX)'
LIB_MAN_SUFFIX='3'
LTLIBOBJS=''
MAINT='#'
MAINTAINER_MODE_FALSE=''
MAINTAINER_MODE_TRUE='#'
MAKEINFO='${SHELL} /home/chris/xmessage-1.0.3/missing --run makeinfo'
MISC_MAN_DIR='$(mandir)/man$(MISC_MAN_SUFFIX)'
MISC_MAN_SUFFIX='7'
MKDIR_P='/bin/mkdir -p'
OBJEXT='o'
PACKAGE='xmessage'
PACKAGE_BUGREPORT='https://bugs.freedesktop.org/enter_bug.cgi?product=xorg'
PACKAGE_NAME='xmessage'
PACKAGE_STRING='xmessage 1.0.3'
PACKAGE_TARNAME='xmessage'
PACKAGE_URL=''
PACKAGE_VERSION='1.0.3'
PATH_SEPARATOR=':'
PKG_CONFIG='/usr/local/bin/pkg-config'
SET_MAKE=''
SHELL='/bin/sh'
STRIP=''
VERSION='1.0.3'
XMESSAGE_CFLAGS=' '
XMESSAGE_LIBS='-L/usr/local/lib -lXaw7 -lXt -lX11 -lSM -lICE  '
ac_ct_CC='/usr/bin/gcc'
am__EXEEXT_FALSE=''
am__EXEEXT_TRUE='#'
am__fastdepCC_FALSE='#'
am__fastdepCC_TRUE=''
am__include='include'
am__isrc=''
am__leading_dot='.'
am__quote=''
am__tar='${AMTAR} chof - "$$tardir"'
am__untar='${AMTAR} xf -'
appdefaultdir='/usr/local/share/X11/app-defaults'
bindir='${exec_prefix}/bin'
build='arm-apple-darwin11.0.0'
build_alias=''
build_cpu='arm'
build_os='darwin11.0.0'
build_vendor='apple'
datadir='${datarootdir}'
datarootdir='${prefix}/share'
docdir='${datarootdir}/doc/${PACKAGE_TARNAME}'
dvidir='${docdir}'
exec_prefix='${prefix}'
host='arm-apple-darwin11.0.0'
host_alias=''
host_cpu='arm'
host_os='darwin11.0.0'
host_vendor='apple'
htmldir='${docdir}'
includedir='${prefix}/include'
infodir='${datarootdir}/info'
install_sh='${SHELL} /home/chris/xmessage-1.0.3/install-sh'
libdir='${exec_prefix}/lib'
libexecdir='${exec_prefix}/libexec'
localedir='${datarootdir}/locale'
localstatedir='${prefix}/var'
mandir='${datarootdir}/man'
mkdir_p='/bin/mkdir -p'
oldincludedir='/usr/include'
pdfdir='${docdir}'
prefix='/usr/local'
program_transform_name='s,x,x,'
psdir='${docdir}'
sbindir='${exec_prefix}/sbin'
sharedstatedir='${prefix}/com'
sysconfdir='${prefix}/etc'
target_alias=''

## ----------- ##
## confdefs.h. ##
## ----------- ##

/* confdefs.h */
#define PACKAGE_NAME "xmessage"
#define PACKAGE_TARNAME "xmessage"
#define PACKAGE_VERSION "1.0.3"
#define PACKAGE_STRING "xmessage 1.0.3"
#define PACKAGE_BUGREPORT "https://bugs.freedesktop.org/enter_bug.cgi?product=xorg"
#define PACKAGE_URL ""
#define PACKAGE "xmessage"
#define VERSION "1.0.3"
#define HAVE_SYS_TYPES_H 1
#define HAVE_SYS_STAT_H 1
#define HAVE_STDLIB_H 1
#define HAVE_STRING_H 1
#define HAVE_MEMORY_H 1
#define HAVE_STRINGS_H 1
#define HAVE_INTTYPES_H 1
#define HAVE_STDINT_H 1
#define HAVE_UNISTD_H 1
#define PACKAGE_VERSION_MAJOR 1
#define PACKAGE_VERSION_MINOR 0
#define PACKAGE_VERSION_PATCHLEVEL 3

configure: exit 0
