This file contains any messages produced by compilers while
running configure, to aid debugging if configure makes a mistake.

It was created by configure, which was
generated by GNU Autoconf 2.61.  Invocation command line was

  $ ./configure --prefix=/usr/local --without-liblua CC=/usr/bin/gcc CXX=/usr/bin/g++ --cache-file=/dev/null --srcdir=.

## --------- ##
## Platform. ##
## --------- ##

hostname = Chriss-iPhone
uname -m = iPhone6,2
uname -r = 14.0.0
uname -s = Darwin
uname -v = Darwin Kernel Version 14.0.0: Mon Sep  9 20:56:02 PDT 2013; root:xnu-2423.1.74~2/RELEASE_ARM64_S5L8960X

/usr/bin/uname -p = unknown
/bin/uname -X     = unknown

/bin/arch              = unknown
/usr/bin/arch -k       = unknown
/usr/convex/getsysinfo = unknown
/usr/bin/hostinfo      = Mach kernel version:
	 Darwin Kernel Version 14.0.0: Mon Sep  9 20:56:02 PDT 2013; root:xnu-2423.1.74~2/RELEASE_ARM64_S5L8960X
Kernel configured for up to 2 processors.
2 processors are physically available.
2 processors are logically available.
Processor type: arm64 (arm64 v8)
Processors active: 0 1
Primary memory available: 999.64 megabytes
Default processor set: 95 tasks, 519 threads, 2 processors
Load average: 2.22, Mach factor: 0.32
/bin/machine           = unknown
/usr/bin/oslevel       = unknown
/bin/universe          = unknown

PATH: /usr/local/bin
PATH: /usr/bin
PATH: /bin
PATH: /usr/sbin
PATH: /sbin


## ----------- ##
## Core tests. ##
## ----------- ##

configure:1700: checking build system type
configure:1718: result: arm64-apple-darwin14.0.0
configure:1740: checking host system type
configure:1755: result: arm64-apple-darwin14.0.0
configure:2009: checking for gcc
configure:2036: result: /usr/bin/gcc
configure:2274: checking for C compiler version
configure:2281: /usr/bin/gcc --version >&5
gcc (GCC) 4.2.1 (Based on Apple Inc. build 5555)
Copyright (C) 2007 Free Software Foundation, Inc.
This is free software; see the source for copying conditions.  There is NO
warranty; not even for MERCHANTABILITY or FITNESS FOR A PARTICULAR PURPOSE.

configure:2284: $? = 0
configure:2291: /usr/bin/gcc -v >&5
Using built-in specs.
Target: arm-apple-darwin9
Configured with: ../llvm-gcc-4.2/configure --build=x86_64-unknown-linux-gnu --host=arm-apple-darwin9 --enable-static=no --enable-shared=yes --prefix=/usr --localstatedir=/var/cache/iphone-gcc --enable-languages=c,c++,objc,obj-c++ --enable-wchar_t=no --with-gxx-include-dir=/usr/include/c++/4.0.0
Thread model: posix
gcc version 4.2.1 (Based on Apple Inc. build 5555)
configure:2294: $? = 0
configure:2301: /usr/bin/gcc -V >&5
gcc: '-V' option must have argument
configure:2304: $? = 1
configure:2327: checking for C compiler default output file name
configure:2354: /usr/bin/gcc    conftest.c  >&5
configure:2357: $? = 0
configure:2395: result: a.out
configure:2412: checking whether the C compiler works
configure:2422: ./a.out
configure:2425: $? = 0
configure:2442: result: yes
configure:2449: checking whether we are cross compiling
configure:2451: result: no
configure:2454: checking for suffix of executables
configure:2461: /usr/bin/gcc -o conftest    conftest.c  >&5
configure:2464: $? = 0
configure:2488: result: 
configure:2494: checking for suffix of object files
configure:2520: /usr/bin/gcc -c   conftest.c >&5
configure:2523: $? = 0
configure:2546: result: o
configure:2550: checking whether we are using the GNU C compiler
configure:2579: /usr/bin/gcc -c   conftest.c >&5
configure:2585: $? = 0
configure:2602: result: yes
configure:2607: checking whether /usr/bin/gcc accepts -g
configure:2637: /usr/bin/gcc -c -g  conftest.c >&5
configure:2643: $? = 0
configure:2742: result: yes
configure:2759: checking for /usr/bin/gcc option to accept ISO C89
configure:2833: /usr/bin/gcc  -c -g -O2  conftest.c >&5
configure:2839: $? = 0
configure:2862: result: none needed
configure:2926: checking for ranlib
configure:2942: found /usr/bin/ranlib
configure:2953: result: ranlib
configure:2984: checking for gethostent
configure:3040: /usr/bin/gcc -o conftest -g -O2 -Wall    conftest.c  >&5
configure:3046: $? = 0
configure:3063: result: yes
configure:3142: checking for setsockopt
configure:3198: /usr/bin/gcc -o conftest -g -O2 -Wall    conftest.c  >&5
configure:3204: $? = 0
configure:3221: result: yes
configure:3300: checking for nanosleep
configure:3356: /usr/bin/gcc -o conftest -g -O2 -Wall    conftest.c  >&5
configure:3362: $? = 0
configure:3379: result: yes
configure:3463: checking how to run the C preprocessor
configure:3503: /usr/bin/gcc -E  conftest.c
configure:3509: $? = 0
configure:3540: /usr/bin/gcc -E  conftest.c
conftest.c:9:28: error: ac_nonexistent.h: No such file or directory
configure:3546: $? = 1
configure: failed program was:
| /* confdefs.h.  */
| #define PACKAGE_NAME ""
| #define PACKAGE_TARNAME ""
| #define PACKAGE_VERSION ""
| #define PACKAGE_STRING ""
| #define PACKAGE_BUGREPORT ""
| #define MACOSX 1
| /* end confdefs.h.  */
| #include <ac_nonexistent.h>
configure:3579: result: /usr/bin/gcc -E
configure:3608: /usr/bin/gcc -E  conftest.c
configure:3614: $? = 0
configure:3645: /usr/bin/gcc -E  conftest.c
conftest.c:9:28: error: ac_nonexistent.h: No such file or directory
configure:3651: $? = 1
configure: failed program was:
| /* confdefs.h.  */
| #define PACKAGE_NAME ""
| #define PACKAGE_TARNAME ""
| #define PACKAGE_VERSION ""
| #define PACKAGE_STRING ""
| #define PACKAGE_BUGREPORT ""
| #define MACOSX 1
| /* end confdefs.h.  */
| #include <ac_nonexistent.h>
configure:3689: checking for grep that handles long lines and -e
configure:3763: result: /bin/grep
configure:3768: checking for egrep
configure:3846: result: /bin/grep -E
configure:3851: checking for ANSI C header files
configure:3881: /usr/bin/gcc -c -g -O2 -Wall   conftest.c >&5
configure:3887: $? = 0
configure:3986: /usr/bin/gcc -o conftest -g -O2 -Wall    conftest.c  >&5
configure:3989: $? = 0
configure:3995: ./conftest
configure:3998: $? = 0
configure:4015: result: yes
configure:4050: checking struct ip
configure:4076: /usr/bin/gcc -c -g -O2 -Wall  -I../../nbase  conftest.c >&5
conftest.c: In function 'main':
conftest.c:17: warning: unused variable 'ip'
configure:4082: $? = 0
configure:4087: result: yes
configure:4104: checking ip_v in struct ip
configure:4130: /usr/bin/gcc -c -g -O2 -Wall  -I../../nbase  conftest.c >&5
conftest.c: In function 'main':
conftest.c:18: warning: statement with no effect
configure:4136: $? = 0
configure:4141: result: yes
configure:4219: checking if sockaddr{} has sa_len member
configure:4247: /usr/bin/gcc -c -g -O2 -Wall  -I../../nbase  conftest.c >&5
conftest.c: In function 'main':
conftest.c:17: warning: unused variable 'i'
configure:4253: $? = 0
configure:4268: result: yes
configure:4277: checking if struct icmp exists
configure:4312: /usr/bin/gcc -c -g -O2 -Wall  -I../../nbase  conftest.c >&5
conftest.c:21:44: error: netinet/ip_icmp.h: No such file or directory
conftest.c: In function 'main':
conftest.c:26: error: invalid application of 'sizeof' to incomplete type 'struct icmp' 
conftest.c:25: warning: unused variable 'i'
configure:4318: $? = 1
configure: failed program was:
| /* confdefs.h.  */
| #define PACKAGE_NAME ""
| #define PACKAGE_TARNAME ""
| #define PACKAGE_VERSION ""
| #define PACKAGE_STRING ""
| #define PACKAGE_BUGREPORT ""
| #define MACOSX 1
| #define STDC_HEADERS 1
| #define BSD_NETWORKING 1
| #define HAVE_SOCKADDR_SA_LEN 1
| /* end confdefs.h.  */
| 
| #               include <sys/types.h>
| #               include <sys/param.h>
| #               include <netinet/in_systm.h>
| #               include <netinet/in.h>
| #               define __USE_BSD
| #               define __FAVOR_BSD
| #               define _BSD_SOURCE
| #               include <netinet/ip.h>
| #               include <netinet/ip_icmp.h>
| int
| main ()
| {
| unsigned int i = sizeof(struct icmp)
|   ;
|   return 0;
| }
configure:4333: result: no
configure:4342: checking if struct ip exists
configure:4376: /usr/bin/gcc -c -g -O2 -Wall  -I../../nbase  conftest.c >&5
conftest.c: In function 'main':
conftest.c:24: warning: unused variable 'i'
configure:4382: $? = 0
configure:4397: result: yes
configure:4406: checking if struct ip has ip_sum member
configure:4441: /usr/bin/gcc -c -g -O2 -Wall  -I../../nbase  conftest.c >&5
conftest.c:22:44: error: netinet/ip_icmp.h: No such file or directory
conftest.c: In function 'main':
conftest.c:26: warning: unused variable 'i'
configure:4447: $? = 1
configure: failed program was:
| /* confdefs.h.  */
| #define PACKAGE_NAME ""
| #define PACKAGE_TARNAME ""
| #define PACKAGE_VERSION ""
| #define PACKAGE_STRING ""
| #define PACKAGE_BUGREPORT ""
| #define MACOSX 1
| #define STDC_HEADERS 1
| #define BSD_NETWORKING 1
| #define HAVE_SOCKADDR_SA_LEN 1
| #define HAVE_STRUCT_IP 1
| /* end confdefs.h.  */
| 
| #               include <sys/types.h>
| #               include <sys/param.h>
| #               include <netinet/in_systm.h>
| #               include <netinet/in.h>
| #               define __USE_BSD
| #               define __FAVOR_BSD
| #               define _BSD_SOURCE
| #               include <netinet/ip.h>
| #               include <netinet/ip_icmp.h>
| int
| main ()
| {
| unsigned int i = sizeof(((struct ip *)0)->ip_sum)
|   ;
|   return 0;
| }
configure:4462: result: no
configure:4573: creating ./config.status

## ---------------------- ##
## Running config.status. ##
## ---------------------- ##

This file was extended by config.status, which was
generated by GNU Autoconf 2.61.  Invocation command line was

  CONFIG_FILES    = 
  CONFIG_HEADERS  = 
  CONFIG_LINKS    = 
  CONFIG_COMMANDS = 
  $ ./config.status 

on Chriss-iPhone

config.status:604: creating Makefile
config.status:604: creating nsock_config.h

## ---------------- ##
## Cache variables. ##
## ---------------- ##

ac_cv_build=arm64-apple-darwin14.0.0
ac_cv_c_compiler_gnu=yes
ac_cv_env_CC_set=set
ac_cv_env_CC_value=/usr/bin/gcc
ac_cv_env_CFLAGS_set=
ac_cv_env_CFLAGS_value=
ac_cv_env_CPPFLAGS_set=
ac_cv_env_CPPFLAGS_value=
ac_cv_env_CPP_set=
ac_cv_env_CPP_value=
ac_cv_env_LDFLAGS_set=
ac_cv_env_LDFLAGS_value=
ac_cv_env_LIBS_set=
ac_cv_env_LIBS_value=
ac_cv_env_build_alias_set=
ac_cv_env_build_alias_value=
ac_cv_env_host_alias_set=
ac_cv_env_host_alias_value=
ac_cv_env_target_alias_set=
ac_cv_env_target_alias_value=
ac_cv_func_gethostent=yes
ac_cv_func_nanosleep=yes
ac_cv_func_setsockopt=yes
ac_cv_header_stdc=yes
ac_cv_host=arm64-apple-darwin14.0.0
ac_cv_ip_has_ip_sum=no
ac_cv_objext=o
ac_cv_path_EGREP='/bin/grep -E'
ac_cv_path_GREP=/bin/grep
ac_cv_prog_CPP='/usr/bin/gcc -E'
ac_cv_prog_ac_ct_CC=/usr/bin/gcc
ac_cv_prog_ac_ct_RANLIB=ranlib
ac_cv_prog_cc_c89=
ac_cv_prog_cc_g=yes
ac_cv_sockaddr_has_sa_len=yes
ac_cv_struct_icmp_exists=no
ac_cv_struct_ip_exists=yes

## ----------------- ##
## Output variables. ##
## ----------------- ##

CC='/usr/bin/gcc'
CFLAGS='-g -O2 -Wall  -I../../nbase'
COMPAT_OBJS=''
COMPAT_SRCS=''
CPP='/usr/bin/gcc -E'
CPPFLAGS=''
DEFS='-DHAVE_CONFIG_H'
ECHO_C=''
ECHO_N='-n'
ECHO_T=''
EGREP='/bin/grep -E'
EXEEXT=''
GREP='/bin/grep'
LDFLAGS=' -L../../nbase'
LIBNBASE_LIBS=' -lnbase'
LIBOBJS=''
LIBS=''
LTLIBOBJS=''
NBASEDIR='../../nbase'
OBJEXT='o'
PACKAGE_BUGREPORT=''
PACKAGE_NAME=''
PACKAGE_STRING=''
PACKAGE_TARNAME=''
PACKAGE_VERSION=''
PATH_SEPARATOR=':'
RANLIB='ranlib'
SHELL='/bin/sh'
ac_ct_CC='/usr/bin/gcc'
bindir='${exec_prefix}/bin'
build='arm64-apple-darwin14.0.0'
build_alias=''
build_cpu='arm64'
build_os='darwin14.0.0'
build_vendor='apple'
datadir='${datarootdir}'
datarootdir='${prefix}/share'
docdir='${datarootdir}/doc/${PACKAGE}'
dvidir='${docdir}'
exec_prefix='${prefix}'
host='arm64-apple-darwin14.0.0'
host_alias=''
host_cpu='arm64'
host_os='darwin14.0.0'
host_vendor='apple'
htmldir='${docdir}'
includedir='${prefix}/include'
infodir='${datarootdir}/info'
libdir='${exec_prefix}/lib'
libexecdir='${exec_prefix}/libexec'
localedir='${datarootdir}/locale'
localstatedir='${prefix}/var'
mandir='${datarootdir}/man'
oldincludedir='/usr/include'
pdfdir='${docdir}'
prefix='/usr/local'
program_transform_name='s,x,x,'
psdir='${docdir}'
sbindir='${exec_prefix}/sbin'
sharedstatedir='${prefix}/com'
sysconfdir='${prefix}/etc'
target_alias=''

## ----------- ##
## confdefs.h. ##
## ----------- ##

#define PACKAGE_NAME ""
#define PACKAGE_TARNAME ""
#define PACKAGE_VERSION ""
#define PACKAGE_STRING ""
#define PACKAGE_BUGREPORT ""
#define MACOSX 1
#define STDC_HEADERS 1
#define BSD_NETWORKING 1
#define HAVE_SOCKADDR_SA_LEN 1
#define HAVE_STRUCT_IP 1

configure: exit 0
