This file contains any messages produced by compilers while
running configure, to aid debugging if configure makes a mistake.

configure:541: checking for gcc
configure:654: checking whether the C compiler (/usr/bin/gcc  ) works
configure:670: /usr/bin/gcc -o conftest    conftest.c  1>&5
configure:696: checking whether the C compiler (/usr/bin/gcc  ) is a cross-compiler
configure:701: checking whether we are using GNU C
configure:729: checking whether /usr/bin/gcc accepts -g
configure:765: checking for c++
configure:797: checking whether the C++ compiler (c++  ) works
configure:813: c++ -o conftest    conftest.C  1>&5
configure:839: checking whether the C++ compiler (c++  ) is a cross-compiler
configure:844: checking whether we are using GNU C++
configure:872: checking whether c++ accepts -g
configure:921: /usr/bin/gcc -c -O2  conftest.c 1>&5
configure:938: /usr/bin/gcc -c -O2  conftest.c 1>&5
configure: In function 'main':
configure:934: warning: incompatible implicit declaration of built-in function 'exit'
configure:957: checking for ranlib
configure:985: checking whether make sets ${MAKE}
configure:1049: checking how to run the C++ preprocessor
configure:1096: checking for X
