This file contains any messages produced by compilers while
running configure, to aid debugging if configure makes a mistake.

It was created by libdmx configure 1.0.2, which was
generated by GNU Autoconf 2.59.  Invocation command line was

  $ ./configure 

## --------- ##
## Platform. ##
## --------- ##

hostname = Chriss-iPad
uname -m = iPad1,1
uname -r = 10.4.0
uname -s = Darwin
uname -v = Darwin Kernel Version 10.4.0: Wed Oct 20 20:14:45 PDT 2010; root:xnu-1504.58.28~3/RELEASE_ARM_S5L8930X

/usr/bin/uname -p = unknown
/bin/uname -X     = unknown

/bin/arch              = unknown
/usr/bin/arch -k       = unknown
/usr/convex/getsysinfo = unknown
hostinfo               = Mach kernel version:
	 Darwin Kernel Version 10.4.0: Wed Oct 20 20:14:45 PDT 2010; root:xnu-1504.58.28~3/RELEASE_ARM_S5L8930X
Kernel configured for a single processor only.
1 processor is physically available.
1 processor is logically available.
Processor type: armv7 (arm v7)
Processor active: 0
Primary memory available: 247.00 megabytes
Default processor set: 35 tasks, 250 threads, 1 processors
Load average: 1.59, Mach factor: 0.45
/bin/machine           = unknown
/usr/bin/oslevel       = unknown
/bin/universe          = unknown

PATH: /usr/local/sbin
PATH: /usr/local/bin
PATH: /usr/sbin
PATH: /usr/bin
PATH: /sbin
PATH: /bin
PATH: /usr/bin/X11
PATH: /usr/games
PATH: /var/mobile/ocaml-3.12.0/bin


## ----------- ##
## Core tests. ##
## ----------- ##

configure:1571: checking for a BSD-compatible install
configure:1626: result: /usr/bin/install -c
configure:1637: checking whether build environment is sane
configure:1680: result: yes
configure:1745: checking for gawk
configure:1761: found /usr/bin/gawk
configure:1771: result: gawk
configure:1781: checking whether make sets $(MAKE)
configure:1801: result: yes
configure:1969: checking whether to enable maintainer-specific portions of Makefiles
configure:1978: result: no
configure:2044: checking for gcc
configure:2070: result: /usr/bin/gcc
configure:2314: checking for C compiler version
configure:2317: /usr/bin/gcc --version </dev/null >&5
gcc (GCC) 4.2.1 (Based on Apple Inc. build 5555)
Copyright (C) 2007 Free Software Foundation, Inc.
This is free software; see the source for copying conditions.  There is NO
warranty; not even for MERCHANTABILITY or FITNESS FOR A PARTICULAR PURPOSE.

configure:2320: $? = 0
configure:2322: /usr/bin/gcc -v </dev/null >&5
Using built-in specs.
Target: arm-apple-darwin9
Configured with: ../llvm-gcc-4.2/configure --build=x86_64-unknown-linux-gnu --host=arm-apple-darwin9 --enable-static=no --enable-shared=yes --prefix=/usr --localstatedir=/var/cache/iphone-gcc --enable-languages=c,c++,objc,obj-c++ --enable-wchar_t=no --with-gxx-include-dir=/usr/include/c++/4.0.0
Thread model: posix
gcc version 4.2.1 (Based on Apple Inc. build 5555)
configure:2325: $? = 0
configure:2327: /usr/bin/gcc -V </dev/null >&5
gcc: '-V' option must have argument
configure:2330: $? = 1
configure:2353: checking for C compiler default output file name
configure:2356: /usr/bin/gcc    conftest.c  >&5
configure:2359: $? = 0
configure:2405: result: a.out
configure:2410: checking whether the C compiler works
configure:2416: ./a.out
configure:2419: $? = 0
configure:2436: result: yes
configure:2443: checking whether we are cross compiling
configure:2445: result: no
configure:2448: checking for suffix of executables
configure:2450: /usr/bin/gcc -o conftest    conftest.c  >&5
configure:2453: $? = 0
configure:2478: result: 
configure:2484: checking for suffix of object files
configure:2505: /usr/bin/gcc -c   conftest.c >&5
configure:2508: $? = 0
configure:2530: result: o
configure:2534: checking whether we are using the GNU C compiler
configure:2558: /usr/bin/gcc -c   conftest.c >&5
configure:2564: $? = 0
configure:2568: test -z 
			 || test ! -s conftest.err
configure:2571: $? = 0
configure:2574: test -s conftest.o
configure:2577: $? = 0
configure:2590: result: yes
configure:2596: checking whether /usr/bin/gcc accepts -g
configure:2617: /usr/bin/gcc -c -g  conftest.c >&5
configure:2623: $? = 0
configure:2627: test -z 
			 || test ! -s conftest.err
configure:2630: $? = 0
configure:2633: test -s conftest.o
configure:2636: $? = 0
configure:2647: result: yes
configure:2664: checking for /usr/bin/gcc option to accept ANSI C
configure:2734: /usr/bin/gcc  -c -g -O2  conftest.c >&5
configure:2740: $? = 0
configure:2744: test -z 
			 || test ! -s conftest.err
configure:2747: $? = 0
configure:2750: test -s conftest.o
configure:2753: $? = 0
configure:2771: result: none needed
configure:2789: /usr/bin/gcc -c -g -O2  conftest.c >&5
conftest.c:2: error: expected '=', ',', ';', 'asm' or '__attribute__' before 'me'
configure:2795: $? = 1
configure: failed program was:
| #ifndef __cplusplus
|   choke me
| #endif
configure:2939: checking for style of include used by make
configure:2967: result: GNU
configure:2995: checking dependency style of /usr/bin/gcc
configure:3085: result: gcc3
configure:3180: checking build system type
configure:3198: result: arm-apple-darwin10.4.0
configure:3206: checking host system type
configure:3220: result: arm-apple-darwin10.4.0
configure:3228: checking for a sed that does not truncate output
configure:3282: result: /bin/sed
configure:3285: checking for egrep
configure:3295: result: grep -E
configure:3311: checking for ld used by /usr/bin/gcc
configure:3378: result: /usr/bin/ld
configure:3387: checking if the linker (/usr/bin/ld) is GNU ld
configure:3402: result: no
configure:3407: checking for /usr/bin/ld option to reload object files
configure:3414: result: -r
configure:3432: checking for BSD-compatible nm
configure:3481: result: /usr/bin/nm -p
configure:3485: checking whether ln -s works
configure:3489: result: yes
configure:3496: checking how to recognise dependent libraries
configure:3672: result: pass_all
configure:3909: checking how to run the C preprocessor
configure:3944: /usr/bin/gcc -E  conftest.c
configure:3950: $? = 0
configure:3982: /usr/bin/gcc -E  conftest.c
conftest.c:11:28: error: ac_nonexistent.h: No such file or directory
configure:3988: $? = 1
configure: failed program was:
| /* confdefs.h.  */
| 
| #define PACKAGE_NAME "libdmx"
| #define PACKAGE_TARNAME "libdmx"
| #define PACKAGE_VERSION "1.0.2"
| #define PACKAGE_STRING "libdmx 1.0.2"
| #define PACKAGE_BUGREPORT "https://bugs.freedesktop.org/enter_bug.cgi?product=xorg"
| #define PACKAGE "libdmx"
| #define VERSION "1.0.2"
| /* end confdefs.h.  */
| #include <ac_nonexistent.h>
configure:4027: result: /usr/bin/gcc -E
configure:4051: /usr/bin/gcc -E  conftest.c
configure:4057: $? = 0
configure:4089: /usr/bin/gcc -E  conftest.c
conftest.c:11:28: error: ac_nonexistent.h: No such file or directory
configure:4095: $? = 1
configure: failed program was:
| /* confdefs.h.  */
| 
| #define PACKAGE_NAME "libdmx"
| #define PACKAGE_TARNAME "libdmx"
| #define PACKAGE_VERSION "1.0.2"
| #define PACKAGE_STRING "libdmx 1.0.2"
| #define PACKAGE_BUGREPORT "https://bugs.freedesktop.org/enter_bug.cgi?product=xorg"
| #define PACKAGE "libdmx"
| #define VERSION "1.0.2"
| /* end confdefs.h.  */
| #include <ac_nonexistent.h>
configure:4139: checking for ANSI C header files
configure:4164: /usr/bin/gcc -c -g -O2  conftest.c >&5
configure:4170: $? = 0
configure:4174: test -z 
			 || test ! -s conftest.err
configure:4177: $? = 0
configure:4180: test -s conftest.o
configure:4183: $? = 0
configure:4272: /usr/bin/gcc -o conftest -g -O2   conftest.c  >&5
conftest.c: In function 'main':
conftest.c:28: warning: incompatible implicit declaration of built-in function 'exit'
configure:4275: $? = 0
configure:4277: ./conftest
configure:4280: $? = 0
configure:4295: result: yes
configure:4319: checking for sys/types.h
configure:4335: /usr/bin/gcc -c -g -O2  conftest.c >&5
configure:4341: $? = 0
configure:4345: test -z 
			 || test ! -s conftest.err
configure:4348: $? = 0
configure:4351: test -s conftest.o
configure:4354: $? = 0
configure:4365: result: yes
configure:4319: checking for sys/stat.h
configure:4335: /usr/bin/gcc -c -g -O2  conftest.c >&5
configure:4341: $? = 0
configure:4345: test -z 
			 || test ! -s conftest.err
configure:4348: $? = 0
configure:4351: test -s conftest.o
configure:4354: $? = 0
configure:4365: result: yes
configure:4319: checking for stdlib.h
configure:4335: /usr/bin/gcc -c -g -O2  conftest.c >&5
configure:4341: $? = 0
configure:4345: test -z 
			 || test ! -s conftest.err
configure:4348: $? = 0
configure:4351: test -s conftest.o
configure:4354: $? = 0
configure:4365: result: yes
configure:4319: checking for string.h
configure:4335: /usr/bin/gcc -c -g -O2  conftest.c >&5
configure:4341: $? = 0
configure:4345: test -z 
			 || test ! -s conftest.err
configure:4348: $? = 0
configure:4351: test -s conftest.o
configure:4354: $? = 0
configure:4365: result: yes
configure:4319: checking for memory.h
configure:4335: /usr/bin/gcc -c -g -O2  conftest.c >&5
configure:4341: $? = 0
configure:4345: test -z 
			 || test ! -s conftest.err
configure:4348: $? = 0
configure:4351: test -s conftest.o
configure:4354: $? = 0
configure:4365: result: yes
configure:4319: checking for strings.h
configure:4335: /usr/bin/gcc -c -g -O2  conftest.c >&5
configure:4341: $? = 0
configure:4345: test -z 
			 || test ! -s conftest.err
configure:4348: $? = 0
configure:4351: test -s conftest.o
configure:4354: $? = 0
configure:4365: result: yes
configure:4319: checking for inttypes.h
configure:4335: /usr/bin/gcc -c -g -O2  conftest.c >&5
configure:4341: $? = 0
configure:4345: test -z 
			 || test ! -s conftest.err
configure:4348: $? = 0
configure:4351: test -s conftest.o
configure:4354: $? = 0
configure:4365: result: yes
configure:4319: checking for stdint.h
configure:4335: /usr/bin/gcc -c -g -O2  conftest.c >&5
configure:4341: $? = 0
configure:4345: test -z 
			 || test ! -s conftest.err
configure:4348: $? = 0
configure:4351: test -s conftest.o
configure:4354: $? = 0
configure:4365: result: yes
configure:4319: checking for unistd.h
configure:4335: /usr/bin/gcc -c -g -O2  conftest.c >&5
configure:4341: $? = 0
configure:4345: test -z 
			 || test ! -s conftest.err
configure:4348: $? = 0
configure:4351: test -s conftest.o
configure:4354: $? = 0
configure:4365: result: yes
configure:4391: checking dlfcn.h usability
configure:4403: /usr/bin/gcc -c -g -O2  conftest.c >&5
configure:4409: $? = 0
configure:4413: test -z 
			 || test ! -s conftest.err
configure:4416: $? = 0
configure:4419: test -s conftest.o
configure:4422: $? = 0
configure:4432: result: yes
configure:4436: checking dlfcn.h presence
configure:4446: /usr/bin/gcc -E  conftest.c
configure:4452: $? = 0
configure:4472: result: yes
configure:4507: checking for dlfcn.h
configure:4514: result: yes
configure:4579: checking for g++
configure:4595: found /usr/bin/g++
configure:4605: result: g++
configure:4621: checking for C++ compiler version
configure:4624: g++ --version </dev/null >&5
g++ (GCC) 4.2.1 (Based on Apple Inc. build 5555)
Copyright (C) 2007 Free Software Foundation, Inc.
This is free software; see the source for copying conditions.  There is NO
warranty; not even for MERCHANTABILITY or FITNESS FOR A PARTICULAR PURPOSE.

configure:4627: $? = 0
configure:4629: g++ -v </dev/null >&5
Using built-in specs.
Target: arm-apple-darwin9
Configured with: ../llvm-gcc-4.2/configure --build=x86_64-unknown-linux-gnu --host=arm-apple-darwin9 --enable-static=no --enable-shared=yes --prefix=/usr --localstatedir=/var/cache/iphone-gcc --enable-languages=c,c++,objc,obj-c++ --enable-wchar_t=no --with-gxx-include-dir=/usr/include/c++/4.0.0
Thread model: posix
gcc version 4.2.1 (Based on Apple Inc. build 5555)
configure:4632: $? = 0
configure:4634: g++ -V </dev/null >&5
g++: '-V' option must have argument
configure:4637: $? = 1
configure:4640: checking whether we are using the GNU C++ compiler
configure:4664: g++ -c   conftest.cc >&5
configure:4670: $? = 0
configure:4674: test -z 
			 || test ! -s conftest.err
configure:4677: $? = 0
configure:4680: test -s conftest.o
configure:4683: $? = 0
configure:4696: result: yes
configure:4702: checking whether g++ accepts -g
configure:4723: g++ -c -g  conftest.cc >&5
configure:4729: $? = 0
configure:4733: test -z 
			 || test ! -s conftest.err
configure:4736: $? = 0
configure:4739: test -s conftest.o
configure:4742: $? = 0
configure:4753: result: yes
configure:4795: g++ -c -g -O2  conftest.cc >&5
configure:4801: $? = 0
configure:4805: test -z 
			 || test ! -s conftest.err
configure:4808: $? = 0
configure:4811: test -s conftest.o
configure:4814: $? = 0
configure:4840: g++ -c -g -O2  conftest.cc >&5
conftest.cc: In function 'int main()':
conftest.cc:26: error: 'exit' was not declared in this scope
configure:4846: $? = 1
configure: failed program was:
| /* confdefs.h.  */
| 
| #define PACKAGE_NAME "libdmx"
| #define PACKAGE_TARNAME "libdmx"
| #define PACKAGE_VERSION "1.0.2"
| #define PACKAGE_STRING "libdmx 1.0.2"
| #define PACKAGE_BUGREPORT "https://bugs.freedesktop.org/enter_bug.cgi?product=xorg"
| #define PACKAGE "libdmx"
| #define VERSION "1.0.2"
| #define STDC_HEADERS 1
| #define HAVE_SYS_TYPES_H 1
| #define HAVE_SYS_STAT_H 1
| #define HAVE_STDLIB_H 1
| #define HAVE_STRING_H 1
| #define HAVE_MEMORY_H 1
| #define HAVE_STRINGS_H 1
| #define HAVE_INTTYPES_H 1
| #define HAVE_STDINT_H 1
| #define HAVE_UNISTD_H 1
| #define HAVE_DLFCN_H 1
| /* end confdefs.h.  */
| 
| int
| main ()
| {
| exit (42);
|   ;
|   return 0;
| }
configure:4795: g++ -c -g -O2  conftest.cc >&5
conftest.cc:22: error: 'void std::exit(int)' should have been declared inside 'std'
In file included from conftest.cc:23:
/home/chris/sdk2/stdlib.h:159: error: declaration of 'void std::exit(int)' throws different exceptions
conftest.cc:22: error: from previous declaration 'void std::exit(int) throw ()'
configure:4801: $? = 1
configure: failed program was:
| /* confdefs.h.  */
| 
| #define PACKAGE_NAME "libdmx"
| #define PACKAGE_TARNAME "libdmx"
| #define PACKAGE_VERSION "1.0.2"
| #define PACKAGE_STRING "libdmx 1.0.2"
| #define PACKAGE_BUGREPORT "https://bugs.freedesktop.org/enter_bug.cgi?product=xorg"
| #define PACKAGE "libdmx"
| #define VERSION "1.0.2"
| #define STDC_HEADERS 1
| #define HAVE_SYS_TYPES_H 1
| #define HAVE_SYS_STAT_H 1
| #define HAVE_STDLIB_H 1
| #define HAVE_STRING_H 1
| #define HAVE_MEMORY_H 1
| #define HAVE_STRINGS_H 1
| #define HAVE_INTTYPES_H 1
| #define HAVE_STDINT_H 1
| #define HAVE_UNISTD_H 1
| #define HAVE_DLFCN_H 1
| /* end confdefs.h.  */
| extern "C" void std::exit (int) throw (); using std::exit;
| #include <stdlib.h>
| int
| main ()
| {
| exit (42);
|   ;
|   return 0;
| }
configure:4795: g++ -c -g -O2  conftest.cc >&5
conftest.cc:22: error: 'void std::exit(int)' should have been declared inside 'std'
configure:4801: $? = 1
configure: failed program was:
| /* confdefs.h.  */
| 
| #define PACKAGE_NAME "libdmx"
| #define PACKAGE_TARNAME "libdmx"
| #define PACKAGE_VERSION "1.0.2"
| #define PACKAGE_STRING "libdmx 1.0.2"
| #define PACKAGE_BUGREPORT "https://bugs.freedesktop.org/enter_bug.cgi?product=xorg"
| #define PACKAGE "libdmx"
| #define VERSION "1.0.2"
| #define STDC_HEADERS 1
| #define HAVE_SYS_TYPES_H 1
| #define HAVE_SYS_STAT_H 1
| #define HAVE_STDLIB_H 1
| #define HAVE_STRING_H 1
| #define HAVE_MEMORY_H 1
| #define HAVE_STRINGS_H 1
| #define HAVE_INTTYPES_H 1
| #define HAVE_STDINT_H 1
| #define HAVE_UNISTD_H 1
| #define HAVE_DLFCN_H 1
| /* end confdefs.h.  */
| extern "C" void std::exit (int); using std::exit;
| #include <stdlib.h>
| int
| main ()
| {
| exit (42);
|   ;
|   return 0;
| }
configure:4795: g++ -c -g -O2  conftest.cc >&5
In file included from conftest.cc:23:
/home/chris/sdk2/stdlib.h:159: error: declaration of 'void exit(int)' throws different exceptions
conftest.cc:22: error: from previous declaration 'void exit(int) throw ()'
configure:4801: $? = 1
configure: failed program was:
| /* confdefs.h.  */
| 
| #define PACKAGE_NAME "libdmx"
| #define PACKAGE_TARNAME "libdmx"
| #define PACKAGE_VERSION "1.0.2"
| #define PACKAGE_STRING "libdmx 1.0.2"
| #define PACKAGE_BUGREPORT "https://bugs.freedesktop.org/enter_bug.cgi?product=xorg"
| #define PACKAGE "libdmx"
| #define VERSION "1.0.2"
| #define STDC_HEADERS 1
| #define HAVE_SYS_TYPES_H 1
| #define HAVE_SYS_STAT_H 1
| #define HAVE_STDLIB_H 1
| #define HAVE_STRING_H 1
| #define HAVE_MEMORY_H 1
| #define HAVE_STRINGS_H 1
| #define HAVE_INTTYPES_H 1
| #define HAVE_STDINT_H 1
| #define HAVE_UNISTD_H 1
| #define HAVE_DLFCN_H 1
| /* end confdefs.h.  */
| extern "C" void exit (int) throw ();
| #include <stdlib.h>
| int
| main ()
| {
| exit (42);
|   ;
|   return 0;
| }
configure:4795: g++ -c -g -O2  conftest.cc >&5
configure:4801: $? = 0
configure:4805: test -z 
			 || test ! -s conftest.err
configure:4808: $? = 0
configure:4811: test -s conftest.o
configure:4814: $? = 0
configure:4840: g++ -c -g -O2  conftest.cc >&5
configure:4846: $? = 0
configure:4850: test -z 
			 || test ! -s conftest.err
configure:4853: $? = 0
configure:4856: test -s conftest.o
configure:4859: $? = 0
configure:4884: checking dependency style of g++
configure:4974: result: gcc3
configure:5001: checking how to run the C++ preprocessor
configure:5032: g++ -E  conftest.cc
configure:5038: $? = 0
configure:5070: g++ -E  conftest.cc
conftest.cc:25:28: error: ac_nonexistent.h: No such file or directory
configure:5076: $? = 1
configure: failed program was:
| /* confdefs.h.  */
| 
| #define PACKAGE_NAME "libdmx"
| #define PACKAGE_TARNAME "libdmx"
| #define PACKAGE_VERSION "1.0.2"
| #define PACKAGE_STRING "libdmx 1.0.2"
| #define PACKAGE_BUGREPORT "https://bugs.freedesktop.org/enter_bug.cgi?product=xorg"
| #define PACKAGE "libdmx"
| #define VERSION "1.0.2"
| #define STDC_HEADERS 1
| #define HAVE_SYS_TYPES_H 1
| #define HAVE_SYS_STAT_H 1
| #define HAVE_STDLIB_H 1
| #define HAVE_STRING_H 1
| #define HAVE_MEMORY_H 1
| #define HAVE_STRINGS_H 1
| #define HAVE_INTTYPES_H 1
| #define HAVE_STDINT_H 1
| #define HAVE_UNISTD_H 1
| #define HAVE_DLFCN_H 1
| #ifdef __cplusplus
| extern "C" void exit (int);
| #endif
| /* end confdefs.h.  */
| #include <ac_nonexistent.h>
configure:5115: result: g++ -E
configure:5139: g++ -E  conftest.cc
configure:5145: $? = 0
configure:5177: g++ -E  conftest.cc
conftest.cc:25:28: error: ac_nonexistent.h: No such file or directory
configure:5183: $? = 1
configure: failed program was:
| /* confdefs.h.  */
| 
| #define PACKAGE_NAME "libdmx"
| #define PACKAGE_TARNAME "libdmx"
| #define PACKAGE_VERSION "1.0.2"
| #define PACKAGE_STRING "libdmx 1.0.2"
| #define PACKAGE_BUGREPORT "https://bugs.freedesktop.org/enter_bug.cgi?product=xorg"
| #define PACKAGE "libdmx"
| #define VERSION "1.0.2"
| #define STDC_HEADERS 1
| #define HAVE_SYS_TYPES_H 1
| #define HAVE_SYS_STAT_H 1
| #define HAVE_STDLIB_H 1
| #define HAVE_STRING_H 1
| #define HAVE_MEMORY_H 1
| #define HAVE_STRINGS_H 1
| #define HAVE_INTTYPES_H 1
| #define HAVE_STDINT_H 1
| #define HAVE_UNISTD_H 1
| #define HAVE_DLFCN_H 1
| #ifdef __cplusplus
| extern "C" void exit (int);
| #endif
| /* end confdefs.h.  */
| #include <ac_nonexistent.h>
configure:5280: checking for g77
configure:5309: result: no
configure:5280: checking for f77
configure:5309: result: no
configure:5280: checking for xlf
configure:5309: result: no
configure:5280: checking for frt
configure:5309: result: no
configure:5280: checking for pgf77
configure:5309: result: no
configure:5280: checking for fort77
configure:5309: result: no
configure:5280: checking for fl32
configure:5309: result: no
configure:5280: checking for af77
configure:5309: result: no
configure:5280: checking for f90
configure:5309: result: no
configure:5280: checking for xlf90
configure:5309: result: no
configure:5280: checking for pgf90
configure:5309: result: no
configure:5280: checking for epcf90
configure:5309: result: no
configure:5280: checking for f95
configure:5309: result: no
configure:5280: checking for fort
configure:5309: result: no
configure:5280: checking for xlf95
configure:5309: result: no
configure:5280: checking for ifc
configure:5309: result: no
configure:5280: checking for efc
configure:5309: result: no
configure:5280: checking for pgf95
configure:5309: result: no
configure:5280: checking for lf95
configure:5309: result: no
configure:5280: checking for gfortran
configure:5309: result: no
configure:5321: checking for Fortran 77 compiler version
configure:5324:  --version </dev/null >&5
./configure: line 5325: --version: command not found
configure:5327: $? = 127
configure:5329:  -v </dev/null >&5
./configure: line 5330: -v: command not found
configure:5332: $? = 127
configure:5334:  -V </dev/null >&5
./configure: line 5335: -V: command not found
configure:5337: $? = 127
configure:5345: checking whether we are using the GNU Fortran 77 compiler
configure:5359:  -c  conftest.F >&5
./configure: line 5360: -c: command not found
configure:5365: $? = 127
configure: failed program was:
|       program main
| #ifndef __GNUC__
|        choke me
| #endif
| 
|       end
configure:5391: result: no
configure:5397: checking whether  accepts -g
configure:5409:  -c -g conftest.f >&5
./configure: line 5410: -c: command not found
configure:5415: $? = 127
configure: failed program was:
|       program main
| 
|       end
configure:5440: result: no
configure:5470: checking the maximum length of command line arguments
configure:5579: result: 196608
configure:5590: checking command to parse /usr/bin/nm -p output from /usr/bin/gcc object
configure:5695: /usr/bin/gcc -c -g -O2  conftest.c >&5
configure:5698: $? = 0
configure:5702: /usr/bin/nm -p conftest.o \| sed -n -e 's/^.*[ 	]\([BCDEGRST][BCDEGRST]*\)[ 	][ 	]*\([_A-Za-z][_A-Za-z0-9]*\)$/\1 \2 \2/p' \> conftest.nm
configure:5705: $? = 0
cannot find nm_test_var in conftest.nm
configure:5695: /usr/bin/gcc -c -g -O2  conftest.c >&5
configure:5698: $? = 0
configure:5702: /usr/bin/nm -p conftest.o \| sed -n -e 's/^.*[ 	]\([BCDEGRST][BCDEGRST]*\)[ 	][ 	]*_\([_A-Za-z][_A-Za-z0-9]*\)$/\1 _\2 \2/p' \> conftest.nm
configure:5705: $? = 0
configure:5757: /usr/bin/gcc -o conftest -g -O2   conftest.c conftstm.o >&5
configure:5760: $? = 0
configure:5798: result: ok
configure:5802: checking for objdir
configure:5817: result: .libs
configure:5907: checking for ar
configure:5923: found /usr/bin/ar
configure:5934: result: ar
configure:5987: checking for ranlib
configure:6003: found /usr/bin/ranlib
configure:6014: result: ranlib
configure:6067: checking for strip
configure:6083: found /usr/bin/strip
configure:6094: result: strip
configure:6366: checking if /usr/bin/gcc supports -fno-rtti -fno-exceptions
configure:6384: /usr/bin/gcc -c -g -O2  -fno-rtti -fno-exceptions conftest.c >&5
cc1: warning: command line option "-fno-rtti" is valid for C++/ObjC++ but not for C
configure:6388: $? = 0
configure:6401: result: no
configure:6416: checking for /usr/bin/gcc option to produce PIC
configure:6626: result: -fno-common
configure:6634: checking if /usr/bin/gcc PIC flag -fno-common works
configure:6652: /usr/bin/gcc -c -g -O2  -fno-common -DPIC conftest.c >&5
configure:6656: $? = 0
configure:6669: result: yes
configure:6697: checking if /usr/bin/gcc static flag -static works
configure:6725: result: no
configure:6735: checking if /usr/bin/gcc supports -c -o file.o
configure:6756: /usr/bin/gcc -c -g -O2  -o out/conftest2.o conftest.c >&5
configure:6760: $? = 0
configure:6782: result: yes
configure:6808: checking whether the /usr/bin/gcc linker (/usr/bin/ld) supports shared libraries
configure:7766: result: yes
configure:7833: checking dynamic linker characteristics
configure:8442: result: darwin10.4.0 dyld
configure:8451: checking how to hardcode library paths into programs
configure:8476: result: immediate
configure:8490: checking whether stripping libraries is possible
configure:8503: result: yes
configure:9329: checking if libtool supports shared libraries
configure:9331: result: yes
configure:9334: checking whether to build shared libraries
configure:9355: result: yes
configure:9358: checking whether to build static libraries
configure:9362: result: yes
configure:9454: creating libtool
configure:10042: checking for ld used by g++
configure:10109: result: /usr/bin/ld
configure:10118: checking if the linker (/usr/bin/ld) is GNU ld
configure:10133: result: no
configure:10184: checking whether the g++ linker (/usr/bin/ld) supports shared libraries
configure:11122: result: yes
configure:11140: g++ -c -g -O2  conftest.cpp >&5
configure:11143: $? = 0
configure:11262: checking for g++ option to produce PIC
configure:11536: result: -fno-common
configure:11544: checking if g++ PIC flag -fno-common works
configure:11562: g++ -c -g -O2  -fno-common -DPIC conftest.cpp >&5
configure:11566: $? = 0
configure:11579: result: yes
configure:11607: checking if g++ static flag -static works
configure:11635: result: no
configure:11645: checking if g++ supports -c -o file.o
configure:11666: g++ -c -g -O2  -o out/conftest2.o conftest.cpp >&5
configure:11670: $? = 0
configure:11692: result: yes
configure:11718: checking whether the g++ linker (/usr/bin/ld) supports shared libraries
configure:11743: result: yes
configure:11810: checking dynamic linker characteristics
configure:12419: result: darwin10.4.0 dyld
configure:12428: checking how to hardcode library paths into programs
configure:12453: result: immediate
configure:18695: checking for pkg-config
configure:18713: found /usr/bin/pkg-config
configure:18725: result: /usr/bin/pkg-config
configure:18740: checking pkg-config is at least version 0.9.0
configure:18743: result: yes
configure:18754: checking for DMX
configure:18762: $PKG_CONFIG --exists --print-errors "x11 xext xextproto dmxproto"
configure:18765: $? = 0
configure:18780: $PKG_CONFIG --exists --print-errors "x11 xext xextproto dmxproto"
configure:18783: $? = 0
configure:18859: result: yes
configure:18876: checking whether malloc(0) returns NULL
configure:18901: /usr/bin/gcc -o conftest -g -O2   conftest.c  >&5
conftest.c:2: warning: conflicting types for built-in function 'malloc'
conftest.c:4: warning: conflicting types for built-in function 'calloc'
conftest.c: In function 'main':
conftest.c:11: warning: incompatible implicit declaration of built-in function 'exit'
configure:18904: $? = 0
configure:18906: ./conftest
configure:18909: $? = 1
configure: program exited with status 1
configure: failed program was:
| 
| char *malloc();
| char *realloc();
| char *calloc();
| main() {
|     char *m0, *r0, *c0, *p;
|     m0 = malloc(0);
|     p = malloc(10);
|     r0 = realloc(p,0);
|     c0 = calloc(0);
|     exit(m0 == 0 || r0 == 0 || c0 == 0 ? 0 : 1);
| }
configure:18923: result: no
configure:19180: creating ./config.status

## ---------------------- ##
## Running config.status. ##
## ---------------------- ##

This file was extended by libdmx config.status 1.0.2, which was
generated by GNU Autoconf 2.59.  Invocation command line was

  CONFIG_FILES    = 
  CONFIG_HEADERS  = 
  CONFIG_LINKS    = 
  CONFIG_COMMANDS = 
  $ ./config.status 

on Chriss-iPad

config.status:739: creating Makefile
config.status:739: creating src/Makefile
config.status:739: creating man/Makefile
config.status:739: creating dmx.pc
config.status:843: creating config.h
config.status:1131: executing depfiles commands

## ---------------- ##
## Cache variables. ##
## ---------------- ##

ac_cv_build=arm-apple-darwin10.4.0
ac_cv_build_alias=arm-apple-darwin10.4.0
ac_cv_c_compiler_gnu=yes
ac_cv_cxx_compiler_gnu=yes
ac_cv_env_CC_set=set
ac_cv_env_CC_value=/usr/bin/gcc
ac_cv_env_CFLAGS_set=
ac_cv_env_CFLAGS_value=
ac_cv_env_CPPFLAGS_set=
ac_cv_env_CPPFLAGS_value=
ac_cv_env_CPP_set=
ac_cv_env_CPP_value=
ac_cv_env_CXXCPP_set=
ac_cv_env_CXXCPP_value=
ac_cv_env_CXXFLAGS_set=
ac_cv_env_CXXFLAGS_value=
ac_cv_env_CXX_set=
ac_cv_env_CXX_value=
ac_cv_env_DMX_CFLAGS_set=
ac_cv_env_DMX_CFLAGS_value=
ac_cv_env_DMX_LIBS_set=
ac_cv_env_DMX_LIBS_value=
ac_cv_env_F77_set=
ac_cv_env_F77_value=
ac_cv_env_FFLAGS_set=
ac_cv_env_FFLAGS_value=
ac_cv_env_LDFLAGS_set=
ac_cv_env_LDFLAGS_value=
ac_cv_env_PKG_CONFIG_set=
ac_cv_env_PKG_CONFIG_value=
ac_cv_env_build_alias_set=
ac_cv_env_build_alias_value=
ac_cv_env_host_alias_set=
ac_cv_env_host_alias_value=
ac_cv_env_target_alias_set=
ac_cv_env_target_alias_value=
ac_cv_exeext=
ac_cv_f77_compiler_gnu=no
ac_cv_header_dlfcn_h=yes
ac_cv_header_inttypes_h=yes
ac_cv_header_memory_h=yes
ac_cv_header_stdc=yes
ac_cv_header_stdint_h=yes
ac_cv_header_stdlib_h=yes
ac_cv_header_string_h=yes
ac_cv_header_strings_h=yes
ac_cv_header_sys_stat_h=yes
ac_cv_header_sys_types_h=yes
ac_cv_header_unistd_h=yes
ac_cv_host=arm-apple-darwin10.4.0
ac_cv_host_alias=arm-apple-darwin10.4.0
ac_cv_objext=o
ac_cv_path_ac_pt_PKG_CONFIG=/usr/bin/pkg-config
ac_cv_path_install='/usr/bin/install -c'
ac_cv_prog_AWK=gawk
ac_cv_prog_CPP='/usr/bin/gcc -E'
ac_cv_prog_CXXCPP='g++ -E'
ac_cv_prog_ac_ct_AR=ar
ac_cv_prog_ac_ct_CC=/usr/bin/gcc
ac_cv_prog_ac_ct_CXX=g++
ac_cv_prog_ac_ct_RANLIB=ranlib
ac_cv_prog_ac_ct_STRIP=strip
ac_cv_prog_cc_g=yes
ac_cv_prog_cc_stdc=
ac_cv_prog_cxx_g=yes
ac_cv_prog_egrep='grep -E'
ac_cv_prog_f77_g=no
ac_cv_prog_make_make_set=yes
am_cv_CC_dependencies_compiler_type=gcc3
am_cv_CXX_dependencies_compiler_type=gcc3
lt_cv_deplibs_check_method=pass_all
lt_cv_file_magic_cmd='$MAGIC_CMD'
lt_cv_file_magic_test_file=
lt_cv_ld_reload_flag=-r
lt_cv_objdir=.libs
lt_cv_path_LD=/usr/bin/ld
lt_cv_path_LDCXX=/usr/bin/ld
lt_cv_path_NM='/usr/bin/nm -p'
lt_cv_path_SED=/bin/sed
lt_cv_prog_compiler_c_o=yes
lt_cv_prog_compiler_c_o_CXX=yes
lt_cv_prog_compiler_rtti_exceptions=no
lt_cv_prog_gnu_ld=no
lt_cv_prog_gnu_ldcxx=no
lt_cv_sys_global_symbol_pipe='sed -n -e '\''s/^.*[ 	]\([BCDEGRST][BCDEGRST]*\)[ 	][ 	]*_\([_A-Za-z][_A-Za-z0-9]*\)$/\1 _\2 \2/p'\'''
lt_cv_sys_global_symbol_to_c_name_address='sed -n -e '\''s/^: \([^ ]*\) $/  {\"\1\", (lt_ptr) 0},/p'\'' -e '\''s/^[BCDEGRST] \([^ ]*\) \([^ ]*\)$/  {"\2", (lt_ptr) \&\2},/p'\'''
lt_cv_sys_global_symbol_to_cdecl='sed -n -e '\''s/^. .* \(.*\)$/extern int \1;/p'\'''
lt_cv_sys_max_cmd_len=196608
lt_lt_cv_prog_compiler_c_o='"yes"'
lt_lt_cv_prog_compiler_c_o_CXX='"yes"'
lt_lt_cv_sys_global_symbol_pipe='"sed -n -e '\''s/^.*[ 	]\\([BCDEGRST][BCDEGRST]*\\)[ 	][ 	]*_\\([_A-Za-z][_A-Za-z0-9]*\\)\$/\\1 _\\2 \\2/p'\''"'
lt_lt_cv_sys_global_symbol_to_c_name_address='"sed -n -e '\''s/^: \\([^ ]*\\) \$/  {\\\"\\1\\\", (lt_ptr) 0},/p'\'' -e '\''s/^[BCDEGRST] \\([^ ]*\\) \\([^ ]*\\)\$/  {\"\\2\", (lt_ptr) \\&\\2},/p'\''"'
lt_lt_cv_sys_global_symbol_to_cdecl='"sed -n -e '\''s/^. .* \\(.*\\)\$/extern int \\1;/p'\''"'
pkg_cv_DMX_CFLAGS=' '
pkg_cv_DMX_LIBS='-L/usr/local/lib -lX11 -lXext  '

## ----------------- ##
## Output variables. ##
## ----------------- ##

ACLOCAL='${SHELL} /home/chris/xorg/libdmx-1.0.2/missing --run aclocal-1.9'
ADMIN_MAN_DIR='$(mandir)/man$(ADMIN_MAN_SUFFIX)'
ADMIN_MAN_SUFFIX='8'
AMDEPBACKSLASH='\'
AMDEP_FALSE='#'
AMDEP_TRUE=''
AMTAR='${SHELL} /home/chris/xorg/libdmx-1.0.2/missing --run tar'
APP_MAN_DIR='$(mandir)/man$(APP_MAN_SUFFIX)'
APP_MAN_SUFFIX='1'
AR='ar'
AUTOCONF='${SHELL} /home/chris/xorg/libdmx-1.0.2/missing --run autoconf'
AUTOHEADER='${SHELL} /home/chris/xorg/libdmx-1.0.2/missing --run autoheader'
AUTOMAKE='${SHELL} /home/chris/xorg/libdmx-1.0.2/missing --run automake-1.9'
AWK='gawk'
CC='/usr/bin/gcc'
CCDEPMODE='depmode=gcc3'
CFLAGS='-g -O2'
CPP='/usr/bin/gcc -E'
CPPFLAGS=''
CXX='g++'
CXXCPP='g++ -E'
CXXDEPMODE='depmode=gcc3'
CXXFLAGS='-g -O2'
CYGPATH_W='echo'
DEFS='-DHAVE_CONFIG_H'
DEPDIR='.deps'
DMX_CFLAGS=' '
DMX_LIBS='-L/usr/local/lib -lX11 -lXext  '
DRIVER_MAN_DIR='$(mandir)/man$(DRIVER_MAN_SUFFIX)'
DRIVER_MAN_SUFFIX='4'
ECHO='echo'
ECHO_C=''
ECHO_N='-n'
ECHO_T=''
EGREP='grep -E'
EXEEXT=''
F77=''
FFLAGS=''
FILE_MAN_DIR='$(mandir)/man$(FILE_MAN_SUFFIX)'
FILE_MAN_SUFFIX='5'
INSTALL_DATA='${INSTALL} -m 644'
INSTALL_PROGRAM='${INSTALL}'
INSTALL_SCRIPT='${INSTALL}'
INSTALL_STRIP_PROGRAM='${SHELL} $(install_sh) -c -s'
LDFLAGS=''
LIBOBJS=''
LIBS=''
LIBTOOL='$(SHELL) $(top_builddir)/libtool'
LIB_MAN_DIR='$(mandir)/man$(LIB_MAN_SUFFIX)'
LIB_MAN_SUFFIX='3'
LN_S='ln -s'
LTLIBOBJS=''
MAINT='#'
MAINTAINER_MODE_FALSE=''
MAINTAINER_MODE_TRUE='#'
MAKEINFO='${SHELL} /home/chris/xorg/libdmx-1.0.2/missing --run makeinfo'
MALLOC_ZERO_CFLAGS=''
MISC_MAN_DIR='$(mandir)/man$(MISC_MAN_SUFFIX)'
MISC_MAN_SUFFIX='7'
OBJEXT='o'
PACKAGE='libdmx'
PACKAGE_BUGREPORT='https://bugs.freedesktop.org/enter_bug.cgi?product=xorg'
PACKAGE_NAME='libdmx'
PACKAGE_STRING='libdmx 1.0.2'
PACKAGE_TARNAME='libdmx'
PACKAGE_VERSION='1.0.2'
PATH_SEPARATOR=':'
PKG_CONFIG='/usr/bin/pkg-config'
RANLIB='ranlib'
SET_MAKE=''
SHELL='/bin/sh'
STRIP='strip'
VERSION='1.0.2'
XMALLOC_ZERO_CFLAGS=''
XTMALLOC_ZERO_CFLAGS=''
ac_ct_AR='ar'
ac_ct_CC='/usr/bin/gcc'
ac_ct_CXX='g++'
ac_ct_F77=''
ac_ct_RANLIB='ranlib'
ac_ct_STRIP='strip'
ac_pt_PKG_CONFIG='/usr/bin/pkg-config'
am__fastdepCC_FALSE='#'
am__fastdepCC_TRUE=''
am__fastdepCXX_FALSE='#'
am__fastdepCXX_TRUE=''
am__include='include'
am__leading_dot='.'
am__quote=''
am__tar='${AMTAR} chof - "$$tardir"'
am__untar='${AMTAR} xf -'
bindir='${exec_prefix}/bin'
build='arm-apple-darwin10.4.0'
build_alias=''
build_cpu='arm'
build_os='darwin10.4.0'
build_vendor='apple'
datadir='${prefix}/share'
exec_prefix='${prefix}'
host='arm-apple-darwin10.4.0'
host_alias=''
host_cpu='arm'
host_os='darwin10.4.0'
host_vendor='apple'
includedir='${prefix}/include'
infodir='${prefix}/info'
install_sh='/home/chris/xorg/libdmx-1.0.2/install-sh'
libdir='${exec_prefix}/lib'
libexecdir='${exec_prefix}/libexec'
localstatedir='${prefix}/var'
mandir='${prefix}/man'
mkdir_p='mkdir -p --'
oldincludedir='/usr/include'
prefix='/usr/local'
program_transform_name='s,x,x,'
sbindir='${exec_prefix}/sbin'
sharedstatedir='${prefix}/com'
sysconfdir='${prefix}/etc'
target_alias=''

## ----------- ##
## confdefs.h. ##
## ----------- ##

#define HAVE_DLFCN_H 1
#define HAVE_INTTYPES_H 1
#define HAVE_MEMORY_H 1
#define HAVE_STDINT_H 1
#define HAVE_STDLIB_H 1
#define HAVE_STRINGS_H 1
#define HAVE_STRING_H 1
#define HAVE_SYS_STAT_H 1
#define HAVE_SYS_TYPES_H 1
#define HAVE_UNISTD_H 1
#define PACKAGE "libdmx"
#define PACKAGE_BUGREPORT "https://bugs.freedesktop.org/enter_bug.cgi?product=xorg"
#define PACKAGE_NAME "libdmx"
#define PACKAGE_STRING "libdmx 1.0.2"
#define PACKAGE_TARNAME "libdmx"
#define PACKAGE_VERSION "1.0.2"
#define STDC_HEADERS 1
#define VERSION "1.0.2"
#endif
#ifdef __cplusplus
extern "C" void exit (int);

configure: exit 0
