This file contains any messages produced by compilers while
running configure, to aid debugging if configure makes a mistake.

It was created by libXaw configure 1.0.9, which was
generated by GNU Autoconf 2.68.  Invocation command line was

  $ ./configure 

## --------- ##
## Platform. ##
## --------- ##

hostname = Chriss-iPad
uname -m = iPad1,1
uname -r = 10.4.0
uname -s = Darwin
uname -v = Darwin Kernel Version 10.4.0: Wed Oct 20 20:14:45 PDT 2010; root:xnu-1504.58.28~3/RELEASE_ARM_S5L8930X

/usr/bin/uname -p = unknown
/bin/uname -X     = unknown

/bin/arch              = unknown
/usr/bin/arch -k       = unknown
/usr/convex/getsysinfo = unknown
/usr/bin/hostinfo      = Mach kernel version:
	 Darwin Kernel Version 10.4.0: Wed Oct 20 20:14:45 PDT 2010; root:xnu-1504.58.28~3/RELEASE_ARM_S5L8930X
Kernel configured for a single processor only.
1 processor is physically available.
1 processor is logically available.
Processor type: armv7 (arm v7)
Processor active: 0
Primary memory available: 247.00 megabytes
Default processor set: 35 tasks, 245 threads, 1 processors
Load average: 1.77, Mach factor: 0.22
/bin/machine           = unknown
/usr/bin/oslevel       = unknown
/bin/universe          = unknown

PATH: /usr/local/sbin
PATH: /usr/local/bin
PATH: /usr/sbin
PATH: /usr/bin
PATH: /sbin
PATH: /bin
PATH: /usr/bin/X11
PATH: /usr/games
PATH: /var/mobile/ocaml-3.12.0/bin


## ----------- ##
## Core tests. ##
## ----------- ##

configure:2420: checking for a BSD-compatible install
configure:2488: result: /usr/bin/install -c
configure:2499: checking whether build environment is sane
configure:2549: result: yes
configure:2690: checking for a thread-safe mkdir -p
configure:2729: result: /bin/mkdir -p
configure:2742: checking for gawk
configure:2758: found /usr/bin/gawk
configure:2769: result: gawk
configure:2780: checking whether make sets $(MAKE)
configure:2802: result: yes
configure:2883: checking whether to enable maintainer-specific portions of Makefiles
configure:2892: result: no
configure:2930: checking for style of include used by make
configure:2958: result: GNU
configure:3028: checking for gcc
configure:3055: result: /usr/bin/gcc
configure:3284: checking for C compiler version
configure:3293: /usr/bin/gcc --version >&5
gcc (GCC) 4.2.1 (Based on Apple Inc. build 5555)
Copyright (C) 2007 Free Software Foundation, Inc.
This is free software; see the source for copying conditions.  There is NO
warranty; not even for MERCHANTABILITY or FITNESS FOR A PARTICULAR PURPOSE.

configure:3304: $? = 0
configure:3293: /usr/bin/gcc -v >&5
Using built-in specs.
Target: arm-apple-darwin9
Configured with: ../llvm-gcc-4.2/configure --build=x86_64-unknown-linux-gnu --host=arm-apple-darwin9 --enable-static=no --enable-shared=yes --prefix=/usr --localstatedir=/var/cache/iphone-gcc --enable-languages=c,c++,objc,obj-c++ --enable-wchar_t=no --with-gxx-include-dir=/usr/include/c++/4.0.0
Thread model: posix
gcc version 4.2.1 (Based on Apple Inc. build 5555)
configure:3304: $? = 0
configure:3293: /usr/bin/gcc -V >&5
gcc: '-V' option must have argument
configure:3304: $? = 1
configure:3293: /usr/bin/gcc -qversion >&5
gcc: no input files
configure:3304: $? = 1
configure:3324: checking whether the C compiler works
configure:3346: /usr/bin/gcc    conftest.c  >&5
configure:3350: $? = 0
configure:3398: result: yes
configure:3401: checking for C compiler default output file name
configure:3403: result: a.out
configure:3409: checking for suffix of executables
configure:3416: /usr/bin/gcc -o conftest    conftest.c  >&5
configure:3420: $? = 0
configure:3442: result: 
configure:3464: checking whether we are cross compiling
configure:3472: /usr/bin/gcc -o conftest    conftest.c  >&5
configure:3476: $? = 0
configure:3483: ./conftest
configure:3487: $? = 0
configure:3502: result: no
configure:3507: checking for suffix of object files
configure:3529: /usr/bin/gcc -c   conftest.c >&5
configure:3533: $? = 0
configure:3554: result: o
configure:3558: checking whether we are using the GNU C compiler
configure:3577: /usr/bin/gcc -c   conftest.c >&5
configure:3577: $? = 0
configure:3586: result: yes
configure:3595: checking whether /usr/bin/gcc accepts -g
configure:3615: /usr/bin/gcc -c -g  conftest.c >&5
configure:3615: $? = 0
configure:3656: result: yes
configure:3673: checking for /usr/bin/gcc option to accept ISO C89
configure:3737: /usr/bin/gcc  -c -g -O2  conftest.c >&5
configure:3737: $? = 0
configure:3750: result: none needed
configure:3772: checking dependency style of /usr/bin/gcc
configure:3882: result: gcc3
configure:3897: checking for /usr/bin/gcc option to accept ISO C99
configure:4046: /usr/bin/gcc  -c -g -O2  conftest.c >&5
conftest.c:61: error: expected ';', ',' or ')' before 'text'
conftest.c: In function 'main':
conftest.c:115: error: nested functions are disabled, use -fnested-functions to re-enable
conftest.c:115: error: expected '=', ',', ';', 'asm' or '__attribute__' before 'newvar'
conftest.c:115: error: 'newvar' undeclared (first use in this function)
conftest.c:115: error: (Each undeclared identifier is reported only once
conftest.c:115: error: for each function it appears in.)
conftest.c:125: error: 'for' loop initial declaration used outside C99 mode
configure:4046: $? = 1
configure: failed program was:
| /* confdefs.h */
| #define PACKAGE_NAME "libXaw"
| #define PACKAGE_TARNAME "libXaw"
| #define PACKAGE_VERSION "1.0.9"
| #define PACKAGE_STRING "libXaw 1.0.9"
| #define PACKAGE_BUGREPORT "https://bugs.freedesktop.org/enter_bug.cgi?product=xorg"
| #define PACKAGE_URL ""
| #define PACKAGE "libXaw"
| #define VERSION "1.0.9"
| /* end confdefs.h.  */
| #include <stdarg.h>
| #include <stdbool.h>
| #include <stdlib.h>
| #include <wchar.h>
| #include <stdio.h>
| 
| // Check varargs macros.  These examples are taken from C99 6.10.3.5.
| #define debug(...) fprintf (stderr, __VA_ARGS__)
| #define showlist(...) puts (#__VA_ARGS__)
| #define report(test,...) ((test) ? puts (#test) : printf (__VA_ARGS__))
| static void
| test_varargs_macros (void)
| {
|   int x = 1234;
|   int y = 5678;
|   debug ("Flag");
|   debug ("X = %d\n", x);
|   showlist (The first, second, and third items.);
|   report (x>y, "x is %d but y is %d", x, y);
| }
| 
| // Check long long types.
| #define BIG64 18446744073709551615ull
| #define BIG32 4294967295ul
| #define BIG_OK (BIG64 / BIG32 == 4294967297ull && BIG64 % BIG32 == 0)
| #if !BIG_OK
|   your preprocessor is broken;
| #endif
| #if BIG_OK
| #else
|   your preprocessor is broken;
| #endif
| static long long int bignum = -9223372036854775807LL;
| static unsigned long long int ubignum = BIG64;
| 
| struct incomplete_array
| {
|   int datasize;
|   double data[];
| };
| 
| struct named_init {
|   int number;
|   const wchar_t *name;
|   double average;
| };
| 
| typedef const char *ccp;
| 
| static inline int
| test_restrict (ccp restrict text)
| {
|   // See if C++-style comments work.
|   // Iterate through items via the restricted pointer.
|   // Also check for declarations in for loops.
|   for (unsigned int i = 0; *(text+i) != '\0'; ++i)
|     continue;
|   return 0;
| }
| 
| // Check varargs and va_copy.
| static void
| test_varargs (const char *format, ...)
| {
|   va_list args;
|   va_start (args, format);
|   va_list args_copy;
|   va_copy (args_copy, args);
| 
|   const char *str;
|   int number;
|   float fnumber;
| 
|   while (*format)
|     {
|       switch (*format++)
| 	{
| 	case 's': // string
| 	  str = va_arg (args_copy, const char *);
| 	  break;
| 	case 'd': // int
| 	  number = va_arg (args_copy, int);
| 	  break;
| 	case 'f': // float
| 	  fnumber = va_arg (args_copy, double);
| 	  break;
| 	default:
| 	  break;
| 	}
|     }
|   va_end (args_copy);
|   va_end (args);
| }
| 
| int
| main ()
| {
| 
|   // Check bool.
|   _Bool success = false;
| 
|   // Check restrict.
|   if (test_restrict ("String literal") == 0)
|     success = true;
|   char *restrict newvar = "Another string";
| 
|   // Check varargs.
|   test_varargs ("s, d' f .", "string", 65, 34.234);
|   test_varargs_macros ();
| 
|   // Check flexible array members.
|   struct incomplete_array *ia =
|     malloc (sizeof (struct incomplete_array) + (sizeof (double) * 10));
|   ia->datasize = 10;
|   for (int i = 0; i < ia->datasize; ++i)
|     ia->data[i] = i * 1.234;
| 
|   // Check named initializers.
|   struct named_init ni = {
|     .number = 34,
|     .name = L"Test wide string",
|     .average = 543.34343,
|   };
| 
|   ni.number = 58;
| 
|   int dynamic_array[ni.number];
|   dynamic_array[ni.number - 1] = 543;
| 
|   // work around unused variable warnings
|   return (!success || bignum == 0LL || ubignum == 0uLL || newvar[0] == 'x'
| 	  || dynamic_array[ni.number - 1] != 543);
| 
|   ;
|   return 0;
| }
configure:4046: /usr/bin/gcc -std=gnu99 -c -g -O2  conftest.c >&5
configure:4046: $? = 0
configure:4066: result: -std=gnu99
configure:4080: checking how to run the C preprocessor
configure:4111: /usr/bin/gcc -std=gnu99 -E  conftest.c
configure:4111: $? = 0
configure:4125: /usr/bin/gcc -std=gnu99 -E  conftest.c
conftest.c:11:28: error: ac_nonexistent.h: No such file or directory
configure:4125: $? = 1
configure: failed program was:
| /* confdefs.h */
| #define PACKAGE_NAME "libXaw"
| #define PACKAGE_TARNAME "libXaw"
| #define PACKAGE_VERSION "1.0.9"
| #define PACKAGE_STRING "libXaw 1.0.9"
| #define PACKAGE_BUGREPORT "https://bugs.freedesktop.org/enter_bug.cgi?product=xorg"
| #define PACKAGE_URL ""
| #define PACKAGE "libXaw"
| #define VERSION "1.0.9"
| /* end confdefs.h.  */
| #include <ac_nonexistent.h>
configure:4150: result: /usr/bin/gcc -std=gnu99 -E
configure:4170: /usr/bin/gcc -std=gnu99 -E  conftest.c
configure:4170: $? = 0
configure:4184: /usr/bin/gcc -std=gnu99 -E  conftest.c
conftest.c:11:28: error: ac_nonexistent.h: No such file or directory
configure:4184: $? = 1
configure: failed program was:
| /* confdefs.h */
| #define PACKAGE_NAME "libXaw"
| #define PACKAGE_TARNAME "libXaw"
| #define PACKAGE_VERSION "1.0.9"
| #define PACKAGE_STRING "libXaw 1.0.9"
| #define PACKAGE_BUGREPORT "https://bugs.freedesktop.org/enter_bug.cgi?product=xorg"
| #define PACKAGE_URL ""
| #define PACKAGE "libXaw"
| #define VERSION "1.0.9"
| /* end confdefs.h.  */
| #include <ac_nonexistent.h>
configure:4213: checking for grep that handles long lines and -e
configure:4271: result: /bin/grep
configure:4276: checking for egrep
configure:4338: result: /bin/grep -E
configure:4343: checking for ANSI C header files
configure:4363: /usr/bin/gcc -std=gnu99 -c -g -O2  conftest.c >&5
configure:4363: $? = 0
configure:4436: /usr/bin/gcc -std=gnu99 -o conftest -g -O2   conftest.c  >&5
configure:4436: $? = 0
configure:4436: ./conftest
configure:4436: $? = 0
configure:4447: result: yes
configure:4460: checking for sys/types.h
configure:4460: /usr/bin/gcc -std=gnu99 -c -g -O2  conftest.c >&5
configure:4460: $? = 0
configure:4460: result: yes
configure:4460: checking for sys/stat.h
configure:4460: /usr/bin/gcc -std=gnu99 -c -g -O2  conftest.c >&5
configure:4460: $? = 0
configure:4460: result: yes
configure:4460: checking for stdlib.h
configure:4460: /usr/bin/gcc -std=gnu99 -c -g -O2  conftest.c >&5
configure:4460: $? = 0
configure:4460: result: yes
configure:4460: checking for string.h
configure:4460: /usr/bin/gcc -std=gnu99 -c -g -O2  conftest.c >&5
configure:4460: $? = 0
configure:4460: result: yes
configure:4460: checking for memory.h
configure:4460: /usr/bin/gcc -std=gnu99 -c -g -O2  conftest.c >&5
configure:4460: $? = 0
configure:4460: result: yes
configure:4460: checking for strings.h
configure:4460: /usr/bin/gcc -std=gnu99 -c -g -O2  conftest.c >&5
configure:4460: $? = 0
configure:4460: result: yes
configure:4460: checking for inttypes.h
configure:4460: /usr/bin/gcc -std=gnu99 -c -g -O2  conftest.c >&5
configure:4460: $? = 0
configure:4460: result: yes
configure:4460: checking for stdint.h
configure:4460: /usr/bin/gcc -std=gnu99 -c -g -O2  conftest.c >&5
configure:4460: $? = 0
configure:4460: result: yes
configure:4460: checking for unistd.h
configure:4460: /usr/bin/gcc -std=gnu99 -c -g -O2  conftest.c >&5
configure:4460: $? = 0
configure:4460: result: yes
configure:4521: checking for pkg-config
configure:4539: found /usr/bin/pkg-config
configure:4551: result: /usr/bin/pkg-config
configure:4576: checking pkg-config is at least version 0.9.0
configure:4579: result: yes
configure:4592: checking build system type
configure:4606: result: arm-apple-darwin10.4.0
configure:4626: checking host system type
configure:4639: result: arm-apple-darwin10.4.0
configure:4659: checking for a sed that does not truncate output
configure:4723: result: /bin/sed
configure:4955: checking whether to build functional specifications
configure:4957: result: yes
configure:4976: checking for xmlto
configure:5009: result: no
configure:5015: WARNING: xmlto not found - documentation targets will be skipped
configure:5151: checking for fop
configure:5184: result: no
configure:5190: WARNING: fop not found - documentation targets will be skipped
configure:5260: checking for X.Org SGML entities >= 1.5
configure:5264: $PKG_CONFIG --exists --print-errors "xorg-sgml-doctools >= 1.5"
Package xorg-sgml-doctools was not found in the pkg-config search path.
Perhaps you should add the directory containing `xorg-sgml-doctools.pc'
to the PKG_CONFIG_PATH environment variable
No package 'xorg-sgml-doctools' found
configure:5267: $? = 1
configure:5283: result: no
configure:5347: checking how to print strings
configure:5374: result: printf
configure:5395: checking for a sed that does not truncate output
configure:5459: result: /bin/sed
configure:5477: checking for fgrep
configure:5539: result: /bin/grep -F
configure:5574: checking for ld used by /usr/bin/gcc -std=gnu99
configure:5641: result: /usr/bin/ld
configure:5648: checking if the linker (/usr/bin/ld) is GNU ld
configure:5663: result: no
configure:5675: checking for BSD- or MS-compatible name lister (nm)
configure:5724: result: /usr/bin/nm -p
configure:5854: checking the name lister (/usr/bin/nm -p) interface
configure:5861: /usr/bin/gcc -std=gnu99 -c -g -O2  conftest.c >&5
configure:5864: /usr/bin/nm -p "conftest.o"
configure:5867: output
00000000 D _some_variable
configure:5874: result: BSD nm
configure:5877: checking whether ln -s works
configure:5881: result: yes
configure:5889: checking the maximum length of command line arguments
configure:6014: result: 196608
configure:6031: checking whether the shell understands some XSI constructs
configure:6041: result: yes
configure:6045: checking whether the shell understands "+="
configure:6051: result: yes
configure:6086: checking how to convert arm-apple-darwin10.4.0 file names to arm-apple-darwin10.4.0 format
configure:6126: result: func_convert_file_noop
configure:6133: checking how to convert arm-apple-darwin10.4.0 file names to toolchain format
configure:6153: result: func_convert_file_noop
configure:6160: checking for /usr/bin/ld option to reload object files
configure:6167: result: -r
configure:6241: checking for objdump
configure:6257: found /usr/bin/objdump
configure:6268: result: objdump
configure:6300: checking how to recognize dependent libraries
configure:6502: result: pass_all
configure:6587: checking for dlltool
configure:6617: result: no
configure:6647: checking how to associate runtime and link libraries
configure:6674: result: printf %s\n
configure:6734: checking for ar
configure:6750: found /usr/bin/ar
configure:6761: result: ar
configure:6798: checking for archiver @FILE support
configure:6815: /usr/bin/gcc -std=gnu99 -c -g -O2  conftest.c >&5
configure:6815: $? = 0
configure:6818: ar cru libconftest.a @conftest.lst >&5
ar: @conftest.lst: No such file or directory
configure:6821: $? = 1
configure:6841: result: no
configure:6899: checking for strip
configure:6915: found /usr/bin/strip
configure:6926: result: strip
configure:6998: checking for ranlib
configure:7014: found /usr/bin/ranlib
configure:7025: result: ranlib
configure:7127: checking command to parse /usr/bin/nm -p output from /usr/bin/gcc -std=gnu99 object
configure:7246: /usr/bin/gcc -std=gnu99 -c -g -O2  conftest.c >&5
configure:7249: $? = 0
configure:7253: /usr/bin/nm -p conftest.o \| sed -n -e 's/^.*[ ]\([BCDEGRST][BCDEGRST]*\)[ ][ ]*\([_A-Za-z][_A-Za-z0-9]*\)$/\1 \2 \2/p' | sed '/ __gnu_lto/d' \> conftest.nm
configure:7256: $? = 0
cannot find nm_test_var in conftest.nm
configure:7246: /usr/bin/gcc -std=gnu99 -c -g -O2  conftest.c >&5
configure:7249: $? = 0
configure:7253: /usr/bin/nm -p conftest.o \| sed -n -e 's/^.*[ ]\([BCDEGRST][BCDEGRST]*\)[ ][ ]*_\([_A-Za-z][_A-Za-z0-9]*\)$/\1 _\2 \2/p' | sed '/ __gnu_lto/d' \> conftest.nm
configure:7256: $? = 0
configure:7322: /usr/bin/gcc -std=gnu99 -o conftest -g -O2   conftest.c conftstm.o >&5
configure:7325: $? = 0
configure:7363: result: ok
configure:7400: checking for sysroot
configure:7430: result: no
configure:7673: checking for mt
configure:7703: result: no
configure:7723: checking if : is a manifest tool
configure:7729: : '-?'
configure:7737: result: no
configure:7793: checking for dsymutil
configure:7823: result: no
configure:7885: checking for nmedit
configure:7901: found /usr/bin/nmedit
configure:7912: result: nmedit
configure:7977: checking for lipo
configure:7993: found /usr/bin/lipo
configure:8004: result: lipo
configure:8069: checking for otool
configure:8085: found /usr/bin/otool
configure:8096: result: otool
configure:8161: checking for otool64
configure:8177: found /usr/bin/otool64
configure:8188: result: otool64
configure:8236: checking for -single_module linker flag
/usr/bin/gcc -std=gnu99 -g -O2  -o libconftest.dylib -dynamiclib -Wl,-single_module conftest.c
configure:8263: result: yes
configure:8265: checking for -exported_symbols_list linker flag
configure:8285: /usr/bin/gcc -std=gnu99 -o conftest -g -O2   -Wl,-exported_symbols_list,conftest.sym conftest.c  >&5
configure:8285: $? = 0
configure:8295: result: yes
configure:8297: checking for -force_load linker flag
/usr/bin/gcc -std=gnu99 -g -O2 -c -o conftest.o conftest.c
ar cru libconftest.a conftest.o
ranlib libconftest.a
/usr/bin/gcc -std=gnu99 -g -O2  -o conftest conftest.c -Wl,-force_load,./libconftest.a
ld: unknown option: -force_load
collect2: ld returned 1 exit status
configure:8327: result: no
configure:8366: checking for dlfcn.h
configure:8366: /usr/bin/gcc -std=gnu99 -c -g -O2  conftest.c >&5
configure:8366: $? = 0
configure:8366: result: yes
configure:8553: checking for objdir
configure:8568: result: .libs
configure:8835: checking if /usr/bin/gcc -std=gnu99 supports -fno-rtti -fno-exceptions
configure:8853: /usr/bin/gcc -std=gnu99 -c -g -O2  -fno-rtti -fno-exceptions conftest.c >&5
cc1: warning: command line option "-fno-rtti" is valid for C++/ObjC++ but not for C
configure:8857: $? = 0
configure:8870: result: no
configure:9180: checking for /usr/bin/gcc -std=gnu99 option to produce PIC
configure:9187: result: -fno-common -DPIC
configure:9195: checking if /usr/bin/gcc -std=gnu99 PIC flag -fno-common -DPIC works
configure:9213: /usr/bin/gcc -std=gnu99 -c -g -O2  -fno-common -DPIC -DPIC conftest.c >&5
configure:9217: $? = 0
configure:9230: result: yes
configure:9259: checking if /usr/bin/gcc -std=gnu99 static flag -static works
configure:9287: result: no
configure:9302: checking if /usr/bin/gcc -std=gnu99 supports -c -o file.o
configure:9323: /usr/bin/gcc -std=gnu99 -c -g -O2  -o out/conftest2.o conftest.c >&5
configure:9327: $? = 0
configure:9349: result: yes
configure:9357: checking if /usr/bin/gcc -std=gnu99 supports -c -o file.o
configure:9404: result: yes
configure:9437: checking whether the /usr/bin/gcc -std=gnu99 linker (/usr/bin/ld) supports shared libraries
configure:10595: result: yes
configure:10840: checking dynamic linker characteristics
configure:11576: result: darwin10.4.0 dyld
configure:11683: checking how to hardcode library paths into programs
configure:11708: result: immediate
configure:12248: checking whether stripping libraries is possible
configure:12262: result: yes
configure:12288: checking if libtool supports shared libraries
configure:12290: result: yes
configure:12293: checking whether to build shared libraries
configure:12314: result: yes
configure:12317: checking whether to build static libraries
configure:12321: result: yes
configure:12360: checking for gawk
configure:12387: result: gawk
configure:12399: checking whether /usr/bin/gcc -std=gnu99 and cc understand -c and -o together
configure:12430: /usr/bin/gcc -std=gnu99 -c conftest.c -o conftest2.o >&5
configure:12434: $? = 0
configure:12440: /usr/bin/gcc -std=gnu99 -c conftest.c -o conftest2.o >&5
configure:12444: $? = 0
configure:12455: cc -c conftest.c >&5
configure:12459: $? = 0
configure:12467: cc -c conftest.c -o conftest2.o >&5
configure:12471: $? = 0
configure:12477: cc -c conftest.c -o conftest2.o >&5
configure:12481: $? = 0
configure:12499: result: yes
configure:12576: checking for pkg-config
configure:12606: result: /usr/bin/pkg-config
configure:12631: checking pkg-config is at least version 0.9.0
configure:12634: result: yes
configure:12695: checking for XAW6
configure:12702: $PKG_CONFIG --exists --print-errors "xproto x11 xext xextproto xt xmu"
configure:12705: $? = 0
configure:12718: $PKG_CONFIG --exists --print-errors "xproto x11 xext xextproto xt xmu"
configure:12721: $? = 0
configure:12775: result: yes
configure:12795: checking for XAW7
configure:12802: $PKG_CONFIG --exists --print-errors "xproto x11 xext xextproto xt xmu xpm"
configure:12805: $? = 0
configure:12818: $PKG_CONFIG --exists --print-errors "xproto x11 xext xextproto xt xmu xpm"
configure:12821: $? = 0
configure:12875: result: yes
configure:12900: checking for ANSI C header files
configure:13004: result: yes
configure:13015: checking wctype.h usability
configure:13015: /usr/bin/gcc -std=gnu99 -c -g -O2  conftest.c >&5
configure:13015: $? = 0
configure:13015: result: yes
configure:13015: checking wctype.h presence
configure:13015: /usr/bin/gcc -std=gnu99 -E  conftest.c
configure:13015: $? = 0
configure:13015: result: yes
configure:13015: checking for wctype.h
configure:13015: result: yes
configure:13015: checking wchar.h usability
configure:13015: /usr/bin/gcc -std=gnu99 -c -g -O2  conftest.c >&5
configure:13015: $? = 0
configure:13015: result: yes
configure:13015: checking wchar.h presence
configure:13015: /usr/bin/gcc -std=gnu99 -E  conftest.c
configure:13015: $? = 0
configure:13015: result: yes
configure:13015: checking for wchar.h
configure:13015: result: yes
configure:13015: checking widec.h usability
configure:13015: /usr/bin/gcc -std=gnu99 -c -g -O2  conftest.c >&5
conftest.c:62:19: error: widec.h: No such file or directory
configure:13015: $? = 1
configure: failed program was:
| /* confdefs.h */
| #define PACKAGE_NAME "libXaw"
| #define PACKAGE_TARNAME "libXaw"
| #define PACKAGE_VERSION "1.0.9"
| #define PACKAGE_STRING "libXaw 1.0.9"
| #define PACKAGE_BUGREPORT "https://bugs.freedesktop.org/enter_bug.cgi?product=xorg"
| #define PACKAGE_URL ""
| #define PACKAGE "libXaw"
| #define VERSION "1.0.9"
| #define STDC_HEADERS 1
| #define HAVE_SYS_TYPES_H 1
| #define HAVE_SYS_STAT_H 1
| #define HAVE_STDLIB_H 1
| #define HAVE_STRING_H 1
| #define HAVE_MEMORY_H 1
| #define HAVE_STRINGS_H 1
| #define HAVE_INTTYPES_H 1
| #define HAVE_STDINT_H 1
| #define HAVE_UNISTD_H 1
| #define PACKAGE_VERSION_MAJOR 1
| #define PACKAGE_VERSION_MINOR 0
| #define PACKAGE_VERSION_PATCHLEVEL 9
| #define HAVE_DLFCN_H 1
| #define LT_OBJDIR ".libs/"
| #define STDC_HEADERS 1
| #define HAVE_WCTYPE_H 1
| #define HAVE_WCHAR_H 1
| /* end confdefs.h.  */
| #include <stdio.h>
| #ifdef HAVE_SYS_TYPES_H
| # include <sys/types.h>
| #endif
| #ifdef HAVE_SYS_STAT_H
| # include <sys/stat.h>
| #endif
| #ifdef STDC_HEADERS
| # include <stdlib.h>
| # include <stddef.h>
| #else
| # ifdef HAVE_STDLIB_H
| #  include <stdlib.h>
| # endif
| #endif
| #ifdef HAVE_STRING_H
| # if !defined STDC_HEADERS && defined HAVE_MEMORY_H
| #  include <memory.h>
| # endif
| # include <string.h>
| #endif
| #ifdef HAVE_STRINGS_H
| # include <strings.h>
| #endif
| #ifdef HAVE_INTTYPES_H
| # include <inttypes.h>
| #endif
| #ifdef HAVE_STDINT_H
| # include <stdint.h>
| #endif
| #ifdef HAVE_UNISTD_H
| # include <unistd.h>
| #endif
| #include <widec.h>
configure:13015: result: no
configure:13015: checking widec.h presence
configure:13015: /usr/bin/gcc -std=gnu99 -E  conftest.c
conftest.c:29:19: error: widec.h: No such file or directory
configure:13015: $? = 1
configure: failed program was:
| /* confdefs.h */
| #define PACKAGE_NAME "libXaw"
| #define PACKAGE_TARNAME "libXaw"
| #define PACKAGE_VERSION "1.0.9"
| #define PACKAGE_STRING "libXaw 1.0.9"
| #define PACKAGE_BUGREPORT "https://bugs.freedesktop.org/enter_bug.cgi?product=xorg"
| #define PACKAGE_URL ""
| #define PACKAGE "libXaw"
| #define VERSION "1.0.9"
| #define STDC_HEADERS 1
| #define HAVE_SYS_TYPES_H 1
| #define HAVE_SYS_STAT_H 1
| #define HAVE_STDLIB_H 1
| #define HAVE_STRING_H 1
| #define HAVE_MEMORY_H 1
| #define HAVE_STRINGS_H 1
| #define HAVE_INTTYPES_H 1
| #define HAVE_STDINT_H 1
| #define HAVE_UNISTD_H 1
| #define PACKAGE_VERSION_MAJOR 1
| #define PACKAGE_VERSION_MINOR 0
| #define PACKAGE_VERSION_PATCHLEVEL 9
| #define HAVE_DLFCN_H 1
| #define LT_OBJDIR ".libs/"
| #define STDC_HEADERS 1
| #define HAVE_WCTYPE_H 1
| #define HAVE_WCHAR_H 1
| /* end confdefs.h.  */
| #include <widec.h>
configure:13015: result: no
configure:13015: checking for widec.h
configure:13015: result: no
configure:13030: checking for iswalnum
configure:13030: /usr/bin/gcc -std=gnu99 -o conftest -g -O2   conftest.c  >&5
conftest.c:52: warning: conflicting types for built-in function 'iswalnum'
configure:13030: $? = 0
configure:13030: result: yes
configure:13030: checking for getpagesize
configure:13030: /usr/bin/gcc -std=gnu99 -o conftest -g -O2   conftest.c  >&5
configure:13030: $? = 0
configure:13030: result: yes
configure:13223: creating ./config.status

## ---------------------- ##
## Running config.status. ##
## ---------------------- ##

This file was extended by libXaw config.status 1.0.9, which was
generated by GNU Autoconf 2.68.  Invocation command line was

  CONFIG_FILES    = 
  CONFIG_HEADERS  = 
  CONFIG_LINKS    = 
  CONFIG_COMMANDS = 
  $ ./config.status 

on Chriss-iPad

config.status:1156: creating Makefile
config.status:1156: creating include/Makefile
config.status:1156: creating man/Makefile
config.status:1156: creating specs/Makefile
config.status:1156: creating src/Makefile
config.status:1156: creating xaw6.pc
config.status:1156: creating xaw7.pc
config.status:1156: creating config.h
config.status:1385: executing depfiles commands
config.status:1385: executing libtool commands
config.status:1385: executing libtool_hack commands

## ---------------- ##
## Cache variables. ##
## ---------------- ##

ac_cv_build=arm-apple-darwin10.4.0
ac_cv_c_compiler_gnu=yes
ac_cv_env_CC_set=set
ac_cv_env_CC_value=/usr/bin/gcc
ac_cv_env_CFLAGS_set=
ac_cv_env_CFLAGS_value=
ac_cv_env_CPPFLAGS_set=
ac_cv_env_CPPFLAGS_value=
ac_cv_env_CPP_set=
ac_cv_env_CPP_value=
ac_cv_env_FOP_set=
ac_cv_env_FOP_value=
ac_cv_env_LDFLAGS_set=
ac_cv_env_LDFLAGS_value=
ac_cv_env_LIBS_set=
ac_cv_env_LIBS_value=
ac_cv_env_PKG_CONFIG_set=
ac_cv_env_PKG_CONFIG_value=
ac_cv_env_XAW6_CFLAGS_set=
ac_cv_env_XAW6_CFLAGS_value=
ac_cv_env_XAW6_LIBS_set=
ac_cv_env_XAW6_LIBS_value=
ac_cv_env_XAW7_CFLAGS_set=
ac_cv_env_XAW7_CFLAGS_value=
ac_cv_env_XAW7_LIBS_set=
ac_cv_env_XAW7_LIBS_value=
ac_cv_env_XMLTO_set=
ac_cv_env_XMLTO_value=
ac_cv_env_build_alias_set=
ac_cv_env_build_alias_value=
ac_cv_env_host_alias_set=
ac_cv_env_host_alias_value=
ac_cv_env_target_alias_set=
ac_cv_env_target_alias_value=
ac_cv_func_getpagesize=yes
ac_cv_func_iswalnum=yes
ac_cv_header_dlfcn_h=yes
ac_cv_header_inttypes_h=yes
ac_cv_header_memory_h=yes
ac_cv_header_stdc=yes
ac_cv_header_stdint_h=yes
ac_cv_header_stdlib_h=yes
ac_cv_header_string_h=yes
ac_cv_header_strings_h=yes
ac_cv_header_sys_stat_h=yes
ac_cv_header_sys_types_h=yes
ac_cv_header_unistd_h=yes
ac_cv_header_wchar_h=yes
ac_cv_header_wctype_h=yes
ac_cv_header_widec_h=no
ac_cv_host=arm-apple-darwin10.4.0
ac_cv_objext=o
ac_cv_path_EGREP='/bin/grep -E'
ac_cv_path_FGREP='/bin/grep -F'
ac_cv_path_GREP=/bin/grep
ac_cv_path_SED=/bin/sed
ac_cv_path_ac_pt_PKG_CONFIG=/usr/bin/pkg-config
ac_cv_path_install='/usr/bin/install -c'
ac_cv_path_mkdir=/bin/mkdir
ac_cv_prog_AWK=gawk
ac_cv_prog_CPP='/usr/bin/gcc -std=gnu99 -E'
ac_cv_prog_ac_ct_AR=ar
ac_cv_prog_ac_ct_CC=/usr/bin/gcc
ac_cv_prog_ac_ct_LIPO=lipo
ac_cv_prog_ac_ct_NMEDIT=nmedit
ac_cv_prog_ac_ct_OBJDUMP=objdump
ac_cv_prog_ac_ct_OTOOL64=otool64
ac_cv_prog_ac_ct_OTOOL=otool
ac_cv_prog_ac_ct_RANLIB=ranlib
ac_cv_prog_ac_ct_STRIP=strip
ac_cv_prog_cc__usr_bin_gcc_c_o=yes
ac_cv_prog_cc_c89=
ac_cv_prog_cc_c99=-std=gnu99
ac_cv_prog_cc_g=yes
ac_cv_prog_make_make_set=yes
am_cv_CC_dependencies_compiler_type=gcc3
lt_cv_apple_cc_single_mod=yes
lt_cv_ar_at_file=no
lt_cv_deplibs_check_method=pass_all
lt_cv_file_magic_cmd='$MAGIC_CMD'
lt_cv_file_magic_test_file=
lt_cv_ld_exported_symbols_list=yes
lt_cv_ld_force_load=no
lt_cv_ld_reload_flag=-r
lt_cv_nm_interface='BSD nm'
lt_cv_objdir=.libs
lt_cv_path_LD=/usr/bin/ld
lt_cv_path_NM='/usr/bin/nm -p'
lt_cv_path_mainfest_tool=no
lt_cv_prog_compiler_c_o=yes
lt_cv_prog_compiler_pic='-fno-common -DPIC'
lt_cv_prog_compiler_pic_works=yes
lt_cv_prog_compiler_rtti_exceptions=no
lt_cv_prog_compiler_static_works=no
lt_cv_prog_gnu_ld=no
lt_cv_sharedlib_from_linklib_cmd='printf %s\n'
lt_cv_sys_global_symbol_pipe='sed -n -e '\''s/^.*[	 ]\([BCDEGRST][BCDEGRST]*\)[	 ][	 ]*_\([_A-Za-z][_A-Za-z0-9]*\)$/\1 _\2 \2/p'\'' | sed '\''/ __gnu_lto/d'\'''
lt_cv_sys_global_symbol_to_c_name_address='sed -n -e '\''s/^: \([^ ]*\)[ ]*$/  {\"\1\", (void *) 0},/p'\'' -e '\''s/^[BCDEGRST]* \([^ ]*\) \([^ ]*\)$/  {"\2", (void *) \&\2},/p'\'''
lt_cv_sys_global_symbol_to_c_name_address_lib_prefix='sed -n -e '\''s/^: \([^ ]*\)[ ]*$/  {\"\1\", (void *) 0},/p'\'' -e '\''s/^[BCDEGRST]* \([^ ]*\) \(lib[^ ]*\)$/  {"\2", (void *) \&\2},/p'\'' -e '\''s/^[BCDEGRST]* \([^ ]*\) \([^ ]*\)$/  {"lib\2", (void *) \&\2},/p'\'''
lt_cv_sys_global_symbol_to_cdecl='sed -n -e '\''s/^T .* \(.*\)$/extern int \1();/p'\'' -e '\''s/^[BCDEGRST]* .* \(.*\)$/extern char \1;/p'\'''
lt_cv_sys_max_cmd_len=196608
lt_cv_to_host_file_cmd=func_convert_file_noop
lt_cv_to_tool_file_cmd=func_convert_file_noop
pkg_cv_XAW6_CFLAGS=' '
pkg_cv_XAW6_LIBS='-lXext -lXmu -lXt -lX11 -lSM -lICE  '
pkg_cv_XAW7_CFLAGS=' '
pkg_cv_XAW7_LIBS='-L/usr/local/lib -lXext -lXmu -lXt -lSM -lICE -lXpm -lX11  '

## ----------------- ##
## Output variables. ##
## ----------------- ##

ACLOCAL='${SHELL} /home/chris/libXaw-1.0.9/missing --run aclocal-1.11'
ADMIN_MAN_DIR='$(mandir)/man$(ADMIN_MAN_SUFFIX)'
ADMIN_MAN_SUFFIX='8'
AMDEPBACKSLASH='\'
AMDEP_FALSE='#'
AMDEP_TRUE=''
AMTAR='${SHELL} /home/chris/libXaw-1.0.9/missing --run tar'
AM_BACKSLASH='\'
AM_DEFAULT_VERBOSITY='0'
APP_MAN_DIR='$(mandir)/man$(APP_MAN_SUFFIX)'
APP_MAN_SUFFIX='1'
AR='ar'
AUTOCONF='${SHELL} /home/chris/libXaw-1.0.9/missing --run autoconf'
AUTOHEADER='${SHELL} /home/chris/libXaw-1.0.9/missing --run autoheader'
AUTOMAKE='${SHELL} /home/chris/libXaw-1.0.9/missing --run automake-1.11'
AWK='gawk'
BUILD_XAW6_FALSE='#'
BUILD_XAW6_TRUE=''
BUILD_XAW7_FALSE='#'
BUILD_XAW7_TRUE=''
CC='/usr/bin/gcc -std=gnu99'
CCDEPMODE='depmode=gcc3'
CFLAGS='-g -O2'
CHANGELOG_CMD='(GIT_DIR=$(top_srcdir)/.git git log > $(top_srcdir)/.changelog.tmp && mv $(top_srcdir)/.changelog.tmp $(top_srcdir)/ChangeLog) || (rm -f $(top_srcdir)/.changelog.tmp; touch $(top_srcdir)/ChangeLog; echo '\''git directory not found: installing possibly empty changelog.'\'' >&2)'
CPP='/usr/bin/gcc -std=gnu99 -E'
CPPFLAGS=''
CWARNFLAGS='-Wall -Wpointer-arith -Wstrict-prototypes -Wmissing-prototypes -Wmissing-declarations -Wnested-externs -fno-strict-aliasing -Wbad-function-cast -Wformat=2 -Wold-style-definition -Wdeclaration-after-statement '
CYGPATH_W='echo'
DEFS='-DHAVE_CONFIG_H'
DEPDIR='.deps'
DLLTOOL='false'
DRIVER_MAN_DIR='$(mandir)/man$(DRIVER_MAN_SUFFIX)'
DRIVER_MAN_SUFFIX='4'
DSYMUTIL=':'
DUMPBIN=''
ECHO_C=''
ECHO_N='-n'
ECHO_T=''
EGREP='/bin/grep -E'
ENABLE_SPECS_FALSE='#'
ENABLE_SPECS_TRUE=''
EXEEXT=''
FGREP='/bin/grep -F'
FILE_MAN_DIR='$(mandir)/man$(FILE_MAN_SUFFIX)'
FILE_MAN_SUFFIX='5'
FOP=''
GREP='/bin/grep'
HAVE_FOP_FALSE=''
HAVE_FOP_TRUE='#'
HAVE_STYLESHEETS_FALSE=''
HAVE_STYLESHEETS_TRUE='#'
HAVE_XMLTO_FALSE=''
HAVE_XMLTO_TEXT_FALSE=''
HAVE_XMLTO_TEXT_TRUE='#'
HAVE_XMLTO_TRUE='#'
INSTALL_CMD='(cp -f /INSTALL $(top_srcdir)/.INSTALL.tmp && mv $(top_srcdir)/.INSTALL.tmp $(top_srcdir)/INSTALL) || (rm -f $(top_srcdir)/.INSTALL.tmp; touch $(top_srcdir)/INSTALL; echo '\''util-macros "pkgdatadir" from xorg-macros.pc not found: installing possibly empty INSTALL.'\'' >&2)'
INSTALL_DATA='${INSTALL} -m 644'
INSTALL_PROGRAM='${INSTALL}'
INSTALL_SCRIPT='${INSTALL}'
INSTALL_STRIP_PROGRAM='$(install_sh) -c -s'
LD='/usr/bin/ld'
LDFLAGS=''
LIBEXT='dylib'
LIBOBJS=''
LIBS=''
LIBTOOL='$(SHELL) $(top_builddir)/libtool'
LIB_MAN_DIR='$(mandir)/man$(LIB_MAN_SUFFIX)'
LIB_MAN_SUFFIX='3'
LIPO='lipo'
LN_S='ln -s'
LTLIBOBJS=''
MAINT='#'
MAINTAINER_MODE_FALSE=''
MAINTAINER_MODE_TRUE='#'
MAKEINFO='${SHELL} /home/chris/libXaw-1.0.9/missing --run makeinfo'
MANIFEST_TOOL=':'
MAN_SUBSTS='	-e '\''s|__vendorversion__|"$(PACKAGE_STRING)" "$(XORG_MAN_PAGE)"|'\'' 	-e '\''s|__xorgversion__|"$(PACKAGE_STRING)" "$(XORG_MAN_PAGE)"|'\'' 	-e '\''s|__xservername__|Xorg|g'\'' 	-e '\''s|__xconfigfile__|xorg.conf|g'\'' 	-e '\''s|__projectroot__|$(prefix)|g'\'' 	-e '\''s|__apploaddir__|$(appdefaultdir)|g'\'' 	-e '\''s|__appmansuffix__|$(APP_MAN_SUFFIX)|g'\'' 	-e '\''s|__drivermansuffix__|$(DRIVER_MAN_SUFFIX)|g'\'' 	-e '\''s|__adminmansuffix__|$(ADMIN_MAN_SUFFIX)|g'\'' 	-e '\''s|__libmansuffix__|$(LIB_MAN_SUFFIX)|g'\'' 	-e '\''s|__miscmansuffix__|$(MISC_MAN_SUFFIX)|g'\'' 	-e '\''s|__filemansuffix__|$(FILE_MAN_SUFFIX)|g'\'''
MISC_MAN_DIR='$(mandir)/man$(MISC_MAN_SUFFIX)'
MISC_MAN_SUFFIX='7'
MKDIR_P='/bin/mkdir -p'
NM='/usr/bin/nm -p'
NMEDIT='nmedit'
OBJDUMP='objdump'
OBJEXT='o'
OTOOL64='otool64'
OTOOL='otool'
PACKAGE='libXaw'
PACKAGE_BUGREPORT='https://bugs.freedesktop.org/enter_bug.cgi?product=xorg'
PACKAGE_NAME='libXaw'
PACKAGE_STRING='libXaw 1.0.9'
PACKAGE_TARNAME='libXaw'
PACKAGE_URL=''
PACKAGE_VERSION='1.0.9'
PATH_SEPARATOR=':'
PKG_CONFIG='/usr/bin/pkg-config'
PLATFORM_DARWIN_FALSE='#'
PLATFORM_DARWIN_TRUE=''
PLATFORM_WIN32_FALSE=''
PLATFORM_WIN32_TRUE='#'
RANLIB='ranlib'
SED='/bin/sed'
SET_MAKE=''
SHELL='/bin/sh'
STRIP='strip'
STYLESHEET_SRCDIR=''
VERSION='1.0.9'
XAW6_CFLAGS=' '
XAW6_LIBS='-lXext -lXmu -lXt -lX11 -lSM -lICE  '
XAW7_CFLAGS=' '
XAW7_LIBS='-L/usr/local/lib -lXext -lXmu -lXt -lSM -lICE -lXpm -lX11  '
XMLTO=''
XORG_MAN_PAGE='X Version 11'
XORG_SGML_PATH=''
XSL_STYLESHEET=''
ac_ct_AR='ar'
ac_ct_CC='/usr/bin/gcc'
ac_ct_DUMPBIN=''
am__EXEEXT_FALSE=''
am__EXEEXT_TRUE='#'
am__fastdepCC_FALSE='#'
am__fastdepCC_TRUE=''
am__include='include'
am__isrc=''
am__leading_dot='.'
am__quote=''
am__tar='${AMTAR} chof - "$$tardir"'
am__untar='${AMTAR} xf -'
bindir='${exec_prefix}/bin'
build='arm-apple-darwin10.4.0'
build_alias=''
build_cpu='arm'
build_os='darwin10.4.0'
build_vendor='apple'
datadir='${datarootdir}'
datarootdir='${prefix}/share'
docdir='${datarootdir}/doc/${PACKAGE_TARNAME}'
dvidir='${docdir}'
exec_prefix='${prefix}'
host='arm-apple-darwin10.4.0'
host_alias=''
host_cpu='arm'
host_os='darwin10.4.0'
host_vendor='apple'
htmldir='${docdir}'
includedir='${prefix}/include'
infodir='${datarootdir}/info'
install_sh='${SHELL} /home/chris/libXaw-1.0.9/install-sh'
libdir='${exec_prefix}/lib'
libexecdir='${exec_prefix}/libexec'
localedir='${datarootdir}/locale'
localstatedir='${prefix}/var'
mandir='${datarootdir}/man'
mkdir_p='/bin/mkdir -p'
oldincludedir='/usr/include'
pdfdir='${docdir}'
prefix='/usr/local'
program_transform_name='s,x,x,'
psdir='${docdir}'
sbindir='${exec_prefix}/sbin'
sharedstatedir='${prefix}/com'
sysconfdir='${prefix}/etc'
target_alias=''

## ----------- ##
## confdefs.h. ##
## ----------- ##

/* confdefs.h */
#define PACKAGE_NAME "libXaw"
#define PACKAGE_TARNAME "libXaw"
#define PACKAGE_VERSION "1.0.9"
#define PACKAGE_STRING "libXaw 1.0.9"
#define PACKAGE_BUGREPORT "https://bugs.freedesktop.org/enter_bug.cgi?product=xorg"
#define PACKAGE_URL ""
#define PACKAGE "libXaw"
#define VERSION "1.0.9"
#define STDC_HEADERS 1
#define HAVE_SYS_TYPES_H 1
#define HAVE_SYS_STAT_H 1
#define HAVE_STDLIB_H 1
#define HAVE_STRING_H 1
#define HAVE_MEMORY_H 1
#define HAVE_STRINGS_H 1
#define HAVE_INTTYPES_H 1
#define HAVE_STDINT_H 1
#define HAVE_UNISTD_H 1
#define PACKAGE_VERSION_MAJOR 1
#define PACKAGE_VERSION_MINOR 0
#define PACKAGE_VERSION_PATCHLEVEL 9
#define HAVE_DLFCN_H 1
#define LT_OBJDIR ".libs/"
#define STDC_HEADERS 1
#define HAVE_WCTYPE_H 1
#define HAVE_WCHAR_H 1
#define HAVE_ISWALNUM 1
#define HAVE_GETPAGESIZE 1

configure: exit 0
