...found 68 targets...
...found 9 targets...
...updating 1 target...
darwin.link bin.v2/libs/locale/build/darwin-4.2.1/debug/has_iconv
Undefined symbols:
  "_iconv_open", referenced from:
      _main in has_iconv_libc_obj.o
ld: symbol(s) not found
collect2: ld returned 1 exit status

    "g++"  -o "bin.v2/libs/locale/build/darwin-4.2.1/debug/has_iconv" "bin.v2/libs/locale/build/darwin-4.2.1/debug/has_iconv_libc_obj.o"       -g 
       

...failed darwin.link bin.v2/libs/locale/build/darwin-4.2.1/debug/has_iconv...
...failed updating 1 target...
...found 2 targets...
...updating 1 target...
darwin.link bin.v2/libs/locale/build/darwin-4.2.1/debug/has_external_iconv
Undefined symbols:
  "_iconv_open", referenced from:
      _main in has_iconv_libc_ext.o
ld: symbol(s) not found
collect2: ld returned 1 exit status

    "g++"  -o "bin.v2/libs/locale/build/darwin-4.2.1/debug/has_external_iconv" "bin.v2/libs/locale/build/darwin-4.2.1/debug/has_iconv_libc_ext.o"   -liconv    -g 
       

...failed darwin.link bin.v2/libs/locale/build/darwin-4.2.1/debug/has_external_iconv...
...failed updating 1 target...
...found 9 targets...
...found 7 targets...
...found 47 targets...
