This file contains any messages produced by compilers while
running configure, to aid debugging if configure makes a mistake.

It was created by GNU Classpath configure 0.98, which was
generated by GNU Autoconf 2.63.  Invocation command line was

  $ ./configure 

## --------- ##
## Platform. ##
## --------- ##

hostname = Chriss-iPad
uname -m = iPad1,1
uname -r = 11.0.0
uname -s = Darwin
uname -v = Darwin Kernel Version 11.0.0: Sun Apr  8 21:51:26 PDT 2012; root:xnu-1878.11.10~1/RELEASE_ARM_S5L8930X

/usr/bin/uname -p = unknown
/bin/uname -X     = unknown

/bin/arch              = unknown
/usr/bin/arch -k       = unknown
/usr/convex/getsysinfo = unknown
/usr/bin/hostinfo      = Mach kernel version:
	 Darwin Kernel Version 11.0.0: Sun Apr  8 21:51:26 PDT 2012; root:xnu-1878.11.10~1/RELEASE_ARM_S5L8930X
Kernel configured for a single processor only.
1 processor is physically available.
1 processor is logically available.
Processor type: armv7 (arm v7)
Processor active: 0
Primary memory available: 246.98 megabytes
Default processor set: 37 tasks, 268 threads, 1 processors
Load average: 2.24, Mach factor: 0.26
/bin/machine           = unknown
/usr/bin/oslevel       = unknown
/bin/universe          = unknown

PATH: /usr/local/sbin
PATH: /usr/local/bin
PATH: /usr/sbin
PATH: /usr/bin
PATH: /sbin
PATH: /bin
PATH: /usr/bin/X11
PATH: /usr/games
PATH: /usr/local/Gambit-C/bin


## ----------- ##
## Core tests. ##
## ----------- ##

configure:2352: checking build system type
configure:2370: result: arm-apple-darwin11.0.0
configure:2392: checking host system type
configure:2407: result: arm-apple-darwin11.0.0
configure:2429: checking target system type
configure:2444: result: arm-apple-darwin11.0.0
configure:2509: checking for a BSD-compatible install
configure:2577: result: /usr/bin/install -c
configure:2588: checking whether build environment is sane
configure:2631: result: yes
configure:2656: checking for a thread-safe mkdir -p
configure:2695: result: /bin/mkdir -p
configure:2708: checking for gawk
configure:2724: found /usr/bin/gawk
configure:2735: result: gawk
configure:2746: checking whether make sets $(MAKE)
configure:2768: result: yes
configure:2947: checking how to create a ustar tar archive
configure:2960: tar --version
tar (GNU tar) 1.22
Copyright (C) 2009 Free Software Foundation, Inc.
License GPLv3+: GNU GPL version 3 or later <http://gnu.org/licenses/gpl.html>.
This is free software: you are free to change and redistribute it.
There is NO WARRANTY, to the extent permitted by law.

Written by John Gilmore and Jay Fenlason.
configure:2963: $? = 0
configure:3003: tardir=conftest.dir && eval tar --format=ustar -chf - "$tardir" >conftest.tar
configure:3006: $? = 0
configure:3010: tar -xf - <conftest.tar
configure:3013: $? = 0
configure:3026: result: gnutar
configure:3225: checking for style of include used by make
configure:3253: result: GNU
configure:3323: checking for gcc
configure:3350: result: /usr/bin/gcc
configure:3582: checking for C compiler version
configure:3590: /usr/bin/gcc --version >&5
gcc (GCC) 4.2.1 (Based on Apple Inc. build 5555)
Copyright (C) 2007 Free Software Foundation, Inc.
This is free software; see the source for copying conditions.  There is NO
warranty; not even for MERCHANTABILITY or FITNESS FOR A PARTICULAR PURPOSE.

configure:3594: $? = 0
configure:3601: /usr/bin/gcc -v >&5
Using built-in specs.
Target: arm-apple-darwin9
Configured with: ../llvm-gcc-4.2/configure --build=x86_64-unknown-linux-gnu --host=arm-apple-darwin9 --enable-static=no --enable-shared=yes --prefix=/usr --localstatedir=/var/cache/iphone-gcc --enable-languages=c,c++,objc,obj-c++ --enable-wchar_t=no --with-gxx-include-dir=/usr/include/c++/4.0.0
Thread model: posix
gcc version 4.2.1 (Based on Apple Inc. build 5555)
configure:3605: $? = 0
configure:3612: /usr/bin/gcc -V >&5
gcc: '-V' option must have argument
configure:3616: $? = 1
configure:3639: checking for C compiler default output file name
configure:3661: /usr/bin/gcc    conftest.c  >&5
configure:3665: $? = 0
configure:3703: result: a.out
configure:3722: checking whether the C compiler works
configure:3732: ./a.out
./configure: line 3734:  1538 Killed: 9               ./$ac_file
configure:3736: $? = 137
configure:3743: error: in `/home/chris/DEV/classpath-0.98':
configure:3747: error: cannot run C compiled programs.
If you meant to cross compile, use `--host'.
See `config.log' for more details.

## ---------------- ##
## Cache variables. ##
## ---------------- ##

ac_cv_build=arm-apple-darwin11.0.0
ac_cv_env_CCC_set=
ac_cv_env_CCC_value=
ac_cv_env_CC_set=set
ac_cv_env_CC_value=/usr/bin/gcc
ac_cv_env_CFLAGS_set=
ac_cv_env_CFLAGS_value=
ac_cv_env_CPPFLAGS_set=
ac_cv_env_CPPFLAGS_value=
ac_cv_env_CPP_set=
ac_cv_env_CPP_value=
ac_cv_env_CXXCPP_set=
ac_cv_env_CXXCPP_value=
ac_cv_env_CXXFLAGS_set=
ac_cv_env_CXXFLAGS_value=
ac_cv_env_CXX_set=
ac_cv_env_CXX_value=
ac_cv_env_F77_set=
ac_cv_env_F77_value=
ac_cv_env_FFLAGS_set=
ac_cv_env_FFLAGS_value=
ac_cv_env_LDFLAGS_set=
ac_cv_env_LDFLAGS_value=
ac_cv_env_LIBS_set=
ac_cv_env_LIBS_value=
ac_cv_env_XMKMF_set=
ac_cv_env_XMKMF_value=
ac_cv_env_build_alias_set=
ac_cv_env_build_alias_value=
ac_cv_env_host_alias_set=
ac_cv_env_host_alias_value=
ac_cv_env_target_alias_set=
ac_cv_env_target_alias_value=
ac_cv_host=arm-apple-darwin11.0.0
ac_cv_path_install='/usr/bin/install -c'
ac_cv_path_mkdir=/bin/mkdir
ac_cv_prog_AWK=gawk
ac_cv_prog_ac_ct_CC=/usr/bin/gcc
ac_cv_prog_make_make_set=yes
ac_cv_target=arm-apple-darwin11.0.0
am_cv_prog_tar_ustar=gnutar

## ----------------- ##
## Output variables. ##
## ----------------- ##

ACLOCAL='${SHELL} /home/chris/DEV/classpath-0.98/missing --run aclocal-1.10'
AMDEPBACKSLASH='\'
AMDEP_FALSE='#'
AMDEP_TRUE=''
AMTAR='${SHELL} /home/chris/DEV/classpath-0.98/missing --run tar'
ANTLR=''
ANTLR_JAR=''
AR=''
AUTOCONF='${SHELL} /home/chris/DEV/classpath-0.98/missing --run autoconf'
AUTOHEADER='${SHELL} /home/chris/DEV/classpath-0.98/missing --run autoheader'
AUTOMAKE='${SHELL} /home/chris/DEV/classpath-0.98/missing --run automake-1.10'
AWK='gawk'
BUILD_CLASS_FILES_FALSE=''
BUILD_CLASS_FILES_TRUE=''
CAIRO_CFLAGS=''
CAIRO_LIBS=''
CC='/usr/bin/gcc'
CCDEPMODE=''
CFLAGS=''
CLASSPATH_CONVENIENCE='-no-undefined'
CLASSPATH_INCLUDES=''
CLASSPATH_MODULE=' -version-info 0:0:0 -no-undefined'
COLLECTIONS_PREFIX=''
CP=''
CPP=''
CPPFLAGS=''
CREATE_ALSA_LIBRARIES_FALSE=''
CREATE_ALSA_LIBRARIES_TRUE=''
CREATE_API_DOCS_FALSE=''
CREATE_API_DOCS_TRUE=''
CREATE_COLLECTIONS_FALSE=''
CREATE_COLLECTIONS_TRUE='#'
CREATE_CORE_JNI_LIBRARIES_FALSE='#'
CREATE_CORE_JNI_LIBRARIES_TRUE=''
CREATE_DSSI_LIBRARIES_FALSE=''
CREATE_DSSI_LIBRARIES_TRUE=''
CREATE_GCONF_PEER_LIBRARIES_FALSE='#'
CREATE_GCONF_PEER_LIBRARIES_TRUE=''
CREATE_GJDOC_FALSE=''
CREATE_GJDOC_PARSER_FALSE=''
CREATE_GJDOC_PARSER_TRUE=''
CREATE_GJDOC_TRUE=''
CREATE_GMPBI_LIBRARY_FALSE=''
CREATE_GMPBI_LIBRARY_TRUE=''
CREATE_GSTREAMER_PEER_LIBRARIES_FALSE=''
CREATE_GSTREAMER_PEER_LIBRARIES_TRUE='#'
CREATE_GTK_PEER_LIBRARIES_FALSE=''
CREATE_GTK_PEER_LIBRARIES_TRUE=''
CREATE_JNI_HEADERS_FALSE=''
CREATE_JNI_HEADERS_TRUE=''
CREATE_JNI_LIBRARIES_FALSE='#'
CREATE_JNI_LIBRARIES_TRUE=''
CREATE_PLUGIN_FALSE=''
CREATE_PLUGIN_TRUE=''
CREATE_QT_PEER_LIBRARIES_FALSE=''
CREATE_QT_PEER_LIBRARIES_TRUE=''
CREATE_WRAPPERS_FALSE=''
CREATE_WRAPPERS_TRUE=''
CREATE_XMLJ_LIBRARY_FALSE=''
CREATE_XMLJ_LIBRARY_TRUE='#'
CXX=''
CXXCPP=''
CXXDEPMODE=''
CXXFLAGS=''
CYGPATH_W='echo'
DATE=''
DEFAULT_PREFS_PEER='gnu.java.util.prefs.GConfBasedFactory'
DEFS=''
DEPDIR='.deps'
DSYMUTIL=''
ECHO='echo'
ECHO_C=''
ECHO_N='-n'
ECHO_T=''
ECJ_JAR=''
EGREP=''
ENABLE_LOCAL_SOCKETS_FALSE=''
ENABLE_LOCAL_SOCKETS_TRUE=''
ERROR_CFLAGS=''
EXAMPLESDIR=''
EXEEXT=''
EXTRA_CFLAGS=''
F77=''
FFLAGS=''
FIND=''
FREETYPE2_CFLAGS=''
FREETYPE2_LIBS=''
GCJ_JAVAC_FALSE=''
GCJ_JAVAC_TRUE=''
GCONF_CFLAGS=''
GCONF_LIBS=''
GDK_CFLAGS=''
GDK_LIBS=''
GJDOC=''
GLIB_CFLAGS=''
GLIB_LIBS=''
GMP_CFLAGS=''
GMP_LIBS=''
GREP=''
GSTREAMER_BASE_CFLAGS=''
GSTREAMER_BASE_LIBS=''
GSTREAMER_CFLAGS=''
GSTREAMER_FILE_READER=''
GSTREAMER_LIBS=''
GSTREAMER_MIXER_PROVIDER=''
GSTREAMER_PLUGINS_BASE_CFLAGS=''
GSTREAMER_PLUGINS_BASE_LIBS=''
GST_PLUGIN_LDFLAGS=''
GTK_CFLAGS=''
GTK_LIBS=''
INIT_LOAD_LIBRARY=''
INSTALL_CLASS_FILES_FALSE=''
INSTALL_CLASS_FILES_TRUE=''
INSTALL_DATA='${INSTALL} -m 644'
INSTALL_GLIBJ_ZIP_FALSE=''
INSTALL_GLIBJ_ZIP_TRUE=''
INSTALL_PROGRAM='${INSTALL}'
INSTALL_SCRIPT='${INSTALL}'
INSTALL_STRIP_PROGRAM='$(install_sh) -c -s'
JAR=''
JAVA=''
JAVAC=''
JAVAC_IS_GCJ=''
JAVAC_MEM_OPT=''
JAVA_LANG_SYSTEM_EXPLICIT_INITIALIZATION=''
JAY=''
JAY_SKELETON=''
LDFLAGS=''
LIBDEBUG=''
LIBICONV=''
LIBMAGIC=''
LIBOBJS=''
LIBS=''
LIBTOOL=''
LIBVERSION='0:0:0'
LN_S=''
LTLIBICONV=''
LTLIBOBJS=''
MAINT=''
MAINTAINER_MODE_FALSE=''
MAINTAINER_MODE_TRUE=''
MAKEINFO='${SHELL} /home/chris/DEV/classpath-0.98/missing --run makeinfo'
MKDIR=''
MKDIR_P='/bin/mkdir -p'
MOC=''
MOZILLA_CFLAGS=''
MOZILLA_LIBS=''
NMEDIT=''
OBJEXT=''
PACKAGE='classpath'
PACKAGE_BUGREPORT='classpath@gnu.org'
PACKAGE_NAME='GNU Classpath'
PACKAGE_STRING='GNU Classpath 0.98'
PACKAGE_TARNAME='classpath'
PACKAGE_VERSION='0.98'
PANGOFT2_CFLAGS=''
PANGOFT2_LIBS=''
PATH_SEPARATOR=':'
PATH_TO_ESCHER=''
PATH_TO_GLIBJ_ZIP=''
PERL=''
PKG_CONFIG=''
PLUGIN_DIR=''
QT_CFLAGS=''
QT_LIBS=''
RANLIB=''
REGEN_PARSERS_FALSE=''
REGEN_PARSERS_TRUE=''
REMOVE=''
SED=''
SET_MAKE=''
SHELL='/bin/sh'
STRICT_WARNING_CFLAGS=''
STRIP=''
TOOLSDIR=''
USER_JAVAH=''
USE_ESCHER_FALSE=''
USE_ESCHER_TRUE=''
USE_PREBUILT_GLIBJ_ZIP_FALSE=''
USE_PREBUILT_GLIBJ_ZIP_TRUE=''
VERSION='0.98'
WANT_NATIVE_BIG_INTEGER=''
WARNING_CFLAGS=''
WITH_JAR_FALSE=''
WITH_JAR_TRUE=''
XMKMF=''
XML_CFLAGS=''
XML_LIBS=''
XSLT_CFLAGS=''
XSLT_LIBS=''
XTEST_LIBS=''
X_CFLAGS=''
X_EXTRA_LIBS=''
X_LIBS=''
X_PRE_LIBS=''
ZIP=''
ac_ct_ANTLR=''
ac_ct_CC='/usr/bin/gcc'
ac_ct_CXX=''
ac_ct_F77=''
am__fastdepCC_FALSE=''
am__fastdepCC_TRUE=''
am__fastdepCXX_FALSE=''
am__fastdepCXX_TRUE=''
am__include='include'
am__isrc=''
am__leading_dot='.'
am__quote=''
am__tar='tar --format=ustar -chf - "$$tardir"'
am__untar='tar -xf -'
bindir='${exec_prefix}/bin'
build='arm-apple-darwin11.0.0'
build_alias=''
build_cpu='arm'
build_os='darwin11.0.0'
build_vendor='apple'
datadir='${datarootdir}'
datarootdir='${prefix}/share'
default_toolkit='gnu.java.awt.peer.gtk.GtkToolkit'
docdir='${datarootdir}/doc/${PACKAGE_TARNAME}'
dvidir='${docdir}'
exec_prefix='NONE'
glibjdir=''
host='arm-apple-darwin11.0.0'
host_alias=''
host_cpu='arm'
host_os='darwin11.0.0'
host_vendor='apple'
htmldir='${docdir}'
includedir='${prefix}/include'
infodir='${datarootdir}/info'
install_sh='$(SHELL) /home/chris/DEV/classpath-0.98/install-sh'
libdir='${exec_prefix}/lib'
libexecdir='${exec_prefix}/libexec'
localedir='${datarootdir}/locale'
localstatedir='${prefix}/var'
mandir='${datarootdir}/man'
mkdir_p='/bin/mkdir -p'
nativeexeclibdir=''
oldincludedir='/usr/include'
pdfdir='${docdir}'
prefix='NONE'
program_transform_name='s,x,x,'
psdir='${docdir}'
sbindir='${exec_prefix}/sbin'
sharedstatedir='${prefix}/com'
sysconfdir='${prefix}/etc'
target='arm-apple-darwin11.0.0'
target_alias=''
target_cpu='arm'
target_os='darwin11.0.0'
target_vendor='apple'
uudecode=''
vm_classes=''

## ----------- ##
## confdefs.h. ##
## ----------- ##

#define PACKAGE_NAME "GNU Classpath"
#define PACKAGE_TARNAME "classpath"
#define PACKAGE_VERSION "0.98"
#define PACKAGE_STRING "GNU Classpath 0.98"
#define PACKAGE_BUGREPORT "classpath@gnu.org"
#define PACKAGE "classpath"
#define VERSION "0.98"

configure: exit 1
