This file contains any messages produced by compilers while
running configure, to aid debugging if configure makes a mistake.

It was created by libgsf configure 1.14.22, which was
generated by GNU Autoconf 2.68.  Invocation command line was

  $ ./configure 

## --------- ##
## Platform. ##
## --------- ##

hostname = Chriss-iPad
uname -m = iPad1,1
uname -r = 10.4.0
uname -s = Darwin
uname -v = Darwin Kernel Version 10.4.0: Wed Oct 20 20:14:45 PDT 2010; root:xnu-1504.58.28~3/RELEASE_ARM_S5L8930X

/usr/bin/uname -p = unknown
/bin/uname -X     = unknown

/bin/arch              = unknown
/usr/bin/arch -k       = unknown
/usr/convex/getsysinfo = unknown
/usr/bin/hostinfo      = Mach kernel version:
	 Darwin Kernel Version 10.4.0: Wed Oct 20 20:14:45 PDT 2010; root:xnu-1504.58.28~3/RELEASE_ARM_S5L8930X
Kernel configured for a single processor only.
1 processor is physically available.
1 processor is logically available.
Processor type: armv7 (arm v7)
Processor active: 0
Primary memory available: 247.00 megabytes
Default processor set: 45 tasks, 263 threads, 1 processors
Load average: 2.05, Mach factor: 0.28
/bin/machine           = unknown
/usr/bin/oslevel       = unknown
/bin/universe          = unknown

PATH: /usr/local/sbin
PATH: /usr/local/bin
PATH: /usr/sbin
PATH: /usr/bin
PATH: /sbin
PATH: /bin
PATH: /usr/bin/X11
PATH: /usr/games
PATH: /var/mobile/ocaml-3.12.0/bin


## ----------- ##
## Core tests. ##
## ----------- ##

configure:2713: checking for a BSD-compatible install
configure:2781: result: /usr/bin/install -c
configure:2792: checking whether build environment is sane
configure:2842: result: yes
configure:2983: checking for a thread-safe mkdir -p
configure:3022: result: /bin/mkdir -p
configure:3035: checking for gawk
configure:3051: found /usr/bin/gawk
configure:3062: result: gawk
configure:3073: checking whether make sets $(MAKE)
configure:3095: result: yes
configure:3179: checking whether to disable maintainer-specific portions of Makefiles
configure:3188: result: yes
configure:3266: checking for gcc
configure:3293: result: /usr/bin/gcc
configure:3522: checking for C compiler version
configure:3531: /usr/bin/gcc --version >&5
gcc (GCC) 4.2.1 (Based on Apple Inc. build 5555)
Copyright (C) 2007 Free Software Foundation, Inc.
This is free software; see the source for copying conditions.  There is NO
warranty; not even for MERCHANTABILITY or FITNESS FOR A PARTICULAR PURPOSE.

configure:3542: $? = 0
configure:3531: /usr/bin/gcc -v >&5
Using built-in specs.
Target: arm-apple-darwin9
Configured with: ../llvm-gcc-4.2/configure --build=x86_64-unknown-linux-gnu --host=arm-apple-darwin9 --enable-static=no --enable-shared=yes --prefix=/usr --localstatedir=/var/cache/iphone-gcc --enable-languages=c,c++,objc,obj-c++ --enable-wchar_t=no --with-gxx-include-dir=/usr/include/c++/4.0.0
Thread model: posix
gcc version 4.2.1 (Based on Apple Inc. build 5555)
configure:3542: $? = 0
configure:3531: /usr/bin/gcc -V >&5
gcc: '-V' option must have argument
configure:3542: $? = 1
configure:3531: /usr/bin/gcc -qversion >&5
gcc: no input files
configure:3542: $? = 1
configure:3562: checking whether the C compiler works
configure:3584: /usr/bin/gcc    conftest.c  >&5
configure:3588: $? = 0
configure:3636: result: yes
configure:3639: checking for C compiler default output file name
configure:3641: result: a.out
configure:3647: checking for suffix of executables
configure:3654: /usr/bin/gcc -o conftest    conftest.c  >&5
configure:3658: $? = 0
configure:3680: result: 
configure:3702: checking whether we are cross compiling
configure:3710: /usr/bin/gcc -o conftest    conftest.c  >&5
configure:3714: $? = 0
configure:3721: ./conftest
configure:3725: $? = 0
configure:3740: result: no
configure:3745: checking for suffix of object files
configure:3767: /usr/bin/gcc -c   conftest.c >&5
configure:3771: $? = 0
configure:3792: result: o
configure:3796: checking whether we are using the GNU C compiler
configure:3815: /usr/bin/gcc -c   conftest.c >&5
configure:3815: $? = 0
configure:3824: result: yes
configure:3833: checking whether /usr/bin/gcc accepts -g
configure:3853: /usr/bin/gcc -c -g  conftest.c >&5
configure:3853: $? = 0
configure:3894: result: yes
configure:3911: checking for /usr/bin/gcc option to accept ISO C89
configure:3975: /usr/bin/gcc  -c -g -O2  conftest.c >&5
configure:3975: $? = 0
configure:3988: result: none needed
configure:4019: checking for style of include used by make
configure:4047: result: GNU
configure:4072: checking dependency style of /usr/bin/gcc
configure:4182: result: gcc3
configure:4197: checking whether make sets $(MAKE)
configure:4219: result: yes
configure:4232: checking build system type
configure:4246: result: arm-apple-darwin10.4.0
configure:4266: checking host system type
configure:4279: result: arm-apple-darwin10.4.0
configure:4627: checking for a sed that does not truncate output
configure:4691: result: /bin/sed
configure:4709: checking for grep that handles long lines and -e
configure:4767: result: /bin/grep
configure:4772: checking for egrep
configure:4834: result: /bin/grep -E
configure:4839: checking for fgrep
configure:4901: result: /bin/grep -F
configure:4936: checking for ld used by /usr/bin/gcc
configure:5003: result: /usr/bin/ld
configure:5010: checking if the linker (/usr/bin/ld) is GNU ld
configure:5025: result: no
configure:5037: checking for BSD- or MS-compatible name lister (nm)
configure:5086: result: /usr/bin/nm -p
configure:5204: checking the name lister (/usr/bin/nm -p) interface
configure:5211: /usr/bin/gcc -c -g -O2  conftest.c >&5
configure:5214: /usr/bin/nm -p "conftest.o"
configure:5217: output
00000000 D _some_variable
configure:5224: result: BSD nm
configure:5227: checking whether ln -s works
configure:5231: result: yes
configure:5239: checking the maximum length of command line arguments
configure:5359: result: 196608
configure:5376: checking whether the shell understands some XSI constructs
configure:5386: result: yes
configure:5390: checking whether the shell understands "+="
configure:5396: result: yes
configure:5431: checking for /usr/bin/ld option to reload object files
configure:5438: result: -r
configure:5507: checking for objdump
configure:5534: result: objdump
configure:5563: checking how to recognize dependent libraries
configure:5759: result: pass_all
configure:5819: checking for ar
configure:5835: found /usr/bin/ar
configure:5846: result: ar
configure:5924: checking for strip
configure:5940: found /usr/bin/strip
configure:5951: result: strip
configure:6023: checking for ranlib
configure:6039: found /usr/bin/ranlib
configure:6050: result: ranlib
configure:6140: checking command to parse /usr/bin/nm -p output from /usr/bin/gcc object
configure:6258: /usr/bin/gcc -c -g -O2  conftest.c >&5
configure:6261: $? = 0
configure:6265: /usr/bin/nm -p conftest.o \| sed -n -e 's/^.*[	 ]\([BCDEGRST][BCDEGRST]*\)[	 ][	 ]*\([_A-Za-z][_A-Za-z0-9]*\)$/\1 \2 \2/p' \> conftest.nm
configure:6268: $? = 0
cannot find nm_test_var in conftest.nm
configure:6258: /usr/bin/gcc -c -g -O2  conftest.c >&5
configure:6261: $? = 0
configure:6265: /usr/bin/nm -p conftest.o \| sed -n -e 's/^.*[	 ]\([BCDEGRST][BCDEGRST]*\)[	 ][	 ]*_\([_A-Za-z][_A-Za-z0-9]*\)$/\1 _\2 \2/p' \> conftest.nm
configure:6268: $? = 0
configure:6322: /usr/bin/gcc -o conftest -g -O2   conftest.c conftstm.o >&5
configure:6325: $? = 0
configure:6363: result: ok
configure:6628: checking for dsymutil
configure:6658: result: no
configure:6720: checking for nmedit
configure:6736: found /usr/bin/nmedit
configure:6747: result: nmedit
configure:6812: checking for lipo
configure:6828: found /usr/bin/lipo
configure:6839: result: lipo
configure:6904: checking for otool
configure:6920: found /usr/bin/otool
configure:6931: result: otool
configure:6996: checking for otool64
configure:7012: found /usr/bin/otool64
configure:7023: result: otool64
configure:7071: checking for -single_module linker flag
/usr/bin/gcc -g -O2  -o libconftest.dylib -dynamiclib -Wl,-single_module conftest.c
configure:7098: result: yes
configure:7100: checking for -exported_symbols_list linker flag
configure:7120: /usr/bin/gcc -o conftest -g -O2   -Wl,-exported_symbols_list,conftest.sym conftest.c  >&5
configure:7120: $? = 0
configure:7130: result: yes
configure:7172: checking how to run the C preprocessor
configure:7203: /usr/bin/gcc -E  conftest.c
configure:7203: $? = 0
configure:7217: /usr/bin/gcc -E  conftest.c
conftest.c:11:28: error: ac_nonexistent.h: No such file or directory
configure:7217: $? = 1
configure: failed program was:
| /* confdefs.h */
| #define PACKAGE_NAME "libgsf"
| #define PACKAGE_TARNAME "libgsf"
| #define PACKAGE_VERSION "1.14.22"
| #define PACKAGE_STRING "libgsf 1.14.22"
| #define PACKAGE_BUGREPORT "http://bugzilla.gnome.org/enter_bug.cgi?product=libgsf"
| #define PACKAGE_URL ""
| #define PACKAGE "libgsf"
| #define VERSION "1.14.22"
| /* end confdefs.h.  */
| #include <ac_nonexistent.h>
configure:7242: result: /usr/bin/gcc -E
configure:7262: /usr/bin/gcc -E  conftest.c
configure:7262: $? = 0
configure:7276: /usr/bin/gcc -E  conftest.c
conftest.c:11:28: error: ac_nonexistent.h: No such file or directory
configure:7276: $? = 1
configure: failed program was:
| /* confdefs.h */
| #define PACKAGE_NAME "libgsf"
| #define PACKAGE_TARNAME "libgsf"
| #define PACKAGE_VERSION "1.14.22"
| #define PACKAGE_STRING "libgsf 1.14.22"
| #define PACKAGE_BUGREPORT "http://bugzilla.gnome.org/enter_bug.cgi?product=libgsf"
| #define PACKAGE_URL ""
| #define PACKAGE "libgsf"
| #define VERSION "1.14.22"
| /* end confdefs.h.  */
| #include <ac_nonexistent.h>
configure:7305: checking for ANSI C header files
configure:7325: /usr/bin/gcc -c -g -O2  conftest.c >&5
configure:7325: $? = 0
configure:7398: /usr/bin/gcc -o conftest -g -O2   conftest.c  >&5
configure:7398: $? = 0
configure:7398: ./conftest
configure:7398: $? = 0
configure:7409: result: yes
configure:7422: checking for sys/types.h
configure:7422: /usr/bin/gcc -c -g -O2  conftest.c >&5
configure:7422: $? = 0
configure:7422: result: yes
configure:7422: checking for sys/stat.h
configure:7422: /usr/bin/gcc -c -g -O2  conftest.c >&5
configure:7422: $? = 0
configure:7422: result: yes
configure:7422: checking for stdlib.h
configure:7422: /usr/bin/gcc -c -g -O2  conftest.c >&5
configure:7422: $? = 0
configure:7422: result: yes
configure:7422: checking for string.h
configure:7422: /usr/bin/gcc -c -g -O2  conftest.c >&5
configure:7422: $? = 0
configure:7422: result: yes
configure:7422: checking for memory.h
configure:7422: /usr/bin/gcc -c -g -O2  conftest.c >&5
configure:7422: $? = 0
configure:7422: result: yes
configure:7422: checking for strings.h
configure:7422: /usr/bin/gcc -c -g -O2  conftest.c >&5
configure:7422: $? = 0
configure:7422: result: yes
configure:7422: checking for inttypes.h
configure:7422: /usr/bin/gcc -c -g -O2  conftest.c >&5
configure:7422: $? = 0
configure:7422: result: yes
configure:7422: checking for stdint.h
configure:7422: /usr/bin/gcc -c -g -O2  conftest.c >&5
configure:7422: $? = 0
configure:7422: result: yes
configure:7422: checking for unistd.h
configure:7422: /usr/bin/gcc -c -g -O2  conftest.c >&5
configure:7422: $? = 0
configure:7422: result: yes
configure:7436: checking for dlfcn.h
configure:7436: /usr/bin/gcc -c -g -O2  conftest.c >&5
configure:7436: $? = 0
configure:7436: result: yes
configure:7618: checking for objdir
configure:7633: result: .libs
configure:7929: checking if /usr/bin/gcc supports -fno-rtti -fno-exceptions
configure:7947: /usr/bin/gcc -c -g -O2  -fno-rtti -fno-exceptions conftest.c >&5
cc1: warning: command line option "-fno-rtti" is valid for C++/ObjC++ but not for C
configure:7951: $? = 0
configure:7964: result: no
configure:7984: checking for /usr/bin/gcc option to produce PIC
configure:8256: result: -fno-common -DPIC
configure:8268: checking if /usr/bin/gcc PIC flag -fno-common -DPIC works
configure:8286: /usr/bin/gcc -c -g -O2  -fno-common -DPIC -DPIC conftest.c >&5
configure:8290: $? = 0
configure:8303: result: yes
configure:8327: checking if /usr/bin/gcc static flag -static works
configure:8355: result: no
configure:8370: checking if /usr/bin/gcc supports -c -o file.o
configure:8391: /usr/bin/gcc -c -g -O2  -o out/conftest2.o conftest.c >&5
configure:8395: $? = 0
configure:8417: result: yes
configure:8425: checking if /usr/bin/gcc supports -c -o file.o
configure:8472: result: yes
configure:8505: checking whether the /usr/bin/gcc linker (/usr/bin/ld) supports shared libraries
configure:9492: result: yes
configure:9731: checking dynamic linker characteristics
configure:10382: result: darwin10.4.0 dyld
configure:10484: checking how to hardcode library paths into programs
configure:10509: result: immediate
configure:11029: checking whether stripping libraries is possible
configure:11043: result: yes
configure:11069: checking if libtool supports shared libraries
configure:11071: result: yes
configure:11074: checking whether to build shared libraries
configure:11095: result: yes
configure:11098: checking whether to build static libraries
configure:11102: result: yes
configure:11138: checking for _LARGEFILE_SOURCE value needed for large files
configure:11157: /usr/bin/gcc -o conftest -g -O2   conftest.c  >&5
configure:11157: $? = 0
configure:11185: result: no
configure:11213: checking for special C compiler options needed for large files
configure:11258: result: no
configure:11264: checking for _FILE_OFFSET_BITS value needed for large files
configure:11289: /usr/bin/gcc -c -g -O2  conftest.c >&5
configure:11289: $? = 0
configure:11321: result: no
configure:11406: checking for pkg-config
configure:11424: found /usr/bin/pkg-config
configure:11437: result: /usr/bin/pkg-config
configure:11448: checking whether NLS is requested
configure:11457: result: yes
configure:11472: checking for intltool >= 0.35.0
configure:11479: result: 0.50.0 found
configure:11487: checking for intltool-update
configure:11505: found /usr/local/bin/intltool-update
configure:11517: result: /usr/local/bin/intltool-update
configure:11527: checking for intltool-merge
configure:11545: found /usr/local/bin/intltool-merge
configure:11557: result: /usr/local/bin/intltool-merge
configure:11567: checking for intltool-extract
configure:11585: found /usr/local/bin/intltool-extract
configure:11597: result: /usr/local/bin/intltool-extract
configure:11728: checking for xgettext
configure:11746: found /usr/local/bin/xgettext
configure:11758: result: /usr/local/bin/xgettext
configure:11768: checking for msgmerge
configure:11786: found /usr/local/bin/msgmerge
configure:11798: result: /usr/local/bin/msgmerge
configure:11808: checking for msgfmt
configure:11826: found /usr/local/bin/msgfmt
configure:11838: result: /usr/local/bin/msgfmt
configure:11848: checking for gmsgfmt
configure:11879: result: /usr/local/bin/msgfmt
configure:11899: checking for perl
configure:11917: found /usr/local/bin/perl
configure:11929: result: /usr/local/bin/perl
configure:11940: checking for perl >= 5.8.1
configure:11947: result: 5.14.1
configure:11951: checking for XML::Parser
configure:11954: result: ok
configure:11979: /usr/bin/gcc -o conftest -g -O2   conftest.c  >&5
Undefined symbols:
  "__nl_msg_cat_cntr", referenced from:
      __nl_msg_cat_cntr$non_lazy_ptr in ccbuOedB.o
ld: symbol(s) not found
collect2: ld returned 1 exit status
configure:11979: $? = 1
configure: failed program was:
| /* confdefs.h */
| #define PACKAGE_NAME "libgsf"
| #define PACKAGE_TARNAME "libgsf"
| #define PACKAGE_VERSION "1.14.22"
| #define PACKAGE_STRING "libgsf 1.14.22"
| #define PACKAGE_BUGREPORT "http://bugzilla.gnome.org/enter_bug.cgi?product=libgsf"
| #define PACKAGE_URL ""
| #define PACKAGE "libgsf"
| #define VERSION "1.14.22"
| #define STDC_HEADERS 1
| #define HAVE_SYS_TYPES_H 1
| #define HAVE_SYS_STAT_H 1
| #define HAVE_STDLIB_H 1
| #define HAVE_STRING_H 1
| #define HAVE_MEMORY_H 1
| #define HAVE_STRINGS_H 1
| #define HAVE_INTTYPES_H 1
| #define HAVE_STDINT_H 1
| #define HAVE_UNISTD_H 1
| #define HAVE_DLFCN_H 1
| #define LT_OBJDIR ".libs/"
| #define HAVE_FSEEKO 1
| /* end confdefs.h.  */
| 
| int
| main ()
| {
| extern int _nl_msg_cat_cntr;
|                        return _nl_msg_cat_cntr
|   ;
|   return 0;
| }
configure:12009: checking locale.h usability
configure:12009: /usr/bin/gcc -c -g -O2  conftest.c >&5
configure:12009: $? = 0
configure:12009: result: yes
configure:12009: checking locale.h presence
configure:12009: /usr/bin/gcc -E  conftest.c
configure:12009: $? = 0
configure:12009: result: yes
configure:12009: checking for locale.h
configure:12009: result: yes
configure:12020: checking for LC_MESSAGES
configure:12036: /usr/bin/gcc -o conftest -g -O2   conftest.c  >&5
configure:12036: $? = 0
configure:12044: result: yes
configure:12061: checking libintl.h usability
configure:12061: /usr/bin/gcc -c -g -O2  conftest.c >&5
configure:12061: $? = 0
configure:12061: result: yes
configure:12061: checking libintl.h presence
configure:12061: /usr/bin/gcc -E  conftest.c
configure:12061: $? = 0
configure:12061: result: yes
configure:12061: checking for libintl.h
configure:12061: result: yes
configure:12069: checking for ngettext in libc
configure:12087: /usr/bin/gcc -o conftest -g -O2   conftest.c  >&5
Undefined symbols:
  "_libintl_ngettext", referenced from:
      _main in ccUYOPyX.o
ld: symbol(s) not found
collect2: ld returned 1 exit status
configure:12087: $? = 1
configure: failed program was:
| /* confdefs.h */
| #define PACKAGE_NAME "libgsf"
| #define PACKAGE_TARNAME "libgsf"
| #define PACKAGE_VERSION "1.14.22"
| #define PACKAGE_STRING "libgsf 1.14.22"
| #define PACKAGE_BUGREPORT "http://bugzilla.gnome.org/enter_bug.cgi?product=libgsf"
| #define PACKAGE_URL ""
| #define PACKAGE "libgsf"
| #define VERSION "1.14.22"
| #define STDC_HEADERS 1
| #define HAVE_SYS_TYPES_H 1
| #define HAVE_SYS_STAT_H 1
| #define HAVE_STDLIB_H 1
| #define HAVE_STRING_H 1
| #define HAVE_MEMORY_H 1
| #define HAVE_STRINGS_H 1
| #define HAVE_INTTYPES_H 1
| #define HAVE_STDINT_H 1
| #define HAVE_UNISTD_H 1
| #define HAVE_DLFCN_H 1
| #define LT_OBJDIR ".libs/"
| #define HAVE_FSEEKO 1
| #define HAVE_LOCALE_H 1
| #define HAVE_LC_MESSAGES 1
| /* end confdefs.h.  */
| 
| #include <libintl.h>
| 
| int
| main ()
| {
| return !ngettext ("","", 1)
|   ;
|   return 0;
| }
configure:12096: result: no
configure:12152: checking for bindtextdomain in -lintl
configure:12177: /usr/bin/gcc -o conftest -g -O2   conftest.c -lintl   >&5
configure:12177: $? = 0
configure:12186: result: yes
configure:12189: checking for ngettext in -lintl
configure:12214: /usr/bin/gcc -o conftest -g -O2   conftest.c -lintl   >&5
configure:12214: $? = 0
configure:12223: result: yes
configure:12226: checking for dgettext in -lintl
configure:12251: /usr/bin/gcc -o conftest -g -O2   conftest.c -lintl   >&5
conftest.c:33: warning: conflicting types for built-in function 'dgettext'
configure:12251: $? = 0
configure:12260: result: yes
configure:12373: checking for bind_textdomain_codeset
configure:12373: /usr/bin/gcc -o conftest -g -O2   conftest.c  -lintl  >&5
configure:12373: $? = 0
configure:12373: result: yes
configure:12410: checking for msgfmt
configure:12437: result: /usr/local/bin/msgfmt
configure:12448: checking for dcgettext
configure:12448: /usr/bin/gcc -o conftest -g -O2   conftest.c  -lintl  >&5
conftest.c:51: warning: conflicting types for built-in function 'dcgettext'
configure:12448: $? = 0
configure:12448: result: yes
configure:12458: checking if msgfmt accepts -c
configure:12473: $MSGFMT -c -o /dev/null conftest.foo
configure:12476: $? = 0
configure:12478: result: yes
configure:12488: checking for gmsgfmt
configure:12519: result: /usr/local/bin/msgfmt
configure:12529: checking for xgettext
configure:12556: result: /usr/local/bin/xgettext
configure:12575: /usr/bin/gcc -o conftest -g -O2   conftest.c  -lintl  >&5
configure:12575: $? = 0
configure:12834: checking pkg-config is at least version 0.9.0
configure:12837: result: yes
configure:12847: checking for LIBGSF
configure:12854: $PKG_CONFIG --exists --print-errors "$libgsf_reqs"
configure:12857: $? = 0
configure:12870: $PKG_CONFIG --exists --print-errors "$libgsf_reqs"
configure:12873: $? = 0
configure:12930: result: yes
configure:13008: checking what warning flags to pass to the C compiler
configure:13010: result: -Wall -Wmissing-prototypes
configure:13021: checking what language compliance flags to pass to the C compiler
configure:13036: result: 
configure:13048: checking whether gcc understands -Wno-system-headers
configure:13061: /usr/bin/gcc -c -g -O2 -Wall -Wmissing-prototypes  -DG_DISABLE_DEPRECATED -Wno-system-headers  conftest.c >&5
configure:13061: $? = 0
configure:13070: result: yes
configure:13048: checking whether gcc understands -Wfloat-equal
configure:13061: /usr/bin/gcc -c -g -O2 -Wall -Wmissing-prototypes  -DG_DISABLE_DEPRECATED -Wno-system-headers -Wfloat-equal  conftest.c >&5
configure:13061: $? = 0
configure:13070: result: yes
configure:13048: checking whether gcc understands -Wpointer-arith
configure:13061: /usr/bin/gcc -c -g -O2 -Wall -Wmissing-prototypes  -DG_DISABLE_DEPRECATED -Wno-system-headers -Wfloat-equal -Wpointer-arith  conftest.c >&5
configure:13061: $? = 0
configure:13070: result: yes
configure:13048: checking whether gcc understands -Wbad-function-cast
configure:13061: /usr/bin/gcc -c -g -O2 -Wall -Wmissing-prototypes  -DG_DISABLE_DEPRECATED -Wno-system-headers -Wfloat-equal -Wpointer-arith -Wbad-function-cast  conftest.c >&5
configure:13061: $? = 0
configure:13070: result: yes
configure:13048: checking whether gcc understands -Wwrite-strings
configure:13061: /usr/bin/gcc -c -g -O2 -Wall -Wmissing-prototypes  -DG_DISABLE_DEPRECATED -Wno-system-headers -Wfloat-equal -Wpointer-arith -Wbad-function-cast -Wwrite-strings  conftest.c >&5
configure:13061: $? = 0
configure:13070: result: yes
configure:13048: checking whether gcc understands -Wsign-compare
configure:13061: /usr/bin/gcc -c -g -O2 -Wall -Wmissing-prototypes  -DG_DISABLE_DEPRECATED -Wno-system-headers -Wfloat-equal -Wpointer-arith -Wbad-function-cast -Wwrite-strings -Wsign-compare  conftest.c >&5
configure:13061: $? = 0
configure:13070: result: yes
configure:13048: checking whether gcc understands -Waggregate-return
configure:13061: /usr/bin/gcc -c -g -O2 -Wall -Wmissing-prototypes  -DG_DISABLE_DEPRECATED -Wno-system-headers -Wfloat-equal -Wpointer-arith -Wbad-function-cast -Wwrite-strings -Wsign-compare -Waggregate-return  conftest.c >&5
configure:13061: $? = 0
configure:13070: result: yes
configure:13048: checking whether gcc understands -Wstrict-prototypes
configure:13061: /usr/bin/gcc -c -g -O2 -Wall -Wmissing-prototypes  -DG_DISABLE_DEPRECATED -Wno-system-headers -Wfloat-equal -Wpointer-arith -Wbad-function-cast -Wwrite-strings -Wsign-compare -Waggregate-return -Wstrict-prototypes  conftest.c >&5
conftest.c:34: warning: function declaration isn't a prototype
configure:13061: $? = 0
configure:13070: result: yes
configure:13048: checking whether gcc understands -Wmissing-prototypes
configure:13061: /usr/bin/gcc -c -g -O2 -Wall -Wmissing-prototypes  -DG_DISABLE_DEPRECATED -Wno-system-headers -Wfloat-equal -Wpointer-arith -Wbad-function-cast -Wwrite-strings -Wsign-compare -Waggregate-return -Wstrict-prototypes -Wmissing-prototypes  conftest.c >&5
conftest.c:34: warning: function declaration isn't a prototype
configure:13061: $? = 0
configure:13070: result: yes
configure:13048: checking whether gcc understands -Wmissing-declarations
configure:13061: /usr/bin/gcc -c -g -O2 -Wall -Wmissing-prototypes  -DG_DISABLE_DEPRECATED -Wno-system-headers -Wfloat-equal -Wpointer-arith -Wbad-function-cast -Wwrite-strings -Wsign-compare -Waggregate-return -Wstrict-prototypes -Wmissing-prototypes -Wmissing-declarations  conftest.c >&5
conftest.c:34: warning: function declaration isn't a prototype
configure:13061: $? = 0
configure:13070: result: yes
configure:13048: checking whether gcc understands -Wformat=2
configure:13061: /usr/bin/gcc -c -g -O2 -Wall -Wmissing-prototypes  -DG_DISABLE_DEPRECATED -Wno-system-headers -Wfloat-equal -Wpointer-arith -Wbad-function-cast -Wwrite-strings -Wsign-compare -Waggregate-return -Wstrict-prototypes -Wmissing-prototypes -Wmissing-declarations -Wformat=2  conftest.c >&5
conftest.c:34: warning: function declaration isn't a prototype
configure:13061: $? = 0
configure:13070: result: yes
configure:13048: checking whether gcc understands -Wnested-externs
configure:13061: /usr/bin/gcc -c -g -O2 -Wall -Wmissing-prototypes  -DG_DISABLE_DEPRECATED -Wno-system-headers -Wfloat-equal -Wpointer-arith -Wbad-function-cast -Wwrite-strings -Wsign-compare -Waggregate-return -Wstrict-prototypes -Wmissing-prototypes -Wmissing-declarations -Wformat=2 -Wnested-externs  conftest.c >&5
conftest.c:34: warning: function declaration isn't a prototype
configure:13061: $? = 0
configure:13070: result: yes
configure:13048: checking whether gcc understands -Winline
configure:13061: /usr/bin/gcc -c -g -O2 -Wall -Wmissing-prototypes  -DG_DISABLE_DEPRECATED -Wno-system-headers -Wfloat-equal -Wpointer-arith -Wbad-function-cast -Wwrite-strings -Wsign-compare -Waggregate-return -Wstrict-prototypes -Wmissing-prototypes -Wmissing-declarations -Wformat=2 -Wnested-externs -Winline  conftest.c >&5
conftest.c:34: warning: function declaration isn't a prototype
configure:13061: $? = 0
configure:13070: result: yes
configure:13048: checking whether gcc understands -Wdeclaration-after-statement
configure:13061: /usr/bin/gcc -c -g -O2 -Wall -Wmissing-prototypes  -DG_DISABLE_DEPRECATED -Wno-system-headers -Wfloat-equal -Wpointer-arith -Wbad-function-cast -Wwrite-strings -Wsign-compare -Waggregate-return -Wstrict-prototypes -Wmissing-prototypes -Wmissing-declarations -Wformat=2 -Wnested-externs -Winline -Wdeclaration-after-statement  conftest.c >&5
conftest.c:34: warning: function declaration isn't a prototype
configure:13061: $? = 0
configure:13070: result: yes
configure:13048: checking whether gcc understands -Wundef
configure:13061: /usr/bin/gcc -c -g -O2 -Wall -Wmissing-prototypes  -DG_DISABLE_DEPRECATED -Wno-system-headers -Wfloat-equal -Wpointer-arith -Wbad-function-cast -Wwrite-strings -Wsign-compare -Waggregate-return -Wstrict-prototypes -Wmissing-prototypes -Wmissing-declarations -Wformat=2 -Wnested-externs -Winline -Wdeclaration-after-statement -Wundef  conftest.c >&5
conftest.c:34: warning: function declaration isn't a prototype
configure:13061: $? = 0
configure:13070: result: yes
configure:13048: checking whether gcc understands -W
configure:13061: /usr/bin/gcc -c -g -O2 -Wall -Wmissing-prototypes  -DG_DISABLE_DEPRECATED -Wno-system-headers -Wfloat-equal -Wpointer-arith -Wbad-function-cast -Wwrite-strings -Wsign-compare -Waggregate-return -Wstrict-prototypes -Wmissing-prototypes -Wmissing-declarations -Wformat=2 -Wnested-externs -Winline -Wdeclaration-after-statement -Wundef -W  conftest.c >&5
conftest.c:34: warning: function declaration isn't a prototype
configure:13061: $? = 0
configure:13070: result: yes
configure:13048: checking whether gcc understands -Wmissing-noreturn
configure:13061: /usr/bin/gcc -c -g -O2 -Wall -Wmissing-prototypes  -DG_DISABLE_DEPRECATED -Wno-system-headers -Wfloat-equal -Wpointer-arith -Wbad-function-cast -Wwrite-strings -Wsign-compare -Waggregate-return -Wstrict-prototypes -Wmissing-prototypes -Wmissing-declarations -Wformat=2 -Wnested-externs -Winline -Wdeclaration-after-statement -Wundef -W -Wmissing-noreturn  conftest.c >&5
conftest.c:34: warning: function declaration isn't a prototype
configure:13061: $? = 0
configure:13070: result: yes
configure:13048: checking whether gcc understands -Wmissing-format-attribute
configure:13061: /usr/bin/gcc -c -g -O2 -Wall -Wmissing-prototypes  -DG_DISABLE_DEPRECATED -Wno-system-headers -Wfloat-equal -Wpointer-arith -Wbad-function-cast -Wwrite-strings -Wsign-compare -Waggregate-return -Wstrict-prototypes -Wmissing-prototypes -Wmissing-declarations -Wformat=2 -Wnested-externs -Winline -Wdeclaration-after-statement -Wundef -W -Wmissing-noreturn -Wmissing-format-attribute  conftest.c >&5
conftest.c:34: warning: function declaration isn't a prototype
configure:13061: $? = 0
configure:13070: result: yes
configure:13048: checking whether gcc understands -Wno-pointer-sign
configure:13061: /usr/bin/gcc -c -g -O2 -Wall -Wmissing-prototypes  -DG_DISABLE_DEPRECATED -Wno-system-headers -Wfloat-equal -Wpointer-arith -Wbad-function-cast -Wwrite-strings -Wsign-compare -Waggregate-return -Wstrict-prototypes -Wmissing-prototypes -Wmissing-declarations -Wformat=2 -Wnested-externs -Winline -Wdeclaration-after-statement -Wundef -W -Wmissing-noreturn -Wmissing-format-attribute -Wno-pointer-sign  conftest.c >&5
conftest.c:34: warning: function declaration isn't a prototype
configure:13061: $? = 0
configure:13070: result: yes
configure:13048: checking whether gcc understands -Wbitwise
configure:13061: /usr/bin/gcc -c -g -O2 -Wall -Wmissing-prototypes  -DG_DISABLE_DEPRECATED -Wno-system-headers -Wfloat-equal -Wpointer-arith -Wbad-function-cast -Wwrite-strings -Wsign-compare -Waggregate-return -Wstrict-prototypes -Wmissing-prototypes -Wmissing-declarations -Wformat=2 -Wnested-externs -Winline -Wdeclaration-after-statement -Wundef -W -Wmissing-noreturn -Wmissing-format-attribute -Wno-pointer-sign -Wbitwise  conftest.c >&5
cc1: error: unrecognized command line option "-Wbitwise"
configure:13061: $? = 1
configure: failed program was:
| /* confdefs.h */
| #define PACKAGE_NAME "libgsf"
| #define PACKAGE_TARNAME "libgsf"
| #define PACKAGE_VERSION "1.14.22"
| #define PACKAGE_STRING "libgsf 1.14.22"
| #define PACKAGE_BUGREPORT "http://bugzilla.gnome.org/enter_bug.cgi?product=libgsf"
| #define PACKAGE_URL ""
| #define PACKAGE "libgsf"
| #define VERSION "1.14.22"
| #define STDC_HEADERS 1
| #define HAVE_SYS_TYPES_H 1
| #define HAVE_SYS_STAT_H 1
| #define HAVE_STDLIB_H 1
| #define HAVE_STRING_H 1
| #define HAVE_MEMORY_H 1
| #define HAVE_STRINGS_H 1
| #define HAVE_INTTYPES_H 1
| #define HAVE_STDINT_H 1
| #define HAVE_UNISTD_H 1
| #define HAVE_DLFCN_H 1
| #define LT_OBJDIR ".libs/"
| #define HAVE_FSEEKO 1
| #define HAVE_LOCALE_H 1
| #define HAVE_LC_MESSAGES 1
| #define HAVE_BIND_TEXTDOMAIN_CODESET 1
| #define HAVE_GETTEXT 1
| #define HAVE_DCGETTEXT 1
| #define ENABLE_NLS 1
| #define GETTEXT_PACKAGE "libgsf"
| /* end confdefs.h.  */
| 
| int
| main ()
| {
| 
|   ;
|   return 0;
| }
configure:13070: result: no
configure:13048: checking whether gcc understands -Wcast-to-as
configure:13061: /usr/bin/gcc -c -g -O2 -Wall -Wmissing-prototypes  -DG_DISABLE_DEPRECATED -Wno-system-headers -Wfloat-equal -Wpointer-arith -Wbad-function-cast -Wwrite-strings -Wsign-compare -Waggregate-return -Wstrict-prototypes -Wmissing-prototypes -Wmissing-declarations -Wformat=2 -Wnested-externs -Winline -Wdeclaration-after-statement -Wundef -W -Wmissing-noreturn -Wmissing-format-attribute -Wno-pointer-sign -Wcast-to-as  conftest.c >&5
cc1: error: unrecognized command line option "-Wcast-to-as"
configure:13061: $? = 1
configure: failed program was:
| /* confdefs.h */
| #define PACKAGE_NAME "libgsf"
| #define PACKAGE_TARNAME "libgsf"
| #define PACKAGE_VERSION "1.14.22"
| #define PACKAGE_STRING "libgsf 1.14.22"
| #define PACKAGE_BUGREPORT "http://bugzilla.gnome.org/enter_bug.cgi?product=libgsf"
| #define PACKAGE_URL ""
| #define PACKAGE "libgsf"
| #define VERSION "1.14.22"
| #define STDC_HEADERS 1
| #define HAVE_SYS_TYPES_H 1
| #define HAVE_SYS_STAT_H 1
| #define HAVE_STDLIB_H 1
| #define HAVE_STRING_H 1
| #define HAVE_MEMORY_H 1
| #define HAVE_STRINGS_H 1
| #define HAVE_INTTYPES_H 1
| #define HAVE_STDINT_H 1
| #define HAVE_UNISTD_H 1
| #define HAVE_DLFCN_H 1
| #define LT_OBJDIR ".libs/"
| #define HAVE_FSEEKO 1
| #define HAVE_LOCALE_H 1
| #define HAVE_LC_MESSAGES 1
| #define HAVE_BIND_TEXTDOMAIN_CODESET 1
| #define HAVE_GETTEXT 1
| #define HAVE_DCGETTEXT 1
| #define ENABLE_NLS 1
| #define GETTEXT_PACKAGE "libgsf"
| /* end confdefs.h.  */
| 
| int
| main ()
| {
| 
|   ;
|   return 0;
| }
configure:13070: result: no
configure:13048: checking whether gcc understands -Wdefault-bitfield-sign
configure:13061: /usr/bin/gcc -c -g -O2 -Wall -Wmissing-prototypes  -DG_DISABLE_DEPRECATED -Wno-system-headers -Wfloat-equal -Wpointer-arith -Wbad-function-cast -Wwrite-strings -Wsign-compare -Waggregate-return -Wstrict-prototypes -Wmissing-prototypes -Wmissing-declarations -Wformat=2 -Wnested-externs -Winline -Wdeclaration-after-statement -Wundef -W -Wmissing-noreturn -Wmissing-format-attribute -Wno-pointer-sign -Wdefault-bitfield-sign  conftest.c >&5
cc1: error: unrecognized command line option "-Wdefault-bitfield-sign"
configure:13061: $? = 1
configure: failed program was:
| /* confdefs.h */
| #define PACKAGE_NAME "libgsf"
| #define PACKAGE_TARNAME "libgsf"
| #define PACKAGE_VERSION "1.14.22"
| #define PACKAGE_STRING "libgsf 1.14.22"
| #define PACKAGE_BUGREPORT "http://bugzilla.gnome.org/enter_bug.cgi?product=libgsf"
| #define PACKAGE_URL ""
| #define PACKAGE "libgsf"
| #define VERSION "1.14.22"
| #define STDC_HEADERS 1
| #define HAVE_SYS_TYPES_H 1
| #define HAVE_SYS_STAT_H 1
| #define HAVE_STDLIB_H 1
| #define HAVE_STRING_H 1
| #define HAVE_MEMORY_H 1
| #define HAVE_STRINGS_H 1
| #define HAVE_INTTYPES_H 1
| #define HAVE_STDINT_H 1
| #define HAVE_UNISTD_H 1
| #define HAVE_DLFCN_H 1
| #define LT_OBJDIR ".libs/"
| #define HAVE_FSEEKO 1
| #define HAVE_LOCALE_H 1
| #define HAVE_LC_MESSAGES 1
| #define HAVE_BIND_TEXTDOMAIN_CODESET 1
| #define HAVE_GETTEXT 1
| #define HAVE_DCGETTEXT 1
| #define ENABLE_NLS 1
| #define GETTEXT_PACKAGE "libgsf"
| /* end confdefs.h.  */
| 
| int
| main ()
| {
| 
|   ;
|   return 0;
| }
configure:13070: result: no
configure:13048: checking whether gcc understands -Wdo-while
configure:13061: /usr/bin/gcc -c -g -O2 -Wall -Wmissing-prototypes  -DG_DISABLE_DEPRECATED -Wno-system-headers -Wfloat-equal -Wpointer-arith -Wbad-function-cast -Wwrite-strings -Wsign-compare -Waggregate-return -Wstrict-prototypes -Wmissing-prototypes -Wmissing-declarations -Wformat=2 -Wnested-externs -Winline -Wdeclaration-after-statement -Wundef -W -Wmissing-noreturn -Wmissing-format-attribute -Wno-pointer-sign -Wdo-while  conftest.c >&5
cc1: error: unrecognized command line option "-Wdo-while"
configure:13061: $? = 1
configure: failed program was:
| /* confdefs.h */
| #define PACKAGE_NAME "libgsf"
| #define PACKAGE_TARNAME "libgsf"
| #define PACKAGE_VERSION "1.14.22"
| #define PACKAGE_STRING "libgsf 1.14.22"
| #define PACKAGE_BUGREPORT "http://bugzilla.gnome.org/enter_bug.cgi?product=libgsf"
| #define PACKAGE_URL ""
| #define PACKAGE "libgsf"
| #define VERSION "1.14.22"
| #define STDC_HEADERS 1
| #define HAVE_SYS_TYPES_H 1
| #define HAVE_SYS_STAT_H 1
| #define HAVE_STDLIB_H 1
| #define HAVE_STRING_H 1
| #define HAVE_MEMORY_H 1
| #define HAVE_STRINGS_H 1
| #define HAVE_INTTYPES_H 1
| #define HAVE_STDINT_H 1
| #define HAVE_UNISTD_H 1
| #define HAVE_DLFCN_H 1
| #define LT_OBJDIR ".libs/"
| #define HAVE_FSEEKO 1
| #define HAVE_LOCALE_H 1
| #define HAVE_LC_MESSAGES 1
| #define HAVE_BIND_TEXTDOMAIN_CODESET 1
| #define HAVE_GETTEXT 1
| #define HAVE_DCGETTEXT 1
| #define ENABLE_NLS 1
| #define GETTEXT_PACKAGE "libgsf"
| /* end confdefs.h.  */
| 
| int
| main ()
| {
| 
|   ;
|   return 0;
| }
configure:13070: result: no
configure:13048: checking whether gcc understands -Wparen-string
configure:13061: /usr/bin/gcc -c -g -O2 -Wall -Wmissing-prototypes  -DG_DISABLE_DEPRECATED -Wno-system-headers -Wfloat-equal -Wpointer-arith -Wbad-function-cast -Wwrite-strings -Wsign-compare -Waggregate-return -Wstrict-prototypes -Wmissing-prototypes -Wmissing-declarations -Wformat=2 -Wnested-externs -Winline -Wdeclaration-after-statement -Wundef -W -Wmissing-noreturn -Wmissing-format-attribute -Wno-pointer-sign -Wparen-string  conftest.c >&5
cc1: error: unrecognized command line option "-Wparen-string"
configure:13061: $? = 1
configure: failed program was:
| /* confdefs.h */
| #define PACKAGE_NAME "libgsf"
| #define PACKAGE_TARNAME "libgsf"
| #define PACKAGE_VERSION "1.14.22"
| #define PACKAGE_STRING "libgsf 1.14.22"
| #define PACKAGE_BUGREPORT "http://bugzilla.gnome.org/enter_bug.cgi?product=libgsf"
| #define PACKAGE_URL ""
| #define PACKAGE "libgsf"
| #define VERSION "1.14.22"
| #define STDC_HEADERS 1
| #define HAVE_SYS_TYPES_H 1
| #define HAVE_SYS_STAT_H 1
| #define HAVE_STDLIB_H 1
| #define HAVE_STRING_H 1
| #define HAVE_MEMORY_H 1
| #define HAVE_STRINGS_H 1
| #define HAVE_INTTYPES_H 1
| #define HAVE_STDINT_H 1
| #define HAVE_UNISTD_H 1
| #define HAVE_DLFCN_H 1
| #define LT_OBJDIR ".libs/"
| #define HAVE_FSEEKO 1
| #define HAVE_LOCALE_H 1
| #define HAVE_LC_MESSAGES 1
| #define HAVE_BIND_TEXTDOMAIN_CODESET 1
| #define HAVE_GETTEXT 1
| #define HAVE_DCGETTEXT 1
| #define ENABLE_NLS 1
| #define GETTEXT_PACKAGE "libgsf"
| /* end confdefs.h.  */
| 
| int
| main ()
| {
| 
|   ;
|   return 0;
| }
configure:13070: result: no
configure:13048: checking whether gcc understands -Wptr-subtraction-blows
configure:13061: /usr/bin/gcc -c -g -O2 -Wall -Wmissing-prototypes  -DG_DISABLE_DEPRECATED -Wno-system-headers -Wfloat-equal -Wpointer-arith -Wbad-function-cast -Wwrite-strings -Wsign-compare -Waggregate-return -Wstrict-prototypes -Wmissing-prototypes -Wmissing-declarations -Wformat=2 -Wnested-externs -Winline -Wdeclaration-after-statement -Wundef -W -Wmissing-noreturn -Wmissing-format-attribute -Wno-pointer-sign -Wptr-subtraction-blows  conftest.c >&5
cc1: error: unrecognized command line option "-Wptr-subtraction-blows"
configure:13061: $? = 1
configure: failed program was:
| /* confdefs.h */
| #define PACKAGE_NAME "libgsf"
| #define PACKAGE_TARNAME "libgsf"
| #define PACKAGE_VERSION "1.14.22"
| #define PACKAGE_STRING "libgsf 1.14.22"
| #define PACKAGE_BUGREPORT "http://bugzilla.gnome.org/enter_bug.cgi?product=libgsf"
| #define PACKAGE_URL ""
| #define PACKAGE "libgsf"
| #define VERSION "1.14.22"
| #define STDC_HEADERS 1
| #define HAVE_SYS_TYPES_H 1
| #define HAVE_SYS_STAT_H 1
| #define HAVE_STDLIB_H 1
| #define HAVE_STRING_H 1
| #define HAVE_MEMORY_H 1
| #define HAVE_STRINGS_H 1
| #define HAVE_INTTYPES_H 1
| #define HAVE_STDINT_H 1
| #define HAVE_UNISTD_H 1
| #define HAVE_DLFCN_H 1
| #define LT_OBJDIR ".libs/"
| #define HAVE_FSEEKO 1
| #define HAVE_LOCALE_H 1
| #define HAVE_LC_MESSAGES 1
| #define HAVE_BIND_TEXTDOMAIN_CODESET 1
| #define HAVE_GETTEXT 1
| #define HAVE_DCGETTEXT 1
| #define ENABLE_NLS 1
| #define GETTEXT_PACKAGE "libgsf"
| /* end confdefs.h.  */
| 
| int
| main ()
| {
| 
|   ;
|   return 0;
| }
configure:13070: result: no
configure:13048: checking whether gcc understands -Wreturn-void
configure:13061: /usr/bin/gcc -c -g -O2 -Wall -Wmissing-prototypes  -DG_DISABLE_DEPRECATED -Wno-system-headers -Wfloat-equal -Wpointer-arith -Wbad-function-cast -Wwrite-strings -Wsign-compare -Waggregate-return -Wstrict-prototypes -Wmissing-prototypes -Wmissing-declarations -Wformat=2 -Wnested-externs -Winline -Wdeclaration-after-statement -Wundef -W -Wmissing-noreturn -Wmissing-format-attribute -Wno-pointer-sign -Wreturn-void  conftest.c >&5
cc1: error: unrecognized command line option "-Wreturn-void"
configure:13061: $? = 1
configure: failed program was:
| /* confdefs.h */
| #define PACKAGE_NAME "libgsf"
| #define PACKAGE_TARNAME "libgsf"
| #define PACKAGE_VERSION "1.14.22"
| #define PACKAGE_STRING "libgsf 1.14.22"
| #define PACKAGE_BUGREPORT "http://bugzilla.gnome.org/enter_bug.cgi?product=libgsf"
| #define PACKAGE_URL ""
| #define PACKAGE "libgsf"
| #define VERSION "1.14.22"
| #define STDC_HEADERS 1
| #define HAVE_SYS_TYPES_H 1
| #define HAVE_SYS_STAT_H 1
| #define HAVE_STDLIB_H 1
| #define HAVE_STRING_H 1
| #define HAVE_MEMORY_H 1
| #define HAVE_STRINGS_H 1
| #define HAVE_INTTYPES_H 1
| #define HAVE_STDINT_H 1
| #define HAVE_UNISTD_H 1
| #define HAVE_DLFCN_H 1
| #define LT_OBJDIR ".libs/"
| #define HAVE_FSEEKO 1
| #define HAVE_LOCALE_H 1
| #define HAVE_LC_MESSAGES 1
| #define HAVE_BIND_TEXTDOMAIN_CODESET 1
| #define HAVE_GETTEXT 1
| #define HAVE_DCGETTEXT 1
| #define ENABLE_NLS 1
| #define GETTEXT_PACKAGE "libgsf"
| /* end confdefs.h.  */
| 
| int
| main ()
| {
| 
|   ;
|   return 0;
| }
configure:13070: result: no
configure:13048: checking whether gcc understands -Wtypesign
configure:13061: /usr/bin/gcc -c -g -O2 -Wall -Wmissing-prototypes  -DG_DISABLE_DEPRECATED -Wno-system-headers -Wfloat-equal -Wpointer-arith -Wbad-function-cast -Wwrite-strings -Wsign-compare -Waggregate-return -Wstrict-prototypes -Wmissing-prototypes -Wmissing-declarations -Wformat=2 -Wnested-externs -Winline -Wdeclaration-after-statement -Wundef -W -Wmissing-noreturn -Wmissing-format-attribute -Wno-pointer-sign -Wtypesign  conftest.c >&5
cc1: error: unrecognized command line option "-Wtypesign"
configure:13061: $? = 1
configure: failed program was:
| /* confdefs.h */
| #define PACKAGE_NAME "libgsf"
| #define PACKAGE_TARNAME "libgsf"
| #define PACKAGE_VERSION "1.14.22"
| #define PACKAGE_STRING "libgsf 1.14.22"
| #define PACKAGE_BUGREPORT "http://bugzilla.gnome.org/enter_bug.cgi?product=libgsf"
| #define PACKAGE_URL ""
| #define PACKAGE "libgsf"
| #define VERSION "1.14.22"
| #define STDC_HEADERS 1
| #define HAVE_SYS_TYPES_H 1
| #define HAVE_SYS_STAT_H 1
| #define HAVE_STDLIB_H 1
| #define HAVE_STRING_H 1
| #define HAVE_MEMORY_H 1
| #define HAVE_STRINGS_H 1
| #define HAVE_INTTYPES_H 1
| #define HAVE_STDINT_H 1
| #define HAVE_UNISTD_H 1
| #define HAVE_DLFCN_H 1
| #define LT_OBJDIR ".libs/"
| #define HAVE_FSEEKO 1
| #define HAVE_LOCALE_H 1
| #define HAVE_LC_MESSAGES 1
| #define HAVE_BIND_TEXTDOMAIN_CODESET 1
| #define HAVE_GETTEXT 1
| #define HAVE_DCGETTEXT 1
| #define ENABLE_NLS 1
| #define GETTEXT_PACKAGE "libgsf"
| /* end confdefs.h.  */
| 
| int
| main ()
| {
| 
|   ;
|   return 0;
| }
configure:13070: result: no
configure:13078: checking whether fdopen is declared
configure:13078: /usr/bin/gcc -c -g -O2 -Wall -Wmissing-prototypes  -DG_DISABLE_DEPRECATED -Wno-system-headers -Wfloat-equal -Wpointer-arith -Wbad-function-cast -Wwrite-strings -Wsign-compare -Waggregate-return -Wstrict-prototypes -Wmissing-prototypes -Wmissing-declarations -Wformat=2 -Wnested-externs -Winline -Wdeclaration-after-statement -Wundef -W -Wmissing-noreturn -Wmissing-format-attribute -Wno-pointer-sign  conftest.c >&5
conftest.c:66: warning: function declaration isn't a prototype
configure:13078: $? = 0
configure:13078: result: yes
configure:13103: checking whether struct timeval is available
configure:13117: /usr/bin/gcc -c -g -O2 -Wall -Wmissing-prototypes  -DG_DISABLE_DEPRECATED -Wno-system-headers -Wfloat-equal -Wpointer-arith -Wbad-function-cast -Wwrite-strings -Wsign-compare -Waggregate-return -Wstrict-prototypes -Wmissing-prototypes -Wmissing-declarations -Wformat=2 -Wnested-externs -Winline -Wdeclaration-after-statement -Wundef -W -Wmissing-noreturn -Wmissing-format-attribute -Wno-pointer-sign  conftest.c >&5
conftest.c:34: warning: function declaration isn't a prototype
conftest.c: In function 'main':
conftest.c:35: warning: unused variable 'tv'
configure:13117: $? = 0
configure:13127: result: yes
configure:13133: checking whether -D_BSD_SOURCE is needed for caddr_t
configure:13146: /usr/bin/gcc -c -g -O2 -Wall -Wmissing-prototypes  -DG_DISABLE_DEPRECATED -Wno-system-headers -Wfloat-equal -Wpointer-arith -Wbad-function-cast -Wwrite-strings -Wsign-compare -Waggregate-return -Wstrict-prototypes -Wmissing-prototypes -Wmissing-declarations -Wformat=2 -Wnested-externs -Winline -Wdeclaration-after-statement -Wundef -W -Wmissing-noreturn -Wmissing-format-attribute -Wno-pointer-sign  conftest.c >&5
conftest.c:34: warning: function declaration isn't a prototype
conftest.c: In function 'main':
conftest.c:35: warning: unused variable 'ca'
configure:13146: $? = 0
configure:13152: result: no
configure:13155: checking whether -D_BSD_SOURCE is needed for lstat
configure:13170: /usr/bin/gcc -o conftest -g -O2 -Wall -Wmissing-prototypes  -DG_DISABLE_DEPRECATED -Wno-system-headers -Wfloat-equal -Wpointer-arith -Wbad-function-cast -Wwrite-strings -Wsign-compare -Waggregate-return -Wstrict-prototypes -Wmissing-prototypes -Wmissing-declarations -Wformat=2 -Wnested-externs -Winline -Wdeclaration-after-statement -Wundef -W -Wmissing-noreturn -Wmissing-format-attribute -Wno-pointer-sign   conftest.c  >&5
conftest.c:36: warning: function declaration isn't a prototype
conftest.c: In function 'main':
conftest.c:37: warning: unused variable 'ptr'
configure:13170: $? = 0
configure:13177: result: no
configure:13183: checking for mode_t
configure:13183: /usr/bin/gcc -c -g -O2 -Wall -Wmissing-prototypes  -DG_DISABLE_DEPRECATED -Wno-system-headers -Wfloat-equal -Wpointer-arith -Wbad-function-cast -Wwrite-strings -Wsign-compare -Waggregate-return -Wstrict-prototypes -Wmissing-prototypes -Wmissing-declarations -Wformat=2 -Wnested-externs -Winline -Wdeclaration-after-statement -Wundef -W -Wmissing-noreturn -Wmissing-format-attribute -Wno-pointer-sign  conftest.c >&5
conftest.c:66: warning: function declaration isn't a prototype
configure:13183: $? = 0
configure:13183: /usr/bin/gcc -c -g -O2 -Wall -Wmissing-prototypes  -DG_DISABLE_DEPRECATED -Wno-system-headers -Wfloat-equal -Wpointer-arith -Wbad-function-cast -Wwrite-strings -Wsign-compare -Waggregate-return -Wstrict-prototypes -Wmissing-prototypes -Wmissing-declarations -Wformat=2 -Wnested-externs -Winline -Wdeclaration-after-statement -Wundef -W -Wmissing-noreturn -Wmissing-format-attribute -Wno-pointer-sign  conftest.c >&5
conftest.c:66: warning: function declaration isn't a prototype
conftest.c: In function 'main':
conftest.c:67: error: expected expression before ')' token
configure:13183: $? = 1
configure: failed program was:
| /* confdefs.h */
| #define PACKAGE_NAME "libgsf"
| #define PACKAGE_TARNAME "libgsf"
| #define PACKAGE_VERSION "1.14.22"
| #define PACKAGE_STRING "libgsf 1.14.22"
| #define PACKAGE_BUGREPORT "http://bugzilla.gnome.org/enter_bug.cgi?product=libgsf"
| #define PACKAGE_URL ""
| #define PACKAGE "libgsf"
| #define VERSION "1.14.22"
| #define STDC_HEADERS 1
| #define HAVE_SYS_TYPES_H 1
| #define HAVE_SYS_STAT_H 1
| #define HAVE_STDLIB_H 1
| #define HAVE_STRING_H 1
| #define HAVE_MEMORY_H 1
| #define HAVE_STRINGS_H 1
| #define HAVE_INTTYPES_H 1
| #define HAVE_STDINT_H 1
| #define HAVE_UNISTD_H 1
| #define HAVE_DLFCN_H 1
| #define LT_OBJDIR ".libs/"
| #define HAVE_FSEEKO 1
| #define HAVE_LOCALE_H 1
| #define HAVE_LC_MESSAGES 1
| #define HAVE_BIND_TEXTDOMAIN_CODESET 1
| #define HAVE_GETTEXT 1
| #define HAVE_DCGETTEXT 1
| #define ENABLE_NLS 1
| #define GETTEXT_PACKAGE "libgsf"
| /* end confdefs.h.  */
| #include <stdio.h>
| #ifdef HAVE_SYS_TYPES_H
| # include <sys/types.h>
| #endif
| #ifdef HAVE_SYS_STAT_H
| # include <sys/stat.h>
| #endif
| #ifdef STDC_HEADERS
| # include <stdlib.h>
| # include <stddef.h>
| #else
| # ifdef HAVE_STDLIB_H
| #  include <stdlib.h>
| # endif
| #endif
| #ifdef HAVE_STRING_H
| # if !defined STDC_HEADERS && defined HAVE_MEMORY_H
| #  include <memory.h>
| # endif
| # include <string.h>
| #endif
| #ifdef HAVE_STRINGS_H
| # include <strings.h>
| #endif
| #ifdef HAVE_INTTYPES_H
| # include <inttypes.h>
| #endif
| #ifdef HAVE_STDINT_H
| # include <stdint.h>
| #endif
| #ifdef HAVE_UNISTD_H
| # include <unistd.h>
| #endif
| int
| main ()
| {
| if (sizeof ((mode_t)))
| 	    return 0;
|   ;
|   return 0;
| }
configure:13183: result: yes
configure:13197: checking fcntl.h usability
configure:13197: /usr/bin/gcc -c -g -O2 -Wall -Wmissing-prototypes  -DG_DISABLE_DEPRECATED -Wno-system-headers -Wfloat-equal -Wpointer-arith -Wbad-function-cast -Wwrite-strings -Wsign-compare -Waggregate-return -Wstrict-prototypes -Wmissing-prototypes -Wmissing-declarations -Wformat=2 -Wnested-externs -Winline -Wdeclaration-after-statement -Wundef -W -Wmissing-noreturn -Wmissing-format-attribute -Wno-pointer-sign  conftest.c >&5
configure:13197: $? = 0
configure:13197: result: yes
configure:13197: checking fcntl.h presence
configure:13197: /usr/bin/gcc -E  conftest.c
configure:13197: $? = 0
configure:13197: result: yes
configure:13197: checking for fcntl.h
configure:13197: result: yes
configure:13197: checking malloc.h usability
configure:13197: /usr/bin/gcc -c -g -O2 -Wall -Wmissing-prototypes  -DG_DISABLE_DEPRECATED -Wno-system-headers -Wfloat-equal -Wpointer-arith -Wbad-function-cast -Wwrite-strings -Wsign-compare -Waggregate-return -Wstrict-prototypes -Wmissing-prototypes -Wmissing-declarations -Wformat=2 -Wnested-externs -Winline -Wdeclaration-after-statement -Wundef -W -Wmissing-noreturn -Wmissing-format-attribute -Wno-pointer-sign  conftest.c >&5
conftest.c:65:20: error: malloc.h: No such file or directory
configure:13197: $? = 1
configure: failed program was:
| /* confdefs.h */
| #define PACKAGE_NAME "libgsf"
| #define PACKAGE_TARNAME "libgsf"
| #define PACKAGE_VERSION "1.14.22"
| #define PACKAGE_STRING "libgsf 1.14.22"
| #define PACKAGE_BUGREPORT "http://bugzilla.gnome.org/enter_bug.cgi?product=libgsf"
| #define PACKAGE_URL ""
| #define PACKAGE "libgsf"
| #define VERSION "1.14.22"
| #define STDC_HEADERS 1
| #define HAVE_SYS_TYPES_H 1
| #define HAVE_SYS_STAT_H 1
| #define HAVE_STDLIB_H 1
| #define HAVE_STRING_H 1
| #define HAVE_MEMORY_H 1
| #define HAVE_STRINGS_H 1
| #define HAVE_INTTYPES_H 1
| #define HAVE_STDINT_H 1
| #define HAVE_UNISTD_H 1
| #define HAVE_DLFCN_H 1
| #define LT_OBJDIR ".libs/"
| #define HAVE_FSEEKO 1
| #define HAVE_LOCALE_H 1
| #define HAVE_LC_MESSAGES 1
| #define HAVE_BIND_TEXTDOMAIN_CODESET 1
| #define HAVE_GETTEXT 1
| #define HAVE_DCGETTEXT 1
| #define ENABLE_NLS 1
| #define GETTEXT_PACKAGE "libgsf"
| #define HAVE_FCNTL_H 1
| /* end confdefs.h.  */
| #include <stdio.h>
| #ifdef HAVE_SYS_TYPES_H
| # include <sys/types.h>
| #endif
| #ifdef HAVE_SYS_STAT_H
| # include <sys/stat.h>
| #endif
| #ifdef STDC_HEADERS
| # include <stdlib.h>
| # include <stddef.h>
| #else
| # ifdef HAVE_STDLIB_H
| #  include <stdlib.h>
| # endif
| #endif
| #ifdef HAVE_STRING_H
| # if !defined STDC_HEADERS && defined HAVE_MEMORY_H
| #  include <memory.h>
| # endif
| # include <string.h>
| #endif
| #ifdef HAVE_STRINGS_H
| # include <strings.h>
| #endif
| #ifdef HAVE_INTTYPES_H
| # include <inttypes.h>
| #endif
| #ifdef HAVE_STDINT_H
| # include <stdint.h>
| #endif
| #ifdef HAVE_UNISTD_H
| # include <unistd.h>
| #endif
| #include <malloc.h>
configure:13197: result: no
configure:13197: checking malloc.h presence
configure:13197: /usr/bin/gcc -E  conftest.c
conftest.c:32:20: error: malloc.h: No such file or directory
configure:13197: $? = 1
configure: failed program was:
| /* confdefs.h */
| #define PACKAGE_NAME "libgsf"
| #define PACKAGE_TARNAME "libgsf"
| #define PACKAGE_VERSION "1.14.22"
| #define PACKAGE_STRING "libgsf 1.14.22"
| #define PACKAGE_BUGREPORT "http://bugzilla.gnome.org/enter_bug.cgi?product=libgsf"
| #define PACKAGE_URL ""
| #define PACKAGE "libgsf"
| #define VERSION "1.14.22"
| #define STDC_HEADERS 1
| #define HAVE_SYS_TYPES_H 1
| #define HAVE_SYS_STAT_H 1
| #define HAVE_STDLIB_H 1
| #define HAVE_STRING_H 1
| #define HAVE_MEMORY_H 1
| #define HAVE_STRINGS_H 1
| #define HAVE_INTTYPES_H 1
| #define HAVE_STDINT_H 1
| #define HAVE_UNISTD_H 1
| #define HAVE_DLFCN_H 1
| #define LT_OBJDIR ".libs/"
| #define HAVE_FSEEKO 1
| #define HAVE_LOCALE_H 1
| #define HAVE_LC_MESSAGES 1
| #define HAVE_BIND_TEXTDOMAIN_CODESET 1
| #define HAVE_GETTEXT 1
| #define HAVE_DCGETTEXT 1
| #define ENABLE_NLS 1
| #define GETTEXT_PACKAGE "libgsf"
| #define HAVE_FCNTL_H 1
| /* end confdefs.h.  */
| #include <malloc.h>
configure:13197: result: no
configure:13197: checking for malloc.h
configure:13197: result: no
configure:13197: checking for unistd.h
configure:13197: result: yes
configure:13197: checking io.h usability
configure:13197: /usr/bin/gcc -c -g -O2 -Wall -Wmissing-prototypes  -DG_DISABLE_DEPRECATED -Wno-system-headers -Wfloat-equal -Wpointer-arith -Wbad-function-cast -Wwrite-strings -Wsign-compare -Waggregate-return -Wstrict-prototypes -Wmissing-prototypes -Wmissing-declarations -Wformat=2 -Wnested-externs -Winline -Wdeclaration-after-statement -Wundef -W -Wmissing-noreturn -Wmissing-format-attribute -Wno-pointer-sign  conftest.c >&5
conftest.c:66:16: error: io.h: No such file or directory
configure:13197: $? = 1
configure: failed program was:
| /* confdefs.h */
| #define PACKAGE_NAME "libgsf"
| #define PACKAGE_TARNAME "libgsf"
| #define PACKAGE_VERSION "1.14.22"
| #define PACKAGE_STRING "libgsf 1.14.22"
| #define PACKAGE_BUGREPORT "http://bugzilla.gnome.org/enter_bug.cgi?product=libgsf"
| #define PACKAGE_URL ""
| #define PACKAGE "libgsf"
| #define VERSION "1.14.22"
| #define STDC_HEADERS 1
| #define HAVE_SYS_TYPES_H 1
| #define HAVE_SYS_STAT_H 1
| #define HAVE_STDLIB_H 1
| #define HAVE_STRING_H 1
| #define HAVE_MEMORY_H 1
| #define HAVE_STRINGS_H 1
| #define HAVE_INTTYPES_H 1
| #define HAVE_STDINT_H 1
| #define HAVE_UNISTD_H 1
| #define HAVE_DLFCN_H 1
| #define LT_OBJDIR ".libs/"
| #define HAVE_FSEEKO 1
| #define HAVE_LOCALE_H 1
| #define HAVE_LC_MESSAGES 1
| #define HAVE_BIND_TEXTDOMAIN_CODESET 1
| #define HAVE_GETTEXT 1
| #define HAVE_DCGETTEXT 1
| #define ENABLE_NLS 1
| #define GETTEXT_PACKAGE "libgsf"
| #define HAVE_FCNTL_H 1
| #define HAVE_UNISTD_H 1
| /* end confdefs.h.  */
| #include <stdio.h>
| #ifdef HAVE_SYS_TYPES_H
| # include <sys/types.h>
| #endif
| #ifdef HAVE_SYS_STAT_H
| # include <sys/stat.h>
| #endif
| #ifdef STDC_HEADERS
| # include <stdlib.h>
| # include <stddef.h>
| #else
| # ifdef HAVE_STDLIB_H
| #  include <stdlib.h>
| # endif
| #endif
| #ifdef HAVE_STRING_H
| # if !defined STDC_HEADERS && defined HAVE_MEMORY_H
| #  include <memory.h>
| # endif
| # include <string.h>
| #endif
| #ifdef HAVE_STRINGS_H
| # include <strings.h>
| #endif
| #ifdef HAVE_INTTYPES_H
| # include <inttypes.h>
| #endif
| #ifdef HAVE_STDINT_H
| # include <stdint.h>
| #endif
| #ifdef HAVE_UNISTD_H
| # include <unistd.h>
| #endif
| #include <io.h>
configure:13197: result: no
configure:13197: checking io.h presence
configure:13197: /usr/bin/gcc -E  conftest.c
conftest.c:33:16: error: io.h: No such file or directory
configure:13197: $? = 1
configure: failed program was:
| /* confdefs.h */
| #define PACKAGE_NAME "libgsf"
| #define PACKAGE_TARNAME "libgsf"
| #define PACKAGE_VERSION "1.14.22"
| #define PACKAGE_STRING "libgsf 1.14.22"
| #define PACKAGE_BUGREPORT "http://bugzilla.gnome.org/enter_bug.cgi?product=libgsf"
| #define PACKAGE_URL ""
| #define PACKAGE "libgsf"
| #define VERSION "1.14.22"
| #define STDC_HEADERS 1
| #define HAVE_SYS_TYPES_H 1
| #define HAVE_SYS_STAT_H 1
| #define HAVE_STDLIB_H 1
| #define HAVE_STRING_H 1
| #define HAVE_MEMORY_H 1
| #define HAVE_STRINGS_H 1
| #define HAVE_INTTYPES_H 1
| #define HAVE_STDINT_H 1
| #define HAVE_UNISTD_H 1
| #define HAVE_DLFCN_H 1
| #define LT_OBJDIR ".libs/"
| #define HAVE_FSEEKO 1
| #define HAVE_LOCALE_H 1
| #define HAVE_LC_MESSAGES 1
| #define HAVE_BIND_TEXTDOMAIN_CODESET 1
| #define HAVE_GETTEXT 1
| #define HAVE_DCGETTEXT 1
| #define ENABLE_NLS 1
| #define GETTEXT_PACKAGE "libgsf"
| #define HAVE_FCNTL_H 1
| #define HAVE_UNISTD_H 1
| /* end confdefs.h.  */
| #include <io.h>
configure:13197: result: no
configure:13197: checking for io.h
configure:13197: result: no
configure:13197: checking sys/statfs.h usability
configure:13197: /usr/bin/gcc -c -g -O2 -Wall -Wmissing-prototypes  -DG_DISABLE_DEPRECATED -Wno-system-headers -Wfloat-equal -Wpointer-arith -Wbad-function-cast -Wwrite-strings -Wsign-compare -Waggregate-return -Wstrict-prototypes -Wmissing-prototypes -Wmissing-declarations -Wformat=2 -Wnested-externs -Winline -Wdeclaration-after-statement -Wundef -W -Wmissing-noreturn -Wmissing-format-attribute -Wno-pointer-sign  conftest.c >&5
conftest.c:66:24: error: sys/statfs.h: No such file or directory
configure:13197: $? = 1
configure: failed program was:
| /* confdefs.h */
| #define PACKAGE_NAME "libgsf"
| #define PACKAGE_TARNAME "libgsf"
| #define PACKAGE_VERSION "1.14.22"
| #define PACKAGE_STRING "libgsf 1.14.22"
| #define PACKAGE_BUGREPORT "http://bugzilla.gnome.org/enter_bug.cgi?product=libgsf"
| #define PACKAGE_URL ""
| #define PACKAGE "libgsf"
| #define VERSION "1.14.22"
| #define STDC_HEADERS 1
| #define HAVE_SYS_TYPES_H 1
| #define HAVE_SYS_STAT_H 1
| #define HAVE_STDLIB_H 1
| #define HAVE_STRING_H 1
| #define HAVE_MEMORY_H 1
| #define HAVE_STRINGS_H 1
| #define HAVE_INTTYPES_H 1
| #define HAVE_STDINT_H 1
| #define HAVE_UNISTD_H 1
| #define HAVE_DLFCN_H 1
| #define LT_OBJDIR ".libs/"
| #define HAVE_FSEEKO 1
| #define HAVE_LOCALE_H 1
| #define HAVE_LC_MESSAGES 1
| #define HAVE_BIND_TEXTDOMAIN_CODESET 1
| #define HAVE_GETTEXT 1
| #define HAVE_DCGETTEXT 1
| #define ENABLE_NLS 1
| #define GETTEXT_PACKAGE "libgsf"
| #define HAVE_FCNTL_H 1
| #define HAVE_UNISTD_H 1
| /* end confdefs.h.  */
| #include <stdio.h>
| #ifdef HAVE_SYS_TYPES_H
| # include <sys/types.h>
| #endif
| #ifdef HAVE_SYS_STAT_H
| # include <sys/stat.h>
| #endif
| #ifdef STDC_HEADERS
| # include <stdlib.h>
| # include <stddef.h>
| #else
| # ifdef HAVE_STDLIB_H
| #  include <stdlib.h>
| # endif
| #endif
| #ifdef HAVE_STRING_H
| # if !defined STDC_HEADERS && defined HAVE_MEMORY_H
| #  include <memory.h>
| # endif
| # include <string.h>
| #endif
| #ifdef HAVE_STRINGS_H
| # include <strings.h>
| #endif
| #ifdef HAVE_INTTYPES_H
| # include <inttypes.h>
| #endif
| #ifdef HAVE_STDINT_H
| # include <stdint.h>
| #endif
| #ifdef HAVE_UNISTD_H
| # include <unistd.h>
| #endif
| #include <sys/statfs.h>
configure:13197: result: no
configure:13197: checking sys/statfs.h presence
configure:13197: /usr/bin/gcc -E  conftest.c
conftest.c:33:24: error: sys/statfs.h: No such file or directory
configure:13197: $? = 1
configure: failed program was:
| /* confdefs.h */
| #define PACKAGE_NAME "libgsf"
| #define PACKAGE_TARNAME "libgsf"
| #define PACKAGE_VERSION "1.14.22"
| #define PACKAGE_STRING "libgsf 1.14.22"
| #define PACKAGE_BUGREPORT "http://bugzilla.gnome.org/enter_bug.cgi?product=libgsf"
| #define PACKAGE_URL ""
| #define PACKAGE "libgsf"
| #define VERSION "1.14.22"
| #define STDC_HEADERS 1
| #define HAVE_SYS_TYPES_H 1
| #define HAVE_SYS_STAT_H 1
| #define HAVE_STDLIB_H 1
| #define HAVE_STRING_H 1
| #define HAVE_MEMORY_H 1
| #define HAVE_STRINGS_H 1
| #define HAVE_INTTYPES_H 1
| #define HAVE_STDINT_H 1
| #define HAVE_UNISTD_H 1
| #define HAVE_DLFCN_H 1
| #define LT_OBJDIR ".libs/"
| #define HAVE_FSEEKO 1
| #define HAVE_LOCALE_H 1
| #define HAVE_LC_MESSAGES 1
| #define HAVE_BIND_TEXTDOMAIN_CODESET 1
| #define HAVE_GETTEXT 1
| #define HAVE_DCGETTEXT 1
| #define ENABLE_NLS 1
| #define GETTEXT_PACKAGE "libgsf"
| #define HAVE_FCNTL_H 1
| #define HAVE_UNISTD_H 1
| /* end confdefs.h.  */
| #include <sys/statfs.h>
configure:13197: result: no
configure:13197: checking for sys/statfs.h
configure:13197: result: no
configure:13197: checking sys/param.h usability
configure:13197: /usr/bin/gcc -c -g -O2 -Wall -Wmissing-prototypes  -DG_DISABLE_DEPRECATED -Wno-system-headers -Wfloat-equal -Wpointer-arith -Wbad-function-cast -Wwrite-strings -Wsign-compare -Waggregate-return -Wstrict-prototypes -Wmissing-prototypes -Wmissing-declarations -Wformat=2 -Wnested-externs -Winline -Wdeclaration-after-statement -Wundef -W -Wmissing-noreturn -Wmissing-format-attribute -Wno-pointer-sign  conftest.c >&5
configure:13197: $? = 0
configure:13197: result: yes
configure:13197: checking sys/param.h presence
configure:13197: /usr/bin/gcc -E  conftest.c
configure:13197: $? = 0
configure:13197: result: yes
configure:13197: checking for sys/param.h
configure:13197: result: yes
configure:13197: checking sys/mount.h usability
configure:13197: /usr/bin/gcc -c -g -O2 -Wall -Wmissing-prototypes  -DG_DISABLE_DEPRECATED -Wno-system-headers -Wfloat-equal -Wpointer-arith -Wbad-function-cast -Wwrite-strings -Wsign-compare -Waggregate-return -Wstrict-prototypes -Wmissing-prototypes -Wmissing-declarations -Wformat=2 -Wnested-externs -Winline -Wdeclaration-after-statement -Wundef -W -Wmissing-noreturn -Wmissing-format-attribute -Wno-pointer-sign  conftest.c >&5
configure:13197: $? = 0
configure:13197: result: yes
configure:13197: checking sys/mount.h presence
configure:13197: /usr/bin/gcc -E  conftest.c
configure:13197: $? = 0
configure:13197: result: yes
configure:13197: checking for sys/mount.h
configure:13197: result: yes
configure:13213: checking for stdlib.h
configure:13213: result: yes
configure:13213: checking for unistd.h
configure:13213: result: yes
configure:13213: checking for sys/param.h
configure:13213: result: yes
configure:13233: checking for getpagesize
configure:13233: /usr/bin/gcc -o conftest -g -O2 -Wall -Wmissing-prototypes  -DG_DISABLE_DEPRECATED -Wno-system-headers -Wfloat-equal -Wpointer-arith -Wbad-function-cast -Wwrite-strings -Wsign-compare -Waggregate-return -Wstrict-prototypes -Wmissing-prototypes -Wmissing-declarations -Wformat=2 -Wnested-externs -Winline -Wdeclaration-after-statement -Wundef -W -Wmissing-noreturn -Wmissing-format-attribute -Wno-pointer-sign   conftest.c  >&5
conftest.c:61: warning: function declaration isn't a prototype
conftest.c:71: warning: function declaration isn't a prototype
configure:13233: $? = 0
configure:13233: result: yes
configure:13242: checking for working mmap
configure:13389: /usr/bin/gcc -o conftest -g -O2 -Wall -Wmissing-prototypes  -DG_DISABLE_DEPRECATED -Wno-system-headers -Wfloat-equal -Wpointer-arith -Wbad-function-cast -Wwrite-strings -Wsign-compare -Waggregate-return -Wstrict-prototypes -Wmissing-prototypes -Wmissing-declarations -Wformat=2 -Wnested-externs -Winline -Wdeclaration-after-statement -Wundef -W -Wmissing-noreturn -Wmissing-format-attribute -Wno-pointer-sign   conftest.c  >&5
conftest.c:138: warning: function declaration isn't a prototype
configure:13389: $? = 0
configure:13389: ./conftest
configure:13389: $? = 0
configure:13399: result: yes
configure:13409: checking form of statfs
configure:13430: /usr/bin/gcc -c -g -O2 -Wall -Wmissing-prototypes  -DG_DISABLE_DEPRECATED -Wno-system-headers -Wfloat-equal -Wpointer-arith -Wbad-function-cast -Wwrite-strings -Wsign-compare -Waggregate-return -Wstrict-prototypes -Wmissing-prototypes -Wmissing-declarations -Wformat=2 -Wnested-externs -Winline -Wdeclaration-after-statement -Wundef -W -Wmissing-noreturn -Wmissing-format-attribute -Wno-pointer-sign  conftest.c >&5
conftest.c:51: warning: function declaration isn't a prototype
configure:13430: $? = 0
configure:13431: result: 2-arg, linux-style
configure:13445: checking for chown
configure:13445: /usr/bin/gcc -o conftest -g -O2 -Wall -Wmissing-prototypes  -DG_DISABLE_DEPRECATED -Wno-system-headers -Wfloat-equal -Wpointer-arith -Wbad-function-cast -Wwrite-strings -Wsign-compare -Waggregate-return -Wstrict-prototypes -Wmissing-prototypes -Wmissing-declarations -Wformat=2 -Wnested-externs -Winline -Wdeclaration-after-statement -Wundef -W -Wmissing-noreturn -Wmissing-format-attribute -Wno-pointer-sign   conftest.c  >&5
conftest.c:64: warning: function declaration isn't a prototype
conftest.c:74: warning: function declaration isn't a prototype
configure:13445: $? = 0
configure:13445: result: yes
configure:13445: checking for setrlimit
configure:13445: /usr/bin/gcc -o conftest -g -O2 -Wall -Wmissing-prototypes  -DG_DISABLE_DEPRECATED -Wno-system-headers -Wfloat-equal -Wpointer-arith -Wbad-function-cast -Wwrite-strings -Wsign-compare -Waggregate-return -Wstrict-prototypes -Wmissing-prototypes -Wmissing-declarations -Wformat=2 -Wnested-externs -Winline -Wdeclaration-after-statement -Wundef -W -Wmissing-noreturn -Wmissing-format-attribute -Wno-pointer-sign   conftest.c  >&5
conftest.c:65: warning: function declaration isn't a prototype
conftest.c:75: warning: function declaration isn't a prototype
configure:13445: $? = 0
configure:13445: result: yes
configure:13457: checking for gmtime_r
configure:13457: /usr/bin/gcc -o conftest -g -O2 -Wall -Wmissing-prototypes  -DG_DISABLE_DEPRECATED -Wno-system-headers -Wfloat-equal -Wpointer-arith -Wbad-function-cast -Wwrite-strings -Wsign-compare -Waggregate-return -Wstrict-prototypes -Wmissing-prototypes -Wmissing-declarations -Wformat=2 -Wnested-externs -Winline -Wdeclaration-after-statement -Wundef -W -Wmissing-noreturn -Wmissing-format-attribute -Wno-pointer-sign   conftest.c  >&5
conftest.c:66: warning: function declaration isn't a prototype
conftest.c:76: warning: function declaration isn't a prototype
configure:13457: $? = 0
configure:13457: result: yes
configure:13482: checking for struct tm.tm_gmtoff
configure:13482: /usr/bin/gcc -c -g -O2 -Wall -Wmissing-prototypes  -DG_DISABLE_DEPRECATED -Wno-system-headers -Wfloat-equal -Wpointer-arith -Wbad-function-cast -Wwrite-strings -Wsign-compare -Waggregate-return -Wstrict-prototypes -Wmissing-prototypes -Wmissing-declarations -Wformat=2 -Wnested-externs -Winline -Wdeclaration-after-statement -Wundef -W -Wmissing-noreturn -Wmissing-format-attribute -Wno-pointer-sign  conftest.c >&5
conftest.c:48: warning: function declaration isn't a prototype
configure:13482: $? = 0
configure:13482: result: yes
configure:13498: checking for g_chmod
configure:13511: /usr/bin/gcc -o conftest -g -O2 -Wall -Wmissing-prototypes  -DG_DISABLE_DEPRECATED -Wno-system-headers -Wfloat-equal -Wpointer-arith -Wbad-function-cast -Wwrite-strings -Wsign-compare -Waggregate-return -Wstrict-prototypes -Wmissing-prototypes -Wmissing-declarations -Wformat=2 -Wnested-externs -Winline -Wdeclaration-after-statement -Wundef -W -Wmissing-noreturn -Wmissing-format-attribute -Wno-pointer-sign -D_REENTRANT -I/usr/local/include/glib-2.0 -I/usr/local/lib/glib-2.0/include -I/usr/local/include/libxml2     conftest.c -L/usr/local/lib -lgobject-2.0 -lgthread-2.0 -lglib-2.0 -lintl -lxml2    >&5
conftest.c:48: warning: function declaration isn't a prototype
configure:13511: $? = 0
configure:13515: result: yes
configure:13523: checking for g_access
configure:13536: /usr/bin/gcc -o conftest -g -O2 -Wall -Wmissing-prototypes  -DG_DISABLE_DEPRECATED -Wno-system-headers -Wfloat-equal -Wpointer-arith -Wbad-function-cast -Wwrite-strings -Wsign-compare -Waggregate-return -Wstrict-prototypes -Wmissing-prototypes -Wmissing-declarations -Wformat=2 -Wnested-externs -Winline -Wdeclaration-after-statement -Wundef -W -Wmissing-noreturn -Wmissing-format-attribute -Wno-pointer-sign -D_REENTRANT -I/usr/local/include/glib-2.0 -I/usr/local/lib/glib-2.0/include -I/usr/local/include/libxml2     conftest.c -L/usr/local/lib -lgobject-2.0 -lgthread-2.0 -lglib-2.0 -lintl -lxml2    >&5
conftest.c:49: warning: function declaration isn't a prototype
configure:13536: $? = 0
configure:13540: result: yes
configure:13551: checking whether macro S_ISREG is available
configure:13565: /usr/bin/gcc -c -g -O2 -Wall -Wmissing-prototypes  -DG_DISABLE_DEPRECATED -Wno-system-headers -Wfloat-equal -Wpointer-arith -Wbad-function-cast -Wwrite-strings -Wsign-compare -Waggregate-return -Wstrict-prototypes -Wmissing-prototypes -Wmissing-declarations -Wformat=2 -Wnested-externs -Winline -Wdeclaration-after-statement -Wundef -W -Wmissing-noreturn -Wmissing-format-attribute -Wno-pointer-sign  conftest.c >&5
conftest.c:51: warning: function declaration isn't a prototype
conftest.c: In function 'main':
conftest.c:52: warning: statement with no effect
configure:13565: $? = 0
configure:13574: result: yes
configure:13577: checking for Win32 platform
configure:13717: result: no
configure:13755: checking for gtkdoc-check
configure:13788: result: no
configure:13797: checking for gtkdoc-rebase
configure:13830: result: no
configure:13841: checking for gtkdoc-mkpdf
configure:13874: result: no
configure:13912: checking whether to build gtk-doc documentation
configure:13914: result: no
configure:14008: checking zlib.h usability
configure:14008: /usr/bin/gcc -c -g -O2 -Wall -Wmissing-prototypes  -DG_DISABLE_DEPRECATED -Wno-system-headers -Wfloat-equal -Wpointer-arith -Wbad-function-cast -Wwrite-strings -Wsign-compare -Waggregate-return -Wstrict-prototypes -Wmissing-prototypes -Wmissing-declarations -Wformat=2 -Wnested-externs -Winline -Wdeclaration-after-statement -Wundef -W -Wmissing-noreturn -Wmissing-format-attribute -Wno-pointer-sign  conftest.c >&5
configure:14008: $? = 0
configure:14008: result: yes
configure:14008: checking zlib.h presence
configure:14008: /usr/bin/gcc -E  conftest.c
configure:14008: $? = 0
configure:14008: result: yes
configure:14008: checking for zlib.h
configure:14008: result: yes
configure:14010: checking for gzread in -lz
configure:14035: /usr/bin/gcc -o conftest -g -O2 -Wall -Wmissing-prototypes  -DG_DISABLE_DEPRECATED -Wno-system-headers -Wfloat-equal -Wpointer-arith -Wbad-function-cast -Wwrite-strings -Wsign-compare -Waggregate-return -Wstrict-prototypes -Wmissing-prototypes -Wmissing-declarations -Wformat=2 -Wnested-externs -Winline -Wdeclaration-after-statement -Wundef -W -Wmissing-noreturn -Wmissing-format-attribute -Wno-pointer-sign   conftest.c -lz   >&5
conftest.c:54: warning: function declaration isn't a prototype
conftest.c:57: warning: function declaration isn't a prototype
configure:14035: $? = 0
configure:14044: result: yes
configure:14096: checking for python
configure:14114: found /usr/bin/python
configure:14126: result: /usr/bin/python
configure:14147: checking for python version
configure:14154: result: 2.5
configure:14166: checking for python platform
configure:14173: result: darwin
configure:14180: checking for python script directory
configure:14209: result: ${prefix}/lib/python2.5/site-packages
configure:14218: checking for python extension module directory
configure:14247: result: ${exec_prefix}/lib/python2.5/site-packages
configure:14262: checking for headers required to compile python extensions
configure:14277: /usr/bin/gcc -E  -I/usr/include/python2.5 conftest.c
configure:14277: $? = 0
configure:14278: result: found
configure:14293: checking for PYGTK
configure:14300: $PKG_CONFIG --exists --print-errors "pygobject-2.0 >= 2.10.0"
Package pygobject-2.0 was not found in the pkg-config search path.
Perhaps you should add the directory containing `pygobject-2.0.pc'
to the PKG_CONFIG_PATH environment variable
No package 'pygobject-2.0' found
configure:14303: $? = 1
configure:14316: $PKG_CONFIG --exists --print-errors "pygobject-2.0 >= 2.10.0"
Package pygobject-2.0 was not found in the pkg-config search path.
Perhaps you should add the directory containing `pygobject-2.0.pc'
to the PKG_CONFIG_PATH environment variable
No package 'pygobject-2.0' found
configure:14319: $? = 1
configure:14332: result: no
No package 'pygobject-2.0' found
configure:14412: result: NO.  pygtk problem
configure:14442: checking usable libbz2
configure:14461: /usr/bin/gcc -o conftest -g -O2 -Wall -Wmissing-prototypes  -DG_DISABLE_DEPRECATED -Wno-system-headers -Wfloat-equal -Wpointer-arith -Wbad-function-cast -Wwrite-strings -Wsign-compare -Waggregate-return -Wstrict-prototypes -Wmissing-prototypes -Wmissing-declarations -Wformat=2 -Wnested-externs -Winline -Wdeclaration-after-statement -Wundef -W -Wmissing-noreturn -Wmissing-format-attribute -Wno-pointer-sign   conftest.c -lbz2  >&5
conftest.c:51:22: error: bzlib.h: No such file or directory
conftest.c:53: warning: return type defaults to 'int'
conftest.c:53: warning: function declaration isn't a prototype
conftest.c: In function 'main':
conftest.c:54: warning: implicit declaration of function 'BZ2_bzDecompressInit'
conftest.c:54: warning: nested extern declaration of 'BZ2_bzDecompressInit'
configure:14461: $? = 1
configure: failed program was:
| /* confdefs.h */
| #define PACKAGE_NAME "libgsf"
| #define PACKAGE_TARNAME "libgsf"
| #define PACKAGE_VERSION "1.14.22"
| #define PACKAGE_STRING "libgsf 1.14.22"
| #define PACKAGE_BUGREPORT "http://bugzilla.gnome.org/enter_bug.cgi?product=libgsf"
| #define PACKAGE_URL ""
| #define PACKAGE "libgsf"
| #define VERSION "1.14.22"
| #define STDC_HEADERS 1
| #define HAVE_SYS_TYPES_H 1
| #define HAVE_SYS_STAT_H 1
| #define HAVE_STDLIB_H 1
| #define HAVE_STRING_H 1
| #define HAVE_MEMORY_H 1
| #define HAVE_STRINGS_H 1
| #define HAVE_INTTYPES_H 1
| #define HAVE_STDINT_H 1
| #define HAVE_UNISTD_H 1
| #define HAVE_DLFCN_H 1
| #define LT_OBJDIR ".libs/"
| #define HAVE_FSEEKO 1
| #define HAVE_LOCALE_H 1
| #define HAVE_LC_MESSAGES 1
| #define HAVE_BIND_TEXTDOMAIN_CODESET 1
| #define HAVE_GETTEXT 1
| #define HAVE_DCGETTEXT 1
| #define ENABLE_NLS 1
| #define GETTEXT_PACKAGE "libgsf"
| #define HAVE_FCNTL_H 1
| #define HAVE_UNISTD_H 1
| #define HAVE_SYS_PARAM_H 1
| #define HAVE_SYS_MOUNT_H 1
| #define HAVE_STDLIB_H 1
| #define HAVE_UNISTD_H 1
| #define HAVE_SYS_PARAM_H 1
| #define HAVE_GETPAGESIZE 1
| #define HAVE_MMAP 1
| #define HAVE_2ARG_STATFS 1
| #define HAVE_CHOWN 1
| #define HAVE_SETRLIMIT 1
| #define HAVE_GMTIME_R 1
| #define HAVE_STRUCT_TM_TM_GMTOFF 1
| #define HAVE_G_CHMOD 1
| #define HAVE_G_ACCESS 1
| /* end confdefs.h.  */
| #include <stdio.h>
| 	  #undef PACKAGE
| 	  #undef VERSION
| 	  #undef HAVE_STDLIB_H
| 	  #include <bzlib.h>
|           main ()
|           {
|             return BZ2_bzDecompressInit (NULL, 0, 0);
|           }
| 
configure:14478: WARNING: *** BZ2 support disabled (BZ2 header or library not found) ***
configure:14507: checking for LIBGSF_GIO
configure:14514: $PKG_CONFIG --exists --print-errors "gio-2.0"
configure:14517: $? = 0
configure:14530: $PKG_CONFIG --exists --print-errors "gio-2.0"
configure:14533: $? = 0
configure:14580: result: yes
configure:14615: checking for GDK_PIXBUF
configure:14622: $PKG_CONFIG --exists --print-errors "gdk-pixbuf-2.0"
configure:14625: $? = 0
configure:14638: $PKG_CONFIG --exists --print-errors "gdk-pixbuf-2.0"
configure:14641: $? = 0
configure:14688: result: yes
configure:14884: creating ./config.status

## ---------------------- ##
## Running config.status. ##
## ---------------------- ##

This file was extended by libgsf config.status 1.14.22, which was
generated by GNU Autoconf 2.68.  Invocation command line was

  CONFIG_FILES    = 
  CONFIG_HEADERS  = 
  CONFIG_LINKS    = 
  CONFIG_COMMANDS = 
  $ ./config.status 

on Chriss-iPad

config.status:1241: creating Makefile
config.status:1241: creating m4/Makefile
config.status:1241: creating doc/Makefile
config.status:1241: creating gsf/Makefile
config.status:1241: creating gsf-win32/Makefile
config.status:1241: creating tests/Makefile
config.status:1241: creating tools/Makefile
config.status:1241: creating python/Makefile
config.status:1241: creating thumbnailer/Makefile
config.status:1241: creating po/Makefile.in
config.status:1241: creating gsf/version.c
config.status:1241: creating doc/version.xml
config.status:1241: creating libgsf-1.pc
config.status:1241: creating libgsf-1.spec
config.status:1241: creating libgsf-win32-1.pc
config.status:1241: creating libgsf-zip
config.status:1241: creating gsf-config.h
config.status:1470: executing depfiles commands
config.status:1470: executing libtool commands
config.status:1470: executing default-1 commands
config.status:1470: executing po/stamp-it commands
configure:17153: result: Configured libgsf 1.14.22

## ---------------- ##
## Cache variables. ##
## ---------------- ##

ac_cv_build=arm-apple-darwin10.4.0
ac_cv_c_compiler_gnu=yes
ac_cv_env_CC_set=set
ac_cv_env_CC_value=/usr/bin/gcc
ac_cv_env_CFLAGS_set=
ac_cv_env_CFLAGS_value=
ac_cv_env_CPPFLAGS_set=
ac_cv_env_CPPFLAGS_value=
ac_cv_env_CPP_set=
ac_cv_env_CPP_value=
ac_cv_env_GDK_PIXBUF_CFLAGS_set=
ac_cv_env_GDK_PIXBUF_CFLAGS_value=
ac_cv_env_GDK_PIXBUF_LIBS_set=
ac_cv_env_GDK_PIXBUF_LIBS_value=
ac_cv_env_LDFLAGS_set=
ac_cv_env_LDFLAGS_value=
ac_cv_env_LIBEXE_set=
ac_cv_env_LIBEXE_value=
ac_cv_env_LIBGSF_CFLAGS_set=
ac_cv_env_LIBGSF_CFLAGS_value=
ac_cv_env_LIBGSF_GIO_CFLAGS_set=
ac_cv_env_LIBGSF_GIO_CFLAGS_value=
ac_cv_env_LIBGSF_GIO_LIBS_set=
ac_cv_env_LIBGSF_GIO_LIBS_value=
ac_cv_env_LIBGSF_LIBS_set=
ac_cv_env_LIBGSF_LIBS_value=
ac_cv_env_LIBS_set=
ac_cv_env_LIBS_value=
ac_cv_env_PKG_CONFIG_LIBDIR_set=
ac_cv_env_PKG_CONFIG_LIBDIR_value=
ac_cv_env_PKG_CONFIG_PATH_set=set
ac_cv_env_PKG_CONFIG_PATH_value=/usr/local/lib/pkgconfig:/usr/lib/pkgconfig
ac_cv_env_PKG_CONFIG_set=
ac_cv_env_PKG_CONFIG_value=
ac_cv_env_PYGTK_CFLAGS_set=
ac_cv_env_PYGTK_CFLAGS_value=
ac_cv_env_PYGTK_LIBS_set=
ac_cv_env_PYGTK_LIBS_value=
ac_cv_env_WINDRES_set=
ac_cv_env_WINDRES_value=
ac_cv_env_build_alias_set=
ac_cv_env_build_alias_value=
ac_cv_env_host_alias_set=
ac_cv_env_host_alias_value=
ac_cv_env_target_alias_set=
ac_cv_env_target_alias_value=
ac_cv_func_bind_textdomain_codeset=yes
ac_cv_func_chown=yes
ac_cv_func_dcgettext=yes
ac_cv_func_getpagesize=yes
ac_cv_func_gmtime_r=yes
ac_cv_func_mmap_fixed_mapped=yes
ac_cv_func_setrlimit=yes
ac_cv_have_decl_fdopen=yes
ac_cv_header_dlfcn_h=yes
ac_cv_header_fcntl_h=yes
ac_cv_header_inttypes_h=yes
ac_cv_header_io_h=no
ac_cv_header_libintl_h=yes
ac_cv_header_locale_h=yes
ac_cv_header_malloc_h=no
ac_cv_header_memory_h=yes
ac_cv_header_stdc=yes
ac_cv_header_stdint_h=yes
ac_cv_header_stdlib_h=yes
ac_cv_header_string_h=yes
ac_cv_header_strings_h=yes
ac_cv_header_sys_mount_h=yes
ac_cv_header_sys_param_h=yes
ac_cv_header_sys_stat_h=yes
ac_cv_header_sys_statfs_h=no
ac_cv_header_sys_types_h=yes
ac_cv_header_unistd_h=yes
ac_cv_header_zlib_h=yes
ac_cv_host=arm-apple-darwin10.4.0
ac_cv_lib_intl_bindtextdomain=yes
ac_cv_lib_intl_dgettext=yes
ac_cv_lib_intl_ngettext=yes
ac_cv_lib_z_gzread=yes
ac_cv_member_struct_tm_tm_gmtoff=yes
ac_cv_objext=o
ac_cv_path_EGREP='/bin/grep -E'
ac_cv_path_FGREP='/bin/grep -F'
ac_cv_path_GMSGFMT=/usr/local/bin/msgfmt
ac_cv_path_GREP=/bin/grep
ac_cv_path_INTLTOOL_EXTRACT=/usr/local/bin/intltool-extract
ac_cv_path_INTLTOOL_MERGE=/usr/local/bin/intltool-merge
ac_cv_path_INTLTOOL_PERL=/usr/local/bin/perl
ac_cv_path_INTLTOOL_UPDATE=/usr/local/bin/intltool-update
ac_cv_path_MSGFMT=/usr/local/bin/msgfmt
ac_cv_path_MSGMERGE=/usr/local/bin/msgmerge
ac_cv_path_PKG_CONFIG=/usr/bin/pkg-config
ac_cv_path_PYTHON=/usr/bin/python
ac_cv_path_SED=/bin/sed
ac_cv_path_XGETTEXT=/usr/local/bin/xgettext
ac_cv_path_install='/usr/bin/install -c'
ac_cv_path_mkdir=/bin/mkdir
ac_cv_prog_AWK=gawk
ac_cv_prog_CPP='/usr/bin/gcc -E'
ac_cv_prog_ac_ct_AR=ar
ac_cv_prog_ac_ct_CC=/usr/bin/gcc
ac_cv_prog_ac_ct_LIPO=lipo
ac_cv_prog_ac_ct_NMEDIT=nmedit
ac_cv_prog_ac_ct_OBJDUMP=objdump
ac_cv_prog_ac_ct_OTOOL64=otool64
ac_cv_prog_ac_ct_OTOOL=otool
ac_cv_prog_ac_ct_RANLIB=ranlib
ac_cv_prog_ac_ct_STRIP=strip
ac_cv_prog_cc_c89=
ac_cv_prog_cc_g=yes
ac_cv_prog_make_make_set=yes
ac_cv_sys_file_offset_bits=no
ac_cv_sys_largefile_CC=no
ac_cv_sys_largefile_source=no
ac_cv_type_mode_t=yes
am_cv_CC_dependencies_compiler_type=gcc3
am_cv_python_platform=darwin
am_cv_python_pyexecdir='${exec_prefix}/lib/python2.5/site-packages'
am_cv_python_pythondir='${prefix}/lib/python2.5/site-packages'
am_cv_python_version=2.5
am_cv_val_LC_MESSAGES=yes
gt_cv_func_dgettext_libc=no
gt_cv_func_dgettext_libintl=yes
gt_cv_func_ngettext_libc=no
gt_cv_have_gettext=yes
lt_cv_apple_cc_single_mod=yes
lt_cv_deplibs_check_method=pass_all
lt_cv_file_magic_cmd='$MAGIC_CMD'
lt_cv_file_magic_test_file=
lt_cv_ld_exported_symbols_list=yes
lt_cv_ld_reload_flag=-r
lt_cv_nm_interface='BSD nm'
lt_cv_objdir=.libs
lt_cv_path_LD=/usr/bin/ld
lt_cv_path_NM='/usr/bin/nm -p'
lt_cv_prog_compiler_c_o=yes
lt_cv_prog_compiler_pic_works=yes
lt_cv_prog_compiler_rtti_exceptions=no
lt_cv_prog_compiler_static_works=no
lt_cv_prog_gnu_ld=no
lt_cv_sys_global_symbol_pipe='sed -n -e '\''s/^.*[	 ]\([BCDEGRST][BCDEGRST]*\)[	 ][	 ]*_\([_A-Za-z][_A-Za-z0-9]*\)$/\1 _\2 \2/p'\'''
lt_cv_sys_global_symbol_to_c_name_address='sed -n -e '\''s/^: \([^ ]*\) $/  {\"\1\", (void *) 0},/p'\'' -e '\''s/^[BCDEGRST]* \([^ ]*\) \([^ ]*\)$/  {"\2", (void *) \&\2},/p'\'''
lt_cv_sys_global_symbol_to_c_name_address_lib_prefix='sed -n -e '\''s/^: \([^ ]*\) $/  {\"\1\", (void *) 0},/p'\'' -e '\''s/^[BCDEGRST]* \([^ ]*\) \(lib[^ ]*\)$/  {"\2", (void *) \&\2},/p'\'' -e '\''s/^[BCDEGRST]* \([^ ]*\) \([^ ]*\)$/  {"lib\2", (void *) \&\2},/p'\'''
lt_cv_sys_global_symbol_to_cdecl='sed -n -e '\''s/^T .* \(.*\)$/extern int \1();/p'\'' -e '\''s/^[BCDEGRST]* .* \(.*\)$/extern char \1;/p'\'''
lt_cv_sys_max_cmd_len=196608
pkg_cv_GDK_PIXBUF_CFLAGS='-D_REENTRANT -I/usr/local/include/gdk-pixbuf-2.0 -I/usr/local/include/libpng14 -I/usr/local/include/glib-2.0 -I/usr/local/lib/glib-2.0/include  '
pkg_cv_GDK_PIXBUF_LIBS='-L/usr/local/lib -lgdk_pixbuf-2.0 -lgobject-2.0 -lgthread-2.0 -lglib-2.0 -lintl  '
pkg_cv_LIBGSF_CFLAGS='-D_REENTRANT -I/usr/local/include/glib-2.0 -I/usr/local/lib/glib-2.0/include -I/usr/local/include/libxml2  '
pkg_cv_LIBGSF_GIO_CFLAGS='-D_REENTRANT -I/usr/local/include/glib-2.0 -I/usr/local/lib/glib-2.0/include  '
pkg_cv_LIBGSF_GIO_LIBS='-L/usr/local/lib -lgio-2.0 -lgobject-2.0 -lgmodule-2.0 -lgthread-2.0 -lglib-2.0 -lintl  '
pkg_cv_LIBGSF_LIBS='-L/usr/local/lib -lgobject-2.0 -lgthread-2.0 -lglib-2.0 -lintl -lxml2  '

## ----------------- ##
## Output variables. ##
## ----------------- ##

ACLOCAL='${SHELL} /home/chris/libgsf-1.14.22/missing --run aclocal-1.11'
ACLOCAL_AMFLAGS=''
ALL_LINGUAS=''
AMDEPBACKSLASH='\'
AMDEP_FALSE='#'
AMDEP_TRUE=''
AMTAR='${SHELL} /home/chris/libgsf-1.14.22/missing --run tar'
AM_BACKSLASH='\'
AM_DEFAULT_VERBOSITY='0'
AR='ar'
AS='as'
AUTOCONF='${SHELL} /home/chris/libgsf-1.14.22/missing --run autoconf'
AUTOHEADER='${SHELL} /home/chris/libgsf-1.14.22/missing --run autoheader'
AUTOMAKE='${SHELL} /home/chris/libgsf-1.14.22/missing --run automake-1.11'
AWK='gawk'
BZ2_LIBS=''
CATALOGS=''
CATOBJEXT='.gmo'
CC='/usr/bin/gcc'
CCDEPMODE='depmode=gcc3'
CFLAGS='-g -O2 -Wall -Wmissing-prototypes  -DG_DISABLE_DEPRECATED -Wno-system-headers -Wfloat-equal -Wpointer-arith -Wbad-function-cast -Wwrite-strings -Wsign-compare -Waggregate-return -Wstrict-prototypes -Wmissing-prototypes -Wmissing-declarations -Wformat=2 -Wnested-externs -Winline -Wdeclaration-after-statement -Wundef -W -Wmissing-noreturn -Wmissing-format-attribute -Wno-pointer-sign'
CPP='/usr/bin/gcc -E'
CPPFLAGS=''
CROSS_COMPILING_FALSE=''
CROSS_COMPILING_TRUE='#'
CURRENT_MINUS_AGE='114'
CYGPATH_W='echo'
DATADIRNAME='share'
DEFS='-DHAVE_CONFIG_H'
DEPDIR='.deps'
DLLTOOL='dlltool'
DSYMUTIL=':'
DUMPBIN=''
ECHO_C=''
ECHO_N='-n'
ECHO_T=''
EGREP='/bin/grep -E'
ENABLE_GTK_DOC_FALSE=''
ENABLE_GTK_DOC_TRUE='#'
EXEEXT=''
FGREP='/bin/grep -F'
GDK_PIXBUF_CFLAGS='-D_REENTRANT -I/usr/local/include/gdk-pixbuf-2.0 -I/usr/local/include/libpng14 -I/usr/local/include/glib-2.0 -I/usr/local/lib/glib-2.0/include  '
GDK_PIXBUF_LIBS='-L/usr/local/lib -lgdk_pixbuf-2.0 -lgobject-2.0 -lgthread-2.0 -lglib-2.0 -lintl  '
GETTEXT_PACKAGE='libgsf'
GMOFILES=''
GMSGFMT='/usr/local/bin/msgfmt'
GREP='/bin/grep'
GTKDOC_CHECK=''
GTKDOC_MKPDF=''
GTKDOC_REBASE='true'
GTK_DOC_BUILD_HTML_FALSE='#'
GTK_DOC_BUILD_HTML_TRUE=''
GTK_DOC_BUILD_PDF_FALSE=''
GTK_DOC_BUILD_PDF_TRUE='#'
GTK_DOC_INSTALLED_FALSE='#'
GTK_DOC_INSTALLED_TRUE=''
GTK_DOC_USE_LIBTOOL_FALSE='#'
GTK_DOC_USE_LIBTOOL_TRUE=''
GTK_DOC_USE_REBASE_FALSE='#'
GTK_DOC_USE_REBASE_TRUE=''
HAVE_LIBEXE_FALSE=''
HAVE_LIBEXE_TRUE='#'
HTML_DIR='${datadir}/gtk-doc/html'
INSTALL_DATA='${INSTALL} -m 644'
INSTALL_PROGRAM='${INSTALL}'
INSTALL_SCRIPT='${INSTALL}'
INSTALL_STRIP_PROGRAM='$(install_sh) -c -s'
INSTOBJEXT='.mo'
INTLLIBS='-lintl '
INTLTOOL_CAVES_RULE='%.caves:     %.caves.in     $(INTLTOOL_MERGE) $(wildcard $(top_srcdir)/po/*.po) ; LC_ALL=C $(INTLTOOL_MERGE) -d -u -c $(top_builddir)/po/.intltool-merge-cache $(top_srcdir)/po $< $@'
INTLTOOL_DESKTOP_RULE='%.desktop:   %.desktop.in   $(INTLTOOL_MERGE) $(wildcard $(top_srcdir)/po/*.po) ; LC_ALL=C $(INTLTOOL_MERGE) -d -u -c $(top_builddir)/po/.intltool-merge-cache $(top_srcdir)/po $< $@'
INTLTOOL_DIRECTORY_RULE='%.directory: %.directory.in $(INTLTOOL_MERGE) $(wildcard $(top_srcdir)/po/*.po) ; LC_ALL=C $(INTLTOOL_MERGE) -d -u -c $(top_builddir)/po/.intltool-merge-cache $(top_srcdir)/po $< $@'
INTLTOOL_EXTRACT='/usr/local/bin/intltool-extract'
INTLTOOL_KBD_RULE='%.kbd:       %.kbd.in       $(INTLTOOL_MERGE) $(wildcard $(top_srcdir)/po/*.po) ; LC_ALL=C $(INTLTOOL_MERGE) -x -u -m -c $(top_builddir)/po/.intltool-merge-cache $(top_srcdir)/po $< $@'
INTLTOOL_KEYS_RULE='%.keys:      %.keys.in      $(INTLTOOL_MERGE) $(wildcard $(top_srcdir)/po/*.po) ; LC_ALL=C $(INTLTOOL_MERGE) -k -u -c $(top_builddir)/po/.intltool-merge-cache $(top_srcdir)/po $< $@'
INTLTOOL_MERGE='/usr/local/bin/intltool-merge'
INTLTOOL_OAF_RULE='%.oaf:       %.oaf.in       $(INTLTOOL_MERGE) $(wildcard $(top_srcdir)/po/*.po) ; LC_ALL=C $(INTLTOOL_MERGE) -o -p $(top_srcdir)/po $< $@'
INTLTOOL_PERL='/usr/local/bin/perl'
INTLTOOL_POLICY_RULE='%.policy:    %.policy.in    $(INTLTOOL_MERGE) $(wildcard $(top_srcdir)/po/*.po) ; LC_ALL=C $(INTLTOOL_MERGE) -x -u -c $(top_builddir)/po/.intltool-merge-cache $(top_srcdir)/po $< $@'
INTLTOOL_PONG_RULE='%.pong:      %.pong.in      $(INTLTOOL_MERGE) $(wildcard $(top_srcdir)/po/*.po) ; LC_ALL=C $(INTLTOOL_MERGE) -x -u -c $(top_builddir)/po/.intltool-merge-cache $(top_srcdir)/po $< $@'
INTLTOOL_PROP_RULE='%.prop:      %.prop.in      $(INTLTOOL_MERGE) $(wildcard $(top_srcdir)/po/*.po) ; LC_ALL=C $(INTLTOOL_MERGE) -d -u -c $(top_builddir)/po/.intltool-merge-cache $(top_srcdir)/po $< $@'
INTLTOOL_SCHEMAS_RULE='%.schemas:   %.schemas.in   $(INTLTOOL_MERGE) $(wildcard $(top_srcdir)/po/*.po) ; LC_ALL=C $(INTLTOOL_MERGE) -s -u -c $(top_builddir)/po/.intltool-merge-cache $(top_srcdir)/po $< $@'
INTLTOOL_SERVER_RULE='%.server:    %.server.in    $(INTLTOOL_MERGE) $(wildcard $(top_srcdir)/po/*.po) ; LC_ALL=C $(INTLTOOL_MERGE) -o -u -c $(top_builddir)/po/.intltool-merge-cache $(top_srcdir)/po $< $@'
INTLTOOL_SERVICE_RULE='%.service: %.service.in   $(INTLTOOL_MERGE) $(wildcard $(top_srcdir)/po/*.po) ; LC_ALL=C $(INTLTOOL_MERGE) -d -u -c $(top_builddir)/po/.intltool-merge-cache $(top_srcdir)/po $< $@'
INTLTOOL_SHEET_RULE='%.sheet:     %.sheet.in     $(INTLTOOL_MERGE) $(wildcard $(top_srcdir)/po/*.po) ; LC_ALL=C $(INTLTOOL_MERGE) -x -u -c $(top_builddir)/po/.intltool-merge-cache $(top_srcdir)/po $< $@'
INTLTOOL_SOUNDLIST_RULE='%.soundlist: %.soundlist.in $(INTLTOOL_MERGE) $(wildcard $(top_srcdir)/po/*.po) ; LC_ALL=C $(INTLTOOL_MERGE) -d -u -c $(top_builddir)/po/.intltool-merge-cache $(top_srcdir)/po $< $@'
INTLTOOL_THEME_RULE='%.theme:     %.theme.in     $(INTLTOOL_MERGE) $(wildcard $(top_srcdir)/po/*.po) ; LC_ALL=C $(INTLTOOL_MERGE) -d -u -c $(top_builddir)/po/.intltool-merge-cache $(top_srcdir)/po $< $@'
INTLTOOL_UI_RULE='%.ui:        %.ui.in        $(INTLTOOL_MERGE) $(wildcard $(top_srcdir)/po/*.po) ; LC_ALL=C $(INTLTOOL_MERGE) -x -u -c $(top_builddir)/po/.intltool-merge-cache $(top_srcdir)/po $< $@'
INTLTOOL_UPDATE='/usr/local/bin/intltool-update'
INTLTOOL_XAM_RULE='%.xam:       %.xml.in       $(INTLTOOL_MERGE) $(wildcard $(top_srcdir)/po/*.po) ; LC_ALL=C $(INTLTOOL_MERGE) -x -u -c $(top_builddir)/po/.intltool-merge-cache $(top_srcdir)/po $< $@'
INTLTOOL_XML_NOMERGE_RULE='%.xml:       %.xml.in       $(INTLTOOL_MERGE) ; LC_ALL=C $(INTLTOOL_MERGE) -x -u /tmp $< $@'
INTLTOOL_XML_RULE='%.xml:       %.xml.in       $(INTLTOOL_MERGE) $(wildcard $(top_srcdir)/po/*.po) ; LC_ALL=C $(INTLTOOL_MERGE) -x -u -c $(top_builddir)/po/.intltool-merge-cache $(top_srcdir)/po $< $@'
LD='/usr/bin/ld'
LDFLAGS='-no-undefined '
LIBEXE=''
LIBGSF_CFLAGS='-D_REENTRANT -I/usr/local/include/glib-2.0 -I/usr/local/lib/glib-2.0/include -I/usr/local/include/libxml2  '
LIBGSF_GIO_CFLAGS='-D_REENTRANT -I/usr/local/include/glib-2.0 -I/usr/local/lib/glib-2.0/include  '
LIBGSF_GIO_LIBS='-L/usr/local/lib -lgio-2.0 -lgobject-2.0 -lgmodule-2.0 -lgthread-2.0 -lglib-2.0 -lintl  '
LIBGSF_LIBS='-L/usr/local/lib -lgobject-2.0 -lgthread-2.0 -lglib-2.0 -lintl -lxml2  '
LIBGSF_MAJOR_VERSION='1'
LIBGSF_MICRO_VERSION='22'
LIBGSF_MINOR_VERSION='14'
LIBOBJS=''
LIBS=''
LIBTOOL='$(SHELL) $(top_builddir)/libtool'
LIPO='lipo'
LN_S='ln -s'
LTLIBOBJS=''
MAINT=''
MAINTAINER_MODE_FALSE='#'
MAINTAINER_MODE_TRUE=''
MAKEINFO='${SHELL} /home/chris/libgsf-1.14.22/missing --run makeinfo'
MKDIR_P='/bin/mkdir -p'
MKINSTALLDIRS='./mkinstalldirs'
MSGFMT='/usr/local/bin/msgfmt'
MSGFMT_OPTS='-c'
MSGMERGE='/usr/local/bin/msgmerge'
NM='/usr/bin/nm -p'
NMEDIT='nmedit'
OBJDUMP='objdump'
OBJEXT='o'
OTOOL64='otool64'
OTOOL='otool'
PACKAGE='libgsf'
PACKAGE_BUGREPORT='http://bugzilla.gnome.org/enter_bug.cgi?product=libgsf'
PACKAGE_NAME='libgsf'
PACKAGE_STRING='libgsf 1.14.22'
PACKAGE_TARNAME='libgsf'
PACKAGE_URL=''
PACKAGE_VERSION='1.14.22'
PATH_SEPARATOR=':'
PKG_CONFIG='/usr/bin/pkg-config'
PKG_CONFIG_LIBDIR=''
PKG_CONFIG_PATH='/usr/local/lib/pkgconfig:/usr/lib/pkgconfig'
POFILES=''
POSUB='po'
PO_IN_DATADIR_FALSE=''
PO_IN_DATADIR_TRUE=''
PYGTK_CFLAGS=''
PYGTK_CODEGEN=''
PYGTK_LIBS=''
PYTHON='/usr/bin/python'
PYTHON_EXEC_PREFIX='${exec_prefix}'
PYTHON_INCLUDES='-I/usr/include/python2.5'
PYTHON_PLATFORM='darwin'
PYTHON_PREFIX='${prefix}'
PYTHON_VERSION='2.5'
RANLIB='ranlib'
SED='/bin/sed'
SET_MAKE=''
SHELL='/bin/sh'
STRIP='strip'
USE_NLS='yes'
VERSION='1.14.22'
VERSION_INFO='114:22:0'
WARN_CFLAGS='-Wall -Wmissing-prototypes '
WINDRES=''
WITH_GIO_FALSE='#'
WITH_GIO_TRUE=''
WITH_PYTHON_FALSE=''
WITH_PYTHON_TRUE='#'
WITH_WIN32_FALSE=''
WITH_WIN32_TRUE='#'
XGETTEXT='/usr/local/bin/xgettext'
Z_CPPFLAGS=''
Z_LIBS='-lz'
ac_ct_CC='/usr/bin/gcc'
ac_ct_DUMPBIN=''
am__EXEEXT_FALSE=''
am__EXEEXT_TRUE='#'
am__fastdepCC_FALSE='#'
am__fastdepCC_TRUE=''
am__include='include'
am__isrc=''
am__leading_dot='.'
am__quote=''
am__tar='${AMTAR} chof - "$$tardir"'
am__untar='${AMTAR} xf -'
bindir='${exec_prefix}/bin'
build='arm-apple-darwin10.4.0'
build_alias=''
build_cpu='arm'
build_os='darwin10.4.0'
build_vendor='apple'
datadir='${datarootdir}'
datarootdir='${prefix}/share'
docdir='${datarootdir}/doc/${PACKAGE_TARNAME}'
dvidir='${docdir}'
exec_prefix='${prefix}'
host='arm-apple-darwin10.4.0'
host_alias=''
host_cpu='arm'
host_os='darwin10.4.0'
host_vendor='apple'
htmldir='${docdir}'
includedir='${prefix}/include'
infodir='${datarootdir}/info'
install_sh='${SHELL} /home/chris/libgsf-1.14.22/install-sh'
libdir='${exec_prefix}/lib'
libexecdir='${exec_prefix}/libexec'
localedir='${datarootdir}/locale'
localstatedir='${prefix}/var'
lt_ECHO='echo'
mandir='${datarootdir}/man'
mkdir_p='/bin/mkdir -p'
oldincludedir='/usr/include'
pdfdir='${docdir}'
pkgpyexecdir='${pyexecdir}/libgsf'
pkgpythondir='${pythondir}/libgsf'
prefix='/usr/local'
program_transform_name='s,x,x,'
psdir='${docdir}'
pyexecdir='${exec_prefix}/lib/python2.5/site-packages'
pythondir='${prefix}/lib/python2.5/site-packages'
sbindir='${exec_prefix}/sbin'
sharedstatedir='${prefix}/com'
sysconfdir='${prefix}/etc'
target_alias=''

## ----------- ##
## confdefs.h. ##
## ----------- ##

/* confdefs.h */
#define PACKAGE_NAME "libgsf"
#define PACKAGE_TARNAME "libgsf"
#define PACKAGE_VERSION "1.14.22"
#define PACKAGE_STRING "libgsf 1.14.22"
#define PACKAGE_BUGREPORT "http://bugzilla.gnome.org/enter_bug.cgi?product=libgsf"
#define PACKAGE_URL ""
#define PACKAGE "libgsf"
#define VERSION "1.14.22"
#define STDC_HEADERS 1
#define HAVE_SYS_TYPES_H 1
#define HAVE_SYS_STAT_H 1
#define HAVE_STDLIB_H 1
#define HAVE_STRING_H 1
#define HAVE_MEMORY_H 1
#define HAVE_STRINGS_H 1
#define HAVE_INTTYPES_H 1
#define HAVE_STDINT_H 1
#define HAVE_UNISTD_H 1
#define HAVE_DLFCN_H 1
#define LT_OBJDIR ".libs/"
#define HAVE_FSEEKO 1
#define HAVE_LOCALE_H 1
#define HAVE_LC_MESSAGES 1
#define HAVE_BIND_TEXTDOMAIN_CODESET 1
#define HAVE_GETTEXT 1
#define HAVE_DCGETTEXT 1
#define ENABLE_NLS 1
#define GETTEXT_PACKAGE "libgsf"
#define HAVE_FCNTL_H 1
#define HAVE_UNISTD_H 1
#define HAVE_SYS_PARAM_H 1
#define HAVE_SYS_MOUNT_H 1
#define HAVE_STDLIB_H 1
#define HAVE_UNISTD_H 1
#define HAVE_SYS_PARAM_H 1
#define HAVE_GETPAGESIZE 1
#define HAVE_MMAP 1
#define HAVE_2ARG_STATFS 1
#define HAVE_CHOWN 1
#define HAVE_SETRLIMIT 1
#define HAVE_GMTIME_R 1
#define HAVE_STRUCT_TM_TM_GMTOFF 1
#define HAVE_G_CHMOD 1
#define HAVE_G_ACCESS 1
#define HAVE_GDK_PIXBUF 1

configure: exit 0
