This file contains any messages produced by compilers while
running configure, to aid debugging if configure makes a mistake.

It was created by xclip configure 0.12, which was
generated by GNU Autoconf 2.63.  Invocation command line was

  $ ./configure 

## --------- ##
## Platform. ##
## --------- ##

hostname = Chriss-iPad
uname -m = iPad1,1
uname -r = 11.0.0
uname -s = Darwin
uname -v = Darwin Kernel Version 11.0.0: Sun Apr  8 21:51:26 PDT 2012; root:xnu-1878.11.10~1/RELEASE_ARM_S5L8930X

/usr/bin/uname -p = unknown
/bin/uname -X     = unknown

/bin/arch              = unknown
/usr/bin/arch -k       = unknown
/usr/convex/getsysinfo = unknown
/usr/bin/hostinfo      = Mach kernel version:
	 Darwin Kernel Version 11.0.0: Sun Apr  8 21:51:26 PDT 2012; root:xnu-1878.11.10~1/RELEASE_ARM_S5L8930X
Kernel configured for a single processor only.
1 processor is physically available.
1 processor is logically available.
Processor type: armv7 (arm v7)
Processor active: 0
Primary memory available: 246.98 megabytes
Default processor set: 48 tasks, 276 threads, 1 processors
Load average: 1.42, Mach factor: 0.37
/bin/machine           = unknown
/usr/bin/oslevel       = unknown
/bin/universe          = unknown

PATH: /usr/local/sbin
PATH: /usr/local/bin
PATH: /usr/sbin
PATH: /usr/bin
PATH: /sbin
PATH: /bin
PATH: /usr/bin/X11
PATH: /usr/games
PATH: /usr/local/Gambit-C/bin


## ----------- ##
## Core tests. ##
## ----------- ##

configure:1846: checking for gcc
configure:1873: result: /usr/bin/gcc
configure:2105: checking for C compiler version
configure:2113: /usr/bin/gcc --version >&5
gcc (GCC) 4.2.1 (Based on Apple Inc. build 5555)
Copyright (C) 2007 Free Software Foundation, Inc.
This is free software; see the source for copying conditions.  There is NO
warranty; not even for MERCHANTABILITY or FITNESS FOR A PARTICULAR PURPOSE.

configure:2117: $? = 0
configure:2124: /usr/bin/gcc -v >&5
Using built-in specs.
Target: arm-apple-darwin9
Configured with: ../llvm-gcc-4.2/configure --build=x86_64-unknown-linux-gnu --host=arm-apple-darwin9 --enable-static=no --enable-shared=yes --prefix=/usr --localstatedir=/var/cache/iphone-gcc --enable-languages=c,c++,objc,obj-c++ --enable-wchar_t=no --with-gxx-include-dir=/usr/include/c++/4.0.0
Thread model: posix
gcc version 4.2.1 (Based on Apple Inc. build 5555)
configure:2128: $? = 0
configure:2135: /usr/bin/gcc -V >&5
gcc: '-V' option must have argument
configure:2139: $? = 1
configure:2162: checking for C compiler default output file name
configure:2184: /usr/bin/gcc    conftest.c  >&5
configure:2188: $? = 0
configure:2226: result: a.out
configure:2245: checking whether the C compiler works
configure:2255: ./a.out
./configure: line 2257: 31464 Killed: 9               ./$ac_file
configure:2259: $? = 137
configure:2270: result: yes
configure:2277: checking whether we are cross compiling
configure:2279: result: no
configure:2282: checking for suffix of executables
configure:2289: /usr/bin/gcc -o conftest    conftest.c  >&5
configure:2293: $? = 0
configure:2319: result: 
configure:2325: checking for suffix of object files
configure:2351: /usr/bin/gcc -c   conftest.c >&5
configure:2355: $? = 0
configure:2380: result: o
configure:2384: checking whether we are using the GNU C compiler
configure:2413: /usr/bin/gcc -c   conftest.c >&5
configure:2420: $? = 0
configure:2437: result: yes
configure:2446: checking whether /usr/bin/gcc accepts -g
configure:2476: /usr/bin/gcc -c -g  conftest.c >&5
configure:2483: $? = 0
configure:2584: result: yes
configure:2601: checking for /usr/bin/gcc option to accept ISO C89
configure:2675: /usr/bin/gcc  -c -g -O2  conftest.c >&5
configure:2682: $? = 0
configure:2705: result: none needed
configure:2772: checking for a BSD-compatible install
configure:2840: result: /usr/bin/install -c
configure:2863: checking how to run the C preprocessor
configure:2903: /usr/bin/gcc -E  conftest.c
configure:2910: $? = 0
configure:2941: /usr/bin/gcc -E  conftest.c
conftest.c:8:28: error: ac_nonexistent.h: No such file or directory
configure:2948: $? = 1
configure: failed program was:
| /* confdefs.h.  */
| #define PACKAGE_NAME "xclip"
| #define PACKAGE_TARNAME "xclip"
| #define PACKAGE_VERSION "0.12"
| #define PACKAGE_STRING "xclip 0.12"
| #define PACKAGE_BUGREPORT ""
| /* end confdefs.h.  */
| #include <ac_nonexistent.h>
configure:2981: result: /usr/bin/gcc -E
configure:3010: /usr/bin/gcc -E  conftest.c
configure:3017: $? = 0
configure:3048: /usr/bin/gcc -E  conftest.c
conftest.c:8:28: error: ac_nonexistent.h: No such file or directory
configure:3055: $? = 1
configure: failed program was:
| /* confdefs.h.  */
| #define PACKAGE_NAME "xclip"
| #define PACKAGE_TARNAME "xclip"
| #define PACKAGE_VERSION "0.12"
| #define PACKAGE_STRING "xclip 0.12"
| #define PACKAGE_BUGREPORT ""
| /* end confdefs.h.  */
| #include <ac_nonexistent.h>
configure:3095: checking for grep that handles long lines and -e
configure:3155: result: /bin/grep
configure:3160: checking for egrep
configure:3224: result: /bin/grep -E
configure:3229: checking for ANSI C header files
configure:3259: /usr/bin/gcc -c -g -O2 -Wall  conftest.c >&5
configure:3266: $? = 0
configure:3365: /usr/bin/gcc -o conftest -g -O2 -Wall   conftest.c  >&5
configure:3369: $? = 0
configure:3375: ./conftest
./configure: line 3377: 31644 Killed: 9               ./conftest$ac_exeext
configure:3379: $? = 137
configure: program exited with status 137
configure: failed program was:
| /* confdefs.h.  */
| #define PACKAGE_NAME "xclip"
| #define PACKAGE_TARNAME "xclip"
| #define PACKAGE_VERSION "0.12"
| #define PACKAGE_STRING "xclip 0.12"
| #define PACKAGE_BUGREPORT ""
| /* end confdefs.h.  */
| #include <ctype.h>
| #include <stdlib.h>
| #if ((' ' & 0x0FF) == 0x020)
| # define ISLOWER(c) ('a' <= (c) && (c) <= 'z')
| # define TOUPPER(c) (ISLOWER(c) ? 'A' + ((c) - 'a') : (c))
| #else
| # define ISLOWER(c) 		   (('a' <= (c) && (c) <= 'i') 		     || ('j' <= (c) && (c) <= 'r') 		     || ('s' <= (c) && (c) <= 'z'))
| # define TOUPPER(c) (ISLOWER(c) ? ((c) | 0x40) : (c))
| #endif
| 
| #define XOR(e, f) (((e) && !(f)) || (!(e) && (f)))
| int
| main ()
| {
|   int i;
|   for (i = 0; i < 256; i++)
|     if (XOR (islower (i), ISLOWER (i))
| 	|| toupper (i) != TOUPPER (i))
|       return 2;
|   return 0;
| }
configure:3397: result: no
configure:3407: checking for X
configure:3522: /usr/bin/gcc -E  conftest.c
configure:3529: $? = 0
configure:3578: /usr/bin/gcc -o conftest -g -O2 -Wall   conftest.c -lX11  >&5
configure:3585: $? = 0
configure:3647: result: libraries , headers 
configure:3816: /usr/bin/gcc -o conftest -g -O2 -Wall   conftest.c   -lX11 >&5
configure:3823: $? = 0
configure:3991: checking for gethostbyname
configure:4047: /usr/bin/gcc -o conftest -g -O2 -Wall   conftest.c  >&5
configure:4054: $? = 0
configure:4074: result: yes
configure:4227: checking for connect
configure:4283: /usr/bin/gcc -o conftest -g -O2 -Wall   conftest.c  >&5
configure:4290: $? = 0
configure:4310: result: yes
configure:4386: checking for remove
configure:4442: /usr/bin/gcc -o conftest -g -O2 -Wall   conftest.c  >&5
configure:4449: $? = 0
configure:4469: result: yes
configure:4545: checking for shmat
configure:4601: /usr/bin/gcc -o conftest -g -O2 -Wall   conftest.c  >&5
configure:4608: $? = 0
configure:4628: result: yes
configure:4713: checking for IceConnectionNumber in -lICE
configure:4748: /usr/bin/gcc -o conftest -g -O2 -Wall   conftest.c -lICE   >&5
configure:4755: $? = 0
configure:4776: result: yes
configure:4829: checking for strip
configure:4845: found /usr/bin/strip
configure:4856: result: strip
configure:4892: checking for sys/types.h
configure:4913: /usr/bin/gcc -c -g -O2 -Wall  conftest.c >&5
configure:4920: $? = 0
configure:4937: result: yes
configure:4892: checking for sys/stat.h
configure:4913: /usr/bin/gcc -c -g -O2 -Wall  conftest.c >&5
configure:4920: $? = 0
configure:4937: result: yes
configure:4892: checking for stdlib.h
configure:4913: /usr/bin/gcc -c -g -O2 -Wall  conftest.c >&5
configure:4920: $? = 0
configure:4937: result: yes
configure:4892: checking for string.h
configure:4913: /usr/bin/gcc -c -g -O2 -Wall  conftest.c >&5
configure:4920: $? = 0
configure:4937: result: yes
configure:4892: checking for memory.h
configure:4913: /usr/bin/gcc -c -g -O2 -Wall  conftest.c >&5
configure:4920: $? = 0
configure:4937: result: yes
configure:4892: checking for strings.h
configure:4913: /usr/bin/gcc -c -g -O2 -Wall  conftest.c >&5
configure:4920: $? = 0
configure:4937: result: yes
configure:4892: checking for inttypes.h
configure:4913: /usr/bin/gcc -c -g -O2 -Wall  conftest.c >&5
configure:4920: $? = 0
configure:4937: result: yes
configure:4892: checking for stdint.h
configure:4913: /usr/bin/gcc -c -g -O2 -Wall  conftest.c >&5
configure:4920: $? = 0
configure:4937: result: yes
configure:4892: checking for unistd.h
configure:4913: /usr/bin/gcc -c -g -O2 -Wall  conftest.c >&5
configure:4920: $? = 0
configure:4937: result: yes
configure:4961: checking X11/Xmu/Atoms.h usability
configure:4978: /usr/bin/gcc -c -g -O2 -Wall  conftest.c >&5
configure:4985: $? = 0
configure:4999: result: yes
configure:5003: checking X11/Xmu/Atoms.h presence
configure:5018: /usr/bin/gcc -E  conftest.c
configure:5025: $? = 0
configure:5039: result: yes
configure:5067: checking for X11/Xmu/Atoms.h
configure:5074: result: yes
configure:5097: checking X11/Intrinsic.h usability
configure:5114: /usr/bin/gcc -c -g -O2 -Wall  conftest.c >&5
configure:5121: $? = 0
configure:5135: result: yes
configure:5139: checking X11/Intrinsic.h presence
configure:5154: /usr/bin/gcc -E  conftest.c
configure:5161: $? = 0
configure:5175: result: yes
configure:5203: checking for X11/Intrinsic.h
configure:5210: result: yes
configure:5224: checking for XmuClientWindow in -lXmu
configure:5259: /usr/bin/gcc -o conftest -g -O2 -Wall   conftest.c -lXmu   >&5
configure:5266: $? = 0
configure:5287: result: yes
configure:5443: creating ./config.status

## ---------------------- ##
## Running config.status. ##
## ---------------------- ##

This file was extended by xclip config.status 0.12, which was
generated by GNU Autoconf 2.63.  Invocation command line was

  CONFIG_FILES    = 
  CONFIG_HEADERS  = 
  CONFIG_LINKS    = 
  CONFIG_COMMANDS = 
  $ ./config.status 

on Chriss-iPad

config.status:655: creating Makefile

## ---------------- ##
## Cache variables. ##
## ---------------- ##

ac_cv_c_compiler_gnu=yes
ac_cv_env_CC_set=set
ac_cv_env_CC_value=/usr/bin/gcc
ac_cv_env_CFLAGS_set=
ac_cv_env_CFLAGS_value=
ac_cv_env_CPPFLAGS_set=
ac_cv_env_CPPFLAGS_value=
ac_cv_env_CPP_set=
ac_cv_env_CPP_value=
ac_cv_env_LDFLAGS_set=
ac_cv_env_LDFLAGS_value=
ac_cv_env_LIBS_set=
ac_cv_env_LIBS_value=
ac_cv_env_XMKMF_set=
ac_cv_env_XMKMF_value=
ac_cv_env_build_alias_set=
ac_cv_env_build_alias_value=
ac_cv_env_host_alias_set=
ac_cv_env_host_alias_value=
ac_cv_env_target_alias_set=
ac_cv_env_target_alias_value=
ac_cv_func_connect=yes
ac_cv_func_gethostbyname=yes
ac_cv_func_remove=yes
ac_cv_func_shmat=yes
ac_cv_have_x='have_x=yes	ac_x_includes='\'''\''	ac_x_libraries='\'''\'''
ac_cv_header_X11_Intrinsic_h=yes
ac_cv_header_X11_Xmu_Atoms_h=yes
ac_cv_header_inttypes_h=yes
ac_cv_header_memory_h=yes
ac_cv_header_stdc=no
ac_cv_header_stdint_h=yes
ac_cv_header_stdlib_h=yes
ac_cv_header_string_h=yes
ac_cv_header_strings_h=yes
ac_cv_header_sys_stat_h=yes
ac_cv_header_sys_types_h=yes
ac_cv_header_unistd_h=yes
ac_cv_lib_ICE_IceConnectionNumber=yes
ac_cv_lib_Xmu_XmuClientWindow=yes
ac_cv_objext=o
ac_cv_path_EGREP='/bin/grep -E'
ac_cv_path_GREP=/bin/grep
ac_cv_path_install='/usr/bin/install -c'
ac_cv_prog_CPP='/usr/bin/gcc -E'
ac_cv_prog_ac_ct_CC=/usr/bin/gcc
ac_cv_prog_ac_ct_STRIP=strip
ac_cv_prog_cc_c89=
ac_cv_prog_cc_g=yes

## ----------------- ##
## Output variables. ##
## ----------------- ##

CC='/usr/bin/gcc'
CFLAGS='-g -O2 -Wall'
CPP='/usr/bin/gcc -E'
CPPFLAGS=''
DEFS='-DPACKAGE_NAME=\"xclip\" -DPACKAGE_TARNAME=\"xclip\" -DPACKAGE_VERSION=\"0.12\" -DPACKAGE_STRING=\"xclip\ 0.12\" -DPACKAGE_BUGREPORT=\"\" -DHAVE_SYS_TYPES_H=1 -DHAVE_SYS_STAT_H=1 -DHAVE_STDLIB_H=1 -DHAVE_STRING_H=1 -DHAVE_MEMORY_H=1 -DHAVE_STRINGS_H=1 -DHAVE_INTTYPES_H=1 -DHAVE_STDINT_H=1 -DHAVE_UNISTD_H=1 -DHAVE_LIBXMU=1'
ECHO_C=''
ECHO_N='-n'
ECHO_T=''
EGREP='/bin/grep -E'
EXEEXT=''
GREP='/bin/grep'
INSTALL_DATA='${INSTALL} -m 644'
INSTALL_PROGRAM='${INSTALL}'
INSTALL_SCRIPT='${INSTALL}'
LDFLAGS=''
LIBOBJS=''
LIBS='-lXmu '
LTLIBOBJS=''
OBJEXT='o'
PACKAGE_BUGREPORT=''
PACKAGE_NAME='xclip'
PACKAGE_STRING='xclip 0.12'
PACKAGE_TARNAME='xclip'
PACKAGE_VERSION='0.12'
PATH_SEPARATOR=':'
SHELL='/bin/sh'
STRIP='strip'
XMKMF=''
X_CFLAGS=''
X_EXTRA_LIBS=''
X_LIBS=''
X_PRE_LIBS=' -lSM -lICE'
ac_ct_CC='/usr/bin/gcc'
bindir='${exec_prefix}/bin'
build_alias=''
datadir='${datarootdir}'
datarootdir='${prefix}/share'
docdir='${datarootdir}/doc/${PACKAGE_TARNAME}'
dvidir='${docdir}'
exec_prefix='${prefix}'
host_alias=''
htmldir='${docdir}'
includedir='${prefix}/include'
infodir='${datarootdir}/info'
libdir='${exec_prefix}/lib'
libexecdir='${exec_prefix}/libexec'
localedir='${datarootdir}/locale'
localstatedir='${prefix}/var'
mandir='${datarootdir}/man'
oldincludedir='/usr/include'
pdfdir='${docdir}'
prefix='/usr/local'
program_transform_name='s,x,x,'
psdir='${docdir}'
sbindir='${exec_prefix}/sbin'
sharedstatedir='${prefix}/com'
sysconfdir='${prefix}/etc'
target_alias=''

## ----------- ##
## confdefs.h. ##
## ----------- ##

#define PACKAGE_NAME "xclip"
#define PACKAGE_TARNAME "xclip"
#define PACKAGE_VERSION "0.12"
#define PACKAGE_STRING "xclip 0.12"
#define PACKAGE_BUGREPORT ""
#define HAVE_SYS_TYPES_H 1
#define HAVE_SYS_STAT_H 1
#define HAVE_STDLIB_H 1
#define HAVE_STRING_H 1
#define HAVE_MEMORY_H 1
#define HAVE_STRINGS_H 1
#define HAVE_INTTYPES_H 1
#define HAVE_STDINT_H 1
#define HAVE_UNISTD_H 1
#define HAVE_LIBXMU 1

configure: exit 0
