This file contains any messages produced by compilers while
running configure, to aid debugging if configure makes a mistake.

It was created by RenderProto configure 0.11.1, which was
generated by GNU Autoconf 2.63.  Invocation command line was

  $ ./configure 

## --------- ##
## Platform. ##
## --------- ##

hostname = Chriss-iPad
uname -m = iPad1,1
uname -r = 10.4.0
uname -s = Darwin
uname -v = Darwin Kernel Version 10.4.0: Wed Oct 20 20:14:45 PDT 2010; root:xnu-1504.58.28~3/RELEASE_ARM_S5L8930X

/usr/bin/uname -p = unknown
/bin/uname -X     = unknown

/bin/arch              = unknown
/usr/bin/arch -k       = unknown
/usr/convex/getsysinfo = unknown
/usr/bin/hostinfo      = Mach kernel version:
	 Darwin Kernel Version 10.4.0: Wed Oct 20 20:14:45 PDT 2010; root:xnu-1504.58.28~3/RELEASE_ARM_S5L8930X
Kernel configured for a single processor only.
1 processor is physically available.
1 processor is logically available.
Processor type: armv7 (arm v7)
Processor active: 0
Primary memory available: 247.00 megabytes
Default processor set: 34 tasks, 247 threads, 1 processors
Load average: 1.92, Mach factor: 0.28
/bin/machine           = unknown
/usr/bin/oslevel       = unknown
/bin/universe          = unknown

PATH: /usr/local/sbin
PATH: /usr/local/bin
PATH: /usr/sbin
PATH: /usr/bin
PATH: /sbin
PATH: /bin
PATH: /usr/bin/X11
PATH: /usr/games
PATH: /var/mobile/ocaml-3.12.0/bin


## ----------- ##
## Core tests. ##
## ----------- ##

configure:1918: checking for a BSD-compatible install
configure:1986: result: /usr/bin/install -c
configure:1997: checking whether build environment is sane
configure:2057: result: yes
configure:2198: checking for a thread-safe mkdir -p
configure:2237: result: /bin/mkdir -p
configure:2250: checking for gawk
configure:2266: found /usr/bin/gawk
configure:2277: result: gawk
configure:2288: checking whether make sets $(MAKE)
configure:2310: result: yes
configure:2393: checking whether to enable maintainer-specific portions of Makefiles
configure:2402: result: no
configure:2440: checking for style of include used by make
configure:2468: result: GNU
configure:2538: checking for gcc
configure:2565: result: /usr/bin/gcc
configure:2797: checking for C compiler version
configure:2805: /usr/bin/gcc --version >&5
gcc (GCC) 4.2.1 (Based on Apple Inc. build 5555)
Copyright (C) 2007 Free Software Foundation, Inc.
This is free software; see the source for copying conditions.  There is NO
warranty; not even for MERCHANTABILITY or FITNESS FOR A PARTICULAR PURPOSE.

configure:2809: $? = 0
configure:2816: /usr/bin/gcc -v >&5
Using built-in specs.
Target: arm-apple-darwin9
Configured with: ../llvm-gcc-4.2/configure --build=x86_64-unknown-linux-gnu --host=arm-apple-darwin9 --enable-static=no --enable-shared=yes --prefix=/usr --localstatedir=/var/cache/iphone-gcc --enable-languages=c,c++,objc,obj-c++ --enable-wchar_t=no --with-gxx-include-dir=/usr/include/c++/4.0.0
Thread model: posix
gcc version 4.2.1 (Based on Apple Inc. build 5555)
configure:2820: $? = 0
configure:2827: /usr/bin/gcc -V >&5
gcc: '-V' option must have argument
configure:2831: $? = 1
configure:2854: checking for C compiler default output file name
configure:2876: /usr/bin/gcc    conftest.c  >&5
configure:2880: $? = 0
configure:2918: result: a.out
configure:2937: checking whether the C compiler works
configure:2947: ./a.out
configure:2951: $? = 0
configure:2970: result: yes
configure:2977: checking whether we are cross compiling
configure:2979: result: no
configure:2982: checking for suffix of executables
configure:2989: /usr/bin/gcc -o conftest    conftest.c  >&5
configure:2993: $? = 0
configure:3019: result: 
configure:3025: checking for suffix of object files
configure:3051: /usr/bin/gcc -c   conftest.c >&5
configure:3055: $? = 0
configure:3080: result: o
configure:3084: checking whether we are using the GNU C compiler
configure:3113: /usr/bin/gcc -c   conftest.c >&5
configure:3120: $? = 0
configure:3137: result: yes
configure:3146: checking whether /usr/bin/gcc accepts -g
configure:3176: /usr/bin/gcc -c -g  conftest.c >&5
configure:3183: $? = 0
configure:3284: result: yes
configure:3301: checking for /usr/bin/gcc option to accept ISO C89
configure:3375: /usr/bin/gcc  -c -g -O2  conftest.c >&5
configure:3382: $? = 0
configure:3405: result: none needed
configure:3425: checking dependency style of /usr/bin/gcc
configure:3535: result: none
configure:3550: checking for /usr/bin/gcc option to accept ISO C99
configure:3709: /usr/bin/gcc  -c -g -O2  conftest.c >&5
conftest.c:60: error: expected ';', ',' or ')' before 'text'
conftest.c: In function 'main':
conftest.c:114: error: nested functions are disabled, use -fnested-functions to re-enable
conftest.c:114: error: expected '=', ',', ';', 'asm' or '__attribute__' before 'newvar'
conftest.c:114: error: 'newvar' undeclared (first use in this function)
conftest.c:114: error: (Each undeclared identifier is reported only once
conftest.c:114: error: for each function it appears in.)
conftest.c:124: error: 'for' loop initial declaration used outside C99 mode
configure:3716: $? = 1
configure: failed program was:
| /* confdefs.h.  */
| #define PACKAGE_NAME "RenderProto"
| #define PACKAGE_TARNAME "renderproto"
| #define PACKAGE_VERSION "0.11.1"
| #define PACKAGE_STRING "RenderProto 0.11.1"
| #define PACKAGE_BUGREPORT "https://bugs.freedesktop.org/enter_bug.cgi?product=xorg"
| #define PACKAGE "renderproto"
| #define VERSION "0.11.1"
| /* end confdefs.h.  */
| #include <stdarg.h>
| #include <stdbool.h>
| #include <stdlib.h>
| #include <wchar.h>
| #include <stdio.h>
| 
| // Check varargs macros.  These examples are taken from C99 6.10.3.5.
| #define debug(...) fprintf (stderr, __VA_ARGS__)
| #define showlist(...) puts (#__VA_ARGS__)
| #define report(test,...) ((test) ? puts (#test) : printf (__VA_ARGS__))
| static void
| test_varargs_macros (void)
| {
|   int x = 1234;
|   int y = 5678;
|   debug ("Flag");
|   debug ("X = %d\n", x);
|   showlist (The first, second, and third items.);
|   report (x>y, "x is %d but y is %d", x, y);
| }
| 
| // Check long long types.
| #define BIG64 18446744073709551615ull
| #define BIG32 4294967295ul
| #define BIG_OK (BIG64 / BIG32 == 4294967297ull && BIG64 % BIG32 == 0)
| #if !BIG_OK
|   your preprocessor is broken;
| #endif
| #if BIG_OK
| #else
|   your preprocessor is broken;
| #endif
| static long long int bignum = -9223372036854775807LL;
| static unsigned long long int ubignum = BIG64;
| 
| struct incomplete_array
| {
|   int datasize;
|   double data[];
| };
| 
| struct named_init {
|   int number;
|   const wchar_t *name;
|   double average;
| };
| 
| typedef const char *ccp;
| 
| static inline int
| test_restrict (ccp restrict text)
| {
|   // See if C++-style comments work.
|   // Iterate through items via the restricted pointer.
|   // Also check for declarations in for loops.
|   for (unsigned int i = 0; *(text+i) != '\0'; ++i)
|     continue;
|   return 0;
| }
| 
| // Check varargs and va_copy.
| static void
| test_varargs (const char *format, ...)
| {
|   va_list args;
|   va_start (args, format);
|   va_list args_copy;
|   va_copy (args_copy, args);
| 
|   const char *str;
|   int number;
|   float fnumber;
| 
|   while (*format)
|     {
|       switch (*format++)
| 	{
| 	case 's': // string
| 	  str = va_arg (args_copy, const char *);
| 	  break;
| 	case 'd': // int
| 	  number = va_arg (args_copy, int);
| 	  break;
| 	case 'f': // float
| 	  fnumber = va_arg (args_copy, double);
| 	  break;
| 	default:
| 	  break;
| 	}
|     }
|   va_end (args_copy);
|   va_end (args);
| }
| 
| int
| main ()
| {
| 
|   // Check bool.
|   _Bool success = false;
| 
|   // Check restrict.
|   if (test_restrict ("String literal") == 0)
|     success = true;
|   char *restrict newvar = "Another string";
| 
|   // Check varargs.
|   test_varargs ("s, d' f .", "string", 65, 34.234);
|   test_varargs_macros ();
| 
|   // Check flexible array members.
|   struct incomplete_array *ia =
|     malloc (sizeof (struct incomplete_array) + (sizeof (double) * 10));
|   ia->datasize = 10;
|   for (int i = 0; i < ia->datasize; ++i)
|     ia->data[i] = i * 1.234;
| 
|   // Check named initializers.
|   struct named_init ni = {
|     .number = 34,
|     .name = L"Test wide string",
|     .average = 543.34343,
|   };
| 
|   ni.number = 58;
| 
|   int dynamic_array[ni.number];
|   dynamic_array[ni.number - 1] = 543;
| 
|   // work around unused variable warnings
|   return (!success || bignum == 0LL || ubignum == 0uLL || newvar[0] == 'x'
| 	  || dynamic_array[ni.number - 1] != 543);
| 
|   ;
|   return 0;
| }
configure:3709: /usr/bin/gcc -std=gnu99 -c -g -O2  conftest.c >&5
configure:3716: $? = 0
configure:3746: result: -std=gnu99
configure:3758: checking how to run the C preprocessor
configure:3798: /usr/bin/gcc -std=gnu99 -E  conftest.c
configure:3805: $? = 0
configure:3836: /usr/bin/gcc -std=gnu99 -E  conftest.c
conftest.c:10:28: error: ac_nonexistent.h: No such file or directory
configure:3843: $? = 1
configure: failed program was:
| /* confdefs.h.  */
| #define PACKAGE_NAME "RenderProto"
| #define PACKAGE_TARNAME "renderproto"
| #define PACKAGE_VERSION "0.11.1"
| #define PACKAGE_STRING "RenderProto 0.11.1"
| #define PACKAGE_BUGREPORT "https://bugs.freedesktop.org/enter_bug.cgi?product=xorg"
| #define PACKAGE "renderproto"
| #define VERSION "0.11.1"
| /* end confdefs.h.  */
| #include <ac_nonexistent.h>
configure:3876: result: /usr/bin/gcc -std=gnu99 -E
configure:3905: /usr/bin/gcc -std=gnu99 -E  conftest.c
configure:3912: $? = 0
configure:3943: /usr/bin/gcc -std=gnu99 -E  conftest.c
conftest.c:10:28: error: ac_nonexistent.h: No such file or directory
configure:3950: $? = 1
configure: failed program was:
| /* confdefs.h.  */
| #define PACKAGE_NAME "RenderProto"
| #define PACKAGE_TARNAME "renderproto"
| #define PACKAGE_VERSION "0.11.1"
| #define PACKAGE_STRING "RenderProto 0.11.1"
| #define PACKAGE_BUGREPORT "https://bugs.freedesktop.org/enter_bug.cgi?product=xorg"
| #define PACKAGE "renderproto"
| #define VERSION "0.11.1"
| /* end confdefs.h.  */
| #include <ac_nonexistent.h>
configure:3990: checking for grep that handles long lines and -e
configure:4050: result: /bin/grep
configure:4055: checking for egrep
configure:4119: result: /bin/grep -E
configure:4124: checking for ANSI C header files
configure:4154: /usr/bin/gcc -std=gnu99 -c -g -O2  conftest.c >&5
configure:4161: $? = 0
configure:4260: /usr/bin/gcc -std=gnu99 -o conftest -g -O2   conftest.c  >&5
configure:4264: $? = 0
configure:4270: ./conftest
configure:4274: $? = 0
configure:4292: result: yes
configure:4316: checking for sys/types.h
configure:4337: /usr/bin/gcc -std=gnu99 -c -g -O2  conftest.c >&5
configure:4344: $? = 0
configure:4361: result: yes
configure:4316: checking for sys/stat.h
configure:4337: /usr/bin/gcc -std=gnu99 -c -g -O2  conftest.c >&5
configure:4344: $? = 0
configure:4361: result: yes
configure:4316: checking for stdlib.h
configure:4337: /usr/bin/gcc -std=gnu99 -c -g -O2  conftest.c >&5
configure:4344: $? = 0
configure:4361: result: yes
configure:4316: checking for string.h
configure:4337: /usr/bin/gcc -std=gnu99 -c -g -O2  conftest.c >&5
configure:4344: $? = 0
configure:4361: result: yes
configure:4316: checking for memory.h
configure:4337: /usr/bin/gcc -std=gnu99 -c -g -O2  conftest.c >&5
configure:4344: $? = 0
configure:4361: result: yes
configure:4316: checking for strings.h
configure:4337: /usr/bin/gcc -std=gnu99 -c -g -O2  conftest.c >&5
configure:4344: $? = 0
configure:4361: result: yes
configure:4316: checking for inttypes.h
configure:4337: /usr/bin/gcc -std=gnu99 -c -g -O2  conftest.c >&5
configure:4344: $? = 0
configure:4361: result: yes
configure:4316: checking for stdint.h
configure:4337: /usr/bin/gcc -std=gnu99 -c -g -O2  conftest.c >&5
configure:4344: $? = 0
configure:4361: result: yes
configure:4316: checking for unistd.h
configure:4337: /usr/bin/gcc -std=gnu99 -c -g -O2  conftest.c >&5
configure:4344: $? = 0
configure:4361: result: yes
configure:4424: checking for pkg-config
configure:4442: found /usr/bin/pkg-config
configure:4454: result: /usr/bin/pkg-config
configure:4479: checking pkg-config is at least version 0.9.0
configure:4482: result: yes
configure:4497: checking build system type
configure:4515: result: arm-apple-darwin10.4.0
configure:4537: checking host system type
configure:4552: result: arm-apple-darwin10.4.0
configure:4574: checking for a sed that does not truncate output
configure:4640: result: /bin/sed
configure:5179: creating ./config.status

## ---------------------- ##
## Running config.status. ##
## ---------------------- ##

This file was extended by RenderProto config.status 0.11.1, which was
generated by GNU Autoconf 2.63.  Invocation command line was

  CONFIG_FILES    = 
  CONFIG_HEADERS  = 
  CONFIG_LINKS    = 
  CONFIG_COMMANDS = 
  $ ./config.status 

on Chriss-iPad

config.status:733: creating Makefile
config.status:733: creating renderproto.pc
config.status:944: executing depfiles commands

## ---------------- ##
## Cache variables. ##
## ---------------- ##

ac_cv_build=arm-apple-darwin10.4.0
ac_cv_c_compiler_gnu=yes
ac_cv_env_CC_set=set
ac_cv_env_CC_value=/usr/bin/gcc
ac_cv_env_CFLAGS_set=
ac_cv_env_CFLAGS_value=
ac_cv_env_CPPFLAGS_set=
ac_cv_env_CPPFLAGS_value=
ac_cv_env_CPP_set=
ac_cv_env_CPP_value=
ac_cv_env_LDFLAGS_set=
ac_cv_env_LDFLAGS_value=
ac_cv_env_LIBS_set=
ac_cv_env_LIBS_value=
ac_cv_env_PKG_CONFIG_set=
ac_cv_env_PKG_CONFIG_value=
ac_cv_env_build_alias_set=
ac_cv_env_build_alias_value=
ac_cv_env_host_alias_set=
ac_cv_env_host_alias_value=
ac_cv_env_target_alias_set=
ac_cv_env_target_alias_value=
ac_cv_header_inttypes_h=yes
ac_cv_header_memory_h=yes
ac_cv_header_stdc=yes
ac_cv_header_stdint_h=yes
ac_cv_header_stdlib_h=yes
ac_cv_header_string_h=yes
ac_cv_header_strings_h=yes
ac_cv_header_sys_stat_h=yes
ac_cv_header_sys_types_h=yes
ac_cv_header_unistd_h=yes
ac_cv_host=arm-apple-darwin10.4.0
ac_cv_objext=o
ac_cv_path_EGREP='/bin/grep -E'
ac_cv_path_GREP=/bin/grep
ac_cv_path_SED=/bin/sed
ac_cv_path_ac_pt_PKG_CONFIG=/usr/bin/pkg-config
ac_cv_path_install='/usr/bin/install -c'
ac_cv_path_mkdir=/bin/mkdir
ac_cv_prog_AWK=gawk
ac_cv_prog_CPP='/usr/bin/gcc -std=gnu99 -E'
ac_cv_prog_ac_ct_CC=/usr/bin/gcc
ac_cv_prog_cc_c89=
ac_cv_prog_cc_c99=-std=gnu99
ac_cv_prog_cc_g=yes
ac_cv_prog_make_make_set=yes
am_cv_CC_dependencies_compiler_type=none

## ----------------- ##
## Output variables. ##
## ----------------- ##

ACLOCAL='${SHELL} /home/chris/renderproto-0.11.1/missing --run aclocal-1.11'
ADMIN_MAN_DIR='$(mandir)/man$(ADMIN_MAN_SUFFIX)'
ADMIN_MAN_SUFFIX='8'
AMDEPBACKSLASH='\'
AMDEP_FALSE='#'
AMDEP_TRUE=''
AMTAR='${SHELL} /home/chris/renderproto-0.11.1/missing --run tar'
AM_BACKSLASH='\'
AM_DEFAULT_VERBOSITY='0'
APP_MAN_DIR='$(mandir)/man$(APP_MAN_SUFFIX)'
APP_MAN_SUFFIX='1'
AUTOCONF='${SHELL} /home/chris/renderproto-0.11.1/missing --run autoconf'
AUTOHEADER='${SHELL} /home/chris/renderproto-0.11.1/missing --run autoheader'
AUTOMAKE='${SHELL} /home/chris/renderproto-0.11.1/missing --run automake-1.11'
AWK='gawk'
CC='/usr/bin/gcc -std=gnu99'
CCDEPMODE='depmode=none'
CFLAGS='-g -O2'
CHANGELOG_CMD='(GIT_DIR=$(top_srcdir)/.git git log > $(top_srcdir)/.changelog.tmp && mv $(top_srcdir)/.changelog.tmp $(top_srcdir)/ChangeLog) || (rm -f $(top_srcdir)/.changelog.tmp; touch $(top_srcdir)/ChangeLog; echo '\''git directory not found: installing possibly empty changelog.'\'' >&2)'
CPP='/usr/bin/gcc -std=gnu99 -E'
CPPFLAGS=''
CWARNFLAGS='-Wall -Wpointer-arith -Wstrict-prototypes -Wmissing-prototypes -Wmissing-declarations -Wnested-externs -fno-strict-aliasing -Wbad-function-cast -Wformat=2 -Wold-style-definition -Wdeclaration-after-statement '
CYGPATH_W='echo'
DEFS='-DPACKAGE_NAME=\"RenderProto\" -DPACKAGE_TARNAME=\"renderproto\" -DPACKAGE_VERSION=\"0.11.1\" -DPACKAGE_STRING=\"RenderProto\ 0.11.1\" -DPACKAGE_BUGREPORT=\"https://bugs.freedesktop.org/enter_bug.cgi\?product=xorg\" -DPACKAGE=\"renderproto\" -DVERSION=\"0.11.1\" -DSTDC_HEADERS=1 -DHAVE_SYS_TYPES_H=1 -DHAVE_SYS_STAT_H=1 -DHAVE_STDLIB_H=1 -DHAVE_STRING_H=1 -DHAVE_MEMORY_H=1 -DHAVE_STRINGS_H=1 -DHAVE_INTTYPES_H=1 -DHAVE_STDINT_H=1 -DHAVE_UNISTD_H=1 -DPACKAGE_VERSION_MAJOR=0 -DPACKAGE_VERSION_MINOR=11 -DPACKAGE_VERSION_PATCHLEVEL=1'
DEPDIR='.deps'
DRIVER_MAN_DIR='$(mandir)/man$(DRIVER_MAN_SUFFIX)'
DRIVER_MAN_SUFFIX='4'
ECHO_C=''
ECHO_N='-n'
ECHO_T=''
EGREP='/bin/grep -E'
EXEEXT=''
FILE_MAN_DIR='$(mandir)/man$(FILE_MAN_SUFFIX)'
FILE_MAN_SUFFIX='5'
GREP='/bin/grep'
INSTALL_CMD='(cp -f /INSTALL $(top_srcdir)/.INSTALL.tmp && mv $(top_srcdir)/.INSTALL.tmp $(top_srcdir)/INSTALL) || (rm -f $(top_srcdir)/.INSTALL.tmp; touch $(top_srcdir)/INSTALL; echo '\''util-macros "pkgdatadir" from xorg-macros.pc not found: installing possibly empty INSTALL.'\'' >&2)'
INSTALL_DATA='${INSTALL} -m 644'
INSTALL_PROGRAM='${INSTALL}'
INSTALL_SCRIPT='${INSTALL}'
INSTALL_STRIP_PROGRAM='$(install_sh) -c -s'
LDFLAGS=''
LIBOBJS=''
LIBS=''
LIB_MAN_DIR='$(mandir)/man$(LIB_MAN_SUFFIX)'
LIB_MAN_SUFFIX='3'
LTLIBOBJS=''
MAINT='#'
MAINTAINER_MODE_FALSE=''
MAINTAINER_MODE_TRUE='#'
MAKEINFO='${SHELL} /home/chris/renderproto-0.11.1/missing --run makeinfo'
MAN_SUBSTS='	-e '\''s|__vendorversion__|"$(PACKAGE_STRING)" "$(XORG_MAN_PAGE)"|'\'' 	-e '\''s|__xorgversion__|"$(PACKAGE_STRING)" "$(XORG_MAN_PAGE)"|'\'' 	-e '\''s|__xservername__|Xorg|g'\'' 	-e '\''s|__xconfigfile__|xorg.conf|g'\'' 	-e '\''s|__projectroot__|$(prefix)|g'\'' 	-e '\''s|__appmansuffix__|$(APP_MAN_SUFFIX)|g'\'' 	-e '\''s|__drivermansuffix__|$(DRIVER_MAN_SUFFIX)|g'\'' 	-e '\''s|__adminmansuffix__|$(ADMIN_MAN_SUFFIX)|g'\'' 	-e '\''s|__libmansuffix__|$(LIB_MAN_SUFFIX)|g'\'' 	-e '\''s|__miscmansuffix__|$(MISC_MAN_SUFFIX)|g'\'' 	-e '\''s|__filemansuffix__|$(FILE_MAN_SUFFIX)|g'\'''
MISC_MAN_DIR='$(mandir)/man$(MISC_MAN_SUFFIX)'
MISC_MAN_SUFFIX='7'
MKDIR_P='/bin/mkdir -p'
OBJEXT='o'
PACKAGE='renderproto'
PACKAGE_BUGREPORT='https://bugs.freedesktop.org/enter_bug.cgi?product=xorg'
PACKAGE_NAME='RenderProto'
PACKAGE_STRING='RenderProto 0.11.1'
PACKAGE_TARNAME='renderproto'
PACKAGE_VERSION='0.11.1'
PATH_SEPARATOR=':'
PKG_CONFIG='/usr/bin/pkg-config'
SED='/bin/sed'
SET_MAKE=''
SHELL='/bin/sh'
STRIP=''
VERSION='0.11.1'
XORG_MAN_PAGE='X Version 11'
ac_ct_CC='/usr/bin/gcc'
am__EXEEXT_FALSE=''
am__EXEEXT_TRUE='#'
am__fastdepCC_FALSE=''
am__fastdepCC_TRUE='#'
am__include='include'
am__isrc=''
am__leading_dot='.'
am__quote=''
am__tar='${AMTAR} chof - "$$tardir"'
am__untar='${AMTAR} xf -'
bindir='${exec_prefix}/bin'
build='arm-apple-darwin10.4.0'
build_alias=''
build_cpu='arm'
build_os='darwin10.4.0'
build_vendor='apple'
datadir='${datarootdir}'
datarootdir='${prefix}/share'
docdir='${datarootdir}/doc/${PACKAGE_TARNAME}'
dvidir='${docdir}'
exec_prefix='${prefix}'
host='arm-apple-darwin10.4.0'
host_alias=''
host_cpu='arm'
host_os='darwin10.4.0'
host_vendor='apple'
htmldir='${docdir}'
includedir='${prefix}/include'
infodir='${datarootdir}/info'
install_sh='${SHELL} /home/chris/renderproto-0.11.1/install-sh'
libdir='${exec_prefix}/lib'
libexecdir='${exec_prefix}/libexec'
localedir='${datarootdir}/locale'
localstatedir='${prefix}/var'
mandir='${datarootdir}/man'
mkdir_p='/bin/mkdir -p'
oldincludedir='/usr/include'
pdfdir='${docdir}'
prefix='/usr/local'
program_transform_name='s,x,x,'
psdir='${docdir}'
sbindir='${exec_prefix}/sbin'
sharedstatedir='${prefix}/com'
sysconfdir='${prefix}/etc'
target_alias=''

## ----------- ##
## confdefs.h. ##
## ----------- ##

#define PACKAGE_NAME "RenderProto"
#define PACKAGE_TARNAME "renderproto"
#define PACKAGE_VERSION "0.11.1"
#define PACKAGE_STRING "RenderProto 0.11.1"
#define PACKAGE_BUGREPORT "https://bugs.freedesktop.org/enter_bug.cgi?product=xorg"
#define PACKAGE "renderproto"
#define VERSION "0.11.1"
#define STDC_HEADERS 1
#define HAVE_SYS_TYPES_H 1
#define HAVE_SYS_STAT_H 1
#define HAVE_STDLIB_H 1
#define HAVE_STRING_H 1
#define HAVE_MEMORY_H 1
#define HAVE_STRINGS_H 1
#define HAVE_INTTYPES_H 1
#define HAVE_STDINT_H 1
#define HAVE_UNISTD_H 1
#define PACKAGE_VERSION_MAJOR 0
#define PACKAGE_VERSION_MINOR 11
#define PACKAGE_VERSION_PATCHLEVEL 1

configure: exit 0
