This file contains any messages produced by compilers while
running configure, to aid debugging if configure makes a mistake.

It was created by x11perf configure 1.5, which was
generated by GNU Autoconf 2.61.  Invocation command line was

  $ ./configure 

## --------- ##
## Platform. ##
## --------- ##

hostname = Chriss-iPad
uname -m = iPad1,1
uname -r = 10.4.0
uname -s = Darwin
uname -v = Darwin Kernel Version 10.4.0: Wed Oct 20 20:14:45 PDT 2010; root:xnu-1504.58.28~3/RELEASE_ARM_S5L8930X

/usr/bin/uname -p = unknown
/bin/uname -X     = unknown

/bin/arch              = unknown
/usr/bin/arch -k       = unknown
/usr/convex/getsysinfo = unknown
/usr/bin/hostinfo      = Mach kernel version:
	 Darwin Kernel Version 10.4.0: Wed Oct 20 20:14:45 PDT 2010; root:xnu-1504.58.28~3/RELEASE_ARM_S5L8930X
Kernel configured for a single processor only.
1 processor is physically available.
1 processor is logically available.
Processor type: armv7 (arm v7)
Processor active: 0
Primary memory available: 247.00 megabytes
Default processor set: 30 tasks, 228 threads, 1 processors
Load average: 2.27, Mach factor: 0.32
/bin/machine           = unknown
/usr/bin/oslevel       = unknown
/bin/universe          = unknown

PATH: /usr/local/sbin
PATH: /usr/local/bin
PATH: /usr/sbin
PATH: /usr/bin
PATH: /sbin
PATH: /bin
PATH: /usr/bin/X11
PATH: /usr/games
PATH: /var/mobile/ocaml-3.12.0/bin


## ----------- ##
## Core tests. ##
## ----------- ##

configure:1798: checking for a BSD-compatible install
configure:1854: result: /usr/bin/install -c
configure:1865: checking whether build environment is sane
configure:1908: result: yes
configure:1936: checking for a thread-safe mkdir -p
configure:1975: result: /bin/mkdir -p
configure:1988: checking for gawk
configure:2004: found /usr/bin/gawk
configure:2015: result: gawk
configure:2026: checking whether make sets $(MAKE)
configure:2047: result: yes
configure:2235: checking whether to enable maintainer-specific portions of Makefiles
configure:2244: result: no
configure:2309: checking for gcc
configure:2336: result: /usr/bin/gcc
configure:2574: checking for C compiler version
configure:2581: /usr/bin/gcc --version >&5
gcc (GCC) 4.2.1 (Based on Apple Inc. build 5555)
Copyright (C) 2007 Free Software Foundation, Inc.
This is free software; see the source for copying conditions.  There is NO
warranty; not even for MERCHANTABILITY or FITNESS FOR A PARTICULAR PURPOSE.

configure:2584: $? = 0
configure:2591: /usr/bin/gcc -v >&5
Using built-in specs.
Target: arm-apple-darwin9
Configured with: ../llvm-gcc-4.2/configure --build=x86_64-unknown-linux-gnu --host=arm-apple-darwin9 --enable-static=no --enable-shared=yes --prefix=/usr --localstatedir=/var/cache/iphone-gcc --enable-languages=c,c++,objc,obj-c++ --enable-wchar_t=no --with-gxx-include-dir=/usr/include/c++/4.0.0
Thread model: posix
gcc version 4.2.1 (Based on Apple Inc. build 5555)
configure:2594: $? = 0
configure:2601: /usr/bin/gcc -V >&5
gcc: '-V' option must have argument
configure:2604: $? = 1
configure:2627: checking for C compiler default output file name
configure:2654: /usr/bin/gcc    conftest.c  >&5
configure:2657: $? = 0
configure:2695: result: a.out
configure:2712: checking whether the C compiler works
configure:2722: ./a.out
configure:2725: $? = 0
configure:2742: result: yes
configure:2749: checking whether we are cross compiling
configure:2751: result: no
configure:2754: checking for suffix of executables
configure:2761: /usr/bin/gcc -o conftest    conftest.c  >&5
configure:2764: $? = 0
configure:2788: result: 
configure:2794: checking for suffix of object files
configure:2820: /usr/bin/gcc -c   conftest.c >&5
configure:2823: $? = 0
configure:2846: result: o
configure:2850: checking whether we are using the GNU C compiler
configure:2879: /usr/bin/gcc -c   conftest.c >&5
configure:2885: $? = 0
configure:2902: result: yes
configure:2907: checking whether /usr/bin/gcc accepts -g
configure:2937: /usr/bin/gcc -c -g  conftest.c >&5
configure:2943: $? = 0
configure:3042: result: yes
configure:3059: checking for /usr/bin/gcc option to accept ISO C89
configure:3133: /usr/bin/gcc  -c -g -O2  conftest.c >&5
configure:3139: $? = 0
configure:3162: result: none needed
configure:3191: checking for style of include used by make
configure:3219: result: GNU
configure:3244: checking dependency style of /usr/bin/gcc
configure:3335: result: gcc3
configure:3363: checking for a BSD-compatible install
configure:3419: result: /usr/bin/install -c
configure:3433: checking for sed
configure:3451: found /bin/sed
configure:3463: result: /bin/sed
configure:3478: checking return type of signal handlers
configure:3506: /usr/bin/gcc -c -g -O2  conftest.c >&5
conftest.c: In function 'main':
conftest.c:16: error: void value not ignored as it ought to be
configure:3512: $? = 1
configure: failed program was:
| /* confdefs.h.  */
| #define PACKAGE_NAME "x11perf"
| #define PACKAGE_TARNAME "x11perf"
| #define PACKAGE_VERSION "1.5"
| #define PACKAGE_STRING "x11perf 1.5"
| #define PACKAGE_BUGREPORT "https://bugs.freedesktop.org/enter_bug.cgi?product=xorg"
| #define PACKAGE "x11perf"
| #define VERSION "1.5"
| /* end confdefs.h.  */
| #include <sys/types.h>
| #include <signal.h>
| 
| int
| main ()
| {
| return *(signal (0, 0)) (0) == 1;
|   ;
|   return 0;
| }
configure:3527: result: void
configure:3586: checking for pkg-config
configure:3604: found /usr/bin/pkg-config
configure:3616: result: /usr/bin/pkg-config
configure:3645: checking pkg-config is at least version 0.9.0
configure:3648: result: yes
configure:3659: checking for X11PERF
configure:3666: $PKG_CONFIG --exists --print-errors "x11 xmuu"
configure:3669: $? = 0
configure:3682: $PKG_CONFIG --exists --print-errors "x11 xmuu"
configure:3685: $? = 0
configure:3760: result: yes
configure:3770: checking for XRENDER
configure:3777: $PKG_CONFIG --exists --print-errors "xrender"
configure:3780: $? = 0
configure:3793: $PKG_CONFIG --exists --print-errors "xrender"
configure:3796: $? = 0
configure:3831: result: yes
configure:3850: checking for XFT
configure:3857: $PKG_CONFIG --exists --print-errors "xft"
configure:3860: $? = 0
configure:3873: $PKG_CONFIG --exists --print-errors "xft"
configure:3876: $? = 0
configure:3911: result: yes
configure:3930: checking for XEXT
configure:3937: $PKG_CONFIG --exists --print-errors "xext"
configure:3940: $? = 0
configure:3953: $PKG_CONFIG --exists --print-errors "xext"
configure:3956: $? = 0
configure:3991: result: yes
configure:4005: checking for XShmQueryExtension
configure:4061: /usr/bin/gcc -o conftest -g -O2   conftest.c -L/usr/local/lib -lXext    >&5
configure:4067: $? = 0
configure:4085: result: yes
configure:4109: checking build system type
configure:4127: result: arm-apple-darwin10.4.0
configure:4149: checking host system type
configure:4164: result: arm-apple-darwin10.4.0
configure:4420: creating ./config.status

## ---------------------- ##
## Running config.status. ##
## ---------------------- ##

This file was extended by x11perf config.status 1.5, which was
generated by GNU Autoconf 2.61.  Invocation command line was

  CONFIG_FILES    = 
  CONFIG_HEADERS  = 
  CONFIG_LINKS    = 
  CONFIG_COMMANDS = 
  $ ./config.status 

on Chriss-iPad

config.status:668: creating Makefile
config.status:668: creating config.h
config.status:939: executing depfiles commands

## ---------------- ##
## Cache variables. ##
## ---------------- ##

ac_cv_build=arm-apple-darwin10.4.0
ac_cv_c_compiler_gnu=yes
ac_cv_env_CC_set=set
ac_cv_env_CC_value=/usr/bin/gcc
ac_cv_env_CFLAGS_set=
ac_cv_env_CFLAGS_value=
ac_cv_env_CPPFLAGS_set=
ac_cv_env_CPPFLAGS_value=
ac_cv_env_LDFLAGS_set=
ac_cv_env_LDFLAGS_value=
ac_cv_env_LIBS_set=
ac_cv_env_LIBS_value=
ac_cv_env_PKG_CONFIG_set=
ac_cv_env_PKG_CONFIG_value=
ac_cv_env_X11PERF_CFLAGS_set=
ac_cv_env_X11PERF_CFLAGS_value=
ac_cv_env_X11PERF_LIBS_set=
ac_cv_env_X11PERF_LIBS_value=
ac_cv_env_XEXT_CFLAGS_set=
ac_cv_env_XEXT_CFLAGS_value=
ac_cv_env_XEXT_LIBS_set=
ac_cv_env_XEXT_LIBS_value=
ac_cv_env_XFT_CFLAGS_set=
ac_cv_env_XFT_CFLAGS_value=
ac_cv_env_XFT_LIBS_set=
ac_cv_env_XFT_LIBS_value=
ac_cv_env_XRENDER_CFLAGS_set=
ac_cv_env_XRENDER_CFLAGS_value=
ac_cv_env_XRENDER_LIBS_set=
ac_cv_env_XRENDER_LIBS_value=
ac_cv_env_build_alias_set=
ac_cv_env_build_alias_value=
ac_cv_env_host_alias_set=
ac_cv_env_host_alias_value=
ac_cv_env_target_alias_set=
ac_cv_env_target_alias_value=
ac_cv_func_XShmQueryExtension=yes
ac_cv_host=arm-apple-darwin10.4.0
ac_cv_objext=o
ac_cv_path_SED=/bin/sed
ac_cv_path_ac_pt_PKG_CONFIG=/usr/bin/pkg-config
ac_cv_path_install='/usr/bin/install -c'
ac_cv_path_mkdir=/bin/mkdir
ac_cv_prog_AWK=gawk
ac_cv_prog_ac_ct_CC=/usr/bin/gcc
ac_cv_prog_cc_c89=
ac_cv_prog_cc_g=yes
ac_cv_prog_make_make_set=yes
ac_cv_type_signal=void
am_cv_CC_dependencies_compiler_type=gcc3
pkg_cv_X11PERF_CFLAGS=' '
pkg_cv_X11PERF_LIBS='-L/usr/local/lib -lXmuu -lX11  '
pkg_cv_XEXT_CFLAGS=' '
pkg_cv_XEXT_LIBS='-L/usr/local/lib -lXext  '
pkg_cv_XFT_CFLAGS='-I/usr/local/include/freetype2  '
pkg_cv_XFT_LIBS='-L/usr/local/lib -lXft -lXrender -lfontconfig -lfreetype -lX11  '
pkg_cv_XRENDER_CFLAGS=' '
pkg_cv_XRENDER_LIBS='-L/usr/local/lib -lXrender -lX11  '

## ----------------- ##
## Output variables. ##
## ----------------- ##

ACLOCAL='${SHELL} /home/chris/xorg/x11perf-1.5/missing --run aclocal-1.10'
ADMIN_MAN_DIR='$(mandir)/man$(ADMIN_MAN_SUFFIX)'
ADMIN_MAN_SUFFIX='8'
AMDEPBACKSLASH='\'
AMDEP_FALSE='#'
AMDEP_TRUE=''
AMTAR='${SHELL} /home/chris/xorg/x11perf-1.5/missing --run tar'
APP_MAN_DIR='$(mandir)/man$(APP_MAN_SUFFIX)'
APP_MAN_SUFFIX='1'
AUTOCONF='${SHELL} /home/chris/xorg/x11perf-1.5/missing --run autoconf'
AUTOHEADER='${SHELL} /home/chris/xorg/x11perf-1.5/missing --run autoheader'
AUTOMAKE='${SHELL} /home/chris/xorg/x11perf-1.5/missing --run automake-1.10'
AWK='gawk'
CC='/usr/bin/gcc'
CCDEPMODE='depmode=gcc3'
CFLAGS='-g -O2'
CPPFLAGS=''
CYGPATH_W='echo'
DEFS='-DHAVE_CONFIG_H'
DEPDIR='.deps'
DRIVER_MAN_DIR='$(mandir)/man$(DRIVER_MAN_SUFFIX)'
DRIVER_MAN_SUFFIX='4'
ECHO_C=''
ECHO_N='-n'
ECHO_T=''
EXEEXT=''
FILE_MAN_DIR='$(mandir)/man$(FILE_MAN_SUFFIX)'
FILE_MAN_SUFFIX='5'
INSTALL_DATA='${INSTALL} -m 644'
INSTALL_PROGRAM='${INSTALL}'
INSTALL_SCRIPT='${INSTALL}'
INSTALL_STRIP_PROGRAM='$(install_sh) -c -s'
LDFLAGS=''
LIBOBJS=''
LIBS=''
LIB_MAN_DIR='$(mandir)/man$(LIB_MAN_SUFFIX)'
LIB_MAN_SUFFIX='3'
LTLIBOBJS=''
MAINT='#'
MAINTAINER_MODE_FALSE=''
MAINTAINER_MODE_TRUE='#'
MAKEINFO='${SHELL} /home/chris/xorg/x11perf-1.5/missing --run makeinfo'
MISC_MAN_DIR='$(mandir)/man$(MISC_MAN_SUFFIX)'
MISC_MAN_SUFFIX='7'
OBJEXT='o'
PACKAGE='x11perf'
PACKAGE_BUGREPORT='https://bugs.freedesktop.org/enter_bug.cgi?product=xorg'
PACKAGE_NAME='x11perf'
PACKAGE_STRING='x11perf 1.5'
PACKAGE_TARNAME='x11perf'
PACKAGE_VERSION='1.5'
PATH_SEPARATOR=':'
PKG_CONFIG='/usr/bin/pkg-config'
SED='/bin/sed'
SET_MAKE=''
SHELL='/bin/sh'
STRIP=''
VERSION='1.5'
X11PERF_CFLAGS=' '
X11PERF_LIBS='-L/usr/local/lib -lXmuu -lX11  '
XEXT_CFLAGS=' '
XEXT_LIBS='-L/usr/local/lib -lXext  '
XFT_CFLAGS='-I/usr/local/include/freetype2  '
XFT_LIBS='-L/usr/local/lib -lXft -lXrender -lfontconfig -lfreetype -lX11  '
XRENDER_CFLAGS=' '
XRENDER_LIBS='-L/usr/local/lib -lXrender -lX11  '
ac_ct_CC='/usr/bin/gcc'
am__fastdepCC_FALSE='#'
am__fastdepCC_TRUE=''
am__include='include'
am__isrc=''
am__leading_dot='.'
am__quote=''
am__tar='${AMTAR} chof - "$$tardir"'
am__untar='${AMTAR} xf -'
bindir='${exec_prefix}/bin'
build='arm-apple-darwin10.4.0'
build_alias=''
build_cpu='arm'
build_os='darwin10.4.0'
build_vendor='apple'
datadir='${datarootdir}'
datarootdir='${prefix}/share'
docdir='${datarootdir}/doc/${PACKAGE_TARNAME}'
dvidir='${docdir}'
exec_prefix='${prefix}'
host='arm-apple-darwin10.4.0'
host_alias=''
host_cpu='arm'
host_os='darwin10.4.0'
host_vendor='apple'
htmldir='${docdir}'
includedir='${prefix}/include'
infodir='${datarootdir}/info'
install_sh='$(SHELL) /home/chris/xorg/x11perf-1.5/install-sh'
libdir='${exec_prefix}/lib'
libexecdir='${exec_prefix}/libexec'
localedir='${datarootdir}/locale'
localstatedir='${prefix}/var'
mandir='${datarootdir}/man'
mkdir_p='/bin/mkdir -p'
oldincludedir='/usr/include'
pdfdir='${docdir}'
prefix='/usr/local'
program_transform_name='s,x,x,'
psdir='${docdir}'
sbindir='${exec_prefix}/sbin'
sharedstatedir='${prefix}/com'
sysconfdir='${prefix}/etc'
target_alias=''

## ----------- ##
## confdefs.h. ##
## ----------- ##

#define PACKAGE_NAME "x11perf"
#define PACKAGE_TARNAME "x11perf"
#define PACKAGE_VERSION "1.5"
#define PACKAGE_STRING "x11perf 1.5"
#define PACKAGE_BUGREPORT "https://bugs.freedesktop.org/enter_bug.cgi?product=xorg"
#define PACKAGE "x11perf"
#define VERSION "1.5"
#define RETSIGTYPE void
#define XRENDER 1
#define XFT 1
#define HAVE_XSHMQUERYEXTENSION 1
#define MITSHM 1
#define PACKAGE_VERSION_MAJOR 1
#define PACKAGE_VERSION_MINOR 5
#define PACKAGE_VERSION_PATCHLEVEL 0

configure: exit 0
