This file contains any messages produced by compilers while
running configure, to aid debugging if configure makes a mistake.

It was created by xfs configure 1.0.1, which was
generated by GNU Autoconf 2.59.  Invocation command line was

  $ ./configure 

## --------- ##
## Platform. ##
## --------- ##

hostname = Chriss-iPad
uname -m = iPad1,1
uname -r = 10.4.0
uname -s = Darwin
uname -v = Darwin Kernel Version 10.4.0: Wed Oct 20 20:14:45 PDT 2010; root:xnu-1504.58.28~3/RELEASE_ARM_S5L8930X

/usr/bin/uname -p = unknown
/bin/uname -X     = unknown

/bin/arch              = unknown
/usr/bin/arch -k       = unknown
/usr/convex/getsysinfo = unknown
hostinfo               = Mach kernel version:
	 Darwin Kernel Version 10.4.0: Wed Oct 20 20:14:45 PDT 2010; root:xnu-1504.58.28~3/RELEASE_ARM_S5L8930X
Kernel configured for a single processor only.
1 processor is physically available.
1 processor is logically available.
Processor type: armv7 (arm v7)
Processor active: 0
Primary memory available: 247.00 megabytes
Default processor set: 30 tasks, 235 threads, 1 processors
Load average: 1.86, Mach factor: 0.20
/bin/machine           = unknown
/usr/bin/oslevel       = unknown
/bin/universe          = unknown

PATH: /usr/local/sbin
PATH: /usr/local/bin
PATH: /usr/sbin
PATH: /usr/bin
PATH: /sbin
PATH: /bin
PATH: /usr/bin/X11
PATH: /usr/games
PATH: /var/mobile/ocaml-3.12.0/bin


## ----------- ##
## Core tests. ##
## ----------- ##

configure:1339: checking for a BSD-compatible install
configure:1394: result: /usr/bin/install -c
configure:1405: checking whether build environment is sane
configure:1448: result: yes
configure:1481: checking for gawk
configure:1497: found /usr/bin/gawk
configure:1507: result: gawk
configure:1517: checking whether make sets $(MAKE)
configure:1537: result: yes
configure:1701: checking whether to enable maintainer-specific portions of Makefiles
configure:1710: result: no
configure:1775: checking for gcc
configure:1801: result: /usr/bin/gcc
configure:2045: checking for C compiler version
configure:2048: /usr/bin/gcc --version </dev/null >&5
gcc (GCC) 4.2.1 (Based on Apple Inc. build 5555)
Copyright (C) 2007 Free Software Foundation, Inc.
This is free software; see the source for copying conditions.  There is NO
warranty; not even for MERCHANTABILITY or FITNESS FOR A PARTICULAR PURPOSE.

configure:2051: $? = 0
configure:2053: /usr/bin/gcc -v </dev/null >&5
Using built-in specs.
Target: arm-apple-darwin9
Configured with: ../llvm-gcc-4.2/configure --build=x86_64-unknown-linux-gnu --host=arm-apple-darwin9 --enable-static=no --enable-shared=yes --prefix=/usr --localstatedir=/var/cache/iphone-gcc --enable-languages=c,c++,objc,obj-c++ --enable-wchar_t=no --with-gxx-include-dir=/usr/include/c++/4.0.0
Thread model: posix
gcc version 4.2.1 (Based on Apple Inc. build 5555)
configure:2056: $? = 0
configure:2058: /usr/bin/gcc -V </dev/null >&5
gcc: '-V' option must have argument
configure:2061: $? = 1
configure:2084: checking for C compiler default output file name
configure:2087: /usr/bin/gcc    conftest.c  >&5
configure:2090: $? = 0
configure:2136: result: a.out
configure:2141: checking whether the C compiler works
configure:2147: ./a.out
configure:2150: $? = 0
configure:2167: result: yes
configure:2174: checking whether we are cross compiling
configure:2176: result: no
configure:2179: checking for suffix of executables
configure:2181: /usr/bin/gcc -o conftest    conftest.c  >&5
configure:2184: $? = 0
configure:2209: result: 
configure:2215: checking for suffix of object files
configure:2236: /usr/bin/gcc -c   conftest.c >&5
configure:2239: $? = 0
configure:2261: result: o
configure:2265: checking whether we are using the GNU C compiler
configure:2289: /usr/bin/gcc -c   conftest.c >&5
configure:2295: $? = 0
configure:2299: test -z 
			 || test ! -s conftest.err
configure:2302: $? = 0
configure:2305: test -s conftest.o
configure:2308: $? = 0
configure:2321: result: yes
configure:2327: checking whether /usr/bin/gcc accepts -g
configure:2348: /usr/bin/gcc -c -g  conftest.c >&5
configure:2354: $? = 0
configure:2358: test -z 
			 || test ! -s conftest.err
configure:2361: $? = 0
configure:2364: test -s conftest.o
configure:2367: $? = 0
configure:2378: result: yes
configure:2395: checking for /usr/bin/gcc option to accept ANSI C
configure:2465: /usr/bin/gcc  -c -g -O2  conftest.c >&5
configure:2471: $? = 0
configure:2475: test -z 
			 || test ! -s conftest.err
configure:2478: $? = 0
configure:2481: test -s conftest.o
configure:2484: $? = 0
configure:2502: result: none needed
configure:2520: /usr/bin/gcc -c -g -O2  conftest.c >&5
conftest.c:2: error: expected '=', ',', ';', 'asm' or '__attribute__' before 'me'
configure:2526: $? = 1
configure: failed program was:
| #ifndef __cplusplus
|   choke me
| #endif
configure:2670: checking for style of include used by make
configure:2698: result: GNU
configure:2726: checking dependency style of /usr/bin/gcc
configure:2809: result: gcc3
configure:2839: checking for a BSD-compatible install
configure:2894: result: /usr/bin/install -c
configure:2911: checking build system type
configure:2929: result: arm-apple-darwin10.4.0
configure:2937: checking host system type
configure:2951: result: arm-apple-darwin10.4.0
configure:3018: checking for pkg-config
configure:3036: found /usr/bin/pkg-config
configure:3048: result: /usr/bin/pkg-config
configure:3063: checking pkg-config is at least version 0.9.0
configure:3066: result: yes
configure:3077: checking for XFS
configure:3085: $PKG_CONFIG --exists --print-errors "libfs xfont xtrans"
configure:3088: $? = 0
configure:3103: $PKG_CONFIG --exists --print-errors "libfs xfont xtrans"
configure:3106: $? = 0
configure:3182: result: yes
configure:3192: checking return type of signal handlers
configure:3223: /usr/bin/gcc -c -g -O2  conftest.c >&5
configure:3229: $? = 0
configure:3233: test -z 
			 || test ! -s conftest.err
configure:3236: $? = 0
configure:3239: test -s conftest.o
configure:3242: $? = 0
configure:3253: result: void
configure:3276: checking if Xtrans should support UNIX socket connections
configure:3285: result: yes
configure:3287: checking if Xtrans should support TCP socket connections
configure:3289: result: yes
configure:3299: checking for library containing socket
configure:3329: /usr/bin/gcc -o conftest -g -O2   conftest.c  >&5
configure:3335: $? = 0
configure:3339: test -z 
			 || test ! -s conftest.err
configure:3342: $? = 0
configure:3345: test -s conftest
configure:3348: $? = 0
configure:3418: result: none required
configure:3425: checking for library containing gethostbyname
configure:3455: /usr/bin/gcc -o conftest -g -O2   conftest.c  >&5
configure:3461: $? = 0
configure:3465: test -z 
			 || test ! -s conftest.err
configure:3468: $? = 0
configure:3471: test -s conftest
configure:3474: $? = 0
configure:3544: result: none required
configure:3558: checking for getaddrinfo
configure:3615: /usr/bin/gcc -o conftest -g -O2   conftest.c  >&5
configure:3621: $? = 0
configure:3625: test -z 
			 || test ! -s conftest.err
configure:3628: $? = 0
configure:3631: test -s conftest
configure:3634: $? = 0
configure:3646: result: yes
configure:3655: checking if IPv6 support should be built
configure:3664: result: yes
configure:3668: checking for struct sockaddr_in.sin_len
configure:3696: /usr/bin/gcc -c -g -O2  conftest.c >&5
configure:3702: $? = 0
configure:3706: test -z 
			 || test ! -s conftest.err
configure:3709: $? = 0
configure:3712: test -s conftest.o
configure:3715: $? = 0
configure:3777: result: yes
configure:4024: creating ./config.status

## ---------------------- ##
## Running config.status. ##
## ---------------------- ##

This file was extended by xfs config.status 1.0.1, which was
generated by GNU Autoconf 2.59.  Invocation command line was

  CONFIG_FILES    = 
  CONFIG_HEADERS  = 
  CONFIG_LINKS    = 
  CONFIG_COMMANDS = 
  $ ./config.status 

on Chriss-iPad

config.status:711: creating Makefile
config.status:815: creating config.h
config.status:1091: executing depfiles commands

## ---------------- ##
## Cache variables. ##
## ---------------- ##

ac_cv_build=arm-apple-darwin10.4.0
ac_cv_build_alias=arm-apple-darwin10.4.0
ac_cv_c_compiler_gnu=yes
ac_cv_env_CC_set=set
ac_cv_env_CC_value=/usr/bin/gcc
ac_cv_env_CFLAGS_set=
ac_cv_env_CFLAGS_value=
ac_cv_env_CPPFLAGS_set=
ac_cv_env_CPPFLAGS_value=
ac_cv_env_LDFLAGS_set=
ac_cv_env_LDFLAGS_value=
ac_cv_env_PKG_CONFIG_set=
ac_cv_env_PKG_CONFIG_value=
ac_cv_env_XFS_CFLAGS_set=
ac_cv_env_XFS_CFLAGS_value=
ac_cv_env_XFS_LIBS_set=
ac_cv_env_XFS_LIBS_value=
ac_cv_env_build_alias_set=
ac_cv_env_build_alias_value=
ac_cv_env_host_alias_set=
ac_cv_env_host_alias_value=
ac_cv_env_target_alias_set=
ac_cv_env_target_alias_value=
ac_cv_exeext=
ac_cv_func_getaddrinfo=yes
ac_cv_host=arm-apple-darwin10.4.0
ac_cv_host_alias=arm-apple-darwin10.4.0
ac_cv_member_struct_sockaddr_in_sin_len=yes
ac_cv_objext=o
ac_cv_path_ac_pt_PKG_CONFIG=/usr/bin/pkg-config
ac_cv_path_install='/usr/bin/install -c'
ac_cv_prog_AWK=gawk
ac_cv_prog_ac_ct_CC=/usr/bin/gcc
ac_cv_prog_cc_g=yes
ac_cv_prog_cc_stdc=
ac_cv_prog_make_make_set=yes
ac_cv_search_gethostbyname='none required'
ac_cv_search_socket='none required'
ac_cv_type_signal=void
am_cv_CC_dependencies_compiler_type=gcc3
pkg_cv_XFS_CFLAGS='-D_BSD_SOURCE -DHAS_FCHOWN -DHAS_STICKY_DIR_BIT -I/usr/local/include/freetype2  '
pkg_cv_XFS_LIBS='-L/usr/local/lib -lFS -lXfont  '

## ----------------- ##
## Output variables. ##
## ----------------- ##

ACLOCAL='${SHELL} /home/chris/xfs-1.0.1/missing --run aclocal-1.7'
ADMIN_MAN_DIR='$(mandir)/man$(ADMIN_MAN_SUFFIX)'
ADMIN_MAN_SUFFIX='8'
AMDEPBACKSLASH='\'
AMDEP_FALSE='#'
AMDEP_TRUE=''
AMTAR='${SHELL} /home/chris/xfs-1.0.1/missing --run tar'
APP_MAN_DIR='$(mandir)/man$(APP_MAN_SUFFIX)'
APP_MAN_SUFFIX='1'
AUTOCONF='${SHELL} /home/chris/xfs-1.0.1/missing --run autoconf'
AUTOHEADER='${SHELL} /home/chris/xfs-1.0.1/missing --run autoheader'
AUTOMAKE='${SHELL} /home/chris/xfs-1.0.1/missing --run automake-1.7'
AWK='gawk'
CC='/usr/bin/gcc'
CCDEPMODE='depmode=gcc3'
CFLAGS='-g -O2'
CPPFLAGS=''
CYGPATH_W='echo'
DEFS='-DHAVE_CONFIG_H'
DEPDIR='.deps'
DRIVER_MAN_DIR='$(mandir)/man$(DRIVER_MAN_SUFFIX)'
DRIVER_MAN_SUFFIX='4'
ECHO_C=''
ECHO_N='-n'
ECHO_T=''
EXEEXT=''
FILE_MAN_DIR='$(mandir)/man$(FILE_MAN_SUFFIX)'
FILE_MAN_SUFFIX='5'
INSTALL_DATA='${INSTALL} -m 644'
INSTALL_PROGRAM='${INSTALL}'
INSTALL_SCRIPT='${INSTALL}'
INSTALL_STRIP_PROGRAM='${SHELL} $(install_sh) -c -s'
LDFLAGS=''
LIBOBJS=''
LIBS=''
LIB_MAN_DIR='$(mandir)/man$(LIB_MAN_SUFFIX)'
LIB_MAN_SUFFIX='3'
LTLIBOBJS=''
MAINT='#'
MAINTAINER_MODE_FALSE=''
MAINTAINER_MODE_TRUE='#'
MAKEINFO='${SHELL} /home/chris/xfs-1.0.1/missing --run makeinfo'
MISC_MAN_DIR='$(mandir)/man$(MISC_MAN_SUFFIX)'
MISC_MAN_SUFFIX='7'
OBJEXT='o'
PACKAGE='xfs'
PACKAGE_BUGREPORT='https://bugs.freedesktop.org/enter_bug.cgi?product=xorg'
PACKAGE_NAME='xfs'
PACKAGE_STRING='xfs 1.0.1'
PACKAGE_TARNAME='xfs'
PACKAGE_VERSION='1.0.1'
PATH_SEPARATOR=':'
PKG_CONFIG='/usr/bin/pkg-config'
SET_MAKE=''
SHELL='/bin/sh'
STRIP=''
VERSION='1.0.1'
XFS_CFLAGS='-D_BSD_SOURCE -DHAS_FCHOWN -DHAS_STICKY_DIR_BIT -I/usr/local/include/freetype2   '
XFS_LIBS='-L/usr/local/lib -lFS -lXfont  '
ac_ct_CC='/usr/bin/gcc'
ac_ct_STRIP=''
ac_pt_PKG_CONFIG='/usr/bin/pkg-config'
am__fastdepCC_FALSE='#'
am__fastdepCC_TRUE=''
am__include='include'
am__leading_dot='.'
am__quote=''
bindir='${exec_prefix}/bin'
build='arm-apple-darwin10.4.0'
build_alias=''
build_cpu='arm'
build_os='darwin10.4.0'
build_vendor='apple'
datadir='${prefix}/share'
exec_prefix='${prefix}'
host='arm-apple-darwin10.4.0'
host_alias=''
host_cpu='arm'
host_os='darwin10.4.0'
host_vendor='apple'
includedir='${prefix}/include'
infodir='${prefix}/info'
install_sh='/home/chris/xfs-1.0.1/install-sh'
libdir='${exec_prefix}/lib'
libexecdir='${exec_prefix}/libexec'
localstatedir='${prefix}/var'
mandir='${prefix}/man'
oldincludedir='/usr/include'
prefix='/usr/local'
program_transform_name='s,x,x,'
sbindir='${exec_prefix}/sbin'
sharedstatedir='${prefix}/com'
sysconfdir='${prefix}/etc'
target_alias=''

## ----------- ##
## confdefs.h. ##
## ----------- ##

#define BSD44SOCKETS 1
#define IPv6 1
#define PACKAGE "xfs"
#define PACKAGE_BUGREPORT "https://bugs.freedesktop.org/enter_bug.cgi?product=xorg"
#define PACKAGE_NAME "xfs"
#define PACKAGE_STRING "xfs 1.0.1"
#define PACKAGE_TARNAME "xfs"
#define PACKAGE_VERSION "1.0.1"
#define RETSIGTYPE void
#define TCPCONN 1
#define UNIXCONN 1
#define VERSION "1.0.1"

configure: exit 0
