This file contains any messages produced by compilers while
running configure, to aid debugging if configure makes a mistake.

It was created by XExtProto configure 7.0.3, which was
generated by GNU Autoconf 2.61.  Invocation command line was

  $ ./configure 

## --------- ##
## Platform. ##
## --------- ##

hostname = Chriss-iPad
uname -m = iPad1,1
uname -r = 10.4.0
uname -s = Darwin
uname -v = Darwin Kernel Version 10.4.0: Wed Oct 20 20:14:45 PDT 2010; root:xnu-1504.58.28~3/RELEASE_ARM_S5L8930X

/usr/bin/uname -p = unknown
/bin/uname -X     = unknown

/bin/arch              = unknown
/usr/bin/arch -k       = unknown
/usr/convex/getsysinfo = unknown
/usr/bin/hostinfo      = Mach kernel version:
	 Darwin Kernel Version 10.4.0: Wed Oct 20 20:14:45 PDT 2010; root:xnu-1504.58.28~3/RELEASE_ARM_S5L8930X
Kernel configured for a single processor only.
1 processor is physically available.
1 processor is logically available.
Processor type: armv7 (arm v7)
Processor active: 0
Primary memory available: 247.00 megabytes
Default processor set: 32 tasks, 240 threads, 1 processors
Load average: 2.20, Mach factor: 0.27
/bin/machine           = unknown
/usr/bin/oslevel       = unknown
/bin/universe          = unknown

PATH: /usr/local/sbin
PATH: /usr/local/bin
PATH: /usr/sbin
PATH: /usr/bin
PATH: /sbin
PATH: /bin
PATH: /usr/bin/X11
PATH: /usr/games
PATH: /var/mobile/ocaml-3.12.0/bin


## ----------- ##
## Core tests. ##
## ----------- ##

configure:1694: checking for a BSD-compatible install
configure:1750: result: /usr/bin/install -c
configure:1761: checking whether build environment is sane
configure:1804: result: yes
configure:1861: checking for gawk
configure:1877: found /usr/bin/gawk
configure:1888: result: gawk
configure:1899: checking whether make sets $(MAKE)
configure:1920: result: yes
configure:2273: creating ./config.status

## ---------------------- ##
## Running config.status. ##
## ---------------------- ##

This file was extended by XExtProto config.status 7.0.3, which was
generated by GNU Autoconf 2.61.  Invocation command line was

  CONFIG_FILES    = 
  CONFIG_HEADERS  = 
  CONFIG_LINKS    = 
  CONFIG_COMMANDS = 
  $ ./config.status 

on Chriss-iPad

config.status:585: creating Makefile
config.status:585: creating xextproto.pc

## ---------------- ##
## Cache variables. ##
## ---------------- ##

ac_cv_env_build_alias_set=
ac_cv_env_build_alias_value=
ac_cv_env_host_alias_set=
ac_cv_env_host_alias_value=
ac_cv_env_target_alias_set=
ac_cv_env_target_alias_value=
ac_cv_path_install='/usr/bin/install -c'
ac_cv_prog_AWK=gawk
ac_cv_prog_make_make_set=yes

## ----------------- ##
## Output variables. ##
## ----------------- ##

ACLOCAL='${SHELL} /home/chris/xorg/xextproto-7.0.3/missing --run aclocal-1.8'
AMTAR='${SHELL} /home/chris/xorg/xextproto-7.0.3/missing --run tar'
AUTOCONF='${SHELL} /home/chris/xorg/xextproto-7.0.3/missing --run autoconf'
AUTOHEADER='${SHELL} /home/chris/xorg/xextproto-7.0.3/missing --run autoheader'
AUTOMAKE='${SHELL} /home/chris/xorg/xextproto-7.0.3/missing --run automake-1.8'
AWK='gawk'
CYGPATH_W='echo'
DEFS='-DPACKAGE_NAME=\"XExtProto\" -DPACKAGE_TARNAME=\"xextproto\" -DPACKAGE_VERSION=\"7.0.3\" -DPACKAGE_STRING=\"XExtProto\ 7.0.3\" -DPACKAGE_BUGREPORT=\"https://bugs.freedesktop.org/enter_bug.cgi\?product=xorg\" -DPACKAGE=\"xextproto\" -DVERSION=\"7.0.3\" -DPACKAGE_VERSION_MAJOR=7 -DPACKAGE_VERSION_MINOR=0 -DPACKAGE_VERSION_PATCHLEVEL=3'
ECHO_C=''
ECHO_N='-n'
ECHO_T=''
INSTALL_DATA='${INSTALL} -m 644'
INSTALL_PROGRAM='${INSTALL}'
INSTALL_SCRIPT='${INSTALL}'
INSTALL_STRIP_PROGRAM='${SHELL} $(install_sh) -c -s'
LIBOBJS=''
LIBS=''
LTLIBOBJS=''
MAKEINFO='${SHELL} /home/chris/xorg/xextproto-7.0.3/missing --run makeinfo'
PACKAGE='xextproto'
PACKAGE_BUGREPORT='https://bugs.freedesktop.org/enter_bug.cgi?product=xorg'
PACKAGE_NAME='XExtProto'
PACKAGE_STRING='XExtProto 7.0.3'
PACKAGE_TARNAME='xextproto'
PACKAGE_VERSION='7.0.3'
PATH_SEPARATOR=':'
SET_MAKE=''
SHELL='/bin/sh'
STRIP=''
VERSION='7.0.3'
am__leading_dot='.'
bindir='${exec_prefix}/bin'
build_alias=''
datadir='${datarootdir}'
datarootdir='${prefix}/share'
docdir='${datarootdir}/doc/${PACKAGE_TARNAME}'
dvidir='${docdir}'
exec_prefix='${prefix}'
host_alias=''
htmldir='${docdir}'
includedir='${prefix}/include'
infodir='${datarootdir}/info'
install_sh='/home/chris/xorg/xextproto-7.0.3/install-sh'
libdir='${exec_prefix}/lib'
libexecdir='${exec_prefix}/libexec'
localedir='${datarootdir}/locale'
localstatedir='${prefix}/var'
mandir='${datarootdir}/man'
mkdir_p='mkdir -p -- .'
oldincludedir='/usr/include'
pdfdir='${docdir}'
prefix='/usr/local'
program_transform_name='s,x,x,'
psdir='${docdir}'
sbindir='${exec_prefix}/sbin'
sharedstatedir='${prefix}/com'
sysconfdir='${prefix}/etc'
target_alias=''

## ----------- ##
## confdefs.h. ##
## ----------- ##

#define PACKAGE_NAME "XExtProto"
#define PACKAGE_TARNAME "xextproto"
#define PACKAGE_VERSION "7.0.3"
#define PACKAGE_STRING "XExtProto 7.0.3"
#define PACKAGE_BUGREPORT "https://bugs.freedesktop.org/enter_bug.cgi?product=xorg"
#define PACKAGE "xextproto"
#define VERSION "7.0.3"
#define PACKAGE_VERSION_MAJOR 7
#define PACKAGE_VERSION_MINOR 0
#define PACKAGE_VERSION_PATCHLEVEL 3

configure: exit 0
