This file contains any messages produced by compilers while
running configure, to aid debugging if configure makes a mistake.

It was created by configure, which was
generated by GNU Autoconf 2.61.  Invocation command line was

  $ ./configure --prefix=/usr/local --without-liblua CC=/usr/bin/gcc CXX=/usr/bin/g++ --cache-file=/dev/null --srcdir=.

## --------- ##
## Platform. ##
## --------- ##

hostname = Chriss-iPhone
uname -m = iPhone6,2
uname -r = 14.0.0
uname -s = Darwin
uname -v = Darwin Kernel Version 14.0.0: Mon Sep  9 20:56:02 PDT 2013; root:xnu-2423.1.74~2/RELEASE_ARM64_S5L8960X

/usr/bin/uname -p = unknown
/bin/uname -X     = unknown

/bin/arch              = unknown
/usr/bin/arch -k       = unknown
/usr/convex/getsysinfo = unknown
/usr/bin/hostinfo      = Mach kernel version:
	 Darwin Kernel Version 14.0.0: Mon Sep  9 20:56:02 PDT 2013; root:xnu-2423.1.74~2/RELEASE_ARM64_S5L8960X
Kernel configured for up to 2 processors.
2 processors are physically available.
2 processors are logically available.
Processor type: arm64 (arm64 v8)
Processors active: 0 1
Primary memory available: 999.64 megabytes
Default processor set: 95 tasks, 501 threads, 2 processors
Load average: 1.25, Mach factor: 0.79
/bin/machine           = unknown
/usr/bin/oslevel       = unknown
/bin/universe          = unknown

PATH: /usr/local/bin
PATH: /usr/bin
PATH: /bin
PATH: /usr/sbin
PATH: /sbin


## ----------- ##
## Core tests. ##
## ----------- ##

configure:1777: checking for gcc
configure:1804: result: /usr/bin/gcc
configure:2042: checking for C compiler version
configure:2049: /usr/bin/gcc --version >&5
gcc (GCC) 4.2.1 (Based on Apple Inc. build 5555)
Copyright (C) 2007 Free Software Foundation, Inc.
This is free software; see the source for copying conditions.  There is NO
warranty; not even for MERCHANTABILITY or FITNESS FOR A PARTICULAR PURPOSE.

configure:2052: $? = 0
configure:2059: /usr/bin/gcc -v >&5
Using built-in specs.
Target: arm-apple-darwin9
Configured with: ../llvm-gcc-4.2/configure --build=x86_64-unknown-linux-gnu --host=arm-apple-darwin9 --enable-static=no --enable-shared=yes --prefix=/usr --localstatedir=/var/cache/iphone-gcc --enable-languages=c,c++,objc,obj-c++ --enable-wchar_t=no --with-gxx-include-dir=/usr/include/c++/4.0.0
Thread model: posix
gcc version 4.2.1 (Based on Apple Inc. build 5555)
configure:2062: $? = 0
configure:2069: /usr/bin/gcc -V >&5
gcc: '-V' option must have argument
configure:2072: $? = 1
configure:2095: checking for C compiler default output file name
configure:2122: /usr/bin/gcc    conftest.c  >&5
configure:2125: $? = 0
configure:2163: result: a.out
configure:2180: checking whether the C compiler works
configure:2190: ./a.out
configure:2193: $? = 0
configure:2210: result: yes
configure:2217: checking whether we are cross compiling
configure:2219: result: no
configure:2222: checking for suffix of executables
configure:2229: /usr/bin/gcc -o conftest    conftest.c  >&5
configure:2232: $? = 0
configure:2256: result: 
configure:2262: checking for suffix of object files
configure:2288: /usr/bin/gcc -c   conftest.c >&5
configure:2291: $? = 0
configure:2314: result: o
configure:2318: checking whether we are using the GNU C compiler
configure:2347: /usr/bin/gcc -c   conftest.c >&5
configure:2353: $? = 0
configure:2370: result: yes
configure:2375: checking whether /usr/bin/gcc accepts -g
configure:2405: /usr/bin/gcc -c -g  conftest.c >&5
configure:2411: $? = 0
configure:2510: result: yes
configure:2527: checking for /usr/bin/gcc option to accept ISO C89
configure:2601: /usr/bin/gcc  -c -g -O2  conftest.c >&5
configure:2607: $? = 0
configure:2630: result: none needed
configure:2695: checking for ranlib
configure:2711: found /usr/bin/ranlib
configure:2722: result: ranlib
configure:2789: checking build system type
configure:2807: result: arm64-apple-darwin14.0.0
configure:2829: checking host system type
configure:2844: result: arm64-apple-darwin14.0.0
configure:2868: checking for inline
configure:2894: /usr/bin/gcc -c -g -O2 -Wall   conftest.c >&5
configure:2900: $? = 0
configure:2918: result: inline
configure:2954: checking how to run the C preprocessor
configure:2994: /usr/bin/gcc -E  conftest.c
configure:3000: $? = 0
configure:3031: /usr/bin/gcc -E  conftest.c
conftest.c:8:28: error: ac_nonexistent.h: No such file or directory
configure:3037: $? = 1
configure: failed program was:
| /* confdefs.h.  */
| #define PACKAGE_NAME ""
| #define PACKAGE_TARNAME ""
| #define PACKAGE_VERSION ""
| #define PACKAGE_STRING ""
| #define PACKAGE_BUGREPORT ""
| /* end confdefs.h.  */
| #include <ac_nonexistent.h>
configure:3070: result: /usr/bin/gcc -E
configure:3099: /usr/bin/gcc -E  conftest.c
configure:3105: $? = 0
configure:3136: /usr/bin/gcc -E  conftest.c
conftest.c:8:28: error: ac_nonexistent.h: No such file or directory
configure:3142: $? = 1
configure: failed program was:
| /* confdefs.h.  */
| #define PACKAGE_NAME ""
| #define PACKAGE_TARNAME ""
| #define PACKAGE_VERSION ""
| #define PACKAGE_STRING ""
| #define PACKAGE_BUGREPORT ""
| /* end confdefs.h.  */
| #include <ac_nonexistent.h>
configure:3180: checking for grep that handles long lines and -e
configure:3254: result: /bin/grep
configure:3259: checking for egrep
configure:3337: result: /bin/grep -E
configure:3342: checking for ANSI C header files
configure:3372: /usr/bin/gcc -c -g -O2 -Wall   conftest.c >&5
configure:3378: $? = 0
configure:3477: /usr/bin/gcc -o conftest -g -O2 -Wall    conftest.c  >&5
configure:3480: $? = 0
configure:3486: ./conftest
configure:3489: $? = 0
configure:3506: result: yes
configure:3530: checking for sys/types.h
configure:3551: /usr/bin/gcc -c -g -O2 -Wall   conftest.c >&5
configure:3557: $? = 0
configure:3573: result: yes
configure:3530: checking for sys/stat.h
configure:3551: /usr/bin/gcc -c -g -O2 -Wall   conftest.c >&5
configure:3557: $? = 0
configure:3573: result: yes
configure:3530: checking for stdlib.h
configure:3551: /usr/bin/gcc -c -g -O2 -Wall   conftest.c >&5
configure:3557: $? = 0
configure:3573: result: yes
configure:3530: checking for string.h
configure:3551: /usr/bin/gcc -c -g -O2 -Wall   conftest.c >&5
configure:3557: $? = 0
configure:3573: result: yes
configure:3530: checking for memory.h
configure:3551: /usr/bin/gcc -c -g -O2 -Wall   conftest.c >&5
configure:3557: $? = 0
configure:3573: result: yes
configure:3530: checking for strings.h
configure:3551: /usr/bin/gcc -c -g -O2 -Wall   conftest.c >&5
configure:3557: $? = 0
configure:3573: result: yes
configure:3530: checking for inttypes.h
configure:3551: /usr/bin/gcc -c -g -O2 -Wall   conftest.c >&5
configure:3557: $? = 0
configure:3573: result: yes
configure:3530: checking for stdint.h
configure:3551: /usr/bin/gcc -c -g -O2 -Wall   conftest.c >&5
configure:3557: $? = 0
configure:3573: result: yes
configure:3530: checking for unistd.h
configure:3551: /usr/bin/gcc -c -g -O2 -Wall   conftest.c >&5
configure:3557: $? = 0
configure:3573: result: yes
configure:3606: checking for string.h
configure:3612: result: yes
configure:3616: checking getopt.h usability
configure:3633: /usr/bin/gcc -c -g -O2 -Wall   conftest.c >&5
configure:3639: $? = 0
configure:3653: result: yes
configure:3657: checking getopt.h presence
configure:3672: /usr/bin/gcc -E  conftest.c
configure:3678: $? = 0
configure:3692: result: yes
configure:3720: checking for getopt.h
configure:3728: result: yes
configure:3606: checking for strings.h
configure:3612: result: yes
configure:3616: checking sys/param.h usability
configure:3633: /usr/bin/gcc -c -g -O2 -Wall   conftest.c >&5
configure:3639: $? = 0
configure:3653: result: yes
configure:3657: checking sys/param.h presence
configure:3672: /usr/bin/gcc -E  conftest.c
configure:3678: $? = 0
configure:3692: result: yes
configure:3720: checking for sys/param.h
configure:3728: result: yes
configure:3616: checking sys/time.h usability
configure:3633: /usr/bin/gcc -c -g -O2 -Wall   conftest.c >&5
configure:3639: $? = 0
configure:3653: result: yes
configure:3657: checking sys/time.h presence
configure:3672: /usr/bin/gcc -E  conftest.c
configure:3678: $? = 0
configure:3692: result: yes
configure:3720: checking for sys/time.h
configure:3728: result: yes
configure:3606: checking for unistd.h
configure:3612: result: yes
configure:3616: checking errno.h usability
configure:3633: /usr/bin/gcc -c -g -O2 -Wall   conftest.c >&5
configure:3639: $? = 0
configure:3653: result: yes
configure:3657: checking errno.h presence
configure:3672: /usr/bin/gcc -E  conftest.c
configure:3678: $? = 0
configure:3692: result: yes
configure:3720: checking for errno.h
configure:3728: result: yes
configure:3606: checking for sys/types.h
configure:3612: result: yes
configure:3616: checking sys/socket.h usability
configure:3633: /usr/bin/gcc -c -g -O2 -Wall   conftest.c >&5
configure:3639: $? = 0
configure:3653: result: yes
configure:3657: checking sys/socket.h presence
configure:3672: /usr/bin/gcc -E  conftest.c
configure:3678: $? = 0
configure:3692: result: yes
configure:3720: checking for sys/socket.h
configure:3728: result: yes
configure:3616: checking netinet/in.h usability
configure:3633: /usr/bin/gcc -c -g -O2 -Wall   conftest.c >&5
configure:3639: $? = 0
configure:3653: result: yes
configure:3657: checking netinet/in.h presence
configure:3672: /usr/bin/gcc -E  conftest.c
configure:3678: $? = 0
configure:3692: result: yes
configure:3720: checking for netinet/in.h
configure:3728: result: yes
configure:3616: checking arpa/inet.h usability
configure:3633: /usr/bin/gcc -c -g -O2 -Wall   conftest.c >&5
configure:3639: $? = 0
configure:3653: result: yes
configure:3657: checking arpa/inet.h presence
configure:3672: /usr/bin/gcc -E  conftest.c
configure:3678: $? = 0
configure:3692: result: yes
configure:3720: checking for arpa/inet.h
configure:3728: result: yes
configure:3606: checking for sys/stat.h
configure:3612: result: yes
configure:3616: checking net/if.h usability
configure:3633: /usr/bin/gcc -c -g -O2 -Wall   conftest.c >&5
In file included from conftest.c:63:
/var/mobile/sdk/usr/include/net/if.h:264: error: field 'ifru_addr' has incomplete type
/var/mobile/sdk/usr/include/net/if.h:265: error: field 'ifru_dstaddr' has incomplete type
/var/mobile/sdk/usr/include/net/if.h:266: error: field 'ifru_broadaddr' has incomplete type
/var/mobile/sdk/usr/include/net/if.h:305: error: field 'ifra_addr' has incomplete type
/var/mobile/sdk/usr/include/net/if.h:306: error: field 'ifra_broadaddr' has incomplete type
/var/mobile/sdk/usr/include/net/if.h:307: error: field 'ifra_mask' has incomplete type
/var/mobile/sdk/usr/include/net/if.h:379: error: field 'addr' has incomplete type
/var/mobile/sdk/usr/include/net/if.h:380: error: field 'dstaddr' has incomplete type
configure:3639: $? = 1
configure: failed program was:
| /* confdefs.h.  */
| #define PACKAGE_NAME ""
| #define PACKAGE_TARNAME ""
| #define PACKAGE_VERSION ""
| #define PACKAGE_STRING ""
| #define PACKAGE_BUGREPORT ""
| #define STDC_HEADERS 1
| #define HAVE_SYS_TYPES_H 1
| #define HAVE_SYS_STAT_H 1
| #define HAVE_STDLIB_H 1
| #define HAVE_STRING_H 1
| #define HAVE_MEMORY_H 1
| #define HAVE_STRINGS_H 1
| #define HAVE_INTTYPES_H 1
| #define HAVE_STDINT_H 1
| #define HAVE_UNISTD_H 1
| #define HAVE_STRING_H 1
| #define HAVE_GETOPT_H 1
| #define HAVE_STRINGS_H 1
| #define HAVE_SYS_PARAM_H 1
| #define HAVE_SYS_TIME_H 1
| #define HAVE_UNISTD_H 1
| #define HAVE_ERRNO_H 1
| #define HAVE_SYS_TYPES_H 1
| #define HAVE_SYS_SOCKET_H 1
| #define HAVE_NETINET_IN_H 1
| #define HAVE_ARPA_INET_H 1
| #define HAVE_SYS_STAT_H 1
| /* end confdefs.h.  */
| #include <stdio.h>
| #ifdef HAVE_SYS_TYPES_H
| # include <sys/types.h>
| #endif
| #ifdef HAVE_SYS_STAT_H
| # include <sys/stat.h>
| #endif
| #ifdef STDC_HEADERS
| # include <stdlib.h>
| # include <stddef.h>
| #else
| # ifdef HAVE_STDLIB_H
| #  include <stdlib.h>
| # endif
| #endif
| #ifdef HAVE_STRING_H
| # if !defined STDC_HEADERS && defined HAVE_MEMORY_H
| #  include <memory.h>
| # endif
| # include <string.h>
| #endif
| #ifdef HAVE_STRINGS_H
| # include <strings.h>
| #endif
| #ifdef HAVE_INTTYPES_H
| # include <inttypes.h>
| #endif
| #ifdef HAVE_STDINT_H
| # include <stdint.h>
| #endif
| #ifdef HAVE_UNISTD_H
| # include <unistd.h>
| #endif
| #include <net/if.h>
configure:3653: result: no
configure:3657: checking net/if.h presence
configure:3672: /usr/bin/gcc -E  conftest.c
configure:3678: $? = 0
configure:3692: result: yes
configure:3705: WARNING: net/if.h: present but cannot be compiled
configure:3707: WARNING: net/if.h:     check for missing prerequisite headers?
configure:3709: WARNING: net/if.h: see the Autoconf documentation
configure:3711: WARNING: net/if.h:     section "Present But Cannot Be Compiled"
configure:3713: WARNING: net/if.h: proceeding with the preprocessor's result
configure:3715: WARNING: net/if.h: in the future, the compiler will take precedence
configure:3720: checking for net/if.h
configure:3728: result: yes
configure:3616: checking netdb.h usability
configure:3633: /usr/bin/gcc -c -g -O2 -Wall   conftest.c >&5
configure:3639: $? = 0
configure:3653: result: yes
configure:3657: checking netdb.h presence
configure:3672: /usr/bin/gcc -E  conftest.c
configure:3678: $? = 0
configure:3692: result: yes
configure:3720: checking for netdb.h
configure:3728: result: yes
configure:3616: checking sys/wait.h usability
configure:3633: /usr/bin/gcc -c -g -O2 -Wall   conftest.c >&5
configure:3639: $? = 0
configure:3653: result: yes
configure:3657: checking sys/wait.h presence
configure:3672: /usr/bin/gcc -E  conftest.c
configure:3678: $? = 0
configure:3692: result: yes
configure:3720: checking for sys/wait.h
configure:3728: result: yes
configure:3616: checking fcntl.h usability
configure:3633: /usr/bin/gcc -c -g -O2 -Wall   conftest.c >&5
configure:3639: $? = 0
configure:3653: result: yes
configure:3657: checking fcntl.h presence
configure:3672: /usr/bin/gcc -E  conftest.c
configure:3678: $? = 0
configure:3692: result: yes
configure:3720: checking for fcntl.h
configure:3728: result: yes
configure:3616: checking sys/resource.h usability
configure:3633: /usr/bin/gcc -c -g -O2 -Wall   conftest.c >&5
configure:3639: $? = 0
configure:3653: result: yes
configure:3657: checking sys/resource.h presence
configure:3672: /usr/bin/gcc -E  conftest.c
configure:3678: $? = 0
configure:3692: result: yes
configure:3720: checking for sys/resource.h
configure:3728: result: yes
configure:3741: checking whether time.h and sys/time.h may both be included
configure:3771: /usr/bin/gcc -c -g -O2 -Wall   conftest.c >&5
configure:3777: $? = 0
configure:3792: result: yes
configure:3803: checking for __attribute__
configure:3842: /usr/bin/gcc -c -g -O2 -Wall   conftest.c >&5
configure:3848: $? = 0
configure:3873: result: yes
configure:3878: checking whether byte ordering is bigendian
configure:3911: /usr/bin/gcc -c -g -O2 -Wall   conftest.c >&5
configure:3917: $? = 0
configure:3949: /usr/bin/gcc -c -g -O2 -Wall   conftest.c >&5
conftest.c: In function 'main':
conftest.c:44: error: 'not' undeclared (first use in this function)
conftest.c:44: error: (Each undeclared identifier is reported only once
conftest.c:44: error: for each function it appears in.)
conftest.c:44: error: expected ';' before 'big'
configure:3955: $? = 1
configure: failed program was:
| /* confdefs.h.  */
| #define PACKAGE_NAME ""
| #define PACKAGE_TARNAME ""
| #define PACKAGE_VERSION ""
| #define PACKAGE_STRING ""
| #define PACKAGE_BUGREPORT ""
| #define STDC_HEADERS 1
| #define HAVE_SYS_TYPES_H 1
| #define HAVE_SYS_STAT_H 1
| #define HAVE_STDLIB_H 1
| #define HAVE_STRING_H 1
| #define HAVE_MEMORY_H 1
| #define HAVE_STRINGS_H 1
| #define HAVE_INTTYPES_H 1
| #define HAVE_STDINT_H 1
| #define HAVE_UNISTD_H 1
| #define HAVE_STRING_H 1
| #define HAVE_GETOPT_H 1
| #define HAVE_STRINGS_H 1
| #define HAVE_SYS_PARAM_H 1
| #define HAVE_SYS_TIME_H 1
| #define HAVE_UNISTD_H 1
| #define HAVE_ERRNO_H 1
| #define HAVE_SYS_TYPES_H 1
| #define HAVE_SYS_SOCKET_H 1
| #define HAVE_NETINET_IN_H 1
| #define HAVE_ARPA_INET_H 1
| #define HAVE_SYS_STAT_H 1
| #define HAVE_NET_IF_H 1
| #define HAVE_NETDB_H 1
| #define HAVE_SYS_WAIT_H 1
| #define HAVE_FCNTL_H 1
| #define HAVE_SYS_RESOURCE_H 1
| #define TIME_WITH_SYS_TIME 1
| #define HAVE___ATTRIBUTE__ 1
| /* end confdefs.h.  */
| #include <sys/types.h>
| #include <sys/param.h>
| 
| int
| main ()
| {
| #if BYTE_ORDER != BIG_ENDIAN
|  not big endian
| #endif
| 
|   ;
|   return 0;
| }
configure:4095: result: no
configure:4116: checking for int8_t
configure:4147: /usr/bin/gcc -c -g -O2 -Wall   conftest.c >&5
configure:4153: $? = 0
configure:4182: /usr/bin/gcc -c -g -O2 -Wall   conftest.c >&5
conftest.c: In function 'main':
conftest.c:74: error: size of array 'test_array' is negative
configure:4188: $? = 1
configure: failed program was:
| /* confdefs.h.  */
| #define PACKAGE_NAME ""
| #define PACKAGE_TARNAME ""
| #define PACKAGE_VERSION ""
| #define PACKAGE_STRING ""
| #define PACKAGE_BUGREPORT ""
| #define STDC_HEADERS 1
| #define HAVE_SYS_TYPES_H 1
| #define HAVE_SYS_STAT_H 1
| #define HAVE_STDLIB_H 1
| #define HAVE_STRING_H 1
| #define HAVE_MEMORY_H 1
| #define HAVE_STRINGS_H 1
| #define HAVE_INTTYPES_H 1
| #define HAVE_STDINT_H 1
| #define HAVE_UNISTD_H 1
| #define HAVE_STRING_H 1
| #define HAVE_GETOPT_H 1
| #define HAVE_STRINGS_H 1
| #define HAVE_SYS_PARAM_H 1
| #define HAVE_SYS_TIME_H 1
| #define HAVE_UNISTD_H 1
| #define HAVE_ERRNO_H 1
| #define HAVE_SYS_TYPES_H 1
| #define HAVE_SYS_SOCKET_H 1
| #define HAVE_NETINET_IN_H 1
| #define HAVE_ARPA_INET_H 1
| #define HAVE_SYS_STAT_H 1
| #define HAVE_NET_IF_H 1
| #define HAVE_NETDB_H 1
| #define HAVE_SYS_WAIT_H 1
| #define HAVE_FCNTL_H 1
| #define HAVE_SYS_RESOURCE_H 1
| #define TIME_WITH_SYS_TIME 1
| #define HAVE___ATTRIBUTE__ 1
| /* end confdefs.h.  */
| #include <stdio.h>
| #ifdef HAVE_SYS_TYPES_H
| # include <sys/types.h>
| #endif
| #ifdef HAVE_SYS_STAT_H
| # include <sys/stat.h>
| #endif
| #ifdef STDC_HEADERS
| # include <stdlib.h>
| # include <stddef.h>
| #else
| # ifdef HAVE_STDLIB_H
| #  include <stdlib.h>
| # endif
| #endif
| #ifdef HAVE_STRING_H
| # if !defined STDC_HEADERS && defined HAVE_MEMORY_H
| #  include <memory.h>
| # endif
| # include <string.h>
| #endif
| #ifdef HAVE_STRINGS_H
| # include <strings.h>
| #endif
| #ifdef HAVE_INTTYPES_H
| # include <inttypes.h>
| #endif
| #ifdef HAVE_STDINT_H
| # include <stdint.h>
| #endif
| #ifdef HAVE_UNISTD_H
| # include <unistd.h>
| #endif
| int
| main ()
| {
| static int test_array [1 - 2 * !((int8_t) ((((int8_t) 1 << (8 - 2)) - 1) * 2 + 1)
| 	         < (int8_t) ((((int8_t) 1 << (8 - 2)) - 1) * 2 + 2))];
| test_array [0] = 0
| 
|   ;
|   return 0;
| }
configure:4217: result: yes
configure:4230: checking for int16_t
configure:4261: /usr/bin/gcc -c -g -O2 -Wall   conftest.c >&5
configure:4267: $? = 0
configure:4296: /usr/bin/gcc -c -g -O2 -Wall   conftest.c >&5
conftest.c: In function 'main':
conftest.c:74: error: size of array 'test_array' is negative
configure:4302: $? = 1
configure: failed program was:
| /* confdefs.h.  */
| #define PACKAGE_NAME ""
| #define PACKAGE_TARNAME ""
| #define PACKAGE_VERSION ""
| #define PACKAGE_STRING ""
| #define PACKAGE_BUGREPORT ""
| #define STDC_HEADERS 1
| #define HAVE_SYS_TYPES_H 1
| #define HAVE_SYS_STAT_H 1
| #define HAVE_STDLIB_H 1
| #define HAVE_STRING_H 1
| #define HAVE_MEMORY_H 1
| #define HAVE_STRINGS_H 1
| #define HAVE_INTTYPES_H 1
| #define HAVE_STDINT_H 1
| #define HAVE_UNISTD_H 1
| #define HAVE_STRING_H 1
| #define HAVE_GETOPT_H 1
| #define HAVE_STRINGS_H 1
| #define HAVE_SYS_PARAM_H 1
| #define HAVE_SYS_TIME_H 1
| #define HAVE_UNISTD_H 1
| #define HAVE_ERRNO_H 1
| #define HAVE_SYS_TYPES_H 1
| #define HAVE_SYS_SOCKET_H 1
| #define HAVE_NETINET_IN_H 1
| #define HAVE_ARPA_INET_H 1
| #define HAVE_SYS_STAT_H 1
| #define HAVE_NET_IF_H 1
| #define HAVE_NETDB_H 1
| #define HAVE_SYS_WAIT_H 1
| #define HAVE_FCNTL_H 1
| #define HAVE_SYS_RESOURCE_H 1
| #define TIME_WITH_SYS_TIME 1
| #define HAVE___ATTRIBUTE__ 1
| /* end confdefs.h.  */
| #include <stdio.h>
| #ifdef HAVE_SYS_TYPES_H
| # include <sys/types.h>
| #endif
| #ifdef HAVE_SYS_STAT_H
| # include <sys/stat.h>
| #endif
| #ifdef STDC_HEADERS
| # include <stdlib.h>
| # include <stddef.h>
| #else
| # ifdef HAVE_STDLIB_H
| #  include <stdlib.h>
| # endif
| #endif
| #ifdef HAVE_STRING_H
| # if !defined STDC_HEADERS && defined HAVE_MEMORY_H
| #  include <memory.h>
| # endif
| # include <string.h>
| #endif
| #ifdef HAVE_STRINGS_H
| # include <strings.h>
| #endif
| #ifdef HAVE_INTTYPES_H
| # include <inttypes.h>
| #endif
| #ifdef HAVE_STDINT_H
| # include <stdint.h>
| #endif
| #ifdef HAVE_UNISTD_H
| # include <unistd.h>
| #endif
| int
| main ()
| {
| static int test_array [1 - 2 * !((int16_t) ((((int16_t) 1 << (16 - 2)) - 1) * 2 + 1)
| 	         < (int16_t) ((((int16_t) 1 << (16 - 2)) - 1) * 2 + 2))];
| test_array [0] = 0
| 
|   ;
|   return 0;
| }
configure:4331: result: yes
configure:4344: checking for int32_t
configure:4375: /usr/bin/gcc -c -g -O2 -Wall   conftest.c >&5
configure:4381: $? = 0
configure:4410: /usr/bin/gcc -c -g -O2 -Wall   conftest.c >&5
conftest.c: In function 'main':
conftest.c:74: warning: integer overflow in expression
conftest.c:74: error: size of array 'test_array' is negative
configure:4416: $? = 1
configure: failed program was:
| /* confdefs.h.  */
| #define PACKAGE_NAME ""
| #define PACKAGE_TARNAME ""
| #define PACKAGE_VERSION ""
| #define PACKAGE_STRING ""
| #define PACKAGE_BUGREPORT ""
| #define STDC_HEADERS 1
| #define HAVE_SYS_TYPES_H 1
| #define HAVE_SYS_STAT_H 1
| #define HAVE_STDLIB_H 1
| #define HAVE_STRING_H 1
| #define HAVE_MEMORY_H 1
| #define HAVE_STRINGS_H 1
| #define HAVE_INTTYPES_H 1
| #define HAVE_STDINT_H 1
| #define HAVE_UNISTD_H 1
| #define HAVE_STRING_H 1
| #define HAVE_GETOPT_H 1
| #define HAVE_STRINGS_H 1
| #define HAVE_SYS_PARAM_H 1
| #define HAVE_SYS_TIME_H 1
| #define HAVE_UNISTD_H 1
| #define HAVE_ERRNO_H 1
| #define HAVE_SYS_TYPES_H 1
| #define HAVE_SYS_SOCKET_H 1
| #define HAVE_NETINET_IN_H 1
| #define HAVE_ARPA_INET_H 1
| #define HAVE_SYS_STAT_H 1
| #define HAVE_NET_IF_H 1
| #define HAVE_NETDB_H 1
| #define HAVE_SYS_WAIT_H 1
| #define HAVE_FCNTL_H 1
| #define HAVE_SYS_RESOURCE_H 1
| #define TIME_WITH_SYS_TIME 1
| #define HAVE___ATTRIBUTE__ 1
| /* end confdefs.h.  */
| #include <stdio.h>
| #ifdef HAVE_SYS_TYPES_H
| # include <sys/types.h>
| #endif
| #ifdef HAVE_SYS_STAT_H
| # include <sys/stat.h>
| #endif
| #ifdef STDC_HEADERS
| # include <stdlib.h>
| # include <stddef.h>
| #else
| # ifdef HAVE_STDLIB_H
| #  include <stdlib.h>
| # endif
| #endif
| #ifdef HAVE_STRING_H
| # if !defined STDC_HEADERS && defined HAVE_MEMORY_H
| #  include <memory.h>
| # endif
| # include <string.h>
| #endif
| #ifdef HAVE_STRINGS_H
| # include <strings.h>
| #endif
| #ifdef HAVE_INTTYPES_H
| # include <inttypes.h>
| #endif
| #ifdef HAVE_STDINT_H
| # include <stdint.h>
| #endif
| #ifdef HAVE_UNISTD_H
| # include <unistd.h>
| #endif
| int
| main ()
| {
| static int test_array [1 - 2 * !((int32_t) ((((int32_t) 1 << (32 - 2)) - 1) * 2 + 1)
| 	         < (int32_t) ((((int32_t) 1 << (32 - 2)) - 1) * 2 + 2))];
| test_array [0] = 0
| 
|   ;
|   return 0;
| }
configure:4445: result: yes
configure:4458: checking for int64_t
configure:4489: /usr/bin/gcc -c -g -O2 -Wall   conftest.c >&5
configure:4495: $? = 0
configure:4524: /usr/bin/gcc -c -g -O2 -Wall   conftest.c >&5
conftest.c: In function 'main':
conftest.c:74: warning: integer overflow in expression
conftest.c:74: error: size of array 'test_array' is negative
configure:4530: $? = 1
configure: failed program was:
| /* confdefs.h.  */
| #define PACKAGE_NAME ""
| #define PACKAGE_TARNAME ""
| #define PACKAGE_VERSION ""
| #define PACKAGE_STRING ""
| #define PACKAGE_BUGREPORT ""
| #define STDC_HEADERS 1
| #define HAVE_SYS_TYPES_H 1
| #define HAVE_SYS_STAT_H 1
| #define HAVE_STDLIB_H 1
| #define HAVE_STRING_H 1
| #define HAVE_MEMORY_H 1
| #define HAVE_STRINGS_H 1
| #define HAVE_INTTYPES_H 1
| #define HAVE_STDINT_H 1
| #define HAVE_UNISTD_H 1
| #define HAVE_STRING_H 1
| #define HAVE_GETOPT_H 1
| #define HAVE_STRINGS_H 1
| #define HAVE_SYS_PARAM_H 1
| #define HAVE_SYS_TIME_H 1
| #define HAVE_UNISTD_H 1
| #define HAVE_ERRNO_H 1
| #define HAVE_SYS_TYPES_H 1
| #define HAVE_SYS_SOCKET_H 1
| #define HAVE_NETINET_IN_H 1
| #define HAVE_ARPA_INET_H 1
| #define HAVE_SYS_STAT_H 1
| #define HAVE_NET_IF_H 1
| #define HAVE_NETDB_H 1
| #define HAVE_SYS_WAIT_H 1
| #define HAVE_FCNTL_H 1
| #define HAVE_SYS_RESOURCE_H 1
| #define TIME_WITH_SYS_TIME 1
| #define HAVE___ATTRIBUTE__ 1
| /* end confdefs.h.  */
| #include <stdio.h>
| #ifdef HAVE_SYS_TYPES_H
| # include <sys/types.h>
| #endif
| #ifdef HAVE_SYS_STAT_H
| # include <sys/stat.h>
| #endif
| #ifdef STDC_HEADERS
| # include <stdlib.h>
| # include <stddef.h>
| #else
| # ifdef HAVE_STDLIB_H
| #  include <stdlib.h>
| # endif
| #endif
| #ifdef HAVE_STRING_H
| # if !defined STDC_HEADERS && defined HAVE_MEMORY_H
| #  include <memory.h>
| # endif
| # include <string.h>
| #endif
| #ifdef HAVE_STRINGS_H
| # include <strings.h>
| #endif
| #ifdef HAVE_INTTYPES_H
| # include <inttypes.h>
| #endif
| #ifdef HAVE_STDINT_H
| # include <stdint.h>
| #endif
| #ifdef HAVE_UNISTD_H
| # include <unistd.h>
| #endif
| int
| main ()
| {
| static int test_array [1 - 2 * !((int64_t) ((((int64_t) 1 << (64 - 2)) - 1) * 2 + 1)
| 	         < (int64_t) ((((int64_t) 1 << (64 - 2)) - 1) * 2 + 2))];
| test_array [0] = 0
| 
|   ;
|   return 0;
| }
configure:4559: result: yes
configure:4572: checking for uint8_t
configure:4603: /usr/bin/gcc -c -g -O2 -Wall   conftest.c >&5
configure:4609: $? = 0
configure:4630: result: yes
configure:4648: checking for uint16_t
configure:4679: /usr/bin/gcc -c -g -O2 -Wall   conftest.c >&5
configure:4685: $? = 0
configure:4706: result: yes
configure:4720: checking for uint32_t
configure:4751: /usr/bin/gcc -c -g -O2 -Wall   conftest.c >&5
configure:4757: $? = 0
configure:4778: result: yes
configure:4796: checking for uint64_t
configure:4827: /usr/bin/gcc -c -g -O2 -Wall   conftest.c >&5
configure:4833: $? = 0
configure:4854: result: yes
configure:4882: checking for snprintf
configure:4938: /usr/bin/gcc -o conftest -g -O2 -Wall    conftest.c  >&5
conftest.c:60: warning: conflicting types for built-in function 'snprintf'
configure:4944: $? = 0
configure:4962: result: yes
configure:4882: checking for vsnprintf
configure:4938: /usr/bin/gcc -o conftest -g -O2 -Wall    conftest.c  >&5
conftest.c:61: warning: conflicting types for built-in function 'vsnprintf'
configure:4944: $? = 0
configure:4962: result: yes
configure:4882: checking for nanosleep
configure:4938: /usr/bin/gcc -o conftest -g -O2 -Wall    conftest.c  >&5
configure:4944: $? = 0
configure:4962: result: yes
configure:4882: checking for strerror
configure:4938: /usr/bin/gcc -o conftest -g -O2 -Wall    conftest.c  >&5
configure:4944: $? = 0
configure:4962: result: yes
configure:4882: checking for strcasestr
configure:4938: /usr/bin/gcc -o conftest -g -O2 -Wall    conftest.c  >&5
configure:4944: $? = 0
configure:4962: result: yes
configure:4882: checking for strcasecmp
configure:4938: /usr/bin/gcc -o conftest -g -O2 -Wall    conftest.c  >&5
conftest.c:65: warning: conflicting types for built-in function 'strcasecmp'
configure:4944: $? = 0
configure:4962: result: yes
configure:4882: checking for strncasecmp
configure:4938: /usr/bin/gcc -o conftest -g -O2 -Wall    conftest.c  >&5
conftest.c:66: warning: conflicting types for built-in function 'strncasecmp'
configure:4944: $? = 0
configure:4962: result: yes
configure:4983: checking for vsnprintf
configure:5063: result: yes
configure:4983: checking for snprintf
configure:5063: result: yes
configure:4983: checking for asprintf
configure:5039: /usr/bin/gcc -o conftest -g -O2 -Wall    conftest.c  >&5
configure:5045: $? = 0
configure:5063: result: yes
configure:4983: checking for asnprintf
configure:5039: /usr/bin/gcc -o conftest -g -O2 -Wall    conftest.c  >&5
Undefined symbols:
  "_asnprintf", referenced from:
      _main in ccvc1b04.o
ld: symbol(s) not found
collect2: ld returned 1 exit status
configure:5045: $? = 1
configure: failed program was:
| /* confdefs.h.  */
| #define PACKAGE_NAME ""
| #define PACKAGE_TARNAME ""
| #define PACKAGE_VERSION ""
| #define PACKAGE_STRING ""
| #define PACKAGE_BUGREPORT ""
| #define STDC_HEADERS 1
| #define HAVE_SYS_TYPES_H 1
| #define HAVE_SYS_STAT_H 1
| #define HAVE_STDLIB_H 1
| #define HAVE_STRING_H 1
| #define HAVE_MEMORY_H 1
| #define HAVE_STRINGS_H 1
| #define HAVE_INTTYPES_H 1
| #define HAVE_STDINT_H 1
| #define HAVE_UNISTD_H 1
| #define HAVE_STRING_H 1
| #define HAVE_GETOPT_H 1
| #define HAVE_STRINGS_H 1
| #define HAVE_SYS_PARAM_H 1
| #define HAVE_SYS_TIME_H 1
| #define HAVE_UNISTD_H 1
| #define HAVE_ERRNO_H 1
| #define HAVE_SYS_TYPES_H 1
| #define HAVE_SYS_SOCKET_H 1
| #define HAVE_NETINET_IN_H 1
| #define HAVE_ARPA_INET_H 1
| #define HAVE_SYS_STAT_H 1
| #define HAVE_NET_IF_H 1
| #define HAVE_NETDB_H 1
| #define HAVE_SYS_WAIT_H 1
| #define HAVE_FCNTL_H 1
| #define HAVE_SYS_RESOURCE_H 1
| #define TIME_WITH_SYS_TIME 1
| #define HAVE___ATTRIBUTE__ 1
| #define HAVE_SNPRINTF 1
| #define HAVE_VSNPRINTF 1
| #define HAVE_NANOSLEEP 1
| #define HAVE_STRERROR 1
| #define HAVE_STRCASESTR 1
| #define HAVE_STRCASECMP 1
| #define HAVE_STRNCASECMP 1
| #define HAVE_VSNPRINTF 1
| #define HAVE_SNPRINTF 1
| #define HAVE_ASPRINTF 1
| /* end confdefs.h.  */
| /* Define asnprintf to an innocuous variant, in case <limits.h> declares asnprintf.
|    For example, HP-UX 11i <limits.h> declares gettimeofday.  */
| #define asnprintf innocuous_asnprintf
| 
| /* System header to define __stub macros and hopefully few prototypes,
|     which can conflict with char asnprintf (); below.
|     Prefer <limits.h> to <assert.h> if __STDC__ is defined, since
|     <limits.h> exists even on freestanding compilers.  */
| 
| #ifdef __STDC__
| # include <limits.h>
| #else
| # include <assert.h>
| #endif
| 
| #undef asnprintf
| 
| /* Override any GCC internal prototype to avoid an error.
|    Use char because int might match the return type of a GCC
|    builtin and then its argument prototype would still apply.  */
| #ifdef __cplusplus
| extern "C"
| #endif
| char asnprintf ();
| /* The GNU C library defines this for functions which it implements
|     to always fail with ENOSYS.  Some functions are actually named
|     something starting with __ and the normal name is an alias.  */
| #if defined __stub_asnprintf || defined __stub___asnprintf
| choke me
| #endif
| 
| int
| main ()
| {
| return asnprintf ();
|   ;
|   return 0;
| }
configure:5063: result: no
configure:4983: checking for vasprintf
configure:5039: /usr/bin/gcc -o conftest -g -O2 -Wall    conftest.c  >&5
configure:5045: $? = 0
configure:5063: result: yes
configure:4983: checking for vasnprintf
configure:5039: /usr/bin/gcc -o conftest -g -O2 -Wall    conftest.c  >&5
Undefined symbols:
  "_vasnprintf", referenced from:
      _main in ccY4zOGK.o
ld: symbol(s) not found
collect2: ld returned 1 exit status
configure:5045: $? = 1
configure: failed program was:
| /* confdefs.h.  */
| #define PACKAGE_NAME ""
| #define PACKAGE_TARNAME ""
| #define PACKAGE_VERSION ""
| #define PACKAGE_STRING ""
| #define PACKAGE_BUGREPORT ""
| #define STDC_HEADERS 1
| #define HAVE_SYS_TYPES_H 1
| #define HAVE_SYS_STAT_H 1
| #define HAVE_STDLIB_H 1
| #define HAVE_STRING_H 1
| #define HAVE_MEMORY_H 1
| #define HAVE_STRINGS_H 1
| #define HAVE_INTTYPES_H 1
| #define HAVE_STDINT_H 1
| #define HAVE_UNISTD_H 1
| #define HAVE_STRING_H 1
| #define HAVE_GETOPT_H 1
| #define HAVE_STRINGS_H 1
| #define HAVE_SYS_PARAM_H 1
| #define HAVE_SYS_TIME_H 1
| #define HAVE_UNISTD_H 1
| #define HAVE_ERRNO_H 1
| #define HAVE_SYS_TYPES_H 1
| #define HAVE_SYS_SOCKET_H 1
| #define HAVE_NETINET_IN_H 1
| #define HAVE_ARPA_INET_H 1
| #define HAVE_SYS_STAT_H 1
| #define HAVE_NET_IF_H 1
| #define HAVE_NETDB_H 1
| #define HAVE_SYS_WAIT_H 1
| #define HAVE_FCNTL_H 1
| #define HAVE_SYS_RESOURCE_H 1
| #define TIME_WITH_SYS_TIME 1
| #define HAVE___ATTRIBUTE__ 1
| #define HAVE_SNPRINTF 1
| #define HAVE_VSNPRINTF 1
| #define HAVE_NANOSLEEP 1
| #define HAVE_STRERROR 1
| #define HAVE_STRCASESTR 1
| #define HAVE_STRCASECMP 1
| #define HAVE_STRNCASECMP 1
| #define HAVE_VSNPRINTF 1
| #define HAVE_SNPRINTF 1
| #define HAVE_ASPRINTF 1
| #define HAVE_VASPRINTF 1
| /* end confdefs.h.  */
| /* Define vasnprintf to an innocuous variant, in case <limits.h> declares vasnprintf.
|    For example, HP-UX 11i <limits.h> declares gettimeofday.  */
| #define vasnprintf innocuous_vasnprintf
| 
| /* System header to define __stub macros and hopefully few prototypes,
|     which can conflict with char vasnprintf (); below.
|     Prefer <limits.h> to <assert.h> if __STDC__ is defined, since
|     <limits.h> exists even on freestanding compilers.  */
| 
| #ifdef __STDC__
| # include <limits.h>
| #else
| # include <assert.h>
| #endif
| 
| #undef vasnprintf
| 
| /* Override any GCC internal prototype to avoid an error.
|    Use char because int might match the return type of a GCC
|    builtin and then its argument prototype would still apply.  */
| #ifdef __cplusplus
| extern "C"
| #endif
| char vasnprintf ();
| /* The GNU C library defines this for functions which it implements
|     to always fail with ENOSYS.  Some functions are actually named
|     something starting with __ and the normal name is an alias.  */
| #if defined __stub_vasnprintf || defined __stub___vasnprintf
| choke me
| #endif
| 
| int
| main ()
| {
| return vasnprintf ();
|   ;
|   return 0;
| }
configure:5063: result: no
configure:5089: checking for getopt
configure:5145: /usr/bin/gcc -o conftest -g -O2 -Wall    conftest.c  >&5
configure:5151: $? = 0
configure:5169: result: yes
configure:5089: checking for getopt_long_only
configure:5145: /usr/bin/gcc -o conftest -g -O2 -Wall    conftest.c  >&5
configure:5151: $? = 0
configure:5169: result: yes
configure:5186: checking for usleep
configure:5242: /usr/bin/gcc -o conftest -g -O2 -Wall    conftest.c  >&5
configure:5248: $? = 0
configure:5266: result: yes
configure:5186: checking for gettimeofday
configure:5242: /usr/bin/gcc -o conftest -g -O2 -Wall    conftest.c  >&5
configure:5248: $? = 0
configure:5266: result: yes
configure:5186: checking for sleep
configure:5242: /usr/bin/gcc -o conftest -g -O2 -Wall    conftest.c  >&5
configure:5248: $? = 0
configure:5266: result: yes
configure:5284: checking for getopt_long_only
configure:5363: result: yes
configure:5382: checking for strcasecmp
configure:5462: result: yes
configure:5382: checking for strncasecmp
configure:5462: result: yes
configure:5529: checking for library containing getaddrinfo
configure:5570: /usr/bin/gcc -o conftest -g -O2 -Wall    conftest.c  >&5
configure:5576: $? = 0
configure:5604: result: none required
configure:5612: checking for library containing gai_strerror
configure:5653: /usr/bin/gcc -o conftest -g -O2 -Wall    conftest.c  >&5
configure:5659: $? = 0
configure:5687: result: none required
configure:5695: checking for library containing getnameinfo
configure:5736: /usr/bin/gcc -o conftest -g -O2 -Wall    conftest.c  >&5
configure:5742: $? = 0
configure:5770: result: none required
configure:5782: checking for gai_strerror
configure:5838: /usr/bin/gcc -o conftest -g -O2 -Wall    conftest.c  >&5
configure:5844: $? = 0
configure:5862: result: yes
configure:5877: checking for inet_ntop
configure:5933: /usr/bin/gcc -o conftest -g -O2 -Wall    conftest.c  >&5
configure:5939: $? = 0
configure:5957: result: yes
configure:5877: checking for inet_pton
configure:5933: /usr/bin/gcc -o conftest -g -O2 -Wall    conftest.c  >&5
configure:5939: $? = 0
configure:5957: result: yes
configure:5976: checking for working getaddrinfo
configure:6031: /usr/bin/gcc -o conftest -g -O2 -Wall    conftest.c  >&5
conftest.c:72: warning: return type of 'main' is not 'int'
conftest.c: In function 'main':
conftest.c:81: warning: implicit declaration of function 'exit'
conftest.c:81: warning: incompatible implicit declaration of built-in function 'exit'
conftest.c:84: warning: incompatible implicit declaration of built-in function 'exit'
conftest.c:86: warning: incompatible implicit declaration of built-in function 'exit'
configure:6034: $? = 0
configure:6040: ./conftest
configure:6043: $? = 0
configure:6063: result: yes
configure:6078: checking for working getnameinfo
configure:6141: /usr/bin/gcc -o conftest -g -O2 -Wall    conftest.c  >&5
conftest.c:76: warning: return type of 'main' is not 'int'
conftest.c: In function 'main':
conftest.c:83: warning: implicit declaration of function 'inet_addr'
conftest.c:92: warning: implicit declaration of function 'exit'
conftest.c:92: warning: incompatible implicit declaration of built-in function 'exit'
conftest.c:94: warning: incompatible implicit declaration of built-in function 'exit'
configure:6144: $? = 0
configure:6150: ./conftest
configure:6153: $? = 0
configure:6173: result: yes
configure:6184: checking for sockaddr_in6
configure:6220: /usr/bin/gcc -c -g -O2 -Wall   conftest.c >&5
conftest.c: In function 'main':
conftest.c:72: warning: unused variable 'sa'
configure:6226: $? = 0
configure:6246: result: yes
configure:6260: checking for sockaddr_storage
configure:6299: /usr/bin/gcc -c -g -O2 -Wall   conftest.c >&5
conftest.c: In function 'main':
conftest.c:76: warning: unused variable 'sa'
configure:6305: $? = 0
configure:6325: result: yes
configure:6339: checking for AF_INET6 definition
configure:6378: /usr/bin/gcc -c -g -O2 -Wall   conftest.c >&5
conftest.c: In function 'main':
conftest.c:77: warning: unused variable 'af'
configure:6384: $? = 0
configure:6404: result: yes
configure:6418: checking for IPv6 support
configure:6429: result: yes
configure:6504: checking openssl/ssl.h usability
configure:6521: /usr/bin/gcc -c -g -O2 -Wall   conftest.c >&5
configure:6527: $? = 0
configure:6541: result: yes
configure:6545: checking openssl/ssl.h presence
configure:6560: /usr/bin/gcc -E  conftest.c
configure:6566: $? = 0
configure:6580: result: yes
configure:6608: checking for openssl/ssl.h
configure:6615: result: yes
configure:6642: checking openssl/err.h usability
configure:6659: /usr/bin/gcc -c -g -O2 -Wall   conftest.c >&5
configure:6665: $? = 0
configure:6679: result: yes
configure:6683: checking openssl/err.h presence
configure:6698: /usr/bin/gcc -E  conftest.c
configure:6704: $? = 0
configure:6718: result: yes
configure:6746: checking for openssl/err.h
configure:6753: result: yes
configure:6781: checking openssl/rand.h usability
configure:6798: /usr/bin/gcc -c -g -O2 -Wall   conftest.c >&5
configure:6804: $? = 0
configure:6818: result: yes
configure:6822: checking openssl/rand.h presence
configure:6837: /usr/bin/gcc -E  conftest.c
configure:6843: $? = 0
configure:6857: result: yes
configure:6885: checking for openssl/rand.h
configure:6892: result: yes
configure:6911: checking for BIO_int_ctrl in -lcrypto
configure:6946: /usr/bin/gcc -o conftest -g -O2 -Wall    conftest.c -lcrypto   >&5
configure:6952: $? = 0
configure:6970: result: yes
configure:6989: checking for SSL_new in -lssl
configure:7024: /usr/bin/gcc -o conftest -g -O2 -Wall    conftest.c -lssl  -lcrypto  >&5
configure:7030: $? = 0
configure:7048: result: yes
configure:7178: creating ./config.status

## ---------------------- ##
## Running config.status. ##
## ---------------------- ##

This file was extended by config.status, which was
generated by GNU Autoconf 2.61.  Invocation command line was

  CONFIG_FILES    = 
  CONFIG_HEADERS  = 
  CONFIG_LINKS    = 
  CONFIG_COMMANDS = 
  $ ./config.status 

on Chriss-iPhone

config.status:602: creating Makefile
config.status:733: WARNING:  Makefile.in seems to ignore the --datarootdir setting
config.status:602: creating nbase_config.h

## ---------------- ##
## Cache variables. ##
## ---------------- ##

ac_cv___attribute__=yes
ac_cv_build=arm64-apple-darwin14.0.0
ac_cv_c_bigendian=no
ac_cv_c_compiler_gnu=yes
ac_cv_c_inline=inline
ac_cv_c_int16_t=yes
ac_cv_c_int32_t=yes
ac_cv_c_int64_t=yes
ac_cv_c_int8_t=yes
ac_cv_c_uint16_t=yes
ac_cv_c_uint32_t=yes
ac_cv_c_uint64_t=yes
ac_cv_c_uint8_t=yes
ac_cv_define_af_inet6=yes
ac_cv_define_sockaddr_in6=yes
ac_cv_define_sockaddr_storage=yes
ac_cv_env_CC_set=set
ac_cv_env_CC_value=/usr/bin/gcc
ac_cv_env_CFLAGS_set=
ac_cv_env_CFLAGS_value=
ac_cv_env_CPPFLAGS_set=
ac_cv_env_CPPFLAGS_value=
ac_cv_env_CPP_set=
ac_cv_env_CPP_value=
ac_cv_env_LDFLAGS_set=
ac_cv_env_LDFLAGS_value=
ac_cv_env_LIBS_set=
ac_cv_env_LIBS_value=
ac_cv_env_build_alias_set=
ac_cv_env_build_alias_value=
ac_cv_env_host_alias_set=
ac_cv_env_host_alias_value=
ac_cv_env_target_alias_set=
ac_cv_env_target_alias_value=
ac_cv_func_asnprintf=no
ac_cv_func_asprintf=yes
ac_cv_func_gai_strerror=yes
ac_cv_func_getopt=yes
ac_cv_func_getopt_long_only=yes
ac_cv_func_gettimeofday=yes
ac_cv_func_inet_ntop=yes
ac_cv_func_inet_pton=yes
ac_cv_func_nanosleep=yes
ac_cv_func_sleep=yes
ac_cv_func_snprintf=yes
ac_cv_func_strcasecmp=yes
ac_cv_func_strcasestr=yes
ac_cv_func_strerror=yes
ac_cv_func_strncasecmp=yes
ac_cv_func_usleep=yes
ac_cv_func_vasnprintf=no
ac_cv_func_vasprintf=yes
ac_cv_func_vsnprintf=yes
ac_cv_header_arpa_inet_h=yes
ac_cv_header_errno_h=yes
ac_cv_header_fcntl_h=yes
ac_cv_header_getopt_h=yes
ac_cv_header_inttypes_h=yes
ac_cv_header_memory_h=yes
ac_cv_header_net_if_h=yes
ac_cv_header_netdb_h=yes
ac_cv_header_netinet_in_h=yes
ac_cv_header_openssl_err_h=yes
ac_cv_header_openssl_rand_h=yes
ac_cv_header_openssl_ssl_h=yes
ac_cv_header_stdc=yes
ac_cv_header_stdint_h=yes
ac_cv_header_stdlib_h=yes
ac_cv_header_string_h=yes
ac_cv_header_strings_h=yes
ac_cv_header_sys_param_h=yes
ac_cv_header_sys_resource_h=yes
ac_cv_header_sys_socket_h=yes
ac_cv_header_sys_stat_h=yes
ac_cv_header_sys_time_h=yes
ac_cv_header_sys_types_h=yes
ac_cv_header_sys_wait_h=yes
ac_cv_header_time=yes
ac_cv_header_unistd_h=yes
ac_cv_host=arm64-apple-darwin14.0.0
ac_cv_lib_crypto_BIO_int_ctrl=yes
ac_cv_lib_ssl_SSL_new=yes
ac_cv_objext=o
ac_cv_path_EGREP='/bin/grep -E'
ac_cv_path_GREP=/bin/grep
ac_cv_prog_CPP='/usr/bin/gcc -E'
ac_cv_prog_ac_ct_CC=/usr/bin/gcc
ac_cv_prog_ac_ct_RANLIB=ranlib
ac_cv_prog_cc_c89=
ac_cv_prog_cc_g=yes
ac_cv_search_gai_strerror='none required'
ac_cv_search_getaddrinfo='none required'
ac_cv_search_getnameinfo='none required'
ac_cv_working_getaddrinfo=yes
ac_cv_working_getnameinfo=yes

## ----------------- ##
## Output variables. ##
## ----------------- ##

CC='/usr/bin/gcc'
CFLAGS='-g -O2 -Wall '
COMPAT_OBJS=''
COMPAT_SRCS=''
CPP='/usr/bin/gcc -E'
CPPFLAGS=''
DEFS='-DHAVE_CONFIG_H'
ECHO_C=''
ECHO_N='-n'
ECHO_T=''
EGREP='/bin/grep -E'
EXEEXT=''
GREP='/bin/grep'
LDFLAGS=''
LIBOBJS=' ${LIBOBJDIR}snprintf$U.o ${LIBOBJDIR}nbase_str$U.o ${LIBOBJDIR}nbase_misc$U.o ${LIBOBJDIR}nbase_memalloc$U.o ${LIBOBJDIR}nbase_rnd$U.o ${LIBOBJDIR}nbase_md5$U.o ${LIBOBJDIR}nbase_sha1$U.o'
LIBS='-lssl -lcrypto '
LTLIBOBJS=' ${LIBOBJDIR}snprintf$U.lo ${LIBOBJDIR}nbase_str$U.lo ${LIBOBJDIR}nbase_misc$U.lo ${LIBOBJDIR}nbase_memalloc$U.lo ${LIBOBJDIR}nbase_rnd$U.lo ${LIBOBJDIR}nbase_md5$U.lo ${LIBOBJDIR}nbase_sha1$U.lo'
OBJEXT='o'
PACKAGE_BUGREPORT=''
PACKAGE_NAME=''
PACKAGE_STRING=''
PACKAGE_TARNAME=''
PACKAGE_VERSION=''
PATH_SEPARATOR=':'
RANLIB='ranlib'
SHELL='/bin/sh'
ac_ct_CC='/usr/bin/gcc'
bindir='${exec_prefix}/bin'
build='arm64-apple-darwin14.0.0'
build_alias=''
build_cpu='arm64'
build_os='darwin14.0.0'
build_vendor='apple'
datadir='${datarootdir}'
datarootdir='${prefix}/share'
docdir='${datarootdir}/doc/${PACKAGE}'
dvidir='${docdir}'
exec_prefix='${prefix}'
host='arm64-apple-darwin14.0.0'
host_alias=''
host_cpu='arm64'
host_os='darwin14.0.0'
host_vendor='apple'
htmldir='${docdir}'
includedir='${prefix}/include'
infodir='${datarootdir}/info'
libdir='${exec_prefix}/lib'
libexecdir='${exec_prefix}/libexec'
localedir='${datarootdir}/locale'
localstatedir='${prefix}/var'
mandir='${datarootdir}/man'
oldincludedir='/usr/include'
pdfdir='${docdir}'
prefix='/usr/local'
program_transform_name='s,x,x,'
psdir='${docdir}'
sbindir='${exec_prefix}/sbin'
sharedstatedir='${prefix}/com'
sysconfdir='${prefix}/etc'
target_alias=''

## ----------- ##
## confdefs.h. ##
## ----------- ##

#define PACKAGE_NAME ""
#define PACKAGE_TARNAME ""
#define PACKAGE_VERSION ""
#define PACKAGE_STRING ""
#define PACKAGE_BUGREPORT ""
#define STDC_HEADERS 1
#define HAVE_SYS_TYPES_H 1
#define HAVE_SYS_STAT_H 1
#define HAVE_STDLIB_H 1
#define HAVE_STRING_H 1
#define HAVE_MEMORY_H 1
#define HAVE_STRINGS_H 1
#define HAVE_INTTYPES_H 1
#define HAVE_STDINT_H 1
#define HAVE_UNISTD_H 1
#define HAVE_STRING_H 1
#define HAVE_GETOPT_H 1
#define HAVE_STRINGS_H 1
#define HAVE_SYS_PARAM_H 1
#define HAVE_SYS_TIME_H 1
#define HAVE_UNISTD_H 1
#define HAVE_ERRNO_H 1
#define HAVE_SYS_TYPES_H 1
#define HAVE_SYS_SOCKET_H 1
#define HAVE_NETINET_IN_H 1
#define HAVE_ARPA_INET_H 1
#define HAVE_SYS_STAT_H 1
#define HAVE_NET_IF_H 1
#define HAVE_NETDB_H 1
#define HAVE_SYS_WAIT_H 1
#define HAVE_FCNTL_H 1
#define HAVE_SYS_RESOURCE_H 1
#define TIME_WITH_SYS_TIME 1
#define HAVE___ATTRIBUTE__ 1
#define HAVE_SNPRINTF 1
#define HAVE_VSNPRINTF 1
#define HAVE_NANOSLEEP 1
#define HAVE_STRERROR 1
#define HAVE_STRCASESTR 1
#define HAVE_STRCASECMP 1
#define HAVE_STRNCASECMP 1
#define HAVE_VSNPRINTF 1
#define HAVE_SNPRINTF 1
#define HAVE_ASPRINTF 1
#define HAVE_VASPRINTF 1
#define HAVE_GETOPT 1
#define HAVE_GETOPT_LONG_ONLY 1
#define HAVE_USLEEP 1
#define HAVE_GETTIMEOFDAY 1
#define HAVE_SLEEP 1
#define HAVE_STRCASECMP 1
#define HAVE_STRNCASECMP 1
#define HAVE_GAI_STRERROR 1
#define HAVE_INET_NTOP 1
#define HAVE_INET_PTON 1
#define HAVE_GETADDRINFO 1
#define HAVE_GETNAMEINFO 1
#define HAVE_SOCKADDR_IN6 1
#define HAVE_SOCKADDR_STORAGE 1
#define HAVE_AF_INET6 1
#define HAVE_IPV6 1
#define HAVE_LIBCRYPTO 1
#define HAVE_LIBSSL 1
#define HAVE_OPENSSL 1

configure: exit 0
