This file contains any messages produced by compilers while
running configure, to aid debugging if configure makes a mistake.

It was created by libXfont configure 1.4.2, which was
generated by GNU Autoconf 2.59.  Invocation command line was

  $ ./configure CC=/usr/bin/gcc --no-create --no-recursion

## --------- ##
## Platform. ##
## --------- ##

hostname = Chriss-iPad
uname -m = iPad1,1
uname -r = 11.0.0
uname -s = Darwin
uname -v = Darwin Kernel Version 11.0.0: Sun Apr  8 21:51:26 PDT 2012; root:xnu-1878.11.10~1/RELEASE_ARM_S5L8930X

/usr/bin/uname -p = unknown
/bin/uname -X     = unknown

/bin/arch              = unknown
/usr/bin/arch -k       = unknown
/usr/convex/getsysinfo = unknown
hostinfo               = Mach kernel version:
	 Darwin Kernel Version 11.0.0: Sun Apr  8 21:51:26 PDT 2012; root:xnu-1878.11.10~1/RELEASE_ARM_S5L8930X
Kernel configured for a single processor only.
1 processor is physically available.
1 processor is logically available.
Processor type: armv7 (arm v7)
Processor active: 0
Primary memory available: 246.98 megabytes
Default processor set: 43 tasks, 241 threads, 1 processors
Load average: 2.64, Mach factor: 0.24
/bin/machine           = unknown
/usr/bin/oslevel       = unknown
/bin/universe          = unknown

PATH: /usr/local/sbin
PATH: /usr/local/bin
PATH: /usr/sbin
PATH: /usr/bin
PATH: /sbin
PATH: /bin
PATH: /usr/bin/X11
PATH: /usr/games
PATH: /usr/local/Gambit-C/bin
PATH: /home/chris/apache-ant-1.7.1/bin


## ----------- ##
## Core tests. ##
## ----------- ##

configure:1555: checking for a BSD-compatible install
configure:1610: result: /usr/bin/install -c
configure:1621: checking whether build environment is sane
configure:1664: result: yes
configure:1697: checking for gawk
configure:1713: found /usr/bin/gawk
configure:1723: result: gawk
configure:1733: checking whether make sets $(MAKE)
configure:1753: result: yes
configure:1994: checking for gcc
configure:2020: result: /usr/bin/gcc
configure:2264: checking for C compiler version
configure:2267: /usr/bin/gcc --version </dev/null >&5
gcc (GCC) 4.2.1 (Based on Apple Inc. build 5555)
Copyright (C) 2007 Free Software Foundation, Inc.
This is free software; see the source for copying conditions.  There is NO
warranty; not even for MERCHANTABILITY or FITNESS FOR A PARTICULAR PURPOSE.

configure:2270: $? = 0
configure:2272: /usr/bin/gcc -v </dev/null >&5
Using built-in specs.
Target: arm-apple-darwin9
Configured with: ../llvm-gcc-4.2/configure --build=x86_64-unknown-linux-gnu --host=arm-apple-darwin9 --enable-static=no --enable-shared=yes --prefix=/usr --localstatedir=/var/cache/iphone-gcc --enable-languages=c,c++,objc,obj-c++ --enable-wchar_t=no --with-gxx-include-dir=/usr/include/c++/4.0.0
Thread model: posix
gcc version 4.2.1 (Based on Apple Inc. build 5555)
configure:2275: $? = 0
configure:2277: /usr/bin/gcc -V </dev/null >&5
gcc: '-V' option must have argument
configure:2280: $? = 1
configure:2303: checking for C compiler default output file name
configure:2306: /usr/bin/gcc    conftest.c  >&5
configure:2309: $? = 0
configure:2355: result: a.out
configure:2360: checking whether the C compiler works
configure:2366: ./a.out
./configure: line 2367: 79892 Killed: 9               ./$ac_file
configure:2369: $? = 137
configure:2380: result: yes
configure:2387: checking whether we are cross compiling
configure:2389: result: no
configure:2392: checking for suffix of executables
configure:2394: /usr/bin/gcc -o conftest    conftest.c  >&5
configure:2397: $? = 0
configure:2422: result: 
configure:2428: checking for suffix of object files
configure:2449: /usr/bin/gcc -c   conftest.c >&5
configure:2452: $? = 0
configure:2474: result: o
configure:2478: checking whether we are using the GNU C compiler
configure:2502: /usr/bin/gcc -c   conftest.c >&5
configure:2508: $? = 0
configure:2511: test -z 			 || test ! -s conftest.err
configure:2514: $? = 0
configure:2517: test -s conftest.o
configure:2520: $? = 0
configure:2533: result: yes
configure:2539: checking whether /usr/bin/gcc accepts -g
configure:2560: /usr/bin/gcc -c -g  conftest.c >&5
configure:2566: $? = 0
configure:2569: test -z 			 || test ! -s conftest.err
configure:2572: $? = 0
configure:2575: test -s conftest.o
configure:2578: $? = 0
configure:2589: result: yes
configure:2606: checking for /usr/bin/gcc option to accept ANSI C
configure:2676: /usr/bin/gcc  -c -g -O2  conftest.c >&5
configure:2682: $? = 0
configure:2685: test -z 			 || test ! -s conftest.err
configure:2688: $? = 0
configure:2691: test -s conftest.o
configure:2694: $? = 0
configure:2712: result: none needed
configure:2730: /usr/bin/gcc -c -g -O2  conftest.c >&5
conftest.c:2: error: expected '=', ',', ';', 'asm' or '__attribute__' before 'me'
configure:2736: $? = 1
configure: failed program was:
| #ifndef __cplusplus
|   choke me
| #endif
configure:2877: checking for style of include used by make
configure:2905: result: GNU
configure:2933: checking dependency style of /usr/bin/gcc
configure:3016: result: gcc3
configure:3111: checking build system type
configure:3129: result: arm-apple-darwin11.0.0
configure:3137: checking host system type
configure:3151: result: arm-apple-darwin11.0.0
configure:3159: checking for a sed that does not truncate output
configure:3213: result: /bin/sed
configure:3216: checking for egrep
configure:3226: result: grep -E
configure:3242: checking for ld used by /usr/bin/gcc
configure:3309: result: /usr/bin/ld
configure:3318: checking if the linker (/usr/bin/ld) is GNU ld
configure:3333: result: no
configure:3338: checking for /usr/bin/ld option to reload object files
configure:3345: result: -r
configure:3354: checking for BSD-compatible nm
configure:3396: result: /usr/bin/nm -p
configure:3400: checking whether ln -s works
configure:3404: result: yes
configure:3411: checking how to recognise dependent libraries
configure:3585: result: pass_all
configure:3798: checking how to run the C preprocessor
configure:3833: /usr/bin/gcc -E  conftest.c
configure:3839: $? = 0
configure:3871: /usr/bin/gcc -E  conftest.c
conftest.c:11:28: error: ac_nonexistent.h: No such file or directory
configure:3877: $? = 1
configure: failed program was:
| /* confdefs.h.  */
| 
| #define PACKAGE_NAME "libXfont"
| #define PACKAGE_TARNAME "libXfont"
| #define PACKAGE_VERSION "1.4.2"
| #define PACKAGE_STRING "libXfont 1.4.2"
| #define PACKAGE_BUGREPORT "keithp@keithp.com"
| #define PACKAGE "libXfont"
| #define VERSION "1.4.2"
| /* end confdefs.h.  */
| #include <ac_nonexistent.h>
configure:3916: result: /usr/bin/gcc -E
configure:3940: /usr/bin/gcc -E  conftest.c
configure:3946: $? = 0
configure:3978: /usr/bin/gcc -E  conftest.c
conftest.c:11:28: error: ac_nonexistent.h: No such file or directory
configure:3984: $? = 1
configure: failed program was:
| /* confdefs.h.  */
| 
| #define PACKAGE_NAME "libXfont"
| #define PACKAGE_TARNAME "libXfont"
| #define PACKAGE_VERSION "1.4.2"
| #define PACKAGE_STRING "libXfont 1.4.2"
| #define PACKAGE_BUGREPORT "keithp@keithp.com"
| #define PACKAGE "libXfont"
| #define VERSION "1.4.2"
| /* end confdefs.h.  */
| #include <ac_nonexistent.h>
configure:4028: checking for ANSI C header files
configure:4053: /usr/bin/gcc -c -g -O2  conftest.c >&5
configure:4059: $? = 0
configure:4062: test -z 			 || test ! -s conftest.err
configure:4065: $? = 0
configure:4068: test -s conftest.o
configure:4071: $? = 0
configure:4160: /usr/bin/gcc -o conftest -g -O2   conftest.c  >&5
conftest.c: In function 'main':
conftest.c:28: warning: incompatible implicit declaration of built-in function 'exit'
configure:4163: $? = 0
configure:4165: ./conftest
./configure: line 4166: 80280 Killed: 9               ./conftest$ac_exeext
configure:4168: $? = 137
configure: program exited with status 137
configure: failed program was:
| /* confdefs.h.  */
| 
| #define PACKAGE_NAME "libXfont"
| #define PACKAGE_TARNAME "libXfont"
| #define PACKAGE_VERSION "1.4.2"
| #define PACKAGE_STRING "libXfont 1.4.2"
| #define PACKAGE_BUGREPORT "keithp@keithp.com"
| #define PACKAGE "libXfont"
| #define VERSION "1.4.2"
| /* end confdefs.h.  */
| #include <ctype.h>
| #if ((' ' & 0x0FF) == 0x020)
| # define ISLOWER(c) ('a' <= (c) && (c) <= 'z')
| # define TOUPPER(c) (ISLOWER(c) ? 'A' + ((c) - 'a') : (c))
| #else
| # define ISLOWER(c) 		   (('a' <= (c) && (c) <= 'i') 		     || ('j' <= (c) && (c) <= 'r') 		     || ('s' <= (c) && (c) <= 'z'))
| # define TOUPPER(c) (ISLOWER(c) ? ((c) | 0x40) : (c))
| #endif
| 
| #define XOR(e, f) (((e) && !(f)) || (!(e) && (f)))
| int
| main ()
| {
|   int i;
|   for (i = 0; i < 256; i++)
|     if (XOR (islower (i), ISLOWER (i))
| 	|| toupper (i) != TOUPPER (i))
|       exit(2);
|   exit (0);
| }
configure:4183: result: no
configure:4207: checking for sys/types.h
configure:4223: /usr/bin/gcc -c -g -O2  conftest.c >&5
configure:4229: $? = 0
configure:4232: test -z 			 || test ! -s conftest.err
configure:4235: $? = 0
configure:4238: test -s conftest.o
configure:4241: $? = 0
configure:4252: result: yes
configure:4207: checking for sys/stat.h
configure:4223: /usr/bin/gcc -c -g -O2  conftest.c >&5
configure:4229: $? = 0
configure:4232: test -z 			 || test ! -s conftest.err
configure:4235: $? = 0
configure:4238: test -s conftest.o
configure:4241: $? = 0
configure:4252: result: yes
configure:4207: checking for stdlib.h
configure:4223: /usr/bin/gcc -c -g -O2  conftest.c >&5
configure:4229: $? = 0
configure:4232: test -z 			 || test ! -s conftest.err
configure:4235: $? = 0
configure:4238: test -s conftest.o
configure:4241: $? = 0
configure:4252: result: yes
configure:4207: checking for string.h
configure:4223: /usr/bin/gcc -c -g -O2  conftest.c >&5
configure:4229: $? = 0
configure:4232: test -z 			 || test ! -s conftest.err
configure:4235: $? = 0
configure:4238: test -s conftest.o
configure:4241: $? = 0
configure:4252: result: yes
configure:4207: checking for memory.h
configure:4223: /usr/bin/gcc -c -g -O2  conftest.c >&5
configure:4229: $? = 0
configure:4232: test -z 			 || test ! -s conftest.err
configure:4235: $? = 0
configure:4238: test -s conftest.o
configure:4241: $? = 0
configure:4252: result: yes
configure:4207: checking for strings.h
configure:4223: /usr/bin/gcc -c -g -O2  conftest.c >&5
configure:4229: $? = 0
configure:4232: test -z 			 || test ! -s conftest.err
configure:4235: $? = 0
configure:4238: test -s conftest.o
configure:4241: $? = 0
configure:4252: result: yes
configure:4207: checking for inttypes.h
configure:4223: /usr/bin/gcc -c -g -O2  conftest.c >&5
configure:4229: $? = 0
configure:4232: test -z 			 || test ! -s conftest.err
configure:4235: $? = 0
configure:4238: test -s conftest.o
configure:4241: $? = 0
configure:4252: result: yes
configure:4207: checking for stdint.h
configure:4223: /usr/bin/gcc -c -g -O2  conftest.c >&5
configure:4229: $? = 0
configure:4232: test -z 			 || test ! -s conftest.err
configure:4235: $? = 0
configure:4238: test -s conftest.o
configure:4241: $? = 0
configure:4252: result: yes
configure:4207: checking for unistd.h
configure:4223: /usr/bin/gcc -c -g -O2  conftest.c >&5
configure:4229: $? = 0
configure:4232: test -z 			 || test ! -s conftest.err
configure:4235: $? = 0
configure:4238: test -s conftest.o
configure:4241: $? = 0
configure:4252: result: yes
configure:4278: checking dlfcn.h usability
configure:4290: /usr/bin/gcc -c -g -O2  conftest.c >&5
configure:4296: $? = 0
configure:4299: test -z 			 || test ! -s conftest.err
configure:4302: $? = 0
configure:4305: test -s conftest.o
configure:4308: $? = 0
configure:4318: result: yes
configure:4322: checking dlfcn.h presence
configure:4332: /usr/bin/gcc -E  conftest.c
configure:4338: $? = 0
configure:4358: result: yes
configure:4393: checking for dlfcn.h
configure:4400: result: yes
configure:4465: checking for g++
configure:4481: found /usr/bin/g++
configure:4491: result: g++
configure:4507: checking for C++ compiler version
configure:4510: g++ --version </dev/null >&5
g++ (GCC) 4.2.1 (Based on Apple Inc. build 5555)
Copyright (C) 2007 Free Software Foundation, Inc.
This is free software; see the source for copying conditions.  There is NO
warranty; not even for MERCHANTABILITY or FITNESS FOR A PARTICULAR PURPOSE.

configure:4513: $? = 0
configure:4515: g++ -v </dev/null >&5
Using built-in specs.
Target: arm-apple-darwin9
Configured with: ../llvm-gcc-4.2/configure --build=x86_64-unknown-linux-gnu --host=arm-apple-darwin9 --enable-static=no --enable-shared=yes --prefix=/usr --localstatedir=/var/cache/iphone-gcc --enable-languages=c,c++,objc,obj-c++ --enable-wchar_t=no --with-gxx-include-dir=/usr/include/c++/4.0.0
Thread model: posix
gcc version 4.2.1 (Based on Apple Inc. build 5555)
configure:4518: $? = 0
configure:4520: g++ -V </dev/null >&5
g++: '-V' option must have argument
configure:4523: $? = 1
configure:4526: checking whether we are using the GNU C++ compiler
configure:4550: g++ -c   conftest.cc >&5
configure:4556: $? = 0
configure:4559: test -z 			 || test ! -s conftest.err
configure:4562: $? = 0
configure:4565: test -s conftest.o
configure:4568: $? = 0
configure:4581: result: yes
configure:4587: checking whether g++ accepts -g
configure:4608: g++ -c -g  conftest.cc >&5
configure:4614: $? = 0
configure:4617: test -z 			 || test ! -s conftest.err
configure:4620: $? = 0
configure:4623: test -s conftest.o
configure:4626: $? = 0
configure:4637: result: yes
configure:4679: g++ -c -g -O2  conftest.cc >&5
configure:4685: $? = 0
configure:4688: test -z 			 || test ! -s conftest.err
configure:4691: $? = 0
configure:4694: test -s conftest.o
configure:4697: $? = 0
configure:4723: g++ -c -g -O2  conftest.cc >&5
conftest.cc: In function 'int main()':
conftest.cc:25: error: 'exit' was not declared in this scope
configure:4729: $? = 1
configure: failed program was:
| /* confdefs.h.  */
| 
| #define PACKAGE_NAME "libXfont"
| #define PACKAGE_TARNAME "libXfont"
| #define PACKAGE_VERSION "1.4.2"
| #define PACKAGE_STRING "libXfont 1.4.2"
| #define PACKAGE_BUGREPORT "keithp@keithp.com"
| #define PACKAGE "libXfont"
| #define VERSION "1.4.2"
| #define HAVE_SYS_TYPES_H 1
| #define HAVE_SYS_STAT_H 1
| #define HAVE_STDLIB_H 1
| #define HAVE_STRING_H 1
| #define HAVE_MEMORY_H 1
| #define HAVE_STRINGS_H 1
| #define HAVE_INTTYPES_H 1
| #define HAVE_STDINT_H 1
| #define HAVE_UNISTD_H 1
| #define HAVE_DLFCN_H 1
| /* end confdefs.h.  */
| 
| int
| main ()
| {
| exit (42);
|   ;
|   return 0;
| }
configure:4679: g++ -c -g -O2  conftest.cc >&5
conftest.cc:21: error: 'void std::exit(int)' should have been declared inside 'std'
In file included from conftest.cc:22:
/home/chris/sdk2/stdlib.h:159: error: declaration of 'void std::exit(int)' throws different exceptions
conftest.cc:21: error: from previous declaration 'void std::exit(int) throw ()'
configure:4685: $? = 1
configure: failed program was:
| /* confdefs.h.  */
| 
| #define PACKAGE_NAME "libXfont"
| #define PACKAGE_TARNAME "libXfont"
| #define PACKAGE_VERSION "1.4.2"
| #define PACKAGE_STRING "libXfont 1.4.2"
| #define PACKAGE_BUGREPORT "keithp@keithp.com"
| #define PACKAGE "libXfont"
| #define VERSION "1.4.2"
| #define HAVE_SYS_TYPES_H 1
| #define HAVE_SYS_STAT_H 1
| #define HAVE_STDLIB_H 1
| #define HAVE_STRING_H 1
| #define HAVE_MEMORY_H 1
| #define HAVE_STRINGS_H 1
| #define HAVE_INTTYPES_H 1
| #define HAVE_STDINT_H 1
| #define HAVE_UNISTD_H 1
| #define HAVE_DLFCN_H 1
| /* end confdefs.h.  */
| extern "C" void std::exit (int) throw (); using std::exit;
| #include <stdlib.h>
| int
| main ()
| {
| exit (42);
|   ;
|   return 0;
| }
configure:4679: g++ -c -g -O2  conftest.cc >&5
conftest.cc:21: error: 'void std::exit(int)' should have been declared inside 'std'
configure:4685: $? = 1
configure: failed program was:
| /* confdefs.h.  */
| 
| #define PACKAGE_NAME "libXfont"
| #define PACKAGE_TARNAME "libXfont"
| #define PACKAGE_VERSION "1.4.2"
| #define PACKAGE_STRING "libXfont 1.4.2"
| #define PACKAGE_BUGREPORT "keithp@keithp.com"
| #define PACKAGE "libXfont"
| #define VERSION "1.4.2"
| #define HAVE_SYS_TYPES_H 1
| #define HAVE_SYS_STAT_H 1
| #define HAVE_STDLIB_H 1
| #define HAVE_STRING_H 1
| #define HAVE_MEMORY_H 1
| #define HAVE_STRINGS_H 1
| #define HAVE_INTTYPES_H 1
| #define HAVE_STDINT_H 1
| #define HAVE_UNISTD_H 1
| #define HAVE_DLFCN_H 1
| /* end confdefs.h.  */
| extern "C" void std::exit (int); using std::exit;
| #include <stdlib.h>
| int
| main ()
| {
| exit (42);
|   ;
|   return 0;
| }
configure:4679: g++ -c -g -O2  conftest.cc >&5
In file included from conftest.cc:22:
/home/chris/sdk2/stdlib.h:159: error: declaration of 'void exit(int)' throws different exceptions
conftest.cc:21: error: from previous declaration 'void exit(int) throw ()'
configure:4685: $? = 1
configure: failed program was:
| /* confdefs.h.  */
| 
| #define PACKAGE_NAME "libXfont"
| #define PACKAGE_TARNAME "libXfont"
| #define PACKAGE_VERSION "1.4.2"
| #define PACKAGE_STRING "libXfont 1.4.2"
| #define PACKAGE_BUGREPORT "keithp@keithp.com"
| #define PACKAGE "libXfont"
| #define VERSION "1.4.2"
| #define HAVE_SYS_TYPES_H 1
| #define HAVE_SYS_STAT_H 1
| #define HAVE_STDLIB_H 1
| #define HAVE_STRING_H 1
| #define HAVE_MEMORY_H 1
| #define HAVE_STRINGS_H 1
| #define HAVE_INTTYPES_H 1
| #define HAVE_STDINT_H 1
| #define HAVE_UNISTD_H 1
| #define HAVE_DLFCN_H 1
| /* end confdefs.h.  */
| extern "C" void exit (int) throw ();
| #include <stdlib.h>
| int
| main ()
| {
| exit (42);
|   ;
|   return 0;
| }
configure:4679: g++ -c -g -O2  conftest.cc >&5
configure:4685: $? = 0
configure:4688: test -z 			 || test ! -s conftest.err
configure:4691: $? = 0
configure:4694: test -s conftest.o
configure:4697: $? = 0
configure:4723: g++ -c -g -O2  conftest.cc >&5
configure:4729: $? = 0
configure:4732: test -z 			 || test ! -s conftest.err
configure:4735: $? = 0
configure:4738: test -s conftest.o
configure:4741: $? = 0
configure:4766: checking dependency style of g++
configure:4849: result: gcc3
configure:4871: checking how to run the C++ preprocessor
configure:4902: g++ -E  conftest.cc
configure:4908: $? = 0
configure:4940: g++ -E  conftest.cc
conftest.cc:24:28: error: ac_nonexistent.h: No such file or directory
configure:4946: $? = 1
configure: failed program was:
| /* confdefs.h.  */
| 
| #define PACKAGE_NAME "libXfont"
| #define PACKAGE_TARNAME "libXfont"
| #define PACKAGE_VERSION "1.4.2"
| #define PACKAGE_STRING "libXfont 1.4.2"
| #define PACKAGE_BUGREPORT "keithp@keithp.com"
| #define PACKAGE "libXfont"
| #define VERSION "1.4.2"
| #define HAVE_SYS_TYPES_H 1
| #define HAVE_SYS_STAT_H 1
| #define HAVE_STDLIB_H 1
| #define HAVE_STRING_H 1
| #define HAVE_MEMORY_H 1
| #define HAVE_STRINGS_H 1
| #define HAVE_INTTYPES_H 1
| #define HAVE_STDINT_H 1
| #define HAVE_UNISTD_H 1
| #define HAVE_DLFCN_H 1
| #ifdef __cplusplus
| extern "C" void exit (int);
| #endif
| /* end confdefs.h.  */
| #include <ac_nonexistent.h>
configure:4985: result: g++ -E
configure:5009: g++ -E  conftest.cc
configure:5015: $? = 0
configure:5047: g++ -E  conftest.cc
conftest.cc:24:28: error: ac_nonexistent.h: No such file or directory
configure:5053: $? = 1
configure: failed program was:
| /* confdefs.h.  */
| 
| #define PACKAGE_NAME "libXfont"
| #define PACKAGE_TARNAME "libXfont"
| #define PACKAGE_VERSION "1.4.2"
| #define PACKAGE_STRING "libXfont 1.4.2"
| #define PACKAGE_BUGREPORT "keithp@keithp.com"
| #define PACKAGE "libXfont"
| #define VERSION "1.4.2"
| #define HAVE_SYS_TYPES_H 1
| #define HAVE_SYS_STAT_H 1
| #define HAVE_STDLIB_H 1
| #define HAVE_STRING_H 1
| #define HAVE_MEMORY_H 1
| #define HAVE_STRINGS_H 1
| #define HAVE_INTTYPES_H 1
| #define HAVE_STDINT_H 1
| #define HAVE_UNISTD_H 1
| #define HAVE_DLFCN_H 1
| #ifdef __cplusplus
| extern "C" void exit (int);
| #endif
| /* end confdefs.h.  */
| #include <ac_nonexistent.h>
configure:5148: checking for g77
configure:5177: result: no
configure:5148: checking for f77
configure:5177: result: no
configure:5148: checking for xlf
configure:5177: result: no
configure:5148: checking for frt
configure:5177: result: no
configure:5148: checking for pgf77
configure:5177: result: no
configure:5148: checking for fort77
configure:5177: result: no
configure:5148: checking for fl32
configure:5177: result: no
configure:5148: checking for af77
configure:5177: result: no
configure:5148: checking for f90
configure:5177: result: no
configure:5148: checking for xlf90
configure:5177: result: no
configure:5148: checking for pgf90
configure:5177: result: no
configure:5148: checking for epcf90
configure:5177: result: no
configure:5148: checking for f95
configure:5177: result: no
configure:5148: checking for fort
configure:5177: result: no
configure:5148: checking for xlf95
configure:5177: result: no
configure:5148: checking for ifc
configure:5177: result: no
configure:5148: checking for efc
configure:5177: result: no
configure:5148: checking for pgf95
configure:5177: result: no
configure:5148: checking for lf95
configure:5177: result: no
configure:5148: checking for gfortran
configure:5164: found /usr/bin/gfortran
configure:5174: result: gfortran
configure:5195: checking for Fortran 77 compiler version
configure:5192: gfortran --version </dev/null >&5
GNU Fortran (GCC) 4.2.1 (Based on Apple Inc. build 5555)
Copyright (C) 2007 Free Software Foundation, Inc.

GNU Fortran comes with NO WARRANTY, to the extent permitted by law.
You may redistribute copies of GNU Fortran
under the terms of the GNU General Public License.
For more information about these matters, see the file named COPYING

configure:5195: $? = 0
configure:5197: gfortran -v </dev/null >&5
Using built-in specs.
Target: arm-apple-darwin9
Configured with: ../../src/gcc/configure --prefix=/usr --host=arm-apple-darwin9 --enable-languages=c,c++,objc,obj-c++,fortran,java --target=arm-apple-darwin9 --build=i486-pc-linux-gnu --enable-wchat_t=no --with-gxx-include-dir=/usr/include/c++/4.2.1
Thread model: posix
gcc version 4.2.1 (Based on Apple Inc. build 5555)
configure:5200: $? = 0
configure:5202: gfortran -V </dev/null >&5
gfortran: '-V' option must have argument
configure:5205: $? = 1
configure:5213: checking whether we are using the GNU Fortran 77 compiler
configure:5227: gfortran -c  conftest.F >&5
gfortran: error trying to exec 'f951': execvp: No such file or directory
configure:5233: $? = 1
configure: failed program was:
|       program main
| #ifndef __GNUC__
|        choke me
| #endif
| 
|       end
configure:5258: result: no
configure:5264: checking whether gfortran accepts -g
configure:5276: gfortran -c -g conftest.f >&5
gfortran: error trying to exec 'f951': execvp: No such file or directory
configure:5282: $? = 1
configure: failed program was:
|       program main
| 
|       end
configure:5306: result: no
configure:5336: checking the maximum length of command line arguments
configure:5401: result: 65536
configure:5412: checking command to parse /usr/bin/nm -p output from /usr/bin/gcc object
configure:5501: /usr/bin/gcc -c -g -O2  conftest.c >&5
configure:5504: $? = 0
configure:5508: /usr/bin/nm -p conftest.o \| sed -n -e 's/^.*[ 	]\([BCDEGRST][BCDEGRST]*\)[ 	][ 	]*\(\)\([_A-Za-z][_A-Za-z0-9]*\)$/\1 \2\3 \3/p' \> conftest.nm
configure:5511: $? = 0
cannot find nm_test_var in conftest.nm
configure:5501: /usr/bin/gcc -c -g -O2  conftest.c >&5
configure:5504: $? = 0
configure:5508: /usr/bin/nm -p conftest.o \| sed -n -e 's/^.*[ 	]\([BCDEGRST][BCDEGRST]*\)[ 	][ 	]*\(_\)\([_A-Za-z][_A-Za-z0-9]*\)$/\1 \2\3 \3/p' \> conftest.nm
configure:5511: $? = 0
configure:5563: /usr/bin/gcc -o conftest -g -O2   conftest.c conftstm.o >&5
configure:5566: $? = 0
configure:5604: result: ok
configure:5608: checking for objdir
configure:5623: result: .libs
configure:5713: checking for ar
configure:5729: found /usr/bin/ar
configure:5740: result: ar
configure:5793: checking for ranlib
configure:5809: found /usr/bin/ranlib
configure:5820: result: ranlib
configure:5873: checking for strip
configure:5889: found /usr/bin/strip
configure:5900: result: strip
configure:6162: checking if /usr/bin/gcc static flag  works
configure:6185: result: yes
configure:6203: checking if /usr/bin/gcc supports -fno-rtti -fno-exceptions
configure:6227: /usr/bin/gcc -c -g -O2  -fno-rtti -fno-exceptions conftest.c >&5
cc1: warning: command line option "-fno-rtti" is valid for C++/ObjC++ but not for C
configure:6231: $? = 0
configure:6236: result: no
configure:6251: checking for /usr/bin/gcc option to produce PIC
configure:6428: result: -fno-common
configure:6436: checking if /usr/bin/gcc PIC flag -fno-common works
configure:6460: /usr/bin/gcc -c -g -O2  -fno-common -DPIC conftest.c >&5
configure:6464: $? = 0
configure:6469: result: yes
configure:6493: checking if /usr/bin/gcc supports -c -o file.o
configure:6520: /usr/bin/gcc -c -g -O2  -o out/conftest2.o conftest.c >&5
configure:6524: $? = 0
configure:6538: result: yes
configure:6564: checking whether the /usr/bin/gcc linker (/usr/bin/ld) supports shared libraries
configure:7410: result: yes
configure:7481: checking dynamic linker characteristics
configure:8021: result: darwin11.0.0 dyld
configure:8025: checking how to hardcode library paths into programs
configure:8050: result: immediate
configure:8064: checking whether stripping libraries is possible
configure:8077: result: yes
configure:8892: checking if libtool supports shared libraries
configure:8894: result: yes
configure:8897: checking whether to build shared libraries
configure:8955: result: yes
configure:8958: checking whether to build static libraries
configure:8962: result: yes
configure:9054: creating libtool
configure:9601: checking for ld used by g++
configure:9668: result: /usr/bin/ld
configure:9677: checking if the linker (/usr/bin/ld) is GNU ld
configure:9692: result: no
configure:9743: checking whether the g++ linker (/usr/bin/ld) supports shared libraries
configure:10569: result: yes
configure:10587: g++ -c -g -O2  conftest.cc >&5
configure:10590: $? = 0
configure:10686: checking for g++ option to produce PIC
configure:10938: result: -fno-common
configure:10946: checking if g++ PIC flag -fno-common works
configure:10970: g++ -c -g -O2  -fno-common -DPIC conftest.cc >&5
configure:10974: $? = 0
configure:10979: result: yes
configure:11003: checking if g++ supports -c -o file.o
configure:11030: g++ -c -g -O2  -o out/conftest2.o conftest.cc >&5
configure:11034: $? = 0
configure:11048: result: yes
configure:11074: checking whether the g++ linker (/usr/bin/ld) supports shared libraries
configure:11099: result: yes
configure:11170: checking dynamic linker characteristics
configure:11710: result: darwin11.0.0 dyld
configure:11714: checking how to hardcode library paths into programs
configure:11739: result: immediate
configure:11753: checking whether stripping libraries is possible
configure:11766: result: yes
configure:13058: checking if libtool supports shared libraries
configure:13060: result: yes
configure:13063: checking whether to build shared libraries
configure:13081: result: yes
configure:13084: checking whether to build static libraries
configure:13088: result: yes
configure:13100: checking for gfortran option to produce PIC
configure:13277: result: -fno-common
configure:13285: checking if gfortran PIC flag -fno-common works
configure:13309: gfortran -c  -fno-common conftest.f >&5
gfortran: error trying to exec 'f951': execvp: No such file or directory
configure:13313: $? = 1
configure:13318: result: no
configure:13342: checking if gfortran supports -c -o file.o
configure:13369: gfortran -c  -o out/conftest2.o conftest.f >&5
gfortran: error trying to exec 'f951': execvp: No such file or directory
configure:13373: $? = 1
configure:13387: result: no
configure:13413: checking whether the gfortran linker (/usr/bin/ld) supports shared libraries
configure:14239: result: yes
configure:14310: checking dynamic linker characteristics
configure:14850: result: darwin11.0.0 dyld
configure:14854: checking how to hardcode library paths into programs
configure:14879: result: immediate
configure:14893: checking whether stripping libraries is possible
configure:14906: result: yes
configure:18991: checking endian.h usability
configure:19003: /usr/bin/gcc -c -g -O2  conftest.c >&5
conftest.c:58:20: error: endian.h: No such file or directory
configure:19009: $? = 1
configure: failed program was:
| /* confdefs.h.  */
| 
| #define PACKAGE_NAME "libXfont"
| #define PACKAGE_TARNAME "libXfont"
| #define PACKAGE_VERSION "1.4.2"
| #define PACKAGE_STRING "libXfont 1.4.2"
| #define PACKAGE_BUGREPORT "keithp@keithp.com"
| #define PACKAGE "libXfont"
| #define VERSION "1.4.2"
| #define HAVE_SYS_TYPES_H 1
| #define HAVE_SYS_STAT_H 1
| #define HAVE_STDLIB_H 1
| #define HAVE_STRING_H 1
| #define HAVE_MEMORY_H 1
| #define HAVE_STRINGS_H 1
| #define HAVE_INTTYPES_H 1
| #define HAVE_STDINT_H 1
| #define HAVE_UNISTD_H 1
| #define HAVE_DLFCN_H 1
| #ifdef __cplusplus
| extern "C" void exit (int);
| #endif
| /* end confdefs.h.  */
| #include <stdio.h>
| #if HAVE_SYS_TYPES_H
| # include <sys/types.h>
| #endif
| #if HAVE_SYS_STAT_H
| # include <sys/stat.h>
| #endif
| #if STDC_HEADERS
| # include <stdlib.h>
| # include <stddef.h>
| #else
| # if HAVE_STDLIB_H
| #  include <stdlib.h>
| # endif
| #endif
| #if HAVE_STRING_H
| # if !STDC_HEADERS && HAVE_MEMORY_H
| #  include <memory.h>
| # endif
| # include <string.h>
| #endif
| #if HAVE_STRINGS_H
| # include <strings.h>
| #endif
| #if HAVE_INTTYPES_H
| # include <inttypes.h>
| #else
| # if HAVE_STDINT_H
| #  include <stdint.h>
| # endif
| #endif
| #if HAVE_UNISTD_H
| # include <unistd.h>
| #endif
| #include <endian.h>
configure:19031: result: no
configure:19035: checking endian.h presence
configure:19045: /usr/bin/gcc -E  conftest.c
conftest.c:24:20: error: endian.h: No such file or directory
configure:19051: $? = 1
configure: failed program was:
| /* confdefs.h.  */
| 
| #define PACKAGE_NAME "libXfont"
| #define PACKAGE_TARNAME "libXfont"
| #define PACKAGE_VERSION "1.4.2"
| #define PACKAGE_STRING "libXfont 1.4.2"
| #define PACKAGE_BUGREPORT "keithp@keithp.com"
| #define PACKAGE "libXfont"
| #define VERSION "1.4.2"
| #define HAVE_SYS_TYPES_H 1
| #define HAVE_SYS_STAT_H 1
| #define HAVE_STDLIB_H 1
| #define HAVE_STRING_H 1
| #define HAVE_MEMORY_H 1
| #define HAVE_STRINGS_H 1
| #define HAVE_INTTYPES_H 1
| #define HAVE_STDINT_H 1
| #define HAVE_UNISTD_H 1
| #define HAVE_DLFCN_H 1
| #ifdef __cplusplus
| extern "C" void exit (int);
| #endif
| /* end confdefs.h.  */
| #include <endian.h>
configure:19071: result: no
configure:19106: checking for endian.h
configure:19113: result: no
configure:19321: checking for gzopen in -lz
configure:19351: /usr/bin/gcc -o conftest -g -O2   conftest.c -lz   >&5
configure:19357: $? = 0
configure:19360: test -z 			 || test ! -s conftest.err
configure:19363: $? = 0
configure:19366: test -s conftest
configure:19369: $? = 0
configure:19382: result: yes
configure:19405: checking for hypot in -lm
configure:19435: /usr/bin/gcc -o conftest -g -O2   conftest.c -lm   >&5
conftest.c:36: warning: conflicting types for built-in function 'hypot'
configure:19441: $? = 0
configure:19444: test -z 			 || test ! -s conftest.err
configure:19447: $? = 0
configure:19450: test -s conftest
configure:19453: $? = 0
configure:19466: result: yes
configure:19484: checking for pkg-config
configure:19502: found /usr/local/bin/pkg-config
configure:19515: result: /usr/local/bin/pkg-config
configure:19532: checking for xproto
configure:19536: result: yes
configure:19540: checking XFONT_CFLAGS
configure:19543: result:  
configure:19546: checking XFONT_LIBS
configure:19549: result:  
configure:19739: creating ./config.status

## ---------------- ##
## Cache variables. ##
## ---------------- ##

ac_cv_build=arm-apple-darwin11.0.0
ac_cv_build_alias=arm-apple-darwin11.0.0
ac_cv_c_compiler_gnu=yes
ac_cv_cxx_compiler_gnu=yes
ac_cv_env_CC_set=set
ac_cv_env_CC_value=/usr/bin/gcc
ac_cv_env_CFLAGS_set=
ac_cv_env_CFLAGS_value=
ac_cv_env_CPPFLAGS_set=
ac_cv_env_CPPFLAGS_value=
ac_cv_env_CPP_set=
ac_cv_env_CPP_value=
ac_cv_env_CXXCPP_set=
ac_cv_env_CXXCPP_value=
ac_cv_env_CXXFLAGS_set=
ac_cv_env_CXXFLAGS_value=
ac_cv_env_CXX_set=
ac_cv_env_CXX_value=
ac_cv_env_F77_set=
ac_cv_env_F77_value=
ac_cv_env_FFLAGS_set=
ac_cv_env_FFLAGS_value=
ac_cv_env_LDFLAGS_set=
ac_cv_env_LDFLAGS_value=
ac_cv_env_build_alias_set=
ac_cv_env_build_alias_value=
ac_cv_env_host_alias_set=
ac_cv_env_host_alias_value=
ac_cv_env_target_alias_set=
ac_cv_env_target_alias_value=
ac_cv_exeext=
ac_cv_f77_compiler_gnu=no
ac_cv_header_dlfcn_h=yes
ac_cv_header_endian_h=no
ac_cv_header_inttypes_h=yes
ac_cv_header_memory_h=yes
ac_cv_header_stdc=no
ac_cv_header_stdint_h=yes
ac_cv_header_stdlib_h=yes
ac_cv_header_string_h=yes
ac_cv_header_strings_h=yes
ac_cv_header_sys_stat_h=yes
ac_cv_header_sys_types_h=yes
ac_cv_header_unistd_h=yes
ac_cv_host=arm-apple-darwin11.0.0
ac_cv_host_alias=arm-apple-darwin11.0.0
ac_cv_lib_m_hypot=yes
ac_cv_lib_z_gzopen=yes
ac_cv_objext=o
ac_cv_path_PKG_CONFIG=/usr/local/bin/pkg-config
ac_cv_path_install='/usr/bin/install -c'
ac_cv_prog_AWK=gawk
ac_cv_prog_CPP='/usr/bin/gcc -E'
ac_cv_prog_CXXCPP='g++ -E'
ac_cv_prog_ac_ct_AR=ar
ac_cv_prog_ac_ct_CC=/usr/bin/gcc
ac_cv_prog_ac_ct_CXX=g++
ac_cv_prog_ac_ct_F77=gfortran
ac_cv_prog_ac_ct_RANLIB=ranlib
ac_cv_prog_ac_ct_STRIP=strip
ac_cv_prog_cc_g=yes
ac_cv_prog_cc_stdc=
ac_cv_prog_cxx_g=yes
ac_cv_prog_egrep='grep -E'
ac_cv_prog_f77_g=no
ac_cv_prog_make_make_set=yes
am_cv_CC_dependencies_compiler_type=gcc3
am_cv_CXX_dependencies_compiler_type=gcc3
lt_cv_deplibs_check_method=pass_all
lt_cv_file_magic_cmd='$MAGIC_CMD'
lt_cv_file_magic_test_file=
lt_cv_ld_reload_flag=-r
lt_cv_objdir=.libs
lt_cv_path_LD=/usr/bin/ld
lt_cv_path_LDCXX=/usr/bin/ld
lt_cv_path_NM='/usr/bin/nm -p'
lt_cv_path_SED=/bin/sed
lt_cv_prog_compiler_c_o=yes
lt_cv_prog_compiler_c_o_CXX=yes
lt_cv_prog_compiler_c_o_F77=no
lt_cv_prog_compiler_rtti_exceptions=no
lt_cv_prog_gnu_ld=no
lt_cv_prog_gnu_ldcxx=no
lt_cv_sys_global_symbol_pipe='sed -n -e '\''s/^.*[ 	]\([BCDEGRST][BCDEGRST]*\)[ 	][ 	]*\(_\)\([_A-Za-z][_A-Za-z0-9]*\)$/\1 \2\3 \3/p'\'''
lt_cv_sys_global_symbol_to_c_name_address='sed -n -e '\''s/^: \([^ ]*\) $/  {\"\1\", (lt_ptr) 0},/p'\'' -e '\''s/^[BCDEGRST] \([^ ]*\) \([^ ]*\)$/  {"\2", (lt_ptr) \&\2},/p'\'''
lt_cv_sys_global_symbol_to_cdecl='sed -n -e '\''s/^. .* \(.*\)$/extern int \1;/p'\'''
lt_cv_sys_max_cmd_len=65536
lt_lt_cv_prog_compiler_c_o='"yes"'
lt_lt_cv_prog_compiler_c_o_CXX='"yes"'
lt_lt_cv_prog_compiler_c_o_F77='"no"'
lt_lt_cv_sys_global_symbol_pipe='"sed -n -e '\''s/^.*[ 	]\\([BCDEGRST][BCDEGRST]*\\)[ 	][ 	]*\\(_\\)\\([_A-Za-z][_A-Za-z0-9]*\\)\$/\\1 \\2\\3 \\3/p'\''"'
lt_lt_cv_sys_global_symbol_to_c_name_address='"sed -n -e '\''s/^: \\([^ ]*\\) \$/  {\\\"\\1\\\", (lt_ptr) 0},/p'\'' -e '\''s/^[BCDEGRST] \\([^ ]*\\) \\([^ ]*\\)\$/  {\"\\2\", (lt_ptr) \\&\\2},/p'\''"'
lt_lt_cv_sys_global_symbol_to_cdecl='"sed -n -e '\''s/^. .* \\(.*\\)\$/extern int \\1;/p'\''"'

## ----------------- ##
## Output variables. ##
## ----------------- ##

ACLOCAL='${SHELL} /home/chris/installed/X11/libXfont-1.4.2/missing --run aclocal-1.7'
AMDEPBACKSLASH='\'
AMDEP_FALSE='#'
AMDEP_TRUE=''
AMTAR='${SHELL} /home/chris/installed/X11/libXfont-1.4.2/missing --run tar'
AR='ar'
AUTOCONF='${SHELL} /home/chris/installed/X11/libXfont-1.4.2/missing --run autoconf'
AUTOHEADER='${SHELL} /home/chris/installed/X11/libXfont-1.4.2/missing --run autoheader'
AUTOMAKE='${SHELL} /home/chris/installed/X11/libXfont-1.4.2/missing --run automake-1.7'
AWK='gawk'
CC='/usr/bin/gcc'
CCDEPMODE='depmode=gcc3'
CFLAGS='-Wall -Wpointer-arith -Wstrict-prototypes 	-Wmissing-prototypes -Wmissing-declarations 	-Wnested-externs -fno-strict-aliasing -g -O2  '
CPP='/usr/bin/gcc -E'
CPPFLAGS=''
CXX='g++'
CXXCPP='g++ -E'
CXXDEPMODE='depmode=gcc3'
CXXFLAGS='-g -O2'
CYGPATH_W='echo'
DEFS='-DHAVE_CONFIG_H'
DEPDIR='.deps'
ECHO='echo'
ECHO_C=''
ECHO_N='-n'
ECHO_T=''
EGREP='grep -E'
EXEEXT=''
F77='gfortran'
FFLAGS=''
FREETYPE_CFLAGS=''
FREETYPE_LIBS=''
INSTALL_DATA='${INSTALL} -m 644'
INSTALL_PROGRAM='${INSTALL}'
INSTALL_SCRIPT='${INSTALL}'
INSTALL_STRIP_PROGRAM='${SHELL} $(install_sh) -c -s'
LDFLAGS=''
LIBOBJS=''
LIBS='  '
LIBTOOL='$(SHELL) $(top_builddir)/libtool'
LN_S='ln -s'
LTLIBOBJS=''
MAKEINFO='${SHELL} /home/chris/installed/X11/libXfont-1.4.2/missing --run makeinfo'
MATH_LIBS='-lm'
OBJEXT='o'
PACKAGE='libXfont'
PACKAGE_BUGREPORT='keithp@keithp.com'
PACKAGE_NAME='libXfont'
PACKAGE_STRING='libXfont 1.4.2'
PACKAGE_TARNAME='libXfont'
PACKAGE_VERSION='1.4.2'
PATH_SEPARATOR=':'
PKG_CONFIG='/usr/local/bin/pkg-config'
RANLIB='ranlib'
SET_MAKE=''
SHELL='/bin/sh'
STRIP='strip'
VERSION='1.4.2'
XFONT_BITMAP_FALSE='#'
XFONT_BITMAP_TRUE=''
XFONT_BUILTINS_FALSE='#'
XFONT_BUILTINS_TRUE=''
XFONT_CFLAGS=' '
XFONT_FC_FALSE=''
XFONT_FC_TRUE='#'
XFONT_FONTFILE_FALSE='#'
XFONT_FONTFILE_TRUE=''
XFONT_FREETYPE_FALSE=''
XFONT_FREETYPE_TRUE='#'
XFONT_LIBS=' '
Z_LIBS='-lz'
ac_ct_AR='ar'
ac_ct_CC='/usr/bin/gcc'
ac_ct_CXX='g++'
ac_ct_F77='gfortran'
ac_ct_RANLIB='ranlib'
ac_ct_STRIP='strip'
am__fastdepCC_FALSE='#'
am__fastdepCC_TRUE=''
am__fastdepCXX_FALSE='#'
am__fastdepCXX_TRUE=''
am__include='include'
am__leading_dot='.'
am__quote=''
bindir='${exec_prefix}/bin'
build='arm-apple-darwin11.0.0'
build_alias=''
build_cpu='arm'
build_os='darwin11.0.0'
build_vendor='apple'
datadir='${prefix}/share'
exec_prefix='${prefix}'
ft_config=''
host='arm-apple-darwin11.0.0'
host_alias=''
host_cpu='arm'
host_os='darwin11.0.0'
host_vendor='apple'
includedir='${prefix}/include'
infodir='${prefix}/info'
install_sh='/home/chris/installed/X11/libXfont-1.4.2/install-sh'
libdir='${exec_prefix}/lib'
libexecdir='${exec_prefix}/libexec'
localstatedir='${prefix}/var'
mandir='${prefix}/man'
oldincludedir='/usr/include'
prefix='/usr/local'
program_transform_name='s,x,x,'
sbindir='${exec_prefix}/sbin'
sharedstatedir='${prefix}/com'
sysconfdir='${prefix}/etc'
target_alias=''

## ----------- ##
## confdefs.h. ##
## ----------- ##

#define HAVE_DLFCN_H 1
#define HAVE_INTTYPES_H 1
#define HAVE_MEMORY_H 1
#define HAVE_STDINT_H 1
#define HAVE_STDLIB_H 1
#define HAVE_STRINGS_H 1
#define HAVE_STRING_H 1
#define HAVE_SYS_STAT_H 1
#define HAVE_SYS_TYPES_H 1
#define HAVE_UNISTD_H 1
#define PACKAGE "libXfont"
#define PACKAGE_BUGREPORT "keithp@keithp.com"
#define PACKAGE_NAME "libXfont"
#define PACKAGE_STRING "libXfont 1.4.2"
#define PACKAGE_TARNAME "libXfont"
#define PACKAGE_VERSION "1.4.2"
#define PCFFORMAT
#define VERSION "1.4.2"
#define XFONT_BITMAP 1
#define XFONT_BUILTINS 1
#define XFONT_FONTFILE
#define X_GZIP_FONT_COMPRESSION
#endif
#ifdef __cplusplus
extern "C" void exit (int);

configure: exit 0

## ---------------------- ##
## Running config.status. ##
## ---------------------- ##

This file was extended by libXfont config.status 1.4.2, which was
generated by GNU Autoconf 2.59.  Invocation command line was

  CONFIG_FILES    = 
  CONFIG_HEADERS  = 
  CONFIG_LINKS    = 
  CONFIG_COMMANDS = 
  $ ./config.status Makefile

on Chriss-iPad

config.status:777: creating Makefile

## ---------------------- ##
## Running config.status. ##
## ---------------------- ##

This file was extended by libXfont config.status 1.4.2, which was
generated by GNU Autoconf 2.59.  Invocation command line was

  CONFIG_FILES    = 
  CONFIG_HEADERS  = 
  CONFIG_LINKS    = 
  CONFIG_COMMANDS = 
  $ ./config.status config.h

on Chriss-iPad

config.status:843: creating config.h

## ---------------------- ##
## Running config.status. ##
## ---------------------- ##

This file was extended by libXfont config.status 1.4.2, which was
generated by GNU Autoconf 2.59.  Invocation command line was

  CONFIG_FILES    = 
  CONFIG_HEADERS  = 
  CONFIG_LINKS    = 
  CONFIG_COMMANDS = 
  $ ./config.status fontfile/Makefile depfiles

on Chriss-iPad

config.status:777: creating fontfile/Makefile
config.status:1139: executing depfiles commands

## ---------------------- ##
## Running config.status. ##
## ---------------------- ##

This file was extended by libXfont config.status 1.4.2, which was
generated by GNU Autoconf 2.59.  Invocation command line was

  CONFIG_FILES    = 
  CONFIG_HEADERS  = 
  CONFIG_LINKS    = 
  CONFIG_COMMANDS = 
  $ ./config.status bitmap/Makefile depfiles

on Chriss-iPad

config.status:777: creating bitmap/Makefile
config.status:1139: executing depfiles commands

## ---------------------- ##
## Running config.status. ##
## ---------------------- ##

This file was extended by libXfont config.status 1.4.2, which was
generated by GNU Autoconf 2.59.  Invocation command line was

  CONFIG_FILES    = 
  CONFIG_HEADERS  = 
  CONFIG_LINKS    = 
  CONFIG_COMMANDS = 
  $ ./config.status builtins/Makefile depfiles

on Chriss-iPad

config.status:777: creating builtins/Makefile
config.status:1139: executing depfiles commands

## ---------------------- ##
## Running config.status. ##
## ---------------------- ##

This file was extended by libXfont config.status 1.4.2, which was
generated by GNU Autoconf 2.59.  Invocation command line was

  CONFIG_FILES    = 
  CONFIG_HEADERS  = 
  CONFIG_LINKS    = 
  CONFIG_COMMANDS = 
  $ ./config.status util/Makefile depfiles

on Chriss-iPad

config.status:777: creating util/Makefile
config.status:1139: executing depfiles commands

## ---------------------- ##
## Running config.status. ##
## ---------------------- ##

This file was extended by libXfont config.status 1.4.2, which was
generated by GNU Autoconf 2.59.  Invocation command line was

  CONFIG_FILES    = 
  CONFIG_HEADERS  = 
  CONFIG_LINKS    = 
  CONFIG_COMMANDS = 
  $ ./config.status stubs/Makefile depfiles

on Chriss-iPad

config.status:777: creating stubs/Makefile
config.status:1139: executing depfiles commands

## ---------------------- ##
## Running config.status. ##
## ---------------------- ##

This file was extended by libXfont config.status 1.4.2, which was
generated by GNU Autoconf 2.59.  Invocation command line was

  CONFIG_FILES    = 
  CONFIG_HEADERS  = 
  CONFIG_LINKS    = 
  CONFIG_COMMANDS = 
  $ ./config.status xfont.pc

on Chriss-iPad

config.status:777: creating xfont.pc

## ---------------------- ##
## Running config.status. ##
## ---------------------- ##

This file was extended by libXfont config.status 1.4.2, which was
generated by GNU Autoconf 2.59.  Invocation command line was

  CONFIG_FILES    = 
  CONFIG_HEADERS  = 
  CONFIG_LINKS    = 
  CONFIG_COMMANDS = 
  $ ./config.status include/X11/fonts/fontconf.h

on Chriss-iPad

config.status:843: creating include/X11/fonts/fontconf.h
config.status:959: include/X11/fonts/fontconf.h is unchanged
