This file contains any messages produced by compilers while
running configure, to aid debugging if configure makes a mistake.

It was created by libXdmcp configure 1.0.2, which was
generated by GNU Autoconf 2.59.  Invocation command line was

  $ ./configure 

## --------- ##
## Platform. ##
## --------- ##

hostname = Chriss-iPad
uname -m = iPad1,1
uname -r = 10.4.0
uname -s = Darwin
uname -v = Darwin Kernel Version 10.4.0: Wed Oct 20 20:14:45 PDT 2010; root:xnu-1504.58.28~3/RELEASE_ARM_S5L8930X

/usr/bin/uname -p = unknown
/bin/uname -X     = unknown

/bin/arch              = unknown
/usr/bin/arch -k       = unknown
/usr/convex/getsysinfo = unknown
hostinfo               = Mach kernel version:
	 Darwin Kernel Version 10.4.0: Wed Oct 20 20:14:45 PDT 2010; root:xnu-1504.58.28~3/RELEASE_ARM_S5L8930X
Kernel configured for a single processor only.
1 processor is physically available.
1 processor is logically available.
Processor type: armv7 (arm v7)
Processor active: 0
Primary memory available: 247.00 megabytes
Default processor set: 35 tasks, 235 threads, 1 processors
Load average: 1.39, Mach factor: 0.21
/bin/machine           = unknown
/usr/bin/oslevel       = unknown
/bin/universe          = unknown

PATH: /usr/local/sbin
PATH: /usr/local/bin
PATH: /usr/sbin
PATH: /usr/bin
PATH: /sbin
PATH: /bin
PATH: /usr/bin/X11
PATH: /usr/games
PATH: /var/mobile/ocaml-3.12.0/bin


## ----------- ##
## Core tests. ##
## ----------- ##

configure:1573: checking for a BSD-compatible install
configure:1628: result: /usr/bin/install -c
configure:1639: checking whether build environment is sane
configure:1682: result: yes
configure:1747: checking for gawk
configure:1763: found /usr/bin/gawk
configure:1773: result: gawk
configure:1783: checking whether make sets $(MAKE)
configure:1803: result: yes
configure:1971: checking whether to enable maintainer-specific portions of Makefiles
configure:1980: result: no
configure:2005: checking if xorg-macros used to generate configure is at least 1.1
configure:2020: result: yes, 1.1.0
configure:2070: checking for gcc
configure:2096: result: /usr/bin/gcc
configure:2340: checking for C compiler version
configure:2343: /usr/bin/gcc --version </dev/null >&5
gcc (GCC) 4.2.1 (Based on Apple Inc. build 5555)
Copyright (C) 2007 Free Software Foundation, Inc.
This is free software; see the source for copying conditions.  There is NO
warranty; not even for MERCHANTABILITY or FITNESS FOR A PARTICULAR PURPOSE.

configure:2346: $? = 0
configure:2348: /usr/bin/gcc -v </dev/null >&5
Using built-in specs.
Target: arm-apple-darwin9
Configured with: ../llvm-gcc-4.2/configure --build=x86_64-unknown-linux-gnu --host=arm-apple-darwin9 --enable-static=no --enable-shared=yes --prefix=/usr --localstatedir=/var/cache/iphone-gcc --enable-languages=c,c++,objc,obj-c++ --enable-wchar_t=no --with-gxx-include-dir=/usr/include/c++/4.0.0
Thread model: posix
gcc version 4.2.1 (Based on Apple Inc. build 5555)
configure:2351: $? = 0
configure:2353: /usr/bin/gcc -V </dev/null >&5
gcc: '-V' option must have argument
configure:2356: $? = 1
configure:2379: checking for C compiler default output file name
configure:2382: /usr/bin/gcc    conftest.c  >&5
configure:2385: $? = 0
configure:2431: result: a.out
configure:2436: checking whether the C compiler works
configure:2442: ./a.out
configure:2445: $? = 0
configure:2462: result: yes
configure:2469: checking whether we are cross compiling
configure:2471: result: no
configure:2474: checking for suffix of executables
configure:2476: /usr/bin/gcc -o conftest    conftest.c  >&5
configure:2479: $? = 0
configure:2504: result: 
configure:2510: checking for suffix of object files
configure:2531: /usr/bin/gcc -c   conftest.c >&5
configure:2534: $? = 0
configure:2556: result: o
configure:2560: checking whether we are using the GNU C compiler
configure:2584: /usr/bin/gcc -c   conftest.c >&5
configure:2590: $? = 0
configure:2594: test -z 
			 || test ! -s conftest.err
configure:2597: $? = 0
configure:2600: test -s conftest.o
configure:2603: $? = 0
configure:2616: result: yes
configure:2622: checking whether /usr/bin/gcc accepts -g
configure:2643: /usr/bin/gcc -c -g  conftest.c >&5
configure:2649: $? = 0
configure:2653: test -z 
			 || test ! -s conftest.err
configure:2656: $? = 0
configure:2659: test -s conftest.o
configure:2662: $? = 0
configure:2673: result: yes
configure:2690: checking for /usr/bin/gcc option to accept ANSI C
configure:2760: /usr/bin/gcc  -c -g -O2  conftest.c >&5
configure:2766: $? = 0
configure:2770: test -z 
			 || test ! -s conftest.err
configure:2773: $? = 0
configure:2776: test -s conftest.o
configure:2779: $? = 0
configure:2797: result: none needed
configure:2815: /usr/bin/gcc -c -g -O2  conftest.c >&5
conftest.c:2: error: expected '=', ',', ';', 'asm' or '__attribute__' before 'me'
configure:2821: $? = 1
configure: failed program was:
| #ifndef __cplusplus
|   choke me
| #endif
configure:2965: checking for style of include used by make
configure:2993: result: GNU
configure:3021: checking dependency style of /usr/bin/gcc
configure:3111: result: gcc3
configure:3141: checking for a BSD-compatible install
configure:3196: result: /usr/bin/install -c
configure:3207: checking whether ln -s works
configure:3211: result: yes
configure:3298: checking build system type
configure:3316: result: arm-apple-darwin10.4.0
configure:3324: checking host system type
configure:3338: result: arm-apple-darwin10.4.0
configure:3346: checking for a sed that does not truncate output
configure:3400: result: /bin/sed
configure:3403: checking for egrep
configure:3413: result: grep -E
configure:3429: checking for ld used by /usr/bin/gcc
configure:3496: result: /usr/bin/ld
configure:3505: checking if the linker (/usr/bin/ld) is GNU ld
configure:3520: result: no
configure:3525: checking for /usr/bin/ld option to reload object files
configure:3532: result: -r
configure:3550: checking for BSD-compatible nm
configure:3599: result: /usr/bin/nm -p
configure:3603: checking how to recognise dependent libraries
configure:3779: result: pass_all
configure:4258: checking how to run the C preprocessor
configure:4293: /usr/bin/gcc -E  conftest.c
configure:4299: $? = 0
configure:4331: /usr/bin/gcc -E  conftest.c
conftest.c:11:28: error: ac_nonexistent.h: No such file or directory
configure:4337: $? = 1
configure: failed program was:
| /* confdefs.h.  */
| 
| #define PACKAGE_NAME "libXdmcp"
| #define PACKAGE_TARNAME "libXdmcp"
| #define PACKAGE_VERSION "1.0.2"
| #define PACKAGE_STRING "libXdmcp 1.0.2"
| #define PACKAGE_BUGREPORT "https://bugs.freedesktop.org/enter_bug.cgi?product=xorg"
| #define PACKAGE "libXdmcp"
| #define VERSION "1.0.2"
| /* end confdefs.h.  */
| #include <ac_nonexistent.h>
configure:4376: result: /usr/bin/gcc -E
configure:4400: /usr/bin/gcc -E  conftest.c
configure:4406: $? = 0
configure:4438: /usr/bin/gcc -E  conftest.c
conftest.c:11:28: error: ac_nonexistent.h: No such file or directory
configure:4444: $? = 1
configure: failed program was:
| /* confdefs.h.  */
| 
| #define PACKAGE_NAME "libXdmcp"
| #define PACKAGE_TARNAME "libXdmcp"
| #define PACKAGE_VERSION "1.0.2"
| #define PACKAGE_STRING "libXdmcp 1.0.2"
| #define PACKAGE_BUGREPORT "https://bugs.freedesktop.org/enter_bug.cgi?product=xorg"
| #define PACKAGE "libXdmcp"
| #define VERSION "1.0.2"
| /* end confdefs.h.  */
| #include <ac_nonexistent.h>
configure:4488: checking for ANSI C header files
configure:4513: /usr/bin/gcc -c -g -O2  conftest.c >&5
configure:4519: $? = 0
configure:4523: test -z 
			 || test ! -s conftest.err
configure:4526: $? = 0
configure:4529: test -s conftest.o
configure:4532: $? = 0
configure:4621: /usr/bin/gcc -o conftest -g -O2   conftest.c  >&5
conftest.c: In function 'main':
conftest.c:28: warning: incompatible implicit declaration of built-in function 'exit'
configure:4624: $? = 0
configure:4626: ./conftest
configure:4629: $? = 0
configure:4644: result: yes
configure:4668: checking for sys/types.h
configure:4684: /usr/bin/gcc -c -g -O2  conftest.c >&5
configure:4690: $? = 0
configure:4694: test -z 
			 || test ! -s conftest.err
configure:4697: $? = 0
configure:4700: test -s conftest.o
configure:4703: $? = 0
configure:4714: result: yes
configure:4668: checking for sys/stat.h
configure:4684: /usr/bin/gcc -c -g -O2  conftest.c >&5
configure:4690: $? = 0
configure:4694: test -z 
			 || test ! -s conftest.err
configure:4697: $? = 0
configure:4700: test -s conftest.o
configure:4703: $? = 0
configure:4714: result: yes
configure:4668: checking for stdlib.h
configure:4684: /usr/bin/gcc -c -g -O2  conftest.c >&5
configure:4690: $? = 0
configure:4694: test -z 
			 || test ! -s conftest.err
configure:4697: $? = 0
configure:4700: test -s conftest.o
configure:4703: $? = 0
configure:4714: result: yes
configure:4668: checking for string.h
configure:4684: /usr/bin/gcc -c -g -O2  conftest.c >&5
configure:4690: $? = 0
configure:4694: test -z 
			 || test ! -s conftest.err
configure:4697: $? = 0
configure:4700: test -s conftest.o
configure:4703: $? = 0
configure:4714: result: yes
configure:4668: checking for memory.h
configure:4684: /usr/bin/gcc -c -g -O2  conftest.c >&5
configure:4690: $? = 0
configure:4694: test -z 
			 || test ! -s conftest.err
configure:4697: $? = 0
configure:4700: test -s conftest.o
configure:4703: $? = 0
configure:4714: result: yes
configure:4668: checking for strings.h
configure:4684: /usr/bin/gcc -c -g -O2  conftest.c >&5
configure:4690: $? = 0
configure:4694: test -z 
			 || test ! -s conftest.err
configure:4697: $? = 0
configure:4700: test -s conftest.o
configure:4703: $? = 0
configure:4714: result: yes
configure:4668: checking for inttypes.h
configure:4684: /usr/bin/gcc -c -g -O2  conftest.c >&5
configure:4690: $? = 0
configure:4694: test -z 
			 || test ! -s conftest.err
configure:4697: $? = 0
configure:4700: test -s conftest.o
configure:4703: $? = 0
configure:4714: result: yes
configure:4668: checking for stdint.h
configure:4684: /usr/bin/gcc -c -g -O2  conftest.c >&5
configure:4690: $? = 0
configure:4694: test -z 
			 || test ! -s conftest.err
configure:4697: $? = 0
configure:4700: test -s conftest.o
configure:4703: $? = 0
configure:4714: result: yes
configure:4668: checking for unistd.h
configure:4684: /usr/bin/gcc -c -g -O2  conftest.c >&5
configure:4690: $? = 0
configure:4694: test -z 
			 || test ! -s conftest.err
configure:4697: $? = 0
configure:4700: test -s conftest.o
configure:4703: $? = 0
configure:4714: result: yes
configure:4740: checking dlfcn.h usability
configure:4752: /usr/bin/gcc -c -g -O2  conftest.c >&5
configure:4758: $? = 0
configure:4762: test -z 
			 || test ! -s conftest.err
configure:4765: $? = 0
configure:4768: test -s conftest.o
configure:4771: $? = 0
configure:4781: result: yes
configure:4785: checking dlfcn.h presence
configure:4795: /usr/bin/gcc -E  conftest.c
configure:4801: $? = 0
configure:4821: result: yes
configure:4856: checking for dlfcn.h
configure:4863: result: yes
configure:4928: checking for g++
configure:4944: found /usr/bin/g++
configure:4954: result: g++
configure:4970: checking for C++ compiler version
configure:4973: g++ --version </dev/null >&5
g++ (GCC) 4.2.1 (Based on Apple Inc. build 5555)
Copyright (C) 2007 Free Software Foundation, Inc.
This is free software; see the source for copying conditions.  There is NO
warranty; not even for MERCHANTABILITY or FITNESS FOR A PARTICULAR PURPOSE.

configure:4976: $? = 0
configure:4978: g++ -v </dev/null >&5
Using built-in specs.
Target: arm-apple-darwin9
Configured with: ../llvm-gcc-4.2/configure --build=x86_64-unknown-linux-gnu --host=arm-apple-darwin9 --enable-static=no --enable-shared=yes --prefix=/usr --localstatedir=/var/cache/iphone-gcc --enable-languages=c,c++,objc,obj-c++ --enable-wchar_t=no --with-gxx-include-dir=/usr/include/c++/4.0.0
Thread model: posix
gcc version 4.2.1 (Based on Apple Inc. build 5555)
configure:4981: $? = 0
configure:4983: g++ -V </dev/null >&5
g++: '-V' option must have argument
configure:4986: $? = 1
configure:4989: checking whether we are using the GNU C++ compiler
configure:5013: g++ -c   conftest.cc >&5
configure:5019: $? = 0
configure:5023: test -z 
			 || test ! -s conftest.err
configure:5026: $? = 0
configure:5029: test -s conftest.o
configure:5032: $? = 0
configure:5045: result: yes
configure:5051: checking whether g++ accepts -g
configure:5072: g++ -c -g  conftest.cc >&5
configure:5078: $? = 0
configure:5082: test -z 
			 || test ! -s conftest.err
configure:5085: $? = 0
configure:5088: test -s conftest.o
configure:5091: $? = 0
configure:5102: result: yes
configure:5144: g++ -c -g -O2  conftest.cc >&5
configure:5150: $? = 0
configure:5154: test -z 
			 || test ! -s conftest.err
configure:5157: $? = 0
configure:5160: test -s conftest.o
configure:5163: $? = 0
configure:5189: g++ -c -g -O2  conftest.cc >&5
conftest.cc: In function 'int main()':
conftest.cc:26: error: 'exit' was not declared in this scope
configure:5195: $? = 1
configure: failed program was:
| /* confdefs.h.  */
| 
| #define PACKAGE_NAME "libXdmcp"
| #define PACKAGE_TARNAME "libXdmcp"
| #define PACKAGE_VERSION "1.0.2"
| #define PACKAGE_STRING "libXdmcp 1.0.2"
| #define PACKAGE_BUGREPORT "https://bugs.freedesktop.org/enter_bug.cgi?product=xorg"
| #define PACKAGE "libXdmcp"
| #define VERSION "1.0.2"
| #define STDC_HEADERS 1
| #define HAVE_SYS_TYPES_H 1
| #define HAVE_SYS_STAT_H 1
| #define HAVE_STDLIB_H 1
| #define HAVE_STRING_H 1
| #define HAVE_MEMORY_H 1
| #define HAVE_STRINGS_H 1
| #define HAVE_INTTYPES_H 1
| #define HAVE_STDINT_H 1
| #define HAVE_UNISTD_H 1
| #define HAVE_DLFCN_H 1
| /* end confdefs.h.  */
| 
| int
| main ()
| {
| exit (42);
|   ;
|   return 0;
| }
configure:5144: g++ -c -g -O2  conftest.cc >&5
conftest.cc:22: error: 'void std::exit(int)' should have been declared inside 'std'
In file included from conftest.cc:23:
/home/chris/sdk2/stdlib.h:159: error: declaration of 'void std::exit(int)' throws different exceptions
conftest.cc:22: error: from previous declaration 'void std::exit(int) throw ()'
configure:5150: $? = 1
configure: failed program was:
| /* confdefs.h.  */
| 
| #define PACKAGE_NAME "libXdmcp"
| #define PACKAGE_TARNAME "libXdmcp"
| #define PACKAGE_VERSION "1.0.2"
| #define PACKAGE_STRING "libXdmcp 1.0.2"
| #define PACKAGE_BUGREPORT "https://bugs.freedesktop.org/enter_bug.cgi?product=xorg"
| #define PACKAGE "libXdmcp"
| #define VERSION "1.0.2"
| #define STDC_HEADERS 1
| #define HAVE_SYS_TYPES_H 1
| #define HAVE_SYS_STAT_H 1
| #define HAVE_STDLIB_H 1
| #define HAVE_STRING_H 1
| #define HAVE_MEMORY_H 1
| #define HAVE_STRINGS_H 1
| #define HAVE_INTTYPES_H 1
| #define HAVE_STDINT_H 1
| #define HAVE_UNISTD_H 1
| #define HAVE_DLFCN_H 1
| /* end confdefs.h.  */
| extern "C" void std::exit (int) throw (); using std::exit;
| #include <stdlib.h>
| int
| main ()
| {
| exit (42);
|   ;
|   return 0;
| }
configure:5144: g++ -c -g -O2  conftest.cc >&5
conftest.cc:22: error: 'void std::exit(int)' should have been declared inside 'std'
configure:5150: $? = 1
configure: failed program was:
| /* confdefs.h.  */
| 
| #define PACKAGE_NAME "libXdmcp"
| #define PACKAGE_TARNAME "libXdmcp"
| #define PACKAGE_VERSION "1.0.2"
| #define PACKAGE_STRING "libXdmcp 1.0.2"
| #define PACKAGE_BUGREPORT "https://bugs.freedesktop.org/enter_bug.cgi?product=xorg"
| #define PACKAGE "libXdmcp"
| #define VERSION "1.0.2"
| #define STDC_HEADERS 1
| #define HAVE_SYS_TYPES_H 1
| #define HAVE_SYS_STAT_H 1
| #define HAVE_STDLIB_H 1
| #define HAVE_STRING_H 1
| #define HAVE_MEMORY_H 1
| #define HAVE_STRINGS_H 1
| #define HAVE_INTTYPES_H 1
| #define HAVE_STDINT_H 1
| #define HAVE_UNISTD_H 1
| #define HAVE_DLFCN_H 1
| /* end confdefs.h.  */
| extern "C" void std::exit (int); using std::exit;
| #include <stdlib.h>
| int
| main ()
| {
| exit (42);
|   ;
|   return 0;
| }
configure:5144: g++ -c -g -O2  conftest.cc >&5
In file included from conftest.cc:23:
/home/chris/sdk2/stdlib.h:159: error: declaration of 'void exit(int)' throws different exceptions
conftest.cc:22: error: from previous declaration 'void exit(int) throw ()'
configure:5150: $? = 1
configure: failed program was:
| /* confdefs.h.  */
| 
| #define PACKAGE_NAME "libXdmcp"
| #define PACKAGE_TARNAME "libXdmcp"
| #define PACKAGE_VERSION "1.0.2"
| #define PACKAGE_STRING "libXdmcp 1.0.2"
| #define PACKAGE_BUGREPORT "https://bugs.freedesktop.org/enter_bug.cgi?product=xorg"
| #define PACKAGE "libXdmcp"
| #define VERSION "1.0.2"
| #define STDC_HEADERS 1
| #define HAVE_SYS_TYPES_H 1
| #define HAVE_SYS_STAT_H 1
| #define HAVE_STDLIB_H 1
| #define HAVE_STRING_H 1
| #define HAVE_MEMORY_H 1
| #define HAVE_STRINGS_H 1
| #define HAVE_INTTYPES_H 1
| #define HAVE_STDINT_H 1
| #define HAVE_UNISTD_H 1
| #define HAVE_DLFCN_H 1
| /* end confdefs.h.  */
| extern "C" void exit (int) throw ();
| #include <stdlib.h>
| int
| main ()
| {
| exit (42);
|   ;
|   return 0;
| }
configure:5144: g++ -c -g -O2  conftest.cc >&5
configure:5150: $? = 0
configure:5154: test -z 
			 || test ! -s conftest.err
configure:5157: $? = 0
configure:5160: test -s conftest.o
configure:5163: $? = 0
configure:5189: g++ -c -g -O2  conftest.cc >&5
configure:5195: $? = 0
configure:5199: test -z 
			 || test ! -s conftest.err
configure:5202: $? = 0
configure:5205: test -s conftest.o
configure:5208: $? = 0
configure:5233: checking dependency style of g++
configure:5323: result: gcc3
configure:5350: checking how to run the C++ preprocessor
configure:5381: g++ -E  conftest.cc
configure:5387: $? = 0
configure:5419: g++ -E  conftest.cc
conftest.cc:25:28: error: ac_nonexistent.h: No such file or directory
configure:5425: $? = 1
configure: failed program was:
| /* confdefs.h.  */
| 
| #define PACKAGE_NAME "libXdmcp"
| #define PACKAGE_TARNAME "libXdmcp"
| #define PACKAGE_VERSION "1.0.2"
| #define PACKAGE_STRING "libXdmcp 1.0.2"
| #define PACKAGE_BUGREPORT "https://bugs.freedesktop.org/enter_bug.cgi?product=xorg"
| #define PACKAGE "libXdmcp"
| #define VERSION "1.0.2"
| #define STDC_HEADERS 1
| #define HAVE_SYS_TYPES_H 1
| #define HAVE_SYS_STAT_H 1
| #define HAVE_STDLIB_H 1
| #define HAVE_STRING_H 1
| #define HAVE_MEMORY_H 1
| #define HAVE_STRINGS_H 1
| #define HAVE_INTTYPES_H 1
| #define HAVE_STDINT_H 1
| #define HAVE_UNISTD_H 1
| #define HAVE_DLFCN_H 1
| #ifdef __cplusplus
| extern "C" void exit (int);
| #endif
| /* end confdefs.h.  */
| #include <ac_nonexistent.h>
configure:5464: result: g++ -E
configure:5488: g++ -E  conftest.cc
configure:5494: $? = 0
configure:5526: g++ -E  conftest.cc
conftest.cc:25:28: error: ac_nonexistent.h: No such file or directory
configure:5532: $? = 1
configure: failed program was:
| /* confdefs.h.  */
| 
| #define PACKAGE_NAME "libXdmcp"
| #define PACKAGE_TARNAME "libXdmcp"
| #define PACKAGE_VERSION "1.0.2"
| #define PACKAGE_STRING "libXdmcp 1.0.2"
| #define PACKAGE_BUGREPORT "https://bugs.freedesktop.org/enter_bug.cgi?product=xorg"
| #define PACKAGE "libXdmcp"
| #define VERSION "1.0.2"
| #define STDC_HEADERS 1
| #define HAVE_SYS_TYPES_H 1
| #define HAVE_SYS_STAT_H 1
| #define HAVE_STDLIB_H 1
| #define HAVE_STRING_H 1
| #define HAVE_MEMORY_H 1
| #define HAVE_STRINGS_H 1
| #define HAVE_INTTYPES_H 1
| #define HAVE_STDINT_H 1
| #define HAVE_UNISTD_H 1
| #define HAVE_DLFCN_H 1
| #ifdef __cplusplus
| extern "C" void exit (int);
| #endif
| /* end confdefs.h.  */
| #include <ac_nonexistent.h>
configure:5629: checking for g77
configure:5658: result: no
configure:5629: checking for f77
configure:5658: result: no
configure:5629: checking for xlf
configure:5658: result: no
configure:5629: checking for frt
configure:5658: result: no
configure:5629: checking for pgf77
configure:5658: result: no
configure:5629: checking for fort77
configure:5658: result: no
configure:5629: checking for fl32
configure:5658: result: no
configure:5629: checking for af77
configure:5658: result: no
configure:5629: checking for f90
configure:5658: result: no
configure:5629: checking for xlf90
configure:5658: result: no
configure:5629: checking for pgf90
configure:5658: result: no
configure:5629: checking for epcf90
configure:5658: result: no
configure:5629: checking for f95
configure:5658: result: no
configure:5629: checking for fort
configure:5658: result: no
configure:5629: checking for xlf95
configure:5658: result: no
configure:5629: checking for ifc
configure:5658: result: no
configure:5629: checking for efc
configure:5658: result: no
configure:5629: checking for pgf95
configure:5658: result: no
configure:5629: checking for lf95
configure:5658: result: no
configure:5629: checking for gfortran
configure:5658: result: no
configure:5670: checking for Fortran 77 compiler version
configure:5673:  --version </dev/null >&5
./configure: line 5674: --version: command not found
configure:5676: $? = 127
configure:5678:  -v </dev/null >&5
./configure: line 5679: -v: command not found
configure:5681: $? = 127
configure:5683:  -V </dev/null >&5
./configure: line 5684: -V: command not found
configure:5686: $? = 127
configure:5694: checking whether we are using the GNU Fortran 77 compiler
configure:5708:  -c  conftest.F >&5
./configure: line 5709: -c: command not found
configure:5714: $? = 127
configure: failed program was:
|       program main
| #ifndef __GNUC__
|        choke me
| #endif
| 
|       end
configure:5740: result: no
configure:5746: checking whether  accepts -g
configure:5758:  -c -g conftest.f >&5
./configure: line 5759: -c: command not found
configure:5764: $? = 127
configure: failed program was:
|       program main
| 
|       end
configure:5789: result: no
configure:5819: checking the maximum length of command line arguments
configure:5928: result: 196608
configure:5939: checking command to parse /usr/bin/nm -p output from /usr/bin/gcc object
configure:6044: /usr/bin/gcc -c -g -O2  conftest.c >&5
configure:6047: $? = 0
configure:6051: /usr/bin/nm -p conftest.o \| sed -n -e 's/^.*[ 	]\([BCDEGRST][BCDEGRST]*\)[ 	][ 	]*\([_A-Za-z][_A-Za-z0-9]*\)$/\1 \2 \2/p' \> conftest.nm
configure:6054: $? = 0
cannot find nm_test_var in conftest.nm
configure:6044: /usr/bin/gcc -c -g -O2  conftest.c >&5
configure:6047: $? = 0
configure:6051: /usr/bin/nm -p conftest.o \| sed -n -e 's/^.*[ 	]\([BCDEGRST][BCDEGRST]*\)[ 	][ 	]*_\([_A-Za-z][_A-Za-z0-9]*\)$/\1 _\2 \2/p' \> conftest.nm
configure:6054: $? = 0
configure:6106: /usr/bin/gcc -o conftest -g -O2   conftest.c conftstm.o >&5
configure:6109: $? = 0
configure:6147: result: ok
configure:6151: checking for objdir
configure:6166: result: .libs
configure:6256: checking for ar
configure:6272: found /usr/bin/ar
configure:6283: result: ar
configure:6336: checking for ranlib
configure:6352: found /usr/bin/ranlib
configure:6363: result: ranlib
configure:6416: checking for strip
configure:6432: found /usr/bin/strip
configure:6443: result: strip
configure:6715: checking if /usr/bin/gcc supports -fno-rtti -fno-exceptions
configure:6733: /usr/bin/gcc -c -g -O2  -fno-rtti -fno-exceptions conftest.c >&5
cc1: warning: command line option "-fno-rtti" is valid for C++/ObjC++ but not for C
configure:6737: $? = 0
configure:6750: result: no
configure:6765: checking for /usr/bin/gcc option to produce PIC
configure:6975: result: -fno-common
configure:6983: checking if /usr/bin/gcc PIC flag -fno-common works
configure:7001: /usr/bin/gcc -c -g -O2  -fno-common -DPIC conftest.c >&5
configure:7005: $? = 0
configure:7018: result: yes
configure:7046: checking if /usr/bin/gcc static flag -static works
configure:7074: result: no
configure:7084: checking if /usr/bin/gcc supports -c -o file.o
configure:7105: /usr/bin/gcc -c -g -O2  -o out/conftest2.o conftest.c >&5
configure:7109: $? = 0
configure:7131: result: yes
configure:7157: checking whether the /usr/bin/gcc linker (/usr/bin/ld) supports shared libraries
configure:8115: result: yes
configure:8182: checking dynamic linker characteristics
configure:8770: result: darwin10.4.0 dyld
configure:8779: checking how to hardcode library paths into programs
configure:8804: result: immediate
configure:8818: checking whether stripping libraries is possible
configure:8831: result: yes
configure:9657: checking if libtool supports shared libraries
configure:9659: result: yes
configure:9662: checking whether to build shared libraries
configure:9683: result: yes
configure:9686: checking whether to build static libraries
configure:9690: result: yes
configure:9782: creating libtool
configure:10370: checking for ld used by g++
configure:10437: result: /usr/bin/ld
configure:10446: checking if the linker (/usr/bin/ld) is GNU ld
configure:10461: result: no
configure:10512: checking whether the g++ linker (/usr/bin/ld) supports shared libraries
configure:11450: result: yes
configure:11468: g++ -c -g -O2  conftest.cpp >&5
configure:11471: $? = 0
configure:11590: checking for g++ option to produce PIC
configure:11864: result: -fno-common
configure:11872: checking if g++ PIC flag -fno-common works
configure:11890: g++ -c -g -O2  -fno-common -DPIC conftest.cpp >&5
configure:11894: $? = 0
configure:11907: result: yes
configure:11935: checking if g++ static flag -static works
configure:11963: result: no
configure:11973: checking if g++ supports -c -o file.o
configure:11994: g++ -c -g -O2  -o out/conftest2.o conftest.cpp >&5
configure:11998: $? = 0
configure:12020: result: yes
configure:12046: checking whether the g++ linker (/usr/bin/ld) supports shared libraries
configure:12071: result: yes
configure:12138: checking dynamic linker characteristics
configure:12726: result: darwin10.4.0 dyld
configure:12735: checking how to hardcode library paths into programs
configure:12760: result: immediate
configure:18910: checking whether make sets $(MAKE)
configure:18930: result: yes
configure:18945: checking for srand48
configure:19002: /usr/bin/gcc -o conftest -g -O2   conftest.c  >&5
configure:19008: $? = 0
configure:19012: test -z 
			 || test ! -s conftest.err
configure:19015: $? = 0
configure:19018: test -s conftest
configure:19021: $? = 0
configure:19033: result: yes
configure:18945: checking for lrand48
configure:19002: /usr/bin/gcc -o conftest -g -O2   conftest.c  >&5
configure:19008: $? = 0
configure:19012: test -z 
			 || test ! -s conftest.err
configure:19015: $? = 0
configure:19018: test -s conftest
configure:19021: $? = 0
configure:19033: result: yes
configure:19044: checking for library containing recvfrom
configure:19074: /usr/bin/gcc -o conftest -g -O2   conftest.c  >&5
configure:19080: $? = 0
configure:19084: test -z 
			 || test ! -s conftest.err
configure:19087: $? = 0
configure:19090: test -s conftest
configure:19093: $? = 0
configure:19163: result: none required
configure:19219: checking for pkg-config
configure:19237: found /usr/bin/pkg-config
configure:19249: result: /usr/bin/pkg-config
configure:19264: checking pkg-config is at least version 0.9.0
configure:19267: result: yes
configure:19278: checking for XDMCP
configure:19283: $PKG_CONFIG --exists --print-errors "xproto"
configure:19286: $? = 0
configure:19297: $PKG_CONFIG --exists --print-errors "xproto"
configure:19300: $? = 0
configure:19355: result: yes
configure:19624: creating ./config.status

## ---------------------- ##
## Running config.status. ##
## ---------------------- ##

This file was extended by libXdmcp config.status 1.0.2, which was
generated by GNU Autoconf 2.59.  Invocation command line was

  CONFIG_FILES    = 
  CONFIG_HEADERS  = 
  CONFIG_LINKS    = 
  CONFIG_COMMANDS = 
  $ ./config.status 

on Chriss-iPad

config.status:737: creating Makefile
config.status:737: creating xdmcp.pc
config.status:841: creating config.h
config.status:955: config.h is unchanged
config.status:1135: executing depfiles commands

## ---------------- ##
## Cache variables. ##
## ---------------- ##

ac_cv_build=arm-apple-darwin10.4.0
ac_cv_build_alias=arm-apple-darwin10.4.0
ac_cv_c_compiler_gnu=yes
ac_cv_cxx_compiler_gnu=yes
ac_cv_env_CC_set=set
ac_cv_env_CC_value=/usr/bin/gcc
ac_cv_env_CFLAGS_set=
ac_cv_env_CFLAGS_value=
ac_cv_env_CPPFLAGS_set=
ac_cv_env_CPPFLAGS_value=
ac_cv_env_CPP_set=
ac_cv_env_CPP_value=
ac_cv_env_CXXCPP_set=
ac_cv_env_CXXCPP_value=
ac_cv_env_CXXFLAGS_set=
ac_cv_env_CXXFLAGS_value=
ac_cv_env_CXX_set=
ac_cv_env_CXX_value=
ac_cv_env_F77_set=
ac_cv_env_F77_value=
ac_cv_env_FFLAGS_set=
ac_cv_env_FFLAGS_value=
ac_cv_env_LDFLAGS_set=
ac_cv_env_LDFLAGS_value=
ac_cv_env_PKG_CONFIG_set=
ac_cv_env_PKG_CONFIG_value=
ac_cv_env_XDMCP_CFLAGS_set=
ac_cv_env_XDMCP_CFLAGS_value=
ac_cv_env_XDMCP_LIBS_set=
ac_cv_env_XDMCP_LIBS_value=
ac_cv_env_build_alias_set=
ac_cv_env_build_alias_value=
ac_cv_env_host_alias_set=
ac_cv_env_host_alias_value=
ac_cv_env_target_alias_set=
ac_cv_env_target_alias_value=
ac_cv_exeext=
ac_cv_f77_compiler_gnu=no
ac_cv_func_lrand48=yes
ac_cv_func_srand48=yes
ac_cv_header_dlfcn_h=yes
ac_cv_header_inttypes_h=yes
ac_cv_header_memory_h=yes
ac_cv_header_stdc=yes
ac_cv_header_stdint_h=yes
ac_cv_header_stdlib_h=yes
ac_cv_header_string_h=yes
ac_cv_header_strings_h=yes
ac_cv_header_sys_stat_h=yes
ac_cv_header_sys_types_h=yes
ac_cv_header_unistd_h=yes
ac_cv_host=arm-apple-darwin10.4.0
ac_cv_host_alias=arm-apple-darwin10.4.0
ac_cv_objext=o
ac_cv_path_ac_pt_PKG_CONFIG=/usr/bin/pkg-config
ac_cv_path_install='/usr/bin/install -c'
ac_cv_prog_AWK=gawk
ac_cv_prog_CPP='/usr/bin/gcc -E'
ac_cv_prog_CXXCPP='g++ -E'
ac_cv_prog_ac_ct_AR=ar
ac_cv_prog_ac_ct_CC=/usr/bin/gcc
ac_cv_prog_ac_ct_CXX=g++
ac_cv_prog_ac_ct_RANLIB=ranlib
ac_cv_prog_ac_ct_STRIP=strip
ac_cv_prog_cc_g=yes
ac_cv_prog_cc_stdc=
ac_cv_prog_cxx_g=yes
ac_cv_prog_egrep='grep -E'
ac_cv_prog_f77_g=no
ac_cv_prog_make_make_set=yes
ac_cv_search_recvfrom='none required'
am_cv_CC_dependencies_compiler_type=gcc3
am_cv_CXX_dependencies_compiler_type=gcc3
lt_cv_deplibs_check_method=pass_all
lt_cv_file_magic_cmd='$MAGIC_CMD'
lt_cv_file_magic_test_file=
lt_cv_ld_reload_flag=-r
lt_cv_objdir=.libs
lt_cv_path_LD=/usr/bin/ld
lt_cv_path_LDCXX=/usr/bin/ld
lt_cv_path_NM='/usr/bin/nm -p'
lt_cv_path_SED=/bin/sed
lt_cv_prog_compiler_c_o=yes
lt_cv_prog_compiler_c_o_CXX=yes
lt_cv_prog_compiler_rtti_exceptions=no
lt_cv_prog_gnu_ld=no
lt_cv_prog_gnu_ldcxx=no
lt_cv_sys_global_symbol_pipe='sed -n -e '\''s/^.*[ 	]\([BCDEGRST][BCDEGRST]*\)[ 	][ 	]*_\([_A-Za-z][_A-Za-z0-9]*\)$/\1 _\2 \2/p'\'''
lt_cv_sys_global_symbol_to_c_name_address='sed -n -e '\''s/^: \([^ ]*\) $/  {\"\1\", (lt_ptr) 0},/p'\'' -e '\''s/^[BCDEGRST] \([^ ]*\) \([^ ]*\)$/  {"\2", (lt_ptr) \&\2},/p'\'''
lt_cv_sys_global_symbol_to_cdecl='sed -n -e '\''s/^. .* \(.*\)$/extern int \1;/p'\'''
lt_cv_sys_max_cmd_len=196608
lt_lt_cv_prog_compiler_c_o='"yes"'
lt_lt_cv_prog_compiler_c_o_CXX='"yes"'
lt_lt_cv_sys_global_symbol_pipe='"sed -n -e '\''s/^.*[ 	]\\([BCDEGRST][BCDEGRST]*\\)[ 	][ 	]*_\\([_A-Za-z][_A-Za-z0-9]*\\)\$/\\1 _\\2 \\2/p'\''"'
lt_lt_cv_sys_global_symbol_to_c_name_address='"sed -n -e '\''s/^: \\([^ ]*\\) \$/  {\\\"\\1\\\", (lt_ptr) 0},/p'\'' -e '\''s/^[BCDEGRST] \\([^ ]*\\) \\([^ ]*\\)\$/  {\"\\2\", (lt_ptr) \\&\\2},/p'\''"'
lt_lt_cv_sys_global_symbol_to_cdecl='"sed -n -e '\''s/^. .* \\(.*\\)\$/extern int \\1;/p'\''"'
pkg_cv_XDMCP_CFLAGS=' '
pkg_cv_XDMCP_LIBS=' '

## ----------------- ##
## Output variables. ##
## ----------------- ##

ACLOCAL='${SHELL} /home/chris/xorg/libXdmcp-1.0.2/missing --run aclocal-1.9'
AMDEPBACKSLASH='\'
AMDEP_FALSE='#'
AMDEP_TRUE=''
AMTAR='${SHELL} /home/chris/xorg/libXdmcp-1.0.2/missing --run tar'
AR='ar'
AS='as'
AUTOCONF='${SHELL} /home/chris/xorg/libXdmcp-1.0.2/missing --run autoconf'
AUTOHEADER='${SHELL} /home/chris/xorg/libXdmcp-1.0.2/missing --run autoheader'
AUTOMAKE='${SHELL} /home/chris/xorg/libXdmcp-1.0.2/missing --run automake-1.9'
AWK='gawk'
CC='/usr/bin/gcc'
CCDEPMODE='depmode=gcc3'
CFLAGS='-g -O2'
CPP='/usr/bin/gcc -E'
CPPFLAGS=''
CXX='g++'
CXXCPP='g++ -E'
CXXDEPMODE='depmode=gcc3'
CXXFLAGS='-g -O2'
CYGPATH_W='echo'
DEFS='-DHAVE_CONFIG_H'
DEPDIR='.deps'
DLLTOOL='dlltool'
ECHO='echo'
ECHO_C=''
ECHO_N='-n'
ECHO_T=''
EGREP='grep -E'
EXEEXT=''
F77=''
FFLAGS=''
HASXDMAUTH_FALSE='#'
HASXDMAUTH_TRUE=''
INSTALL_DATA='${INSTALL} -m 644'
INSTALL_PROGRAM='${INSTALL}'
INSTALL_SCRIPT='${INSTALL}'
INSTALL_STRIP_PROGRAM='${SHELL} $(install_sh) -c -s'
LDFLAGS=''
LIBOBJS=''
LIBS=''
LIBTOOL='$(SHELL) $(top_builddir)/libtool'
LINT='no'
LINTLIB=''
LINT_FALSE=''
LINT_FLAGS=''
LINT_TRUE='#'
LN_S='ln -s'
LTLIBOBJS=''
MAINT='#'
MAINTAINER_MODE_FALSE=''
MAINTAINER_MODE_TRUE='#'
MAKEINFO='${SHELL} /home/chris/xorg/libXdmcp-1.0.2/missing --run makeinfo'
MAKE_LINT_LIB_FALSE=''
MAKE_LINT_LIB_TRUE='#'
OBJDUMP='objdump'
OBJEXT='o'
PACKAGE='libXdmcp'
PACKAGE_BUGREPORT='https://bugs.freedesktop.org/enter_bug.cgi?product=xorg'
PACKAGE_NAME='libXdmcp'
PACKAGE_STRING='libXdmcp 1.0.2'
PACKAGE_TARNAME='libXdmcp'
PACKAGE_VERSION='1.0.2'
PATH_SEPARATOR=':'
PKG_CONFIG='/usr/bin/pkg-config'
RANLIB='ranlib'
SET_MAKE=''
SHELL='/bin/sh'
STRIP='strip'
VERSION='1.0.2'
XDMCP_CFLAGS=' '
XDMCP_LIBS=' '
ac_ct_AR='ar'
ac_ct_AS=''
ac_ct_CC='/usr/bin/gcc'
ac_ct_CXX='g++'
ac_ct_DLLTOOL=''
ac_ct_F77=''
ac_ct_OBJDUMP=''
ac_ct_RANLIB='ranlib'
ac_ct_STRIP='strip'
ac_pt_PKG_CONFIG='/usr/bin/pkg-config'
am__fastdepCC_FALSE='#'
am__fastdepCC_TRUE=''
am__fastdepCXX_FALSE='#'
am__fastdepCXX_TRUE=''
am__include='include'
am__leading_dot='.'
am__quote=''
am__tar='${AMTAR} chof - "$$tardir"'
am__untar='${AMTAR} xf -'
bindir='${exec_prefix}/bin'
build='arm-apple-darwin10.4.0'
build_alias=''
build_cpu='arm'
build_os='darwin10.4.0'
build_vendor='apple'
datadir='${prefix}/share'
exec_prefix='${prefix}'
host='arm-apple-darwin10.4.0'
host_alias=''
host_cpu='arm'
host_os='darwin10.4.0'
host_vendor='apple'
includedir='${prefix}/include'
infodir='${prefix}/info'
install_sh='/home/chris/xorg/libXdmcp-1.0.2/install-sh'
libdir='${exec_prefix}/lib'
libexecdir='${exec_prefix}/libexec'
localstatedir='${prefix}/var'
mandir='${prefix}/man'
mkdir_p='mkdir -p --'
oldincludedir='/usr/include'
prefix='/usr/local'
program_transform_name='s,x,x,'
sbindir='${exec_prefix}/sbin'
sharedstatedir='${prefix}/com'
sysconfdir='${prefix}/etc'
target_alias=''

## ----------- ##
## confdefs.h. ##
## ----------- ##

#define HASXDMAUTH 1
#define HAVE_DLFCN_H 1
#define HAVE_INTTYPES_H 1
#define HAVE_LRAND48 1
#define HAVE_MEMORY_H 1
#define HAVE_SRAND48 1
#define HAVE_STDINT_H 1
#define HAVE_STDLIB_H 1
#define HAVE_STRINGS_H 1
#define HAVE_STRING_H 1
#define HAVE_SYS_STAT_H 1
#define HAVE_SYS_TYPES_H 1
#define HAVE_UNISTD_H 1
#define PACKAGE "libXdmcp"
#define PACKAGE_BUGREPORT "https://bugs.freedesktop.org/enter_bug.cgi?product=xorg"
#define PACKAGE_NAME "libXdmcp"
#define PACKAGE_STRING "libXdmcp 1.0.2"
#define PACKAGE_TARNAME "libXdmcp"
#define PACKAGE_VERSION "1.0.2"
#define STDC_HEADERS 1
#define VERSION "1.0.2"
#endif
#ifdef __cplusplus
extern "C" void exit (int);

configure: exit 0
