This file contains any messages produced by compilers while
running configure, to aid debugging if configure makes a mistake.

configure:537: checking for gcc
configure:650: checking whether the C compiler (/usr/bin/gcc  ) works
configure:666: /usr/bin/gcc -o conftest    conftest.c  1>&5
configure:692: checking whether the C compiler (/usr/bin/gcc  ) is a cross-compiler
configure:697: checking whether we are using GNU C
configure:725: checking whether /usr/bin/gcc accepts -g
configure:761: checking for c++
configure:793: checking whether the C++ compiler (c++  ) works
configure:809: c++ -o conftest    conftest.C  1>&5
configure:835: checking whether the C++ compiler (c++  ) is a cross-compiler
configure:840: checking whether we are using GNU C++
configure:868: checking whether c++ accepts -g
configure:917: /usr/bin/gcc -c -O2  conftest.c 1>&5
configure:934: /usr/bin/gcc -c -O2  conftest.c 1>&5
configure: In function 'main':
configure:930: warning: incompatible implicit declaration of built-in function 'exit'
configure:953: checking for ranlib
configure:981: checking whether make sets ${MAKE}
configure:1045: checking how to run the C++ preprocessor
configure:1092: checking for X
configure:1982: checking for vsnprintf
configure:2037: checking for socklen_t
configure:2048: c++ -c -O2 -Wall  conftest.C 1>&5
