This file contains any messages produced by compilers while
running configure, to aid debugging if configure makes a mistake.

It was created by gdk-pixbuf configure 2.27.2, which was
generated by GNU Autoconf 2.69.  Invocation command line was

  $ ./configure 

## --------- ##
## Platform. ##
## --------- ##

hostname = Chriss-iPad
uname -m = iPad1,1
uname -r = 11.0.0
uname -s = Darwin
uname -v = Darwin Kernel Version 11.0.0: Sun Apr  8 21:51:26 PDT 2012; root:xnu-1878.11.10~1/RELEASE_ARM_S5L8930X

/usr/bin/uname -p = unknown
/bin/uname -X     = unknown

/bin/arch              = unknown
/usr/bin/arch -k       = unknown
/usr/convex/getsysinfo = unknown
/usr/bin/hostinfo      = Mach kernel version:
	 Darwin Kernel Version 11.0.0: Sun Apr  8 21:51:26 PDT 2012; root:xnu-1878.11.10~1/RELEASE_ARM_S5L8930X
Kernel configured for a single processor only.
1 processor is physically available.
1 processor is logically available.
Processor type: armv7 (arm v7)
Processor active: 0
Primary memory available: 246.98 megabytes
Default processor set: 37 tasks, 235 threads, 1 processors
Load average: 1.60, Mach factor: 0.22
/bin/machine           = unknown
/usr/bin/oslevel       = unknown
/bin/universe          = unknown

PATH: /usr/local/sbin
PATH: /usr/local/bin
PATH: /usr/sbin
PATH: /usr/bin
PATH: /sbin
PATH: /bin
PATH: /usr/bin/X11
PATH: /usr/games
PATH: /usr/local/Gambit-C/bin
PATH: /home/chris/apache-ant-1.7.1/bin


## ----------- ##
## Core tests. ##
## ----------- ##

configure:2529: checking for a BSD-compatible install
configure:2597: result: /usr/bin/install -c
configure:2608: checking whether build environment is sane
configure:2663: result: yes

## ---------------- ##
## Cache variables. ##
## ---------------- ##

ac_cv_env_BASE_DEPENDENCIES_CFLAGS_set=
ac_cv_env_BASE_DEPENDENCIES_CFLAGS_value=
ac_cv_env_BASE_DEPENDENCIES_LIBS_set=
ac_cv_env_BASE_DEPENDENCIES_LIBS_value=
ac_cv_env_CCASFLAGS_set=
ac_cv_env_CCASFLAGS_value=
ac_cv_env_CCAS_set=
ac_cv_env_CCAS_value=
ac_cv_env_CC_set=set
ac_cv_env_CC_value=/usr/bin/gcc
ac_cv_env_CFLAGS_set=
ac_cv_env_CFLAGS_value=
ac_cv_env_CPPFLAGS_set=
ac_cv_env_CPPFLAGS_value=
ac_cv_env_CPP_set=
ac_cv_env_CPP_value=
ac_cv_env_GDK_PIXBUF_XLIB_DEP_CFLAGS_set=
ac_cv_env_GDK_PIXBUF_XLIB_DEP_CFLAGS_value=
ac_cv_env_GDK_PIXBUF_XLIB_DEP_LIBS_set=
ac_cv_env_GDK_PIXBUF_XLIB_DEP_LIBS_value=
ac_cv_env_GTKDOC_DEPS_CFLAGS_set=
ac_cv_env_GTKDOC_DEPS_CFLAGS_value=
ac_cv_env_GTKDOC_DEPS_LIBS_set=
ac_cv_env_GTKDOC_DEPS_LIBS_value=
ac_cv_env_LDFLAGS_set=
ac_cv_env_LDFLAGS_value=
ac_cv_env_LIBS_set=
ac_cv_env_LIBS_value=
ac_cv_env_PKG_CONFIG_LIBDIR_set=
ac_cv_env_PKG_CONFIG_LIBDIR_value=
ac_cv_env_PKG_CONFIG_PATH_set=set
ac_cv_env_PKG_CONFIG_PATH_value=/usr/local/lib/pkgconfig:/usr/lib/pkgconfig
ac_cv_env_PKG_CONFIG_set=
ac_cv_env_PKG_CONFIG_value=
ac_cv_env_build_alias_set=
ac_cv_env_build_alias_value=
ac_cv_env_host_alias_set=
ac_cv_env_host_alias_value=
ac_cv_env_target_alias_set=
ac_cv_env_target_alias_value=
ac_cv_path_install='/usr/bin/install -c'

## ----------------- ##
## Output variables. ##
## ----------------- ##

ACLOCAL=''
AMDEPBACKSLASH=''
AMDEP_FALSE=''
AMDEP_TRUE=''
AMTAR=''
AM_BACKSLASH=''
AM_DEFAULT_V=''
AM_DEFAULT_VERBOSITY=''
AM_V=''
AR=''
AS=''
AUTOCONF=''
AUTOHEADER=''
AUTOMAKE=''
AWK=''
BASE_DEPENDENCIES_CFLAGS=''
BASE_DEPENDENCIES_LIBS=''
BUILD_DYNAMIC_MODULES_FALSE=''
BUILD_DYNAMIC_MODULES_TRUE=''
BUILD_GDIPLUS_LOADERS_FALSE=''
BUILD_GDIPLUS_LOADERS_TRUE=''
CC='/usr/bin/gcc'
CCAS=''
CCASDEPMODE=''
CCASFLAGS=''
CCDEPMODE=''
CFLAGS=''
CPP=''
CPPFLAGS=''
CROSS_COMPILING_FALSE=''
CROSS_COMPILING_TRUE=''
CYGPATH_W=''
DB2HTML=''
DEFS=''
DEPDIR=''
DISABLE_EXPLICIT_DEPS_FALSE=''
DISABLE_EXPLICIT_DEPS_TRUE=''
DLLTOOL=''
DSYMUTIL=''
DUMPBIN=''
ECHO_C=''
ECHO_N='-n'
ECHO_T=''
EGREP=''
ENABLE_GTK_DOC_FALSE=''
ENABLE_GTK_DOC_TRUE=''
ENABLE_MAN_FALSE=''
ENABLE_MAN_TRUE=''
EXEEXT=''
EXE_MANIFEST_ARCHITECTURE=''
FGREP=''
GDK_PIXBUF_API_VERSION=''
GDK_PIXBUF_BINARY_VERSION=''
GDK_PIXBUF_CSOURCE=''
GDK_PIXBUF_DEP_CFLAGS=''
GDK_PIXBUF_DEP_LIBS=''
GDK_PIXBUF_EXTRA_CFLAGS=''
GDK_PIXBUF_EXTRA_LIBS=''
GDK_PIXBUF_LINK_FLAGS=''
GDK_PIXBUF_MAJOR=''
GDK_PIXBUF_MICRO=''
GDK_PIXBUF_MINOR=''
GDK_PIXBUF_PACKAGES=''
GDK_PIXBUF_VERSION=''
GDK_PIXBUF_XLIB_DEP_CFLAGS=''
GDK_PIXBUF_XLIB_DEP_LIBS=''
GETTEXT_MACRO_VERSION=''
GETTEXT_PACKAGE=''
GLIB_CFLAGS=''
GLIB_COMPILE_RESOURCES=''
GLIB_GENMARSHAL=''
GLIB_LIBS=''
GLIB_MKENUMS=''
GMSGFMT=''
GMSGFMT_015=''
GOBJECT_QUERY=''
GREP=''
GTKDOC_CHECK=''
GTKDOC_DEPS_CFLAGS=''
GTKDOC_DEPS_LIBS=''
GTKDOC_MKPDF=''
GTKDOC_REBASE=''
GTK_DOC_BUILD_HTML_FALSE=''
GTK_DOC_BUILD_HTML_TRUE=''
GTK_DOC_BUILD_PDF_FALSE=''
GTK_DOC_BUILD_PDF_TRUE=''
GTK_DOC_USE_LIBTOOL_FALSE=''
GTK_DOC_USE_LIBTOOL_TRUE=''
GTK_DOC_USE_REBASE_FALSE=''
GTK_DOC_USE_REBASE_TRUE=''
GTK_UPDATE_ICON_CACHE=''
HAVE_DOCBOOK_FALSE=''
HAVE_DOCBOOK_TRUE=''
HAVE_INTROSPECTION_FALSE=''
HAVE_INTROSPECTION_TRUE=''
HAVE_JASPER_FALSE=''
HAVE_JASPER_TRUE=''
HAVE_JPEG_FALSE=''
HAVE_JPEG_TRUE=''
HAVE_PNG_FALSE=''
HAVE_PNG_TRUE=''
HAVE_TIFF_FALSE=''
HAVE_TIFF_TRUE=''
HTML_DIR=''
INCLUDED_LOADER_DEFINE=''
INCLUDED_LOADER_OBJ=''
INCLUDE_ANI_FALSE=''
INCLUDE_ANI_TRUE=''
INCLUDE_BMP_FALSE=''
INCLUDE_BMP_TRUE=''
INCLUDE_GDIPLUS_FALSE=''
INCLUDE_GDIPLUS_TRUE=''
INCLUDE_GIF_FALSE=''
INCLUDE_GIF_TRUE=''
INCLUDE_ICNS_FALSE=''
INCLUDE_ICNS_TRUE=''
INCLUDE_ICO_FALSE=''
INCLUDE_ICO_TRUE=''
INCLUDE_JASPER_FALSE=''
INCLUDE_JASPER_TRUE=''
INCLUDE_JPEG_FALSE=''
INCLUDE_JPEG_TRUE=''
INCLUDE_PCX_FALSE=''
INCLUDE_PCX_TRUE=''
INCLUDE_PNG_FALSE=''
INCLUDE_PNG_TRUE=''
INCLUDE_PNM_FALSE=''
INCLUDE_PNM_TRUE=''
INCLUDE_QTIF_FALSE=''
INCLUDE_QTIF_TRUE=''
INCLUDE_RAS_FALSE=''
INCLUDE_RAS_TRUE=''
INCLUDE_TGA_FALSE=''
INCLUDE_TGA_TRUE=''
INCLUDE_TIFF_FALSE=''
INCLUDE_TIFF_TRUE=''
INCLUDE_WBMP_FALSE=''
INCLUDE_WBMP_TRUE=''
INCLUDE_XBM_FALSE=''
INCLUDE_XBM_TRUE=''
INCLUDE_XPM_FALSE=''
INCLUDE_XPM_TRUE=''
INSTALL_DATA='${INSTALL} -m 644'
INSTALL_PROGRAM='${INSTALL}'
INSTALL_SCRIPT='${INSTALL}'
INSTALL_STRIP_PROGRAM=''
INTLLIBS=''
INTL_MACOSX_LIBS=''
INTROSPECTION_CFLAGS=''
INTROSPECTION_COMPILER=''
INTROSPECTION_GENERATE=''
INTROSPECTION_GIRDIR=''
INTROSPECTION_LIBS=''
INTROSPECTION_MAKEFILE=''
INTROSPECTION_SCANNER=''
INTROSPECTION_TYPELIBDIR=''
LD=''
LDFLAGS=''
LIBICONV=''
LIBINTL=''
LIBJASPER=''
LIBJPEG=''
LIBOBJS=''
LIBPNG=''
LIBS=''
LIBTIFF=''
LIBTOOL=''
LIBTOOL_EXPORT_OPTIONS=''
LIB_EXE_MACHINE_FLAG=''
LIPO=''
LN_S=''
LTLIBICONV=''
LTLIBINTL=''
LTLIBOBJS=''
LT_CURRENT_MINUS_AGE=''
LT_VERSION_INFO=''
MAINT=''
MAINTAINER_MODE_FALSE=''
MAINTAINER_MODE_TRUE=''
MAKEINFO=''
MANIFEST_TOOL=''
MATH_LIB=''
MKDIR_P=''
MSGFMT=''
MSGFMT_015=''
MSGMERGE=''
MS_LIB_AVAILABLE_FALSE=''
MS_LIB_AVAILABLE_TRUE=''
NM=''
NMEDIT=''
OBJDUMP=''
OBJEXT=''
OS_LINUX_FALSE=''
OS_LINUX_TRUE=''
OS_UNIX_FALSE=''
OS_UNIX_TRUE=''
OS_WIN32_FALSE=''
OS_WIN32_TRUE=''
OTOOL64=''
OTOOL=''
PACKAGE=''
PACKAGE_BUGREPORT='http://bugzilla.gnome.org/enter_bug.cgi?product=gdk-pixbuf'
PACKAGE_NAME='gdk-pixbuf'
PACKAGE_STRING='gdk-pixbuf 2.27.2'
PACKAGE_TARNAME='gdk-pixbuf'
PACKAGE_URL=''
PACKAGE_VERSION='2.27.2'
PATH_SEPARATOR=':'
PERL=''
PKG_CONFIG=''
PKG_CONFIG_LIBDIR=''
PKG_CONFIG_PATH='/usr/local/lib/pkgconfig:/usr/lib/pkgconfig'
PLATFORM_WIN32_FALSE=''
PLATFORM_WIN32_TRUE=''
PNG_DEP_CFLAGS_PACKAGES=''
POSUB=''
RANLIB=''
REBUILD=''
SED=''
SET_MAKE=''
SHELL='/bin/sh'
STRIP=''
USE_MEDIALIB25_FALSE=''
USE_MEDIALIB25_TRUE=''
USE_MEDIALIB_FALSE=''
USE_MEDIALIB_TRUE=''
USE_MMX_FALSE=''
USE_MMX_TRUE=''
USE_NLS=''
USE_X11_FALSE=''
USE_X11_TRUE=''
VERSION=''
WINDRES=''
XGETTEXT=''
XGETTEXT_015=''
XGETTEXT_EXTRA_OPTIONS=''
XSLTPROC=''
ac_ct_AR=''
ac_ct_CC=''
ac_ct_DUMPBIN=''
ac_ct_NM=''
am__EXEEXT_FALSE=''
am__EXEEXT_TRUE=''
am__fastdepCCAS_FALSE=''
am__fastdepCCAS_TRUE=''
am__fastdepCC_FALSE=''
am__fastdepCC_TRUE=''
am__include=''
am__isrc=''
am__leading_dot=''
am__nodep=''
am__quote=''
am__tar=''
am__untar=''
bindir='${exec_prefix}/bin'
build=''
build_alias=''
build_cpu=''
build_os=''
build_vendor=''
datadir='${datarootdir}'
datarootdir='${prefix}/share'
docdir='${datarootdir}/doc/${PACKAGE_TARNAME}'
dvidir='${docdir}'
exec_prefix='NONE'
host=''
host_alias=''
host_cpu=''
host_os=''
host_vendor=''
htmldir='${docdir}'
includedir='${prefix}/include'
infodir='${datarootdir}/info'
install_sh=''
libdir='${exec_prefix}/lib'
libexecdir='${exec_prefix}/libexec'
localedir='${datarootdir}/locale'
localstatedir='${prefix}/var'
mandir='${datarootdir}/man'
mkdir_p=''
ms_librarian=''
oldincludedir='/usr/include'
pdfdir='${docdir}'
prefix='NONE'
program_transform_name='s,x,x,'
psdir='${docdir}'
sbindir='${exec_prefix}/sbin'
sharedstatedir='${prefix}/com'
sysconfdir='${prefix}/etc'
target_alias=''

## ----------- ##
## confdefs.h. ##
## ----------- ##

/* confdefs.h */
#define PACKAGE_NAME "gdk-pixbuf"
#define PACKAGE_TARNAME "gdk-pixbuf"
#define PACKAGE_VERSION "2.27.2"
#define PACKAGE_STRING "gdk-pixbuf 2.27.2"
#define PACKAGE_BUGREPORT "http://bugzilla.gnome.org/enter_bug.cgi?product=gdk-pixbuf"
#define PACKAGE_URL ""

configure: caught signal 2
configure: exit 1
