This file contains any messages produced by compilers while
running configure, to aid debugging if configure makes a mistake.

It was created by libXext configure 1.0.4, which was
generated by GNU Autoconf 2.61.  Invocation command line was

  $ ./configure 

## --------- ##
## Platform. ##
## --------- ##

hostname = Chriss-iPad
uname -m = iPad1,1
uname -r = 10.4.0
uname -s = Darwin
uname -v = Darwin Kernel Version 10.4.0: Wed Oct 20 20:14:45 PDT 2010; root:xnu-1504.58.28~3/RELEASE_ARM_S5L8930X

/usr/bin/uname -p = unknown
/bin/uname -X     = unknown

/bin/arch              = unknown
/usr/bin/arch -k       = unknown
/usr/convex/getsysinfo = unknown
/usr/bin/hostinfo      = Mach kernel version:
	 Darwin Kernel Version 10.4.0: Wed Oct 20 20:14:45 PDT 2010; root:xnu-1504.58.28~3/RELEASE_ARM_S5L8930X
Kernel configured for a single processor only.
1 processor is physically available.
1 processor is logically available.
Processor type: armv7 (arm v7)
Processor active: 0
Primary memory available: 247.00 megabytes
Default processor set: 34 tasks, 230 threads, 1 processors
Load average: 1.96, Mach factor: 0.26
/bin/machine           = unknown
/usr/bin/oslevel       = unknown
/bin/universe          = unknown

PATH: /usr/local/sbin
PATH: /usr/local/bin
PATH: /usr/sbin
PATH: /usr/bin
PATH: /sbin
PATH: /bin
PATH: /usr/bin/X11
PATH: /usr/games
PATH: /var/mobile/ocaml-3.12.0/bin


## ----------- ##
## Core tests. ##
## ----------- ##

configure:2026: checking for a BSD-compatible install
configure:2082: result: /usr/bin/install -c
configure:2093: checking whether build environment is sane
configure:2136: result: yes
configure:2164: checking for a thread-safe mkdir -p
configure:2203: result: /bin/mkdir -p
configure:2216: checking for gawk
configure:2232: found /usr/bin/gawk
configure:2243: result: gawk
configure:2254: checking whether make sets $(MAKE)
configure:2275: result: yes
configure:2464: checking whether to enable maintainer-specific portions of Makefiles
configure:2473: result: no
configure:2496: checking if xorg-macros used to generate configure is at least 1.1
configure:2511: result: yes, 1.1.5
configure:2523: checking build system type
configure:2541: result: arm-apple-darwin10.4.0
configure:2563: checking host system type
configure:2578: result: arm-apple-darwin10.4.0
configure:2694: checking for style of include used by make
configure:2722: result: GNU
configure:2792: checking for gcc
configure:2819: result: /usr/bin/gcc
configure:3057: checking for C compiler version
configure:3064: /usr/bin/gcc --version >&5
gcc (GCC) 4.2.1 (Based on Apple Inc. build 5555)
Copyright (C) 2007 Free Software Foundation, Inc.
This is free software; see the source for copying conditions.  There is NO
warranty; not even for MERCHANTABILITY or FITNESS FOR A PARTICULAR PURPOSE.

configure:3067: $? = 0
configure:3074: /usr/bin/gcc -v >&5
Using built-in specs.
Target: arm-apple-darwin9
Configured with: ../llvm-gcc-4.2/configure --build=x86_64-unknown-linux-gnu --host=arm-apple-darwin9 --enable-static=no --enable-shared=yes --prefix=/usr --localstatedir=/var/cache/iphone-gcc --enable-languages=c,c++,objc,obj-c++ --enable-wchar_t=no --with-gxx-include-dir=/usr/include/c++/4.0.0
Thread model: posix
gcc version 4.2.1 (Based on Apple Inc. build 5555)
configure:3077: $? = 0
configure:3084: /usr/bin/gcc -V >&5
gcc: '-V' option must have argument
configure:3087: $? = 1
configure:3110: checking for C compiler default output file name
configure:3137: /usr/bin/gcc    conftest.c  >&5
configure:3140: $? = 0
configure:3178: result: a.out
configure:3195: checking whether the C compiler works
configure:3205: ./a.out
configure:3208: $? = 0
configure:3225: result: yes
configure:3232: checking whether we are cross compiling
configure:3234: result: no
configure:3237: checking for suffix of executables
configure:3244: /usr/bin/gcc -o conftest    conftest.c  >&5
configure:3247: $? = 0
configure:3271: result: 
configure:3277: checking for suffix of object files
configure:3303: /usr/bin/gcc -c   conftest.c >&5
configure:3306: $? = 0
configure:3329: result: o
configure:3333: checking whether we are using the GNU C compiler
configure:3362: /usr/bin/gcc -c   conftest.c >&5
configure:3368: $? = 0
configure:3385: result: yes
configure:3390: checking whether /usr/bin/gcc accepts -g
configure:3420: /usr/bin/gcc -c -g  conftest.c >&5
configure:3426: $? = 0
configure:3525: result: yes
configure:3542: checking for /usr/bin/gcc option to accept ISO C89
configure:3616: /usr/bin/gcc  -c -g -O2  conftest.c >&5
configure:3622: $? = 0
configure:3645: result: none needed
configure:3665: checking dependency style of /usr/bin/gcc
configure:3756: result: gcc3
configure:3771: checking for a sed that does not truncate output
configure:3825: result: /bin/sed
configure:3828: checking for grep that handles long lines and -e
configure:3902: result: /bin/grep
configure:3907: checking for egrep
configure:3985: result: /bin/grep -E
configure:4001: checking for ld used by /usr/bin/gcc
configure:4068: result: /usr/bin/ld
configure:4077: checking if the linker (/usr/bin/ld) is GNU ld
configure:4092: result: no
configure:4097: checking for /usr/bin/ld option to reload object files
configure:4104: result: -r
configure:4122: checking for BSD-compatible nm
configure:4171: result: /usr/bin/nm -p
configure:4175: checking whether ln -s works
configure:4179: result: yes
configure:4186: checking how to recognise dependent libraries
configure:4362: result: pass_all
configure:4596: checking how to run the C preprocessor
configure:4636: /usr/bin/gcc -E  conftest.c
configure:4642: $? = 0
configure:4673: /usr/bin/gcc -E  conftest.c
conftest.c:10:28: error: ac_nonexistent.h: No such file or directory
configure:4679: $? = 1
configure: failed program was:
| /* confdefs.h.  */
| #define PACKAGE_NAME "libXext"
| #define PACKAGE_TARNAME "libXext"
| #define PACKAGE_VERSION "1.0.4"
| #define PACKAGE_STRING "libXext 1.0.4"
| #define PACKAGE_BUGREPORT "https://bugs.freedesktop.org/enter_bug.cgi?product=xorg"
| #define PACKAGE "libXext"
| #define VERSION "1.0.4"
| /* end confdefs.h.  */
| #include <ac_nonexistent.h>
configure:4712: result: /usr/bin/gcc -E
configure:4741: /usr/bin/gcc -E  conftest.c
configure:4747: $? = 0
configure:4778: /usr/bin/gcc -E  conftest.c
conftest.c:10:28: error: ac_nonexistent.h: No such file or directory
configure:4784: $? = 1
configure: failed program was:
| /* confdefs.h.  */
| #define PACKAGE_NAME "libXext"
| #define PACKAGE_TARNAME "libXext"
| #define PACKAGE_VERSION "1.0.4"
| #define PACKAGE_STRING "libXext 1.0.4"
| #define PACKAGE_BUGREPORT "https://bugs.freedesktop.org/enter_bug.cgi?product=xorg"
| #define PACKAGE "libXext"
| #define VERSION "1.0.4"
| /* end confdefs.h.  */
| #include <ac_nonexistent.h>
configure:4822: checking for ANSI C header files
configure:4852: /usr/bin/gcc -c -g -O2  conftest.c >&5
configure:4858: $? = 0
configure:4957: /usr/bin/gcc -o conftest -g -O2   conftest.c  >&5
configure:4960: $? = 0
configure:4966: ./conftest
configure:4969: $? = 0
configure:4986: result: yes
configure:5010: checking for sys/types.h
configure:5031: /usr/bin/gcc -c -g -O2  conftest.c >&5
configure:5037: $? = 0
configure:5053: result: yes
configure:5010: checking for sys/stat.h
configure:5031: /usr/bin/gcc -c -g -O2  conftest.c >&5
configure:5037: $? = 0
configure:5053: result: yes
configure:5010: checking for stdlib.h
configure:5031: /usr/bin/gcc -c -g -O2  conftest.c >&5
configure:5037: $? = 0
configure:5053: result: yes
configure:5010: checking for string.h
configure:5031: /usr/bin/gcc -c -g -O2  conftest.c >&5
configure:5037: $? = 0
configure:5053: result: yes
configure:5010: checking for memory.h
configure:5031: /usr/bin/gcc -c -g -O2  conftest.c >&5
configure:5037: $? = 0
configure:5053: result: yes
configure:5010: checking for strings.h
configure:5031: /usr/bin/gcc -c -g -O2  conftest.c >&5
configure:5037: $? = 0
configure:5053: result: yes
configure:5010: checking for inttypes.h
configure:5031: /usr/bin/gcc -c -g -O2  conftest.c >&5
configure:5037: $? = 0
configure:5053: result: yes
configure:5010: checking for stdint.h
configure:5031: /usr/bin/gcc -c -g -O2  conftest.c >&5
configure:5037: $? = 0
configure:5053: result: yes
configure:5010: checking for unistd.h
configure:5031: /usr/bin/gcc -c -g -O2  conftest.c >&5
configure:5037: $? = 0
configure:5053: result: yes
configure:5080: checking dlfcn.h usability
configure:5097: /usr/bin/gcc -c -g -O2  conftest.c >&5
configure:5103: $? = 0
configure:5117: result: yes
configure:5121: checking dlfcn.h presence
configure:5136: /usr/bin/gcc -E  conftest.c
configure:5142: $? = 0
configure:5156: result: yes
configure:5189: checking for dlfcn.h
configure:5197: result: yes
configure:5268: checking for g++
configure:5284: found /usr/bin/g++
configure:5295: result: g++
configure:5326: checking for C++ compiler version
configure:5333: g++ --version >&5
g++ (GCC) 4.2.1 (Based on Apple Inc. build 5555)
Copyright (C) 2007 Free Software Foundation, Inc.
This is free software; see the source for copying conditions.  There is NO
warranty; not even for MERCHANTABILITY or FITNESS FOR A PARTICULAR PURPOSE.

configure:5336: $? = 0
configure:5343: g++ -v >&5
Using built-in specs.
Target: arm-apple-darwin9
Configured with: ../llvm-gcc-4.2/configure --build=x86_64-unknown-linux-gnu --host=arm-apple-darwin9 --enable-static=no --enable-shared=yes --prefix=/usr --localstatedir=/var/cache/iphone-gcc --enable-languages=c,c++,objc,obj-c++ --enable-wchar_t=no --with-gxx-include-dir=/usr/include/c++/4.0.0
Thread model: posix
gcc version 4.2.1 (Based on Apple Inc. build 5555)
configure:5346: $? = 0
configure:5353: g++ -V >&5
g++: '-V' option must have argument
configure:5356: $? = 1
configure:5359: checking whether we are using the GNU C++ compiler
configure:5388: g++ -c   conftest.cpp >&5
configure:5394: $? = 0
configure:5411: result: yes
configure:5416: checking whether g++ accepts -g
configure:5446: g++ -c -g  conftest.cpp >&5
configure:5452: $? = 0
configure:5551: result: yes
configure:5576: checking dependency style of g++
configure:5667: result: gcc3
configure:5692: checking how to run the C++ preprocessor
configure:5728: g++ -E  conftest.cpp
configure:5734: $? = 0
configure:5765: g++ -E  conftest.cpp
conftest.cpp:21:28: error: ac_nonexistent.h: No such file or directory
configure:5771: $? = 1
configure: failed program was:
| /* confdefs.h.  */
| #define PACKAGE_NAME "libXext"
| #define PACKAGE_TARNAME "libXext"
| #define PACKAGE_VERSION "1.0.4"
| #define PACKAGE_STRING "libXext 1.0.4"
| #define PACKAGE_BUGREPORT "https://bugs.freedesktop.org/enter_bug.cgi?product=xorg"
| #define PACKAGE "libXext"
| #define VERSION "1.0.4"
| #define STDC_HEADERS 1
| #define HAVE_SYS_TYPES_H 1
| #define HAVE_SYS_STAT_H 1
| #define HAVE_STDLIB_H 1
| #define HAVE_STRING_H 1
| #define HAVE_MEMORY_H 1
| #define HAVE_STRINGS_H 1
| #define HAVE_INTTYPES_H 1
| #define HAVE_STDINT_H 1
| #define HAVE_UNISTD_H 1
| #define HAVE_DLFCN_H 1
| /* end confdefs.h.  */
| #include <ac_nonexistent.h>
configure:5804: result: g++ -E
configure:5833: g++ -E  conftest.cpp
configure:5839: $? = 0
configure:5870: g++ -E  conftest.cpp
conftest.cpp:21:28: error: ac_nonexistent.h: No such file or directory
configure:5876: $? = 1
configure: failed program was:
| /* confdefs.h.  */
| #define PACKAGE_NAME "libXext"
| #define PACKAGE_TARNAME "libXext"
| #define PACKAGE_VERSION "1.0.4"
| #define PACKAGE_STRING "libXext 1.0.4"
| #define PACKAGE_BUGREPORT "https://bugs.freedesktop.org/enter_bug.cgi?product=xorg"
| #define PACKAGE "libXext"
| #define VERSION "1.0.4"
| #define STDC_HEADERS 1
| #define HAVE_SYS_TYPES_H 1
| #define HAVE_SYS_STAT_H 1
| #define HAVE_STDLIB_H 1
| #define HAVE_STRING_H 1
| #define HAVE_MEMORY_H 1
| #define HAVE_STRINGS_H 1
| #define HAVE_INTTYPES_H 1
| #define HAVE_STDINT_H 1
| #define HAVE_UNISTD_H 1
| #define HAVE_DLFCN_H 1
| /* end confdefs.h.  */
| #include <ac_nonexistent.h>
configure:5969: checking for g77
configure:5999: result: no
configure:5969: checking for xlf
configure:5999: result: no
configure:5969: checking for f77
configure:5999: result: no
configure:5969: checking for frt
configure:5999: result: no
configure:5969: checking for pgf77
configure:5999: result: no
configure:5969: checking for cf77
configure:5999: result: no
configure:5969: checking for fort77
configure:5999: result: no
configure:5969: checking for fl32
configure:5999: result: no
configure:5969: checking for af77
configure:5999: result: no
configure:5969: checking for xlf90
configure:5999: result: no
configure:5969: checking for f90
configure:5999: result: no
configure:5969: checking for pgf90
configure:5999: result: no
configure:5969: checking for pghpf
configure:5999: result: no
configure:5969: checking for epcf90
configure:5999: result: no
configure:5969: checking for gfortran
configure:5999: result: no
configure:5969: checking for g95
configure:5999: result: no
configure:5969: checking for xlf95
configure:5999: result: no
configure:5969: checking for f95
configure:5999: result: no
configure:5969: checking for fort
configure:5999: result: no
configure:5969: checking for ifort
configure:5999: result: no
configure:5969: checking for ifc
configure:5999: result: no
configure:5969: checking for efc
configure:5999: result: no
configure:5969: checking for pgf95
configure:5999: result: no
configure:5969: checking for lf95
configure:5999: result: no
configure:5969: checking for ftn
configure:5999: result: no
configure:6026: checking for Fortran 77 compiler version
configure:6033:  --version >&5
./configure: line 6034: --version: command not found
configure:6036: $? = 127
configure:6043:  -v >&5
./configure: line 6044: -v: command not found
configure:6046: $? = 127
configure:6053:  -V >&5
./configure: line 6054: -V: command not found
configure:6056: $? = 127
configure:6064: checking whether we are using the GNU Fortran 77 compiler
configure:6083:  -c  conftest.F >&5
./configure: line 6084: -c: command not found
configure:6089: $? = 127
configure: failed program was:
|       program main
| #ifndef __GNUC__
|        choke me
| #endif
| 
|       end
configure:6106: result: no
configure:6112: checking whether  accepts -g
configure:6129:  -c -g conftest.f >&5
./configure: line 6130: -c: command not found
configure:6135: $? = 127
configure: failed program was:
|       program main
| 
|       end
configure:6151: result: no
configure:6181: checking the maximum length of command line arguments
configure:6290: result: 196608
configure:6301: checking command to parse /usr/bin/nm -p output from /usr/bin/gcc object
configure:6406: /usr/bin/gcc -c -g -O2  conftest.c >&5
configure:6409: $? = 0
configure:6413: /usr/bin/nm -p conftest.o \| sed -n -e 's/^.*[ 	]\([BCDEGRST][BCDEGRST]*\)[ 	][ 	]*\([_A-Za-z][_A-Za-z0-9]*\)$/\1 \2 \2/p' \> conftest.nm
configure:6416: $? = 0
cannot find nm_test_var in conftest.nm
configure:6406: /usr/bin/gcc -c -g -O2  conftest.c >&5
configure:6409: $? = 0
configure:6413: /usr/bin/nm -p conftest.o \| sed -n -e 's/^.*[ 	]\([BCDEGRST][BCDEGRST]*\)[ 	][ 	]*_\([_A-Za-z][_A-Za-z0-9]*\)$/\1 _\2 \2/p' \> conftest.nm
configure:6416: $? = 0
configure:6468: /usr/bin/gcc -o conftest -g -O2   conftest.c conftstm.o >&5
configure:6471: $? = 0
configure:6509: result: ok
configure:6513: checking for objdir
configure:6528: result: .libs
configure:6620: checking for ar
configure:6636: found /usr/bin/ar
configure:6647: result: ar
configure:6716: checking for ranlib
configure:6732: found /usr/bin/ranlib
configure:6743: result: ranlib
configure:6812: checking for strip
configure:6828: found /usr/bin/strip
configure:6839: result: strip
configure:7125: checking if /usr/bin/gcc supports -fno-rtti -fno-exceptions
configure:7143: /usr/bin/gcc -c -g -O2  -fno-rtti -fno-exceptions conftest.c >&5
cc1: warning: command line option "-fno-rtti" is valid for C++/ObjC++ but not for C
configure:7147: $? = 0
configure:7160: result: no
configure:7175: checking for /usr/bin/gcc option to produce PIC
configure:7385: result: -fno-common
configure:7393: checking if /usr/bin/gcc PIC flag -fno-common works
configure:7411: /usr/bin/gcc -c -g -O2  -fno-common -DPIC conftest.c >&5
configure:7415: $? = 0
configure:7428: result: yes
configure:7456: checking if /usr/bin/gcc static flag -static works
configure:7484: result: no
configure:7494: checking if /usr/bin/gcc supports -c -o file.o
configure:7515: /usr/bin/gcc -c -g -O2  -o out/conftest2.o conftest.c >&5
configure:7519: $? = 0
configure:7541: result: yes
configure:7567: checking whether the /usr/bin/gcc linker (/usr/bin/ld) supports shared libraries
configure:8521: result: yes
configure:8588: checking dynamic linker characteristics
configure:9176: result: darwin10.4.0 dyld
configure:9185: checking how to hardcode library paths into programs
configure:9210: result: immediate
configure:9224: checking whether stripping libraries is possible
configure:9237: result: yes
configure:10030: checking if libtool supports shared libraries
configure:10032: result: yes
configure:10035: checking whether to build shared libraries
configure:10056: result: yes
configure:10059: checking whether to build static libraries
configure:10063: result: yes
configure:10155: creating libtool
configure:10743: checking for ld used by g++
configure:10810: result: /usr/bin/ld
configure:10819: checking if the linker (/usr/bin/ld) is GNU ld
configure:10834: result: no
configure:10885: checking whether the g++ linker (/usr/bin/ld) supports shared libraries
configure:11819: result: yes
configure:11837: g++ -c -g -O2  conftest.cpp >&5
configure:11840: $? = 0
configure:11959: checking for g++ option to produce PIC
configure:12233: result: -fno-common
configure:12241: checking if g++ PIC flag -fno-common works
configure:12259: g++ -c -g -O2  -fno-common -DPIC conftest.cpp >&5
configure:12263: $? = 0
configure:12276: result: yes
configure:12304: checking if g++ static flag -static works
configure:12332: result: no
configure:12342: checking if g++ supports -c -o file.o
configure:12363: g++ -c -g -O2  -o out/conftest2.o conftest.cpp >&5
configure:12367: $? = 0
configure:12389: result: yes
configure:12415: checking whether the g++ linker (/usr/bin/ld) supports shared libraries
configure:12440: result: yes
configure:12507: checking dynamic linker characteristics
configure:13095: result: darwin10.4.0 dyld
configure:13104: checking how to hardcode library paths into programs
configure:13129: result: immediate
configure:19317: checking for gcc
configure:19344: result: /usr/bin/gcc
configure:19582: checking for C compiler version
configure:19589: /usr/bin/gcc --version >&5
gcc (GCC) 4.2.1 (Based on Apple Inc. build 5555)
Copyright (C) 2007 Free Software Foundation, Inc.
This is free software; see the source for copying conditions.  There is NO
warranty; not even for MERCHANTABILITY or FITNESS FOR A PARTICULAR PURPOSE.

configure:19592: $? = 0
configure:19599: /usr/bin/gcc -v >&5
Using built-in specs.
Target: arm-apple-darwin9
Configured with: ../llvm-gcc-4.2/configure --build=x86_64-unknown-linux-gnu --host=arm-apple-darwin9 --enable-static=no --enable-shared=yes --prefix=/usr --localstatedir=/var/cache/iphone-gcc --enable-languages=c,c++,objc,obj-c++ --enable-wchar_t=no --with-gxx-include-dir=/usr/include/c++/4.0.0
Thread model: posix
gcc version 4.2.1 (Based on Apple Inc. build 5555)
configure:19602: $? = 0
configure:19609: /usr/bin/gcc -V >&5
gcc: '-V' option must have argument
configure:19612: $? = 1
configure:19615: checking whether we are using the GNU C compiler
configure:19667: result: yes
configure:19672: checking whether /usr/bin/gcc accepts -g
configure:19807: result: yes
configure:19824: checking for /usr/bin/gcc option to accept ISO C89
configure:19927: result: none needed
configure:19947: checking dependency style of /usr/bin/gcc
configure:20038: result: gcc3
configure:20104: checking for pkg-config
configure:20122: found /usr/bin/pkg-config
configure:20134: result: /usr/bin/pkg-config
configure:20163: checking pkg-config is at least version 0.9.0
configure:20166: result: yes
configure:20177: checking for XEXT
configure:20182: $PKG_CONFIG --exists --print-errors "xproto x11 xextproto xau"
configure:20185: $? = 0
configure:20196: $PKG_CONFIG --exists --print-errors "xproto x11 xextproto xau"
configure:20199: $? = 0
configure:20254: result: yes
configure:20264: checking for ANSI C header files
configure:20428: result: yes
configure:20448: checking whether malloc(0) returns NULL
configure:20478: /usr/bin/gcc -o conftest -g -O2   conftest.c  >&5
conftest.c:2: warning: conflicting types for built-in function 'malloc'
conftest.c:4: warning: conflicting types for built-in function 'calloc'
conftest.c: In function 'main':
conftest.c:11: warning: incompatible implicit declaration of built-in function 'exit'
configure:20481: $? = 0
configure:20487: ./conftest
configure:20490: $? = 1
configure: program exited with status 1
configure: failed program was:
| 
| char *malloc();
| char *realloc();
| char *calloc();
| main() {
|     char *m0, *r0, *c0, *p;
|     m0 = malloc(0);
|     p = malloc(10);
|     r0 = realloc(p,0);
|     c0 = calloc(0);
|     exit(m0 == 0 || r0 == 0 || c0 == 0 ? 0 : 1);
| }
configure:20506: result: no
configure:20570: checking for cpp
configure:20589: found /usr/bin/cpp
configure:20601: result: /usr/bin/cpp
configure:20617: checking if /usr/bin/cpp requires -undef
configure:20623: result: no
configure:20638: checking if /usr/bin/cpp requires -traditional
configure:20649: result: yes
configure:20958: creating ./config.status

## ---------------------- ##
## Running config.status. ##
## ---------------------- ##

This file was extended by libXext config.status 1.0.4, which was
generated by GNU Autoconf 2.61.  Invocation command line was

  CONFIG_FILES    = 
  CONFIG_HEADERS  = 
  CONFIG_LINKS    = 
  CONFIG_COMMANDS = 
  $ ./config.status 

on Chriss-iPad

config.status:695: creating Makefile
config.status:695: creating man/Makefile
config.status:695: creating src/Makefile
config.status:695: creating xext.pc
config.status:695: creating config.h
config.status:926: config.h is unchanged
config.status:972: executing depfiles commands

## ---------------- ##
## Cache variables. ##
## ---------------- ##

ac_cv_build=arm-apple-darwin10.4.0
ac_cv_c_compiler_gnu=yes
ac_cv_cxx_compiler_gnu=yes
ac_cv_env_CCC_set=
ac_cv_env_CCC_value=
ac_cv_env_CC_set=set
ac_cv_env_CC_value=/usr/bin/gcc
ac_cv_env_CFLAGS_set=
ac_cv_env_CFLAGS_value=
ac_cv_env_CPPFLAGS_set=
ac_cv_env_CPPFLAGS_value=
ac_cv_env_CPP_set=
ac_cv_env_CPP_value=
ac_cv_env_CXXCPP_set=
ac_cv_env_CXXCPP_value=
ac_cv_env_CXXFLAGS_set=
ac_cv_env_CXXFLAGS_value=
ac_cv_env_CXX_set=
ac_cv_env_CXX_value=
ac_cv_env_F77_set=
ac_cv_env_F77_value=
ac_cv_env_FFLAGS_set=
ac_cv_env_FFLAGS_value=
ac_cv_env_LDFLAGS_set=
ac_cv_env_LDFLAGS_value=
ac_cv_env_LIBS_set=
ac_cv_env_LIBS_value=
ac_cv_env_PKG_CONFIG_set=
ac_cv_env_PKG_CONFIG_value=
ac_cv_env_XEXT_CFLAGS_set=
ac_cv_env_XEXT_CFLAGS_value=
ac_cv_env_XEXT_LIBS_set=
ac_cv_env_XEXT_LIBS_value=
ac_cv_env_build_alias_set=
ac_cv_env_build_alias_value=
ac_cv_env_host_alias_set=
ac_cv_env_host_alias_value=
ac_cv_env_target_alias_set=
ac_cv_env_target_alias_value=
ac_cv_f77_compiler_gnu=no
ac_cv_header_dlfcn_h=yes
ac_cv_header_inttypes_h=yes
ac_cv_header_memory_h=yes
ac_cv_header_stdc=yes
ac_cv_header_stdint_h=yes
ac_cv_header_stdlib_h=yes
ac_cv_header_string_h=yes
ac_cv_header_strings_h=yes
ac_cv_header_sys_stat_h=yes
ac_cv_header_sys_types_h=yes
ac_cv_header_unistd_h=yes
ac_cv_host=arm-apple-darwin10.4.0
ac_cv_objext=o
ac_cv_path_EGREP='/bin/grep -E'
ac_cv_path_GREP=/bin/grep
ac_cv_path_RAWCPP=/usr/bin/cpp
ac_cv_path_ac_pt_PKG_CONFIG=/usr/bin/pkg-config
ac_cv_path_install='/usr/bin/install -c'
ac_cv_path_mkdir=/bin/mkdir
ac_cv_prog_AWK=gawk
ac_cv_prog_CPP='/usr/bin/gcc -E'
ac_cv_prog_CXXCPP='g++ -E'
ac_cv_prog_ac_ct_AR=ar
ac_cv_prog_ac_ct_CC=/usr/bin/gcc
ac_cv_prog_ac_ct_CXX=g++
ac_cv_prog_ac_ct_RANLIB=ranlib
ac_cv_prog_ac_ct_STRIP=strip
ac_cv_prog_cc_c89=
ac_cv_prog_cc_g=yes
ac_cv_prog_cxx_g=yes
ac_cv_prog_f77_g=no
ac_cv_prog_make_make_set=yes
am_cv_CC_dependencies_compiler_type=gcc3
am_cv_CXX_dependencies_compiler_type=gcc3
lt_cv_deplibs_check_method=pass_all
lt_cv_file_magic_cmd='$MAGIC_CMD'
lt_cv_file_magic_test_file=
lt_cv_ld_reload_flag=-r
lt_cv_objdir=.libs
lt_cv_path_LD=/usr/bin/ld
lt_cv_path_LDCXX=/usr/bin/ld
lt_cv_path_NM='/usr/bin/nm -p'
lt_cv_path_SED=/bin/sed
lt_cv_prog_compiler_c_o=yes
lt_cv_prog_compiler_c_o_CXX=yes
lt_cv_prog_compiler_rtti_exceptions=no
lt_cv_prog_gnu_ld=no
lt_cv_prog_gnu_ldcxx=no
lt_cv_sys_global_symbol_pipe='sed -n -e '\''s/^.*[ 	]\([BCDEGRST][BCDEGRST]*\)[ 	][ 	]*_\([_A-Za-z][_A-Za-z0-9]*\)$/\1 _\2 \2/p'\'''
lt_cv_sys_global_symbol_to_c_name_address='sed -n -e '\''s/^: \([^ ]*\) $/  {\"\1\", (lt_ptr) 0},/p'\'' -e '\''s/^[BCDEGRST] \([^ ]*\) \([^ ]*\)$/  {"\2", (lt_ptr) \&\2},/p'\'''
lt_cv_sys_global_symbol_to_cdecl='sed -n -e '\''s/^. .* \(.*\)$/extern int \1;/p'\'''
lt_cv_sys_max_cmd_len=196608
lt_lt_cv_prog_compiler_c_o='"yes"'
lt_lt_cv_prog_compiler_c_o_CXX='"yes"'
lt_lt_cv_sys_global_symbol_pipe='"sed -n -e '\''s/^.*[ 	]\\([BCDEGRST][BCDEGRST]*\\)[ 	][ 	]*_\\([_A-Za-z][_A-Za-z0-9]*\\)\$/\\1 _\\2 \\2/p'\''"'
lt_lt_cv_sys_global_symbol_to_c_name_address='"sed -n -e '\''s/^: \\([^ ]*\\) \$/  {\\\"\\1\\\", (lt_ptr) 0},/p'\'' -e '\''s/^[BCDEGRST] \\([^ ]*\\) \\([^ ]*\\)\$/  {\"\\2\", (lt_ptr) \\&\\2},/p'\''"'
lt_lt_cv_sys_global_symbol_to_cdecl='"sed -n -e '\''s/^. .* \\(.*\\)\$/extern int \\1;/p'\''"'
pkg_cv_XEXT_CFLAGS=' '
pkg_cv_XEXT_LIBS='-L/usr/local/lib -lX11 -lXau  '

## ----------------- ##
## Output variables. ##
## ----------------- ##

ACLOCAL='${SHELL} /home/chris/xorg/installed/libXext-1.0.4/missing --run aclocal-1.10'
ADMIN_MAN_DIR='$(mandir)/man$(ADMIN_MAN_SUFFIX)'
ADMIN_MAN_SUFFIX='8'
AMDEPBACKSLASH='\'
AMDEP_FALSE='#'
AMDEP_TRUE=''
AMTAR='${SHELL} /home/chris/xorg/installed/libXext-1.0.4/missing --run tar'
APP_MAN_DIR='$(mandir)/man$(APP_MAN_SUFFIX)'
APP_MAN_SUFFIX='1'
AR='ar'
AUTOCONF='${SHELL} /home/chris/xorg/installed/libXext-1.0.4/missing --run autoconf'
AUTOHEADER='${SHELL} /home/chris/xorg/installed/libXext-1.0.4/missing --run autoheader'
AUTOMAKE='${SHELL} /home/chris/xorg/installed/libXext-1.0.4/missing --run automake-1.10'
AWK='gawk'
CC='/usr/bin/gcc'
CCDEPMODE='depmode=gcc3'
CFLAGS='-g -O2'
CPP='/usr/bin/gcc -E'
CPPFLAGS=''
CXX='g++'
CXXCPP='g++ -E'
CXXDEPMODE='depmode=gcc3'
CXXFLAGS='-g -O2'
CYGPATH_W='echo'
DEFS='-DHAVE_CONFIG_H'
DEPDIR='.deps'
DRIVER_MAN_DIR='$(mandir)/man$(DRIVER_MAN_SUFFIX)'
DRIVER_MAN_SUFFIX='4'
ECHO='echo'
ECHO_C=''
ECHO_N='-n'
ECHO_T=''
EGREP='/bin/grep -E'
EXEEXT=''
F77=''
FFLAGS=''
FILE_MAN_DIR='$(mandir)/man$(FILE_MAN_SUFFIX)'
FILE_MAN_SUFFIX='5'
GREP='/bin/grep'
INSTALL_DATA='${INSTALL} -m 644'
INSTALL_PROGRAM='${INSTALL}'
INSTALL_SCRIPT='${INSTALL}'
INSTALL_STRIP_PROGRAM='$(install_sh) -c -s'
LDFLAGS=''
LIBOBJS=''
LIBS=''
LIBTOOL='$(SHELL) $(top_builddir)/libtool'
LIB_MAN_DIR='$(mandir)/man$(LIB_MAN_SUFFIX)'
LIB_MAN_SUFFIX='3'
LINT='no'
LINTLIB=''
LINT_FALSE=''
LINT_FLAGS='  '
LINT_TRUE='#'
LN_S='ln -s'
LTLIBOBJS=''
MAINT='#'
MAINTAINER_MODE_FALSE=''
MAINTAINER_MODE_TRUE='#'
MAKEINFO='${SHELL} /home/chris/xorg/installed/libXext-1.0.4/missing --run makeinfo'
MAKE_LINT_LIB_FALSE=''
MAKE_LINT_LIB_TRUE='#'
MALLOC_ZERO_CFLAGS=''
MISC_MAN_DIR='$(mandir)/man$(MISC_MAN_SUFFIX)'
MISC_MAN_SUFFIX='7'
OBJEXT='o'
PACKAGE='libXext'
PACKAGE_BUGREPORT='https://bugs.freedesktop.org/enter_bug.cgi?product=xorg'
PACKAGE_NAME='libXext'
PACKAGE_STRING='libXext 1.0.4'
PACKAGE_TARNAME='libXext'
PACKAGE_VERSION='1.0.4'
PATH_SEPARATOR=':'
PKG_CONFIG='/usr/bin/pkg-config'
RANLIB='ranlib'
RAWCPP='/usr/bin/cpp'
RAWCPPFLAGS=' -traditional'
SET_MAKE=''
SHELL='/bin/sh'
STRIP='strip'
VERSION='1.0.4'
XEXT_CFLAGS=' '
XEXT_LIBS='-L/usr/local/lib -lX11 -lXau  '
XEXT_SOREV='6:4:0'
XMALLOC_ZERO_CFLAGS=''
XTMALLOC_ZERO_CFLAGS=''
ac_ct_CC='/usr/bin/gcc'
ac_ct_CXX='g++'
ac_ct_F77=''
am__fastdepCC_FALSE='#'
am__fastdepCC_TRUE=''
am__fastdepCXX_FALSE='#'
am__fastdepCXX_TRUE=''
am__include='include'
am__isrc=''
am__leading_dot='.'
am__quote=''
am__tar='${AMTAR} chof - "$$tardir"'
am__untar='${AMTAR} xf -'
bindir='${exec_prefix}/bin'
build='arm-apple-darwin10.4.0'
build_alias=''
build_cpu='arm'
build_os='darwin10.4.0'
build_vendor='apple'
datadir='${datarootdir}'
datarootdir='${prefix}/share'
docdir='${datarootdir}/doc/${PACKAGE_TARNAME}'
dvidir='${docdir}'
exec_prefix='${prefix}'
host='arm-apple-darwin10.4.0'
host_alias=''
host_cpu='arm'
host_os='darwin10.4.0'
host_vendor='apple'
htmldir='${docdir}'
includedir='${prefix}/include'
infodir='${datarootdir}/info'
install_sh='$(SHELL) /home/chris/xorg/installed/libXext-1.0.4/install-sh'
libdir='${exec_prefix}/lib'
libexecdir='${exec_prefix}/libexec'
localedir='${datarootdir}/locale'
localstatedir='${prefix}/var'
mandir='${datarootdir}/man'
mkdir_p='/bin/mkdir -p'
oldincludedir='/usr/include'
pdfdir='${docdir}'
prefix='/usr/local'
program_transform_name='s,x,x,'
psdir='${docdir}'
sbindir='${exec_prefix}/sbin'
sharedstatedir='${prefix}/com'
sysconfdir='${prefix}/etc'
target_alias=''

## ----------- ##
## confdefs.h. ##
## ----------- ##

#define PACKAGE_NAME "libXext"
#define PACKAGE_TARNAME "libXext"
#define PACKAGE_VERSION "1.0.4"
#define PACKAGE_STRING "libXext 1.0.4"
#define PACKAGE_BUGREPORT "https://bugs.freedesktop.org/enter_bug.cgi?product=xorg"
#define PACKAGE "libXext"
#define VERSION "1.0.4"
#define STDC_HEADERS 1
#define HAVE_SYS_TYPES_H 1
#define HAVE_SYS_STAT_H 1
#define HAVE_STDLIB_H 1
#define HAVE_STRING_H 1
#define HAVE_MEMORY_H 1
#define HAVE_STRINGS_H 1
#define HAVE_INTTYPES_H 1
#define HAVE_STDINT_H 1
#define HAVE_UNISTD_H 1
#define HAVE_DLFCN_H 1
#define STDC_HEADERS 1
#define PACKAGE_VERSION_MAJOR 1
#define PACKAGE_VERSION_MINOR 0
#define PACKAGE_VERSION_PATCHLEVEL 4

configure: exit 0
