This file contains any messages produced by compilers while
running configure, to aid debugging if configure makes a mistake.

It was created by icon-naming-utils configure 0.8.2, which was
generated by GNU Autoconf 2.60.  Invocation command line was

  $ ./configure 

## --------- ##
## Platform. ##
## --------- ##

hostname = Chriss-iPad
uname -m = iPad1,1
uname -r = 11.0.0
uname -s = Darwin
uname -v = Darwin Kernel Version 11.0.0: Sun Apr  8 21:51:26 PDT 2012; root:xnu-1878.11.10~1/RELEASE_ARM_S5L8930X

/usr/bin/uname -p = unknown
/bin/uname -X     = unknown

/bin/arch              = unknown
/usr/bin/arch -k       = unknown
/usr/convex/getsysinfo = unknown
/usr/bin/hostinfo      = Mach kernel version:
	 Darwin Kernel Version 11.0.0: Sun Apr  8 21:51:26 PDT 2012; root:xnu-1878.11.10~1/RELEASE_ARM_S5L8930X
Kernel configured for a single processor only.
1 processor is physically available.
1 processor is logically available.
Processor type: armv7 (arm v7)
Processor active: 0
Primary memory available: 246.98 megabytes
Default processor set: 36 tasks, 270 threads, 1 processors
Load average: 2.84, Mach factor: 0.28
/bin/machine           = unknown
/usr/bin/oslevel       = unknown
/bin/universe          = unknown

PATH: /usr/local/sbin
PATH: /usr/local/bin
PATH: /usr/sbin
PATH: /usr/bin
PATH: /sbin
PATH: /bin
PATH: /usr/bin/X11
PATH: /usr/games
PATH: /usr/local/Gambit-C/bin


## ----------- ##
## Core tests. ##
## ----------- ##

configure:1690: checking for a BSD-compatible install
configure:1746: result: /usr/bin/install -c
configure:1757: checking whether build environment is sane
configure:1800: result: yes
configure:1865: checking for gawk
configure:1881: found /usr/bin/gawk
configure:1892: result: gawk
configure:1903: checking whether make sets $(MAKE)
configure:1924: result: yes
configure:2109: checking whether to enable maintainer-specific portions of Makefiles
configure:2118: result: no
configure:2136: checking for perl
configure:2154: found /usr/local/bin/perl
configure:2166: result: /usr/local/bin/perl
configure:2184: checking for XML::Simple
configure:2187: result: ok
configure:2335: creating ./config.status

## ---------------------- ##
## Running config.status. ##
## ---------------------- ##

This file was extended by icon-naming-utils config.status 0.8.2, which was
generated by GNU Autoconf 2.60.  Invocation command line was

  CONFIG_FILES    = 
  CONFIG_HEADERS  = 
  CONFIG_LINKS    = 
  CONFIG_COMMANDS = 
  $ ./config.status 

on Chriss-iPad

config.status:578: creating Makefile
config.status:578: creating icon-naming-utils.pc

## ---------------- ##
## Cache variables. ##
## ---------------- ##

ac_cv_env_build_alias_set=
ac_cv_env_build_alias_value=
ac_cv_env_host_alias_set=
ac_cv_env_host_alias_value=
ac_cv_env_target_alias_set=
ac_cv_env_target_alias_value=
ac_cv_path_PERL=/usr/local/bin/perl
ac_cv_path_install='/usr/bin/install -c'
ac_cv_prog_AWK=gawk
ac_cv_prog_make_make_set=yes

## ----------------- ##
## Output variables. ##
## ----------------- ##

ACLOCAL='${SHELL} /home/chris/icon-naming-utils-0.8.2/missing --run aclocal-1.9'
AMTAR='${SHELL} /home/chris/icon-naming-utils-0.8.2/missing --run tar'
AUTOCONF='${SHELL} /home/chris/icon-naming-utils-0.8.2/missing --run autoconf'
AUTOHEADER='${SHELL} /home/chris/icon-naming-utils-0.8.2/missing --run autoheader'
AUTOMAKE='${SHELL} /home/chris/icon-naming-utils-0.8.2/missing --run automake-1.9'
AWK='gawk'
CYGPATH_W='echo'
DEFS='-DPACKAGE_NAME=\"icon-naming-utils\" -DPACKAGE_TARNAME=\"icon-naming-utils\" -DPACKAGE_VERSION=\"0.8.2\" -DPACKAGE_STRING=\"icon-naming-utils\ 0.8.2\" -DPACKAGE_BUGREPORT=\"\" -DPACKAGE=\"icon-naming-utils\" -DVERSION=\"0.8.2\"'
ECHO_C=''
ECHO_N='-n'
ECHO_T=''
INSTALL_DATA='${INSTALL} -m 644'
INSTALL_PROGRAM='${INSTALL}'
INSTALL_SCRIPT='${INSTALL}'
INSTALL_STRIP_PROGRAM='${SHELL} $(install_sh) -c -s'
LIBOBJS=''
LIBS=''
LTLIBOBJS=''
MAINT='#'
MAINTAINER_MODE_FALSE=''
MAINTAINER_MODE_TRUE='#'
MAKEINFO='${SHELL} /home/chris/icon-naming-utils-0.8.2/missing --run makeinfo'
PACKAGE='icon-naming-utils'
PACKAGE_BUGREPORT=''
PACKAGE_NAME='icon-naming-utils'
PACKAGE_STRING='icon-naming-utils 0.8.2'
PACKAGE_TARNAME='icon-naming-utils'
PACKAGE_VERSION='0.8.2'
PATH_SEPARATOR=':'
PERL='/usr/local/bin/perl'
SET_MAKE=''
SHELL='/bin/sh'
STRIP=''
VERSION='0.8.2'
am__leading_dot='.'
am__tar='${AMTAR} chof - "$$tardir"'
am__untar='${AMTAR} xf -'
bindir='${exec_prefix}/bin'
build_alias=''
datadir='${datarootdir}'
datarootdir='${prefix}/share'
docdir='${datarootdir}/doc/${PACKAGE_TARNAME}'
dvidir='${docdir}'
exec_prefix='${prefix}'
host_alias=''
htmldir='${docdir}'
includedir='${prefix}/include'
infodir='${datarootdir}/info'
install_sh='/home/chris/icon-naming-utils-0.8.2/install-sh'
libdir='${exec_prefix}/lib'
libexecdir='${exec_prefix}/libexec'
localedir='${datarootdir}/locale'
localstatedir='${prefix}/var'
mandir='${datarootdir}/man'
mkdir_p='mkdir -p --'
oldincludedir='/usr/include'
pdfdir='${docdir}'
prefix='/usr/local'
program_transform_name='s,x,x,'
psdir='${docdir}'
sbindir='${exec_prefix}/sbin'
sharedstatedir='${prefix}/com'
sysconfdir='${prefix}/etc'
target_alias=''

## ----------- ##
## confdefs.h. ##
## ----------- ##

#define PACKAGE_NAME "icon-naming-utils"
#define PACKAGE_TARNAME "icon-naming-utils"
#define PACKAGE_VERSION "0.8.2"
#define PACKAGE_STRING "icon-naming-utils 0.8.2"
#define PACKAGE_BUGREPORT ""
#define PACKAGE "icon-naming-utils"
#define VERSION "0.8.2"

configure: exit 0
