This file contains any messages produced by compilers while
running configure, to aid debugging if configure makes a mistake.

It was created by font-bh-lucidatypewriter-75dpi configure 1.0.0, which was
generated by GNU Autoconf 2.59.  Invocation command line was

  $ ./configure 

## --------- ##
## Platform. ##
## --------- ##

hostname = Chriss-iPad
uname -m = iPad1,1
uname -r = 10.4.0
uname -s = Darwin
uname -v = Darwin Kernel Version 10.4.0: Wed Oct 20 20:14:45 PDT 2010; root:xnu-1504.58.28~3/RELEASE_ARM_S5L8930X

/usr/bin/uname -p = unknown
/bin/uname -X     = unknown

/bin/arch              = unknown
/usr/bin/arch -k       = unknown
/usr/convex/getsysinfo = unknown
hostinfo               = Mach kernel version:
	 Darwin Kernel Version 10.4.0: Wed Oct 20 20:14:45 PDT 2010; root:xnu-1504.58.28~3/RELEASE_ARM_S5L8930X
Kernel configured for a single processor only.
1 processor is physically available.
1 processor is logically available.
Processor type: armv7 (arm v7)
Processor active: 0
Primary memory available: 247.00 megabytes
Default processor set: 38 tasks, 273 threads, 1 processors
Load average: 1.62, Mach factor: 0.53
/bin/machine           = unknown
/usr/bin/oslevel       = unknown
/bin/universe          = unknown

PATH: /usr/local/sbin
PATH: /usr/local/bin
PATH: /usr/sbin
PATH: /usr/bin
PATH: /sbin
PATH: /bin
PATH: /usr/bin/X11
PATH: /usr/games
PATH: /var/mobile/ocaml-3.12.0/bin


## ----------- ##
## Core tests. ##
## ----------- ##

configure:1318: checking for a BSD-compatible install
configure:1373: result: /usr/bin/install -c
configure:1384: checking whether build environment is sane
configure:1427: result: yes
configure:1460: checking for gawk
configure:1476: found /usr/bin/gawk
configure:1486: result: gawk
configure:1496: checking whether make sets $(MAKE)
configure:1516: result: yes
configure:1680: checking whether to enable maintainer-specific portions of Makefiles
configure:1689: result: no
configure:1718: checking for a BSD-compatible install
configure:1773: result: /usr/bin/install -c
configure:1787: checking for bdftopcf
configure:1805: found /usr/local/bin/bdftopcf
configure:1817: result: /usr/local/bin/bdftopcf
configure:1826: checking for ucs2any
configure:1844: found /usr/local/bin/ucs2any
configure:1856: result: /usr/local/bin/ucs2any
configure:1865: checking for mkfontscale
configure:1883: found /usr/local/bin/mkfontscale
configure:1895: result: /usr/local/bin/mkfontscale
configure:1904: checking for mkfontdir
configure:1922: found /usr/local/bin/mkfontdir
configure:1934: result: /usr/local/bin/mkfontdir
configure:2003: checking for pkg-config
configure:2021: found /usr/bin/pkg-config
configure:2033: result: /usr/bin/pkg-config
configure:2048: checking pkg-config is at least version 0.9.0
configure:2051: result: yes
configure:2062: checking for MAPS
configure:2070: $PKG_CONFIG --exists --print-errors "fontutil"
configure:2073: $? = 0
configure:2088: $PKG_CONFIG --exists --print-errors "fontutil"
configure:2091: $? = 0
configure:2167: result: yes
configure:2182: checking whether to build ISO8859-1 fonts
configure:2184: result: yes
configure:2205: checking whether to build ISO8859-2 fonts
configure:2207: result: yes
configure:2228: checking whether to build ISO8859-3 fonts
configure:2230: result: yes
configure:2251: checking whether to build ISO8859-4 fonts
configure:2253: result: yes
configure:2274: checking whether to build ISO8859-9 fonts
configure:2276: result: yes
configure:2297: checking whether to build ISO8859-10 fonts
configure:2299: result: yes
configure:2320: checking whether to build ISO8859-13 fonts
configure:2322: result: yes
configure:2343: checking whether to build ISO8859-14 fonts
configure:2345: result: yes
configure:2366: checking whether to build ISO8859-15 fonts
configure:2368: result: yes
configure:2596: creating ./config.status

## ---------------------- ##
## Running config.status. ##
## ---------------------- ##

This file was extended by font-bh-lucidatypewriter-75dpi config.status 1.0.0, which was
generated by GNU Autoconf 2.59.  Invocation command line was

  CONFIG_FILES    = 
  CONFIG_HEADERS  = 
  CONFIG_LINKS    = 
  CONFIG_COMMANDS = 
  $ ./config.status 

on Chriss-iPad

config.status:679: creating Makefile

## ---------------- ##
## Cache variables. ##
## ---------------- ##

ac_cv_env_MAPS_CFLAGS_set=
ac_cv_env_MAPS_CFLAGS_value=
ac_cv_env_MAPS_LIBS_set=
ac_cv_env_MAPS_LIBS_value=
ac_cv_env_PKG_CONFIG_set=
ac_cv_env_PKG_CONFIG_value=
ac_cv_env_build_alias_set=
ac_cv_env_build_alias_value=
ac_cv_env_host_alias_set=
ac_cv_env_host_alias_value=
ac_cv_env_target_alias_set=
ac_cv_env_target_alias_value=
ac_cv_path_BDFTOPCF=/usr/local/bin/bdftopcf
ac_cv_path_MKFONTDIR=/usr/local/bin/mkfontdir
ac_cv_path_MKFONTSCALE=/usr/local/bin/mkfontscale
ac_cv_path_UCS2ANY=/usr/local/bin/ucs2any
ac_cv_path_ac_pt_PKG_CONFIG=/usr/bin/pkg-config
ac_cv_path_install='/usr/bin/install -c'
ac_cv_prog_AWK=gawk
ac_cv_prog_make_make_set=yes
pkg_cv_MAPS_CFLAGS=' '
pkg_cv_MAPS_LIBS=' '

## ----------------- ##
## Output variables. ##
## ----------------- ##

ACLOCAL='${SHELL} /home/chris/xorg/font-bh-lucidatypewriter-75dpi-1.0.0/missing --run aclocal-1.7'
AMTAR='${SHELL} /home/chris/xorg/font-bh-lucidatypewriter-75dpi-1.0.0/missing --run tar'
AUTOCONF='${SHELL} /home/chris/xorg/font-bh-lucidatypewriter-75dpi-1.0.0/missing --run autoconf'
AUTOHEADER='${SHELL} /home/chris/xorg/font-bh-lucidatypewriter-75dpi-1.0.0/missing --run autoheader'
AUTOMAKE='${SHELL} /home/chris/xorg/font-bh-lucidatypewriter-75dpi-1.0.0/missing --run automake-1.7'
AWK='gawk'
BDFTOPCF='/usr/local/bin/bdftopcf'
CYGPATH_W='echo'
DEFS='-DPACKAGE_NAME=\"font-bh-lucidatypewriter-75dpi\" -DPACKAGE_TARNAME=\"font-bh-lucidatypewriter-75dpi\" -DPACKAGE_VERSION=\"1.0.0\" -DPACKAGE_STRING=\"font-bh-lucidatypewriter-75dpi\ 1.0.0\" -DPACKAGE_BUGREPORT=\"https://bugs.freedesktop.org/enter_bug.cgi\?product=xorg\" -DPACKAGE=\"font-bh-lucidatypewriter-75dpi\" -DVERSION=\"1.0.0\" '
ECHO_C=''
ECHO_N='-n'
ECHO_T=''
FONTDIR='${exec_prefix}/lib/X11/fonts/75dpi'
INSTALL_DATA='${INSTALL} -m 644'
INSTALL_PROGRAM='${INSTALL}'
INSTALL_SCRIPT='${INSTALL}'
INSTALL_STRIP_PROGRAM='${SHELL} $(install_sh) -c -s'
ISO8859_10_FALSE='#'
ISO8859_10_TRUE=''
ISO8859_13_FALSE='#'
ISO8859_13_TRUE=''
ISO8859_14_FALSE='#'
ISO8859_14_TRUE=''
ISO8859_15_FALSE='#'
ISO8859_15_TRUE=''
ISO8859_1_FALSE='#'
ISO8859_1_TRUE=''
ISO8859_2_FALSE='#'
ISO8859_2_TRUE=''
ISO8859_3_FALSE='#'
ISO8859_3_TRUE=''
ISO8859_4_FALSE='#'
ISO8859_4_TRUE=''
ISO8859_9_FALSE='#'
ISO8859_9_TRUE=''
LIBOBJS=''
LIBS=''
LTLIBOBJS=''
MAINT='#'
MAINTAINER_MODE_FALSE=''
MAINTAINER_MODE_TRUE='#'
MAKEINFO='${SHELL} /home/chris/xorg/font-bh-lucidatypewriter-75dpi-1.0.0/missing --run makeinfo'
MAPFILES_PATH='/usr/local/lib/X11/fonts/util'
MAPS_CFLAGS=' '
MAPS_LIBS=' '
MKFONTDIR='/usr/local/bin/mkfontdir'
MKFONTSCALE='/usr/local/bin/mkfontscale'
PACKAGE='font-bh-lucidatypewriter-75dpi'
PACKAGE_BUGREPORT='https://bugs.freedesktop.org/enter_bug.cgi?product=xorg'
PACKAGE_NAME='font-bh-lucidatypewriter-75dpi'
PACKAGE_STRING='font-bh-lucidatypewriter-75dpi 1.0.0'
PACKAGE_TARNAME='font-bh-lucidatypewriter-75dpi'
PACKAGE_VERSION='1.0.0'
PATH_SEPARATOR=':'
PKG_CONFIG='/usr/bin/pkg-config'
SET_MAKE=''
SHELL='/bin/sh'
STRIP=''
UCS2ANY='/usr/local/bin/ucs2any'
VERSION='1.0.0'
ac_ct_STRIP=''
ac_pt_PKG_CONFIG='/usr/bin/pkg-config'
am__leading_dot='.'
bindir='${exec_prefix}/bin'
build_alias=''
datadir='${prefix}/share'
exec_prefix='${prefix}'
host_alias=''
includedir='${prefix}/include'
infodir='${prefix}/info'
install_sh='/home/chris/xorg/font-bh-lucidatypewriter-75dpi-1.0.0/install-sh'
libdir='${exec_prefix}/lib'
libexecdir='${exec_prefix}/libexec'
localstatedir='${prefix}/var'
mandir='${prefix}/man'
oldincludedir='/usr/include'
prefix='/usr/local'
program_transform_name='s,x,x,'
sbindir='${exec_prefix}/sbin'
sharedstatedir='${prefix}/com'
sysconfdir='${prefix}/etc'
target_alias=''

## ----------- ##
## confdefs.h. ##
## ----------- ##

#define PACKAGE "font-bh-lucidatypewriter-75dpi"
#define PACKAGE_BUGREPORT "https://bugs.freedesktop.org/enter_bug.cgi?product=xorg"
#define PACKAGE_NAME "font-bh-lucidatypewriter-75dpi"
#define PACKAGE_STRING "font-bh-lucidatypewriter-75dpi 1.0.0"
#define PACKAGE_TARNAME "font-bh-lucidatypewriter-75dpi"
#define PACKAGE_VERSION "1.0.0"
#define VERSION "1.0.0"

configure: exit 0
