This file contains any messages produced by compilers while
running configure, to aid debugging if configure makes a mistake.

It was created by libasprintf configure 1.0, which was
generated by GNU Autoconf 2.65.  Invocation command line was

  $ ./configure --disable-option-checking --prefix=/usr/local CC=/usr/bin/gcc --cache-file=/dev/null --srcdir=.

## --------- ##
## Platform. ##
## --------- ##

hostname = Chriss-iPad
uname -m = iPad1,1
uname -r = 10.4.0
uname -s = Darwin
uname -v = Darwin Kernel Version 10.4.0: Wed Oct 20 20:14:45 PDT 2010; root:xnu-1504.58.28~3/RELEASE_ARM_S5L8930X

/usr/bin/uname -p = unknown
/bin/uname -X     = unknown

/bin/arch              = unknown
/usr/bin/arch -k       = unknown
/usr/convex/getsysinfo = unknown
/usr/bin/hostinfo      = Mach kernel version:
	 Darwin Kernel Version 10.4.0: Wed Oct 20 20:14:45 PDT 2010; root:xnu-1504.58.28~3/RELEASE_ARM_S5L8930X
Kernel configured for a single processor only.
1 processor is physically available.
1 processor is logically available.
Processor type: armv7 (arm v7)
Processor active: 0
Primary memory available: 247.00 megabytes
Default processor set: 33 tasks, 232 threads, 1 processors
Load average: 1.55, Mach factor: 0.21
/bin/machine           = unknown
/usr/bin/oslevel       = unknown
/bin/universe          = unknown

PATH: /usr/local/sbin
PATH: /usr/local/bin
PATH: /usr/sbin
PATH: /usr/bin
PATH: /sbin
PATH: /bin
PATH: /usr/bin/X11
PATH: /usr/games
PATH: /var/mobile/ocaml-3.12.0/bin


## ----------- ##
## Core tests. ##
## ----------- ##

configure:2777: checking for a BSD-compatible install
configure:2845: result: /usr/bin/install -c
configure:2856: checking whether build environment is sane
configure:2906: result: yes
configure:3047: checking for a thread-safe mkdir -p
configure:3086: result: /bin/mkdir -p
configure:3100: checking for gawk
configure:3116: found /usr/bin/gawk
configure:3127: result: gawk
configure:3138: checking whether make sets $(MAKE)
configure:3160: result: yes
configure:3303: checking for gcc
configure:3330: result: /usr/bin/gcc
configure:3559: checking for C compiler version
configure:3568: /usr/bin/gcc --version >&5
gcc (GCC) 4.2.1 (Based on Apple Inc. build 5555)
Copyright (C) 2007 Free Software Foundation, Inc.
This is free software; see the source for copying conditions.  There is NO
warranty; not even for MERCHANTABILITY or FITNESS FOR A PARTICULAR PURPOSE.

configure:3579: $? = 0
configure:3568: /usr/bin/gcc -v >&5
Using built-in specs.
Target: arm-apple-darwin9
Configured with: ../llvm-gcc-4.2/configure --build=x86_64-unknown-linux-gnu --host=arm-apple-darwin9 --enable-static=no --enable-shared=yes --prefix=/usr --localstatedir=/var/cache/iphone-gcc --enable-languages=c,c++,objc,obj-c++ --enable-wchar_t=no --with-gxx-include-dir=/usr/include/c++/4.0.0
Thread model: posix
gcc version 4.2.1 (Based on Apple Inc. build 5555)
configure:3579: $? = 0
configure:3568: /usr/bin/gcc -V >&5
gcc: '-V' option must have argument
configure:3579: $? = 1
configure:3568: /usr/bin/gcc -qversion >&5
gcc: no input files
configure:3579: $? = 1
configure:3599: checking whether the C compiler works
configure:3621: /usr/bin/gcc    conftest.c  >&5
configure:3625: $? = 0
configure:3674: result: yes
configure:3677: checking for C compiler default output file name
configure:3679: result: a.out
configure:3685: checking for suffix of executables
configure:3692: /usr/bin/gcc -o conftest    conftest.c  >&5
configure:3696: $? = 0
configure:3718: result: 
configure:3740: checking whether we are cross compiling
configure:3748: /usr/bin/gcc -o conftest    conftest.c  >&5
configure:3752: $? = 0
configure:3759: ./conftest
configure:3763: $? = 0
configure:3778: result: no
configure:3783: checking for suffix of object files
configure:3805: /usr/bin/gcc -c   conftest.c >&5
configure:3809: $? = 0
configure:3830: result: o
configure:3834: checking whether we are using the GNU C compiler
configure:3853: /usr/bin/gcc -c   conftest.c >&5
configure:3853: $? = 0
configure:3862: result: yes
configure:3871: checking whether /usr/bin/gcc accepts -g
configure:3891: /usr/bin/gcc -c -g  conftest.c >&5
configure:3891: $? = 0
configure:3932: result: yes
configure:3949: checking for /usr/bin/gcc option to accept ISO C89
configure:4013: /usr/bin/gcc  -c -g -O2  conftest.c >&5
configure:4013: $? = 0
configure:4026: result: none needed
configure:4057: checking for style of include used by make
configure:4085: result: GNU
configure:4110: checking dependency style of /usr/bin/gcc
configure:4220: result: gcc3
configure:4293: checking for g++
configure:4309: found /usr/bin/g++
configure:4320: result: g++
configure:4347: checking for C++ compiler version
configure:4356: g++ --version >&5
g++ (GCC) 4.2.1 (Based on Apple Inc. build 5555)
Copyright (C) 2007 Free Software Foundation, Inc.
This is free software; see the source for copying conditions.  There is NO
warranty; not even for MERCHANTABILITY or FITNESS FOR A PARTICULAR PURPOSE.

configure:4367: $? = 0
configure:4356: g++ -v >&5
Using built-in specs.
Target: arm-apple-darwin9
Configured with: ../llvm-gcc-4.2/configure --build=x86_64-unknown-linux-gnu --host=arm-apple-darwin9 --enable-static=no --enable-shared=yes --prefix=/usr --localstatedir=/var/cache/iphone-gcc --enable-languages=c,c++,objc,obj-c++ --enable-wchar_t=no --with-gxx-include-dir=/usr/include/c++/4.0.0
Thread model: posix
gcc version 4.2.1 (Based on Apple Inc. build 5555)
configure:4367: $? = 0
configure:4356: g++ -V >&5
g++: '-V' option must have argument
configure:4367: $? = 1
configure:4356: g++ -qversion >&5
g++: no input files
configure:4367: $? = 1
configure:4371: checking whether we are using the GNU C++ compiler
configure:4390: g++ -c   conftest.cpp >&5
configure:4390: $? = 0
configure:4399: result: yes
configure:4408: checking whether g++ accepts -g
configure:4428: g++ -c -g  conftest.cpp >&5
configure:4428: $? = 0
configure:4469: result: yes
configure:4494: checking dependency style of g++
configure:4604: result: gcc3
configure:4625: checking build system type
configure:4639: result: arm-apple-darwin10.4.0
configure:4659: checking host system type
configure:4672: result: arm-apple-darwin10.4.0
configure:4739: checking for ranlib
configure:4755: found /usr/bin/ranlib
configure:4766: result: ranlib
configure:4863: checking for a sed that does not truncate output
configure:4927: result: /bin/sed
configure:4945: checking for grep that handles long lines and -e
configure:5003: result: /bin/grep
configure:5008: checking for egrep
configure:5070: result: /bin/grep -E
configure:5075: checking for fgrep
configure:5137: result: /bin/grep -F
configure:5172: checking for ld used by /usr/bin/gcc
configure:5239: result: /usr/bin/ld
configure:5246: checking if the linker (/usr/bin/ld) is GNU ld
configure:5261: result: no
configure:5273: checking for BSD- or MS-compatible name lister (nm)
configure:5325: result: /usr/bin/nm -p
configure:5455: checking the name lister (/usr/bin/nm -p) interface
configure:5462: /usr/bin/gcc -c -g -O2  conftest.c >&5
configure:5465: /usr/bin/nm -p "conftest.o"
configure:5468: output
00000000 D _some_variable
configure:5475: result: BSD nm
configure:5478: checking whether ln -s works
configure:5482: result: yes
configure:5490: checking the maximum length of command line arguments
configure:5610: result: 196608
configure:5627: checking whether the shell understands some XSI constructs
configure:5637: result: yes
configure:5641: checking whether the shell understands "+="
configure:5647: result: yes
configure:5682: checking for /usr/bin/ld option to reload object files
configure:5689: result: -r
configure:5758: checking for objdump
configure:5774: found /usr/bin/objdump
configure:5785: result: objdump
configure:5814: checking how to recognize dependent libraries
configure:6010: result: pass_all
configure:6070: checking for ar
configure:6086: found /usr/bin/ar
configure:6097: result: ar
configure:6175: checking for strip
configure:6191: found /usr/bin/strip
configure:6202: result: strip
configure:6274: checking for ranlib
configure:6301: result: ranlib
configure:6391: checking command to parse /usr/bin/nm -p output from /usr/bin/gcc object
configure:6509: /usr/bin/gcc -c -g -O2  conftest.c >&5
configure:6512: $? = 0
configure:6516: /usr/bin/nm -p conftest.o \| sed -n -e 's/^.*[	 ]\([BCDEGRST][BCDEGRST]*\)[	 ][	 ]*\([_A-Za-z][_A-Za-z0-9]*\)$/\1 \2 \2/p' \> conftest.nm
configure:6519: $? = 0
cannot find nm_test_var in conftest.nm
configure:6509: /usr/bin/gcc -c -g -O2  conftest.c >&5
configure:6512: $? = 0
configure:6516: /usr/bin/nm -p conftest.o \| sed -n -e 's/^.*[	 ]\([BCDEGRST][BCDEGRST]*\)[	 ][	 ]*_\([_A-Za-z][_A-Za-z0-9]*\)$/\1 _\2 \2/p' \> conftest.nm
configure:6519: $? = 0
configure:6573: /usr/bin/gcc -o conftest -g -O2   conftest.c conftstm.o >&5
configure:6576: $? = 0
configure:6614: result: ok
configure:6878: checking for dsymutil
configure:6908: result: no
configure:6970: checking for nmedit
configure:6986: found /usr/bin/nmedit
configure:6997: result: nmedit
configure:7062: checking for lipo
configure:7078: found /usr/bin/lipo
configure:7089: result: lipo
configure:7154: checking for otool
configure:7170: found /usr/bin/otool
configure:7181: result: otool
configure:7246: checking for otool64
configure:7262: found /usr/bin/otool64
configure:7273: result: otool64
configure:7321: checking for -single_module linker flag
/usr/bin/gcc -g -O2  -o libconftest.dylib -dynamiclib -Wl,-single_module conftest.c
configure:7348: result: yes
configure:7350: checking for -exported_symbols_list linker flag
configure:7370: /usr/bin/gcc -o conftest -g -O2   -Wl,-exported_symbols_list,conftest.sym conftest.c  >&5
configure:7370: $? = 0
configure:7380: result: yes
configure:7422: checking how to run the C preprocessor
configure:7453: /usr/bin/gcc -E  conftest.c
configure:7453: $? = 0
configure:7467: /usr/bin/gcc -E  conftest.c
conftest.c:11:28: error: ac_nonexistent.h: No such file or directory
configure:7467: $? = 1
configure: failed program was:
| /* confdefs.h */
| #define PACKAGE_NAME "libasprintf"
| #define PACKAGE_TARNAME "libasprintf"
| #define PACKAGE_VERSION "1.0"
| #define PACKAGE_STRING "libasprintf 1.0"
| #define PACKAGE_BUGREPORT ""
| #define PACKAGE_URL ""
| #define PACKAGE "libasprintf"
| #define VERSION "1.0"
| /* end confdefs.h.  */
| #include <ac_nonexistent.h>
configure:7492: result: /usr/bin/gcc -E
configure:7512: /usr/bin/gcc -E  conftest.c
configure:7512: $? = 0
configure:7526: /usr/bin/gcc -E  conftest.c
conftest.c:11:28: error: ac_nonexistent.h: No such file or directory
configure:7526: $? = 1
configure: failed program was:
| /* confdefs.h */
| #define PACKAGE_NAME "libasprintf"
| #define PACKAGE_TARNAME "libasprintf"
| #define PACKAGE_VERSION "1.0"
| #define PACKAGE_STRING "libasprintf 1.0"
| #define PACKAGE_BUGREPORT ""
| #define PACKAGE_URL ""
| #define PACKAGE "libasprintf"
| #define VERSION "1.0"
| /* end confdefs.h.  */
| #include <ac_nonexistent.h>
configure:7555: checking for ANSI C header files
configure:7575: /usr/bin/gcc -c -g -O2  conftest.c >&5
configure:7575: $? = 0
configure:7648: /usr/bin/gcc -o conftest -g -O2   conftest.c  >&5
configure:7648: $? = 0
configure:7648: ./conftest
configure:7648: $? = 0
configure:7659: result: yes
configure:7672: checking for sys/types.h
configure:7672: /usr/bin/gcc -c -g -O2  conftest.c >&5
configure:7672: $? = 0
configure:7672: result: yes
configure:7672: checking for sys/stat.h
configure:7672: /usr/bin/gcc -c -g -O2  conftest.c >&5
configure:7672: $? = 0
configure:7672: result: yes
configure:7672: checking for stdlib.h
configure:7672: /usr/bin/gcc -c -g -O2  conftest.c >&5
configure:7672: $? = 0
configure:7672: result: yes
configure:7672: checking for string.h
configure:7672: /usr/bin/gcc -c -g -O2  conftest.c >&5
configure:7672: $? = 0
configure:7672: result: yes
configure:7672: checking for memory.h
configure:7672: /usr/bin/gcc -c -g -O2  conftest.c >&5
configure:7672: $? = 0
configure:7672: result: yes
configure:7672: checking for strings.h
configure:7672: /usr/bin/gcc -c -g -O2  conftest.c >&5
configure:7672: $? = 0
configure:7672: result: yes
configure:7672: checking for inttypes.h
configure:7672: /usr/bin/gcc -c -g -O2  conftest.c >&5
configure:7672: $? = 0
configure:7672: result: yes
configure:7672: checking for stdint.h
configure:7672: /usr/bin/gcc -c -g -O2  conftest.c >&5
configure:7672: $? = 0
configure:7672: result: yes
configure:7672: checking for unistd.h
configure:7672: /usr/bin/gcc -c -g -O2  conftest.c >&5
configure:7672: $? = 0
configure:7672: result: yes
configure:7687: checking for dlfcn.h
configure:7687: /usr/bin/gcc -c -g -O2  conftest.c >&5
configure:7687: $? = 0
configure:7687: result: yes
configure:7812: checking for C++ compiler version
configure:7821: g++ --version >&5
g++ (GCC) 4.2.1 (Based on Apple Inc. build 5555)
Copyright (C) 2007 Free Software Foundation, Inc.
This is free software; see the source for copying conditions.  There is NO
warranty; not even for MERCHANTABILITY or FITNESS FOR A PARTICULAR PURPOSE.

configure:7832: $? = 0
configure:7821: g++ -v >&5
Using built-in specs.
Target: arm-apple-darwin9
Configured with: ../llvm-gcc-4.2/configure --build=x86_64-unknown-linux-gnu --host=arm-apple-darwin9 --enable-static=no --enable-shared=yes --prefix=/usr --localstatedir=/var/cache/iphone-gcc --enable-languages=c,c++,objc,obj-c++ --enable-wchar_t=no --with-gxx-include-dir=/usr/include/c++/4.0.0
Thread model: posix
gcc version 4.2.1 (Based on Apple Inc. build 5555)
configure:7832: $? = 0
configure:7821: g++ -V >&5
g++: '-V' option must have argument
configure:7832: $? = 1
configure:7821: g++ -qversion >&5
g++: no input files
configure:7832: $? = 1
configure:7836: checking whether we are using the GNU C++ compiler
configure:7864: result: yes
configure:7873: checking whether g++ accepts -g
configure:7934: result: yes
configure:7959: checking dependency style of g++
configure:8069: result: gcc3
configure:8092: checking how to run the C++ preprocessor
configure:8119: g++ -E  conftest.cpp
configure:8119: $? = 0
configure:8133: g++ -E  conftest.cpp
conftest.cpp:22:28: error: ac_nonexistent.h: No such file or directory
configure:8133: $? = 1
configure: failed program was:
| /* confdefs.h */
| #define PACKAGE_NAME "libasprintf"
| #define PACKAGE_TARNAME "libasprintf"
| #define PACKAGE_VERSION "1.0"
| #define PACKAGE_STRING "libasprintf 1.0"
| #define PACKAGE_BUGREPORT ""
| #define PACKAGE_URL ""
| #define PACKAGE "libasprintf"
| #define VERSION "1.0"
| #define STDC_HEADERS 1
| #define HAVE_SYS_TYPES_H 1
| #define HAVE_SYS_STAT_H 1
| #define HAVE_STDLIB_H 1
| #define HAVE_STRING_H 1
| #define HAVE_MEMORY_H 1
| #define HAVE_STRINGS_H 1
| #define HAVE_INTTYPES_H 1
| #define HAVE_STDINT_H 1
| #define HAVE_UNISTD_H 1
| #define HAVE_DLFCN_H 1
| /* end confdefs.h.  */
| #include <ac_nonexistent.h>
configure:8158: result: g++ -E
configure:8178: g++ -E  conftest.cpp
configure:8178: $? = 0
configure:8192: g++ -E  conftest.cpp
conftest.cpp:22:28: error: ac_nonexistent.h: No such file or directory
configure:8192: $? = 1
configure: failed program was:
| /* confdefs.h */
| #define PACKAGE_NAME "libasprintf"
| #define PACKAGE_TARNAME "libasprintf"
| #define PACKAGE_VERSION "1.0"
| #define PACKAGE_STRING "libasprintf 1.0"
| #define PACKAGE_BUGREPORT ""
| #define PACKAGE_URL ""
| #define PACKAGE "libasprintf"
| #define VERSION "1.0"
| #define STDC_HEADERS 1
| #define HAVE_SYS_TYPES_H 1
| #define HAVE_SYS_STAT_H 1
| #define HAVE_STDLIB_H 1
| #define HAVE_STRING_H 1
| #define HAVE_MEMORY_H 1
| #define HAVE_STRINGS_H 1
| #define HAVE_INTTYPES_H 1
| #define HAVE_STDINT_H 1
| #define HAVE_UNISTD_H 1
| #define HAVE_DLFCN_H 1
| /* end confdefs.h.  */
| #include <ac_nonexistent.h>
configure:8696: checking for objdir
configure:8711: result: .libs
configure:9007: checking if /usr/bin/gcc supports -fno-rtti -fno-exceptions
configure:9025: /usr/bin/gcc -c -g -O2  -fno-rtti -fno-exceptions conftest.c >&5
cc1: warning: command line option "-fno-rtti" is valid for C++/ObjC++ but not for C
configure:9029: $? = 0
configure:9042: result: no
configure:9062: checking for /usr/bin/gcc option to produce PIC
configure:9334: result: -fno-common -DPIC
configure:9346: checking if /usr/bin/gcc PIC flag -fno-common -DPIC works
configure:9364: /usr/bin/gcc -c -g -O2  -fno-common -DPIC -DPIC conftest.c >&5
configure:9368: $? = 0
configure:9381: result: yes
configure:9405: checking if /usr/bin/gcc static flag -static works
configure:9433: result: no
configure:9448: checking if /usr/bin/gcc supports -c -o file.o
configure:9469: /usr/bin/gcc -c -g -O2  -o out/conftest2.o conftest.c >&5
configure:9473: $? = 0
configure:9495: result: yes
configure:9503: checking if /usr/bin/gcc supports -c -o file.o
configure:9550: result: yes
configure:9583: checking whether the /usr/bin/gcc linker (/usr/bin/ld) supports shared libraries
configure:10569: result: yes
configure:10808: checking dynamic linker characteristics
configure:11461: result: darwin10.4.0 dyld
configure:11568: checking how to hardcode library paths into programs
configure:11593: result: immediate
configure:12113: checking whether stripping libraries is possible
configure:12127: result: yes
configure:12153: checking if libtool supports shared libraries
configure:12155: result: yes
configure:12158: checking whether to build shared libraries
configure:12179: result: yes
configure:12182: checking whether to build static libraries
configure:12186: result: yes
configure:12336: checking for ld used by g++
configure:12403: result: /usr/bin/ld
configure:12410: checking if the linker (/usr/bin/ld) is GNU ld
configure:12425: result: no
configure:12480: checking whether the g++ linker (/usr/bin/ld) supports shared libraries
configure:13393: result: yes
configure:13421: g++ -c -g -O2  conftest.cpp >&5
configure:13424: $? = 0
configure:13606: checking for g++ option to produce PIC
configure:13923: result: -fno-common -DPIC
configure:13932: checking if g++ PIC flag -fno-common -DPIC works
configure:13950: g++ -c -g -O2  -fno-common -DPIC -DPIC conftest.cpp >&5
configure:13954: $? = 0
configure:13967: result: yes
configure:13988: checking if g++ static flag -static works
configure:14016: result: no
configure:14028: checking if g++ supports -c -o file.o
configure:14049: g++ -c -g -O2  -o out/conftest2.o conftest.cpp >&5
configure:14053: $? = 0
configure:14075: result: yes
configure:14080: checking if g++ supports -c -o file.o
configure:14127: result: yes
configure:14157: checking whether the g++ linker (/usr/bin/ld) supports shared libraries
configure:14183: result: yes
configure:14320: checking dynamic linker characteristics
configure:14921: result: darwin10.4.0 dyld
configure:14974: checking how to hardcode library paths into programs
configure:14999: result: immediate
configure:15067: checking for inline
configure:15083: /usr/bin/gcc -c -g -O2  conftest.c >&5
configure:15083: $? = 0
configure:15091: result: inline
configure:15109: checking for size_t
configure:15109: /usr/bin/gcc -c -g -O2  conftest.c >&5
configure:15109: $? = 0
configure:15109: /usr/bin/gcc -c -g -O2  conftest.c >&5
conftest.c: In function 'main':
conftest.c:59: error: expected expression before ')' token
configure:15109: $? = 1
configure: failed program was:
| /* confdefs.h */
| #define PACKAGE_NAME "libasprintf"
| #define PACKAGE_TARNAME "libasprintf"
| #define PACKAGE_VERSION "1.0"
| #define PACKAGE_STRING "libasprintf 1.0"
| #define PACKAGE_BUGREPORT ""
| #define PACKAGE_URL ""
| #define PACKAGE "libasprintf"
| #define VERSION "1.0"
| #define STDC_HEADERS 1
| #define HAVE_SYS_TYPES_H 1
| #define HAVE_SYS_STAT_H 1
| #define HAVE_STDLIB_H 1
| #define HAVE_STRING_H 1
| #define HAVE_MEMORY_H 1
| #define HAVE_STRINGS_H 1
| #define HAVE_INTTYPES_H 1
| #define HAVE_STDINT_H 1
| #define HAVE_UNISTD_H 1
| #define HAVE_DLFCN_H 1
| #define LT_OBJDIR ".libs/"
| /* end confdefs.h.  */
| #include <stdio.h>
| #ifdef HAVE_SYS_TYPES_H
| # include <sys/types.h>
| #endif
| #ifdef HAVE_SYS_STAT_H
| # include <sys/stat.h>
| #endif
| #ifdef STDC_HEADERS
| # include <stdlib.h>
| # include <stddef.h>
| #else
| # ifdef HAVE_STDLIB_H
| #  include <stdlib.h>
| # endif
| #endif
| #ifdef HAVE_STRING_H
| # if !defined STDC_HEADERS && defined HAVE_MEMORY_H
| #  include <memory.h>
| # endif
| # include <string.h>
| #endif
| #ifdef HAVE_STRINGS_H
| # include <strings.h>
| #endif
| #ifdef HAVE_INTTYPES_H
| # include <inttypes.h>
| #endif
| #ifdef HAVE_STDINT_H
| # include <stdint.h>
| #endif
| #ifdef HAVE_UNISTD_H
| # include <unistd.h>
| #endif
| int
| main ()
| {
| if (sizeof ((size_t)))
| 	    return 0;
|   ;
|   return 0;
| }
configure:15109: result: yes
configure:15121: checking for long long int
configure:15158: /usr/bin/gcc -o conftest -g -O2   conftest.c  >&5
configure:15158: $? = 0
configure:15188: /usr/bin/gcc -o conftest -g -O2   conftest.c  >&5
configure:15188: $? = 0
configure:15188: ./conftest
configure:15188: $? = 0
configure:15203: result: yes
configure:15212: checking for wchar_t
configure:15229: /usr/bin/gcc -c -g -O2  conftest.c >&5
configure:15229: $? = 0
configure:15236: result: yes
configure:15245: checking for wint_t
configure:15270: /usr/bin/gcc -c -g -O2  conftest.c >&5
configure:15270: $? = 0
configure:15277: result: yes
configure:15285: checking for ptrdiff_t
configure:15285: /usr/bin/gcc -c -g -O2  conftest.c >&5
configure:15285: $? = 0
configure:15285: /usr/bin/gcc -c -g -O2  conftest.c >&5
conftest.c: In function 'main':
conftest.c:62: error: expected expression before ')' token
configure:15285: $? = 1
configure: failed program was:
| /* confdefs.h */
| #define PACKAGE_NAME "libasprintf"
| #define PACKAGE_TARNAME "libasprintf"
| #define PACKAGE_VERSION "1.0"
| #define PACKAGE_STRING "libasprintf 1.0"
| #define PACKAGE_BUGREPORT ""
| #define PACKAGE_URL ""
| #define PACKAGE "libasprintf"
| #define VERSION "1.0"
| #define STDC_HEADERS 1
| #define HAVE_SYS_TYPES_H 1
| #define HAVE_SYS_STAT_H 1
| #define HAVE_STDLIB_H 1
| #define HAVE_STRING_H 1
| #define HAVE_MEMORY_H 1
| #define HAVE_STRINGS_H 1
| #define HAVE_INTTYPES_H 1
| #define HAVE_STDINT_H 1
| #define HAVE_UNISTD_H 1
| #define HAVE_DLFCN_H 1
| #define LT_OBJDIR ".libs/"
| #define HAVE_LONG_LONG_INT 1
| #define HAVE_WCHAR_T 1
| #define HAVE_WINT_T 1
| /* end confdefs.h.  */
| #include <stdio.h>
| #ifdef HAVE_SYS_TYPES_H
| # include <sys/types.h>
| #endif
| #ifdef HAVE_SYS_STAT_H
| # include <sys/stat.h>
| #endif
| #ifdef STDC_HEADERS
| # include <stdlib.h>
| # include <stddef.h>
| #else
| # ifdef HAVE_STDLIB_H
| #  include <stdlib.h>
| # endif
| #endif
| #ifdef HAVE_STRING_H
| # if !defined STDC_HEADERS && defined HAVE_MEMORY_H
| #  include <memory.h>
| # endif
| # include <string.h>
| #endif
| #ifdef HAVE_STRINGS_H
| # include <strings.h>
| #endif
| #ifdef HAVE_INTTYPES_H
| # include <inttypes.h>
| #endif
| #ifdef HAVE_STDINT_H
| # include <stdint.h>
| #endif
| #ifdef HAVE_UNISTD_H
| # include <unistd.h>
| #endif
| int
| main ()
| {
| if (sizeof ((ptrdiff_t)))
| 	    return 0;
|   ;
|   return 0;
| }
configure:15285: result: yes
configure:15296: checking for inttypes.h
configure:15313: /usr/bin/gcc -c -g -O2  conftest.c >&5
configure:15313: $? = 0
configure:15320: result: yes
configure:15331: checking for stdint.h
configure:15348: /usr/bin/gcc -c -g -O2  conftest.c >&5
configure:15348: $? = 0
configure:15355: result: yes
configure:15368: checking for intmax_t
configure:15394: /usr/bin/gcc -c -g -O2  conftest.c >&5
configure:15394: $? = 0
configure:15401: result: yes
configure:15412: checking for stdint.h
configure:15412: result: yes
configure:15422: checking for SIZE_MAX
configure:15493: result: yes
configure:15509: checking for stdint.h
configure:15509: result: yes
configure:15531: checking for working alloca.h
configure:15548: /usr/bin/gcc -o conftest -g -O2   conftest.c  >&5
configure:15548: $? = 0
configure:15556: result: yes
configure:15564: checking for alloca
configure:15601: /usr/bin/gcc -o conftest -g -O2   conftest.c  >&5
configure:15601: $? = 0
configure:15609: result: yes
configure:15730: checking for stdlib.h
configure:15730: result: yes
configure:15730: checking for string.h
configure:15730: result: yes
configure:15730: checking errno.h usability
configure:15730: /usr/bin/gcc -c -g -O2  conftest.c >&5
configure:15730: $? = 0
configure:15730: result: yes
configure:15730: checking errno.h presence
configure:15730: /usr/bin/gcc -E  conftest.c
configure:15730: $? = 0
configure:15730: result: yes
configure:15730: checking for errno.h
configure:15730: result: yes
configure:15752: checking whether the preprocessor supports include_next
configure:15790: /usr/bin/gcc -c -g -O2  -Iconftestd1b -Iconftestd2 conftest.c >&5
configure:15790: $? = 0
configure:15811: result: yes
configure:15840: checking for complete errno.h
configure:15892: result: yes
configure:16279: checking for snprintf
configure:16279: /usr/bin/gcc -o conftest -g -O2   conftest.c  >&5
conftest.c:59: warning: conflicting types for built-in function 'snprintf'
configure:16279: $? = 0
configure:16279: result: yes
configure:16279: checking for vasprintf
configure:16279: /usr/bin/gcc -o conftest -g -O2   conftest.c  >&5
configure:16279: $? = 0
configure:16279: result: yes
configure:16279: checking for strnlen
configure:16279: /usr/bin/gcc -o conftest -g -O2   conftest.c  >&5
Undefined symbols:
  "_strnlen", referenced from:
      _main in cchNZybg.o
ld: symbol(s) not found
collect2: ld returned 1 exit status
configure:16279: $? = 1
configure: failed program was:
| /* confdefs.h */
| #define PACKAGE_NAME "libasprintf"
| #define PACKAGE_TARNAME "libasprintf"
| #define PACKAGE_VERSION "1.0"
| #define PACKAGE_STRING "libasprintf 1.0"
| #define PACKAGE_BUGREPORT ""
| #define PACKAGE_URL ""
| #define PACKAGE "libasprintf"
| #define VERSION "1.0"
| #define STDC_HEADERS 1
| #define HAVE_SYS_TYPES_H 1
| #define HAVE_SYS_STAT_H 1
| #define HAVE_STDLIB_H 1
| #define HAVE_STRING_H 1
| #define HAVE_MEMORY_H 1
| #define HAVE_STRINGS_H 1
| #define HAVE_INTTYPES_H 1
| #define HAVE_STDINT_H 1
| #define HAVE_UNISTD_H 1
| #define HAVE_DLFCN_H 1
| #define LT_OBJDIR ".libs/"
| #define HAVE_LONG_LONG_INT 1
| #define HAVE_WCHAR_T 1
| #define HAVE_WINT_T 1
| #define HAVE_INTTYPES_H_WITH_UINTMAX 1
| #define HAVE_STDINT_H_WITH_UINTMAX 1
| #define HAVE_INTMAX_T 1
| #define HAVE_STDINT_H 1
| #define HAVE_STDINT_H 1
| #define HAVE_ALLOCA_H 1
| #define HAVE_ALLOCA 1
| #define HAVE_STDLIB_H 1
| #define HAVE_STRING_H 1
| #define HAVE_ERRNO_H 1
| #define HAVE_SNPRINTF 1
| #define HAVE_VASPRINTF 1
| /* end confdefs.h.  */
| /* Define strnlen to an innocuous variant, in case <limits.h> declares strnlen.
|    For example, HP-UX 11i <limits.h> declares gettimeofday.  */
| #define strnlen innocuous_strnlen
| 
| /* System header to define __stub macros and hopefully few prototypes,
|     which can conflict with char strnlen (); below.
|     Prefer <limits.h> to <assert.h> if __STDC__ is defined, since
|     <limits.h> exists even on freestanding compilers.  */
| 
| #ifdef __STDC__
| # include <limits.h>
| #else
| # include <assert.h>
| #endif
| 
| #undef strnlen
| 
| /* Override any GCC internal prototype to avoid an error.
|    Use char because int might match the return type of a GCC
|    builtin and then its argument prototype would still apply.  */
| #ifdef __cplusplus
| extern "C"
| #endif
| char strnlen ();
| /* The GNU C library defines this for functions which it implements
|     to always fail with ENOSYS.  Some functions are actually named
|     something starting with __ and the normal name is an alias.  */
| #if defined __stub_strnlen || defined __stub___strnlen
| choke me
| #endif
| 
| int
| main ()
| {
| return strnlen ();
|   ;
|   return 0;
| }
configure:16279: result: no
configure:16279: checking for wcslen
configure:16279: /usr/bin/gcc -o conftest -g -O2   conftest.c  >&5
configure:16279: $? = 0
configure:16279: result: yes
configure:16279: checking for wcsnlen
configure:16279: /usr/bin/gcc -o conftest -g -O2   conftest.c  >&5
Undefined symbols:
  "_wcsnlen", referenced from:
      _main in cc32cDGw.o
ld: symbol(s) not found
collect2: ld returned 1 exit status
configure:16279: $? = 1
configure: failed program was:
| /* confdefs.h */
| #define PACKAGE_NAME "libasprintf"
| #define PACKAGE_TARNAME "libasprintf"
| #define PACKAGE_VERSION "1.0"
| #define PACKAGE_STRING "libasprintf 1.0"
| #define PACKAGE_BUGREPORT ""
| #define PACKAGE_URL ""
| #define PACKAGE "libasprintf"
| #define VERSION "1.0"
| #define STDC_HEADERS 1
| #define HAVE_SYS_TYPES_H 1
| #define HAVE_SYS_STAT_H 1
| #define HAVE_STDLIB_H 1
| #define HAVE_STRING_H 1
| #define HAVE_MEMORY_H 1
| #define HAVE_STRINGS_H 1
| #define HAVE_INTTYPES_H 1
| #define HAVE_STDINT_H 1
| #define HAVE_UNISTD_H 1
| #define HAVE_DLFCN_H 1
| #define LT_OBJDIR ".libs/"
| #define HAVE_LONG_LONG_INT 1
| #define HAVE_WCHAR_T 1
| #define HAVE_WINT_T 1
| #define HAVE_INTTYPES_H_WITH_UINTMAX 1
| #define HAVE_STDINT_H_WITH_UINTMAX 1
| #define HAVE_INTMAX_T 1
| #define HAVE_STDINT_H 1
| #define HAVE_STDINT_H 1
| #define HAVE_ALLOCA_H 1
| #define HAVE_ALLOCA 1
| #define HAVE_STDLIB_H 1
| #define HAVE_STRING_H 1
| #define HAVE_ERRNO_H 1
| #define HAVE_SNPRINTF 1
| #define HAVE_VASPRINTF 1
| #define HAVE_WCSLEN 1
| /* end confdefs.h.  */
| /* Define wcsnlen to an innocuous variant, in case <limits.h> declares wcsnlen.
|    For example, HP-UX 11i <limits.h> declares gettimeofday.  */
| #define wcsnlen innocuous_wcsnlen
| 
| /* System header to define __stub macros and hopefully few prototypes,
|     which can conflict with char wcsnlen (); below.
|     Prefer <limits.h> to <assert.h> if __STDC__ is defined, since
|     <limits.h> exists even on freestanding compilers.  */
| 
| #ifdef __STDC__
| # include <limits.h>
| #else
| # include <assert.h>
| #endif
| 
| #undef wcsnlen
| 
| /* Override any GCC internal prototype to avoid an error.
|    Use char because int might match the return type of a GCC
|    builtin and then its argument prototype would still apply.  */
| #ifdef __cplusplus
| extern "C"
| #endif
| char wcsnlen ();
| /* The GNU C library defines this for functions which it implements
|     to always fail with ENOSYS.  Some functions are actually named
|     something starting with __ and the normal name is an alias.  */
| #if defined __stub_wcsnlen || defined __stub___wcsnlen
| choke me
| #endif
| 
| int
| main ()
| {
| return wcsnlen ();
|   ;
|   return 0;
| }
configure:16279: result: no
configure:16279: checking for mbrtowc
configure:16279: /usr/bin/gcc -o conftest -g -O2   conftest.c  >&5
configure:16279: $? = 0
configure:16279: result: yes
configure:16279: checking for wcrtomb
configure:16279: /usr/bin/gcc -o conftest -g -O2   conftest.c  >&5
configure:16279: $? = 0
configure:16279: result: yes
configure:16289: checking whether _snprintf is declared
configure:16289: /usr/bin/gcc -c -g -O2  conftest.c >&5
conftest.c: In function 'main':
conftest.c:47: error: '_snprintf' undeclared (first use in this function)
conftest.c:47: error: (Each undeclared identifier is reported only once
conftest.c:47: error: for each function it appears in.)
configure:16289: $? = 1
configure: failed program was:
| /* confdefs.h */
| #define PACKAGE_NAME "libasprintf"
| #define PACKAGE_TARNAME "libasprintf"
| #define PACKAGE_VERSION "1.0"
| #define PACKAGE_STRING "libasprintf 1.0"
| #define PACKAGE_BUGREPORT ""
| #define PACKAGE_URL ""
| #define PACKAGE "libasprintf"
| #define VERSION "1.0"
| #define STDC_HEADERS 1
| #define HAVE_SYS_TYPES_H 1
| #define HAVE_SYS_STAT_H 1
| #define HAVE_STDLIB_H 1
| #define HAVE_STRING_H 1
| #define HAVE_MEMORY_H 1
| #define HAVE_STRINGS_H 1
| #define HAVE_INTTYPES_H 1
| #define HAVE_STDINT_H 1
| #define HAVE_UNISTD_H 1
| #define HAVE_DLFCN_H 1
| #define LT_OBJDIR ".libs/"
| #define HAVE_LONG_LONG_INT 1
| #define HAVE_WCHAR_T 1
| #define HAVE_WINT_T 1
| #define HAVE_INTTYPES_H_WITH_UINTMAX 1
| #define HAVE_STDINT_H_WITH_UINTMAX 1
| #define HAVE_INTMAX_T 1
| #define HAVE_STDINT_H 1
| #define HAVE_STDINT_H 1
| #define HAVE_ALLOCA_H 1
| #define HAVE_ALLOCA 1
| #define HAVE_STDLIB_H 1
| #define HAVE_STRING_H 1
| #define HAVE_ERRNO_H 1
| #define HAVE_SNPRINTF 1
| #define HAVE_VASPRINTF 1
| #define HAVE_WCSLEN 1
| #define HAVE_MBRTOWC 1
| #define HAVE_WCRTOMB 1
| /* end confdefs.h.  */
| #include <stdio.h>
| 
| int
| main ()
| {
| #ifndef _snprintf
|   (void) _snprintf;
| #endif
| 
|   ;
|   return 0;
| }
configure:16289: result: no
configure:16303: checking whether printf() supports POSIX/XSI format strings
configure:16344: /usr/bin/gcc -o conftest -g -O2   conftest.c  >&5
configure:16344: $? = 0
configure:16344: ./conftest
configure:16344: $? = 0
configure:16355: result: yes
configure:16369: checking for dvips
configure:16400: result: /home/chris/gettext-0.18.1.1/build-aux/missing dvips
configure:16410: checking for texi2pdf
configure:16441: result: /home/chris/gettext-0.18.1.1/build-aux/missing texi2pdf
configure:16451: checking for perl
configure:16469: found /usr/bin/perl
configure:16482: result: /usr/bin/perl
configure:16656: creating ./config.status

## ---------------------- ##
## Running config.status. ##
## ---------------------- ##

This file was extended by libasprintf config.status 1.0, which was
generated by GNU Autoconf 2.65.  Invocation command line was

  CONFIG_FILES    = 
  CONFIG_HEADERS  = 
  CONFIG_LINKS    = 
  CONFIG_COMMANDS = 
  $ ./config.status 

on Chriss-iPad

config.status:1174: creating Makefile
config.status:1174: creating config.h
config.status:1346: config.h is unchanged
config.status:1394: executing depfiles commands
config.status:1394: executing libtool commands

## ---------------- ##
## Cache variables. ##
## ---------------- ##

ac_cv_build=arm-apple-darwin10.4.0
ac_cv_c_compiler_gnu=yes
ac_cv_c_inline=inline
ac_cv_cxx_compiler_gnu=yes
ac_cv_env_CCC_set=
ac_cv_env_CCC_value=
ac_cv_env_CC_set=set
ac_cv_env_CC_value=/usr/bin/gcc
ac_cv_env_CFLAGS_set=
ac_cv_env_CFLAGS_value=
ac_cv_env_CPPFLAGS_set=
ac_cv_env_CPPFLAGS_value=
ac_cv_env_CPP_set=
ac_cv_env_CPP_value=
ac_cv_env_CXXCPP_set=
ac_cv_env_CXXCPP_value=
ac_cv_env_CXXFLAGS_set=
ac_cv_env_CXXFLAGS_value=
ac_cv_env_CXX_set=
ac_cv_env_CXX_value=
ac_cv_env_LDFLAGS_set=
ac_cv_env_LDFLAGS_value=
ac_cv_env_LIBS_set=
ac_cv_env_LIBS_value=
ac_cv_env_build_alias_set=
ac_cv_env_build_alias_value=
ac_cv_env_host_alias_set=
ac_cv_env_host_alias_value=
ac_cv_env_target_alias_set=
ac_cv_env_target_alias_value=
ac_cv_func_alloca_works=yes
ac_cv_func_mbrtowc=yes
ac_cv_func_snprintf=yes
ac_cv_func_strnlen=no
ac_cv_func_vasprintf=yes
ac_cv_func_wcrtomb=yes
ac_cv_func_wcslen=yes
ac_cv_func_wcsnlen=no
ac_cv_have_decl__snprintf=no
ac_cv_header_dlfcn_h=yes
ac_cv_header_errno_h=yes
ac_cv_header_inttypes_h=yes
ac_cv_header_memory_h=yes
ac_cv_header_stdc=yes
ac_cv_header_stdint_h=yes
ac_cv_header_stdlib_h=yes
ac_cv_header_string_h=yes
ac_cv_header_strings_h=yes
ac_cv_header_sys_stat_h=yes
ac_cv_header_sys_types_h=yes
ac_cv_header_unistd_h=yes
ac_cv_host=arm-apple-darwin10.4.0
ac_cv_objext=o
ac_cv_path_DVIPS='/home/chris/gettext-0.18.1.1/build-aux/missing dvips'
ac_cv_path_EGREP='/bin/grep -E'
ac_cv_path_FGREP='/bin/grep -F'
ac_cv_path_GREP=/bin/grep
ac_cv_path_PERL=/usr/bin/perl
ac_cv_path_SED=/bin/sed
ac_cv_path_TEXI2PDF='/home/chris/gettext-0.18.1.1/build-aux/missing texi2pdf'
ac_cv_path_install='/usr/bin/install -c'
ac_cv_path_mkdir=/bin/mkdir
ac_cv_prog_AWK=gawk
ac_cv_prog_CPP='/usr/bin/gcc -E'
ac_cv_prog_CXXCPP='g++ -E'
ac_cv_prog_ac_ct_AR=ar
ac_cv_prog_ac_ct_CC=/usr/bin/gcc
ac_cv_prog_ac_ct_CXX=g++
ac_cv_prog_ac_ct_LIPO=lipo
ac_cv_prog_ac_ct_NMEDIT=nmedit
ac_cv_prog_ac_ct_OBJDUMP=objdump
ac_cv_prog_ac_ct_OTOOL64=otool64
ac_cv_prog_ac_ct_OTOOL=otool
ac_cv_prog_ac_ct_RANLIB=ranlib
ac_cv_prog_ac_ct_STRIP=strip
ac_cv_prog_cc_c89=
ac_cv_prog_cc_g=yes
ac_cv_prog_cxx_g=yes
ac_cv_prog_make_make_set=yes
ac_cv_type_long_long_int=yes
ac_cv_type_ptrdiff_t=yes
ac_cv_type_size_t=yes
ac_cv_working_alloca_h=yes
am_cv_CC_dependencies_compiler_type=gcc3
am_cv_CXX_dependencies_compiler_type=gcc3
gl_cv_have_include_next=yes
gl_cv_header_errno_h_complete=yes
gl_cv_header_inttypes_h=yes
gl_cv_header_stdint_h=yes
gl_cv_size_max=yes
gt_cv_c_intmax_t=yes
gt_cv_c_wchar_t=yes
gt_cv_c_wint_t=yes
gt_cv_func_printf_posix=yes
lt_cv_apple_cc_single_mod=yes
lt_cv_deplibs_check_method=pass_all
lt_cv_file_magic_cmd='$MAGIC_CMD'
lt_cv_file_magic_test_file=
lt_cv_ld_exported_symbols_list=yes
lt_cv_ld_reload_flag=-r
lt_cv_nm_interface='BSD nm'
lt_cv_objdir=.libs
lt_cv_path_LD=/usr/bin/ld
lt_cv_path_LDCXX=/usr/bin/ld
lt_cv_path_NM='/usr/bin/nm -p'
lt_cv_prog_compiler_c_o=yes
lt_cv_prog_compiler_c_o_CXX=yes
lt_cv_prog_compiler_pic_works=yes
lt_cv_prog_compiler_pic_works_CXX=yes
lt_cv_prog_compiler_rtti_exceptions=no
lt_cv_prog_compiler_static_works=no
lt_cv_prog_compiler_static_works_CXX=no
lt_cv_prog_gnu_ld=no
lt_cv_prog_gnu_ldcxx=no
lt_cv_sys_global_symbol_pipe='sed -n -e '\''s/^.*[	 ]\([BCDEGRST][BCDEGRST]*\)[	 ][	 ]*_\([_A-Za-z][_A-Za-z0-9]*\)$/\1 _\2 \2/p'\'''
lt_cv_sys_global_symbol_to_c_name_address='sed -n -e '\''s/^: \([^ ]*\) $/  {\"\1\", (void *) 0},/p'\'' -e '\''s/^[BCDEGRST]* \([^ ]*\) \([^ ]*\)$/  {"\2", (void *) \&\2},/p'\'''
lt_cv_sys_global_symbol_to_c_name_address_lib_prefix='sed -n -e '\''s/^: \([^ ]*\) $/  {\"\1\", (void *) 0},/p'\'' -e '\''s/^[BCDEGRST]* \([^ ]*\) \(lib[^ ]*\)$/  {"\2", (void *) \&\2},/p'\'' -e '\''s/^[BCDEGRST]* \([^ ]*\) \([^ ]*\)$/  {"lib\2", (void *) \&\2},/p'\'''
lt_cv_sys_global_symbol_to_cdecl='sed -n -e '\''s/^T .* \(.*\)$/extern int \1();/p'\'' -e '\''s/^[BCDEGRST]* .* \(.*\)$/extern char \1;/p'\'''
lt_cv_sys_max_cmd_len=196608

## ----------------- ##
## Output variables. ##
## ----------------- ##

ACLOCAL='${SHELL} /home/chris/gettext-0.18.1.1/build-aux/missing --run aclocal-1.11'
ALLOCA=''
ALLOCA_H='alloca.h'
AMDEPBACKSLASH='\'
AMDEP_FALSE='#'
AMDEP_TRUE=''
AMTAR='${SHELL} /home/chris/gettext-0.18.1.1/build-aux/missing --run tar'
AM_BACKSLASH='\'
AM_DEFAULT_VERBOSITY='1'
AR='ar'
AS='as'
AUTOCONF='${SHELL} /home/chris/gettext-0.18.1.1/build-aux/missing --run autoconf'
AUTOHEADER='${SHELL} /home/chris/gettext-0.18.1.1/build-aux/missing --run autoheader'
AUTOMAKE='${SHELL} /home/chris/gettext-0.18.1.1/build-aux/missing --run automake-1.11'
AWK='gawk'
CC='/usr/bin/gcc'
CCDEPMODE='depmode=gcc3'
CFLAGS='-g -O2'
CPP='/usr/bin/gcc -E'
CPPFLAGS=''
CXX='g++'
CXXCPP='g++ -E'
CXXDEPMODE='depmode=gcc3'
CXXFLAGS='-g -O2'
CYGPATH_W='echo'
DEFS='-DHAVE_CONFIG_H'
DEPDIR='.deps'
DLLTOOL='dlltool'
DSYMUTIL=':'
DUMPBIN=''
DVIPS='/home/chris/gettext-0.18.1.1/build-aux/missing dvips'
ECHO_C=''
ECHO_N='-n'
ECHO_T=''
EGREP='/bin/grep -E'
EMULTIHOP_HIDDEN=''
EMULTIHOP_VALUE=''
ENOLINK_HIDDEN=''
ENOLINK_VALUE=''
EOVERFLOW_HIDDEN=''
EOVERFLOW_VALUE=''
ERRNO_H=''
EXEEXT=''
FGREP='/bin/grep -F'
GL_COND_LIBTOOL_FALSE='#'
GL_COND_LIBTOOL_TRUE=''
GREP='/bin/grep'
INCLUDE_NEXT='include_next'
INCLUDE_NEXT_AS_FIRST_DIRECTIVE='include_next'
INSTALL_DATA='${INSTALL} -m 644'
INSTALL_PROGRAM='${INSTALL}'
INSTALL_SCRIPT='${INSTALL}'
INSTALL_STRIP_PROGRAM='$(install_sh) -c -s'
LD='/usr/bin/ld'
LDFLAGS=''
LIBOBJS=''
LIBS=''
LIBTOOL='/bin/sh $(top_builddir)/libtool'
LIPO='lipo'
LN_S='ln -s'
LTALLOCA=''
LTLIBOBJS=''
LTNOUNDEF=''
MAKEINFO='${SHELL} /home/chris/gettext-0.18.1.1/build-aux/missing --run makeinfo'
MKDIR_P='/bin/mkdir -p'
NEXT_AS_FIRST_DIRECTIVE_ERRNO_H=''
NEXT_ERRNO_H=''
NM='/usr/bin/nm -p'
NMEDIT='nmedit'
OBJDUMP='objdump'
OBJEXT='o'
OTOOL64='otool64'
OTOOL='otool'
PACKAGE='libasprintf'
PACKAGE_BUGREPORT=''
PACKAGE_NAME='libasprintf'
PACKAGE_STRING='libasprintf 1.0'
PACKAGE_TARNAME='libasprintf'
PACKAGE_URL=''
PACKAGE_VERSION='1.0'
PATH_SEPARATOR=':'
PERL='/usr/bin/perl'
PRAGMA_SYSTEM_HEADER='#pragma GCC system_header'
RANLIB='ranlib'
SED='/bin/sed'
SET_MAKE=''
SHELL='/bin/sh'
STRIP='strip'
TEXI2PDF='/home/chris/gettext-0.18.1.1/build-aux/missing texi2pdf'
VERSION='1.0'
ac_ct_CC='/usr/bin/gcc'
ac_ct_CXX='g++'
ac_ct_DUMPBIN=''
am__EXEEXT_FALSE=''
am__EXEEXT_TRUE='#'
am__fastdepCC_FALSE='#'
am__fastdepCC_TRUE=''
am__fastdepCXX_FALSE='#'
am__fastdepCXX_TRUE=''
am__include='include'
am__isrc=''
am__leading_dot='.'
am__quote=''
am__tar='${AMTAR} chof - "$$tardir"'
am__untar='${AMTAR} xf -'
bindir='${exec_prefix}/bin'
build='arm-apple-darwin10.4.0'
build_alias=''
build_cpu='arm'
build_os='darwin10.4.0'
build_vendor='apple'
datadir='${datarootdir}'
datarootdir='${prefix}/share'
docdir='${datarootdir}/doc/${PACKAGE_TARNAME}'
dvidir='${docdir}'
exec_prefix='${prefix}'
gl_LIBOBJS=''
gl_LTLIBOBJS=''
gltests_LIBOBJS=''
gltests_LTLIBOBJS=''
gltests_WITNESS='IN_LIBASPRINTF_GNULIB_TESTS'
host='arm-apple-darwin10.4.0'
host_alias=''
host_cpu='arm'
host_os='darwin10.4.0'
host_vendor='apple'
htmldir='${docdir}'
includedir='${prefix}/include'
infodir='${datarootdir}/info'
install_sh='${SHELL} /home/chris/gettext-0.18.1.1/build-aux/install-sh'
libdir='${exec_prefix}/lib'
libexecdir='${exec_prefix}/libexec'
localedir='${datarootdir}/locale'
localstatedir='${prefix}/var'
lt_ECHO='echo'
mandir='${datarootdir}/man'
mkdir_p='/bin/mkdir -p'
oldincludedir='/usr/include'
pdfdir='${docdir}'
prefix='/usr/local'
program_transform_name='s,x,x,'
psdir='${docdir}'
sbindir='${exec_prefix}/sbin'
sharedstatedir='${prefix}/com'
sysconfdir='${prefix}/etc'
target_alias=''

## ----------- ##
## confdefs.h. ##
## ----------- ##

/* confdefs.h */
#define PACKAGE_NAME "libasprintf"
#define PACKAGE_TARNAME "libasprintf"
#define PACKAGE_VERSION "1.0"
#define PACKAGE_STRING "libasprintf 1.0"
#define PACKAGE_BUGREPORT ""
#define PACKAGE_URL ""
#define PACKAGE "libasprintf"
#define VERSION "1.0"
#define STDC_HEADERS 1
#define HAVE_SYS_TYPES_H 1
#define HAVE_SYS_STAT_H 1
#define HAVE_STDLIB_H 1
#define HAVE_STRING_H 1
#define HAVE_MEMORY_H 1
#define HAVE_STRINGS_H 1
#define HAVE_INTTYPES_H 1
#define HAVE_STDINT_H 1
#define HAVE_UNISTD_H 1
#define HAVE_DLFCN_H 1
#define LT_OBJDIR ".libs/"
#define HAVE_LONG_LONG_INT 1
#define HAVE_WCHAR_T 1
#define HAVE_WINT_T 1
#define HAVE_INTTYPES_H_WITH_UINTMAX 1
#define HAVE_STDINT_H_WITH_UINTMAX 1
#define HAVE_INTMAX_T 1
#define HAVE_STDINT_H 1
#define HAVE_STDINT_H 1
#define HAVE_ALLOCA_H 1
#define HAVE_ALLOCA 1
#define HAVE_STDLIB_H 1
#define HAVE_STRING_H 1
#define HAVE_ERRNO_H 1
#define HAVE_SNPRINTF 1
#define HAVE_VASPRINTF 1
#define HAVE_WCSLEN 1
#define HAVE_MBRTOWC 1
#define HAVE_WCRTOMB 1
#define HAVE_DECL__SNPRINTF 0
#define HAVE_POSIX_PRINTF 1

configure: exit 0
