This file contains any messages produced by compilers while
running configure, to aid debugging if configure makes a mistake.

It was created by ORBit2 configure 2.14.19, which was
generated by GNU Autoconf 2.67.  Invocation command line was

  $ ./configure 

## --------- ##
## Platform. ##
## --------- ##

hostname = Chriss-iPad
uname -m = iPad1,1
uname -r = 10.4.0
uname -s = Darwin
uname -v = Darwin Kernel Version 10.4.0: Wed Oct 20 20:14:45 PDT 2010; root:xnu-1504.58.28~3/RELEASE_ARM_S5L8930X

/usr/bin/uname -p = unknown
/bin/uname -X     = unknown

/bin/arch              = unknown
/usr/bin/arch -k       = unknown
/usr/convex/getsysinfo = unknown
/usr/bin/hostinfo      = Mach kernel version:
	 Darwin Kernel Version 10.4.0: Wed Oct 20 20:14:45 PDT 2010; root:xnu-1504.58.28~3/RELEASE_ARM_S5L8930X
Kernel configured for a single processor only.
1 processor is physically available.
1 processor is logically available.
Processor type: armv7 (arm v7)
Processor active: 0
Primary memory available: 247.00 megabytes
Default processor set: 41 tasks, 263 threads, 1 processors
Load average: 1.84, Mach factor: 0.23
/bin/machine           = unknown
/usr/bin/oslevel       = unknown
/bin/universe          = unknown

PATH: /usr/local/sbin
PATH: /usr/local/bin
PATH: /usr/sbin
PATH: /usr/bin
PATH: /sbin
PATH: /bin
PATH: /usr/bin/X11
PATH: /usr/games
PATH: /var/mobile/ocaml-3.12.0/bin


## ----------- ##
## Core tests. ##
## ----------- ##

configure:2549: checking for a BSD-compatible install
configure:2617: result: /usr/bin/install -c
configure:2628: checking whether build environment is sane
configure:2678: result: yes
configure:2819: checking for a thread-safe mkdir -p
configure:2858: result: /bin/mkdir -p
configure:2871: checking for gawk
configure:2887: found /usr/bin/gawk
configure:2898: result: gawk
configure:2909: checking whether make sets $(MAKE)
configure:2931: result: yes
configure:3009: checking build system type
configure:3023: result: arm-apple-darwin10.4.0
configure:3043: checking host system type
configure:3056: result: arm-apple-darwin10.4.0
configure:3076: checking for Win32
configure:3090: result: no
configure:3167: checking for gcc
configure:3194: result: /usr/bin/gcc
configure:3423: checking for C compiler version
configure:3432: /usr/bin/gcc --version >&5
gcc (GCC) 4.2.1 (Based on Apple Inc. build 5555)
Copyright (C) 2007 Free Software Foundation, Inc.
This is free software; see the source for copying conditions.  There is NO
warranty; not even for MERCHANTABILITY or FITNESS FOR A PARTICULAR PURPOSE.

configure:3443: $? = 0
configure:3432: /usr/bin/gcc -v >&5
Using built-in specs.
Target: arm-apple-darwin9
Configured with: ../llvm-gcc-4.2/configure --build=x86_64-unknown-linux-gnu --host=arm-apple-darwin9 --enable-static=no --enable-shared=yes --prefix=/usr --localstatedir=/var/cache/iphone-gcc --enable-languages=c,c++,objc,obj-c++ --enable-wchar_t=no --with-gxx-include-dir=/usr/include/c++/4.0.0
Thread model: posix
gcc version 4.2.1 (Based on Apple Inc. build 5555)
configure:3443: $? = 0
configure:3432: /usr/bin/gcc -V >&5
gcc: '-V' option must have argument
configure:3443: $? = 1
configure:3432: /usr/bin/gcc -qversion >&5
gcc: no input files
configure:3443: $? = 1
configure:3463: checking whether the C compiler works
configure:3485: /usr/bin/gcc     conftest.c  >&5
configure:3489: $? = 0
configure:3537: result: yes
configure:3540: checking for C compiler default output file name
configure:3542: result: a.out
configure:3548: checking for suffix of executables
configure:3555: /usr/bin/gcc -o conftest     conftest.c  >&5
configure:3559: $? = 0
configure:3581: result: 
configure:3603: checking whether we are cross compiling
configure:3611: /usr/bin/gcc -o conftest     conftest.c  >&5
configure:3615: $? = 0
configure:3622: ./conftest
configure:3626: $? = 0
configure:3641: result: no
configure:3646: checking for suffix of object files
configure:3668: /usr/bin/gcc -c   conftest.c >&5
configure:3672: $? = 0
configure:3693: result: o
configure:3697: checking whether we are using the GNU C compiler
configure:3716: /usr/bin/gcc -c   conftest.c >&5
configure:3716: $? = 0
configure:3725: result: yes
configure:3734: checking whether /usr/bin/gcc accepts -g
configure:3754: /usr/bin/gcc -c -g  conftest.c >&5
configure:3754: $? = 0
configure:3795: result: yes
configure:3812: checking for /usr/bin/gcc option to accept ISO C89
configure:3876: /usr/bin/gcc  -c -g -O2  conftest.c >&5
configure:3876: $? = 0
configure:3889: result: none needed
configure:3920: checking for style of include used by make
configure:3948: result: GNU
configure:3973: checking dependency style of /usr/bin/gcc
configure:4083: result: gcc3
configure:4432: checking for a sed that does not truncate output
configure:4496: result: /bin/sed
configure:4514: checking for grep that handles long lines and -e
configure:4572: result: /bin/grep
configure:4577: checking for egrep
configure:4639: result: /bin/grep -E
configure:4644: checking for fgrep
configure:4706: result: /bin/grep -F
configure:4741: checking for ld used by /usr/bin/gcc
configure:4808: result: /usr/bin/ld
configure:4815: checking if the linker (/usr/bin/ld) is GNU ld
configure:4830: result: no
configure:4842: checking for BSD- or MS-compatible name lister (nm)
configure:4891: result: /usr/bin/nm -p
configure:5009: checking the name lister (/usr/bin/nm -p) interface
configure:5016: /usr/bin/gcc -c -g -O2  conftest.c >&5
configure:5019: /usr/bin/nm -p "conftest.o"
configure:5022: output
00000000 D _some_variable
configure:5029: result: BSD nm
configure:5032: checking whether ln -s works
configure:5036: result: yes
configure:5044: checking the maximum length of command line arguments
configure:5164: result: 196608
configure:5181: checking whether the shell understands some XSI constructs
configure:5191: result: yes
configure:5195: checking whether the shell understands "+="
configure:5201: result: yes
configure:5236: checking for /usr/bin/ld option to reload object files
configure:5243: result: -r
configure:5312: checking for objdump
configure:5339: result: objdump
configure:5368: checking how to recognize dependent libraries
configure:5564: result: pass_all
configure:5624: checking for ar
configure:5640: found /usr/bin/ar
configure:5651: result: ar
configure:5729: checking for strip
configure:5745: found /usr/bin/strip
configure:5756: result: strip
configure:5828: checking for ranlib
configure:5844: found /usr/bin/ranlib
configure:5855: result: ranlib
configure:5945: checking command to parse /usr/bin/nm -p output from /usr/bin/gcc object
configure:6063: /usr/bin/gcc -c -g -O2  conftest.c >&5
configure:6066: $? = 0
configure:6070: /usr/bin/nm -p conftest.o \| sed -n -e 's/^.*[	 ]\([BCDEGRST][BCDEGRST]*\)[	 ][	 ]*\([_A-Za-z][_A-Za-z0-9]*\)$/\1 \2 \2/p' \> conftest.nm
configure:6073: $? = 0
cannot find nm_test_var in conftest.nm
configure:6063: /usr/bin/gcc -c -g -O2  conftest.c >&5
configure:6066: $? = 0
configure:6070: /usr/bin/nm -p conftest.o \| sed -n -e 's/^.*[	 ]\([BCDEGRST][BCDEGRST]*\)[	 ][	 ]*_\([_A-Za-z][_A-Za-z0-9]*\)$/\1 _\2 \2/p' \> conftest.nm
configure:6073: $? = 0
configure:6127: /usr/bin/gcc -o conftest -g -O2    conftest.c conftstm.o >&5
configure:6130: $? = 0
configure:6168: result: ok
configure:6433: checking for dsymutil
configure:6463: result: no
configure:6525: checking for nmedit
configure:6541: found /usr/bin/nmedit
configure:6552: result: nmedit
configure:6617: checking for lipo
configure:6633: found /usr/bin/lipo
configure:6644: result: lipo
configure:6709: checking for otool
configure:6725: found /usr/bin/otool
configure:6736: result: otool
configure:6801: checking for otool64
configure:6817: found /usr/bin/otool64
configure:6828: result: otool64
configure:6876: checking for -single_module linker flag
/usr/bin/gcc -g -O2   -o libconftest.dylib -dynamiclib -Wl,-single_module conftest.c
configure:6903: result: yes
configure:6905: checking for -exported_symbols_list linker flag
configure:6925: /usr/bin/gcc -o conftest -g -O2    -Wl,-exported_symbols_list,conftest.sym conftest.c  >&5
configure:6925: $? = 0
configure:6935: result: yes
configure:6977: checking how to run the C preprocessor
configure:7008: /usr/bin/gcc -E  conftest.c
configure:7008: $? = 0
configure:7022: /usr/bin/gcc -E  conftest.c
conftest.c:9:28: error: ac_nonexistent.h: No such file or directory
configure:7022: $? = 1
configure: failed program was:
| /* confdefs.h */
| #define PACKAGE_NAME "ORBit2"
| #define PACKAGE_TARNAME "ORBit2"
| #define PACKAGE_VERSION "2.14.19"
| #define PACKAGE_STRING "ORBit2 2.14.19"
| #define PACKAGE_BUGREPORT "http://bugzilla.gnome.org/enter_bug.cgi?product=ORBit2"
| #define PACKAGE_URL ""
| /* end confdefs.h.  */
| #include <ac_nonexistent.h>
configure:7047: result: /usr/bin/gcc -E
configure:7067: /usr/bin/gcc -E  conftest.c
configure:7067: $? = 0
configure:7081: /usr/bin/gcc -E  conftest.c
conftest.c:9:28: error: ac_nonexistent.h: No such file or directory
configure:7081: $? = 1
configure: failed program was:
| /* confdefs.h */
| #define PACKAGE_NAME "ORBit2"
| #define PACKAGE_TARNAME "ORBit2"
| #define PACKAGE_VERSION "2.14.19"
| #define PACKAGE_STRING "ORBit2 2.14.19"
| #define PACKAGE_BUGREPORT "http://bugzilla.gnome.org/enter_bug.cgi?product=ORBit2"
| #define PACKAGE_URL ""
| /* end confdefs.h.  */
| #include <ac_nonexistent.h>
configure:7110: checking for ANSI C header files
configure:7130: /usr/bin/gcc -c -g -O2  conftest.c >&5
configure:7130: $? = 0
configure:7203: /usr/bin/gcc -o conftest -g -O2    conftest.c  >&5
configure:7203: $? = 0
configure:7203: ./conftest
configure:7203: $? = 0
configure:7214: result: yes
configure:7227: checking for sys/types.h
configure:7227: /usr/bin/gcc -c -g -O2  conftest.c >&5
configure:7227: $? = 0
configure:7227: result: yes
configure:7227: checking for sys/stat.h
configure:7227: /usr/bin/gcc -c -g -O2  conftest.c >&5
configure:7227: $? = 0
configure:7227: result: yes
configure:7227: checking for stdlib.h
configure:7227: /usr/bin/gcc -c -g -O2  conftest.c >&5
configure:7227: $? = 0
configure:7227: result: yes
configure:7227: checking for string.h
configure:7227: /usr/bin/gcc -c -g -O2  conftest.c >&5
configure:7227: $? = 0
configure:7227: result: yes
configure:7227: checking for memory.h
configure:7227: /usr/bin/gcc -c -g -O2  conftest.c >&5
configure:7227: $? = 0
configure:7227: result: yes
configure:7227: checking for strings.h
configure:7227: /usr/bin/gcc -c -g -O2  conftest.c >&5
configure:7227: $? = 0
configure:7227: result: yes
configure:7227: checking for inttypes.h
configure:7227: /usr/bin/gcc -c -g -O2  conftest.c >&5
configure:7227: $? = 0
configure:7227: result: yes
configure:7227: checking for stdint.h
configure:7227: /usr/bin/gcc -c -g -O2  conftest.c >&5
configure:7227: $? = 0
configure:7227: result: yes
configure:7227: checking for unistd.h
configure:7227: /usr/bin/gcc -c -g -O2  conftest.c >&5
configure:7227: $? = 0
configure:7227: result: yes
configure:7241: checking for dlfcn.h
configure:7241: /usr/bin/gcc -c -g -O2  conftest.c >&5
configure:7241: $? = 0
configure:7241: result: yes
configure:7421: checking for objdir
configure:7436: result: .libs
configure:7728: checking if /usr/bin/gcc supports -fno-rtti -fno-exceptions
configure:7746: /usr/bin/gcc -c -g -O2  -fno-rtti -fno-exceptions conftest.c >&5
cc1: warning: command line option "-fno-rtti" is valid for C++/ObjC++ but not for C
configure:7750: $? = 0
configure:7763: result: no
configure:7783: checking for /usr/bin/gcc option to produce PIC
configure:8055: result: -fno-common -DPIC
configure:8067: checking if /usr/bin/gcc PIC flag -fno-common -DPIC works
configure:8085: /usr/bin/gcc -c -g -O2  -fno-common -DPIC -DPIC conftest.c >&5
configure:8089: $? = 0
configure:8102: result: yes
configure:8126: checking if /usr/bin/gcc static flag -static works
configure:8154: result: no
configure:8169: checking if /usr/bin/gcc supports -c -o file.o
configure:8190: /usr/bin/gcc -c -g -O2  -o out/conftest2.o conftest.c >&5
configure:8194: $? = 0
configure:8216: result: yes
configure:8224: checking if /usr/bin/gcc supports -c -o file.o
configure:8271: result: yes
configure:8304: checking whether the /usr/bin/gcc linker (/usr/bin/ld) supports shared libraries
configure:9290: result: yes
configure:9529: checking dynamic linker characteristics
configure:10180: result: darwin10.4.0 dyld
configure:10282: checking how to hardcode library paths into programs
configure:10307: result: immediate
configure:10352: checking for dlopen in -ldl
configure:10377: /usr/bin/gcc -o conftest -g -O2    conftest.c -ldl   >&5
ld: library not found for -ldl
collect2: ld returned 1 exit status
configure:10377: $? = 1
configure: failed program was:
| /* confdefs.h */
| #define PACKAGE_NAME "ORBit2"
| #define PACKAGE_TARNAME "ORBit2"
| #define PACKAGE_VERSION "2.14.19"
| #define PACKAGE_STRING "ORBit2 2.14.19"
| #define PACKAGE_BUGREPORT "http://bugzilla.gnome.org/enter_bug.cgi?product=ORBit2"
| #define PACKAGE_URL ""
| #define STDC_HEADERS 1
| #define HAVE_SYS_TYPES_H 1
| #define HAVE_SYS_STAT_H 1
| #define HAVE_STDLIB_H 1
| #define HAVE_STRING_H 1
| #define HAVE_MEMORY_H 1
| #define HAVE_STRINGS_H 1
| #define HAVE_INTTYPES_H 1
| #define HAVE_STDINT_H 1
| #define HAVE_UNISTD_H 1
| #define HAVE_DLFCN_H 1
| #define LT_OBJDIR ".libs/"
| /* end confdefs.h.  */
| 
| /* Override any GCC internal prototype to avoid an error.
|    Use char because int might match the return type of a GCC
|    builtin and then its argument prototype would still apply.  */
| #ifdef __cplusplus
| extern "C"
| #endif
| char dlopen ();
| int
| main ()
| {
| return dlopen ();
|   ;
|   return 0;
| }
configure:10386: result: no
configure:10827: checking whether stripping libraries is possible
configure:10841: result: yes
configure:10867: checking if libtool supports shared libraries
configure:10869: result: yes
configure:10872: checking whether to build shared libraries
configure:10893: result: yes
configure:10896: checking whether to build static libraries
configure:10900: result: yes
configure:10936: checking whether to enable maintainer-specific portions of Makefiles
configure:10945: result: no
configure:10959: checking for aclocal flags
configure:10968: result: 
configure:11030: checking which idl compiler to use
configure:11045: result: internal
configure:11057: checking for gawk
configure:11084: result: gawk
configure:11154: checking for pkg-config
configure:11172: found /usr/bin/pkg-config
configure:11184: result: /usr/bin/pkg-config
configure:11209: checking pkg-config is at least version 0.18
configure:11212: result: yes
configure:11228: checking for ORBIT
configure:11239: $PKG_CONFIG --exists --print-errors "\
	glib-2.0 >= $GLIB_REQUIRED \
	gobject-2.0 >= $GLIB_REQUIRED \
	gthread-2.0 >= $GLIB_REQUIRED \
	gmodule-2.0 >= $GLIB_REQUIRED"
configure:11246: $? = 0
configure:11267: $PKG_CONFIG --exists --print-errors "\
	glib-2.0 >= $GLIB_REQUIRED \
	gobject-2.0 >= $GLIB_REQUIRED \
	gthread-2.0 >= $GLIB_REQUIRED \
	gmodule-2.0 >= $GLIB_REQUIRED"
configure:11274: $? = 0
configure:11347: result: yes
configure:11356: checking for ORBIT_IDL
configure:11367: $PKG_CONFIG --exists --print-errors "\
	libIDL-2.0 >= $LIBIDL_REQUIRED \
	glib-2.0 >= $GLIB_REQUIRED \
	gobject-2.0 >= $GLIB_REQUIRED \
	gmodule-2.0 >= $GLIB_REQUIRED"
configure:11374: $? = 0
configure:11395: $PKG_CONFIG --exists --print-errors "\
	libIDL-2.0 >= $LIBIDL_REQUIRED \
	glib-2.0 >= $GLIB_REQUIRED \
	gobject-2.0 >= $GLIB_REQUIRED \
	gmodule-2.0 >= $GLIB_REQUIRED"
configure:11402: $? = 0
configure:11475: result: yes
configure:11484: checking for ORBIT_NAME
configure:11494: $PKG_CONFIG --exists --print-errors "glib-2.0 >= $GLIB_REQUIRED \
	gobject-2.0 >= $GLIB_REQUIRED \
	gthread-2.0 >= $GLIB_REQUIRED \
	gmodule-2.0 >= $GLIB_REQUIRED"
configure:11500: $? = 0
configure:11519: $PKG_CONFIG --exists --print-errors "glib-2.0 >= $GLIB_REQUIRED \
	gobject-2.0 >= $GLIB_REQUIRED \
	gthread-2.0 >= $GLIB_REQUIRED \
	gmodule-2.0 >= $GLIB_REQUIRED"
configure:11525: $? = 0
configure:11594: result: yes
configure:11601: checking for ANSI C header files
configure:11705: result: yes
configure:11716: checking fcntl.h usability
configure:11716: /usr/bin/gcc -c -g -O2  conftest.c >&5
configure:11716: $? = 0
configure:11716: result: yes
configure:11716: checking fcntl.h presence
configure:11716: /usr/bin/gcc -E  conftest.c
configure:11716: $? = 0
configure:11716: result: yes
configure:11716: checking for fcntl.h
configure:11716: result: yes
configure:11716: checking for unistd.h
configure:11716: result: yes
configure:11716: checking sys/endian.h usability
configure:11716: /usr/bin/gcc -c -g -O2  conftest.c >&5
conftest.c:57:24: error: sys/endian.h: No such file or directory
configure:11716: $? = 1
configure: failed program was:
| /* confdefs.h */
| #define PACKAGE_NAME "ORBit2"
| #define PACKAGE_TARNAME "ORBit2"
| #define PACKAGE_VERSION "2.14.19"
| #define PACKAGE_STRING "ORBit2 2.14.19"
| #define PACKAGE_BUGREPORT "http://bugzilla.gnome.org/enter_bug.cgi?product=ORBit2"
| #define PACKAGE_URL ""
| #define STDC_HEADERS 1
| #define HAVE_SYS_TYPES_H 1
| #define HAVE_SYS_STAT_H 1
| #define HAVE_STDLIB_H 1
| #define HAVE_STRING_H 1
| #define HAVE_MEMORY_H 1
| #define HAVE_STRINGS_H 1
| #define HAVE_INTTYPES_H 1
| #define HAVE_STDINT_H 1
| #define HAVE_UNISTD_H 1
| #define HAVE_DLFCN_H 1
| #define LT_OBJDIR ".libs/"
| #define STDC_HEADERS 1
| #define HAVE_FCNTL_H 1
| #define HAVE_UNISTD_H 1
| /* end confdefs.h.  */
| #include <stdio.h>
| #ifdef HAVE_SYS_TYPES_H
| # include <sys/types.h>
| #endif
| #ifdef HAVE_SYS_STAT_H
| # include <sys/stat.h>
| #endif
| #ifdef STDC_HEADERS
| # include <stdlib.h>
| # include <stddef.h>
| #else
| # ifdef HAVE_STDLIB_H
| #  include <stdlib.h>
| # endif
| #endif
| #ifdef HAVE_STRING_H
| # if !defined STDC_HEADERS && defined HAVE_MEMORY_H
| #  include <memory.h>
| # endif
| # include <string.h>
| #endif
| #ifdef HAVE_STRINGS_H
| # include <strings.h>
| #endif
| #ifdef HAVE_INTTYPES_H
| # include <inttypes.h>
| #endif
| #ifdef HAVE_STDINT_H
| # include <stdint.h>
| #endif
| #ifdef HAVE_UNISTD_H
| # include <unistd.h>
| #endif
| #include <sys/endian.h>
configure:11716: result: no
configure:11716: checking sys/endian.h presence
configure:11716: /usr/bin/gcc -E  conftest.c
conftest.c:24:24: error: sys/endian.h: No such file or directory
configure:11716: $? = 1
configure: failed program was:
| /* confdefs.h */
| #define PACKAGE_NAME "ORBit2"
| #define PACKAGE_TARNAME "ORBit2"
| #define PACKAGE_VERSION "2.14.19"
| #define PACKAGE_STRING "ORBit2 2.14.19"
| #define PACKAGE_BUGREPORT "http://bugzilla.gnome.org/enter_bug.cgi?product=ORBit2"
| #define PACKAGE_URL ""
| #define STDC_HEADERS 1
| #define HAVE_SYS_TYPES_H 1
| #define HAVE_SYS_STAT_H 1
| #define HAVE_STDLIB_H 1
| #define HAVE_STRING_H 1
| #define HAVE_MEMORY_H 1
| #define HAVE_STRINGS_H 1
| #define HAVE_INTTYPES_H 1
| #define HAVE_STDINT_H 1
| #define HAVE_UNISTD_H 1
| #define HAVE_DLFCN_H 1
| #define LT_OBJDIR ".libs/"
| #define STDC_HEADERS 1
| #define HAVE_FCNTL_H 1
| #define HAVE_UNISTD_H 1
| /* end confdefs.h.  */
| #include <sys/endian.h>
configure:11716: result: no
configure:11716: checking for sys/endian.h
configure:11716: result: no
configure:11716: checking endian.h usability
configure:11716: /usr/bin/gcc -c -g -O2  conftest.c >&5
conftest.c:57:20: error: endian.h: No such file or directory
configure:11716: $? = 1
configure: failed program was:
| /* confdefs.h */
| #define PACKAGE_NAME "ORBit2"
| #define PACKAGE_TARNAME "ORBit2"
| #define PACKAGE_VERSION "2.14.19"
| #define PACKAGE_STRING "ORBit2 2.14.19"
| #define PACKAGE_BUGREPORT "http://bugzilla.gnome.org/enter_bug.cgi?product=ORBit2"
| #define PACKAGE_URL ""
| #define STDC_HEADERS 1
| #define HAVE_SYS_TYPES_H 1
| #define HAVE_SYS_STAT_H 1
| #define HAVE_STDLIB_H 1
| #define HAVE_STRING_H 1
| #define HAVE_MEMORY_H 1
| #define HAVE_STRINGS_H 1
| #define HAVE_INTTYPES_H 1
| #define HAVE_STDINT_H 1
| #define HAVE_UNISTD_H 1
| #define HAVE_DLFCN_H 1
| #define LT_OBJDIR ".libs/"
| #define STDC_HEADERS 1
| #define HAVE_FCNTL_H 1
| #define HAVE_UNISTD_H 1
| /* end confdefs.h.  */
| #include <stdio.h>
| #ifdef HAVE_SYS_TYPES_H
| # include <sys/types.h>
| #endif
| #ifdef HAVE_SYS_STAT_H
| # include <sys/stat.h>
| #endif
| #ifdef STDC_HEADERS
| # include <stdlib.h>
| # include <stddef.h>
| #else
| # ifdef HAVE_STDLIB_H
| #  include <stdlib.h>
| # endif
| #endif
| #ifdef HAVE_STRING_H
| # if !defined STDC_HEADERS && defined HAVE_MEMORY_H
| #  include <memory.h>
| # endif
| # include <string.h>
| #endif
| #ifdef HAVE_STRINGS_H
| # include <strings.h>
| #endif
| #ifdef HAVE_INTTYPES_H
| # include <inttypes.h>
| #endif
| #ifdef HAVE_STDINT_H
| # include <stdint.h>
| #endif
| #ifdef HAVE_UNISTD_H
| # include <unistd.h>
| #endif
| #include <endian.h>
configure:11716: result: no
configure:11716: checking endian.h presence
configure:11716: /usr/bin/gcc -E  conftest.c
conftest.c:24:20: error: endian.h: No such file or directory
configure:11716: $? = 1
configure: failed program was:
| /* confdefs.h */
| #define PACKAGE_NAME "ORBit2"
| #define PACKAGE_TARNAME "ORBit2"
| #define PACKAGE_VERSION "2.14.19"
| #define PACKAGE_STRING "ORBit2 2.14.19"
| #define PACKAGE_BUGREPORT "http://bugzilla.gnome.org/enter_bug.cgi?product=ORBit2"
| #define PACKAGE_URL ""
| #define STDC_HEADERS 1
| #define HAVE_SYS_TYPES_H 1
| #define HAVE_SYS_STAT_H 1
| #define HAVE_STDLIB_H 1
| #define HAVE_STRING_H 1
| #define HAVE_MEMORY_H 1
| #define HAVE_STRINGS_H 1
| #define HAVE_INTTYPES_H 1
| #define HAVE_STDINT_H 1
| #define HAVE_UNISTD_H 1
| #define HAVE_DLFCN_H 1
| #define LT_OBJDIR ".libs/"
| #define STDC_HEADERS 1
| #define HAVE_FCNTL_H 1
| #define HAVE_UNISTD_H 1
| /* end confdefs.h.  */
| #include <endian.h>
configure:11716: result: no
configure:11716: checking for endian.h
configure:11716: result: no
configure:11716: checking machine/endian.h usability
configure:11716: /usr/bin/gcc -c -g -O2  conftest.c >&5
configure:11716: $? = 0
configure:11716: result: yes
configure:11716: checking machine/endian.h presence
configure:11716: /usr/bin/gcc -E  conftest.c
configure:11716: $? = 0
configure:11716: result: yes
configure:11716: checking for machine/endian.h
configure:11716: result: yes
configure:11729: checking sys/machine.h usability
configure:11729: /usr/bin/gcc -c -g -O2  conftest.c >&5
conftest.c:58:25: error: sys/machine.h: No such file or directory
configure:11729: $? = 1
configure: failed program was:
| /* confdefs.h */
| #define PACKAGE_NAME "ORBit2"
| #define PACKAGE_TARNAME "ORBit2"
| #define PACKAGE_VERSION "2.14.19"
| #define PACKAGE_STRING "ORBit2 2.14.19"
| #define PACKAGE_BUGREPORT "http://bugzilla.gnome.org/enter_bug.cgi?product=ORBit2"
| #define PACKAGE_URL ""
| #define STDC_HEADERS 1
| #define HAVE_SYS_TYPES_H 1
| #define HAVE_SYS_STAT_H 1
| #define HAVE_STDLIB_H 1
| #define HAVE_STRING_H 1
| #define HAVE_MEMORY_H 1
| #define HAVE_STRINGS_H 1
| #define HAVE_INTTYPES_H 1
| #define HAVE_STDINT_H 1
| #define HAVE_UNISTD_H 1
| #define HAVE_DLFCN_H 1
| #define LT_OBJDIR ".libs/"
| #define STDC_HEADERS 1
| #define HAVE_FCNTL_H 1
| #define HAVE_UNISTD_H 1
| #define HAVE_MACHINE_ENDIAN_H 1
| /* end confdefs.h.  */
| #include <stdio.h>
| #ifdef HAVE_SYS_TYPES_H
| # include <sys/types.h>
| #endif
| #ifdef HAVE_SYS_STAT_H
| # include <sys/stat.h>
| #endif
| #ifdef STDC_HEADERS
| # include <stdlib.h>
| # include <stddef.h>
| #else
| # ifdef HAVE_STDLIB_H
| #  include <stdlib.h>
| # endif
| #endif
| #ifdef HAVE_STRING_H
| # if !defined STDC_HEADERS && defined HAVE_MEMORY_H
| #  include <memory.h>
| # endif
| # include <string.h>
| #endif
| #ifdef HAVE_STRINGS_H
| # include <strings.h>
| #endif
| #ifdef HAVE_INTTYPES_H
| # include <inttypes.h>
| #endif
| #ifdef HAVE_STDINT_H
| # include <stdint.h>
| #endif
| #ifdef HAVE_UNISTD_H
| # include <unistd.h>
| #endif
| #include <sys/machine.h>
configure:11729: result: no
configure:11729: checking sys/machine.h presence
configure:11729: /usr/bin/gcc -E  conftest.c
conftest.c:25:25: error: sys/machine.h: No such file or directory
configure:11729: $? = 1
configure: failed program was:
| /* confdefs.h */
| #define PACKAGE_NAME "ORBit2"
| #define PACKAGE_TARNAME "ORBit2"
| #define PACKAGE_VERSION "2.14.19"
| #define PACKAGE_STRING "ORBit2 2.14.19"
| #define PACKAGE_BUGREPORT "http://bugzilla.gnome.org/enter_bug.cgi?product=ORBit2"
| #define PACKAGE_URL ""
| #define STDC_HEADERS 1
| #define HAVE_SYS_TYPES_H 1
| #define HAVE_SYS_STAT_H 1
| #define HAVE_STDLIB_H 1
| #define HAVE_STRING_H 1
| #define HAVE_MEMORY_H 1
| #define HAVE_STRINGS_H 1
| #define HAVE_INTTYPES_H 1
| #define HAVE_STDINT_H 1
| #define HAVE_UNISTD_H 1
| #define HAVE_DLFCN_H 1
| #define LT_OBJDIR ".libs/"
| #define STDC_HEADERS 1
| #define HAVE_FCNTL_H 1
| #define HAVE_UNISTD_H 1
| #define HAVE_MACHINE_ENDIAN_H 1
| /* end confdefs.h.  */
| #include <sys/machine.h>
configure:11729: result: no
configure:11729: checking for sys/machine.h
configure:11729: result: no
configure:11729: checking sys/isa_defs.h usability
configure:11729: /usr/bin/gcc -c -g -O2  conftest.c >&5
conftest.c:58:26: error: sys/isa_defs.h: No such file or directory
configure:11729: $? = 1
configure: failed program was:
| /* confdefs.h */
| #define PACKAGE_NAME "ORBit2"
| #define PACKAGE_TARNAME "ORBit2"
| #define PACKAGE_VERSION "2.14.19"
| #define PACKAGE_STRING "ORBit2 2.14.19"
| #define PACKAGE_BUGREPORT "http://bugzilla.gnome.org/enter_bug.cgi?product=ORBit2"
| #define PACKAGE_URL ""
| #define STDC_HEADERS 1
| #define HAVE_SYS_TYPES_H 1
| #define HAVE_SYS_STAT_H 1
| #define HAVE_STDLIB_H 1
| #define HAVE_STRING_H 1
| #define HAVE_MEMORY_H 1
| #define HAVE_STRINGS_H 1
| #define HAVE_INTTYPES_H 1
| #define HAVE_STDINT_H 1
| #define HAVE_UNISTD_H 1
| #define HAVE_DLFCN_H 1
| #define LT_OBJDIR ".libs/"
| #define STDC_HEADERS 1
| #define HAVE_FCNTL_H 1
| #define HAVE_UNISTD_H 1
| #define HAVE_MACHINE_ENDIAN_H 1
| /* end confdefs.h.  */
| #include <stdio.h>
| #ifdef HAVE_SYS_TYPES_H
| # include <sys/types.h>
| #endif
| #ifdef HAVE_SYS_STAT_H
| # include <sys/stat.h>
| #endif
| #ifdef STDC_HEADERS
| # include <stdlib.h>
| # include <stddef.h>
| #else
| # ifdef HAVE_STDLIB_H
| #  include <stdlib.h>
| # endif
| #endif
| #ifdef HAVE_STRING_H
| # if !defined STDC_HEADERS && defined HAVE_MEMORY_H
| #  include <memory.h>
| # endif
| # include <string.h>
| #endif
| #ifdef HAVE_STRINGS_H
| # include <strings.h>
| #endif
| #ifdef HAVE_INTTYPES_H
| # include <inttypes.h>
| #endif
| #ifdef HAVE_STDINT_H
| # include <stdint.h>
| #endif
| #ifdef HAVE_UNISTD_H
| # include <unistd.h>
| #endif
| #include <sys/isa_defs.h>
configure:11729: result: no
configure:11729: checking sys/isa_defs.h presence
configure:11729: /usr/bin/gcc -E  conftest.c
conftest.c:25:26: error: sys/isa_defs.h: No such file or directory
configure:11729: $? = 1
configure: failed program was:
| /* confdefs.h */
| #define PACKAGE_NAME "ORBit2"
| #define PACKAGE_TARNAME "ORBit2"
| #define PACKAGE_VERSION "2.14.19"
| #define PACKAGE_STRING "ORBit2 2.14.19"
| #define PACKAGE_BUGREPORT "http://bugzilla.gnome.org/enter_bug.cgi?product=ORBit2"
| #define PACKAGE_URL ""
| #define STDC_HEADERS 1
| #define HAVE_SYS_TYPES_H 1
| #define HAVE_SYS_STAT_H 1
| #define HAVE_STDLIB_H 1
| #define HAVE_STRING_H 1
| #define HAVE_MEMORY_H 1
| #define HAVE_STRINGS_H 1
| #define HAVE_INTTYPES_H 1
| #define HAVE_STDINT_H 1
| #define HAVE_UNISTD_H 1
| #define HAVE_DLFCN_H 1
| #define LT_OBJDIR ".libs/"
| #define STDC_HEADERS 1
| #define HAVE_FCNTL_H 1
| #define HAVE_UNISTD_H 1
| #define HAVE_MACHINE_ENDIAN_H 1
| /* end confdefs.h.  */
| #include <sys/isa_defs.h>
configure:11729: result: no
configure:11729: checking for sys/isa_defs.h
configure:11729: result: no
configure:11729: checking sys/poll.h usability
configure:11729: /usr/bin/gcc -c -g -O2  conftest.c >&5
configure:11729: $? = 0
configure:11729: result: yes
configure:11729: checking sys/poll.h presence
configure:11729: /usr/bin/gcc -E  conftest.c
configure:11729: $? = 0
configure:11729: result: yes
configure:11729: checking for sys/poll.h
configure:11729: result: yes
configure:11729: checking sys/select.h usability
configure:11729: /usr/bin/gcc -c -g -O2  conftest.c >&5
configure:11729: $? = 0
configure:11729: result: yes
configure:11729: checking sys/select.h presence
configure:11729: /usr/bin/gcc -E  conftest.c
configure:11729: $? = 0
configure:11729: result: yes
configure:11729: checking for sys/select.h
configure:11729: result: yes
configure:11742: checking sys/time.h usability
configure:11742: /usr/bin/gcc -c -g -O2  conftest.c >&5
configure:11742: $? = 0
configure:11742: result: yes
configure:11742: checking sys/time.h presence
configure:11742: /usr/bin/gcc -E  conftest.c
configure:11742: $? = 0
configure:11742: result: yes
configure:11742: checking for sys/time.h
configure:11742: result: yes
configure:11742: checking netinet/in.h usability
configure:11742: /usr/bin/gcc -c -g -O2  conftest.c >&5
configure:11742: $? = 0
configure:11742: result: yes
configure:11742: checking netinet/in.h presence
configure:11742: /usr/bin/gcc -E  conftest.c
configure:11742: $? = 0
configure:11742: result: yes
configure:11742: checking for netinet/in.h
configure:11742: result: yes
configure:11742: checking sys/socket.h usability
configure:11742: /usr/bin/gcc -c -g -O2  conftest.c >&5
configure:11742: $? = 0
configure:11742: result: yes
configure:11742: checking sys/socket.h presence
configure:11742: /usr/bin/gcc -E  conftest.c
configure:11742: $? = 0
configure:11742: result: yes
configure:11742: checking for sys/socket.h
configure:11742: result: yes
configure:11742: checking arpa/inet.h usability
configure:11742: /usr/bin/gcc -c -g -O2  conftest.c >&5
configure:11742: $? = 0
configure:11742: result: yes
configure:11742: checking arpa/inet.h presence
configure:11742: /usr/bin/gcc -E  conftest.c
configure:11742: $? = 0
configure:11742: result: yes
configure:11742: checking for arpa/inet.h
configure:11742: result: yes
configure:11755: checking stddef.h usability
configure:11755: /usr/bin/gcc -c -g -O2  conftest.c >&5
configure:11755: $? = 0
configure:11755: result: yes
configure:11755: checking stddef.h presence
configure:11755: /usr/bin/gcc -E  conftest.c
configure:11755: $? = 0
configure:11755: result: yes
configure:11755: checking for stddef.h
configure:11755: result: yes
configure:11755: checking wchar.h usability
configure:11755: /usr/bin/gcc -c -g -O2  conftest.c >&5
configure:11755: $? = 0
configure:11755: result: yes
configure:11755: checking wchar.h presence
configure:11755: /usr/bin/gcc -E  conftest.c
configure:11755: $? = 0
configure:11755: result: yes
configure:11755: checking for wchar.h
configure:11755: result: yes
configure:11755: checking wcstr.h usability
configure:11755: /usr/bin/gcc -c -g -O2  conftest.c >&5
conftest.c:66:19: error: wcstr.h: No such file or directory
configure:11755: $? = 1
configure: failed program was:
| /* confdefs.h */
| #define PACKAGE_NAME "ORBit2"
| #define PACKAGE_TARNAME "ORBit2"
| #define PACKAGE_VERSION "2.14.19"
| #define PACKAGE_STRING "ORBit2 2.14.19"
| #define PACKAGE_BUGREPORT "http://bugzilla.gnome.org/enter_bug.cgi?product=ORBit2"
| #define PACKAGE_URL ""
| #define STDC_HEADERS 1
| #define HAVE_SYS_TYPES_H 1
| #define HAVE_SYS_STAT_H 1
| #define HAVE_STDLIB_H 1
| #define HAVE_STRING_H 1
| #define HAVE_MEMORY_H 1
| #define HAVE_STRINGS_H 1
| #define HAVE_INTTYPES_H 1
| #define HAVE_STDINT_H 1
| #define HAVE_UNISTD_H 1
| #define HAVE_DLFCN_H 1
| #define LT_OBJDIR ".libs/"
| #define STDC_HEADERS 1
| #define HAVE_FCNTL_H 1
| #define HAVE_UNISTD_H 1
| #define HAVE_MACHINE_ENDIAN_H 1
| #define HAVE_SYS_POLL_H 1
| #define HAVE_SYS_SELECT_H 1
| #define HAVE_SYS_TIME_H 1
| #define HAVE_NETINET_IN_H 1
| #define HAVE_SYS_SOCKET_H 1
| #define HAVE_ARPA_INET_H 1
| #define HAVE_STDDEF_H 1
| #define HAVE_WCHAR_H 1
| /* end confdefs.h.  */
| #include <stdio.h>
| #ifdef HAVE_SYS_TYPES_H
| # include <sys/types.h>
| #endif
| #ifdef HAVE_SYS_STAT_H
| # include <sys/stat.h>
| #endif
| #ifdef STDC_HEADERS
| # include <stdlib.h>
| # include <stddef.h>
| #else
| # ifdef HAVE_STDLIB_H
| #  include <stdlib.h>
| # endif
| #endif
| #ifdef HAVE_STRING_H
| # if !defined STDC_HEADERS && defined HAVE_MEMORY_H
| #  include <memory.h>
| # endif
| # include <string.h>
| #endif
| #ifdef HAVE_STRINGS_H
| # include <strings.h>
| #endif
| #ifdef HAVE_INTTYPES_H
| # include <inttypes.h>
| #endif
| #ifdef HAVE_STDINT_H
| # include <stdint.h>
| #endif
| #ifdef HAVE_UNISTD_H
| # include <unistd.h>
| #endif
| #include <wcstr.h>
configure:11755: result: no
configure:11755: checking wcstr.h presence
configure:11755: /usr/bin/gcc -E  conftest.c
conftest.c:33:19: error: wcstr.h: No such file or directory
configure:11755: $? = 1
configure: failed program was:
| /* confdefs.h */
| #define PACKAGE_NAME "ORBit2"
| #define PACKAGE_TARNAME "ORBit2"
| #define PACKAGE_VERSION "2.14.19"
| #define PACKAGE_STRING "ORBit2 2.14.19"
| #define PACKAGE_BUGREPORT "http://bugzilla.gnome.org/enter_bug.cgi?product=ORBit2"
| #define PACKAGE_URL ""
| #define STDC_HEADERS 1
| #define HAVE_SYS_TYPES_H 1
| #define HAVE_SYS_STAT_H 1
| #define HAVE_STDLIB_H 1
| #define HAVE_STRING_H 1
| #define HAVE_MEMORY_H 1
| #define HAVE_STRINGS_H 1
| #define HAVE_INTTYPES_H 1
| #define HAVE_STDINT_H 1
| #define HAVE_UNISTD_H 1
| #define HAVE_DLFCN_H 1
| #define LT_OBJDIR ".libs/"
| #define STDC_HEADERS 1
| #define HAVE_FCNTL_H 1
| #define HAVE_UNISTD_H 1
| #define HAVE_MACHINE_ENDIAN_H 1
| #define HAVE_SYS_POLL_H 1
| #define HAVE_SYS_SELECT_H 1
| #define HAVE_SYS_TIME_H 1
| #define HAVE_NETINET_IN_H 1
| #define HAVE_SYS_SOCKET_H 1
| #define HAVE_ARPA_INET_H 1
| #define HAVE_STDDEF_H 1
| #define HAVE_WCHAR_H 1
| /* end confdefs.h.  */
| #include <wcstr.h>
configure:11755: result: no
configure:11755: checking for wcstr.h
configure:11755: result: no
configure:11755: checking wctype.h usability
configure:11755: /usr/bin/gcc -c -g -O2  conftest.c >&5
configure:11755: $? = 0
configure:11755: result: yes
configure:11755: checking wctype.h presence
configure:11755: /usr/bin/gcc -E  conftest.c
configure:11755: $? = 0
configure:11755: result: yes
configure:11755: checking for wctype.h
configure:11755: result: yes
configure:11755: checking machine/types.h usability
configure:11755: /usr/bin/gcc -c -g -O2  conftest.c >&5
configure:11755: $? = 0
configure:11755: result: yes
configure:11755: checking machine/types.h presence
configure:11755: /usr/bin/gcc -E  conftest.c
configure:11755: $? = 0
configure:11755: result: yes
configure:11755: checking for machine/types.h
configure:11755: result: yes
configure:11768: checking sys/un.h usability
configure:11768: /usr/bin/gcc -c -g -O2  conftest.c >&5
configure:11768: $? = 0
configure:11768: result: yes
configure:11768: checking sys/un.h presence
configure:11768: /usr/bin/gcc -E  conftest.c
configure:11768: $? = 0
configure:11768: result: yes
configure:11768: checking for sys/un.h
configure:11768: result: yes
configure:11768: checking sys/uio.h usability
configure:11768: /usr/bin/gcc -c -g -O2  conftest.c >&5
configure:11768: $? = 0
configure:11768: result: yes
configure:11768: checking sys/uio.h presence
configure:11768: /usr/bin/gcc -E  conftest.c
configure:11768: $? = 0
configure:11768: result: yes
configure:11768: checking for sys/uio.h
configure:11768: result: yes
configure:11768: checking syslog.h usability
configure:11768: /usr/bin/gcc -c -g -O2  conftest.c >&5
configure:11768: $? = 0
configure:11768: result: yes
configure:11768: checking syslog.h presence
configure:11768: /usr/bin/gcc -E  conftest.c
configure:11768: $? = 0
configure:11768: result: yes
configure:11768: checking for syslog.h
configure:11768: result: yes
configure:11781: checking sys/wait.h usability
configure:11781: /usr/bin/gcc -c -g -O2  conftest.c >&5
configure:11781: $? = 0
configure:11781: result: yes
configure:11781: checking sys/wait.h presence
configure:11781: /usr/bin/gcc -E  conftest.c
configure:11781: $? = 0
configure:11781: result: yes
configure:11781: checking for sys/wait.h
configure:11781: result: yes
configure:11781: checking netdb.h usability
configure:11781: /usr/bin/gcc -c -g -O2  conftest.c >&5
configure:11781: $? = 0
configure:11781: result: yes
configure:11781: checking netdb.h presence
configure:11781: /usr/bin/gcc -E  conftest.c
configure:11781: $? = 0
configure:11781: result: yes
configure:11781: checking for netdb.h
configure:11781: result: yes
configure:11794: checking utime.h usability
configure:11794: /usr/bin/gcc -c -g -O2  conftest.c >&5
configure:11794: $? = 0
configure:11794: result: yes
configure:11794: checking utime.h presence
configure:11794: /usr/bin/gcc -E  conftest.c
configure:11794: $? = 0
configure:11794: result: yes
configure:11794: checking for utime.h
configure:11794: result: yes
configure:11794: checking sys/utime.h usability
configure:11794: /usr/bin/gcc -c -g -O2  conftest.c >&5
conftest.c:74:23: error: sys/utime.h: No such file or directory
configure:11794: $? = 1
configure: failed program was:
| /* confdefs.h */
| #define PACKAGE_NAME "ORBit2"
| #define PACKAGE_TARNAME "ORBit2"
| #define PACKAGE_VERSION "2.14.19"
| #define PACKAGE_STRING "ORBit2 2.14.19"
| #define PACKAGE_BUGREPORT "http://bugzilla.gnome.org/enter_bug.cgi?product=ORBit2"
| #define PACKAGE_URL ""
| #define STDC_HEADERS 1
| #define HAVE_SYS_TYPES_H 1
| #define HAVE_SYS_STAT_H 1
| #define HAVE_STDLIB_H 1
| #define HAVE_STRING_H 1
| #define HAVE_MEMORY_H 1
| #define HAVE_STRINGS_H 1
| #define HAVE_INTTYPES_H 1
| #define HAVE_STDINT_H 1
| #define HAVE_UNISTD_H 1
| #define HAVE_DLFCN_H 1
| #define LT_OBJDIR ".libs/"
| #define STDC_HEADERS 1
| #define HAVE_FCNTL_H 1
| #define HAVE_UNISTD_H 1
| #define HAVE_MACHINE_ENDIAN_H 1
| #define HAVE_SYS_POLL_H 1
| #define HAVE_SYS_SELECT_H 1
| #define HAVE_SYS_TIME_H 1
| #define HAVE_NETINET_IN_H 1
| #define HAVE_SYS_SOCKET_H 1
| #define HAVE_ARPA_INET_H 1
| #define HAVE_STDDEF_H 1
| #define HAVE_WCHAR_H 1
| #define HAVE_WCTYPE_H 1
| #define HAVE_MACHINE_TYPES_H 1
| #define HAVE_SYS_UN_H 1
| #define HAVE_SYS_UIO_H 1
| #define HAVE_SYSLOG_H 1
| #define HAVE_SYS_WAIT_H 1
| #define HAVE_NETDB_H 1
| #define HAVE_UTIME_H 1
| /* end confdefs.h.  */
| #include <stdio.h>
| #ifdef HAVE_SYS_TYPES_H
| # include <sys/types.h>
| #endif
| #ifdef HAVE_SYS_STAT_H
| # include <sys/stat.h>
| #endif
| #ifdef STDC_HEADERS
| # include <stdlib.h>
| # include <stddef.h>
| #else
| # ifdef HAVE_STDLIB_H
| #  include <stdlib.h>
| # endif
| #endif
| #ifdef HAVE_STRING_H
| # if !defined STDC_HEADERS && defined HAVE_MEMORY_H
| #  include <memory.h>
| # endif
| # include <string.h>
| #endif
| #ifdef HAVE_STRINGS_H
| # include <strings.h>
| #endif
| #ifdef HAVE_INTTYPES_H
| # include <inttypes.h>
| #endif
| #ifdef HAVE_STDINT_H
| # include <stdint.h>
| #endif
| #ifdef HAVE_UNISTD_H
| # include <unistd.h>
| #endif
| #include <sys/utime.h>
configure:11794: result: no
configure:11794: checking sys/utime.h presence
configure:11794: /usr/bin/gcc -E  conftest.c
conftest.c:41:23: error: sys/utime.h: No such file or directory
configure:11794: $? = 1
configure: failed program was:
| /* confdefs.h */
| #define PACKAGE_NAME "ORBit2"
| #define PACKAGE_TARNAME "ORBit2"
| #define PACKAGE_VERSION "2.14.19"
| #define PACKAGE_STRING "ORBit2 2.14.19"
| #define PACKAGE_BUGREPORT "http://bugzilla.gnome.org/enter_bug.cgi?product=ORBit2"
| #define PACKAGE_URL ""
| #define STDC_HEADERS 1
| #define HAVE_SYS_TYPES_H 1
| #define HAVE_SYS_STAT_H 1
| #define HAVE_STDLIB_H 1
| #define HAVE_STRING_H 1
| #define HAVE_MEMORY_H 1
| #define HAVE_STRINGS_H 1
| #define HAVE_INTTYPES_H 1
| #define HAVE_STDINT_H 1
| #define HAVE_UNISTD_H 1
| #define HAVE_DLFCN_H 1
| #define LT_OBJDIR ".libs/"
| #define STDC_HEADERS 1
| #define HAVE_FCNTL_H 1
| #define HAVE_UNISTD_H 1
| #define HAVE_MACHINE_ENDIAN_H 1
| #define HAVE_SYS_POLL_H 1
| #define HAVE_SYS_SELECT_H 1
| #define HAVE_SYS_TIME_H 1
| #define HAVE_NETINET_IN_H 1
| #define HAVE_SYS_SOCKET_H 1
| #define HAVE_ARPA_INET_H 1
| #define HAVE_STDDEF_H 1
| #define HAVE_WCHAR_H 1
| #define HAVE_WCTYPE_H 1
| #define HAVE_MACHINE_TYPES_H 1
| #define HAVE_SYS_UN_H 1
| #define HAVE_SYS_UIO_H 1
| #define HAVE_SYSLOG_H 1
| #define HAVE_SYS_WAIT_H 1
| #define HAVE_NETDB_H 1
| #define HAVE_UTIME_H 1
| /* end confdefs.h.  */
| #include <sys/utime.h>
configure:11794: result: no
configure:11794: checking for sys/utime.h
configure:11794: result: no
configure:11806: checking linux/socket.h usability
configure:11806: /usr/bin/gcc -c -g -O2  conftest.c >&5
conftest.c:74:26: error: linux/socket.h: No such file or directory
configure:11806: $? = 1
configure: failed program was:
| /* confdefs.h */
| #define PACKAGE_NAME "ORBit2"
| #define PACKAGE_TARNAME "ORBit2"
| #define PACKAGE_VERSION "2.14.19"
| #define PACKAGE_STRING "ORBit2 2.14.19"
| #define PACKAGE_BUGREPORT "http://bugzilla.gnome.org/enter_bug.cgi?product=ORBit2"
| #define PACKAGE_URL ""
| #define STDC_HEADERS 1
| #define HAVE_SYS_TYPES_H 1
| #define HAVE_SYS_STAT_H 1
| #define HAVE_STDLIB_H 1
| #define HAVE_STRING_H 1
| #define HAVE_MEMORY_H 1
| #define HAVE_STRINGS_H 1
| #define HAVE_INTTYPES_H 1
| #define HAVE_STDINT_H 1
| #define HAVE_UNISTD_H 1
| #define HAVE_DLFCN_H 1
| #define LT_OBJDIR ".libs/"
| #define STDC_HEADERS 1
| #define HAVE_FCNTL_H 1
| #define HAVE_UNISTD_H 1
| #define HAVE_MACHINE_ENDIAN_H 1
| #define HAVE_SYS_POLL_H 1
| #define HAVE_SYS_SELECT_H 1
| #define HAVE_SYS_TIME_H 1
| #define HAVE_NETINET_IN_H 1
| #define HAVE_SYS_SOCKET_H 1
| #define HAVE_ARPA_INET_H 1
| #define HAVE_STDDEF_H 1
| #define HAVE_WCHAR_H 1
| #define HAVE_WCTYPE_H 1
| #define HAVE_MACHINE_TYPES_H 1
| #define HAVE_SYS_UN_H 1
| #define HAVE_SYS_UIO_H 1
| #define HAVE_SYSLOG_H 1
| #define HAVE_SYS_WAIT_H 1
| #define HAVE_NETDB_H 1
| #define HAVE_UTIME_H 1
| /* end confdefs.h.  */
| #include <stdio.h>
| #ifdef HAVE_SYS_TYPES_H
| # include <sys/types.h>
| #endif
| #ifdef HAVE_SYS_STAT_H
| # include <sys/stat.h>
| #endif
| #ifdef STDC_HEADERS
| # include <stdlib.h>
| # include <stddef.h>
| #else
| # ifdef HAVE_STDLIB_H
| #  include <stdlib.h>
| # endif
| #endif
| #ifdef HAVE_STRING_H
| # if !defined STDC_HEADERS && defined HAVE_MEMORY_H
| #  include <memory.h>
| # endif
| # include <string.h>
| #endif
| #ifdef HAVE_STRINGS_H
| # include <strings.h>
| #endif
| #ifdef HAVE_INTTYPES_H
| # include <inttypes.h>
| #endif
| #ifdef HAVE_STDINT_H
| # include <stdint.h>
| #endif
| #ifdef HAVE_UNISTD_H
| # include <unistd.h>
| #endif
| #include <linux/socket.h>
configure:11806: result: no
configure:11806: checking linux/socket.h presence
configure:11806: /usr/bin/gcc -E  conftest.c
conftest.c:41:26: error: linux/socket.h: No such file or directory
configure:11806: $? = 1
configure: failed program was:
| /* confdefs.h */
| #define PACKAGE_NAME "ORBit2"
| #define PACKAGE_TARNAME "ORBit2"
| #define PACKAGE_VERSION "2.14.19"
| #define PACKAGE_STRING "ORBit2 2.14.19"
| #define PACKAGE_BUGREPORT "http://bugzilla.gnome.org/enter_bug.cgi?product=ORBit2"
| #define PACKAGE_URL ""
| #define STDC_HEADERS 1
| #define HAVE_SYS_TYPES_H 1
| #define HAVE_SYS_STAT_H 1
| #define HAVE_STDLIB_H 1
| #define HAVE_STRING_H 1
| #define HAVE_MEMORY_H 1
| #define HAVE_STRINGS_H 1
| #define HAVE_INTTYPES_H 1
| #define HAVE_STDINT_H 1
| #define HAVE_UNISTD_H 1
| #define HAVE_DLFCN_H 1
| #define LT_OBJDIR ".libs/"
| #define STDC_HEADERS 1
| #define HAVE_FCNTL_H 1
| #define HAVE_UNISTD_H 1
| #define HAVE_MACHINE_ENDIAN_H 1
| #define HAVE_SYS_POLL_H 1
| #define HAVE_SYS_SELECT_H 1
| #define HAVE_SYS_TIME_H 1
| #define HAVE_NETINET_IN_H 1
| #define HAVE_SYS_SOCKET_H 1
| #define HAVE_ARPA_INET_H 1
| #define HAVE_STDDEF_H 1
| #define HAVE_WCHAR_H 1
| #define HAVE_WCTYPE_H 1
| #define HAVE_MACHINE_TYPES_H 1
| #define HAVE_SYS_UN_H 1
| #define HAVE_SYS_UIO_H 1
| #define HAVE_SYSLOG_H 1
| #define HAVE_SYS_WAIT_H 1
| #define HAVE_NETDB_H 1
| #define HAVE_UTIME_H 1
| /* end confdefs.h.  */
| #include <linux/socket.h>
configure:11806: result: no
configure:11806: checking for linux/socket.h
configure:11806: result: no
configure:11818: checking sys/sockio.h usability
configure:11818: /usr/bin/gcc -c -g -O2  conftest.c >&5
configure:11818: $? = 0
configure:11818: result: yes
configure:11818: checking sys/sockio.h presence
configure:11818: /usr/bin/gcc -E  conftest.c
configure:11818: $? = 0
configure:11818: result: yes
configure:11818: checking for sys/sockio.h
configure:11818: result: yes
configure:11847: checking for an ANSI C-conforming const
configure:11912: /usr/bin/gcc -c -g -O2  conftest.c >&5
configure:11912: $? = 0
configure:11919: result: yes
configure:11927: checking for inline
configure:11943: /usr/bin/gcc -c -g -O2  conftest.c >&5
configure:11943: $? = 0
configure:11951: result: inline
configure:11969: checking for size_t
configure:11969: /usr/bin/gcc -c -g -O2  conftest.c >&5
configure:11969: $? = 0
configure:11969: /usr/bin/gcc -c -g -O2  conftest.c >&5
conftest.c: In function 'main':
conftest.c:78: error: expected expression before ')' token
configure:11969: $? = 1
configure: failed program was:
| /* confdefs.h */
| #define PACKAGE_NAME "ORBit2"
| #define PACKAGE_TARNAME "ORBit2"
| #define PACKAGE_VERSION "2.14.19"
| #define PACKAGE_STRING "ORBit2 2.14.19"
| #define PACKAGE_BUGREPORT "http://bugzilla.gnome.org/enter_bug.cgi?product=ORBit2"
| #define PACKAGE_URL ""
| #define STDC_HEADERS 1
| #define HAVE_SYS_TYPES_H 1
| #define HAVE_SYS_STAT_H 1
| #define HAVE_STDLIB_H 1
| #define HAVE_STRING_H 1
| #define HAVE_MEMORY_H 1
| #define HAVE_STRINGS_H 1
| #define HAVE_INTTYPES_H 1
| #define HAVE_STDINT_H 1
| #define HAVE_UNISTD_H 1
| #define HAVE_DLFCN_H 1
| #define LT_OBJDIR ".libs/"
| #define STDC_HEADERS 1
| #define HAVE_FCNTL_H 1
| #define HAVE_UNISTD_H 1
| #define HAVE_MACHINE_ENDIAN_H 1
| #define HAVE_SYS_POLL_H 1
| #define HAVE_SYS_SELECT_H 1
| #define HAVE_SYS_TIME_H 1
| #define HAVE_NETINET_IN_H 1
| #define HAVE_SYS_SOCKET_H 1
| #define HAVE_ARPA_INET_H 1
| #define HAVE_STDDEF_H 1
| #define HAVE_WCHAR_H 1
| #define HAVE_WCTYPE_H 1
| #define HAVE_MACHINE_TYPES_H 1
| #define HAVE_SYS_UN_H 1
| #define HAVE_SYS_UIO_H 1
| #define HAVE_SYSLOG_H 1
| #define HAVE_SYS_WAIT_H 1
| #define HAVE_NETDB_H 1
| #define HAVE_UTIME_H 1
| #define HAVE_SYS_SOCKIO_H 1
| /* end confdefs.h.  */
| #include <stdio.h>
| #ifdef HAVE_SYS_TYPES_H
| # include <sys/types.h>
| #endif
| #ifdef HAVE_SYS_STAT_H
| # include <sys/stat.h>
| #endif
| #ifdef STDC_HEADERS
| # include <stdlib.h>
| # include <stddef.h>
| #else
| # ifdef HAVE_STDLIB_H
| #  include <stdlib.h>
| # endif
| #endif
| #ifdef HAVE_STRING_H
| # if !defined STDC_HEADERS && defined HAVE_MEMORY_H
| #  include <memory.h>
| # endif
| # include <string.h>
| #endif
| #ifdef HAVE_STRINGS_H
| # include <strings.h>
| #endif
| #ifdef HAVE_INTTYPES_H
| # include <inttypes.h>
| #endif
| #ifdef HAVE_STDINT_H
| # include <stdint.h>
| #endif
| #ifdef HAVE_UNISTD_H
| # include <unistd.h>
| #endif
| int
| main ()
| {
| if (sizeof ((size_t)))
| 	    return 0;
|   ;
|   return 0;
| }
configure:11969: result: yes
configure:11983: checking for vprintf
configure:11983: /usr/bin/gcc -o conftest -g -O2    conftest.c  >&5
conftest.c:65: warning: conflicting types for built-in function 'vprintf'
configure:11983: $? = 0
configure:11983: result: yes
configure:11989: checking for _doprnt
configure:11989: /usr/bin/gcc -o conftest -g -O2    conftest.c  >&5
Undefined symbols:
  "__doprnt", referenced from:
      _main in ccJ2wVi1.o
ld: symbol(s) not found
collect2: ld returned 1 exit status
configure:11989: $? = 1
configure: failed program was:
| /* confdefs.h */
| #define PACKAGE_NAME "ORBit2"
| #define PACKAGE_TARNAME "ORBit2"
| #define PACKAGE_VERSION "2.14.19"
| #define PACKAGE_STRING "ORBit2 2.14.19"
| #define PACKAGE_BUGREPORT "http://bugzilla.gnome.org/enter_bug.cgi?product=ORBit2"
| #define PACKAGE_URL ""
| #define STDC_HEADERS 1
| #define HAVE_SYS_TYPES_H 1
| #define HAVE_SYS_STAT_H 1
| #define HAVE_STDLIB_H 1
| #define HAVE_STRING_H 1
| #define HAVE_MEMORY_H 1
| #define HAVE_STRINGS_H 1
| #define HAVE_INTTYPES_H 1
| #define HAVE_STDINT_H 1
| #define HAVE_UNISTD_H 1
| #define HAVE_DLFCN_H 1
| #define LT_OBJDIR ".libs/"
| #define STDC_HEADERS 1
| #define HAVE_FCNTL_H 1
| #define HAVE_UNISTD_H 1
| #define HAVE_MACHINE_ENDIAN_H 1
| #define HAVE_SYS_POLL_H 1
| #define HAVE_SYS_SELECT_H 1
| #define HAVE_SYS_TIME_H 1
| #define HAVE_NETINET_IN_H 1
| #define HAVE_SYS_SOCKET_H 1
| #define HAVE_ARPA_INET_H 1
| #define HAVE_STDDEF_H 1
| #define HAVE_WCHAR_H 1
| #define HAVE_WCTYPE_H 1
| #define HAVE_MACHINE_TYPES_H 1
| #define HAVE_SYS_UN_H 1
| #define HAVE_SYS_UIO_H 1
| #define HAVE_SYSLOG_H 1
| #define HAVE_SYS_WAIT_H 1
| #define HAVE_NETDB_H 1
| #define HAVE_UTIME_H 1
| #define HAVE_SYS_SOCKIO_H 1
| #define HAVE_VPRINTF 1
| /* end confdefs.h.  */
| /* Define _doprnt to an innocuous variant, in case <limits.h> declares _doprnt.
|    For example, HP-UX 11i <limits.h> declares gettimeofday.  */
| #define _doprnt innocuous__doprnt
| 
| /* System header to define __stub macros and hopefully few prototypes,
|     which can conflict with char _doprnt (); below.
|     Prefer <limits.h> to <assert.h> if __STDC__ is defined, since
|     <limits.h> exists even on freestanding compilers.  */
| 
| #ifdef __STDC__
| # include <limits.h>
| #else
| # include <assert.h>
| #endif
| 
| #undef _doprnt
| 
| /* Override any GCC internal prototype to avoid an error.
|    Use char because int might match the return type of a GCC
|    builtin and then its argument prototype would still apply.  */
| #ifdef __cplusplus
| extern "C"
| #endif
| char _doprnt ();
| /* The GNU C library defines this for functions which it implements
|     to always fail with ENOSYS.  Some functions are actually named
|     something starting with __ and the normal name is an alias.  */
| #if defined __stub__doprnt || defined __stub____doprnt
| choke me
| #endif
| 
| int
| main ()
| {
| return _doprnt ();
|   ;
|   return 0;
| }
configure:11989: result: no
configure:12001: checking for socket
configure:12001: /usr/bin/gcc -o conftest -g -O2    conftest.c  >&5
configure:12001: $? = 0
configure:12001: result: yes
configure:12052: checking for gethostbyname
configure:12052: /usr/bin/gcc -o conftest -g -O2    conftest.c  >&5
configure:12052: $? = 0
configure:12052: result: yes
configure:12103: checking for sigaction
configure:12103: /usr/bin/gcc -o conftest -g -O2    conftest.c  >&5
configure:12103: $? = 0
configure:12103: result: yes
configure:12108: checking for syslog
configure:12108: /usr/bin/gcc -o conftest -g -O2    conftest.c  >&5
configure:12108: $? = 0
configure:12108: result: yes
configure:12114: checking whether byte ordering is bigendian
configure:12129: /usr/bin/gcc -c -g -O2  conftest.c >&5
configure:12129: $? = 0
configure:12174: /usr/bin/gcc -c -g -O2  conftest.c >&5
configure:12174: $? = 0
configure:12192: /usr/bin/gcc -c -g -O2  conftest.c >&5
conftest.c: In function 'main':
conftest.c:50: error: 'not' undeclared (first use in this function)
conftest.c:50: error: (Each undeclared identifier is reported only once
conftest.c:50: error: for each function it appears in.)
conftest.c:50: error: expected ';' before 'big'
configure:12192: $? = 1
configure: failed program was:
| /* confdefs.h */
| #define PACKAGE_NAME "ORBit2"
| #define PACKAGE_TARNAME "ORBit2"
| #define PACKAGE_VERSION "2.14.19"
| #define PACKAGE_STRING "ORBit2 2.14.19"
| #define PACKAGE_BUGREPORT "http://bugzilla.gnome.org/enter_bug.cgi?product=ORBit2"
| #define PACKAGE_URL ""
| #define STDC_HEADERS 1
| #define HAVE_SYS_TYPES_H 1
| #define HAVE_SYS_STAT_H 1
| #define HAVE_STDLIB_H 1
| #define HAVE_STRING_H 1
| #define HAVE_MEMORY_H 1
| #define HAVE_STRINGS_H 1
| #define HAVE_INTTYPES_H 1
| #define HAVE_STDINT_H 1
| #define HAVE_UNISTD_H 1
| #define HAVE_DLFCN_H 1
| #define LT_OBJDIR ".libs/"
| #define STDC_HEADERS 1
| #define HAVE_FCNTL_H 1
| #define HAVE_UNISTD_H 1
| #define HAVE_MACHINE_ENDIAN_H 1
| #define HAVE_SYS_POLL_H 1
| #define HAVE_SYS_SELECT_H 1
| #define HAVE_SYS_TIME_H 1
| #define HAVE_NETINET_IN_H 1
| #define HAVE_SYS_SOCKET_H 1
| #define HAVE_ARPA_INET_H 1
| #define HAVE_STDDEF_H 1
| #define HAVE_WCHAR_H 1
| #define HAVE_WCTYPE_H 1
| #define HAVE_MACHINE_TYPES_H 1
| #define HAVE_SYS_UN_H 1
| #define HAVE_SYS_UIO_H 1
| #define HAVE_SYSLOG_H 1
| #define HAVE_SYS_WAIT_H 1
| #define HAVE_NETDB_H 1
| #define HAVE_UTIME_H 1
| #define HAVE_SYS_SOCKIO_H 1
| #define HAVE_VPRINTF 1
| /* end confdefs.h.  */
| #include <sys/types.h>
| 		#include <sys/param.h>
| 
| int
| main ()
| {
| #if BYTE_ORDER != BIG_ENDIAN
| 		 not big endian
| 		#endif
| 
|   ;
|   return 0;
| }
configure:12320: result: no
configure:12354: /usr/bin/gcc -o conftest -g -O2    conftest.c -L/usr/local/lib -lgobject-2.0 -lgthread-2.0 -lgmodule-2.0 -lglib-2.0 -lintl    >&5
configure:12354: $? = 0
configure:12354: ./conftest
configure:12354: $? = 0
configure:12371: checking alignment of CORBA_octet
configure:12398: /usr/bin/gcc -o conftest -g -O2  -D_REENTRANT -I/usr/local/include/glib-2.0 -I/usr/local/lib/glib-2.0/include     conftest.c -L/usr/local/lib -lgobject-2.0 -lgthread-2.0 -lgmodule-2.0 -lglib-2.0 -lintl    >&5
configure:12398: $? = 0
configure:12398: ./conftest
configure:12398: $? = 0
configure:12409: result: 1
configure:12418: checking alignment of CORBA_boolean
configure:12445: /usr/bin/gcc -o conftest -g -O2  -D_REENTRANT -I/usr/local/include/glib-2.0 -I/usr/local/lib/glib-2.0/include     conftest.c -L/usr/local/lib -lgobject-2.0 -lgthread-2.0 -lgmodule-2.0 -lglib-2.0 -lintl    >&5
configure:12445: $? = 0
configure:12445: ./conftest
configure:12445: $? = 0
configure:12456: result: 1
configure:12465: checking alignment of CORBA_char
configure:12492: /usr/bin/gcc -o conftest -g -O2  -D_REENTRANT -I/usr/local/include/glib-2.0 -I/usr/local/lib/glib-2.0/include     conftest.c -L/usr/local/lib -lgobject-2.0 -lgthread-2.0 -lgmodule-2.0 -lglib-2.0 -lintl    >&5
configure:12492: $? = 0
configure:12492: ./conftest
configure:12492: $? = 0
configure:12503: result: 1
configure:12512: checking alignment of CORBA_wchar
configure:12539: /usr/bin/gcc -o conftest -g -O2  -D_REENTRANT -I/usr/local/include/glib-2.0 -I/usr/local/lib/glib-2.0/include     conftest.c -L/usr/local/lib -lgobject-2.0 -lgthread-2.0 -lgmodule-2.0 -lglib-2.0 -lintl    >&5
configure:12539: $? = 0
configure:12539: ./conftest
configure:12539: $? = 0
configure:12550: result: 2
configure:12559: checking alignment of CORBA_short
configure:12586: /usr/bin/gcc -o conftest -g -O2  -D_REENTRANT -I/usr/local/include/glib-2.0 -I/usr/local/lib/glib-2.0/include     conftest.c -L/usr/local/lib -lgobject-2.0 -lgthread-2.0 -lgmodule-2.0 -lglib-2.0 -lintl    >&5
configure:12586: $? = 0
configure:12586: ./conftest
configure:12586: $? = 0
configure:12597: result: 2
configure:12606: checking alignment of CORBA_long
configure:12633: /usr/bin/gcc -o conftest -g -O2  -D_REENTRANT -I/usr/local/include/glib-2.0 -I/usr/local/lib/glib-2.0/include     conftest.c -L/usr/local/lib -lgobject-2.0 -lgthread-2.0 -lgmodule-2.0 -lglib-2.0 -lintl    >&5
configure:12633: $? = 0
configure:12633: ./conftest
configure:12633: $? = 0
configure:12644: result: 4
configure:12653: checking alignment of CORBA_long_long
configure:12680: /usr/bin/gcc -o conftest -g -O2  -D_REENTRANT -I/usr/local/include/glib-2.0 -I/usr/local/lib/glib-2.0/include     conftest.c -L/usr/local/lib -lgobject-2.0 -lgthread-2.0 -lgmodule-2.0 -lglib-2.0 -lintl    >&5
configure:12680: $? = 0
configure:12680: ./conftest
configure:12680: $? = 0
configure:12691: result: 4
configure:12700: checking alignment of CORBA_float
configure:12727: /usr/bin/gcc -o conftest -g -O2  -D_REENTRANT -I/usr/local/include/glib-2.0 -I/usr/local/lib/glib-2.0/include     conftest.c -L/usr/local/lib -lgobject-2.0 -lgthread-2.0 -lgmodule-2.0 -lglib-2.0 -lintl    >&5
configure:12727: $? = 0
configure:12727: ./conftest
configure:12727: $? = 0
configure:12738: result: 4
configure:12747: checking alignment of CORBA_double
configure:12774: /usr/bin/gcc -o conftest -g -O2  -D_REENTRANT -I/usr/local/include/glib-2.0 -I/usr/local/lib/glib-2.0/include     conftest.c -L/usr/local/lib -lgobject-2.0 -lgthread-2.0 -lgmodule-2.0 -lglib-2.0 -lintl    >&5
configure:12774: $? = 0
configure:12774: ./conftest
configure:12774: $? = 0
configure:12785: result: 4
configure:12794: checking alignment of CORBA_long_double
configure:12821: /usr/bin/gcc -o conftest -g -O2  -D_REENTRANT -I/usr/local/include/glib-2.0 -I/usr/local/lib/glib-2.0/include     conftest.c -L/usr/local/lib -lgobject-2.0 -lgthread-2.0 -lgmodule-2.0 -lglib-2.0 -lintl    >&5
configure:12821: $? = 0
configure:12821: ./conftest
configure:12821: $? = 0
configure:12832: result: 4
configure:12841: checking alignment of CORBA_struct
configure:12868: /usr/bin/gcc -o conftest -g -O2  -D_REENTRANT -I/usr/local/include/glib-2.0 -I/usr/local/lib/glib-2.0/include     conftest.c -L/usr/local/lib -lgobject-2.0 -lgthread-2.0 -lgmodule-2.0 -lglib-2.0 -lintl    >&5
configure:12868: $? = 0
configure:12868: ./conftest
configure:12868: $? = 0
configure:12879: result: 1
configure:12888: checking alignment of CORBA_pointer
configure:12915: /usr/bin/gcc -o conftest -g -O2  -D_REENTRANT -I/usr/local/include/glib-2.0 -I/usr/local/lib/glib-2.0/include     conftest.c -L/usr/local/lib -lgobject-2.0 -lgthread-2.0 -lgmodule-2.0 -lglib-2.0 -lintl    >&5
configure:12915: $? = 0
configure:12915: ./conftest
configure:12915: $? = 0
configure:12926: result: 4
configure:12943: checking what warning flags to pass to the C compiler
configure:12945: result: -Wall -Wunused -Wmissing-prototypes -Wmissing-declarations
configure:12960: checking for LINC
configure:12967: $PKG_CONFIG --exists --print-errors "glib-2.0 >= $GLIB_REQUIRED gobject-2.0 >= $GLIB_REQUIRED gthread-2.0 >= $GLIB_REQUIRED"
configure:12970: $? = 0
configure:12983: $PKG_CONFIG --exists --print-errors "glib-2.0 >= $GLIB_REQUIRED gobject-2.0 >= $GLIB_REQUIRED gthread-2.0 >= $GLIB_REQUIRED"
configure:12986: $? = 0
configure:13043: result: yes
configure:13050: checking for ANSI C header files
configure:13154: result: yes
configure:13165: checking for fcntl.h
configure:13165: result: yes
configure:13165: checking for unistd.h
configure:13165: result: yes
configure:13165: checking for sys/endian.h
configure:13165: result: no
configure:13165: checking for endian.h
configure:13165: result: no
configure:13165: checking for machine/endian.h
configure:13165: result: yes
configure:13165: checking for sys/machine.h
configure:13165: result: no
configure:13165: checking for sys/isa_defs.h
configure:13165: result: no
configure:13165: checking for sys/poll.h
configure:13165: result: yes
configure:13178: checking for stddef.h
configure:13178: result: yes
configure:13178: checking for wchar.h
configure:13178: result: yes
configure:13178: checking for wcstr.h
configure:13178: result: no
configure:13178: checking for wctype.h
configure:13178: result: yes
configure:13178: checking for machine/types.h
configure:13178: result: yes
configure:13191: checking for netinet/in.h
configure:13191: result: yes
configure:13191: checking netinet/tcp.h usability
configure:13191: /usr/bin/gcc -c -g -O2  conftest.c >&5
configure:13191: $? = 0
configure:13191: result: yes
configure:13191: checking netinet/tcp.h presence
configure:13191: /usr/bin/gcc -E  conftest.c
configure:13191: $? = 0
configure:13191: result: yes
configure:13191: checking for netinet/tcp.h
configure:13191: result: yes
configure:13191: checking for sys/un.h
configure:13191: result: yes
configure:13204: checking arpa/nameser.h usability
configure:13204: /usr/bin/gcc -c -g -O2  conftest.c >&5
configure:13204: $? = 0
configure:13204: result: yes
configure:13204: checking arpa/nameser.h presence
configure:13204: /usr/bin/gcc -E  conftest.c
configure:13204: $? = 0
configure:13204: result: yes
configure:13204: checking for arpa/nameser.h
configure:13204: result: yes
configure:13204: checking resolv.h usability
configure:13204: /usr/bin/gcc -c -g -O2  conftest.c >&5
configure:13204: $? = 0
configure:13204: result: yes
configure:13204: checking resolv.h presence
configure:13204: /usr/bin/gcc -E  conftest.c
configure:13204: $? = 0
configure:13204: result: yes
configure:13204: checking for resolv.h
configure:13204: result: yes
configure:13218: checking for poll
configure:13218: /usr/bin/gcc -o conftest -g -O2    conftest.c  >&5
configure:13218: $? = 0
configure:13218: result: yes
configure:13218: checking for basename
configure:13218: /usr/bin/gcc -o conftest -g -O2    conftest.c  >&5
configure:13218: $? = 0
configure:13218: result: yes
configure:13227: checking for res_init
configure:13227: /usr/bin/gcc -o conftest -g -O2    conftest.c  >&5
configure:13227: $? = 0
configure:13227: result: yes
configure:13278: checking for res_9_init in -lresolv
configure:13303: /usr/bin/gcc -o conftest -g -O2    conftest.c -lresolv   >&5
configure:13303: $? = 0
configure:13312: result: yes
configure:13323: checking for socket
configure:13323: result: yes
configure:13374: checking for gethostbyname
configure:13374: result: yes
configure:13425: checking for getaddrinfo
configure:13425: /usr/bin/gcc -o conftest -g -O2    conftest.c -lresolv  >&5
configure:13425: $? = 0
configure:13425: result: yes
configure:13481: checking for getnameinfo
configure:13481: /usr/bin/gcc -o conftest -g -O2    conftest.c -lresolv  >&5
configure:13481: $? = 0
configure:13481: result: yes
configure:13538: checking for inet_pton
configure:13538: /usr/bin/gcc -o conftest -g -O2    conftest.c -lresolv  >&5
configure:13538: $? = 0
configure:13538: result: yes
configure:13551: checking for socklen_t
configure:13569: /usr/bin/gcc -c -g -O2  conftest.c >&5
configure:13569: $? = 0
configure:13570: result: yes
configure:13583: checking if sockaddr has sa_len member
configure:13601: /usr/bin/gcc -c -g -O2  conftest.c >&5
configure:13601: $? = 0
configure:13608: result: yes
configure:13617: checking CFLAGS for gcc -Werror-implicit-function-declaration
configure:13644: /usr/bin/gcc -c -g -O2 -pedantic  -Werror-implicit-function-declaration  conftest.c >&5
configure:13644: $? = 0
configure:13658: result: -Werror-implicit-function-declaration
configure:13670: : CFLAGS="$CFLAGS $ac_cv_cflags_gcc_option__Werror_implicit_function_declaration"
configure:13673: $? = 0
configure:13688: checking for gtkdoc-check
configure:13721: result: no
configure:13730: checking for gtkdoc-rebase
configure:13763: result: no
configure:13774: checking for gtkdoc-mkpdf
configure:13807: result: no
configure:13845: checking whether to build gtk-doc documentation
configure:13847: result: no
configure:14068: creating ./config.status

## ---------------------- ##
## Running config.status. ##
## ---------------------- ##

This file was extended by ORBit2 config.status 2.14.19, which was
generated by GNU Autoconf 2.67.  Invocation command line was

  CONFIG_FILES    = 
  CONFIG_HEADERS  = 
  CONFIG_LINKS    = 
  CONFIG_COMMANDS = 
  $ ./config.status 

on Chriss-iPad

config.status:1219: creating Makefile
config.status:1219: creating orbit2-config
config.status:1219: creating ORBit-2.0.pc
config.status:1219: creating ORBit-2.0-uninstalled.pc
config.status:1219: creating ORBit-CosNaming-2.0.pc
config.status:1219: creating ORBit-CosNaming-2.0-uninstalled.pc
config.status:1219: creating ORBit-imodule-2.0.pc
config.status:1219: creating ORBit-imodule-2.0-uninstalled.pc
config.status:1219: creating ORBit.spec
config.status:1219: creating orbit2-zip
config.status:1219: creating src/Makefile
config.status:1219: creating src/idl-compiler/Makefile
config.status:1219: creating src/idl-compiler/ORBit-idl-2.0.pc
config.status:1219: creating src/idl/Makefile
config.status:1219: creating src/idl/CORBA/Makefile
config.status:1219: creating src/idl/CORBA_PIDL/Makefile
config.status:1219: creating src/idl/interop/Makefile
config.status:1219: creating src/idl/misc/Makefile
config.status:1219: creating src/orb/Makefile
config.status:1219: creating src/orb/include/Makefile
config.status:1219: creating src/orb/util/Makefile
config.status:1219: creating src/orb/GIOP/Makefile
config.status:1219: creating src/orb/orb-core/Makefile
config.status:1219: creating src/orb/dynamic/Makefile
config.status:1219: creating src/orb/poa/Makefile
config.status:1219: creating src/services/Makefile
config.status:1219: creating src/services/name/Makefile
config.status:1219: creating src/services/imodule/Makefile
config.status:1219: creating include/Makefile
config.status:1219: creating include/orbit/Makefile
config.status:1219: creating include/orbit/orbit-config.h
config.status:1219: creating include/orbit/GIOP/Makefile
config.status:1219: creating include/orbit/util/Makefile
config.status:1219: creating include/orbit/orb-core/Makefile
config.status:1219: creating include/orbit/poa/Makefile
config.status:1219: creating include/orbit/dynamic/Makefile
config.status:1219: creating test/Makefile
config.status:1219: creating test/everything/Makefile
config.status:1219: creating test/inhibit/Makefile
config.status:1219: creating test/poa/Makefile
config.status:1219: creating docs/Makefile
config.status:1219: creating docs/devel/Makefile
config.status:1219: creating docs/internals/Makefile
config.status:1219: creating docs/api/Makefile
config.status:1219: creating linc2/Makefile
config.status:1219: creating linc2/src/Makefile
config.status:1219: creating linc2/test/Makefile
config.status:1219: creating linc2/include/Makefile
config.status:1219: creating linc2/include/linc/Makefile
config.status:1219: creating linc2/include/linc/linc-config.h
config.status:1219: creating config.h
config.status:1447: executing depfiles commands
config.status:1447: executing libtool commands

## ---------------- ##
## Cache variables. ##
## ---------------- ##

ac_cv_alignof_CORBA_boolean=1
ac_cv_alignof_CORBA_char=1
ac_cv_alignof_CORBA_double=4
ac_cv_alignof_CORBA_float=4
ac_cv_alignof_CORBA_long=4
ac_cv_alignof_CORBA_long_double=4
ac_cv_alignof_CORBA_long_long=4
ac_cv_alignof_CORBA_octet=1
ac_cv_alignof_CORBA_pointer=4
ac_cv_alignof_CORBA_short=2
ac_cv_alignof_CORBA_struct=1
ac_cv_alignof_CORBA_wchar=2
ac_cv_build=arm-apple-darwin10.4.0
ac_cv_c_bigendian=no
ac_cv_c_compiler_gnu=yes
ac_cv_c_const=yes
ac_cv_c_inline=inline
ac_cv_cflags_gcc_option__Werror_implicit_function_declaration=-Werror-implicit-function-declaration
ac_cv_env_CC_set=set
ac_cv_env_CC_value=/usr/bin/gcc
ac_cv_env_CFLAGS_set=
ac_cv_env_CFLAGS_value=
ac_cv_env_CPPFLAGS_set=
ac_cv_env_CPPFLAGS_value=
ac_cv_env_CPP_set=
ac_cv_env_CPP_value=
ac_cv_env_LDFLAGS_set=
ac_cv_env_LDFLAGS_value=
ac_cv_env_LIBS_set=
ac_cv_env_LIBS_value=
ac_cv_env_LINC_CFLAGS_set=
ac_cv_env_LINC_CFLAGS_value=
ac_cv_env_LINC_LIBS_set=
ac_cv_env_LINC_LIBS_value=
ac_cv_env_ORBIT_CFLAGS_set=
ac_cv_env_ORBIT_CFLAGS_value=
ac_cv_env_ORBIT_IDL_CFLAGS_set=
ac_cv_env_ORBIT_IDL_CFLAGS_value=
ac_cv_env_ORBIT_IDL_LIBS_set=
ac_cv_env_ORBIT_IDL_LIBS_value=
ac_cv_env_ORBIT_LIBS_set=
ac_cv_env_ORBIT_LIBS_value=
ac_cv_env_ORBIT_NAME_CFLAGS_set=
ac_cv_env_ORBIT_NAME_CFLAGS_value=
ac_cv_env_ORBIT_NAME_LIBS_set=
ac_cv_env_ORBIT_NAME_LIBS_value=
ac_cv_env_PKG_CONFIG_LIBDIR_set=
ac_cv_env_PKG_CONFIG_LIBDIR_value=
ac_cv_env_PKG_CONFIG_PATH_set=set
ac_cv_env_PKG_CONFIG_PATH_value=/usr/local/lib/pkgconfig:/usr/lib/pkgconfig
ac_cv_env_PKG_CONFIG_set=
ac_cv_env_PKG_CONFIG_value=
ac_cv_env_build_alias_set=
ac_cv_env_build_alias_value=
ac_cv_env_host_alias_set=
ac_cv_env_host_alias_value=
ac_cv_env_target_alias_set=
ac_cv_env_target_alias_value=
ac_cv_func__doprnt=no
ac_cv_func_basename=yes
ac_cv_func_getaddrinfo=yes
ac_cv_func_gethostbyname=yes
ac_cv_func_getnameinfo=yes
ac_cv_func_inet_pton=yes
ac_cv_func_poll=yes
ac_cv_func_res_init=yes
ac_cv_func_sigaction=yes
ac_cv_func_socket=yes
ac_cv_func_syslog=yes
ac_cv_func_vprintf=yes
ac_cv_header_arpa_inet_h=yes
ac_cv_header_arpa_nameser_h=yes
ac_cv_header_dlfcn_h=yes
ac_cv_header_endian_h=no
ac_cv_header_fcntl_h=yes
ac_cv_header_inttypes_h=yes
ac_cv_header_linux_socket_h=no
ac_cv_header_machine_endian_h=yes
ac_cv_header_machine_types_h=yes
ac_cv_header_memory_h=yes
ac_cv_header_netdb_h=yes
ac_cv_header_netinet_in_h=yes
ac_cv_header_netinet_tcp_h=yes
ac_cv_header_resolv_h=yes
ac_cv_header_stdc=yes
ac_cv_header_stddef_h=yes
ac_cv_header_stdint_h=yes
ac_cv_header_stdlib_h=yes
ac_cv_header_string_h=yes
ac_cv_header_strings_h=yes
ac_cv_header_sys_endian_h=no
ac_cv_header_sys_isa_defs_h=no
ac_cv_header_sys_machine_h=no
ac_cv_header_sys_poll_h=yes
ac_cv_header_sys_select_h=yes
ac_cv_header_sys_socket_h=yes
ac_cv_header_sys_sockio_h=yes
ac_cv_header_sys_stat_h=yes
ac_cv_header_sys_time_h=yes
ac_cv_header_sys_types_h=yes
ac_cv_header_sys_uio_h=yes
ac_cv_header_sys_un_h=yes
ac_cv_header_sys_utime_h=no
ac_cv_header_sys_wait_h=yes
ac_cv_header_syslog_h=yes
ac_cv_header_unistd_h=yes
ac_cv_header_utime_h=yes
ac_cv_header_wchar_h=yes
ac_cv_header_wcstr_h=no
ac_cv_header_wctype_h=yes
ac_cv_host=arm-apple-darwin10.4.0
ac_cv_lib_dl_dlopen=no
ac_cv_lib_resolv_res_9_init=yes
ac_cv_objext=o
ac_cv_orbit_aclocal_flags=
ac_cv_path_EGREP='/bin/grep -E'
ac_cv_path_FGREP='/bin/grep -F'
ac_cv_path_GREP=/bin/grep
ac_cv_path_SED=/bin/sed
ac_cv_path_ac_pt_PKG_CONFIG=/usr/bin/pkg-config
ac_cv_path_install='/usr/bin/install -c'
ac_cv_path_mkdir=/bin/mkdir
ac_cv_prog_AWK=gawk
ac_cv_prog_CPP='/usr/bin/gcc -E'
ac_cv_prog_ac_ct_AR=ar
ac_cv_prog_ac_ct_CC=/usr/bin/gcc
ac_cv_prog_ac_ct_LIPO=lipo
ac_cv_prog_ac_ct_NMEDIT=nmedit
ac_cv_prog_ac_ct_OBJDUMP=objdump
ac_cv_prog_ac_ct_OTOOL64=otool64
ac_cv_prog_ac_ct_OTOOL=otool
ac_cv_prog_ac_ct_RANLIB=ranlib
ac_cv_prog_ac_ct_STRIP=strip
ac_cv_prog_cc_c89=
ac_cv_prog_cc_g=yes
ac_cv_prog_make_make_set=yes
ac_cv_sockaddr_has_sa_len=yes
ac_cv_type_size_t=yes
am_cv_CC_dependencies_compiler_type=gcc3
lt_cv_apple_cc_single_mod=yes
lt_cv_deplibs_check_method=pass_all
lt_cv_dlopen=dyld
lt_cv_dlopen_libs=
lt_cv_dlopen_self=yes
lt_cv_file_magic_cmd='$MAGIC_CMD'
lt_cv_file_magic_test_file=
lt_cv_ld_exported_symbols_list=yes
lt_cv_ld_reload_flag=-r
lt_cv_nm_interface='BSD nm'
lt_cv_objdir=.libs
lt_cv_path_LD=/usr/bin/ld
lt_cv_path_NM='/usr/bin/nm -p'
lt_cv_prog_compiler_c_o=yes
lt_cv_prog_compiler_pic_works=yes
lt_cv_prog_compiler_rtti_exceptions=no
lt_cv_prog_compiler_static_works=no
lt_cv_prog_gnu_ld=no
lt_cv_sys_global_symbol_pipe='sed -n -e '\''s/^.*[	 ]\([BCDEGRST][BCDEGRST]*\)[	 ][	 ]*_\([_A-Za-z][_A-Za-z0-9]*\)$/\1 _\2 \2/p'\'''
lt_cv_sys_global_symbol_to_c_name_address='sed -n -e '\''s/^: \([^ ]*\) $/  {\"\1\", (void *) 0},/p'\'' -e '\''s/^[BCDEGRST]* \([^ ]*\) \([^ ]*\)$/  {"\2", (void *) \&\2},/p'\'''
lt_cv_sys_global_symbol_to_c_name_address_lib_prefix='sed -n -e '\''s/^: \([^ ]*\) $/  {\"\1\", (void *) 0},/p'\'' -e '\''s/^[BCDEGRST]* \([^ ]*\) \(lib[^ ]*\)$/  {"\2", (void *) \&\2},/p'\'' -e '\''s/^[BCDEGRST]* \([^ ]*\) \([^ ]*\)$/  {"lib\2", (void *) \&\2},/p'\'''
lt_cv_sys_global_symbol_to_cdecl='sed -n -e '\''s/^T .* \(.*\)$/extern int \1();/p'\'' -e '\''s/^[BCDEGRST]* .* \(.*\)$/extern char \1;/p'\'''
lt_cv_sys_max_cmd_len=196608
pkg_cv_LINC_CFLAGS='-D_REENTRANT -I/usr/local/include/glib-2.0 -I/usr/local/lib/glib-2.0/include  '
pkg_cv_LINC_LIBS='-L/usr/local/lib -lgobject-2.0 -lgthread-2.0 -lglib-2.0 -lintl  '
pkg_cv_ORBIT_CFLAGS='-D_REENTRANT -I/usr/local/include/glib-2.0 -I/usr/local/lib/glib-2.0/include  '
pkg_cv_ORBIT_IDL_CFLAGS='-D_REENTRANT -I/usr/local/include/libIDL-2.0 -I/usr/local/include/glib-2.0 -I/usr/local/lib/glib-2.0/include  '
pkg_cv_ORBIT_IDL_LIBS='-L/usr/local/lib -lIDL-2 -lgobject-2.0 -lgthread-2.0 -lgmodule-2.0 -lglib-2.0 -lintl  '
pkg_cv_ORBIT_LIBS='-L/usr/local/lib -lgobject-2.0 -lgthread-2.0 -lgmodule-2.0 -lglib-2.0 -lintl  '
pkg_cv_ORBIT_NAME_CFLAGS='-D_REENTRANT -I/usr/local/include/glib-2.0 -I/usr/local/lib/glib-2.0/include  '
pkg_cv_ORBIT_NAME_LIBS='-L/usr/local/lib -lgobject-2.0 -lgthread-2.0 -lgmodule-2.0 -lglib-2.0 -lintl  '

## ----------------- ##
## Output variables. ##
## ----------------- ##

ACLOCAL='${SHELL} /home/chris/ORBit2-2.14.19/missing --run aclocal-1.11 '
AMDEPBACKSLASH='\'
AMDEP_FALSE='#'
AMDEP_TRUE=''
AMTAR='${SHELL} /home/chris/ORBit2-2.14.19/missing --run tar'
AR='ar'
AS='as'
AUTOCONF='${SHELL} /home/chris/ORBit2-2.14.19/missing --run autoconf'
AUTOHEADER='${SHELL} /home/chris/ORBit2-2.14.19/missing --run autoheader'
AUTOMAKE='${SHELL} /home/chris/ORBit2-2.14.19/missing --run automake-1.11'
AWK='gawk'
CC='/usr/bin/gcc'
CCDEPMODE='depmode=gcc3'
CFLAGS='-g -O2 -Werror-implicit-function-declaration '
CPP='/usr/bin/gcc -E'
CPPFLAGS=''
CYGPATH_W='echo'
DEFS='-DHAVE_CONFIG_H'
DEPDIR='.deps'
DISABLE_DEPRECATED_CFLAGS=''
DLLTOOL='dlltool'
DSYMUTIL=':'
DUMPBIN=''
ECHO_C=''
ECHO_N='-n'
ECHO_T=''
EGREP='/bin/grep -E'
ENABLE_GTK_DOC_FALSE=''
ENABLE_GTK_DOC_TRUE='#'
ENABLE_HTTP_FALSE=''
ENABLE_HTTP_TRUE='#'
EXEEXT=''
FGREP='/bin/grep -F'
GLIB_REQUIRED='2.8.0'
GREP='/bin/grep'
GTKDOC_CHECK=''
GTKDOC_MKPDF=''
GTKDOC_REBASE='true'
GTK_DOC_BUILD_HTML_FALSE='#'
GTK_DOC_BUILD_HTML_TRUE=''
GTK_DOC_BUILD_PDF_FALSE=''
GTK_DOC_BUILD_PDF_TRUE='#'
GTK_DOC_USE_LIBTOOL_FALSE='#'
GTK_DOC_USE_LIBTOOL_TRUE=''
GTK_DOC_USE_REBASE_FALSE='#'
GTK_DOC_USE_REBASE_TRUE=''
HTML_DIR='${datadir}/gtk-doc/html'
IDL_COMPILER='$(top_builddir)/src/idl-compiler/orbit-idl-2$(EXEEXT)'
INSTALL_DATA='${INSTALL} -m 644'
INSTALL_PROGRAM='${INSTALL}'
INSTALL_SCRIPT='${INSTALL}'
INSTALL_STRIP_PROGRAM='$(install_sh) -c -s'
LD='/usr/bin/ld'
LDFLAGS=' '
LIBIDL_REQUIRED='0.8.2'
LIBM='-lm'
LIBOBJS=''
LIBS='-lresolv '
LIBTOOL='$(SHELL) $(top_builddir)/libtool'
LINC_CFLAGS='-D_REENTRANT -I/usr/local/include/glib-2.0 -I/usr/local/lib/glib-2.0/include  '
LINC_LIBS='-L/usr/local/lib -lgobject-2.0 -lgthread-2.0 -lglib-2.0 -lintl  '
LIPO='lipo'
LN_S='ln -s'
LOCAL_LINC_CFLAGS='-I$(top_srcdir)/linc2/include -I$(top_builddir)/linc2/include'
LOCAL_LINC_LIBS='$(top_builddir)/linc2/src/liblinc.la'
LTLIBOBJS=''
LT_VERSION='1:0:1'
MAINT='#'
MAINTAINER_MODE_FALSE=''
MAINTAINER_MODE_TRUE='#'
MAKEINFO='${SHELL} /home/chris/ORBit2-2.14.19/missing --run makeinfo'
MINGW_LDFLAGS=''
MKDIR_P='/bin/mkdir -p'
NM='/usr/bin/nm -p'
NMEDIT='nmedit'
OBJDUMP='objdump'
OBJEXT='o'
ORBIT_ALIGNOF_CORBA_BOOLEAN='1'
ORBIT_ALIGNOF_CORBA_CHAR='1'
ORBIT_ALIGNOF_CORBA_DOUBLE='4'
ORBIT_ALIGNOF_CORBA_FLOAT='4'
ORBIT_ALIGNOF_CORBA_LONG='4'
ORBIT_ALIGNOF_CORBA_LONG_DOUBLE='4'
ORBIT_ALIGNOF_CORBA_LONG_LONG='4'
ORBIT_ALIGNOF_CORBA_OCTET='1'
ORBIT_ALIGNOF_CORBA_POINTER='4'
ORBIT_ALIGNOF_CORBA_SHORT='2'
ORBIT_ALIGNOF_CORBA_STRUCT='1'
ORBIT_ALIGNOF_CORBA_WCHAR='2'
ORBIT_CFLAGS='-D_REENTRANT -I/usr/local/include/glib-2.0 -I/usr/local/lib/glib-2.0/include  '
ORBIT_IDL_CFLAGS='-D_REENTRANT -I/usr/local/include/libIDL-2.0 -I/usr/local/include/glib-2.0 -I/usr/local/lib/glib-2.0/include  '
ORBIT_IDL_LIBS='-L/usr/local/lib -lIDL-2 -lgobject-2.0 -lgthread-2.0 -lgmodule-2.0 -lglib-2.0 -lintl  '
ORBIT_LIBS='-L/usr/local/lib -lgobject-2.0 -lgthread-2.0 -lgmodule-2.0 -lglib-2.0 -lintl  '
ORBIT_MAJOR_VERSION='2'
ORBIT_MICRO_VERSION='19'
ORBIT_MINOR_VERSION='14'
ORBIT_NAME_CFLAGS='-D_REENTRANT -I/usr/local/include/glib-2.0 -I/usr/local/lib/glib-2.0/include  '
ORBIT_NAME_LIBS='-L/usr/local/lib -lgobject-2.0 -lgthread-2.0 -lgmodule-2.0 -lglib-2.0 -lintl  '
ORBIT_SERIAL='20'
ORBIT_VERSION='2.14.19'
OS_WIN32_FALSE=''
OS_WIN32_TRUE='#'
OTOOL64='otool64'
OTOOL='otool'
PACKAGE='ORBit2'
PACKAGE_BUGREPORT='http://bugzilla.gnome.org/enter_bug.cgi?product=ORBit2'
PACKAGE_NAME='ORBit2'
PACKAGE_STRING='ORBit2 2.14.19'
PACKAGE_TARNAME='ORBit2'
PACKAGE_URL=''
PACKAGE_VERSION='2.14.19'
PATH_SEPARATOR=':'
PKG_CONFIG='/usr/bin/pkg-config'
PKG_CONFIG_LIBDIR=''
PKG_CONFIG_PATH='/usr/local/lib/pkgconfig:/usr/lib/pkgconfig'
RANLIB='ranlib'
SED='/bin/sed'
SET_MAKE=''
SHELL='/bin/sh'
STRIP='strip'
VERSION='2.14.19'
WARN_CFLAGS='-Wall -Wunused -Wmissing-prototypes -Wmissing-declarations'
ac_ct_CC='/usr/bin/gcc'
ac_ct_DUMPBIN=''
am__EXEEXT_FALSE=''
am__EXEEXT_TRUE='#'
am__fastdepCC_FALSE='#'
am__fastdepCC_TRUE=''
am__include='include'
am__isrc=''
am__leading_dot='.'
am__quote=''
am__tar='${AMTAR} chof - "$$tardir"'
am__untar='${AMTAR} xf -'
bindir='${exec_prefix}/bin'
build='arm-apple-darwin10.4.0'
build_alias=''
build_cpu='arm'
build_os='darwin10.4.0'
build_vendor='apple'
datadir='${datarootdir}'
datarootdir='${prefix}/share'
docdir='${datarootdir}/doc/${PACKAGE_TARNAME}'
dvidir='${docdir}'
exec_prefix='${prefix}'
host='arm-apple-darwin10.4.0'
host_alias=''
host_cpu='arm'
host_os='darwin10.4.0'
host_vendor='apple'
htmldir='${docdir}'
includedir='${prefix}/include'
infodir='${datarootdir}/info'
install_sh='${SHELL} /home/chris/ORBit2-2.14.19/install-sh'
libdir='${exec_prefix}/lib'
libexecdir='${exec_prefix}/libexec'
localedir='${datarootdir}/locale'
localstatedir='${prefix}/var'
lt_ECHO='echo'
mandir='${datarootdir}/man'
mkdir_p='/bin/mkdir -p'
oldincludedir='/usr/include'
pdfdir='${docdir}'
pkglibdir=''
prefix='/usr/local'
program_transform_name='s,x,x,'
psdir='${docdir}'
sbindir='${exec_prefix}/sbin'
sharedstatedir='${prefix}/com'
sysconfdir='${prefix}/etc'
target_alias=''

## ----------- ##
## confdefs.h. ##
## ----------- ##

/* confdefs.h */
#define PACKAGE_NAME "ORBit2"
#define PACKAGE_TARNAME "ORBit2"
#define PACKAGE_VERSION "2.14.19"
#define PACKAGE_STRING "ORBit2 2.14.19"
#define PACKAGE_BUGREPORT "http://bugzilla.gnome.org/enter_bug.cgi?product=ORBit2"
#define PACKAGE_URL ""
#define STDC_HEADERS 1
#define HAVE_SYS_TYPES_H 1
#define HAVE_SYS_STAT_H 1
#define HAVE_STDLIB_H 1
#define HAVE_STRING_H 1
#define HAVE_MEMORY_H 1
#define HAVE_STRINGS_H 1
#define HAVE_INTTYPES_H 1
#define HAVE_STDINT_H 1
#define HAVE_UNISTD_H 1
#define HAVE_DLFCN_H 1
#define LT_OBJDIR ".libs/"
#define STDC_HEADERS 1
#define HAVE_FCNTL_H 1
#define HAVE_UNISTD_H 1
#define HAVE_MACHINE_ENDIAN_H 1
#define HAVE_SYS_POLL_H 1
#define HAVE_SYS_SELECT_H 1
#define HAVE_SYS_TIME_H 1
#define HAVE_NETINET_IN_H 1
#define HAVE_SYS_SOCKET_H 1
#define HAVE_ARPA_INET_H 1
#define HAVE_STDDEF_H 1
#define HAVE_WCHAR_H 1
#define HAVE_WCTYPE_H 1
#define HAVE_MACHINE_TYPES_H 1
#define HAVE_SYS_UN_H 1
#define HAVE_SYS_UIO_H 1
#define HAVE_SYSLOG_H 1
#define HAVE_SYS_WAIT_H 1
#define HAVE_NETDB_H 1
#define HAVE_UTIME_H 1
#define HAVE_SYS_SOCKIO_H 1
#define HAVE_VPRINTF 1
#define STDC_HEADERS 1
#define HAVE_FCNTL_H 1
#define HAVE_UNISTD_H 1
#define HAVE_MACHINE_ENDIAN_H 1
#define HAVE_SYS_POLL_H 1
#define HAVE_STDDEF_H 1
#define HAVE_WCHAR_H 1
#define HAVE_WCTYPE_H 1
#define HAVE_MACHINE_TYPES_H 1
#define HAVE_NETINET_IN_H 1
#define HAVE_NETINET_TCP_H 1
#define HAVE_SYS_UN_H 1
#define HAVE_ARPA_NAMESER_H 1
#define HAVE_RESOLV_H 1
#define HAVE_POLL 1
#define HAVE_BASENAME 1
#define HAVE_LIBRESOLV 1
#define HAVE_GETADDRINFO 1
#define HAVE_GETNAMEINFO 1
#define HAVE_INET_PTON 1
#define HAVE_SOCKADDR_SA_LEN 1

configure: exit 0
