This file contains any messages produced by compilers while
running configure, to aid debugging if configure makes a mistake.

It was created by libXft configure 2.1.13, which was
generated by GNU Autoconf 2.61.  Invocation command line was

  $ ./configure 

## --------- ##
## Platform. ##
## --------- ##

hostname = Chriss-iPad
uname -m = iPad1,1
uname -r = 10.4.0
uname -s = Darwin
uname -v = Darwin Kernel Version 10.4.0: Wed Oct 20 20:14:45 PDT 2010; root:xnu-1504.58.28~3/RELEASE_ARM_S5L8930X

/usr/bin/uname -p = unknown
/bin/uname -X     = unknown

/bin/arch              = unknown
/usr/bin/arch -k       = unknown
/usr/convex/getsysinfo = unknown
/usr/bin/hostinfo      = Mach kernel version:
	 Darwin Kernel Version 10.4.0: Wed Oct 20 20:14:45 PDT 2010; root:xnu-1504.58.28~3/RELEASE_ARM_S5L8930X
Kernel configured for a single processor only.
1 processor is physically available.
1 processor is logically available.
Processor type: armv7 (arm v7)
Processor active: 0
Primary memory available: 247.00 megabytes
Default processor set: 32 tasks, 230 threads, 1 processors
Load average: 1.81, Mach factor: 0.47
/bin/machine           = unknown
/usr/bin/oslevel       = unknown
/bin/universe          = unknown

PATH: /usr/local/sbin
PATH: /usr/local/bin
PATH: /usr/sbin
PATH: /usr/bin
PATH: /sbin
PATH: /bin
PATH: /usr/bin/X11
PATH: /usr/games
PATH: /var/mobile/ocaml-3.12.0/bin


## ----------- ##
## Core tests. ##
## ----------- ##

configure:2024: checking for a BSD-compatible install
configure:2080: result: /usr/bin/install -c
configure:2091: checking whether build environment is sane
configure:2134: result: yes
configure:2162: checking for a thread-safe mkdir -p
configure:2201: result: /bin/mkdir -p
configure:2214: checking for gawk
configure:2230: found /usr/bin/gawk
configure:2241: result: gawk
configure:2252: checking whether make sets $(MAKE)
configure:2273: result: yes
configure:2461: checking whether to enable maintainer-specific portions of Makefiles
configure:2470: result: no
configure:2536: checking for gcc
configure:2563: result: /usr/bin/gcc
configure:2801: checking for C compiler version
configure:2808: /usr/bin/gcc --version >&5
gcc (GCC) 4.2.1 (Based on Apple Inc. build 5555)
Copyright (C) 2007 Free Software Foundation, Inc.
This is free software; see the source for copying conditions.  There is NO
warranty; not even for MERCHANTABILITY or FITNESS FOR A PARTICULAR PURPOSE.

configure:2811: $? = 0
configure:2818: /usr/bin/gcc -v >&5
Using built-in specs.
Target: arm-apple-darwin9
Configured with: ../llvm-gcc-4.2/configure --build=x86_64-unknown-linux-gnu --host=arm-apple-darwin9 --enable-static=no --enable-shared=yes --prefix=/usr --localstatedir=/var/cache/iphone-gcc --enable-languages=c,c++,objc,obj-c++ --enable-wchar_t=no --with-gxx-include-dir=/usr/include/c++/4.0.0
Thread model: posix
gcc version 4.2.1 (Based on Apple Inc. build 5555)
configure:2821: $? = 0
configure:2828: /usr/bin/gcc -V >&5
gcc: '-V' option must have argument
configure:2831: $? = 1
configure:2854: checking for C compiler default output file name
configure:2881: /usr/bin/gcc    conftest.c  >&5
configure:2884: $? = 0
configure:2922: result: a.out
configure:2939: checking whether the C compiler works
configure:2949: ./a.out
configure:2952: $? = 0
configure:2969: result: yes
configure:2976: checking whether we are cross compiling
configure:2978: result: no
configure:2981: checking for suffix of executables
configure:2988: /usr/bin/gcc -o conftest    conftest.c  >&5
configure:2991: $? = 0
configure:3015: result: 
configure:3021: checking for suffix of object files
configure:3047: /usr/bin/gcc -c   conftest.c >&5
configure:3050: $? = 0
configure:3073: result: o
configure:3077: checking whether we are using the GNU C compiler
configure:3106: /usr/bin/gcc -c   conftest.c >&5
configure:3112: $? = 0
configure:3129: result: yes
configure:3134: checking whether /usr/bin/gcc accepts -g
configure:3164: /usr/bin/gcc -c -g  conftest.c >&5
configure:3170: $? = 0
configure:3269: result: yes
configure:3286: checking for /usr/bin/gcc option to accept ISO C89
configure:3360: /usr/bin/gcc  -c -g -O2  conftest.c >&5
configure:3366: $? = 0
configure:3389: result: none needed
configure:3418: checking for style of include used by make
configure:3446: result: GNU
configure:3471: checking dependency style of /usr/bin/gcc
configure:3562: result: gcc3
configure:3655: checking build system type
configure:3673: result: arm-apple-darwin10.4.0
configure:3695: checking host system type
configure:3710: result: arm-apple-darwin10.4.0
configure:3732: checking for a sed that does not truncate output
configure:3788: result: /bin/sed
configure:3791: checking for grep that handles long lines and -e
configure:3865: result: /bin/grep
configure:3870: checking for egrep
configure:3948: result: /bin/grep -E
configure:3964: checking for ld used by /usr/bin/gcc
configure:4031: result: /usr/bin/ld
configure:4040: checking if the linker (/usr/bin/ld) is GNU ld
configure:4055: result: no
configure:4060: checking for /usr/bin/ld option to reload object files
configure:4067: result: -r
configure:4085: checking for BSD-compatible nm
configure:4134: result: /usr/bin/nm -p
configure:4138: checking whether ln -s works
configure:4142: result: yes
configure:4149: checking how to recognize dependent libraries
configure:4335: result: pass_all
configure:4577: checking how to run the C preprocessor
configure:4617: /usr/bin/gcc -E  conftest.c
configure:4623: $? = 0
configure:4654: /usr/bin/gcc -E  conftest.c
conftest.c:10:28: error: ac_nonexistent.h: No such file or directory
configure:4660: $? = 1
configure: failed program was:
| /* confdefs.h.  */
| #define PACKAGE_NAME "libXft"
| #define PACKAGE_TARNAME "libXft"
| #define PACKAGE_VERSION "2.1.13"
| #define PACKAGE_STRING "libXft 2.1.13"
| #define PACKAGE_BUGREPORT "https://bugs.freedesktop.org/enter_bug.cgi?product=xorg"
| #define PACKAGE "libXft"
| #define VERSION "2.1.13"
| /* end confdefs.h.  */
| #include <ac_nonexistent.h>
configure:4693: result: /usr/bin/gcc -E
configure:4722: /usr/bin/gcc -E  conftest.c
configure:4728: $? = 0
configure:4759: /usr/bin/gcc -E  conftest.c
conftest.c:10:28: error: ac_nonexistent.h: No such file or directory
configure:4765: $? = 1
configure: failed program was:
| /* confdefs.h.  */
| #define PACKAGE_NAME "libXft"
| #define PACKAGE_TARNAME "libXft"
| #define PACKAGE_VERSION "2.1.13"
| #define PACKAGE_STRING "libXft 2.1.13"
| #define PACKAGE_BUGREPORT "https://bugs.freedesktop.org/enter_bug.cgi?product=xorg"
| #define PACKAGE "libXft"
| #define VERSION "2.1.13"
| /* end confdefs.h.  */
| #include <ac_nonexistent.h>
configure:4803: checking for ANSI C header files
configure:4833: /usr/bin/gcc -c -g -O2  conftest.c >&5
configure:4839: $? = 0
configure:4938: /usr/bin/gcc -o conftest -g -O2   conftest.c  >&5
configure:4941: $? = 0
configure:4947: ./conftest
configure:4950: $? = 0
configure:4967: result: yes
configure:4991: checking for sys/types.h
configure:5012: /usr/bin/gcc -c -g -O2  conftest.c >&5
configure:5018: $? = 0
configure:5034: result: yes
configure:4991: checking for sys/stat.h
configure:5012: /usr/bin/gcc -c -g -O2  conftest.c >&5
configure:5018: $? = 0
configure:5034: result: yes
configure:4991: checking for stdlib.h
configure:5012: /usr/bin/gcc -c -g -O2  conftest.c >&5
configure:5018: $? = 0
configure:5034: result: yes
configure:4991: checking for string.h
configure:5012: /usr/bin/gcc -c -g -O2  conftest.c >&5
configure:5018: $? = 0
configure:5034: result: yes
configure:4991: checking for memory.h
configure:5012: /usr/bin/gcc -c -g -O2  conftest.c >&5
configure:5018: $? = 0
configure:5034: result: yes
configure:4991: checking for strings.h
configure:5012: /usr/bin/gcc -c -g -O2  conftest.c >&5
configure:5018: $? = 0
configure:5034: result: yes
configure:4991: checking for inttypes.h
configure:5012: /usr/bin/gcc -c -g -O2  conftest.c >&5
configure:5018: $? = 0
configure:5034: result: yes
configure:4991: checking for stdint.h
configure:5012: /usr/bin/gcc -c -g -O2  conftest.c >&5
configure:5018: $? = 0
configure:5034: result: yes
configure:4991: checking for unistd.h
configure:5012: /usr/bin/gcc -c -g -O2  conftest.c >&5
configure:5018: $? = 0
configure:5034: result: yes
configure:5061: checking dlfcn.h usability
configure:5078: /usr/bin/gcc -c -g -O2  conftest.c >&5
configure:5084: $? = 0
configure:5098: result: yes
configure:5102: checking dlfcn.h presence
configure:5117: /usr/bin/gcc -E  conftest.c
configure:5123: $? = 0
configure:5137: result: yes
configure:5170: checking for dlfcn.h
configure:5178: result: yes
configure:5249: checking for g++
configure:5265: found /usr/bin/g++
configure:5276: result: g++
configure:5307: checking for C++ compiler version
configure:5314: g++ --version >&5
g++ (GCC) 4.2.1 (Based on Apple Inc. build 5555)
Copyright (C) 2007 Free Software Foundation, Inc.
This is free software; see the source for copying conditions.  There is NO
warranty; not even for MERCHANTABILITY or FITNESS FOR A PARTICULAR PURPOSE.

configure:5317: $? = 0
configure:5324: g++ -v >&5
Using built-in specs.
Target: arm-apple-darwin9
Configured with: ../llvm-gcc-4.2/configure --build=x86_64-unknown-linux-gnu --host=arm-apple-darwin9 --enable-static=no --enable-shared=yes --prefix=/usr --localstatedir=/var/cache/iphone-gcc --enable-languages=c,c++,objc,obj-c++ --enable-wchar_t=no --with-gxx-include-dir=/usr/include/c++/4.0.0
Thread model: posix
gcc version 4.2.1 (Based on Apple Inc. build 5555)
configure:5327: $? = 0
configure:5334: g++ -V >&5
g++: '-V' option must have argument
configure:5337: $? = 1
configure:5340: checking whether we are using the GNU C++ compiler
configure:5369: g++ -c   conftest.cpp >&5
configure:5375: $? = 0
configure:5392: result: yes
configure:5397: checking whether g++ accepts -g
configure:5427: g++ -c -g  conftest.cpp >&5
configure:5433: $? = 0
configure:5532: result: yes
configure:5557: checking dependency style of g++
configure:5648: result: gcc3
configure:5673: checking how to run the C++ preprocessor
configure:5709: g++ -E  conftest.cpp
configure:5715: $? = 0
configure:5746: g++ -E  conftest.cpp
conftest.cpp:21:28: error: ac_nonexistent.h: No such file or directory
configure:5752: $? = 1
configure: failed program was:
| /* confdefs.h.  */
| #define PACKAGE_NAME "libXft"
| #define PACKAGE_TARNAME "libXft"
| #define PACKAGE_VERSION "2.1.13"
| #define PACKAGE_STRING "libXft 2.1.13"
| #define PACKAGE_BUGREPORT "https://bugs.freedesktop.org/enter_bug.cgi?product=xorg"
| #define PACKAGE "libXft"
| #define VERSION "2.1.13"
| #define STDC_HEADERS 1
| #define HAVE_SYS_TYPES_H 1
| #define HAVE_SYS_STAT_H 1
| #define HAVE_STDLIB_H 1
| #define HAVE_STRING_H 1
| #define HAVE_MEMORY_H 1
| #define HAVE_STRINGS_H 1
| #define HAVE_INTTYPES_H 1
| #define HAVE_STDINT_H 1
| #define HAVE_UNISTD_H 1
| #define HAVE_DLFCN_H 1
| /* end confdefs.h.  */
| #include <ac_nonexistent.h>
configure:5785: result: g++ -E
configure:5814: g++ -E  conftest.cpp
configure:5820: $? = 0
configure:5851: g++ -E  conftest.cpp
conftest.cpp:21:28: error: ac_nonexistent.h: No such file or directory
configure:5857: $? = 1
configure: failed program was:
| /* confdefs.h.  */
| #define PACKAGE_NAME "libXft"
| #define PACKAGE_TARNAME "libXft"
| #define PACKAGE_VERSION "2.1.13"
| #define PACKAGE_STRING "libXft 2.1.13"
| #define PACKAGE_BUGREPORT "https://bugs.freedesktop.org/enter_bug.cgi?product=xorg"
| #define PACKAGE "libXft"
| #define VERSION "2.1.13"
| #define STDC_HEADERS 1
| #define HAVE_SYS_TYPES_H 1
| #define HAVE_SYS_STAT_H 1
| #define HAVE_STDLIB_H 1
| #define HAVE_STRING_H 1
| #define HAVE_MEMORY_H 1
| #define HAVE_STRINGS_H 1
| #define HAVE_INTTYPES_H 1
| #define HAVE_STDINT_H 1
| #define HAVE_UNISTD_H 1
| #define HAVE_DLFCN_H 1
| /* end confdefs.h.  */
| #include <ac_nonexistent.h>
configure:5950: checking for g77
configure:5980: result: no
configure:5950: checking for xlf
configure:5980: result: no
configure:5950: checking for f77
configure:5980: result: no
configure:5950: checking for frt
configure:5980: result: no
configure:5950: checking for pgf77
configure:5980: result: no
configure:5950: checking for cf77
configure:5980: result: no
configure:5950: checking for fort77
configure:5980: result: no
configure:5950: checking for fl32
configure:5980: result: no
configure:5950: checking for af77
configure:5980: result: no
configure:5950: checking for xlf90
configure:5980: result: no
configure:5950: checking for f90
configure:5980: result: no
configure:5950: checking for pgf90
configure:5980: result: no
configure:5950: checking for pghpf
configure:5980: result: no
configure:5950: checking for epcf90
configure:5980: result: no
configure:5950: checking for gfortran
configure:5980: result: no
configure:5950: checking for g95
configure:5980: result: no
configure:5950: checking for xlf95
configure:5980: result: no
configure:5950: checking for f95
configure:5980: result: no
configure:5950: checking for fort
configure:5980: result: no
configure:5950: checking for ifort
configure:5980: result: no
configure:5950: checking for ifc
configure:5980: result: no
configure:5950: checking for efc
configure:5980: result: no
configure:5950: checking for pgf95
configure:5980: result: no
configure:5950: checking for lf95
configure:5980: result: no
configure:5950: checking for ftn
configure:5980: result: no
configure:6007: checking for Fortran 77 compiler version
configure:6014:  --version >&5
./configure: line 6015: --version: command not found
configure:6017: $? = 127
configure:6024:  -v >&5
./configure: line 6025: -v: command not found
configure:6027: $? = 127
configure:6034:  -V >&5
./configure: line 6035: -V: command not found
configure:6037: $? = 127
configure:6045: checking whether we are using the GNU Fortran 77 compiler
configure:6064:  -c  conftest.F >&5
./configure: line 6065: -c: command not found
configure:6070: $? = 127
configure: failed program was:
|       program main
| #ifndef __GNUC__
|        choke me
| #endif
| 
|       end
configure:6087: result: no
configure:6093: checking whether  accepts -g
configure:6110:  -c -g conftest.f >&5
./configure: line 6111: -c: command not found
configure:6116: $? = 127
configure: failed program was:
|       program main
| 
|       end
configure:6132: result: no
configure:6162: checking the maximum length of command line arguments
configure:6274: result: 196608
configure:6286: checking command to parse /usr/bin/nm -p output from /usr/bin/gcc object
configure:6391: /usr/bin/gcc -c -g -O2  conftest.c >&5
configure:6394: $? = 0
configure:6398: /usr/bin/nm -p conftest.o \| sed -n -e 's/^.*[ 	]\([BCDEGRST][BCDEGRST]*\)[ 	][ 	]*\([_A-Za-z][_A-Za-z0-9]*\)$/\1 \2 \2/p' \> conftest.nm
configure:6401: $? = 0
cannot find nm_test_var in conftest.nm
configure:6391: /usr/bin/gcc -c -g -O2  conftest.c >&5
configure:6394: $? = 0
configure:6398: /usr/bin/nm -p conftest.o \| sed -n -e 's/^.*[ 	]\([BCDEGRST][BCDEGRST]*\)[ 	][ 	]*_\([_A-Za-z][_A-Za-z0-9]*\)$/\1 _\2 \2/p' \> conftest.nm
configure:6401: $? = 0
configure:6453: /usr/bin/gcc -o conftest -g -O2   conftest.c conftstm.o >&5
configure:6456: $? = 0
configure:6494: result: ok
configure:6498: checking for objdir
configure:6513: result: .libs
configure:6605: checking for ar
configure:6621: found /usr/bin/ar
configure:6632: result: ar
configure:6701: checking for ranlib
configure:6717: found /usr/bin/ranlib
configure:6728: result: ranlib
configure:6797: checking for strip
configure:6813: found /usr/bin/strip
configure:6824: result: strip
configure:7110: checking if /usr/bin/gcc supports -fno-rtti -fno-exceptions
configure:7128: /usr/bin/gcc -c -g -O2  -fno-rtti -fno-exceptions conftest.c >&5
cc1: warning: command line option "-fno-rtti" is valid for C++/ObjC++ but not for C
configure:7132: $? = 0
configure:7145: result: no
configure:7160: checking for /usr/bin/gcc option to produce PIC
configure:7392: result: -fno-common
configure:7400: checking if /usr/bin/gcc PIC flag -fno-common works
configure:7418: /usr/bin/gcc -c -g -O2  -fno-common -DPIC conftest.c >&5
configure:7422: $? = 0
configure:7435: result: yes
configure:7463: checking if /usr/bin/gcc static flag -static works
configure:7491: result: no
configure:7501: checking if /usr/bin/gcc supports -c -o file.o
configure:7522: /usr/bin/gcc -c -g -O2  -o out/conftest2.o conftest.c >&5
configure:7526: $? = 0
configure:7548: result: yes
configure:7574: checking whether the /usr/bin/gcc linker (/usr/bin/ld) supports shared libraries
configure:8554: result: yes
configure:8621: checking dynamic linker characteristics
configure:9225: result: darwin10.4.0 dyld
configure:9234: checking how to hardcode library paths into programs
configure:9259: result: immediate
configure:9273: checking whether stripping libraries is possible
configure:9287: result: yes
configure:10080: checking if libtool supports shared libraries
configure:10082: result: yes
configure:10085: checking whether to build shared libraries
configure:10106: result: yes
configure:10109: checking whether to build static libraries
configure:10113: result: yes
configure:10206: creating libtool
configure:10794: checking for ld used by g++
configure:10861: result: /usr/bin/ld
configure:10870: checking if the linker (/usr/bin/ld) is GNU ld
configure:10885: result: no
configure:10936: checking whether the g++ linker (/usr/bin/ld) supports shared libraries
configure:11910: result: yes
configure:11928: g++ -c -g -O2  conftest.cpp >&5
configure:11931: $? = 0
configure:12083: checking for g++ option to produce PIC
configure:12367: result: -fno-common
configure:12375: checking if g++ PIC flag -fno-common works
configure:12393: g++ -c -g -O2  -fno-common -DPIC conftest.cpp >&5
configure:12397: $? = 0
configure:12410: result: yes
configure:12438: checking if g++ static flag -static works
configure:12466: result: no
configure:12476: checking if g++ supports -c -o file.o
configure:12497: g++ -c -g -O2  -o out/conftest2.o conftest.cpp >&5
configure:12501: $? = 0
configure:12523: result: yes
configure:12549: checking whether the g++ linker (/usr/bin/ld) supports shared libraries
configure:12574: result: yes
configure:12641: checking dynamic linker characteristics
configure:13193: result: darwin10.4.0 dyld
configure:13202: checking how to hardcode library paths into programs
configure:13227: result: immediate
configure:19455: checking for pkg-config
configure:19473: found /usr/bin/pkg-config
configure:19485: result: /usr/bin/pkg-config
configure:19514: checking pkg-config is at least version 0.9.0
configure:19517: result: yes
configure:19528: checking for XRENDER
configure:19535: $PKG_CONFIG --exists --print-errors "xrender >= 0.8.2"
configure:19538: $? = 0
configure:19551: $PKG_CONFIG --exists --print-errors "xrender >= 0.8.2"
configure:19554: $? = 0
configure:19589: result: yes
configure:20183: checking for FREETYPE
configure:20190: $PKG_CONFIG --exists --print-errors "freetype2"
configure:20193: $? = 0
configure:20206: $PKG_CONFIG --exists --print-errors "freetype2"
configure:20209: $? = 0
configure:20244: result: yes
configure:20309: checking for FONTCONFIG
configure:20316: $PKG_CONFIG --exists --print-errors "fontconfig >= 2.2"
configure:20319: $? = 0
configure:20332: $PKG_CONFIG --exists --print-errors "fontconfig >= 2.2"
configure:20335: $? = 0
configure:20410: result: yes
configure:20434: checking for FT_Get_Next_Char
configure:20490: /usr/bin/gcc -o conftest -g -O2 -I/usr/local/include/freetype2     conftest.c  -L/usr/local/lib -lfreetype   >&5
configure:20496: $? = 0
configure:20514: result: yes
configure:20434: checking for FT_Get_BDF_Property
configure:20490: /usr/bin/gcc -o conftest -g -O2 -I/usr/local/include/freetype2     conftest.c  -L/usr/local/lib -lfreetype   >&5
configure:20496: $? = 0
configure:20514: result: yes
configure:20434: checking for FT_Get_PS_Font_Info
configure:20490: /usr/bin/gcc -o conftest -g -O2 -I/usr/local/include/freetype2     conftest.c  -L/usr/local/lib -lfreetype   >&5
configure:20496: $? = 0
configure:20514: result: yes
configure:20434: checking for FT_Has_PS_Glyph_Names
configure:20490: /usr/bin/gcc -o conftest -g -O2 -I/usr/local/include/freetype2     conftest.c  -L/usr/local/lib -lfreetype   >&5
configure:20496: $? = 0
configure:20514: result: yes
configure:20434: checking for FT_GlyphSlot_Embolden
configure:20490: /usr/bin/gcc -o conftest -g -O2 -I/usr/local/include/freetype2     conftest.c  -L/usr/local/lib -lfreetype   >&5
configure:20496: $? = 0
configure:20514: result: yes
configure:20524: checking for FT_Bitmap_Size.y_ppem
configure:20554: /usr/bin/gcc -c -g -O2 -I/usr/local/include/freetype2    conftest.c >&5
configure:20560: $? = 0
configure:20619: result: yes
configure:20819: creating ./config.status

## ---------------------- ##
## Running config.status. ##
## ---------------------- ##

This file was extended by libXft config.status 2.1.13, which was
generated by GNU Autoconf 2.61.  Invocation command line was

  CONFIG_FILES    = 
  CONFIG_HEADERS  = 
  CONFIG_LINKS    = 
  CONFIG_COMMANDS = 
  $ ./config.status 

on Chriss-iPad

config.status:681: creating Makefile
config.status:681: creating xft.pc
config.status:681: creating xft-config
config.status:681: creating src/Makefile
config.status:681: creating man/Makefile
config.status:681: creating man/xft-config.1
config.status:681: creating man/Xft.3
config.status:681: creating config.h
config.status:917: config.h is unchanged
config.status:964: executing depfiles commands

## ---------------- ##
## Cache variables. ##
## ---------------- ##

ac_cv_build=arm-apple-darwin10.4.0
ac_cv_c_compiler_gnu=yes
ac_cv_cxx_compiler_gnu=yes
ac_cv_env_CCC_set=
ac_cv_env_CCC_value=
ac_cv_env_CC_set=set
ac_cv_env_CC_value=/usr/bin/gcc
ac_cv_env_CFLAGS_set=
ac_cv_env_CFLAGS_value=
ac_cv_env_CPPFLAGS_set=
ac_cv_env_CPPFLAGS_value=
ac_cv_env_CPP_set=
ac_cv_env_CPP_value=
ac_cv_env_CXXCPP_set=
ac_cv_env_CXXCPP_value=
ac_cv_env_CXXFLAGS_set=
ac_cv_env_CXXFLAGS_value=
ac_cv_env_CXX_set=
ac_cv_env_CXX_value=
ac_cv_env_F77_set=
ac_cv_env_F77_value=
ac_cv_env_FFLAGS_set=
ac_cv_env_FFLAGS_value=
ac_cv_env_FONTCONFIG_CFLAGS_set=
ac_cv_env_FONTCONFIG_CFLAGS_value=
ac_cv_env_FONTCONFIG_LIBS_set=
ac_cv_env_FONTCONFIG_LIBS_value=
ac_cv_env_FREETYPE_CFLAGS_set=
ac_cv_env_FREETYPE_CFLAGS_value=
ac_cv_env_FREETYPE_LIBS_set=
ac_cv_env_FREETYPE_LIBS_value=
ac_cv_env_LDFLAGS_set=
ac_cv_env_LDFLAGS_value=
ac_cv_env_LIBS_set=
ac_cv_env_LIBS_value=
ac_cv_env_PKG_CONFIG_set=
ac_cv_env_PKG_CONFIG_value=
ac_cv_env_XMKMF_set=
ac_cv_env_XMKMF_value=
ac_cv_env_XRENDER_CFLAGS_set=
ac_cv_env_XRENDER_CFLAGS_value=
ac_cv_env_XRENDER_LIBS_set=
ac_cv_env_XRENDER_LIBS_value=
ac_cv_env_build_alias_set=
ac_cv_env_build_alias_value=
ac_cv_env_host_alias_set=
ac_cv_env_host_alias_value=
ac_cv_env_target_alias_set=
ac_cv_env_target_alias_value=
ac_cv_f77_compiler_gnu=no
ac_cv_func_FT_Get_BDF_Property=yes
ac_cv_func_FT_Get_Next_Char=yes
ac_cv_func_FT_Get_PS_Font_Info=yes
ac_cv_func_FT_GlyphSlot_Embolden=yes
ac_cv_func_FT_Has_PS_Glyph_Names=yes
ac_cv_header_dlfcn_h=yes
ac_cv_header_inttypes_h=yes
ac_cv_header_memory_h=yes
ac_cv_header_stdc=yes
ac_cv_header_stdint_h=yes
ac_cv_header_stdlib_h=yes
ac_cv_header_string_h=yes
ac_cv_header_strings_h=yes
ac_cv_header_sys_stat_h=yes
ac_cv_header_sys_types_h=yes
ac_cv_header_unistd_h=yes
ac_cv_host=arm-apple-darwin10.4.0
ac_cv_member_FT_Bitmap_Size_y_ppem=yes
ac_cv_objext=o
ac_cv_path_EGREP='/bin/grep -E'
ac_cv_path_GREP=/bin/grep
ac_cv_path_ac_pt_PKG_CONFIG=/usr/bin/pkg-config
ac_cv_path_install='/usr/bin/install -c'
ac_cv_path_mkdir=/bin/mkdir
ac_cv_prog_AWK=gawk
ac_cv_prog_CPP='/usr/bin/gcc -E'
ac_cv_prog_CXXCPP='g++ -E'
ac_cv_prog_ac_ct_AR=ar
ac_cv_prog_ac_ct_CC=/usr/bin/gcc
ac_cv_prog_ac_ct_CXX=g++
ac_cv_prog_ac_ct_RANLIB=ranlib
ac_cv_prog_ac_ct_STRIP=strip
ac_cv_prog_cc_c89=
ac_cv_prog_cc_g=yes
ac_cv_prog_cxx_g=yes
ac_cv_prog_f77_g=no
ac_cv_prog_make_make_set=yes
am_cv_CC_dependencies_compiler_type=gcc3
am_cv_CXX_dependencies_compiler_type=gcc3
lt_cv_deplibs_check_method=pass_all
lt_cv_file_magic_cmd='$MAGIC_CMD'
lt_cv_file_magic_test_file=
lt_cv_ld_reload_flag=-r
lt_cv_objdir=.libs
lt_cv_path_LD=/usr/bin/ld
lt_cv_path_LDCXX=/usr/bin/ld
lt_cv_path_NM='/usr/bin/nm -p'
lt_cv_path_SED=/bin/sed
lt_cv_prog_compiler_c_o=yes
lt_cv_prog_compiler_c_o_CXX=yes
lt_cv_prog_compiler_rtti_exceptions=no
lt_cv_prog_gnu_ld=no
lt_cv_prog_gnu_ldcxx=no
lt_cv_sys_global_symbol_pipe='sed -n -e '\''s/^.*[ 	]\([BCDEGRST][BCDEGRST]*\)[ 	][ 	]*_\([_A-Za-z][_A-Za-z0-9]*\)$/\1 _\2 \2/p'\'''
lt_cv_sys_global_symbol_to_c_name_address='sed -n -e '\''s/^: \([^ ]*\) $/  {\"\1\", (lt_ptr) 0},/p'\'' -e '\''s/^[BCDEGRST] \([^ ]*\) \([^ ]*\)$/  {"\2", (lt_ptr) \&\2},/p'\'''
lt_cv_sys_global_symbol_to_cdecl='sed -n -e '\''s/^. .* \(.*\)$/extern int \1;/p'\'''
lt_cv_sys_max_cmd_len=196608
lt_lt_cv_prog_compiler_c_o='"yes"'
lt_lt_cv_prog_compiler_c_o_CXX='"yes"'
lt_lt_cv_sys_global_symbol_pipe='"sed -n -e '\''s/^.*[ 	]\\([BCDEGRST][BCDEGRST]*\\)[ 	][ 	]*_\\([_A-Za-z][_A-Za-z0-9]*\\)\$/\\1 _\\2 \\2/p'\''"'
lt_lt_cv_sys_global_symbol_to_c_name_address='"sed -n -e '\''s/^: \\([^ ]*\\) \$/  {\\\"\\1\\\", (lt_ptr) 0},/p'\'' -e '\''s/^[BCDEGRST] \\([^ ]*\\) \\([^ ]*\\)\$/  {\"\\2\", (lt_ptr) \\&\\2},/p'\''"'
lt_lt_cv_sys_global_symbol_to_cdecl='"sed -n -e '\''s/^. .* \\(.*\\)\$/extern int \\1;/p'\''"'
pkg_cv_FONTCONFIG_CFLAGS=' '
pkg_cv_FONTCONFIG_LIBS='-L/usr/local/lib -lfontconfig  '
pkg_cv_FREETYPE_CFLAGS='-I/usr/local/include/freetype2  '
pkg_cv_FREETYPE_LIBS='-L/usr/local/lib -lfreetype  '
pkg_cv_XRENDER_CFLAGS=' '
pkg_cv_XRENDER_LIBS='-L/usr/local/lib -lXrender -lX11  '

## ----------------- ##
## Output variables. ##
## ----------------- ##

ACLOCAL='${SHELL} /home/chris/xorg/libXft-2.1.13/missing --run aclocal-1.10'
AMDEPBACKSLASH='\'
AMDEP_FALSE='#'
AMDEP_TRUE=''
AMTAR='${SHELL} /home/chris/xorg/libXft-2.1.13/missing --run tar'
AR='ar'
AUTOCONF='${SHELL} /home/chris/xorg/libXft-2.1.13/missing --run autoconf'
AUTOHEADER='${SHELL} /home/chris/xorg/libXft-2.1.13/missing --run autoheader'
AUTOMAKE='${SHELL} /home/chris/xorg/libXft-2.1.13/missing --run automake-1.10'
AWK='gawk'
CC='/usr/bin/gcc'
CCDEPMODE='depmode=gcc3'
CFLAGS='-g -O2'
CPP='/usr/bin/gcc -E'
CPPFLAGS=''
CXX='g++'
CXXCPP='g++ -E'
CXXDEPMODE='depmode=gcc3'
CXXFLAGS='-g -O2'
CYGPATH_W='echo'
DEFS='-DHAVE_CONFIG_H'
DEPDIR='.deps'
ECHO='echo'
ECHO_C=''
ECHO_N='-n'
ECHO_T=''
EGREP='/bin/grep -E'
EXEEXT=''
F77=''
FFLAGS=''
FONTCONFIG_CFLAGS=' '
FONTCONFIG_LIBS='-L/usr/local/lib -lfontconfig  '
FREETYPE_CFLAGS='-I/usr/local/include/freetype2  '
FREETYPE_LIBS='-L/usr/local/lib -lfreetype  '
GREP='/bin/grep'
INSTALL_DATA='${INSTALL} -m 644'
INSTALL_PROGRAM='${INSTALL}'
INSTALL_SCRIPT='${INSTALL}'
INSTALL_STRIP_PROGRAM='$(install_sh) -c -s'
LDFLAGS=''
LIBOBJS=''
LIBS=''
LIBTOOL='$(SHELL) $(top_builddir)/libtool'
LN_S='ln -s'
LTLIBOBJS=''
MAINT='#'
MAINTAINER_MODE_FALSE=''
MAINTAINER_MODE_TRUE='#'
MAKEINFO='${SHELL} /home/chris/xorg/libXft-2.1.13/missing --run makeinfo'
OBJEXT='o'
PACKAGE='libXft'
PACKAGE_BUGREPORT='https://bugs.freedesktop.org/enter_bug.cgi?product=xorg'
PACKAGE_NAME='libXft'
PACKAGE_STRING='libXft 2.1.13'
PACKAGE_TARNAME='libXft'
PACKAGE_VERSION='2.1.13'
PATH_SEPARATOR=':'
PKG_CONFIG='/usr/bin/pkg-config'
RANLIB='ranlib'
SED='/bin/sed'
SET_MAKE=''
SHELL='/bin/sh'
STRIP='strip'
VERSION='2.1.13'
WARN_CFLAGS='-Wall -Wpointer-arith -Wstrict-prototypes 	-Wmissing-prototypes -Wmissing-declarations 	-Wnested-externs -fno-strict-aliasing'
XMKMF=''
XRENDER_CFLAGS=' '
XRENDER_LIBS='-L/usr/local/lib -lXrender -lX11  '
ac_ct_CC='/usr/bin/gcc'
ac_ct_CXX='g++'
ac_ct_F77=''
am__fastdepCC_FALSE='#'
am__fastdepCC_TRUE=''
am__fastdepCXX_FALSE='#'
am__fastdepCXX_TRUE=''
am__include='include'
am__isrc=''
am__leading_dot='.'
am__quote=''
am__tar='${AMTAR} chof - "$$tardir"'
am__untar='${AMTAR} xf -'
bindir='${exec_prefix}/bin'
build='arm-apple-darwin10.4.0'
build_alias=''
build_cpu='arm'
build_os='darwin10.4.0'
build_vendor='apple'
datadir='${datarootdir}'
datarootdir='${prefix}/share'
docdir='${datarootdir}/doc/${PACKAGE_TARNAME}'
dvidir='${docdir}'
exec_prefix='${prefix}'
ft_config='no'
host='arm-apple-darwin10.4.0'
host_alias=''
host_cpu='arm'
host_os='darwin10.4.0'
host_vendor='apple'
htmldir='${docdir}'
includedir='${prefix}/include'
infodir='${datarootdir}/info'
install_sh='$(SHELL) /home/chris/xorg/libXft-2.1.13/install-sh'
libdir='${exec_prefix}/lib'
libexecdir='${exec_prefix}/libexec'
localedir='${datarootdir}/locale'
localstatedir='${prefix}/var'
mandir='${datarootdir}/man'
mkdir_p='/bin/mkdir -p'
oldincludedir='/usr/include'
pdfdir='${docdir}'
prefix='/usr/local'
program_transform_name='s,x,x,'
psdir='${docdir}'
sbindir='${exec_prefix}/sbin'
sharedstatedir='${prefix}/com'
sysconfdir='${prefix}/etc'
target_alias=''

## ----------- ##
## confdefs.h. ##
## ----------- ##

#define PACKAGE_NAME "libXft"
#define PACKAGE_TARNAME "libXft"
#define PACKAGE_VERSION "2.1.13"
#define PACKAGE_STRING "libXft 2.1.13"
#define PACKAGE_BUGREPORT "https://bugs.freedesktop.org/enter_bug.cgi?product=xorg"
#define PACKAGE "libXft"
#define VERSION "2.1.13"
#define STDC_HEADERS 1
#define HAVE_SYS_TYPES_H 1
#define HAVE_SYS_STAT_H 1
#define HAVE_STDLIB_H 1
#define HAVE_STRING_H 1
#define HAVE_MEMORY_H 1
#define HAVE_STRINGS_H 1
#define HAVE_INTTYPES_H 1
#define HAVE_STDINT_H 1
#define HAVE_UNISTD_H 1
#define HAVE_DLFCN_H 1
#define HAVE_FT_GET_NEXT_CHAR 1
#define HAVE_FT_GET_BDF_PROPERTY 1
#define HAVE_FT_GET_PS_FONT_INFO 1
#define HAVE_FT_HAS_PS_GLYPH_NAMES 1
#define HAVE_FT_GLYPHSLOT_EMBOLDEN 1
#define HAVE_FT_BITMAP_SIZE_Y_PPEM 1
#define PACKAGE_VERSION_MAJOR 2
#define PACKAGE_VERSION_MINOR 1
#define PACKAGE_VERSION_PATCHLEVEL 13

configure: exit 0
