This file contains any messages produced by compilers while
running configure, to aid debugging if configure makes a mistake.

It was created by pygtk configure 2.24.0, which was
generated by GNU Autoconf 2.67.  Invocation command line was

  $ ./configure 

## --------- ##
## Platform. ##
## --------- ##

hostname = Chriss-iPad
uname -m = iPad1,1
uname -r = 11.0.0
uname -s = Darwin
uname -v = Darwin Kernel Version 11.0.0: Sun Apr  8 21:51:26 PDT 2012; root:xnu-1878.11.10~1/RELEASE_ARM_S5L8930X

/usr/bin/uname -p = unknown
/bin/uname -X     = unknown

/bin/arch              = unknown
/usr/bin/arch -k       = unknown
/usr/convex/getsysinfo = unknown
/usr/bin/hostinfo      = Mach kernel version:
	 Darwin Kernel Version 11.0.0: Sun Apr  8 21:51:26 PDT 2012; root:xnu-1878.11.10~1/RELEASE_ARM_S5L8930X
Kernel configured for a single processor only.
1 processor is physically available.
1 processor is logically available.
Processor type: armv7 (arm v7)
Processor active: 0
Primary memory available: 246.98 megabytes
Default processor set: 47 tasks, 268 threads, 1 processors
Load average: 3.49, Mach factor: 0.23
/bin/machine           = unknown
/usr/bin/oslevel       = unknown
/bin/universe          = unknown

PATH: /usr/local/sbin
PATH: /usr/local/bin
PATH: /usr/sbin
PATH: /usr/bin
PATH: /sbin
PATH: /bin
PATH: /usr/bin/X11
PATH: /usr/games
PATH: /usr/local/Gambit-C/bin


## ----------- ##
## Core tests. ##
## ----------- ##

configure:2492: checking for a BSD-compatible install
configure:2560: result: /usr/bin/install -c
configure:2571: checking whether build environment is sane
configure:2621: result: yes
configure:2762: checking for a thread-safe mkdir -p
configure:2801: result: /bin/mkdir -p
configure:2814: checking for gawk
configure:2830: found /usr/bin/gawk
configure:2841: result: gawk
configure:2852: checking whether make sets $(MAKE)
configure:2874: result: yes
configure:2966: checking for style of include used by make
configure:2994: result: GNU
configure:3064: checking for gcc
configure:3091: result: /usr/bin/gcc
configure:3320: checking for C compiler version
configure:3329: /usr/bin/gcc --version >&5
gcc (GCC) 4.2.1 (Based on Apple Inc. build 5555)
Copyright (C) 2007 Free Software Foundation, Inc.
This is free software; see the source for copying conditions.  There is NO
warranty; not even for MERCHANTABILITY or FITNESS FOR A PARTICULAR PURPOSE.

configure:3340: $? = 0
configure:3329: /usr/bin/gcc -v >&5
Using built-in specs.
Target: arm-apple-darwin9
Configured with: ../llvm-gcc-4.2/configure --build=x86_64-unknown-linux-gnu --host=arm-apple-darwin9 --enable-static=no --enable-shared=yes --prefix=/usr --localstatedir=/var/cache/iphone-gcc --enable-languages=c,c++,objc,obj-c++ --enable-wchar_t=no --with-gxx-include-dir=/usr/include/c++/4.0.0
Thread model: posix
gcc version 4.2.1 (Based on Apple Inc. build 5555)
configure:3340: $? = 0
configure:3329: /usr/bin/gcc -V >&5
gcc: '-V' option must have argument
configure:3340: $? = 1
configure:3329: /usr/bin/gcc -qversion >&5
gcc: no input files
configure:3340: $? = 1
configure:3360: checking whether the C compiler works
configure:3382: /usr/bin/gcc    conftest.c  >&5
configure:3386: $? = 0
configure:3434: result: yes
configure:3437: checking for C compiler default output file name
configure:3439: result: a.out
configure:3445: checking for suffix of executables
configure:3452: /usr/bin/gcc -o conftest    conftest.c  >&5
configure:3456: $? = 0
configure:3478: result: 
configure:3500: checking whether we are cross compiling
configure:3508: /usr/bin/gcc -o conftest    conftest.c  >&5
configure:3512: $? = 0
configure:3519: ./conftest
configure:3524: $? = 0
configure:3535: result: no
configure:3540: checking for suffix of object files
configure:3562: /usr/bin/gcc -c   conftest.c >&5
configure:3566: $? = 0
configure:3587: result: o
configure:3591: checking whether we are using the GNU C compiler
configure:3610: /usr/bin/gcc -c   conftest.c >&5
configure:3610: $? = 0
configure:3619: result: yes
configure:3628: checking whether /usr/bin/gcc accepts -g
configure:3648: /usr/bin/gcc -c -g  conftest.c >&5
configure:3648: $? = 0
configure:3689: result: yes
configure:3706: checking for /usr/bin/gcc option to accept ISO C89
configure:3770: /usr/bin/gcc  -c -g -O2  conftest.c >&5
configure:3770: $? = 0
configure:3783: result: none needed
configure:3805: checking dependency style of /usr/bin/gcc
configure:3915: result: gcc3
configure:3933: checking for bind_textdomain_codeset
configure:3933: /usr/bin/gcc -o conftest -g -O2   conftest.c  >&5
Undefined symbols:
  "_bind_textdomain_codeset", referenced from:
      _main in cc7vBUHm.o
ld: symbol(s) not found
collect2: ld returned 1 exit status
configure:3933: $? = 1
configure: failed program was:
| /* confdefs.h */
| #define PACKAGE_NAME "pygtk"
| #define PACKAGE_TARNAME "pygtk"
| #define PACKAGE_VERSION "2.24.0"
| #define PACKAGE_STRING "pygtk 2.24.0"
| #define PACKAGE_BUGREPORT "http://bugzilla.gnome.org/enter_bug.cgi?product=pygtk"
| #define PACKAGE_URL ""
| #define PYGTK_MAJOR_VERSION 2
| #define PYGTK_MINOR_VERSION 24
| #define PYGTK_MICRO_VERSION 0
| #define PACKAGE "pygtk"
| #define VERSION "2.24.0"
| /* end confdefs.h.  */
| /* Define bind_textdomain_codeset to an innocuous variant, in case <limits.h> declares bind_textdomain_codeset.
|    For example, HP-UX 11i <limits.h> declares gettimeofday.  */
| #define bind_textdomain_codeset innocuous_bind_textdomain_codeset
| 
| /* System header to define __stub macros and hopefully few prototypes,
|     which can conflict with char bind_textdomain_codeset (); below.
|     Prefer <limits.h> to <assert.h> if __STDC__ is defined, since
|     <limits.h> exists even on freestanding compilers.  */
| 
| #ifdef __STDC__
| # include <limits.h>
| #else
| # include <assert.h>
| #endif
| 
| #undef bind_textdomain_codeset
| 
| /* Override any GCC internal prototype to avoid an error.
|    Use char because int might match the return type of a GCC
|    builtin and then its argument prototype would still apply.  */
| #ifdef __cplusplus
| extern "C"
| #endif
| char bind_textdomain_codeset ();
| /* The GNU C library defines this for functions which it implements
|     to always fail with ENOSYS.  Some functions are actually named
|     something starting with __ and the normal name is an alias.  */
| #if defined __stub_bind_textdomain_codeset || defined __stub___bind_textdomain_codeset
| choke me
| #endif
| 
| int
| main ()
| {
| return bind_textdomain_codeset ();
|   ;
|   return 0;
| }
configure:3933: result: no
configure:3949: checking build system type
configure:3963: result: arm-apple-darwin11.0.0
configure:3983: checking host system type
configure:3996: result: arm-apple-darwin11.0.0
configure:4016: checking for some Win32 platform
configure:4026: result: no
configure:4037: checking for native Win32
configure:4047: result: no
configure:4420: checking for a sed that does not truncate output
configure:4484: result: /bin/sed
configure:4502: checking for grep that handles long lines and -e
configure:4560: result: /bin/grep
configure:4565: checking for egrep
configure:4627: result: /bin/grep -E
configure:4632: checking for fgrep
configure:4694: result: /bin/grep -F
configure:4729: checking for ld used by /usr/bin/gcc
configure:4796: result: /usr/bin/ld
configure:4803: checking if the linker (/usr/bin/ld) is GNU ld
configure:4818: result: no
configure:4830: checking for BSD- or MS-compatible name lister (nm)
configure:4879: result: /usr/bin/nm -p
configure:4997: checking the name lister (/usr/bin/nm -p) interface
configure:5006: /usr/bin/gcc -c -g -O2  conftest.c >&5
configure:5009: /usr/bin/nm -p "conftest.o"
configure:5012: output
00000000 D _some_variable
configure:5017: result: BSD nm
configure:5020: checking whether ln -s works
configure:5024: result: yes
configure:5032: checking the maximum length of command line arguments
configure:5152: result: 196608
configure:5169: checking whether the shell understands some XSI constructs
configure:5179: result: yes
configure:5183: checking whether the shell understands "+="
configure:5189: result: yes
configure:5224: checking for /usr/bin/ld option to reload object files
configure:5231: result: -r
configure:5300: checking for objdump
configure:5327: result: objdump
configure:5356: checking how to recognize dependent libraries
configure:5552: result: pass_all
configure:5612: checking for ar
configure:5628: found /usr/bin/ar
configure:5639: result: ar
configure:5717: checking for strip
configure:5733: found /usr/bin/strip
configure:5744: result: strip
configure:5816: checking for ranlib
configure:5832: found /usr/bin/ranlib
configure:5843: result: ranlib
configure:5933: checking command to parse /usr/bin/nm -p output from /usr/bin/gcc object
configure:6051: /usr/bin/gcc -c -g -O2  conftest.c >&5
configure:6054: $? = 0
configure:6058: /usr/bin/nm -p conftest.o \| sed -n -e 's/^.*[	 ]\([BCDEGRST][BCDEGRST]*\)[	 ][	 ]*\([_A-Za-z][_A-Za-z0-9]*\)$/\1 \2 \2/p' \> conftest.nm
configure:6061: $? = 0
cannot find nm_test_var in conftest.nm
configure:6051: /usr/bin/gcc -c -g -O2  conftest.c >&5
configure:6054: $? = 0
configure:6058: /usr/bin/nm -p conftest.o \| sed -n -e 's/^.*[	 ]\([BCDEGRST][BCDEGRST]*\)[	 ][	 ]*_\([_A-Za-z][_A-Za-z0-9]*\)$/\1 _\2 \2/p' \> conftest.nm
configure:6061: $? = 0
configure:6115: /usr/bin/gcc -o conftest -g -O2   conftest.c conftstm.o >&5
configure:6118: $? = 0
configure:6156: result: ok
configure:6420: checking for dsymutil
configure:6450: result: no
configure:6512: checking for nmedit
configure:6528: found /usr/bin/nmedit
configure:6539: result: nmedit
configure:6604: checking for lipo
configure:6620: found /usr/bin/lipo
configure:6631: result: lipo
configure:6696: checking for otool
configure:6712: found /usr/bin/otool
configure:6723: result: otool
configure:6788: checking for otool64
configure:6804: found /usr/bin/otool64
configure:6815: result: otool64
configure:6863: checking for -single_module linker flag
/usr/bin/gcc -g -O2  -o libconftest.dylib -dynamiclib -Wl,-single_module conftest.c
configure:6890: result: yes
configure:6892: checking for -exported_symbols_list linker flag
configure:6912: /usr/bin/gcc -o conftest -g -O2   -Wl,-exported_symbols_list,conftest.sym conftest.c  >&5
configure:6912: $? = 0
configure:6922: result: yes
configure:6964: checking how to run the C preprocessor
configure:6995: /usr/bin/gcc -E  conftest.c
configure:6995: $? = 0
configure:7009: /usr/bin/gcc -E  conftest.c
conftest.c:14:28: error: ac_nonexistent.h: No such file or directory
configure:7009: $? = 1
configure: failed program was:
| /* confdefs.h */
| #define PACKAGE_NAME "pygtk"
| #define PACKAGE_TARNAME "pygtk"
| #define PACKAGE_VERSION "2.24.0"
| #define PACKAGE_STRING "pygtk 2.24.0"
| #define PACKAGE_BUGREPORT "http://bugzilla.gnome.org/enter_bug.cgi?product=pygtk"
| #define PACKAGE_URL ""
| #define PYGTK_MAJOR_VERSION 2
| #define PYGTK_MINOR_VERSION 24
| #define PYGTK_MICRO_VERSION 0
| #define PACKAGE "pygtk"
| #define VERSION "2.24.0"
| /* end confdefs.h.  */
| #include <ac_nonexistent.h>
configure:7034: result: /usr/bin/gcc -E
configure:7054: /usr/bin/gcc -E  conftest.c
configure:7054: $? = 0
configure:7068: /usr/bin/gcc -E  conftest.c
conftest.c:14:28: error: ac_nonexistent.h: No such file or directory
configure:7068: $? = 1
configure: failed program was:
| /* confdefs.h */
| #define PACKAGE_NAME "pygtk"
| #define PACKAGE_TARNAME "pygtk"
| #define PACKAGE_VERSION "2.24.0"
| #define PACKAGE_STRING "pygtk 2.24.0"
| #define PACKAGE_BUGREPORT "http://bugzilla.gnome.org/enter_bug.cgi?product=pygtk"
| #define PACKAGE_URL ""
| #define PYGTK_MAJOR_VERSION 2
| #define PYGTK_MINOR_VERSION 24
| #define PYGTK_MICRO_VERSION 0
| #define PACKAGE "pygtk"
| #define VERSION "2.24.0"
| /* end confdefs.h.  */
| #include <ac_nonexistent.h>
configure:7097: checking for ANSI C header files
configure:7117: /usr/bin/gcc -c -g -O2  conftest.c >&5
configure:7117: $? = 0
configure:7190: /usr/bin/gcc -o conftest -g -O2   conftest.c  >&5
configure:7190: $? = 0
configure:7190: ./conftest
configure:7190: $? = 0
configure:7201: result: yes
configure:7214: checking for sys/types.h
configure:7214: /usr/bin/gcc -c -g -O2  conftest.c >&5
configure:7214: $? = 0
configure:7214: result: yes
configure:7214: checking for sys/stat.h
configure:7214: /usr/bin/gcc -c -g -O2  conftest.c >&5
configure:7214: $? = 0
configure:7214: result: yes
configure:7214: checking for stdlib.h
configure:7214: /usr/bin/gcc -c -g -O2  conftest.c >&5
configure:7214: $? = 0
configure:7214: result: yes
configure:7214: checking for string.h
configure:7214: /usr/bin/gcc -c -g -O2  conftest.c >&5
configure:7214: $? = 0
configure:7214: result: yes
configure:7214: checking for memory.h
configure:7214: /usr/bin/gcc -c -g -O2  conftest.c >&5
configure:7214: $? = 0
configure:7214: result: yes
configure:7214: checking for strings.h
configure:7214: /usr/bin/gcc -c -g -O2  conftest.c >&5
configure:7214: $? = 0
configure:7214: result: yes
configure:7214: checking for inttypes.h
configure:7214: /usr/bin/gcc -c -g -O2  conftest.c >&5
configure:7214: $? = 0
configure:7214: result: yes
configure:7214: checking for stdint.h
configure:7214: /usr/bin/gcc -c -g -O2  conftest.c >&5
configure:7214: $? = 0
configure:7214: result: yes
configure:7214: checking for unistd.h
configure:7214: /usr/bin/gcc -c -g -O2  conftest.c >&5
configure:7214: $? = 0
configure:7214: result: yes
configure:7228: checking for dlfcn.h
configure:7228: /usr/bin/gcc -c -g -O2  conftest.c >&5
configure:7228: $? = 0
configure:7228: result: yes
configure:7380: checking for objdir
configure:7395: result: .libs
configure:7687: checking if /usr/bin/gcc supports -fno-rtti -fno-exceptions
configure:7707: /usr/bin/gcc -c -g -O2  -fno-rtti -fno-exceptions conftest.c >&5
cc1: warning: command line option "-fno-rtti" is valid for C++/ObjC++ but not for C
configure:7711: $? = 0
configure:7722: result: no
configure:7742: checking for /usr/bin/gcc option to produce PIC
configure:8014: result: -fno-common -DPIC
configure:8026: checking if /usr/bin/gcc PIC flag -fno-common -DPIC works
configure:8046: /usr/bin/gcc -c -g -O2  -fno-common -DPIC -DPIC conftest.c >&5
configure:8050: $? = 0
configure:8061: result: yes
configure:8085: checking if /usr/bin/gcc static flag -static works
configure:8113: result: no
configure:8128: checking if /usr/bin/gcc supports -c -o file.o
configure:8151: /usr/bin/gcc -c -g -O2  -o out/conftest2.o conftest.c >&5
configure:8155: $? = 0
configure:8175: result: yes
configure:8183: checking if /usr/bin/gcc supports -c -o file.o
configure:8230: result: yes
configure:8263: checking whether the /usr/bin/gcc linker (/usr/bin/ld) supports shared libraries
configure:9254: result: yes
configure:9493: checking dynamic linker characteristics
configure:10156: result: darwin11.0.0 dyld
configure:10258: checking how to hardcode library paths into programs
configure:10283: result: immediate
configure:10803: checking whether stripping libraries is possible
configure:10817: result: yes
configure:10843: checking if libtool supports shared libraries
configure:10845: result: yes
configure:10848: checking whether to build shared libraries
configure:10869: result: yes
configure:10872: checking whether to build static libraries
configure:10876: result: no
configure:10912: creating ./config.lt

## ------------------ ##
## Running config.lt. ##
## ------------------ ##
config.lt:620: creating libtool
configure:12309: checking for a Python interpreter with version >= 2.3.5
configure:12326: python -c import sys # split strings by '.' and convert to numeric. Append some zeros # because we need at least 4 digits for the hex conversion. # map returns an iterator in Python 3.0 and a list in 2.x minver = list(map(int, '2.3.5'.split('.'))) + [0, 0, 0] minverhex = 0 # xrange is not present in Python 3.0 and range returns an iterator for i in list(range(0, 4)): minverhex = (minverhex << 8) + minver[i] sys.exit(sys.hexversion < minverhex)
configure:12329: $? = 0
configure:12335: result: python
configure:12343: checking for python
configure:12361: found /usr/bin/python
configure:12373: result: /usr/bin/python
configure:12391: checking for python version
configure:12398: result: 2.5
configure:12410: checking for python platform
configure:12417: result: darwin
configure:12424: checking for python script directory
configure:12453: result: ${prefix}/lib/python2.5/site-packages
configure:12462: checking for python extension module directory
configure:12491: result: ${exec_prefix}/lib/python2.5/site-packages
configure:12506: checking for headers required to compile python extensions
configure:12525: /usr/bin/gcc -E  -I/usr/include/python2.5 -I/usr/include/python2.5 conftest.c
configure:12525: $? = 0
configure:12526: result: found
configure:12538: checking for PySignal_SetWakeupFd in Python.h
configure:12554: /usr/bin/gcc -c -g -O2 -Wall -Werror -I/usr/include/python2.5 -I/usr/include/python2.5 conftest.c >&5
cc1: warnings being treated as errors
conftest.c: In function 'main':
conftest.c:30: warning: implicit declaration of function 'PySignal_SetWakeupFd'
configure:12554: $? = 1
configure: failed program was:
| /* confdefs.h */
| #define PACKAGE_NAME "pygtk"
| #define PACKAGE_TARNAME "pygtk"
| #define PACKAGE_VERSION "2.24.0"
| #define PACKAGE_STRING "pygtk 2.24.0"
| #define PACKAGE_BUGREPORT "http://bugzilla.gnome.org/enter_bug.cgi?product=pygtk"
| #define PACKAGE_URL ""
| #define PYGTK_MAJOR_VERSION 2
| #define PYGTK_MINOR_VERSION 24
| #define PYGTK_MICRO_VERSION 0
| #define PACKAGE "pygtk"
| #define VERSION "2.24.0"
| #define STDC_HEADERS 1
| #define HAVE_SYS_TYPES_H 1
| #define HAVE_SYS_STAT_H 1
| #define HAVE_STDLIB_H 1
| #define HAVE_STRING_H 1
| #define HAVE_MEMORY_H 1
| #define HAVE_STRINGS_H 1
| #define HAVE_INTTYPES_H 1
| #define HAVE_STDINT_H 1
| #define HAVE_UNISTD_H 1
| #define HAVE_DLFCN_H 1
| #define LT_OBJDIR ".libs/"
| /* end confdefs.h.  */
| #include <Python.h>
| int
| main ()
| {
| PySignal_SetWakeupFd(0);
|   ;
|   return 0;
| }
configure:12560: result: no
configure:12579: checking for python module thread
configure:12605: result: yes
configure:12676: checking whether to enable threading in pygtk
configure:12681: result: yes
configure:12777: checking for pkg-config
configure:12795: found /usr/local/bin/pkg-config
configure:12807: result: /usr/local/bin/pkg-config
configure:12832: checking pkg-config is at least version 0.16
configure:12835: result: yes
configure:12852: checking for GLIB - version >= 2.8.0
configure:12966: /usr/bin/gcc -o conftest -g -O2 -D_REENTRANT -I/usr/local/include/glib-2.0 -I/usr/local/lib/glib-2.0/include      conftest.c -L/usr/local/lib -lgobject-2.0 -lgthread-2.0 -lglib-2.0 -lintl    >&5
configure:12966: $? = 0
configure:12966: ./conftest
configure:12966: $? = 0
configure:12980: result: yes (version 2.29.14)
configure:13052: checking for PYGOBJECT
configure:13059: $PKG_CONFIG --exists --print-errors "pygobject-2.0 >= 2.21.3"
Requested 'pygobject-2.0 >= 2.21.3' but version of PyGObject is 2.16.1
configure:13062: $? = 1
configure:13075: $PKG_CONFIG --exists --print-errors "pygobject-2.0 >= 2.21.3"
Requested 'pygobject-2.0 >= 2.21.3' but version of PyGObject is 2.16.1
configure:13078: $? = 1
configure:13091: result: no
Requested 'pygobject-2.0 >= 2.21.3' but version of PyGObject is 2.16.1
configure:13107: error: Package requirements (pygobject-2.0 >= 2.21.3) were not met:

Requested 'pygobject-2.0 >= 2.21.3' but version of PyGObject is 2.16.1

Consider adjusting the PKG_CONFIG_PATH environment variable if you
installed software in a non-standard prefix.

Alternatively, you may set the environment variables PYGOBJECT_CFLAGS
and PYGOBJECT_LIBS to avoid the need to call pkg-config.
See the pkg-config man page for more details.

## ---------------- ##
## Cache variables. ##
## ---------------- ##

ac_cv_build=arm-apple-darwin11.0.0
ac_cv_c_compiler_gnu=yes
ac_cv_env_ATK_CFLAGS_set=
ac_cv_env_ATK_CFLAGS_value=
ac_cv_env_ATK_LIBS_set=
ac_cv_env_ATK_LIBS_value=
ac_cv_env_CC_set=set
ac_cv_env_CC_value=/usr/bin/gcc
ac_cv_env_CFLAGS_set=
ac_cv_env_CFLAGS_value=
ac_cv_env_CPPFLAGS_set=
ac_cv_env_CPPFLAGS_value=
ac_cv_env_CPP_set=
ac_cv_env_CPP_value=
ac_cv_env_GTK210_CFLAGS_set=
ac_cv_env_GTK210_CFLAGS_value=
ac_cv_env_GTK210_LIBS_set=
ac_cv_env_GTK210_LIBS_value=
ac_cv_env_GTK212_CFLAGS_set=
ac_cv_env_GTK212_CFLAGS_value=
ac_cv_env_GTK212_LIBS_set=
ac_cv_env_GTK212_LIBS_value=
ac_cv_env_GTK214_CFLAGS_set=
ac_cv_env_GTK214_CFLAGS_value=
ac_cv_env_GTK214_LIBS_set=
ac_cv_env_GTK214_LIBS_value=
ac_cv_env_GTK216_CFLAGS_set=
ac_cv_env_GTK216_CFLAGS_value=
ac_cv_env_GTK216_LIBS_set=
ac_cv_env_GTK216_LIBS_value=
ac_cv_env_GTK218_CFLAGS_set=
ac_cv_env_GTK218_CFLAGS_value=
ac_cv_env_GTK218_LIBS_set=
ac_cv_env_GTK218_LIBS_value=
ac_cv_env_GTK220_CFLAGS_set=
ac_cv_env_GTK220_CFLAGS_value=
ac_cv_env_GTK220_LIBS_set=
ac_cv_env_GTK220_LIBS_value=
ac_cv_env_GTK222_CFLAGS_set=
ac_cv_env_GTK222_CFLAGS_value=
ac_cv_env_GTK222_LIBS_set=
ac_cv_env_GTK222_LIBS_value=
ac_cv_env_GTK224_CFLAGS_set=
ac_cv_env_GTK224_CFLAGS_value=
ac_cv_env_GTK224_LIBS_set=
ac_cv_env_GTK224_LIBS_value=
ac_cv_env_GTKUNIXPRINT_CFLAGS_set=
ac_cv_env_GTKUNIXPRINT_CFLAGS_value=
ac_cv_env_GTKUNIXPRINT_LIBS_set=
ac_cv_env_GTKUNIXPRINT_LIBS_value=
ac_cv_env_GTK_CFLAGS_set=
ac_cv_env_GTK_CFLAGS_value=
ac_cv_env_GTK_LIBS_set=
ac_cv_env_GTK_LIBS_value=
ac_cv_env_LDFLAGS_set=
ac_cv_env_LDFLAGS_value=
ac_cv_env_LIBGLADE_CFLAGS_set=
ac_cv_env_LIBGLADE_CFLAGS_value=
ac_cv_env_LIBGLADE_LIBS_set=
ac_cv_env_LIBGLADE_LIBS_value=
ac_cv_env_LIBS_set=
ac_cv_env_LIBS_value=
ac_cv_env_PANGOCAIRO_CFLAGS_set=
ac_cv_env_PANGOCAIRO_CFLAGS_value=
ac_cv_env_PANGOCAIRO_LIBS_set=
ac_cv_env_PANGOCAIRO_LIBS_value=
ac_cv_env_PANGO_CFLAGS_set=
ac_cv_env_PANGO_CFLAGS_value=
ac_cv_env_PANGO_LIBS_set=
ac_cv_env_PANGO_LIBS_value=
ac_cv_env_PKG_CONFIG_LIBDIR_set=
ac_cv_env_PKG_CONFIG_LIBDIR_value=
ac_cv_env_PKG_CONFIG_PATH_set=set
ac_cv_env_PKG_CONFIG_PATH_value=/usr/local/lib/pkgconfig:/usr/lib/pkgconfig
ac_cv_env_PKG_CONFIG_set=
ac_cv_env_PKG_CONFIG_value=
ac_cv_env_PYCAIRO_CFLAGS_set=
ac_cv_env_PYCAIRO_CFLAGS_value=
ac_cv_env_PYCAIRO_LIBS_set=
ac_cv_env_PYCAIRO_LIBS_value=
ac_cv_env_PYGOBJECT_CFLAGS_set=
ac_cv_env_PYGOBJECT_CFLAGS_value=
ac_cv_env_PYGOBJECT_LIBS_set=
ac_cv_env_PYGOBJECT_LIBS_value=
ac_cv_env_build_alias_set=
ac_cv_env_build_alias_value=
ac_cv_env_host_alias_set=
ac_cv_env_host_alias_value=
ac_cv_env_target_alias_set=
ac_cv_env_target_alias_value=
ac_cv_func_bind_textdomain_codeset=no
ac_cv_header_dlfcn_h=yes
ac_cv_header_inttypes_h=yes
ac_cv_header_memory_h=yes
ac_cv_header_stdc=yes
ac_cv_header_stdint_h=yes
ac_cv_header_stdlib_h=yes
ac_cv_header_string_h=yes
ac_cv_header_strings_h=yes
ac_cv_header_sys_stat_h=yes
ac_cv_header_sys_types_h=yes
ac_cv_header_unistd_h=yes
ac_cv_host=arm-apple-darwin11.0.0
ac_cv_objext=o
ac_cv_path_EGREP='/bin/grep -E'
ac_cv_path_FGREP='/bin/grep -F'
ac_cv_path_GREP=/bin/grep
ac_cv_path_PYTHON=/usr/bin/python
ac_cv_path_SED=/bin/sed
ac_cv_path_ac_pt_PKG_CONFIG=/usr/local/bin/pkg-config
ac_cv_path_install='/usr/bin/install -c'
ac_cv_path_mkdir=/bin/mkdir
ac_cv_prog_AWK=gawk
ac_cv_prog_CPP='/usr/bin/gcc -E'
ac_cv_prog_ac_ct_AR=ar
ac_cv_prog_ac_ct_CC=/usr/bin/gcc
ac_cv_prog_ac_ct_LIPO=lipo
ac_cv_prog_ac_ct_NMEDIT=nmedit
ac_cv_prog_ac_ct_OBJDUMP=objdump
ac_cv_prog_ac_ct_OTOOL64=otool64
ac_cv_prog_ac_ct_OTOOL=otool
ac_cv_prog_ac_ct_RANLIB=ranlib
ac_cv_prog_ac_ct_STRIP=strip
ac_cv_prog_cc_c89=
ac_cv_prog_cc_g=yes
ac_cv_prog_make_make_set=yes
am_cv_CC_dependencies_compiler_type=gcc3
am_cv_pathless_PYTHON=python
am_cv_python_platform=darwin
am_cv_python_pyexecdir='${exec_prefix}/lib/python2.5/site-packages'
am_cv_python_pythondir='${prefix}/lib/python2.5/site-packages'
am_cv_python_version=2.5
lt_cv_apple_cc_single_mod=yes
lt_cv_deplibs_check_method=pass_all
lt_cv_file_magic_cmd='$MAGIC_CMD'
lt_cv_file_magic_test_file=
lt_cv_ld_exported_symbols_list=yes
lt_cv_ld_reload_flag=-r
lt_cv_nm_interface='BSD nm'
lt_cv_objdir=.libs
lt_cv_path_LD=/usr/bin/ld
lt_cv_path_NM='/usr/bin/nm -p'
lt_cv_prog_compiler_c_o=yes
lt_cv_prog_compiler_pic_works=yes
lt_cv_prog_compiler_rtti_exceptions=no
lt_cv_prog_compiler_static_works=no
lt_cv_prog_gnu_ld=no
lt_cv_sys_global_symbol_pipe='sed -n -e '\''s/^.*[	 ]\([BCDEGRST][BCDEGRST]*\)[	 ][	 ]*_\([_A-Za-z][_A-Za-z0-9]*\)$/\1 _\2 \2/p'\'''
lt_cv_sys_global_symbol_to_c_name_address='sed -n -e '\''s/^: \([^ ]*\) $/  {\"\1\", (void *) 0},/p'\'' -e '\''s/^[BCDEGRST]* \([^ ]*\) \([^ ]*\)$/  {"\2", (void *) \&\2},/p'\'''
lt_cv_sys_global_symbol_to_c_name_address_lib_prefix='sed -n -e '\''s/^: \([^ ]*\) $/  {\"\1\", (void *) 0},/p'\'' -e '\''s/^[BCDEGRST]* \([^ ]*\) \(lib[^ ]*\)$/  {"\2", (void *) \&\2},/p'\'' -e '\''s/^[BCDEGRST]* \([^ ]*\) \([^ ]*\)$/  {"lib\2", (void *) \&\2},/p'\'''
lt_cv_sys_global_symbol_to_cdecl='sed -n -e '\''s/^T .* \(.*\)$/extern int \1();/p'\'' -e '\''s/^[BCDEGRST]* .* \(.*\)$/extern char \1;/p'\'''
lt_cv_sys_max_cmd_len=196608
py_cv_mod_thread_=yes

## ----------------- ##
## Output variables. ##
## ----------------- ##

ACLOCAL='${SHELL} /home/chris/pygtk-2.24.0/missing --run aclocal-1.11 '
ACLOCAL_AMFLAGS='-I m4 -I .'
AMDEPBACKSLASH='\'
AMDEP_FALSE='#'
AMDEP_TRUE=''
AMTAR='${SHELL} /home/chris/pygtk-2.24.0/missing --run tar'
AR='ar'
AS='as'
ATK_CFLAGS=''
ATK_LIBS=''
AUTOCONF='${SHELL} /home/chris/pygtk-2.24.0/missing --run autoconf'
AUTOHEADER='${SHELL} /home/chris/pygtk-2.24.0/missing --run autoheader'
AUTOMAKE='${SHELL} /home/chris/pygtk-2.24.0/missing --run automake-1.11'
AWK='gawk'
BUILD_ATK_FALSE=''
BUILD_ATK_TRUE=''
BUILD_GTKUNIXPRINT_FALSE=''
BUILD_GTKUNIXPRINT_TRUE=''
BUILD_GTK_FALSE=''
BUILD_GTK_TRUE=''
BUILD_LIBGLADE_FALSE=''
BUILD_LIBGLADE_TRUE=''
BUILD_PANGOCAIRO_FALSE=''
BUILD_PANGOCAIRO_TRUE=''
BUILD_PANGO_FALSE=''
BUILD_PANGO_TRUE=''
CC='/usr/bin/gcc'
CCDEPMODE='depmode=gcc3'
CFLAGS='-g -O2'
CODEGENDIR=''
CPP='/usr/bin/gcc -E'
CPPFLAGS=' '
CYGPATH_W='echo'
DEFS=''
DEPDIR='.deps'
DLLTOOL='dlltool'
DSYMUTIL=':'
DUMPBIN=''
ECHO_C=''
ECHO_N='-n'
ECHO_T=''
EGREP='/bin/grep -E'
ENABLE_DOCS_FALSE=''
ENABLE_DOCS_TRUE='#'
EXEEXT=''
FGREP='/bin/grep -F'
GLIB_CFLAGS='-D_REENTRANT -I/usr/local/include/glib-2.0 -I/usr/local/lib/glib-2.0/include  '
GLIB_GENMARSHAL='glib-genmarshal'
GLIB_LIBS='-L/usr/local/lib -lgobject-2.0 -lgthread-2.0 -lglib-2.0 -lintl  '
GLIB_MKENUMS='glib-mkenums'
GOBJECT_QUERY='gobject-query'
GREP='/bin/grep'
GTK210_CFLAGS=''
GTK210_LIBS=''
GTK212_CFLAGS=''
GTK212_LIBS=''
GTK214_CFLAGS=''
GTK214_LIBS=''
GTK216_CFLAGS=''
GTK216_LIBS=''
GTK218_CFLAGS=''
GTK218_LIBS=''
GTK220_CFLAGS=''
GTK220_LIBS=''
GTK222_CFLAGS=''
GTK222_LIBS=''
GTK224_CFLAGS=''
GTK224_LIBS=''
GTKUNIXPRINT_CFLAGS=''
GTKUNIXPRINT_LIBS=''
GTK_CFLAGS=''
GTK_LIBS=''
HAVE_GIO_TYPES_DEFS_FALSE=''
HAVE_GIO_TYPES_DEFS_TRUE=''
HAVE_GTK_2_10=''
HAVE_GTK_2_10_FALSE=''
HAVE_GTK_2_10_TRUE=''
HAVE_GTK_2_12=''
HAVE_GTK_2_12_FALSE=''
HAVE_GTK_2_12_TRUE=''
HAVE_GTK_2_14=''
HAVE_GTK_2_14_FALSE=''
HAVE_GTK_2_14_TRUE=''
HAVE_GTK_2_16=''
HAVE_GTK_2_16_FALSE=''
HAVE_GTK_2_16_TRUE=''
HAVE_GTK_2_18=''
HAVE_GTK_2_18_FALSE=''
HAVE_GTK_2_18_TRUE=''
HAVE_GTK_2_20=''
HAVE_GTK_2_20_FALSE=''
HAVE_GTK_2_20_TRUE=''
HAVE_GTK_2_22=''
HAVE_GTK_2_22_FALSE=''
HAVE_GTK_2_22_TRUE=''
HAVE_GTK_2_24=''
HAVE_GTK_2_24_FALSE=''
HAVE_GTK_2_24_TRUE=''
INSTALL_DATA='${INSTALL} -m 644'
INSTALL_PROGRAM='${INSTALL}'
INSTALL_SCRIPT='${INSTALL}'
INSTALL_STRIP_PROGRAM='$(install_sh) -c -s'
LD='/usr/bin/ld'
LDFLAGS=''
LIBGLADE_CFLAGS=''
LIBGLADE_LIBS=''
LIBOBJS=''
LIBS=''
LIBTOOL='$(SHELL) $(top_builddir)/libtool'
LIPO='lipo'
LN_S='ln -s'
LTLIBOBJS=''
MAKEINFO='${SHELL} /home/chris/pygtk-2.24.0/missing --run makeinfo'
MKDIR_P='/bin/mkdir -p'
NM='/usr/bin/nm -p'
NMEDIT='nmedit'
OBJDUMP='objdump'
OBJEXT='o'
OS_WIN32_FALSE=''
OS_WIN32_TRUE='#'
OTOOL64='otool64'
OTOOL='otool'
PACKAGE='pygtk'
PACKAGE_BUGREPORT='http://bugzilla.gnome.org/enter_bug.cgi?product=pygtk'
PACKAGE_NAME='pygtk'
PACKAGE_STRING='pygtk 2.24.0'
PACKAGE_TARNAME='pygtk'
PACKAGE_URL=''
PACKAGE_VERSION='2.24.0'
PANGOCAIRO_CFLAGS=''
PANGOCAIRO_LIBS=''
PANGO_CFLAGS=''
PANGO_LIBS=''
PATH_SEPARATOR=':'
PKG_CONFIG='/usr/local/bin/pkg-config'
PKG_CONFIG_LIBDIR=''
PKG_CONFIG_PATH='/usr/local/lib/pkgconfig:/usr/lib/pkgconfig'
PLATFORM_WIN32_FALSE=''
PLATFORM_WIN32_TRUE='#'
PYCAIRO_CFLAGS=''
PYCAIRO_LIBS=''
PYGOBJECT_CFLAGS=''
PYGOBJECT_DATADIR=''
PYGOBJECT_DEFSDIR=''
PYGOBJECT_FIXXREF=''
PYGOBJECT_INCLUDEDIR=''
PYGOBJECT_LIBS=''
PYGOBJECT_PYGDOCS=''
PYGTK_CODEGEN_DEFINES=''
PYGTK_MAJOR_VERSION='2'
PYGTK_MICRO_VERSION='0'
PYGTK_MINOR_VERSION='24'
PYTHON='/usr/bin/python'
PYTHON_EXEC_PREFIX='${exec_prefix}'
PYTHON_INCLUDES='-I/usr/include/python2.5 -I/usr/include/python2.5'
PYTHON_PLATFORM='darwin'
PYTHON_PREFIX='${prefix}'
PYTHON_VERSION='2.5'
RANLIB='ranlib'
SED='/bin/sed'
SET_MAKE=''
SHELL='/bin/sh'
STRIP='strip'
THREADING_CFLAGS=''
VERSION='2.24.0'
XSLTPROC=''
ac_ct_CC='/usr/bin/gcc'
ac_ct_DUMPBIN=''
am__EXEEXT_FALSE=''
am__EXEEXT_TRUE=''
am__fastdepCC_FALSE='#'
am__fastdepCC_TRUE=''
am__include='include'
am__isrc=''
am__leading_dot='.'
am__quote=''
am__tar='${AMTAR} chof - "$$tardir"'
am__untar='${AMTAR} xf -'
bindir='${exec_prefix}/bin'
build='arm-apple-darwin11.0.0'
build_alias=''
build_cpu='arm'
build_os='darwin11.0.0'
build_vendor='apple'
datadir='${datarootdir}'
datarootdir='${prefix}/share'
docdir='${datarootdir}/doc/${PACKAGE_TARNAME}'
dvidir='${docdir}'
exec_prefix='NONE'
host='arm-apple-darwin11.0.0'
host_alias=''
host_cpu='arm'
host_os='darwin11.0.0'
host_vendor='apple'
htmldir='${docdir}'
includedir='${prefix}/include'
infodir='${datarootdir}/info'
install_sh='${SHELL} /home/chris/pygtk-2.24.0/install-sh'
libdir='${exec_prefix}/lib'
libexecdir='${exec_prefix}/libexec'
localedir='${datarootdir}/locale'
localstatedir='${prefix}/var'
lt_ECHO='echo'
mandir='${datarootdir}/man'
mkdir_p='/bin/mkdir -p'
oldincludedir='/usr/include'
pdfdir='${docdir}'
pkgpyexecdir='${pyexecdir}/pygtk'
pkgpythondir='${pythondir}/pygtk'
prefix='NONE'
program_transform_name='s,x,x,'
psdir='${docdir}'
pyexecdir='${exec_prefix}/lib/python2.5/site-packages'
pythondir='${prefix}/lib/python2.5/site-packages'
sbindir='${exec_prefix}/sbin'
sharedstatedir='${prefix}/com'
sysconfdir='${prefix}/etc'
target_alias=''

## ----------- ##
## confdefs.h. ##
## ----------- ##

/* confdefs.h */
#define PACKAGE_NAME "pygtk"
#define PACKAGE_TARNAME "pygtk"
#define PACKAGE_VERSION "2.24.0"
#define PACKAGE_STRING "pygtk 2.24.0"
#define PACKAGE_BUGREPORT "http://bugzilla.gnome.org/enter_bug.cgi?product=pygtk"
#define PACKAGE_URL ""
#define PYGTK_MAJOR_VERSION 2
#define PYGTK_MINOR_VERSION 24
#define PYGTK_MICRO_VERSION 0
#define PACKAGE "pygtk"
#define VERSION "2.24.0"
#define STDC_HEADERS 1
#define HAVE_SYS_TYPES_H 1
#define HAVE_SYS_STAT_H 1
#define HAVE_STDLIB_H 1
#define HAVE_STRING_H 1
#define HAVE_MEMORY_H 1
#define HAVE_STRINGS_H 1
#define HAVE_INTTYPES_H 1
#define HAVE_STDINT_H 1
#define HAVE_UNISTD_H 1
#define HAVE_DLFCN_H 1
#define LT_OBJDIR ".libs/"

configure: exit 1
