This file contains any messages produced by compilers while
running configure, to aid debugging if configure makes a mistake.

It was created by xclock configure 1.0.4, which was
generated by GNU Autoconf 2.63.  Invocation command line was

  $ ./configure 

## --------- ##
## Platform. ##
## --------- ##

hostname = Chriss-iPad
uname -m = iPad1,1
uname -r = 10.4.0
uname -s = Darwin
uname -v = Darwin Kernel Version 10.4.0: Wed Oct 20 20:14:45 PDT 2010; root:xnu-1504.58.28~3/RELEASE_ARM_S5L8930X

/usr/bin/uname -p = unknown
/bin/uname -X     = unknown

/bin/arch              = unknown
/usr/bin/arch -k       = unknown
/usr/convex/getsysinfo = unknown
/usr/bin/hostinfo      = Mach kernel version:
	 Darwin Kernel Version 10.4.0: Wed Oct 20 20:14:45 PDT 2010; root:xnu-1504.58.28~3/RELEASE_ARM_S5L8930X
Kernel configured for a single processor only.
1 processor is physically available.
1 processor is logically available.
Processor type: armv7 (arm v7)
Processor active: 0
Primary memory available: 247.00 megabytes
Default processor set: 43 tasks, 264 threads, 1 processors
Load average: 1.91, Mach factor: 0.19
/bin/machine           = unknown
/usr/bin/oslevel       = unknown
/bin/universe          = unknown

PATH: /usr/local/sbin
PATH: /usr/local/bin
PATH: /usr/sbin
PATH: /usr/bin
PATH: /sbin
PATH: /bin
PATH: /usr/bin/X11
PATH: /usr/games
PATH: /var/mobile/ocaml-3.12.0/bin


## ----------- ##
## Core tests. ##
## ----------- ##

configure:1967: checking for a BSD-compatible install
configure:2035: result: /usr/bin/install -c
configure:2046: checking whether build environment is sane
configure:2106: result: yes
configure:2247: checking for a thread-safe mkdir -p
configure:2286: result: /bin/mkdir -p
configure:2299: checking for gawk
configure:2315: found /usr/bin/gawk
configure:2326: result: gawk
configure:2337: checking whether make sets $(MAKE)
configure:2359: result: yes
configure:2442: checking whether to enable maintainer-specific portions of Makefiles
configure:2451: result: no
configure:2529: checking for gcc
configure:2556: result: /usr/bin/gcc
configure:2788: checking for C compiler version
configure:2796: /usr/bin/gcc --version >&5
gcc (GCC) 4.2.1 (Based on Apple Inc. build 5555)
Copyright (C) 2007 Free Software Foundation, Inc.
This is free software; see the source for copying conditions.  There is NO
warranty; not even for MERCHANTABILITY or FITNESS FOR A PARTICULAR PURPOSE.

configure:2800: $? = 0
configure:2807: /usr/bin/gcc -v >&5
Using built-in specs.
Target: arm-apple-darwin9
Configured with: ../llvm-gcc-4.2/configure --build=x86_64-unknown-linux-gnu --host=arm-apple-darwin9 --enable-static=no --enable-shared=yes --prefix=/usr --localstatedir=/var/cache/iphone-gcc --enable-languages=c,c++,objc,obj-c++ --enable-wchar_t=no --with-gxx-include-dir=/usr/include/c++/4.0.0
Thread model: posix
gcc version 4.2.1 (Based on Apple Inc. build 5555)
configure:2811: $? = 0
configure:2818: /usr/bin/gcc -V >&5
gcc: '-V' option must have argument
configure:2822: $? = 1
configure:2845: checking for C compiler default output file name
configure:2867: /usr/bin/gcc    conftest.c  >&5
configure:2871: $? = 0
configure:2909: result: a.out
configure:2928: checking whether the C compiler works
configure:2938: ./a.out
configure:2942: $? = 0
configure:2961: result: yes
configure:2968: checking whether we are cross compiling
configure:2970: result: no
configure:2973: checking for suffix of executables
configure:2980: /usr/bin/gcc -o conftest    conftest.c  >&5
configure:2984: $? = 0
configure:3010: result: 
configure:3016: checking for suffix of object files
configure:3042: /usr/bin/gcc -c   conftest.c >&5
configure:3046: $? = 0
configure:3071: result: o
configure:3075: checking whether we are using the GNU C compiler
configure:3104: /usr/bin/gcc -c   conftest.c >&5
configure:3111: $? = 0
configure:3128: result: yes
configure:3137: checking whether /usr/bin/gcc accepts -g
configure:3167: /usr/bin/gcc -c -g  conftest.c >&5
configure:3174: $? = 0
configure:3275: result: yes
configure:3292: checking for /usr/bin/gcc option to accept ISO C89
configure:3366: /usr/bin/gcc  -c -g -O2  conftest.c >&5
configure:3373: $? = 0
configure:3396: result: none needed
configure:3425: checking for style of include used by make
configure:3453: result: GNU
configure:3478: checking dependency style of /usr/bin/gcc
configure:3588: result: gcc3
configure:3617: checking for a BSD-compatible install
configure:3685: result: /usr/bin/install -c
configure:3703: checking how to run the C preprocessor
configure:3743: /usr/bin/gcc -E  conftest.c
configure:3750: $? = 0
configure:3781: /usr/bin/gcc -E  conftest.c
conftest.c:10:28: error: ac_nonexistent.h: No such file or directory
configure:3788: $? = 1
configure: failed program was:
| /* confdefs.h.  */
| #define PACKAGE_NAME "xclock"
| #define PACKAGE_TARNAME "xclock"
| #define PACKAGE_VERSION "1.0.4"
| #define PACKAGE_STRING "xclock 1.0.4"
| #define PACKAGE_BUGREPORT "https://bugs.freedesktop.org/enter_bug.cgi?product=xorg"
| #define PACKAGE "xclock"
| #define VERSION "1.0.4"
| /* end confdefs.h.  */
| #include <ac_nonexistent.h>
configure:3821: result: /usr/bin/gcc -E
configure:3850: /usr/bin/gcc -E  conftest.c
configure:3857: $? = 0
configure:3888: /usr/bin/gcc -E  conftest.c
conftest.c:10:28: error: ac_nonexistent.h: No such file or directory
configure:3895: $? = 1
configure: failed program was:
| /* confdefs.h.  */
| #define PACKAGE_NAME "xclock"
| #define PACKAGE_TARNAME "xclock"
| #define PACKAGE_VERSION "1.0.4"
| #define PACKAGE_STRING "xclock 1.0.4"
| #define PACKAGE_BUGREPORT "https://bugs.freedesktop.org/enter_bug.cgi?product=xorg"
| #define PACKAGE "xclock"
| #define VERSION "1.0.4"
| /* end confdefs.h.  */
| #include <ac_nonexistent.h>
configure:3935: checking for grep that handles long lines and -e
configure:3995: result: /bin/grep
configure:4000: checking for egrep
configure:4064: result: /bin/grep -E
configure:4069: checking for ANSI C header files
configure:4099: /usr/bin/gcc -c -g -O2  conftest.c >&5
configure:4106: $? = 0
configure:4205: /usr/bin/gcc -o conftest -g -O2   conftest.c  >&5
configure:4209: $? = 0
configure:4215: ./conftest
configure:4219: $? = 0
configure:4237: result: yes
configure:4261: checking for sys/types.h
configure:4282: /usr/bin/gcc -c -g -O2  conftest.c >&5
configure:4289: $? = 0
configure:4306: result: yes
configure:4261: checking for sys/stat.h
configure:4282: /usr/bin/gcc -c -g -O2  conftest.c >&5
configure:4289: $? = 0
configure:4306: result: yes
configure:4261: checking for stdlib.h
configure:4282: /usr/bin/gcc -c -g -O2  conftest.c >&5
configure:4289: $? = 0
configure:4306: result: yes
configure:4261: checking for string.h
configure:4282: /usr/bin/gcc -c -g -O2  conftest.c >&5
configure:4289: $? = 0
configure:4306: result: yes
configure:4261: checking for memory.h
configure:4282: /usr/bin/gcc -c -g -O2  conftest.c >&5
configure:4289: $? = 0
configure:4306: result: yes
configure:4261: checking for strings.h
configure:4282: /usr/bin/gcc -c -g -O2  conftest.c >&5
configure:4289: $? = 0
configure:4306: result: yes
configure:4261: checking for inttypes.h
configure:4282: /usr/bin/gcc -c -g -O2  conftest.c >&5
configure:4289: $? = 0
configure:4306: result: yes
configure:4261: checking for stdint.h
configure:4282: /usr/bin/gcc -c -g -O2  conftest.c >&5
configure:4289: $? = 0
configure:4306: result: yes
configure:4261: checking for unistd.h
configure:4282: /usr/bin/gcc -c -g -O2  conftest.c >&5
configure:4289: $? = 0
configure:4306: result: yes
configure:4320: checking for /usr/bin/gcc option to accept ISO C99
configure:4479: /usr/bin/gcc  -c -g -O2  conftest.c >&5
conftest.c:70: error: expected ';', ',' or ')' before 'text'
conftest.c: In function 'main':
conftest.c:124: error: nested functions are disabled, use -fnested-functions to re-enable
conftest.c:124: error: expected '=', ',', ';', 'asm' or '__attribute__' before 'newvar'
conftest.c:124: error: 'newvar' undeclared (first use in this function)
conftest.c:124: error: (Each undeclared identifier is reported only once
conftest.c:124: error: for each function it appears in.)
conftest.c:134: error: 'for' loop initial declaration used outside C99 mode
configure:4486: $? = 1
configure: failed program was:
| /* confdefs.h.  */
| #define PACKAGE_NAME "xclock"
| #define PACKAGE_TARNAME "xclock"
| #define PACKAGE_VERSION "1.0.4"
| #define PACKAGE_STRING "xclock 1.0.4"
| #define PACKAGE_BUGREPORT "https://bugs.freedesktop.org/enter_bug.cgi?product=xorg"
| #define PACKAGE "xclock"
| #define VERSION "1.0.4"
| #define STDC_HEADERS 1
| #define HAVE_SYS_TYPES_H 1
| #define HAVE_SYS_STAT_H 1
| #define HAVE_STDLIB_H 1
| #define HAVE_STRING_H 1
| #define HAVE_MEMORY_H 1
| #define HAVE_STRINGS_H 1
| #define HAVE_INTTYPES_H 1
| #define HAVE_STDINT_H 1
| #define HAVE_UNISTD_H 1
| /* end confdefs.h.  */
| #include <stdarg.h>
| #include <stdbool.h>
| #include <stdlib.h>
| #include <wchar.h>
| #include <stdio.h>
| 
| // Check varargs macros.  These examples are taken from C99 6.10.3.5.
| #define debug(...) fprintf (stderr, __VA_ARGS__)
| #define showlist(...) puts (#__VA_ARGS__)
| #define report(test,...) ((test) ? puts (#test) : printf (__VA_ARGS__))
| static void
| test_varargs_macros (void)
| {
|   int x = 1234;
|   int y = 5678;
|   debug ("Flag");
|   debug ("X = %d\n", x);
|   showlist (The first, second, and third items.);
|   report (x>y, "x is %d but y is %d", x, y);
| }
| 
| // Check long long types.
| #define BIG64 18446744073709551615ull
| #define BIG32 4294967295ul
| #define BIG_OK (BIG64 / BIG32 == 4294967297ull && BIG64 % BIG32 == 0)
| #if !BIG_OK
|   your preprocessor is broken;
| #endif
| #if BIG_OK
| #else
|   your preprocessor is broken;
| #endif
| static long long int bignum = -9223372036854775807LL;
| static unsigned long long int ubignum = BIG64;
| 
| struct incomplete_array
| {
|   int datasize;
|   double data[];
| };
| 
| struct named_init {
|   int number;
|   const wchar_t *name;
|   double average;
| };
| 
| typedef const char *ccp;
| 
| static inline int
| test_restrict (ccp restrict text)
| {
|   // See if C++-style comments work.
|   // Iterate through items via the restricted pointer.
|   // Also check for declarations in for loops.
|   for (unsigned int i = 0; *(text+i) != '\0'; ++i)
|     continue;
|   return 0;
| }
| 
| // Check varargs and va_copy.
| static void
| test_varargs (const char *format, ...)
| {
|   va_list args;
|   va_start (args, format);
|   va_list args_copy;
|   va_copy (args_copy, args);
| 
|   const char *str;
|   int number;
|   float fnumber;
| 
|   while (*format)
|     {
|       switch (*format++)
| 	{
| 	case 's': // string
| 	  str = va_arg (args_copy, const char *);
| 	  break;
| 	case 'd': // int
| 	  number = va_arg (args_copy, int);
| 	  break;
| 	case 'f': // float
| 	  fnumber = va_arg (args_copy, double);
| 	  break;
| 	default:
| 	  break;
| 	}
|     }
|   va_end (args_copy);
|   va_end (args);
| }
| 
| int
| main ()
| {
| 
|   // Check bool.
|   _Bool success = false;
| 
|   // Check restrict.
|   if (test_restrict ("String literal") == 0)
|     success = true;
|   char *restrict newvar = "Another string";
| 
|   // Check varargs.
|   test_varargs ("s, d' f .", "string", 65, 34.234);
|   test_varargs_macros ();
| 
|   // Check flexible array members.
|   struct incomplete_array *ia =
|     malloc (sizeof (struct incomplete_array) + (sizeof (double) * 10));
|   ia->datasize = 10;
|   for (int i = 0; i < ia->datasize; ++i)
|     ia->data[i] = i * 1.234;
| 
|   // Check named initializers.
|   struct named_init ni = {
|     .number = 34,
|     .name = L"Test wide string",
|     .average = 543.34343,
|   };
| 
|   ni.number = 58;
| 
|   int dynamic_array[ni.number];
|   dynamic_array[ni.number - 1] = 543;
| 
|   // work around unused variable warnings
|   return (!success || bignum == 0LL || ubignum == 0uLL || newvar[0] == 'x'
| 	  || dynamic_array[ni.number - 1] != 543);
| 
|   ;
|   return 0;
| }
configure:4479: /usr/bin/gcc -std=gnu99 -c -g -O2  conftest.c >&5
configure:4486: $? = 0
configure:4516: result: -std=gnu99
configure:4528: checking build system type
configure:4546: result: arm-apple-darwin10.4.0
configure:4568: checking host system type
configure:4583: result: arm-apple-darwin10.4.0
configure:4962: checking for strlcpy
configure:5018: /usr/bin/gcc -std=gnu99 -o conftest -g -O2   conftest.c  >&5
configure:5025: $? = 0
configure:5047: result: yes
configure:4962: checking for getpid
configure:5018: /usr/bin/gcc -std=gnu99 -o conftest -g -O2   conftest.c  >&5
configure:5025: $? = 0
configure:5047: result: yes
configure:5060: checking for library containing iconv
configure:5101: /usr/bin/gcc -std=gnu99 -o conftest -g -O2   conftest.c  >&5
Undefined symbols:
  "_iconv", referenced from:
      _main in cctvLjSp.o
ld: symbol(s) not found
collect2: ld returned 1 exit status
configure:5108: $? = 1
configure: failed program was:
| /* confdefs.h.  */
| #define PACKAGE_NAME "xclock"
| #define PACKAGE_TARNAME "xclock"
| #define PACKAGE_VERSION "1.0.4"
| #define PACKAGE_STRING "xclock 1.0.4"
| #define PACKAGE_BUGREPORT "https://bugs.freedesktop.org/enter_bug.cgi?product=xorg"
| #define PACKAGE "xclock"
| #define VERSION "1.0.4"
| #define STDC_HEADERS 1
| #define HAVE_SYS_TYPES_H 1
| #define HAVE_SYS_STAT_H 1
| #define HAVE_STDLIB_H 1
| #define HAVE_STRING_H 1
| #define HAVE_MEMORY_H 1
| #define HAVE_STRINGS_H 1
| #define HAVE_INTTYPES_H 1
| #define HAVE_STDINT_H 1
| #define HAVE_UNISTD_H 1
| #define PACKAGE_VERSION_MAJOR 1
| #define PACKAGE_VERSION_MINOR 0
| #define PACKAGE_VERSION_PATCHLEVEL 4
| #define HAVE_STRLCPY 1
| #define HAVE_GETPID 1
| /* end confdefs.h.  */
| 
| /* Override any GCC internal prototype to avoid an error.
|    Use char because int might match the return type of a GCC
|    builtin and then its argument prototype would still apply.  */
| #ifdef __cplusplus
| extern "C"
| #endif
| char iconv ();
| int
| main ()
| {
| return iconv ();
|   ;
|   return 0;
| }
configure:5101: /usr/bin/gcc -std=gnu99 -o conftest -g -O2   conftest.c -liconv   >&5
Undefined symbols:
  "_iconv", referenced from:
      _main in ccqR8dx4.o
ld: symbol(s) not found
collect2: ld returned 1 exit status
configure:5108: $? = 1
configure: failed program was:
| /* confdefs.h.  */
| #define PACKAGE_NAME "xclock"
| #define PACKAGE_TARNAME "xclock"
| #define PACKAGE_VERSION "1.0.4"
| #define PACKAGE_STRING "xclock 1.0.4"
| #define PACKAGE_BUGREPORT "https://bugs.freedesktop.org/enter_bug.cgi?product=xorg"
| #define PACKAGE "xclock"
| #define VERSION "1.0.4"
| #define STDC_HEADERS 1
| #define HAVE_SYS_TYPES_H 1
| #define HAVE_SYS_STAT_H 1
| #define HAVE_STDLIB_H 1
| #define HAVE_STRING_H 1
| #define HAVE_MEMORY_H 1
| #define HAVE_STRINGS_H 1
| #define HAVE_INTTYPES_H 1
| #define HAVE_STDINT_H 1
| #define HAVE_UNISTD_H 1
| #define PACKAGE_VERSION_MAJOR 1
| #define PACKAGE_VERSION_MINOR 0
| #define PACKAGE_VERSION_PATCHLEVEL 4
| #define HAVE_STRLCPY 1
| #define HAVE_GETPID 1
| /* end confdefs.h.  */
| 
| /* Override any GCC internal prototype to avoid an error.
|    Use char because int might match the return type of a GCC
|    builtin and then its argument prototype would still apply.  */
| #ifdef __cplusplus
| extern "C"
| #endif
| char iconv ();
| int
| main ()
| {
| return iconv ();
|   ;
|   return 0;
| }
configure:5139: result: no
configure:5201: checking for pkg-config
configure:5219: found /usr/bin/pkg-config
configure:5231: result: /usr/bin/pkg-config
configure:5256: checking pkg-config is at least version 0.9.0
configure:5259: result: yes
configure:5270: checking for XCLOCK_X11
configure:5277: $PKG_CONFIG --exists --print-errors "x11"
configure:5280: $? = 0
configure:5293: $PKG_CONFIG --exists --print-errors "x11"
configure:5296: $? = 0
configure:5373: result: yes
configure:5379: checking for XAW
configure:5386: $PKG_CONFIG --exists --print-errors "xaw7"
configure:5389: $? = 0
configure:5402: $PKG_CONFIG --exists --print-errors "xaw7"
configure:5405: $? = 0
configure:5482: result: yes
configure:5500: checking for XFT
configure:5507: $PKG_CONFIG --exists --print-errors "xrender xft"
configure:5510: $? = 0
configure:5523: $PKG_CONFIG --exists --print-errors "xrender xft"
configure:5526: $? = 0
configure:5603: result: yes
configure:5607: checking for library containing sqrt
configure:5648: /usr/bin/gcc -std=gnu99 -o conftest -g -O2   conftest.c  >&5
conftest.c:32: warning: conflicting types for built-in function 'sqrt'
configure:5655: $? = 0
configure:5686: result: none required
configure:5719: checking for XKB
configure:5726: $PKG_CONFIG --exists --print-errors "xkbfile"
configure:5729: $? = 0
configure:5742: $PKG_CONFIG --exists --print-errors "xkbfile"
configure:5745: $? = 0
configure:5822: result: yes
configure:5840: checking for APPDEFS
configure:5847: $PKG_CONFIG --exists --print-errors "xt"
configure:5850: $? = 0
configure:5863: $PKG_CONFIG --exists --print-errors "xt"
configure:5866: $? = 0
configure:5943: result: yes
configure:6091: creating ./config.status

## ---------------------- ##
## Running config.status. ##
## ---------------------- ##

This file was extended by xclock config.status 1.0.4, which was
generated by GNU Autoconf 2.63.  Invocation command line was

  CONFIG_FILES    = 
  CONFIG_HEADERS  = 
  CONFIG_LINKS    = 
  CONFIG_COMMANDS = 
  $ ./config.status 

on Chriss-iPad

config.status:824: creating Makefile
config.status:824: creating config.h
config.status:1098: executing depfiles commands

## ---------------- ##
## Cache variables. ##
## ---------------- ##

ac_cv_build=arm-apple-darwin10.4.0
ac_cv_c_compiler_gnu=yes
ac_cv_env_APPDEFS_CFLAGS_set=
ac_cv_env_APPDEFS_CFLAGS_value=
ac_cv_env_APPDEFS_LIBS_set=
ac_cv_env_APPDEFS_LIBS_value=
ac_cv_env_CC_set=set
ac_cv_env_CC_value=/usr/bin/gcc
ac_cv_env_CFLAGS_set=
ac_cv_env_CFLAGS_value=
ac_cv_env_CPPFLAGS_set=
ac_cv_env_CPPFLAGS_value=
ac_cv_env_CPP_set=
ac_cv_env_CPP_value=
ac_cv_env_LDFLAGS_set=
ac_cv_env_LDFLAGS_value=
ac_cv_env_LIBS_set=
ac_cv_env_LIBS_value=
ac_cv_env_PKG_CONFIG_set=
ac_cv_env_PKG_CONFIG_value=
ac_cv_env_XAW_CFLAGS_set=
ac_cv_env_XAW_CFLAGS_value=
ac_cv_env_XAW_LIBS_set=
ac_cv_env_XAW_LIBS_value=
ac_cv_env_XCLOCK_X11_CFLAGS_set=
ac_cv_env_XCLOCK_X11_CFLAGS_value=
ac_cv_env_XCLOCK_X11_LIBS_set=
ac_cv_env_XCLOCK_X11_LIBS_value=
ac_cv_env_XFT_CFLAGS_set=
ac_cv_env_XFT_CFLAGS_value=
ac_cv_env_XFT_LIBS_set=
ac_cv_env_XFT_LIBS_value=
ac_cv_env_XKB_CFLAGS_set=
ac_cv_env_XKB_CFLAGS_value=
ac_cv_env_XKB_LIBS_set=
ac_cv_env_XKB_LIBS_value=
ac_cv_env_build_alias_set=
ac_cv_env_build_alias_value=
ac_cv_env_host_alias_set=
ac_cv_env_host_alias_value=
ac_cv_env_target_alias_set=
ac_cv_env_target_alias_value=
ac_cv_func_getpid=yes
ac_cv_func_strlcpy=yes
ac_cv_header_inttypes_h=yes
ac_cv_header_memory_h=yes
ac_cv_header_stdc=yes
ac_cv_header_stdint_h=yes
ac_cv_header_stdlib_h=yes
ac_cv_header_string_h=yes
ac_cv_header_strings_h=yes
ac_cv_header_sys_stat_h=yes
ac_cv_header_sys_types_h=yes
ac_cv_header_unistd_h=yes
ac_cv_host=arm-apple-darwin10.4.0
ac_cv_objext=o
ac_cv_path_EGREP='/bin/grep -E'
ac_cv_path_GREP=/bin/grep
ac_cv_path_ac_pt_PKG_CONFIG=/usr/bin/pkg-config
ac_cv_path_install='/usr/bin/install -c'
ac_cv_path_mkdir=/bin/mkdir
ac_cv_prog_AWK=gawk
ac_cv_prog_CPP='/usr/bin/gcc -E'
ac_cv_prog_ac_ct_CC=/usr/bin/gcc
ac_cv_prog_cc_c89=
ac_cv_prog_cc_c99=-std=gnu99
ac_cv_prog_cc_g=yes
ac_cv_prog_make_make_set=yes
ac_cv_search_iconv=no
ac_cv_search_sqrt='none required'
am_cv_CC_dependencies_compiler_type=gcc3
pkg_cv_APPDEFS_CFLAGS=' '
pkg_cv_APPDEFS_LIBS='-L/usr/local/lib -lXt -lX11 -lSM -lICE  '
pkg_cv_XAW_CFLAGS=' '
pkg_cv_XAW_LIBS='-L/usr/local/lib -lXaw7 -lXmu -lXt -lX11 -lSM -lICE  '
pkg_cv_XCLOCK_X11_CFLAGS=' '
pkg_cv_XCLOCK_X11_LIBS='-L/usr/local/lib -lX11  '
pkg_cv_XFT_CFLAGS='-I/usr/local/include/freetype2  '
pkg_cv_XFT_LIBS='-L/usr/local/lib -lXft -lXrender -lfontconfig -lfreetype -lX11  '
pkg_cv_XKB_CFLAGS=' '
pkg_cv_XKB_LIBS='-L/usr/local/lib -lxkbfile  '

## ----------------- ##
## Output variables. ##
## ----------------- ##

ACLOCAL='${SHELL} /home/chris/xclock-1.0.4/missing --run aclocal-1.11'
ADMIN_MAN_DIR='$(mandir)/man$(ADMIN_MAN_SUFFIX)'
ADMIN_MAN_SUFFIX='8'
AMDEPBACKSLASH='\'
AMDEP_FALSE='#'
AMDEP_TRUE=''
AMTAR='${SHELL} /home/chris/xclock-1.0.4/missing --run tar'
AM_BACKSLASH='\'
AM_DEFAULT_VERBOSITY='0'
APPDEFS_CFLAGS=' '
APPDEFS_LIBS='-L/usr/local/lib -lXt -lX11 -lSM -lICE  '
APP_MAN_DIR='$(mandir)/man$(APP_MAN_SUFFIX)'
APP_MAN_SUFFIX='1'
AUTOCONF='${SHELL} /home/chris/xclock-1.0.4/missing --run autoconf'
AUTOHEADER='${SHELL} /home/chris/xclock-1.0.4/missing --run autoheader'
AUTOMAKE='${SHELL} /home/chris/xclock-1.0.4/missing --run automake-1.11'
AWK='gawk'
CC='/usr/bin/gcc -std=gnu99'
CCDEPMODE='depmode=gcc3'
CFLAGS='-g -O2'
CHANGELOG_CMD='(GIT_DIR=$(top_srcdir)/.git git log > .changelog.tmp && mv .changelog.tmp ChangeLog) || (rm -f .changelog.tmp; touch ChangeLog; echo '\''git directory not found: installing possibly empty changelog.'\'' >&2)'
CPP='/usr/bin/gcc -E'
CPPFLAGS=''
CWARNFLAGS='-Wall -Wpointer-arith -Wstrict-prototypes -Wmissing-prototypes -Wmissing-declarations -Wnested-externs -fno-strict-aliasing -Wbad-function-cast -Wold-style-definition -Wdeclaration-after-statement '
CYGPATH_W='echo'
DEFS='-DHAVE_CONFIG_H'
DEPDIR='.deps'
DRIVER_MAN_DIR='$(mandir)/man$(DRIVER_MAN_SUFFIX)'
DRIVER_MAN_SUFFIX='4'
ECHO_C=''
ECHO_N='-n'
ECHO_T=''
EGREP='/bin/grep -E'
EXEEXT=''
FILE_MAN_DIR='$(mandir)/man$(FILE_MAN_SUFFIX)'
FILE_MAN_SUFFIX='5'
GREP='/bin/grep'
INSTALL_DATA='${INSTALL} -m 644'
INSTALL_PROGRAM='${INSTALL}'
INSTALL_SCRIPT='${INSTALL}'
INSTALL_STRIP_PROGRAM='$(install_sh) -c -s'
LDFLAGS=''
LIBOBJS=''
LIBS=''
LIB_MAN_DIR='$(mandir)/man$(LIB_MAN_SUFFIX)'
LIB_MAN_SUFFIX='3'
LTLIBOBJS=''
MAINT='#'
MAINTAINER_MODE_FALSE=''
MAINTAINER_MODE_TRUE='#'
MAKEINFO='${SHELL} /home/chris/xclock-1.0.4/missing --run makeinfo'
MISC_MAN_DIR='$(mandir)/man$(MISC_MAN_SUFFIX)'
MISC_MAN_SUFFIX='7'
MKDIR_P='/bin/mkdir -p'
OBJEXT='o'
PACKAGE='xclock'
PACKAGE_BUGREPORT='https://bugs.freedesktop.org/enter_bug.cgi?product=xorg'
PACKAGE_NAME='xclock'
PACKAGE_STRING='xclock 1.0.4'
PACKAGE_TARNAME='xclock'
PACKAGE_VERSION='1.0.4'
PATH_SEPARATOR=':'
PKG_CONFIG='/usr/bin/pkg-config'
SET_MAKE=''
SHELL='/bin/sh'
STRIP=''
VERSION='1.0.4'
XAW_CFLAGS=' '
XAW_LIBS='-L/usr/local/lib -lXaw7 -lXmu -lXt -lX11 -lSM -lICE  '
XCLOCK_CFLAGS='    -I/usr/local/include/freetype2    '
XCLOCK_LIBS='-L/usr/local/lib -lX11   -L/usr/local/lib -lXaw7 -lXmu -lXt -lX11 -lSM -lICE   -L/usr/local/lib -lXft -lXrender -lfontconfig -lfreetype -lX11   -L/usr/local/lib -lxkbfile  '
XCLOCK_X11_CFLAGS=' '
XCLOCK_X11_LIBS='-L/usr/local/lib -lX11  '
XFT_CFLAGS='-I/usr/local/include/freetype2  '
XFT_LIBS='-L/usr/local/lib -lXft -lXrender -lfontconfig -lfreetype -lX11  '
XKB_CFLAGS=' '
XKB_LIBS='-L/usr/local/lib -lxkbfile  '
ac_ct_CC='/usr/bin/gcc'
am__EXEEXT_FALSE=''
am__EXEEXT_TRUE='#'
am__fastdepCC_FALSE='#'
am__fastdepCC_TRUE=''
am__include='include'
am__isrc=''
am__leading_dot='.'
am__quote=''
am__tar='${AMTAR} chof - "$$tardir"'
am__untar='${AMTAR} xf -'
appdefaultdir='/usr/local/share/X11/app-defaults'
bindir='${exec_prefix}/bin'
build='arm-apple-darwin10.4.0'
build_alias=''
build_cpu='arm'
build_os='darwin10.4.0'
build_vendor='apple'
datadir='${datarootdir}'
datarootdir='${prefix}/share'
distcleancheck_listfiles='find . -type f ! -name ChangeLog -print'
docdir='${datarootdir}/doc/${PACKAGE_TARNAME}'
dvidir='${docdir}'
exec_prefix='${prefix}'
host='arm-apple-darwin10.4.0'
host_alias=''
host_cpu='arm'
host_os='darwin10.4.0'
host_vendor='apple'
htmldir='${docdir}'
includedir='${prefix}/include'
infodir='${datarootdir}/info'
install_sh='${SHELL} /home/chris/xclock-1.0.4/install-sh'
libdir='${exec_prefix}/lib'
libexecdir='${exec_prefix}/libexec'
localedir='${datarootdir}/locale'
localstatedir='${prefix}/var'
mandir='${datarootdir}/man'
mkdir_p='/bin/mkdir -p'
oldincludedir='/usr/include'
pdfdir='${docdir}'
prefix='/usr/local'
program_transform_name='s,x,x,'
psdir='${docdir}'
sbindir='${exec_prefix}/sbin'
sharedstatedir='${prefix}/com'
sysconfdir='${prefix}/etc'
target_alias=''

## ----------- ##
## confdefs.h. ##
## ----------- ##

#define PACKAGE_NAME "xclock"
#define PACKAGE_TARNAME "xclock"
#define PACKAGE_VERSION "1.0.4"
#define PACKAGE_STRING "xclock 1.0.4"
#define PACKAGE_BUGREPORT "https://bugs.freedesktop.org/enter_bug.cgi?product=xorg"
#define PACKAGE "xclock"
#define VERSION "1.0.4"
#define STDC_HEADERS 1
#define HAVE_SYS_TYPES_H 1
#define HAVE_SYS_STAT_H 1
#define HAVE_STDLIB_H 1
#define HAVE_STRING_H 1
#define HAVE_MEMORY_H 1
#define HAVE_STRINGS_H 1
#define HAVE_INTTYPES_H 1
#define HAVE_STDINT_H 1
#define HAVE_UNISTD_H 1
#define PACKAGE_VERSION_MAJOR 1
#define PACKAGE_VERSION_MINOR 0
#define PACKAGE_VERSION_PATCHLEVEL 4
#define HAVE_STRLCPY 1
#define HAVE_GETPID 1
#define XRENDER 1
#define XFREE86_FT2 1
#define XKB 1

configure: exit 0
