This file contains any messages produced by compilers while
running configure, to aid debugging if configure makes a mistake.

It was created by font-ibm-type1 configure 1.0.0, which was
generated by GNU Autoconf 2.59.  Invocation command line was

  $ ./configure 

## --------- ##
## Platform. ##
## --------- ##

hostname = Chriss-iPad
uname -m = iPad1,1
uname -r = 10.4.0
uname -s = Darwin
uname -v = Darwin Kernel Version 10.4.0: Wed Oct 20 20:14:45 PDT 2010; root:xnu-1504.58.28~3/RELEASE_ARM_S5L8930X

/usr/bin/uname -p = unknown
/bin/uname -X     = unknown

/bin/arch              = unknown
/usr/bin/arch -k       = unknown
/usr/convex/getsysinfo = unknown
hostinfo               = Mach kernel version:
	 Darwin Kernel Version 10.4.0: Wed Oct 20 20:14:45 PDT 2010; root:xnu-1504.58.28~3/RELEASE_ARM_S5L8930X
Kernel configured for a single processor only.
1 processor is physically available.
1 processor is logically available.
Processor type: armv7 (arm v7)
Processor active: 0
Primary memory available: 247.00 megabytes
Default processor set: 38 tasks, 281 threads, 1 processors
Load average: 1.02, Mach factor: 0.33
/bin/machine           = unknown
/usr/bin/oslevel       = unknown
/bin/universe          = unknown

PATH: /usr/local/sbin
PATH: /usr/local/bin
PATH: /usr/sbin
PATH: /usr/bin
PATH: /sbin
PATH: /bin
PATH: /usr/bin/X11
PATH: /usr/games
PATH: /var/mobile/ocaml-3.12.0/bin


## ----------- ##
## Core tests. ##
## ----------- ##

configure:1289: checking for a BSD-compatible install
configure:1344: result: /usr/bin/install -c
configure:1355: checking whether build environment is sane
configure:1398: result: yes
configure:1431: checking for gawk
configure:1447: found /usr/bin/gawk
configure:1457: result: gawk
configure:1467: checking whether make sets $(MAKE)
configure:1487: result: yes
configure:1651: checking whether to enable maintainer-specific portions of Makefiles
configure:1660: result: no
configure:1689: checking for a BSD-compatible install
configure:1744: result: /usr/bin/install -c
configure:1758: checking for mkfontscale
configure:1776: found /usr/local/bin/mkfontscale
configure:1788: result: /usr/local/bin/mkfontscale
configure:1797: checking for mkfontdir
configure:1815: found /usr/local/bin/mkfontdir
configure:1827: result: /usr/local/bin/mkfontdir
configure:1836: checking for fc-cache
configure:1854: found /usr/local/bin/fc-cache
configure:1866: result: /usr/local/bin/fc-cache
configure:2038: creating ./config.status

## ---------------------- ##
## Running config.status. ##
## ---------------------- ##

This file was extended by font-ibm-type1 config.status 1.0.0, which was
generated by GNU Autoconf 2.59.  Invocation command line was

  CONFIG_FILES    = 
  CONFIG_HEADERS  = 
  CONFIG_LINKS    = 
  CONFIG_COMMANDS = 
  $ ./config.status 

on Chriss-iPad

config.status:655: creating Makefile

## ---------------- ##
## Cache variables. ##
## ---------------- ##

ac_cv_env_build_alias_set=
ac_cv_env_build_alias_value=
ac_cv_env_host_alias_set=
ac_cv_env_host_alias_value=
ac_cv_env_target_alias_set=
ac_cv_env_target_alias_value=
ac_cv_path_FCCACHE=/usr/local/bin/fc-cache
ac_cv_path_MKFONTDIR=/usr/local/bin/mkfontdir
ac_cv_path_MKFONTSCALE=/usr/local/bin/mkfontscale
ac_cv_path_install='/usr/bin/install -c'
ac_cv_prog_AWK=gawk
ac_cv_prog_make_make_set=yes

## ----------------- ##
## Output variables. ##
## ----------------- ##

ACLOCAL='${SHELL} /home/chris/xorg/font-ibm-type1-1.0.0/missing --run aclocal-1.7'
AMTAR='${SHELL} /home/chris/xorg/font-ibm-type1-1.0.0/missing --run tar'
AUTOCONF='${SHELL} /home/chris/xorg/font-ibm-type1-1.0.0/missing --run autoconf'
AUTOHEADER='${SHELL} /home/chris/xorg/font-ibm-type1-1.0.0/missing --run autoheader'
AUTOMAKE='${SHELL} /home/chris/xorg/font-ibm-type1-1.0.0/missing --run automake-1.7'
AWK='gawk'
CYGPATH_W='echo'
DEFS='-DPACKAGE_NAME=\"font-ibm-type1\" -DPACKAGE_TARNAME=\"font-ibm-type1\" -DPACKAGE_VERSION=\"1.0.0\" -DPACKAGE_STRING=\"font-ibm-type1\ 1.0.0\" -DPACKAGE_BUGREPORT=\"https://bugs.freedesktop.org/enter_bug.cgi\?product=xorg\" -DPACKAGE=\"font-ibm-type1\" -DVERSION=\"1.0.0\" '
ECHO_C=''
ECHO_N='-n'
ECHO_T=''
FCCACHE='/usr/local/bin/fc-cache'
FONTDIR='${exec_prefix}/lib/X11/fonts/Type1'
INSTALL_DATA='${INSTALL} -m 644'
INSTALL_PROGRAM='${INSTALL}'
INSTALL_SCRIPT='${INSTALL}'
INSTALL_STRIP_PROGRAM='${SHELL} $(install_sh) -c -s'
LIBOBJS=''
LIBS=''
LTLIBOBJS=''
MAINT='#'
MAINTAINER_MODE_FALSE=''
MAINTAINER_MODE_TRUE='#'
MAKEINFO='${SHELL} /home/chris/xorg/font-ibm-type1-1.0.0/missing --run makeinfo'
MKFONTDIR='/usr/local/bin/mkfontdir'
MKFONTSCALE='/usr/local/bin/mkfontscale'
PACKAGE='font-ibm-type1'
PACKAGE_BUGREPORT='https://bugs.freedesktop.org/enter_bug.cgi?product=xorg'
PACKAGE_NAME='font-ibm-type1'
PACKAGE_STRING='font-ibm-type1 1.0.0'
PACKAGE_TARNAME='font-ibm-type1'
PACKAGE_VERSION='1.0.0'
PATH_SEPARATOR=':'
SET_MAKE=''
SHELL='/bin/sh'
STRIP=''
VERSION='1.0.0'
ac_ct_STRIP=''
am__leading_dot='.'
bindir='${exec_prefix}/bin'
build_alias=''
datadir='${prefix}/share'
exec_prefix='${prefix}'
host_alias=''
includedir='${prefix}/include'
infodir='${prefix}/info'
install_sh='/home/chris/xorg/font-ibm-type1-1.0.0/install-sh'
libdir='${exec_prefix}/lib'
libexecdir='${exec_prefix}/libexec'
localstatedir='${prefix}/var'
mandir='${prefix}/man'
oldincludedir='/usr/include'
prefix='/usr/local'
program_transform_name='s,x,x,'
sbindir='${exec_prefix}/sbin'
sharedstatedir='${prefix}/com'
sysconfdir='${prefix}/etc'
target_alias=''

## ----------- ##
## confdefs.h. ##
## ----------- ##

#define PACKAGE "font-ibm-type1"
#define PACKAGE_BUGREPORT "https://bugs.freedesktop.org/enter_bug.cgi?product=xorg"
#define PACKAGE_NAME "font-ibm-type1"
#define PACKAGE_STRING "font-ibm-type1 1.0.0"
#define PACKAGE_TARNAME "font-ibm-type1"
#define PACKAGE_VERSION "1.0.0"
#define VERSION "1.0.0"

configure: exit 0
