This file contains any messages produced by compilers while
running configure, to aid debugging if configure makes a mistake.

It was created by font-screen-cyrillic configure 1.0.1, which was
generated by GNU Autoconf 2.60.  Invocation command line was

  $ ./configure 

## --------- ##
## Platform. ##
## --------- ##

hostname = Chriss-iPad
uname -m = iPad1,1
uname -r = 10.4.0
uname -s = Darwin
uname -v = Darwin Kernel Version 10.4.0: Wed Oct 20 20:14:45 PDT 2010; root:xnu-1504.58.28~3/RELEASE_ARM_S5L8930X

/usr/bin/uname -p = unknown
/bin/uname -X     = unknown

/bin/arch              = unknown
/usr/bin/arch -k       = unknown
/usr/convex/getsysinfo = unknown
/usr/bin/hostinfo      = Mach kernel version:
	 Darwin Kernel Version 10.4.0: Wed Oct 20 20:14:45 PDT 2010; root:xnu-1504.58.28~3/RELEASE_ARM_S5L8930X
Kernel configured for a single processor only.
1 processor is physically available.
1 processor is logically available.
Processor type: armv7 (arm v7)
Processor active: 0
Primary memory available: 247.00 megabytes
Default processor set: 36 tasks, 272 threads, 1 processors
Load average: 1.48, Mach factor: 0.51
/bin/machine           = unknown
/usr/bin/oslevel       = unknown
/bin/universe          = unknown

PATH: /usr/local/sbin
PATH: /usr/local/bin
PATH: /usr/sbin
PATH: /usr/bin
PATH: /sbin
PATH: /bin
PATH: /usr/bin/X11
PATH: /usr/games
PATH: /var/mobile/ocaml-3.12.0/bin


## ----------- ##
## Core tests. ##
## ----------- ##

configure:1702: checking for a BSD-compatible install
configure:1758: result: /usr/bin/install -c
configure:1769: checking whether build environment is sane
configure:1812: result: yes
configure:1877: checking for gawk
configure:1893: found /usr/bin/gawk
configure:1904: result: gawk
configure:1915: checking whether make sets $(MAKE)
configure:1936: result: yes
configure:2144: checking whether to enable maintainer-specific portions of Makefiles
configure:2153: result: no
configure:2182: checking for a BSD-compatible install
configure:2238: result: /usr/bin/install -c
configure:2252: checking for bdftopcf
configure:2270: found /usr/local/bin/bdftopcf
configure:2282: result: /usr/local/bin/bdftopcf
configure:2292: checking for mkfontscale
configure:2310: found /usr/local/bin/mkfontscale
configure:2322: result: /usr/local/bin/mkfontscale
configure:2332: checking for mkfontdir
configure:2350: found /usr/local/bin/mkfontdir
configure:2362: result: /usr/local/bin/mkfontdir
configure:2540: creating ./config.status

## ---------------------- ##
## Running config.status. ##
## ---------------------- ##

This file was extended by font-screen-cyrillic config.status 1.0.1, which was
generated by GNU Autoconf 2.60.  Invocation command line was

  CONFIG_FILES    = 
  CONFIG_HEADERS  = 
  CONFIG_LINKS    = 
  CONFIG_COMMANDS = 
  $ ./config.status 

on Chriss-iPad

config.status:585: creating Makefile

## ---------------- ##
## Cache variables. ##
## ---------------- ##

ac_cv_env_build_alias_set=
ac_cv_env_build_alias_value=
ac_cv_env_host_alias_set=
ac_cv_env_host_alias_value=
ac_cv_env_target_alias_set=
ac_cv_env_target_alias_value=
ac_cv_path_BDFTOPCF=/usr/local/bin/bdftopcf
ac_cv_path_MKFONTDIR=/usr/local/bin/mkfontdir
ac_cv_path_MKFONTSCALE=/usr/local/bin/mkfontscale
ac_cv_path_install='/usr/bin/install -c'
ac_cv_prog_AWK=gawk
ac_cv_prog_make_make_set=yes

## ----------------- ##
## Output variables. ##
## ----------------- ##

ACLOCAL='${SHELL} /home/chris/xorg/font-screen-cyrillic-1.0.1/missing --run aclocal-1.9'
AMCMDECHO='echo'
AMDEPSHOWCMDSAT=''
AMPRETTYECHO='true'
AMSHOWCMDSAT=''
AMTAR='${SHELL} /home/chris/xorg/font-screen-cyrillic-1.0.1/missing --run tar'
AUTOCONF='${SHELL} /home/chris/xorg/font-screen-cyrillic-1.0.1/missing --run autoconf'
AUTOHEADER='${SHELL} /home/chris/xorg/font-screen-cyrillic-1.0.1/missing --run autoheader'
AUTOMAKE='${SHELL} /home/chris/xorg/font-screen-cyrillic-1.0.1/missing --run automake-1.9'
AWK='gawk'
BDFTOPCF='/usr/local/bin/bdftopcf'
CYGPATH_W='echo'
DEFS='-DPACKAGE_NAME=\"font-screen-cyrillic\" -DPACKAGE_TARNAME=\"font-screen-cyrillic\" -DPACKAGE_VERSION=\"1.0.1\" -DPACKAGE_STRING=\"font-screen-cyrillic\ 1.0.1\" -DPACKAGE_BUGREPORT=\"https://bugs.freedesktop.org/enter_bug.cgi\?product=xorg\" -DPACKAGE=\"font-screen-cyrillic\" -DVERSION=\"1.0.1\"'
ECHO_C=''
ECHO_N='-n'
ECHO_T=''
FONTDIR='${exec_prefix}/lib/X11/fonts/cyrillic'
INSTALL_DATA='${INSTALL} -m 644'
INSTALL_PROGRAM='${INSTALL}'
INSTALL_SCRIPT='${INSTALL}'
INSTALL_STRIP_PROGRAM='${SHELL} $(install_sh) -c -s'
LIBOBJS=''
LIBS=''
LTLIBOBJS=''
LT_QUIET=''
MAINT='#'
MAINTAINER_MODE_FALSE=''
MAINTAINER_MODE_TRUE='#'
MAKEINFO='${SHELL} /home/chris/xorg/font-screen-cyrillic-1.0.1/missing --run makeinfo'
MKFONTDIR='/usr/local/bin/mkfontdir'
MKFONTSCALE='/usr/local/bin/mkfontscale'
PACKAGE='font-screen-cyrillic'
PACKAGE_BUGREPORT='https://bugs.freedesktop.org/enter_bug.cgi?product=xorg'
PACKAGE_NAME='font-screen-cyrillic'
PACKAGE_STRING='font-screen-cyrillic 1.0.1'
PACKAGE_TARNAME='font-screen-cyrillic'
PACKAGE_VERSION='1.0.1'
PATH_SEPARATOR=':'
SET_MAKE=''
SHELL='/bin/sh'
STRIP=''
VERSION='1.0.1'
am__leading_dot='.'
am__tar='${AMTAR} chof - "$$tardir"'
am__untar='${AMTAR} xf -'
bindir='${exec_prefix}/bin'
build_alias=''
datadir='${datarootdir}'
datarootdir='${prefix}/share'
docdir='${datarootdir}/doc/${PACKAGE_TARNAME}'
dvidir='${docdir}'
exec_prefix='${prefix}'
host_alias=''
htmldir='${docdir}'
includedir='${prefix}/include'
infodir='${datarootdir}/info'
install_sh='/home/chris/xorg/font-screen-cyrillic-1.0.1/install-sh'
libdir='${exec_prefix}/lib'
libexecdir='${exec_prefix}/libexec'
localedir='${datarootdir}/locale'
localstatedir='${prefix}/var'
mandir='${datarootdir}/man'
mkdir_p='mkdir -p --'
oldincludedir='/usr/include'
pdfdir='${docdir}'
prefix='/usr/local'
program_transform_name='s,x,x,'
psdir='${docdir}'
sbindir='${exec_prefix}/sbin'
sharedstatedir='${prefix}/com'
sysconfdir='${prefix}/etc'
target_alias=''

## ----------- ##
## confdefs.h. ##
## ----------- ##

#define PACKAGE_NAME "font-screen-cyrillic"
#define PACKAGE_TARNAME "font-screen-cyrillic"
#define PACKAGE_VERSION "1.0.1"
#define PACKAGE_STRING "font-screen-cyrillic 1.0.1"
#define PACKAGE_BUGREPORT "https://bugs.freedesktop.org/enter_bug.cgi?product=xorg"
#define PACKAGE "font-screen-cyrillic"
#define VERSION "1.0.1"

configure: exit 0
