This file contains any messages produced by compilers while
running configure, to aid debugging if configure makes a mistake.

It was created by libgnutls-extra configure 2.12.7, which was
generated by GNU Autoconf 2.65.  Invocation command line was

  $ ./configure --disable-option-checking --prefix=/usr/local CC=/usr/bin/gcc --cache-file=/dev/null --srcdir=.

## --------- ##
## Platform. ##
## --------- ##

hostname = Chriss-iPad
uname -m = iPad1,1
uname -r = 10.4.0
uname -s = Darwin
uname -v = Darwin Kernel Version 10.4.0: Wed Oct 20 20:14:45 PDT 2010; root:xnu-1504.58.28~3/RELEASE_ARM_S5L8930X

/usr/bin/uname -p = unknown
/bin/uname -X     = unknown

/bin/arch              = unknown
/usr/bin/arch -k       = unknown
/usr/convex/getsysinfo = unknown
/usr/bin/hostinfo      = Mach kernel version:
	 Darwin Kernel Version 10.4.0: Wed Oct 20 20:14:45 PDT 2010; root:xnu-1504.58.28~3/RELEASE_ARM_S5L8930X
Kernel configured for a single processor only.
1 processor is physically available.
1 processor is logically available.
Processor type: armv7 (arm v7)
Processor active: 0
Primary memory available: 247.00 megabytes
Default processor set: 35 tasks, 246 threads, 1 processors
Load average: 2.33, Mach factor: 0.24
/bin/machine           = unknown
/usr/bin/oslevel       = unknown
/bin/universe          = unknown

PATH: /usr/local/sbin
PATH: /usr/local/bin
PATH: /usr/sbin
PATH: /usr/bin
PATH: /sbin
PATH: /bin
PATH: /usr/bin/X11
PATH: /usr/games
PATH: /var/mobile/ocaml-3.12.0/bin


## ----------- ##
## Core tests. ##
## ----------- ##

configure:2749: checking for a BSD-compatible install
configure:2817: result: /usr/bin/install -c
configure:2828: checking whether build environment is sane
configure:2878: result: yes
configure:3019: checking for a thread-safe mkdir -p
configure:3058: result: /bin/mkdir -p
configure:3072: checking for gawk
configure:3088: found /usr/bin/gawk
configure:3099: result: gawk
configure:3110: checking whether make sets $(MAKE)
configure:3132: result: yes
configure:3275: checking for gcc
configure:3302: result: /usr/bin/gcc
configure:3531: checking for C compiler version
configure:3540: /usr/bin/gcc --version >&5
gcc (GCC) 4.2.1 (Based on Apple Inc. build 5555)
Copyright (C) 2007 Free Software Foundation, Inc.
This is free software; see the source for copying conditions.  There is NO
warranty; not even for MERCHANTABILITY or FITNESS FOR A PARTICULAR PURPOSE.

configure:3551: $? = 0
configure:3540: /usr/bin/gcc -v >&5
Using built-in specs.
Target: arm-apple-darwin9
Configured with: ../llvm-gcc-4.2/configure --build=x86_64-unknown-linux-gnu --host=arm-apple-darwin9 --enable-static=no --enable-shared=yes --prefix=/usr --localstatedir=/var/cache/iphone-gcc --enable-languages=c,c++,objc,obj-c++ --enable-wchar_t=no --with-gxx-include-dir=/usr/include/c++/4.0.0
Thread model: posix
gcc version 4.2.1 (Based on Apple Inc. build 5555)
configure:3551: $? = 0
configure:3540: /usr/bin/gcc -V >&5
gcc: '-V' option must have argument
configure:3551: $? = 1
configure:3540: /usr/bin/gcc -qversion >&5
gcc: no input files
configure:3551: $? = 1
configure:3571: checking whether the C compiler works
configure:3593: /usr/bin/gcc    conftest.c  >&5
configure:3597: $? = 0
configure:3646: result: yes
configure:3649: checking for C compiler default output file name
configure:3651: result: a.out
configure:3657: checking for suffix of executables
configure:3664: /usr/bin/gcc -o conftest    conftest.c  >&5
configure:3668: $? = 0
configure:3690: result: 
configure:3712: checking whether we are cross compiling
configure:3720: /usr/bin/gcc -o conftest    conftest.c  >&5
configure:3724: $? = 0
configure:3731: ./conftest
configure:3735: $? = 0
configure:3750: result: no
configure:3755: checking for suffix of object files
configure:3777: /usr/bin/gcc -c   conftest.c >&5
configure:3781: $? = 0
configure:3802: result: o
configure:3806: checking whether we are using the GNU C compiler
configure:3825: /usr/bin/gcc -c   conftest.c >&5
configure:3825: $? = 0
configure:3834: result: yes
configure:3843: checking whether /usr/bin/gcc accepts -g
configure:3863: /usr/bin/gcc -c -g  conftest.c >&5
configure:3863: $? = 0
configure:3904: result: yes
configure:3921: checking for /usr/bin/gcc option to accept ISO C89
configure:3985: /usr/bin/gcc  -c -g -O2  conftest.c >&5
configure:3985: $? = 0
configure:3998: result: none needed
configure:4029: checking for style of include used by make
configure:4057: result: GNU
configure:4082: checking dependency style of /usr/bin/gcc
configure:4192: result: gcc3
configure:4250: checking for ranlib
configure:4266: found /usr/bin/ranlib
configure:4277: result: ranlib
configure:4303: checking build system type
configure:4317: result: arm-apple-darwin10.4.0
configure:4337: checking host system type
configure:4350: result: arm-apple-darwin10.4.0
configure:4376: checking how to run the C preprocessor
configure:4407: /usr/bin/gcc -E  conftest.c
configure:4407: $? = 0
configure:4421: /usr/bin/gcc -E  conftest.c
conftest.c:11:28: error: ac_nonexistent.h: No such file or directory
configure:4421: $? = 1
configure: failed program was:
| /* confdefs.h */
| #define PACKAGE_NAME "libgnutls-extra"
| #define PACKAGE_TARNAME "libgnutls-extra"
| #define PACKAGE_VERSION "2.12.7"
| #define PACKAGE_STRING "libgnutls-extra 2.12.7"
| #define PACKAGE_BUGREPORT "bug-gnutls@gnu.org"
| #define PACKAGE_URL ""
| #define PACKAGE "libgnutls-extra"
| #define VERSION "2.12.7"
| /* end confdefs.h.  */
| #include <ac_nonexistent.h>
configure:4446: result: /usr/bin/gcc -E
configure:4466: /usr/bin/gcc -E  conftest.c
configure:4466: $? = 0
configure:4480: /usr/bin/gcc -E  conftest.c
conftest.c:11:28: error: ac_nonexistent.h: No such file or directory
configure:4480: $? = 1
configure: failed program was:
| /* confdefs.h */
| #define PACKAGE_NAME "libgnutls-extra"
| #define PACKAGE_TARNAME "libgnutls-extra"
| #define PACKAGE_VERSION "2.12.7"
| #define PACKAGE_STRING "libgnutls-extra 2.12.7"
| #define PACKAGE_BUGREPORT "bug-gnutls@gnu.org"
| #define PACKAGE_URL ""
| #define PACKAGE "libgnutls-extra"
| #define VERSION "2.12.7"
| /* end confdefs.h.  */
| #include <ac_nonexistent.h>
configure:4509: checking for grep that handles long lines and -e
configure:4567: result: /bin/grep
configure:4572: checking for egrep
configure:4634: result: /bin/grep -E
configure:4639: checking for ANSI C header files
configure:4659: /usr/bin/gcc -c -g -O2  conftest.c >&5
configure:4659: $? = 0
configure:4732: /usr/bin/gcc -o conftest -g -O2   conftest.c  >&5
configure:4732: $? = 0
configure:4732: ./conftest
configure:4732: $? = 0
configure:4743: result: yes
configure:4756: checking for sys/types.h
configure:4756: /usr/bin/gcc -c -g -O2  conftest.c >&5
configure:4756: $? = 0
configure:4756: result: yes
configure:4756: checking for sys/stat.h
configure:4756: /usr/bin/gcc -c -g -O2  conftest.c >&5
configure:4756: $? = 0
configure:4756: result: yes
configure:4756: checking for stdlib.h
configure:4756: /usr/bin/gcc -c -g -O2  conftest.c >&5
configure:4756: $? = 0
configure:4756: result: yes
configure:4756: checking for string.h
configure:4756: /usr/bin/gcc -c -g -O2  conftest.c >&5
configure:4756: $? = 0
configure:4756: result: yes
configure:4756: checking for memory.h
configure:4756: /usr/bin/gcc -c -g -O2  conftest.c >&5
configure:4756: $? = 0
configure:4756: result: yes
configure:4756: checking for strings.h
configure:4756: /usr/bin/gcc -c -g -O2  conftest.c >&5
configure:4756: $? = 0
configure:4756: result: yes
configure:4756: checking for inttypes.h
configure:4756: /usr/bin/gcc -c -g -O2  conftest.c >&5
configure:4756: $? = 0
configure:4756: result: yes
configure:4756: checking for stdint.h
configure:4756: /usr/bin/gcc -c -g -O2  conftest.c >&5
configure:4756: $? = 0
configure:4756: result: yes
configure:4756: checking for unistd.h
configure:4756: /usr/bin/gcc -c -g -O2  conftest.c >&5
configure:4756: $? = 0
configure:4756: result: yes
configure:4772: checking minix/config.h usability
configure:4772: /usr/bin/gcc -c -g -O2  conftest.c >&5
conftest.c:54:26: error: minix/config.h: No such file or directory
configure:4772: $? = 1
configure: failed program was:
| /* confdefs.h */
| #define PACKAGE_NAME "libgnutls-extra"
| #define PACKAGE_TARNAME "libgnutls-extra"
| #define PACKAGE_VERSION "2.12.7"
| #define PACKAGE_STRING "libgnutls-extra 2.12.7"
| #define PACKAGE_BUGREPORT "bug-gnutls@gnu.org"
| #define PACKAGE_URL ""
| #define PACKAGE "libgnutls-extra"
| #define VERSION "2.12.7"
| #define STDC_HEADERS 1
| #define HAVE_SYS_TYPES_H 1
| #define HAVE_SYS_STAT_H 1
| #define HAVE_STDLIB_H 1
| #define HAVE_STRING_H 1
| #define HAVE_MEMORY_H 1
| #define HAVE_STRINGS_H 1
| #define HAVE_INTTYPES_H 1
| #define HAVE_STDINT_H 1
| #define HAVE_UNISTD_H 1
| /* end confdefs.h.  */
| #include <stdio.h>
| #ifdef HAVE_SYS_TYPES_H
| # include <sys/types.h>
| #endif
| #ifdef HAVE_SYS_STAT_H
| # include <sys/stat.h>
| #endif
| #ifdef STDC_HEADERS
| # include <stdlib.h>
| # include <stddef.h>
| #else
| # ifdef HAVE_STDLIB_H
| #  include <stdlib.h>
| # endif
| #endif
| #ifdef HAVE_STRING_H
| # if !defined STDC_HEADERS && defined HAVE_MEMORY_H
| #  include <memory.h>
| # endif
| # include <string.h>
| #endif
| #ifdef HAVE_STRINGS_H
| # include <strings.h>
| #endif
| #ifdef HAVE_INTTYPES_H
| # include <inttypes.h>
| #endif
| #ifdef HAVE_STDINT_H
| # include <stdint.h>
| #endif
| #ifdef HAVE_UNISTD_H
| # include <unistd.h>
| #endif
| #include <minix/config.h>
configure:4772: result: no
configure:4772: checking minix/config.h presence
configure:4772: /usr/bin/gcc -E  conftest.c
conftest.c:21:26: error: minix/config.h: No such file or directory
configure:4772: $? = 1
configure: failed program was:
| /* confdefs.h */
| #define PACKAGE_NAME "libgnutls-extra"
| #define PACKAGE_TARNAME "libgnutls-extra"
| #define PACKAGE_VERSION "2.12.7"
| #define PACKAGE_STRING "libgnutls-extra 2.12.7"
| #define PACKAGE_BUGREPORT "bug-gnutls@gnu.org"
| #define PACKAGE_URL ""
| #define PACKAGE "libgnutls-extra"
| #define VERSION "2.12.7"
| #define STDC_HEADERS 1
| #define HAVE_SYS_TYPES_H 1
| #define HAVE_SYS_STAT_H 1
| #define HAVE_STDLIB_H 1
| #define HAVE_STRING_H 1
| #define HAVE_MEMORY_H 1
| #define HAVE_STRINGS_H 1
| #define HAVE_INTTYPES_H 1
| #define HAVE_STDINT_H 1
| #define HAVE_UNISTD_H 1
| /* end confdefs.h.  */
| #include <minix/config.h>
configure:4772: result: no
configure:4772: checking for minix/config.h
configure:4772: result: no
configure:4801: checking whether it is safe to define __EXTENSIONS__
configure:4819: /usr/bin/gcc -c -g -O2  conftest.c >&5
configure:4819: $? = 0
configure:4826: result: yes
configure:5186: checking for a sed that does not truncate output
configure:5250: result: /bin/sed
configure:5268: checking for fgrep
configure:5330: result: /bin/grep -F
configure:5365: checking for ld used by /usr/bin/gcc
configure:5432: result: /usr/bin/ld
configure:5439: checking if the linker (/usr/bin/ld) is GNU ld
configure:5454: result: no
configure:5466: checking for BSD- or MS-compatible name lister (nm)
configure:5515: result: /usr/bin/nm -p
configure:5633: checking the name lister (/usr/bin/nm -p) interface
configure:5640: /usr/bin/gcc -c -g -O2  conftest.c >&5
configure:5643: /usr/bin/nm -p "conftest.o"
configure:5646: output
00000000 D _some_variable
configure:5653: result: BSD nm
configure:5656: checking whether ln -s works
configure:5660: result: yes
configure:5668: checking the maximum length of command line arguments
configure:5788: result: 196608
configure:5805: checking whether the shell understands some XSI constructs
configure:5815: result: yes
configure:5819: checking whether the shell understands "+="
configure:5825: result: yes
configure:5860: checking for /usr/bin/ld option to reload object files
configure:5867: result: -r
configure:5936: checking for objdump
configure:5963: result: objdump
configure:5992: checking how to recognize dependent libraries
configure:6188: result: pass_all
configure:6248: checking for ar
configure:6264: found /usr/bin/ar
configure:6275: result: ar
configure:6353: checking for strip
configure:6369: found /usr/bin/strip
configure:6380: result: strip
configure:6452: checking for ranlib
configure:6479: result: ranlib
configure:6569: checking command to parse /usr/bin/nm -p output from /usr/bin/gcc object
configure:6687: /usr/bin/gcc -c -g -O2  conftest.c >&5
configure:6690: $? = 0
configure:6694: /usr/bin/nm -p conftest.o \| sed -n -e 's/^.*[	 ]\([BCDEGRST][BCDEGRST]*\)[	 ][	 ]*\([_A-Za-z][_A-Za-z0-9]*\)$/\1 \2 \2/p' \> conftest.nm
configure:6697: $? = 0
cannot find nm_test_var in conftest.nm
configure:6687: /usr/bin/gcc -c -g -O2  conftest.c >&5
configure:6690: $? = 0
configure:6694: /usr/bin/nm -p conftest.o \| sed -n -e 's/^.*[	 ]\([BCDEGRST][BCDEGRST]*\)[	 ][	 ]*_\([_A-Za-z][_A-Za-z0-9]*\)$/\1 _\2 \2/p' \> conftest.nm
configure:6697: $? = 0
configure:6751: /usr/bin/gcc -o conftest -g -O2   conftest.c conftstm.o >&5
configure:6754: $? = 0
configure:6792: result: ok
configure:7056: checking for dsymutil
configure:7086: result: no
configure:7148: checking for nmedit
configure:7164: found /usr/bin/nmedit
configure:7175: result: nmedit
configure:7240: checking for lipo
configure:7256: found /usr/bin/lipo
configure:7267: result: lipo
configure:7332: checking for otool
configure:7348: found /usr/bin/otool
configure:7359: result: otool
configure:7424: checking for otool64
configure:7440: found /usr/bin/otool64
configure:7451: result: otool64
configure:7499: checking for -single_module linker flag
/usr/bin/gcc -g -O2  -o libconftest.dylib -dynamiclib -Wl,-single_module conftest.c
configure:7526: result: yes
configure:7528: checking for -exported_symbols_list linker flag
configure:7548: /usr/bin/gcc -o conftest -g -O2   -Wl,-exported_symbols_list,conftest.sym conftest.c  >&5
configure:7548: $? = 0
configure:7558: result: yes
configure:7597: checking for dlfcn.h
configure:7597: /usr/bin/gcc -c -g -O2  conftest.c >&5
configure:7597: $? = 0
configure:7597: result: yes
configure:7779: checking for objdir
configure:7794: result: .libs
configure:8090: checking if /usr/bin/gcc supports -fno-rtti -fno-exceptions
configure:8108: /usr/bin/gcc -c -g -O2  -fno-rtti -fno-exceptions conftest.c >&5
cc1: warning: command line option "-fno-rtti" is valid for C++/ObjC++ but not for C
configure:8112: $? = 0
configure:8125: result: no
configure:8145: checking for /usr/bin/gcc option to produce PIC
configure:8417: result: -fno-common -DPIC
configure:8429: checking if /usr/bin/gcc PIC flag -fno-common -DPIC works
configure:8447: /usr/bin/gcc -c -g -O2  -fno-common -DPIC -DPIC conftest.c >&5
configure:8451: $? = 0
configure:8464: result: yes
configure:8488: checking if /usr/bin/gcc static flag -static works
configure:8516: result: no
configure:8531: checking if /usr/bin/gcc supports -c -o file.o
configure:8552: /usr/bin/gcc -c -g -O2  -o out/conftest2.o conftest.c >&5
configure:8556: $? = 0
configure:8578: result: yes
configure:8586: checking if /usr/bin/gcc supports -c -o file.o
configure:8633: result: yes
configure:8666: checking whether the /usr/bin/gcc linker (/usr/bin/ld) supports shared libraries
configure:9657: result: yes
configure:9896: checking dynamic linker characteristics
configure:10559: result: darwin10.4.0 dyld
configure:10661: checking how to hardcode library paths into programs
configure:10686: result: immediate
configure:11206: checking whether stripping libraries is possible
configure:11220: result: yes
configure:11246: checking if libtool supports shared libraries
configure:11248: result: yes
configure:11251: checking whether to build shared libraries
configure:11272: result: yes
configure:11275: checking whether to build static libraries
configure:11279: result: yes
configure:11354: checking for ld used by GCC
configure:11418: result: /usr/bin/ld
configure:11425: checking if the linker (/usr/bin/ld) is GNU ld
configure:11438: result: no
configure:11445: checking for shared library run path origin
configure:11458: result: done
configure:12145: checking whether to use nettle
configure:12148: result: yes
configure:12643: checking for libnettle
configure:12665: /usr/bin/gcc -o conftest -g -O2 -I/usr/local/include  conftest.c /usr/local/lib/libnettle.a  >&5
configure:12665: $? = 0
configure:12675: result: yes
configure:12682: checking how to link with libnettle
configure:12684: result: /usr/local/lib/libnettle.a
configure:13223: checking for libtasn1
configure:13245: /usr/bin/gcc -o conftest -g -O2 -I/usr/local/include  conftest.c  -ltasn1 >&5
conftest.c:29:22: error: libtasn1.h: No such file or directory
conftest.c: In function 'main':
conftest.c:33: error: 'NULL' undeclared (first use in this function)
conftest.c:33: error: (Each undeclared identifier is reported only once
conftest.c:33: error: for each function it appears in.)
configure:13245: $? = 1
configure: failed program was:
| /* confdefs.h */
| #define PACKAGE_NAME "libgnutls-extra"
| #define PACKAGE_TARNAME "libgnutls-extra"
| #define PACKAGE_VERSION "2.12.7"
| #define PACKAGE_STRING "libgnutls-extra 2.12.7"
| #define PACKAGE_BUGREPORT "bug-gnutls@gnu.org"
| #define PACKAGE_URL ""
| #define PACKAGE "libgnutls-extra"
| #define VERSION "2.12.7"
| #define STDC_HEADERS 1
| #define HAVE_SYS_TYPES_H 1
| #define HAVE_SYS_STAT_H 1
| #define HAVE_STDLIB_H 1
| #define HAVE_STRING_H 1
| #define HAVE_MEMORY_H 1
| #define HAVE_STRINGS_H 1
| #define HAVE_INTTYPES_H 1
| #define HAVE_STDINT_H 1
| #define HAVE_UNISTD_H 1
| #define __EXTENSIONS__ 1
| #define _ALL_SOURCE 1
| #define _GNU_SOURCE 1
| #define _POSIX_PTHREAD_SEMANTICS 1
| #define _TANDEM_SOURCE 1
| #define HAVE_DLFCN_H 1
| #define LT_OBJDIR ".libs/"
| #define HAVE_LIBNETTLE 1
| /* end confdefs.h.  */
| #include <libtasn1.h>
| int
| main ()
| {
| asn1_check_version (NULL)
|   ;
|   return 0;
| }
configure:13255: result: no
configure:13285: WARNING:
  ***
  *** Libtasn1 was not found. Will use the included one.
  
configure:13292: checking whether to use the included minitasn1
configure:13294: result: yes
configure:13317: checking whether to include LZO compression support
configure:13319: result: no
configure:13458: checking whether C99 macros are supported
configure:13476: /usr/bin/gcc -c -g -O2 -I/usr/local/include conftest.c >&5
configure:13476: $? = 0
configure:13481: result: yes
configure:13494: checking whether to enable Opaque PRF input support
configure:13525: result: no
configure:13537: checking whether to disable SRP authentication support
configure:13545: result: no
configure:13564: checking whether to disable PSK authentication support
configure:13572: result: no
configure:13591: checking whether to disable anonymous authentication support
configure:13599: result: no
configure:13631: checking whether to disable Camellia cipher
configure:13634: result: no
configure:13644: checking whether to disable extra PKI stuff
configure:13658: result: no
configure:13674: checking whether to disable OpenPGP Certificate authentication support
configure:13689: result: no
configure:13701: checking whether to disable SessionTicket extension support
configure:13709: result: no
configure:13729: checking whether to add cryptodev support
configure:13738: result: no
configure:13753: checking size of void *
configure:13758: /usr/bin/gcc -o conftest -g -O2 -I/usr/local/include  conftest.c  >&5
configure:13758: $? = 0
configure:13758: ./conftest
configure:13758: $? = 0
configure:13773: result: 4
configure:13787: checking size of long
configure:13792: /usr/bin/gcc -o conftest -g -O2 -I/usr/local/include  conftest.c  >&5
configure:13792: $? = 0
configure:13792: ./conftest
configure:13792: $? = 0
configure:13807: result: 4
configure:13821: checking size of int
configure:13826: /usr/bin/gcc -o conftest -g -O2 -I/usr/local/include  conftest.c  >&5
configure:13826: $? = 0
configure:13826: ./conftest
configure:13826: $? = 0
configure:13841: result: 4
configure:13863: checking for inline
configure:13879: /usr/bin/gcc -c -g -O2 -I/usr/local/include conftest.c >&5
configure:13879: $? = 0
configure:13887: result: inline
configure:14019: checking for sys/socket.h
configure:14019: /usr/bin/gcc -c -g -O2 -I/usr/local/include conftest.c >&5
configure:14019: $? = 0
configure:14019: result: yes
configure:14107: checking for library containing setsockopt
configure:14129: /usr/bin/gcc -o conftest -g -O2 -I/usr/local/include  conftest.c  >&5
configure:14129: $? = 0
configure:14210: result: none needed
configure:14219: checking whether to build OpenSSL compatibility layer
configure:14228: result: yes
configure:14257: checking whether byte ordering is bigendian
configure:14272: /usr/bin/gcc -c -g -O2 -I/usr/local/include conftest.c >&5
configure:14272: $? = 0
configure:14317: /usr/bin/gcc -c -g -O2 -I/usr/local/include conftest.c >&5
configure:14317: $? = 0
configure:14335: /usr/bin/gcc -c -g -O2 -I/usr/local/include conftest.c >&5
conftest.c: In function 'main':
conftest.c:49: error: 'not' undeclared (first use in this function)
conftest.c:49: error: (Each undeclared identifier is reported only once
conftest.c:49: error: for each function it appears in.)
conftest.c:49: error: expected ';' before 'big'
configure:14335: $? = 1
configure: failed program was:
| /* confdefs.h */
| #define PACKAGE_NAME "libgnutls-extra"
| #define PACKAGE_TARNAME "libgnutls-extra"
| #define PACKAGE_VERSION "2.12.7"
| #define PACKAGE_STRING "libgnutls-extra 2.12.7"
| #define PACKAGE_BUGREPORT "bug-gnutls@gnu.org"
| #define PACKAGE_URL ""
| #define PACKAGE "libgnutls-extra"
| #define VERSION "2.12.7"
| #define STDC_HEADERS 1
| #define HAVE_SYS_TYPES_H 1
| #define HAVE_SYS_STAT_H 1
| #define HAVE_STDLIB_H 1
| #define HAVE_STRING_H 1
| #define HAVE_MEMORY_H 1
| #define HAVE_STRINGS_H 1
| #define HAVE_INTTYPES_H 1
| #define HAVE_STDINT_H 1
| #define HAVE_UNISTD_H 1
| #define __EXTENSIONS__ 1
| #define _ALL_SOURCE 1
| #define _GNU_SOURCE 1
| #define _POSIX_PTHREAD_SEMANTICS 1
| #define _TANDEM_SOURCE 1
| #define HAVE_DLFCN_H 1
| #define LT_OBJDIR ".libs/"
| #define HAVE_LIBNETTLE 1
| #define C99_MACROS 1
| #define ENABLE_SRP 1
| #define ENABLE_PSK 1
| #define ENABLE_ANON 1
| #define ENABLE_CAMELLIA 1
| #define ENABLE_PKI 1
| #define ENABLE_OPENPGP 1
| #define ENABLE_SESSION_TICKET 1
| #define SIZEOF_VOID_P 4
| #define SIZEOF_LONG 4
| #define SIZEOF_INT 4
| #define GNUTLS_POINTER_TO_INT_CAST (long)
| #define HAVE_SYS_SOCKET_H 1
| /* end confdefs.h.  */
| #include <sys/types.h>
| 		#include <sys/param.h>
| 
| int
| main ()
| {
| #if BYTE_ORDER != BIG_ENDIAN
| 		 not big endian
| 		#endif
| 
|   ;
|   return 0;
| }
configure:14463: result: no
configure:14482: checking for C/C++ restrict keyword
configure:14507: /usr/bin/gcc -c -g -O2 -I/usr/local/include conftest.c >&5
configure:14507: $? = 0
configure:14515: result: __restrict
configure:14583: checking if gcc/ld supports -Wl,--output-def
configure:14604: /usr/bin/gcc -o conftest -g -O2 -I/usr/local/include -Wl,--output-def,conftest.def conftest.c  >&5
ld: unknown option: --output-def
collect2: ld returned 1 exit status
configure:14604: $? = 1
configure: failed program was:
| /* confdefs.h */
| #define PACKAGE_NAME "libgnutls-extra"
| #define PACKAGE_TARNAME "libgnutls-extra"
| #define PACKAGE_VERSION "2.12.7"
| #define PACKAGE_STRING "libgnutls-extra 2.12.7"
| #define PACKAGE_BUGREPORT "bug-gnutls@gnu.org"
| #define PACKAGE_URL ""
| #define PACKAGE "libgnutls-extra"
| #define VERSION "2.12.7"
| #define STDC_HEADERS 1
| #define HAVE_SYS_TYPES_H 1
| #define HAVE_SYS_STAT_H 1
| #define HAVE_STDLIB_H 1
| #define HAVE_STRING_H 1
| #define HAVE_MEMORY_H 1
| #define HAVE_STRINGS_H 1
| #define HAVE_INTTYPES_H 1
| #define HAVE_STDINT_H 1
| #define HAVE_UNISTD_H 1
| #define __EXTENSIONS__ 1
| #define _ALL_SOURCE 1
| #define _GNU_SOURCE 1
| #define _POSIX_PTHREAD_SEMANTICS 1
| #define _TANDEM_SOURCE 1
| #define HAVE_DLFCN_H 1
| #define LT_OBJDIR ".libs/"
| #define HAVE_LIBNETTLE 1
| #define C99_MACROS 1
| #define ENABLE_SRP 1
| #define ENABLE_PSK 1
| #define ENABLE_ANON 1
| #define ENABLE_CAMELLIA 1
| #define ENABLE_PKI 1
| #define ENABLE_OPENPGP 1
| #define ENABLE_SESSION_TICKET 1
| #define SIZEOF_VOID_P 4
| #define SIZEOF_LONG 4
| #define SIZEOF_INT 4
| #define GNUTLS_POINTER_TO_INT_CAST (long)
| #define HAVE_SYS_SOCKET_H 1
| #define restrict __restrict
| /* end confdefs.h.  */
| 
| int
| main ()
| {
| 
|   ;
|   return 0;
| }
configure:14615: result: no
configure:14634: checking if LD -Wl,--version-script works
configure:14658: /usr/bin/gcc -o conftest -g -O2 -I/usr/local/include  -Wl,--version-script=conftest.map conftest.c  >&5
ld: unknown option: --version-script=conftest.map
collect2: ld returned 1 exit status
configure:14658: $? = 1
configure: failed program was:
| /* confdefs.h */
| #define PACKAGE_NAME "libgnutls-extra"
| #define PACKAGE_TARNAME "libgnutls-extra"
| #define PACKAGE_VERSION "2.12.7"
| #define PACKAGE_STRING "libgnutls-extra 2.12.7"
| #define PACKAGE_BUGREPORT "bug-gnutls@gnu.org"
| #define PACKAGE_URL ""
| #define PACKAGE "libgnutls-extra"
| #define VERSION "2.12.7"
| #define STDC_HEADERS 1
| #define HAVE_SYS_TYPES_H 1
| #define HAVE_SYS_STAT_H 1
| #define HAVE_STDLIB_H 1
| #define HAVE_STRING_H 1
| #define HAVE_MEMORY_H 1
| #define HAVE_STRINGS_H 1
| #define HAVE_INTTYPES_H 1
| #define HAVE_STDINT_H 1
| #define HAVE_UNISTD_H 1
| #define __EXTENSIONS__ 1
| #define _ALL_SOURCE 1
| #define _GNU_SOURCE 1
| #define _POSIX_PTHREAD_SEMANTICS 1
| #define _TANDEM_SOURCE 1
| #define HAVE_DLFCN_H 1
| #define LT_OBJDIR ".libs/"
| #define HAVE_LIBNETTLE 1
| #define C99_MACROS 1
| #define ENABLE_SRP 1
| #define ENABLE_PSK 1
| #define ENABLE_ANON 1
| #define ENABLE_CAMELLIA 1
| #define ENABLE_PKI 1
| #define ENABLE_OPENPGP 1
| #define ENABLE_SESSION_TICKET 1
| #define SIZEOF_VOID_P 4
| #define SIZEOF_LONG 4
| #define SIZEOF_INT 4
| #define GNUTLS_POINTER_TO_INT_CAST (long)
| #define HAVE_SYS_SOCKET_H 1
| #define restrict __restrict
| /* end confdefs.h.  */
| 
| int
| main ()
| {
| 
|   ;
|   return 0;
| }
configure:14667: result: no
configure:14952: creating ./config.status

## ---------------------- ##
## Running config.status. ##
## ---------------------- ##

This file was extended by libgnutls-extra config.status 2.12.7, which was
generated by GNU Autoconf 2.65.  Invocation command line was

  CONFIG_FILES    = 
  CONFIG_HEADERS  = 
  CONFIG_LINKS    = 
  CONFIG_COMMANDS = 
  $ ./config.status 

on Chriss-iPad

config.status:1258: creating Makefile
config.status:1258: creating gnutls-extra.pc
config.status:1258: creating gl/Makefile
config.status:1258: creating includes/Makefile
config.status:1258: creating config.h
config.status:1430: config.h is unchanged
config.status:1478: executing depfiles commands
config.status:1478: executing libtool commands

## ---------------- ##
## Cache variables. ##
## ---------------- ##

ac_cv_build=arm-apple-darwin10.4.0
ac_cv_c_bigendian=no
ac_cv_c_compiler_gnu=yes
ac_cv_c_inline=inline
ac_cv_c_restrict=__restrict
ac_cv_env_CC_set=set
ac_cv_env_CC_value=/usr/bin/gcc
ac_cv_env_CFLAGS_set=
ac_cv_env_CFLAGS_value=
ac_cv_env_CPPFLAGS_set=
ac_cv_env_CPPFLAGS_value=
ac_cv_env_CPP_set=
ac_cv_env_CPP_value=
ac_cv_env_LDFLAGS_set=
ac_cv_env_LDFLAGS_value=
ac_cv_env_LIBS_set=
ac_cv_env_LIBS_value=
ac_cv_env_build_alias_set=
ac_cv_env_build_alias_value=
ac_cv_env_host_alias_set=
ac_cv_env_host_alias_value=
ac_cv_env_target_alias_set=
ac_cv_env_target_alias_value=
ac_cv_header_dlfcn_h=yes
ac_cv_header_inttypes_h=yes
ac_cv_header_memory_h=yes
ac_cv_header_minix_config_h=no
ac_cv_header_stdc=yes
ac_cv_header_stdint_h=yes
ac_cv_header_stdlib_h=yes
ac_cv_header_string_h=yes
ac_cv_header_strings_h=yes
ac_cv_header_sys_socket_h=yes
ac_cv_header_sys_stat_h=yes
ac_cv_header_sys_types_h=yes
ac_cv_header_unistd_h=yes
ac_cv_host=arm-apple-darwin10.4.0
ac_cv_libnettle=yes
ac_cv_libtasn1=no
ac_cv_objext=o
ac_cv_path_EGREP='/bin/grep -E'
ac_cv_path_FGREP='/bin/grep -F'
ac_cv_path_GREP=/bin/grep
ac_cv_path_SED=/bin/sed
ac_cv_path_install='/usr/bin/install -c'
ac_cv_path_mkdir=/bin/mkdir
ac_cv_prog_AWK=gawk
ac_cv_prog_CPP='/usr/bin/gcc -E'
ac_cv_prog_ac_ct_AR=ar
ac_cv_prog_ac_ct_CC=/usr/bin/gcc
ac_cv_prog_ac_ct_LIPO=lipo
ac_cv_prog_ac_ct_NMEDIT=nmedit
ac_cv_prog_ac_ct_OBJDUMP=objdump
ac_cv_prog_ac_ct_OTOOL64=otool64
ac_cv_prog_ac_ct_OTOOL=otool
ac_cv_prog_ac_ct_RANLIB=ranlib
ac_cv_prog_ac_ct_STRIP=strip
ac_cv_prog_cc_c89=
ac_cv_prog_cc_g=yes
ac_cv_prog_make_make_set=yes
ac_cv_safe_to_define___extensions__=yes
ac_cv_sizeof_int=4
ac_cv_sizeof_long=4
ac_cv_sizeof_void_p=4
acl_cv_hardcode_direct=no
acl_cv_hardcode_libdir_flag_spec=
acl_cv_hardcode_libdir_separator=
acl_cv_hardcode_minus_L=no
acl_cv_libext=a
acl_cv_libname_spec='lib$name'
acl_cv_library_names_spec='$libname$shrext'
acl_cv_path_LD=/usr/bin/ld
acl_cv_prog_gnu_ld=no
acl_cv_rpath=done
acl_cv_shlibext=dylib
acl_cv_wl=-Wl,
am_cv_CC_dependencies_compiler_type=gcc3
gl_cv_ld_output_def=no
gl_cv_lib_socket='none needed'
lt_cv_apple_cc_single_mod=yes
lt_cv_deplibs_check_method=pass_all
lt_cv_file_magic_cmd='$MAGIC_CMD'
lt_cv_file_magic_test_file=
lt_cv_ld_exported_symbols_list=yes
lt_cv_ld_reload_flag=-r
lt_cv_nm_interface='BSD nm'
lt_cv_objdir=.libs
lt_cv_path_LD=/usr/bin/ld
lt_cv_path_NM='/usr/bin/nm -p'
lt_cv_prog_compiler_c_o=yes
lt_cv_prog_compiler_pic_works=yes
lt_cv_prog_compiler_rtti_exceptions=no
lt_cv_prog_compiler_static_works=no
lt_cv_prog_gnu_ld=no
lt_cv_sys_global_symbol_pipe='sed -n -e '\''s/^.*[	 ]\([BCDEGRST][BCDEGRST]*\)[	 ][	 ]*_\([_A-Za-z][_A-Za-z0-9]*\)$/\1 _\2 \2/p'\'''
lt_cv_sys_global_symbol_to_c_name_address='sed -n -e '\''s/^: \([^ ]*\) $/  {\"\1\", (void *) 0},/p'\'' -e '\''s/^[BCDEGRST]* \([^ ]*\) \([^ ]*\)$/  {"\2", (void *) \&\2},/p'\'''
lt_cv_sys_global_symbol_to_c_name_address_lib_prefix='sed -n -e '\''s/^: \([^ ]*\) $/  {\"\1\", (void *) 0},/p'\'' -e '\''s/^[BCDEGRST]* \([^ ]*\) \(lib[^ ]*\)$/  {"\2", (void *) \&\2},/p'\'' -e '\''s/^[BCDEGRST]* \([^ ]*\) \([^ ]*\)$/  {"lib\2", (void *) \&\2},/p'\'''
lt_cv_sys_global_symbol_to_cdecl='sed -n -e '\''s/^T .* \(.*\)$/extern int \1();/p'\'' -e '\''s/^[BCDEGRST]* .* \(.*\)$/extern char \1;/p'\'''
lt_cv_sys_max_cmd_len=196608

## ----------------- ##
## Output variables. ##
## ----------------- ##

ACLOCAL='${SHELL} /home/chris/gnutls-2.12.7/libextra/build-aux/missing --run aclocal-1.11'
AMDEPBACKSLASH='\'
AMDEP_FALSE='#'
AMDEP_TRUE=''
AMTAR='${SHELL} /home/chris/gnutls-2.12.7/libextra/build-aux/missing --run tar'
AM_BACKSLASH='\'
AM_DEFAULT_VERBOSITY='0'
AR='ar'
AS='as'
AUTOCONF='${SHELL} /home/chris/gnutls-2.12.7/libextra/build-aux/missing --run autoconf'
AUTOHEADER='${SHELL} /home/chris/gnutls-2.12.7/libextra/build-aux/missing --run autoheader'
AUTOMAKE='${SHELL} /home/chris/gnutls-2.12.7/libextra/build-aux/missing --run automake-1.11'
AWK='gawk'
CC='/usr/bin/gcc'
CCDEPMODE='depmode=gcc3'
CFLAGS='-g -O2'
CPP='/usr/bin/gcc -E'
CPPFLAGS='-I/usr/local/include'
CXX_LT_AGE='0'
CXX_LT_CURRENT='27'
CXX_LT_REVISION='0'
CYGPATH_W='echo'
DEFS='-DHAVE_CONFIG_H'
DEPDIR='.deps'
DLLTOOL='dlltool'
DLL_VERSION='26'
DSYMUTIL=':'
DUMPBIN=''
ECHO_C=''
ECHO_N='-n'
ECHO_T=''
EGREP='/bin/grep -E'
ENABLE_ANON_FALSE='#'
ENABLE_ANON_TRUE=''
ENABLE_MINITASN1_FALSE='#'
ENABLE_MINITASN1_TRUE=''
ENABLE_NETTLE_FALSE='#'
ENABLE_NETTLE_TRUE=''
ENABLE_OPENPGP_FALSE='#'
ENABLE_OPENPGP_TRUE=''
ENABLE_OPENSSL_FALSE='#'
ENABLE_OPENSSL_TRUE=''
ENABLE_OPRFI_FALSE=''
ENABLE_OPRFI_TRUE='#'
ENABLE_PKI_FALSE='#'
ENABLE_PKI_TRUE=''
ENABLE_PSK_FALSE='#'
ENABLE_PSK_TRUE=''
ENABLE_SESSION_TICKET_FALSE='#'
ENABLE_SESSION_TICKET_TRUE=''
ENABLE_SRP_FALSE='#'
ENABLE_SRP_TRUE=''
EXEEXT=''
FGREP='/bin/grep -F'
GL_COND_LIBTOOL_FALSE='#'
GL_COND_LIBTOOL_TRUE=''
GNULIB_CHOWN='0'
GNULIB_CLOSE='0'
GNULIB_DUP2='0'
GNULIB_DUP3='0'
GNULIB_ENVIRON='0'
GNULIB_EUIDACCESS='0'
GNULIB_FACCESSAT='0'
GNULIB_FCHDIR='0'
GNULIB_FCHOWNAT='0'
GNULIB_FSYNC='0'
GNULIB_FTRUNCATE='0'
GNULIB_GETCWD='0'
GNULIB_GETDOMAINNAME='0'
GNULIB_GETDTABLESIZE='0'
GNULIB_GETGROUPS='0'
GNULIB_GETHOSTNAME='0'
GNULIB_GETLOGIN='0'
GNULIB_GETLOGIN_R='0'
GNULIB_GETPAGESIZE='0'
GNULIB_GETUSERSHELL='0'
GNULIB_LCHOWN='0'
GNULIB_LINK='0'
GNULIB_LINKAT='0'
GNULIB_LSEEK='0'
GNULIB_PIPE2='0'
GNULIB_PIPE='0'
GNULIB_PREAD='0'
GNULIB_PWRITE='0'
GNULIB_READLINK='0'
GNULIB_READLINKAT='0'
GNULIB_RMDIR='0'
GNULIB_SLEEP='0'
GNULIB_SYMLINK='0'
GNULIB_SYMLINKAT='0'
GNULIB_TTYNAME_R='0'
GNULIB_UNISTD_H_GETOPT='0'
GNULIB_UNISTD_H_SIGPIPE='0'
GNULIB_UNLINK='0'
GNULIB_UNLINKAT='0'
GNULIB_USLEEP='0'
GNULIB_WRITE='0'
GREP='/bin/grep'
HAVE_CHOWN='1'
HAVE_DECL_ENVIRON='1'
HAVE_DECL_FCHDIR='1'
HAVE_DECL_GETDOMAINNAME='1'
HAVE_DECL_GETLOGIN_R='1'
HAVE_DECL_GETPAGESIZE='1'
HAVE_DECL_GETUSERSHELL='1'
HAVE_DECL_TTYNAME_R='1'
HAVE_DUP2='1'
HAVE_DUP3='1'
HAVE_EUIDACCESS='1'
HAVE_FACCESSAT='1'
HAVE_FCHDIR='1'
HAVE_FCHOWNAT='1'
HAVE_FSYNC='1'
HAVE_FTRUNCATE='1'
HAVE_GETDTABLESIZE='1'
HAVE_GETGROUPS='1'
HAVE_GETHOSTNAME='1'
HAVE_GETLOGIN='1'
HAVE_GETPAGESIZE='1'
HAVE_LCHOWN='1'
HAVE_LD_OUTPUT_DEF_FALSE=''
HAVE_LD_OUTPUT_DEF_TRUE='#'
HAVE_LD_VERSION_SCRIPT_FALSE=''
HAVE_LD_VERSION_SCRIPT_TRUE='#'
HAVE_LIBGCRYPT=''
HAVE_LIBNETTLE='yes'
HAVE_LIBTASN1='no'
HAVE_LINK='1'
HAVE_LINKAT='1'
HAVE_OS_H='0'
HAVE_PIPE2='1'
HAVE_PIPE='1'
HAVE_PREAD='1'
HAVE_PWRITE='1'
HAVE_READLINK='1'
HAVE_READLINKAT='1'
HAVE_SLEEP='1'
HAVE_SYMLINK='1'
HAVE_SYMLINKAT='1'
HAVE_SYS_PARAM_H='0'
HAVE_UNLINKAT='1'
HAVE_USLEEP='1'
HAVE_WINSOCK2_H='0'
INSTALL_DATA='${INSTALL} -m 644'
INSTALL_PROGRAM='${INSTALL}'
INSTALL_SCRIPT='${INSTALL}'
INSTALL_STRIP_PROGRAM='$(install_sh) -c -s'
LD='/usr/bin/ld'
LDFLAGS=''
LIBGCRYPT=''
LIBGCRYPT_PREFIX=''
LIBGNUTLS_EXTRA_CFLAGS='-I${prefix}/include'
LIBGNUTLS_EXTRA_LIBS='-L${exec_prefix}/lib -lgnutls-extra  '
LIBNETTLE='/usr/local/lib/libnettle.a'
LIBNETTLE_PREFIX='/usr/local'
LIBOBJS=''
LIBS=''
LIBSOCKET=''
LIBTASN1=''
LIBTASN1_PREFIX=''
LIBTOOL='$(SHELL) $(top_builddir)/libtool'
LIPO='lipo'
LN_S='ln -s'
LTLIBGCRYPT=''
LTLIBNETTLE='-L/usr/local/lib -lnettle'
LTLIBOBJS=''
LTLIBTASN1=''
LT_AGE='21'
LT_CURRENT='47'
LT_REVISION='1'
LT_SSL_AGE='0'
LT_SSL_CURRENT='27'
LT_SSL_REVISION='0'
LZO_LIBS=''
MAKEINFO='${SHELL} /home/chris/gnutls-2.12.7/libextra/build-aux/missing --run makeinfo'
MKDIR_P='/bin/mkdir -p'
NETTLE_LIBS='-lgmp -lhogweed'
NM='/usr/bin/nm -p'
NMEDIT='nmedit'
OBJDUMP='objdump'
OBJEXT='o'
OTOOL64='otool64'
OTOOL='otool'
PACKAGE='libgnutls-extra'
PACKAGE_BUGREPORT='bug-gnutls@gnu.org'
PACKAGE_NAME='libgnutls-extra'
PACKAGE_STRING='libgnutls-extra 2.12.7'
PACKAGE_TARNAME='libgnutls-extra'
PACKAGE_URL=''
PACKAGE_VERSION='2.12.7'
PATH_SEPARATOR=':'
RANLIB='ranlib'
REPLACE_CHOWN='0'
REPLACE_CLOSE='0'
REPLACE_DUP2='0'
REPLACE_DUP='0'
REPLACE_FCHOWNAT='0'
REPLACE_GETCWD='0'
REPLACE_GETDOMAINNAME='0'
REPLACE_GETGROUPS='0'
REPLACE_GETLOGIN_R='0'
REPLACE_GETPAGESIZE='0'
REPLACE_LCHOWN='0'
REPLACE_LINK='0'
REPLACE_LINKAT='0'
REPLACE_LSEEK='0'
REPLACE_PREAD='0'
REPLACE_PWRITE='0'
REPLACE_READLINK='0'
REPLACE_RMDIR='0'
REPLACE_SLEEP='0'
REPLACE_SYMLINK='0'
REPLACE_TTYNAME_R='0'
REPLACE_UNLINK='0'
REPLACE_UNLINKAT='0'
REPLACE_USLEEP='0'
REPLACE_WRITE='0'
SED='/bin/sed'
SET_MAKE=''
SHELL='/bin/sh'
STRIP='strip'
UNISTD_H_HAVE_WINSOCK2_H='0'
UNISTD_H_HAVE_WINSOCK2_H_AND_USE_SOCKETS='0'
USE_LZO_FALSE=''
USE_LZO_TRUE='#'
VERSION='2.12.7'
WARN_CFLAGS=''
WERROR_CFLAGS=''
WSTACK_CFLAGS=''
ac_ct_CC='/usr/bin/gcc'
ac_ct_DUMPBIN=''
am__EXEEXT_FALSE=''
am__EXEEXT_TRUE='#'
am__fastdepCC_FALSE='#'
am__fastdepCC_TRUE=''
am__include='include'
am__isrc=''
am__leading_dot='.'
am__quote=''
am__tar='${AMTAR} chof - "$$tardir"'
am__untar='${AMTAR} xf -'
bindir='${exec_prefix}/bin'
build='arm-apple-darwin10.4.0'
build_alias=''
build_cpu='arm'
build_os='darwin10.4.0'
build_vendor='apple'
datadir='${datarootdir}'
datarootdir='${prefix}/share'
docdir='${datarootdir}/doc/${PACKAGE_TARNAME}'
dvidir='${docdir}'
exec_prefix='${prefix}'
host='arm-apple-darwin10.4.0'
host_alias=''
host_cpu='arm'
host_os='darwin10.4.0'
host_vendor='apple'
htmldir='${docdir}'
includedir='${prefix}/include'
infodir='${datarootdir}/info'
install_sh='${SHELL} /home/chris/gnutls-2.12.7/libextra/build-aux/install-sh'
libdir='${exec_prefix}/lib'
libexecdir='${exec_prefix}/libexec'
localedir='${datarootdir}/locale'
localstatedir='${prefix}/var'
lt_ECHO='echo'
mandir='${datarootdir}/man'
mkdir_p='/bin/mkdir -p'
oldincludedir='/usr/include'
pdfdir='${docdir}'
prefix='/usr/local'
program_transform_name='s,x,x,'
psdir='${docdir}'
sbindir='${exec_prefix}/sbin'
sharedstatedir='${prefix}/com'
sysconfdir='${prefix}/etc'
target_alias=''
xgl_LIBOBJS=' hmac-md5.o md5.o memxor.o'
xgl_LTLIBOBJS=' hmac-md5.lo md5.lo memxor.lo'
xgltests_LIBOBJS=''
xgltests_LTLIBOBJS=''
xgltests_WITNESS='IN_LIBGNUTLS_EXTRA_GNULIB_TESTS'

## ----------- ##
## confdefs.h. ##
## ----------- ##

/* confdefs.h */
#define PACKAGE_NAME "libgnutls-extra"
#define PACKAGE_TARNAME "libgnutls-extra"
#define PACKAGE_VERSION "2.12.7"
#define PACKAGE_STRING "libgnutls-extra 2.12.7"
#define PACKAGE_BUGREPORT "bug-gnutls@gnu.org"
#define PACKAGE_URL ""
#define PACKAGE "libgnutls-extra"
#define VERSION "2.12.7"
#define STDC_HEADERS 1
#define HAVE_SYS_TYPES_H 1
#define HAVE_SYS_STAT_H 1
#define HAVE_STDLIB_H 1
#define HAVE_STRING_H 1
#define HAVE_MEMORY_H 1
#define HAVE_STRINGS_H 1
#define HAVE_INTTYPES_H 1
#define HAVE_STDINT_H 1
#define HAVE_UNISTD_H 1
#define __EXTENSIONS__ 1
#define _ALL_SOURCE 1
#define _GNU_SOURCE 1
#define _POSIX_PTHREAD_SEMANTICS 1
#define _TANDEM_SOURCE 1
#define HAVE_DLFCN_H 1
#define LT_OBJDIR ".libs/"
#define HAVE_LIBNETTLE 1
#define C99_MACROS 1
#define ENABLE_SRP 1
#define ENABLE_PSK 1
#define ENABLE_ANON 1
#define ENABLE_CAMELLIA 1
#define ENABLE_PKI 1
#define ENABLE_OPENPGP 1
#define ENABLE_SESSION_TICKET 1
#define SIZEOF_VOID_P 4
#define SIZEOF_LONG 4
#define SIZEOF_INT 4
#define GNUTLS_POINTER_TO_INT_CAST (long)
#define HAVE_SYS_SOCKET_H 1
#define restrict __restrict
#define GNUTLS_COMPAT_H 1

configure: exit 0
