This file contains any messages produced by compilers while
running configure, to aid debugging if configure makes a mistake.

It was created by mkfontscale configure 1.0.9, which was
generated by GNU Autoconf 2.68.  Invocation command line was

  $ ./configure 

## --------- ##
## Platform. ##
## --------- ##

hostname = Chriss-iPad
uname -m = iPad1,1
uname -r = 10.4.0
uname -s = Darwin
uname -v = Darwin Kernel Version 10.4.0: Wed Oct 20 20:14:45 PDT 2010; root:xnu-1504.58.28~3/RELEASE_ARM_S5L8930X

/usr/bin/uname -p = unknown
/bin/uname -X     = unknown

/bin/arch              = unknown
/usr/bin/arch -k       = unknown
/usr/convex/getsysinfo = unknown
/usr/bin/hostinfo      = Mach kernel version:
	 Darwin Kernel Version 10.4.0: Wed Oct 20 20:14:45 PDT 2010; root:xnu-1504.58.28~3/RELEASE_ARM_S5L8930X
Kernel configured for a single processor only.
1 processor is physically available.
1 processor is logically available.
Processor type: armv7 (arm v7)
Processor active: 0
Primary memory available: 247.00 megabytes
Default processor set: 32 tasks, 227 threads, 1 processors
Load average: 1.53, Mach factor: 0.43
/bin/machine           = unknown
/usr/bin/oslevel       = unknown
/bin/universe          = unknown

PATH: /usr/local/sbin
PATH: /usr/local/bin
PATH: /usr/sbin
PATH: /usr/bin
PATH: /sbin
PATH: /bin
PATH: /usr/bin/X11
PATH: /usr/games
PATH: /var/mobile/ocaml-3.12.0/bin


## ----------- ##
## Core tests. ##
## ----------- ##

configure:2134: checking for a BSD-compatible install
configure:2202: result: /usr/bin/install -c
configure:2213: checking whether build environment is sane
configure:2263: result: yes
configure:2404: checking for a thread-safe mkdir -p
configure:2443: result: /bin/mkdir -p
configure:2456: checking for gawk
configure:2472: found /usr/bin/gawk
configure:2483: result: gawk
configure:2494: checking whether make sets $(MAKE)
configure:2516: result: yes
configure:2597: checking whether to enable maintainer-specific portions of Makefiles
configure:2606: result: no
configure:2644: checking for style of include used by make
configure:2672: result: GNU
configure:2742: checking for gcc
configure:2769: result: /usr/bin/gcc
configure:2998: checking for C compiler version
configure:3007: /usr/bin/gcc --version >&5
gcc (GCC) 4.2.1 (Based on Apple Inc. build 5555)
Copyright (C) 2007 Free Software Foundation, Inc.
This is free software; see the source for copying conditions.  There is NO
warranty; not even for MERCHANTABILITY or FITNESS FOR A PARTICULAR PURPOSE.

configure:3018: $? = 0
configure:3007: /usr/bin/gcc -v >&5
Using built-in specs.
Target: arm-apple-darwin9
Configured with: ../llvm-gcc-4.2/configure --build=x86_64-unknown-linux-gnu --host=arm-apple-darwin9 --enable-static=no --enable-shared=yes --prefix=/usr --localstatedir=/var/cache/iphone-gcc --enable-languages=c,c++,objc,obj-c++ --enable-wchar_t=no --with-gxx-include-dir=/usr/include/c++/4.0.0
Thread model: posix
gcc version 4.2.1 (Based on Apple Inc. build 5555)
configure:3018: $? = 0
configure:3007: /usr/bin/gcc -V >&5
gcc: '-V' option must have argument
configure:3018: $? = 1
configure:3007: /usr/bin/gcc -qversion >&5
gcc: no input files
configure:3018: $? = 1
configure:3038: checking whether the C compiler works
configure:3060: /usr/bin/gcc    conftest.c  >&5
configure:3064: $? = 0
configure:3112: result: yes
configure:3115: checking for C compiler default output file name
configure:3117: result: a.out
configure:3123: checking for suffix of executables
configure:3130: /usr/bin/gcc -o conftest    conftest.c  >&5
configure:3134: $? = 0
configure:3156: result: 
configure:3178: checking whether we are cross compiling
configure:3186: /usr/bin/gcc -o conftest    conftest.c  >&5
configure:3190: $? = 0
configure:3197: ./conftest
configure:3201: $? = 0
configure:3216: result: no
configure:3221: checking for suffix of object files
configure:3243: /usr/bin/gcc -c   conftest.c >&5
configure:3247: $? = 0
configure:3268: result: o
configure:3272: checking whether we are using the GNU C compiler
configure:3291: /usr/bin/gcc -c   conftest.c >&5
configure:3291: $? = 0
configure:3300: result: yes
configure:3309: checking whether /usr/bin/gcc accepts -g
configure:3329: /usr/bin/gcc -c -g  conftest.c >&5
configure:3329: $? = 0
configure:3370: result: yes
configure:3387: checking for /usr/bin/gcc option to accept ISO C89
configure:3451: /usr/bin/gcc  -c -g -O2  conftest.c >&5
configure:3451: $? = 0
configure:3464: result: none needed
configure:3486: checking dependency style of /usr/bin/gcc
configure:3596: result: gcc3
configure:3611: checking for /usr/bin/gcc option to accept ISO C99
configure:3760: /usr/bin/gcc  -c -g -O2  conftest.c >&5
conftest.c:61: error: expected ';', ',' or ')' before 'text'
conftest.c: In function 'main':
conftest.c:115: error: nested functions are disabled, use -fnested-functions to re-enable
conftest.c:115: error: expected '=', ',', ';', 'asm' or '__attribute__' before 'newvar'
conftest.c:115: error: 'newvar' undeclared (first use in this function)
conftest.c:115: error: (Each undeclared identifier is reported only once
conftest.c:115: error: for each function it appears in.)
conftest.c:125: error: 'for' loop initial declaration used outside C99 mode
configure:3760: $? = 1
configure: failed program was:
| /* confdefs.h */
| #define PACKAGE_NAME "mkfontscale"
| #define PACKAGE_TARNAME "mkfontscale"
| #define PACKAGE_VERSION "1.0.9"
| #define PACKAGE_STRING "mkfontscale 1.0.9"
| #define PACKAGE_BUGREPORT "https://bugs.freedesktop.org/enter_bug.cgi?product=xorg"
| #define PACKAGE_URL ""
| #define PACKAGE "mkfontscale"
| #define VERSION "1.0.9"
| /* end confdefs.h.  */
| #include <stdarg.h>
| #include <stdbool.h>
| #include <stdlib.h>
| #include <wchar.h>
| #include <stdio.h>
| 
| // Check varargs macros.  These examples are taken from C99 6.10.3.5.
| #define debug(...) fprintf (stderr, __VA_ARGS__)
| #define showlist(...) puts (#__VA_ARGS__)
| #define report(test,...) ((test) ? puts (#test) : printf (__VA_ARGS__))
| static void
| test_varargs_macros (void)
| {
|   int x = 1234;
|   int y = 5678;
|   debug ("Flag");
|   debug ("X = %d\n", x);
|   showlist (The first, second, and third items.);
|   report (x>y, "x is %d but y is %d", x, y);
| }
| 
| // Check long long types.
| #define BIG64 18446744073709551615ull
| #define BIG32 4294967295ul
| #define BIG_OK (BIG64 / BIG32 == 4294967297ull && BIG64 % BIG32 == 0)
| #if !BIG_OK
|   your preprocessor is broken;
| #endif
| #if BIG_OK
| #else
|   your preprocessor is broken;
| #endif
| static long long int bignum = -9223372036854775807LL;
| static unsigned long long int ubignum = BIG64;
| 
| struct incomplete_array
| {
|   int datasize;
|   double data[];
| };
| 
| struct named_init {
|   int number;
|   const wchar_t *name;
|   double average;
| };
| 
| typedef const char *ccp;
| 
| static inline int
| test_restrict (ccp restrict text)
| {
|   // See if C++-style comments work.
|   // Iterate through items via the restricted pointer.
|   // Also check for declarations in for loops.
|   for (unsigned int i = 0; *(text+i) != '\0'; ++i)
|     continue;
|   return 0;
| }
| 
| // Check varargs and va_copy.
| static void
| test_varargs (const char *format, ...)
| {
|   va_list args;
|   va_start (args, format);
|   va_list args_copy;
|   va_copy (args_copy, args);
| 
|   const char *str;
|   int number;
|   float fnumber;
| 
|   while (*format)
|     {
|       switch (*format++)
| 	{
| 	case 's': // string
| 	  str = va_arg (args_copy, const char *);
| 	  break;
| 	case 'd': // int
| 	  number = va_arg (args_copy, int);
| 	  break;
| 	case 'f': // float
| 	  fnumber = va_arg (args_copy, double);
| 	  break;
| 	default:
| 	  break;
| 	}
|     }
|   va_end (args_copy);
|   va_end (args);
| }
| 
| int
| main ()
| {
| 
|   // Check bool.
|   _Bool success = false;
| 
|   // Check restrict.
|   if (test_restrict ("String literal") == 0)
|     success = true;
|   char *restrict newvar = "Another string";
| 
|   // Check varargs.
|   test_varargs ("s, d' f .", "string", 65, 34.234);
|   test_varargs_macros ();
| 
|   // Check flexible array members.
|   struct incomplete_array *ia =
|     malloc (sizeof (struct incomplete_array) + (sizeof (double) * 10));
|   ia->datasize = 10;
|   for (int i = 0; i < ia->datasize; ++i)
|     ia->data[i] = i * 1.234;
| 
|   // Check named initializers.
|   struct named_init ni = {
|     .number = 34,
|     .name = L"Test wide string",
|     .average = 543.34343,
|   };
| 
|   ni.number = 58;
| 
|   int dynamic_array[ni.number];
|   dynamic_array[ni.number - 1] = 543;
| 
|   // work around unused variable warnings
|   return (!success || bignum == 0LL || ubignum == 0uLL || newvar[0] == 'x'
| 	  || dynamic_array[ni.number - 1] != 543);
| 
|   ;
|   return 0;
| }
configure:3760: /usr/bin/gcc -std=gnu99 -c -g -O2  conftest.c >&5
configure:3760: $? = 0
configure:3780: result: -std=gnu99
configure:3794: checking how to run the C preprocessor
configure:3825: /usr/bin/gcc -std=gnu99 -E  conftest.c
configure:3825: $? = 0
configure:3839: /usr/bin/gcc -std=gnu99 -E  conftest.c
conftest.c:11:28: error: ac_nonexistent.h: No such file or directory
configure:3839: $? = 1
configure: failed program was:
| /* confdefs.h */
| #define PACKAGE_NAME "mkfontscale"
| #define PACKAGE_TARNAME "mkfontscale"
| #define PACKAGE_VERSION "1.0.9"
| #define PACKAGE_STRING "mkfontscale 1.0.9"
| #define PACKAGE_BUGREPORT "https://bugs.freedesktop.org/enter_bug.cgi?product=xorg"
| #define PACKAGE_URL ""
| #define PACKAGE "mkfontscale"
| #define VERSION "1.0.9"
| /* end confdefs.h.  */
| #include <ac_nonexistent.h>
configure:3864: result: /usr/bin/gcc -std=gnu99 -E
configure:3884: /usr/bin/gcc -std=gnu99 -E  conftest.c
configure:3884: $? = 0
configure:3898: /usr/bin/gcc -std=gnu99 -E  conftest.c
conftest.c:11:28: error: ac_nonexistent.h: No such file or directory
configure:3898: $? = 1
configure: failed program was:
| /* confdefs.h */
| #define PACKAGE_NAME "mkfontscale"
| #define PACKAGE_TARNAME "mkfontscale"
| #define PACKAGE_VERSION "1.0.9"
| #define PACKAGE_STRING "mkfontscale 1.0.9"
| #define PACKAGE_BUGREPORT "https://bugs.freedesktop.org/enter_bug.cgi?product=xorg"
| #define PACKAGE_URL ""
| #define PACKAGE "mkfontscale"
| #define VERSION "1.0.9"
| /* end confdefs.h.  */
| #include <ac_nonexistent.h>
configure:3927: checking for grep that handles long lines and -e
configure:3985: result: /bin/grep
configure:3990: checking for egrep
configure:4052: result: /bin/grep -E
configure:4057: checking for ANSI C header files
configure:4077: /usr/bin/gcc -std=gnu99 -c -g -O2  conftest.c >&5
configure:4077: $? = 0
configure:4150: /usr/bin/gcc -std=gnu99 -o conftest -g -O2   conftest.c  >&5
configure:4150: $? = 0
configure:4150: ./conftest
configure:4150: $? = 0
configure:4161: result: yes
configure:4174: checking for sys/types.h
configure:4174: /usr/bin/gcc -std=gnu99 -c -g -O2  conftest.c >&5
configure:4174: $? = 0
configure:4174: result: yes
configure:4174: checking for sys/stat.h
configure:4174: /usr/bin/gcc -std=gnu99 -c -g -O2  conftest.c >&5
configure:4174: $? = 0
configure:4174: result: yes
configure:4174: checking for stdlib.h
configure:4174: /usr/bin/gcc -std=gnu99 -c -g -O2  conftest.c >&5
configure:4174: $? = 0
configure:4174: result: yes
configure:4174: checking for string.h
configure:4174: /usr/bin/gcc -std=gnu99 -c -g -O2  conftest.c >&5
configure:4174: $? = 0
configure:4174: result: yes
configure:4174: checking for memory.h
configure:4174: /usr/bin/gcc -std=gnu99 -c -g -O2  conftest.c >&5
configure:4174: $? = 0
configure:4174: result: yes
configure:4174: checking for strings.h
configure:4174: /usr/bin/gcc -std=gnu99 -c -g -O2  conftest.c >&5
configure:4174: $? = 0
configure:4174: result: yes
configure:4174: checking for inttypes.h
configure:4174: /usr/bin/gcc -std=gnu99 -c -g -O2  conftest.c >&5
configure:4174: $? = 0
configure:4174: result: yes
configure:4174: checking for stdint.h
configure:4174: /usr/bin/gcc -std=gnu99 -c -g -O2  conftest.c >&5
configure:4174: $? = 0
configure:4174: result: yes
configure:4174: checking for unistd.h
configure:4174: /usr/bin/gcc -std=gnu99 -c -g -O2  conftest.c >&5
configure:4174: $? = 0
configure:4174: result: yes
configure:4188: checking whether __clang__ is declared
configure:4188: /usr/bin/gcc -std=gnu99 -c -g -O2  conftest.c >&5
conftest.c: In function 'main':
conftest.c:61: error: '__clang__' undeclared (first use in this function)
conftest.c:61: error: (Each undeclared identifier is reported only once
conftest.c:61: error: for each function it appears in.)
configure:4188: $? = 1
configure: failed program was:
| /* confdefs.h */
| #define PACKAGE_NAME "mkfontscale"
| #define PACKAGE_TARNAME "mkfontscale"
| #define PACKAGE_VERSION "1.0.9"
| #define PACKAGE_STRING "mkfontscale 1.0.9"
| #define PACKAGE_BUGREPORT "https://bugs.freedesktop.org/enter_bug.cgi?product=xorg"
| #define PACKAGE_URL ""
| #define PACKAGE "mkfontscale"
| #define VERSION "1.0.9"
| #define STDC_HEADERS 1
| #define HAVE_SYS_TYPES_H 1
| #define HAVE_SYS_STAT_H 1
| #define HAVE_STDLIB_H 1
| #define HAVE_STRING_H 1
| #define HAVE_MEMORY_H 1
| #define HAVE_STRINGS_H 1
| #define HAVE_INTTYPES_H 1
| #define HAVE_STDINT_H 1
| #define HAVE_UNISTD_H 1
| /* end confdefs.h.  */
| #include <stdio.h>
| #ifdef HAVE_SYS_TYPES_H
| # include <sys/types.h>
| #endif
| #ifdef HAVE_SYS_STAT_H
| # include <sys/stat.h>
| #endif
| #ifdef STDC_HEADERS
| # include <stdlib.h>
| # include <stddef.h>
| #else
| # ifdef HAVE_STDLIB_H
| #  include <stdlib.h>
| # endif
| #endif
| #ifdef HAVE_STRING_H
| # if !defined STDC_HEADERS && defined HAVE_MEMORY_H
| #  include <memory.h>
| # endif
| # include <string.h>
| #endif
| #ifdef HAVE_STRINGS_H
| # include <strings.h>
| #endif
| #ifdef HAVE_INTTYPES_H
| # include <inttypes.h>
| #endif
| #ifdef HAVE_STDINT_H
| # include <stdint.h>
| #endif
| #ifdef HAVE_UNISTD_H
| # include <unistd.h>
| #endif
| int
| main ()
| {
| #ifndef __clang__
| #ifdef __cplusplus
|   (void) __clang__;
| #else
|   (void) __clang__;
| #endif
| #endif
| 
|   ;
|   return 0;
| }
configure:4188: result: no
configure:4195: checking whether __INTEL_COMPILER is declared
configure:4195: /usr/bin/gcc -std=gnu99 -c -g -O2  conftest.c >&5
conftest.c: In function 'main':
conftest.c:61: error: '__INTEL_COMPILER' undeclared (first use in this function)
conftest.c:61: error: (Each undeclared identifier is reported only once
conftest.c:61: error: for each function it appears in.)
configure:4195: $? = 1
configure: failed program was:
| /* confdefs.h */
| #define PACKAGE_NAME "mkfontscale"
| #define PACKAGE_TARNAME "mkfontscale"
| #define PACKAGE_VERSION "1.0.9"
| #define PACKAGE_STRING "mkfontscale 1.0.9"
| #define PACKAGE_BUGREPORT "https://bugs.freedesktop.org/enter_bug.cgi?product=xorg"
| #define PACKAGE_URL ""
| #define PACKAGE "mkfontscale"
| #define VERSION "1.0.9"
| #define STDC_HEADERS 1
| #define HAVE_SYS_TYPES_H 1
| #define HAVE_SYS_STAT_H 1
| #define HAVE_STDLIB_H 1
| #define HAVE_STRING_H 1
| #define HAVE_MEMORY_H 1
| #define HAVE_STRINGS_H 1
| #define HAVE_INTTYPES_H 1
| #define HAVE_STDINT_H 1
| #define HAVE_UNISTD_H 1
| /* end confdefs.h.  */
| #include <stdio.h>
| #ifdef HAVE_SYS_TYPES_H
| # include <sys/types.h>
| #endif
| #ifdef HAVE_SYS_STAT_H
| # include <sys/stat.h>
| #endif
| #ifdef STDC_HEADERS
| # include <stdlib.h>
| # include <stddef.h>
| #else
| # ifdef HAVE_STDLIB_H
| #  include <stdlib.h>
| # endif
| #endif
| #ifdef HAVE_STRING_H
| # if !defined STDC_HEADERS && defined HAVE_MEMORY_H
| #  include <memory.h>
| # endif
| # include <string.h>
| #endif
| #ifdef HAVE_STRINGS_H
| # include <strings.h>
| #endif
| #ifdef HAVE_INTTYPES_H
| # include <inttypes.h>
| #endif
| #ifdef HAVE_STDINT_H
| # include <stdint.h>
| #endif
| #ifdef HAVE_UNISTD_H
| # include <unistd.h>
| #endif
| int
| main ()
| {
| #ifndef __INTEL_COMPILER
| #ifdef __cplusplus
|   (void) __INTEL_COMPILER;
| #else
|   (void) __INTEL_COMPILER;
| #endif
| #endif
| 
|   ;
|   return 0;
| }
configure:4195: result: no
configure:4202: checking whether __SUNPRO_C is declared
configure:4202: /usr/bin/gcc -std=gnu99 -c -g -O2  conftest.c >&5
conftest.c: In function 'main':
conftest.c:61: error: '__SUNPRO_C' undeclared (first use in this function)
conftest.c:61: error: (Each undeclared identifier is reported only once
conftest.c:61: error: for each function it appears in.)
configure:4202: $? = 1
configure: failed program was:
| /* confdefs.h */
| #define PACKAGE_NAME "mkfontscale"
| #define PACKAGE_TARNAME "mkfontscale"
| #define PACKAGE_VERSION "1.0.9"
| #define PACKAGE_STRING "mkfontscale 1.0.9"
| #define PACKAGE_BUGREPORT "https://bugs.freedesktop.org/enter_bug.cgi?product=xorg"
| #define PACKAGE_URL ""
| #define PACKAGE "mkfontscale"
| #define VERSION "1.0.9"
| #define STDC_HEADERS 1
| #define HAVE_SYS_TYPES_H 1
| #define HAVE_SYS_STAT_H 1
| #define HAVE_STDLIB_H 1
| #define HAVE_STRING_H 1
| #define HAVE_MEMORY_H 1
| #define HAVE_STRINGS_H 1
| #define HAVE_INTTYPES_H 1
| #define HAVE_STDINT_H 1
| #define HAVE_UNISTD_H 1
| /* end confdefs.h.  */
| #include <stdio.h>
| #ifdef HAVE_SYS_TYPES_H
| # include <sys/types.h>
| #endif
| #ifdef HAVE_SYS_STAT_H
| # include <sys/stat.h>
| #endif
| #ifdef STDC_HEADERS
| # include <stdlib.h>
| # include <stddef.h>
| #else
| # ifdef HAVE_STDLIB_H
| #  include <stdlib.h>
| # endif
| #endif
| #ifdef HAVE_STRING_H
| # if !defined STDC_HEADERS && defined HAVE_MEMORY_H
| #  include <memory.h>
| # endif
| # include <string.h>
| #endif
| #ifdef HAVE_STRINGS_H
| # include <strings.h>
| #endif
| #ifdef HAVE_INTTYPES_H
| # include <inttypes.h>
| #endif
| #ifdef HAVE_STDINT_H
| # include <stdint.h>
| #endif
| #ifdef HAVE_UNISTD_H
| # include <unistd.h>
| #endif
| int
| main ()
| {
| #ifndef __SUNPRO_C
| #ifdef __cplusplus
|   (void) __SUNPRO_C;
| #else
|   (void) __SUNPRO_C;
| #endif
| #endif
| 
|   ;
|   return 0;
| }
configure:4202: result: no
configure:4259: checking for pkg-config
configure:4277: found /usr/bin/pkg-config
configure:4289: result: /usr/bin/pkg-config
configure:4314: checking pkg-config is at least version 0.9.0
configure:4317: result: yes
configure:4330: checking build system type
configure:4344: result: arm-apple-darwin10.4.0
configure:4364: checking host system type
configure:4377: result: arm-apple-darwin10.4.0
configure:4397: checking for a sed that does not truncate output
configure:4461: result: /bin/sed
configure:4503: checking if /usr/bin/gcc -std=gnu99 supports -Werror=attributes
configure:4511: /usr/bin/gcc -std=gnu99 -c -g -O2 -pedantic -Werror -Werror=attributes  conftest.c >&5
conftest.c:21: error: expected identifier or '(' before 'return'
configure:4511: $? = 1
configure: failed program was:
| /* confdefs.h */
| #define PACKAGE_NAME "mkfontscale"
| #define PACKAGE_TARNAME "mkfontscale"
| #define PACKAGE_VERSION "1.0.9"
| #define PACKAGE_STRING "mkfontscale 1.0.9"
| #define PACKAGE_BUGREPORT "https://bugs.freedesktop.org/enter_bug.cgi?product=xorg"
| #define PACKAGE_URL ""
| #define PACKAGE "mkfontscale"
| #define VERSION "1.0.9"
| #define STDC_HEADERS 1
| #define HAVE_SYS_TYPES_H 1
| #define HAVE_SYS_STAT_H 1
| #define HAVE_STDLIB_H 1
| #define HAVE_STRING_H 1
| #define HAVE_MEMORY_H 1
| #define HAVE_STRINGS_H 1
| #define HAVE_INTTYPES_H 1
| #define HAVE_STDINT_H 1
| #define HAVE_UNISTD_H 1
| /* end confdefs.h.  */
| return 0;
configure:4516: result: no
configure:4677: checking for gzopen in -lz
configure:4702: /usr/bin/gcc -std=gnu99 -o conftest -g -O2   conftest.c -lz   >&5
configure:4702: $? = 0
configure:4711: result: yes
configure:4789: checking for MKFONTSCALE
configure:4796: $PKG_CONFIG --exists --print-errors "fontenc freetype2"
configure:4799: $? = 0
configure:4812: $PKG_CONFIG --exists --print-errors "fontenc freetype2"
configure:4815: $? = 0
configure:4869: result: yes
configure:4875: checking for X11
configure:4882: $PKG_CONFIG --exists --print-errors "xproto"
configure:4885: $? = 0
configure:4898: $PKG_CONFIG --exists --print-errors "xproto"
configure:4901: $? = 0
configure:4955: result: yes
configure:5202: creating ./config.status

## ---------------------- ##
## Running config.status. ##
## ---------------------- ##

This file was extended by mkfontscale config.status 1.0.9, which was
generated by GNU Autoconf 2.68.  Invocation command line was

  CONFIG_FILES    = 
  CONFIG_HEADERS  = 
  CONFIG_LINKS    = 
  CONFIG_COMMANDS = 
  $ ./config.status 

on Chriss-iPad

config.status:911: creating Makefile
config.status:911: creating man/Makefile
config.status:911: creating config.h
config.status:1140: executing depfiles commands

## ---------------- ##
## Cache variables. ##
## ---------------- ##

ac_cv_build=arm-apple-darwin10.4.0
ac_cv_c_compiler_gnu=yes
ac_cv_env_CC_set=set
ac_cv_env_CC_value=/usr/bin/gcc
ac_cv_env_CFLAGS_set=
ac_cv_env_CFLAGS_value=
ac_cv_env_CPPFLAGS_set=
ac_cv_env_CPPFLAGS_value=
ac_cv_env_CPP_set=
ac_cv_env_CPP_value=
ac_cv_env_LDFLAGS_set=
ac_cv_env_LDFLAGS_value=
ac_cv_env_LIBS_set=
ac_cv_env_LIBS_value=
ac_cv_env_LINT_FLAGS_set=
ac_cv_env_LINT_FLAGS_value=
ac_cv_env_LINT_set=
ac_cv_env_LINT_value=
ac_cv_env_MKFONTSCALE_CFLAGS_set=
ac_cv_env_MKFONTSCALE_CFLAGS_value=
ac_cv_env_MKFONTSCALE_LIBS_set=
ac_cv_env_MKFONTSCALE_LIBS_value=
ac_cv_env_PKG_CONFIG_set=
ac_cv_env_PKG_CONFIG_value=
ac_cv_env_X11_CFLAGS_set=
ac_cv_env_X11_CFLAGS_value=
ac_cv_env_X11_LIBS_set=
ac_cv_env_X11_LIBS_value=
ac_cv_env_build_alias_set=
ac_cv_env_build_alias_value=
ac_cv_env_host_alias_set=
ac_cv_env_host_alias_value=
ac_cv_env_target_alias_set=
ac_cv_env_target_alias_value=
ac_cv_have_decl___INTEL_COMPILER=no
ac_cv_have_decl___SUNPRO_C=no
ac_cv_have_decl___clang__=no
ac_cv_header_inttypes_h=yes
ac_cv_header_memory_h=yes
ac_cv_header_stdc=yes
ac_cv_header_stdint_h=yes
ac_cv_header_stdlib_h=yes
ac_cv_header_string_h=yes
ac_cv_header_strings_h=yes
ac_cv_header_sys_stat_h=yes
ac_cv_header_sys_types_h=yes
ac_cv_header_unistd_h=yes
ac_cv_host=arm-apple-darwin10.4.0
ac_cv_lib_z_gzopen=yes
ac_cv_objext=o
ac_cv_path_EGREP='/bin/grep -E'
ac_cv_path_GREP=/bin/grep
ac_cv_path_SED=/bin/sed
ac_cv_path_ac_pt_PKG_CONFIG=/usr/bin/pkg-config
ac_cv_path_install='/usr/bin/install -c'
ac_cv_path_mkdir=/bin/mkdir
ac_cv_prog_AWK=gawk
ac_cv_prog_CPP='/usr/bin/gcc -std=gnu99 -E'
ac_cv_prog_ac_ct_CC=/usr/bin/gcc
ac_cv_prog_cc_c89=
ac_cv_prog_cc_c99=-std=gnu99
ac_cv_prog_cc_g=yes
ac_cv_prog_make_make_set=yes
am_cv_CC_dependencies_compiler_type=gcc3
pkg_cv_MKFONTSCALE_CFLAGS='-I/usr/local/include/freetype2  '
pkg_cv_MKFONTSCALE_LIBS='-L/usr/local/lib -lfontenc -lfreetype  '
pkg_cv_X11_CFLAGS=' '
pkg_cv_X11_LIBS=' '

## ----------------- ##
## Output variables. ##
## ----------------- ##

ACLOCAL='${SHELL} /home/chris/mkfontscale-1.0.9/missing --run aclocal-1.11'
ADMIN_MAN_DIR='$(mandir)/man$(ADMIN_MAN_SUFFIX)'
ADMIN_MAN_SUFFIX='8'
AMDEPBACKSLASH='\'
AMDEP_FALSE='#'
AMDEP_TRUE=''
AMTAR='${SHELL} /home/chris/mkfontscale-1.0.9/missing --run tar'
AM_BACKSLASH='\'
AM_DEFAULT_VERBOSITY='0'
APP_MAN_DIR='$(mandir)/man$(APP_MAN_SUFFIX)'
APP_MAN_SUFFIX='1'
AUTOCONF='${SHELL} /home/chris/mkfontscale-1.0.9/missing --run autoconf'
AUTOHEADER='${SHELL} /home/chris/mkfontscale-1.0.9/missing --run autoheader'
AUTOMAKE='${SHELL} /home/chris/mkfontscale-1.0.9/missing --run automake-1.11'
AWK='gawk'
CC='/usr/bin/gcc -std=gnu99'
CCDEPMODE='depmode=gcc3'
CFLAGS='-g -O2'
CHANGELOG_CMD='(GIT_DIR=$(top_srcdir)/.git git log > $(top_srcdir)/.changelog.tmp && mv $(top_srcdir)/.changelog.tmp $(top_srcdir)/ChangeLog) || (rm -f $(top_srcdir)/.changelog.tmp; touch $(top_srcdir)/ChangeLog; echo '\''git directory not found: installing possibly empty changelog.'\'' >&2)'
CPP='/usr/bin/gcc -std=gnu99 -E'
CPPFLAGS=''
CWARNFLAGS='-Wall -Wpointer-arith -Wstrict-prototypes -Wmissing-prototypes -Wmissing-declarations -Wnested-externs -fno-strict-aliasing -Wbad-function-cast -Wformat=2 -Wold-style-definition -Wdeclaration-after-statement'
CYGPATH_W='echo'
DEFS='-DHAVE_CONFIG_H'
DEPDIR='.deps'
DRIVER_MAN_DIR='$(mandir)/man$(DRIVER_MAN_SUFFIX)'
DRIVER_MAN_SUFFIX='4'
ECHO_C=''
ECHO_N='-n'
ECHO_T=''
EGREP='/bin/grep -E'
EXEEXT=''
FILE_MAN_DIR='$(mandir)/man$(FILE_MAN_SUFFIX)'
FILE_MAN_SUFFIX='5'
GREP='/bin/grep'
INSTALL_CMD='(cp -f /INSTALL $(top_srcdir)/.INSTALL.tmp && mv $(top_srcdir)/.INSTALL.tmp $(top_srcdir)/INSTALL) || (rm -f $(top_srcdir)/.INSTALL.tmp; touch $(top_srcdir)/INSTALL; echo '\''util-macros "pkgdatadir" from xorg-macros.pc not found: installing possibly empty INSTALL.'\'' >&2)'
INSTALL_DATA='${INSTALL} -m 644'
INSTALL_PROGRAM='${INSTALL}'
INSTALL_SCRIPT='${INSTALL}'
INSTALL_STRIP_PROGRAM='$(install_sh) -c -s'
LDFLAGS=''
LIBOBJS=''
LIBS='-lz '
LIB_MAN_DIR='$(mandir)/man$(LIB_MAN_SUFFIX)'
LIB_MAN_SUFFIX='3'
LINT=''
LINT_FALSE=''
LINT_FLAGS='-badflag'
LINT_TRUE='#'
LTLIBOBJS=''
MAINT='#'
MAINTAINER_MODE_FALSE=''
MAINTAINER_MODE_TRUE='#'
MAKEINFO='${SHELL} /home/chris/mkfontscale-1.0.9/missing --run makeinfo'
MAN_SUBSTS='	-e '\''s|__vendorversion__|"$(PACKAGE_STRING)" "$(XORG_MAN_PAGE)"|'\'' 	-e '\''s|__xorgversion__|"$(PACKAGE_STRING)" "$(XORG_MAN_PAGE)"|'\'' 	-e '\''s|__xservername__|Xorg|g'\'' 	-e '\''s|__xconfigfile__|xorg.conf|g'\'' 	-e '\''s|__projectroot__|$(prefix)|g'\'' 	-e '\''s|__apploaddir__|$(appdefaultdir)|g'\'' 	-e '\''s|__appmansuffix__|$(APP_MAN_SUFFIX)|g'\'' 	-e '\''s|__drivermansuffix__|$(DRIVER_MAN_SUFFIX)|g'\'' 	-e '\''s|__adminmansuffix__|$(ADMIN_MAN_SUFFIX)|g'\'' 	-e '\''s|__libmansuffix__|$(LIB_MAN_SUFFIX)|g'\'' 	-e '\''s|__miscmansuffix__|$(MISC_MAN_SUFFIX)|g'\'' 	-e '\''s|__filemansuffix__|$(FILE_MAN_SUFFIX)|g'\'''
MISC_MAN_DIR='$(mandir)/man$(MISC_MAN_SUFFIX)'
MISC_MAN_SUFFIX='7'
MKDIR_P='/bin/mkdir -p'
MKFONTSCALE_CFLAGS='-I/usr/local/include/freetype2  '
MKFONTSCALE_LIBS='-L/usr/local/lib -lfontenc -lfreetype  '
OBJEXT='o'
PACKAGE='mkfontscale'
PACKAGE_BUGREPORT='https://bugs.freedesktop.org/enter_bug.cgi?product=xorg'
PACKAGE_NAME='mkfontscale'
PACKAGE_STRING='mkfontscale 1.0.9'
PACKAGE_TARNAME='mkfontscale'
PACKAGE_URL=''
PACKAGE_VERSION='1.0.9'
PATH_SEPARATOR=':'
PKG_CONFIG='/usr/bin/pkg-config'
SED='/bin/sed'
SET_MAKE=''
SHELL='/bin/sh'
STRICT_CFLAGS='-pedantic -Werror'
STRIP=''
VERSION='1.0.9'
X11_CFLAGS=' '
X11_LIBS=' '
XORG_MAN_PAGE='X Version 11'
ac_ct_CC='/usr/bin/gcc'
am__EXEEXT_FALSE=''
am__EXEEXT_TRUE='#'
am__fastdepCC_FALSE='#'
am__fastdepCC_TRUE=''
am__include='include'
am__isrc=''
am__leading_dot='.'
am__quote=''
am__tar='${AMTAR} chof - "$$tardir"'
am__untar='${AMTAR} xf -'
bindir='${exec_prefix}/bin'
build='arm-apple-darwin10.4.0'
build_alias=''
build_cpu='arm'
build_os='darwin10.4.0'
build_vendor='apple'
datadir='${datarootdir}'
datarootdir='${prefix}/share'
docdir='${datarootdir}/doc/${PACKAGE_TARNAME}'
dvidir='${docdir}'
exec_prefix='${prefix}'
host='arm-apple-darwin10.4.0'
host_alias=''
host_cpu='arm'
host_os='darwin10.4.0'
host_vendor='apple'
htmldir='${docdir}'
includedir='${prefix}/include'
infodir='${datarootdir}/info'
install_sh='${SHELL} /home/chris/mkfontscale-1.0.9/install-sh'
libdir='${exec_prefix}/lib'
libexecdir='${exec_prefix}/libexec'
localedir='${datarootdir}/locale'
localstatedir='${prefix}/var'
mandir='${datarootdir}/man'
mkdir_p='/bin/mkdir -p'
oldincludedir='/usr/include'
pdfdir='${docdir}'
prefix='/usr/local'
program_transform_name='s,x,x,'
psdir='${docdir}'
sbindir='${exec_prefix}/sbin'
sharedstatedir='${prefix}/com'
sysconfdir='${prefix}/etc'
target_alias=''

## ----------- ##
## confdefs.h. ##
## ----------- ##

/* confdefs.h */
#define PACKAGE_NAME "mkfontscale"
#define PACKAGE_TARNAME "mkfontscale"
#define PACKAGE_VERSION "1.0.9"
#define PACKAGE_STRING "mkfontscale 1.0.9"
#define PACKAGE_BUGREPORT "https://bugs.freedesktop.org/enter_bug.cgi?product=xorg"
#define PACKAGE_URL ""
#define PACKAGE "mkfontscale"
#define VERSION "1.0.9"
#define STDC_HEADERS 1
#define HAVE_SYS_TYPES_H 1
#define HAVE_SYS_STAT_H 1
#define HAVE_STDLIB_H 1
#define HAVE_STRING_H 1
#define HAVE_MEMORY_H 1
#define HAVE_STRINGS_H 1
#define HAVE_INTTYPES_H 1
#define HAVE_STDINT_H 1
#define HAVE_UNISTD_H 1
#define PACKAGE_VERSION_MAJOR 1
#define PACKAGE_VERSION_MINOR 0
#define PACKAGE_VERSION_PATCHLEVEL 9
#define HAVE_LIBZ 1

configure: exit 0
