This file contains any messages produced by compilers while
running configure, to aid debugging if configure makes a mistake.

It was created by libXvMC configure 1.0.4, which was
generated by GNU Autoconf 2.60.  Invocation command line was

  $ ./configure 

## --------- ##
## Platform. ##
## --------- ##

hostname = Chriss-iPad
uname -m = iPad1,1
uname -r = 10.4.0
uname -s = Darwin
uname -v = Darwin Kernel Version 10.4.0: Wed Oct 20 20:14:45 PDT 2010; root:xnu-1504.58.28~3/RELEASE_ARM_S5L8930X

/usr/bin/uname -p = unknown
/bin/uname -X     = unknown

/bin/arch              = unknown
/usr/bin/arch -k       = unknown
/usr/convex/getsysinfo = unknown
/usr/bin/hostinfo      = Mach kernel version:
	 Darwin Kernel Version 10.4.0: Wed Oct 20 20:14:45 PDT 2010; root:xnu-1504.58.28~3/RELEASE_ARM_S5L8930X
Kernel configured for a single processor only.
1 processor is physically available.
1 processor is logically available.
Processor type: armv7 (arm v7)
Processor active: 0
Primary memory available: 247.00 megabytes
Default processor set: 30 tasks, 224 threads, 1 processors
Load average: 2.32, Mach factor: 0.32
/bin/machine           = unknown
/usr/bin/oslevel       = unknown
/bin/universe          = unknown

PATH: /usr/local/sbin
PATH: /usr/local/bin
PATH: /usr/sbin
PATH: /usr/bin
PATH: /sbin
PATH: /bin
PATH: /usr/bin/X11
PATH: /usr/games
PATH: /var/mobile/ocaml-3.12.0/bin


## ----------- ##
## Core tests. ##
## ----------- ##

configure:1992: checking for a BSD-compatible install
configure:2048: result: /usr/bin/install -c
configure:2059: checking whether build environment is sane
configure:2102: result: yes
configure:2167: checking for gawk
configure:2183: found /usr/bin/gawk
configure:2194: result: gawk
configure:2205: checking whether make sets $(MAKE)
configure:2226: result: yes
configure:2434: checking whether to enable maintainer-specific portions of Makefiles
configure:2443: result: no
configure:2468: checking if xorg-macros used to generate configure is at least 1.1
configure:2483: result: yes, 1.1.3
configure:2536: checking for gcc
configure:2563: result: /usr/bin/gcc
configure:2801: checking for C compiler version
configure:2808: /usr/bin/gcc --version >&5
gcc (GCC) 4.2.1 (Based on Apple Inc. build 5555)
Copyright (C) 2007 Free Software Foundation, Inc.
This is free software; see the source for copying conditions.  There is NO
warranty; not even for MERCHANTABILITY or FITNESS FOR A PARTICULAR PURPOSE.

configure:2811: $? = 0
configure:2818: /usr/bin/gcc -v >&5
Using built-in specs.
Target: arm-apple-darwin9
Configured with: ../llvm-gcc-4.2/configure --build=x86_64-unknown-linux-gnu --host=arm-apple-darwin9 --enable-static=no --enable-shared=yes --prefix=/usr --localstatedir=/var/cache/iphone-gcc --enable-languages=c,c++,objc,obj-c++ --enable-wchar_t=no --with-gxx-include-dir=/usr/include/c++/4.0.0
Thread model: posix
gcc version 4.2.1 (Based on Apple Inc. build 5555)
configure:2821: $? = 0
configure:2828: /usr/bin/gcc -V >&5
gcc: '-V' option must have argument
configure:2831: $? = 1
configure:2854: checking for C compiler default output file name
configure:2881: /usr/bin/gcc    conftest.c  >&5
configure:2884: $? = 0
configure:2930: result: a.out
configure:2935: checking whether the C compiler works
configure:2945: ./a.out
configure:2948: $? = 0
configure:2965: result: yes
configure:2972: checking whether we are cross compiling
configure:2974: result: no
configure:2977: checking for suffix of executables
configure:2984: /usr/bin/gcc -o conftest    conftest.c  >&5
configure:2987: $? = 0
configure:3011: result: 
configure:3017: checking for suffix of object files
configure:3043: /usr/bin/gcc -c   conftest.c >&5
configure:3046: $? = 0
configure:3069: result: o
configure:3073: checking whether we are using the GNU C compiler
configure:3102: /usr/bin/gcc -c   conftest.c >&5
configure:3108: $? = 0
configure:3115: test -z "$ac_c_werror_flag" || test ! -s conftest.err
configure:3118: $? = 0
configure:3125: test -s conftest.o
configure:3128: $? = 0
configure:3142: result: yes
configure:3147: checking whether /usr/bin/gcc accepts -g
configure:3177: /usr/bin/gcc -c -g  conftest.c >&5
configure:3183: $? = 0
configure:3190: test -z "$ac_c_werror_flag" || test ! -s conftest.err
configure:3193: $? = 0
configure:3200: test -s conftest.o
configure:3203: $? = 0
configure:3333: result: yes
configure:3350: checking for /usr/bin/gcc option to accept ISO C89
configure:3424: /usr/bin/gcc  -c -g -O2  conftest.c >&5
configure:3430: $? = 0
configure:3437: test -z "$ac_c_werror_flag" || test ! -s conftest.err
configure:3440: $? = 0
configure:3447: test -s conftest.o
configure:3450: $? = 0
configure:3470: result: none needed
configure:3499: checking for style of include used by make
configure:3527: result: GNU
configure:3555: checking dependency style of /usr/bin/gcc
configure:3645: result: gcc3
configure:3740: checking build system type
configure:3758: result: arm-apple-darwin10.4.0
configure:3780: checking host system type
configure:3795: result: arm-apple-darwin10.4.0
configure:3817: checking for a sed that does not truncate output
configure:3871: result: /bin/sed
configure:3874: checking for grep that handles long lines and -e
configure:3948: result: /bin/grep
configure:3953: checking for egrep
configure:4031: result: /bin/grep -E
configure:4047: checking for ld used by /usr/bin/gcc
configure:4114: result: /usr/bin/ld
configure:4123: checking if the linker (/usr/bin/ld) is GNU ld
configure:4138: result: no
configure:4143: checking for /usr/bin/ld option to reload object files
configure:4150: result: -r
configure:4168: checking for BSD-compatible nm
configure:4217: result: /usr/bin/nm -p
configure:4221: checking whether ln -s works
configure:4225: result: yes
configure:4232: checking how to recognise dependent libraries
configure:4408: result: pass_all
configure:4658: checking how to run the C preprocessor
configure:4698: /usr/bin/gcc -E  conftest.c
configure:4704: $? = 0
configure:4742: /usr/bin/gcc -E  conftest.c
conftest.c:10:28: error: ac_nonexistent.h: No such file or directory
configure:4748: $? = 1
configure: failed program was:
| /* confdefs.h.  */
| #define PACKAGE_NAME "libXvMC"
| #define PACKAGE_TARNAME "libXvMC"
| #define PACKAGE_VERSION "1.0.4"
| #define PACKAGE_STRING "libXvMC 1.0.4"
| #define PACKAGE_BUGREPORT "https://bugs.freedesktop.org/enter_bug.cgi?product=xorg"
| #define PACKAGE "libXvMC"
| #define VERSION "1.0.4"
| /* end confdefs.h.  */
| #include <ac_nonexistent.h>
configure:4788: result: /usr/bin/gcc -E
configure:4817: /usr/bin/gcc -E  conftest.c
configure:4823: $? = 0
configure:4861: /usr/bin/gcc -E  conftest.c
conftest.c:10:28: error: ac_nonexistent.h: No such file or directory
configure:4867: $? = 1
configure: failed program was:
| /* confdefs.h.  */
| #define PACKAGE_NAME "libXvMC"
| #define PACKAGE_TARNAME "libXvMC"
| #define PACKAGE_VERSION "1.0.4"
| #define PACKAGE_STRING "libXvMC 1.0.4"
| #define PACKAGE_BUGREPORT "https://bugs.freedesktop.org/enter_bug.cgi?product=xorg"
| #define PACKAGE "libXvMC"
| #define VERSION "1.0.4"
| /* end confdefs.h.  */
| #include <ac_nonexistent.h>
configure:4912: checking for ANSI C header files
configure:4942: /usr/bin/gcc -c -g -O2  conftest.c >&5
configure:4948: $? = 0
configure:4955: test -z "$ac_c_werror_flag" || test ! -s conftest.err
configure:4958: $? = 0
configure:4965: test -s conftest.o
configure:4968: $? = 0
configure:5064: /usr/bin/gcc -o conftest -g -O2   conftest.c  >&5
configure:5067: $? = 0
configure:5073: ./conftest
configure:5076: $? = 0
configure:5093: result: yes
configure:5117: checking for sys/types.h
configure:5138: /usr/bin/gcc -c -g -O2  conftest.c >&5
configure:5144: $? = 0
configure:5151: test -z "$ac_c_werror_flag" || test ! -s conftest.err
configure:5154: $? = 0
configure:5161: test -s conftest.o
configure:5164: $? = 0
configure:5177: result: yes
configure:5117: checking for sys/stat.h
configure:5138: /usr/bin/gcc -c -g -O2  conftest.c >&5
configure:5144: $? = 0
configure:5151: test -z "$ac_c_werror_flag" || test ! -s conftest.err
configure:5154: $? = 0
configure:5161: test -s conftest.o
configure:5164: $? = 0
configure:5177: result: yes
configure:5117: checking for stdlib.h
configure:5138: /usr/bin/gcc -c -g -O2  conftest.c >&5
configure:5144: $? = 0
configure:5151: test -z "$ac_c_werror_flag" || test ! -s conftest.err
configure:5154: $? = 0
configure:5161: test -s conftest.o
configure:5164: $? = 0
configure:5177: result: yes
configure:5117: checking for string.h
configure:5138: /usr/bin/gcc -c -g -O2  conftest.c >&5
configure:5144: $? = 0
configure:5151: test -z "$ac_c_werror_flag" || test ! -s conftest.err
configure:5154: $? = 0
configure:5161: test -s conftest.o
configure:5164: $? = 0
configure:5177: result: yes
configure:5117: checking for memory.h
configure:5138: /usr/bin/gcc -c -g -O2  conftest.c >&5
configure:5144: $? = 0
configure:5151: test -z "$ac_c_werror_flag" || test ! -s conftest.err
configure:5154: $? = 0
configure:5161: test -s conftest.o
configure:5164: $? = 0
configure:5177: result: yes
configure:5117: checking for strings.h
configure:5138: /usr/bin/gcc -c -g -O2  conftest.c >&5
configure:5144: $? = 0
configure:5151: test -z "$ac_c_werror_flag" || test ! -s conftest.err
configure:5154: $? = 0
configure:5161: test -s conftest.o
configure:5164: $? = 0
configure:5177: result: yes
configure:5117: checking for inttypes.h
configure:5138: /usr/bin/gcc -c -g -O2  conftest.c >&5
configure:5144: $? = 0
configure:5151: test -z "$ac_c_werror_flag" || test ! -s conftest.err
configure:5154: $? = 0
configure:5161: test -s conftest.o
configure:5164: $? = 0
configure:5177: result: yes
configure:5117: checking for stdint.h
configure:5138: /usr/bin/gcc -c -g -O2  conftest.c >&5
configure:5144: $? = 0
configure:5151: test -z "$ac_c_werror_flag" || test ! -s conftest.err
configure:5154: $? = 0
configure:5161: test -s conftest.o
configure:5164: $? = 0
configure:5177: result: yes
configure:5117: checking for unistd.h
configure:5138: /usr/bin/gcc -c -g -O2  conftest.c >&5
configure:5144: $? = 0
configure:5151: test -z "$ac_c_werror_flag" || test ! -s conftest.err
configure:5154: $? = 0
configure:5161: test -s conftest.o
configure:5164: $? = 0
configure:5177: result: yes
configure:5204: checking dlfcn.h usability
configure:5221: /usr/bin/gcc -c -g -O2  conftest.c >&5
configure:5227: $? = 0
configure:5234: test -z "$ac_c_werror_flag" || test ! -s conftest.err
configure:5237: $? = 0
configure:5244: test -s conftest.o
configure:5247: $? = 0
configure:5258: result: yes
configure:5262: checking dlfcn.h presence
configure:5277: /usr/bin/gcc -E  conftest.c
configure:5283: $? = 0
configure:5304: result: yes
configure:5337: checking for dlfcn.h
configure:5345: result: yes
configure:5416: checking for g++
configure:5432: found /usr/bin/g++
configure:5443: result: g++
configure:5474: checking for C++ compiler version
configure:5481: g++ --version >&5
g++ (GCC) 4.2.1 (Based on Apple Inc. build 5555)
Copyright (C) 2007 Free Software Foundation, Inc.
This is free software; see the source for copying conditions.  There is NO
warranty; not even for MERCHANTABILITY or FITNESS FOR A PARTICULAR PURPOSE.

configure:5484: $? = 0
configure:5491: g++ -v >&5
Using built-in specs.
Target: arm-apple-darwin9
Configured with: ../llvm-gcc-4.2/configure --build=x86_64-unknown-linux-gnu --host=arm-apple-darwin9 --enable-static=no --enable-shared=yes --prefix=/usr --localstatedir=/var/cache/iphone-gcc --enable-languages=c,c++,objc,obj-c++ --enable-wchar_t=no --with-gxx-include-dir=/usr/include/c++/4.0.0
Thread model: posix
gcc version 4.2.1 (Based on Apple Inc. build 5555)
configure:5494: $? = 0
configure:5501: g++ -V >&5
g++: '-V' option must have argument
configure:5504: $? = 1
configure:5507: checking whether we are using the GNU C++ compiler
configure:5536: g++ -c   conftest.cpp >&5
configure:5542: $? = 0
configure:5549: test -z "$ac_cxx_werror_flag" || test ! -s conftest.err
configure:5552: $? = 0
configure:5559: test -s conftest.o
configure:5562: $? = 0
configure:5576: result: yes
configure:5581: checking whether g++ accepts -g
configure:5611: g++ -c -g  conftest.cpp >&5
configure:5617: $? = 0
configure:5624: test -z "$ac_cxx_werror_flag" || test ! -s conftest.err
configure:5627: $? = 0
configure:5634: test -s conftest.o
configure:5637: $? = 0
configure:5767: result: yes
configure:5792: checking dependency style of g++
configure:5882: result: gcc3
configure:5909: checking how to run the C++ preprocessor
configure:5945: g++ -E  conftest.cpp
configure:5951: $? = 0
configure:5989: g++ -E  conftest.cpp
conftest.cpp:21:28: error: ac_nonexistent.h: No such file or directory
configure:5995: $? = 1
configure: failed program was:
| /* confdefs.h.  */
| #define PACKAGE_NAME "libXvMC"
| #define PACKAGE_TARNAME "libXvMC"
| #define PACKAGE_VERSION "1.0.4"
| #define PACKAGE_STRING "libXvMC 1.0.4"
| #define PACKAGE_BUGREPORT "https://bugs.freedesktop.org/enter_bug.cgi?product=xorg"
| #define PACKAGE "libXvMC"
| #define VERSION "1.0.4"
| #define STDC_HEADERS 1
| #define HAVE_SYS_TYPES_H 1
| #define HAVE_SYS_STAT_H 1
| #define HAVE_STDLIB_H 1
| #define HAVE_STRING_H 1
| #define HAVE_MEMORY_H 1
| #define HAVE_STRINGS_H 1
| #define HAVE_INTTYPES_H 1
| #define HAVE_STDINT_H 1
| #define HAVE_UNISTD_H 1
| #define HAVE_DLFCN_H 1
| /* end confdefs.h.  */
| #include <ac_nonexistent.h>
configure:6035: result: g++ -E
configure:6064: g++ -E  conftest.cpp
configure:6070: $? = 0
configure:6108: g++ -E  conftest.cpp
conftest.cpp:21:28: error: ac_nonexistent.h: No such file or directory
configure:6114: $? = 1
configure: failed program was:
| /* confdefs.h.  */
| #define PACKAGE_NAME "libXvMC"
| #define PACKAGE_TARNAME "libXvMC"
| #define PACKAGE_VERSION "1.0.4"
| #define PACKAGE_STRING "libXvMC 1.0.4"
| #define PACKAGE_BUGREPORT "https://bugs.freedesktop.org/enter_bug.cgi?product=xorg"
| #define PACKAGE "libXvMC"
| #define VERSION "1.0.4"
| #define STDC_HEADERS 1
| #define HAVE_SYS_TYPES_H 1
| #define HAVE_SYS_STAT_H 1
| #define HAVE_STDLIB_H 1
| #define HAVE_STRING_H 1
| #define HAVE_MEMORY_H 1
| #define HAVE_STRINGS_H 1
| #define HAVE_INTTYPES_H 1
| #define HAVE_STDINT_H 1
| #define HAVE_UNISTD_H 1
| #define HAVE_DLFCN_H 1
| /* end confdefs.h.  */
| #include <ac_nonexistent.h>
configure:6214: checking for g77
configure:6244: result: no
configure:6214: checking for f77
configure:6244: result: no
configure:6214: checking for xlf
configure:6244: result: no
configure:6214: checking for frt
configure:6244: result: no
configure:6214: checking for pgf77
configure:6244: result: no
configure:6214: checking for cf77
configure:6244: result: no
configure:6214: checking for fort77
configure:6244: result: no
configure:6214: checking for fl32
configure:6244: result: no
configure:6214: checking for af77
configure:6244: result: no
configure:6214: checking for f90
configure:6244: result: no
configure:6214: checking for xlf90
configure:6244: result: no
configure:6214: checking for pgf90
configure:6244: result: no
configure:6214: checking for pghpf
configure:6244: result: no
configure:6214: checking for epcf90
configure:6244: result: no
configure:6214: checking for gfortran
configure:6244: result: no
configure:6214: checking for g95
configure:6244: result: no
configure:6214: checking for f95
configure:6244: result: no
configure:6214: checking for fort
configure:6244: result: no
configure:6214: checking for xlf95
configure:6244: result: no
configure:6214: checking for ifort
configure:6244: result: no
configure:6214: checking for ifc
configure:6244: result: no
configure:6214: checking for efc
configure:6244: result: no
configure:6214: checking for pgf95
configure:6244: result: no
configure:6214: checking for lf95
configure:6244: result: no
configure:6214: checking for ftn
configure:6244: result: no
configure:6271: checking for Fortran 77 compiler version
configure:6278:  --version >&5
./configure: line 6279: --version: command not found
configure:6281: $? = 127
configure:6288:  -v >&5
./configure: line 6289: -v: command not found
configure:6291: $? = 127
configure:6298:  -V >&5
./configure: line 6299: -V: command not found
configure:6301: $? = 127
configure:6309: checking whether we are using the GNU Fortran 77 compiler
configure:6328:  -c  conftest.F >&5
./configure: line 6329: -c: command not found
configure:6334: $? = 127
configure: failed program was:
|       program main
| #ifndef __GNUC__
|        choke me
| #endif
| 
|       end
configure:6368: result: no
configure:6374: checking whether  accepts -g
configure:6391:  -c -g conftest.f >&5
./configure: line 6392: -c: command not found
configure:6397: $? = 127
configure: failed program was:
|       program main
| 
|       end
configure:6430: result: no
configure:6460: checking the maximum length of command line arguments
configure:6569: result: 196608
configure:6580: checking command to parse /usr/bin/nm -p output from /usr/bin/gcc object
configure:6685: /usr/bin/gcc -c -g -O2  conftest.c >&5
configure:6688: $? = 0
configure:6692: /usr/bin/nm -p conftest.o \| sed -n -e 's/^.*[ 	]\([BCDEGRST][BCDEGRST]*\)[ 	][ 	]*\([_A-Za-z][_A-Za-z0-9]*\)$/\1 \2 \2/p' \> conftest.nm
configure:6695: $? = 0
cannot find nm_test_var in conftest.nm
configure:6685: /usr/bin/gcc -c -g -O2  conftest.c >&5
configure:6688: $? = 0
configure:6692: /usr/bin/nm -p conftest.o \| sed -n -e 's/^.*[ 	]\([BCDEGRST][BCDEGRST]*\)[ 	][ 	]*_\([_A-Za-z][_A-Za-z0-9]*\)$/\1 _\2 \2/p' \> conftest.nm
configure:6695: $? = 0
configure:6747: /usr/bin/gcc -o conftest -g -O2   conftest.c conftstm.o >&5
configure:6750: $? = 0
configure:6788: result: ok
configure:6792: checking for objdir
configure:6807: result: .libs
configure:6899: checking for ar
configure:6915: found /usr/bin/ar
configure:6926: result: ar
configure:6995: checking for ranlib
configure:7011: found /usr/bin/ranlib
configure:7022: result: ranlib
configure:7091: checking for strip
configure:7107: found /usr/bin/strip
configure:7118: result: strip
configure:7404: checking if /usr/bin/gcc supports -fno-rtti -fno-exceptions
configure:7422: /usr/bin/gcc -c -g -O2  -fno-rtti -fno-exceptions conftest.c >&5
cc1: warning: command line option "-fno-rtti" is valid for C++/ObjC++ but not for C
configure:7426: $? = 0
configure:7439: result: no
configure:7454: checking for /usr/bin/gcc option to produce PIC
configure:7664: result: -fno-common
configure:7672: checking if /usr/bin/gcc PIC flag -fno-common works
configure:7690: /usr/bin/gcc -c -g -O2  -fno-common -DPIC conftest.c >&5
configure:7694: $? = 0
configure:7707: result: yes
configure:7735: checking if /usr/bin/gcc static flag -static works
configure:7763: result: no
configure:7773: checking if /usr/bin/gcc supports -c -o file.o
configure:7794: /usr/bin/gcc -c -g -O2  -o out/conftest2.o conftest.c >&5
configure:7798: $? = 0
configure:7820: result: yes
configure:7846: checking whether the /usr/bin/gcc linker (/usr/bin/ld) supports shared libraries
configure:8833: result: yes
configure:8900: checking dynamic linker characteristics
configure:9476: result: darwin10.4.0 dyld
configure:9485: checking how to hardcode library paths into programs
configure:9510: result: immediate
configure:9524: checking whether stripping libraries is possible
configure:9537: result: yes
configure:10442: checking if libtool supports shared libraries
configure:10444: result: yes
configure:10447: checking whether to build shared libraries
configure:10468: result: yes
configure:10471: checking whether to build static libraries
configure:10475: result: yes
configure:10567: creating libtool
configure:11155: checking for ld used by g++
configure:11222: result: /usr/bin/ld
configure:11231: checking if the linker (/usr/bin/ld) is GNU ld
configure:11246: result: no
configure:11297: checking whether the g++ linker (/usr/bin/ld) supports shared libraries
configure:12263: result: yes
configure:12281: g++ -c -g -O2  conftest.cpp >&5
configure:12284: $? = 0
configure:12403: checking for g++ option to produce PIC
configure:12677: result: -fno-common
configure:12685: checking if g++ PIC flag -fno-common works
configure:12703: g++ -c -g -O2  -fno-common -DPIC conftest.cpp >&5
configure:12707: $? = 0
configure:12720: result: yes
configure:12748: checking if g++ static flag -static works
configure:12776: result: no
configure:12786: checking if g++ supports -c -o file.o
configure:12807: g++ -c -g -O2  -o out/conftest2.o conftest.cpp >&5
configure:12811: $? = 0
configure:12833: result: yes
configure:12859: checking whether the g++ linker (/usr/bin/ld) supports shared libraries
configure:12887: result: yes
configure:12954: checking dynamic linker characteristics
configure:13530: result: darwin10.4.0 dyld
configure:13539: checking how to hardcode library paths into programs
configure:13564: result: immediate
configure:19797: checking for pkg-config
configure:19815: found /usr/bin/pkg-config
configure:19827: result: /usr/bin/pkg-config
configure:19856: checking pkg-config is at least version 0.9.0
configure:19859: result: yes
configure:19870: checking for XVMC
configure:19878: $PKG_CONFIG --exists --print-errors "x11 xext xv xextproto videoproto"
configure:19881: $? = 0
configure:19896: $PKG_CONFIG --exists --print-errors "x11 xext xv xextproto videoproto"
configure:19899: $? = 0
configure:19975: result: yes
configure:19983: checking for shmat
configure:20039: /usr/bin/gcc -o conftest -g -O2   conftest.c  >&5
configure:20045: $? = 0
configure:20052: test -z "$ac_c_werror_flag" || test ! -s conftest.err
configure:20055: $? = 0
configure:20062: test -s conftest
configure:20065: $? = 0
configure:20078: result: yes
configure:20098: checking whether malloc(0) returns NULL
configure:20128: /usr/bin/gcc -o conftest -g -O2   conftest.c  >&5
conftest.c:2: warning: conflicting types for built-in function 'malloc'
conftest.c:4: warning: conflicting types for built-in function 'calloc'
conftest.c: In function 'main':
conftest.c:11: warning: incompatible implicit declaration of built-in function 'exit'
configure:20131: $? = 0
configure:20137: ./conftest
configure:20140: $? = 1
configure: program exited with status 1
configure: failed program was:
| 
| char *malloc();
| char *realloc();
| char *calloc();
| main() {
|     char *m0, *r0, *c0, *p;
|     m0 = malloc(0);
|     p = malloc(10);
|     r0 = realloc(p,0);
|     c0 = calloc(0);
|     exit(m0 == 0 || r0 == 0 || c0 == 0 ? 0 : 1);
| }
configure:20156: result: no
configure:20395: creating ./config.status

## ---------------------- ##
## Running config.status. ##
## ---------------------- ##

This file was extended by libXvMC config.status 1.0.4, which was
generated by GNU Autoconf 2.60.  Invocation command line was

  CONFIG_FILES    = 
  CONFIG_HEADERS  = 
  CONFIG_LINKS    = 
  CONFIG_COMMANDS = 
  $ ./config.status 

on Chriss-iPad

config.status:669: creating Makefile
config.status:669: creating include/Makefile
config.status:669: creating include/X11/Makefile
config.status:669: creating include/X11/extensions/Makefile
config.status:669: creating src/Makefile
config.status:669: creating xvmc.pc
config.status:669: creating config.h
config.status:940: executing depfiles commands

## ---------------- ##
## Cache variables. ##
## ---------------- ##

ac_cv_build=arm-apple-darwin10.4.0
ac_cv_c_compiler_gnu=yes
ac_cv_cxx_compiler_gnu=yes
ac_cv_env_CCC_set=
ac_cv_env_CCC_value=
ac_cv_env_CC_set=set
ac_cv_env_CC_value=/usr/bin/gcc
ac_cv_env_CFLAGS_set=
ac_cv_env_CFLAGS_value=
ac_cv_env_CPPFLAGS_set=
ac_cv_env_CPPFLAGS_value=
ac_cv_env_CPP_set=
ac_cv_env_CPP_value=
ac_cv_env_CXXCPP_set=
ac_cv_env_CXXCPP_value=
ac_cv_env_CXXFLAGS_set=
ac_cv_env_CXXFLAGS_value=
ac_cv_env_CXX_set=
ac_cv_env_CXX_value=
ac_cv_env_F77_set=
ac_cv_env_F77_value=
ac_cv_env_FFLAGS_set=
ac_cv_env_FFLAGS_value=
ac_cv_env_LDFLAGS_set=
ac_cv_env_LDFLAGS_value=
ac_cv_env_PKG_CONFIG_set=
ac_cv_env_PKG_CONFIG_value=
ac_cv_env_XVMC_CFLAGS_set=
ac_cv_env_XVMC_CFLAGS_value=
ac_cv_env_XVMC_LIBS_set=
ac_cv_env_XVMC_LIBS_value=
ac_cv_env_build_alias_set=
ac_cv_env_build_alias_value=
ac_cv_env_host_alias_set=
ac_cv_env_host_alias_value=
ac_cv_env_target_alias_set=
ac_cv_env_target_alias_value=
ac_cv_f77_compiler_gnu=no
ac_cv_func_shmat=yes
ac_cv_header_dlfcn_h=yes
ac_cv_header_inttypes_h=yes
ac_cv_header_memory_h=yes
ac_cv_header_stdc=yes
ac_cv_header_stdint_h=yes
ac_cv_header_stdlib_h=yes
ac_cv_header_string_h=yes
ac_cv_header_strings_h=yes
ac_cv_header_sys_stat_h=yes
ac_cv_header_sys_types_h=yes
ac_cv_header_unistd_h=yes
ac_cv_host=arm-apple-darwin10.4.0
ac_cv_objext=o
ac_cv_path_EGREP='/bin/grep -E'
ac_cv_path_GREP=/bin/grep
ac_cv_path_ac_pt_PKG_CONFIG=/usr/bin/pkg-config
ac_cv_path_install='/usr/bin/install -c'
ac_cv_prog_AWK=gawk
ac_cv_prog_CPP='/usr/bin/gcc -E'
ac_cv_prog_CXXCPP='g++ -E'
ac_cv_prog_ac_ct_AR=ar
ac_cv_prog_ac_ct_CC=/usr/bin/gcc
ac_cv_prog_ac_ct_CXX=g++
ac_cv_prog_ac_ct_RANLIB=ranlib
ac_cv_prog_ac_ct_STRIP=strip
ac_cv_prog_cc_c89=
ac_cv_prog_cc_g=yes
ac_cv_prog_cxx_g=yes
ac_cv_prog_f77_g=no
ac_cv_prog_make_make_set=yes
am_cv_CC_dependencies_compiler_type=gcc3
am_cv_CXX_dependencies_compiler_type=gcc3
lt_cv_deplibs_check_method=pass_all
lt_cv_file_magic_cmd='$MAGIC_CMD'
lt_cv_file_magic_test_file=
lt_cv_ld_reload_flag=-r
lt_cv_objdir=.libs
lt_cv_path_LD=/usr/bin/ld
lt_cv_path_LDCXX=/usr/bin/ld
lt_cv_path_NM='/usr/bin/nm -p'
lt_cv_path_SED=/bin/sed
lt_cv_prog_compiler_c_o=yes
lt_cv_prog_compiler_c_o_CXX=yes
lt_cv_prog_compiler_rtti_exceptions=no
lt_cv_prog_gnu_ld=no
lt_cv_prog_gnu_ldcxx=no
lt_cv_sys_global_symbol_pipe='sed -n -e '\''s/^.*[ 	]\([BCDEGRST][BCDEGRST]*\)[ 	][ 	]*_\([_A-Za-z][_A-Za-z0-9]*\)$/\1 _\2 \2/p'\'''
lt_cv_sys_global_symbol_to_c_name_address='sed -n -e '\''s/^: \([^ ]*\) $/  {\"\1\", (lt_ptr) 0},/p'\'' -e '\''s/^[BCDEGRST] \([^ ]*\) \([^ ]*\)$/  {"\2", (lt_ptr) \&\2},/p'\'''
lt_cv_sys_global_symbol_to_cdecl='sed -n -e '\''s/^. .* \(.*\)$/extern int \1;/p'\'''
lt_cv_sys_max_cmd_len=196608
lt_lt_cv_prog_compiler_c_o='"yes"'
lt_lt_cv_prog_compiler_c_o_CXX='"yes"'
lt_lt_cv_sys_global_symbol_pipe='"sed -n -e '\''s/^.*[ 	]\\([BCDEGRST][BCDEGRST]*\\)[ 	][ 	]*_\\([_A-Za-z][_A-Za-z0-9]*\\)\$/\\1 _\\2 \\2/p'\''"'
lt_lt_cv_sys_global_symbol_to_c_name_address='"sed -n -e '\''s/^: \\([^ ]*\\) \$/  {\\\"\\1\\\", (lt_ptr) 0},/p'\'' -e '\''s/^[BCDEGRST] \\([^ ]*\\) \\([^ ]*\\)\$/  {\"\\2\", (lt_ptr) \\&\\2},/p'\''"'
lt_lt_cv_sys_global_symbol_to_cdecl='"sed -n -e '\''s/^. .* \\(.*\\)\$/extern int \\1;/p'\''"'
pkg_cv_XVMC_CFLAGS=' '
pkg_cv_XVMC_LIBS='-L/usr/local/lib -lX11 -lXext -lXv  '

## ----------------- ##
## Output variables. ##
## ----------------- ##

ACLOCAL='${SHELL} /home/chris/xorg/libXvMC-1.0.4/missing --run aclocal-1.9'
AMCMDECHO='echo'
AMDEPBACKSLASH='\'
AMDEPSHOWCMDSAT=''
AMDEP_FALSE='#'
AMDEP_TRUE=''
AMPRETTYECHO='true'
AMSHOWCMDSAT=''
AMTAR='${SHELL} /home/chris/xorg/libXvMC-1.0.4/missing --run tar'
AR='ar'
AUTOCONF='${SHELL} /home/chris/xorg/libXvMC-1.0.4/missing --run autoconf'
AUTOHEADER='${SHELL} /home/chris/xorg/libXvMC-1.0.4/missing --run autoheader'
AUTOMAKE='${SHELL} /home/chris/xorg/libXvMC-1.0.4/missing --run automake-1.9'
AWK='gawk'
CC='/usr/bin/gcc'
CCDEPMODE='depmode=gcc3'
CFLAGS='-g -O2'
CPP='/usr/bin/gcc -E'
CPPFLAGS=''
CXX='g++'
CXXCPP='g++ -E'
CXXDEPMODE='depmode=gcc3'
CXXFLAGS='-g -O2'
CYGPATH_W='echo'
DEFS='-DHAVE_CONFIG_H'
DEPDIR='.deps'
ECHO='echo'
ECHO_C=''
ECHO_N='-n'
ECHO_T=''
EGREP='/bin/grep -E'
EXEEXT=''
F77=''
FFLAGS=''
GREP='/bin/grep'
INSTALL_DATA='${INSTALL} -m 644'
INSTALL_PROGRAM='${INSTALL}'
INSTALL_SCRIPT='${INSTALL}'
INSTALL_STRIP_PROGRAM='${SHELL} $(install_sh) -c -s'
LDFLAGS=''
LIBOBJS=''
LIBS=''
LIBTOOL='$(SHELL) $(top_builddir)/libtool'
LINT='no'
LINT_FALSE=''
LINT_FLAGS='  '
LINT_TRUE='#'
LN_S='ln -s'
LTLIBOBJS=''
LT_QUIET=''
MAINT='#'
MAINTAINER_MODE_FALSE=''
MAINTAINER_MODE_TRUE='#'
MAKEINFO='${SHELL} /home/chris/xorg/libXvMC-1.0.4/missing --run makeinfo'
MALLOC_ZERO_CFLAGS=''
OBJEXT='o'
PACKAGE='libXvMC'
PACKAGE_BUGREPORT='https://bugs.freedesktop.org/enter_bug.cgi?product=xorg'
PACKAGE_NAME='libXvMC'
PACKAGE_STRING='libXvMC 1.0.4'
PACKAGE_TARNAME='libXvMC'
PACKAGE_VERSION='1.0.4'
PATH_SEPARATOR=':'
PKG_CONFIG='/usr/bin/pkg-config'
RANLIB='ranlib'
SET_MAKE=''
SHELL='/bin/sh'
STRIP='strip'
VERSION='1.0.4'
XMALLOC_ZERO_CFLAGS=''
XTMALLOC_ZERO_CFLAGS=''
XVMC_CFLAGS=' '
XVMC_LIBS='-L/usr/local/lib -lX11 -lXext -lXv  '
ac_ct_CC='/usr/bin/gcc'
ac_ct_CXX='g++'
ac_ct_F77=''
am__fastdepCC_FALSE='#'
am__fastdepCC_TRUE=''
am__fastdepCXX_FALSE='#'
am__fastdepCXX_TRUE=''
am__include='include'
am__leading_dot='.'
am__quote=''
am__tar='${AMTAR} chof - "$$tardir"'
am__untar='${AMTAR} xf -'
bindir='${exec_prefix}/bin'
build='arm-apple-darwin10.4.0'
build_alias=''
build_cpu='arm'
build_os='darwin10.4.0'
build_vendor='apple'
datadir='${datarootdir}'
datarootdir='${prefix}/share'
docdir='${datarootdir}/doc/${PACKAGE_TARNAME}'
dvidir='${docdir}'
exec_prefix='${prefix}'
host='arm-apple-darwin10.4.0'
host_alias=''
host_cpu='arm'
host_os='darwin10.4.0'
host_vendor='apple'
htmldir='${docdir}'
includedir='${prefix}/include'
infodir='${datarootdir}/info'
install_sh='/home/chris/xorg/libXvMC-1.0.4/install-sh'
libdir='${exec_prefix}/lib'
libexecdir='${exec_prefix}/libexec'
localedir='${datarootdir}/locale'
localstatedir='${prefix}/var'
mandir='${datarootdir}/man'
mkdir_p='mkdir -p --'
oldincludedir='/usr/include'
pdfdir='${docdir}'
prefix='/usr/local'
program_transform_name='s,x,x,'
psdir='${docdir}'
sbindir='${exec_prefix}/sbin'
sharedstatedir='${prefix}/com'
sysconfdir='${prefix}/etc'
target_alias=''

## ----------- ##
## confdefs.h. ##
## ----------- ##

#define PACKAGE_NAME "libXvMC"
#define PACKAGE_TARNAME "libXvMC"
#define PACKAGE_VERSION "1.0.4"
#define PACKAGE_STRING "libXvMC 1.0.4"
#define PACKAGE_BUGREPORT "https://bugs.freedesktop.org/enter_bug.cgi?product=xorg"
#define PACKAGE "libXvMC"
#define VERSION "1.0.4"
#define STDC_HEADERS 1
#define HAVE_SYS_TYPES_H 1
#define HAVE_SYS_STAT_H 1
#define HAVE_STDLIB_H 1
#define HAVE_STRING_H 1
#define HAVE_MEMORY_H 1
#define HAVE_STRINGS_H 1
#define HAVE_INTTYPES_H 1
#define HAVE_STDINT_H 1
#define HAVE_UNISTD_H 1
#define HAVE_DLFCN_H 1
#define HAS_SHM 1
#define PACKAGE_VERSION_MAJOR 
#define PACKAGE_VERSION_MINOR 0
#define PACKAGE_VERSION_PATCHLEVEL 0

configure: exit 0
