This file contains any messages produced by compilers while
running configure, to aid debugging if configure makes a mistake.

It was created by xvinfo configure 1.0.2, which was
generated by GNU Autoconf 2.61.  Invocation command line was

  $ ./configure 

## --------- ##
## Platform. ##
## --------- ##

hostname = Chriss-iPad
uname -m = iPad1,1
uname -r = 10.4.0
uname -s = Darwin
uname -v = Darwin Kernel Version 10.4.0: Wed Oct 20 20:14:45 PDT 2010; root:xnu-1504.58.28~3/RELEASE_ARM_S5L8930X

/usr/bin/uname -p = unknown
/bin/uname -X     = unknown

/bin/arch              = unknown
/usr/bin/arch -k       = unknown
/usr/convex/getsysinfo = unknown
/usr/bin/hostinfo      = Mach kernel version:
	 Darwin Kernel Version 10.4.0: Wed Oct 20 20:14:45 PDT 2010; root:xnu-1504.58.28~3/RELEASE_ARM_S5L8930X
Kernel configured for a single processor only.
1 processor is physically available.
1 processor is logically available.
Processor type: armv7 (arm v7)
Processor active: 0
Primary memory available: 247.00 megabytes
Default processor set: 35 tasks, 248 threads, 1 processors
Load average: 1.74, Mach factor: 0.33
/bin/machine           = unknown
/usr/bin/oslevel       = unknown
/bin/universe          = unknown

PATH: /usr/local/sbin
PATH: /usr/local/bin
PATH: /usr/sbin
PATH: /usr/bin
PATH: /sbin
PATH: /bin
PATH: /usr/bin/X11
PATH: /usr/games
PATH: /var/mobile/ocaml-3.12.0/bin


## ----------- ##
## Core tests. ##
## ----------- ##

configure:1776: checking for a BSD-compatible install
configure:1832: result: /usr/bin/install -c
configure:1843: checking whether build environment is sane
configure:1886: result: yes
configure:1914: checking for a thread-safe mkdir -p
configure:1953: result: /bin/mkdir -p
configure:1966: checking for gawk
configure:1982: found /usr/bin/gawk
configure:1993: result: gawk
configure:2004: checking whether make sets $(MAKE)
configure:2025: result: yes
configure:2213: checking whether to enable maintainer-specific portions of Makefiles
configure:2222: result: no
configure:2287: checking for gcc
configure:2314: result: /usr/bin/gcc
configure:2552: checking for C compiler version
configure:2559: /usr/bin/gcc --version >&5
gcc (GCC) 4.2.1 (Based on Apple Inc. build 5555)
Copyright (C) 2007 Free Software Foundation, Inc.
This is free software; see the source for copying conditions.  There is NO
warranty; not even for MERCHANTABILITY or FITNESS FOR A PARTICULAR PURPOSE.

configure:2562: $? = 0
configure:2569: /usr/bin/gcc -v >&5
Using built-in specs.
Target: arm-apple-darwin9
Configured with: ../llvm-gcc-4.2/configure --build=x86_64-unknown-linux-gnu --host=arm-apple-darwin9 --enable-static=no --enable-shared=yes --prefix=/usr --localstatedir=/var/cache/iphone-gcc --enable-languages=c,c++,objc,obj-c++ --enable-wchar_t=no --with-gxx-include-dir=/usr/include/c++/4.0.0
Thread model: posix
gcc version 4.2.1 (Based on Apple Inc. build 5555)
configure:2572: $? = 0
configure:2579: /usr/bin/gcc -V >&5
gcc: '-V' option must have argument
configure:2582: $? = 1
configure:2605: checking for C compiler default output file name
configure:2632: /usr/bin/gcc    conftest.c  >&5
configure:2635: $? = 0
configure:2673: result: a.out
configure:2690: checking whether the C compiler works
configure:2700: ./a.out
configure:2703: $? = 0
configure:2720: result: yes
configure:2727: checking whether we are cross compiling
configure:2729: result: no
configure:2732: checking for suffix of executables
configure:2739: /usr/bin/gcc -o conftest    conftest.c  >&5
configure:2742: $? = 0
configure:2766: result: 
configure:2772: checking for suffix of object files
configure:2798: /usr/bin/gcc -c   conftest.c >&5
configure:2801: $? = 0
configure:2824: result: o
configure:2828: checking whether we are using the GNU C compiler
configure:2857: /usr/bin/gcc -c   conftest.c >&5
configure:2863: $? = 0
configure:2880: result: yes
configure:2885: checking whether /usr/bin/gcc accepts -g
configure:2915: /usr/bin/gcc -c -g  conftest.c >&5
configure:2921: $? = 0
configure:3020: result: yes
configure:3037: checking for /usr/bin/gcc option to accept ISO C89
configure:3111: /usr/bin/gcc  -c -g -O2  conftest.c >&5
configure:3117: $? = 0
configure:3140: result: none needed
configure:3169: checking for style of include used by make
configure:3197: result: GNU
configure:3222: checking dependency style of /usr/bin/gcc
configure:3313: result: gcc3
configure:3341: checking for a BSD-compatible install
configure:3397: result: /usr/bin/install -c
configure:3459: checking for pkg-config
configure:3477: found /usr/bin/pkg-config
configure:3489: result: /usr/bin/pkg-config
configure:3518: checking pkg-config is at least version 0.9.0
configure:3521: result: yes
configure:3532: checking for XVINFO
configure:3537: $PKG_CONFIG --exists --print-errors "xv x11"
configure:3540: $? = 0
configure:3551: $PKG_CONFIG --exists --print-errors "xv x11"
configure:3554: $? = 0
configure:3609: result: yes
configure:3622: checking build system type
configure:3640: result: arm-apple-darwin10.4.0
configure:3662: checking host system type
configure:3677: result: arm-apple-darwin10.4.0
configure:3933: creating ./config.status

## ---------------------- ##
## Running config.status. ##
## ---------------------- ##

This file was extended by xvinfo config.status 1.0.2, which was
generated by GNU Autoconf 2.61.  Invocation command line was

  CONFIG_FILES    = 
  CONFIG_HEADERS  = 
  CONFIG_LINKS    = 
  CONFIG_COMMANDS = 
  $ ./config.status 

on Chriss-iPad

config.status:661: creating Makefile
config.status:661: creating config.h
config.status:926: executing depfiles commands

## ---------------- ##
## Cache variables. ##
## ---------------- ##

ac_cv_build=arm-apple-darwin10.4.0
ac_cv_c_compiler_gnu=yes
ac_cv_env_CC_set=set
ac_cv_env_CC_value=/usr/bin/gcc
ac_cv_env_CFLAGS_set=
ac_cv_env_CFLAGS_value=
ac_cv_env_CPPFLAGS_set=
ac_cv_env_CPPFLAGS_value=
ac_cv_env_LDFLAGS_set=
ac_cv_env_LDFLAGS_value=
ac_cv_env_LIBS_set=
ac_cv_env_LIBS_value=
ac_cv_env_PKG_CONFIG_set=
ac_cv_env_PKG_CONFIG_value=
ac_cv_env_XVINFO_CFLAGS_set=
ac_cv_env_XVINFO_CFLAGS_value=
ac_cv_env_XVINFO_LIBS_set=
ac_cv_env_XVINFO_LIBS_value=
ac_cv_env_build_alias_set=
ac_cv_env_build_alias_value=
ac_cv_env_host_alias_set=
ac_cv_env_host_alias_value=
ac_cv_env_target_alias_set=
ac_cv_env_target_alias_value=
ac_cv_host=arm-apple-darwin10.4.0
ac_cv_objext=o
ac_cv_path_ac_pt_PKG_CONFIG=/usr/bin/pkg-config
ac_cv_path_install='/usr/bin/install -c'
ac_cv_path_mkdir=/bin/mkdir
ac_cv_prog_AWK=gawk
ac_cv_prog_ac_ct_CC=/usr/bin/gcc
ac_cv_prog_cc_c89=
ac_cv_prog_cc_g=yes
ac_cv_prog_make_make_set=yes
am_cv_CC_dependencies_compiler_type=gcc3
pkg_cv_XVINFO_CFLAGS=' '
pkg_cv_XVINFO_LIBS='-L/usr/local/lib -lXv -lX11  '

## ----------------- ##
## Output variables. ##
## ----------------- ##

ACLOCAL='${SHELL} /home/chris/xorg/xvinfo-1.0.2/missing --run aclocal-1.10'
ADMIN_MAN_DIR='$(mandir)/man$(ADMIN_MAN_SUFFIX)'
ADMIN_MAN_SUFFIX='8'
AMDEPBACKSLASH='\'
AMDEP_FALSE='#'
AMDEP_TRUE=''
AMTAR='${SHELL} /home/chris/xorg/xvinfo-1.0.2/missing --run tar'
APP_MAN_DIR='$(mandir)/man$(APP_MAN_SUFFIX)'
APP_MAN_SUFFIX='1'
AUTOCONF='${SHELL} /home/chris/xorg/xvinfo-1.0.2/missing --run autoconf'
AUTOHEADER='${SHELL} /home/chris/xorg/xvinfo-1.0.2/missing --run autoheader'
AUTOMAKE='${SHELL} /home/chris/xorg/xvinfo-1.0.2/missing --run automake-1.10'
AWK='gawk'
CC='/usr/bin/gcc'
CCDEPMODE='depmode=gcc3'
CFLAGS='-g -O2'
CPPFLAGS=''
CYGPATH_W='echo'
DEFS='-DHAVE_CONFIG_H'
DEPDIR='.deps'
DRIVER_MAN_DIR='$(mandir)/man$(DRIVER_MAN_SUFFIX)'
DRIVER_MAN_SUFFIX='4'
ECHO_C=''
ECHO_N='-n'
ECHO_T=''
EXEEXT=''
FILE_MAN_DIR='$(mandir)/man$(FILE_MAN_SUFFIX)'
FILE_MAN_SUFFIX='5'
INSTALL_DATA='${INSTALL} -m 644'
INSTALL_PROGRAM='${INSTALL}'
INSTALL_SCRIPT='${INSTALL}'
INSTALL_STRIP_PROGRAM='$(install_sh) -c -s'
LDFLAGS=''
LIBOBJS=''
LIBS=''
LIB_MAN_DIR='$(mandir)/man$(LIB_MAN_SUFFIX)'
LIB_MAN_SUFFIX='3'
LTLIBOBJS=''
MAINT='#'
MAINTAINER_MODE_FALSE=''
MAINTAINER_MODE_TRUE='#'
MAKEINFO='${SHELL} /home/chris/xorg/xvinfo-1.0.2/missing --run makeinfo'
MISC_MAN_DIR='$(mandir)/man$(MISC_MAN_SUFFIX)'
MISC_MAN_SUFFIX='7'
OBJEXT='o'
PACKAGE='xvinfo'
PACKAGE_BUGREPORT='https://bugs.freedesktop.org/enter_bug.cgi?product=xorg'
PACKAGE_NAME='xvinfo'
PACKAGE_STRING='xvinfo 1.0.2'
PACKAGE_TARNAME='xvinfo'
PACKAGE_VERSION='1.0.2'
PATH_SEPARATOR=':'
PKG_CONFIG='/usr/bin/pkg-config'
SET_MAKE=''
SHELL='/bin/sh'
STRIP=''
VERSION='1.0.2'
XVINFO_CFLAGS=' '
XVINFO_LIBS='-L/usr/local/lib -lXv -lX11  '
ac_ct_CC='/usr/bin/gcc'
am__fastdepCC_FALSE='#'
am__fastdepCC_TRUE=''
am__include='include'
am__isrc=''
am__leading_dot='.'
am__quote=''
am__tar='${AMTAR} chof - "$$tardir"'
am__untar='${AMTAR} xf -'
bindir='${exec_prefix}/bin'
build='arm-apple-darwin10.4.0'
build_alias=''
build_cpu='arm'
build_os='darwin10.4.0'
build_vendor='apple'
datadir='${datarootdir}'
datarootdir='${prefix}/share'
docdir='${datarootdir}/doc/${PACKAGE_TARNAME}'
dvidir='${docdir}'
exec_prefix='${prefix}'
host='arm-apple-darwin10.4.0'
host_alias=''
host_cpu='arm'
host_os='darwin10.4.0'
host_vendor='apple'
htmldir='${docdir}'
includedir='${prefix}/include'
infodir='${datarootdir}/info'
install_sh='$(SHELL) /home/chris/xorg/xvinfo-1.0.2/install-sh'
libdir='${exec_prefix}/lib'
libexecdir='${exec_prefix}/libexec'
localedir='${datarootdir}/locale'
localstatedir='${prefix}/var'
mandir='${datarootdir}/man'
mkdir_p='/bin/mkdir -p'
oldincludedir='/usr/include'
pdfdir='${docdir}'
prefix='/usr/local'
program_transform_name='s,x,x,'
psdir='${docdir}'
sbindir='${exec_prefix}/sbin'
sharedstatedir='${prefix}/com'
sysconfdir='${prefix}/etc'
target_alias=''

## ----------- ##
## confdefs.h. ##
## ----------- ##

#define PACKAGE_NAME "xvinfo"
#define PACKAGE_TARNAME "xvinfo"
#define PACKAGE_VERSION "1.0.2"
#define PACKAGE_STRING "xvinfo 1.0.2"
#define PACKAGE_BUGREPORT "https://bugs.freedesktop.org/enter_bug.cgi?product=xorg"
#define PACKAGE "xvinfo"
#define VERSION "1.0.2"
#define PACKAGE_VERSION_MAJOR 1
#define PACKAGE_VERSION_MINOR 0
#define PACKAGE_VERSION_PATCHLEVEL 2

configure: exit 0
