This file contains any messages produced by compilers while
running configure, to aid debugging if configure makes a mistake.

It was created by xprop configure 1.0.4, which was
generated by GNU Autoconf 2.61.  Invocation command line was

  $ ./configure 

## --------- ##
## Platform. ##
## --------- ##

hostname = Chriss-iPad
uname -m = iPad1,1
uname -r = 10.4.0
uname -s = Darwin
uname -v = Darwin Kernel Version 10.4.0: Wed Oct 20 20:14:45 PDT 2010; root:xnu-1504.58.28~3/RELEASE_ARM_S5L8930X

/usr/bin/uname -p = unknown
/bin/uname -X     = unknown

/bin/arch              = unknown
/usr/bin/arch -k       = unknown
/usr/convex/getsysinfo = unknown
/usr/bin/hostinfo      = Mach kernel version:
	 Darwin Kernel Version 10.4.0: Wed Oct 20 20:14:45 PDT 2010; root:xnu-1504.58.28~3/RELEASE_ARM_S5L8930X
Kernel configured for a single processor only.
1 processor is physically available.
1 processor is logically available.
Processor type: armv7 (arm v7)
Processor active: 0
Primary memory available: 247.00 megabytes
Default processor set: 35 tasks, 259 threads, 1 processors
Load average: 1.70, Mach factor: 0.32
/bin/machine           = unknown
/usr/bin/oslevel       = unknown
/bin/universe          = unknown

PATH: /usr/local/sbin
PATH: /usr/local/bin
PATH: /usr/sbin
PATH: /usr/bin
PATH: /sbin
PATH: /bin
PATH: /usr/bin/X11
PATH: /usr/games
PATH: /var/mobile/ocaml-3.12.0/bin


## ----------- ##
## Core tests. ##
## ----------- ##

configure:1823: checking for a BSD-compatible install
configure:1879: result: /usr/bin/install -c
configure:1890: checking whether build environment is sane
configure:1933: result: yes
configure:1961: checking for a thread-safe mkdir -p
configure:2000: result: /bin/mkdir -p
configure:2013: checking for gawk
configure:2029: found /usr/bin/gawk
configure:2040: result: gawk
configure:2051: checking whether make sets $(MAKE)
configure:2072: result: yes
configure:2260: checking whether to enable maintainer-specific portions of Makefiles
configure:2269: result: no
configure:2292: checking if xorg-macros used to generate configure is at least 1.1
configure:2307: result: yes, 1.1.6
configure:2359: checking for gcc
configure:2386: result: /usr/bin/gcc
configure:2624: checking for C compiler version
configure:2631: /usr/bin/gcc --version >&5
gcc (GCC) 4.2.1 (Based on Apple Inc. build 5555)
Copyright (C) 2007 Free Software Foundation, Inc.
This is free software; see the source for copying conditions.  There is NO
warranty; not even for MERCHANTABILITY or FITNESS FOR A PARTICULAR PURPOSE.

configure:2634: $? = 0
configure:2641: /usr/bin/gcc -v >&5
Using built-in specs.
Target: arm-apple-darwin9
Configured with: ../llvm-gcc-4.2/configure --build=x86_64-unknown-linux-gnu --host=arm-apple-darwin9 --enable-static=no --enable-shared=yes --prefix=/usr --localstatedir=/var/cache/iphone-gcc --enable-languages=c,c++,objc,obj-c++ --enable-wchar_t=no --with-gxx-include-dir=/usr/include/c++/4.0.0
Thread model: posix
gcc version 4.2.1 (Based on Apple Inc. build 5555)
configure:2644: $? = 0
configure:2651: /usr/bin/gcc -V >&5
gcc: '-V' option must have argument
configure:2654: $? = 1
configure:2677: checking for C compiler default output file name
configure:2704: /usr/bin/gcc    conftest.c  >&5
configure:2707: $? = 0
configure:2745: result: a.out
configure:2762: checking whether the C compiler works
configure:2772: ./a.out
configure:2775: $? = 0
configure:2792: result: yes
configure:2799: checking whether we are cross compiling
configure:2801: result: no
configure:2804: checking for suffix of executables
configure:2811: /usr/bin/gcc -o conftest    conftest.c  >&5
configure:2814: $? = 0
configure:2838: result: 
configure:2844: checking for suffix of object files
configure:2870: /usr/bin/gcc -c   conftest.c >&5
configure:2873: $? = 0
configure:2896: result: o
configure:2900: checking whether we are using the GNU C compiler
configure:2929: /usr/bin/gcc -c   conftest.c >&5
configure:2935: $? = 0
configure:2952: result: yes
configure:2957: checking whether /usr/bin/gcc accepts -g
configure:2987: /usr/bin/gcc -c -g  conftest.c >&5
configure:2993: $? = 0
configure:3092: result: yes
configure:3109: checking for /usr/bin/gcc option to accept ISO C89
configure:3183: /usr/bin/gcc  -c -g -O2  conftest.c >&5
configure:3189: $? = 0
configure:3212: result: none needed
configure:3241: checking for style of include used by make
configure:3269: result: GNU
configure:3294: checking dependency style of /usr/bin/gcc
configure:3385: result: gcc3
configure:3413: checking for a BSD-compatible install
configure:3469: result: /usr/bin/install -c
configure:3487: checking how to run the C preprocessor
configure:3527: /usr/bin/gcc -E  conftest.c
configure:3533: $? = 0
configure:3564: /usr/bin/gcc -E  conftest.c
conftest.c:10:28: error: ac_nonexistent.h: No such file or directory
configure:3570: $? = 1
configure: failed program was:
| /* confdefs.h.  */
| #define PACKAGE_NAME "xprop"
| #define PACKAGE_TARNAME "xprop"
| #define PACKAGE_VERSION "1.0.4"
| #define PACKAGE_STRING "xprop 1.0.4"
| #define PACKAGE_BUGREPORT "https://bugs.freedesktop.org/enter_bug.cgi?product=xorg"
| #define PACKAGE "xprop"
| #define VERSION "1.0.4"
| /* end confdefs.h.  */
| #include <ac_nonexistent.h>
configure:3603: result: /usr/bin/gcc -E
configure:3632: /usr/bin/gcc -E  conftest.c
configure:3638: $? = 0
configure:3669: /usr/bin/gcc -E  conftest.c
conftest.c:10:28: error: ac_nonexistent.h: No such file or directory
configure:3675: $? = 1
configure: failed program was:
| /* confdefs.h.  */
| #define PACKAGE_NAME "xprop"
| #define PACKAGE_TARNAME "xprop"
| #define PACKAGE_VERSION "1.0.4"
| #define PACKAGE_STRING "xprop 1.0.4"
| #define PACKAGE_BUGREPORT "https://bugs.freedesktop.org/enter_bug.cgi?product=xorg"
| #define PACKAGE "xprop"
| #define VERSION "1.0.4"
| /* end confdefs.h.  */
| #include <ac_nonexistent.h>
configure:3713: checking for grep that handles long lines and -e
configure:3787: result: /bin/grep
configure:3792: checking for egrep
configure:3870: result: /bin/grep -E
configure:3875: checking for ANSI C header files
configure:3905: /usr/bin/gcc -c -g -O2  conftest.c >&5
configure:3911: $? = 0
configure:4010: /usr/bin/gcc -o conftest -g -O2   conftest.c  >&5
configure:4013: $? = 0
configure:4019: ./conftest
configure:4022: $? = 0
configure:4039: result: yes
configure:4063: checking for sys/types.h
configure:4084: /usr/bin/gcc -c -g -O2  conftest.c >&5
configure:4090: $? = 0
configure:4106: result: yes
configure:4063: checking for sys/stat.h
configure:4084: /usr/bin/gcc -c -g -O2  conftest.c >&5
configure:4090: $? = 0
configure:4106: result: yes
configure:4063: checking for stdlib.h
configure:4084: /usr/bin/gcc -c -g -O2  conftest.c >&5
configure:4090: $? = 0
configure:4106: result: yes
configure:4063: checking for string.h
configure:4084: /usr/bin/gcc -c -g -O2  conftest.c >&5
configure:4090: $? = 0
configure:4106: result: yes
configure:4063: checking for memory.h
configure:4084: /usr/bin/gcc -c -g -O2  conftest.c >&5
configure:4090: $? = 0
configure:4106: result: yes
configure:4063: checking for strings.h
configure:4084: /usr/bin/gcc -c -g -O2  conftest.c >&5
configure:4090: $? = 0
configure:4106: result: yes
configure:4063: checking for inttypes.h
configure:4084: /usr/bin/gcc -c -g -O2  conftest.c >&5
configure:4090: $? = 0
configure:4106: result: yes
configure:4063: checking for stdint.h
configure:4084: /usr/bin/gcc -c -g -O2  conftest.c >&5
configure:4090: $? = 0
configure:4106: result: yes
configure:4063: checking for unistd.h
configure:4084: /usr/bin/gcc -c -g -O2  conftest.c >&5
configure:4090: $? = 0
configure:4106: result: yes
configure:4134: checking wchar.h usability
configure:4151: /usr/bin/gcc -c -g -O2  conftest.c >&5
configure:4157: $? = 0
configure:4171: result: yes
configure:4175: checking wchar.h presence
configure:4190: /usr/bin/gcc -E  conftest.c
configure:4196: $? = 0
configure:4210: result: yes
configure:4243: checking for wchar.h
configure:4251: result: yes
configure:4134: checking wctype.h usability
configure:4151: /usr/bin/gcc -c -g -O2  conftest.c >&5
configure:4157: $? = 0
configure:4171: result: yes
configure:4175: checking wctype.h presence
configure:4190: /usr/bin/gcc -E  conftest.c
configure:4196: $? = 0
configure:4210: result: yes
configure:4243: checking for wctype.h
configure:4251: result: yes
configure:4315: checking for pkg-config
configure:4333: found /usr/bin/pkg-config
configure:4345: result: /usr/bin/pkg-config
configure:4374: checking pkg-config is at least version 0.9.0
configure:4377: result: yes
configure:4388: checking for XPROP
configure:4395: $PKG_CONFIG --exists --print-errors "x11"
configure:4398: $? = 0
configure:4411: $PKG_CONFIG --exists --print-errors "x11"
configure:4414: $? = 0
configure:4489: result: yes
configure:4542: checking build system type
configure:4560: result: arm-apple-darwin10.4.0
configure:4582: checking host system type
configure:4597: result: arm-apple-darwin10.4.0
configure:4860: creating ./config.status

## ---------------------- ##
## Running config.status. ##
## ---------------------- ##

This file was extended by xprop config.status 1.0.4, which was
generated by GNU Autoconf 2.61.  Invocation command line was

  CONFIG_FILES    = 
  CONFIG_HEADERS  = 
  CONFIG_LINKS    = 
  CONFIG_COMMANDS = 
  $ ./config.status 

on Chriss-iPad

config.status:668: creating Makefile
config.status:668: creating config.h
config.status:946: executing depfiles commands

## ---------------- ##
## Cache variables. ##
## ---------------- ##

ac_cv_build=arm-apple-darwin10.4.0
ac_cv_c_compiler_gnu=yes
ac_cv_env_CC_set=set
ac_cv_env_CC_value=/usr/bin/gcc
ac_cv_env_CFLAGS_set=
ac_cv_env_CFLAGS_value=
ac_cv_env_CPPFLAGS_set=
ac_cv_env_CPPFLAGS_value=
ac_cv_env_CPP_set=
ac_cv_env_CPP_value=
ac_cv_env_LDFLAGS_set=
ac_cv_env_LDFLAGS_value=
ac_cv_env_LIBS_set=
ac_cv_env_LIBS_value=
ac_cv_env_PKG_CONFIG_set=
ac_cv_env_PKG_CONFIG_value=
ac_cv_env_XPROP_CFLAGS_set=
ac_cv_env_XPROP_CFLAGS_value=
ac_cv_env_XPROP_LIBS_set=
ac_cv_env_XPROP_LIBS_value=
ac_cv_env_build_alias_set=
ac_cv_env_build_alias_value=
ac_cv_env_host_alias_set=
ac_cv_env_host_alias_value=
ac_cv_env_target_alias_set=
ac_cv_env_target_alias_value=
ac_cv_header_inttypes_h=yes
ac_cv_header_memory_h=yes
ac_cv_header_stdc=yes
ac_cv_header_stdint_h=yes
ac_cv_header_stdlib_h=yes
ac_cv_header_string_h=yes
ac_cv_header_strings_h=yes
ac_cv_header_sys_stat_h=yes
ac_cv_header_sys_types_h=yes
ac_cv_header_unistd_h=yes
ac_cv_header_wchar_h=yes
ac_cv_header_wctype_h=yes
ac_cv_host=arm-apple-darwin10.4.0
ac_cv_objext=o
ac_cv_path_EGREP='/bin/grep -E'
ac_cv_path_GREP=/bin/grep
ac_cv_path_ac_pt_PKG_CONFIG=/usr/bin/pkg-config
ac_cv_path_install='/usr/bin/install -c'
ac_cv_path_mkdir=/bin/mkdir
ac_cv_prog_AWK=gawk
ac_cv_prog_CPP='/usr/bin/gcc -E'
ac_cv_prog_ac_ct_CC=/usr/bin/gcc
ac_cv_prog_cc_c89=
ac_cv_prog_cc_g=yes
ac_cv_prog_make_make_set=yes
am_cv_CC_dependencies_compiler_type=gcc3
pkg_cv_XPROP_CFLAGS=' '
pkg_cv_XPROP_LIBS='-L/usr/local/lib -lX11  '

## ----------------- ##
## Output variables. ##
## ----------------- ##

ACLOCAL='${SHELL} /home/chris/xorg/xprop-1.0.4/missing --run aclocal-1.10'
ADMIN_MAN_DIR='$(mandir)/man$(ADMIN_MAN_SUFFIX)'
ADMIN_MAN_SUFFIX='8'
AMDEPBACKSLASH='\'
AMDEP_FALSE='#'
AMDEP_TRUE=''
AMTAR='${SHELL} /home/chris/xorg/xprop-1.0.4/missing --run tar'
APP_MAN_DIR='$(mandir)/man$(APP_MAN_SUFFIX)'
APP_MAN_SUFFIX='1'
AUTOCONF='${SHELL} /home/chris/xorg/xprop-1.0.4/missing --run autoconf'
AUTOHEADER='${SHELL} /home/chris/xorg/xprop-1.0.4/missing --run autoheader'
AUTOMAKE='${SHELL} /home/chris/xorg/xprop-1.0.4/missing --run automake-1.10'
AWK='gawk'
CC='/usr/bin/gcc'
CCDEPMODE='depmode=gcc3'
CFLAGS='-g -O2'
CPP='/usr/bin/gcc -E'
CPPFLAGS=''
CYGPATH_W='echo'
DEFS='-DHAVE_CONFIG_H'
DEPDIR='.deps'
DRIVER_MAN_DIR='$(mandir)/man$(DRIVER_MAN_SUFFIX)'
DRIVER_MAN_SUFFIX='4'
ECHO_C=''
ECHO_N='-n'
ECHO_T=''
EGREP='/bin/grep -E'
EXEEXT=''
FILE_MAN_DIR='$(mandir)/man$(FILE_MAN_SUFFIX)'
FILE_MAN_SUFFIX='5'
GREP='/bin/grep'
INSTALL_DATA='${INSTALL} -m 644'
INSTALL_PROGRAM='${INSTALL}'
INSTALL_SCRIPT='${INSTALL}'
INSTALL_STRIP_PROGRAM='$(install_sh) -c -s'
LDFLAGS=''
LIBOBJS=''
LIBS=''
LIB_MAN_DIR='$(mandir)/man$(LIB_MAN_SUFFIX)'
LIB_MAN_SUFFIX='3'
LINT='no'
LINT_FALSE=''
LINT_FLAGS=''
LINT_TRUE='#'
LTLIBOBJS=''
MAINT='#'
MAINTAINER_MODE_FALSE=''
MAINTAINER_MODE_TRUE='#'
MAKEINFO='${SHELL} /home/chris/xorg/xprop-1.0.4/missing --run makeinfo'
MISC_MAN_DIR='$(mandir)/man$(MISC_MAN_SUFFIX)'
MISC_MAN_SUFFIX='7'
OBJEXT='o'
PACKAGE='xprop'
PACKAGE_BUGREPORT='https://bugs.freedesktop.org/enter_bug.cgi?product=xorg'
PACKAGE_NAME='xprop'
PACKAGE_STRING='xprop 1.0.4'
PACKAGE_TARNAME='xprop'
PACKAGE_VERSION='1.0.4'
PATH_SEPARATOR=':'
PKG_CONFIG='/usr/bin/pkg-config'
SET_MAKE=''
SHELL='/bin/sh'
STRIP=''
VERSION='1.0.4'
XPROP_CFLAGS=' '
XPROP_LIBS='-L/usr/local/lib -lX11  '
ac_ct_CC='/usr/bin/gcc'
am__fastdepCC_FALSE='#'
am__fastdepCC_TRUE=''
am__include='include'
am__isrc=''
am__leading_dot='.'
am__quote=''
am__tar='${AMTAR} chof - "$$tardir"'
am__untar='${AMTAR} xf -'
bindir='${exec_prefix}/bin'
build='arm-apple-darwin10.4.0'
build_alias=''
build_cpu='arm'
build_os='darwin10.4.0'
build_vendor='apple'
datadir='${datarootdir}'
datarootdir='${prefix}/share'
docdir='${datarootdir}/doc/${PACKAGE_TARNAME}'
dvidir='${docdir}'
exec_prefix='${prefix}'
host='arm-apple-darwin10.4.0'
host_alias=''
host_cpu='arm'
host_os='darwin10.4.0'
host_vendor='apple'
htmldir='${docdir}'
includedir='${prefix}/include'
infodir='${datarootdir}/info'
install_sh='$(SHELL) /home/chris/xorg/xprop-1.0.4/install-sh'
libdir='${exec_prefix}/lib'
libexecdir='${exec_prefix}/libexec'
localedir='${datarootdir}/locale'
localstatedir='${prefix}/var'
mandir='${datarootdir}/man'
mkdir_p='/bin/mkdir -p'
oldincludedir='/usr/include'
pdfdir='${docdir}'
prefix='/usr/local'
program_transform_name='s,x,x,'
psdir='${docdir}'
sbindir='${exec_prefix}/sbin'
sharedstatedir='${prefix}/com'
sysconfdir='${prefix}/etc'
target_alias=''

## ----------- ##
## confdefs.h. ##
## ----------- ##

#define PACKAGE_NAME "xprop"
#define PACKAGE_TARNAME "xprop"
#define PACKAGE_VERSION "1.0.4"
#define PACKAGE_STRING "xprop 1.0.4"
#define PACKAGE_BUGREPORT "https://bugs.freedesktop.org/enter_bug.cgi?product=xorg"
#define PACKAGE "xprop"
#define VERSION "1.0.4"
#define STDC_HEADERS 1
#define HAVE_SYS_TYPES_H 1
#define HAVE_SYS_STAT_H 1
#define HAVE_STDLIB_H 1
#define HAVE_STRING_H 1
#define HAVE_MEMORY_H 1
#define HAVE_STRINGS_H 1
#define HAVE_INTTYPES_H 1
#define HAVE_STDINT_H 1
#define HAVE_UNISTD_H 1
#define HAVE_WCHAR_H 1
#define HAVE_WCTYPE_H 1
#define PACKAGE_VERSION_MAJOR 1
#define PACKAGE_VERSION_MINOR 0
#define PACKAGE_VERSION_PATCHLEVEL 4

configure: exit 0
