This file contains any messages produced by compilers while
running configure, to aid debugging if configure makes a mistake.

It was created by util-macros configure 1.6.0, which was
generated by GNU Autoconf 2.63.  Invocation command line was

  $ ./configure 

## --------- ##
## Platform. ##
## --------- ##

hostname = Chriss-iPad
uname -m = iPad1,1
uname -r = 10.4.0
uname -s = Darwin
uname -v = Darwin Kernel Version 10.4.0: Wed Oct 20 20:14:45 PDT 2010; root:xnu-1504.58.28~3/RELEASE_ARM_S5L8930X

/usr/bin/uname -p = unknown
/bin/uname -X     = unknown

/bin/arch              = unknown
/usr/bin/arch -k       = unknown
/usr/convex/getsysinfo = unknown
/usr/bin/hostinfo      = Mach kernel version:
	 Darwin Kernel Version 10.4.0: Wed Oct 20 20:14:45 PDT 2010; root:xnu-1504.58.28~3/RELEASE_ARM_S5L8930X
Kernel configured for a single processor only.
1 processor is physically available.
1 processor is logically available.
Processor type: armv7 (arm v7)
Processor active: 0
Primary memory available: 247.00 megabytes
Default processor set: 37 tasks, 237 threads, 1 processors
Load average: 2.21, Mach factor: 0.40
/bin/machine           = unknown
/usr/bin/oslevel       = unknown
/bin/universe          = unknown

PATH: /usr/local/sbin
PATH: /usr/local/bin
PATH: /usr/sbin
PATH: /usr/bin
PATH: /sbin
PATH: /bin
PATH: /usr/bin/X11
PATH: /usr/games
PATH: /var/mobile/ocaml-3.12.0/bin


## ----------- ##
## Core tests. ##
## ----------- ##

configure:1807: checking for a BSD-compatible install
configure:1875: result: /usr/bin/install -c
configure:1886: checking whether build environment is sane
configure:1929: result: yes
configure:1954: checking for a thread-safe mkdir -p
configure:1993: result: /bin/mkdir -p
configure:2006: checking for gawk
configure:2022: found /usr/bin/gawk
configure:2033: result: gawk
configure:2044: checking whether make sets $(MAKE)
configure:2066: result: yes
configure:2250: checking whether to enable maintainer-specific portions of Makefiles
configure:2259: result: no
configure:2288: checking for a BSD-compatible install
configure:2356: result: /usr/bin/install -c
configure:2585: creating ./config.status

## ---------------------- ##
## Running config.status. ##
## ---------------------- ##

This file was extended by util-macros config.status 1.6.0, which was
generated by GNU Autoconf 2.63.  Invocation command line was

  CONFIG_FILES    = 
  CONFIG_HEADERS  = 
  CONFIG_LINKS    = 
  CONFIG_COMMANDS = 
  $ ./config.status 

on Chriss-iPad

config.status:668: creating xorg-macros.pc
config.status:668: creating Makefile
config.status:668: creating xorg-macros.m4

## ---------------- ##
## Cache variables. ##
## ---------------- ##

ac_cv_env_build_alias_set=
ac_cv_env_build_alias_value=
ac_cv_env_host_alias_set=
ac_cv_env_host_alias_value=
ac_cv_env_target_alias_set=
ac_cv_env_target_alias_value=
ac_cv_path_install='/usr/bin/install -c'
ac_cv_path_mkdir=/bin/mkdir
ac_cv_prog_AWK=gawk
ac_cv_prog_make_make_set=yes

## ----------------- ##
## Output variables. ##
## ----------------- ##

ACLOCAL='${SHELL} /home/chris/util-macros-1.6.0/missing --run aclocal-1.10'
AMTAR='${SHELL} /home/chris/util-macros-1.6.0/missing --run tar'
AUTOCONF='${SHELL} /home/chris/util-macros-1.6.0/missing --run autoconf'
AUTOHEADER='${SHELL} /home/chris/util-macros-1.6.0/missing --run autoheader'
AUTOMAKE='${SHELL} /home/chris/util-macros-1.6.0/missing --run automake-1.10'
AWK='gawk'
CHANGELOG_CMD='(GIT_DIR=$(top_srcdir)/.git git log > $(top_srcdir)/.changelog.tmp && mv $(top_srcdir)/.changelog.tmp $(top_srcdir)/ChangeLog) || (rm -f $(top_srcdir)/.changelog.tmp; touch $(top_srcdir)/ChangeLog; echo '\''git directory not found: installing possibly empty changelog.'\'' >&2)'
CYGPATH_W='echo'
DEFS='-DPACKAGE_NAME=\"util-macros\" -DPACKAGE_TARNAME=\"util-macros\" -DPACKAGE_VERSION=\"1.6.0\" -DPACKAGE_STRING=\"util-macros\ 1.6.0\" -DPACKAGE_BUGREPORT=\"https://bugs.freedesktop.org/enter_bug.cgi\?product=xorg\" -DPACKAGE=\"util-macros\" -DVERSION=\"1.6.0\" -DPACKAGE_VERSION_MAJOR=1 -DPACKAGE_VERSION_MINOR=6 -DPACKAGE_VERSION_PATCHLEVEL=0'
ECHO_C=''
ECHO_N='-n'
ECHO_T=''
INSTALL_DATA='${INSTALL} -m 644'
INSTALL_PROGRAM='${INSTALL}'
INSTALL_SCRIPT='${INSTALL}'
INSTALL_STRIP_PROGRAM='$(install_sh) -c -s'
LIBOBJS=''
LIBS=''
LTLIBOBJS=''
MAINT='#'
MAINTAINER_MODE_FALSE=''
MAINTAINER_MODE_TRUE='#'
MAKEINFO='${SHELL} /home/chris/util-macros-1.6.0/missing --run makeinfo'
MKDIR_P='/bin/mkdir -p'
PACKAGE='util-macros'
PACKAGE_BUGREPORT='https://bugs.freedesktop.org/enter_bug.cgi?product=xorg'
PACKAGE_NAME='util-macros'
PACKAGE_STRING='util-macros 1.6.0'
PACKAGE_TARNAME='util-macros'
PACKAGE_VERSION='1.6.0'
PATH_SEPARATOR=':'
SET_MAKE=''
SHELL='/bin/sh'
STRIP=''
VERSION='1.6.0'
am__isrc=''
am__leading_dot='.'
am__tar='${AMTAR} chof - "$$tardir"'
am__untar='${AMTAR} xf -'
bindir='${exec_prefix}/bin'
build_alias=''
datadir='${datarootdir}'
datarootdir='${prefix}/share'
docdir='${datarootdir}/doc/${PACKAGE_TARNAME}'
dvidir='${docdir}'
exec_prefix='${prefix}'
host_alias=''
htmldir='${docdir}'
includedir='${prefix}/include'
infodir='${datarootdir}/info'
install_sh='$(SHELL) /home/chris/util-macros-1.6.0/install-sh'
libdir='${exec_prefix}/lib'
libexecdir='${exec_prefix}/libexec'
localedir='${datarootdir}/locale'
localstatedir='${prefix}/var'
mandir='${datarootdir}/man'
mkdir_p='/bin/mkdir -p'
oldincludedir='/usr/include'
pdfdir='${docdir}'
prefix='/usr/local'
program_transform_name='s,x,x,'
psdir='${docdir}'
sbindir='${exec_prefix}/sbin'
sharedstatedir='${prefix}/com'
sysconfdir='${prefix}/etc'
target_alias=''

## ----------- ##
## confdefs.h. ##
## ----------- ##

#define PACKAGE_NAME "util-macros"
#define PACKAGE_TARNAME "util-macros"
#define PACKAGE_VERSION "1.6.0"
#define PACKAGE_STRING "util-macros 1.6.0"
#define PACKAGE_BUGREPORT "https://bugs.freedesktop.org/enter_bug.cgi?product=xorg"
#define PACKAGE "util-macros"
#define VERSION "1.6.0"
#define PACKAGE_VERSION_MAJOR 1
#define PACKAGE_VERSION_MINOR 6
#define PACKAGE_VERSION_PATCHLEVEL 0

configure: exit 0
