This file contains any messages produced by compilers while
running configure, to aid debugging if configure makes a mistake.

It was created by imlib2 configure 1.4.4, which was
generated by GNU Autoconf 2.63.  Invocation command line was

  $ ./configure 

## --------- ##
## Platform. ##
## --------- ##

hostname = Chriss-iPad
uname -m = iPad1,1
uname -r = 10.4.0
uname -s = Darwin
uname -v = Darwin Kernel Version 10.4.0: Wed Oct 20 20:14:45 PDT 2010; root:xnu-1504.58.28~3/RELEASE_ARM_S5L8930X

/usr/bin/uname -p = unknown
/bin/uname -X     = unknown

/bin/arch              = unknown
/usr/bin/arch -k       = unknown
/usr/convex/getsysinfo = unknown
/usr/bin/hostinfo      = Mach kernel version:
	 Darwin Kernel Version 10.4.0: Wed Oct 20 20:14:45 PDT 2010; root:xnu-1504.58.28~3/RELEASE_ARM_S5L8930X
Kernel configured for a single processor only.
1 processor is physically available.
1 processor is logically available.
Processor type: armv7 (arm v7)
Processor active: 0
Primary memory available: 247.00 megabytes
Default processor set: 32 tasks, 237 threads, 1 processors
Load average: 1.35, Mach factor: 0.55
/bin/machine           = unknown
/usr/bin/oslevel       = unknown
/bin/universe          = unknown

PATH: /usr/local/sbin
PATH: /usr/local/bin
PATH: /usr/sbin
PATH: /usr/bin
PATH: /sbin
PATH: /bin
PATH: /usr/bin/X11
PATH: /usr/games
PATH: /var/mobile/ocaml-3.12.0/bin


## ----------- ##
## Core tests. ##
## ----------- ##

configure:2150: checking build system type
configure:2168: result: arm-apple-darwin10.4.0
configure:2190: checking host system type
configure:2205: result: arm-apple-darwin10.4.0
configure:2275: checking for gcc
configure:2302: result: /usr/bin/gcc
configure:2534: checking for C compiler version
configure:2542: /usr/bin/gcc --version >&5
gcc (GCC) 4.2.1 (Based on Apple Inc. build 5555)
Copyright (C) 2007 Free Software Foundation, Inc.
This is free software; see the source for copying conditions.  There is NO
warranty; not even for MERCHANTABILITY or FITNESS FOR A PARTICULAR PURPOSE.

configure:2546: $? = 0
configure:2553: /usr/bin/gcc -v >&5
Using built-in specs.
Target: arm-apple-darwin9
Configured with: ../llvm-gcc-4.2/configure --build=x86_64-unknown-linux-gnu --host=arm-apple-darwin9 --enable-static=no --enable-shared=yes --prefix=/usr --localstatedir=/var/cache/iphone-gcc --enable-languages=c,c++,objc,obj-c++ --enable-wchar_t=no --with-gxx-include-dir=/usr/include/c++/4.0.0
Thread model: posix
gcc version 4.2.1 (Based on Apple Inc. build 5555)
configure:2557: $? = 0
configure:2564: /usr/bin/gcc -V >&5
gcc: '-V' option must have argument
configure:2568: $? = 1
configure:2591: checking for C compiler default output file name
configure:2613: /usr/bin/gcc    conftest.c  >&5
configure:2617: $? = 0
configure:2655: result: a.out
configure:2674: checking whether the C compiler works
configure:2684: ./a.out
configure:2688: $? = 0
configure:2707: result: yes
configure:2714: checking whether we are cross compiling
configure:2716: result: no
configure:2719: checking for suffix of executables
configure:2726: /usr/bin/gcc -o conftest    conftest.c  >&5
configure:2730: $? = 0
configure:2756: result: 
configure:2762: checking for suffix of object files
configure:2788: /usr/bin/gcc -c   conftest.c >&5
configure:2792: $? = 0
configure:2817: result: o
configure:2821: checking whether we are using the GNU C compiler
configure:2850: /usr/bin/gcc -c   conftest.c >&5
configure:2857: $? = 0
configure:2874: result: yes
configure:2883: checking whether /usr/bin/gcc accepts -g
configure:2913: /usr/bin/gcc -c -g  conftest.c >&5
configure:2920: $? = 0
configure:3021: result: yes
configure:3038: checking for /usr/bin/gcc option to accept ISO C89
configure:3112: /usr/bin/gcc  -c -g -O2  conftest.c >&5
configure:3119: $? = 0
configure:3142: result: none needed
configure:3161: checking for library containing strerror
configure:3202: /usr/bin/gcc -o conftest -g -O2   conftest.c  >&5
configure:3209: $? = 0
configure:3240: result: none required
configure:3265: checking for a BSD-compatible install
configure:3333: result: /usr/bin/install -c
configure:3344: checking whether build environment is sane
configure:3404: result: yes
configure:3545: checking for a thread-safe mkdir -p
configure:3584: result: /bin/mkdir -p
configure:3597: checking for gawk
configure:3613: found /usr/bin/gawk
configure:3624: result: gawk
configure:3635: checking whether make sets $(MAKE)
configure:3657: result: yes
configure:3687: checking for style of include used by make
configure:3715: result: GNU
configure:3802: checking dependency style of /usr/bin/gcc
configure:3912: result: gcc3
configure:3948: checking how to run the C preprocessor
configure:3988: /usr/bin/gcc -E  conftest.c
configure:3995: $? = 0
configure:4026: /usr/bin/gcc -E  conftest.c
conftest.c:10:28: error: ac_nonexistent.h: No such file or directory
configure:4033: $? = 1
configure: failed program was:
| /* confdefs.h.  */
| #define PACKAGE_NAME "imlib2"
| #define PACKAGE_TARNAME "imlib2"
| #define PACKAGE_VERSION "1.4.4"
| #define PACKAGE_STRING "imlib2 1.4.4"
| #define PACKAGE_BUGREPORT "enlightenment-devel@lists.sourceforge.net"
| #define PACKAGE "imlib2"
| #define VERSION "1.4.4"
| /* end confdefs.h.  */
| #include <ac_nonexistent.h>
configure:4066: result: /usr/bin/gcc -E
configure:4095: /usr/bin/gcc -E  conftest.c
configure:4102: $? = 0
configure:4133: /usr/bin/gcc -E  conftest.c
conftest.c:10:28: error: ac_nonexistent.h: No such file or directory
configure:4140: $? = 1
configure: failed program was:
| /* confdefs.h.  */
| #define PACKAGE_NAME "imlib2"
| #define PACKAGE_TARNAME "imlib2"
| #define PACKAGE_VERSION "1.4.4"
| #define PACKAGE_STRING "imlib2 1.4.4"
| #define PACKAGE_BUGREPORT "enlightenment-devel@lists.sourceforge.net"
| #define PACKAGE "imlib2"
| #define VERSION "1.4.4"
| /* end confdefs.h.  */
| #include <ac_nonexistent.h>
configure:4180: checking for grep that handles long lines and -e
configure:4240: result: /bin/grep
configure:4245: checking for egrep
configure:4309: result: /bin/grep -E
configure:4314: checking for ANSI C header files
configure:4344: /usr/bin/gcc -c -g -O2  conftest.c >&5
configure:4351: $? = 0
configure:4450: /usr/bin/gcc -o conftest -g -O2   conftest.c  >&5
configure:4454: $? = 0
configure:4460: ./conftest
configure:4464: $? = 0
configure:4482: result: yes
configure:4506: checking for sys/types.h
configure:4527: /usr/bin/gcc -c -g -O2  conftest.c >&5
configure:4534: $? = 0
configure:4551: result: yes
configure:4506: checking for sys/stat.h
configure:4527: /usr/bin/gcc -c -g -O2  conftest.c >&5
configure:4534: $? = 0
configure:4551: result: yes
configure:4506: checking for stdlib.h
configure:4527: /usr/bin/gcc -c -g -O2  conftest.c >&5
configure:4534: $? = 0
configure:4551: result: yes
configure:4506: checking for string.h
configure:4527: /usr/bin/gcc -c -g -O2  conftest.c >&5
configure:4534: $? = 0
configure:4551: result: yes
configure:4506: checking for memory.h
configure:4527: /usr/bin/gcc -c -g -O2  conftest.c >&5
configure:4534: $? = 0
configure:4551: result: yes
configure:4506: checking for strings.h
configure:4527: /usr/bin/gcc -c -g -O2  conftest.c >&5
configure:4534: $? = 0
configure:4551: result: yes
configure:4506: checking for inttypes.h
configure:4527: /usr/bin/gcc -c -g -O2  conftest.c >&5
configure:4534: $? = 0
configure:4551: result: yes
configure:4506: checking for stdint.h
configure:4527: /usr/bin/gcc -c -g -O2  conftest.c >&5
configure:4534: $? = 0
configure:4551: result: yes
configure:4506: checking for unistd.h
configure:4527: /usr/bin/gcc -c -g -O2  conftest.c >&5
configure:4534: $? = 0
configure:4551: result: yes
configure:4566: checking whether byte ordering is bigendian
configure:4591: /usr/bin/gcc -c -g -O2  conftest.c >&5
configure:4598: $? = 0
configure:4648: /usr/bin/gcc -c -g -O2  conftest.c >&5
configure:4655: $? = 0
configure:4687: /usr/bin/gcc -c -g -O2  conftest.c >&5
conftest.c: In function 'main':
conftest.c:27: error: 'not' undeclared (first use in this function)
conftest.c:27: error: (Each undeclared identifier is reported only once
conftest.c:27: error: for each function it appears in.)
conftest.c:27: error: expected ';' before 'big'
configure:4694: $? = 1
configure: failed program was:
| /* confdefs.h.  */
| #define PACKAGE_NAME "imlib2"
| #define PACKAGE_TARNAME "imlib2"
| #define PACKAGE_VERSION "1.4.4"
| #define PACKAGE_STRING "imlib2 1.4.4"
| #define PACKAGE_BUGREPORT "enlightenment-devel@lists.sourceforge.net"
| #define PACKAGE "imlib2"
| #define VERSION "1.4.4"
| #define STDC_HEADERS 1
| #define HAVE_SYS_TYPES_H 1
| #define HAVE_SYS_STAT_H 1
| #define HAVE_STDLIB_H 1
| #define HAVE_STRING_H 1
| #define HAVE_MEMORY_H 1
| #define HAVE_STRINGS_H 1
| #define HAVE_INTTYPES_H 1
| #define HAVE_STDINT_H 1
| #define HAVE_UNISTD_H 1
| /* end confdefs.h.  */
| #include <sys/types.h>
| 		#include <sys/param.h>
| 
| int
| main ()
| {
| #if BYTE_ORDER != BIG_ENDIAN
| 		 not big endian
| 		#endif
| 
|   ;
|   return 0;
| }
configure:4946: result: no
configure:5019: checking for gcc
configure:5046: result: /usr/bin/gcc
configure:5278: checking for C compiler version
configure:5286: /usr/bin/gcc --version >&5
gcc (GCC) 4.2.1 (Based on Apple Inc. build 5555)
Copyright (C) 2007 Free Software Foundation, Inc.
This is free software; see the source for copying conditions.  There is NO
warranty; not even for MERCHANTABILITY or FITNESS FOR A PARTICULAR PURPOSE.

configure:5290: $? = 0
configure:5297: /usr/bin/gcc -v >&5
Using built-in specs.
Target: arm-apple-darwin9
Configured with: ../llvm-gcc-4.2/configure --build=x86_64-unknown-linux-gnu --host=arm-apple-darwin9 --enable-static=no --enable-shared=yes --prefix=/usr --localstatedir=/var/cache/iphone-gcc --enable-languages=c,c++,objc,obj-c++ --enable-wchar_t=no --with-gxx-include-dir=/usr/include/c++/4.0.0
Thread model: posix
gcc version 4.2.1 (Based on Apple Inc. build 5555)
configure:5301: $? = 0
configure:5308: /usr/bin/gcc -V >&5
gcc: '-V' option must have argument
configure:5312: $? = 1
configure:5315: checking whether we are using the GNU C compiler
configure:5368: result: yes
configure:5377: checking whether /usr/bin/gcc accepts -g
configure:5515: result: yes
configure:5532: checking for /usr/bin/gcc option to accept ISO C89
configure:5636: result: none needed
configure:5663: checking dependency style of /usr/bin/gcc
configure:5771: result: gcc3
configure:5844: checking for gcc
configure:5871: result: /usr/bin/gcc
configure:6103: checking for C compiler version
configure:6111: /usr/bin/gcc --version >&5
gcc (GCC) 4.2.1 (Based on Apple Inc. build 5555)
Copyright (C) 2007 Free Software Foundation, Inc.
This is free software; see the source for copying conditions.  There is NO
warranty; not even for MERCHANTABILITY or FITNESS FOR A PARTICULAR PURPOSE.

configure:6115: $? = 0
configure:6122: /usr/bin/gcc -v >&5
Using built-in specs.
Target: arm-apple-darwin9
Configured with: ../llvm-gcc-4.2/configure --build=x86_64-unknown-linux-gnu --host=arm-apple-darwin9 --enable-static=no --enable-shared=yes --prefix=/usr --localstatedir=/var/cache/iphone-gcc --enable-languages=c,c++,objc,obj-c++ --enable-wchar_t=no --with-gxx-include-dir=/usr/include/c++/4.0.0
Thread model: posix
gcc version 4.2.1 (Based on Apple Inc. build 5555)
configure:6126: $? = 0
configure:6133: /usr/bin/gcc -V >&5
gcc: '-V' option must have argument
configure:6137: $? = 1
configure:6140: checking whether we are using the GNU C compiler
configure:6193: result: yes
configure:6202: checking whether /usr/bin/gcc accepts -g
configure:6340: result: yes
configure:6357: checking for /usr/bin/gcc option to accept ISO C89
configure:6461: result: none needed
configure:6482: checking for ANSI C header files
configure:6650: result: yes
configure:6660: checking for an ANSI C-conforming const
configure:6735: /usr/bin/gcc -c -g -O2  conftest.c >&5
configure:6742: $? = 0
configure:6757: result: yes
configure:6793: checking for a sed that does not truncate output
configure:6859: result: /bin/sed
configure:6877: checking for fgrep
configure:6941: result: /bin/grep -F
configure:6976: checking for ld used by /usr/bin/gcc
configure:7043: result: /usr/bin/ld
configure:7052: checking if the linker (/usr/bin/ld) is GNU ld
configure:7067: result: no
configure:7079: checking for BSD- or MS-compatible name lister (nm)
configure:7128: result: /usr/bin/nm -p
configure:7246: checking the name lister (/usr/bin/nm -p) interface
configure:7253: /usr/bin/gcc -c -g -O2  conftest.c >&5
configure:7256: /usr/bin/nm -p "conftest.o"
configure:7259: output
00000000 D _some_variable
configure:7266: result: BSD nm
configure:7269: checking whether ln -s works
configure:7273: result: yes
configure:7281: checking the maximum length of command line arguments
configure:7401: result: 196608
configure:7418: checking whether the shell understands some XSI constructs
configure:7428: result: yes
configure:7432: checking whether the shell understands "+="
configure:7438: result: yes
configure:7473: checking for /usr/bin/ld option to reload object files
configure:7480: result: -r
configure:7549: checking for objdump
configure:7565: found /usr/bin/objdump
configure:7576: result: objdump
configure:7608: checking how to recognize dependent libraries
configure:7804: result: pass_all
configure:7864: checking for ar
configure:7880: found /usr/bin/ar
configure:7891: result: ar
configure:7969: checking for strip
configure:7985: found /usr/bin/strip
configure:7996: result: strip
configure:8068: checking for ranlib
configure:8084: found /usr/bin/ranlib
configure:8095: result: ranlib
configure:8185: checking command to parse /usr/bin/nm -p output from /usr/bin/gcc object
configure:8303: /usr/bin/gcc -c -g -O2  conftest.c >&5
configure:8306: $? = 0
configure:8310: /usr/bin/nm -p conftest.o \| sed -n -e 's/^.*[	 ]\([BCDEGRST][BCDEGRST]*\)[	 ][	 ]*\([_A-Za-z][_A-Za-z0-9]*\)$/\1 \2 \2/p' \> conftest.nm
configure:8313: $? = 0
cannot find nm_test_var in conftest.nm
configure:8303: /usr/bin/gcc -c -g -O2  conftest.c >&5
configure:8306: $? = 0
configure:8310: /usr/bin/nm -p conftest.o \| sed -n -e 's/^.*[	 ]\([BCDEGRST][BCDEGRST]*\)[	 ][	 ]*_\([_A-Za-z][_A-Za-z0-9]*\)$/\1 _\2 \2/p' \> conftest.nm
configure:8313: $? = 0
configure:8367: /usr/bin/gcc -o conftest -g -O2   conftest.c conftstm.o >&5
configure:8370: $? = 0
configure:8408: result: ok
configure:8701: checking for dsymutil
configure:8731: result: no
configure:8793: checking for nmedit
configure:8809: found /usr/bin/nmedit
configure:8820: result: nmedit
configure:8885: checking for lipo
configure:8901: found /usr/bin/lipo
configure:8912: result: lipo
configure:8977: checking for otool
configure:8993: found /usr/bin/otool
configure:9004: result: otool
configure:9069: checking for otool64
configure:9085: found /usr/bin/otool64
configure:9096: result: otool64
configure:9144: checking for -single_module linker flag
/usr/bin/gcc -g -O2  -o libconftest.dylib -dynamiclib -Wl,-single_module conftest.c
configure:9171: result: yes
configure:9173: checking for -exported_symbols_list linker flag
configure:9203: /usr/bin/gcc -o conftest -g -O2   -Wl,-exported_symbols_list,conftest.sym conftest.c  >&5
configure:9210: $? = 0
configure:9232: result: yes
configure:9273: checking for dlfcn.h
configure:9294: /usr/bin/gcc -c -g -O2  conftest.c >&5
configure:9301: $? = 0
configure:9318: result: yes
configure:9504: checking for objdir
configure:9519: result: .libs
configure:9811: checking if /usr/bin/gcc supports -fno-rtti -fno-exceptions
configure:9829: /usr/bin/gcc -c -g -O2  -fno-rtti -fno-exceptions conftest.c >&5
cc1: warning: command line option "-fno-rtti" is valid for C++/ObjC++ but not for C
configure:9833: $? = 0
configure:9846: result: no
configure:9866: checking for /usr/bin/gcc option to produce PIC
configure:10138: result: -fno-common -DPIC
configure:10150: checking if /usr/bin/gcc PIC flag -fno-common -DPIC works
configure:10168: /usr/bin/gcc -c -g -O2  -fno-common -DPIC -DPIC conftest.c >&5
configure:10172: $? = 0
configure:10185: result: yes
configure:10209: checking if /usr/bin/gcc static flag -static works
configure:10237: result: no
configure:10252: checking if /usr/bin/gcc supports -c -o file.o
configure:10273: /usr/bin/gcc -c -g -O2  -o out/conftest2.o conftest.c >&5
configure:10277: $? = 0
configure:10299: result: yes
configure:10307: checking if /usr/bin/gcc supports -c -o file.o
configure:10354: result: yes
configure:10387: checking whether the /usr/bin/gcc linker (/usr/bin/ld) supports shared libraries
configure:11461: result: yes
configure:11700: checking dynamic linker characteristics
configure:12386: result: darwin10.4.0 dyld
configure:12488: checking how to hardcode library paths into programs
configure:12513: result: immediate
configure:13346: checking whether stripping libraries is possible
configure:13360: result: yes
configure:13386: checking if libtool supports shared libraries
configure:13388: result: yes
configure:13391: checking whether to build shared libraries
configure:13412: result: yes
configure:13415: checking whether to build static libraries
configure:13419: result: yes
configure:13461: checking whether /usr/bin/gcc accepts -std=gnu99
configure:13487: /usr/bin/gcc -c -g -O2  -std=gnu99 conftest.c >&5
configure:13494: $? = 0
configure:13508: result: yes
configure:13554: checking whether to enable x86 mmx support
configure:13563: result: no
configure:13574: checking whether to enable amd64 asm support
configure:13583: result: no
configure:13604: checking for freetype-config
configure:13622: found /usr/local/bin/freetype-config
configure:13635: result: /usr/local/bin/freetype-config
configure:13651: checking for X
configure:13766: /usr/bin/gcc -E  -std=gnu99 conftest.c
configure:13773: $? = 0
configure:13822: /usr/bin/gcc -o conftest -g -O2  -std=gnu99  conftest.c -lX11  >&5
configure:13829: $? = 0
configure:13891: result: libraries , headers 
configure:14072: /usr/bin/gcc -o conftest -g -O2  -std=gnu99  conftest.c   -lX11 >&5
configure:14079: $? = 0
configure:14247: checking for gethostbyname
configure:14303: /usr/bin/gcc -o conftest -g -O2  -std=gnu99  conftest.c  >&5
configure:14310: $? = 0
configure:14330: result: yes
configure:14483: checking for connect
configure:14539: /usr/bin/gcc -o conftest -g -O2  -std=gnu99  conftest.c  >&5
configure:14546: $? = 0
configure:14566: result: yes
configure:14642: checking for remove
configure:14698: /usr/bin/gcc -o conftest -g -O2  -std=gnu99  conftest.c  >&5
configure:14705: $? = 0
configure:14725: result: yes
configure:14801: checking for shmat
configure:14857: /usr/bin/gcc -o conftest -g -O2  -std=gnu99  conftest.c  >&5
configure:14864: $? = 0
configure:14884: result: yes
configure:14969: checking for IceConnectionNumber in -lICE
configure:15004: /usr/bin/gcc -o conftest -g -O2  -std=gnu99  conftest.c -lICE   >&5
configure:15011: $? = 0
configure:15032: result: yes
configure:15065: checking for dlopen in -ldl
configure:15100: /usr/bin/gcc -o conftest -g -O2  -std=gnu99  conftest.c -ldl   >&5
ld: library not found for -ldl
collect2: ld returned 1 exit status
configure:15107: $? = 1
configure: failed program was:
| /* confdefs.h.  */
| #define PACKAGE_NAME "imlib2"
| #define PACKAGE_TARNAME "imlib2"
| #define PACKAGE_VERSION "1.4.4"
| #define PACKAGE_STRING "imlib2 1.4.4"
| #define PACKAGE_BUGREPORT "enlightenment-devel@lists.sourceforge.net"
| #define PACKAGE "imlib2"
| #define VERSION "1.4.4"
| #define STDC_HEADERS 1
| #define HAVE_SYS_TYPES_H 1
| #define HAVE_SYS_STAT_H 1
| #define HAVE_STDLIB_H 1
| #define HAVE_STRING_H 1
| #define HAVE_MEMORY_H 1
| #define HAVE_STRINGS_H 1
| #define HAVE_INTTYPES_H 1
| #define HAVE_STDINT_H 1
| #define HAVE_UNISTD_H 1
| #define STDC_HEADERS 1
| #define HAVE_DLFCN_H 1
| #define LT_OBJDIR ".libs/"
| #define BUILD_X11 1
| /* end confdefs.h.  */
| 
| /* Override any GCC internal prototype to avoid an error.
|    Use char because int might match the return type of a GCC
|    builtin and then its argument prototype would still apply.  */
| #ifdef __cplusplus
| extern "C"
| #endif
| char dlopen ();
| int
| main ()
| {
| return dlopen ();
|   ;
|   return 0;
| }
configure:15128: result: no
configure:15142: checking whether to enable jpeg support
configure:15159: result: auto
configure:15163: checking for jpeg_destroy_decompress in -ljpeg
configure:15198: /usr/bin/gcc -o conftest -g -O2  -std=gnu99  conftest.c -ljpeg   >&5
configure:15205: $? = 0
configure:15226: result: yes
configure:15235: checking for jpeglib.h
configure:15253: /usr/bin/gcc -E  -std=gnu99 conftest.c
configure:15260: $? = 0
configure:15274: result: yes
configure:15305: checking whether to enable png support
configure:15322: result: auto
configure:15375: checking for pkg-config
configure:15393: found /usr/bin/pkg-config
configure:15405: result: /usr/bin/pkg-config
configure:15430: checking pkg-config is at least version 0.9.0
configure:15433: result: yes
configure:15444: checking for PNG
configure:15451: $PKG_CONFIG --exists --print-errors "libpng"
configure:15454: $? = 0
configure:15467: $PKG_CONFIG --exists --print-errors "libpng"
configure:15470: $? = 0
configure:15913: result: yes
configure:15931: checking whether to enable tiff support
configure:15948: result: auto
configure:15952: checking for TIFFReadScanline in -ltiff
configure:15987: /usr/bin/gcc -o conftest -g -O2  -std=gnu99  conftest.c -ltiff   >&5
configure:15994: $? = 0
configure:16015: result: yes
configure:16167: checking for tiffio.h
configure:16185: /usr/bin/gcc -E  -std=gnu99 conftest.c
configure:16192: $? = 0
configure:16206: result: yes
configure:16237: checking whether to enable gif support
configure:16259: result: auto
configure:16263: checking for preferred gif provider
configure:16265: result: any
configure:16269: checking for DGifOpenFileName in -lgif
configure:16304: /usr/bin/gcc -o conftest -g -O2  -std=gnu99  conftest.c -lgif   >&5
configure:16311: $? = 0
configure:16332: result: yes
configure:16342: checking for gif_lib.h
configure:16360: /usr/bin/gcc -E  -std=gnu99 conftest.c
configure:16367: $? = 0
configure:16381: result: yes
configure:16537: checking whether to enable zlib support
configure:16554: result: auto
configure:16558: checking for uncompress in -lz
configure:16593: /usr/bin/gcc -o conftest -g -O2  -std=gnu99  conftest.c -lz   >&5
configure:16600: $? = 0
configure:16621: result: yes
configure:16630: checking for zlib.h
configure:16648: /usr/bin/gcc -E  -std=gnu99 conftest.c
configure:16655: $? = 0
configure:16669: result: yes
configure:16700: checking whether to enable bzip2 support
configure:16717: result: auto
configure:16721: checking for BZ2_bzRead in -lbz2
configure:16756: /usr/bin/gcc -o conftest -g -O2  -std=gnu99  conftest.c -lbz2   >&5
ld: library not found for -lbz2
collect2: ld returned 1 exit status
configure:16763: $? = 1
configure: failed program was:
| /* confdefs.h.  */
| #define PACKAGE_NAME "imlib2"
| #define PACKAGE_TARNAME "imlib2"
| #define PACKAGE_VERSION "1.4.4"
| #define PACKAGE_STRING "imlib2 1.4.4"
| #define PACKAGE_BUGREPORT "enlightenment-devel@lists.sourceforge.net"
| #define PACKAGE "imlib2"
| #define VERSION "1.4.4"
| #define STDC_HEADERS 1
| #define HAVE_SYS_TYPES_H 1
| #define HAVE_SYS_STAT_H 1
| #define HAVE_STDLIB_H 1
| #define HAVE_STRING_H 1
| #define HAVE_MEMORY_H 1
| #define HAVE_STRINGS_H 1
| #define HAVE_INTTYPES_H 1
| #define HAVE_STDINT_H 1
| #define HAVE_UNISTD_H 1
| #define STDC_HEADERS 1
| #define HAVE_DLFCN_H 1
| #define LT_OBJDIR ".libs/"
| #define BUILD_X11 1
| /* end confdefs.h.  */
| 
| /* Override any GCC internal prototype to avoid an error.
|    Use char because int might match the return type of a GCC
|    builtin and then its argument prototype would still apply.  */
| #ifdef __cplusplus
| extern "C"
| #endif
| char BZ2_bzRead ();
| int
| main ()
| {
| return BZ2_bzRead ();
|   ;
|   return 0;
| }
configure:16784: result: no
configure:16844: WARNING: *** Native bz2 support will not be built (bzip2 not found) ***
configure:16863: checking whether to enable id3 support
configure:16880: result: auto
configure:16884: checking for id3_file_open in -lid3tag
configure:16919: /usr/bin/gcc -o conftest -g -O2  -std=gnu99  conftest.c -lid3tag -lz  >&5
ld: library not found for -lid3tag
collect2: ld returned 1 exit status
configure:16926: $? = 1
configure: failed program was:
| /* confdefs.h.  */
| #define PACKAGE_NAME "imlib2"
| #define PACKAGE_TARNAME "imlib2"
| #define PACKAGE_VERSION "1.4.4"
| #define PACKAGE_STRING "imlib2 1.4.4"
| #define PACKAGE_BUGREPORT "enlightenment-devel@lists.sourceforge.net"
| #define PACKAGE "imlib2"
| #define VERSION "1.4.4"
| #define STDC_HEADERS 1
| #define HAVE_SYS_TYPES_H 1
| #define HAVE_SYS_STAT_H 1
| #define HAVE_STDLIB_H 1
| #define HAVE_STRING_H 1
| #define HAVE_MEMORY_H 1
| #define HAVE_STRINGS_H 1
| #define HAVE_INTTYPES_H 1
| #define HAVE_STDINT_H 1
| #define HAVE_UNISTD_H 1
| #define STDC_HEADERS 1
| #define HAVE_DLFCN_H 1
| #define LT_OBJDIR ".libs/"
| #define BUILD_X11 1
| /* end confdefs.h.  */
| 
| /* Override any GCC internal prototype to avoid an error.
|    Use char because int might match the return type of a GCC
|    builtin and then its argument prototype would still apply.  */
| #ifdef __cplusplus
| extern "C"
| #endif
| char id3_file_open ();
| int
| main ()
| {
| return id3_file_open ();
|   ;
|   return 0;
| }
configure:16947: result: no
configure:17008: WARNING: *** Native mp3 support will not be built (id3tag not found) ***
configure:17235: creating ./config.status

## ---------------------- ##
## Running config.status. ##
## ---------------------- ##

This file was extended by imlib2 config.status 1.4.4, which was
generated by GNU Autoconf 2.63.  Invocation command line was

  CONFIG_FILES    = 
  CONFIG_HEADERS  = 
  CONFIG_LINKS    = 
  CONFIG_COMMANDS = 
  $ ./config.status 

on Chriss-iPad

config.status:1042: creating Makefile
config.status:1042: creating imlib2.pc
config.status:1042: creating src/Makefile
config.status:1042: creating src/lib/Makefile
config.status:1042: creating src/bin/Makefile
config.status:1042: creating src/modules/Makefile
config.status:1042: creating src/modules/filters/Makefile
config.status:1042: creating src/modules/loaders/Makefile
config.status:1042: creating data/Makefile
config.status:1042: creating data/fonts/Makefile
config.status:1042: creating data/images/Makefile
config.status:1042: creating doc/Makefile
config.status:1042: creating imlib2-config
config.status:1042: creating README
config.status:1042: creating imlib2.spec
config.status:1042: creating config.h
config.status:1316: executing depfiles commands
config.status:1316: executing libtool commands
config.status:1316: executing default commands

## ---------------- ##
## Cache variables. ##
## ---------------- ##

ac_cv_build=arm-apple-darwin10.4.0
ac_cv_c_bigendian=no
ac_cv_c_compiler_gnu=yes
ac_cv_c_const=yes
ac_cv_env_CCASFLAGS_set=
ac_cv_env_CCASFLAGS_value=
ac_cv_env_CCAS_set=
ac_cv_env_CCAS_value=
ac_cv_env_CC_set=set
ac_cv_env_CC_value=/usr/bin/gcc
ac_cv_env_CFLAGS_set=
ac_cv_env_CFLAGS_value=
ac_cv_env_CPPFLAGS_set=
ac_cv_env_CPPFLAGS_value=
ac_cv_env_CPP_set=
ac_cv_env_CPP_value=
ac_cv_env_LDFLAGS_set=
ac_cv_env_LDFLAGS_value=
ac_cv_env_LIBS_set=
ac_cv_env_LIBS_value=
ac_cv_env_PKG_CONFIG_set=
ac_cv_env_PKG_CONFIG_value=
ac_cv_env_PNG_CFLAGS_set=
ac_cv_env_PNG_CFLAGS_value=
ac_cv_env_PNG_LIBS_set=
ac_cv_env_PNG_LIBS_value=
ac_cv_env_XMKMF_set=
ac_cv_env_XMKMF_value=
ac_cv_env_build_alias_set=
ac_cv_env_build_alias_value=
ac_cv_env_host_alias_set=
ac_cv_env_host_alias_value=
ac_cv_env_target_alias_set=
ac_cv_env_target_alias_value=
ac_cv_func_connect=yes
ac_cv_func_gethostbyname=yes
ac_cv_func_remove=yes
ac_cv_func_shmat=yes
ac_cv_have_x='have_x=yes	ac_x_includes='\'''\''	ac_x_libraries='\'''\'''
ac_cv_header_dlfcn_h=yes
ac_cv_header_inttypes_h=yes
ac_cv_header_memory_h=yes
ac_cv_header_stdc=yes
ac_cv_header_stdint_h=yes
ac_cv_header_stdlib_h=yes
ac_cv_header_string_h=yes
ac_cv_header_strings_h=yes
ac_cv_header_sys_stat_h=yes
ac_cv_header_sys_types_h=yes
ac_cv_header_unistd_h=yes
ac_cv_host=arm-apple-darwin10.4.0
ac_cv_lib_ICE_IceConnectionNumber=yes
ac_cv_lib_bz2_BZ2_bzRead=no
ac_cv_lib_dl_dlopen=no
ac_cv_lib_gif_DGifOpenFileName=yes
ac_cv_lib_id3tag_id3_file_open=no
ac_cv_lib_jpeg_jpeg_destroy_decompress=yes
ac_cv_lib_tiff_TIFFReadScanline=yes
ac_cv_lib_z_uncompress=yes
ac_cv_objext=o
ac_cv_path_EGREP='/bin/grep -E'
ac_cv_path_FGREP='/bin/grep -F'
ac_cv_path_FREETYPE_CONFIG=/usr/local/bin/freetype-config
ac_cv_path_GREP=/bin/grep
ac_cv_path_SED=/bin/sed
ac_cv_path_ac_pt_PKG_CONFIG=/usr/bin/pkg-config
ac_cv_path_install='/usr/bin/install -c'
ac_cv_path_mkdir=/bin/mkdir
ac_cv_prog_AWK=gawk
ac_cv_prog_CPP='/usr/bin/gcc -E'
ac_cv_prog_ac_ct_AR=ar
ac_cv_prog_ac_ct_CC=/usr/bin/gcc
ac_cv_prog_ac_ct_LIPO=lipo
ac_cv_prog_ac_ct_NMEDIT=nmedit
ac_cv_prog_ac_ct_OBJDUMP=objdump
ac_cv_prog_ac_ct_OTOOL64=otool64
ac_cv_prog_ac_ct_OTOOL=otool
ac_cv_prog_ac_ct_RANLIB=ranlib
ac_cv_prog_ac_ct_STRIP=strip
ac_cv_prog_cc_c89=
ac_cv_prog_cc_g=yes
ac_cv_prog_make_make_set=yes
ac_cv_search_strerror='none required'
am_cv_CCAS_dependencies_compiler_type=gcc3
am_cv_CC_dependencies_compiler_type=gcc3
am_cv_prog_cc_stdc=
lt_cv_apple_cc_single_mod=yes
lt_cv_deplibs_check_method=pass_all
lt_cv_file_magic_cmd='$MAGIC_CMD'
lt_cv_file_magic_test_file=
lt_cv_ld_exported_symbols_list=yes
lt_cv_ld_reload_flag=-r
lt_cv_nm_interface='BSD nm'
lt_cv_objdir=.libs
lt_cv_path_LD=/usr/bin/ld
lt_cv_path_NM='/usr/bin/nm -p'
lt_cv_prog_compiler_c_o=yes
lt_cv_prog_compiler_pic_works=yes
lt_cv_prog_compiler_rtti_exceptions=no
lt_cv_prog_compiler_static_works=no
lt_cv_prog_gnu_ld=no
lt_cv_sys_global_symbol_pipe='sed -n -e '\''s/^.*[	 ]\([BCDEGRST][BCDEGRST]*\)[	 ][	 ]*_\([_A-Za-z][_A-Za-z0-9]*\)$/\1 _\2 \2/p'\'''
lt_cv_sys_global_symbol_to_c_name_address='sed -n -e '\''s/^: \([^ ]*\) $/  {\"\1\", (void *) 0},/p'\'' -e '\''s/^[BCDEGRST]* \([^ ]*\) \([^ ]*\)$/  {"\2", (void *) \&\2},/p'\'''
lt_cv_sys_global_symbol_to_c_name_address_lib_prefix='sed -n -e '\''s/^: \([^ ]*\) $/  {\"\1\", (void *) 0},/p'\'' -e '\''s/^[BCDEGRST]* \([^ ]*\) \(lib[^ ]*\)$/  {"\2", (void *) \&\2},/p'\'' -e '\''s/^[BCDEGRST]* \([^ ]*\) \([^ ]*\)$/  {"lib\2", (void *) \&\2},/p'\'''
lt_cv_sys_global_symbol_to_cdecl='sed -n -e '\''s/^T .* \(.*\)$/extern int \1();/p'\'' -e '\''s/^[BCDEGRST]* .* \(.*\)$/extern char \1;/p'\'''
lt_cv_sys_max_cmd_len=196608
pkg_cv_PNG_CFLAGS='-I/usr/local/include/libpng14  '
pkg_cv_PNG_LIBS='-L/usr/local/lib -lpng14  '

## ----------------- ##
## Output variables. ##
## ----------------- ##

ACLOCAL='${SHELL} /home/chris/imlib2-1.4.4/missing --run aclocal-1.11'
AMDEPBACKSLASH='\'
AMDEP_FALSE='#'
AMDEP_TRUE=''
AMTAR='${SHELL} /home/chris/imlib2-1.4.4/missing --run tar'
AM_BACKSLASH='\'
AM_DEFAULT_VERBOSITY='0'
AR='ar'
AUTOCONF='${SHELL} /home/chris/imlib2-1.4.4/missing --run autoconf'
AUTOHEADER='${SHELL} /home/chris/imlib2-1.4.4/missing --run autoheader'
AUTOMAKE='${SHELL} /home/chris/imlib2-1.4.4/missing --run automake-1.11'
AWK='gawk'
BUILD_AMD64_FALSE=''
BUILD_AMD64_TRUE='#'
BUILD_BZ2_LOADER_FALSE=''
BUILD_BZ2_LOADER_TRUE='#'
BUILD_GIF_LOADER_FALSE='#'
BUILD_GIF_LOADER_TRUE=''
BUILD_ID3_LOADER_FALSE=''
BUILD_ID3_LOADER_TRUE='#'
BUILD_JPEG_LOADER_FALSE='#'
BUILD_JPEG_LOADER_TRUE=''
BUILD_MMX_FALSE=''
BUILD_MMX_TRUE='#'
BUILD_PNG_LOADER_FALSE='#'
BUILD_PNG_LOADER_TRUE=''
BUILD_TIFF_LOADER_FALSE='#'
BUILD_TIFF_LOADER_TRUE=''
BUILD_X11_FALSE='#'
BUILD_X11_TRUE=''
BUILD_ZLIB_LOADER_FALSE='#'
BUILD_ZLIB_LOADER_TRUE=''
BZ2LIBS=''
CC='/usr/bin/gcc'
CCAS='/usr/bin/gcc'
CCASDEPMODE='depmode=gcc3'
CCASFLAGS='-g -O2'
CCDEPMODE='depmode=gcc3'
CFLAGS='-g -O2'
CPP='/usr/bin/gcc -E'
CPPFLAGS=' -std=gnu99'
CYGPATH_W='echo'
DEFS='-DHAVE_CONFIG_H'
DEPDIR='.deps'
DSYMUTIL=':'
DUMPBIN=''
ECHO_C=''
ECHO_N='-n'
ECHO_T=''
EGREP='/bin/grep -E'
EXEEXT=''
FGREP='/bin/grep -F'
FREETYPE_CONFIG='/usr/local/bin/freetype-config'
GIFLIBS='-lgif'
GREP='/bin/grep'
ID3LIBS=''
INSTALL_DATA='${INSTALL} -m 644'
INSTALL_PROGRAM='${INSTALL}'
INSTALL_SCRIPT='${INSTALL}'
INSTALL_STRIP_PROGRAM='$(install_sh) -c -s'
JPEGLIBS='-ljpeg'
LD='/usr/bin/ld'
LDFLAGS=''
LIBOBJS=''
LIBS=''
LIBTOOL='$(SHELL) $(top_builddir)/libtool'
LIPO='lipo'
LN_S='ln -s'
LTLIBOBJS=''
MAKEINFO='${SHELL} /home/chris/imlib2-1.4.4/missing --run makeinfo'
MKDIR_P='/bin/mkdir -p'
NM='/usr/bin/nm -p'
NMEDIT='nmedit'
OBJDUMP='objdump'
OBJEXT='o'
OTOOL64='otool64'
OTOOL='otool'
PACKAGE='imlib2'
PACKAGE_BUGREPORT='enlightenment-devel@lists.sourceforge.net'
PACKAGE_NAME='imlib2'
PACKAGE_STRING='imlib2 1.4.4'
PACKAGE_TARNAME='imlib2'
PACKAGE_VERSION='1.4.4'
PATH_SEPARATOR=':'
PKG_CONFIG='/usr/bin/pkg-config'
PNG_CFLAGS='-I/usr/local/include/libpng14  '
PNG_LIBS='-L/usr/local/lib -lpng14  '
RANLIB='ranlib'
SED='/bin/sed'
SET_MAKE=''
SHELL='/bin/sh'
STRIP='strip'
TIFFLIBS='-ltiff'
VERSION='1.4.4'
XMKMF=''
X_CFLAGS=''
X_EXTRA_LIBS=''
X_LIBS=''
X_PRE_LIBS=' -lSM -lICE'
ZLIBLIBS='-lz'
ac_ct_CC='/usr/bin/gcc'
ac_ct_DUMPBIN=''
am__EXEEXT_FALSE=''
am__EXEEXT_TRUE='#'
am__fastdepCCAS_FALSE='#'
am__fastdepCCAS_TRUE=''
am__fastdepCC_FALSE='#'
am__fastdepCC_TRUE=''
am__include='include'
am__isrc=''
am__leading_dot='.'
am__quote=''
am__tar='${AMTAR} chof - "$$tardir"'
am__untar='${AMTAR} xf -'
bindir='${exec_prefix}/bin'
build='arm-apple-darwin10.4.0'
build_alias=''
build_cpu='arm'
build_os='darwin10.4.0'
build_vendor='apple'
datadir='${datarootdir}'
datarootdir='${prefix}/share'
docdir='${datarootdir}/doc/${PACKAGE_TARNAME}'
dvidir='${docdir}'
exec_prefix='${prefix}'
host='arm-apple-darwin10.4.0'
host_alias=''
host_cpu='arm'
host_os='darwin10.4.0'
host_vendor='apple'
htmldir='${docdir}'
includedir='${prefix}/include'
infodir='${datarootdir}/info'
install_sh='${SHELL} /home/chris/imlib2-1.4.4/install-sh'
libdir='${exec_prefix}/lib'
libexecdir='${exec_prefix}/libexec'
localedir='${datarootdir}/locale'
localstatedir='${prefix}/var'
lt_ECHO='echo'
lt_version='5:4:4'
mandir='${datarootdir}/man'
mkdir_p='/bin/mkdir -p'
my_includes='-I/usr/local/include/freetype2 -I/usr/local/include -I/usr/X11R6/include '
my_libs='-L/usr/local/lib -lfreetype -lz -L/usr/X11R6/lib -lX11 -lXext  -lm'
oldincludedir='/usr/include'
pdfdir='${docdir}'
prefix='/usr/local'
program_transform_name='s,x,x,'
psdir='${docdir}'
sbindir='${exec_prefix}/sbin'
sharedstatedir='${prefix}/com'
sysconfdir='${prefix}/etc'
target_alias=''

## ----------- ##
## confdefs.h. ##
## ----------- ##

#define PACKAGE_NAME "imlib2"
#define PACKAGE_TARNAME "imlib2"
#define PACKAGE_VERSION "1.4.4"
#define PACKAGE_STRING "imlib2 1.4.4"
#define PACKAGE_BUGREPORT "enlightenment-devel@lists.sourceforge.net"
#define PACKAGE "imlib2"
#define VERSION "1.4.4"
#define STDC_HEADERS 1
#define HAVE_SYS_TYPES_H 1
#define HAVE_SYS_STAT_H 1
#define HAVE_STDLIB_H 1
#define HAVE_STRING_H 1
#define HAVE_MEMORY_H 1
#define HAVE_STRINGS_H 1
#define HAVE_INTTYPES_H 1
#define HAVE_STDINT_H 1
#define HAVE_UNISTD_H 1
#define STDC_HEADERS 1
#define HAVE_DLFCN_H 1
#define LT_OBJDIR ".libs/"
#define BUILD_X11 1

configure: exit 0
