This file contains any messages produced by compilers while
running configure, to aid debugging if configure makes a mistake.

It was created by libXi configure 1.1.3, which was
generated by GNU Autoconf 2.61.  Invocation command line was

  $ ./configure 

## --------- ##
## Platform. ##
## --------- ##

hostname = Chriss-iPad
uname -m = iPad1,1
uname -r = 10.4.0
uname -s = Darwin
uname -v = Darwin Kernel Version 10.4.0: Wed Oct 20 20:14:45 PDT 2010; root:xnu-1504.58.28~3/RELEASE_ARM_S5L8930X

/usr/bin/uname -p = unknown
/bin/uname -X     = unknown

/bin/arch              = unknown
/usr/bin/arch -k       = unknown
/usr/convex/getsysinfo = unknown
/usr/bin/hostinfo      = Mach kernel version:
	 Darwin Kernel Version 10.4.0: Wed Oct 20 20:14:45 PDT 2010; root:xnu-1504.58.28~3/RELEASE_ARM_S5L8930X
Kernel configured for a single processor only.
1 processor is physically available.
1 processor is logically available.
Processor type: armv7 (arm v7)
Processor active: 0
Primary memory available: 247.00 megabytes
Default processor set: 35 tasks, 248 threads, 1 processors
Load average: 1.61, Mach factor: 0.24
/bin/machine           = unknown
/usr/bin/oslevel       = unknown
/bin/universe          = unknown

PATH: /usr/local/sbin
PATH: /usr/local/bin
PATH: /usr/sbin
PATH: /usr/bin
PATH: /sbin
PATH: /bin
PATH: /usr/bin/X11
PATH: /usr/games
PATH: /var/mobile/ocaml-3.12.0/bin


## ----------- ##
## Core tests. ##
## ----------- ##

configure:2010: checking for a BSD-compatible install
configure:2066: result: /usr/bin/install -c
configure:2077: checking whether build environment is sane
configure:2120: result: yes
configure:2148: checking for a thread-safe mkdir -p
configure:2187: result: /bin/mkdir -p
configure:2200: checking for gawk
configure:2216: found /usr/bin/gawk
configure:2227: result: gawk
configure:2238: checking whether make sets $(MAKE)
configure:2259: result: yes
configure:2447: checking whether to enable maintainer-specific portions of Makefiles
configure:2456: result: no
configure:2522: checking for gcc
configure:2549: result: /usr/bin/gcc
configure:2787: checking for C compiler version
configure:2794: /usr/bin/gcc --version >&5
gcc (GCC) 4.2.1 (Based on Apple Inc. build 5555)
Copyright (C) 2007 Free Software Foundation, Inc.
This is free software; see the source for copying conditions.  There is NO
warranty; not even for MERCHANTABILITY or FITNESS FOR A PARTICULAR PURPOSE.

configure:2797: $? = 0
configure:2804: /usr/bin/gcc -v >&5
Using built-in specs.
Target: arm-apple-darwin9
Configured with: ../llvm-gcc-4.2/configure --build=x86_64-unknown-linux-gnu --host=arm-apple-darwin9 --enable-static=no --enable-shared=yes --prefix=/usr --localstatedir=/var/cache/iphone-gcc --enable-languages=c,c++,objc,obj-c++ --enable-wchar_t=no --with-gxx-include-dir=/usr/include/c++/4.0.0
Thread model: posix
gcc version 4.2.1 (Based on Apple Inc. build 5555)
configure:2807: $? = 0
configure:2814: /usr/bin/gcc -V >&5
gcc: '-V' option must have argument
configure:2817: $? = 1
configure:2840: checking for C compiler default output file name
configure:2867: /usr/bin/gcc    conftest.c  >&5
configure:2870: $? = 0
configure:2908: result: a.out
configure:2925: checking whether the C compiler works
configure:2935: ./a.out
configure:2938: $? = 0
configure:2955: result: yes
configure:2962: checking whether we are cross compiling
configure:2964: result: no
configure:2967: checking for suffix of executables
configure:2974: /usr/bin/gcc -o conftest    conftest.c  >&5
configure:2977: $? = 0
configure:3001: result: 
configure:3007: checking for suffix of object files
configure:3033: /usr/bin/gcc -c   conftest.c >&5
configure:3036: $? = 0
configure:3059: result: o
configure:3063: checking whether we are using the GNU C compiler
configure:3092: /usr/bin/gcc -c   conftest.c >&5
configure:3098: $? = 0
configure:3115: result: yes
configure:3120: checking whether /usr/bin/gcc accepts -g
configure:3150: /usr/bin/gcc -c -g  conftest.c >&5
configure:3156: $? = 0
configure:3255: result: yes
configure:3272: checking for /usr/bin/gcc option to accept ISO C89
configure:3346: /usr/bin/gcc  -c -g -O2  conftest.c >&5
configure:3352: $? = 0
configure:3375: result: none needed
configure:3404: checking for style of include used by make
configure:3432: result: GNU
configure:3457: checking dependency style of /usr/bin/gcc
configure:3548: result: gcc3
configure:3641: checking build system type
configure:3659: result: arm-apple-darwin10.4.0
configure:3681: checking host system type
configure:3696: result: arm-apple-darwin10.4.0
configure:3718: checking for a sed that does not truncate output
configure:3772: result: /bin/sed
configure:3775: checking for grep that handles long lines and -e
configure:3849: result: /bin/grep
configure:3854: checking for egrep
configure:3932: result: /bin/grep -E
configure:3948: checking for ld used by /usr/bin/gcc
configure:4015: result: /usr/bin/ld
configure:4024: checking if the linker (/usr/bin/ld) is GNU ld
configure:4039: result: no
configure:4044: checking for /usr/bin/ld option to reload object files
configure:4051: result: -r
configure:4069: checking for BSD-compatible nm
configure:4118: result: /usr/bin/nm -p
configure:4122: checking whether ln -s works
configure:4126: result: yes
configure:4133: checking how to recognise dependent libraries
configure:4309: result: pass_all
configure:4543: checking how to run the C preprocessor
configure:4583: /usr/bin/gcc -E  conftest.c
configure:4589: $? = 0
configure:4620: /usr/bin/gcc -E  conftest.c
conftest.c:10:28: error: ac_nonexistent.h: No such file or directory
configure:4626: $? = 1
configure: failed program was:
| /* confdefs.h.  */
| #define PACKAGE_NAME "libXi"
| #define PACKAGE_TARNAME "libXi"
| #define PACKAGE_VERSION "1.1.3"
| #define PACKAGE_STRING "libXi 1.1.3"
| #define PACKAGE_BUGREPORT "https://bugs.freedesktop.org/enter_bug.cgi?product=xorg"
| #define PACKAGE "libXi"
| #define VERSION "1.1.3"
| /* end confdefs.h.  */
| #include <ac_nonexistent.h>
configure:4659: result: /usr/bin/gcc -E
configure:4688: /usr/bin/gcc -E  conftest.c
configure:4694: $? = 0
configure:4725: /usr/bin/gcc -E  conftest.c
conftest.c:10:28: error: ac_nonexistent.h: No such file or directory
configure:4731: $? = 1
configure: failed program was:
| /* confdefs.h.  */
| #define PACKAGE_NAME "libXi"
| #define PACKAGE_TARNAME "libXi"
| #define PACKAGE_VERSION "1.1.3"
| #define PACKAGE_STRING "libXi 1.1.3"
| #define PACKAGE_BUGREPORT "https://bugs.freedesktop.org/enter_bug.cgi?product=xorg"
| #define PACKAGE "libXi"
| #define VERSION "1.1.3"
| /* end confdefs.h.  */
| #include <ac_nonexistent.h>
configure:4769: checking for ANSI C header files
configure:4799: /usr/bin/gcc -c -g -O2  conftest.c >&5
configure:4805: $? = 0
configure:4904: /usr/bin/gcc -o conftest -g -O2   conftest.c  >&5
configure:4907: $? = 0
configure:4913: ./conftest
configure:4916: $? = 0
configure:4933: result: yes
configure:4957: checking for sys/types.h
configure:4978: /usr/bin/gcc -c -g -O2  conftest.c >&5
configure:4984: $? = 0
configure:5000: result: yes
configure:4957: checking for sys/stat.h
configure:4978: /usr/bin/gcc -c -g -O2  conftest.c >&5
configure:4984: $? = 0
configure:5000: result: yes
configure:4957: checking for stdlib.h
configure:4978: /usr/bin/gcc -c -g -O2  conftest.c >&5
configure:4984: $? = 0
configure:5000: result: yes
configure:4957: checking for string.h
configure:4978: /usr/bin/gcc -c -g -O2  conftest.c >&5
configure:4984: $? = 0
configure:5000: result: yes
configure:4957: checking for memory.h
configure:4978: /usr/bin/gcc -c -g -O2  conftest.c >&5
configure:4984: $? = 0
configure:5000: result: yes
configure:4957: checking for strings.h
configure:4978: /usr/bin/gcc -c -g -O2  conftest.c >&5
configure:4984: $? = 0
configure:5000: result: yes
configure:4957: checking for inttypes.h
configure:4978: /usr/bin/gcc -c -g -O2  conftest.c >&5
configure:4984: $? = 0
configure:5000: result: yes
configure:4957: checking for stdint.h
configure:4978: /usr/bin/gcc -c -g -O2  conftest.c >&5
configure:4984: $? = 0
configure:5000: result: yes
configure:4957: checking for unistd.h
configure:4978: /usr/bin/gcc -c -g -O2  conftest.c >&5
configure:4984: $? = 0
configure:5000: result: yes
configure:5027: checking dlfcn.h usability
configure:5044: /usr/bin/gcc -c -g -O2  conftest.c >&5
configure:5050: $? = 0
configure:5064: result: yes
configure:5068: checking dlfcn.h presence
configure:5083: /usr/bin/gcc -E  conftest.c
configure:5089: $? = 0
configure:5103: result: yes
configure:5136: checking for dlfcn.h
configure:5144: result: yes
configure:5215: checking for g++
configure:5231: found /usr/bin/g++
configure:5242: result: g++
configure:5273: checking for C++ compiler version
configure:5280: g++ --version >&5
g++ (GCC) 4.2.1 (Based on Apple Inc. build 5555)
Copyright (C) 2007 Free Software Foundation, Inc.
This is free software; see the source for copying conditions.  There is NO
warranty; not even for MERCHANTABILITY or FITNESS FOR A PARTICULAR PURPOSE.

configure:5283: $? = 0
configure:5290: g++ -v >&5
Using built-in specs.
Target: arm-apple-darwin9
Configured with: ../llvm-gcc-4.2/configure --build=x86_64-unknown-linux-gnu --host=arm-apple-darwin9 --enable-static=no --enable-shared=yes --prefix=/usr --localstatedir=/var/cache/iphone-gcc --enable-languages=c,c++,objc,obj-c++ --enable-wchar_t=no --with-gxx-include-dir=/usr/include/c++/4.0.0
Thread model: posix
gcc version 4.2.1 (Based on Apple Inc. build 5555)
configure:5293: $? = 0
configure:5300: g++ -V >&5
g++: '-V' option must have argument
configure:5303: $? = 1
configure:5306: checking whether we are using the GNU C++ compiler
configure:5335: g++ -c   conftest.cpp >&5
configure:5341: $? = 0
configure:5358: result: yes
configure:5363: checking whether g++ accepts -g
configure:5393: g++ -c -g  conftest.cpp >&5
configure:5399: $? = 0
configure:5498: result: yes
configure:5523: checking dependency style of g++
configure:5614: result: gcc3
configure:5639: checking how to run the C++ preprocessor
configure:5675: g++ -E  conftest.cpp
configure:5681: $? = 0
configure:5712: g++ -E  conftest.cpp
conftest.cpp:21:28: error: ac_nonexistent.h: No such file or directory
configure:5718: $? = 1
configure: failed program was:
| /* confdefs.h.  */
| #define PACKAGE_NAME "libXi"
| #define PACKAGE_TARNAME "libXi"
| #define PACKAGE_VERSION "1.1.3"
| #define PACKAGE_STRING "libXi 1.1.3"
| #define PACKAGE_BUGREPORT "https://bugs.freedesktop.org/enter_bug.cgi?product=xorg"
| #define PACKAGE "libXi"
| #define VERSION "1.1.3"
| #define STDC_HEADERS 1
| #define HAVE_SYS_TYPES_H 1
| #define HAVE_SYS_STAT_H 1
| #define HAVE_STDLIB_H 1
| #define HAVE_STRING_H 1
| #define HAVE_MEMORY_H 1
| #define HAVE_STRINGS_H 1
| #define HAVE_INTTYPES_H 1
| #define HAVE_STDINT_H 1
| #define HAVE_UNISTD_H 1
| #define HAVE_DLFCN_H 1
| /* end confdefs.h.  */
| #include <ac_nonexistent.h>
configure:5751: result: g++ -E
configure:5780: g++ -E  conftest.cpp
configure:5786: $? = 0
configure:5817: g++ -E  conftest.cpp
conftest.cpp:21:28: error: ac_nonexistent.h: No such file or directory
configure:5823: $? = 1
configure: failed program was:
| /* confdefs.h.  */
| #define PACKAGE_NAME "libXi"
| #define PACKAGE_TARNAME "libXi"
| #define PACKAGE_VERSION "1.1.3"
| #define PACKAGE_STRING "libXi 1.1.3"
| #define PACKAGE_BUGREPORT "https://bugs.freedesktop.org/enter_bug.cgi?product=xorg"
| #define PACKAGE "libXi"
| #define VERSION "1.1.3"
| #define STDC_HEADERS 1
| #define HAVE_SYS_TYPES_H 1
| #define HAVE_SYS_STAT_H 1
| #define HAVE_STDLIB_H 1
| #define HAVE_STRING_H 1
| #define HAVE_MEMORY_H 1
| #define HAVE_STRINGS_H 1
| #define HAVE_INTTYPES_H 1
| #define HAVE_STDINT_H 1
| #define HAVE_UNISTD_H 1
| #define HAVE_DLFCN_H 1
| /* end confdefs.h.  */
| #include <ac_nonexistent.h>
configure:5916: checking for g77
configure:5946: result: no
configure:5916: checking for xlf
configure:5946: result: no
configure:5916: checking for f77
configure:5946: result: no
configure:5916: checking for frt
configure:5946: result: no
configure:5916: checking for pgf77
configure:5946: result: no
configure:5916: checking for cf77
configure:5946: result: no
configure:5916: checking for fort77
configure:5946: result: no
configure:5916: checking for fl32
configure:5946: result: no
configure:5916: checking for af77
configure:5946: result: no
configure:5916: checking for xlf90
configure:5946: result: no
configure:5916: checking for f90
configure:5946: result: no
configure:5916: checking for pgf90
configure:5946: result: no
configure:5916: checking for pghpf
configure:5946: result: no
configure:5916: checking for epcf90
configure:5946: result: no
configure:5916: checking for gfortran
configure:5946: result: no
configure:5916: checking for g95
configure:5946: result: no
configure:5916: checking for xlf95
configure:5946: result: no
configure:5916: checking for f95
configure:5946: result: no
configure:5916: checking for fort
configure:5946: result: no
configure:5916: checking for ifort
configure:5946: result: no
configure:5916: checking for ifc
configure:5946: result: no
configure:5916: checking for efc
configure:5946: result: no
configure:5916: checking for pgf95
configure:5946: result: no
configure:5916: checking for lf95
configure:5946: result: no
configure:5916: checking for ftn
configure:5946: result: no
configure:5973: checking for Fortran 77 compiler version
configure:5980:  --version >&5
./configure: line 5981: --version: command not found
configure:5983: $? = 127
configure:5990:  -v >&5
./configure: line 5991: -v: command not found
configure:5993: $? = 127
configure:6000:  -V >&5
./configure: line 6001: -V: command not found
configure:6003: $? = 127
configure:6011: checking whether we are using the GNU Fortran 77 compiler
configure:6030:  -c  conftest.F >&5
./configure: line 6031: -c: command not found
configure:6036: $? = 127
configure: failed program was:
|       program main
| #ifndef __GNUC__
|        choke me
| #endif
| 
|       end
configure:6053: result: no
configure:6059: checking whether  accepts -g
configure:6076:  -c -g conftest.f >&5
./configure: line 6077: -c: command not found
configure:6082: $? = 127
configure: failed program was:
|       program main
| 
|       end
configure:6098: result: no
configure:6128: checking the maximum length of command line arguments
configure:6237: result: 196608
configure:6248: checking command to parse /usr/bin/nm -p output from /usr/bin/gcc object
configure:6353: /usr/bin/gcc -c -g -O2  conftest.c >&5
configure:6356: $? = 0
configure:6360: /usr/bin/nm -p conftest.o \| sed -n -e 's/^.*[ 	]\([BCDEGRST][BCDEGRST]*\)[ 	][ 	]*\([_A-Za-z][_A-Za-z0-9]*\)$/\1 \2 \2/p' \> conftest.nm
configure:6363: $? = 0
cannot find nm_test_var in conftest.nm
configure:6353: /usr/bin/gcc -c -g -O2  conftest.c >&5
configure:6356: $? = 0
configure:6360: /usr/bin/nm -p conftest.o \| sed -n -e 's/^.*[ 	]\([BCDEGRST][BCDEGRST]*\)[ 	][ 	]*_\([_A-Za-z][_A-Za-z0-9]*\)$/\1 _\2 \2/p' \> conftest.nm
configure:6363: $? = 0
configure:6415: /usr/bin/gcc -o conftest -g -O2   conftest.c conftstm.o >&5
configure:6418: $? = 0
configure:6456: result: ok
configure:6460: checking for objdir
configure:6475: result: .libs
configure:6567: checking for ar
configure:6583: found /usr/bin/ar
configure:6594: result: ar
configure:6663: checking for ranlib
configure:6679: found /usr/bin/ranlib
configure:6690: result: ranlib
configure:6759: checking for strip
configure:6775: found /usr/bin/strip
configure:6786: result: strip
configure:7072: checking if /usr/bin/gcc supports -fno-rtti -fno-exceptions
configure:7090: /usr/bin/gcc -c -g -O2  -fno-rtti -fno-exceptions conftest.c >&5
cc1: warning: command line option "-fno-rtti" is valid for C++/ObjC++ but not for C
configure:7094: $? = 0
configure:7107: result: no
configure:7122: checking for /usr/bin/gcc option to produce PIC
configure:7332: result: -fno-common
configure:7340: checking if /usr/bin/gcc PIC flag -fno-common works
configure:7358: /usr/bin/gcc -c -g -O2  -fno-common -DPIC conftest.c >&5
configure:7362: $? = 0
configure:7375: result: yes
configure:7403: checking if /usr/bin/gcc static flag -static works
configure:7431: result: no
configure:7441: checking if /usr/bin/gcc supports -c -o file.o
configure:7462: /usr/bin/gcc -c -g -O2  -o out/conftest2.o conftest.c >&5
configure:7466: $? = 0
configure:7488: result: yes
configure:7514: checking whether the /usr/bin/gcc linker (/usr/bin/ld) supports shared libraries
configure:8468: result: yes
configure:8535: checking dynamic linker characteristics
configure:9123: result: darwin10.4.0 dyld
configure:9132: checking how to hardcode library paths into programs
configure:9157: result: immediate
configure:9171: checking whether stripping libraries is possible
configure:9184: result: yes
configure:9977: checking if libtool supports shared libraries
configure:9979: result: yes
configure:9982: checking whether to build shared libraries
configure:10003: result: yes
configure:10006: checking whether to build static libraries
configure:10010: result: yes
configure:10102: creating libtool
configure:10690: checking for ld used by g++
configure:10757: result: /usr/bin/ld
configure:10766: checking if the linker (/usr/bin/ld) is GNU ld
configure:10781: result: no
configure:10832: checking whether the g++ linker (/usr/bin/ld) supports shared libraries
configure:11766: result: yes
configure:11784: g++ -c -g -O2  conftest.cpp >&5
configure:11787: $? = 0
configure:11906: checking for g++ option to produce PIC
configure:12180: result: -fno-common
configure:12188: checking if g++ PIC flag -fno-common works
configure:12206: g++ -c -g -O2  -fno-common -DPIC conftest.cpp >&5
configure:12210: $? = 0
configure:12223: result: yes
configure:12251: checking if g++ static flag -static works
configure:12279: result: no
configure:12289: checking if g++ supports -c -o file.o
configure:12310: g++ -c -g -O2  -o out/conftest2.o conftest.cpp >&5
configure:12314: $? = 0
configure:12336: result: yes
configure:12362: checking whether the g++ linker (/usr/bin/ld) supports shared libraries
configure:12387: result: yes
configure:12454: checking dynamic linker characteristics
configure:13042: result: darwin10.4.0 dyld
configure:13051: checking how to hardcode library paths into programs
configure:13076: result: immediate
configure:19267: checking for pkg-config
configure:19285: found /usr/bin/pkg-config
configure:19297: result: /usr/bin/pkg-config
configure:19326: checking pkg-config is at least version 0.9.0
configure:19329: result: yes
configure:19340: checking for XI
configure:19348: $PKG_CONFIG --exists --print-errors "xproto x11 xextproto xext inputproto >= 1.4"
configure:19351: $? = 0
configure:19366: $PKG_CONFIG --exists --print-errors "xproto x11 xextproto xext inputproto >= 1.4"
configure:19369: $? = 0
configure:19445: result: yes
configure:19461: checking whether malloc(0) returns NULL
configure:19491: /usr/bin/gcc -o conftest -g -O2   conftest.c  >&5
conftest.c:2: warning: conflicting types for built-in function 'malloc'
conftest.c:4: warning: conflicting types for built-in function 'calloc'
conftest.c: In function 'main':
conftest.c:11: warning: incompatible implicit declaration of built-in function 'exit'
configure:19494: $? = 0
configure:19500: ./conftest
configure:19503: $? = 1
configure: program exited with status 1
configure: failed program was:
| 
| char *malloc();
| char *realloc();
| char *calloc();
| main() {
|     char *m0, *r0, *c0, *p;
|     m0 = malloc(0);
|     p = malloc(10);
|     r0 = realloc(p,0);
|     c0 = calloc(0);
|     exit(m0 == 0 || r0 == 0 || c0 == 0 ? 0 : 1);
| }
configure:19519: result: no
configure:19777: creating ./config.status

## ---------------------- ##
## Running config.status. ##
## ---------------------- ##

This file was extended by libXi config.status 1.1.3, which was
generated by GNU Autoconf 2.61.  Invocation command line was

  CONFIG_FILES    = 
  CONFIG_HEADERS  = 
  CONFIG_LINKS    = 
  CONFIG_COMMANDS = 
  $ ./config.status 

on Chriss-iPad

config.status:685: creating Makefile
config.status:685: creating src/Makefile
config.status:685: creating man/Makefile
config.status:685: creating xi.pc
config.status:685: creating src/config.h
config.status:961: executing depfiles commands

## ---------------- ##
## Cache variables. ##
## ---------------- ##

ac_cv_build=arm-apple-darwin10.4.0
ac_cv_c_compiler_gnu=yes
ac_cv_cxx_compiler_gnu=yes
ac_cv_env_CCC_set=
ac_cv_env_CCC_value=
ac_cv_env_CC_set=set
ac_cv_env_CC_value=/usr/bin/gcc
ac_cv_env_CFLAGS_set=
ac_cv_env_CFLAGS_value=
ac_cv_env_CPPFLAGS_set=
ac_cv_env_CPPFLAGS_value=
ac_cv_env_CPP_set=
ac_cv_env_CPP_value=
ac_cv_env_CXXCPP_set=
ac_cv_env_CXXCPP_value=
ac_cv_env_CXXFLAGS_set=
ac_cv_env_CXXFLAGS_value=
ac_cv_env_CXX_set=
ac_cv_env_CXX_value=
ac_cv_env_F77_set=
ac_cv_env_F77_value=
ac_cv_env_FFLAGS_set=
ac_cv_env_FFLAGS_value=
ac_cv_env_LDFLAGS_set=
ac_cv_env_LDFLAGS_value=
ac_cv_env_LIBS_set=
ac_cv_env_LIBS_value=
ac_cv_env_PKG_CONFIG_set=
ac_cv_env_PKG_CONFIG_value=
ac_cv_env_XI_CFLAGS_set=
ac_cv_env_XI_CFLAGS_value=
ac_cv_env_XI_LIBS_set=
ac_cv_env_XI_LIBS_value=
ac_cv_env_build_alias_set=
ac_cv_env_build_alias_value=
ac_cv_env_host_alias_set=
ac_cv_env_host_alias_value=
ac_cv_env_target_alias_set=
ac_cv_env_target_alias_value=
ac_cv_f77_compiler_gnu=no
ac_cv_header_dlfcn_h=yes
ac_cv_header_inttypes_h=yes
ac_cv_header_memory_h=yes
ac_cv_header_stdc=yes
ac_cv_header_stdint_h=yes
ac_cv_header_stdlib_h=yes
ac_cv_header_string_h=yes
ac_cv_header_strings_h=yes
ac_cv_header_sys_stat_h=yes
ac_cv_header_sys_types_h=yes
ac_cv_header_unistd_h=yes
ac_cv_host=arm-apple-darwin10.4.0
ac_cv_objext=o
ac_cv_path_EGREP='/bin/grep -E'
ac_cv_path_GREP=/bin/grep
ac_cv_path_ac_pt_PKG_CONFIG=/usr/bin/pkg-config
ac_cv_path_install='/usr/bin/install -c'
ac_cv_path_mkdir=/bin/mkdir
ac_cv_prog_AWK=gawk
ac_cv_prog_CPP='/usr/bin/gcc -E'
ac_cv_prog_CXXCPP='g++ -E'
ac_cv_prog_ac_ct_AR=ar
ac_cv_prog_ac_ct_CC=/usr/bin/gcc
ac_cv_prog_ac_ct_CXX=g++
ac_cv_prog_ac_ct_RANLIB=ranlib
ac_cv_prog_ac_ct_STRIP=strip
ac_cv_prog_cc_c89=
ac_cv_prog_cc_g=yes
ac_cv_prog_cxx_g=yes
ac_cv_prog_f77_g=no
ac_cv_prog_make_make_set=yes
am_cv_CC_dependencies_compiler_type=gcc3
am_cv_CXX_dependencies_compiler_type=gcc3
lt_cv_deplibs_check_method=pass_all
lt_cv_file_magic_cmd='$MAGIC_CMD'
lt_cv_file_magic_test_file=
lt_cv_ld_reload_flag=-r
lt_cv_objdir=.libs
lt_cv_path_LD=/usr/bin/ld
lt_cv_path_LDCXX=/usr/bin/ld
lt_cv_path_NM='/usr/bin/nm -p'
lt_cv_path_SED=/bin/sed
lt_cv_prog_compiler_c_o=yes
lt_cv_prog_compiler_c_o_CXX=yes
lt_cv_prog_compiler_rtti_exceptions=no
lt_cv_prog_gnu_ld=no
lt_cv_prog_gnu_ldcxx=no
lt_cv_sys_global_symbol_pipe='sed -n -e '\''s/^.*[ 	]\([BCDEGRST][BCDEGRST]*\)[ 	][ 	]*_\([_A-Za-z][_A-Za-z0-9]*\)$/\1 _\2 \2/p'\'''
lt_cv_sys_global_symbol_to_c_name_address='sed -n -e '\''s/^: \([^ ]*\) $/  {\"\1\", (lt_ptr) 0},/p'\'' -e '\''s/^[BCDEGRST] \([^ ]*\) \([^ ]*\)$/  {"\2", (lt_ptr) \&\2},/p'\'''
lt_cv_sys_global_symbol_to_cdecl='sed -n -e '\''s/^. .* \(.*\)$/extern int \1;/p'\'''
lt_cv_sys_max_cmd_len=196608
lt_lt_cv_prog_compiler_c_o='"yes"'
lt_lt_cv_prog_compiler_c_o_CXX='"yes"'
lt_lt_cv_sys_global_symbol_pipe='"sed -n -e '\''s/^.*[ 	]\\([BCDEGRST][BCDEGRST]*\\)[ 	][ 	]*_\\([_A-Za-z][_A-Za-z0-9]*\\)\$/\\1 _\\2 \\2/p'\''"'
lt_lt_cv_sys_global_symbol_to_c_name_address='"sed -n -e '\''s/^: \\([^ ]*\\) \$/  {\\\"\\1\\\", (lt_ptr) 0},/p'\'' -e '\''s/^[BCDEGRST] \\([^ ]*\\) \\([^ ]*\\)\$/  {\"\\2\", (lt_ptr) \\&\\2},/p'\''"'
lt_lt_cv_sys_global_symbol_to_cdecl='"sed -n -e '\''s/^. .* \\(.*\\)\$/extern int \\1;/p'\''"'
pkg_cv_XI_CFLAGS=' '
pkg_cv_XI_LIBS='-L/usr/local/lib -lX11 -lXext  '

## ----------------- ##
## Output variables. ##
## ----------------- ##

ACLOCAL='${SHELL} /home/chris/xorg/libXi-1.1.3/missing --run aclocal-1.10'
ADMIN_MAN_DIR='$(mandir)/man$(ADMIN_MAN_SUFFIX)'
ADMIN_MAN_SUFFIX='8'
AMDEPBACKSLASH='\'
AMDEP_FALSE='#'
AMDEP_TRUE=''
AMTAR='${SHELL} /home/chris/xorg/libXi-1.1.3/missing --run tar'
APP_MAN_DIR='$(mandir)/man$(APP_MAN_SUFFIX)'
APP_MAN_SUFFIX='1'
AR='ar'
AUTOCONF='${SHELL} /home/chris/xorg/libXi-1.1.3/missing --run autoconf'
AUTOHEADER='${SHELL} /home/chris/xorg/libXi-1.1.3/missing --run autoheader'
AUTOMAKE='${SHELL} /home/chris/xorg/libXi-1.1.3/missing --run automake-1.10'
AWK='gawk'
CC='/usr/bin/gcc'
CCDEPMODE='depmode=gcc3'
CFLAGS='-g -O2'
CPP='/usr/bin/gcc -E'
CPPFLAGS=''
CXX='g++'
CXXCPP='g++ -E'
CXXDEPMODE='depmode=gcc3'
CXXFLAGS='-g -O2'
CYGPATH_W='echo'
DEFS='-DHAVE_CONFIG_H'
DEPDIR='.deps'
DRIVER_MAN_DIR='$(mandir)/man$(DRIVER_MAN_SUFFIX)'
DRIVER_MAN_SUFFIX='4'
ECHO='echo'
ECHO_C=''
ECHO_N='-n'
ECHO_T=''
EGREP='/bin/grep -E'
EXEEXT=''
F77=''
FFLAGS=''
FILE_MAN_DIR='$(mandir)/man$(FILE_MAN_SUFFIX)'
FILE_MAN_SUFFIX='5'
GREP='/bin/grep'
INSTALL_DATA='${INSTALL} -m 644'
INSTALL_PROGRAM='${INSTALL}'
INSTALL_SCRIPT='${INSTALL}'
INSTALL_STRIP_PROGRAM='$(install_sh) -c -s'
LDFLAGS=''
LIBOBJS=''
LIBS=''
LIBTOOL='$(SHELL) $(top_builddir)/libtool'
LIB_MAN_DIR='$(mandir)/man$(LIB_MAN_SUFFIX)'
LIB_MAN_SUFFIX='3'
LN_S='ln -s'
LTLIBOBJS=''
MAINT='#'
MAINTAINER_MODE_FALSE=''
MAINTAINER_MODE_TRUE='#'
MAKEINFO='${SHELL} /home/chris/xorg/libXi-1.1.3/missing --run makeinfo'
MALLOC_ZERO_CFLAGS=''
MISC_MAN_DIR='$(mandir)/man$(MISC_MAN_SUFFIX)'
MISC_MAN_SUFFIX='7'
OBJEXT='o'
PACKAGE='libXi'
PACKAGE_BUGREPORT='https://bugs.freedesktop.org/enter_bug.cgi?product=xorg'
PACKAGE_NAME='libXi'
PACKAGE_STRING='libXi 1.1.3'
PACKAGE_TARNAME='libXi'
PACKAGE_VERSION='1.1.3'
PATH_SEPARATOR=':'
PKG_CONFIG='/usr/bin/pkg-config'
RANLIB='ranlib'
SET_MAKE=''
SHELL='/bin/sh'
STRIP='strip'
VERSION='1.1.3'
XI_CFLAGS=' '
XI_LIBS='-L/usr/local/lib -lX11 -lXext  '
XMALLOC_ZERO_CFLAGS=''
XTMALLOC_ZERO_CFLAGS=''
ac_ct_CC='/usr/bin/gcc'
ac_ct_CXX='g++'
ac_ct_F77=''
am__fastdepCC_FALSE='#'
am__fastdepCC_TRUE=''
am__fastdepCXX_FALSE='#'
am__fastdepCXX_TRUE=''
am__include='include'
am__isrc=''
am__leading_dot='.'
am__quote=''
am__tar='${AMTAR} chof - "$$tardir"'
am__untar='${AMTAR} xf -'
bindir='${exec_prefix}/bin'
build='arm-apple-darwin10.4.0'
build_alias=''
build_cpu='arm'
build_os='darwin10.4.0'
build_vendor='apple'
datadir='${datarootdir}'
datarootdir='${prefix}/share'
docdir='${datarootdir}/doc/${PACKAGE_TARNAME}'
dvidir='${docdir}'
exec_prefix='${prefix}'
host='arm-apple-darwin10.4.0'
host_alias=''
host_cpu='arm'
host_os='darwin10.4.0'
host_vendor='apple'
htmldir='${docdir}'
includedir='${prefix}/include'
infodir='${datarootdir}/info'
install_sh='$(SHELL) /home/chris/xorg/libXi-1.1.3/install-sh'
libdir='${exec_prefix}/lib'
libexecdir='${exec_prefix}/libexec'
localedir='${datarootdir}/locale'
localstatedir='${prefix}/var'
mandir='${datarootdir}/man'
mkdir_p='/bin/mkdir -p'
oldincludedir='/usr/include'
pdfdir='${docdir}'
prefix='/usr/local'
program_transform_name='s,x,x,'
psdir='${docdir}'
sbindir='${exec_prefix}/sbin'
sharedstatedir='${prefix}/com'
sysconfdir='${prefix}/etc'
target_alias=''

## ----------- ##
## confdefs.h. ##
## ----------- ##

#define PACKAGE_NAME "libXi"
#define PACKAGE_TARNAME "libXi"
#define PACKAGE_VERSION "1.1.3"
#define PACKAGE_STRING "libXi 1.1.3"
#define PACKAGE_BUGREPORT "https://bugs.freedesktop.org/enter_bug.cgi?product=xorg"
#define PACKAGE "libXi"
#define VERSION "1.1.3"
#define STDC_HEADERS 1
#define HAVE_SYS_TYPES_H 1
#define HAVE_SYS_STAT_H 1
#define HAVE_STDLIB_H 1
#define HAVE_STRING_H 1
#define HAVE_MEMORY_H 1
#define HAVE_STRINGS_H 1
#define HAVE_INTTYPES_H 1
#define HAVE_STDINT_H 1
#define HAVE_UNISTD_H 1
#define HAVE_DLFCN_H 1
#define PACKAGE_VERSION_MAJOR 1
#define PACKAGE_VERSION_MINOR 1
#define PACKAGE_VERSION_PATCHLEVEL 3

configure: exit 0
