This file contains any messages produced by compilers while
running configure, to aid debugging if configure makes a mistake.

It was created by GNU FriBidi configure 0.10.9, which was
generated by GNU Autoconf 2.61.  Invocation command line was

  $ ./configure 

## --------- ##
## Platform. ##
## --------- ##

hostname = Chriss-iPad
uname -m = iPad1,1
uname -r = 10.4.0
uname -s = Darwin
uname -v = Darwin Kernel Version 10.4.0: Wed Oct 20 20:14:45 PDT 2010; root:xnu-1504.58.28~3/RELEASE_ARM_S5L8930X

/usr/bin/uname -p = unknown
/bin/uname -X     = unknown

/bin/arch              = unknown
/usr/bin/arch -k       = unknown
/usr/convex/getsysinfo = unknown
/usr/bin/hostinfo      = Mach kernel version:
	 Darwin Kernel Version 10.4.0: Wed Oct 20 20:14:45 PDT 2010; root:xnu-1504.58.28~3/RELEASE_ARM_S5L8930X
Kernel configured for a single processor only.
1 processor is physically available.
1 processor is logically available.
Processor type: armv7 (arm v7)
Processor active: 0
Primary memory available: 247.00 megabytes
Default processor set: 38 tasks, 253 threads, 1 processors
Load average: 2.00, Mach factor: 0.26
/bin/machine           = unknown
/usr/bin/oslevel       = unknown
/bin/universe          = unknown

PATH: /usr/local/sbin
PATH: /usr/local/bin
PATH: /usr/sbin
PATH: /usr/bin
PATH: /sbin
PATH: /bin
PATH: /usr/bin/X11
PATH: /usr/games
PATH: /var/mobile/ocaml-3.12.0/bin


## ----------- ##
## Core tests. ##
## ----------- ##

configure:2001: checking for a BSD-compatible install
configure:2057: result: /usr/bin/install -c
configure:2068: checking whether build environment is sane
configure:2111: result: yes
configure:2176: checking for gawk
configure:2192: found /usr/bin/gawk
configure:2203: result: gawk
configure:2214: checking whether make sets $(MAKE)
configure:2235: result: yes
configure:2448: checking for gawk
configure:2475: result: gawk
configure:2534: checking for gcc
configure:2561: result: /usr/bin/gcc
configure:2799: checking for C compiler version
configure:2806: /usr/bin/gcc --version >&5
gcc (GCC) 4.2.1 (Based on Apple Inc. build 5555)
Copyright (C) 2007 Free Software Foundation, Inc.
This is free software; see the source for copying conditions.  There is NO
warranty; not even for MERCHANTABILITY or FITNESS FOR A PARTICULAR PURPOSE.

configure:2809: $? = 0
configure:2816: /usr/bin/gcc -v >&5
Using built-in specs.
Target: arm-apple-darwin9
Configured with: ../llvm-gcc-4.2/configure --build=x86_64-unknown-linux-gnu --host=arm-apple-darwin9 --enable-static=no --enable-shared=yes --prefix=/usr --localstatedir=/var/cache/iphone-gcc --enable-languages=c,c++,objc,obj-c++ --enable-wchar_t=no --with-gxx-include-dir=/usr/include/c++/4.0.0
Thread model: posix
gcc version 4.2.1 (Based on Apple Inc. build 5555)
configure:2819: $? = 0
configure:2826: /usr/bin/gcc -V >&5
gcc: '-V' option must have argument
configure:2829: $? = 1
configure:2852: checking for C compiler default output file name
configure:2879: /usr/bin/gcc    conftest.c  >&5
configure:2882: $? = 0
configure:2920: result: a.out
configure:2937: checking whether the C compiler works
configure:2947: ./a.out
configure:2950: $? = 0
configure:2967: result: yes
configure:2974: checking whether we are cross compiling
configure:2976: result: no
configure:2979: checking for suffix of executables
configure:2986: /usr/bin/gcc -o conftest    conftest.c  >&5
configure:2989: $? = 0
configure:3013: result: 
configure:3019: checking for suffix of object files
configure:3045: /usr/bin/gcc -c   conftest.c >&5
configure:3048: $? = 0
configure:3071: result: o
configure:3075: checking whether we are using the GNU C compiler
configure:3104: /usr/bin/gcc -c   conftest.c >&5
configure:3110: $? = 0
configure:3127: result: yes
configure:3132: checking whether /usr/bin/gcc accepts -g
configure:3162: /usr/bin/gcc -c -g  conftest.c >&5
configure:3168: $? = 0
configure:3267: result: yes
configure:3284: checking for /usr/bin/gcc option to accept ISO C89
configure:3358: /usr/bin/gcc  -c -g -O2  conftest.c >&5
configure:3364: $? = 0
configure:3387: result: none needed
configure:3416: checking for style of include used by make
configure:3444: result: GNU
configure:3472: checking dependency style of /usr/bin/gcc
configure:3562: result: gcc3
configure:3584: checking how to run the C preprocessor
configure:3624: /usr/bin/gcc -E  conftest.c
configure:3630: $? = 0
configure:3661: /usr/bin/gcc -E  conftest.c
conftest.c:10:28: error: ac_nonexistent.h: No such file or directory
configure:3667: $? = 1
configure: failed program was:
| /* confdefs.h.  */
| #define PACKAGE_NAME "GNU FriBidi"
| #define PACKAGE_TARNAME "fribidi"
| #define PACKAGE_VERSION "0.10.9"
| #define PACKAGE_STRING "GNU FriBidi 0.10.9"
| #define PACKAGE_BUGREPORT "http://fribidi.org/bug"
| #define PACKAGE "fribidi"
| #define VERSION "0.10.9"
| /* end confdefs.h.  */
| #include <ac_nonexistent.h>
configure:3700: result: /usr/bin/gcc -E
configure:3729: /usr/bin/gcc -E  conftest.c
configure:3735: $? = 0
configure:3766: /usr/bin/gcc -E  conftest.c
conftest.c:10:28: error: ac_nonexistent.h: No such file or directory
configure:3772: $? = 1
configure: failed program was:
| /* confdefs.h.  */
| #define PACKAGE_NAME "GNU FriBidi"
| #define PACKAGE_TARNAME "fribidi"
| #define PACKAGE_VERSION "0.10.9"
| #define PACKAGE_STRING "GNU FriBidi 0.10.9"
| #define PACKAGE_BUGREPORT "http://fribidi.org/bug"
| #define PACKAGE "fribidi"
| #define VERSION "0.10.9"
| /* end confdefs.h.  */
| #include <ac_nonexistent.h>
configure:3822: checking for a BSD-compatible install
configure:3878: result: /usr/bin/install -c
configure:3889: checking whether ln -s works
configure:3893: result: yes
configure:3900: checking whether make sets $(MAKE)
configure:3921: result: yes
configure:4011: checking build system type
configure:4029: result: arm-apple-darwin10.4.0
configure:4051: checking host system type
configure:4066: result: arm-apple-darwin10.4.0
configure:4088: checking for a sed that does not truncate output
configure:4144: result: /bin/sed
configure:4147: checking for grep that handles long lines and -e
configure:4221: result: /bin/grep
configure:4226: checking for egrep
configure:4304: result: /bin/grep -E
configure:4320: checking for ld used by /usr/bin/gcc
configure:4387: result: /usr/bin/ld
configure:4396: checking if the linker (/usr/bin/ld) is GNU ld
configure:4411: result: no
configure:4416: checking for /usr/bin/ld option to reload object files
configure:4423: result: -r
configure:4441: checking for BSD-compatible nm
configure:4490: result: /usr/bin/nm -p
configure:4494: checking how to recognise dependent libraries
configure:4670: result: pass_all
configure:4900: checking for ANSI C header files
configure:4930: /usr/bin/gcc -c -g -O2  conftest.c >&5
configure:4936: $? = 0
configure:5035: /usr/bin/gcc -o conftest -g -O2   conftest.c  >&5
configure:5038: $? = 0
configure:5044: ./conftest
configure:5047: $? = 0
configure:5064: result: yes
configure:5088: checking for sys/types.h
configure:5109: /usr/bin/gcc -c -g -O2  conftest.c >&5
configure:5115: $? = 0
configure:5131: result: yes
configure:5088: checking for sys/stat.h
configure:5109: /usr/bin/gcc -c -g -O2  conftest.c >&5
configure:5115: $? = 0
configure:5131: result: yes
configure:5088: checking for stdlib.h
configure:5109: /usr/bin/gcc -c -g -O2  conftest.c >&5
configure:5115: $? = 0
configure:5131: result: yes
configure:5088: checking for string.h
configure:5109: /usr/bin/gcc -c -g -O2  conftest.c >&5
configure:5115: $? = 0
configure:5131: result: yes
configure:5088: checking for memory.h
configure:5109: /usr/bin/gcc -c -g -O2  conftest.c >&5
configure:5115: $? = 0
configure:5131: result: yes
configure:5088: checking for strings.h
configure:5109: /usr/bin/gcc -c -g -O2  conftest.c >&5
configure:5115: $? = 0
configure:5131: result: yes
configure:5088: checking for inttypes.h
configure:5109: /usr/bin/gcc -c -g -O2  conftest.c >&5
configure:5115: $? = 0
configure:5131: result: yes
configure:5088: checking for stdint.h
configure:5109: /usr/bin/gcc -c -g -O2  conftest.c >&5
configure:5115: $? = 0
configure:5131: result: yes
configure:5088: checking for unistd.h
configure:5109: /usr/bin/gcc -c -g -O2  conftest.c >&5
configure:5115: $? = 0
configure:5131: result: yes
configure:5158: checking dlfcn.h usability
configure:5175: /usr/bin/gcc -c -g -O2  conftest.c >&5
configure:5181: $? = 0
configure:5195: result: yes
configure:5199: checking dlfcn.h presence
configure:5214: /usr/bin/gcc -E  conftest.c
configure:5220: $? = 0
configure:5234: result: yes
configure:5267: checking for dlfcn.h
configure:5275: result: yes
configure:5346: checking for g++
configure:5362: found /usr/bin/g++
configure:5373: result: g++
configure:5404: checking for C++ compiler version
configure:5411: g++ --version >&5
g++ (GCC) 4.2.1 (Based on Apple Inc. build 5555)
Copyright (C) 2007 Free Software Foundation, Inc.
This is free software; see the source for copying conditions.  There is NO
warranty; not even for MERCHANTABILITY or FITNESS FOR A PARTICULAR PURPOSE.

configure:5414: $? = 0
configure:5421: g++ -v >&5
Using built-in specs.
Target: arm-apple-darwin9
Configured with: ../llvm-gcc-4.2/configure --build=x86_64-unknown-linux-gnu --host=arm-apple-darwin9 --enable-static=no --enable-shared=yes --prefix=/usr --localstatedir=/var/cache/iphone-gcc --enable-languages=c,c++,objc,obj-c++ --enable-wchar_t=no --with-gxx-include-dir=/usr/include/c++/4.0.0
Thread model: posix
gcc version 4.2.1 (Based on Apple Inc. build 5555)
configure:5424: $? = 0
configure:5431: g++ -V >&5
g++: '-V' option must have argument
configure:5434: $? = 1
configure:5437: checking whether we are using the GNU C++ compiler
configure:5466: g++ -c   conftest.cpp >&5
configure:5472: $? = 0
configure:5489: result: yes
configure:5494: checking whether g++ accepts -g
configure:5524: g++ -c -g  conftest.cpp >&5
configure:5530: $? = 0
configure:5629: result: yes
configure:5654: checking dependency style of g++
configure:5744: result: gcc3
configure:5771: checking how to run the C++ preprocessor
configure:5807: g++ -E  conftest.cpp
configure:5813: $? = 0
configure:5844: g++ -E  conftest.cpp
conftest.cpp:21:28: error: ac_nonexistent.h: No such file or directory
configure:5850: $? = 1
configure: failed program was:
| /* confdefs.h.  */
| #define PACKAGE_NAME "GNU FriBidi"
| #define PACKAGE_TARNAME "fribidi"
| #define PACKAGE_VERSION "0.10.9"
| #define PACKAGE_STRING "GNU FriBidi 0.10.9"
| #define PACKAGE_BUGREPORT "http://fribidi.org/bug"
| #define PACKAGE "fribidi"
| #define VERSION "0.10.9"
| #define STDC_HEADERS 1
| #define HAVE_SYS_TYPES_H 1
| #define HAVE_SYS_STAT_H 1
| #define HAVE_STDLIB_H 1
| #define HAVE_STRING_H 1
| #define HAVE_MEMORY_H 1
| #define HAVE_STRINGS_H 1
| #define HAVE_INTTYPES_H 1
| #define HAVE_STDINT_H 1
| #define HAVE_UNISTD_H 1
| #define HAVE_DLFCN_H 1
| /* end confdefs.h.  */
| #include <ac_nonexistent.h>
configure:5883: result: g++ -E
configure:5912: g++ -E  conftest.cpp
configure:5918: $? = 0
configure:5949: g++ -E  conftest.cpp
conftest.cpp:21:28: error: ac_nonexistent.h: No such file or directory
configure:5955: $? = 1
configure: failed program was:
| /* confdefs.h.  */
| #define PACKAGE_NAME "GNU FriBidi"
| #define PACKAGE_TARNAME "fribidi"
| #define PACKAGE_VERSION "0.10.9"
| #define PACKAGE_STRING "GNU FriBidi 0.10.9"
| #define PACKAGE_BUGREPORT "http://fribidi.org/bug"
| #define PACKAGE "fribidi"
| #define VERSION "0.10.9"
| #define STDC_HEADERS 1
| #define HAVE_SYS_TYPES_H 1
| #define HAVE_SYS_STAT_H 1
| #define HAVE_STDLIB_H 1
| #define HAVE_STRING_H 1
| #define HAVE_MEMORY_H 1
| #define HAVE_STRINGS_H 1
| #define HAVE_INTTYPES_H 1
| #define HAVE_STDINT_H 1
| #define HAVE_UNISTD_H 1
| #define HAVE_DLFCN_H 1
| /* end confdefs.h.  */
| #include <ac_nonexistent.h>
configure:6048: checking for g77
configure:6078: result: no
configure:6048: checking for xlf
configure:6078: result: no
configure:6048: checking for f77
configure:6078: result: no
configure:6048: checking for frt
configure:6078: result: no
configure:6048: checking for pgf77
configure:6078: result: no
configure:6048: checking for cf77
configure:6078: result: no
configure:6048: checking for fort77
configure:6078: result: no
configure:6048: checking for fl32
configure:6078: result: no
configure:6048: checking for af77
configure:6078: result: no
configure:6048: checking for xlf90
configure:6078: result: no
configure:6048: checking for f90
configure:6078: result: no
configure:6048: checking for pgf90
configure:6078: result: no
configure:6048: checking for pghpf
configure:6078: result: no
configure:6048: checking for epcf90
configure:6078: result: no
configure:6048: checking for gfortran
configure:6078: result: no
configure:6048: checking for g95
configure:6078: result: no
configure:6048: checking for xlf95
configure:6078: result: no
configure:6048: checking for f95
configure:6078: result: no
configure:6048: checking for fort
configure:6078: result: no
configure:6048: checking for ifort
configure:6078: result: no
configure:6048: checking for ifc
configure:6078: result: no
configure:6048: checking for efc
configure:6078: result: no
configure:6048: checking for pgf95
configure:6078: result: no
configure:6048: checking for lf95
configure:6078: result: no
configure:6048: checking for ftn
configure:6078: result: no
configure:6105: checking for Fortran 77 compiler version
configure:6112:  --version >&5
./configure: line 6113: --version: command not found
configure:6115: $? = 127
configure:6122:  -v >&5
./configure: line 6123: -v: command not found
configure:6125: $? = 127
configure:6132:  -V >&5
./configure: line 6133: -V: command not found
configure:6135: $? = 127
configure:6143: checking whether we are using the GNU Fortran 77 compiler
configure:6162:  -c  conftest.F >&5
./configure: line 6163: -c: command not found
configure:6168: $? = 127
configure: failed program was:
|       program main
| #ifndef __GNUC__
|        choke me
| #endif
| 
|       end
configure:6185: result: no
configure:6191: checking whether  accepts -g
configure:6208:  -c -g conftest.f >&5
./configure: line 6209: -c: command not found
configure:6214: $? = 127
configure: failed program was:
|       program main
| 
|       end
configure:6230: result: no
configure:6260: checking the maximum length of command line arguments
configure:6369: result: 196608
configure:6380: checking command to parse /usr/bin/nm -p output from /usr/bin/gcc object
configure:6485: /usr/bin/gcc -c -g -O2  conftest.c >&5
configure:6488: $? = 0
configure:6492: /usr/bin/nm -p conftest.o \| sed -n -e 's/^.*[ 	]\([BCDEGRST][BCDEGRST]*\)[ 	][ 	]*\([_A-Za-z][_A-Za-z0-9]*\)$/\1 \2 \2/p' \> conftest.nm
configure:6495: $? = 0
cannot find nm_test_var in conftest.nm
configure:6485: /usr/bin/gcc -c -g -O2  conftest.c >&5
configure:6488: $? = 0
configure:6492: /usr/bin/nm -p conftest.o \| sed -n -e 's/^.*[ 	]\([BCDEGRST][BCDEGRST]*\)[ 	][ 	]*_\([_A-Za-z][_A-Za-z0-9]*\)$/\1 _\2 \2/p' \> conftest.nm
configure:6495: $? = 0
configure:6547: /usr/bin/gcc -o conftest -g -O2   conftest.c conftstm.o >&5
configure:6550: $? = 0
configure:6588: result: ok
configure:6592: checking for objdir
configure:6607: result: .libs
configure:6699: checking for ar
configure:6715: found /usr/bin/ar
configure:6726: result: ar
configure:6795: checking for ranlib
configure:6811: found /usr/bin/ranlib
configure:6822: result: ranlib
configure:6891: checking for strip
configure:6907: found /usr/bin/strip
configure:6918: result: strip
configure:7204: checking if /usr/bin/gcc supports -fno-rtti -fno-exceptions
configure:7222: /usr/bin/gcc -c -g -O2  -fno-rtti -fno-exceptions conftest.c >&5
cc1: warning: command line option "-fno-rtti" is valid for C++/ObjC++ but not for C
configure:7226: $? = 0
configure:7239: result: no
configure:7254: checking for /usr/bin/gcc option to produce PIC
configure:7464: result: -fno-common
configure:7472: checking if /usr/bin/gcc PIC flag -fno-common works
configure:7490: /usr/bin/gcc -c -g -O2  -fno-common -DPIC conftest.c >&5
configure:7494: $? = 0
configure:7507: result: yes
configure:7535: checking if /usr/bin/gcc static flag -static works
configure:7563: result: no
configure:7573: checking if /usr/bin/gcc supports -c -o file.o
configure:7594: /usr/bin/gcc -c -g -O2  -o out/conftest2.o conftest.c >&5
configure:7598: $? = 0
configure:7620: result: yes
configure:7646: checking whether the /usr/bin/gcc linker (/usr/bin/ld) supports shared libraries
configure:8600: result: yes
configure:8667: checking dynamic linker characteristics
configure:9276: result: darwin10.4.0 dyld
configure:9285: checking how to hardcode library paths into programs
configure:9310: result: immediate
configure:9324: checking whether stripping libraries is possible
configure:9337: result: yes
configure:10130: checking if libtool supports shared libraries
configure:10132: result: yes
configure:10135: checking whether to build shared libraries
configure:10156: result: yes
configure:10159: checking whether to build static libraries
configure:10163: result: yes
configure:10255: creating libtool
configure:10846: checking for ld used by g++
configure:10913: result: /usr/bin/ld
configure:10922: checking if the linker (/usr/bin/ld) is GNU ld
configure:10937: result: no
configure:10988: checking whether the g++ linker (/usr/bin/ld) supports shared libraries
configure:11922: result: yes
configure:11940: g++ -c -g -O2  conftest.cpp >&5
configure:11943: $? = 0
configure:12062: checking for g++ option to produce PIC
configure:12336: result: -fno-common
configure:12344: checking if g++ PIC flag -fno-common works
configure:12362: g++ -c -g -O2  -fno-common -DPIC conftest.cpp >&5
configure:12366: $? = 0
configure:12379: result: yes
configure:12407: checking if g++ static flag -static works
configure:12435: result: no
configure:12445: checking if g++ supports -c -o file.o
configure:12466: g++ -c -g -O2  -o out/conftest2.o conftest.cpp >&5
configure:12470: $? = 0
configure:12492: result: yes
configure:12518: checking whether the g++ linker (/usr/bin/ld) supports shared libraries
configure:12543: result: yes
configure:12610: checking dynamic linker characteristics
configure:13219: result: darwin10.4.0 dyld
configure:13228: checking how to hardcode library paths into programs
configure:13253: result: immediate
configure:19450: checking for short
configure:19480: /usr/bin/gcc -c -g -O2  conftest.c >&5
configure:19486: $? = 0
configure:19501: result: yes
configure:19508: checking size of short
configure:19810: /usr/bin/gcc -o conftest -g -O2   conftest.c  >&5
configure:19813: $? = 0
configure:19819: ./conftest
configure:19822: $? = 0
configure:19845: result: 2
configure:19858: checking for int
configure:19888: /usr/bin/gcc -c -g -O2  conftest.c >&5
configure:19894: $? = 0
configure:19909: result: yes
configure:19916: checking size of int
configure:20218: /usr/bin/gcc -o conftest -g -O2   conftest.c  >&5
configure:20221: $? = 0
configure:20227: ./conftest
configure:20230: $? = 0
configure:20253: result: 4
configure:20266: checking for long
configure:20296: /usr/bin/gcc -c -g -O2  conftest.c >&5
configure:20302: $? = 0
configure:20317: result: yes
configure:20324: checking size of long
configure:20626: /usr/bin/gcc -o conftest -g -O2   conftest.c  >&5
configure:20629: $? = 0
configure:20635: ./conftest
configure:20638: $? = 0
configure:20661: result: 4
configure:20937: creating ./config.status

## ---------------------- ##
## Running config.status. ##
## ---------------------- ##

This file was extended by GNU FriBidi config.status 0.10.9, which was
generated by GNU Autoconf 2.61.  Invocation command line was

  CONFIG_FILES    = 
  CONFIG_HEADERS  = 
  CONFIG_LINKS    = 
  CONFIG_COMMANDS = 
  $ ./config.status 

on Chriss-iPad

config.status:679: creating Makefile
config.status:814: WARNING:  Makefile.in seems to ignore the --datarootdir setting
config.status:679: creating fribidi_config.h
config.status:679: creating fribidi-config
config.status:679: creating fribidi.pc
config.status:679: creating fribidi.spec
config.status:679: creating config.h
config.status:952: executing depfiles commands
config.status:952: executing default commands

## ---------------- ##
## Cache variables. ##
## ---------------- ##

ac_cv_build=arm-apple-darwin10.4.0
ac_cv_c_compiler_gnu=yes
ac_cv_cxx_compiler_gnu=yes
ac_cv_env_CCC_set=
ac_cv_env_CCC_value=
ac_cv_env_CC_set=set
ac_cv_env_CC_value=/usr/bin/gcc
ac_cv_env_CFLAGS_set=
ac_cv_env_CFLAGS_value=
ac_cv_env_CPPFLAGS_set=
ac_cv_env_CPPFLAGS_value=
ac_cv_env_CPP_set=
ac_cv_env_CPP_value=
ac_cv_env_CXXCPP_set=
ac_cv_env_CXXCPP_value=
ac_cv_env_CXXFLAGS_set=
ac_cv_env_CXXFLAGS_value=
ac_cv_env_CXX_set=
ac_cv_env_CXX_value=
ac_cv_env_F77_set=
ac_cv_env_F77_value=
ac_cv_env_FFLAGS_set=
ac_cv_env_FFLAGS_value=
ac_cv_env_LDFLAGS_set=
ac_cv_env_LDFLAGS_value=
ac_cv_env_LIBS_set=
ac_cv_env_LIBS_value=
ac_cv_env_build_alias_set=
ac_cv_env_build_alias_value=
ac_cv_env_host_alias_set=
ac_cv_env_host_alias_value=
ac_cv_env_target_alias_set=
ac_cv_env_target_alias_value=
ac_cv_f77_compiler_gnu=no
ac_cv_header_dlfcn_h=yes
ac_cv_header_inttypes_h=yes
ac_cv_header_memory_h=yes
ac_cv_header_stdc=yes
ac_cv_header_stdint_h=yes
ac_cv_header_stdlib_h=yes
ac_cv_header_string_h=yes
ac_cv_header_strings_h=yes
ac_cv_header_sys_stat_h=yes
ac_cv_header_sys_types_h=yes
ac_cv_header_unistd_h=yes
ac_cv_host=arm-apple-darwin10.4.0
ac_cv_objext=o
ac_cv_path_EGREP='/bin/grep -E'
ac_cv_path_GREP=/bin/grep
ac_cv_path_install='/usr/bin/install -c'
ac_cv_prog_AWK=gawk
ac_cv_prog_CPP='/usr/bin/gcc -E'
ac_cv_prog_CXXCPP='g++ -E'
ac_cv_prog_ac_ct_AR=ar
ac_cv_prog_ac_ct_CC=/usr/bin/gcc
ac_cv_prog_ac_ct_CXX=g++
ac_cv_prog_ac_ct_RANLIB=ranlib
ac_cv_prog_ac_ct_STRIP=strip
ac_cv_prog_cc_c89=
ac_cv_prog_cc_g=yes
ac_cv_prog_cxx_g=yes
ac_cv_prog_f77_g=no
ac_cv_prog_make_make_set=yes
ac_cv_sizeof_int=4
ac_cv_sizeof_long=4
ac_cv_sizeof_short=2
ac_cv_type_int=yes
ac_cv_type_long=yes
ac_cv_type_short=yes
am_cv_CC_dependencies_compiler_type=gcc3
am_cv_CXX_dependencies_compiler_type=gcc3
lt_cv_deplibs_check_method=pass_all
lt_cv_file_magic_cmd='$MAGIC_CMD'
lt_cv_file_magic_test_file=
lt_cv_ld_reload_flag=-r
lt_cv_objdir=.libs
lt_cv_path_LD=/usr/bin/ld
lt_cv_path_LDCXX=/usr/bin/ld
lt_cv_path_NM='/usr/bin/nm -p'
lt_cv_path_SED=/bin/sed
lt_cv_prog_compiler_c_o=yes
lt_cv_prog_compiler_c_o_CXX=yes
lt_cv_prog_compiler_rtti_exceptions=no
lt_cv_prog_gnu_ld=no
lt_cv_prog_gnu_ldcxx=no
lt_cv_sys_global_symbol_pipe='sed -n -e '\''s/^.*[ 	]\([BCDEGRST][BCDEGRST]*\)[ 	][ 	]*_\([_A-Za-z][_A-Za-z0-9]*\)$/\1 _\2 \2/p'\'''
lt_cv_sys_global_symbol_to_c_name_address='sed -n -e '\''s/^: \([^ ]*\) $/  {\"\1\", (lt_ptr) 0},/p'\'' -e '\''s/^[BCDEGRST] \([^ ]*\) \([^ ]*\)$/  {"\2", (lt_ptr) \&\2},/p'\'''
lt_cv_sys_global_symbol_to_cdecl='sed -n -e '\''s/^. .* \(.*\)$/extern int \1;/p'\'''
lt_cv_sys_max_cmd_len=196608
lt_lt_cv_prog_compiler_c_o='"yes"'
lt_lt_cv_prog_compiler_c_o_CXX='"yes"'
lt_lt_cv_sys_global_symbol_pipe='"sed -n -e '\''s/^.*[ 	]\\([BCDEGRST][BCDEGRST]*\\)[ 	][ 	]*_\\([_A-Za-z][_A-Za-z0-9]*\\)\$/\\1 _\\2 \\2/p'\''"'
lt_lt_cv_sys_global_symbol_to_c_name_address='"sed -n -e '\''s/^: \\([^ ]*\\) \$/  {\\\"\\1\\\", (lt_ptr) 0},/p'\'' -e '\''s/^[BCDEGRST] \\([^ ]*\\) \\([^ ]*\\)\$/  {\"\\2\", (lt_ptr) \\&\\2},/p'\''"'
lt_lt_cv_sys_global_symbol_to_cdecl='"sed -n -e '\''s/^. .* \\(.*\\)\$/extern int \\1;/p'\''"'

## ----------------- ##
## Output variables. ##
## ----------------- ##

ACLOCAL='${SHELL} /home/chris/fribidi-0.10.9/missing --run aclocal-1.9'
AMDEPBACKSLASH='\'
AMDEP_FALSE='#'
AMDEP_TRUE=''
AMTAR='${SHELL} /home/chris/fribidi-0.10.9/missing --run tar'
AR='ar'
AUTOCONF='${SHELL} /home/chris/fribidi-0.10.9/missing --run autoconf'
AUTOHEADER='${SHELL} /home/chris/fribidi-0.10.9/missing --run autoheader'
AUTOMAKE='${SHELL} /home/chris/fribidi-0.10.9/missing --run automake-1.9'
AWK='gawk'
CC='/usr/bin/gcc'
CCDEPMODE='depmode=gcc3'
CFLAGS='-g -O2 -Wall  -pedantic  -fno-strict-aliasing '
CPP='/usr/bin/gcc -E'
CPPFLAGS=''
CXX='g++'
CXXCPP='g++ -E'
CXXDEPMODE='depmode=gcc3'
CXXFLAGS='-g -O2'
CYGPATH_W='echo'
DEFS='-DHAVE_CONFIG_H'
DEPDIR='.deps'
ECHO='echo'
ECHO_C=''
ECHO_N='-n'
ECHO_T=''
EGREP='/bin/grep -E'
EXEEXT=''
F77=''
FFLAGS=''
FRIBIDI_BINARY_AGE='8'
FRIBIDI_INTERFACE_AGE='9'
FRIBIDI_INTERFACE_VERSION='2'
FRIBIDI_MAJOR_VERSION='0'
FRIBIDI_MICRO_VERSION='9'
FRIBIDI_MINOR_VERSION='10'
FRIBIDI_NO_CHARSETS='0'
FRIBIDI_RPM_RELEASE='1'
FRIBIDI_VERSION='0.10.9'
GREP='/bin/grep'
INSTALL_DATA='${INSTALL} -m 644'
INSTALL_PROGRAM='${INSTALL}'
INSTALL_SCRIPT='${INSTALL}'
INSTALL_STRIP_PROGRAM='${SHELL} $(install_sh) -c -s'
LDFLAGS=''
LIBOBJS=''
LIBS=''
LIBTOOL='$(SHELL) $(top_builddir)/libtool'
LN_S='ln -s'
LTLIBOBJS=''
LT_CURRENT_MINUS_AGE='-6'
LT_VERSION_INFO='2:9:8'
MAKEINFO='${SHELL} /home/chris/fribidi-0.10.9/missing --run makeinfo'
OBJEXT='o'
PACKAGE='fribidi'
PACKAGE_BUGREPORT='http://fribidi.org/bug'
PACKAGE_NAME='GNU FriBidi'
PACKAGE_STRING='GNU FriBidi 0.10.9'
PACKAGE_TARNAME='fribidi'
PACKAGE_VERSION='0.10.9'
PATH_SEPARATOR=':'
RANLIB='ranlib'
SED='/bin/sed'
SET_MAKE=''
SHELL='/bin/sh'
SIZEOF_INT='4'
SIZEOF_LONG='4'
SIZEOF_SHORT='2'
STRIP='strip'
VERSION='0.10.9'
ac_ct_CC='/usr/bin/gcc'
ac_ct_CXX='g++'
ac_ct_F77=''
am__fastdepCC_FALSE='#'
am__fastdepCC_TRUE=''
am__fastdepCXX_FALSE='#'
am__fastdepCXX_TRUE=''
am__include='include'
am__leading_dot='.'
am__quote=''
am__tar='${AMTAR} chof - "$$tardir"'
am__untar='${AMTAR} xf -'
bindir='${exec_prefix}/bin'
build='arm-apple-darwin10.4.0'
build_alias=''
build_cpu='arm'
build_os='darwin10.4.0'
build_vendor='apple'
datadir='${datarootdir}'
datarootdir='${prefix}/share'
docdir='${datarootdir}/doc/${PACKAGE_TARNAME}'
dvidir='${docdir}'
exec_prefix='${prefix}'
host='arm-apple-darwin10.4.0'
host_alias=''
host_cpu='arm'
host_os='darwin10.4.0'
host_vendor='apple'
htmldir='${docdir}'
includedir='${prefix}/include'
infodir='${datarootdir}/info'
install_sh='/home/chris/fribidi-0.10.9/install-sh'
libdir='${exec_prefix}/lib'
libexecdir='${exec_prefix}/libexec'
localedir='${datarootdir}/locale'
localstatedir='${prefix}/var'
mandir='${datarootdir}/man'
mkdir_p='mkdir -p --'
oldincludedir='/usr/include'
pdfdir='${docdir}'
prefix='/usr/local'
program_transform_name='s,x,x,'
psdir='${docdir}'
sbindir='${exec_prefix}/sbin'
sharedstatedir='${prefix}/com'
sysconfdir='${prefix}/etc'
target_alias=''

## ----------- ##
## confdefs.h. ##
## ----------- ##

#define PACKAGE_NAME "GNU FriBidi"
#define PACKAGE_TARNAME "fribidi"
#define PACKAGE_VERSION "0.10.9"
#define PACKAGE_STRING "GNU FriBidi 0.10.9"
#define PACKAGE_BUGREPORT "http://fribidi.org/bug"
#define PACKAGE "fribidi"
#define VERSION "0.10.9"
#define STDC_HEADERS 1
#define HAVE_SYS_TYPES_H 1
#define HAVE_SYS_STAT_H 1
#define HAVE_STDLIB_H 1
#define HAVE_STRING_H 1
#define HAVE_MEMORY_H 1
#define HAVE_STRINGS_H 1
#define HAVE_INTTYPES_H 1
#define HAVE_STDINT_H 1
#define HAVE_UNISTD_H 1
#define HAVE_DLFCN_H 1
#define SIZEOF_SHORT 2
#define SIZEOF_INT 4
#define SIZEOF_LONG 4
#define HAS_FRIBIDI_TAB_CHAR_TYPE_2_I 1
#define HAS_FRIBIDI_TAB_CHAR_TYPE_9_I 1
#define FRIBIDI_EXPORTS 1

configure: exit 0
