This file contains any messages produced by compilers while
running configure, to aid debugging if configure makes a mistake.

It was created by GNU Autoconf configure 2.68, which was
generated by GNU Autoconf 2.68.  Invocation command line was

  $ ./configure 

## --------- ##
## Platform. ##
## --------- ##

hostname = Chriss-iPad
uname -m = iPad1,1
uname -r = 10.4.0
uname -s = Darwin
uname -v = Darwin Kernel Version 10.4.0: Wed Oct 20 20:14:45 PDT 2010; root:xnu-1504.58.28~3/RELEASE_ARM_S5L8930X

/usr/bin/uname -p = unknown
/bin/uname -X     = unknown

/bin/arch              = unknown
/usr/bin/arch -k       = unknown
/usr/convex/getsysinfo = unknown
/usr/bin/hostinfo      = Mach kernel version:
	 Darwin Kernel Version 10.4.0: Wed Oct 20 20:14:45 PDT 2010; root:xnu-1504.58.28~3/RELEASE_ARM_S5L8930X
Kernel configured for a single processor only.
1 processor is physically available.
1 processor is logically available.
Processor type: armv7 (arm v7)
Processor active: 0
Primary memory available: 247.00 megabytes
Default processor set: 31 tasks, 236 threads, 1 processors
Load average: 0.52, Mach factor: 0.58
/bin/machine           = unknown
/usr/bin/oslevel       = unknown
/bin/universe          = unknown

PATH: /usr/local/sbin
PATH: /usr/local/bin
PATH: /usr/sbin
PATH: /usr/bin
PATH: /sbin
PATH: /bin
PATH: /usr/bin/X11
PATH: /usr/games
PATH: /var/mobile/ocaml-3.12.0/bin


## ----------- ##
## Core tests. ##
## ----------- ##

configure:1778: checking for a BSD-compatible install
configure:1846: result: /usr/bin/install -c
configure:1857: checking whether build environment is sane
configure:1907: result: yes
configure:2048: checking for a thread-safe mkdir -p
configure:2087: result: /bin/mkdir -p
configure:2100: checking for gawk
configure:2116: found /usr/bin/gawk
configure:2127: result: gawk
configure:2138: checking whether make sets $(MAKE)
configure:2160: result: yes
configure:2245: checking build system type
configure:2259: result: arm-apple-darwin10.4.0
configure:2279: checking host system type
configure:2292: result: arm-apple-darwin10.4.0
configure:2319: autobuild project... GNU Autoconf
configure:2325: autobuild revision... 2.68
configure:2330: autobuild hostname... Chriss-iPad
configure:2341: autobuild timestamp... 20111207T224723Z
configure:2369: checking whether /bin/sh -n is known to work
configure:2388: result: yes
configure:2392: checking for characters that cannot appear in file names
configure:2412: result: none
configure:2418: checking whether directories can have trailing spaces
configure:2432: result: yes
configure:2443: checking for expr
configure:2461: found /usr/bin/expr
configure:2473: result: /usr/bin/expr
configure:2492: checking for GNU M4 that supports accurate traces
configure:2534: result: /usr/bin/m4
configure:2537: checking whether /usr/bin/m4 accepts --gnu
configure:2547: result: no
configure:2558: WARNING: the version of M4 that was found does not support -g
configure:2560: WARNING: using it with POSIXLY_CORRECT set may cause problems
configure:2564: checking how m4 supports trace files
configure:2574: result: --debugfile
configure:2598: checking for perl
configure:2616: found /usr/bin/perl
configure:2629: result: /usr/bin/perl
configure:2648: checking whether /usr/bin/perl Fcntl::flock is implemented
configure:2662: result: yes
configure:2680: checking for emacs
configure:2696: found /usr/local/bin/emacs
configure:2707: result: emacs
configure:2725: checking whether emacs is sufficiently recent
configure:2735: $TEST_EMACS -batch -q -f batch-byte-compile conftest.el 1>&2

In broken-mode:
conftest.el:2:35:Warning: assignment to free variable `broken-defaults'
Wrote /home/chris/installed/autoconf-2.68/conftest.elc
configure:2738: $? = 0
configure:2746: result: yes
configure:2763: checking for emacs
configure:2790: result: emacs
configure:2814: checking where .elc files should go
configure:2827: $EMACS -batch -q -eval '(while load-path (princ (concat (car load-path) "\n")) (setq load-path (cdr load-path)))' </dev/null >conftest.out
configure:2830: $? = 0
configure:2843: result: ${datarootdir}/emacs/site-lisp
configure:2856: checking for grep that handles long lines and -e
configure:2914: result: /bin/grep
configure:2919: checking for egrep
configure:2981: result: /bin/grep -E
configure:2986: checking for a sed that does not truncate output
configure:3050: result: /bin/sed
configure:3060: checking whether make is case sensitive
configure:3075: result: yes
configure:3254: creating ./config.status

## ---------------------- ##
## Running config.status. ##
## ---------------------- ##

This file was extended by GNU Autoconf config.status 2.68, which was
generated by GNU Autoconf 2.68.  Invocation command line was

  CONFIG_FILES    = 
  CONFIG_HEADERS  = 
  CONFIG_LINKS    = 
  CONFIG_COMMANDS = 
  $ ./config.status 

on Chriss-iPad

config.status:809: creating tests/Makefile
config.status:809: creating tests/atlocal
config.status:809: creating man/Makefile
config.status:809: creating lib/emacs/Makefile
config.status:809: creating Makefile
config.status:809: creating doc/Makefile
config.status:809: creating lib/Makefile
config.status:809: creating lib/Autom4te/Makefile
config.status:809: creating lib/autoscan/Makefile
config.status:809: creating lib/m4sugar/Makefile
config.status:809: creating lib/autoconf/Makefile
config.status:809: creating lib/autotest/Makefile
config.status:809: creating bin/Makefile
config.status:1012: executing tests/atconfig commands

## ---------------- ##
## Cache variables. ##
## ---------------- ##

ac_cv_build=arm-apple-darwin10.4.0
ac_cv_dir_trailing_space=yes
ac_cv_env_EMACSLOADPATH_set=
ac_cv_env_EMACSLOADPATH_value=
ac_cv_env_EMACS_set=
ac_cv_env_EMACS_value=
ac_cv_env_M4_set=
ac_cv_env_M4_value=
ac_cv_env_build_alias_set=
ac_cv_env_build_alias_value=
ac_cv_env_host_alias_set=
ac_cv_env_host_alias_value=
ac_cv_env_target_alias_set=
ac_cv_env_target_alias_value=
ac_cv_host=arm-apple-darwin10.4.0
ac_cv_path_EGREP='/bin/grep -E'
ac_cv_path_EXPR=/usr/bin/expr
ac_cv_path_GREP=/bin/grep
ac_cv_path_M4=/usr/bin/m4
ac_cv_path_PERL=/usr/bin/perl
ac_cv_path_SED=/bin/sed
ac_cv_path_install='/usr/bin/install -c'
ac_cv_path_mkdir=/bin/mkdir
ac_cv_perl_flock_implemented=yes
ac_cv_prog_AWK=gawk
ac_cv_prog_EMACS=emacs
ac_cv_prog_TEST_EMACS=emacs
ac_cv_prog_emacs_ok=yes
ac_cv_prog_gnu_m4_debugfile=--debugfile
ac_cv_prog_gnu_m4_gnu=no
ac_cv_prog_make_make_case=yes
ac_cv_prog_make_make_set=yes
ac_cv_sh_n_works=yes
ac_cv_unsupported_fs_chars=
am_cv_lispdir='${datarootdir}/emacs/site-lisp'

## ----------------- ##
## Output variables. ##
## ----------------- ##

ACLOCAL='${SHELL} /home/chris/installed/autoconf-2.68/build-aux/missing --run aclocal-1.11'
AMTAR='${SHELL} /home/chris/installed/autoconf-2.68/build-aux/missing --run tar'
AUTOCONF='${SHELL} /home/chris/installed/autoconf-2.68/build-aux/missing --run autoconf'
AUTOHEADER='${SHELL} /home/chris/installed/autoconf-2.68/build-aux/missing --run autoheader'
AUTOMAKE='${SHELL} /home/chris/installed/autoconf-2.68/build-aux/missing --run automake-1.11'
AWK='gawk'
CYGPATH_W='echo'
DEFS='-DPACKAGE_NAME=\"GNU\ Autoconf\" -DPACKAGE_TARNAME=\"autoconf\" -DPACKAGE_VERSION=\"2.68\" -DPACKAGE_STRING=\"GNU\ Autoconf\ 2.68\" -DPACKAGE_BUGREPORT=\"bug-autoconf@gnu.org\" -DPACKAGE_URL=\"http://www.gnu.org/software/autoconf/\" -DPACKAGE=\"autoconf\" -DVERSION=\"2.68\"'
ECHO_C=''
ECHO_N='-n'
ECHO_T=''
EGREP='/bin/grep -E'
EMACS='emacs'
EMACSLOADPATH=''
EXPR='/usr/bin/expr'
GREP='/bin/grep'
HELP2MAN='${SHELL} /home/chris/installed/autoconf-2.68/build-aux/missing --run help2man'
INSTALL_DATA='${INSTALL} -m 644'
INSTALL_PROGRAM='${INSTALL}'
INSTALL_SCRIPT='${INSTALL}'
INSTALL_STRIP_PROGRAM='$(install_sh) -c -s'
LIBOBJS=''
LIBS=''
LTLIBOBJS=''
M4='/usr/bin/m4'
M4_DEBUGFILE='--debugfile'
M4_GNU=''
MAKEINFO='${SHELL} /home/chris/installed/autoconf-2.68/build-aux/missing --run makeinfo'
MAKE_CASE_SENSITIVE_FALSE='#'
MAKE_CASE_SENSITIVE_TRUE=''
MKDIR_P='/bin/mkdir -p'
PACKAGE='autoconf'
PACKAGE_BUGREPORT='bug-autoconf@gnu.org'
PACKAGE_NAME='GNU Autoconf'
PACKAGE_STRING='GNU Autoconf 2.68'
PACKAGE_TARNAME='autoconf'
PACKAGE_URL='http://www.gnu.org/software/autoconf/'
PACKAGE_VERSION='2.68'
PATH_SEPARATOR=':'
PERL='/usr/bin/perl'
PERL_FLOCK='yes'
SED='/bin/sed'
SET_MAKE=''
SHELL='/bin/sh'
STRIP=''
TEST_EMACS='emacs'
VERSION='2.68'
ac_cv_dir_trailing_space='yes'
ac_cv_sh_n_works='yes'
ac_cv_unsupported_fs_chars=''
am__isrc=''
am__leading_dot='.'
am__tar='${AMTAR} chof - "$$tardir"'
am__untar='${AMTAR} xf -'
bindir='${exec_prefix}/bin'
build='arm-apple-darwin10.4.0'
build_alias=''
build_cpu='arm'
build_os='darwin10.4.0'
build_vendor='apple'
datadir='${datarootdir}'
datarootdir='${prefix}/share'
docdir='${datarootdir}/doc/${PACKAGE_TARNAME}'
dvidir='${docdir}'
exec_prefix='${prefix}'
host='arm-apple-darwin10.4.0'
host_alias=''
host_cpu='arm'
host_os='darwin10.4.0'
host_vendor='apple'
htmldir='${docdir}'
includedir='${prefix}/include'
infodir='${datarootdir}/info'
install_sh='${SHELL} /home/chris/installed/autoconf-2.68/build-aux/install-sh'
libdir='${exec_prefix}/lib'
libexecdir='${exec_prefix}/libexec'
lispdir='${datarootdir}/emacs/site-lisp'
localedir='${datarootdir}/locale'
localstatedir='${prefix}/var'
mandir='${datarootdir}/man'
mkdir_p='/bin/mkdir -p'
oldincludedir='/usr/include'
pdfdir='${docdir}'
prefix='/usr/local'
program_transform_name='s,x,x,'
psdir='${docdir}'
sbindir='${exec_prefix}/sbin'
sharedstatedir='${prefix}/com'
sysconfdir='${prefix}/etc'
target_alias=''

## ----------- ##
## confdefs.h. ##
## ----------- ##

/* confdefs.h */
#define PACKAGE_NAME "GNU Autoconf"
#define PACKAGE_TARNAME "autoconf"
#define PACKAGE_VERSION "2.68"
#define PACKAGE_STRING "GNU Autoconf 2.68"
#define PACKAGE_BUGREPORT "bug-autoconf@gnu.org"
#define PACKAGE_URL "http://www.gnu.org/software/autoconf/"
#define PACKAGE "autoconf"
#define VERSION "2.68"

configure: exit 0
