This file contains any messages produced by compilers while
running configure, to aid debugging if configure makes a mistake.

It was created by mrxvt configure 0.4.2, which was
generated by GNU Autoconf 2.59.  Invocation command line was

  $ ./configure --enable--menubar --disable-utmp

## --------- ##
## Platform. ##
## --------- ##

hostname = Chriss-iPad
uname -m = iPad1,1
uname -r = 11.0.0
uname -s = Darwin
uname -v = Darwin Kernel Version 11.0.0: Sun Apr  8 21:51:26 PDT 2012; root:xnu-1878.11.10~1/RELEASE_ARM_S5L8930X

/usr/bin/uname -p = unknown
/bin/uname -X     = unknown

/bin/arch              = unknown
/usr/bin/arch -k       = unknown
/usr/convex/getsysinfo = unknown
hostinfo               = Mach kernel version:
	 Darwin Kernel Version 11.0.0: Sun Apr  8 21:51:26 PDT 2012; root:xnu-1878.11.10~1/RELEASE_ARM_S5L8930X
Kernel configured for a single processor only.
1 processor is physically available.
1 processor is logically available.
Processor type: armv7 (arm v7)
Processor active: 0
Primary memory available: 246.98 megabytes
Default processor set: 43 tasks, 261 threads, 1 processors
Load average: 2.86, Mach factor: 0.19
/bin/machine           = unknown
/usr/bin/oslevel       = unknown
/bin/universe          = unknown

PATH: /usr/local/sbin
PATH: /usr/local/bin
PATH: /usr/sbin
PATH: /usr/bin
PATH: /sbin
PATH: /bin
PATH: /usr/bin/X11
PATH: /usr/games
PATH: /usr/local/Gambit-C/bin


## ----------- ##
## Core tests. ##
## ----------- ##

configure:1431: checking for a BSD-compatible install
configure:1486: result: /usr/bin/install -c
configure:1497: checking whether build environment is sane
configure:1540: result: yes
configure:1605: checking for gawk
configure:1621: found /usr/bin/gawk
configure:1631: result: gawk
configure:1641: checking whether make sets $(MAKE)
configure:1661: result: yes
configure:1835: checking whether to enable maintainer-specific portions of Makefiles
configure:1844: result: no
configure:1867: checking build system type
configure:1885: result: arm-apple-darwin11.0.0
configure:1893: checking host system type
configure:1907: result: arm-apple-darwin11.0.0
configure:3178: checking for C compiler version
configure:3181: /usr/bin/gcc --version </dev/null >&5
gcc (GCC) 4.2.1 (Based on Apple Inc. build 5555)
Copyright (C) 2007 Free Software Foundation, Inc.
This is free software; see the source for copying conditions.  There is NO
warranty; not even for MERCHANTABILITY or FITNESS FOR A PARTICULAR PURPOSE.

configure:3184: $? = 0
configure:3186: /usr/bin/gcc -v </dev/null >&5
Using built-in specs.
Target: arm-apple-darwin9
Configured with: ../llvm-gcc-4.2/configure --build=x86_64-unknown-linux-gnu --host=arm-apple-darwin9 --enable-static=no --enable-shared=yes --prefix=/usr --localstatedir=/var/cache/iphone-gcc --enable-languages=c,c++,objc,obj-c++ --enable-wchar_t=no --with-gxx-include-dir=/usr/include/c++/4.0.0
Thread model: posix
gcc version 4.2.1 (Based on Apple Inc. build 5555)
configure:3189: $? = 0
configure:3191: /usr/bin/gcc -V </dev/null >&5
gcc: '-V' option must have argument
configure:3194: $? = 1
configure:3217: checking for C compiler default output file name
configure:3220: /usr/bin/gcc    conftest.c  >&5
configure:3223: $? = 0
configure:3269: result: a.out
configure:3274: checking whether the C compiler works
configure:3280: ./a.out
configure:3284: $? = 0
configure:3296: result: yes
configure:3303: checking whether we are cross compiling
configure:3305: result: no
configure:3308: checking for suffix of executables
configure:3310: /usr/bin/gcc -o conftest    conftest.c  >&5
configure:3313: $? = 0
configure:3338: result: 
configure:3344: checking for suffix of object files
configure:3365: /usr/bin/gcc -c   conftest.c >&5
configure:3368: $? = 0
configure:3390: result: o
configure:3394: checking whether we are using the GNU C compiler
configure:3418: /usr/bin/gcc -c   conftest.c >&5
configure:3424: $? = 0
configure:3428: test -z 
			 || test ! -s conftest.err
configure:3431: $? = 0
configure:3434: test -s conftest.o
configure:3437: $? = 0
configure:3450: result: yes
configure:3456: checking whether /usr/bin/gcc accepts -g
configure:3477: /usr/bin/gcc -c -g  conftest.c >&5
configure:3483: $? = 0
configure:3487: test -z 
			 || test ! -s conftest.err
configure:3490: $? = 0
configure:3493: test -s conftest.o
configure:3496: $? = 0
configure:3507: result: yes
configure:3524: checking for /usr/bin/gcc option to accept ANSI C
configure:3594: /usr/bin/gcc  -c -g -O2  conftest.c >&5
configure:3600: $? = 0
configure:3604: test -z 
			 || test ! -s conftest.err
configure:3607: $? = 0
configure:3610: test -s conftest.o
configure:3613: $? = 0
configure:3631: result: none needed
configure:3649: /usr/bin/gcc -c -g -O2  conftest.c >&5
conftest.c:2: error: expected '=', ',', ';', 'asm' or '__attribute__' before 'me'
configure:3655: $? = 1
configure: failed program was:
| #ifndef __cplusplus
|   choke me
| #endif
configure:3799: checking for style of include used by make
configure:3827: result: GNU
configure:3855: checking dependency style of /usr/bin/gcc
configure:3945: result: none
configure:3965: checking whether make sets $(MAKE)
configure:3985: result: yes
configure:4007: checking for a BSD-compatible install
configure:4062: result: /usr/bin/install -c
configure:4238: checking how to run the C preprocessor
configure:4273: /usr/bin/gcc -E  conftest.c
configure:4279: $? = 0
configure:4311: /usr/bin/gcc -E  conftest.c
conftest.c:42:28: error: ac_nonexistent.h: No such file or directory
configure:4317: $? = 1
configure: failed program was:
| /* confdefs.h.  */
| 
| #define PACKAGE_NAME "mrxvt"
| #define PACKAGE_TARNAME "mrxvt"
| #define PACKAGE_VERSION "0.4.2"
| #define PACKAGE_STRING "mrxvt 0.4.2"
| #define PACKAGE_BUGREPORT "jimmyzhou@users.sourceforge.net"
| #define PACKAGE "mrxvt"
| #define VERSION "0.4.2"
| #define OS_BSD
| #define OS_DARWIN
| #define NDEBUG
| #define NO_FRILLS
| #define SELECTION_SCROLLING
| #define MOUSE_WHEEL
| #define RXVT_SCROLLBAR
| #define HAVE_SCROLLBARS
| #define NEXT_SCROLLBAR
| #define HAVE_SCROLLBARS
| #define XTERM_SCROLLBAR
| #define HAVE_SCROLLBARS
| #define PLAIN_SCROLLBAR
| #define HAVE_SCROLLBARS
| #define SGI_SCROLLBAR
| #define HAVE_SCROLLBARS
| #define HALFSHADOW
| #define TTY_256COLOR
| #define CURSOR_BLINK
| #define POINTER_BLANK
| #define TRANSPARENT
| #define OFF_FOCUS_FADING
| #define TINTING_SUPPORT
| #define TTY_GID_SUPPORT
| #define NO_OLD_SELECTION
| #define TERMENV "xterm"
| #define LINESPACE 0
| #define INTERNALBORDERWIDTH 0
| #define EXTERNALBORDERWIDTH 0
| #define SAVELINES 100
| #define MAX_PAGES 15
| /* end confdefs.h.  */
| #include <ac_nonexistent.h>
configure:4356: result: /usr/bin/gcc -E
configure:4380: /usr/bin/gcc -E  conftest.c
configure:4386: $? = 0
configure:4418: /usr/bin/gcc -E  conftest.c
conftest.c:42:28: error: ac_nonexistent.h: No such file or directory
configure:4424: $? = 1
configure: failed program was:
| /* confdefs.h.  */
| 
| #define PACKAGE_NAME "mrxvt"
| #define PACKAGE_TARNAME "mrxvt"
| #define PACKAGE_VERSION "0.4.2"
| #define PACKAGE_STRING "mrxvt 0.4.2"
| #define PACKAGE_BUGREPORT "jimmyzhou@users.sourceforge.net"
| #define PACKAGE "mrxvt"
| #define VERSION "0.4.2"
| #define OS_BSD
| #define OS_DARWIN
| #define NDEBUG
| #define NO_FRILLS
| #define SELECTION_SCROLLING
| #define MOUSE_WHEEL
| #define RXVT_SCROLLBAR
| #define HAVE_SCROLLBARS
| #define NEXT_SCROLLBAR
| #define HAVE_SCROLLBARS
| #define XTERM_SCROLLBAR
| #define HAVE_SCROLLBARS
| #define PLAIN_SCROLLBAR
| #define HAVE_SCROLLBARS
| #define SGI_SCROLLBAR
| #define HAVE_SCROLLBARS
| #define HALFSHADOW
| #define TTY_256COLOR
| #define CURSOR_BLINK
| #define POINTER_BLANK
| #define TRANSPARENT
| #define OFF_FOCUS_FADING
| #define TINTING_SUPPORT
| #define TTY_GID_SUPPORT
| #define NO_OLD_SELECTION
| #define TERMENV "xterm"
| #define LINESPACE 0
| #define INTERNALBORDERWIDTH 0
| #define EXTERNALBORDERWIDTH 0
| #define SAVELINES 100
| #define MAX_PAGES 15
| /* end confdefs.h.  */
| #include <ac_nonexistent.h>
configure:4468: checking for X
configure:4573: /usr/bin/gcc -E  conftest.c
configure:4579: $? = 0
configure:4629: /usr/bin/gcc -o conftest -g -O2 -Wall -fPIC   conftest.c -lXt  >&5
configure:4635: $? = 0
configure:4639: test -z 
			 || test ! -s conftest.err
configure:4642: $? = 0
configure:4645: test -s conftest
configure:4648: $? = 0
configure:4698: result: libraries , headers 
configure:4730: checking for XOpenDisplay in -lX11
configure:4760: /usr/bin/gcc -o conftest -g -O2 -Wall -fPIC   conftest.c -lX11   >&5
configure:4766: $? = 0
configure:4770: test -z 
			 || test ! -s conftest.err
configure:4773: $? = 0
configure:4776: test -s conftest
configure:4779: $? = 0
configure:4792: result: yes
configure:4892: checking for SmcOpenConnection in -lSM
configure:4922: /usr/bin/gcc -o conftest -g -O2 -Wall -fPIC   conftest.c -lSM  -lX11  >&5
configure:4928: $? = 0
configure:4932: test -z 
			 || test ! -s conftest.err
configure:4935: $? = 0
configure:4938: test -s conftest
configure:4941: $? = 0
configure:4954: result: yes
configure:4969: checking for IceConnectionNumber in -lICE
configure:4999: /usr/bin/gcc -o conftest -g -O2 -Wall -fPIC   conftest.c -lICE  -lSM -lX11  >&5
configure:5005: $? = 0
configure:5009: test -z 
			 || test ! -s conftest.err
configure:5012: $? = 0
configure:5015: test -s conftest
configure:5018: $? = 0
configure:5031: result: yes
configure:5148: checking for XpmCreateImageFromXpmImage in -lXpm
configure:5178: /usr/bin/gcc -o conftest -g -O2 -Wall -fPIC   conftest.c -lXpm  -lICE -lSM -lX11  >&5
configure:5184: $? = 0
configure:5188: test -z 
			 || test ! -s conftest.err
configure:5191: $? = 0
configure:5194: test -s conftest
configure:5197: $? = 0
configure:5210: result: yes
configure:5229: checking for jpeg_read_header in -ljpeg
configure:5259: /usr/bin/gcc -o conftest -g -O2 -Wall -fPIC   conftest.c -ljpeg  -lXpm -lICE -lSM -lX11  >&5
configure:5265: $? = 0
configure:5269: test -z 
			 || test ! -s conftest.err
configure:5272: $? = 0
configure:5275: test -s conftest
configure:5278: $? = 0
configure:5291: result: yes
configure:5327: checking for png_check_sig in -lpng
configure:5358: /usr/bin/gcc -o conftest -g -O2 -Wall -fPIC   conftest.c -lpng -lz -lm
     -ljpeg -lXpm -lICE -lSM -lX11  >&5
Undefined symbols:
  "_png_check_sig", referenced from:
      _main in ccA0uI3p.o
ld: symbol(s) not found
collect2: ld returned 1 exit status
configure:5364: $? = 1
configure: failed program was:
| /* confdefs.h.  */
| 
| #define PACKAGE_NAME "mrxvt"
| #define PACKAGE_TARNAME "mrxvt"
| #define PACKAGE_VERSION "0.4.2"
| #define PACKAGE_STRING "mrxvt 0.4.2"
| #define PACKAGE_BUGREPORT "jimmyzhou@users.sourceforge.net"
| #define PACKAGE "mrxvt"
| #define VERSION "0.4.2"
| #define OS_BSD
| #define OS_DARWIN
| #define NDEBUG
| #define NO_FRILLS
| #define SELECTION_SCROLLING
| #define MOUSE_WHEEL
| #define RXVT_SCROLLBAR
| #define HAVE_SCROLLBARS
| #define NEXT_SCROLLBAR
| #define HAVE_SCROLLBARS
| #define XTERM_SCROLLBAR
| #define HAVE_SCROLLBARS
| #define PLAIN_SCROLLBAR
| #define HAVE_SCROLLBARS
| #define SGI_SCROLLBAR
| #define HAVE_SCROLLBARS
| #define HALFSHADOW
| #define TTY_256COLOR
| #define CURSOR_BLINK
| #define POINTER_BLANK
| #define TRANSPARENT
| #define OFF_FOCUS_FADING
| #define TINTING_SUPPORT
| #define TTY_GID_SUPPORT
| #define NO_OLD_SELECTION
| #define TERMENV "xterm"
| #define LINESPACE 0
| #define INTERNALBORDERWIDTH 0
| #define EXTERNALBORDERWIDTH 0
| #define SAVELINES 100
| #define MAX_PAGES 15
| #define HAVE_LIBX11 1
| #define HAVE_LIBSM 1
| #define HAVE_LIBICE 1
| #define HAVE_LIBXPM 1
| #define HAVE_LIBJPEG 1
| #define USE_JPEG
| /* end confdefs.h.  */
| 
| /* Override any gcc2 internal prototype to avoid an error.  */
| #ifdef __cplusplus
| extern "C"
| #endif
| /* We use char because int might match the return type of a gcc2
|    builtin and then its argument prototype would still apply.  */
| char png_check_sig ();
| int
| main ()
| {
| png_check_sig ();
|   ;
|   return 0;
| }
configure:5390: result: no
configure:5790: checking for egrep
configure:5800: result: grep -E
configure:5805: checking for ANSI C header files
configure:5830: /usr/bin/gcc -c -g -O2 -Wall -fPIC  conftest.c >&5
configure:5836: $? = 0
configure:5840: test -z 
			 || test ! -s conftest.err
configure:5843: $? = 0
configure:5846: test -s conftest.o
configure:5849: $? = 0
configure:5938: /usr/bin/gcc -o conftest -g -O2 -Wall -fPIC   conftest.c -ljpeg -lXpm -lICE -lSM -lX11  >&5
conftest.c: In function 'main':
conftest.c:66: warning: implicit declaration of function 'exit'
conftest.c:66: warning: incompatible implicit declaration of built-in function 'exit'
configure:5941: $? = 0
configure:5943: ./conftest
configure:5947: $? = 0
configure:5962: result: yes
configure:5972: checking for sys/wait.h that is POSIX.1 compatible
configure:6003: /usr/bin/gcc -c -g -O2 -Wall -fPIC  conftest.c >&5
configure:6009: $? = 0
configure:6013: test -z 
			 || test ! -s conftest.err
configure:6016: $? = 0
configure:6019: test -s conftest.o
configure:6022: $? = 0
configure:6033: result: yes
configure:6048: checking for stdlib.h
configure:6065: /usr/bin/gcc -c -g -O2 -Wall -fPIC  conftest.c >&5
configure:6071: $? = 0
configure:6075: test -z 
			 || test ! -s conftest.err
configure:6078: $? = 0
configure:6081: test -s conftest.o
configure:6084: $? = 0
configure:6095: result: yes
configure:6111: checking for sys/socket.h
configure:6136: /usr/bin/gcc -c -g -O2 -Wall -fPIC  conftest.c >&5
configure:6142: $? = 0
configure:6146: test -z 
			 || test ! -s conftest.err
configure:6149: $? = 0
configure:6152: test -s conftest.o
configure:6155: $? = 0
configure:6166: result: yes
configure:6192: checking for sys/types.h
configure:6208: /usr/bin/gcc -c -g -O2 -Wall -fPIC  conftest.c >&5
configure:6214: $? = 0
configure:6218: test -z 
			 || test ! -s conftest.err
configure:6221: $? = 0
configure:6224: test -s conftest.o
configure:6227: $? = 0
configure:6238: result: yes
configure:6192: checking for sys/stat.h
configure:6208: /usr/bin/gcc -c -g -O2 -Wall -fPIC  conftest.c >&5
configure:6214: $? = 0
configure:6218: test -z 
			 || test ! -s conftest.err
configure:6221: $? = 0
configure:6224: test -s conftest.o
configure:6227: $? = 0
configure:6238: result: yes
configure:6192: checking for stdlib.h
configure:6238: result: yes
configure:6192: checking for string.h
configure:6208: /usr/bin/gcc -c -g -O2 -Wall -fPIC  conftest.c >&5
configure:6214: $? = 0
configure:6218: test -z 
			 || test ! -s conftest.err
configure:6221: $? = 0
configure:6224: test -s conftest.o
configure:6227: $? = 0
configure:6238: result: yes
configure:6192: checking for memory.h
configure:6208: /usr/bin/gcc -c -g -O2 -Wall -fPIC  conftest.c >&5
configure:6214: $? = 0
configure:6218: test -z 
			 || test ! -s conftest.err
configure:6221: $? = 0
configure:6224: test -s conftest.o
configure:6227: $? = 0
configure:6238: result: yes
configure:6192: checking for strings.h
configure:6208: /usr/bin/gcc -c -g -O2 -Wall -fPIC  conftest.c >&5
configure:6214: $? = 0
configure:6218: test -z 
			 || test ! -s conftest.err
configure:6221: $? = 0
configure:6224: test -s conftest.o
configure:6227: $? = 0
configure:6238: result: yes
configure:6192: checking for inttypes.h
configure:6208: /usr/bin/gcc -c -g -O2 -Wall -fPIC  conftest.c >&5
configure:6214: $? = 0
configure:6218: test -z 
			 || test ! -s conftest.err
configure:6221: $? = 0
configure:6224: test -s conftest.o
configure:6227: $? = 0
configure:6238: result: yes
configure:6192: checking for stdint.h
configure:6208: /usr/bin/gcc -c -g -O2 -Wall -fPIC  conftest.c >&5
configure:6214: $? = 0
configure:6218: test -z 
			 || test ! -s conftest.err
configure:6221: $? = 0
configure:6224: test -s conftest.o
configure:6227: $? = 0
configure:6238: result: yes
configure:6192: checking for unistd.h
configure:6208: /usr/bin/gcc -c -g -O2 -Wall -fPIC  conftest.c >&5
configure:6214: $? = 0
configure:6218: test -z 
			 || test ! -s conftest.err
configure:6221: $? = 0
configure:6224: test -s conftest.o
configure:6227: $? = 0
configure:6238: result: yes
configure:6328: checking arpa/inet.h usability
configure:6340: /usr/bin/gcc -c -g -O2 -Wall -fPIC  conftest.c >&5
configure:6346: $? = 0
configure:6350: test -z 
			 || test ! -s conftest.err
configure:6353: $? = 0
configure:6356: test -s conftest.o
configure:6359: $? = 0
configure:6369: result: yes
configure:6373: checking arpa/inet.h presence
configure:6383: /usr/bin/gcc -E  conftest.c
configure:6389: $? = 0
configure:6409: result: yes
configure:6444: checking for arpa/inet.h
configure:6451: result: yes
configure:6328: checking assert.h usability
configure:6340: /usr/bin/gcc -c -g -O2 -Wall -fPIC  conftest.c >&5
configure:6346: $? = 0
configure:6350: test -z 
			 || test ! -s conftest.err
configure:6353: $? = 0
configure:6356: test -s conftest.o
configure:6359: $? = 0
configure:6369: result: yes
configure:6373: checking assert.h presence
configure:6383: /usr/bin/gcc -E  conftest.c
configure:6389: $? = 0
configure:6409: result: yes
configure:6444: checking for assert.h
configure:6451: result: yes

## ---------------- ##
## Cache variables. ##
## ---------------- ##

ac_cv_build=arm-apple-darwin11.0.0
ac_cv_build_alias=arm-apple-darwin11.0.0
ac_cv_c_compiler_gnu=yes
ac_cv_env_CC_set=set
ac_cv_env_CC_value=/usr/bin/gcc
ac_cv_env_CFLAGS_set=
ac_cv_env_CFLAGS_value=
ac_cv_env_CPPFLAGS_set=
ac_cv_env_CPPFLAGS_value=
ac_cv_env_CPP_set=
ac_cv_env_CPP_value=
ac_cv_env_LDFLAGS_set=
ac_cv_env_LDFLAGS_value=
ac_cv_env_build_alias_set=
ac_cv_env_build_alias_value=
ac_cv_env_host_alias_set=
ac_cv_env_host_alias_value=
ac_cv_env_target_alias_set=
ac_cv_env_target_alias_value=
ac_cv_exeext=
ac_cv_have_x='have_x=yes 		ac_x_includes= ac_x_libraries='
ac_cv_header_arpa_inet_h=yes
ac_cv_header_assert_h=yes
ac_cv_header_inttypes_h=yes
ac_cv_header_memory_h=yes
ac_cv_header_stdc=yes
ac_cv_header_stdint_h=yes
ac_cv_header_stdlib_h=yes
ac_cv_header_string_h=yes
ac_cv_header_strings_h=yes
ac_cv_header_sys_socket_h=yes
ac_cv_header_sys_stat_h=yes
ac_cv_header_sys_types_h=yes
ac_cv_header_sys_wait_h=yes
ac_cv_header_unistd_h=yes
ac_cv_host=arm-apple-darwin11.0.0
ac_cv_host_alias=arm-apple-darwin11.0.0
ac_cv_lib_ICE_IceConnectionNumber=yes
ac_cv_lib_SM_SmcOpenConnection=yes
ac_cv_lib_X11_XOpenDisplay=yes
ac_cv_lib_Xpm_XpmCreateImageFromXpmImage=yes
ac_cv_lib_jpeg_jpeg_read_header=yes
ac_cv_lib_png_png_check_sig=no
ac_cv_objext=o
ac_cv_path_install='/usr/bin/install -c'
ac_cv_prog_AWK=gawk
ac_cv_prog_CPP='/usr/bin/gcc -E'
ac_cv_prog_cc_g=yes
ac_cv_prog_cc_stdc=
ac_cv_prog_egrep='grep -E'
ac_cv_prog_make_make_set=yes
am_cv_CC_dependencies_compiler_type=none

## ----------------- ##
## Output variables. ##
## ----------------- ##

ACLOCAL='${SHELL} /home/chris/mrxvt-0.4.2/missing --run aclocal-1.9'
AMDEPBACKSLASH='\'
AMDEP_FALSE='#'
AMDEP_TRUE=''
AMTAR='${SHELL} /home/chris/mrxvt-0.4.2/missing --run tar'
AUTOCONF='${SHELL} /home/chris/mrxvt-0.4.2/missing --run autoconf'
AUTOHEADER='${SHELL} /home/chris/mrxvt-0.4.2/missing --run autoheader'
AUTOMAKE='${SHELL} /home/chris/mrxvt-0.4.2/missing --run automake-1.9'
AWK='gawk'
CC='/usr/bin/gcc'
CCDEPMODE='depmode=none'
CFLAGS='-g -O2 -Wall -fPIC'
CPP='/usr/bin/gcc -E'
CPPFLAGS=''
CYGPATH_W='echo'
DEFS=''
DEPDIR='.deps'
ECHO_C=''
ECHO_N='-n'
ECHO_T=''
EGREP='grep -E'
EXEEXT=''
GREEK_FALSE=''
GREEK_TRUE='#'
INSTALL_DATA='${INSTALL} -m 644'
INSTALL_PROGRAM='${INSTALL}'
INSTALL_SCRIPT='${INSTALL}'
INSTALL_STRIP_PROGRAM='${SHELL} $(install_sh) -c -s'
LDFLAGS=''
LIBOBJS=''
LIBS='-ljpeg -lXpm -lICE -lSM -lX11 '
LTLIBOBJS=''
MAINT='#'
MAINTAINER_MODE_FALSE=''
MAINTAINER_MODE_TRUE='#'
MAKEINFO='${SHELL} /home/chris/mrxvt-0.4.2/missing --run makeinfo'
NEXT_SCROLLBAR_FALSE='#'
NEXT_SCROLLBAR_TRUE=''
OBJEXT='o'
PACKAGE='mrxvt'
PACKAGE_BUGREPORT='jimmyzhou@users.sourceforge.net'
PACKAGE_NAME='mrxvt'
PACKAGE_STRING='mrxvt 0.4.2'
PACKAGE_TARNAME='mrxvt'
PACKAGE_VERSION='0.4.2'
PATH_SEPARATOR=':'
PLAIN_SCROLLBAR_FALSE='#'
PLAIN_SCROLLBAR_TRUE=''
RXVT_SCROLLBAR_FALSE='#'
RXVT_SCROLLBAR_TRUE=''
SESSION_SUPPORT_FALSE='#'
SESSION_SUPPORT_TRUE=''
SET_MAKE=''
SGI_SCROLLBAR_FALSE='#'
SGI_SCROLLBAR_TRUE=''
SHELL='/bin/sh'
STRIP=''
THAI_FALSE=''
THAI_TRUE='#'
USE_JPEG_FALSE='#'
USE_JPEG_TRUE=''
USE_PNG_FALSE=''
USE_PNG_TRUE='#'
UTMP_SUPPORT_FALSE=''
UTMP_SUPPORT_TRUE='#'
VERSION='0.4.2'
XTERM_SCROLLBAR_FALSE='#'
XTERM_SCROLLBAR_TRUE=''
ac_ct_CC=''
ac_ct_STRIP=''
am__fastdepCC_FALSE=''
am__fastdepCC_TRUE='#'
am__include='include'
am__leading_dot='.'
am__quote=''
am__tar='${AMTAR} chof - "$$tardir"'
am__untar='${AMTAR} xf -'
bindir='${exec_prefix}/bin'
build='arm-apple-darwin11.0.0'
build_alias=''
build_cpu='arm'
build_os='darwin11.0.0'
build_vendor='apple'
datadir='${prefix}/share'
exec_prefix='NONE'
host='arm-apple-darwin11.0.0'
host_alias=''
host_cpu='arm'
host_os='darwin11.0.0'
host_vendor='apple'
includedir='${prefix}/include'
infodir='${prefix}/info'
install_sh='/home/chris/mrxvt-0.4.2/install-sh'
libdir='${exec_prefix}/lib'
libexecdir='${exec_prefix}/libexec'
localstatedir='${prefix}/var'
mandir='${prefix}/man'
mkdir_p='mkdir -p --'
oldincludedir='/usr/include'
prefix='NONE'
program_transform_name='s,x,x,'
sbindir='${exec_prefix}/sbin'
sharedstatedir='${prefix}/com'
sysconfdir='${prefix}/etc'
target_alias=''

## ----------- ##
## confdefs.h. ##
## ----------- ##

#define BACKGROUND_IMAGE
#define CURSOR_BLINK
#define EXTERNALBORDERWIDTH 0
#define HALFSHADOW
#define HAVE_ARPA_INET_H 1
#define HAVE_ASSERT_H 1
#define HAVE_INTTYPES_H 1
#define HAVE_LIBICE 1
#define HAVE_LIBJPEG 1
#define HAVE_LIBSM 1
#define HAVE_LIBX11 1
#define HAVE_LIBXPM 1
#define HAVE_MEMORY_H 1
#define HAVE_SCROLLBARS
#define HAVE_SCROLLBARS
#define HAVE_SCROLLBARS
#define HAVE_SCROLLBARS
#define HAVE_SCROLLBARS
#define HAVE_STDINT_H 1
#define HAVE_STDLIB_H 1
#define HAVE_STDLIB_H 1
#define HAVE_STRINGS_H 1
#define HAVE_STRING_H 1
#define HAVE_SYS_SOCKET_H 1
#define HAVE_SYS_STAT_H 1
#define HAVE_SYS_TYPES_H 1
#define HAVE_SYS_WAIT_H 1
#define HAVE_UNISTD_H 1
#define INTERNALBORDERWIDTH 0
#define LINESPACE 0
#define MAX_PAGES 15
#define MOUSE_WHEEL
#define NDEBUG
#define NEXT_SCROLLBAR
#define NO_FRILLS
#define NO_OLD_SELECTION
#define OFF_FOCUS_FADING
#define OS_BSD
#define OS_DARWIN
#define PACKAGE "mrxvt"
#define PACKAGE_BUGREPORT "jimmyzhou@users.sourceforge.net"
#define PACKAGE_NAME "mrxvt"
#define PACKAGE_STRING "mrxvt 0.4.2"
#define PACKAGE_TARNAME "mrxvt"
#define PACKAGE_VERSION "0.4.2"
#define PLAIN_SCROLLBAR
#define POINTER_BLANK
#define RXVT_SCROLLBAR
#define SAVELINES 100
#define SELECTION_SCROLLING
#define SGI_SCROLLBAR
#define STDC_HEADERS 1
#define TERMENV "xterm"
#define TINTING_SUPPORT
#define TRANSPARENT
#define TTY_256COLOR
#define TTY_GID_SUPPORT
#define USE_JPEG
#define VERSION "0.4.2"
#define XTERM_SCROLLBAR

configure: caught signal 2
configure: exit 1
