This file contains any messages produced by compilers while
running configure, to aid debugging if configure makes a mistake.

It was created by libXxf86misc configure 1.0.1, which was
generated by GNU Autoconf 2.59.  Invocation command line was

  $ ./configure 

## --------- ##
## Platform. ##
## --------- ##

hostname = Chriss-iPad
uname -m = iPad1,1
uname -r = 10.4.0
uname -s = Darwin
uname -v = Darwin Kernel Version 10.4.0: Wed Oct 20 20:14:45 PDT 2010; root:xnu-1504.58.28~3/RELEASE_ARM_S5L8930X

/usr/bin/uname -p = unknown
/bin/uname -X     = unknown

/bin/arch              = unknown
/usr/bin/arch -k       = unknown
/usr/convex/getsysinfo = unknown
hostinfo               = Mach kernel version:
	 Darwin Kernel Version 10.4.0: Wed Oct 20 20:14:45 PDT 2010; root:xnu-1504.58.28~3/RELEASE_ARM_S5L8930X
Kernel configured for a single processor only.
1 processor is physically available.
1 processor is logically available.
Processor type: armv7 (arm v7)
Processor active: 0
Primary memory available: 247.00 megabytes
Default processor set: 35 tasks, 247 threads, 1 processors
Load average: 1.72, Mach factor: 0.44
/bin/machine           = unknown
/usr/bin/oslevel       = unknown
/bin/universe          = unknown

PATH: /usr/local/sbin
PATH: /usr/local/bin
PATH: /usr/sbin
PATH: /usr/bin
PATH: /sbin
PATH: /bin
PATH: /usr/bin/X11
PATH: /usr/games
PATH: /var/mobile/ocaml-3.12.0/bin


## ----------- ##
## Core tests. ##
## ----------- ##

configure:1573: checking for a BSD-compatible install
configure:1628: result: /usr/bin/install -c
configure:1639: checking whether build environment is sane
configure:1682: result: yes
configure:1747: checking for gawk
configure:1763: found /usr/bin/gawk
configure:1773: result: gawk
configure:1783: checking whether make sets $(MAKE)
configure:1803: result: yes
configure:1971: checking whether to enable maintainer-specific portions of Makefiles
configure:1980: result: no
configure:2046: checking for gcc
configure:2072: result: /usr/bin/gcc
configure:2316: checking for C compiler version
configure:2319: /usr/bin/gcc --version </dev/null >&5
gcc (GCC) 4.2.1 (Based on Apple Inc. build 5555)
Copyright (C) 2007 Free Software Foundation, Inc.
This is free software; see the source for copying conditions.  There is NO
warranty; not even for MERCHANTABILITY or FITNESS FOR A PARTICULAR PURPOSE.

configure:2322: $? = 0
configure:2324: /usr/bin/gcc -v </dev/null >&5
Using built-in specs.
Target: arm-apple-darwin9
Configured with: ../llvm-gcc-4.2/configure --build=x86_64-unknown-linux-gnu --host=arm-apple-darwin9 --enable-static=no --enable-shared=yes --prefix=/usr --localstatedir=/var/cache/iphone-gcc --enable-languages=c,c++,objc,obj-c++ --enable-wchar_t=no --with-gxx-include-dir=/usr/include/c++/4.0.0
Thread model: posix
gcc version 4.2.1 (Based on Apple Inc. build 5555)
configure:2327: $? = 0
configure:2329: /usr/bin/gcc -V </dev/null >&5
gcc: '-V' option must have argument
configure:2332: $? = 1
configure:2355: checking for C compiler default output file name
configure:2358: /usr/bin/gcc    conftest.c  >&5
configure:2361: $? = 0
configure:2407: result: a.out
configure:2412: checking whether the C compiler works
configure:2418: ./a.out
configure:2421: $? = 0
configure:2438: result: yes
configure:2445: checking whether we are cross compiling
configure:2447: result: no
configure:2450: checking for suffix of executables
configure:2452: /usr/bin/gcc -o conftest    conftest.c  >&5
configure:2455: $? = 0
configure:2480: result: 
configure:2486: checking for suffix of object files
configure:2507: /usr/bin/gcc -c   conftest.c >&5
configure:2510: $? = 0
configure:2532: result: o
configure:2536: checking whether we are using the GNU C compiler
configure:2560: /usr/bin/gcc -c   conftest.c >&5
configure:2566: $? = 0
configure:2570: test -z 
			 || test ! -s conftest.err
configure:2573: $? = 0
configure:2576: test -s conftest.o
configure:2579: $? = 0
configure:2592: result: yes
configure:2598: checking whether /usr/bin/gcc accepts -g
configure:2619: /usr/bin/gcc -c -g  conftest.c >&5
configure:2625: $? = 0
configure:2629: test -z 
			 || test ! -s conftest.err
configure:2632: $? = 0
configure:2635: test -s conftest.o
configure:2638: $? = 0
configure:2649: result: yes
configure:2666: checking for /usr/bin/gcc option to accept ANSI C
configure:2736: /usr/bin/gcc  -c -g -O2  conftest.c >&5
configure:2742: $? = 0
configure:2746: test -z 
			 || test ! -s conftest.err
configure:2749: $? = 0
configure:2752: test -s conftest.o
configure:2755: $? = 0
configure:2773: result: none needed
configure:2791: /usr/bin/gcc -c -g -O2  conftest.c >&5
conftest.c:2: error: expected '=', ',', ';', 'asm' or '__attribute__' before 'me'
configure:2797: $? = 1
configure: failed program was:
| #ifndef __cplusplus
|   choke me
| #endif
configure:2941: checking for style of include used by make
configure:2969: result: GNU
configure:2997: checking dependency style of /usr/bin/gcc
configure:3087: result: gcc3
configure:3182: checking build system type
configure:3200: result: arm-apple-darwin10.4.0
configure:3208: checking host system type
configure:3222: result: arm-apple-darwin10.4.0
configure:3230: checking for a sed that does not truncate output
configure:3284: result: /bin/sed
configure:3287: checking for egrep
configure:3297: result: grep -E
configure:3313: checking for ld used by /usr/bin/gcc
configure:3380: result: /usr/bin/ld
configure:3389: checking if the linker (/usr/bin/ld) is GNU ld
configure:3404: result: no
configure:3409: checking for /usr/bin/ld option to reload object files
configure:3416: result: -r
configure:3434: checking for BSD-compatible nm
configure:3483: result: /usr/bin/nm -p
configure:3487: checking whether ln -s works
configure:3491: result: yes
configure:3498: checking how to recognise dependent libraries
configure:3674: result: pass_all
configure:3911: checking how to run the C preprocessor
configure:3946: /usr/bin/gcc -E  conftest.c
configure:3952: $? = 0
configure:3984: /usr/bin/gcc -E  conftest.c
conftest.c:11:28: error: ac_nonexistent.h: No such file or directory
configure:3990: $? = 1
configure: failed program was:
| /* confdefs.h.  */
| 
| #define PACKAGE_NAME "libXxf86misc"
| #define PACKAGE_TARNAME "libXxf86misc"
| #define PACKAGE_VERSION "1.0.1"
| #define PACKAGE_STRING "libXxf86misc 1.0.1"
| #define PACKAGE_BUGREPORT "https://bugs.freedesktop.org/enter_bug.cgi?product=xorg"
| #define PACKAGE "libXxf86misc"
| #define VERSION "1.0.1"
| /* end confdefs.h.  */
| #include <ac_nonexistent.h>
configure:4029: result: /usr/bin/gcc -E
configure:4053: /usr/bin/gcc -E  conftest.c
configure:4059: $? = 0
configure:4091: /usr/bin/gcc -E  conftest.c
conftest.c:11:28: error: ac_nonexistent.h: No such file or directory
configure:4097: $? = 1
configure: failed program was:
| /* confdefs.h.  */
| 
| #define PACKAGE_NAME "libXxf86misc"
| #define PACKAGE_TARNAME "libXxf86misc"
| #define PACKAGE_VERSION "1.0.1"
| #define PACKAGE_STRING "libXxf86misc 1.0.1"
| #define PACKAGE_BUGREPORT "https://bugs.freedesktop.org/enter_bug.cgi?product=xorg"
| #define PACKAGE "libXxf86misc"
| #define VERSION "1.0.1"
| /* end confdefs.h.  */
| #include <ac_nonexistent.h>
configure:4141: checking for ANSI C header files
configure:4166: /usr/bin/gcc -c -g -O2  conftest.c >&5
configure:4172: $? = 0
configure:4176: test -z 
			 || test ! -s conftest.err
configure:4179: $? = 0
configure:4182: test -s conftest.o
configure:4185: $? = 0
configure:4274: /usr/bin/gcc -o conftest -g -O2   conftest.c  >&5
conftest.c: In function 'main':
conftest.c:28: warning: incompatible implicit declaration of built-in function 'exit'
configure:4277: $? = 0
configure:4279: ./conftest
configure:4282: $? = 0
configure:4297: result: yes
configure:4321: checking for sys/types.h
configure:4337: /usr/bin/gcc -c -g -O2  conftest.c >&5
configure:4343: $? = 0
configure:4347: test -z 
			 || test ! -s conftest.err
configure:4350: $? = 0
configure:4353: test -s conftest.o
configure:4356: $? = 0
configure:4367: result: yes
configure:4321: checking for sys/stat.h
configure:4337: /usr/bin/gcc -c -g -O2  conftest.c >&5
configure:4343: $? = 0
configure:4347: test -z 
			 || test ! -s conftest.err
configure:4350: $? = 0
configure:4353: test -s conftest.o
configure:4356: $? = 0
configure:4367: result: yes
configure:4321: checking for stdlib.h
configure:4337: /usr/bin/gcc -c -g -O2  conftest.c >&5
configure:4343: $? = 0
configure:4347: test -z 
			 || test ! -s conftest.err
configure:4350: $? = 0
configure:4353: test -s conftest.o
configure:4356: $? = 0
configure:4367: result: yes
configure:4321: checking for string.h
configure:4337: /usr/bin/gcc -c -g -O2  conftest.c >&5
configure:4343: $? = 0
configure:4347: test -z 
			 || test ! -s conftest.err
configure:4350: $? = 0
configure:4353: test -s conftest.o
configure:4356: $? = 0
configure:4367: result: yes
configure:4321: checking for memory.h
configure:4337: /usr/bin/gcc -c -g -O2  conftest.c >&5
configure:4343: $? = 0
configure:4347: test -z 
			 || test ! -s conftest.err
configure:4350: $? = 0
configure:4353: test -s conftest.o
configure:4356: $? = 0
configure:4367: result: yes
configure:4321: checking for strings.h
configure:4337: /usr/bin/gcc -c -g -O2  conftest.c >&5
configure:4343: $? = 0
configure:4347: test -z 
			 || test ! -s conftest.err
configure:4350: $? = 0
configure:4353: test -s conftest.o
configure:4356: $? = 0
configure:4367: result: yes
configure:4321: checking for inttypes.h
configure:4337: /usr/bin/gcc -c -g -O2  conftest.c >&5
configure:4343: $? = 0
configure:4347: test -z 
			 || test ! -s conftest.err
configure:4350: $? = 0
configure:4353: test -s conftest.o
configure:4356: $? = 0
configure:4367: result: yes
configure:4321: checking for stdint.h
configure:4337: /usr/bin/gcc -c -g -O2  conftest.c >&5
configure:4343: $? = 0
configure:4347: test -z 
			 || test ! -s conftest.err
configure:4350: $? = 0
configure:4353: test -s conftest.o
configure:4356: $? = 0
configure:4367: result: yes
configure:4321: checking for unistd.h
configure:4337: /usr/bin/gcc -c -g -O2  conftest.c >&5
configure:4343: $? = 0
configure:4347: test -z 
			 || test ! -s conftest.err
configure:4350: $? = 0
configure:4353: test -s conftest.o
configure:4356: $? = 0
configure:4367: result: yes
configure:4393: checking dlfcn.h usability
configure:4405: /usr/bin/gcc -c -g -O2  conftest.c >&5
configure:4411: $? = 0
configure:4415: test -z 
			 || test ! -s conftest.err
configure:4418: $? = 0
configure:4421: test -s conftest.o
configure:4424: $? = 0
configure:4434: result: yes
configure:4438: checking dlfcn.h presence
configure:4448: /usr/bin/gcc -E  conftest.c
configure:4454: $? = 0
configure:4474: result: yes
configure:4509: checking for dlfcn.h
configure:4516: result: yes
configure:4581: checking for g++
configure:4597: found /usr/bin/g++
configure:4607: result: g++
configure:4623: checking for C++ compiler version
configure:4626: g++ --version </dev/null >&5
g++ (GCC) 4.2.1 (Based on Apple Inc. build 5555)
Copyright (C) 2007 Free Software Foundation, Inc.
This is free software; see the source for copying conditions.  There is NO
warranty; not even for MERCHANTABILITY or FITNESS FOR A PARTICULAR PURPOSE.

configure:4629: $? = 0
configure:4631: g++ -v </dev/null >&5
Using built-in specs.
Target: arm-apple-darwin9
Configured with: ../llvm-gcc-4.2/configure --build=x86_64-unknown-linux-gnu --host=arm-apple-darwin9 --enable-static=no --enable-shared=yes --prefix=/usr --localstatedir=/var/cache/iphone-gcc --enable-languages=c,c++,objc,obj-c++ --enable-wchar_t=no --with-gxx-include-dir=/usr/include/c++/4.0.0
Thread model: posix
gcc version 4.2.1 (Based on Apple Inc. build 5555)
configure:4634: $? = 0
configure:4636: g++ -V </dev/null >&5
g++: '-V' option must have argument
configure:4639: $? = 1
configure:4642: checking whether we are using the GNU C++ compiler
configure:4666: g++ -c   conftest.cc >&5
configure:4672: $? = 0
configure:4676: test -z 
			 || test ! -s conftest.err
configure:4679: $? = 0
configure:4682: test -s conftest.o
configure:4685: $? = 0
configure:4698: result: yes
configure:4704: checking whether g++ accepts -g
configure:4725: g++ -c -g  conftest.cc >&5
configure:4731: $? = 0
configure:4735: test -z 
			 || test ! -s conftest.err
configure:4738: $? = 0
configure:4741: test -s conftest.o
configure:4744: $? = 0
configure:4755: result: yes
configure:4797: g++ -c -g -O2  conftest.cc >&5
configure:4803: $? = 0
configure:4807: test -z 
			 || test ! -s conftest.err
configure:4810: $? = 0
configure:4813: test -s conftest.o
configure:4816: $? = 0
configure:4842: g++ -c -g -O2  conftest.cc >&5
conftest.cc: In function 'int main()':
conftest.cc:26: error: 'exit' was not declared in this scope
configure:4848: $? = 1
configure: failed program was:
| /* confdefs.h.  */
| 
| #define PACKAGE_NAME "libXxf86misc"
| #define PACKAGE_TARNAME "libXxf86misc"
| #define PACKAGE_VERSION "1.0.1"
| #define PACKAGE_STRING "libXxf86misc 1.0.1"
| #define PACKAGE_BUGREPORT "https://bugs.freedesktop.org/enter_bug.cgi?product=xorg"
| #define PACKAGE "libXxf86misc"
| #define VERSION "1.0.1"
| #define STDC_HEADERS 1
| #define HAVE_SYS_TYPES_H 1
| #define HAVE_SYS_STAT_H 1
| #define HAVE_STDLIB_H 1
| #define HAVE_STRING_H 1
| #define HAVE_MEMORY_H 1
| #define HAVE_STRINGS_H 1
| #define HAVE_INTTYPES_H 1
| #define HAVE_STDINT_H 1
| #define HAVE_UNISTD_H 1
| #define HAVE_DLFCN_H 1
| /* end confdefs.h.  */
| 
| int
| main ()
| {
| exit (42);
|   ;
|   return 0;
| }
configure:4797: g++ -c -g -O2  conftest.cc >&5
conftest.cc:22: error: 'void std::exit(int)' should have been declared inside 'std'
In file included from conftest.cc:23:
/home/chris/sdk2/stdlib.h:159: error: declaration of 'void std::exit(int)' throws different exceptions
conftest.cc:22: error: from previous declaration 'void std::exit(int) throw ()'
configure:4803: $? = 1
configure: failed program was:
| /* confdefs.h.  */
| 
| #define PACKAGE_NAME "libXxf86misc"
| #define PACKAGE_TARNAME "libXxf86misc"
| #define PACKAGE_VERSION "1.0.1"
| #define PACKAGE_STRING "libXxf86misc 1.0.1"
| #define PACKAGE_BUGREPORT "https://bugs.freedesktop.org/enter_bug.cgi?product=xorg"
| #define PACKAGE "libXxf86misc"
| #define VERSION "1.0.1"
| #define STDC_HEADERS 1
| #define HAVE_SYS_TYPES_H 1
| #define HAVE_SYS_STAT_H 1
| #define HAVE_STDLIB_H 1
| #define HAVE_STRING_H 1
| #define HAVE_MEMORY_H 1
| #define HAVE_STRINGS_H 1
| #define HAVE_INTTYPES_H 1
| #define HAVE_STDINT_H 1
| #define HAVE_UNISTD_H 1
| #define HAVE_DLFCN_H 1
| /* end confdefs.h.  */
| extern "C" void std::exit (int) throw (); using std::exit;
| #include <stdlib.h>
| int
| main ()
| {
| exit (42);
|   ;
|   return 0;
| }
configure:4797: g++ -c -g -O2  conftest.cc >&5
conftest.cc:22: error: 'void std::exit(int)' should have been declared inside 'std'
configure:4803: $? = 1
configure: failed program was:
| /* confdefs.h.  */
| 
| #define PACKAGE_NAME "libXxf86misc"
| #define PACKAGE_TARNAME "libXxf86misc"
| #define PACKAGE_VERSION "1.0.1"
| #define PACKAGE_STRING "libXxf86misc 1.0.1"
| #define PACKAGE_BUGREPORT "https://bugs.freedesktop.org/enter_bug.cgi?product=xorg"
| #define PACKAGE "libXxf86misc"
| #define VERSION "1.0.1"
| #define STDC_HEADERS 1
| #define HAVE_SYS_TYPES_H 1
| #define HAVE_SYS_STAT_H 1
| #define HAVE_STDLIB_H 1
| #define HAVE_STRING_H 1
| #define HAVE_MEMORY_H 1
| #define HAVE_STRINGS_H 1
| #define HAVE_INTTYPES_H 1
| #define HAVE_STDINT_H 1
| #define HAVE_UNISTD_H 1
| #define HAVE_DLFCN_H 1
| /* end confdefs.h.  */
| extern "C" void std::exit (int); using std::exit;
| #include <stdlib.h>
| int
| main ()
| {
| exit (42);
|   ;
|   return 0;
| }
configure:4797: g++ -c -g -O2  conftest.cc >&5
In file included from conftest.cc:23:
/home/chris/sdk2/stdlib.h:159: error: declaration of 'void exit(int)' throws different exceptions
conftest.cc:22: error: from previous declaration 'void exit(int) throw ()'
configure:4803: $? = 1
configure: failed program was:
| /* confdefs.h.  */
| 
| #define PACKAGE_NAME "libXxf86misc"
| #define PACKAGE_TARNAME "libXxf86misc"
| #define PACKAGE_VERSION "1.0.1"
| #define PACKAGE_STRING "libXxf86misc 1.0.1"
| #define PACKAGE_BUGREPORT "https://bugs.freedesktop.org/enter_bug.cgi?product=xorg"
| #define PACKAGE "libXxf86misc"
| #define VERSION "1.0.1"
| #define STDC_HEADERS 1
| #define HAVE_SYS_TYPES_H 1
| #define HAVE_SYS_STAT_H 1
| #define HAVE_STDLIB_H 1
| #define HAVE_STRING_H 1
| #define HAVE_MEMORY_H 1
| #define HAVE_STRINGS_H 1
| #define HAVE_INTTYPES_H 1
| #define HAVE_STDINT_H 1
| #define HAVE_UNISTD_H 1
| #define HAVE_DLFCN_H 1
| /* end confdefs.h.  */
| extern "C" void exit (int) throw ();
| #include <stdlib.h>
| int
| main ()
| {
| exit (42);
|   ;
|   return 0;
| }
configure:4797: g++ -c -g -O2  conftest.cc >&5
configure:4803: $? = 0
configure:4807: test -z 
			 || test ! -s conftest.err
configure:4810: $? = 0
configure:4813: test -s conftest.o
configure:4816: $? = 0
configure:4842: g++ -c -g -O2  conftest.cc >&5
configure:4848: $? = 0
configure:4852: test -z 
			 || test ! -s conftest.err
configure:4855: $? = 0
configure:4858: test -s conftest.o
configure:4861: $? = 0
configure:4886: checking dependency style of g++
configure:4976: result: gcc3
configure:5003: checking how to run the C++ preprocessor
configure:5034: g++ -E  conftest.cc
configure:5040: $? = 0
configure:5072: g++ -E  conftest.cc
conftest.cc:25:28: error: ac_nonexistent.h: No such file or directory
configure:5078: $? = 1
configure: failed program was:
| /* confdefs.h.  */
| 
| #define PACKAGE_NAME "libXxf86misc"
| #define PACKAGE_TARNAME "libXxf86misc"
| #define PACKAGE_VERSION "1.0.1"
| #define PACKAGE_STRING "libXxf86misc 1.0.1"
| #define PACKAGE_BUGREPORT "https://bugs.freedesktop.org/enter_bug.cgi?product=xorg"
| #define PACKAGE "libXxf86misc"
| #define VERSION "1.0.1"
| #define STDC_HEADERS 1
| #define HAVE_SYS_TYPES_H 1
| #define HAVE_SYS_STAT_H 1
| #define HAVE_STDLIB_H 1
| #define HAVE_STRING_H 1
| #define HAVE_MEMORY_H 1
| #define HAVE_STRINGS_H 1
| #define HAVE_INTTYPES_H 1
| #define HAVE_STDINT_H 1
| #define HAVE_UNISTD_H 1
| #define HAVE_DLFCN_H 1
| #ifdef __cplusplus
| extern "C" void exit (int);
| #endif
| /* end confdefs.h.  */
| #include <ac_nonexistent.h>
configure:5117: result: g++ -E
configure:5141: g++ -E  conftest.cc
configure:5147: $? = 0
configure:5179: g++ -E  conftest.cc
conftest.cc:25:28: error: ac_nonexistent.h: No such file or directory
configure:5185: $? = 1
configure: failed program was:
| /* confdefs.h.  */
| 
| #define PACKAGE_NAME "libXxf86misc"
| #define PACKAGE_TARNAME "libXxf86misc"
| #define PACKAGE_VERSION "1.0.1"
| #define PACKAGE_STRING "libXxf86misc 1.0.1"
| #define PACKAGE_BUGREPORT "https://bugs.freedesktop.org/enter_bug.cgi?product=xorg"
| #define PACKAGE "libXxf86misc"
| #define VERSION "1.0.1"
| #define STDC_HEADERS 1
| #define HAVE_SYS_TYPES_H 1
| #define HAVE_SYS_STAT_H 1
| #define HAVE_STDLIB_H 1
| #define HAVE_STRING_H 1
| #define HAVE_MEMORY_H 1
| #define HAVE_STRINGS_H 1
| #define HAVE_INTTYPES_H 1
| #define HAVE_STDINT_H 1
| #define HAVE_UNISTD_H 1
| #define HAVE_DLFCN_H 1
| #ifdef __cplusplus
| extern "C" void exit (int);
| #endif
| /* end confdefs.h.  */
| #include <ac_nonexistent.h>
configure:5282: checking for g77
configure:5311: result: no
configure:5282: checking for f77
configure:5311: result: no
configure:5282: checking for xlf
configure:5311: result: no
configure:5282: checking for frt
configure:5311: result: no
configure:5282: checking for pgf77
configure:5311: result: no
configure:5282: checking for fort77
configure:5311: result: no
configure:5282: checking for fl32
configure:5311: result: no
configure:5282: checking for af77
configure:5311: result: no
configure:5282: checking for f90
configure:5311: result: no
configure:5282: checking for xlf90
configure:5311: result: no
configure:5282: checking for pgf90
configure:5311: result: no
configure:5282: checking for epcf90
configure:5311: result: no
configure:5282: checking for f95
configure:5311: result: no
configure:5282: checking for fort
configure:5311: result: no
configure:5282: checking for xlf95
configure:5311: result: no
configure:5282: checking for ifc
configure:5311: result: no
configure:5282: checking for efc
configure:5311: result: no
configure:5282: checking for pgf95
configure:5311: result: no
configure:5282: checking for lf95
configure:5311: result: no
configure:5282: checking for gfortran
configure:5311: result: no
configure:5323: checking for Fortran 77 compiler version
configure:5326:  --version </dev/null >&5
./configure: line 5327: --version: command not found
configure:5329: $? = 127
configure:5331:  -v </dev/null >&5
./configure: line 5332: -v: command not found
configure:5334: $? = 127
configure:5336:  -V </dev/null >&5
./configure: line 5337: -V: command not found
configure:5339: $? = 127
configure:5347: checking whether we are using the GNU Fortran 77 compiler
configure:5361:  -c  conftest.F >&5
./configure: line 5362: -c: command not found
configure:5367: $? = 127
configure: failed program was:
|       program main
| #ifndef __GNUC__
|        choke me
| #endif
| 
|       end
configure:5393: result: no
configure:5399: checking whether  accepts -g
configure:5411:  -c -g conftest.f >&5
./configure: line 5412: -c: command not found
configure:5417: $? = 127
configure: failed program was:
|       program main
| 
|       end
configure:5442: result: no
configure:5472: checking the maximum length of command line arguments
configure:5581: result: 196608
configure:5592: checking command to parse /usr/bin/nm -p output from /usr/bin/gcc object
configure:5697: /usr/bin/gcc -c -g -O2  conftest.c >&5
configure:5700: $? = 0
configure:5704: /usr/bin/nm -p conftest.o \| sed -n -e 's/^.*[ 	]\([BCDEGRST][BCDEGRST]*\)[ 	][ 	]*\([_A-Za-z][_A-Za-z0-9]*\)$/\1 \2 \2/p' \> conftest.nm
configure:5707: $? = 0
cannot find nm_test_var in conftest.nm
configure:5697: /usr/bin/gcc -c -g -O2  conftest.c >&5
configure:5700: $? = 0
configure:5704: /usr/bin/nm -p conftest.o \| sed -n -e 's/^.*[ 	]\([BCDEGRST][BCDEGRST]*\)[ 	][ 	]*_\([_A-Za-z][_A-Za-z0-9]*\)$/\1 _\2 \2/p' \> conftest.nm
configure:5707: $? = 0
configure:5759: /usr/bin/gcc -o conftest -g -O2   conftest.c conftstm.o >&5
configure:5762: $? = 0
configure:5800: result: ok
configure:5804: checking for objdir
configure:5819: result: .libs
configure:5909: checking for ar
configure:5925: found /usr/bin/ar
configure:5936: result: ar
configure:5989: checking for ranlib
configure:6005: found /usr/bin/ranlib
configure:6016: result: ranlib
configure:6069: checking for strip
configure:6085: found /usr/bin/strip
configure:6096: result: strip
configure:6368: checking if /usr/bin/gcc supports -fno-rtti -fno-exceptions
configure:6386: /usr/bin/gcc -c -g -O2  -fno-rtti -fno-exceptions conftest.c >&5
cc1: warning: command line option "-fno-rtti" is valid for C++/ObjC++ but not for C
configure:6390: $? = 0
configure:6403: result: no
configure:6418: checking for /usr/bin/gcc option to produce PIC
configure:6628: result: -fno-common
configure:6636: checking if /usr/bin/gcc PIC flag -fno-common works
configure:6654: /usr/bin/gcc -c -g -O2  -fno-common -DPIC conftest.c >&5
configure:6658: $? = 0
configure:6671: result: yes
configure:6699: checking if /usr/bin/gcc static flag -static works
configure:6727: result: no
configure:6737: checking if /usr/bin/gcc supports -c -o file.o
configure:6758: /usr/bin/gcc -c -g -O2  -o out/conftest2.o conftest.c >&5
configure:6762: $? = 0
configure:6784: result: yes
configure:6810: checking whether the /usr/bin/gcc linker (/usr/bin/ld) supports shared libraries
configure:7768: result: yes
configure:7835: checking dynamic linker characteristics
configure:8444: result: darwin10.4.0 dyld
configure:8453: checking how to hardcode library paths into programs
configure:8478: result: immediate
configure:8492: checking whether stripping libraries is possible
configure:8505: result: yes
configure:9331: checking if libtool supports shared libraries
configure:9333: result: yes
configure:9336: checking whether to build shared libraries
configure:9357: result: yes
configure:9360: checking whether to build static libraries
configure:9364: result: yes
configure:9456: creating libtool
configure:10044: checking for ld used by g++
configure:10111: result: /usr/bin/ld
configure:10120: checking if the linker (/usr/bin/ld) is GNU ld
configure:10135: result: no
configure:10186: checking whether the g++ linker (/usr/bin/ld) supports shared libraries
configure:11124: result: yes
configure:11142: g++ -c -g -O2  conftest.cpp >&5
configure:11145: $? = 0
configure:11264: checking for g++ option to produce PIC
configure:11538: result: -fno-common
configure:11546: checking if g++ PIC flag -fno-common works
configure:11564: g++ -c -g -O2  -fno-common -DPIC conftest.cpp >&5
configure:11568: $? = 0
configure:11581: result: yes
configure:11609: checking if g++ static flag -static works
configure:11637: result: no
configure:11647: checking if g++ supports -c -o file.o
configure:11668: g++ -c -g -O2  -o out/conftest2.o conftest.cpp >&5
configure:11672: $? = 0
configure:11694: result: yes
configure:11720: checking whether the g++ linker (/usr/bin/ld) supports shared libraries
configure:11745: result: yes
configure:11812: checking dynamic linker characteristics
configure:12421: result: darwin10.4.0 dyld
configure:12430: checking how to hardcode library paths into programs
configure:12455: result: immediate
configure:18697: checking for pkg-config
configure:18715: found /usr/bin/pkg-config
configure:18727: result: /usr/bin/pkg-config
configure:18742: checking pkg-config is at least version 0.9.0
configure:18745: result: yes
configure:18756: checking for XXF86MISC
configure:18764: $PKG_CONFIG --exists --print-errors "xproto x11 xextproto xext xf86miscproto"
configure:18767: $? = 0
configure:18782: $PKG_CONFIG --exists --print-errors "xproto x11 xextproto xext xf86miscproto"
configure:18785: $? = 0
configure:18861: result: yes
configure:18875: checking whether malloc(0) returns NULL
configure:18900: /usr/bin/gcc -o conftest -g -O2   conftest.c  >&5
conftest.c:2: warning: conflicting types for built-in function 'malloc'
conftest.c:4: warning: conflicting types for built-in function 'calloc'
conftest.c: In function 'main':
conftest.c:11: warning: incompatible implicit declaration of built-in function 'exit'
configure:18903: $? = 0
configure:18905: ./conftest
configure:18908: $? = 1
configure: program exited with status 1
configure: failed program was:
| 
| char *malloc();
| char *realloc();
| char *calloc();
| main() {
|     char *m0, *r0, *c0, *p;
|     m0 = malloc(0);
|     p = malloc(10);
|     r0 = realloc(p,0);
|     c0 = calloc(0);
|     exit(m0 == 0 || r0 == 0 || c0 == 0 ? 0 : 1);
| }
configure:18922: result: no
configure:19179: creating ./config.status

## ---------------------- ##
## Running config.status. ##
## ---------------------- ##

This file was extended by libXxf86misc config.status 1.0.1, which was
generated by GNU Autoconf 2.59.  Invocation command line was

  CONFIG_FILES    = 
  CONFIG_HEADERS  = 
  CONFIG_LINKS    = 
  CONFIG_COMMANDS = 
  $ ./config.status 

on Chriss-iPad

config.status:739: creating Makefile
config.status:739: creating src/Makefile
config.status:739: creating man/Makefile
config.status:739: creating xxf86misc.pc
config.status:843: creating src/config.h
config.status:1131: executing depfiles commands

## ---------------- ##
## Cache variables. ##
## ---------------- ##

ac_cv_build=arm-apple-darwin10.4.0
ac_cv_build_alias=arm-apple-darwin10.4.0
ac_cv_c_compiler_gnu=yes
ac_cv_cxx_compiler_gnu=yes
ac_cv_env_CC_set=set
ac_cv_env_CC_value=/usr/bin/gcc
ac_cv_env_CFLAGS_set=
ac_cv_env_CFLAGS_value=
ac_cv_env_CPPFLAGS_set=
ac_cv_env_CPPFLAGS_value=
ac_cv_env_CPP_set=
ac_cv_env_CPP_value=
ac_cv_env_CXXCPP_set=
ac_cv_env_CXXCPP_value=
ac_cv_env_CXXFLAGS_set=
ac_cv_env_CXXFLAGS_value=
ac_cv_env_CXX_set=
ac_cv_env_CXX_value=
ac_cv_env_F77_set=
ac_cv_env_F77_value=
ac_cv_env_FFLAGS_set=
ac_cv_env_FFLAGS_value=
ac_cv_env_LDFLAGS_set=
ac_cv_env_LDFLAGS_value=
ac_cv_env_PKG_CONFIG_set=
ac_cv_env_PKG_CONFIG_value=
ac_cv_env_XXF86MISC_CFLAGS_set=
ac_cv_env_XXF86MISC_CFLAGS_value=
ac_cv_env_XXF86MISC_LIBS_set=
ac_cv_env_XXF86MISC_LIBS_value=
ac_cv_env_build_alias_set=
ac_cv_env_build_alias_value=
ac_cv_env_host_alias_set=
ac_cv_env_host_alias_value=
ac_cv_env_target_alias_set=
ac_cv_env_target_alias_value=
ac_cv_exeext=
ac_cv_f77_compiler_gnu=no
ac_cv_header_dlfcn_h=yes
ac_cv_header_inttypes_h=yes
ac_cv_header_memory_h=yes
ac_cv_header_stdc=yes
ac_cv_header_stdint_h=yes
ac_cv_header_stdlib_h=yes
ac_cv_header_string_h=yes
ac_cv_header_strings_h=yes
ac_cv_header_sys_stat_h=yes
ac_cv_header_sys_types_h=yes
ac_cv_header_unistd_h=yes
ac_cv_host=arm-apple-darwin10.4.0
ac_cv_host_alias=arm-apple-darwin10.4.0
ac_cv_objext=o
ac_cv_path_ac_pt_PKG_CONFIG=/usr/bin/pkg-config
ac_cv_path_install='/usr/bin/install -c'
ac_cv_prog_AWK=gawk
ac_cv_prog_CPP='/usr/bin/gcc -E'
ac_cv_prog_CXXCPP='g++ -E'
ac_cv_prog_ac_ct_AR=ar
ac_cv_prog_ac_ct_CC=/usr/bin/gcc
ac_cv_prog_ac_ct_CXX=g++
ac_cv_prog_ac_ct_RANLIB=ranlib
ac_cv_prog_ac_ct_STRIP=strip
ac_cv_prog_cc_g=yes
ac_cv_prog_cc_stdc=
ac_cv_prog_cxx_g=yes
ac_cv_prog_egrep='grep -E'
ac_cv_prog_f77_g=no
ac_cv_prog_make_make_set=yes
am_cv_CC_dependencies_compiler_type=gcc3
am_cv_CXX_dependencies_compiler_type=gcc3
lt_cv_deplibs_check_method=pass_all
lt_cv_file_magic_cmd='$MAGIC_CMD'
lt_cv_file_magic_test_file=
lt_cv_ld_reload_flag=-r
lt_cv_objdir=.libs
lt_cv_path_LD=/usr/bin/ld
lt_cv_path_LDCXX=/usr/bin/ld
lt_cv_path_NM='/usr/bin/nm -p'
lt_cv_path_SED=/bin/sed
lt_cv_prog_compiler_c_o=yes
lt_cv_prog_compiler_c_o_CXX=yes
lt_cv_prog_compiler_rtti_exceptions=no
lt_cv_prog_gnu_ld=no
lt_cv_prog_gnu_ldcxx=no
lt_cv_sys_global_symbol_pipe='sed -n -e '\''s/^.*[ 	]\([BCDEGRST][BCDEGRST]*\)[ 	][ 	]*_\([_A-Za-z][_A-Za-z0-9]*\)$/\1 _\2 \2/p'\'''
lt_cv_sys_global_symbol_to_c_name_address='sed -n -e '\''s/^: \([^ ]*\) $/  {\"\1\", (lt_ptr) 0},/p'\'' -e '\''s/^[BCDEGRST] \([^ ]*\) \([^ ]*\)$/  {"\2", (lt_ptr) \&\2},/p'\'''
lt_cv_sys_global_symbol_to_cdecl='sed -n -e '\''s/^. .* \(.*\)$/extern int \1;/p'\'''
lt_cv_sys_max_cmd_len=196608
lt_lt_cv_prog_compiler_c_o='"yes"'
lt_lt_cv_prog_compiler_c_o_CXX='"yes"'
lt_lt_cv_sys_global_symbol_pipe='"sed -n -e '\''s/^.*[ 	]\\([BCDEGRST][BCDEGRST]*\\)[ 	][ 	]*_\\([_A-Za-z][_A-Za-z0-9]*\\)\$/\\1 _\\2 \\2/p'\''"'
lt_lt_cv_sys_global_symbol_to_c_name_address='"sed -n -e '\''s/^: \\([^ ]*\\) \$/  {\\\"\\1\\\", (lt_ptr) 0},/p'\'' -e '\''s/^[BCDEGRST] \\([^ ]*\\) \\([^ ]*\\)\$/  {\"\\2\", (lt_ptr) \\&\\2},/p'\''"'
lt_lt_cv_sys_global_symbol_to_cdecl='"sed -n -e '\''s/^. .* \\(.*\\)\$/extern int \\1;/p'\''"'
pkg_cv_XXF86MISC_CFLAGS=' '
pkg_cv_XXF86MISC_LIBS='-L/usr/local/lib -lX11 -lXext  '

## ----------------- ##
## Output variables. ##
## ----------------- ##

ACLOCAL='${SHELL} /home/chris/xorg/libXxf86misc-1.0.1/missing --run aclocal-1.9'
ADMIN_MAN_DIR='$(mandir)/man$(ADMIN_MAN_SUFFIX)'
ADMIN_MAN_SUFFIX='8'
AMDEPBACKSLASH='\'
AMDEP_FALSE='#'
AMDEP_TRUE=''
AMTAR='${SHELL} /home/chris/xorg/libXxf86misc-1.0.1/missing --run tar'
APP_MAN_DIR='$(mandir)/man$(APP_MAN_SUFFIX)'
APP_MAN_SUFFIX='1'
AR='ar'
AUTOCONF='${SHELL} /home/chris/xorg/libXxf86misc-1.0.1/missing --run autoconf'
AUTOHEADER='${SHELL} /home/chris/xorg/libXxf86misc-1.0.1/missing --run autoheader'
AUTOMAKE='${SHELL} /home/chris/xorg/libXxf86misc-1.0.1/missing --run automake-1.9'
AWK='gawk'
CC='/usr/bin/gcc'
CCDEPMODE='depmode=gcc3'
CFLAGS='-g -O2'
CPP='/usr/bin/gcc -E'
CPPFLAGS=''
CXX='g++'
CXXCPP='g++ -E'
CXXDEPMODE='depmode=gcc3'
CXXFLAGS='-g -O2'
CYGPATH_W='echo'
DEFS='-DHAVE_CONFIG_H'
DEPDIR='.deps'
DRIVER_MAN_DIR='$(mandir)/man$(DRIVER_MAN_SUFFIX)'
DRIVER_MAN_SUFFIX='4'
ECHO='echo'
ECHO_C=''
ECHO_N='-n'
ECHO_T=''
EGREP='grep -E'
EXEEXT=''
F77=''
FFLAGS=''
FILE_MAN_DIR='$(mandir)/man$(FILE_MAN_SUFFIX)'
FILE_MAN_SUFFIX='5'
INSTALL_DATA='${INSTALL} -m 644'
INSTALL_PROGRAM='${INSTALL}'
INSTALL_SCRIPT='${INSTALL}'
INSTALL_STRIP_PROGRAM='${SHELL} $(install_sh) -c -s'
LDFLAGS=''
LIBOBJS=''
LIBS=''
LIBTOOL='$(SHELL) $(top_builddir)/libtool'
LIB_MAN_DIR='$(mandir)/man$(LIB_MAN_SUFFIX)'
LIB_MAN_SUFFIX='3'
LN_S='ln -s'
LTLIBOBJS=''
MAINT='#'
MAINTAINER_MODE_FALSE=''
MAINTAINER_MODE_TRUE='#'
MAKEINFO='${SHELL} /home/chris/xorg/libXxf86misc-1.0.1/missing --run makeinfo'
MALLOC_ZERO_CFLAGS=''
MISC_MAN_DIR='$(mandir)/man$(MISC_MAN_SUFFIX)'
MISC_MAN_SUFFIX='7'
OBJEXT='o'
PACKAGE='libXxf86misc'
PACKAGE_BUGREPORT='https://bugs.freedesktop.org/enter_bug.cgi?product=xorg'
PACKAGE_NAME='libXxf86misc'
PACKAGE_STRING='libXxf86misc 1.0.1'
PACKAGE_TARNAME='libXxf86misc'
PACKAGE_VERSION='1.0.1'
PATH_SEPARATOR=':'
PKG_CONFIG='/usr/bin/pkg-config'
RANLIB='ranlib'
SET_MAKE=''
SHELL='/bin/sh'
STRIP='strip'
VERSION='1.0.1'
XMALLOC_ZERO_CFLAGS=''
XTMALLOC_ZERO_CFLAGS=''
XXF86MISC_CFLAGS=' '
XXF86MISC_LIBS='-L/usr/local/lib -lX11 -lXext  '
ac_ct_AR='ar'
ac_ct_CC='/usr/bin/gcc'
ac_ct_CXX='g++'
ac_ct_F77=''
ac_ct_RANLIB='ranlib'
ac_ct_STRIP='strip'
ac_pt_PKG_CONFIG='/usr/bin/pkg-config'
am__fastdepCC_FALSE='#'
am__fastdepCC_TRUE=''
am__fastdepCXX_FALSE='#'
am__fastdepCXX_TRUE=''
am__include='include'
am__leading_dot='.'
am__quote=''
am__tar='${AMTAR} chof - "$$tardir"'
am__untar='${AMTAR} xf -'
bindir='${exec_prefix}/bin'
build='arm-apple-darwin10.4.0'
build_alias=''
build_cpu='arm'
build_os='darwin10.4.0'
build_vendor='apple'
datadir='${prefix}/share'
exec_prefix='${prefix}'
host='arm-apple-darwin10.4.0'
host_alias=''
host_cpu='arm'
host_os='darwin10.4.0'
host_vendor='apple'
includedir='${prefix}/include'
infodir='${prefix}/info'
install_sh='/home/chris/xorg/libXxf86misc-1.0.1/install-sh'
libdir='${exec_prefix}/lib'
libexecdir='${exec_prefix}/libexec'
localstatedir='${prefix}/var'
mandir='${prefix}/man'
mkdir_p='mkdir -p --'
oldincludedir='/usr/include'
prefix='/usr/local'
program_transform_name='s,x,x,'
sbindir='${exec_prefix}/sbin'
sharedstatedir='${prefix}/com'
sysconfdir='${prefix}/etc'
target_alias=''

## ----------- ##
## confdefs.h. ##
## ----------- ##

#define HAVE_DLFCN_H 1
#define HAVE_INTTYPES_H 1
#define HAVE_MEMORY_H 1
#define HAVE_STDINT_H 1
#define HAVE_STDLIB_H 1
#define HAVE_STRINGS_H 1
#define HAVE_STRING_H 1
#define HAVE_SYS_STAT_H 1
#define HAVE_SYS_TYPES_H 1
#define HAVE_UNISTD_H 1
#define PACKAGE "libXxf86misc"
#define PACKAGE_BUGREPORT "https://bugs.freedesktop.org/enter_bug.cgi?product=xorg"
#define PACKAGE_NAME "libXxf86misc"
#define PACKAGE_STRING "libXxf86misc 1.0.1"
#define PACKAGE_TARNAME "libXxf86misc"
#define PACKAGE_VERSION "1.0.1"
#define STDC_HEADERS 1
#define VERSION "1.0.1"
#endif
#ifdef __cplusplus
extern "C" void exit (int);

configure: exit 0
