This file contains any messages produced by compilers while
running configure, to aid debugging if configure makes a mistake.

It was created by configure, which was
generated by GNU Autoconf 2.52.20101002.  Invocation command line was

  $ ./configure 

## ---------- ##
## Platform.  ##
## ---------- ##

hostname = Chriss-iPad
uname -m = iPad1,1
uname -r = 11.0.0
uname -s = Darwin
uname -v = Darwin Kernel Version 11.0.0: Sun Apr  8 21:51:26 PDT 2012; root:xnu-1878.11.10~1/RELEASE_ARM_S5L8930X

/usr/bin/uname -p = unknown
/bin/uname -X     = unknown

/bin/arch              = unknown
/usr/bin/arch -k       = unknown
/usr/convex/getsysinfo = unknown
hostinfo               = Mach kernel version:
	 Darwin Kernel Version 11.0.0: Sun Apr  8 21:51:26 PDT 2012; root:xnu-1878.11.10~1/RELEASE_ARM_S5L8930X
Kernel configured for a single processor only.
1 processor is physically available.
1 processor is logically available.
Processor type: armv7 (arm v7)
Processor active: 0
Primary memory available: 246.98 megabytes
Default processor set: 49 tasks, 258 threads, 1 processors
Load average: 2.30, Mach factor: 0.21
/bin/machine           = unknown
/usr/bin/oslevel       = unknown
/bin/universe          = unknown

PATH = /usr/local/sbin:/usr/local/bin:/usr/sbin:/usr/bin:/sbin:/bin:/usr/bin/X11:/usr/games:/usr/local/Gambit-C/bin:/home/chris/apache-ant-1.7.1/bin

## ------------ ##
## Core tests.  ##
## ------------ ##

configure:1053: PATH=".;."; conftest.sh
./configure: line 1054: conftest.sh: command not found
configure:1056: $? = 127
configure:1098: checking build system type
configure:1116: result: arm-apple-darwin11.0.0
configure:1124: checking host system type
configure:1138: result: arm-apple-darwin11.0.0
configure:1163: result: Configuring for darwin11.0.0
configure:1229: checking for gcc
configure:1252: result: /usr/bin/gcc
configure:1480: checking for C compiler version
configure:1483: /usr/bin/gcc --version </dev/null >&5
gcc (GCC) 4.2.1 (Based on Apple Inc. build 5555)
Copyright (C) 2007 Free Software Foundation, Inc.
This is free software; see the source for copying conditions.  There is NO
warranty; not even for MERCHANTABILITY or FITNESS FOR A PARTICULAR PURPOSE.

configure:1486: $? = 0
configure:1488: /usr/bin/gcc -v </dev/null >&5
Using built-in specs.
Target: arm-apple-darwin9
Configured with: ../llvm-gcc-4.2/configure --build=x86_64-unknown-linux-gnu --host=arm-apple-darwin9 --enable-static=no --enable-shared=yes --prefix=/usr --localstatedir=/var/cache/iphone-gcc --enable-languages=c,c++,objc,obj-c++ --enable-wchar_t=no --with-gxx-include-dir=/usr/include/c++/4.0.0
Thread model: posix
gcc version 4.2.1 (Based on Apple Inc. build 5555)
configure:1491: $? = 0
configure:1493: /usr/bin/gcc -V </dev/null >&5
gcc: '-V' option must have argument
configure:1496: $? = 1
configure:1516: checking for C compiler default output
configure:1519: /usr/bin/gcc    conftest.c  >&5
configure:1522: $? = 0
configure:1551: result: a.out
configure:1556: checking whether the C compiler works
configure:1562: ./a.out
./configure: line 1563:  2522 Killed: 9               ./$ac_file
configure:1565: $? = 137
configure:1572: error: cannot run C compiled programs.
If you meant to cross compile, use `--host'.

## ----------------- ##
## Cache variables.  ##
## ----------------- ##

ac_cv_build=arm-apple-darwin11.0.0
ac_cv_build_alias=arm-apple-darwin11.0.0
ac_cv_env_CC_set=set
ac_cv_env_CC_value=/usr/bin/gcc
ac_cv_env_CFLAGS_set=
ac_cv_env_CFLAGS_value=
ac_cv_env_CPPFLAGS_set=
ac_cv_env_CPPFLAGS_value=
ac_cv_env_CPP_set=
ac_cv_env_CPP_value=
ac_cv_env_LDFLAGS_set=
ac_cv_env_LDFLAGS_value=
ac_cv_env_build_alias_set=
ac_cv_env_build_alias_value=
ac_cv_env_host_alias_set=
ac_cv_env_host_alias_value=
ac_cv_env_target_alias_set=
ac_cv_env_target_alias_value=
ac_cv_host=arm-apple-darwin11.0.0
ac_cv_host_alias=arm-apple-darwin11.0.0
ac_cv_prog_ac_ct_CC=/usr/bin/gcc
cf_cv_system_name=darwin11.0.0

## ------------ ##
## confdefs.h.  ##
## ------------ ##

#define SYSTEM_NAME "darwin11.0.0"


configure: exit 1
