This file contains any messages produced by compilers while
running configure, to aid debugging if configure makes a mistake.

It was created by libgcrypt configure 1.5.0, which was
generated by GNU Autoconf 2.64.  Invocation command line was

  $ ./configure 

## --------- ##
## Platform. ##
## --------- ##

hostname = Chriss-iPad
uname -m = iPad1,1
uname -r = 10.4.0
uname -s = Darwin
uname -v = Darwin Kernel Version 10.4.0: Wed Oct 20 20:14:45 PDT 2010; root:xnu-1504.58.28~3/RELEASE_ARM_S5L8930X

/usr/bin/uname -p = unknown
/bin/uname -X     = unknown

/bin/arch              = unknown
/usr/bin/arch -k       = unknown
/usr/convex/getsysinfo = unknown
/usr/bin/hostinfo      = Mach kernel version:
	 Darwin Kernel Version 10.4.0: Wed Oct 20 20:14:45 PDT 2010; root:xnu-1504.58.28~3/RELEASE_ARM_S5L8930X
Kernel configured for a single processor only.
1 processor is physically available.
1 processor is logically available.
Processor type: armv7 (arm v7)
Processor active: 0
Primary memory available: 247.00 megabytes
Default processor set: 30 tasks, 232 threads, 1 processors
Load average: 2.07, Mach factor: 0.31
/bin/machine           = unknown
/usr/bin/oslevel       = unknown
/bin/universe          = unknown

PATH: /usr/local/sbin
PATH: /usr/local/bin
PATH: /usr/sbin
PATH: /usr/bin
PATH: /sbin
PATH: /bin
PATH: /usr/bin/X11
PATH: /usr/games
PATH: /var/mobile/ocaml-3.12.0/bin


## ----------- ##
## Core tests. ##
## ----------- ##

configure:2787: checking for a BSD-compatible install
configure:2855: result: /usr/bin/install -c
configure:2866: checking whether build environment is sane
configure:2916: result: yes
configure:3057: checking for a thread-safe mkdir -p
configure:3096: result: /bin/mkdir -p
configure:3109: checking for gawk
configure:3125: found /usr/bin/gawk
configure:3136: result: gawk
configure:3147: checking whether make sets $(MAKE)
configure:3169: result: yes
configure:3257: checking build system type
configure:3271: result: arm-apple-darwin10.4.0
configure:3291: checking host system type
configure:3304: result: arm-apple-darwin10.4.0
configure:3325: checking whether to enable maintainer-specific portions of Makefiles
configure:3334: result: no
configure:3376: checking whether make sets $(MAKE)
configure:3398: result: yes
configure:3469: checking for gcc
configure:3496: result: /usr/bin/gcc
configure:3725: checking for C compiler version
configure:3734: /usr/bin/gcc --version >&5
gcc (GCC) 4.2.1 (Based on Apple Inc. build 5555)
Copyright (C) 2007 Free Software Foundation, Inc.
This is free software; see the source for copying conditions.  There is NO
warranty; not even for MERCHANTABILITY or FITNESS FOR A PARTICULAR PURPOSE.

configure:3745: $? = 0
configure:3734: /usr/bin/gcc -v >&5
Using built-in specs.
Target: arm-apple-darwin9
Configured with: ../llvm-gcc-4.2/configure --build=x86_64-unknown-linux-gnu --host=arm-apple-darwin9 --enable-static=no --enable-shared=yes --prefix=/usr --localstatedir=/var/cache/iphone-gcc --enable-languages=c,c++,objc,obj-c++ --enable-wchar_t=no --with-gxx-include-dir=/usr/include/c++/4.0.0
Thread model: posix
gcc version 4.2.1 (Based on Apple Inc. build 5555)
configure:3745: $? = 0
configure:3734: /usr/bin/gcc -V >&5
gcc: '-V' option must have argument
configure:3745: $? = 1
configure:3734: /usr/bin/gcc -qversion >&5
gcc: no input files
configure:3745: $? = 1
configure:3767: checking for C compiler default output file name
configure:3789: /usr/bin/gcc    conftest.c  >&5
configure:3793: $? = 0
configure:3830: result: a.out
configure:3846: checking whether the C compiler works
configure:3855: ./a.out
configure:3859: $? = 0
configure:3874: result: yes
configure:3881: checking whether we are cross compiling
configure:3883: result: no
configure:3886: checking for suffix of executables
configure:3893: /usr/bin/gcc -o conftest    conftest.c  >&5
configure:3897: $? = 0
configure:3919: result: 
configure:3925: checking for suffix of object files
configure:3947: /usr/bin/gcc -c   conftest.c >&5
configure:3951: $? = 0
configure:3972: result: o
configure:3976: checking whether we are using the GNU C compiler
configure:3995: /usr/bin/gcc -c   conftest.c >&5
configure:3995: $? = 0
configure:4004: result: yes
configure:4013: checking whether /usr/bin/gcc accepts -g
configure:4033: /usr/bin/gcc -c -g  conftest.c >&5
configure:4033: $? = 0
configure:4074: result: yes
configure:4091: checking for /usr/bin/gcc option to accept ISO C89
configure:4155: /usr/bin/gcc  -c -g -O2  conftest.c >&5
configure:4155: $? = 0
configure:4168: result: none needed
configure:4199: checking for style of include used by make
configure:4227: result: GNU
configure:4252: checking dependency style of /usr/bin/gcc
configure:4362: result: gcc3
configure:4382: checking how to run the C preprocessor
configure:4413: /usr/bin/gcc -E  conftest.c
configure:4413: $? = 0
configure:4427: /usr/bin/gcc -E  conftest.c
conftest.c:13:28: error: ac_nonexistent.h: No such file or directory
configure:4427: $? = 1
configure: failed program was:
| /* confdefs.h */
| #define PACKAGE_NAME "libgcrypt"
| #define PACKAGE_TARNAME "libgcrypt"
| #define PACKAGE_VERSION "1.5.0"
| #define PACKAGE_STRING "libgcrypt 1.5.0"
| #define PACKAGE_BUGREPORT "bug-libgcrypt@gnupg.org"
| #define PACKAGE_URL ""
| #define PACKAGE "libgcrypt"
| #define VERSION "1.5.0"
| #define PACKAGE "libgcrypt"
| #define VERSION "1.5.0"
| /* end confdefs.h.  */
| #include <ac_nonexistent.h>
configure:4452: result: /usr/bin/gcc -E
configure:4472: /usr/bin/gcc -E  conftest.c
configure:4472: $? = 0
configure:4486: /usr/bin/gcc -E  conftest.c
conftest.c:13:28: error: ac_nonexistent.h: No such file or directory
configure:4486: $? = 1
configure: failed program was:
| /* confdefs.h */
| #define PACKAGE_NAME "libgcrypt"
| #define PACKAGE_TARNAME "libgcrypt"
| #define PACKAGE_VERSION "1.5.0"
| #define PACKAGE_STRING "libgcrypt 1.5.0"
| #define PACKAGE_BUGREPORT "bug-libgcrypt@gnupg.org"
| #define PACKAGE_URL ""
| #define PACKAGE "libgcrypt"
| #define VERSION "1.5.0"
| #define PACKAGE "libgcrypt"
| #define VERSION "1.5.0"
| /* end confdefs.h.  */
| #include <ac_nonexistent.h>
configure:4515: checking whether /usr/bin/gcc and cc understand -c and -o together
configure:4546: /usr/bin/gcc -c conftest.c -o conftest2.o >&5
configure:4550: $? = 0
configure:4556: /usr/bin/gcc -c conftest.c -o conftest2.o >&5
configure:4560: $? = 0
configure:4571: cc -c conftest.c >&5
configure:4575: $? = 0
configure:4583: cc -c conftest.c -o conftest2.o >&5
configure:4587: $? = 0
configure:4593: cc -c conftest.c -o conftest2.o >&5
configure:4597: $? = 0
configure:4615: result: yes
configure:4649: checking dependency style of /usr/bin/gcc
configure:4757: result: gcc3
configure:4773: checking for library containing strerror
configure:4804: /usr/bin/gcc -o conftest -g -O2   conftest.c  >&5
configure:4804: $? = 0
configure:4821: result: none required
configure:4834: checking for gawk
configure:4861: result: gawk
configure:4874: checking for grep that handles long lines and -e
configure:4932: result: /bin/grep
configure:4937: checking for egrep
configure:4999: result: /bin/grep -E
configure:5004: checking for ANSI C header files
configure:5024: /usr/bin/gcc -c -g -O2  conftest.c >&5
configure:5024: $? = 0
configure:5097: /usr/bin/gcc -o conftest -g -O2   conftest.c  >&5
configure:5097: $? = 0
configure:5097: ./conftest
configure:5097: $? = 0
configure:5108: result: yes
configure:5121: checking for sys/types.h
configure:5121: /usr/bin/gcc -c -g -O2  conftest.c >&5
configure:5121: $? = 0
configure:5121: result: yes
configure:5121: checking for sys/stat.h
configure:5121: /usr/bin/gcc -c -g -O2  conftest.c >&5
configure:5121: $? = 0
configure:5121: result: yes
configure:5121: checking for stdlib.h
configure:5121: /usr/bin/gcc -c -g -O2  conftest.c >&5
configure:5121: $? = 0
configure:5121: result: yes
configure:5121: checking for string.h
configure:5121: /usr/bin/gcc -c -g -O2  conftest.c >&5
configure:5121: $? = 0
configure:5121: result: yes
configure:5121: checking for memory.h
configure:5121: /usr/bin/gcc -c -g -O2  conftest.c >&5
configure:5121: $? = 0
configure:5121: result: yes
configure:5121: checking for strings.h
configure:5121: /usr/bin/gcc -c -g -O2  conftest.c >&5
configure:5121: $? = 0
configure:5121: result: yes
configure:5121: checking for inttypes.h
configure:5121: /usr/bin/gcc -c -g -O2  conftest.c >&5
configure:5121: $? = 0
configure:5121: result: yes
configure:5121: checking for stdint.h
configure:5121: /usr/bin/gcc -c -g -O2  conftest.c >&5
configure:5121: $? = 0
configure:5121: result: yes
configure:5121: checking for unistd.h
configure:5121: /usr/bin/gcc -c -g -O2  conftest.c >&5
configure:5121: $? = 0
configure:5121: result: yes
configure:5135: checking minix/config.h usability
configure:5135: /usr/bin/gcc -c -g -O2  conftest.c >&5
conftest.c:56:26: error: minix/config.h: No such file or directory
configure:5135: $? = 1
configure: failed program was:
| /* confdefs.h */
| #define PACKAGE_NAME "libgcrypt"
| #define PACKAGE_TARNAME "libgcrypt"
| #define PACKAGE_VERSION "1.5.0"
| #define PACKAGE_STRING "libgcrypt 1.5.0"
| #define PACKAGE_BUGREPORT "bug-libgcrypt@gnupg.org"
| #define PACKAGE_URL ""
| #define PACKAGE "libgcrypt"
| #define VERSION "1.5.0"
| #define PACKAGE "libgcrypt"
| #define VERSION "1.5.0"
| #define STDC_HEADERS 1
| #define HAVE_SYS_TYPES_H 1
| #define HAVE_SYS_STAT_H 1
| #define HAVE_STDLIB_H 1
| #define HAVE_STRING_H 1
| #define HAVE_MEMORY_H 1
| #define HAVE_STRINGS_H 1
| #define HAVE_INTTYPES_H 1
| #define HAVE_STDINT_H 1
| #define HAVE_UNISTD_H 1
| /* end confdefs.h.  */
| #include <stdio.h>
| #ifdef HAVE_SYS_TYPES_H
| # include <sys/types.h>
| #endif
| #ifdef HAVE_SYS_STAT_H
| # include <sys/stat.h>
| #endif
| #ifdef STDC_HEADERS
| # include <stdlib.h>
| # include <stddef.h>
| #else
| # ifdef HAVE_STDLIB_H
| #  include <stdlib.h>
| # endif
| #endif
| #ifdef HAVE_STRING_H
| # if !defined STDC_HEADERS && defined HAVE_MEMORY_H
| #  include <memory.h>
| # endif
| # include <string.h>
| #endif
| #ifdef HAVE_STRINGS_H
| # include <strings.h>
| #endif
| #ifdef HAVE_INTTYPES_H
| # include <inttypes.h>
| #endif
| #ifdef HAVE_STDINT_H
| # include <stdint.h>
| #endif
| #ifdef HAVE_UNISTD_H
| # include <unistd.h>
| #endif
| #include <minix/config.h>
configure:5135: result: no
configure:5135: checking minix/config.h presence
configure:5135: /usr/bin/gcc -E  conftest.c
conftest.c:23:26: error: minix/config.h: No such file or directory
configure:5135: $? = 1
configure: failed program was:
| /* confdefs.h */
| #define PACKAGE_NAME "libgcrypt"
| #define PACKAGE_TARNAME "libgcrypt"
| #define PACKAGE_VERSION "1.5.0"
| #define PACKAGE_STRING "libgcrypt 1.5.0"
| #define PACKAGE_BUGREPORT "bug-libgcrypt@gnupg.org"
| #define PACKAGE_URL ""
| #define PACKAGE "libgcrypt"
| #define VERSION "1.5.0"
| #define PACKAGE "libgcrypt"
| #define VERSION "1.5.0"
| #define STDC_HEADERS 1
| #define HAVE_SYS_TYPES_H 1
| #define HAVE_SYS_STAT_H 1
| #define HAVE_STDLIB_H 1
| #define HAVE_STRING_H 1
| #define HAVE_MEMORY_H 1
| #define HAVE_STRINGS_H 1
| #define HAVE_INTTYPES_H 1
| #define HAVE_STDINT_H 1
| #define HAVE_UNISTD_H 1
| /* end confdefs.h.  */
| #include <minix/config.h>
configure:5135: result: no
configure:5135: checking for minix/config.h
configure:5135: result: no
configure:5156: checking whether it is safe to define __EXTENSIONS__
configure:5174: /usr/bin/gcc -c -g -O2  conftest.c >&5
configure:5174: $? = 0
configure:5181: result: yes
configure:5224: checking for a sed that does not truncate output
configure:5288: result: /bin/sed
configure:5306: checking for fgrep
configure:5368: result: /bin/grep -F
configure:5403: checking for ld used by /usr/bin/gcc
configure:5470: result: /usr/bin/ld
configure:5477: checking if the linker (/usr/bin/ld) is GNU ld
configure:5492: result: no
configure:5504: checking for BSD- or MS-compatible name lister (nm)
configure:5553: result: /usr/bin/nm -p
configure:5671: checking the name lister (/usr/bin/nm -p) interface
configure:5678: /usr/bin/gcc -c -g -O2  conftest.c >&5
configure:5681: /usr/bin/nm -p "conftest.o"
configure:5684: output
00000000 D _some_variable
configure:5691: result: BSD nm
configure:5694: checking whether ln -s works
configure:5698: result: yes
configure:5706: checking the maximum length of command line arguments
configure:5826: result: 196608
configure:5843: checking whether the shell understands some XSI constructs
configure:5853: result: yes
configure:5857: checking whether the shell understands "+="
configure:5863: result: yes
configure:5898: checking for /usr/bin/ld option to reload object files
configure:5905: result: -r
configure:5974: checking for objdump
configure:5990: found /usr/bin/objdump
configure:6001: result: objdump
configure:6030: checking how to recognize dependent libraries
configure:6226: result: pass_all
configure:6286: checking for ar
configure:6302: found /usr/bin/ar
configure:6313: result: ar
configure:6391: checking for strip
configure:6407: found /usr/bin/strip
configure:6418: result: strip
configure:6490: checking for ranlib
configure:6506: found /usr/bin/ranlib
configure:6517: result: ranlib
configure:6607: checking command to parse /usr/bin/nm -p output from /usr/bin/gcc object
configure:6725: /usr/bin/gcc -c -g -O2  conftest.c >&5
configure:6728: $? = 0
configure:6732: /usr/bin/nm -p conftest.o \| sed -n -e 's/^.*[	 ]\([BCDEGRST][BCDEGRST]*\)[	 ][	 ]*\([_A-Za-z][_A-Za-z0-9]*\)$/\1 \2 \2/p' \> conftest.nm
configure:6735: $? = 0
cannot find nm_test_var in conftest.nm
configure:6725: /usr/bin/gcc -c -g -O2  conftest.c >&5
configure:6728: $? = 0
configure:6732: /usr/bin/nm -p conftest.o \| sed -n -e 's/^.*[	 ]\([BCDEGRST][BCDEGRST]*\)[	 ][	 ]*_\([_A-Za-z][_A-Za-z0-9]*\)$/\1 _\2 \2/p' \> conftest.nm
configure:6735: $? = 0
configure:6789: /usr/bin/gcc -o conftest -g -O2   conftest.c conftstm.o >&5
configure:6792: $? = 0
configure:6830: result: ok
configure:7094: checking for dsymutil
configure:7124: result: no
configure:7186: checking for nmedit
configure:7202: found /usr/bin/nmedit
configure:7213: result: nmedit
configure:7278: checking for lipo
configure:7294: found /usr/bin/lipo
configure:7305: result: lipo
configure:7370: checking for otool
configure:7386: found /usr/bin/otool
configure:7397: result: otool
configure:7462: checking for otool64
configure:7478: found /usr/bin/otool64
configure:7489: result: otool64
configure:7537: checking for -single_module linker flag
/usr/bin/gcc -g -O2  -o libconftest.dylib -dynamiclib -Wl,-single_module conftest.c
configure:7564: result: yes
configure:7566: checking for -exported_symbols_list linker flag
configure:7586: /usr/bin/gcc -o conftest -g -O2   -Wl,-exported_symbols_list,conftest.sym conftest.c  >&5
configure:7586: $? = 0
configure:7596: result: yes
configure:7635: checking for dlfcn.h
configure:7635: /usr/bin/gcc -c -g -O2  conftest.c >&5
configure:7635: $? = 0
configure:7635: result: yes
configure:8116: checking for objdir
configure:8131: result: .libs
configure:8427: checking if /usr/bin/gcc supports -fno-rtti -fno-exceptions
configure:8445: /usr/bin/gcc -c -g -O2  -fno-rtti -fno-exceptions conftest.c >&5
cc1: warning: command line option "-fno-rtti" is valid for C++/ObjC++ but not for C
configure:8449: $? = 0
configure:8462: result: no
configure:8482: checking for /usr/bin/gcc option to produce PIC
configure:8754: result: -fno-common -DPIC
configure:8766: checking if /usr/bin/gcc PIC flag -fno-common -DPIC works
configure:8784: /usr/bin/gcc -c -g -O2  -fno-common -DPIC -DPIC conftest.c >&5
configure:8788: $? = 0
configure:8801: result: yes
configure:8825: checking if /usr/bin/gcc static flag -static works
configure:8853: result: no
configure:8868: checking if /usr/bin/gcc supports -c -o file.o
configure:8889: /usr/bin/gcc -c -g -O2  -o out/conftest2.o conftest.c >&5
configure:8893: $? = 0
configure:8915: result: yes
configure:8923: checking if /usr/bin/gcc supports -c -o file.o
configure:8970: result: yes
configure:9003: checking whether the /usr/bin/gcc linker (/usr/bin/ld) supports shared libraries
configure:9993: result: yes
configure:10232: checking dynamic linker characteristics
configure:10895: result: darwin10.4.0 dyld
configure:10997: checking how to hardcode library paths into programs
configure:11022: result: immediate
configure:11542: checking whether stripping libraries is possible
configure:11556: result: yes
configure:11582: checking if libtool supports shared libraries
configure:11584: result: yes
configure:11587: checking whether to build shared libraries
configure:11608: result: yes
configure:11611: checking whether to build static libraries
configure:11615: result: no
configure:11693: checking for windres
configure:11723: result: no
configure:12008: checking whether byte ordering is bigendian
configure:12023: /usr/bin/gcc -c -g -O2  conftest.c >&5
configure:12023: $? = 0
configure:12068: /usr/bin/gcc -c -g -O2  conftest.c >&5
configure:12068: $? = 0
configure:12086: /usr/bin/gcc -c -g -O2  conftest.c >&5
conftest.c: In function 'main':
conftest.c:37: error: 'not' undeclared (first use in this function)
conftest.c:37: error: (Each undeclared identifier is reported only once
conftest.c:37: error: for each function it appears in.)
conftest.c:37: error: expected ';' before 'big'
configure:12086: $? = 1
configure: failed program was:
| /* confdefs.h */
| #define PACKAGE_NAME "libgcrypt"
| #define PACKAGE_TARNAME "libgcrypt"
| #define PACKAGE_VERSION "1.5.0"
| #define PACKAGE_STRING "libgcrypt 1.5.0"
| #define PACKAGE_BUGREPORT "bug-libgcrypt@gnupg.org"
| #define PACKAGE_URL ""
| #define PACKAGE "libgcrypt"
| #define VERSION "1.5.0"
| #define PACKAGE "libgcrypt"
| #define VERSION "1.5.0"
| #define STDC_HEADERS 1
| #define HAVE_SYS_TYPES_H 1
| #define HAVE_SYS_STAT_H 1
| #define HAVE_STDLIB_H 1
| #define HAVE_STRING_H 1
| #define HAVE_MEMORY_H 1
| #define HAVE_STRINGS_H 1
| #define HAVE_INTTYPES_H 1
| #define HAVE_STDINT_H 1
| #define HAVE_UNISTD_H 1
| #define __EXTENSIONS__ 1
| #define _ALL_SOURCE 1
| #define _GNU_SOURCE 1
| #define _POSIX_PTHREAD_SEMANTICS 1
| #define _TANDEM_SOURCE 1
| #define HAVE_DLFCN_H 1
| #define LT_OBJDIR ".libs/"
| /* end confdefs.h.  */
| #include <sys/types.h>
| 		#include <sys/param.h>
| 
| int
| main ()
| {
| #if BYTE_ORDER != BIG_ENDIAN
| 		 not big endian
| 		#endif
| 
|   ;
|   return 0;
| }
configure:12214: result: no
configure:12242: checking size of unsigned short
configure:12247: /usr/bin/gcc -o conftest -g -O2   conftest.c  >&5
configure:12247: $? = 0
configure:12247: ./conftest
configure:12247: $? = 0
configure:12262: result: 2
configure:12276: checking size of unsigned int
configure:12281: /usr/bin/gcc -o conftest -g -O2   conftest.c  >&5
configure:12281: $? = 0
configure:12281: ./conftest
configure:12281: $? = 0
configure:12296: result: 4
configure:12310: checking size of unsigned long
configure:12315: /usr/bin/gcc -o conftest -g -O2   conftest.c  >&5
configure:12315: $? = 0
configure:12315: ./conftest
configure:12315: $? = 0
configure:12330: result: 4
configure:12344: checking size of unsigned long long
configure:12349: /usr/bin/gcc -o conftest -g -O2   conftest.c  >&5
configure:12349: $? = 0
configure:12349: ./conftest
configure:12349: $? = 0
configure:12364: result: 8
configure:12376: checking for uintptr_t
configure:12376: /usr/bin/gcc -c -g -O2  conftest.c >&5
configure:12376: $? = 0
configure:12376: /usr/bin/gcc -c -g -O2  conftest.c >&5
conftest.c: In function 'main':
conftest.c:70: error: expected expression before ')' token
configure:12376: $? = 1
configure: failed program was:
| /* confdefs.h */
| #define PACKAGE_NAME "libgcrypt"
| #define PACKAGE_TARNAME "libgcrypt"
| #define PACKAGE_VERSION "1.5.0"
| #define PACKAGE_STRING "libgcrypt 1.5.0"
| #define PACKAGE_BUGREPORT "bug-libgcrypt@gnupg.org"
| #define PACKAGE_URL ""
| #define PACKAGE "libgcrypt"
| #define VERSION "1.5.0"
| #define PACKAGE "libgcrypt"
| #define VERSION "1.5.0"
| #define STDC_HEADERS 1
| #define HAVE_SYS_TYPES_H 1
| #define HAVE_SYS_STAT_H 1
| #define HAVE_STDLIB_H 1
| #define HAVE_STRING_H 1
| #define HAVE_MEMORY_H 1
| #define HAVE_STRINGS_H 1
| #define HAVE_INTTYPES_H 1
| #define HAVE_STDINT_H 1
| #define HAVE_UNISTD_H 1
| #define __EXTENSIONS__ 1
| #define _ALL_SOURCE 1
| #define _GNU_SOURCE 1
| #define _POSIX_PTHREAD_SEMANTICS 1
| #define _TANDEM_SOURCE 1
| #define HAVE_DLFCN_H 1
| #define LT_OBJDIR ".libs/"
| #define SIZEOF_UNSIGNED_SHORT 2
| #define SIZEOF_UNSIGNED_INT 4
| #define SIZEOF_UNSIGNED_LONG 4
| #define SIZEOF_UNSIGNED_LONG_LONG 8
| /* end confdefs.h.  */
| #include <stdio.h>
| #ifdef HAVE_SYS_TYPES_H
| # include <sys/types.h>
| #endif
| #ifdef HAVE_SYS_STAT_H
| # include <sys/stat.h>
| #endif
| #ifdef STDC_HEADERS
| # include <stdlib.h>
| # include <stddef.h>
| #else
| # ifdef HAVE_STDLIB_H
| #  include <stdlib.h>
| # endif
| #endif
| #ifdef HAVE_STRING_H
| # if !defined STDC_HEADERS && defined HAVE_MEMORY_H
| #  include <memory.h>
| # endif
| # include <string.h>
| #endif
| #ifdef HAVE_STRINGS_H
| # include <strings.h>
| #endif
| #ifdef HAVE_INTTYPES_H
| # include <inttypes.h>
| #endif
| #ifdef HAVE_STDINT_H
| # include <stdint.h>
| #endif
| #ifdef HAVE_UNISTD_H
| # include <unistd.h>
| #endif
| int
| main ()
| {
| if (sizeof ((uintptr_t)))
| 	    return 0;
|   ;
|   return 0;
| }
configure:12376: result: yes
configure:12461: checking which symmetric ciphers to include
configure:12479: result: arcfour blowfish cast5 des aes twofish serpent rfc2268 seed camellia
configure:12495: checking which public-key ciphers to include
configure:12513: result: dsa elgamal rsa ecc
configure:12529: checking which message digests to include
configure:12547: result: crc md4 md5 rmd160 sha1 sha256 sha512 tiger whirlpool
configure:12559: checking which random module to use
configure:12577: result: default
configure:12581: checking whether use of /dev/random is requested
configure:12590: result: yes
configure:12609: checking whether the experimental random daemon is requested
configure:12618: result: no
configure:12636: checking whether MPI assembler modules are requested
configure:12645: result: yes
configure:12649: checking whether memory guard is requested
configure:12658: result: no
configure:12668: checking whether use of capabilities is requested
configure:12678: result: no
configure:12682: checking whether a HMAC binary check is requested
configure:12691: result: no
configure:12701: checking whether padlock support is requested
configure:12710: result: yes
configure:12719: checking whether AESNI support is requested
configure:12728: result: yes
configure:12737: checking whether a -O flag munging is requested
configure:12746: result: yes
configure:12871: checking for gpg-error-config
configure:12889: found /usr/local/bin/gpg-error-config
configure:12901: result: /usr/local/bin/gpg-error-config
configure:12924: checking for GPG Error - version >= 1.8
configure:12950: result: yes (1.10)
configure:13168: checking for library containing setsockopt
configure:13199: /usr/bin/gcc -o conftest -g -O2   conftest.c  >&5
configure:13199: $? = 0
configure:13216: result: none required
configure:13281: checking for library containing setsockopt
configure:13329: result: none required
configure:13342: checking for ANSI C header files
configure:13446: result: yes
configure:13457: checking for unistd.h
configure:13457: result: yes
configure:13457: checking sys/select.h usability
configure:13457: /usr/bin/gcc -c -g -O2  conftest.c >&5
configure:13457: $? = 0
configure:13457: result: yes
configure:13457: checking sys/select.h presence
configure:13457: /usr/bin/gcc -E  conftest.c
configure:13457: $? = 0
configure:13457: result: yes
configure:13457: checking for sys/select.h
configure:13457: result: yes
configure:13457: checking sys/msg.h usability
configure:13457: /usr/bin/gcc -c -g -O2  conftest.c >&5
configure:13457: $? = 0
configure:13457: result: yes
configure:13457: checking sys/msg.h presence
configure:13457: /usr/bin/gcc -E  conftest.c
configure:13457: $? = 0
configure:13457: result: yes
configure:13457: checking for sys/msg.h
configure:13457: result: yes
configure:13480: checking for an ANSI C-conforming const
configure:13545: /usr/bin/gcc -c -g -O2  conftest.c >&5
configure:13545: $? = 0
configure:13552: result: yes
configure:13560: checking for inline
configure:13576: /usr/bin/gcc -c -g -O2  conftest.c >&5
configure:13576: $? = 0
configure:13584: result: inline
configure:13602: checking for size_t
configure:13602: /usr/bin/gcc -c -g -O2  conftest.c >&5
configure:13602: $? = 0
configure:13602: /usr/bin/gcc -c -g -O2  conftest.c >&5
conftest.c: In function 'main':
conftest.c:82: error: expected expression before ')' token
configure:13602: $? = 1
configure: failed program was:
| /* confdefs.h */
| #define PACKAGE_NAME "libgcrypt"
| #define PACKAGE_TARNAME "libgcrypt"
| #define PACKAGE_VERSION "1.5.0"
| #define PACKAGE_STRING "libgcrypt 1.5.0"
| #define PACKAGE_BUGREPORT "bug-libgcrypt@gnupg.org"
| #define PACKAGE_URL ""
| #define PACKAGE "libgcrypt"
| #define VERSION "1.5.0"
| #define PACKAGE "libgcrypt"
| #define VERSION "1.5.0"
| #define STDC_HEADERS 1
| #define HAVE_SYS_TYPES_H 1
| #define HAVE_SYS_STAT_H 1
| #define HAVE_STDLIB_H 1
| #define HAVE_STRING_H 1
| #define HAVE_MEMORY_H 1
| #define HAVE_STRINGS_H 1
| #define HAVE_INTTYPES_H 1
| #define HAVE_STDINT_H 1
| #define HAVE_UNISTD_H 1
| #define __EXTENSIONS__ 1
| #define _ALL_SOURCE 1
| #define _GNU_SOURCE 1
| #define _POSIX_PTHREAD_SEMANTICS 1
| #define _TANDEM_SOURCE 1
| #define HAVE_DLFCN_H 1
| #define LT_OBJDIR ".libs/"
| #define SIZEOF_UNSIGNED_SHORT 2
| #define SIZEOF_UNSIGNED_INT 4
| #define SIZEOF_UNSIGNED_LONG 4
| #define SIZEOF_UNSIGNED_LONG_LONG 8
| #define HAVE_UINTPTR_T 1
| #define EGD_SOCKET_NAME ""
| #define ENABLE_PADLOCK_SUPPORT 1
| #define ENABLE_AESNI_SUPPORT 1
| #define PRINTABLE_OS_NAME "Darwin"
| #define NAME_OF_DEV_RANDOM "/dev/random"
| #define NAME_OF_DEV_URANDOM "/dev/urandom"
| #define GPG_ERR_SOURCE_DEFAULT GPG_ERR_SOURCE_GCRYPT
| #define STDC_HEADERS 1
| #define HAVE_UNISTD_H 1
| #define HAVE_SYS_SELECT_H 1
| #define HAVE_SYS_MSG_H 1
| /* end confdefs.h.  */
| #include <stdio.h>
| #ifdef HAVE_SYS_TYPES_H
| # include <sys/types.h>
| #endif
| #ifdef HAVE_SYS_STAT_H
| # include <sys/stat.h>
| #endif
| #ifdef STDC_HEADERS
| # include <stdlib.h>
| # include <stddef.h>
| #else
| # ifdef HAVE_STDLIB_H
| #  include <stdlib.h>
| # endif
| #endif
| #ifdef HAVE_STRING_H
| # if !defined STDC_HEADERS && defined HAVE_MEMORY_H
| #  include <memory.h>
| # endif
| # include <string.h>
| #endif
| #ifdef HAVE_STRINGS_H
| # include <strings.h>
| #endif
| #ifdef HAVE_INTTYPES_H
| # include <inttypes.h>
| #endif
| #ifdef HAVE_STDINT_H
| # include <stdint.h>
| #endif
| #ifdef HAVE_UNISTD_H
| # include <unistd.h>
| #endif
| int
| main ()
| {
| if (sizeof ((size_t)))
| 	    return 0;
|   ;
|   return 0;
| }
configure:13602: result: yes
configure:13613: checking return type of signal handlers
configure:13631: /usr/bin/gcc -c -g -O2  conftest.c >&5
conftest.c: In function 'main':
conftest.c:52: error: void value not ignored as it ought to be
configure:13631: $? = 1
configure: failed program was:
| /* confdefs.h */
| #define PACKAGE_NAME "libgcrypt"
| #define PACKAGE_TARNAME "libgcrypt"
| #define PACKAGE_VERSION "1.5.0"
| #define PACKAGE_STRING "libgcrypt 1.5.0"
| #define PACKAGE_BUGREPORT "bug-libgcrypt@gnupg.org"
| #define PACKAGE_URL ""
| #define PACKAGE "libgcrypt"
| #define VERSION "1.5.0"
| #define PACKAGE "libgcrypt"
| #define VERSION "1.5.0"
| #define STDC_HEADERS 1
| #define HAVE_SYS_TYPES_H 1
| #define HAVE_SYS_STAT_H 1
| #define HAVE_STDLIB_H 1
| #define HAVE_STRING_H 1
| #define HAVE_MEMORY_H 1
| #define HAVE_STRINGS_H 1
| #define HAVE_INTTYPES_H 1
| #define HAVE_STDINT_H 1
| #define HAVE_UNISTD_H 1
| #define __EXTENSIONS__ 1
| #define _ALL_SOURCE 1
| #define _GNU_SOURCE 1
| #define _POSIX_PTHREAD_SEMANTICS 1
| #define _TANDEM_SOURCE 1
| #define HAVE_DLFCN_H 1
| #define LT_OBJDIR ".libs/"
| #define SIZEOF_UNSIGNED_SHORT 2
| #define SIZEOF_UNSIGNED_INT 4
| #define SIZEOF_UNSIGNED_LONG 4
| #define SIZEOF_UNSIGNED_LONG_LONG 8
| #define HAVE_UINTPTR_T 1
| #define EGD_SOCKET_NAME ""
| #define ENABLE_PADLOCK_SUPPORT 1
| #define ENABLE_AESNI_SUPPORT 1
| #define PRINTABLE_OS_NAME "Darwin"
| #define NAME_OF_DEV_RANDOM "/dev/random"
| #define NAME_OF_DEV_URANDOM "/dev/urandom"
| #define GPG_ERR_SOURCE_DEFAULT GPG_ERR_SOURCE_GCRYPT
| #define STDC_HEADERS 1
| #define HAVE_UNISTD_H 1
| #define HAVE_SYS_SELECT_H 1
| #define HAVE_SYS_MSG_H 1
| /* end confdefs.h.  */
| #include <sys/types.h>
| #include <signal.h>
| 
| int
| main ()
| {
| return *(signal (0, 0)) (0) == 1;
|   ;
|   return 0;
| }
configure:13638: result: void
configure:13646: checking whether sys_siglist is declared
configure:13646: /usr/bin/gcc -c -g -O2  conftest.c >&5
configure:13646: $? = 0
configure:13646: result: yes
configure:13664: checking for pid_t
configure:13664: /usr/bin/gcc -c -g -O2  conftest.c >&5
configure:13664: $? = 0
configure:13664: /usr/bin/gcc -c -g -O2  conftest.c >&5
conftest.c: In function 'main':
conftest.c:84: error: expected expression before ')' token
configure:13664: $? = 1
configure: failed program was:
| /* confdefs.h */
| #define PACKAGE_NAME "libgcrypt"
| #define PACKAGE_TARNAME "libgcrypt"
| #define PACKAGE_VERSION "1.5.0"
| #define PACKAGE_STRING "libgcrypt 1.5.0"
| #define PACKAGE_BUGREPORT "bug-libgcrypt@gnupg.org"
| #define PACKAGE_URL ""
| #define PACKAGE "libgcrypt"
| #define VERSION "1.5.0"
| #define PACKAGE "libgcrypt"
| #define VERSION "1.5.0"
| #define STDC_HEADERS 1
| #define HAVE_SYS_TYPES_H 1
| #define HAVE_SYS_STAT_H 1
| #define HAVE_STDLIB_H 1
| #define HAVE_STRING_H 1
| #define HAVE_MEMORY_H 1
| #define HAVE_STRINGS_H 1
| #define HAVE_INTTYPES_H 1
| #define HAVE_STDINT_H 1
| #define HAVE_UNISTD_H 1
| #define __EXTENSIONS__ 1
| #define _ALL_SOURCE 1
| #define _GNU_SOURCE 1
| #define _POSIX_PTHREAD_SEMANTICS 1
| #define _TANDEM_SOURCE 1
| #define HAVE_DLFCN_H 1
| #define LT_OBJDIR ".libs/"
| #define SIZEOF_UNSIGNED_SHORT 2
| #define SIZEOF_UNSIGNED_INT 4
| #define SIZEOF_UNSIGNED_LONG 4
| #define SIZEOF_UNSIGNED_LONG_LONG 8
| #define HAVE_UINTPTR_T 1
| #define EGD_SOCKET_NAME ""
| #define ENABLE_PADLOCK_SUPPORT 1
| #define ENABLE_AESNI_SUPPORT 1
| #define PRINTABLE_OS_NAME "Darwin"
| #define NAME_OF_DEV_RANDOM "/dev/random"
| #define NAME_OF_DEV_URANDOM "/dev/urandom"
| #define GPG_ERR_SOURCE_DEFAULT GPG_ERR_SOURCE_GCRYPT
| #define STDC_HEADERS 1
| #define HAVE_UNISTD_H 1
| #define HAVE_SYS_SELECT_H 1
| #define HAVE_SYS_MSG_H 1
| #define RETSIGTYPE void
| #define HAVE_DECL_SYS_SIGLIST 1
| /* end confdefs.h.  */
| #include <stdio.h>
| #ifdef HAVE_SYS_TYPES_H
| # include <sys/types.h>
| #endif
| #ifdef HAVE_SYS_STAT_H
| # include <sys/stat.h>
| #endif
| #ifdef STDC_HEADERS
| # include <stdlib.h>
| # include <stddef.h>
| #else
| # ifdef HAVE_STDLIB_H
| #  include <stdlib.h>
| # endif
| #endif
| #ifdef HAVE_STRING_H
| # if !defined STDC_HEADERS && defined HAVE_MEMORY_H
| #  include <memory.h>
| # endif
| # include <string.h>
| #endif
| #ifdef HAVE_STRINGS_H
| # include <strings.h>
| #endif
| #ifdef HAVE_INTTYPES_H
| # include <inttypes.h>
| #endif
| #ifdef HAVE_STDINT_H
| # include <stdint.h>
| #endif
| #ifdef HAVE_UNISTD_H
| # include <unistd.h>
| #endif
| int
| main ()
| {
| if (sizeof ((pid_t)))
| 	    return 0;
|   ;
|   return 0;
| }
configure:13664: result: yes
configure:13676: checking for byte typedef
configure:13697: /usr/bin/gcc -c -g -O2  conftest.c >&5
conftest.c: In function 'main':
conftest.c:56: error: 'byte' undeclared (first use in this function)
conftest.c:56: error: (Each undeclared identifier is reported only once
conftest.c:56: error: for each function it appears in.)
configure:13697: $? = 1
configure: failed program was:
| /* confdefs.h */
| #define PACKAGE_NAME "libgcrypt"
| #define PACKAGE_TARNAME "libgcrypt"
| #define PACKAGE_VERSION "1.5.0"
| #define PACKAGE_STRING "libgcrypt 1.5.0"
| #define PACKAGE_BUGREPORT "bug-libgcrypt@gnupg.org"
| #define PACKAGE_URL ""
| #define PACKAGE "libgcrypt"
| #define VERSION "1.5.0"
| #define PACKAGE "libgcrypt"
| #define VERSION "1.5.0"
| #define STDC_HEADERS 1
| #define HAVE_SYS_TYPES_H 1
| #define HAVE_SYS_STAT_H 1
| #define HAVE_STDLIB_H 1
| #define HAVE_STRING_H 1
| #define HAVE_MEMORY_H 1
| #define HAVE_STRINGS_H 1
| #define HAVE_INTTYPES_H 1
| #define HAVE_STDINT_H 1
| #define HAVE_UNISTD_H 1
| #define __EXTENSIONS__ 1
| #define _ALL_SOURCE 1
| #define _GNU_SOURCE 1
| #define _POSIX_PTHREAD_SEMANTICS 1
| #define _TANDEM_SOURCE 1
| #define HAVE_DLFCN_H 1
| #define LT_OBJDIR ".libs/"
| #define SIZEOF_UNSIGNED_SHORT 2
| #define SIZEOF_UNSIGNED_INT 4
| #define SIZEOF_UNSIGNED_LONG 4
| #define SIZEOF_UNSIGNED_LONG_LONG 8
| #define HAVE_UINTPTR_T 1
| #define EGD_SOCKET_NAME ""
| #define ENABLE_PADLOCK_SUPPORT 1
| #define ENABLE_AESNI_SUPPORT 1
| #define PRINTABLE_OS_NAME "Darwin"
| #define NAME_OF_DEV_RANDOM "/dev/random"
| #define NAME_OF_DEV_URANDOM "/dev/urandom"
| #define GPG_ERR_SOURCE_DEFAULT GPG_ERR_SOURCE_GCRYPT
| #define STDC_HEADERS 1
| #define HAVE_UNISTD_H 1
| #define HAVE_SYS_SELECT_H 1
| #define HAVE_SYS_MSG_H 1
| #define RETSIGTYPE void
| #define HAVE_DECL_SYS_SIGLIST 1
| /* end confdefs.h.  */
| #define _GNU_SOURCE 1
|     #include <stdlib.h>
|     #include <sys/types.h>
| int
| main ()
| {
| 
|     #undef byte
|     int a = sizeof(byte);
| 
|   ;
|   return 0;
| }
configure:13705: result: no
configure:13713: checking for ushort typedef
configure:13734: /usr/bin/gcc -c -g -O2  conftest.c >&5
configure:13734: $? = 0
configure:13742: result: yes
configure:13750: checking for ulong typedef
configure:13771: /usr/bin/gcc -c -g -O2  conftest.c >&5
conftest.c: In function 'main':
conftest.c:57: error: 'ulong' undeclared (first use in this function)
conftest.c:57: error: (Each undeclared identifier is reported only once
conftest.c:57: error: for each function it appears in.)
configure:13771: $? = 1
configure: failed program was:
| /* confdefs.h */
| #define PACKAGE_NAME "libgcrypt"
| #define PACKAGE_TARNAME "libgcrypt"
| #define PACKAGE_VERSION "1.5.0"
| #define PACKAGE_STRING "libgcrypt 1.5.0"
| #define PACKAGE_BUGREPORT "bug-libgcrypt@gnupg.org"
| #define PACKAGE_URL ""
| #define PACKAGE "libgcrypt"
| #define VERSION "1.5.0"
| #define PACKAGE "libgcrypt"
| #define VERSION "1.5.0"
| #define STDC_HEADERS 1
| #define HAVE_SYS_TYPES_H 1
| #define HAVE_SYS_STAT_H 1
| #define HAVE_STDLIB_H 1
| #define HAVE_STRING_H 1
| #define HAVE_MEMORY_H 1
| #define HAVE_STRINGS_H 1
| #define HAVE_INTTYPES_H 1
| #define HAVE_STDINT_H 1
| #define HAVE_UNISTD_H 1
| #define __EXTENSIONS__ 1
| #define _ALL_SOURCE 1
| #define _GNU_SOURCE 1
| #define _POSIX_PTHREAD_SEMANTICS 1
| #define _TANDEM_SOURCE 1
| #define HAVE_DLFCN_H 1
| #define LT_OBJDIR ".libs/"
| #define SIZEOF_UNSIGNED_SHORT 2
| #define SIZEOF_UNSIGNED_INT 4
| #define SIZEOF_UNSIGNED_LONG 4
| #define SIZEOF_UNSIGNED_LONG_LONG 8
| #define HAVE_UINTPTR_T 1
| #define EGD_SOCKET_NAME ""
| #define ENABLE_PADLOCK_SUPPORT 1
| #define ENABLE_AESNI_SUPPORT 1
| #define PRINTABLE_OS_NAME "Darwin"
| #define NAME_OF_DEV_RANDOM "/dev/random"
| #define NAME_OF_DEV_URANDOM "/dev/urandom"
| #define GPG_ERR_SOURCE_DEFAULT GPG_ERR_SOURCE_GCRYPT
| #define STDC_HEADERS 1
| #define HAVE_UNISTD_H 1
| #define HAVE_SYS_SELECT_H 1
| #define HAVE_SYS_MSG_H 1
| #define RETSIGTYPE void
| #define HAVE_DECL_SYS_SIGLIST 1
| #define HAVE_USHORT_TYPEDEF 1
| /* end confdefs.h.  */
| #define _GNU_SOURCE 1
|     #include <stdlib.h>
|     #include <sys/types.h>
| int
| main ()
| {
| 
|     #undef ulong
|     int a = sizeof(ulong);
| 
|   ;
|   return 0;
| }
configure:13779: result: no
configure:13787: checking for u16 typedef
configure:13808: /usr/bin/gcc -c -g -O2  conftest.c >&5
conftest.c: In function 'main':
conftest.c:57: error: 'u16' undeclared (first use in this function)
conftest.c:57: error: (Each undeclared identifier is reported only once
conftest.c:57: error: for each function it appears in.)
configure:13808: $? = 1
configure: failed program was:
| /* confdefs.h */
| #define PACKAGE_NAME "libgcrypt"
| #define PACKAGE_TARNAME "libgcrypt"
| #define PACKAGE_VERSION "1.5.0"
| #define PACKAGE_STRING "libgcrypt 1.5.0"
| #define PACKAGE_BUGREPORT "bug-libgcrypt@gnupg.org"
| #define PACKAGE_URL ""
| #define PACKAGE "libgcrypt"
| #define VERSION "1.5.0"
| #define PACKAGE "libgcrypt"
| #define VERSION "1.5.0"
| #define STDC_HEADERS 1
| #define HAVE_SYS_TYPES_H 1
| #define HAVE_SYS_STAT_H 1
| #define HAVE_STDLIB_H 1
| #define HAVE_STRING_H 1
| #define HAVE_MEMORY_H 1
| #define HAVE_STRINGS_H 1
| #define HAVE_INTTYPES_H 1
| #define HAVE_STDINT_H 1
| #define HAVE_UNISTD_H 1
| #define __EXTENSIONS__ 1
| #define _ALL_SOURCE 1
| #define _GNU_SOURCE 1
| #define _POSIX_PTHREAD_SEMANTICS 1
| #define _TANDEM_SOURCE 1
| #define HAVE_DLFCN_H 1
| #define LT_OBJDIR ".libs/"
| #define SIZEOF_UNSIGNED_SHORT 2
| #define SIZEOF_UNSIGNED_INT 4
| #define SIZEOF_UNSIGNED_LONG 4
| #define SIZEOF_UNSIGNED_LONG_LONG 8
| #define HAVE_UINTPTR_T 1
| #define EGD_SOCKET_NAME ""
| #define ENABLE_PADLOCK_SUPPORT 1
| #define ENABLE_AESNI_SUPPORT 1
| #define PRINTABLE_OS_NAME "Darwin"
| #define NAME_OF_DEV_RANDOM "/dev/random"
| #define NAME_OF_DEV_URANDOM "/dev/urandom"
| #define GPG_ERR_SOURCE_DEFAULT GPG_ERR_SOURCE_GCRYPT
| #define STDC_HEADERS 1
| #define HAVE_UNISTD_H 1
| #define HAVE_SYS_SELECT_H 1
| #define HAVE_SYS_MSG_H 1
| #define RETSIGTYPE void
| #define HAVE_DECL_SYS_SIGLIST 1
| #define HAVE_USHORT_TYPEDEF 1
| /* end confdefs.h.  */
| #define _GNU_SOURCE 1
|     #include <stdlib.h>
|     #include <sys/types.h>
| int
| main ()
| {
| 
|     #undef u16
|     int a = sizeof(u16);
| 
|   ;
|   return 0;
| }
configure:13816: result: no
configure:13824: checking for u32 typedef
configure:13845: /usr/bin/gcc -c -g -O2  conftest.c >&5
conftest.c: In function 'main':
conftest.c:57: error: 'u32' undeclared (first use in this function)
conftest.c:57: error: (Each undeclared identifier is reported only once
conftest.c:57: error: for each function it appears in.)
configure:13845: $? = 1
configure: failed program was:
| /* confdefs.h */
| #define PACKAGE_NAME "libgcrypt"
| #define PACKAGE_TARNAME "libgcrypt"
| #define PACKAGE_VERSION "1.5.0"
| #define PACKAGE_STRING "libgcrypt 1.5.0"
| #define PACKAGE_BUGREPORT "bug-libgcrypt@gnupg.org"
| #define PACKAGE_URL ""
| #define PACKAGE "libgcrypt"
| #define VERSION "1.5.0"
| #define PACKAGE "libgcrypt"
| #define VERSION "1.5.0"
| #define STDC_HEADERS 1
| #define HAVE_SYS_TYPES_H 1
| #define HAVE_SYS_STAT_H 1
| #define HAVE_STDLIB_H 1
| #define HAVE_STRING_H 1
| #define HAVE_MEMORY_H 1
| #define HAVE_STRINGS_H 1
| #define HAVE_INTTYPES_H 1
| #define HAVE_STDINT_H 1
| #define HAVE_UNISTD_H 1
| #define __EXTENSIONS__ 1
| #define _ALL_SOURCE 1
| #define _GNU_SOURCE 1
| #define _POSIX_PTHREAD_SEMANTICS 1
| #define _TANDEM_SOURCE 1
| #define HAVE_DLFCN_H 1
| #define LT_OBJDIR ".libs/"
| #define SIZEOF_UNSIGNED_SHORT 2
| #define SIZEOF_UNSIGNED_INT 4
| #define SIZEOF_UNSIGNED_LONG 4
| #define SIZEOF_UNSIGNED_LONG_LONG 8
| #define HAVE_UINTPTR_T 1
| #define EGD_SOCKET_NAME ""
| #define ENABLE_PADLOCK_SUPPORT 1
| #define ENABLE_AESNI_SUPPORT 1
| #define PRINTABLE_OS_NAME "Darwin"
| #define NAME_OF_DEV_RANDOM "/dev/random"
| #define NAME_OF_DEV_URANDOM "/dev/urandom"
| #define GPG_ERR_SOURCE_DEFAULT GPG_ERR_SOURCE_GCRYPT
| #define STDC_HEADERS 1
| #define HAVE_UNISTD_H 1
| #define HAVE_SYS_SELECT_H 1
| #define HAVE_SYS_MSG_H 1
| #define RETSIGTYPE void
| #define HAVE_DECL_SYS_SIGLIST 1
| #define HAVE_USHORT_TYPEDEF 1
| /* end confdefs.h.  */
| #define _GNU_SOURCE 1
|     #include <stdlib.h>
|     #include <sys/types.h>
| int
| main ()
| {
| 
|     #undef u32
|     int a = sizeof(u32);
| 
|   ;
|   return 0;
| }
configure:13853: result: no
configure:13865: checking sys/socket.h usability
configure:13865: /usr/bin/gcc -c -g -O2  conftest.c >&5
configure:13865: $? = 0
configure:13865: result: yes
configure:13865: checking sys/socket.h presence
configure:13865: /usr/bin/gcc -E  conftest.c
configure:13865: $? = 0
configure:13865: result: yes
configure:13865: checking for sys/socket.h
configure:13865: result: yes
configure:13905: checking for socklen_t
configure:13905: /usr/bin/gcc -c -g -O2  conftest.c >&5
configure:13905: $? = 0
configure:13905: /usr/bin/gcc -c -g -O2  conftest.c >&5
conftest.c: In function 'main':
conftest.c:60: error: expected expression before ')' token
configure:13905: $? = 1
configure: failed program was:
| /* confdefs.h */
| #define PACKAGE_NAME "libgcrypt"
| #define PACKAGE_TARNAME "libgcrypt"
| #define PACKAGE_VERSION "1.5.0"
| #define PACKAGE_STRING "libgcrypt 1.5.0"
| #define PACKAGE_BUGREPORT "bug-libgcrypt@gnupg.org"
| #define PACKAGE_URL ""
| #define PACKAGE "libgcrypt"
| #define VERSION "1.5.0"
| #define PACKAGE "libgcrypt"
| #define VERSION "1.5.0"
| #define STDC_HEADERS 1
| #define HAVE_SYS_TYPES_H 1
| #define HAVE_SYS_STAT_H 1
| #define HAVE_STDLIB_H 1
| #define HAVE_STRING_H 1
| #define HAVE_MEMORY_H 1
| #define HAVE_STRINGS_H 1
| #define HAVE_INTTYPES_H 1
| #define HAVE_STDINT_H 1
| #define HAVE_UNISTD_H 1
| #define __EXTENSIONS__ 1
| #define _ALL_SOURCE 1
| #define _GNU_SOURCE 1
| #define _POSIX_PTHREAD_SEMANTICS 1
| #define _TANDEM_SOURCE 1
| #define HAVE_DLFCN_H 1
| #define LT_OBJDIR ".libs/"
| #define SIZEOF_UNSIGNED_SHORT 2
| #define SIZEOF_UNSIGNED_INT 4
| #define SIZEOF_UNSIGNED_LONG 4
| #define SIZEOF_UNSIGNED_LONG_LONG 8
| #define HAVE_UINTPTR_T 1
| #define EGD_SOCKET_NAME ""
| #define ENABLE_PADLOCK_SUPPORT 1
| #define ENABLE_AESNI_SUPPORT 1
| #define PRINTABLE_OS_NAME "Darwin"
| #define NAME_OF_DEV_RANDOM "/dev/random"
| #define NAME_OF_DEV_URANDOM "/dev/urandom"
| #define GPG_ERR_SOURCE_DEFAULT GPG_ERR_SOURCE_GCRYPT
| #define STDC_HEADERS 1
| #define HAVE_UNISTD_H 1
| #define HAVE_SYS_SELECT_H 1
| #define HAVE_SYS_MSG_H 1
| #define RETSIGTYPE void
| #define HAVE_DECL_SYS_SIGLIST 1
| #define HAVE_USHORT_TYPEDEF 1
| #define HAVE_SYS_SOCKET_H 1
| /* end confdefs.h.  */
| #include <sys/types.h>
|       #if HAVE_SYS_SOCKET_H
|       # include <sys/socket.h>
|       #elif HAVE_WS2TCPIP_H
|       # include <ws2tcpip.h>
|       #endif
| 
| int
| main ()
| {
| if (sizeof ((socklen_t)))
| 	    return 0;
|   ;
|   return 0;
| }
configure:13905: result: yes
configure:13981: checking whether the visibility attribute is supported
cc1: warnings being treated as errors
conftest.c:51: warning: internal and protected visibility attributes not supported in this configuration; ignored
configure:14004: result: no
configure:14112: checking for vprintf
configure:14112: /usr/bin/gcc -o conftest -g -O2   conftest.c  >&5
conftest.c:73: warning: conflicting types for built-in function 'vprintf'
configure:14112: $? = 0
configure:14112: result: yes
configure:14118: checking for _doprnt
configure:14118: /usr/bin/gcc -o conftest -g -O2   conftest.c  >&5
Undefined symbols:
  "__doprnt", referenced from:
      _main in ccsDzofB.o
ld: symbol(s) not found
collect2: ld returned 1 exit status
configure:14118: $? = 1
configure: failed program was:
| /* confdefs.h */
| #define PACKAGE_NAME "libgcrypt"
| #define PACKAGE_TARNAME "libgcrypt"
| #define PACKAGE_VERSION "1.5.0"
| #define PACKAGE_STRING "libgcrypt 1.5.0"
| #define PACKAGE_BUGREPORT "bug-libgcrypt@gnupg.org"
| #define PACKAGE_URL ""
| #define PACKAGE "libgcrypt"
| #define VERSION "1.5.0"
| #define PACKAGE "libgcrypt"
| #define VERSION "1.5.0"
| #define STDC_HEADERS 1
| #define HAVE_SYS_TYPES_H 1
| #define HAVE_SYS_STAT_H 1
| #define HAVE_STDLIB_H 1
| #define HAVE_STRING_H 1
| #define HAVE_MEMORY_H 1
| #define HAVE_STRINGS_H 1
| #define HAVE_INTTYPES_H 1
| #define HAVE_STDINT_H 1
| #define HAVE_UNISTD_H 1
| #define __EXTENSIONS__ 1
| #define _ALL_SOURCE 1
| #define _GNU_SOURCE 1
| #define _POSIX_PTHREAD_SEMANTICS 1
| #define _TANDEM_SOURCE 1
| #define HAVE_DLFCN_H 1
| #define LT_OBJDIR ".libs/"
| #define SIZEOF_UNSIGNED_SHORT 2
| #define SIZEOF_UNSIGNED_INT 4
| #define SIZEOF_UNSIGNED_LONG 4
| #define SIZEOF_UNSIGNED_LONG_LONG 8
| #define HAVE_UINTPTR_T 1
| #define EGD_SOCKET_NAME ""
| #define ENABLE_PADLOCK_SUPPORT 1
| #define ENABLE_AESNI_SUPPORT 1
| #define PRINTABLE_OS_NAME "Darwin"
| #define NAME_OF_DEV_RANDOM "/dev/random"
| #define NAME_OF_DEV_URANDOM "/dev/urandom"
| #define GPG_ERR_SOURCE_DEFAULT GPG_ERR_SOURCE_GCRYPT
| #define STDC_HEADERS 1
| #define HAVE_UNISTD_H 1
| #define HAVE_SYS_SELECT_H 1
| #define HAVE_SYS_MSG_H 1
| #define RETSIGTYPE void
| #define HAVE_DECL_SYS_SIGLIST 1
| #define HAVE_USHORT_TYPEDEF 1
| #define HAVE_SYS_SOCKET_H 1
| #define HAVE_VPRINTF 1
| /* end confdefs.h.  */
| /* Define _doprnt to an innocuous variant, in case <limits.h> declares _doprnt.
|    For example, HP-UX 11i <limits.h> declares gettimeofday.  */
| #define _doprnt innocuous__doprnt
| 
| /* System header to define __stub macros and hopefully few prototypes,
|     which can conflict with char _doprnt (); below.
|     Prefer <limits.h> to <assert.h> if __STDC__ is defined, since
|     <limits.h> exists even on freestanding compilers.  */
| 
| #ifdef __STDC__
| # include <limits.h>
| #else
| # include <assert.h>
| #endif
| 
| #undef _doprnt
| 
| /* Override any GCC internal prototype to avoid an error.
|    Use char because int might match the return type of a GCC
|    builtin and then its argument prototype would still apply.  */
| #ifdef __cplusplus
| extern "C"
| #endif
| char _doprnt ();
| /* The GNU C library defines this for functions which it implements
|     to always fail with ENOSYS.  Some functions are actually named
|     something starting with __ and the normal name is an alias.  */
| #if defined __stub__doprnt || defined __stub____doprnt
| choke me
| #endif
| 
| int
| main ()
| {
| return _doprnt ();
|   ;
|   return 0;
| }
configure:14118: result: no
configure:14133: checking for stpcpy
configure:14133: /usr/bin/gcc -o conftest -g -O2   conftest.c  >&5
conftest.c:74: warning: conflicting types for built-in function 'stpcpy'
configure:14133: $? = 0
configure:14133: result: yes
configure:14133: checking for strcasecmp
configure:14133: /usr/bin/gcc -o conftest -g -O2   conftest.c  >&5
conftest.c:75: warning: conflicting types for built-in function 'strcasecmp'
configure:14133: $? = 0
configure:14133: result: yes
configure:14147: checking for strtoul
configure:14147: /usr/bin/gcc -o conftest -g -O2   conftest.c  >&5
configure:14147: $? = 0
configure:14147: result: yes
configure:14147: checking for memmove
configure:14147: /usr/bin/gcc -o conftest -g -O2   conftest.c  >&5
conftest.c:77: warning: conflicting types for built-in function 'memmove'
configure:14147: $? = 0
configure:14147: result: yes
configure:14147: checking for stricmp
configure:14147: /usr/bin/gcc -o conftest -g -O2   conftest.c  >&5
Undefined symbols:
  "_stricmp", referenced from:
      _main in ccn6oQGm.o
ld: symbol(s) not found
collect2: ld returned 1 exit status
configure:14147: $? = 1
configure: failed program was:
| /* confdefs.h */
| #define PACKAGE_NAME "libgcrypt"
| #define PACKAGE_TARNAME "libgcrypt"
| #define PACKAGE_VERSION "1.5.0"
| #define PACKAGE_STRING "libgcrypt 1.5.0"
| #define PACKAGE_BUGREPORT "bug-libgcrypt@gnupg.org"
| #define PACKAGE_URL ""
| #define PACKAGE "libgcrypt"
| #define VERSION "1.5.0"
| #define PACKAGE "libgcrypt"
| #define VERSION "1.5.0"
| #define STDC_HEADERS 1
| #define HAVE_SYS_TYPES_H 1
| #define HAVE_SYS_STAT_H 1
| #define HAVE_STDLIB_H 1
| #define HAVE_STRING_H 1
| #define HAVE_MEMORY_H 1
| #define HAVE_STRINGS_H 1
| #define HAVE_INTTYPES_H 1
| #define HAVE_STDINT_H 1
| #define HAVE_UNISTD_H 1
| #define __EXTENSIONS__ 1
| #define _ALL_SOURCE 1
| #define _GNU_SOURCE 1
| #define _POSIX_PTHREAD_SEMANTICS 1
| #define _TANDEM_SOURCE 1
| #define HAVE_DLFCN_H 1
| #define LT_OBJDIR ".libs/"
| #define SIZEOF_UNSIGNED_SHORT 2
| #define SIZEOF_UNSIGNED_INT 4
| #define SIZEOF_UNSIGNED_LONG 4
| #define SIZEOF_UNSIGNED_LONG_LONG 8
| #define HAVE_UINTPTR_T 1
| #define EGD_SOCKET_NAME ""
| #define ENABLE_PADLOCK_SUPPORT 1
| #define ENABLE_AESNI_SUPPORT 1
| #define PRINTABLE_OS_NAME "Darwin"
| #define NAME_OF_DEV_RANDOM "/dev/random"
| #define NAME_OF_DEV_URANDOM "/dev/urandom"
| #define GPG_ERR_SOURCE_DEFAULT GPG_ERR_SOURCE_GCRYPT
| #define STDC_HEADERS 1
| #define HAVE_UNISTD_H 1
| #define HAVE_SYS_SELECT_H 1
| #define HAVE_SYS_MSG_H 1
| #define RETSIGTYPE void
| #define HAVE_DECL_SYS_SIGLIST 1
| #define HAVE_USHORT_TYPEDEF 1
| #define HAVE_SYS_SOCKET_H 1
| #define HAVE_VPRINTF 1
| #define HAVE_STPCPY 1
| #define HAVE_STRCASECMP 1
| #define HAVE_STRTOUL 1
| #define HAVE_MEMMOVE 1
| /* end confdefs.h.  */
| /* Define stricmp to an innocuous variant, in case <limits.h> declares stricmp.
|    For example, HP-UX 11i <limits.h> declares gettimeofday.  */
| #define stricmp innocuous_stricmp
| 
| /* System header to define __stub macros and hopefully few prototypes,
|     which can conflict with char stricmp (); below.
|     Prefer <limits.h> to <assert.h> if __STDC__ is defined, since
|     <limits.h> exists even on freestanding compilers.  */
| 
| #ifdef __STDC__
| # include <limits.h>
| #else
| # include <assert.h>
| #endif
| 
| #undef stricmp
| 
| /* Override any GCC internal prototype to avoid an error.
|    Use char because int might match the return type of a GCC
|    builtin and then its argument prototype would still apply.  */
| #ifdef __cplusplus
| extern "C"
| #endif
| char stricmp ();
| /* The GNU C library defines this for functions which it implements
|     to always fail with ENOSYS.  Some functions are actually named
|     something starting with __ and the normal name is an alias.  */
| #if defined __stub_stricmp || defined __stub___stricmp
| choke me
| #endif
| 
| int
| main ()
| {
| return stricmp ();
|   ;
|   return 0;
| }
configure:14147: result: no
configure:14147: checking for atexit
configure:14147: /usr/bin/gcc -o conftest -g -O2   conftest.c  >&5
configure:14147: $? = 0
configure:14147: result: yes
configure:14147: checking for raise
configure:14147: /usr/bin/gcc -o conftest -g -O2   conftest.c  >&5
configure:14147: $? = 0
configure:14147: result: yes
configure:14161: checking for strerror
configure:14161: /usr/bin/gcc -o conftest -g -O2   conftest.c  >&5
configure:14161: $? = 0
configure:14161: result: yes
configure:14161: checking for rand
configure:14161: /usr/bin/gcc -o conftest -g -O2   conftest.c  >&5
configure:14161: $? = 0
configure:14161: result: yes
configure:14161: checking for mmap
configure:14161: /usr/bin/gcc -o conftest -g -O2   conftest.c  >&5
configure:14161: $? = 0
configure:14161: result: yes
configure:14161: checking for getpagesize
configure:14161: /usr/bin/gcc -o conftest -g -O2   conftest.c  >&5
configure:14161: $? = 0
configure:14161: result: yes
configure:14161: checking for sysconf
configure:14161: /usr/bin/gcc -o conftest -g -O2   conftest.c  >&5
configure:14161: $? = 0
configure:14161: result: yes
configure:14161: checking for waitpid
configure:14161: /usr/bin/gcc -o conftest -g -O2   conftest.c  >&5
configure:14161: $? = 0
configure:14161: result: yes
configure:14161: checking for wait4
configure:14161: /usr/bin/gcc -o conftest -g -O2   conftest.c  >&5
configure:14161: $? = 0
configure:14161: result: yes
configure:14174: checking for gettimeofday
configure:14174: /usr/bin/gcc -o conftest -g -O2   conftest.c  >&5
configure:14174: $? = 0
configure:14174: result: yes
configure:14174: checking for getrusage
configure:14174: /usr/bin/gcc -o conftest -g -O2   conftest.c  >&5
configure:14174: $? = 0
configure:14174: result: yes
configure:14174: checking for gethrtime
configure:14174: /usr/bin/gcc -o conftest -g -O2   conftest.c  >&5
Undefined symbols:
  "_gethrtime", referenced from:
      _main in ccl5p6PG.o
ld: symbol(s) not found
collect2: ld returned 1 exit status
configure:14174: $? = 1
configure: failed program was:
| /* confdefs.h */
| #define PACKAGE_NAME "libgcrypt"
| #define PACKAGE_TARNAME "libgcrypt"
| #define PACKAGE_VERSION "1.5.0"
| #define PACKAGE_STRING "libgcrypt 1.5.0"
| #define PACKAGE_BUGREPORT "bug-libgcrypt@gnupg.org"
| #define PACKAGE_URL ""
| #define PACKAGE "libgcrypt"
| #define VERSION "1.5.0"
| #define PACKAGE "libgcrypt"
| #define VERSION "1.5.0"
| #define STDC_HEADERS 1
| #define HAVE_SYS_TYPES_H 1
| #define HAVE_SYS_STAT_H 1
| #define HAVE_STDLIB_H 1
| #define HAVE_STRING_H 1
| #define HAVE_MEMORY_H 1
| #define HAVE_STRINGS_H 1
| #define HAVE_INTTYPES_H 1
| #define HAVE_STDINT_H 1
| #define HAVE_UNISTD_H 1
| #define __EXTENSIONS__ 1
| #define _ALL_SOURCE 1
| #define _GNU_SOURCE 1
| #define _POSIX_PTHREAD_SEMANTICS 1
| #define _TANDEM_SOURCE 1
| #define HAVE_DLFCN_H 1
| #define LT_OBJDIR ".libs/"
| #define SIZEOF_UNSIGNED_SHORT 2
| #define SIZEOF_UNSIGNED_INT 4
| #define SIZEOF_UNSIGNED_LONG 4
| #define SIZEOF_UNSIGNED_LONG_LONG 8
| #define HAVE_UINTPTR_T 1
| #define EGD_SOCKET_NAME ""
| #define ENABLE_PADLOCK_SUPPORT 1
| #define ENABLE_AESNI_SUPPORT 1
| #define PRINTABLE_OS_NAME "Darwin"
| #define NAME_OF_DEV_RANDOM "/dev/random"
| #define NAME_OF_DEV_URANDOM "/dev/urandom"
| #define GPG_ERR_SOURCE_DEFAULT GPG_ERR_SOURCE_GCRYPT
| #define STDC_HEADERS 1
| #define HAVE_UNISTD_H 1
| #define HAVE_SYS_SELECT_H 1
| #define HAVE_SYS_MSG_H 1
| #define RETSIGTYPE void
| #define HAVE_DECL_SYS_SIGLIST 1
| #define HAVE_USHORT_TYPEDEF 1
| #define HAVE_SYS_SOCKET_H 1
| #define HAVE_VPRINTF 1
| #define HAVE_STPCPY 1
| #define HAVE_STRCASECMP 1
| #define HAVE_STRTOUL 1
| #define HAVE_MEMMOVE 1
| #define HAVE_ATEXIT 1
| #define HAVE_RAISE 1
| #define HAVE_STRERROR 1
| #define HAVE_RAND 1
| #define HAVE_MMAP 1
| #define HAVE_GETPAGESIZE 1
| #define HAVE_SYSCONF 1
| #define HAVE_WAITPID 1
| #define HAVE_WAIT4 1
| #define HAVE_GETTIMEOFDAY 1
| #define HAVE_GETRUSAGE 1
| /* end confdefs.h.  */
| /* Define gethrtime to an innocuous variant, in case <limits.h> declares gethrtime.
|    For example, HP-UX 11i <limits.h> declares gettimeofday.  */
| #define gethrtime innocuous_gethrtime
| 
| /* System header to define __stub macros and hopefully few prototypes,
|     which can conflict with char gethrtime (); below.
|     Prefer <limits.h> to <assert.h> if __STDC__ is defined, since
|     <limits.h> exists even on freestanding compilers.  */
| 
| #ifdef __STDC__
| # include <limits.h>
| #else
| # include <assert.h>
| #endif
| 
| #undef gethrtime
| 
| /* Override any GCC internal prototype to avoid an error.
|    Use char because int might match the return type of a GCC
|    builtin and then its argument prototype would still apply.  */
| #ifdef __cplusplus
| extern "C"
| #endif
| char gethrtime ();
| /* The GNU C library defines this for functions which it implements
|     to always fail with ENOSYS.  Some functions are actually named
|     something starting with __ and the normal name is an alias.  */
| #if defined __stub_gethrtime || defined __stub___gethrtime
| choke me
| #endif
| 
| int
| main ()
| {
| return gethrtime ();
|   ;
|   return 0;
| }
configure:14174: result: no
configure:14174: checking for clock_gettime
configure:14174: /usr/bin/gcc -o conftest -g -O2   conftest.c  >&5
Undefined symbols:
  "_clock_gettime", referenced from:
      _main in ccqGURK8.o
ld: symbol(s) not found
collect2: ld returned 1 exit status
configure:14174: $? = 1
configure: failed program was:
| /* confdefs.h */
| #define PACKAGE_NAME "libgcrypt"
| #define PACKAGE_TARNAME "libgcrypt"
| #define PACKAGE_VERSION "1.5.0"
| #define PACKAGE_STRING "libgcrypt 1.5.0"
| #define PACKAGE_BUGREPORT "bug-libgcrypt@gnupg.org"
| #define PACKAGE_URL ""
| #define PACKAGE "libgcrypt"
| #define VERSION "1.5.0"
| #define PACKAGE "libgcrypt"
| #define VERSION "1.5.0"
| #define STDC_HEADERS 1
| #define HAVE_SYS_TYPES_H 1
| #define HAVE_SYS_STAT_H 1
| #define HAVE_STDLIB_H 1
| #define HAVE_STRING_H 1
| #define HAVE_MEMORY_H 1
| #define HAVE_STRINGS_H 1
| #define HAVE_INTTYPES_H 1
| #define HAVE_STDINT_H 1
| #define HAVE_UNISTD_H 1
| #define __EXTENSIONS__ 1
| #define _ALL_SOURCE 1
| #define _GNU_SOURCE 1
| #define _POSIX_PTHREAD_SEMANTICS 1
| #define _TANDEM_SOURCE 1
| #define HAVE_DLFCN_H 1
| #define LT_OBJDIR ".libs/"
| #define SIZEOF_UNSIGNED_SHORT 2
| #define SIZEOF_UNSIGNED_INT 4
| #define SIZEOF_UNSIGNED_LONG 4
| #define SIZEOF_UNSIGNED_LONG_LONG 8
| #define HAVE_UINTPTR_T 1
| #define EGD_SOCKET_NAME ""
| #define ENABLE_PADLOCK_SUPPORT 1
| #define ENABLE_AESNI_SUPPORT 1
| #define PRINTABLE_OS_NAME "Darwin"
| #define NAME_OF_DEV_RANDOM "/dev/random"
| #define NAME_OF_DEV_URANDOM "/dev/urandom"
| #define GPG_ERR_SOURCE_DEFAULT GPG_ERR_SOURCE_GCRYPT
| #define STDC_HEADERS 1
| #define HAVE_UNISTD_H 1
| #define HAVE_SYS_SELECT_H 1
| #define HAVE_SYS_MSG_H 1
| #define RETSIGTYPE void
| #define HAVE_DECL_SYS_SIGLIST 1
| #define HAVE_USHORT_TYPEDEF 1
| #define HAVE_SYS_SOCKET_H 1
| #define HAVE_VPRINTF 1
| #define HAVE_STPCPY 1
| #define HAVE_STRCASECMP 1
| #define HAVE_STRTOUL 1
| #define HAVE_MEMMOVE 1
| #define HAVE_ATEXIT 1
| #define HAVE_RAISE 1
| #define HAVE_STRERROR 1
| #define HAVE_RAND 1
| #define HAVE_MMAP 1
| #define HAVE_GETPAGESIZE 1
| #define HAVE_SYSCONF 1
| #define HAVE_WAITPID 1
| #define HAVE_WAIT4 1
| #define HAVE_GETTIMEOFDAY 1
| #define HAVE_GETRUSAGE 1
| /* end confdefs.h.  */
| /* Define clock_gettime to an innocuous variant, in case <limits.h> declares clock_gettime.
|    For example, HP-UX 11i <limits.h> declares gettimeofday.  */
| #define clock_gettime innocuous_clock_gettime
| 
| /* System header to define __stub macros and hopefully few prototypes,
|     which can conflict with char clock_gettime (); below.
|     Prefer <limits.h> to <assert.h> if __STDC__ is defined, since
|     <limits.h> exists even on freestanding compilers.  */
| 
| #ifdef __STDC__
| # include <limits.h>
| #else
| # include <assert.h>
| #endif
| 
| #undef clock_gettime
| 
| /* Override any GCC internal prototype to avoid an error.
|    Use char because int might match the return type of a GCC
|    builtin and then its argument prototype would still apply.  */
| #ifdef __cplusplus
| extern "C"
| #endif
| char clock_gettime ();
| /* The GNU C library defines this for functions which it implements
|     to always fail with ENOSYS.  Some functions are actually named
|     something starting with __ and the normal name is an alias.  */
| #if defined __stub_clock_gettime || defined __stub___clock_gettime
| choke me
| #endif
| 
| int
| main ()
| {
| return clock_gettime ();
|   ;
|   return 0;
| }
configure:14174: result: no
configure:14174: checking for syslog
configure:14174: /usr/bin/gcc -o conftest -g -O2   conftest.c  >&5
configure:14174: $? = 0
configure:14174: result: yes
configure:14187: checking for fcntl
configure:14187: /usr/bin/gcc -o conftest -g -O2   conftest.c  >&5
configure:14187: $? = 0
configure:14187: result: yes
configure:14187: checking for ftruncate
configure:14187: /usr/bin/gcc -o conftest -g -O2   conftest.c  >&5
configure:14187: $? = 0
configure:14187: result: yes
configure:14200: checking for mlock
configure:14200: /usr/bin/gcc -o conftest -g -O2   conftest.c  >&5
configure:14200: $? = 0
configure:14200: result: yes
configure:14324: checking for sysconf
configure:14324: result: yes
configure:14324: checking for getpagesize
configure:14324: result: yes
configure:14334: checking whether mlock is broken
configure:14384: /usr/bin/gcc -o conftest -g -O2   conftest.c  >&5
configure:14384: $? = 0
configure:14384: ./conftest
configure:14384: $? = 0
configure:14404: result: no
configure:14420: checking for getpid
configure:14420: /usr/bin/gcc -o conftest -g -O2   conftest.c  >&5
configure:14420: $? = 0
configure:14420: result: yes
configure:14420: checking for clock
configure:14420: /usr/bin/gcc -o conftest -g -O2   conftest.c  >&5
configure:14420: $? = 0
configure:14420: result: yes
configure:14602: checking for random device
configure:14610: result: yes
configure:14682: checking for _ prefix in compiled symbols
configure:14692: /usr/bin/gcc -c -g -O2  conftest.c >&5
configure:14695: $? = 0
configure:14699: /usr/bin/nm -p conftest.o \| sed -n -e 's/^.*[	 ]\([BCDEGRST][BCDEGRST]*\)[	 ][	 ]*_\([_A-Za-z][_A-Za-z0-9]*\)$/\1 _\2 \2/p' \| cut -d \' \' -f 2 \> conftest.nm
configure:14702: $? = 0
configure:14729: result: yes
configure:14744: checking for mpi assembler functions
configure:14751: result: done
configure:15011: checking whether non excutable stack support is requested
configure:15020: result: yes
configure:15023: checking whether assembler supports --noexecstack option
configure:15033: /usr/bin/gcc -g -O2 -Wall 
                     -S -o conftest.s conftest.c >/dev/null
configure:15036: $? = 0
configure:15053: result: no
configure:15836: creating ./config.status

## ---------------------- ##
## Running config.status. ##
## ---------------------- ##

This file was extended by libgcrypt config.status 1.5.0, which was
generated by GNU Autoconf 2.64.  Invocation command line was

  CONFIG_FILES    = 
  CONFIG_HEADERS  = 
  CONFIG_LINKS    = 
  CONFIG_COMMANDS = 
  $ ./config.status 

on Chriss-iPad

config.status:1298: creating Makefile
config.status:1298: creating m4/Makefile
config.status:1298: creating compat/Makefile
config.status:1298: creating mpi/Makefile
config.status:1298: creating cipher/Makefile
config.status:1298: creating random/Makefile
config.status:1298: creating doc/Makefile
config.status:1298: creating src/Makefile
config.status:1298: creating src/gcrypt.h
config.status:1298: creating src/libgcrypt-config
config.status:1298: creating src/versioninfo.rc
config.status:1298: creating tests/Makefile
config.status:1298: creating config.h
config.status:1530: linking mpi/generic/mpih-add1.c to mpi/mpih-add1.c
config.status:1530: linking mpi/generic/mpih-sub1.c to mpi/mpih-sub1.c
config.status:1530: linking mpi/generic/mpih-mul1.c to mpi/mpih-mul1.c
config.status:1530: linking mpi/generic/mpih-mul2.c to mpi/mpih-mul2.c
config.status:1530: linking mpi/generic/mpih-mul3.c to mpi/mpih-mul3.c
config.status:1530: linking mpi/generic/mpih-lshift.c to mpi/mpih-lshift.c
config.status:1530: linking mpi/generic/mpih-rshift.c to mpi/mpih-rshift.c
config.status:1530: linking mpi/generic/mpi-asm-defs.h to mpi/mpi-asm-defs.h
config.status:1549: executing depfiles commands
config.status:1549: executing libtool commands
config.status:1549: executing gcrypt-conf commands

## ---------------- ##
## Cache variables. ##
## ---------------- ##

ac_cv_build=arm-apple-darwin10.4.0
ac_cv_c_bigendian=no
ac_cv_c_compiler_gnu=yes
ac_cv_c_const=yes
ac_cv_c_inline=inline
ac_cv_env_CCASFLAGS_set=
ac_cv_env_CCASFLAGS_value=
ac_cv_env_CCAS_set=
ac_cv_env_CCAS_value=
ac_cv_env_CC_set=set
ac_cv_env_CC_value=/usr/bin/gcc
ac_cv_env_CFLAGS_set=
ac_cv_env_CFLAGS_value=
ac_cv_env_CPPFLAGS_set=
ac_cv_env_CPPFLAGS_value=
ac_cv_env_CPP_set=
ac_cv_env_CPP_value=
ac_cv_env_LDFLAGS_set=
ac_cv_env_LDFLAGS_value=
ac_cv_env_LIBS_set=
ac_cv_env_LIBS_value=
ac_cv_env_build_alias_set=
ac_cv_env_build_alias_value=
ac_cv_env_host_alias_set=
ac_cv_env_host_alias_value=
ac_cv_env_target_alias_set=
ac_cv_env_target_alias_value=
ac_cv_func__doprnt=no
ac_cv_func_atexit=yes
ac_cv_func_clock=yes
ac_cv_func_clock_gettime=no
ac_cv_func_fcntl=yes
ac_cv_func_ftruncate=yes
ac_cv_func_gethrtime=no
ac_cv_func_getpagesize=yes
ac_cv_func_getpid=yes
ac_cv_func_getrusage=yes
ac_cv_func_gettimeofday=yes
ac_cv_func_memmove=yes
ac_cv_func_mlock=yes
ac_cv_func_mmap=yes
ac_cv_func_raise=yes
ac_cv_func_rand=yes
ac_cv_func_stpcpy=yes
ac_cv_func_strcasecmp=yes
ac_cv_func_strerror=yes
ac_cv_func_stricmp=no
ac_cv_func_strtoul=yes
ac_cv_func_sysconf=yes
ac_cv_func_syslog=yes
ac_cv_func_vprintf=yes
ac_cv_func_wait4=yes
ac_cv_func_waitpid=yes
ac_cv_have_decl_sys_siglist=yes
ac_cv_have_dev_random=yes
ac_cv_header_dlfcn_h=yes
ac_cv_header_inttypes_h=yes
ac_cv_header_memory_h=yes
ac_cv_header_minix_config_h=no
ac_cv_header_stdc=yes
ac_cv_header_stdint_h=yes
ac_cv_header_stdlib_h=yes
ac_cv_header_string_h=yes
ac_cv_header_strings_h=yes
ac_cv_header_sys_msg_h=yes
ac_cv_header_sys_select_h=yes
ac_cv_header_sys_socket_h=yes
ac_cv_header_sys_stat_h=yes
ac_cv_header_sys_types_h=yes
ac_cv_header_unistd_h=yes
ac_cv_host=arm-apple-darwin10.4.0
ac_cv_mpi_sflags=
ac_cv_objext=o
ac_cv_path_EGREP='/bin/grep -E'
ac_cv_path_FGREP='/bin/grep -F'
ac_cv_path_GREP=/bin/grep
ac_cv_path_SED=/bin/sed
ac_cv_path_ac_pt_GPG_ERROR_CONFIG=/usr/local/bin/gpg-error-config
ac_cv_path_install='/usr/bin/install -c'
ac_cv_path_mkdir=/bin/mkdir
ac_cv_prog_AWK=gawk
ac_cv_prog_CPP='/usr/bin/gcc -E'
ac_cv_prog_ac_ct_AR=ar
ac_cv_prog_ac_ct_CC=/usr/bin/gcc
ac_cv_prog_ac_ct_LIPO=lipo
ac_cv_prog_ac_ct_NMEDIT=nmedit
ac_cv_prog_ac_ct_OBJDUMP=objdump
ac_cv_prog_ac_ct_OTOOL64=otool64
ac_cv_prog_ac_ct_OTOOL=otool
ac_cv_prog_ac_ct_RANLIB=ranlib
ac_cv_prog_ac_ct_STRIP=strip
ac_cv_prog_cc__usr_bin_gcc_c_o=yes
ac_cv_prog_cc_c89=
ac_cv_prog_cc_g=yes
ac_cv_prog_make_make_set=yes
ac_cv_safe_to_define___extensions__=yes
ac_cv_search_setsockopt='none required'
ac_cv_search_strerror='none required'
ac_cv_sizeof_unsigned_int=4
ac_cv_sizeof_unsigned_long=4
ac_cv_sizeof_unsigned_long_long=8
ac_cv_sizeof_unsigned_short=2
ac_cv_sys_symbol_underscore=yes
ac_cv_type_pid_t=yes
ac_cv_type_signal=void
ac_cv_type_size_t=yes
ac_cv_type_socklen_t=yes
ac_cv_type_uintptr_t=yes
am_cv_CCAS_dependencies_compiler_type=gcc3
am_cv_CC_dependencies_compiler_type=gcc3
cl_cv_as_noexecstack=no
gcry_cv_visibility_attribute=no
gnupg_cv_have_broken_mlock=no
gnupg_cv_typedef_byte=no
gnupg_cv_typedef_u16=no
gnupg_cv_typedef_u32=no
gnupg_cv_typedef_ulong=no
gnupg_cv_typedef_ushort=yes
lt_cv_apple_cc_single_mod=yes
lt_cv_deplibs_check_method=pass_all
lt_cv_file_magic_cmd='$MAGIC_CMD'
lt_cv_file_magic_test_file=
lt_cv_ld_exported_symbols_list=yes
lt_cv_ld_reload_flag=-r
lt_cv_nm_interface='BSD nm'
lt_cv_objdir=.libs
lt_cv_path_LD=/usr/bin/ld
lt_cv_path_NM='/usr/bin/nm -p'
lt_cv_prog_compiler_c_o=yes
lt_cv_prog_compiler_c_o_RC=yes
lt_cv_prog_compiler_pic_works=yes
lt_cv_prog_compiler_rtti_exceptions=no
lt_cv_prog_compiler_static_works=no
lt_cv_prog_gnu_ld=no
lt_cv_sys_global_symbol_pipe='sed -n -e '\''s/^.*[	 ]\([BCDEGRST][BCDEGRST]*\)[	 ][	 ]*_\([_A-Za-z][_A-Za-z0-9]*\)$/\1 _\2 \2/p'\'''
lt_cv_sys_global_symbol_to_c_name_address='sed -n -e '\''s/^: \([^ ]*\) $/  {\"\1\", (void *) 0},/p'\'' -e '\''s/^[BCDEGRST]* \([^ ]*\) \([^ ]*\)$/  {"\2", (void *) \&\2},/p'\'''
lt_cv_sys_global_symbol_to_c_name_address_lib_prefix='sed -n -e '\''s/^: \([^ ]*\) $/  {\"\1\", (void *) 0},/p'\'' -e '\''s/^[BCDEGRST]* \([^ ]*\) \(lib[^ ]*\)$/  {"\2", (void *) \&\2},/p'\'' -e '\''s/^[BCDEGRST]* \([^ ]*\) \([^ ]*\)$/  {"lib\2", (void *) \&\2},/p'\'''
lt_cv_sys_global_symbol_to_cdecl='sed -n -e '\''s/^T .* \(.*\)$/extern int \1();/p'\'' -e '\''s/^[BCDEGRST]* .* \(.*\)$/extern char \1;/p'\'''
lt_cv_sys_max_cmd_len=196608

## ----------------- ##
## Output variables. ##
## ----------------- ##

ACLOCAL='${SHELL} /home/chris/libgcrypt-1.5.0/missing --run aclocal-1.11'
AMDEPBACKSLASH='\'
AMDEP_FALSE='#'
AMDEP_TRUE=''
AMTAR='${SHELL} /home/chris/libgcrypt-1.5.0/missing --run tar'
AR='ar'
AS='as'
AUTOCONF='${SHELL} /home/chris/libgcrypt-1.5.0/missing --run autoconf'
AUTOHEADER='${SHELL} /home/chris/libgcrypt-1.5.0/missing --run autoheader'
AUTOMAKE='${SHELL} /home/chris/libgcrypt-1.5.0/missing --run automake-1.11'
AWK='gawk'
BUILD_FILEVERSION=''
BUILD_REVISION='41756'
BUILD_TIMESTAMP=''
CC='/usr/bin/gcc'
CCAS='/usr/bin/gcc'
CCASDEPMODE='depmode=gcc3'
CCASFLAGS='-g -O2'
CCDEPMODE='depmode=gcc3'
CFLAGS='-g -O2 -Wall'
CPP='/usr/bin/gcc -E'
CPPFLAGS=''
CROSS_COMPILING_FALSE=''
CROSS_COMPILING_TRUE='#'
CYGPATH_W='echo'
DEFS='-DHAVE_CONFIG_H'
DEPDIR='.deps'
DLLTOOL='dlltool'
DL_LIBS=''
DSYMUTIL=':'
DUMPBIN=''
ECHO_C=''
ECHO_N='-n'
ECHO_T=''
EGREP='/bin/grep -E'
ENABLE_O_FLAG_MUNGING_FALSE='#'
ENABLE_O_FLAG_MUNGING_TRUE=''
EXEEXT=''
FALLBACK_SOCKLEN_T='typedef socklen_t gcry_socklen_t;'
FGREP='/bin/grep -F'
GCRYPT_CIPHERS=' arcfour.lo blowfish.lo cast5.lo des.lo rijndael.lo twofish.lo serpent.lo rfc2268.lo seed.lo camellia.lo camellia-glue.lo'
GCRYPT_DIGESTS=' crc.lo md4.lo md5.lo sha256.lo sha512.lo tiger.lo whirlpool.lo rmd160.lo sha1.lo'
GCRYPT_PUBKEY_CIPHERS=' dsa.lo rsa.lo elgamal.lo ecc.lo'
GCRYPT_RANDOM=' rndlinux.lo'
GPG_ERROR_CFLAGS='-I/usr/local/include'
GPG_ERROR_CONFIG='/usr/local/bin/gpg-error-config'
GPG_ERROR_LIBS='-L/usr/local/lib -lgpg-error'
GREP='/bin/grep'
HAVE_LD_VERSION_SCRIPT_FALSE=''
HAVE_LD_VERSION_SCRIPT_TRUE='#'
HAVE_W32CE_SYSTEM_FALSE=''
HAVE_W32CE_SYSTEM_TRUE='#'
HAVE_W32_SYSTEM_FALSE=''
HAVE_W32_SYSTEM_TRUE='#'
INSERT_SYS_SELECT_H=' include <sys/select.h>'
INSTALL_DATA='${INSTALL} -m 644'
INSTALL_PROGRAM='${INSTALL}'
INSTALL_SCRIPT='${INSTALL}'
INSTALL_STRIP_PROGRAM='$(install_sh) -c -s'
LD='/usr/bin/ld'
LDFLAGS=''
LIBGCRYPT_CIPHERS='arcfour blowfish cast5 des aes twofish serpent rfc2268 seed camellia'
LIBGCRYPT_CONFIG_API_VERSION='1'
LIBGCRYPT_CONFIG_CFLAGS=''
LIBGCRYPT_CONFIG_HOST='arm-apple-darwin10.4.0'
LIBGCRYPT_CONFIG_LIBS='-lgcrypt'
LIBGCRYPT_DIGESTS='crc md4 md5 rmd160 sha1 sha256 sha512 tiger whirlpool'
LIBGCRYPT_LT_AGE='7'
LIBGCRYPT_LT_CURRENT='18'
LIBGCRYPT_LT_REVISION='0'
LIBGCRYPT_PUBKEY_CIPHERS='dsa elgamal rsa ecc'
LIBGCRYPT_THREAD_MODULES=''
LIBOBJS=''
LIBS=''
LIBTOOL='$(SHELL) $(top_builddir)/libtool'
LIPO='lipo'
LN_S='ln -s'
LTLIBOBJS=''
MAINT='#'
MAINTAINER_MODE_FALSE=''
MAINTAINER_MODE_TRUE='#'
MAKEINFO='${SHELL} /home/chris/libgcrypt-1.5.0/missing --run makeinfo'
MKDIR_P='/bin/mkdir -p'
MPI_MOD_ASM_MPIH_ADD1_FALSE=''
MPI_MOD_ASM_MPIH_ADD1_TRUE='#'
MPI_MOD_ASM_MPIH_LSHIFT_FALSE=''
MPI_MOD_ASM_MPIH_LSHIFT_TRUE='#'
MPI_MOD_ASM_MPIH_MUL1_FALSE=''
MPI_MOD_ASM_MPIH_MUL1_TRUE='#'
MPI_MOD_ASM_MPIH_MUL2_FALSE=''
MPI_MOD_ASM_MPIH_MUL2_TRUE='#'
MPI_MOD_ASM_MPIH_MUL3_FALSE=''
MPI_MOD_ASM_MPIH_MUL3_TRUE='#'
MPI_MOD_ASM_MPIH_RSHIFT_FALSE=''
MPI_MOD_ASM_MPIH_RSHIFT_TRUE='#'
MPI_MOD_ASM_MPIH_SUB1_FALSE=''
MPI_MOD_ASM_MPIH_SUB1_TRUE='#'
MPI_MOD_ASM_UDIV_FALSE=''
MPI_MOD_ASM_UDIV_QRNND_FALSE=''
MPI_MOD_ASM_UDIV_QRNND_TRUE='#'
MPI_MOD_ASM_UDIV_TRUE='#'
MPI_MOD_C_MPIH_ADD1_FALSE='#'
MPI_MOD_C_MPIH_ADD1_TRUE=''
MPI_MOD_C_MPIH_LSHIFT_FALSE='#'
MPI_MOD_C_MPIH_LSHIFT_TRUE=''
MPI_MOD_C_MPIH_MUL1_FALSE='#'
MPI_MOD_C_MPIH_MUL1_TRUE=''
MPI_MOD_C_MPIH_MUL2_FALSE='#'
MPI_MOD_C_MPIH_MUL2_TRUE=''
MPI_MOD_C_MPIH_MUL3_FALSE='#'
MPI_MOD_C_MPIH_MUL3_TRUE=''
MPI_MOD_C_MPIH_RSHIFT_FALSE='#'
MPI_MOD_C_MPIH_RSHIFT_TRUE=''
MPI_MOD_C_MPIH_SUB1_FALSE='#'
MPI_MOD_C_MPIH_SUB1_TRUE=''
MPI_MOD_C_UDIV_FALSE=''
MPI_MOD_C_UDIV_QRNND_FALSE=''
MPI_MOD_C_UDIV_QRNND_TRUE='#'
MPI_MOD_C_UDIV_TRUE='#'
MPI_SFLAGS=''
NM='/usr/bin/nm -p'
NMEDIT='nmedit'
NOEXECSTACK_FLAGS=''
OBJDUMP='objdump'
OBJEXT='o'
OTOOL64='otool64'
OTOOL='otool'
PACKAGE='libgcrypt'
PACKAGE_BUGREPORT='bug-libgcrypt@gnupg.org'
PACKAGE_NAME='libgcrypt'
PACKAGE_STRING='libgcrypt 1.5.0'
PACKAGE_TARNAME='libgcrypt'
PACKAGE_URL=''
PACKAGE_VERSION='1.5.0'
PATH_SEPARATOR=':'
PTH_CFLAGS=''
PTH_CONFIG=''
PTH_LIBS=''
RANLIB='ranlib'
RC=''
SED='/bin/sed'
SET_MAKE=''
SHELL='/bin/sh'
STRIP='strip'
SYS_SOCKET_H=''
USE_RANDOM_DAEMON_FALSE=''
USE_RANDOM_DAEMON_TRUE='#'
VERSION='1.5.0'
ac_ct_CC='/usr/bin/gcc'
ac_ct_DUMPBIN=''
am__EXEEXT_FALSE=''
am__EXEEXT_TRUE='#'
am__fastdepCCAS_FALSE='#'
am__fastdepCCAS_TRUE=''
am__fastdepCC_FALSE='#'
am__fastdepCC_TRUE=''
am__include='include'
am__isrc=''
am__leading_dot='.'
am__quote=''
am__tar='${AMTAR} chof - "$$tardir"'
am__untar='${AMTAR} xf -'
bindir='${exec_prefix}/bin'
build='arm-apple-darwin10.4.0'
build_alias=''
build_cpu='arm'
build_os='darwin10.4.0'
build_vendor='apple'
datadir='${datarootdir}'
datarootdir='${prefix}/share'
docdir='${datarootdir}/doc/${PACKAGE_TARNAME}'
dvidir='${docdir}'
emacs_local_vars_begin='Local Variables:'
emacs_local_vars_end='End:'
emacs_local_vars_read_only='buffer-read-only: t'
exec_prefix='${prefix}'
host='arm-apple-darwin10.4.0'
host_alias=''
host_cpu='arm'
host_os='darwin10.4.0'
host_vendor='apple'
htmldir='${docdir}'
includedir='${prefix}/include'
infodir='${datarootdir}/info'
install_sh='${SHELL} /home/chris/libgcrypt-1.5.0/install-sh'
libdir='${exec_prefix}/lib'
libexecdir='${exec_prefix}/libexec'
localedir='${datarootdir}/locale'
localstatedir='${prefix}/var'
lt_ECHO='echo'
mandir='${datarootdir}/man'
mkdir_p='/bin/mkdir -p'
oldincludedir='/usr/include'
pdfdir='${docdir}'
prefix='/usr/local'
program_transform_name='s,x,x,'
psdir='${docdir}'
sbindir='${exec_prefix}/sbin'
sharedstatedir='${prefix}/com'
sysconfdir='${prefix}/etc'
target_alias=''

## ----------- ##
## confdefs.h. ##
## ----------- ##

/* confdefs.h */
#define PACKAGE_NAME "libgcrypt"
#define PACKAGE_TARNAME "libgcrypt"
#define PACKAGE_VERSION "1.5.0"
#define PACKAGE_STRING "libgcrypt 1.5.0"
#define PACKAGE_BUGREPORT "bug-libgcrypt@gnupg.org"
#define PACKAGE_URL ""
#define PACKAGE "libgcrypt"
#define VERSION "1.5.0"
#define PACKAGE "libgcrypt"
#define VERSION "1.5.0"
#define STDC_HEADERS 1
#define HAVE_SYS_TYPES_H 1
#define HAVE_SYS_STAT_H 1
#define HAVE_STDLIB_H 1
#define HAVE_STRING_H 1
#define HAVE_MEMORY_H 1
#define HAVE_STRINGS_H 1
#define HAVE_INTTYPES_H 1
#define HAVE_STDINT_H 1
#define HAVE_UNISTD_H 1
#define __EXTENSIONS__ 1
#define _ALL_SOURCE 1
#define _GNU_SOURCE 1
#define _POSIX_PTHREAD_SEMANTICS 1
#define _TANDEM_SOURCE 1
#define HAVE_DLFCN_H 1
#define LT_OBJDIR ".libs/"
#define SIZEOF_UNSIGNED_SHORT 2
#define SIZEOF_UNSIGNED_INT 4
#define SIZEOF_UNSIGNED_LONG 4
#define SIZEOF_UNSIGNED_LONG_LONG 8
#define HAVE_UINTPTR_T 1
#define EGD_SOCKET_NAME ""
#define ENABLE_PADLOCK_SUPPORT 1
#define ENABLE_AESNI_SUPPORT 1
#define PRINTABLE_OS_NAME "Darwin"
#define NAME_OF_DEV_RANDOM "/dev/random"
#define NAME_OF_DEV_URANDOM "/dev/urandom"
#define GPG_ERR_SOURCE_DEFAULT GPG_ERR_SOURCE_GCRYPT
#define STDC_HEADERS 1
#define HAVE_UNISTD_H 1
#define HAVE_SYS_SELECT_H 1
#define HAVE_SYS_MSG_H 1
#define RETSIGTYPE void
#define HAVE_DECL_SYS_SIGLIST 1
#define HAVE_USHORT_TYPEDEF 1
#define HAVE_SYS_SOCKET_H 1
#define HAVE_VPRINTF 1
#define HAVE_STPCPY 1
#define HAVE_STRCASECMP 1
#define HAVE_STRTOUL 1
#define HAVE_MEMMOVE 1
#define HAVE_ATEXIT 1
#define HAVE_RAISE 1
#define HAVE_STRERROR 1
#define HAVE_RAND 1
#define HAVE_MMAP 1
#define HAVE_GETPAGESIZE 1
#define HAVE_SYSCONF 1
#define HAVE_WAITPID 1
#define HAVE_WAIT4 1
#define HAVE_GETTIMEOFDAY 1
#define HAVE_GETRUSAGE 1
#define HAVE_SYSLOG 1
#define HAVE_FCNTL 1
#define HAVE_FTRUNCATE 1
#define HAVE_MLOCK 1
#define HAVE_SYSCONF 1
#define HAVE_GETPAGESIZE 1
#define HAVE_GETPID 1
#define HAVE_CLOCK 1
#define HAVE_DEV_RANDOM 1
#define WITH_SYMBOL_UNDERSCORE 1
#define USE_ARCFOUR 1
#define USE_BLOWFISH 1
#define USE_CAST5 1
#define USE_DES 1
#define USE_AES 1
#define USE_TWOFISH 1
#define USE_SERPENT 1
#define USE_RFC2268 1
#define USE_SEED 1
#define USE_CAMELLIA 1
#define USE_DSA 1
#define USE_RSA 1
#define USE_ELGAMAL 1
#define USE_ECC 1
#define USE_CRC 1
#define USE_MD4 1
#define USE_MD5 1
#define USE_SHA256 1
#define USE_SHA512 1
#define USE_TIGER 1
#define USE_WHIRLPOOL 1
#define USE_RMD160 1
#define USE_SHA1 1
#define USE_RNDLINUX 1
#define LIBGCRYPT_CIPHERS "arcfour:blowfish:cast5:des:aes:twofish:serpent:rfc2268:seed:camellia"
#define LIBGCRYPT_PUBKEY_CIPHERS "dsa:elgamal:rsa:ecc"
#define LIBGCRYPT_DIGESTS "crc:md4:md5:rmd160:sha1:sha256:sha512:tiger:whirlpool"
#define BUILD_REVISION "41756"

configure: exit 0
